4672.173	DISPLAY_SCREEN[1]	LOADING RESOURCE SURFACE FROM DISK
580809.742	Familiarization_Phase.SEQUENCE.Cue_and_Instruction	LOADING RESOURCE SURFACE FROM DISK
580813.739	Familiarization_Phase.SEQUENCE.Cue_and_Instruction	LOADING RESOURCE SURFACE FROM DISK
586851.76	Familiarization_Phase.SEQUENCE.Cue_and_Instruction	LOADING RESOURCE SURFACE FROM DISK
586855.91	Familiarization_Phase.SEQUENCE.Cue_and_Instruction	LOADING RESOURCE SURFACE FROM DISK
592902.069	Familiarization_Phase.SEQUENCE.Cue_and_Instruction	LOADING RESOURCE SURFACE FROM DISK
592906.342	Familiarization_Phase.SEQUENCE.Cue_and_Instruction	LOADING RESOURCE SURFACE FROM DISK
635034.495	DISPLAY_SCREEN[3]	LOADING RESOURCE SURFACE FROM DISK
733835.153	DISPLAY_SCREEN[5]	LOADING RESOURCE SURFACE FROM DISK
795109.434	Practice_Phase.SEQUENCE.Blink_Screen	LOADING RESOURCE SURFACE FROM DISK
796313.724	Practice_Phase.SEQUENCE.Luminance_Cue[1]	LOADING RESOURCE SURFACE FROM DISK
796315.993	Practice_Phase.SEQUENCE.Luminance_Cue[1]	LOADING RESOURCE SURFACE FROM DISK
796813.443	Practice_Phase.SEQUENCE.Practice_Instruction	LOADING RESOURCE SURFACE FROM DISK
796815.706	Practice_Phase.SEQUENCE.Practice_Instruction	LOADING RESOURCE SURFACE FROM DISK
800313.407	Practice_Phase.SEQUENCE.Action_cue[1]	LOADING RESOURCE SURFACE FROM DISK
804896.699	Practice_Phase.SEQUENCE.Practice_Instruction	LOADING RESOURCE SURFACE FROM DISK
804899.07	Practice_Phase.SEQUENCE.Practice_Instruction	LOADING RESOURCE SURFACE FROM DISK
812963.434	Practice_Phase.SEQUENCE.Practice_Instruction	LOADING RESOURCE SURFACE FROM DISK
812965.788	Practice_Phase.SEQUENCE.Practice_Instruction	LOADING RESOURCE SURFACE FROM DISK
821030.043	Practice_Phase.SEQUENCE.Practice_Instruction	LOADING RESOURCE SURFACE FROM DISK
821032.416	Practice_Phase.SEQUENCE.Practice_Instruction	LOADING RESOURCE SURFACE FROM DISK
829096.438	Practice_Phase.SEQUENCE.Practice_Instruction	LOADING RESOURCE SURFACE FROM DISK
829098.935	Practice_Phase.SEQUENCE.Practice_Instruction	LOADING RESOURCE SURFACE FROM DISK
837163.627	Practice_Phase.SEQUENCE.Practice_Instruction	LOADING RESOURCE SURFACE FROM DISK
837165.993	Practice_Phase.SEQUENCE.Practice_Instruction	LOADING RESOURCE SURFACE FROM DISK
845230.062	Practice_Phase.SEQUENCE.Practice_Instruction	LOADING RESOURCE SURFACE FROM DISK
845232.388	Practice_Phase.SEQUENCE.Practice_Instruction	LOADING RESOURCE SURFACE FROM DISK
853296.57	Practice_Phase.SEQUENCE.Practice_Instruction	LOADING RESOURCE SURFACE FROM DISK
853298.912	Practice_Phase.SEQUENCE.Practice_Instruction	LOADING RESOURCE SURFACE FROM DISK
861363.306	Practice_Phase.SEQUENCE.Practice_Instruction	LOADING RESOURCE SURFACE FROM DISK
861365.857	Practice_Phase.SEQUENCE.Practice_Instruction	LOADING RESOURCE SURFACE FROM DISK
867526.339	DISPLAY_SCREEN[2]	LOADING RESOURCE SURFACE FROM DISK
1004555.329	Study_Phase.SEQUENCE.Study_Instruction	LOADING RESOURCE SURFACE FROM DISK
1004557.472	Study_Phase.SEQUENCE.Study_Instruction	LOADING RESOURCE SURFACE FROM DISK
1012838.81	Study_Phase.SEQUENCE.Study_Instruction	LOADING RESOURCE SURFACE FROM DISK
1012841.101	Study_Phase.SEQUENCE.Study_Instruction	LOADING RESOURCE SURFACE FROM DISK
1021122.042	Study_Phase.SEQUENCE.Study_Instruction	LOADING RESOURCE SURFACE FROM DISK
1021124.332	Study_Phase.SEQUENCE.Study_Instruction	LOADING RESOURCE SURFACE FROM DISK
1029405.294	Study_Phase.SEQUENCE.Study_Instruction	LOADING RESOURCE SURFACE FROM DISK
1029407.583	Study_Phase.SEQUENCE.Study_Instruction	LOADING RESOURCE SURFACE FROM DISK
1037686.235	Study_Phase.SEQUENCE.Study_Instruction	LOADING RESOURCE SURFACE FROM DISK
1045918.28	Study_Phase.SEQUENCE.Study_Instruction	LOADING RESOURCE SURFACE FROM DISK
1054184.954	Study_Phase.SEQUENCE.Study_Instruction	LOADING RESOURCE SURFACE FROM DISK
1062455.534	Study_Phase.SEQUENCE.Study_Instruction	LOADING RESOURCE SURFACE FROM DISK
1062457.758	Study_Phase.SEQUENCE.Study_Instruction	LOADING RESOURCE SURFACE FROM DISK
1070736.099	Study_Phase.SEQUENCE.Study_Instruction	LOADING RESOURCE SURFACE FROM DISK
1079005.37	Study_Phase.SEQUENCE.Study_Instruction	LOADING RESOURCE SURFACE FROM DISK
1079007.576	Study_Phase.SEQUENCE.Study_Instruction	LOADING RESOURCE SURFACE FROM DISK
1087286.188	Study_Phase.SEQUENCE.Study_Instruction	LOADING RESOURCE SURFACE FROM DISK
1095555.518	Study_Phase.SEQUENCE.Study_Instruction	LOADING RESOURCE SURFACE FROM DISK
1095557.68	Study_Phase.SEQUENCE.Study_Instruction	LOADING RESOURCE SURFACE FROM DISK
1103819.586	Study_Phase.SEQUENCE.Study_Instruction	LOADING RESOURCE SURFACE FROM DISK
1112088.676	Study_Phase.SEQUENCE.Study_Instruction	LOADING RESOURCE SURFACE FROM DISK
1112090.798	Study_Phase.SEQUENCE.Study_Instruction	LOADING RESOURCE SURFACE FROM DISK
1120369.379	Study_Phase.SEQUENCE.Study_Instruction	LOADING RESOURCE SURFACE FROM DISK
1128622.15	Study_Phase.SEQUENCE.Study_Instruction	LOADING RESOURCE SURFACE FROM DISK
1128624.29	Study_Phase.SEQUENCE.Study_Instruction	LOADING RESOURCE SURFACE FROM DISK
1136901.637	Study_Phase.SEQUENCE.Study_Instruction	LOADING RESOURCE SURFACE FROM DISK
1145171.882	Study_Phase.SEQUENCE.Study_Instruction	LOADING RESOURCE SURFACE FROM DISK
1145174.232	Study_Phase.SEQUENCE.Study_Instruction	LOADING RESOURCE SURFACE FROM DISK
1153451.759	Study_Phase.SEQUENCE.Study_Instruction	LOADING RESOURCE SURFACE FROM DISK
1161718.331	Study_Phase.SEQUENCE.Study_Instruction	LOADING RESOURCE SURFACE FROM DISK
1169988.702	Study_Phase.SEQUENCE.Study_Instruction	LOADING RESOURCE SURFACE FROM DISK
1169990.965	Study_Phase.SEQUENCE.Study_Instruction	LOADING RESOURCE SURFACE FROM DISK
1178334.978	Study_Phase.SEQUENCE.Study_Instruction	LOADING RESOURCE SURFACE FROM DISK
1186605.598	Study_Phase.SEQUENCE.Study_Instruction	LOADING RESOURCE SURFACE FROM DISK
1186644.798	Study_Phase.SEQUENCE.Study_Instruction	LOADING RESOURCE SURFACE FROM DISK
1194919.438	Study_Phase.SEQUENCE.Study_Instruction	LOADING RESOURCE SURFACE FROM DISK
1203185.019	Study_Phase.SEQUENCE.Study_Instruction	LOADING RESOURCE SURFACE FROM DISK
1211451.594	Study_Phase.SEQUENCE.Study_Instruction	LOADING RESOURCE SURFACE FROM DISK
1219721.906	Study_Phase.SEQUENCE.Study_Instruction	LOADING RESOURCE SURFACE FROM DISK
1219724.157	Study_Phase.SEQUENCE.Study_Instruction	LOADING RESOURCE SURFACE FROM DISK
1228001.71	Study_Phase.SEQUENCE.Study_Instruction	LOADING RESOURCE SURFACE FROM DISK
1236251.796	Study_Phase.SEQUENCE.Study_Instruction	LOADING RESOURCE SURFACE FROM DISK
1244519.362	Study_Phase.SEQUENCE.Study_Instruction	LOADING RESOURCE SURFACE FROM DISK
1252788.686	Study_Phase.SEQUENCE.Study_Instruction	LOADING RESOURCE SURFACE FROM DISK
1252790.905	Study_Phase.SEQUENCE.Study_Instruction	LOADING RESOURCE SURFACE FROM DISK
1261069.545	Study_Phase.SEQUENCE.Study_Instruction	LOADING RESOURCE SURFACE FROM DISK
1269322.102	Study_Phase.SEQUENCE.Study_Instruction	LOADING RESOURCE SURFACE FROM DISK
1269324.331	Study_Phase.SEQUENCE.Study_Instruction	LOADING RESOURCE SURFACE FROM DISK
1277603.0	Study_Phase.SEQUENCE.Study_Instruction	LOADING RESOURCE SURFACE FROM DISK
1285868.305	Study_Phase.SEQUENCE.Study_Instruction	LOADING RESOURCE SURFACE FROM DISK
1294138.655	Study_Phase.SEQUENCE.Study_Instruction	LOADING RESOURCE SURFACE FROM DISK
1294140.769	Study_Phase.SEQUENCE.Study_Instruction	LOADING RESOURCE SURFACE FROM DISK
1302401.682	Study_Phase.SEQUENCE.Study_Instruction	LOADING RESOURCE SURFACE FROM DISK
1310669.515	Study_Phase.SEQUENCE.Study_Instruction	LOADING RESOURCE SURFACE FROM DISK
1318935.109	Study_Phase.SEQUENCE.Study_Instruction	LOADING RESOURCE SURFACE FROM DISK
1327205.576	Study_Phase.SEQUENCE.Study_Instruction	LOADING RESOURCE SURFACE FROM DISK
1327207.869	Study_Phase.SEQUENCE.Study_Instruction	LOADING RESOURCE SURFACE FROM DISK
1335486.122	Study_Phase.SEQUENCE.Study_Instruction	LOADING RESOURCE SURFACE FROM DISK
1343755.541	Study_Phase.SEQUENCE.Study_Instruction	LOADING RESOURCE SURFACE FROM DISK
1343757.877	Study_Phase.SEQUENCE.Study_Instruction	LOADING RESOURCE SURFACE FROM DISK
1352034.956	Study_Phase.SEQUENCE.Study_Instruction	LOADING RESOURCE SURFACE FROM DISK
1360302.87	Study_Phase.SEQUENCE.Study_Instruction	LOADING RESOURCE SURFACE FROM DISK
1368572.026	Study_Phase.SEQUENCE.Study_Instruction	LOADING RESOURCE SURFACE FROM DISK
1368574.183	Study_Phase.SEQUENCE.Study_Instruction	LOADING RESOURCE SURFACE FROM DISK
1376855.623	Study_Phase.SEQUENCE.Study_Instruction	LOADING RESOURCE SURFACE FROM DISK
1376857.951	Study_Phase.SEQUENCE.Study_Instruction	LOADING RESOURCE SURFACE FROM DISK
1385136.151	Study_Phase.SEQUENCE.Study_Instruction	LOADING RESOURCE SURFACE FROM DISK
1393405.183	Study_Phase.SEQUENCE.Study_Instruction	LOADING RESOURCE SURFACE FROM DISK
1393445.435	Study_Phase.SEQUENCE.Study_Instruction	LOADING RESOURCE SURFACE FROM DISK
1401705.366	Study_Phase.SEQUENCE.Study_Instruction	LOADING RESOURCE SURFACE FROM DISK
1401707.807	Study_Phase.SEQUENCE.Study_Instruction	LOADING RESOURCE SURFACE FROM DISK
1410055.31	Study_Phase.SEQUENCE.Study_Instruction	LOADING RESOURCE SURFACE FROM DISK
1410057.623	Study_Phase.SEQUENCE.Study_Instruction	LOADING RESOURCE SURFACE FROM DISK
1418336.246	Study_Phase.SEQUENCE.Study_Instruction	LOADING RESOURCE SURFACE FROM DISK
1426605.445	Study_Phase.SEQUENCE.Study_Instruction	LOADING RESOURCE SURFACE FROM DISK
1426607.638	Study_Phase.SEQUENCE.Study_Instruction	LOADING RESOURCE SURFACE FROM DISK
1434869.543	Study_Phase.SEQUENCE.Study_Instruction	LOADING RESOURCE SURFACE FROM DISK
1443135.184	Study_Phase.SEQUENCE.Study_Instruction	LOADING RESOURCE SURFACE FROM DISK
1451405.529	Study_Phase.SEQUENCE.Study_Instruction	LOADING RESOURCE SURFACE FROM DISK
1451407.725	Study_Phase.SEQUENCE.Study_Instruction	LOADING RESOURCE SURFACE FROM DISK
1459688.633	Study_Phase.SEQUENCE.Study_Instruction	LOADING RESOURCE SURFACE FROM DISK
1459691.054	Study_Phase.SEQUENCE.Study_Instruction	LOADING RESOURCE SURFACE FROM DISK
1467972.309	Study_Phase.SEQUENCE.Study_Instruction	LOADING RESOURCE SURFACE FROM DISK
1467974.589	Study_Phase.SEQUENCE.Study_Instruction	LOADING RESOURCE SURFACE FROM DISK
1476235.088	Study_Phase.SEQUENCE.Study_Instruction	LOADING RESOURCE SURFACE FROM DISK
1484505.429	Study_Phase.SEQUENCE.Study_Instruction	LOADING RESOURCE SURFACE FROM DISK
1484507.731	Study_Phase.SEQUENCE.Study_Instruction	LOADING RESOURCE SURFACE FROM DISK
1492786.122	Study_Phase.SEQUENCE.Study_Instruction	LOADING RESOURCE SURFACE FROM DISK
1501055.199	Study_Phase.SEQUENCE.Study_Instruction	LOADING RESOURCE SURFACE FROM DISK
1501057.447	Study_Phase.SEQUENCE.Study_Instruction	LOADING RESOURCE SURFACE FROM DISK
1509335.285	Study_Phase.SEQUENCE.Study_Instruction	LOADING RESOURCE SURFACE FROM DISK
1517636.49	Study_Phase.SEQUENCE.Study_Instruction	LOADING RESOURCE SURFACE FROM DISK
1525884.999	Study_Phase.SEQUENCE.Study_Instruction	LOADING RESOURCE SURFACE FROM DISK
1534152.773	Study_Phase.SEQUENCE.Study_Instruction	LOADING RESOURCE SURFACE FROM DISK
1542422.098	Study_Phase.SEQUENCE.Study_Instruction	LOADING RESOURCE SURFACE FROM DISK
1542424.276	Study_Phase.SEQUENCE.Study_Instruction	LOADING RESOURCE SURFACE FROM DISK
1550701.645	Study_Phase.SEQUENCE.Study_Instruction	LOADING RESOURCE SURFACE FROM DISK
1558952.942	Study_Phase.SEQUENCE.Study_Instruction	LOADING RESOURCE SURFACE FROM DISK
1567222.04	Study_Phase.SEQUENCE.Study_Instruction	LOADING RESOURCE SURFACE FROM DISK
1567224.214	Study_Phase.SEQUENCE.Study_Instruction	LOADING RESOURCE SURFACE FROM DISK
1575540.88	Study_Phase.SEQUENCE.Study_Instruction	LOADING RESOURCE SURFACE FROM DISK
1583822.118	Study_Phase.SEQUENCE.Study_Instruction	LOADING RESOURCE SURFACE FROM DISK
1583824.23	Study_Phase.SEQUENCE.Study_Instruction	LOADING RESOURCE SURFACE FROM DISK
1592105.196	Study_Phase.SEQUENCE.Study_Instruction	LOADING RESOURCE SURFACE FROM DISK
1592107.567	Study_Phase.SEQUENCE.Study_Instruction	LOADING RESOURCE SURFACE FROM DISK
1600388.989	Study_Phase.SEQUENCE.Study_Instruction	LOADING RESOURCE SURFACE FROM DISK
1600391.319	Study_Phase.SEQUENCE.Study_Instruction	LOADING RESOURCE SURFACE FROM DISK
1608669.384	Study_Phase.SEQUENCE.Study_Instruction	LOADING RESOURCE SURFACE FROM DISK
1616922.213	Study_Phase.SEQUENCE.Study_Instruction	LOADING RESOURCE SURFACE FROM DISK
1616924.424	Study_Phase.SEQUENCE.Study_Instruction	LOADING RESOURCE SURFACE FROM DISK
1625201.608	Study_Phase.SEQUENCE.Study_Instruction	LOADING RESOURCE SURFACE FROM DISK
1633455.542	Study_Phase.SEQUENCE.Study_Instruction	LOADING RESOURCE SURFACE FROM DISK
1633457.849	Study_Phase.SEQUENCE.Study_Instruction	LOADING RESOURCE SURFACE FROM DISK
1641736.158	Study_Phase.SEQUENCE.Study_Instruction	LOADING RESOURCE SURFACE FROM DISK
1650005.5	Study_Phase.SEQUENCE.Study_Instruction	LOADING RESOURCE SURFACE FROM DISK
1650007.675	Study_Phase.SEQUENCE.Study_Instruction	LOADING RESOURCE SURFACE FROM DISK
1658286.183	Study_Phase.SEQUENCE.Study_Instruction	LOADING RESOURCE SURFACE FROM DISK
1666555.38	Study_Phase.SEQUENCE.Study_Instruction	LOADING RESOURCE SURFACE FROM DISK
1666557.546	Study_Phase.SEQUENCE.Study_Instruction	LOADING RESOURCE SURFACE FROM DISK
1674834.928	Study_Phase.SEQUENCE.Study_Instruction	LOADING RESOURCE SURFACE FROM DISK
1683105.392	Study_Phase.SEQUENCE.Study_Instruction	LOADING RESOURCE SURFACE FROM DISK
1683107.638	Study_Phase.SEQUENCE.Study_Instruction	LOADING RESOURCE SURFACE FROM DISK
1691386.06	Study_Phase.SEQUENCE.Study_Instruction	LOADING RESOURCE SURFACE FROM DISK
1699638.642	Study_Phase.SEQUENCE.Study_Instruction	LOADING RESOURCE SURFACE FROM DISK
1699640.788	Study_Phase.SEQUENCE.Study_Instruction	LOADING RESOURCE SURFACE FROM DISK
1707919.436	Study_Phase.SEQUENCE.Study_Instruction	LOADING RESOURCE SURFACE FROM DISK
1716188.755	Study_Phase.SEQUENCE.Study_Instruction	LOADING RESOURCE SURFACE FROM DISK
1716190.907	Study_Phase.SEQUENCE.Study_Instruction	LOADING RESOURCE SURFACE FROM DISK
1724468.299	Study_Phase.SEQUENCE.Study_Instruction	LOADING RESOURCE SURFACE FROM DISK
1732773.261	Study_Phase.SEQUENCE.Study_Instruction	LOADING RESOURCE SURFACE FROM DISK
1741051.6	Study_Phase.SEQUENCE.Study_Instruction	LOADING RESOURCE SURFACE FROM DISK
1749319.426	Study_Phase.SEQUENCE.Study_Instruction	LOADING RESOURCE SURFACE FROM DISK
1757588.512	Study_Phase.SEQUENCE.Study_Instruction	LOADING RESOURCE SURFACE FROM DISK
1757590.729	Study_Phase.SEQUENCE.Study_Instruction	LOADING RESOURCE SURFACE FROM DISK
1765869.564	Study_Phase.SEQUENCE.Study_Instruction	LOADING RESOURCE SURFACE FROM DISK
1774135.14	Study_Phase.SEQUENCE.Study_Instruction	LOADING RESOURCE SURFACE FROM DISK
1782372.046	Study_Phase.SEQUENCE.Study_Instruction	LOADING RESOURCE SURFACE FROM DISK
1782374.179	Study_Phase.SEQUENCE.Study_Instruction	LOADING RESOURCE SURFACE FROM DISK
1790635.162	Study_Phase.SEQUENCE.Study_Instruction	LOADING RESOURCE SURFACE FROM DISK
1798905.629	Study_Phase.SEQUENCE.Study_Instruction	LOADING RESOURCE SURFACE FROM DISK
1798907.933	Study_Phase.SEQUENCE.Study_Instruction	LOADING RESOURCE SURFACE FROM DISK
1807184.953	Study_Phase.SEQUENCE.Study_Instruction	LOADING RESOURCE SURFACE FROM DISK
1815455.205	Study_Phase.SEQUENCE.Study_Instruction	LOADING RESOURCE SURFACE FROM DISK
1815457.556	Study_Phase.SEQUENCE.Study_Instruction	LOADING RESOURCE SURFACE FROM DISK
1823738.806	Study_Phase.SEQUENCE.Study_Instruction	LOADING RESOURCE SURFACE FROM DISK
1823741.094	Study_Phase.SEQUENCE.Study_Instruction	LOADING RESOURCE SURFACE FROM DISK
1832019.438	Study_Phase.SEQUENCE.Study_Instruction	LOADING RESOURCE SURFACE FROM DISK
1840288.943	Study_Phase.SEQUENCE.Study_Instruction	LOADING RESOURCE SURFACE FROM DISK
1840291.102	Study_Phase.SEQUENCE.Study_Instruction	LOADING RESOURCE SURFACE FROM DISK
1848568.287	Study_Phase.SEQUENCE.Study_Instruction	LOADING RESOURCE SURFACE FROM DISK
1856838.838	Study_Phase.SEQUENCE.Study_Instruction	LOADING RESOURCE SURFACE FROM DISK
1856841.261	Study_Phase.SEQUENCE.Study_Instruction	LOADING RESOURCE SURFACE FROM DISK
1865122.152	Study_Phase.SEQUENCE.Study_Instruction	LOADING RESOURCE SURFACE FROM DISK
1865124.48	Study_Phase.SEQUENCE.Study_Instruction	LOADING RESOURCE SURFACE FROM DISK
1873405.22	Study_Phase.SEQUENCE.Study_Instruction	LOADING RESOURCE SURFACE FROM DISK
1873407.519	Study_Phase.SEQUENCE.Study_Instruction	LOADING RESOURCE SURFACE FROM DISK
1881686.273	Study_Phase.SEQUENCE.Study_Instruction	LOADING RESOURCE SURFACE FROM DISK
1889955.515	Study_Phase.SEQUENCE.Study_Instruction	LOADING RESOURCE SURFACE FROM DISK
1889957.667	Study_Phase.SEQUENCE.Study_Instruction	LOADING RESOURCE SURFACE FROM DISK
1898218.454	Study_Phase.SEQUENCE.Study_Instruction	LOADING RESOURCE SURFACE FROM DISK
1906484.95	Study_Phase.SEQUENCE.Study_Instruction	LOADING RESOURCE SURFACE FROM DISK
1914755.551	Study_Phase.SEQUENCE.Study_Instruction	LOADING RESOURCE SURFACE FROM DISK
1914757.83	Study_Phase.SEQUENCE.Study_Instruction	LOADING RESOURCE SURFACE FROM DISK
1923036.14	Study_Phase.SEQUENCE.Study_Instruction	LOADING RESOURCE SURFACE FROM DISK
1931305.296	Study_Phase.SEQUENCE.Study_Instruction	LOADING RESOURCE SURFACE FROM DISK
1931307.538	Study_Phase.SEQUENCE.Study_Instruction	LOADING RESOURCE SURFACE FROM DISK
1939585.086	Study_Phase.SEQUENCE.Study_Instruction	LOADING RESOURCE SURFACE FROM DISK
1947851.851	Study_Phase.SEQUENCE.Study_Instruction	LOADING RESOURCE SURFACE FROM DISK
1956118.483	Study_Phase.SEQUENCE.Study_Instruction	LOADING RESOURCE SURFACE FROM DISK
1964386.193	Study_Phase.SEQUENCE.Study_Instruction	LOADING RESOURCE SURFACE FROM DISK
1972655.396	Study_Phase.SEQUENCE.Study_Instruction	LOADING RESOURCE SURFACE FROM DISK
1972657.566	Study_Phase.SEQUENCE.Study_Instruction	LOADING RESOURCE SURFACE FROM DISK
1980936.095	Study_Phase.SEQUENCE.Study_Instruction	LOADING RESOURCE SURFACE FROM DISK
1989201.679	Study_Phase.SEQUENCE.Study_Instruction	LOADING RESOURCE SURFACE FROM DISK
1995423.792	DISPLAY_SCREEN[7]	LOADING RESOURCE SURFACE FROM DISK
2131301.278	Test_Phase.SEQUENCE.Target_Cue	LOADING RESOURCE SURFACE FROM DISK
2131302.881	Test_Phase.SEQUENCE.Target_Cue	LOADING RESOURCE SURFACE FROM DISK
2133318.52	Test_Phase.SEQUENCE.Word	LOADING RESOURCE SURFACE FROM DISK
2136334.612	Test_Phase.SEQUENCE.Test_Question	LOADING RESOURCE SURFACE FROM DISK
2136336.344	Test_Phase.SEQUENCE.Test_Question	LOADING RESOURCE SURFACE FROM DISK
2136338.003	Test_Phase.SEQUENCE.Test_Question	LOADING RESOURCE SURFACE FROM DISK
2136339.578	Test_Phase.SEQUENCE.Test_Question	LOADING RESOURCE SURFACE FROM DISK
2136341.316	Test_Phase.SEQUENCE.Test_Question	LOADING RESOURCE SURFACE FROM DISK
2136342.989	Test_Phase.SEQUENCE.Test_Question	LOADING RESOURCE SURFACE FROM DISK
2136344.594	Test_Phase.SEQUENCE.Test_Question	LOADING RESOURCE SURFACE FROM DISK
2136346.232	Test_Phase.SEQUENCE.Test_Question	LOADING RESOURCE SURFACE FROM DISK
2136347.878	Test_Phase.SEQUENCE.Test_Question	LOADING RESOURCE SURFACE FROM DISK
2136349.362	Test_Phase.SEQUENCE.Test_Question	LOADING RESOURCE SURFACE FROM DISK
2136351.144	Test_Phase.SEQUENCE.Test_Question	LOADING RESOURCE SURFACE FROM DISK
2136352.845	Test_Phase.SEQUENCE.Test_Question	LOADING RESOURCE SURFACE FROM DISK
2142085.027	Test_Phase.SEQUENCE.Word	LOADING RESOURCE SURFACE FROM DISK
2149368.45	Test_Phase.SEQUENCE.Word	LOADING RESOURCE SURFACE FROM DISK
2157851.794	Test_Phase.SEQUENCE.Word	LOADING RESOURCE SURFACE FROM DISK
2165968.496	Test_Phase.SEQUENCE.Word	LOADING RESOURCE SURFACE FROM DISK
2173218.34	Test_Phase.SEQUENCE.Word	LOADING RESOURCE SURFACE FROM DISK
2181168.386	Test_Phase.SEQUENCE.Word	LOADING RESOURCE SURFACE FROM DISK
2189151.879	Test_Phase.SEQUENCE.Word	LOADING RESOURCE SURFACE FROM DISK
2196318.471	Test_Phase.SEQUENCE.Word	LOADING RESOURCE SURFACE FROM DISK
2203685.068	Test_Phase.SEQUENCE.Word	LOADING RESOURCE SURFACE FROM DISK
2211101.733	Test_Phase.SEQUENCE.Word	LOADING RESOURCE SURFACE FROM DISK
2218468.344	Test_Phase.SEQUENCE.Word	LOADING RESOURCE SURFACE FROM DISK
2225634.952	Test_Phase.SEQUENCE.Word	LOADING RESOURCE SURFACE FROM DISK
2233001.903	Test_Phase.SEQUENCE.Word	LOADING RESOURCE SURFACE FROM DISK
2242601.835	Test_Phase.SEQUENCE.Word	LOADING RESOURCE SURFACE FROM DISK
2250034.897	Test_Phase.SEQUENCE.Word	LOADING RESOURCE SURFACE FROM DISK
2257401.588	Test_Phase.SEQUENCE.Word	LOADING RESOURCE SURFACE FROM DISK
2264551.826	Test_Phase.SEQUENCE.Word	LOADING RESOURCE SURFACE FROM DISK
2271968.465	Test_Phase.SEQUENCE.Word	LOADING RESOURCE SURFACE FROM DISK
2279735.215	Test_Phase.SEQUENCE.Word	LOADING RESOURCE SURFACE FROM DISK
2287092.883	Test_Phase.SEQUENCE.Word	LOADING RESOURCE SURFACE FROM DISK
2303735.197	Test_Phase.SEQUENCE.Word	LOADING RESOURCE SURFACE FROM DISK
2311201.88	Test_Phase.SEQUENCE.Word	LOADING RESOURCE SURFACE FROM DISK
2318461.941	Test_Phase.SEQUENCE.Word	LOADING RESOURCE SURFACE FROM DISK
2326151.677	Test_Phase.SEQUENCE.Word	LOADING RESOURCE SURFACE FROM DISK
2334251.887	Test_Phase.SEQUENCE.Word	LOADING RESOURCE SURFACE FROM DISK
2342218.342	Test_Phase.SEQUENCE.Word	LOADING RESOURCE SURFACE FROM DISK
2349418.43	Test_Phase.SEQUENCE.Word	LOADING RESOURCE SURFACE FROM DISK
2356518.526	Test_Phase.SEQUENCE.Word	LOADING RESOURCE SURFACE FROM DISK
2363635.01	Test_Phase.SEQUENCE.Word	LOADING RESOURCE SURFACE FROM DISK
2370918.383	Test_Phase.SEQUENCE.Word	LOADING RESOURCE SURFACE FROM DISK
2378235.202	Test_Phase.SEQUENCE.Word	LOADING RESOURCE SURFACE FROM DISK
2385801.827	Test_Phase.SEQUENCE.Word	LOADING RESOURCE SURFACE FROM DISK
2394235.06	Test_Phase.SEQUENCE.Word	LOADING RESOURCE SURFACE FROM DISK
2401351.635	Test_Phase.SEQUENCE.Word	LOADING RESOURCE SURFACE FROM DISK
2409135.227	Test_Phase.SEQUENCE.Word	LOADING RESOURCE SURFACE FROM DISK
2418235.148	Test_Phase.SEQUENCE.Word	LOADING RESOURCE SURFACE FROM DISK
2426701.789	Test_Phase.SEQUENCE.Word	LOADING RESOURCE SURFACE FROM DISK
2435585.378	Test_Phase.SEQUENCE.Word	LOADING RESOURCE SURFACE FROM DISK
2443418.474	Test_Phase.SEQUENCE.Word	LOADING RESOURCE SURFACE FROM DISK
2451368.647	Test_Phase.SEQUENCE.Word	LOADING RESOURCE SURFACE FROM DISK
2459968.404	Test_Phase.SEQUENCE.Word	LOADING RESOURCE SURFACE FROM DISK
2468135.313	Test_Phase.SEQUENCE.Word	LOADING RESOURCE SURFACE FROM DISK
2475468.461	Test_Phase.SEQUENCE.Word	LOADING RESOURCE SURFACE FROM DISK
2484001.847	Test_Phase.SEQUENCE.Word	LOADING RESOURCE SURFACE FROM DISK
2492484.928	Test_Phase.SEQUENCE.Word	LOADING RESOURCE SURFACE FROM DISK
2501051.826	Test_Phase.SEQUENCE.Word	LOADING RESOURCE SURFACE FROM DISK
2512018.422	Test_Phase.SEQUENCE.Word	LOADING RESOURCE SURFACE FROM DISK
2520851.768	Test_Phase.SEQUENCE.Word	LOADING RESOURCE SURFACE FROM DISK
2529501.725	Test_Phase.SEQUENCE.Word	LOADING RESOURCE SURFACE FROM DISK
2539018.462	Test_Phase.SEQUENCE.Word	LOADING RESOURCE SURFACE FROM DISK
2551447.212	Test_Phase.SEQUENCE.Word	LOADING RESOURCE SURFACE FROM DISK
2562485.098	Test_Phase.SEQUENCE.Word	LOADING RESOURCE SURFACE FROM DISK
2572768.642	Test_Phase.SEQUENCE.Word	LOADING RESOURCE SURFACE FROM DISK
2580830.565	Test_Phase.SEQUENCE.Word	LOADING RESOURCE SURFACE FROM DISK
2588935.029	Test_Phase.SEQUENCE.Word	LOADING RESOURCE SURFACE FROM DISK
2598235.135	Test_Phase.SEQUENCE.Word	LOADING RESOURCE SURFACE FROM DISK
2608551.665	Test_Phase.SEQUENCE.Word	LOADING RESOURCE SURFACE FROM DISK
2617551.745	Test_Phase.SEQUENCE.Word	LOADING RESOURCE SURFACE FROM DISK
2625885.085	Test_Phase.SEQUENCE.Word	LOADING RESOURCE SURFACE FROM DISK
2635051.842	Test_Phase.SEQUENCE.Word	LOADING RESOURCE SURFACE FROM DISK
2643685.062	Test_Phase.SEQUENCE.Word	LOADING RESOURCE SURFACE FROM DISK
2652268.718	Test_Phase.SEQUENCE.Word	LOADING RESOURCE SURFACE FROM DISK
2660395.265	Test_Phase.SEQUENCE.Word	LOADING RESOURCE SURFACE FROM DISK
2668201.694	Test_Phase.SEQUENCE.Word	LOADING RESOURCE SURFACE FROM DISK
2678418.5	Test_Phase.SEQUENCE.Word	LOADING RESOURCE SURFACE FROM DISK
2687301.726	Test_Phase.SEQUENCE.Word	LOADING RESOURCE SURFACE FROM DISK
2696668.424	Test_Phase.SEQUENCE.Word	LOADING RESOURCE SURFACE FROM DISK
2706418.434	Test_Phase.SEQUENCE.Word	LOADING RESOURCE SURFACE FROM DISK
2714501.659	Test_Phase.SEQUENCE.Word	LOADING RESOURCE SURFACE FROM DISK
2722718.458	Test_Phase.SEQUENCE.Word	LOADING RESOURCE SURFACE FROM DISK
2730985.261	Test_Phase.SEQUENCE.Word	LOADING RESOURCE SURFACE FROM DISK
2738968.467	Test_Phase.SEQUENCE.Word	LOADING RESOURCE SURFACE FROM DISK
2746235.067	Test_Phase.SEQUENCE.Word	LOADING RESOURCE SURFACE FROM DISK
2753635.204	Test_Phase.SEQUENCE.Word	LOADING RESOURCE SURFACE FROM DISK
2761651.576	Test_Phase.SEQUENCE.Word	LOADING RESOURCE SURFACE FROM DISK
2770101.835	Test_Phase.SEQUENCE.Word	LOADING RESOURCE SURFACE FROM DISK
2777968.348	Test_Phase.SEQUENCE.Word	LOADING RESOURCE SURFACE FROM DISK
2786476.454	Test_Phase.SEQUENCE.Word	LOADING RESOURCE SURFACE FROM DISK
2795251.804	Test_Phase.SEQUENCE.Word	LOADING RESOURCE SURFACE FROM DISK
2804601.828	Test_Phase.SEQUENCE.Word	LOADING RESOURCE SURFACE FROM DISK
2813768.485	Test_Phase.SEQUENCE.Word	LOADING RESOURCE SURFACE FROM DISK
2822885.047	Test_Phase.SEQUENCE.Word	LOADING RESOURCE SURFACE FROM DISK
2831051.906	Test_Phase.SEQUENCE.Word	LOADING RESOURCE SURFACE FROM DISK
2838968.437	Test_Phase.SEQUENCE.Word	LOADING RESOURCE SURFACE FROM DISK
2847001.79	Test_Phase.SEQUENCE.Word	LOADING RESOURCE SURFACE FROM DISK
2854801.785	Test_Phase.SEQUENCE.Word	LOADING RESOURCE SURFACE FROM DISK
2861968.492	Test_Phase.SEQUENCE.Word	LOADING RESOURCE SURFACE FROM DISK
2871351.785	Test_Phase.SEQUENCE.Word	LOADING RESOURCE SURFACE FROM DISK
2883468.441	Test_Phase.SEQUENCE.Word	LOADING RESOURCE SURFACE FROM DISK
2890985.271	Test_Phase.SEQUENCE.Word	LOADING RESOURCE SURFACE FROM DISK
2898085.008	Test_Phase.SEQUENCE.Word	LOADING RESOURCE SURFACE FROM DISK
2905585.074	Test_Phase.SEQUENCE.Word	LOADING RESOURCE SURFACE FROM DISK
2913601.979	Test_Phase.SEQUENCE.Word	LOADING RESOURCE SURFACE FROM DISK
2921935.18	Test_Phase.SEQUENCE.Word	LOADING RESOURCE SURFACE FROM DISK
2931551.811	Test_Phase.SEQUENCE.Word	LOADING RESOURCE SURFACE FROM DISK
2939851.794	Test_Phase.SEQUENCE.Word	LOADING RESOURCE SURFACE FROM DISK
2947918.417	Test_Phase.SEQUENCE.Word	LOADING RESOURCE SURFACE FROM DISK
2956068.475	Test_Phase.SEQUENCE.Word	LOADING RESOURCE SURFACE FROM DISK
2964268.427	Test_Phase.SEQUENCE.Word	LOADING RESOURCE SURFACE FROM DISK
2972318.257	Test_Phase.SEQUENCE.Word	LOADING RESOURCE SURFACE FROM DISK
2980518.38	Test_Phase.SEQUENCE.Word	LOADING RESOURCE SURFACE FROM DISK
2988851.754	Test_Phase.SEQUENCE.Word	LOADING RESOURCE SURFACE FROM DISK
2997168.52	Test_Phase.SEQUENCE.Word	LOADING RESOURCE SURFACE FROM DISK
3005685.369	Test_Phase.SEQUENCE.Word	LOADING RESOURCE SURFACE FROM DISK
3014068.299	Test_Phase.SEQUENCE.Word	LOADING RESOURCE SURFACE FROM DISK
3022635.233	Test_Phase.SEQUENCE.Word	LOADING RESOURCE SURFACE FROM DISK
3031368.506	Test_Phase.SEQUENCE.Word	LOADING RESOURCE SURFACE FROM DISK
3039618.454	Test_Phase.SEQUENCE.Word	LOADING RESOURCE SURFACE FROM DISK
3047951.71	Test_Phase.SEQUENCE.Word	LOADING RESOURCE SURFACE FROM DISK
3059618.459	Test_Phase.SEQUENCE.Word	LOADING RESOURCE SURFACE FROM DISK
3071501.612	Test_Phase.SEQUENCE.Word	LOADING RESOURCE SURFACE FROM DISK
3082235.04	Test_Phase.SEQUENCE.Word	LOADING RESOURCE SURFACE FROM DISK
3089368.355	Test_Phase.SEQUENCE.Word	LOADING RESOURCE SURFACE FROM DISK
3096768.486	Test_Phase.SEQUENCE.Word	LOADING RESOURCE SURFACE FROM DISK
3103918.326	Test_Phase.SEQUENCE.Word	LOADING RESOURCE SURFACE FROM DISK
3112168.477	Test_Phase.SEQUENCE.Word	LOADING RESOURCE SURFACE FROM DISK
3119878.797	Test_Phase.SEQUENCE.Word	LOADING RESOURCE SURFACE FROM DISK
3127301.746	Test_Phase.SEQUENCE.Word	LOADING RESOURCE SURFACE FROM DISK
3135151.776	Test_Phase.SEQUENCE.Word	LOADING RESOURCE SURFACE FROM DISK
3142451.821	Test_Phase.SEQUENCE.Word	LOADING RESOURCE SURFACE FROM DISK
3149801.752	Test_Phase.SEQUENCE.Word	LOADING RESOURCE SURFACE FROM DISK
3156985.193	Test_Phase.SEQUENCE.Word	LOADING RESOURCE SURFACE FROM DISK
3164185.13	Test_Phase.SEQUENCE.Word	LOADING RESOURCE SURFACE FROM DISK
3171318.646	Test_Phase.SEQUENCE.Word	LOADING RESOURCE SURFACE FROM DISK
3178701.707	Test_Phase.SEQUENCE.Word	LOADING RESOURCE SURFACE FROM DISK
3186435.004	Test_Phase.SEQUENCE.Word	LOADING RESOURCE SURFACE FROM DISK
3193618.45	Test_Phase.SEQUENCE.Word	LOADING RESOURCE SURFACE FROM DISK
3201385.215	Test_Phase.SEQUENCE.Word	LOADING RESOURCE SURFACE FROM DISK
3208601.838	Test_Phase.SEQUENCE.Word	LOADING RESOURCE SURFACE FROM DISK
3217318.334	Test_Phase.SEQUENCE.Word	LOADING RESOURCE SURFACE FROM DISK
3225851.861	Test_Phase.SEQUENCE.Word	LOADING RESOURCE SURFACE FROM DISK
3233285.079	Test_Phase.SEQUENCE.Word	LOADING RESOURCE SURFACE FROM DISK
3241301.922	Test_Phase.SEQUENCE.Word	LOADING RESOURCE SURFACE FROM DISK
3248818.233	Test_Phase.SEQUENCE.Word	LOADING RESOURCE SURFACE FROM DISK
3257251.846	Test_Phase.SEQUENCE.Word	LOADING RESOURCE SURFACE FROM DISK
3264751.831	Test_Phase.SEQUENCE.Word	LOADING RESOURCE SURFACE FROM DISK
3272585.183	Test_Phase.SEQUENCE.Word	LOADING RESOURCE SURFACE FROM DISK
3279918.402	Test_Phase.SEQUENCE.Word	LOADING RESOURCE SURFACE FROM DISK
3288535.089	Test_Phase.SEQUENCE.Word	LOADING RESOURCE SURFACE FROM DISK
3296251.806	Test_Phase.SEQUENCE.Word	LOADING RESOURCE SURFACE FROM DISK
3303568.405	Test_Phase.SEQUENCE.Word	LOADING RESOURCE SURFACE FROM DISK
3310851.665	Test_Phase.SEQUENCE.Word	LOADING RESOURCE SURFACE FROM DISK
3320118.529	Test_Phase.SEQUENCE.Word	LOADING RESOURCE SURFACE FROM DISK
3327635.012	Test_Phase.SEQUENCE.Word	LOADING RESOURCE SURFACE FROM DISK
3335968.655	Test_Phase.SEQUENCE.Word	LOADING RESOURCE SURFACE FROM DISK
3343484.907	Test_Phase.SEQUENCE.Word	LOADING RESOURCE SURFACE FROM DISK
3350868.549	Test_Phase.SEQUENCE.Word	LOADING RESOURCE SURFACE FROM DISK
3358468.385	Test_Phase.SEQUENCE.Word	LOADING RESOURCE SURFACE FROM DISK
3367534.99	Test_Phase.SEQUENCE.Word	LOADING RESOURCE SURFACE FROM DISK
3375718.455	Test_Phase.SEQUENCE.Word	LOADING RESOURCE SURFACE FROM DISK
3384668.475	Test_Phase.SEQUENCE.Word	LOADING RESOURCE SURFACE FROM DISK
3393268.563	Test_Phase.SEQUENCE.Word	LOADING RESOURCE SURFACE FROM DISK
3400401.835	Test_Phase.SEQUENCE.Word	LOADING RESOURCE SURFACE FROM DISK
3407818.517	Test_Phase.SEQUENCE.Word	LOADING RESOURCE SURFACE FROM DISK
3414951.655	Test_Phase.SEQUENCE.Word	LOADING RESOURCE SURFACE FROM DISK
3422184.959	Test_Phase.SEQUENCE.Word	LOADING RESOURCE SURFACE FROM DISK
3430201.775	Test_Phase.SEQUENCE.Word	LOADING RESOURCE SURFACE FROM DISK
3439235.072	Test_Phase.SEQUENCE.Word	LOADING RESOURCE SURFACE FROM DISK
3448968.506	Test_Phase.SEQUENCE.Word	LOADING RESOURCE SURFACE FROM DISK
3456168.491	Test_Phase.SEQUENCE.Word	LOADING RESOURCE SURFACE FROM DISK
3463401.836	Test_Phase.SEQUENCE.Word	LOADING RESOURCE SURFACE FROM DISK
3470551.822	Test_Phase.SEQUENCE.Word	LOADING RESOURCE SURFACE FROM DISK
3477685.228	Test_Phase.SEQUENCE.Word	LOADING RESOURCE SURFACE FROM DISK
3485718.542	Test_Phase.SEQUENCE.Word	LOADING RESOURCE SURFACE FROM DISK
3493451.876	Test_Phase.SEQUENCE.Word	LOADING RESOURCE SURFACE FROM DISK
3500751.77	Test_Phase.SEQUENCE.Word	LOADING RESOURCE SURFACE FROM DISK
3508051.683	Test_Phase.SEQUENCE.Word	LOADING RESOURCE SURFACE FROM DISK
3515251.536	Test_Phase.SEQUENCE.Word	LOADING RESOURCE SURFACE FROM DISK
3523268.419	Test_Phase.SEQUENCE.Word	LOADING RESOURCE SURFACE FROM DISK
3531935.118	Test_Phase.SEQUENCE.Word	LOADING RESOURCE SURFACE FROM DISK
3539184.977	Test_Phase.SEQUENCE.Word	LOADING RESOURCE SURFACE FROM DISK
3546835.183	Test_Phase.SEQUENCE.Word	LOADING RESOURCE SURFACE FROM DISK
3554085.027	Test_Phase.SEQUENCE.Word	LOADING RESOURCE SURFACE FROM DISK
3561651.642	Test_Phase.SEQUENCE.Word	LOADING RESOURCE SURFACE FROM DISK
3569418.546	Test_Phase.SEQUENCE.Word	LOADING RESOURCE SURFACE FROM DISK
3576685.085	Test_Phase.SEQUENCE.Word	LOADING RESOURCE SURFACE FROM DISK
3584218.415	Test_Phase.SEQUENCE.Word	LOADING RESOURCE SURFACE FROM DISK
3592318.527	Test_Phase.SEQUENCE.Word	LOADING RESOURCE SURFACE FROM DISK
3599468.603	Test_Phase.SEQUENCE.Word	LOADING RESOURCE SURFACE FROM DISK
3606685.081	Test_Phase.SEQUENCE.Word	LOADING RESOURCE SURFACE FROM DISK
3613985.299	Test_Phase.SEQUENCE.Word	LOADING RESOURCE SURFACE FROM DISK
3621185.132	Test_Phase.SEQUENCE.Word	LOADING RESOURCE SURFACE FROM DISK
3628318.361	Test_Phase.SEQUENCE.Word	LOADING RESOURCE SURFACE FROM DISK
3635901.766	Test_Phase.SEQUENCE.Word	LOADING RESOURCE SURFACE FROM DISK
3643401.735	Test_Phase.SEQUENCE.Word	LOADING RESOURCE SURFACE FROM DISK
3652285.199	Test_Phase.SEQUENCE.Word	LOADING RESOURCE SURFACE FROM DISK
3661785.161	Test_Phase.SEQUENCE.Word	LOADING RESOURCE SURFACE FROM DISK
3669285.023	Test_Phase.SEQUENCE.Word	LOADING RESOURCE SURFACE FROM DISK
3677851.768	Test_Phase.SEQUENCE.Word	LOADING RESOURCE SURFACE FROM DISK
3686051.78	Test_Phase.SEQUENCE.Word	LOADING RESOURCE SURFACE FROM DISK
3693218.527	Test_Phase.SEQUENCE.Word	LOADING RESOURCE SURFACE FROM DISK
3700493.298	Test_Phase.SEQUENCE.Word	LOADING RESOURCE SURFACE FROM DISK
3707985.104	Test_Phase.SEQUENCE.Word	LOADING RESOURCE SURFACE FROM DISK
3717001.797	Test_Phase.SEQUENCE.Word	LOADING RESOURCE SURFACE FROM DISK
3724468.481	Test_Phase.SEQUENCE.Word	LOADING RESOURCE SURFACE FROM DISK
3731585.25	Test_Phase.SEQUENCE.Word	LOADING RESOURCE SURFACE FROM DISK
3738768.448	Test_Phase.SEQUENCE.Word	LOADING RESOURCE SURFACE FROM DISK
3747018.551	Test_Phase.SEQUENCE.Word	LOADING RESOURCE SURFACE FROM DISK
3750650.361	DISPLAY_SCREEN	LOADING RESOURCE SURFACE FROM DISK
