5484.136	DISPLAY_SCREEN[1]	LOADING RESOURCE SURFACE FROM DISK
111326.204	Familiarization_Phase.SEQUENCE.Cue_and_Instruction	LOADING RESOURCE SURFACE FROM DISK
111340.612	Familiarization_Phase.SEQUENCE.Cue_and_Instruction	LOADING RESOURCE SURFACE FROM DISK
117440.001	Familiarization_Phase.SEQUENCE.Cue_and_Instruction	LOADING RESOURCE SURFACE FROM DISK
117456.489	Familiarization_Phase.SEQUENCE.Cue_and_Instruction	LOADING RESOURCE SURFACE FROM DISK
123511.091	Familiarization_Phase.SEQUENCE.Cue_and_Instruction	LOADING RESOURCE SURFACE FROM DISK
123555.73	Familiarization_Phase.SEQUENCE.Cue_and_Instruction	LOADING RESOURCE SURFACE FROM DISK
165843.847	DISPLAY_SCREEN[3]	LOADING RESOURCE SURFACE FROM DISK
168577.259	DISPLAY_SCREEN[5]	LOADING RESOURCE SURFACE FROM DISK
377385.448	Practice_Phase.SEQUENCE.Blink_Screen	LOADING RESOURCE SURFACE FROM DISK
377386.527	Practice_Phase.SEQUENCE.Blink_Screen	flip time is later than desired time. Desired Time=377127 Flip Time=377410 Retrace Rate=16.641, prepareTime=283 flip request time 377386
378644.673	Practice_Phase.SEQUENCE.Practice_Luminance_Cue	LOADING RESOURCE SURFACE FROM DISK
378646.929	Practice_Phase.SEQUENCE.Practice_Luminance_Cue	LOADING RESOURCE SURFACE FROM DISK
378648.462	Practice_Phase.SEQUENCE.Practice_Luminance_Cue	flip time is later than desired time. Desired Time=378610 Flip Time=378660 Retrace Rate=16.641, prepareTime=63 flip request time 378648
380644.813	Practice_Phase.SEQUENCE.Practice_Instruction	LOADING RESOURCE SURFACE FROM DISK
380647.482	Practice_Phase.SEQUENCE.Practice_Instruction	LOADING RESOURCE SURFACE FROM DISK
388763.917	Practice_Phase.SEQUENCE.Practice_Instruction	LOADING RESOURCE SURFACE FROM DISK
388766.315	Practice_Phase.SEQUENCE.Practice_Instruction	LOADING RESOURCE SURFACE FROM DISK
388767.963	Practice_Phase.SEQUENCE.Practice_Instruction	flip time is later than desired time. Desired Time=388744 Flip Time=388777 Retrace Rate=16.641, prepareTime=49 flip request time 388767
396828.106	Practice_Phase.SEQUENCE.Practice_Instruction	LOADING RESOURCE SURFACE FROM DISK
396830.537	Practice_Phase.SEQUENCE.Practice_Instruction	LOADING RESOURCE SURFACE FROM DISK
404893.715	Practice_Phase.SEQUENCE.Practice_Instruction	LOADING RESOURCE SURFACE FROM DISK
404896.168	Practice_Phase.SEQUENCE.Practice_Instruction	LOADING RESOURCE SURFACE FROM DISK
412962.719	Practice_Phase.SEQUENCE.Practice_Instruction	LOADING RESOURCE SURFACE FROM DISK
412965.377	Practice_Phase.SEQUENCE.Practice_Instruction	LOADING RESOURCE SURFACE FROM DISK
421027.243	Practice_Phase.SEQUENCE.Practice_Instruction	LOADING RESOURCE SURFACE FROM DISK
421084.158	Practice_Phase.SEQUENCE.Practice_Instruction	LOADING RESOURCE SURFACE FROM DISK
421085.887	Practice_Phase.SEQUENCE.Practice_Instruction	flip time is later than desired time. Desired Time=421044 Flip Time=421094 Retrace Rate=16.641, prepareTime=67 flip request time 421085
429143.642	Practice_Phase.SEQUENCE.Practice_Instruction	LOADING RESOURCE SURFACE FROM DISK
429146.118	Practice_Phase.SEQUENCE.Practice_Instruction	LOADING RESOURCE SURFACE FROM DISK
437210.657	Practice_Phase.SEQUENCE.Practice_Instruction	LOADING RESOURCE SURFACE FROM DISK
437213.13	Practice_Phase.SEQUENCE.Practice_Instruction	LOADING RESOURCE SURFACE FROM DISK
445277.159	Practice_Phase.SEQUENCE.Practice_Instruction	LOADING RESOURCE SURFACE FROM DISK
445279.618	Practice_Phase.SEQUENCE.Practice_Instruction	LOADING RESOURCE SURFACE FROM DISK
449959.276	DISPLAY_SCREEN[2]	LOADING RESOURCE SURFACE FROM DISK
621703.637	Study_Phase.SEQUENCE.Study_Instruction	LOADING RESOURCE SURFACE FROM DISK
621748.782	Study_Phase.SEQUENCE.Study_Instruction	LOADING RESOURCE SURFACE FROM DISK
630036.923	Study_Phase.SEQUENCE.Study_Instruction	LOADING RESOURCE SURFACE FROM DISK
630073.578	Study_Phase.SEQUENCE.Study_Instruction	LOADING RESOURCE SURFACE FROM DISK
638370.016	Study_Phase.SEQUENCE.Study_Instruction	LOADING RESOURCE SURFACE FROM DISK
638412.963	Study_Phase.SEQUENCE.Study_Instruction	LOADING RESOURCE SURFACE FROM DISK
646697.843	Study_Phase.SEQUENCE.Study_Instruction	LOADING RESOURCE SURFACE FROM DISK
654997.371	Study_Phase.SEQUENCE.Study_Instruction	LOADING RESOURCE SURFACE FROM DISK
663303.407	Study_Phase.SEQUENCE.Study_Instruction	LOADING RESOURCE SURFACE FROM DISK
663347.564	Study_Phase.SEQUENCE.Study_Instruction	LOADING RESOURCE SURFACE FROM DISK
671630.699	Study_Phase.SEQUENCE.Study_Instruction	LOADING RESOURCE SURFACE FROM DISK
679936.595	Study_Phase.SEQUENCE.Study_Instruction	LOADING RESOURCE SURFACE FROM DISK
679977.89	Study_Phase.SEQUENCE.Study_Instruction	LOADING RESOURCE SURFACE FROM DISK
688270.33	Study_Phase.SEQUENCE.Study_Instruction	LOADING RESOURCE SURFACE FROM DISK
688305.281	Study_Phase.SEQUENCE.Study_Instruction	LOADING RESOURCE SURFACE FROM DISK
696642.355	Study_Phase.SEQUENCE.Study_Instruction	LOADING RESOURCE SURFACE FROM DISK
704969.679	Study_Phase.SEQUENCE.Study_Instruction	LOADING RESOURCE SURFACE FROM DISK
713247.593	Study_Phase.SEQUENCE.Study_Instruction	LOADING RESOURCE SURFACE FROM DISK
721553.686	Study_Phase.SEQUENCE.Study_Instruction	LOADING RESOURCE SURFACE FROM DISK
729881.807	Study_Phase.SEQUENCE.Study_Instruction	LOADING RESOURCE SURFACE FROM DISK
738201.283	Study_Phase.SEQUENCE.Study_Instruction	LOADING RESOURCE SURFACE FROM DISK
746486.751	Study_Phase.SEQUENCE.Study_Instruction	LOADING RESOURCE SURFACE FROM DISK
746574.286	Study_Phase.SEQUENCE.Study_Instruction	LOADING RESOURCE SURFACE FROM DISK
754897.843	Study_Phase.SEQUENCE.Study_Instruction	LOADING RESOURCE SURFACE FROM DISK
763214.664	Study_Phase.SEQUENCE.Study_Instruction	LOADING RESOURCE SURFACE FROM DISK
771503.457	Study_Phase.SEQUENCE.Study_Instruction	LOADING RESOURCE SURFACE FROM DISK
771505.904	Study_Phase.SEQUENCE.Study_Instruction	LOADING RESOURCE SURFACE FROM DISK
779830.349	Study_Phase.SEQUENCE.Study_Instruction	LOADING RESOURCE SURFACE FROM DISK
788149.806	Study_Phase.SEQUENCE.Study_Instruction	LOADING RESOURCE SURFACE FROM DISK
796437.027	Study_Phase.SEQUENCE.Study_Instruction	LOADING RESOURCE SURFACE FROM DISK
796478.82	Study_Phase.SEQUENCE.Study_Instruction	LOADING RESOURCE SURFACE FROM DISK
804770.259	Study_Phase.SEQUENCE.Study_Instruction	LOADING RESOURCE SURFACE FROM DISK
804810.378	Study_Phase.SEQUENCE.Study_Instruction	LOADING RESOURCE SURFACE FROM DISK
813103.538	Study_Phase.SEQUENCE.Study_Instruction	LOADING RESOURCE SURFACE FROM DISK
813139.045	Study_Phase.SEQUENCE.Study_Instruction	LOADING RESOURCE SURFACE FROM DISK
821465.748	Study_Phase.SEQUENCE.Study_Instruction	LOADING RESOURCE SURFACE FROM DISK
829753.401	Study_Phase.SEQUENCE.Study_Instruction	LOADING RESOURCE SURFACE FROM DISK
829755.559	Study_Phase.SEQUENCE.Study_Instruction	LOADING RESOURCE SURFACE FROM DISK
838053.407	Study_Phase.SEQUENCE.Study_Instruction	LOADING RESOURCE SURFACE FROM DISK
838097.152	Study_Phase.SEQUENCE.Study_Instruction	LOADING RESOURCE SURFACE FROM DISK
846386.755	Study_Phase.SEQUENCE.Study_Instruction	LOADING RESOURCE SURFACE FROM DISK
846422.228	Study_Phase.SEQUENCE.Study_Instruction	LOADING RESOURCE SURFACE FROM DISK
854720.188	Study_Phase.SEQUENCE.Study_Instruction	LOADING RESOURCE SURFACE FROM DISK
854732.788	Study_Phase.SEQUENCE.Study_Instruction	LOADING RESOURCE SURFACE FROM DISK
863057.819	Study_Phase.SEQUENCE.Study_Instruction	LOADING RESOURCE SURFACE FROM DISK
871353.681	Study_Phase.SEQUENCE.Study_Instruction	LOADING RESOURCE SURFACE FROM DISK
871394.246	Study_Phase.SEQUENCE.Study_Instruction	LOADING RESOURCE SURFACE FROM DISK
879681.148	Study_Phase.SEQUENCE.Study_Instruction	LOADING RESOURCE SURFACE FROM DISK
887987.064	Study_Phase.SEQUENCE.Study_Instruction	LOADING RESOURCE SURFACE FROM DISK
887993.291	Study_Phase.SEQUENCE.Study_Instruction	LOADING RESOURCE SURFACE FROM DISK
896287.055	Study_Phase.SEQUENCE.Study_Instruction	LOADING RESOURCE SURFACE FROM DISK
896319.068	Study_Phase.SEQUENCE.Study_Instruction	LOADING RESOURCE SURFACE FROM DISK
904620.169	Study_Phase.SEQUENCE.Study_Instruction	LOADING RESOURCE SURFACE FROM DISK
904661.218	Study_Phase.SEQUENCE.Study_Instruction	LOADING RESOURCE SURFACE FROM DISK
912953.662	Study_Phase.SEQUENCE.Study_Instruction	LOADING RESOURCE SURFACE FROM DISK
912956.093	Study_Phase.SEQUENCE.Study_Instruction	LOADING RESOURCE SURFACE FROM DISK
921253.638	Study_Phase.SEQUENCE.Study_Instruction	LOADING RESOURCE SURFACE FROM DISK
921296.348	Study_Phase.SEQUENCE.Study_Instruction	LOADING RESOURCE SURFACE FROM DISK
929619.426	Study_Phase.SEQUENCE.Study_Instruction	LOADING RESOURCE SURFACE FROM DISK
937914.027	Study_Phase.SEQUENCE.Study_Instruction	LOADING RESOURCE SURFACE FROM DISK
946220.466	Study_Phase.SEQUENCE.Study_Instruction	LOADING RESOURCE SURFACE FROM DISK
946222.829	Study_Phase.SEQUENCE.Study_Instruction	LOADING RESOURCE SURFACE FROM DISK
954514.18	Study_Phase.SEQUENCE.Study_Instruction	LOADING RESOURCE SURFACE FROM DISK
962852.193	Study_Phase.SEQUENCE.Study_Instruction	LOADING RESOURCE SURFACE FROM DISK
971153.333	Study_Phase.SEQUENCE.Study_Instruction	LOADING RESOURCE SURFACE FROM DISK
971155.666	Study_Phase.SEQUENCE.Study_Instruction	LOADING RESOURCE SURFACE FROM DISK
979520.132	Study_Phase.SEQUENCE.Study_Instruction	LOADING RESOURCE SURFACE FROM DISK
979561.986	Study_Phase.SEQUENCE.Study_Instruction	LOADING RESOURCE SURFACE FROM DISK
987836.797	Study_Phase.SEQUENCE.Study_Instruction	LOADING RESOURCE SURFACE FROM DISK
987875.798	Study_Phase.SEQUENCE.Study_Instruction	LOADING RESOURCE SURFACE FROM DISK
996204.924	Study_Phase.SEQUENCE.Study_Instruction	LOADING RESOURCE SURFACE FROM DISK
1004503.282	Study_Phase.SEQUENCE.Study_Instruction	LOADING RESOURCE SURFACE FROM DISK
1004505.443	Study_Phase.SEQUENCE.Study_Instruction	LOADING RESOURCE SURFACE FROM DISK
1012797.364	Study_Phase.SEQUENCE.Study_Instruction	LOADING RESOURCE SURFACE FROM DISK
1021131.081	Study_Phase.SEQUENCE.Study_Instruction	LOADING RESOURCE SURFACE FROM DISK
1029420.14	Study_Phase.SEQUENCE.Study_Instruction	LOADING RESOURCE SURFACE FROM DISK
1029460.409	Study_Phase.SEQUENCE.Study_Instruction	LOADING RESOURCE SURFACE FROM DISK
1037780.506	Study_Phase.SEQUENCE.Study_Instruction	LOADING RESOURCE SURFACE FROM DISK
1046079.284	Study_Phase.SEQUENCE.Study_Instruction	LOADING RESOURCE SURFACE FROM DISK
1054398.5	Study_Phase.SEQUENCE.Study_Instruction	LOADING RESOURCE SURFACE FROM DISK
1062720.261	Study_Phase.SEQUENCE.Study_Instruction	LOADING RESOURCE SURFACE FROM DISK
1071054.225	Study_Phase.SEQUENCE.Study_Instruction	LOADING RESOURCE SURFACE FROM DISK
1079371.074	Study_Phase.SEQUENCE.Study_Instruction	LOADING RESOURCE SURFACE FROM DISK
1087670.15	Study_Phase.SEQUENCE.Study_Instruction	LOADING RESOURCE SURFACE FROM DISK
1087672.347	Study_Phase.SEQUENCE.Study_Instruction	LOADING RESOURCE SURFACE FROM DISK
1096002.742	Study_Phase.SEQUENCE.Study_Instruction	LOADING RESOURCE SURFACE FROM DISK
1104303.381	Study_Phase.SEQUENCE.Study_Instruction	LOADING RESOURCE SURFACE FROM DISK
1104305.662	Study_Phase.SEQUENCE.Study_Instruction	LOADING RESOURCE SURFACE FROM DISK
1112688.761	Study_Phase.SEQUENCE.Study_Instruction	LOADING RESOURCE SURFACE FROM DISK
1120986.842	Study_Phase.SEQUENCE.Study_Instruction	LOADING RESOURCE SURFACE FROM DISK
1121023.821	Study_Phase.SEQUENCE.Study_Instruction	LOADING RESOURCE SURFACE FROM DISK
1129351.863	Study_Phase.SEQUENCE.Study_Instruction	LOADING RESOURCE SURFACE FROM DISK
1137636.597	Study_Phase.SEQUENCE.Study_Instruction	LOADING RESOURCE SURFACE FROM DISK
1137676.774	Study_Phase.SEQUENCE.Study_Instruction	LOADING RESOURCE SURFACE FROM DISK
1145970.192	Study_Phase.SEQUENCE.Study_Instruction	LOADING RESOURCE SURFACE FROM DISK
1146007.552	Study_Phase.SEQUENCE.Study_Instruction	LOADING RESOURCE SURFACE FROM DISK
1154317.132	Study_Phase.SEQUENCE.Study_Instruction	LOADING RESOURCE SURFACE FROM DISK
1162638.171	Study_Phase.SEQUENCE.Study_Instruction	LOADING RESOURCE SURFACE FROM DISK
1170953.712	Study_Phase.SEQUENCE.Study_Instruction	LOADING RESOURCE SURFACE FROM DISK
1170989.19	Study_Phase.SEQUENCE.Study_Instruction	LOADING RESOURCE SURFACE FROM DISK
1179287.02	Study_Phase.SEQUENCE.Study_Instruction	LOADING RESOURCE SURFACE FROM DISK
1179322.2	Study_Phase.SEQUENCE.Study_Instruction	LOADING RESOURCE SURFACE FROM DISK
1187620.142	Study_Phase.SEQUENCE.Study_Instruction	LOADING RESOURCE SURFACE FROM DISK
1187622.432	Study_Phase.SEQUENCE.Study_Instruction	LOADING RESOURCE SURFACE FROM DISK
1195914.307	Study_Phase.SEQUENCE.Study_Instruction	LOADING RESOURCE SURFACE FROM DISK
1204254.581	Study_Phase.SEQUENCE.Study_Instruction	LOADING RESOURCE SURFACE FROM DISK
1212584.964	Study_Phase.SEQUENCE.Study_Instruction	LOADING RESOURCE SURFACE FROM DISK
1220880.682	Study_Phase.SEQUENCE.Study_Instruction	LOADING RESOURCE SURFACE FROM DISK
1229221.396	Study_Phase.SEQUENCE.Study_Instruction	LOADING RESOURCE SURFACE FROM DISK
1237520.137	Study_Phase.SEQUENCE.Study_Instruction	LOADING RESOURCE SURFACE FROM DISK
1237522.402	Study_Phase.SEQUENCE.Study_Instruction	LOADING RESOURCE SURFACE FROM DISK
1245803.513	Study_Phase.SEQUENCE.Study_Instruction	LOADING RESOURCE SURFACE FROM DISK
1245848.342	Study_Phase.SEQUENCE.Study_Instruction	LOADING RESOURCE SURFACE FROM DISK
1254136.68	Study_Phase.SEQUENCE.Study_Instruction	LOADING RESOURCE SURFACE FROM DISK
1254173.108	Study_Phase.SEQUENCE.Study_Instruction	LOADING RESOURCE SURFACE FROM DISK
1262470.223	Study_Phase.SEQUENCE.Study_Instruction	LOADING RESOURCE SURFACE FROM DISK
1262512.617	Study_Phase.SEQUENCE.Study_Instruction	LOADING RESOURCE SURFACE FROM DISK
1270839.246	Study_Phase.SEQUENCE.Study_Instruction	LOADING RESOURCE SURFACE FROM DISK
1279136.827	Study_Phase.SEQUENCE.Study_Instruction	LOADING RESOURCE SURFACE FROM DISK
1279139.132	Study_Phase.SEQUENCE.Study_Instruction	LOADING RESOURCE SURFACE FROM DISK
1287468.187	Study_Phase.SEQUENCE.Study_Instruction	LOADING RESOURCE SURFACE FROM DISK
1295784.538	Study_Phase.SEQUENCE.Study_Instruction	LOADING RESOURCE SURFACE FROM DISK
1304107.0	Study_Phase.SEQUENCE.Study_Instruction	LOADING RESOURCE SURFACE FROM DISK
1312403.658	Study_Phase.SEQUENCE.Study_Instruction	LOADING RESOURCE SURFACE FROM DISK
1312444.069	Study_Phase.SEQUENCE.Study_Instruction	LOADING RESOURCE SURFACE FROM DISK
1320772.02	Study_Phase.SEQUENCE.Study_Instruction	LOADING RESOURCE SURFACE FROM DISK
1329070.278	Study_Phase.SEQUENCE.Study_Instruction	LOADING RESOURCE SURFACE FROM DISK
1329072.523	Study_Phase.SEQUENCE.Study_Instruction	LOADING RESOURCE SURFACE FROM DISK
1337370.133	Study_Phase.SEQUENCE.Study_Instruction	LOADING RESOURCE SURFACE FROM DISK
1337412.584	Study_Phase.SEQUENCE.Study_Instruction	LOADING RESOURCE SURFACE FROM DISK
1345718.987	Study_Phase.SEQUENCE.Study_Instruction	LOADING RESOURCE SURFACE FROM DISK
1354020.139	Study_Phase.SEQUENCE.Study_Instruction	LOADING RESOURCE SURFACE FROM DISK
1354065.468	Study_Phase.SEQUENCE.Study_Instruction	LOADING RESOURCE SURFACE FROM DISK
1362381.591	Study_Phase.SEQUENCE.Study_Instruction	LOADING RESOURCE SURFACE FROM DISK
1370703.099	Study_Phase.SEQUENCE.Study_Instruction	LOADING RESOURCE SURFACE FROM DISK
1379003.344	Study_Phase.SEQUENCE.Study_Instruction	LOADING RESOURCE SURFACE FROM DISK
1379046.946	Study_Phase.SEQUENCE.Study_Instruction	LOADING RESOURCE SURFACE FROM DISK
1387364.029	Study_Phase.SEQUENCE.Study_Instruction	LOADING RESOURCE SURFACE FROM DISK
1395653.597	Study_Phase.SEQUENCE.Study_Instruction	LOADING RESOURCE SURFACE FROM DISK
1395656.041	Study_Phase.SEQUENCE.Study_Instruction	LOADING RESOURCE SURFACE FROM DISK
1403947.699	Study_Phase.SEQUENCE.Study_Instruction	LOADING RESOURCE SURFACE FROM DISK
1412253.466	Study_Phase.SEQUENCE.Study_Instruction	LOADING RESOURCE SURFACE FROM DISK
1412277.865	Study_Phase.SEQUENCE.Study_Instruction	LOADING RESOURCE SURFACE FROM DISK
1420601.131	Study_Phase.SEQUENCE.Study_Instruction	LOADING RESOURCE SURFACE FROM DISK
1428887.074	Study_Phase.SEQUENCE.Study_Instruction	LOADING RESOURCE SURFACE FROM DISK
1428927.785	Study_Phase.SEQUENCE.Study_Instruction	LOADING RESOURCE SURFACE FROM DISK
1437220.256	Study_Phase.SEQUENCE.Study_Instruction	LOADING RESOURCE SURFACE FROM DISK
1437281.084	Study_Phase.SEQUENCE.Study_Instruction	LOADING RESOURCE SURFACE FROM DISK
1445570.34	Study_Phase.SEQUENCE.Study_Instruction	LOADING RESOURCE SURFACE FROM DISK
1445612.901	Study_Phase.SEQUENCE.Study_Instruction	LOADING RESOURCE SURFACE FROM DISK
1453897.884	Study_Phase.SEQUENCE.Study_Instruction	LOADING RESOURCE SURFACE FROM DISK
1462239.165	Study_Phase.SEQUENCE.Study_Instruction	LOADING RESOURCE SURFACE FROM DISK
1470536.942	Study_Phase.SEQUENCE.Study_Instruction	LOADING RESOURCE SURFACE FROM DISK
1470579.165	Study_Phase.SEQUENCE.Study_Instruction	LOADING RESOURCE SURFACE FROM DISK
1478864.424	Study_Phase.SEQUENCE.Study_Instruction	LOADING RESOURCE SURFACE FROM DISK
1487170.091	Study_Phase.SEQUENCE.Study_Instruction	LOADING RESOURCE SURFACE FROM DISK
1487172.338	Study_Phase.SEQUENCE.Study_Instruction	LOADING RESOURCE SURFACE FROM DISK
1495470.121	Study_Phase.SEQUENCE.Study_Instruction	LOADING RESOURCE SURFACE FROM DISK
1495511.456	Study_Phase.SEQUENCE.Study_Instruction	LOADING RESOURCE SURFACE FROM DISK
1503803.388	Study_Phase.SEQUENCE.Study_Instruction	LOADING RESOURCE SURFACE FROM DISK
1503848.285	Study_Phase.SEQUENCE.Study_Instruction	LOADING RESOURCE SURFACE FROM DISK
1512172.483	Study_Phase.SEQUENCE.Study_Instruction	LOADING RESOURCE SURFACE FROM DISK
1520464.064	Study_Phase.SEQUENCE.Study_Instruction	LOADING RESOURCE SURFACE FROM DISK
1528769.924	Study_Phase.SEQUENCE.Study_Instruction	LOADING RESOURCE SURFACE FROM DISK
1528808.545	Study_Phase.SEQUENCE.Study_Instruction	LOADING RESOURCE SURFACE FROM DISK
1537129.593	Study_Phase.SEQUENCE.Study_Instruction	LOADING RESOURCE SURFACE FROM DISK
1545420.178	Study_Phase.SEQUENCE.Study_Instruction	LOADING RESOURCE SURFACE FROM DISK
1545422.507	Study_Phase.SEQUENCE.Study_Instruction	LOADING RESOURCE SURFACE FROM DISK
1553714.52	Study_Phase.SEQUENCE.Study_Instruction	LOADING RESOURCE SURFACE FROM DISK
1562020.209	Study_Phase.SEQUENCE.Study_Instruction	LOADING RESOURCE SURFACE FROM DISK
1562058.553	Study_Phase.SEQUENCE.Study_Instruction	LOADING RESOURCE SURFACE FROM DISK
1570353.222	Study_Phase.SEQUENCE.Study_Instruction	LOADING RESOURCE SURFACE FROM DISK
1570391.311	Study_Phase.SEQUENCE.Study_Instruction	LOADING RESOURCE SURFACE FROM DISK
1578686.914	Study_Phase.SEQUENCE.Study_Instruction	LOADING RESOURCE SURFACE FROM DISK
1578730.658	Study_Phase.SEQUENCE.Study_Instruction	LOADING RESOURCE SURFACE FROM DISK
1587020.117	Study_Phase.SEQUENCE.Study_Instruction	LOADING RESOURCE SURFACE FROM DISK
1587041.413	Study_Phase.SEQUENCE.Study_Instruction	LOADING RESOURCE SURFACE FROM DISK
1595369.137	Study_Phase.SEQUENCE.Study_Instruction	LOADING RESOURCE SURFACE FROM DISK
1603695.888	Study_Phase.SEQUENCE.Study_Instruction	LOADING RESOURCE SURFACE FROM DISK
1612016.073	Study_Phase.SEQUENCE.Study_Instruction	LOADING RESOURCE SURFACE FROM DISK
1616746.586	DISPLAY_SCREEN[7]	LOADING RESOURCE SURFACE FROM DISK
1763262.447	Test_Phase.SEQUENCE.Target_Cue	LOADING RESOURCE SURFACE FROM DISK
1763274.972	Test_Phase.SEQUENCE.Target_Cue	LOADING RESOURCE SURFACE FROM DISK
1765297.249	Test_Phase.SEQUENCE.Word	LOADING RESOURCE SURFACE FROM DISK
1768372.433	Test_Phase.SEQUENCE.Test_Question	LOADING RESOURCE SURFACE FROM DISK
1768378.458	Test_Phase.SEQUENCE.Test_Question	LOADING RESOURCE SURFACE FROM DISK
1768384.524	Test_Phase.SEQUENCE.Test_Question	LOADING RESOURCE SURFACE FROM DISK
1768398.226	Test_Phase.SEQUENCE.Test_Question	LOADING RESOURCE SURFACE FROM DISK
1768400.311	Test_Phase.SEQUENCE.Test_Question	LOADING RESOURCE SURFACE FROM DISK
1768402.503	Test_Phase.SEQUENCE.Test_Question	LOADING RESOURCE SURFACE FROM DISK
1768404.692	Test_Phase.SEQUENCE.Test_Question	LOADING RESOURCE SURFACE FROM DISK
1768406.691	Test_Phase.SEQUENCE.Test_Question	LOADING RESOURCE SURFACE FROM DISK
1768408.68	Test_Phase.SEQUENCE.Test_Question	LOADING RESOURCE SURFACE FROM DISK
1768410.673	Test_Phase.SEQUENCE.Test_Question	LOADING RESOURCE SURFACE FROM DISK
1768412.693	Test_Phase.SEQUENCE.Test_Question	LOADING RESOURCE SURFACE FROM DISK
1768414.737	Test_Phase.SEQUENCE.Test_Question	LOADING RESOURCE SURFACE FROM DISK
1786230.833	Test_Phase.SEQUENCE.Word	LOADING RESOURCE SURFACE FROM DISK
1795704.463	Test_Phase.SEQUENCE.Word	LOADING RESOURCE SURFACE FROM DISK
1803630.563	Test_Phase.SEQUENCE.Word	LOADING RESOURCE SURFACE FROM DISK
1814201.938	Test_Phase.SEQUENCE.Word	LOADING RESOURCE SURFACE FROM DISK
1824705.331	Test_Phase.SEQUENCE.Word	LOADING RESOURCE SURFACE FROM DISK
1834180.489	Test_Phase.SEQUENCE.Word	LOADING RESOURCE SURFACE FROM DISK
1845030.387	Test_Phase.SEQUENCE.Word	LOADING RESOURCE SURFACE FROM DISK
1853905.512	Test_Phase.SEQUENCE.Word	LOADING RESOURCE SURFACE FROM DISK
1861431.684	Test_Phase.SEQUENCE.Word	LOADING RESOURCE SURFACE FROM DISK
1870135.473	Test_Phase.SEQUENCE.Word	LOADING RESOURCE SURFACE FROM DISK
1877913.867	Test_Phase.SEQUENCE.Word	LOADING RESOURCE SURFACE FROM DISK
1887130.611	Test_Phase.SEQUENCE.Word	LOADING RESOURCE SURFACE FROM DISK
1895105.373	Test_Phase.SEQUENCE.Word	LOADING RESOURCE SURFACE FROM DISK
1906180.434	Test_Phase.SEQUENCE.Word	LOADING RESOURCE SURFACE FROM DISK
1915298.46	Test_Phase.SEQUENCE.Word	LOADING RESOURCE SURFACE FROM DISK
1924002.125	Test_Phase.SEQUENCE.Word	LOADING RESOURCE SURFACE FROM DISK
1933329.99	Test_Phase.SEQUENCE.Word	LOADING RESOURCE SURFACE FROM DISK
1941997.664	Test_Phase.SEQUENCE.Word	LOADING RESOURCE SURFACE FROM DISK
1951852.54	Test_Phase.SEQUENCE.Word	LOADING RESOURCE SURFACE FROM DISK
1960885.252	Test_Phase.SEQUENCE.Word	LOADING RESOURCE SURFACE FROM DISK
1968468.917	Test_Phase.SEQUENCE.Word	LOADING RESOURCE SURFACE FROM DISK
1976602.922	Test_Phase.SEQUENCE.Word	LOADING RESOURCE SURFACE FROM DISK
1986005.38	Test_Phase.SEQUENCE.Word	LOADING RESOURCE SURFACE FROM DISK
1994713.884	Test_Phase.SEQUENCE.Word	LOADING RESOURCE SURFACE FROM DISK
2003047.356	Test_Phase.SEQUENCE.Word	LOADING RESOURCE SURFACE FROM DISK
2011347.454	Test_Phase.SEQUENCE.Word	LOADING RESOURCE SURFACE FROM DISK
2019030.497	Test_Phase.SEQUENCE.Word	LOADING RESOURCE SURFACE FROM DISK
2026647.099	Test_Phase.SEQUENCE.Word	LOADING RESOURCE SURFACE FROM DISK
2034550.494	Test_Phase.SEQUENCE.Word	LOADING RESOURCE SURFACE FROM DISK
2042980.48	Test_Phase.SEQUENCE.Word	LOADING RESOURCE SURFACE FROM DISK
2051047.342	Test_Phase.SEQUENCE.Word	LOADING RESOURCE SURFACE FROM DISK
2058679.48	Test_Phase.SEQUENCE.Word	LOADING RESOURCE SURFACE FROM DISK
2066797.188	Test_Phase.SEQUENCE.Word	LOADING RESOURCE SURFACE FROM DISK
2076130.467	Test_Phase.SEQUENCE.Word	LOADING RESOURCE SURFACE FROM DISK
2083563.799	Test_Phase.SEQUENCE.Word	LOADING RESOURCE SURFACE FROM DISK
2091763.95	Test_Phase.SEQUENCE.Word	LOADING RESOURCE SURFACE FROM DISK
2099247.694	Test_Phase.SEQUENCE.Word	LOADING RESOURCE SURFACE FROM DISK
2106688.627	Test_Phase.SEQUENCE.Word	LOADING RESOURCE SURFACE FROM DISK
2115813.86	Test_Phase.SEQUENCE.Word	LOADING RESOURCE SURFACE FROM DISK
2123263.983	Test_Phase.SEQUENCE.Word	LOADING RESOURCE SURFACE FROM DISK
2133167.181	Test_Phase.SEQUENCE.Word	LOADING RESOURCE SURFACE FROM DISK
2140447.792	Test_Phase.SEQUENCE.Word	LOADING RESOURCE SURFACE FROM DISK
2148347.149	Test_Phase.SEQUENCE.Word	LOADING RESOURCE SURFACE FROM DISK
2156013.657	Test_Phase.SEQUENCE.Word	LOADING RESOURCE SURFACE FROM DISK
2163597.265	Test_Phase.SEQUENCE.Word	LOADING RESOURCE SURFACE FROM DISK
2171897.225	Test_Phase.SEQUENCE.Word	LOADING RESOURCE SURFACE FROM DISK
2179530.638	Test_Phase.SEQUENCE.Word	LOADING RESOURCE SURFACE FROM DISK
2186980.495	Test_Phase.SEQUENCE.Word	LOADING RESOURCE SURFACE FROM DISK
2194398.613	Test_Phase.SEQUENCE.Word	LOADING RESOURCE SURFACE FROM DISK
2203847.258	Test_Phase.SEQUENCE.Word	LOADING RESOURCE SURFACE FROM DISK
2211864.21	Test_Phase.SEQUENCE.Word	LOADING RESOURCE SURFACE FROM DISK
2221187.884	Test_Phase.SEQUENCE.Word	LOADING RESOURCE SURFACE FROM DISK
2228863.767	Test_Phase.SEQUENCE.Word	LOADING RESOURCE SURFACE FROM DISK
2236614.256	Test_Phase.SEQUENCE.Word	LOADING RESOURCE SURFACE FROM DISK
2246253.249	Test_Phase.SEQUENCE.Word	LOADING RESOURCE SURFACE FROM DISK
2253697.175	Test_Phase.SEQUENCE.Word	LOADING RESOURCE SURFACE FROM DISK
2262180.601	Test_Phase.SEQUENCE.Word	LOADING RESOURCE SURFACE FROM DISK
2269663.677	Test_Phase.SEQUENCE.Word	LOADING RESOURCE SURFACE FROM DISK
2279097.37	Test_Phase.SEQUENCE.Word	LOADING RESOURCE SURFACE FROM DISK
2290230.443	Test_Phase.SEQUENCE.Word	LOADING RESOURCE SURFACE FROM DISK
2298247.241	Test_Phase.SEQUENCE.Word	LOADING RESOURCE SURFACE FROM DISK
2308013.808	Test_Phase.SEQUENCE.Word	LOADING RESOURCE SURFACE FROM DISK
2315547.194	Test_Phase.SEQUENCE.Word	LOADING RESOURCE SURFACE FROM DISK
2324496.564	Test_Phase.SEQUENCE.Word	LOADING RESOURCE SURFACE FROM DISK
2333584.477	Test_Phase.SEQUENCE.Word	LOADING RESOURCE SURFACE FROM DISK
2341047.111	Test_Phase.SEQUENCE.Word	LOADING RESOURCE SURFACE FROM DISK
2348613.997	Test_Phase.SEQUENCE.Word	LOADING RESOURCE SURFACE FROM DISK
2357747.356	Test_Phase.SEQUENCE.Word	LOADING RESOURCE SURFACE FROM DISK
2364997.169	Test_Phase.SEQUENCE.Word	LOADING RESOURCE SURFACE FROM DISK
2372513.847	Test_Phase.SEQUENCE.Word	LOADING RESOURCE SURFACE FROM DISK
2380647.55	Test_Phase.SEQUENCE.Word	LOADING RESOURCE SURFACE FROM DISK
2387997.247	Test_Phase.SEQUENCE.Word	LOADING RESOURCE SURFACE FROM DISK
2395486.409	Test_Phase.SEQUENCE.Word	LOADING RESOURCE SURFACE FROM DISK
2403652.434	Test_Phase.SEQUENCE.Word	LOADING RESOURCE SURFACE FROM DISK
2412581.242	Test_Phase.SEQUENCE.Word	LOADING RESOURCE SURFACE FROM DISK
2423030.384	Test_Phase.SEQUENCE.Word	LOADING RESOURCE SURFACE FROM DISK
2431830.566	Test_Phase.SEQUENCE.Word	LOADING RESOURCE SURFACE FROM DISK
2439163.852	Test_Phase.SEQUENCE.Word	LOADING RESOURCE SURFACE FROM DISK
2447997.246	Test_Phase.SEQUENCE.Word	LOADING RESOURCE SURFACE FROM DISK
2455563.833	Test_Phase.SEQUENCE.Word	LOADING RESOURCE SURFACE FROM DISK
2464714.053	Test_Phase.SEQUENCE.Word	LOADING RESOURCE SURFACE FROM DISK
2472185.146	Test_Phase.SEQUENCE.Word	LOADING RESOURCE SURFACE FROM DISK
2479739.296	Test_Phase.SEQUENCE.Word	LOADING RESOURCE SURFACE FROM DISK
2487435.2	Test_Phase.SEQUENCE.Word	LOADING RESOURCE SURFACE FROM DISK
2496697.222	Test_Phase.SEQUENCE.Word	LOADING RESOURCE SURFACE FROM DISK
2507084.793	Test_Phase.SEQUENCE.Word	LOADING RESOURCE SURFACE FROM DISK
2514764.192	Test_Phase.SEQUENCE.Word	LOADING RESOURCE SURFACE FROM DISK
2522122.847	Test_Phase.SEQUENCE.Word	LOADING RESOURCE SURFACE FROM DISK
2530047.402	Test_Phase.SEQUENCE.Word	LOADING RESOURCE SURFACE FROM DISK
2537632.251	Test_Phase.SEQUENCE.Word	LOADING RESOURCE SURFACE FROM DISK
2545397.299	Test_Phase.SEQUENCE.Word	LOADING RESOURCE SURFACE FROM DISK
2553269.97	Test_Phase.SEQUENCE.Word	LOADING RESOURCE SURFACE FROM DISK
2560663.783	Test_Phase.SEQUENCE.Word	LOADING RESOURCE SURFACE FROM DISK
2568797.183	Test_Phase.SEQUENCE.Word	LOADING RESOURCE SURFACE FROM DISK
2578553.856	Test_Phase.SEQUENCE.Word	LOADING RESOURCE SURFACE FROM DISK
2587397.083	Test_Phase.SEQUENCE.Word	LOADING RESOURCE SURFACE FROM DISK
2597004.968	Test_Phase.SEQUENCE.Word	LOADING RESOURCE SURFACE FROM DISK
2605563.831	Test_Phase.SEQUENCE.Word	LOADING RESOURCE SURFACE FROM DISK
2614407.92	Test_Phase.SEQUENCE.Word	LOADING RESOURCE SURFACE FROM DISK
2622203.43	Test_Phase.SEQUENCE.Word	LOADING RESOURCE SURFACE FROM DISK
2629547.177	Test_Phase.SEQUENCE.Word	LOADING RESOURCE SURFACE FROM DISK
2636946.331	Test_Phase.SEQUENCE.Word	LOADING RESOURCE SURFACE FROM DISK
2644213.85	Test_Phase.SEQUENCE.Word	LOADING RESOURCE SURFACE FROM DISK
2652874.213	Test_Phase.SEQUENCE.Word	LOADING RESOURCE SURFACE FROM DISK
2660188.604	Test_Phase.SEQUENCE.Word	LOADING RESOURCE SURFACE FROM DISK
2667438.675	Test_Phase.SEQUENCE.Word	LOADING RESOURCE SURFACE FROM DISK
2674780.708	Test_Phase.SEQUENCE.Word	LOADING RESOURCE SURFACE FROM DISK
2682972.86	Test_Phase.SEQUENCE.Word	LOADING RESOURCE SURFACE FROM DISK
2691647.295	Test_Phase.SEQUENCE.Word	LOADING RESOURCE SURFACE FROM DISK
2699050.485	Test_Phase.SEQUENCE.Word	LOADING RESOURCE SURFACE FROM DISK
2707513.879	Test_Phase.SEQUENCE.Word	LOADING RESOURCE SURFACE FROM DISK
2715600.319	Test_Phase.SEQUENCE.Word	LOADING RESOURCE SURFACE FROM DISK
2723638.014	Test_Phase.SEQUENCE.Word	LOADING RESOURCE SURFACE FROM DISK
2731147.283	Test_Phase.SEQUENCE.Word	LOADING RESOURCE SURFACE FROM DISK
2738430.584	Test_Phase.SEQUENCE.Word	LOADING RESOURCE SURFACE FROM DISK
2746585.531	Test_Phase.SEQUENCE.Word	LOADING RESOURCE SURFACE FROM DISK
2754004.231	Test_Phase.SEQUENCE.Word	LOADING RESOURCE SURFACE FROM DISK
2761290.535	Test_Phase.SEQUENCE.Word	LOADING RESOURCE SURFACE FROM DISK
2768648.197	Test_Phase.SEQUENCE.Word	LOADING RESOURCE SURFACE FROM DISK
2777425.369	Test_Phase.SEQUENCE.Word	LOADING RESOURCE SURFACE FROM DISK
2786814.139	Test_Phase.SEQUENCE.Word	LOADING RESOURCE SURFACE FROM DISK
2795547.533	Test_Phase.SEQUENCE.Word	LOADING RESOURCE SURFACE FROM DISK
2802930.775	Test_Phase.SEQUENCE.Word	LOADING RESOURCE SURFACE FROM DISK
2818847.259	Test_Phase.SEQUENCE.Word	LOADING RESOURCE SURFACE FROM DISK
2827133.79	Test_Phase.SEQUENCE.Word	LOADING RESOURCE SURFACE FROM DISK
2835130.431	Test_Phase.SEQUENCE.Word	LOADING RESOURCE SURFACE FROM DISK
2842513.985	Test_Phase.SEQUENCE.Word	LOADING RESOURCE SURFACE FROM DISK
2850356.323	Test_Phase.SEQUENCE.Word	LOADING RESOURCE SURFACE FROM DISK
2859153.328	Test_Phase.SEQUENCE.Word	LOADING RESOURCE SURFACE FROM DISK
2866730.935	Test_Phase.SEQUENCE.Word	LOADING RESOURCE SURFACE FROM DISK
2874013.92	Test_Phase.SEQUENCE.Word	LOADING RESOURCE SURFACE FROM DISK
2881250.865	Test_Phase.SEQUENCE.Word	LOADING RESOURCE SURFACE FROM DISK
2889697.189	Test_Phase.SEQUENCE.Word	LOADING RESOURCE SURFACE FROM DISK
2897564.336	Test_Phase.SEQUENCE.Word	LOADING RESOURCE SURFACE FROM DISK
2906330.666	Test_Phase.SEQUENCE.Word	LOADING RESOURCE SURFACE FROM DISK
2914280.764	Test_Phase.SEQUENCE.Word	LOADING RESOURCE SURFACE FROM DISK
2922130.855	Test_Phase.SEQUENCE.Word	LOADING RESOURCE SURFACE FROM DISK
2930063.745	Test_Phase.SEQUENCE.Word	LOADING RESOURCE SURFACE FROM DISK
2938347.051	Test_Phase.SEQUENCE.Word	LOADING RESOURCE SURFACE FROM DISK
2945955.964	Test_Phase.SEQUENCE.Word	LOADING RESOURCE SURFACE FROM DISK
2953547.252	Test_Phase.SEQUENCE.Word	LOADING RESOURCE SURFACE FROM DISK
2960813.864	Test_Phase.SEQUENCE.Word	LOADING RESOURCE SURFACE FROM DISK
2968163.685	Test_Phase.SEQUENCE.Word	LOADING RESOURCE SURFACE FROM DISK
2977013.679	Test_Phase.SEQUENCE.Word	LOADING RESOURCE SURFACE FROM DISK
2984230.51	Test_Phase.SEQUENCE.Word	LOADING RESOURCE SURFACE FROM DISK
2993214.038	Test_Phase.SEQUENCE.Word	LOADING RESOURCE SURFACE FROM DISK
3001680.56	Test_Phase.SEQUENCE.Word	LOADING RESOURCE SURFACE FROM DISK
3009551.005	Test_Phase.SEQUENCE.Word	LOADING RESOURCE SURFACE FROM DISK
3016863.963	Test_Phase.SEQUENCE.Word	LOADING RESOURCE SURFACE FROM DISK
3026013.994	Test_Phase.SEQUENCE.Word	LOADING RESOURCE SURFACE FROM DISK
3033430.479	Test_Phase.SEQUENCE.Word	LOADING RESOURCE SURFACE FROM DISK
3040923.1	Test_Phase.SEQUENCE.Word	LOADING RESOURCE SURFACE FROM DISK
3049147.286	Test_Phase.SEQUENCE.Word	LOADING RESOURCE SURFACE FROM DISK
3057163.833	Test_Phase.SEQUENCE.Word	LOADING RESOURCE SURFACE FROM DISK
3065616.651	Test_Phase.SEQUENCE.Word	LOADING RESOURCE SURFACE FROM DISK
3074668.345	Test_Phase.SEQUENCE.Word	LOADING RESOURCE SURFACE FROM DISK
3083303.331	Test_Phase.SEQUENCE.Word	LOADING RESOURCE SURFACE FROM DISK
3092730.554	Test_Phase.SEQUENCE.Word	LOADING RESOURCE SURFACE FROM DISK
3099991.929	Test_Phase.SEQUENCE.Word	LOADING RESOURCE SURFACE FROM DISK
3107213.715	Test_Phase.SEQUENCE.Word	LOADING RESOURCE SURFACE FROM DISK
3115580.839	Test_Phase.SEQUENCE.Word	LOADING RESOURCE SURFACE FROM DISK
3123883.623	Test_Phase.SEQUENCE.Word	LOADING RESOURCE SURFACE FROM DISK
3131113.848	Test_Phase.SEQUENCE.Word	LOADING RESOURCE SURFACE FROM DISK
3139430.431	Test_Phase.SEQUENCE.Word	LOADING RESOURCE SURFACE FROM DISK
3146813.989	Test_Phase.SEQUENCE.Word	LOADING RESOURCE SURFACE FROM DISK
3154361.395	Test_Phase.SEQUENCE.Word	LOADING RESOURCE SURFACE FROM DISK
3162134.386	Test_Phase.SEQUENCE.Word	LOADING RESOURCE SURFACE FROM DISK
3170763.952	Test_Phase.SEQUENCE.Word	LOADING RESOURCE SURFACE FROM DISK
3178113.734	Test_Phase.SEQUENCE.Word	LOADING RESOURCE SURFACE FROM DISK
3185924.117	Test_Phase.SEQUENCE.Word	LOADING RESOURCE SURFACE FROM DISK
3194663.882	Test_Phase.SEQUENCE.Word	LOADING RESOURCE SURFACE FROM DISK
3201930.755	Test_Phase.SEQUENCE.Word	LOADING RESOURCE SURFACE FROM DISK
3209404.547	Test_Phase.SEQUENCE.Word	LOADING RESOURCE SURFACE FROM DISK
3219930.333	Test_Phase.SEQUENCE.Word	LOADING RESOURCE SURFACE FROM DISK
3227455.08	Test_Phase.SEQUENCE.Word	LOADING RESOURCE SURFACE FROM DISK
3234997.129	Test_Phase.SEQUENCE.Word	LOADING RESOURCE SURFACE FROM DISK
3243080.688	Test_Phase.SEQUENCE.Word	LOADING RESOURCE SURFACE FROM DISK
3250697.285	Test_Phase.SEQUENCE.Word	LOADING RESOURCE SURFACE FROM DISK
3258148.293	Test_Phase.SEQUENCE.Word	LOADING RESOURCE SURFACE FROM DISK
3266563.842	Test_Phase.SEQUENCE.Word	LOADING RESOURCE SURFACE FROM DISK
3275063.291	Test_Phase.SEQUENCE.Word	LOADING RESOURCE SURFACE FROM DISK
3282497.393	Test_Phase.SEQUENCE.Word	LOADING RESOURCE SURFACE FROM DISK
3290568.424	Test_Phase.SEQUENCE.Word	LOADING RESOURCE SURFACE FROM DISK
3298282.851	Test_Phase.SEQUENCE.Word	LOADING RESOURCE SURFACE FROM DISK
3305536.53	Test_Phase.SEQUENCE.Word	LOADING RESOURCE SURFACE FROM DISK
3312914.019	Test_Phase.SEQUENCE.Word	LOADING RESOURCE SURFACE FROM DISK
3320205.079	Test_Phase.SEQUENCE.Word	LOADING RESOURCE SURFACE FROM DISK
3328200.798	Test_Phase.SEQUENCE.Word	LOADING RESOURCE SURFACE FROM DISK
3335464.354	Test_Phase.SEQUENCE.Word	LOADING RESOURCE SURFACE FROM DISK
3342836.342	Test_Phase.SEQUENCE.Word	LOADING RESOURCE SURFACE FROM DISK
3350239.294	Test_Phase.SEQUENCE.Word	LOADING RESOURCE SURFACE FROM DISK
3358238.518	Test_Phase.SEQUENCE.Word	LOADING RESOURCE SURFACE FROM DISK
3365732.838	Test_Phase.SEQUENCE.Word	LOADING RESOURCE SURFACE FROM DISK
3373168.55	Test_Phase.SEQUENCE.Word	LOADING RESOURCE SURFACE FROM DISK
3381413.662	Test_Phase.SEQUENCE.Word	LOADING RESOURCE SURFACE FROM DISK
3388647.119	Test_Phase.SEQUENCE.Word	LOADING RESOURCE SURFACE FROM DISK
3395914.075	Test_Phase.SEQUENCE.Word	LOADING RESOURCE SURFACE FROM DISK
3404170.817	Test_Phase.SEQUENCE.Word	LOADING RESOURCE SURFACE FROM DISK
3407868.605	DISPLAY_SCREEN	LOADING RESOURCE SURFACE FROM DISK
