5523.138	DISPLAY_SCREEN[1]	LOADING RESOURCE SURFACE FROM DISK
1215850.598	Familiarization_Phase.SEQUENCE.Cue_and_Instruction	LOADING RESOURCE SURFACE FROM DISK
1215877.646	Familiarization_Phase.SEQUENCE.Cue_and_Instruction	LOADING RESOURCE SURFACE FROM DISK
1221952.826	Familiarization_Phase.SEQUENCE.Cue_and_Instruction	LOADING RESOURCE SURFACE FROM DISK
1221966.376	Familiarization_Phase.SEQUENCE.Cue_and_Instruction	LOADING RESOURCE SURFACE FROM DISK
1228037.316	Familiarization_Phase.SEQUENCE.Cue_and_Instruction	LOADING RESOURCE SURFACE FROM DISK
1228055.133	Familiarization_Phase.SEQUENCE.Cue_and_Instruction	LOADING RESOURCE SURFACE FROM DISK
1270464.372	DISPLAY_SCREEN[3]	LOADING RESOURCE SURFACE FROM DISK
1270944.972	DISPLAY_SCREEN[5]	LOADING RESOURCE SURFACE FROM DISK
1689517.935	Practice_Phase.SEQUENCE.Blink_Screen	LOADING RESOURCE SURFACE FROM DISK
1689518.905	Practice_Phase.SEQUENCE.Blink_Screen	flip time is later than desired time. Desired Time=1689264 Flip Time=1689531 Retrace Rate=16.645, prepareTime=278 flip request time 1689518
1690750.219	Practice_Phase.SEQUENCE.Practice_Luminance_Cue	LOADING RESOURCE SURFACE FROM DISK
1690766.227	Practice_Phase.SEQUENCE.Practice_Luminance_Cue	LOADING RESOURCE SURFACE FROM DISK
1690767.625	Practice_Phase.SEQUENCE.Practice_Luminance_Cue	flip time is later than desired time. Desired Time=1690731 Flip Time=1690781 Retrace Rate=16.645, prepareTime=60 flip request time 1690767
1691305.574	Practice_Phase.SEQUENCE.DISPLAY_SCREEN	LOADING RESOURCE SURFACE FROM DISK
1691307.542	Practice_Phase.SEQUENCE.DISPLAY_SCREEN	flip time is later than desired time. Desired Time=1691281 Flip Time=1691331 Retrace Rate=16.645, prepareTime=50 flip request time 1691307
1692847.769	Practice_Phase.SEQUENCE.Practice_Instruction	LOADING RESOURCE SURFACE FROM DISK
1692849.154	Practice_Phase.SEQUENCE.Practice_Instruction	flip time is later than desired time. Desired Time=1692831 Flip Time=1692864 Retrace Rate=16.645, prepareTime=42 flip request time 1692849
1699423.441	Practice_Phase.SEQUENCE.DISPLAY_SCREEN	LOADING RESOURCE SURFACE FROM DISK
1699425.188	Practice_Phase.SEQUENCE.DISPLAY_SCREEN	flip time is later than desired time. Desired Time=1699431 Flip Time=1699447 Retrace Rate=16.645, prepareTime=18 flip request time 1699425
1700961.042	Practice_Phase.SEQUENCE.Practice_Instruction	LOADING RESOURCE SURFACE FROM DISK
1700962.447	Practice_Phase.SEQUENCE.Practice_Instruction	flip time is later than desired time. Desired Time=1700947 Flip Time=1700981 Retrace Rate=16.645, prepareTime=38 flip request time 1700962
1707571.409	Practice_Phase.SEQUENCE.DISPLAY_SCREEN	LOADING RESOURCE SURFACE FROM DISK
1707573.085	Practice_Phase.SEQUENCE.DISPLAY_SCREEN	flip time is later than desired time. Desired Time=1707547 Flip Time=1707597 Retrace Rate=16.645, prepareTime=49 flip request time 1707572
1709075.911	Practice_Phase.SEQUENCE.Practice_Instruction	LOADING RESOURCE SURFACE FROM DISK
1715645.562	Practice_Phase.SEQUENCE.DISPLAY_SCREEN	LOADING RESOURCE SURFACE FROM DISK
1717178.339	Practice_Phase.SEQUENCE.Practice_Instruction	LOADING RESOURCE SURFACE FROM DISK
1717179.775	Practice_Phase.SEQUENCE.Practice_Instruction	flip time is later than desired time. Desired Time=1717164 Flip Time=1717197 Retrace Rate=16.645, prepareTime=39 flip request time 1717179
1723745.323	Practice_Phase.SEQUENCE.DISPLAY_SCREEN	LOADING RESOURCE SURFACE FROM DISK
1725276.834	Practice_Phase.SEQUENCE.Practice_Instruction	LOADING RESOURCE SURFACE FROM DISK
1725278.166	Practice_Phase.SEQUENCE.Practice_Instruction	flip time is later than desired time. Desired Time=1725264 Flip Time=1725297 Retrace Rate=16.645, prepareTime=38 flip request time 1725278
1731845.441	Practice_Phase.SEQUENCE.DISPLAY_SCREEN	LOADING RESOURCE SURFACE FROM DISK
1733384.07	Practice_Phase.SEQUENCE.Practice_Instruction	LOADING RESOURCE SURFACE FROM DISK
1733385.453	Practice_Phase.SEQUENCE.Practice_Instruction	flip time is later than desired time. Desired Time=1733364 Flip Time=1733397 Retrace Rate=16.645, prepareTime=45 flip request time 1733385
1739945.496	Practice_Phase.SEQUENCE.DISPLAY_SCREEN	LOADING RESOURCE SURFACE FROM DISK
1741477.457	Practice_Phase.SEQUENCE.Practice_Instruction	LOADING RESOURCE SURFACE FROM DISK
1741478.846	Practice_Phase.SEQUENCE.Practice_Instruction	flip time is later than desired time. Desired Time=1741464 Flip Time=1741497 Retrace Rate=16.645, prepareTime=38 flip request time 1741478
1748045.48	Practice_Phase.SEQUENCE.DISPLAY_SCREEN	LOADING RESOURCE SURFACE FROM DISK
1749581.92	Practice_Phase.SEQUENCE.Practice_Instruction	LOADING RESOURCE SURFACE FROM DISK
1749583.198	Practice_Phase.SEQUENCE.Practice_Instruction	flip time is later than desired time. Desired Time=1749564 Flip Time=1749597 Retrace Rate=16.645, prepareTime=43 flip request time 1749583
1756145.348	Practice_Phase.SEQUENCE.DISPLAY_SCREEN	LOADING RESOURCE SURFACE FROM DISK
1757659.401	Practice_Phase.SEQUENCE.Practice_Instruction	LOADING RESOURCE SURFACE FROM DISK
1757660.821	Practice_Phase.SEQUENCE.Practice_Instruction	flip time is later than desired time. Desired Time=1757664 Flip Time=1757681 Retrace Rate=16.645, prepareTime=20 flip request time 1757660
1762337.61	DISPLAY_SCREEN[2]	LOADING RESOURCE SURFACE FROM DISK
1878494.037	Study_Phase.SEQUENCE.Study_Instruction	LOADING RESOURCE SURFACE FROM DISK
1885253.779	Study_Phase.SEQUENCE.DISPLAY_SCREEN	LOADING RESOURCE SURFACE FROM DISK
1886805.681	Study_Phase.SEQUENCE.Study_Instruction	LOADING RESOURCE SURFACE FROM DISK
1895117.637	Study_Phase.SEQUENCE.Study_Instruction	LOADING RESOURCE SURFACE FROM DISK
1901870.325	Study_Phase.SEQUENCE.DISPLAY_SCREEN	LOADING RESOURCE SURFACE FROM DISK
1903384.39	Study_Phase.SEQUENCE.Study_Instruction	LOADING RESOURCE SURFACE FROM DISK
1910120.453	Study_Phase.SEQUENCE.DISPLAY_SCREEN	LOADING RESOURCE SURFACE FROM DISK
1911670.104	Study_Phase.SEQUENCE.Study_Instruction	LOADING RESOURCE SURFACE FROM DISK
1918420.467	Study_Phase.SEQUENCE.DISPLAY_SCREEN	LOADING RESOURCE SURFACE FROM DISK
1919989.527	Study_Phase.SEQUENCE.Study_Instruction	LOADING RESOURCE SURFACE FROM DISK
1926753.946	Study_Phase.SEQUENCE.DISPLAY_SCREEN	LOADING RESOURCE SURFACE FROM DISK
1928308.74	Study_Phase.SEQUENCE.Study_Instruction	LOADING RESOURCE SURFACE FROM DISK
1935053.755	Study_Phase.SEQUENCE.DISPLAY_SCREEN	LOADING RESOURCE SURFACE FROM DISK
1936624.035	Study_Phase.SEQUENCE.Study_Instruction	LOADING RESOURCE SURFACE FROM DISK
1943387.176	Study_Phase.SEQUENCE.DISPLAY_SCREEN	LOADING RESOURCE SURFACE FROM DISK
1944937.164	Study_Phase.SEQUENCE.Study_Instruction	LOADING RESOURCE SURFACE FROM DISK
1951687.06	Study_Phase.SEQUENCE.DISPLAY_SCREEN	LOADING RESOURCE SURFACE FROM DISK
1953234.961	Study_Phase.SEQUENCE.Study_Instruction	LOADING RESOURCE SURFACE FROM DISK
1961501.095	Study_Phase.SEQUENCE.Study_Instruction	LOADING RESOURCE SURFACE FROM DISK
1968253.897	Study_Phase.SEQUENCE.DISPLAY_SCREEN	LOADING RESOURCE SURFACE FROM DISK
1969803.745	Study_Phase.SEQUENCE.Study_Instruction	LOADING RESOURCE SURFACE FROM DISK
1978145.763	Study_Phase.SEQUENCE.Study_Instruction	LOADING RESOURCE SURFACE FROM DISK
1986458.585	Study_Phase.SEQUENCE.Study_Instruction	LOADING RESOURCE SURFACE FROM DISK
1994767.218	Study_Phase.SEQUENCE.Study_Instruction	LOADING RESOURCE SURFACE FROM DISK
2001503.964	Study_Phase.SEQUENCE.DISPLAY_SCREEN	LOADING RESOURCE SURFACE FROM DISK
2003057.465	Study_Phase.SEQUENCE.Study_Instruction	LOADING RESOURCE SURFACE FROM DISK
2011358.734	Study_Phase.SEQUENCE.Study_Instruction	LOADING RESOURCE SURFACE FROM DISK
2018120.611	Study_Phase.SEQUENCE.DISPLAY_SCREEN	LOADING RESOURCE SURFACE FROM DISK
2019634.383	Study_Phase.SEQUENCE.Study_Instruction	LOADING RESOURCE SURFACE FROM DISK
2026387.114	Study_Phase.SEQUENCE.DISPLAY_SCREEN	LOADING RESOURCE SURFACE FROM DISK
2027934.981	Study_Phase.SEQUENCE.Study_Instruction	LOADING RESOURCE SURFACE FROM DISK
2036234.964	Study_Phase.SEQUENCE.Study_Instruction	LOADING RESOURCE SURFACE FROM DISK
2042970.424	Study_Phase.SEQUENCE.DISPLAY_SCREEN	LOADING RESOURCE SURFACE FROM DISK
2044520.822	Study_Phase.SEQUENCE.Study_Instruction	LOADING RESOURCE SURFACE FROM DISK
2052822.542	Study_Phase.SEQUENCE.Study_Instruction	LOADING RESOURCE SURFACE FROM DISK
2061142.584	Study_Phase.SEQUENCE.Study_Instruction	LOADING RESOURCE SURFACE FROM DISK
2067903.79	Study_Phase.SEQUENCE.DISPLAY_SCREEN	LOADING RESOURCE SURFACE FROM DISK
2069461.989	Study_Phase.SEQUENCE.Study_Instruction	LOADING RESOURCE SURFACE FROM DISK
2077773.327	Study_Phase.SEQUENCE.Study_Instruction	LOADING RESOURCE SURFACE FROM DISK
2084520.447	Study_Phase.SEQUENCE.DISPLAY_SCREEN	LOADING RESOURCE SURFACE FROM DISK
2086034.375	Study_Phase.SEQUENCE.Study_Instruction	LOADING RESOURCE SURFACE FROM DISK
2094332.715	Study_Phase.SEQUENCE.Study_Instruction	LOADING RESOURCE SURFACE FROM DISK
2102641.626	Study_Phase.SEQUENCE.Study_Instruction	LOADING RESOURCE SURFACE FROM DISK
2109403.75	Study_Phase.SEQUENCE.DISPLAY_SCREEN	LOADING RESOURCE SURFACE FROM DISK
2110957.43	Study_Phase.SEQUENCE.Study_Instruction	LOADING RESOURCE SURFACE FROM DISK
2119276.167	Study_Phase.SEQUENCE.Study_Instruction	LOADING RESOURCE SURFACE FROM DISK
2126037.047	Study_Phase.SEQUENCE.DISPLAY_SCREEN	LOADING RESOURCE SURFACE FROM DISK
2127551.148	Study_Phase.SEQUENCE.Study_Instruction	LOADING RESOURCE SURFACE FROM DISK
2135842.697	Study_Phase.SEQUENCE.Study_Instruction	LOADING RESOURCE SURFACE FROM DISK
2142603.798	Study_Phase.SEQUENCE.DISPLAY_SCREEN	LOADING RESOURCE SURFACE FROM DISK
2144151.878	Study_Phase.SEQUENCE.Study_Instruction	LOADING RESOURCE SURFACE FROM DISK
2152451.052	Study_Phase.SEQUENCE.Study_Instruction	LOADING RESOURCE SURFACE FROM DISK
2159203.683	Study_Phase.SEQUENCE.DISPLAY_SCREEN	LOADING RESOURCE SURFACE FROM DISK
2160750.883	Study_Phase.SEQUENCE.Study_Instruction	LOADING RESOURCE SURFACE FROM DISK
2169052.955	Study_Phase.SEQUENCE.Study_Instruction	LOADING RESOURCE SURFACE FROM DISK
2177364.688	Study_Phase.SEQUENCE.Study_Instruction	LOADING RESOURCE SURFACE FROM DISK
2185672.43	Study_Phase.SEQUENCE.Study_Instruction	LOADING RESOURCE SURFACE FROM DISK
2192437.227	Study_Phase.SEQUENCE.DISPLAY_SCREEN	LOADING RESOURCE SURFACE FROM DISK
2193951.187	Study_Phase.SEQUENCE.Study_Instruction	LOADING RESOURCE SURFACE FROM DISK
2202258.078	Study_Phase.SEQUENCE.Study_Instruction	LOADING RESOURCE SURFACE FROM DISK
2209020.476	Study_Phase.SEQUENCE.DISPLAY_SCREEN	LOADING RESOURCE SURFACE FROM DISK
2210570.88	Study_Phase.SEQUENCE.Study_Instruction	LOADING RESOURCE SURFACE FROM DISK
2218878.975	Study_Phase.SEQUENCE.Study_Instruction	LOADING RESOURCE SURFACE FROM DISK
2225637.09	Study_Phase.SEQUENCE.DISPLAY_SCREEN	LOADING RESOURCE SURFACE FROM DISK
2227183.266	Study_Phase.SEQUENCE.Study_Instruction	LOADING RESOURCE SURFACE FROM DISK
2235493.67	Study_Phase.SEQUENCE.Study_Instruction	LOADING RESOURCE SURFACE FROM DISK
2242253.881	Study_Phase.SEQUENCE.DISPLAY_SCREEN	LOADING RESOURCE SURFACE FROM DISK
2243809.922	Study_Phase.SEQUENCE.Study_Instruction	LOADING RESOURCE SURFACE FROM DISK
2250570.451	Study_Phase.SEQUENCE.DISPLAY_SCREEN	LOADING RESOURCE SURFACE FROM DISK
2252125.201	Study_Phase.SEQUENCE.Study_Instruction	LOADING RESOURCE SURFACE FROM DISK
2260441.502	Study_Phase.SEQUENCE.Study_Instruction	LOADING RESOURCE SURFACE FROM DISK
2268752.264	Study_Phase.SEQUENCE.Study_Instruction	LOADING RESOURCE SURFACE FROM DISK
2277055.293	Study_Phase.SEQUENCE.Study_Instruction	LOADING RESOURCE SURFACE FROM DISK
2283803.793	Study_Phase.SEQUENCE.DISPLAY_SCREEN	LOADING RESOURCE SURFACE FROM DISK
2285360.115	Study_Phase.SEQUENCE.Study_Instruction	LOADING RESOURCE SURFACE FROM DISK
2293671.003	Study_Phase.SEQUENCE.Study_Instruction	LOADING RESOURCE SURFACE FROM DISK
2301956.014	Study_Phase.SEQUENCE.Study_Instruction	LOADING RESOURCE SURFACE FROM DISK
2308720.372	Study_Phase.SEQUENCE.DISPLAY_SCREEN	LOADING RESOURCE SURFACE FROM DISK
2310271.132	Study_Phase.SEQUENCE.Study_Instruction	LOADING RESOURCE SURFACE FROM DISK
2317020.466	Study_Phase.SEQUENCE.DISPLAY_SCREEN	LOADING RESOURCE SURFACE FROM DISK
2318534.363	Study_Phase.SEQUENCE.Study_Instruction	LOADING RESOURCE SURFACE FROM DISK
2326824.295	Study_Phase.SEQUENCE.Study_Instruction	LOADING RESOURCE SURFACE FROM DISK
2333587.097	Study_Phase.SEQUENCE.DISPLAY_SCREEN	LOADING RESOURCE SURFACE FROM DISK
2335101.165	Study_Phase.SEQUENCE.Study_Instruction	LOADING RESOURCE SURFACE FROM DISK
2343388.686	Study_Phase.SEQUENCE.Study_Instruction	LOADING RESOURCE SURFACE FROM DISK
2351667.277	Study_Phase.SEQUENCE.Study_Instruction	LOADING RESOURCE SURFACE FROM DISK
2358420.601	Study_Phase.SEQUENCE.DISPLAY_SCREEN	LOADING RESOURCE SURFACE FROM DISK
2359969.965	Study_Phase.SEQUENCE.Study_Instruction	LOADING RESOURCE SURFACE FROM DISK
2366720.31	Study_Phase.SEQUENCE.DISPLAY_SCREEN	LOADING RESOURCE SURFACE FROM DISK
2368275.031	Study_Phase.SEQUENCE.Study_Instruction	LOADING RESOURCE SURFACE FROM DISK
2375037.058	Study_Phase.SEQUENCE.DISPLAY_SCREEN	LOADING RESOURCE SURFACE FROM DISK
2376584.54	Study_Phase.SEQUENCE.Study_Instruction	LOADING RESOURCE SURFACE FROM DISK
2383337.207	Study_Phase.SEQUENCE.DISPLAY_SCREEN	LOADING RESOURCE SURFACE FROM DISK
2384888.342	Study_Phase.SEQUENCE.Study_Instruction	LOADING RESOURCE SURFACE FROM DISK
2393190.451	Study_Phase.SEQUENCE.Study_Instruction	LOADING RESOURCE SURFACE FROM DISK
2399953.768	Study_Phase.SEQUENCE.DISPLAY_SCREEN	LOADING RESOURCE SURFACE FROM DISK
2401500.576	Study_Phase.SEQUENCE.Study_Instruction	LOADING RESOURCE SURFACE FROM DISK
2408253.891	Study_Phase.SEQUENCE.DISPLAY_SCREEN	LOADING RESOURCE SURFACE FROM DISK
2409803.36	Study_Phase.SEQUENCE.Study_Instruction	LOADING RESOURCE SURFACE FROM DISK
2418109.446	Study_Phase.SEQUENCE.Study_Instruction	LOADING RESOURCE SURFACE FROM DISK
2426417.178	Study_Phase.SEQUENCE.Study_Instruction	LOADING RESOURCE SURFACE FROM DISK
2434667.76	Study_Phase.SEQUENCE.Study_Instruction	LOADING RESOURCE SURFACE FROM DISK
2441420.588	Study_Phase.SEQUENCE.DISPLAY_SCREEN	LOADING RESOURCE SURFACE FROM DISK
2442973.702	Study_Phase.SEQUENCE.Study_Instruction	LOADING RESOURCE SURFACE FROM DISK
2451287.423	Study_Phase.SEQUENCE.Study_Instruction	LOADING RESOURCE SURFACE FROM DISK
2458037.136	Study_Phase.SEQUENCE.DISPLAY_SCREEN	LOADING RESOURCE SURFACE FROM DISK
2459585.683	Study_Phase.SEQUENCE.Study_Instruction	LOADING RESOURCE SURFACE FROM DISK
2467850.564	Study_Phase.SEQUENCE.Study_Instruction	LOADING RESOURCE SURFACE FROM DISK
2474603.861	Study_Phase.SEQUENCE.DISPLAY_SCREEN	LOADING RESOURCE SURFACE FROM DISK
2476117.755	Study_Phase.SEQUENCE.Study_Instruction	LOADING RESOURCE SURFACE FROM DISK
2484419.423	Study_Phase.SEQUENCE.Study_Instruction	LOADING RESOURCE SURFACE FROM DISK
2491170.604	Study_Phase.SEQUENCE.DISPLAY_SCREEN	LOADING RESOURCE SURFACE FROM DISK
2492720.138	Study_Phase.SEQUENCE.Study_Instruction	LOADING RESOURCE SURFACE FROM DISK
2499470.215	Study_Phase.SEQUENCE.DISPLAY_SCREEN	LOADING RESOURCE SURFACE FROM DISK
2501026.263	Study_Phase.SEQUENCE.Study_Instruction	LOADING RESOURCE SURFACE FROM DISK
2509340.697	Study_Phase.SEQUENCE.Study_Instruction	LOADING RESOURCE SURFACE FROM DISK
2516103.874	Study_Phase.SEQUENCE.DISPLAY_SCREEN	LOADING RESOURCE SURFACE FROM DISK
2517660.18	Study_Phase.SEQUENCE.Study_Instruction	LOADING RESOURCE SURFACE FROM DISK
2524403.917	Study_Phase.SEQUENCE.DISPLAY_SCREEN	LOADING RESOURCE SURFACE FROM DISK
2525958.5	Study_Phase.SEQUENCE.Study_Instruction	LOADING RESOURCE SURFACE FROM DISK
2534273.618	Study_Phase.SEQUENCE.Study_Instruction	LOADING RESOURCE SURFACE FROM DISK
2541037.211	Study_Phase.SEQUENCE.DISPLAY_SCREEN	LOADING RESOURCE SURFACE FROM DISK
2542593.857	Study_Phase.SEQUENCE.Study_Instruction	LOADING RESOURCE SURFACE FROM DISK
2550885.963	Study_Phase.SEQUENCE.Study_Instruction	LOADING RESOURCE SURFACE FROM DISK
2557637.006	Study_Phase.SEQUENCE.DISPLAY_SCREEN	LOADING RESOURCE SURFACE FROM DISK
2559190.6	Study_Phase.SEQUENCE.Study_Instruction	LOADING RESOURCE SURFACE FROM DISK
2567518.863	Study_Phase.SEQUENCE.Study_Instruction	LOADING RESOURCE SURFACE FROM DISK
2574270.524	Study_Phase.SEQUENCE.DISPLAY_SCREEN	LOADING RESOURCE SURFACE FROM DISK
2575827.003	Study_Phase.SEQUENCE.Study_Instruction	LOADING RESOURCE SURFACE FROM DISK
2584101.101	Study_Phase.SEQUENCE.Study_Instruction	LOADING RESOURCE SURFACE FROM DISK
2592367.301	Study_Phase.SEQUENCE.Study_Instruction	LOADING RESOURCE SURFACE FROM DISK
2599120.405	Study_Phase.SEQUENCE.DISPLAY_SCREEN	LOADING RESOURCE SURFACE FROM DISK
2600670.952	Study_Phase.SEQUENCE.Study_Instruction	LOADING RESOURCE SURFACE FROM DISK
2608958.413	Study_Phase.SEQUENCE.Study_Instruction	LOADING RESOURCE SURFACE FROM DISK
2617270.321	Study_Phase.SEQUENCE.Study_Instruction	LOADING RESOURCE SURFACE FROM DISK
2624020.502	Study_Phase.SEQUENCE.DISPLAY_SCREEN	LOADING RESOURCE SURFACE FROM DISK
2625534.485	Study_Phase.SEQUENCE.Study_Instruction	LOADING RESOURCE SURFACE FROM DISK
2632287.207	Study_Phase.SEQUENCE.DISPLAY_SCREEN	LOADING RESOURCE SURFACE FROM DISK
2633841.76	Study_Phase.SEQUENCE.Study_Instruction	LOADING RESOURCE SURFACE FROM DISK
2640603.672	Study_Phase.SEQUENCE.DISPLAY_SCREEN	LOADING RESOURCE SURFACE FROM DISK
2642156.328	Study_Phase.SEQUENCE.Study_Instruction	LOADING RESOURCE SURFACE FROM DISK
2650472.397	Study_Phase.SEQUENCE.Study_Instruction	LOADING RESOURCE SURFACE FROM DISK
2657237.184	Study_Phase.SEQUENCE.DISPLAY_SCREEN	LOADING RESOURCE SURFACE FROM DISK
2658790.933	Study_Phase.SEQUENCE.Study_Instruction	LOADING RESOURCE SURFACE FROM DISK
2665553.829	Study_Phase.SEQUENCE.DISPLAY_SCREEN	LOADING RESOURCE SURFACE FROM DISK
2667101.001	Study_Phase.SEQUENCE.Study_Instruction	LOADING RESOURCE SURFACE FROM DISK
2675409.677	Study_Phase.SEQUENCE.Study_Instruction	LOADING RESOURCE SURFACE FROM DISK
2683726.117	Study_Phase.SEQUENCE.Study_Instruction	LOADING RESOURCE SURFACE FROM DISK
2690470.479	Study_Phase.SEQUENCE.DISPLAY_SCREEN	LOADING RESOURCE SURFACE FROM DISK
2692023.029	Study_Phase.SEQUENCE.Study_Instruction	LOADING RESOURCE SURFACE FROM DISK
2700323.48	Study_Phase.SEQUENCE.Study_Instruction	LOADING RESOURCE SURFACE FROM DISK
2708600.446	Study_Phase.SEQUENCE.Study_Instruction	LOADING RESOURCE SURFACE FROM DISK
2716890.158	Study_Phase.SEQUENCE.Study_Instruction	LOADING RESOURCE SURFACE FROM DISK
2723653.754	Study_Phase.SEQUENCE.DISPLAY_SCREEN	LOADING RESOURCE SURFACE FROM DISK
2725167.793	Study_Phase.SEQUENCE.Study_Instruction	LOADING RESOURCE SURFACE FROM DISK
2733453.681	Study_Phase.SEQUENCE.Study_Instruction	LOADING RESOURCE SURFACE FROM DISK
2740186.982	Study_Phase.SEQUENCE.DISPLAY_SCREEN	LOADING RESOURCE SURFACE FROM DISK
2741740.303	Study_Phase.SEQUENCE.Study_Instruction	LOADING RESOURCE SURFACE FROM DISK
2748503.744	Study_Phase.SEQUENCE.DISPLAY_SCREEN	LOADING RESOURCE SURFACE FROM DISK
2750052.867	Study_Phase.SEQUENCE.Study_Instruction	LOADING RESOURCE SURFACE FROM DISK
2756803.779	Study_Phase.SEQUENCE.DISPLAY_SCREEN	LOADING RESOURCE SURFACE FROM DISK
2758356.949	Study_Phase.SEQUENCE.Study_Instruction	LOADING RESOURCE SURFACE FROM DISK
2765120.465	Study_Phase.SEQUENCE.DISPLAY_SCREEN	LOADING RESOURCE SURFACE FROM DISK
2766676.217	Study_Phase.SEQUENCE.Study_Instruction	LOADING RESOURCE SURFACE FROM DISK
2773437.284	Study_Phase.SEQUENCE.DISPLAY_SCREEN	LOADING RESOURCE SURFACE FROM DISK
2774989.282	Study_Phase.SEQUENCE.Study_Instruction	LOADING RESOURCE SURFACE FROM DISK
2783304.706	Study_Phase.SEQUENCE.Study_Instruction	LOADING RESOURCE SURFACE FROM DISK
2791608.71	Study_Phase.SEQUENCE.Study_Instruction	LOADING RESOURCE SURFACE FROM DISK
2799918.227	Study_Phase.SEQUENCE.Study_Instruction	LOADING RESOURCE SURFACE FROM DISK
2808200.072	Study_Phase.SEQUENCE.Study_Instruction	LOADING RESOURCE SURFACE FROM DISK
2814953.954	Study_Phase.SEQUENCE.DISPLAY_SCREEN	LOADING RESOURCE SURFACE FROM DISK
2816501.637	Study_Phase.SEQUENCE.Study_Instruction	LOADING RESOURCE SURFACE FROM DISK
2823253.776	Study_Phase.SEQUENCE.DISPLAY_SCREEN	LOADING RESOURCE SURFACE FROM DISK
2824811.368	Study_Phase.SEQUENCE.Study_Instruction	LOADING RESOURCE SURFACE FROM DISK
2833119.06	Study_Phase.SEQUENCE.Study_Instruction	LOADING RESOURCE SURFACE FROM DISK
2839870.56	Study_Phase.SEQUENCE.DISPLAY_SCREEN	LOADING RESOURCE SURFACE FROM DISK
2841423.312	Study_Phase.SEQUENCE.Study_Instruction	LOADING RESOURCE SURFACE FROM DISK
2849742.594	Study_Phase.SEQUENCE.Study_Instruction	LOADING RESOURCE SURFACE FROM DISK
2856503.785	Study_Phase.SEQUENCE.DISPLAY_SCREEN	LOADING RESOURCE SURFACE FROM DISK
2858050.775	Study_Phase.SEQUENCE.Study_Instruction	LOADING RESOURCE SURFACE FROM DISK
2866328.48	Study_Phase.SEQUENCE.Study_Instruction	LOADING RESOURCE SURFACE FROM DISK
2871055.973	DISPLAY_SCREEN[7]	LOADING RESOURCE SURFACE FROM DISK
3058466.485	Test_Phase.SEQUENCE.Target_Cue	LOADING RESOURCE SURFACE FROM DISK
3058468.351	Test_Phase.SEQUENCE.Target_Cue	LOADING RESOURCE SURFACE FROM DISK
3060483.88	Test_Phase.SEQUENCE.Word	LOADING RESOURCE SURFACE FROM DISK
3063540.579	Test_Phase.SEQUENCE.Test_Question	LOADING RESOURCE SURFACE FROM DISK
3063557.534	Test_Phase.SEQUENCE.Test_Question	LOADING RESOURCE SURFACE FROM DISK
3063571.826	Test_Phase.SEQUENCE.Test_Question	LOADING RESOURCE SURFACE FROM DISK
3063582.868	Test_Phase.SEQUENCE.Test_Question	LOADING RESOURCE SURFACE FROM DISK
3063584.657	Test_Phase.SEQUENCE.Test_Question	LOADING RESOURCE SURFACE FROM DISK
3063586.426	Test_Phase.SEQUENCE.Test_Question	LOADING RESOURCE SURFACE FROM DISK
3063593.96	Test_Phase.SEQUENCE.Test_Question	LOADING RESOURCE SURFACE FROM DISK
3063605.324	Test_Phase.SEQUENCE.Test_Question	LOADING RESOURCE SURFACE FROM DISK
3063607.152	Test_Phase.SEQUENCE.Test_Question	LOADING RESOURCE SURFACE FROM DISK
3063619.805	Test_Phase.SEQUENCE.Test_Question	LOADING RESOURCE SURFACE FROM DISK
3063633.499	Test_Phase.SEQUENCE.Test_Question	LOADING RESOURCE SURFACE FROM DISK
3063635.523	Test_Phase.SEQUENCE.Test_Question	LOADING RESOURCE SURFACE FROM DISK
3072157.377	Test_Phase.SEQUENCE.Word	LOADING RESOURCE SURFACE FROM DISK
3081569.311	Test_Phase.SEQUENCE.Word	LOADING RESOURCE SURFACE FROM DISK
3090255.231	Test_Phase.SEQUENCE.Word	LOADING RESOURCE SURFACE FROM DISK
3099302.854	Test_Phase.SEQUENCE.Word	LOADING RESOURCE SURFACE FROM DISK
3106783.849	Test_Phase.SEQUENCE.Word	LOADING RESOURCE SURFACE FROM DISK
3115083.761	Test_Phase.SEQUENCE.Word	LOADING RESOURCE SURFACE FROM DISK
3122367.304	Test_Phase.SEQUENCE.Word	LOADING RESOURCE SURFACE FROM DISK
3133674.074	Test_Phase.SEQUENCE.Word	LOADING RESOURCE SURFACE FROM DISK
3143600.486	Test_Phase.SEQUENCE.Word	LOADING RESOURCE SURFACE FROM DISK
3151383.735	Test_Phase.SEQUENCE.Word	LOADING RESOURCE SURFACE FROM DISK
3158517.196	Test_Phase.SEQUENCE.Word	LOADING RESOURCE SURFACE FROM DISK
3167617.252	Test_Phase.SEQUENCE.Word	LOADING RESOURCE SURFACE FROM DISK
3175071.6	Test_Phase.SEQUENCE.Word	LOADING RESOURCE SURFACE FROM DISK
3182285.972	Test_Phase.SEQUENCE.Word	LOADING RESOURCE SURFACE FROM DISK
3190167.203	Test_Phase.SEQUENCE.Word	LOADING RESOURCE SURFACE FROM DISK
3197333.78	Test_Phase.SEQUENCE.Word	LOADING RESOURCE SURFACE FROM DISK
3205972.901	Test_Phase.SEQUENCE.Word	LOADING RESOURCE SURFACE FROM DISK
3213194.873	Test_Phase.SEQUENCE.Word	LOADING RESOURCE SURFACE FROM DISK
3221617.057	Test_Phase.SEQUENCE.Word	LOADING RESOURCE SURFACE FROM DISK
3228767.207	Test_Phase.SEQUENCE.Word	LOADING RESOURCE SURFACE FROM DISK
3235950.471	Test_Phase.SEQUENCE.Word	LOADING RESOURCE SURFACE FROM DISK
3243100.445	Test_Phase.SEQUENCE.Word	LOADING RESOURCE SURFACE FROM DISK
3250306.481	Test_Phase.SEQUENCE.Word	LOADING RESOURCE SURFACE FROM DISK
3258174.674	Test_Phase.SEQUENCE.Word	LOADING RESOURCE SURFACE FROM DISK
3265316.922	Test_Phase.SEQUENCE.Word	LOADING RESOURCE SURFACE FROM DISK
3272638.806	Test_Phase.SEQUENCE.Word	LOADING RESOURCE SURFACE FROM DISK
3281200.432	Test_Phase.SEQUENCE.Word	LOADING RESOURCE SURFACE FROM DISK
3288450.493	Test_Phase.SEQUENCE.Word	LOADING RESOURCE SURFACE FROM DISK
3296067.27	Test_Phase.SEQUENCE.Word	LOADING RESOURCE SURFACE FROM DISK
3304425.803	Test_Phase.SEQUENCE.Word	LOADING RESOURCE SURFACE FROM DISK
3311639.362	Test_Phase.SEQUENCE.Word	LOADING RESOURCE SURFACE FROM DISK
3319650.505	Test_Phase.SEQUENCE.Word	LOADING RESOURCE SURFACE FROM DISK
3326850.461	Test_Phase.SEQUENCE.Word	LOADING RESOURCE SURFACE FROM DISK
3334033.986	Test_Phase.SEQUENCE.Word	LOADING RESOURCE SURFACE FROM DISK
3341188.994	Test_Phase.SEQUENCE.Word	LOADING RESOURCE SURFACE FROM DISK
3350900.597	Test_Phase.SEQUENCE.Word	LOADING RESOURCE SURFACE FROM DISK
3358092.097	Test_Phase.SEQUENCE.Word	LOADING RESOURCE SURFACE FROM DISK
3365517.204	Test_Phase.SEQUENCE.Word	LOADING RESOURCE SURFACE FROM DISK
3374100.678	Test_Phase.SEQUENCE.Word	LOADING RESOURCE SURFACE FROM DISK
3381423.274	Test_Phase.SEQUENCE.Word	LOADING RESOURCE SURFACE FROM DISK
3389647.467	Test_Phase.SEQUENCE.Word	LOADING RESOURCE SURFACE FROM DISK
3398167.847	Test_Phase.SEQUENCE.Word	LOADING RESOURCE SURFACE FROM DISK
3406195.556	Test_Phase.SEQUENCE.Word	LOADING RESOURCE SURFACE FROM DISK
3414645.063	Test_Phase.SEQUENCE.Word	LOADING RESOURCE SURFACE FROM DISK
3421933.888	Test_Phase.SEQUENCE.Word	LOADING RESOURCE SURFACE FROM DISK
3429150.514	Test_Phase.SEQUENCE.Word	LOADING RESOURCE SURFACE FROM DISK
3436267.052	Test_Phase.SEQUENCE.Word	LOADING RESOURCE SURFACE FROM DISK
3443566.034	Test_Phase.SEQUENCE.Word	LOADING RESOURCE SURFACE FROM DISK
3453117.158	Test_Phase.SEQUENCE.Word	LOADING RESOURCE SURFACE FROM DISK
3460250.4	Test_Phase.SEQUENCE.Word	LOADING RESOURCE SURFACE FROM DISK
3467967.173	Test_Phase.SEQUENCE.Word	LOADING RESOURCE SURFACE FROM DISK
3475033.674	Test_Phase.SEQUENCE.Word	LOADING RESOURCE SURFACE FROM DISK
3482319.966	Test_Phase.SEQUENCE.Word	LOADING RESOURCE SURFACE FROM DISK
3489383.91	Test_Phase.SEQUENCE.Word	LOADING RESOURCE SURFACE FROM DISK
3496452.549	Test_Phase.SEQUENCE.Word	LOADING RESOURCE SURFACE FROM DISK
3504533.88	Test_Phase.SEQUENCE.Word	LOADING RESOURCE SURFACE FROM DISK
3511639.366	Test_Phase.SEQUENCE.Word	LOADING RESOURCE SURFACE FROM DISK
3518822.475	Test_Phase.SEQUENCE.Word	LOADING RESOURCE SURFACE FROM DISK
3525876.09	Test_Phase.SEQUENCE.Word	LOADING RESOURCE SURFACE FROM DISK
3532917.202	Test_Phase.SEQUENCE.Word	LOADING RESOURCE SURFACE FROM DISK
3539988.228	Test_Phase.SEQUENCE.Word	LOADING RESOURCE SURFACE FROM DISK
3547192.957	Test_Phase.SEQUENCE.Word	LOADING RESOURCE SURFACE FROM DISK
3554705.189	Test_Phase.SEQUENCE.Word	LOADING RESOURCE SURFACE FROM DISK
3561883.715	Test_Phase.SEQUENCE.Word	LOADING RESOURCE SURFACE FROM DISK
3569017.172	Test_Phase.SEQUENCE.Word	LOADING RESOURCE SURFACE FROM DISK
3576750.414	Test_Phase.SEQUENCE.Word	LOADING RESOURCE SURFACE FROM DISK
3583917.088	Test_Phase.SEQUENCE.Word	LOADING RESOURCE SURFACE FROM DISK
3591400.52	Test_Phase.SEQUENCE.Word	LOADING RESOURCE SURFACE FROM DISK
3600372.459	Test_Phase.SEQUENCE.Word	LOADING RESOURCE SURFACE FROM DISK
3607417.076	Test_Phase.SEQUENCE.Word	LOADING RESOURCE SURFACE FROM DISK
3615251.31	Test_Phase.SEQUENCE.Word	LOADING RESOURCE SURFACE FROM DISK
3622409.845	Test_Phase.SEQUENCE.Word	LOADING RESOURCE SURFACE FROM DISK
3629686.516	Test_Phase.SEQUENCE.Word	LOADING RESOURCE SURFACE FROM DISK
3637467.304	Test_Phase.SEQUENCE.Word	LOADING RESOURCE SURFACE FROM DISK
3644667.161	Test_Phase.SEQUENCE.Word	LOADING RESOURCE SURFACE FROM DISK
3651868.004	Test_Phase.SEQUENCE.Word	LOADING RESOURCE SURFACE FROM DISK
3666871.29	Test_Phase.SEQUENCE.Word	LOADING RESOURCE SURFACE FROM DISK
3674036.192	Test_Phase.SEQUENCE.Word	LOADING RESOURCE SURFACE FROM DISK
3682616.398	Test_Phase.SEQUENCE.Word	LOADING RESOURCE SURFACE FROM DISK
3689733.668	Test_Phase.SEQUENCE.Word	LOADING RESOURCE SURFACE FROM DISK
3699533.003	Test_Phase.SEQUENCE.Word	LOADING RESOURCE SURFACE FROM DISK
3706716.619	Test_Phase.SEQUENCE.Word	LOADING RESOURCE SURFACE FROM DISK
3713883.737	Test_Phase.SEQUENCE.Word	LOADING RESOURCE SURFACE FROM DISK
3721167.858	Test_Phase.SEQUENCE.Word	LOADING RESOURCE SURFACE FROM DISK
3729323.613	Test_Phase.SEQUENCE.Word	LOADING RESOURCE SURFACE FROM DISK
3736517.093	Test_Phase.SEQUENCE.Word	LOADING RESOURCE SURFACE FROM DISK
3743626.545	Test_Phase.SEQUENCE.Word	LOADING RESOURCE SURFACE FROM DISK
3750754.398	Test_Phase.SEQUENCE.Word	LOADING RESOURCE SURFACE FROM DISK
3758583.707	Test_Phase.SEQUENCE.Word	LOADING RESOURCE SURFACE FROM DISK
3766817.09	Test_Phase.SEQUENCE.Word	LOADING RESOURCE SURFACE FROM DISK
3773817.049	Test_Phase.SEQUENCE.Word	LOADING RESOURCE SURFACE FROM DISK
3782425.969	Test_Phase.SEQUENCE.Word	LOADING RESOURCE SURFACE FROM DISK
3789591.914	Test_Phase.SEQUENCE.Word	LOADING RESOURCE SURFACE FROM DISK
3796717.272	Test_Phase.SEQUENCE.Word	LOADING RESOURCE SURFACE FROM DISK
3803901.941	Test_Phase.SEQUENCE.Word	LOADING RESOURCE SURFACE FROM DISK
3811419.547	Test_Phase.SEQUENCE.Word	LOADING RESOURCE SURFACE FROM DISK
3818600.625	Test_Phase.SEQUENCE.Word	LOADING RESOURCE SURFACE FROM DISK
3825672.295	Test_Phase.SEQUENCE.Word	LOADING RESOURCE SURFACE FROM DISK
3833487.347	Test_Phase.SEQUENCE.Word	LOADING RESOURCE SURFACE FROM DISK
3840517.127	Test_Phase.SEQUENCE.Word	LOADING RESOURCE SURFACE FROM DISK
3848989.58	Test_Phase.SEQUENCE.Word	LOADING RESOURCE SURFACE FROM DISK
3856733.843	Test_Phase.SEQUENCE.Word	LOADING RESOURCE SURFACE FROM DISK
3863943.149	Test_Phase.SEQUENCE.Word	LOADING RESOURCE SURFACE FROM DISK
3871117.519	Test_Phase.SEQUENCE.Word	LOADING RESOURCE SURFACE FROM DISK
3879217.526	Test_Phase.SEQUENCE.Word	LOADING RESOURCE SURFACE FROM DISK
3886300.8	Test_Phase.SEQUENCE.Word	LOADING RESOURCE SURFACE FROM DISK
3895021.376	Test_Phase.SEQUENCE.Word	LOADING RESOURCE SURFACE FROM DISK
3902054.253	Test_Phase.SEQUENCE.Word	LOADING RESOURCE SURFACE FROM DISK
3909167.273	Test_Phase.SEQUENCE.Word	LOADING RESOURCE SURFACE FROM DISK
3916248.445	Test_Phase.SEQUENCE.Word	LOADING RESOURCE SURFACE FROM DISK
3923267.167	Test_Phase.SEQUENCE.Word	LOADING RESOURCE SURFACE FROM DISK
3930919.909	Test_Phase.SEQUENCE.Word	LOADING RESOURCE SURFACE FROM DISK
3937917.215	Test_Phase.SEQUENCE.Word	LOADING RESOURCE SURFACE FROM DISK
3944983.85	Test_Phase.SEQUENCE.Word	LOADING RESOURCE SURFACE FROM DISK
3952033.742	Test_Phase.SEQUENCE.Word	LOADING RESOURCE SURFACE FROM DISK
3959624.933	Test_Phase.SEQUENCE.Word	LOADING RESOURCE SURFACE FROM DISK
3967083.734	Test_Phase.SEQUENCE.Word	LOADING RESOURCE SURFACE FROM DISK
3975417.4	Test_Phase.SEQUENCE.Word	LOADING RESOURCE SURFACE FROM DISK
3982617.133	Test_Phase.SEQUENCE.Word	LOADING RESOURCE SURFACE FROM DISK
3990093.558	Test_Phase.SEQUENCE.Word	LOADING RESOURCE SURFACE FROM DISK
3997118.569	Test_Phase.SEQUENCE.Word	LOADING RESOURCE SURFACE FROM DISK
4005200.621	Test_Phase.SEQUENCE.Word	LOADING RESOURCE SURFACE FROM DISK
4012270.668	Test_Phase.SEQUENCE.Word	LOADING RESOURCE SURFACE FROM DISK
4021620.841	Test_Phase.SEQUENCE.Word	LOADING RESOURCE SURFACE FROM DISK
4028725.807	Test_Phase.SEQUENCE.Word	LOADING RESOURCE SURFACE FROM DISK
4035900.725	Test_Phase.SEQUENCE.Word	LOADING RESOURCE SURFACE FROM DISK
4043157.034	Test_Phase.SEQUENCE.Word	LOADING RESOURCE SURFACE FROM DISK
4050471.089	Test_Phase.SEQUENCE.Word	LOADING RESOURCE SURFACE FROM DISK
4057700.806	Test_Phase.SEQUENCE.Word	LOADING RESOURCE SURFACE FROM DISK
4065158.66	Test_Phase.SEQUENCE.Word	LOADING RESOURCE SURFACE FROM DISK
4072167.315	Test_Phase.SEQUENCE.Word	LOADING RESOURCE SURFACE FROM DISK
4079336.73	Test_Phase.SEQUENCE.Word	LOADING RESOURCE SURFACE FROM DISK
4086668.095	Test_Phase.SEQUENCE.Word	LOADING RESOURCE SURFACE FROM DISK
4094567.483	Test_Phase.SEQUENCE.Word	LOADING RESOURCE SURFACE FROM DISK
4101767.326	Test_Phase.SEQUENCE.Word	LOADING RESOURCE SURFACE FROM DISK
4108833.802	Test_Phase.SEQUENCE.Word	LOADING RESOURCE SURFACE FROM DISK
4115883.796	Test_Phase.SEQUENCE.Word	LOADING RESOURCE SURFACE FROM DISK
4123208.719	Test_Phase.SEQUENCE.Word	LOADING RESOURCE SURFACE FROM DISK
4130967.542	Test_Phase.SEQUENCE.Word	LOADING RESOURCE SURFACE FROM DISK
4138305.01	Test_Phase.SEQUENCE.Word	LOADING RESOURCE SURFACE FROM DISK
4145336.407	Test_Phase.SEQUENCE.Word	LOADING RESOURCE SURFACE FROM DISK
4152369.189	Test_Phase.SEQUENCE.Word	LOADING RESOURCE SURFACE FROM DISK
4159383.357	Test_Phase.SEQUENCE.Word	LOADING RESOURCE SURFACE FROM DISK
4166504.107	Test_Phase.SEQUENCE.Word	LOADING RESOURCE SURFACE FROM DISK
4174100.534	Test_Phase.SEQUENCE.Word	LOADING RESOURCE SURFACE FROM DISK
4181322.246	Test_Phase.SEQUENCE.Word	LOADING RESOURCE SURFACE FROM DISK
4188376.727	Test_Phase.SEQUENCE.Word	LOADING RESOURCE SURFACE FROM DISK
4195574.454	Test_Phase.SEQUENCE.Word	LOADING RESOURCE SURFACE FROM DISK
4202634.306	Test_Phase.SEQUENCE.Word	LOADING RESOURCE SURFACE FROM DISK
4209650.632	Test_Phase.SEQUENCE.Word	LOADING RESOURCE SURFACE FROM DISK
4216672.798	Test_Phase.SEQUENCE.Word	LOADING RESOURCE SURFACE FROM DISK
4223852.843	Test_Phase.SEQUENCE.Word	LOADING RESOURCE SURFACE FROM DISK
4230953.153	Test_Phase.SEQUENCE.Word	LOADING RESOURCE SURFACE FROM DISK
4239484.282	Test_Phase.SEQUENCE.Word	LOADING RESOURCE SURFACE FROM DISK
4246685.391	Test_Phase.SEQUENCE.Word	LOADING RESOURCE SURFACE FROM DISK
4255283.952	Test_Phase.SEQUENCE.Word	LOADING RESOURCE SURFACE FROM DISK
4262517.189	Test_Phase.SEQUENCE.Word	LOADING RESOURCE SURFACE FROM DISK
4270567.228	Test_Phase.SEQUENCE.Word	LOADING RESOURCE SURFACE FROM DISK
4277820.483	Test_Phase.SEQUENCE.Word	LOADING RESOURCE SURFACE FROM DISK
4285206.227	Test_Phase.SEQUENCE.Word	LOADING RESOURCE SURFACE FROM DISK
4292250.976	Test_Phase.SEQUENCE.Word	LOADING RESOURCE SURFACE FROM DISK
4302017.161	Test_Phase.SEQUENCE.Word	LOADING RESOURCE SURFACE FROM DISK
4309083.751	Test_Phase.SEQUENCE.Word	LOADING RESOURCE SURFACE FROM DISK
4316750.768	Test_Phase.SEQUENCE.Word	LOADING RESOURCE SURFACE FROM DISK
4323773.685	Test_Phase.SEQUENCE.Word	LOADING RESOURCE SURFACE FROM DISK
4330836.983	Test_Phase.SEQUENCE.Word	LOADING RESOURCE SURFACE FROM DISK
4337849.903	Test_Phase.SEQUENCE.Word	LOADING RESOURCE SURFACE FROM DISK
4344973.49	Test_Phase.SEQUENCE.Word	LOADING RESOURCE SURFACE FROM DISK
4352574.939	Test_Phase.SEQUENCE.Word	LOADING RESOURCE SURFACE FROM DISK
4359693.39	Test_Phase.SEQUENCE.Word	LOADING RESOURCE SURFACE FROM DISK
4366867.421	Test_Phase.SEQUENCE.Word	LOADING RESOURCE SURFACE FROM DISK
4373933.758	Test_Phase.SEQUENCE.Word	LOADING RESOURCE SURFACE FROM DISK
4380967.167	Test_Phase.SEQUENCE.Word	LOADING RESOURCE SURFACE FROM DISK
4388100.468	Test_Phase.SEQUENCE.Word	LOADING RESOURCE SURFACE FROM DISK
4395150.377	Test_Phase.SEQUENCE.Word	LOADING RESOURCE SURFACE FROM DISK
4402233.874	Test_Phase.SEQUENCE.Word	LOADING RESOURCE SURFACE FROM DISK
4409400.512	Test_Phase.SEQUENCE.Word	LOADING RESOURCE SURFACE FROM DISK
4416420.606	Test_Phase.SEQUENCE.Word	LOADING RESOURCE SURFACE FROM DISK
4423434.247	Test_Phase.SEQUENCE.Word	LOADING RESOURCE SURFACE FROM DISK
4430533.699	Test_Phase.SEQUENCE.Word	LOADING RESOURCE SURFACE FROM DISK
4437667.165	Test_Phase.SEQUENCE.Word	LOADING RESOURCE SURFACE FROM DISK
4444700.449	Test_Phase.SEQUENCE.Word	LOADING RESOURCE SURFACE FROM DISK
4451717.345	Test_Phase.SEQUENCE.Word	LOADING RESOURCE SURFACE FROM DISK
4458717.271	Test_Phase.SEQUENCE.Word	LOADING RESOURCE SURFACE FROM DISK
4465924.284	Test_Phase.SEQUENCE.Word	LOADING RESOURCE SURFACE FROM DISK
4473017.028	Test_Phase.SEQUENCE.Word	LOADING RESOURCE SURFACE FROM DISK
4480185.253	Test_Phase.SEQUENCE.Word	LOADING RESOURCE SURFACE FROM DISK
4487300.468	Test_Phase.SEQUENCE.Word	LOADING RESOURCE SURFACE FROM DISK
4494450.617	Test_Phase.SEQUENCE.Word	LOADING RESOURCE SURFACE FROM DISK
4501286.096	Test_Phase.SEQUENCE.Word	LOADING RESOURCE SURFACE FROM DISK
4509550.67	Test_Phase.SEQUENCE.Word	LOADING RESOURCE SURFACE FROM DISK
4516700.626	Test_Phase.SEQUENCE.Word	LOADING RESOURCE SURFACE FROM DISK
4524485.253	Test_Phase.SEQUENCE.Word	LOADING RESOURCE SURFACE FROM DISK
4531508.784	Test_Phase.SEQUENCE.Word	LOADING RESOURCE SURFACE FROM DISK
4539697.445	Test_Phase.SEQUENCE.Word	LOADING RESOURCE SURFACE FROM DISK
4547673.123	Test_Phase.SEQUENCE.Word	LOADING RESOURCE SURFACE FROM DISK
4555283.928	Test_Phase.SEQUENCE.Word	LOADING RESOURCE SURFACE FROM DISK
4562376.245	Test_Phase.SEQUENCE.Word	LOADING RESOURCE SURFACE FROM DISK
4565879.044	DISPLAY_SCREEN	LOADING RESOURCE SURFACE FROM DISK
4732317.543	DISPLAY_SCREEN	CONNECTION TO EYELINK TRACKER LOST
