4792.568	DISPLAY_SCREEN[1]	LOADING RESOURCE SURFACE FROM DISK
370283.117	Familiarization_Phase.SEQUENCE.Cue_and_Instruction	LOADING RESOURCE SURFACE FROM DISK
370287.137	Familiarization_Phase.SEQUENCE.Cue_and_Instruction	LOADING RESOURCE SURFACE FROM DISK
376320.684	Familiarization_Phase.SEQUENCE.Cue_and_Instruction	LOADING RESOURCE SURFACE FROM DISK
376325.08	Familiarization_Phase.SEQUENCE.Cue_and_Instruction	LOADING RESOURCE SURFACE FROM DISK
382370.891	Familiarization_Phase.SEQUENCE.Cue_and_Instruction	LOADING RESOURCE SURFACE FROM DISK
382375.144	Familiarization_Phase.SEQUENCE.Cue_and_Instruction	LOADING RESOURCE SURFACE FROM DISK
424503.703	DISPLAY_SCREEN[3]	LOADING RESOURCE SURFACE FROM DISK
511093.194	DISPLAY_SCREEN[5]	LOADING RESOURCE SURFACE FROM DISK
568211.626	Practice_Phase.SEQUENCE.Blink_Screen	LOADING RESOURCE SURFACE FROM DISK
569415.695	Practice_Phase.SEQUENCE.Practice_Luminance_Cue	LOADING RESOURCE SURFACE FROM DISK
569417.965	Practice_Phase.SEQUENCE.Practice_Luminance_Cue	LOADING RESOURCE SURFACE FROM DISK
569915.49	Practice_Phase.SEQUENCE.DISPLAY_SCREEN	LOADING RESOURCE SURFACE FROM DISK
571413.588	Practice_Phase.SEQUENCE.Practice_Instruction	LOADING RESOURCE SURFACE FROM DISK
577981.995	Practice_Phase.SEQUENCE.DISPLAY_SCREEN	LOADING RESOURCE SURFACE FROM DISK
579478.862	Practice_Phase.SEQUENCE.Practice_Instruction	LOADING RESOURCE SURFACE FROM DISK
586048.813	Practice_Phase.SEQUENCE.DISPLAY_SCREEN	LOADING RESOURCE SURFACE FROM DISK
587545.506	Practice_Phase.SEQUENCE.Practice_Instruction	LOADING RESOURCE SURFACE FROM DISK
594115.617	Practice_Phase.SEQUENCE.DISPLAY_SCREEN	LOADING RESOURCE SURFACE FROM DISK
595612.138	Practice_Phase.SEQUENCE.Practice_Instruction	LOADING RESOURCE SURFACE FROM DISK
602182.158	Practice_Phase.SEQUENCE.DISPLAY_SCREEN	LOADING RESOURCE SURFACE FROM DISK
603678.941	Practice_Phase.SEQUENCE.Practice_Instruction	LOADING RESOURCE SURFACE FROM DISK
610248.861	Practice_Phase.SEQUENCE.DISPLAY_SCREEN	LOADING RESOURCE SURFACE FROM DISK
611745.595	Practice_Phase.SEQUENCE.Practice_Instruction	LOADING RESOURCE SURFACE FROM DISK
618315.318	Practice_Phase.SEQUENCE.DISPLAY_SCREEN	LOADING RESOURCE SURFACE FROM DISK
619812.194	Practice_Phase.SEQUENCE.Practice_Instruction	LOADING RESOURCE SURFACE FROM DISK
626382.269	Practice_Phase.SEQUENCE.DISPLAY_SCREEN	LOADING RESOURCE SURFACE FROM DISK
627878.828	Practice_Phase.SEQUENCE.Practice_Instruction	LOADING RESOURCE SURFACE FROM DISK
634449.02	Practice_Phase.SEQUENCE.DISPLAY_SCREEN	LOADING RESOURCE SURFACE FROM DISK
635945.337	Practice_Phase.SEQUENCE.Practice_Instruction	LOADING RESOURCE SURFACE FROM DISK
640612.472	DISPLAY_SCREEN[2]	LOADING RESOURCE SURFACE FROM DISK
852054.793	Study_Phase.SEQUENCE.Study_Instruction	LOADING RESOURCE SURFACE FROM DISK
858807.25	Study_Phase.SEQUENCE.DISPLAY_SCREEN	LOADING RESOURCE SURFACE FROM DISK
860363.654	Study_Phase.SEQUENCE.Study_Instruction	LOADING RESOURCE SURFACE FROM DISK
867123.72	Study_Phase.SEQUENCE.DISPLAY_SCREEN	LOADING RESOURCE SURFACE FROM DISK
868672.478	Study_Phase.SEQUENCE.Study_Instruction	LOADING RESOURCE SURFACE FROM DISK
876971.492	Study_Phase.SEQUENCE.Study_Instruction	LOADING RESOURCE SURFACE FROM DISK
885275.123	Study_Phase.SEQUENCE.Study_Instruction	LOADING RESOURCE SURFACE FROM DISK
893573.383	Study_Phase.SEQUENCE.Study_Instruction	LOADING RESOURCE SURFACE FROM DISK
900323.881	Study_Phase.SEQUENCE.DISPLAY_SCREEN	LOADING RESOURCE SURFACE FROM DISK
901837.838	Study_Phase.SEQUENCE.Study_Instruction	LOADING RESOURCE SURFACE FROM DISK
910139.596	Study_Phase.SEQUENCE.Study_Instruction	LOADING RESOURCE SURFACE FROM DISK
916890.472	Study_Phase.SEQUENCE.DISPLAY_SCREEN	LOADING RESOURCE SURFACE FROM DISK
918404.374	Study_Phase.SEQUENCE.Study_Instruction	LOADING RESOURCE SURFACE FROM DISK
926654.286	Study_Phase.SEQUENCE.Study_Instruction	LOADING RESOURCE SURFACE FROM DISK
933407.137	Study_Phase.SEQUENCE.DISPLAY_SCREEN	LOADING RESOURCE SURFACE FROM DISK
934961.381	Study_Phase.SEQUENCE.Study_Instruction	LOADING RESOURCE SURFACE FROM DISK
943236.959	Study_Phase.SEQUENCE.Study_Instruction	LOADING RESOURCE SURFACE FROM DISK
949990.46	Study_Phase.SEQUENCE.DISPLAY_SCREEN	LOADING RESOURCE SURFACE FROM DISK
951537.466	Study_Phase.SEQUENCE.Study_Instruction	LOADING RESOURCE SURFACE FROM DISK
959787.742	Study_Phase.SEQUENCE.Study_Instruction	LOADING RESOURCE SURFACE FROM DISK
966540.56	Study_Phase.SEQUENCE.DISPLAY_SCREEN	LOADING RESOURCE SURFACE FROM DISK
968092.374	Study_Phase.SEQUENCE.Study_Instruction	LOADING RESOURCE SURFACE FROM DISK
974857.09	Study_Phase.SEQUENCE.DISPLAY_SCREEN	LOADING RESOURCE SURFACE FROM DISK
976370.987	Study_Phase.SEQUENCE.Study_Instruction	LOADING RESOURCE SURFACE FROM DISK
984704.476	Study_Phase.SEQUENCE.Study_Instruction	LOADING RESOURCE SURFACE FROM DISK
991457.219	Study_Phase.SEQUENCE.DISPLAY_SCREEN	LOADING RESOURCE SURFACE FROM DISK
992993.541	Study_Phase.SEQUENCE.Study_Instruction	LOADING RESOURCE SURFACE FROM DISK
999757.074	Study_Phase.SEQUENCE.DISPLAY_SCREEN	LOADING RESOURCE SURFACE FROM DISK
1001271.209	Study_Phase.SEQUENCE.Study_Instruction	LOADING RESOURCE SURFACE FROM DISK
1009571.539	Study_Phase.SEQUENCE.Study_Instruction	LOADING RESOURCE SURFACE FROM DISK
1016323.981	Study_Phase.SEQUENCE.DISPLAY_SCREEN	LOADING RESOURCE SURFACE FROM DISK
1017878.732	Study_Phase.SEQUENCE.Study_Instruction	LOADING RESOURCE SURFACE FROM DISK
1026192.301	Study_Phase.SEQUENCE.Study_Instruction	LOADING RESOURCE SURFACE FROM DISK
1034470.974	Study_Phase.SEQUENCE.Study_Instruction	LOADING RESOURCE SURFACE FROM DISK
1041223.685	Study_Phase.SEQUENCE.DISPLAY_SCREEN	LOADING RESOURCE SURFACE FROM DISK
1042737.584	Study_Phase.SEQUENCE.Study_Instruction	LOADING RESOURCE SURFACE FROM DISK
1049490.635	Study_Phase.SEQUENCE.DISPLAY_SCREEN	LOADING RESOURCE SURFACE FROM DISK
1051046.816	Study_Phase.SEQUENCE.Study_Instruction	LOADING RESOURCE SURFACE FROM DISK
1057790.333	Study_Phase.SEQUENCE.DISPLAY_SCREEN	LOADING RESOURCE SURFACE FROM DISK
1059348.171	Study_Phase.SEQUENCE.Study_Instruction	LOADING RESOURCE SURFACE FROM DISK
1066107.318	Study_Phase.SEQUENCE.DISPLAY_SCREEN	LOADING RESOURCE SURFACE FROM DISK
1067620.95	Study_Phase.SEQUENCE.Study_Instruction	LOADING RESOURCE SURFACE FROM DISK
1075920.609	Study_Phase.SEQUENCE.Study_Instruction	LOADING RESOURCE SURFACE FROM DISK
1082657.185	Study_Phase.SEQUENCE.DISPLAY_SCREEN	LOADING RESOURCE SURFACE FROM DISK
1084204.455	Study_Phase.SEQUENCE.Study_Instruction	LOADING RESOURCE SURFACE FROM DISK
1092513.221	Study_Phase.SEQUENCE.Study_Instruction	LOADING RESOURCE SURFACE FROM DISK
1099273.745	Study_Phase.SEQUENCE.DISPLAY_SCREEN	LOADING RESOURCE SURFACE FROM DISK
1100823.843	Study_Phase.SEQUENCE.Study_Instruction	LOADING RESOURCE SURFACE FROM DISK
1109120.505	Study_Phase.SEQUENCE.Study_Instruction	LOADING RESOURCE SURFACE FROM DISK
1115873.78	Study_Phase.SEQUENCE.DISPLAY_SCREEN	LOADING RESOURCE SURFACE FROM DISK
1117422.258	Study_Phase.SEQUENCE.Study_Instruction	LOADING RESOURCE SURFACE FROM DISK
1125709.418	Study_Phase.SEQUENCE.Study_Instruction	LOADING RESOURCE SURFACE FROM DISK
1133970.43	Study_Phase.SEQUENCE.Study_Instruction	LOADING RESOURCE SURFACE FROM DISK
1140723.661	Study_Phase.SEQUENCE.DISPLAY_SCREEN	LOADING RESOURCE SURFACE FROM DISK
1142264.604	Study_Phase.SEQUENCE.Study_Instruction	LOADING RESOURCE SURFACE FROM DISK
1150575.406	Study_Phase.SEQUENCE.Study_Instruction	LOADING RESOURCE SURFACE FROM DISK
1157340.505	Study_Phase.SEQUENCE.DISPLAY_SCREEN	LOADING RESOURCE SURFACE FROM DISK
1158854.411	Study_Phase.SEQUENCE.Study_Instruction	LOADING RESOURCE SURFACE FROM DISK
1167154.989	Study_Phase.SEQUENCE.Study_Instruction	LOADING RESOURCE SURFACE FROM DISK
1175462.504	Study_Phase.SEQUENCE.Study_Instruction	LOADING RESOURCE SURFACE FROM DISK
1183777.404	Study_Phase.SEQUENCE.Study_Instruction	LOADING RESOURCE SURFACE FROM DISK
1190540.471	Study_Phase.SEQUENCE.DISPLAY_SCREEN	LOADING RESOURCE SURFACE FROM DISK
1192054.276	Study_Phase.SEQUENCE.Study_Instruction	LOADING RESOURCE SURFACE FROM DISK
1200354.771	Study_Phase.SEQUENCE.Study_Instruction	LOADING RESOURCE SURFACE FROM DISK
1207107.123	Study_Phase.SEQUENCE.DISPLAY_SCREEN	LOADING RESOURCE SURFACE FROM DISK
1208662.457	Study_Phase.SEQUENCE.Study_Instruction	LOADING RESOURCE SURFACE FROM DISK
1215423.659	Study_Phase.SEQUENCE.DISPLAY_SCREEN	LOADING RESOURCE SURFACE FROM DISK
1216937.696	Study_Phase.SEQUENCE.Study_Instruction	LOADING RESOURCE SURFACE FROM DISK
1225242.521	Study_Phase.SEQUENCE.Study_Instruction	LOADING RESOURCE SURFACE FROM DISK
1232007.075	Study_Phase.SEQUENCE.DISPLAY_SCREEN	LOADING RESOURCE SURFACE FROM DISK
1233541.417	Study_Phase.SEQUENCE.Study_Instruction	LOADING RESOURCE SURFACE FROM DISK
1240290.583	Study_Phase.SEQUENCE.DISPLAY_SCREEN	LOADING RESOURCE SURFACE FROM DISK
1241838.63	Study_Phase.SEQUENCE.Study_Instruction	LOADING RESOURCE SURFACE FROM DISK
1250140.086	Study_Phase.SEQUENCE.Study_Instruction	LOADING RESOURCE SURFACE FROM DISK
1256890.478	Study_Phase.SEQUENCE.DISPLAY_SCREEN	LOADING RESOURCE SURFACE FROM DISK
1258441.345	Study_Phase.SEQUENCE.Study_Instruction	LOADING RESOURCE SURFACE FROM DISK
1266792.439	Study_Phase.SEQUENCE.Study_Instruction	LOADING RESOURCE SURFACE FROM DISK
1273557.039	Study_Phase.SEQUENCE.DISPLAY_SCREEN	LOADING RESOURCE SURFACE FROM DISK
1275105.458	Study_Phase.SEQUENCE.Study_Instruction	LOADING RESOURCE SURFACE FROM DISK
1281857.157	Study_Phase.SEQUENCE.DISPLAY_SCREEN	LOADING RESOURCE SURFACE FROM DISK
1283407.784	Study_Phase.SEQUENCE.Study_Instruction	LOADING RESOURCE SURFACE FROM DISK
1291671.124	Study_Phase.SEQUENCE.Study_Instruction	LOADING RESOURCE SURFACE FROM DISK
1299980.65	Study_Phase.SEQUENCE.Study_Instruction	LOADING RESOURCE SURFACE FROM DISK
1306740.478	Study_Phase.SEQUENCE.DISPLAY_SCREEN	LOADING RESOURCE SURFACE FROM DISK
1308292.701	Study_Phase.SEQUENCE.Study_Instruction	LOADING RESOURCE SURFACE FROM DISK
1316605.566	Study_Phase.SEQUENCE.Study_Instruction	LOADING RESOURCE SURFACE FROM DISK
1323357.093	Study_Phase.SEQUENCE.DISPLAY_SCREEN	LOADING RESOURCE SURFACE FROM DISK
1324904.222	Study_Phase.SEQUENCE.Study_Instruction	LOADING RESOURCE SURFACE FROM DISK
1331657.188	Study_Phase.SEQUENCE.DISPLAY_SCREEN	LOADING RESOURCE SURFACE FROM DISK
1333204.759	Study_Phase.SEQUENCE.Study_Instruction	LOADING RESOURCE SURFACE FROM DISK
1339956.967	Study_Phase.SEQUENCE.DISPLAY_SCREEN	LOADING RESOURCE SURFACE FROM DISK
1341505.41	Study_Phase.SEQUENCE.Study_Instruction	LOADING RESOURCE SURFACE FROM DISK
1349803.406	Study_Phase.SEQUENCE.Study_Instruction	LOADING RESOURCE SURFACE FROM DISK
1356557.225	Study_Phase.SEQUENCE.DISPLAY_SCREEN	LOADING RESOURCE SURFACE FROM DISK
1358089.785	Study_Phase.SEQUENCE.Study_Instruction	LOADING RESOURCE SURFACE FROM DISK
1366358.907	Study_Phase.SEQUENCE.Study_Instruction	LOADING RESOURCE SURFACE FROM DISK
1374669.765	Study_Phase.SEQUENCE.Study_Instruction	LOADING RESOURCE SURFACE FROM DISK
1382956.171	Study_Phase.SEQUENCE.Study_Instruction	LOADING RESOURCE SURFACE FROM DISK
1389707.09	Study_Phase.SEQUENCE.DISPLAY_SCREEN	LOADING RESOURCE SURFACE FROM DISK
1391259.218	Study_Phase.SEQUENCE.Study_Instruction	LOADING RESOURCE SURFACE FROM DISK
1399580.455	Study_Phase.SEQUENCE.Study_Instruction	LOADING RESOURCE SURFACE FROM DISK
1407853.813	Study_Phase.SEQUENCE.Study_Instruction	LOADING RESOURCE SURFACE FROM DISK
1414590.342	Study_Phase.SEQUENCE.DISPLAY_SCREEN	LOADING RESOURCE SURFACE FROM DISK
1416146.092	Study_Phase.SEQUENCE.Study_Instruction	LOADING RESOURCE SURFACE FROM DISK
1424456.163	Study_Phase.SEQUENCE.Study_Instruction	LOADING RESOURCE SURFACE FROM DISK
1432720.487	Study_Phase.SEQUENCE.Study_Instruction	LOADING RESOURCE SURFACE FROM DISK
1440987.211	Study_Phase.SEQUENCE.Study_Instruction	LOADING RESOURCE SURFACE FROM DISK
1449290.401	Study_Phase.SEQUENCE.Study_Instruction	LOADING RESOURCE SURFACE FROM DISK
1457586.488	Study_Phase.SEQUENCE.Study_Instruction	LOADING RESOURCE SURFACE FROM DISK
1465890.119	Study_Phase.SEQUENCE.Study_Instruction	LOADING RESOURCE SURFACE FROM DISK
1472640.416	Study_Phase.SEQUENCE.DISPLAY_SCREEN	LOADING RESOURCE SURFACE FROM DISK
1474193.579	Study_Phase.SEQUENCE.Study_Instruction	LOADING RESOURCE SURFACE FROM DISK
1482500.929	Study_Phase.SEQUENCE.Study_Instruction	LOADING RESOURCE SURFACE FROM DISK
1489257.033	Study_Phase.SEQUENCE.DISPLAY_SCREEN	LOADING RESOURCE SURFACE FROM DISK
1490807.36	Study_Phase.SEQUENCE.Study_Instruction	LOADING RESOURCE SURFACE FROM DISK
1499110.056	Study_Phase.SEQUENCE.Study_Instruction	LOADING RESOURCE SURFACE FROM DISK
1505873.741	Study_Phase.SEQUENCE.DISPLAY_SCREEN	LOADING RESOURCE SURFACE FROM DISK
1507430.117	Study_Phase.SEQUENCE.Study_Instruction	LOADING RESOURCE SURFACE FROM DISK
1515744.837	Study_Phase.SEQUENCE.Study_Instruction	LOADING RESOURCE SURFACE FROM DISK
1524054.47	Study_Phase.SEQUENCE.Study_Instruction	LOADING RESOURCE SURFACE FROM DISK
1532331.602	Study_Phase.SEQUENCE.Study_Instruction	LOADING RESOURCE SURFACE FROM DISK
1539090.391	Study_Phase.SEQUENCE.DISPLAY_SCREEN	LOADING RESOURCE SURFACE FROM DISK
1540639.116	Study_Phase.SEQUENCE.Study_Instruction	LOADING RESOURCE SURFACE FROM DISK
1548940.134	Study_Phase.SEQUENCE.Study_Instruction	LOADING RESOURCE SURFACE FROM DISK
1557241.706	Study_Phase.SEQUENCE.Study_Instruction	LOADING RESOURCE SURFACE FROM DISK
1563973.911	Study_Phase.SEQUENCE.DISPLAY_SCREEN	LOADING RESOURCE SURFACE FROM DISK
1565526.935	Study_Phase.SEQUENCE.Study_Instruction	LOADING RESOURCE SURFACE FROM DISK
1573841.162	Study_Phase.SEQUENCE.Study_Instruction	LOADING RESOURCE SURFACE FROM DISK
1582146.89	Study_Phase.SEQUENCE.Study_Instruction	LOADING RESOURCE SURFACE FROM DISK
1588890.604	Study_Phase.SEQUENCE.DISPLAY_SCREEN	LOADING RESOURCE SURFACE FROM DISK
1590440.21	Study_Phase.SEQUENCE.Study_Instruction	LOADING RESOURCE SURFACE FROM DISK
1598741.729	Study_Phase.SEQUENCE.Study_Instruction	LOADING RESOURCE SURFACE FROM DISK
1605507.227	Study_Phase.SEQUENCE.DISPLAY_SCREEN	LOADING RESOURCE SURFACE FROM DISK
1607062.417	Study_Phase.SEQUENCE.Study_Instruction	LOADING RESOURCE SURFACE FROM DISK
1615379.937	Study_Phase.SEQUENCE.Study_Instruction	LOADING RESOURCE SURFACE FROM DISK
1622140.377	Study_Phase.SEQUENCE.DISPLAY_SCREEN	LOADING RESOURCE SURFACE FROM DISK
1623693.607	Study_Phase.SEQUENCE.Study_Instruction	LOADING RESOURCE SURFACE FROM DISK
1632011.871	Study_Phase.SEQUENCE.Study_Instruction	LOADING RESOURCE SURFACE FROM DISK
1638773.719	Study_Phase.SEQUENCE.DISPLAY_SCREEN	LOADING RESOURCE SURFACE FROM DISK
1640326.395	Study_Phase.SEQUENCE.Study_Instruction	LOADING RESOURCE SURFACE FROM DISK
1648640.378	Study_Phase.SEQUENCE.Study_Instruction	LOADING RESOURCE SURFACE FROM DISK
1655390.465	Study_Phase.SEQUENCE.DISPLAY_SCREEN	LOADING RESOURCE SURFACE FROM DISK
1656939.021	Study_Phase.SEQUENCE.Study_Instruction	LOADING RESOURCE SURFACE FROM DISK
1663690.305	Study_Phase.SEQUENCE.DISPLAY_SCREEN	LOADING RESOURCE SURFACE FROM DISK
1665238.399	Study_Phase.SEQUENCE.Study_Instruction	LOADING RESOURCE SURFACE FROM DISK
1673538.816	Study_Phase.SEQUENCE.Study_Instruction	LOADING RESOURCE SURFACE FROM DISK
1680290.412	Study_Phase.SEQUENCE.DISPLAY_SCREEN	LOADING RESOURCE SURFACE FROM DISK
1681804.405	Study_Phase.SEQUENCE.Study_Instruction	LOADING RESOURCE SURFACE FROM DISK
1690093.418	Study_Phase.SEQUENCE.Study_Instruction	LOADING RESOURCE SURFACE FROM DISK
1698403.218	Study_Phase.SEQUENCE.Study_Instruction	LOADING RESOURCE SURFACE FROM DISK
1706703.641	Study_Phase.SEQUENCE.Study_Instruction	LOADING RESOURCE SURFACE FROM DISK
1715013.915	Study_Phase.SEQUENCE.Study_Instruction	LOADING RESOURCE SURFACE FROM DISK
1721773.805	Study_Phase.SEQUENCE.DISPLAY_SCREEN	LOADING RESOURCE SURFACE FROM DISK
1723323.79	Study_Phase.SEQUENCE.Study_Instruction	LOADING RESOURCE SURFACE FROM DISK
1731587.276	Study_Phase.SEQUENCE.Study_Instruction	LOADING RESOURCE SURFACE FROM DISK
1738340.457	Study_Phase.SEQUENCE.DISPLAY_SCREEN	LOADING RESOURCE SURFACE FROM DISK
1739893.6	Study_Phase.SEQUENCE.Study_Instruction	LOADING RESOURCE SURFACE FROM DISK
1746656.851	Study_Phase.SEQUENCE.DISPLAY_SCREEN	LOADING RESOURCE SURFACE FROM DISK
1748211.447	Study_Phase.SEQUENCE.Study_Instruction	LOADING RESOURCE SURFACE FROM DISK
1756521.407	Study_Phase.SEQUENCE.Study_Instruction	LOADING RESOURCE SURFACE FROM DISK
1763273.732	Study_Phase.SEQUENCE.DISPLAY_SCREEN	LOADING RESOURCE SURFACE FROM DISK
1764819.65	Study_Phase.SEQUENCE.Study_Instruction	LOADING RESOURCE SURFACE FROM DISK
1771573.755	Study_Phase.SEQUENCE.DISPLAY_SCREEN	LOADING RESOURCE SURFACE FROM DISK
1773112.428	Study_Phase.SEQUENCE.Study_Instruction	LOADING RESOURCE SURFACE FROM DISK
1779873.838	Study_Phase.SEQUENCE.DISPLAY_SCREEN	LOADING RESOURCE SURFACE FROM DISK
1781426.858	Study_Phase.SEQUENCE.Study_Instruction	LOADING RESOURCE SURFACE FROM DISK
1789738.927	Study_Phase.SEQUENCE.Study_Instruction	LOADING RESOURCE SURFACE FROM DISK
1796490.344	Study_Phase.SEQUENCE.DISPLAY_SCREEN	LOADING RESOURCE SURFACE FROM DISK
1798044.845	Study_Phase.SEQUENCE.Study_Instruction	LOADING RESOURCE SURFACE FROM DISK
1806355.159	Study_Phase.SEQUENCE.Study_Instruction	LOADING RESOURCE SURFACE FROM DISK
1814620.453	Study_Phase.SEQUENCE.Study_Instruction	LOADING RESOURCE SURFACE FROM DISK
1821373.715	Study_Phase.SEQUENCE.DISPLAY_SCREEN	LOADING RESOURCE SURFACE FROM DISK
1822922.997	Study_Phase.SEQUENCE.Study_Instruction	LOADING RESOURCE SURFACE FROM DISK
1829673.686	Study_Phase.SEQUENCE.DISPLAY_SCREEN	LOADING RESOURCE SURFACE FROM DISK
1831187.777	Study_Phase.SEQUENCE.Study_Instruction	LOADING RESOURCE SURFACE FROM DISK
1837940.325	Study_Phase.SEQUENCE.DISPLAY_SCREEN	LOADING RESOURCE SURFACE FROM DISK
1839496.089	Study_Phase.SEQUENCE.Study_Instruction	LOADING RESOURCE SURFACE FROM DISK
1844219.304	DISPLAY_SCREEN[7]	LOADING RESOURCE SURFACE FROM DISK
2033913.097	Test_Phase.SEQUENCE.Target_Cue	LOADING RESOURCE SURFACE FROM DISK
2033923.456	Test_Phase.SEQUENCE.Target_Cue	LOADING RESOURCE SURFACE FROM DISK
2035937.45	Test_Phase.SEQUENCE.Word	LOADING RESOURCE SURFACE FROM DISK
2038987.977	Test_Phase.SEQUENCE.Test_Question	LOADING RESOURCE SURFACE FROM DISK
2039002.2	Test_Phase.SEQUENCE.Test_Question	LOADING RESOURCE SURFACE FROM DISK
2039012.672	Test_Phase.SEQUENCE.Test_Question	LOADING RESOURCE SURFACE FROM DISK
2039023.476	Test_Phase.SEQUENCE.Test_Question	LOADING RESOURCE SURFACE FROM DISK
2039025.27	Test_Phase.SEQUENCE.Test_Question	LOADING RESOURCE SURFACE FROM DISK
2039027.084	Test_Phase.SEQUENCE.Test_Question	LOADING RESOURCE SURFACE FROM DISK
2039028.93	Test_Phase.SEQUENCE.Test_Question	LOADING RESOURCE SURFACE FROM DISK
2039030.886	Test_Phase.SEQUENCE.Test_Question	LOADING RESOURCE SURFACE FROM DISK
2039032.71	Test_Phase.SEQUENCE.Test_Question	LOADING RESOURCE SURFACE FROM DISK
2039034.551	Test_Phase.SEQUENCE.Test_Question	LOADING RESOURCE SURFACE FROM DISK
2039036.225	Test_Phase.SEQUENCE.Test_Question	LOADING RESOURCE SURFACE FROM DISK
2039037.996	Test_Phase.SEQUENCE.Test_Question	LOADING RESOURCE SURFACE FROM DISK
2047570.464	Test_Phase.SEQUENCE.Word	LOADING RESOURCE SURFACE FROM DISK
2060453.848	Test_Phase.SEQUENCE.Word	LOADING RESOURCE SURFACE FROM DISK
2073203.97	Test_Phase.SEQUENCE.Word	LOADING RESOURCE SURFACE FROM DISK
2083470.597	Test_Phase.SEQUENCE.Word	LOADING RESOURCE SURFACE FROM DISK
2091070.511	Test_Phase.SEQUENCE.Word	LOADING RESOURCE SURFACE FROM DISK
2099753.92	Test_Phase.SEQUENCE.Word	LOADING RESOURCE SURFACE FROM DISK
2108820.623	Test_Phase.SEQUENCE.Word	LOADING RESOURCE SURFACE FROM DISK
2117337.218	Test_Phase.SEQUENCE.Word	LOADING RESOURCE SURFACE FROM DISK
2125420.61	Test_Phase.SEQUENCE.Word	LOADING RESOURCE SURFACE FROM DISK
2133096.866	Test_Phase.SEQUENCE.Word	LOADING RESOURCE SURFACE FROM DISK
2142787.202	Test_Phase.SEQUENCE.Word	LOADING RESOURCE SURFACE FROM DISK
2150203.844	Test_Phase.SEQUENCE.Word	LOADING RESOURCE SURFACE FROM DISK
2159837.136	Test_Phase.SEQUENCE.Word	LOADING RESOURCE SURFACE FROM DISK
2168370.464	Test_Phase.SEQUENCE.Word	LOADING RESOURCE SURFACE FROM DISK
2176537.276	Test_Phase.SEQUENCE.Word	LOADING RESOURCE SURFACE FROM DISK
2185021.749	Test_Phase.SEQUENCE.Word	LOADING RESOURCE SURFACE FROM DISK
2193379.829	Test_Phase.SEQUENCE.Word	LOADING RESOURCE SURFACE FROM DISK
2201503.769	Test_Phase.SEQUENCE.Word	LOADING RESOURCE SURFACE FROM DISK
2211676.483	Test_Phase.SEQUENCE.Word	LOADING RESOURCE SURFACE FROM DISK
2220303.972	Test_Phase.SEQUENCE.Word	LOADING RESOURCE SURFACE FROM DISK
2228537.247	Test_Phase.SEQUENCE.Word	LOADING RESOURCE SURFACE FROM DISK
2237775.465	Test_Phase.SEQUENCE.Word	LOADING RESOURCE SURFACE FROM DISK
2245937.06	Test_Phase.SEQUENCE.Word	LOADING RESOURCE SURFACE FROM DISK
2254841.471	Test_Phase.SEQUENCE.Word	LOADING RESOURCE SURFACE FROM DISK
2263328.944	Test_Phase.SEQUENCE.Word	LOADING RESOURCE SURFACE FROM DISK
2272534.581	Test_Phase.SEQUENCE.Word	LOADING RESOURCE SURFACE FROM DISK
2280908.509	Test_Phase.SEQUENCE.Word	LOADING RESOURCE SURFACE FROM DISK
2289476.875	Test_Phase.SEQUENCE.Word	LOADING RESOURCE SURFACE FROM DISK
2299570.615	Test_Phase.SEQUENCE.Word	LOADING RESOURCE SURFACE FROM DISK
2307987.209	Test_Phase.SEQUENCE.Word	LOADING RESOURCE SURFACE FROM DISK
2316003.933	Test_Phase.SEQUENCE.Word	LOADING RESOURCE SURFACE FROM DISK
2325137.105	Test_Phase.SEQUENCE.Word	LOADING RESOURCE SURFACE FROM DISK
2333954.075	Test_Phase.SEQUENCE.Word	LOADING RESOURCE SURFACE FROM DISK
2342037.303	Test_Phase.SEQUENCE.Word	LOADING RESOURCE SURFACE FROM DISK
2351420.491	Test_Phase.SEQUENCE.Word	LOADING RESOURCE SURFACE FROM DISK
2359560.096	Test_Phase.SEQUENCE.Word	LOADING RESOURCE SURFACE FROM DISK
2369427.387	Test_Phase.SEQUENCE.Word	LOADING RESOURCE SURFACE FROM DISK
2377770.454	Test_Phase.SEQUENCE.Word	LOADING RESOURCE SURFACE FROM DISK
2386003.866	Test_Phase.SEQUENCE.Word	LOADING RESOURCE SURFACE FROM DISK
2394170.414	Test_Phase.SEQUENCE.Word	LOADING RESOURCE SURFACE FROM DISK
2404359.05	Test_Phase.SEQUENCE.Word	LOADING RESOURCE SURFACE FROM DISK
2412604.178	Test_Phase.SEQUENCE.Word	LOADING RESOURCE SURFACE FROM DISK
2420823.225	Test_Phase.SEQUENCE.Word	LOADING RESOURCE SURFACE FROM DISK
2429120.504	Test_Phase.SEQUENCE.Word	LOADING RESOURCE SURFACE FROM DISK
2437253.88	Test_Phase.SEQUENCE.Word	LOADING RESOURCE SURFACE FROM DISK
2444553.894	Test_Phase.SEQUENCE.Word	LOADING RESOURCE SURFACE FROM DISK
2452620.534	Test_Phase.SEQUENCE.Word	LOADING RESOURCE SURFACE FROM DISK
2461187.344	Test_Phase.SEQUENCE.Word	LOADING RESOURCE SURFACE FROM DISK
2469220.474	Test_Phase.SEQUENCE.Word	LOADING RESOURCE SURFACE FROM DISK
2477311.518	Test_Phase.SEQUENCE.Word	LOADING RESOURCE SURFACE FROM DISK
2485537.207	Test_Phase.SEQUENCE.Word	LOADING RESOURCE SURFACE FROM DISK
2494137.179	Test_Phase.SEQUENCE.Word	LOADING RESOURCE SURFACE FROM DISK
2502322.947	Test_Phase.SEQUENCE.Word	LOADING RESOURCE SURFACE FROM DISK
2510736.957	Test_Phase.SEQUENCE.Word	LOADING RESOURCE SURFACE FROM DISK
2518937.146	Test_Phase.SEQUENCE.Word	LOADING RESOURCE SURFACE FROM DISK
2527570.429	Test_Phase.SEQUENCE.Word	LOADING RESOURCE SURFACE FROM DISK
2535874.946	Test_Phase.SEQUENCE.Word	LOADING RESOURCE SURFACE FROM DISK
2544153.904	Test_Phase.SEQUENCE.Word	LOADING RESOURCE SURFACE FROM DISK
2552679.508	Test_Phase.SEQUENCE.Word	LOADING RESOURCE SURFACE FROM DISK
2561903.969	Test_Phase.SEQUENCE.Word	LOADING RESOURCE SURFACE FROM DISK
2569886.905	Test_Phase.SEQUENCE.Word	LOADING RESOURCE SURFACE FROM DISK
2577853.892	Test_Phase.SEQUENCE.Word	LOADING RESOURCE SURFACE FROM DISK
2585925.789	Test_Phase.SEQUENCE.Word	LOADING RESOURCE SURFACE FROM DISK
2594837.093	Test_Phase.SEQUENCE.Word	LOADING RESOURCE SURFACE FROM DISK
2602820.413	Test_Phase.SEQUENCE.Word	LOADING RESOURCE SURFACE FROM DISK
2610720.368	Test_Phase.SEQUENCE.Word	LOADING RESOURCE SURFACE FROM DISK
2619662.488	Test_Phase.SEQUENCE.Word	LOADING RESOURCE SURFACE FROM DISK
2627730.276	Test_Phase.SEQUENCE.Word	LOADING RESOURCE SURFACE FROM DISK
2635820.85	Test_Phase.SEQUENCE.Word	LOADING RESOURCE SURFACE FROM DISK
2644570.435	Test_Phase.SEQUENCE.Word	LOADING RESOURCE SURFACE FROM DISK
2652720.537	Test_Phase.SEQUENCE.Word	LOADING RESOURCE SURFACE FROM DISK
2660920.609	Test_Phase.SEQUENCE.Word	LOADING RESOURCE SURFACE FROM DISK
2669038.922	Test_Phase.SEQUENCE.Word	LOADING RESOURCE SURFACE FROM DISK
2677176.292	Test_Phase.SEQUENCE.Word	LOADING RESOURCE SURFACE FROM DISK
2685187.51	Test_Phase.SEQUENCE.Word	LOADING RESOURCE SURFACE FROM DISK
2693287.128	Test_Phase.SEQUENCE.Word	LOADING RESOURCE SURFACE FROM DISK
2701304.012	Test_Phase.SEQUENCE.Word	LOADING RESOURCE SURFACE FROM DISK
2709226.828	Test_Phase.SEQUENCE.Word	LOADING RESOURCE SURFACE FROM DISK
2717304.166	Test_Phase.SEQUENCE.Word	LOADING RESOURCE SURFACE FROM DISK
2725445.679	Test_Phase.SEQUENCE.Word	LOADING RESOURCE SURFACE FROM DISK
2733787.067	Test_Phase.SEQUENCE.Word	LOADING RESOURCE SURFACE FROM DISK
2742153.964	Test_Phase.SEQUENCE.Word	LOADING RESOURCE SURFACE FROM DISK
2750120.37	Test_Phase.SEQUENCE.Word	LOADING RESOURCE SURFACE FROM DISK
2758159.309	Test_Phase.SEQUENCE.Word	LOADING RESOURCE SURFACE FROM DISK
2766003.832	Test_Phase.SEQUENCE.Word	LOADING RESOURCE SURFACE FROM DISK
2773887.247	Test_Phase.SEQUENCE.Word	LOADING RESOURCE SURFACE FROM DISK
2782470.027	Test_Phase.SEQUENCE.Word	LOADING RESOURCE SURFACE FROM DISK
2790924.881	Test_Phase.SEQUENCE.Word	LOADING RESOURCE SURFACE FROM DISK
2799609.895	Test_Phase.SEQUENCE.Word	LOADING RESOURCE SURFACE FROM DISK
2808020.503	Test_Phase.SEQUENCE.Word	LOADING RESOURCE SURFACE FROM DISK
2816425.235	Test_Phase.SEQUENCE.Word	LOADING RESOURCE SURFACE FROM DISK
2824443.285	Test_Phase.SEQUENCE.Word	LOADING RESOURCE SURFACE FROM DISK
2832520.398	Test_Phase.SEQUENCE.Word	LOADING RESOURCE SURFACE FROM DISK
2841124.727	Test_Phase.SEQUENCE.Word	LOADING RESOURCE SURFACE FROM DISK
2850670.922	Test_Phase.SEQUENCE.Word	LOADING RESOURCE SURFACE FROM DISK
2858770.471	Test_Phase.SEQUENCE.Word	LOADING RESOURCE SURFACE FROM DISK
2866770.42	Test_Phase.SEQUENCE.Word	LOADING RESOURCE SURFACE FROM DISK
2874937.323	Test_Phase.SEQUENCE.Word	LOADING RESOURCE SURFACE FROM DISK
2883395.124	Test_Phase.SEQUENCE.Word	LOADING RESOURCE SURFACE FROM DISK
2891375.741	Test_Phase.SEQUENCE.Word	LOADING RESOURCE SURFACE FROM DISK
2899873.604	Test_Phase.SEQUENCE.Word	LOADING RESOURCE SURFACE FROM DISK
2909189.224	Test_Phase.SEQUENCE.Word	LOADING RESOURCE SURFACE FROM DISK
2917753.807	Test_Phase.SEQUENCE.Word	LOADING RESOURCE SURFACE FROM DISK
2925861.288	Test_Phase.SEQUENCE.Word	LOADING RESOURCE SURFACE FROM DISK
2934088.015	Test_Phase.SEQUENCE.Word	LOADING RESOURCE SURFACE FROM DISK
2942640.337	Test_Phase.SEQUENCE.Word	LOADING RESOURCE SURFACE FROM DISK
2951470.503	Test_Phase.SEQUENCE.Word	LOADING RESOURCE SURFACE FROM DISK
2959470.865	Test_Phase.SEQUENCE.Word	LOADING RESOURCE SURFACE FROM DISK
2969487.089	Test_Phase.SEQUENCE.Word	LOADING RESOURCE SURFACE FROM DISK
2978053.849	Test_Phase.SEQUENCE.Word	LOADING RESOURCE SURFACE FROM DISK
2988553.931	Test_Phase.SEQUENCE.Word	LOADING RESOURCE SURFACE FROM DISK
2997070.542	Test_Phase.SEQUENCE.Word	LOADING RESOURCE SURFACE FROM DISK
3005887.098	Test_Phase.SEQUENCE.Word	LOADING RESOURCE SURFACE FROM DISK
3014303.981	Test_Phase.SEQUENCE.Word	LOADING RESOURCE SURFACE FROM DISK
3023320.822	Test_Phase.SEQUENCE.Word	LOADING RESOURCE SURFACE FROM DISK
3031903.812	Test_Phase.SEQUENCE.Word	LOADING RESOURCE SURFACE FROM DISK
3050180.747	Test_Phase.SEQUENCE.Word	LOADING RESOURCE SURFACE FROM DISK
3059787.182	Test_Phase.SEQUENCE.Word	LOADING RESOURCE SURFACE FROM DISK
3068288.212	Test_Phase.SEQUENCE.Word	LOADING RESOURCE SURFACE FROM DISK
3077292.696	Test_Phase.SEQUENCE.Word	LOADING RESOURCE SURFACE FROM DISK
3087256.036	Test_Phase.SEQUENCE.Word	LOADING RESOURCE SURFACE FROM DISK
3095803.85	Test_Phase.SEQUENCE.Word	LOADING RESOURCE SURFACE FROM DISK
3105337.194	Test_Phase.SEQUENCE.Word	LOADING RESOURCE SURFACE FROM DISK
3113320.512	Test_Phase.SEQUENCE.Word	LOADING RESOURCE SURFACE FROM DISK
3122237.058	Test_Phase.SEQUENCE.Word	LOADING RESOURCE SURFACE FROM DISK
3130320.541	Test_Phase.SEQUENCE.Word	LOADING RESOURCE SURFACE FROM DISK
3138747.174	Test_Phase.SEQUENCE.Word	LOADING RESOURCE SURFACE FROM DISK
3147070.76	Test_Phase.SEQUENCE.Word	LOADING RESOURCE SURFACE FROM DISK
3156187.08	Test_Phase.SEQUENCE.Word	LOADING RESOURCE SURFACE FROM DISK
3164170.488	Test_Phase.SEQUENCE.Word	LOADING RESOURCE SURFACE FROM DISK
3172407.846	Test_Phase.SEQUENCE.Word	LOADING RESOURCE SURFACE FROM DISK
3181343.289	Test_Phase.SEQUENCE.Word	LOADING RESOURCE SURFACE FROM DISK
3189820.624	Test_Phase.SEQUENCE.Word	LOADING RESOURCE SURFACE FROM DISK
3197954.081	Test_Phase.SEQUENCE.Word	LOADING RESOURCE SURFACE FROM DISK
3207390.601	Test_Phase.SEQUENCE.Word	LOADING RESOURCE SURFACE FROM DISK
3215920.402	Test_Phase.SEQUENCE.Word	LOADING RESOURCE SURFACE FROM DISK
3224522.937	Test_Phase.SEQUENCE.Word	LOADING RESOURCE SURFACE FROM DISK
3233378.21	Test_Phase.SEQUENCE.Word	LOADING RESOURCE SURFACE FROM DISK
3241820.854	Test_Phase.SEQUENCE.Word	LOADING RESOURCE SURFACE FROM DISK
3250170.418	Test_Phase.SEQUENCE.Word	LOADING RESOURCE SURFACE FROM DISK
3259126.529	Test_Phase.SEQUENCE.Word	LOADING RESOURCE SURFACE FROM DISK
3267220.652	Test_Phase.SEQUENCE.Word	LOADING RESOURCE SURFACE FROM DISK
3275863.594	Test_Phase.SEQUENCE.Word	LOADING RESOURCE SURFACE FROM DISK
3284620.702	Test_Phase.SEQUENCE.Word	LOADING RESOURCE SURFACE FROM DISK
3292587.223	Test_Phase.SEQUENCE.Word	LOADING RESOURCE SURFACE FROM DISK
3301075.877	Test_Phase.SEQUENCE.Word	LOADING RESOURCE SURFACE FROM DISK
3309303.942	Test_Phase.SEQUENCE.Word	LOADING RESOURCE SURFACE FROM DISK
3317253.845	Test_Phase.SEQUENCE.Word	LOADING RESOURCE SURFACE FROM DISK
3325337.148	Test_Phase.SEQUENCE.Word	LOADING RESOURCE SURFACE FROM DISK
3333452.373	Test_Phase.SEQUENCE.Word	LOADING RESOURCE SURFACE FROM DISK
3341494.044	Test_Phase.SEQUENCE.Word	LOADING RESOURCE SURFACE FROM DISK
3349620.818	Test_Phase.SEQUENCE.Word	LOADING RESOURCE SURFACE FROM DISK
3358270.757	Test_Phase.SEQUENCE.Word	LOADING RESOURCE SURFACE FROM DISK
3366603.992	Test_Phase.SEQUENCE.Word	LOADING RESOURCE SURFACE FROM DISK
3375803.821	Test_Phase.SEQUENCE.Word	LOADING RESOURCE SURFACE FROM DISK
3384620.949	Test_Phase.SEQUENCE.Word	LOADING RESOURCE SURFACE FROM DISK
3394570.433	Test_Phase.SEQUENCE.Word	LOADING RESOURCE SURFACE FROM DISK
3402827.293	Test_Phase.SEQUENCE.Word	LOADING RESOURCE SURFACE FROM DISK
3412387.223	Test_Phase.SEQUENCE.Word	LOADING RESOURCE SURFACE FROM DISK
3420953.735	Test_Phase.SEQUENCE.Word	LOADING RESOURCE SURFACE FROM DISK
3430187.119	Test_Phase.SEQUENCE.Word	LOADING RESOURCE SURFACE FROM DISK
3438370.556	Test_Phase.SEQUENCE.Word	LOADING RESOURCE SURFACE FROM DISK
3446853.843	Test_Phase.SEQUENCE.Word	LOADING RESOURCE SURFACE FROM DISK
3455124.621	Test_Phase.SEQUENCE.Word	LOADING RESOURCE SURFACE FROM DISK
3464337.042	Test_Phase.SEQUENCE.Word	LOADING RESOURCE SURFACE FROM DISK
3472537.485	Test_Phase.SEQUENCE.Word	LOADING RESOURCE SURFACE FROM DISK
3480604.075	Test_Phase.SEQUENCE.Word	LOADING RESOURCE SURFACE FROM DISK
3489870.593	Test_Phase.SEQUENCE.Word	LOADING RESOURCE SURFACE FROM DISK
3497837.397	Test_Phase.SEQUENCE.Word	LOADING RESOURCE SURFACE FROM DISK
3506237.121	Test_Phase.SEQUENCE.Word	LOADING RESOURCE SURFACE FROM DISK
3514257.726	Test_Phase.SEQUENCE.Word	LOADING RESOURCE SURFACE FROM DISK
3523154.009	Test_Phase.SEQUENCE.Word	LOADING RESOURCE SURFACE FROM DISK
3531370.51	Test_Phase.SEQUENCE.Word	LOADING RESOURCE SURFACE FROM DISK
3539977.79	Test_Phase.SEQUENCE.Word	LOADING RESOURCE SURFACE FROM DISK
3548422.739	Test_Phase.SEQUENCE.Word	LOADING RESOURCE SURFACE FROM DISK
3556787.046	Test_Phase.SEQUENCE.Word	LOADING RESOURCE SURFACE FROM DISK
3565553.836	Test_Phase.SEQUENCE.Word	LOADING RESOURCE SURFACE FROM DISK
3574011.959	Test_Phase.SEQUENCE.Word	LOADING RESOURCE SURFACE FROM DISK
3582320.42	Test_Phase.SEQUENCE.Word	LOADING RESOURCE SURFACE FROM DISK
3592938.964	Test_Phase.SEQUENCE.Word	LOADING RESOURCE SURFACE FROM DISK
3603973.759	Test_Phase.SEQUENCE.Word	LOADING RESOURCE SURFACE FROM DISK
3612403.798	Test_Phase.SEQUENCE.Word	LOADING RESOURCE SURFACE FROM DISK
3620970.726	Test_Phase.SEQUENCE.Word	LOADING RESOURCE SURFACE FROM DISK
3629220.772	Test_Phase.SEQUENCE.Word	LOADING RESOURCE SURFACE FROM DISK
3637370.592	Test_Phase.SEQUENCE.Word	LOADING RESOURCE SURFACE FROM DISK
3646820.969	Test_Phase.SEQUENCE.Word	LOADING RESOURCE SURFACE FROM DISK
3655345.108	Test_Phase.SEQUENCE.Word	LOADING RESOURCE SURFACE FROM DISK
3665137.04	Test_Phase.SEQUENCE.Word	LOADING RESOURCE SURFACE FROM DISK
3674937.232	Test_Phase.SEQUENCE.Word	LOADING RESOURCE SURFACE FROM DISK
3683087.149	Test_Phase.SEQUENCE.Word	LOADING RESOURCE SURFACE FROM DISK
3691396.268	Test_Phase.SEQUENCE.Word	LOADING RESOURCE SURFACE FROM DISK
3699420.42	Test_Phase.SEQUENCE.Word	LOADING RESOURCE SURFACE FROM DISK
3707503.821	Test_Phase.SEQUENCE.Word	LOADING RESOURCE SURFACE FROM DISK
3715804.102	Test_Phase.SEQUENCE.Word	LOADING RESOURCE SURFACE FROM DISK
3723820.635	Test_Phase.SEQUENCE.Word	LOADING RESOURCE SURFACE FROM DISK
3732892.941	Test_Phase.SEQUENCE.Word	LOADING RESOURCE SURFACE FROM DISK
3740954.383	Test_Phase.SEQUENCE.Word	LOADING RESOURCE SURFACE FROM DISK
3749070.564	Test_Phase.SEQUENCE.Word	LOADING RESOURCE SURFACE FROM DISK
3754574.421	DISPLAY_SCREEN	LOADING RESOURCE SURFACE FROM DISK
