4813.914	DISPLAY_SCREEN[1]	LOADING RESOURCE SURFACE FROM DISK
656657.523	Familiarization_Phase.SEQUENCE.Cue_and_Instruction	LOADING RESOURCE SURFACE FROM DISK
656674.976	Familiarization_Phase.SEQUENCE.Cue_and_Instruction	LOADING RESOURCE SURFACE FROM DISK
662760.686	Familiarization_Phase.SEQUENCE.Cue_and_Instruction	LOADING RESOURCE SURFACE FROM DISK
662768.718	Familiarization_Phase.SEQUENCE.Cue_and_Instruction	LOADING RESOURCE SURFACE FROM DISK
668860.188	Familiarization_Phase.SEQUENCE.Cue_and_Instruction	LOADING RESOURCE SURFACE FROM DISK
668867.767	Familiarization_Phase.SEQUENCE.Cue_and_Instruction	LOADING RESOURCE SURFACE FROM DISK
711133.704	DISPLAY_SCREEN[3]	LOADING RESOURCE SURFACE FROM DISK
806401.483	DISPLAY_SCREEN[5]	LOADING RESOURCE SURFACE FROM DISK
865477.125	Practice_Phase.SEQUENCE.Blink_Screen	LOADING RESOURCE SURFACE FROM DISK
865478.036	Practice_Phase.SEQUENCE.Blink_Screen	flip time is later than desired time. Desired Time=865222 Flip Time=865489 Retrace Rate=16.921, prepareTime=280 flip request time 865477
866714.093	Practice_Phase.SEQUENCE.Practice_Luminance_Cue	LOADING RESOURCE SURFACE FROM DISK
866716.346	Practice_Phase.SEQUENCE.Practice_Luminance_Cue	LOADING RESOURCE SURFACE FROM DISK
866717.844	Practice_Phase.SEQUENCE.Practice_Luminance_Cue	flip time is later than desired time. Desired Time=866689 Flip Time=866739 Retrace Rate=16.921, prepareTime=53 flip request time 866717
868722.952	Practice_Phase.SEQUENCE.Practice_Instruction	LOADING RESOURCE SURFACE FROM DISK
868725.233	Practice_Phase.SEQUENCE.Practice_Instruction	LOADING RESOURCE SURFACE FROM DISK
876844.747	Practice_Phase.SEQUENCE.Practice_Instruction	LOADING RESOURCE SURFACE FROM DISK
876847.063	Practice_Phase.SEQUENCE.Practice_Instruction	LOADING RESOURCE SURFACE FROM DISK
876848.61	Practice_Phase.SEQUENCE.Practice_Instruction	flip time is later than desired time. Desired Time=876822 Flip Time=876872 Retrace Rate=16.921, prepareTime=51 flip request time 876848
884924.052	Practice_Phase.SEQUENCE.Practice_Instruction	LOADING RESOURCE SURFACE FROM DISK
884926.336	Practice_Phase.SEQUENCE.Practice_Instruction	LOADING RESOURCE SURFACE FROM DISK
892989.214	Practice_Phase.SEQUENCE.Practice_Instruction	LOADING RESOURCE SURFACE FROM DISK
892991.567	Practice_Phase.SEQUENCE.Practice_Instruction	LOADING RESOURCE SURFACE FROM DISK
901056.18	Practice_Phase.SEQUENCE.Practice_Instruction	LOADING RESOURCE SURFACE FROM DISK
901058.833	Practice_Phase.SEQUENCE.Practice_Instruction	LOADING RESOURCE SURFACE FROM DISK
909122.706	Practice_Phase.SEQUENCE.Practice_Instruction	LOADING RESOURCE SURFACE FROM DISK
909164.788	Practice_Phase.SEQUENCE.Practice_Instruction	LOADING RESOURCE SURFACE FROM DISK
909166.319	Practice_Phase.SEQUENCE.Practice_Instruction	flip time is later than desired time. Desired Time=909139 Flip Time=909189 Retrace Rate=16.921, prepareTime=52 flip request time 909166
917239.592	Practice_Phase.SEQUENCE.Practice_Instruction	LOADING RESOURCE SURFACE FROM DISK
917241.924	Practice_Phase.SEQUENCE.Practice_Instruction	LOADING RESOURCE SURFACE FROM DISK
925306.108	Practice_Phase.SEQUENCE.Practice_Instruction	LOADING RESOURCE SURFACE FROM DISK
925308.32	Practice_Phase.SEQUENCE.Practice_Instruction	LOADING RESOURCE SURFACE FROM DISK
933372.87	Practice_Phase.SEQUENCE.Practice_Instruction	LOADING RESOURCE SURFACE FROM DISK
933375.205	Practice_Phase.SEQUENCE.Practice_Instruction	LOADING RESOURCE SURFACE FROM DISK
938051.006	DISPLAY_SCREEN[2]	LOADING RESOURCE SURFACE FROM DISK
1025732.102	Study_Phase.SEQUENCE.Study_Instruction	LOADING RESOURCE SURFACE FROM DISK
1026018.479	Study_Phase.SEQUENCE.Study_Instruction	LOADING RESOURCE SURFACE FROM DISK
1034362.546	Study_Phase.SEQUENCE.Study_Instruction	LOADING RESOURCE SURFACE FROM DISK
1042631.616	Study_Phase.SEQUENCE.Study_Instruction	LOADING RESOURCE SURFACE FROM DISK
1042672.468	Study_Phase.SEQUENCE.Study_Instruction	LOADING RESOURCE SURFACE FROM DISK
1050998.828	Study_Phase.SEQUENCE.Study_Instruction	LOADING RESOURCE SURFACE FROM DISK
1059281.452	Study_Phase.SEQUENCE.Study_Instruction	LOADING RESOURCE SURFACE FROM DISK
1059283.699	Study_Phase.SEQUENCE.Study_Instruction	LOADING RESOURCE SURFACE FROM DISK
1067581.785	Study_Phase.SEQUENCE.Study_Instruction	LOADING RESOURCE SURFACE FROM DISK
1067583.943	Study_Phase.SEQUENCE.Study_Instruction	LOADING RESOURCE SURFACE FROM DISK
1075881.906	Study_Phase.SEQUENCE.Study_Instruction	LOADING RESOURCE SURFACE FROM DISK
1075919.51	Study_Phase.SEQUENCE.Study_Instruction	LOADING RESOURCE SURFACE FROM DISK
1084215.18	Study_Phase.SEQUENCE.Study_Instruction	LOADING RESOURCE SURFACE FROM DISK
1084258.076	Study_Phase.SEQUENCE.Study_Instruction	LOADING RESOURCE SURFACE FROM DISK
1092574.836	Study_Phase.SEQUENCE.Study_Instruction	LOADING RESOURCE SURFACE FROM DISK
1100892.264	Study_Phase.SEQUENCE.Study_Instruction	LOADING RESOURCE SURFACE FROM DISK
1109209.761	Study_Phase.SEQUENCE.Study_Instruction	LOADING RESOURCE SURFACE FROM DISK
1117498.182	Study_Phase.SEQUENCE.Study_Instruction	LOADING RESOURCE SURFACE FROM DISK
1117543.051	Study_Phase.SEQUENCE.Study_Instruction	LOADING RESOURCE SURFACE FROM DISK
1125831.482	Study_Phase.SEQUENCE.Study_Instruction	LOADING RESOURCE SURFACE FROM DISK
1125871.428	Study_Phase.SEQUENCE.Study_Instruction	LOADING RESOURCE SURFACE FROM DISK
1134196.244	Study_Phase.SEQUENCE.Study_Instruction	LOADING RESOURCE SURFACE FROM DISK
1142481.42	Study_Phase.SEQUENCE.Study_Instruction	LOADING RESOURCE SURFACE FROM DISK
1142520.175	Study_Phase.SEQUENCE.Study_Instruction	LOADING RESOURCE SURFACE FROM DISK
1150809.053	Study_Phase.SEQUENCE.Study_Instruction	LOADING RESOURCE SURFACE FROM DISK
1159170.04	Study_Phase.SEQUENCE.Study_Instruction	LOADING RESOURCE SURFACE FROM DISK
1167464.957	Study_Phase.SEQUENCE.Study_Instruction	LOADING RESOURCE SURFACE FROM DISK
1167499.903	Study_Phase.SEQUENCE.Study_Instruction	LOADING RESOURCE SURFACE FROM DISK
1175775.979	Study_Phase.SEQUENCE.Study_Instruction	LOADING RESOURCE SURFACE FROM DISK
1184081.454	Study_Phase.SEQUENCE.Study_Instruction	LOADING RESOURCE SURFACE FROM DISK
1184115.947	Study_Phase.SEQUENCE.Study_Instruction	LOADING RESOURCE SURFACE FROM DISK
1192445.904	Study_Phase.SEQUENCE.Study_Instruction	LOADING RESOURCE SURFACE FROM DISK
1200731.562	Study_Phase.SEQUENCE.Study_Instruction	LOADING RESOURCE SURFACE FROM DISK
1200773.688	Study_Phase.SEQUENCE.Study_Instruction	LOADING RESOURCE SURFACE FROM DISK
1209099.926	Study_Phase.SEQUENCE.Study_Instruction	LOADING RESOURCE SURFACE FROM DISK
1217398.365	Study_Phase.SEQUENCE.Study_Instruction	LOADING RESOURCE SURFACE FROM DISK
1217434.834	Study_Phase.SEQUENCE.Study_Instruction	LOADING RESOURCE SURFACE FROM DISK
1225750.647	Study_Phase.SEQUENCE.Study_Instruction	LOADING RESOURCE SURFACE FROM DISK
1234042.715	Study_Phase.SEQUENCE.Study_Instruction	LOADING RESOURCE SURFACE FROM DISK
1242348.492	Study_Phase.SEQUENCE.Study_Instruction	LOADING RESOURCE SURFACE FROM DISK
1242391.904	Study_Phase.SEQUENCE.Study_Instruction	LOADING RESOURCE SURFACE FROM DISK
1250715.568	Study_Phase.SEQUENCE.Study_Instruction	LOADING RESOURCE SURFACE FROM DISK
1259008.94	Study_Phase.SEQUENCE.Study_Instruction	LOADING RESOURCE SURFACE FROM DISK
1267315.084	Study_Phase.SEQUENCE.Study_Instruction	LOADING RESOURCE SURFACE FROM DISK
1267358.744	Study_Phase.SEQUENCE.Study_Instruction	LOADING RESOURCE SURFACE FROM DISK
1275648.46	Study_Phase.SEQUENCE.Study_Instruction	LOADING RESOURCE SURFACE FROM DISK
1275688.95	Study_Phase.SEQUENCE.Study_Instruction	LOADING RESOURCE SURFACE FROM DISK
1284015.207	Study_Phase.SEQUENCE.Study_Instruction	LOADING RESOURCE SURFACE FROM DISK
1292342.751	Study_Phase.SEQUENCE.Study_Instruction	LOADING RESOURCE SURFACE FROM DISK
1300631.471	Study_Phase.SEQUENCE.Study_Instruction	LOADING RESOURCE SURFACE FROM DISK
1300665.542	Study_Phase.SEQUENCE.Study_Instruction	LOADING RESOURCE SURFACE FROM DISK
1308990.614	Study_Phase.SEQUENCE.Study_Instruction	LOADING RESOURCE SURFACE FROM DISK
1317309.249	Study_Phase.SEQUENCE.Study_Instruction	LOADING RESOURCE SURFACE FROM DISK
1325635.035	Study_Phase.SEQUENCE.Study_Instruction	LOADING RESOURCE SURFACE FROM DISK
1333931.627	Study_Phase.SEQUENCE.Study_Instruction	LOADING RESOURCE SURFACE FROM DISK
1333969.799	Study_Phase.SEQUENCE.Study_Instruction	LOADING RESOURCE SURFACE FROM DISK
1342259.178	Study_Phase.SEQUENCE.Study_Instruction	LOADING RESOURCE SURFACE FROM DISK
1350564.901	Study_Phase.SEQUENCE.Study_Instruction	LOADING RESOURCE SURFACE FROM DISK
1350599.264	Study_Phase.SEQUENCE.Study_Instruction	LOADING RESOURCE SURFACE FROM DISK
1358918.446	Study_Phase.SEQUENCE.Study_Instruction	LOADING RESOURCE SURFACE FROM DISK
1367214.937	Study_Phase.SEQUENCE.Study_Instruction	LOADING RESOURCE SURFACE FROM DISK
1367257.399	Study_Phase.SEQUENCE.Study_Instruction	LOADING RESOURCE SURFACE FROM DISK
1375542.007	Study_Phase.SEQUENCE.Study_Instruction	LOADING RESOURCE SURFACE FROM DISK
1383842.999	Study_Phase.SEQUENCE.Study_Instruction	LOADING RESOURCE SURFACE FROM DISK
1392148.248	Study_Phase.SEQUENCE.Study_Instruction	LOADING RESOURCE SURFACE FROM DISK
1392188.561	Study_Phase.SEQUENCE.Study_Instruction	LOADING RESOURCE SURFACE FROM DISK
1400516.068	Study_Phase.SEQUENCE.Study_Instruction	LOADING RESOURCE SURFACE FROM DISK
1408848.999	Study_Phase.SEQUENCE.Study_Instruction	LOADING RESOURCE SURFACE FROM DISK
1417148.413	Study_Phase.SEQUENCE.Study_Instruction	LOADING RESOURCE SURFACE FROM DISK
1417188.671	Study_Phase.SEQUENCE.Study_Instruction	LOADING RESOURCE SURFACE FROM DISK
1425481.576	Study_Phase.SEQUENCE.Study_Instruction	LOADING RESOURCE SURFACE FROM DISK
1425526.619	Study_Phase.SEQUENCE.Study_Instruction	LOADING RESOURCE SURFACE FROM DISK
1433809.153	Study_Phase.SEQUENCE.Study_Instruction	LOADING RESOURCE SURFACE FROM DISK
1442114.804	Study_Phase.SEQUENCE.Study_Instruction	LOADING RESOURCE SURFACE FROM DISK
1442160.654	Study_Phase.SEQUENCE.Study_Instruction	LOADING RESOURCE SURFACE FROM DISK
1450485.575	Study_Phase.SEQUENCE.Study_Instruction	LOADING RESOURCE SURFACE FROM DISK
1458781.834	Study_Phase.SEQUENCE.Study_Instruction	LOADING RESOURCE SURFACE FROM DISK
1458784.114	Study_Phase.SEQUENCE.Study_Instruction	LOADING RESOURCE SURFACE FROM DISK
1467081.658	Study_Phase.SEQUENCE.Study_Instruction	LOADING RESOURCE SURFACE FROM DISK
1467116.516	Study_Phase.SEQUENCE.Study_Instruction	LOADING RESOURCE SURFACE FROM DISK
1475442.48	Study_Phase.SEQUENCE.Study_Instruction	LOADING RESOURCE SURFACE FROM DISK
1483731.528	Study_Phase.SEQUENCE.Study_Instruction	LOADING RESOURCE SURFACE FROM DISK
1483770.302	Study_Phase.SEQUENCE.Study_Instruction	LOADING RESOURCE SURFACE FROM DISK
1492184.297	Study_Phase.SEQUENCE.Study_Instruction	LOADING RESOURCE SURFACE FROM DISK
1500481.869	Study_Phase.SEQUENCE.Study_Instruction	LOADING RESOURCE SURFACE FROM DISK
1500484.286	Study_Phase.SEQUENCE.Study_Instruction	LOADING RESOURCE SURFACE FROM DISK
1508794.028	Study_Phase.SEQUENCE.Study_Instruction	LOADING RESOURCE SURFACE FROM DISK
1517112.049	Study_Phase.SEQUENCE.Study_Instruction	LOADING RESOURCE SURFACE FROM DISK
1525438.052	Study_Phase.SEQUENCE.Study_Instruction	LOADING RESOURCE SURFACE FROM DISK
1533732.237	Study_Phase.SEQUENCE.Study_Instruction	LOADING RESOURCE SURFACE FROM DISK
1533774.152	Study_Phase.SEQUENCE.Study_Instruction	LOADING RESOURCE SURFACE FROM DISK
1542095.439	Study_Phase.SEQUENCE.Study_Instruction	LOADING RESOURCE SURFACE FROM DISK
1550411.131	Study_Phase.SEQUENCE.Study_Instruction	LOADING RESOURCE SURFACE FROM DISK
1558698.221	Study_Phase.SEQUENCE.Study_Instruction	LOADING RESOURCE SURFACE FROM DISK
1558700.656	Study_Phase.SEQUENCE.Study_Instruction	LOADING RESOURCE SURFACE FROM DISK
1566998.487	Study_Phase.SEQUENCE.Study_Instruction	LOADING RESOURCE SURFACE FROM DISK
1567039.718	Study_Phase.SEQUENCE.Study_Instruction	LOADING RESOURCE SURFACE FROM DISK
1575361.052	Study_Phase.SEQUENCE.Study_Instruction	LOADING RESOURCE SURFACE FROM DISK
1583648.027	Study_Phase.SEQUENCE.Study_Instruction	LOADING RESOURCE SURFACE FROM DISK
1583692.434	Study_Phase.SEQUENCE.Study_Instruction	LOADING RESOURCE SURFACE FROM DISK
1591959.08	Study_Phase.SEQUENCE.Study_Instruction	LOADING RESOURCE SURFACE FROM DISK
1600292.667	Study_Phase.SEQUENCE.Study_Instruction	LOADING RESOURCE SURFACE FROM DISK
1608576.049	Study_Phase.SEQUENCE.Study_Instruction	LOADING RESOURCE SURFACE FROM DISK
1616875.644	Study_Phase.SEQUENCE.Study_Instruction	LOADING RESOURCE SURFACE FROM DISK
1625181.421	Study_Phase.SEQUENCE.Study_Instruction	LOADING RESOURCE SURFACE FROM DISK
1625183.74	Study_Phase.SEQUENCE.Study_Instruction	LOADING RESOURCE SURFACE FROM DISK
1633513.159	Study_Phase.SEQUENCE.Study_Instruction	LOADING RESOURCE SURFACE FROM DISK
1641798.338	Study_Phase.SEQUENCE.Study_Instruction	LOADING RESOURCE SURFACE FROM DISK
1641800.636	Study_Phase.SEQUENCE.Study_Instruction	LOADING RESOURCE SURFACE FROM DISK
1650134.034	Study_Phase.SEQUENCE.Study_Instruction	LOADING RESOURCE SURFACE FROM DISK
1658431.825	Study_Phase.SEQUENCE.Study_Instruction	LOADING RESOURCE SURFACE FROM DISK
1658451.252	Study_Phase.SEQUENCE.Study_Instruction	LOADING RESOURCE SURFACE FROM DISK
1666785.006	Study_Phase.SEQUENCE.Study_Instruction	LOADING RESOURCE SURFACE FROM DISK
1675112.81	Study_Phase.SEQUENCE.Study_Instruction	LOADING RESOURCE SURFACE FROM DISK
1683432.661	Study_Phase.SEQUENCE.Study_Instruction	LOADING RESOURCE SURFACE FROM DISK
1691766.146	Study_Phase.SEQUENCE.Study_Instruction	LOADING RESOURCE SURFACE FROM DISK
1700065.06	Study_Phase.SEQUENCE.Study_Instruction	LOADING RESOURCE SURFACE FROM DISK
1700101.432	Study_Phase.SEQUENCE.Study_Instruction	LOADING RESOURCE SURFACE FROM DISK
1708398.09	Study_Phase.SEQUENCE.Study_Instruction	LOADING RESOURCE SURFACE FROM DISK
1708433.948	Study_Phase.SEQUENCE.Study_Instruction	LOADING RESOURCE SURFACE FROM DISK
1716731.59	Study_Phase.SEQUENCE.Study_Instruction	LOADING RESOURCE SURFACE FROM DISK
1716733.95	Study_Phase.SEQUENCE.Study_Instruction	LOADING RESOURCE SURFACE FROM DISK
1725031.517	Study_Phase.SEQUENCE.Study_Instruction	LOADING RESOURCE SURFACE FROM DISK
1725070.374	Study_Phase.SEQUENCE.Study_Instruction	LOADING RESOURCE SURFACE FROM DISK
1733397.72	Study_Phase.SEQUENCE.Study_Instruction	LOADING RESOURCE SURFACE FROM DISK
1741698.199	Study_Phase.SEQUENCE.Study_Instruction	LOADING RESOURCE SURFACE FROM DISK
1741733.141	Study_Phase.SEQUENCE.Study_Instruction	LOADING RESOURCE SURFACE FROM DISK
1750060.867	Study_Phase.SEQUENCE.Study_Instruction	LOADING RESOURCE SURFACE FROM DISK
1758348.488	Study_Phase.SEQUENCE.Study_Instruction	LOADING RESOURCE SURFACE FROM DISK
1758386.759	Study_Phase.SEQUENCE.Study_Instruction	LOADING RESOURCE SURFACE FROM DISK
1766676.121	Study_Phase.SEQUENCE.Study_Instruction	LOADING RESOURCE SURFACE FROM DISK
1774975.404	Study_Phase.SEQUENCE.Study_Instruction	LOADING RESOURCE SURFACE FROM DISK
1783319.766	Study_Phase.SEQUENCE.Study_Instruction	LOADING RESOURCE SURFACE FROM DISK
1791614.744	Study_Phase.SEQUENCE.Study_Instruction	LOADING RESOURCE SURFACE FROM DISK
1791617.061	Study_Phase.SEQUENCE.Study_Instruction	LOADING RESOURCE SURFACE FROM DISK
1799943.02	Study_Phase.SEQUENCE.Study_Instruction	LOADING RESOURCE SURFACE FROM DISK
1808260.012	Study_Phase.SEQUENCE.Study_Instruction	LOADING RESOURCE SURFACE FROM DISK
1816548.722	Study_Phase.SEQUENCE.Study_Instruction	LOADING RESOURCE SURFACE FROM DISK
1816589.947	Study_Phase.SEQUENCE.Study_Instruction	LOADING RESOURCE SURFACE FROM DISK
1824881.625	Study_Phase.SEQUENCE.Study_Instruction	LOADING RESOURCE SURFACE FROM DISK
1824918.657	Study_Phase.SEQUENCE.Study_Instruction	LOADING RESOURCE SURFACE FROM DISK
1833247.159	Study_Phase.SEQUENCE.Study_Instruction	LOADING RESOURCE SURFACE FROM DISK
1841578.859	Study_Phase.SEQUENCE.Study_Instruction	LOADING RESOURCE SURFACE FROM DISK
1849864.78	Study_Phase.SEQUENCE.Study_Instruction	LOADING RESOURCE SURFACE FROM DISK
1849906.183	Study_Phase.SEQUENCE.Study_Instruction	LOADING RESOURCE SURFACE FROM DISK
1858198.451	Study_Phase.SEQUENCE.Study_Instruction	LOADING RESOURCE SURFACE FROM DISK
1858200.78	Study_Phase.SEQUENCE.Study_Instruction	LOADING RESOURCE SURFACE FROM DISK
1866534.522	Study_Phase.SEQUENCE.Study_Instruction	LOADING RESOURCE SURFACE FROM DISK
1874857.415	Study_Phase.SEQUENCE.Study_Instruction	LOADING RESOURCE SURFACE FROM DISK
1883174.87	Study_Phase.SEQUENCE.Study_Instruction	LOADING RESOURCE SURFACE FROM DISK
1891496.482	Study_Phase.SEQUENCE.Study_Instruction	LOADING RESOURCE SURFACE FROM DISK
1899812.257	Study_Phase.SEQUENCE.Study_Instruction	LOADING RESOURCE SURFACE FROM DISK
1908081.631	Study_Phase.SEQUENCE.Study_Instruction	LOADING RESOURCE SURFACE FROM DISK
1908117.28	Study_Phase.SEQUENCE.Study_Instruction	LOADING RESOURCE SURFACE FROM DISK
1916409.578	Study_Phase.SEQUENCE.Study_Instruction	LOADING RESOURCE SURFACE FROM DISK
1924692.085	Study_Phase.SEQUENCE.Study_Instruction	LOADING RESOURCE SURFACE FROM DISK
1933028.08	Study_Phase.SEQUENCE.Study_Instruction	LOADING RESOURCE SURFACE FROM DISK
1941298.083	Study_Phase.SEQUENCE.Study_Instruction	LOADING RESOURCE SURFACE FROM DISK
1941300.337	Study_Phase.SEQUENCE.Study_Instruction	LOADING RESOURCE SURFACE FROM DISK
1949598.58	Study_Phase.SEQUENCE.Study_Instruction	LOADING RESOURCE SURFACE FROM DISK
1949601.237	Study_Phase.SEQUENCE.Study_Instruction	LOADING RESOURCE SURFACE FROM DISK
1957892.651	Study_Phase.SEQUENCE.Study_Instruction	LOADING RESOURCE SURFACE FROM DISK
1966227.189	Study_Phase.SEQUENCE.Study_Instruction	LOADING RESOURCE SURFACE FROM DISK
1974515.131	Study_Phase.SEQUENCE.Study_Instruction	LOADING RESOURCE SURFACE FROM DISK
1974556.608	Study_Phase.SEQUENCE.Study_Instruction	LOADING RESOURCE SURFACE FROM DISK
1982879.646	Study_Phase.SEQUENCE.Study_Instruction	LOADING RESOURCE SURFACE FROM DISK
1991165.255	Study_Phase.SEQUENCE.Study_Instruction	LOADING RESOURCE SURFACE FROM DISK
1991203.569	Study_Phase.SEQUENCE.Study_Instruction	LOADING RESOURCE SURFACE FROM DISK
1999498.028	Study_Phase.SEQUENCE.Study_Instruction	LOADING RESOURCE SURFACE FROM DISK
1999536.419	Study_Phase.SEQUENCE.Study_Instruction	LOADING RESOURCE SURFACE FROM DISK
2007831.568	Study_Phase.SEQUENCE.Study_Instruction	LOADING RESOURCE SURFACE FROM DISK
2007867.579	Study_Phase.SEQUENCE.Study_Instruction	LOADING RESOURCE SURFACE FROM DISK
2016197.742	Study_Phase.SEQUENCE.Study_Instruction	LOADING RESOURCE SURFACE FROM DISK
2020932.825	DISPLAY_SCREEN[7]	LOADING RESOURCE SURFACE FROM DISK
2293808.756	Test_Phase.SEQUENCE.Target_Cue	LOADING RESOURCE SURFACE FROM DISK
2293821.278	Test_Phase.SEQUENCE.Target_Cue	LOADING RESOURCE SURFACE FROM DISK
2295842.249	Test_Phase.SEQUENCE.Word	LOADING RESOURCE SURFACE FROM DISK
2298907.687	Test_Phase.SEQUENCE.Test_Question	LOADING RESOURCE SURFACE FROM DISK
2298913.851	Test_Phase.SEQUENCE.Test_Question	LOADING RESOURCE SURFACE FROM DISK
2298919.825	Test_Phase.SEQUENCE.Test_Question	LOADING RESOURCE SURFACE FROM DISK
2298921.953	Test_Phase.SEQUENCE.Test_Question	LOADING RESOURCE SURFACE FROM DISK
2298924.194	Test_Phase.SEQUENCE.Test_Question	LOADING RESOURCE SURFACE FROM DISK
2298926.352	Test_Phase.SEQUENCE.Test_Question	LOADING RESOURCE SURFACE FROM DISK
2298928.528	Test_Phase.SEQUENCE.Test_Question	LOADING RESOURCE SURFACE FROM DISK
2298930.547	Test_Phase.SEQUENCE.Test_Question	LOADING RESOURCE SURFACE FROM DISK
2298932.62	Test_Phase.SEQUENCE.Test_Question	LOADING RESOURCE SURFACE FROM DISK
2298934.702	Test_Phase.SEQUENCE.Test_Question	LOADING RESOURCE SURFACE FROM DISK
2298936.653	Test_Phase.SEQUENCE.Test_Question	LOADING RESOURCE SURFACE FROM DISK
2298938.611	Test_Phase.SEQUENCE.Test_Question	LOADING RESOURCE SURFACE FROM DISK
2307159.096	Test_Phase.SEQUENCE.Word	LOADING RESOURCE SURFACE FROM DISK
2315200.058	Test_Phase.SEQUENCE.Word	LOADING RESOURCE SURFACE FROM DISK
2322980.204	Test_Phase.SEQUENCE.Word	LOADING RESOURCE SURFACE FROM DISK
2331825.299	Test_Phase.SEQUENCE.Word	LOADING RESOURCE SURFACE FROM DISK
2339975.378	Test_Phase.SEQUENCE.Word	LOADING RESOURCE SURFACE FROM DISK
2348891.937	Test_Phase.SEQUENCE.Word	LOADING RESOURCE SURFACE FROM DISK
2360208.674	Test_Phase.SEQUENCE.Word	LOADING RESOURCE SURFACE FROM DISK
2368108.793	Test_Phase.SEQUENCE.Word	LOADING RESOURCE SURFACE FROM DISK
2376025.332	Test_Phase.SEQUENCE.Word	LOADING RESOURCE SURFACE FROM DISK
2384175.34	Test_Phase.SEQUENCE.Word	LOADING RESOURCE SURFACE FROM DISK
2392134.718	Test_Phase.SEQUENCE.Word	LOADING RESOURCE SURFACE FROM DISK
2399292.057	Test_Phase.SEQUENCE.Word	LOADING RESOURCE SURFACE FROM DISK
2406525.261	Test_Phase.SEQUENCE.Word	LOADING RESOURCE SURFACE FROM DISK
2415448.049	Test_Phase.SEQUENCE.Word	LOADING RESOURCE SURFACE FROM DISK
2422910.586	Test_Phase.SEQUENCE.Word	LOADING RESOURCE SURFACE FROM DISK
2430575.186	Test_Phase.SEQUENCE.Word	LOADING RESOURCE SURFACE FROM DISK
2437908.723	Test_Phase.SEQUENCE.Word	LOADING RESOURCE SURFACE FROM DISK
2445842.068	Test_Phase.SEQUENCE.Word	LOADING RESOURCE SURFACE FROM DISK
2453199.588	Test_Phase.SEQUENCE.Word	LOADING RESOURCE SURFACE FROM DISK
2460344.124	Test_Phase.SEQUENCE.Word	LOADING RESOURCE SURFACE FROM DISK
2468475.343	Test_Phase.SEQUENCE.Word	LOADING RESOURCE SURFACE FROM DISK
2476381.856	Test_Phase.SEQUENCE.Word	LOADING RESOURCE SURFACE FROM DISK
2484158.592	Test_Phase.SEQUENCE.Word	LOADING RESOURCE SURFACE FROM DISK
2495076.211	Test_Phase.SEQUENCE.Word	LOADING RESOURCE SURFACE FROM DISK
2504348.869	Test_Phase.SEQUENCE.Word	LOADING RESOURCE SURFACE FROM DISK
2514615.07	Test_Phase.SEQUENCE.Word	LOADING RESOURCE SURFACE FROM DISK
2522434.612	Test_Phase.SEQUENCE.Word	LOADING RESOURCE SURFACE FROM DISK
2533352.028	Test_Phase.SEQUENCE.Word	LOADING RESOURCE SURFACE FROM DISK
2543925.23	Test_Phase.SEQUENCE.Word	LOADING RESOURCE SURFACE FROM DISK
2553008.708	Test_Phase.SEQUENCE.Word	LOADING RESOURCE SURFACE FROM DISK
2561825.156	Test_Phase.SEQUENCE.Word	LOADING RESOURCE SURFACE FROM DISK
2569916.731	Test_Phase.SEQUENCE.Word	LOADING RESOURCE SURFACE FROM DISK
2578908.679	Test_Phase.SEQUENCE.Word	LOADING RESOURCE SURFACE FROM DISK
2586683.962	Test_Phase.SEQUENCE.Word	LOADING RESOURCE SURFACE FROM DISK
2595265.555	Test_Phase.SEQUENCE.Word	LOADING RESOURCE SURFACE FROM DISK
2609716.702	Test_Phase.SEQUENCE.Word	LOADING RESOURCE SURFACE FROM DISK
2618892.101	Test_Phase.SEQUENCE.Word	LOADING RESOURCE SURFACE FROM DISK
2627925.494	Test_Phase.SEQUENCE.Word	LOADING RESOURCE SURFACE FROM DISK
2635308.771	Test_Phase.SEQUENCE.Word	LOADING RESOURCE SURFACE FROM DISK
2643925.304	Test_Phase.SEQUENCE.Word	LOADING RESOURCE SURFACE FROM DISK
2656825.512	Test_Phase.SEQUENCE.Word	LOADING RESOURCE SURFACE FROM DISK
2667347.444	Test_Phase.SEQUENCE.Word	LOADING RESOURCE SURFACE FROM DISK
2675385.621	Test_Phase.SEQUENCE.Word	LOADING RESOURCE SURFACE FROM DISK
2683375.281	Test_Phase.SEQUENCE.Word	LOADING RESOURCE SURFACE FROM DISK
2693208.825	Test_Phase.SEQUENCE.Word	LOADING RESOURCE SURFACE FROM DISK
2702558.683	Test_Phase.SEQUENCE.Word	LOADING RESOURCE SURFACE FROM DISK
2710542.06	Test_Phase.SEQUENCE.Word	LOADING RESOURCE SURFACE FROM DISK
2719577.016	Test_Phase.SEQUENCE.Word	LOADING RESOURCE SURFACE FROM DISK
2727775.171	Test_Phase.SEQUENCE.Word	LOADING RESOURCE SURFACE FROM DISK
2738459.868	Test_Phase.SEQUENCE.Word	LOADING RESOURCE SURFACE FROM DISK
2746177.868	Test_Phase.SEQUENCE.Word	LOADING RESOURCE SURFACE FROM DISK
2754867.979	Test_Phase.SEQUENCE.Word	LOADING RESOURCE SURFACE FROM DISK
2761989.792	Test_Phase.SEQUENCE.Word	LOADING RESOURCE SURFACE FROM DISK
2772025.236	Test_Phase.SEQUENCE.Word	LOADING RESOURCE SURFACE FROM DISK
2780594.179	Test_Phase.SEQUENCE.Word	LOADING RESOURCE SURFACE FROM DISK
2790408.663	Test_Phase.SEQUENCE.Word	LOADING RESOURCE SURFACE FROM DISK
2798242.134	Test_Phase.SEQUENCE.Word	LOADING RESOURCE SURFACE FROM DISK
2806608.655	Test_Phase.SEQUENCE.Word	LOADING RESOURCE SURFACE FROM DISK
2814365.025	Test_Phase.SEQUENCE.Word	LOADING RESOURCE SURFACE FROM DISK
2823261.246	Test_Phase.SEQUENCE.Word	LOADING RESOURCE SURFACE FROM DISK
2831692.162	Test_Phase.SEQUENCE.Word	LOADING RESOURCE SURFACE FROM DISK
2840375.553	Test_Phase.SEQUENCE.Word	LOADING RESOURCE SURFACE FROM DISK
2847543.087	Test_Phase.SEQUENCE.Word	LOADING RESOURCE SURFACE FROM DISK
2859425.565	Test_Phase.SEQUENCE.Word	LOADING RESOURCE SURFACE FROM DISK
2867424.643	Test_Phase.SEQUENCE.Word	LOADING RESOURCE SURFACE FROM DISK
2875330.186	Test_Phase.SEQUENCE.Word	LOADING RESOURCE SURFACE FROM DISK
2883042.347	Test_Phase.SEQUENCE.Word	LOADING RESOURCE SURFACE FROM DISK
2890826.926	Test_Phase.SEQUENCE.Word	LOADING RESOURCE SURFACE FROM DISK
2899992.219	Test_Phase.SEQUENCE.Word	LOADING RESOURCE SURFACE FROM DISK
2908085.1	Test_Phase.SEQUENCE.Word	LOADING RESOURCE SURFACE FROM DISK
2916425.246	Test_Phase.SEQUENCE.Word	LOADING RESOURCE SURFACE FROM DISK
2924608.595	Test_Phase.SEQUENCE.Word	LOADING RESOURCE SURFACE FROM DISK
2935095.039	Test_Phase.SEQUENCE.Word	LOADING RESOURCE SURFACE FROM DISK
2943009.912	Test_Phase.SEQUENCE.Word	LOADING RESOURCE SURFACE FROM DISK
2950275.57	Test_Phase.SEQUENCE.Word	LOADING RESOURCE SURFACE FROM DISK
2958567.521	Test_Phase.SEQUENCE.Word	LOADING RESOURCE SURFACE FROM DISK
2966275.424	Test_Phase.SEQUENCE.Word	LOADING RESOURCE SURFACE FROM DISK
2973942.186	Test_Phase.SEQUENCE.Word	LOADING RESOURCE SURFACE FROM DISK
2981708.96	Test_Phase.SEQUENCE.Word	LOADING RESOURCE SURFACE FROM DISK
2989658.632	Test_Phase.SEQUENCE.Word	LOADING RESOURCE SURFACE FROM DISK
2997344.588	Test_Phase.SEQUENCE.Word	LOADING RESOURCE SURFACE FROM DISK
3005041.911	Test_Phase.SEQUENCE.Word	LOADING RESOURCE SURFACE FROM DISK
3014646.49	Test_Phase.SEQUENCE.Word	LOADING RESOURCE SURFACE FROM DISK
3023498.484	Test_Phase.SEQUENCE.Word	LOADING RESOURCE SURFACE FROM DISK
3031192.128	Test_Phase.SEQUENCE.Word	LOADING RESOURCE SURFACE FROM DISK
3044480.043	Test_Phase.SEQUENCE.Word	LOADING RESOURCE SURFACE FROM DISK
3052175.892	Test_Phase.SEQUENCE.Word	LOADING RESOURCE SURFACE FROM DISK
3060925.53	Test_Phase.SEQUENCE.Word	LOADING RESOURCE SURFACE FROM DISK
3068647.208	Test_Phase.SEQUENCE.Word	LOADING RESOURCE SURFACE FROM DISK
3077558.784	Test_Phase.SEQUENCE.Word	LOADING RESOURCE SURFACE FROM DISK
3086442.438	Test_Phase.SEQUENCE.Word	LOADING RESOURCE SURFACE FROM DISK
3096841.871	Test_Phase.SEQUENCE.Word	LOADING RESOURCE SURFACE FROM DISK
3114975.214	Test_Phase.SEQUENCE.Word	LOADING RESOURCE SURFACE FROM DISK
3122684.822	Test_Phase.SEQUENCE.Word	LOADING RESOURCE SURFACE FROM DISK
3130398.658	Test_Phase.SEQUENCE.Word	LOADING RESOURCE SURFACE FROM DISK
3137692.059	Test_Phase.SEQUENCE.Word	LOADING RESOURCE SURFACE FROM DISK
3153842.007	Test_Phase.SEQUENCE.Word	LOADING RESOURCE SURFACE FROM DISK
3161009.183	Test_Phase.SEQUENCE.Word	LOADING RESOURCE SURFACE FROM DISK
3176125.51	Test_Phase.SEQUENCE.Word	LOADING RESOURCE SURFACE FROM DISK
3183976.324	Test_Phase.SEQUENCE.Word	LOADING RESOURCE SURFACE FROM DISK
3191408.735	Test_Phase.SEQUENCE.Word	LOADING RESOURCE SURFACE FROM DISK
3199246.279	Test_Phase.SEQUENCE.Word	LOADING RESOURCE SURFACE FROM DISK
3206133.971	Test_Phase.SEQUENCE.Word	LOADING RESOURCE SURFACE FROM DISK
3213292.032	Test_Phase.SEQUENCE.Word	LOADING RESOURCE SURFACE FROM DISK
3223575.593	Test_Phase.SEQUENCE.Word	LOADING RESOURCE SURFACE FROM DISK
3232425.181	Test_Phase.SEQUENCE.Word	LOADING RESOURCE SURFACE FROM DISK
3242208.208	Test_Phase.SEQUENCE.Word	LOADING RESOURCE SURFACE FROM DISK
3250367.351	Test_Phase.SEQUENCE.Word	LOADING RESOURCE SURFACE FROM DISK
3261117.865	Test_Phase.SEQUENCE.Word	LOADING RESOURCE SURFACE FROM DISK
3269185.002	Test_Phase.SEQUENCE.Word	LOADING RESOURCE SURFACE FROM DISK
3277010.659	Test_Phase.SEQUENCE.Word	LOADING RESOURCE SURFACE FROM DISK
3285909.039	Test_Phase.SEQUENCE.Word	LOADING RESOURCE SURFACE FROM DISK
3294441.888	Test_Phase.SEQUENCE.Word	LOADING RESOURCE SURFACE FROM DISK
3302598.822	Test_Phase.SEQUENCE.Word	LOADING RESOURCE SURFACE FROM DISK
3310394.561	Test_Phase.SEQUENCE.Word	LOADING RESOURCE SURFACE FROM DISK
3319325.197	Test_Phase.SEQUENCE.Word	LOADING RESOURCE SURFACE FROM DISK
3330448.848	Test_Phase.SEQUENCE.Word	LOADING RESOURCE SURFACE FROM DISK
3339114.427	Test_Phase.SEQUENCE.Word	LOADING RESOURCE SURFACE FROM DISK
3347425.535	Test_Phase.SEQUENCE.Word	LOADING RESOURCE SURFACE FROM DISK
3355258.297	Test_Phase.SEQUENCE.Word	LOADING RESOURCE SURFACE FROM DISK
3363908.675	Test_Phase.SEQUENCE.Word	LOADING RESOURCE SURFACE FROM DISK
3371881.707	Test_Phase.SEQUENCE.Word	LOADING RESOURCE SURFACE FROM DISK
3382764.631	Test_Phase.SEQUENCE.Word	LOADING RESOURCE SURFACE FROM DISK
3390108.621	Test_Phase.SEQUENCE.Word	LOADING RESOURCE SURFACE FROM DISK
3397375.216	Test_Phase.SEQUENCE.Word	LOADING RESOURCE SURFACE FROM DISK
3405563.145	Test_Phase.SEQUENCE.Word	LOADING RESOURCE SURFACE FROM DISK
3415979.648	Test_Phase.SEQUENCE.Word	LOADING RESOURCE SURFACE FROM DISK
3423511.579	Test_Phase.SEQUENCE.Word	LOADING RESOURCE SURFACE FROM DISK
3433725.415	Test_Phase.SEQUENCE.Word	LOADING RESOURCE SURFACE FROM DISK
3444425.465	Test_Phase.SEQUENCE.Word	LOADING RESOURCE SURFACE FROM DISK
3455842.188	Test_Phase.SEQUENCE.Word	LOADING RESOURCE SURFACE FROM DISK
3463810.463	Test_Phase.SEQUENCE.Word	LOADING RESOURCE SURFACE FROM DISK
3474641.892	Test_Phase.SEQUENCE.Word	LOADING RESOURCE SURFACE FROM DISK
3482729.793	Test_Phase.SEQUENCE.Word	LOADING RESOURCE SURFACE FROM DISK
3490792.054	Test_Phase.SEQUENCE.Word	LOADING RESOURCE SURFACE FROM DISK
3498591.994	Test_Phase.SEQUENCE.Word	LOADING RESOURCE SURFACE FROM DISK
3506225.375	Test_Phase.SEQUENCE.Word	LOADING RESOURCE SURFACE FROM DISK
3513976.429	Test_Phase.SEQUENCE.Word	LOADING RESOURCE SURFACE FROM DISK
3521765.341	Test_Phase.SEQUENCE.Word	LOADING RESOURCE SURFACE FROM DISK
3528925.451	Test_Phase.SEQUENCE.Word	LOADING RESOURCE SURFACE FROM DISK
3538684.175	Test_Phase.SEQUENCE.Word	LOADING RESOURCE SURFACE FROM DISK
3547058.584	Test_Phase.SEQUENCE.Word	LOADING RESOURCE SURFACE FROM DISK
3555091.661	Test_Phase.SEQUENCE.Word	LOADING RESOURCE SURFACE FROM DISK
3563375.372	Test_Phase.SEQUENCE.Word	LOADING RESOURCE SURFACE FROM DISK
3571625.363	Test_Phase.SEQUENCE.Word	LOADING RESOURCE SURFACE FROM DISK
3579041.809	Test_Phase.SEQUENCE.Word	LOADING RESOURCE SURFACE FROM DISK
3589191.837	Test_Phase.SEQUENCE.Word	LOADING RESOURCE SURFACE FROM DISK
3598562.07	Test_Phase.SEQUENCE.Word	LOADING RESOURCE SURFACE FROM DISK
3608059.119	Test_Phase.SEQUENCE.Word	LOADING RESOURCE SURFACE FROM DISK
3615775.421	Test_Phase.SEQUENCE.Word	LOADING RESOURCE SURFACE FROM DISK
3623875.344	Test_Phase.SEQUENCE.Word	LOADING RESOURCE SURFACE FROM DISK
3631727.851	Test_Phase.SEQUENCE.Word	LOADING RESOURCE SURFACE FROM DISK
3639441.95	Test_Phase.SEQUENCE.Word	LOADING RESOURCE SURFACE FROM DISK
3649108.896	Test_Phase.SEQUENCE.Word	LOADING RESOURCE SURFACE FROM DISK
3657992.05	Test_Phase.SEQUENCE.Word	LOADING RESOURCE SURFACE FROM DISK
3668758.83	Test_Phase.SEQUENCE.Word	LOADING RESOURCE SURFACE FROM DISK
3684649.016	Test_Phase.SEQUENCE.Word	LOADING RESOURCE SURFACE FROM DISK
3693432.266	Test_Phase.SEQUENCE.Word	LOADING RESOURCE SURFACE FROM DISK
3704591.678	Test_Phase.SEQUENCE.Word	LOADING RESOURCE SURFACE FROM DISK
3712829.577	Test_Phase.SEQUENCE.Word	LOADING RESOURCE SURFACE FROM DISK
3725946.715	Test_Phase.SEQUENCE.Word	LOADING RESOURCE SURFACE FROM DISK
3733875.448	Test_Phase.SEQUENCE.Word	LOADING RESOURCE SURFACE FROM DISK
3743125.169	Test_Phase.SEQUENCE.Word	LOADING RESOURCE SURFACE FROM DISK
3752358.586	Test_Phase.SEQUENCE.Word	LOADING RESOURCE SURFACE FROM DISK
3761098.843	Test_Phase.SEQUENCE.Word	LOADING RESOURCE SURFACE FROM DISK
3769315.573	Test_Phase.SEQUENCE.Word	LOADING RESOURCE SURFACE FROM DISK
3777366.164	Test_Phase.SEQUENCE.Word	LOADING RESOURCE SURFACE FROM DISK
3786592.069	Test_Phase.SEQUENCE.Word	LOADING RESOURCE SURFACE FROM DISK
3796125.3	Test_Phase.SEQUENCE.Word	LOADING RESOURCE SURFACE FROM DISK
3804142.219	Test_Phase.SEQUENCE.Word	LOADING RESOURCE SURFACE FROM DISK
3814884.95	Test_Phase.SEQUENCE.Word	LOADING RESOURCE SURFACE FROM DISK
3827641.99	Test_Phase.SEQUENCE.Word	LOADING RESOURCE SURFACE FROM DISK
3837682.987	Test_Phase.SEQUENCE.Word	LOADING RESOURCE SURFACE FROM DISK
3845492.095	Test_Phase.SEQUENCE.Word	LOADING RESOURCE SURFACE FROM DISK
3853317.8	Test_Phase.SEQUENCE.Word	LOADING RESOURCE SURFACE FROM DISK
3861058.76	Test_Phase.SEQUENCE.Word	LOADING RESOURCE SURFACE FROM DISK
3868985.28	Test_Phase.SEQUENCE.Word	LOADING RESOURCE SURFACE FROM DISK
3877942.223	Test_Phase.SEQUENCE.Word	LOADING RESOURCE SURFACE FROM DISK
3887007.188	Test_Phase.SEQUENCE.Word	LOADING RESOURCE SURFACE FROM DISK
3895825.357	Test_Phase.SEQUENCE.Word	LOADING RESOURCE SURFACE FROM DISK
3905145.37	Test_Phase.SEQUENCE.Word	LOADING RESOURCE SURFACE FROM DISK
3912792.103	Test_Phase.SEQUENCE.Word	LOADING RESOURCE SURFACE FROM DISK
3920808.108	Test_Phase.SEQUENCE.Word	LOADING RESOURCE SURFACE FROM DISK
3928807.816	Test_Phase.SEQUENCE.Word	LOADING RESOURCE SURFACE FROM DISK
3936958.6	Test_Phase.SEQUENCE.Word	LOADING RESOURCE SURFACE FROM DISK
3946555.918	Test_Phase.SEQUENCE.Word	LOADING RESOURCE SURFACE FROM DISK
3954465.283	Test_Phase.SEQUENCE.Word	LOADING RESOURCE SURFACE FROM DISK
3963725.518	Test_Phase.SEQUENCE.Word	LOADING RESOURCE SURFACE FROM DISK
3972911.651	Test_Phase.SEQUENCE.Word	LOADING RESOURCE SURFACE FROM DISK
3980579.342	Test_Phase.SEQUENCE.Word	LOADING RESOURCE SURFACE FROM DISK
3991526.241	Test_Phase.SEQUENCE.Word	LOADING RESOURCE SURFACE FROM DISK
3999442.965	Test_Phase.SEQUENCE.Word	LOADING RESOURCE SURFACE FROM DISK
4007292.064	Test_Phase.SEQUENCE.Word	LOADING RESOURCE SURFACE FROM DISK
4015141.973	Test_Phase.SEQUENCE.Word	LOADING RESOURCE SURFACE FROM DISK
4022761.029	Test_Phase.SEQUENCE.Word	LOADING RESOURCE SURFACE FROM DISK
4030942.047	Test_Phase.SEQUENCE.Word	LOADING RESOURCE SURFACE FROM DISK
4038344.47	Test_Phase.SEQUENCE.Word	LOADING RESOURCE SURFACE FROM DISK
4045408.719	Test_Phase.SEQUENCE.Word	LOADING RESOURCE SURFACE FROM DISK
4049238.097	DISPLAY_SCREEN	LOADING RESOURCE SURFACE FROM DISK
