5220.964	DISPLAY_SCREEN[1]	LOADING RESOURCE SURFACE FROM DISK
1280483.905	Familiarization_Phase.SEQUENCE.Cue_and_Instruction	LOADING RESOURCE SURFACE FROM DISK
1280488.295	Familiarization_Phase.SEQUENCE.Cue_and_Instruction	LOADING RESOURCE SURFACE FROM DISK
1286526.713	Familiarization_Phase.SEQUENCE.Cue_and_Instruction	LOADING RESOURCE SURFACE FROM DISK
1286531.376	Familiarization_Phase.SEQUENCE.Cue_and_Instruction	LOADING RESOURCE SURFACE FROM DISK
1292600.166	Familiarization_Phase.SEQUENCE.Cue_and_Instruction	LOADING RESOURCE SURFACE FROM DISK
1292608.776	Familiarization_Phase.SEQUENCE.Cue_and_Instruction	LOADING RESOURCE SURFACE FROM DISK
1335007.63	DISPLAY_SCREEN[3]	LOADING RESOURCE SURFACE FROM DISK
1465711.107	DISPLAY_SCREEN[5]	LOADING RESOURCE SURFACE FROM DISK
1589708.41	Practice_Phase.SEQUENCE.Blink_Screen	LOADING RESOURCE SURFACE FROM DISK
1589709.531	Practice_Phase.SEQUENCE.Blink_Screen	flip time is later than desired time. Desired Time=1589456 Flip Time=1589723 Retrace Rate=16.971, prepareTime=277 flip request time 1589709
1590947.659	Practice_Phase.SEQUENCE.Practice_Luminance_Cue	LOADING RESOURCE SURFACE FROM DISK
1590962.532	Practice_Phase.SEQUENCE.Practice_Luminance_Cue	LOADING RESOURCE SURFACE FROM DISK
1590964.178	Practice_Phase.SEQUENCE.Practice_Luminance_Cue	flip time is later than desired time. Desired Time=1590923 Flip Time=1590973 Retrace Rate=16.971, prepareTime=65 flip request time 1590963
1591474.392	Practice_Phase.SEQUENCE.DISPLAY_SCREEN	LOADING RESOURCE SURFACE FROM DISK
1591476.364	Practice_Phase.SEQUENCE.DISPLAY_SCREEN	flip time is later than desired time. Desired Time=1591473 Flip Time=1591489 Retrace Rate=16.971, prepareTime=27 flip request time 1591476
1593006.923	Practice_Phase.SEQUENCE.Practice_Instruction	LOADING RESOURCE SURFACE FROM DISK
1593008.375	Practice_Phase.SEQUENCE.Practice_Instruction	flip time is later than desired time. Desired Time=1592989 Flip Time=1593023 Retrace Rate=16.971, prepareTime=43 flip request time 1593008
1599575.419	Practice_Phase.SEQUENCE.DISPLAY_SCREEN	LOADING RESOURCE SURFACE FROM DISK
1601084.429	Practice_Phase.SEQUENCE.Practice_Instruction	LOADING RESOURCE SURFACE FROM DISK
1601085.834	Practice_Phase.SEQUENCE.Practice_Instruction	flip time is later than desired time. Desired Time=1601089 Flip Time=1601106 Retrace Rate=16.971, prepareTime=20 flip request time 1601085
1607654.353	Practice_Phase.SEQUENCE.DISPLAY_SCREEN	LOADING RESOURCE SURFACE FROM DISK
1609150.921	Practice_Phase.SEQUENCE.Practice_Instruction	LOADING RESOURCE SURFACE FROM DISK
1615720.672	Practice_Phase.SEQUENCE.DISPLAY_SCREEN	LOADING RESOURCE SURFACE FROM DISK
1617217.575	Practice_Phase.SEQUENCE.Practice_Instruction	LOADING RESOURCE SURFACE FROM DISK
1623787.118	Practice_Phase.SEQUENCE.DISPLAY_SCREEN	LOADING RESOURCE SURFACE FROM DISK
1625328.125	Practice_Phase.SEQUENCE.Practice_Instruction	LOADING RESOURCE SURFACE FROM DISK
1625329.63	Practice_Phase.SEQUENCE.Practice_Instruction	flip time is later than desired time. Desired Time=1625306 Flip Time=1625339 Retrace Rate=16.971, prepareTime=47 flip request time 1625329
1631887.298	Practice_Phase.SEQUENCE.DISPLAY_SCREEN	LOADING RESOURCE SURFACE FROM DISK
1633384.126	Practice_Phase.SEQUENCE.Practice_Instruction	LOADING RESOURCE SURFACE FROM DISK
1639954.005	Practice_Phase.SEQUENCE.DISPLAY_SCREEN	LOADING RESOURCE SURFACE FROM DISK
1641450.826	Practice_Phase.SEQUENCE.Practice_Instruction	LOADING RESOURCE SURFACE FROM DISK
1648020.627	Practice_Phase.SEQUENCE.DISPLAY_SCREEN	LOADING RESOURCE SURFACE FROM DISK
1649517.478	Practice_Phase.SEQUENCE.Practice_Instruction	LOADING RESOURCE SURFACE FROM DISK
1656087.144	Practice_Phase.SEQUENCE.DISPLAY_SCREEN	LOADING RESOURCE SURFACE FROM DISK
1657627.137	Practice_Phase.SEQUENCE.Practice_Instruction	LOADING RESOURCE SURFACE FROM DISK
1657628.68	Practice_Phase.SEQUENCE.Practice_Instruction	flip time is later than desired time. Desired Time=1657606 Flip Time=1657639 Retrace Rate=16.971, prepareTime=46 flip request time 1657628
1662290.172	DISPLAY_SCREEN[2]	LOADING RESOURCE SURFACE FROM DISK
1827895.969	Study_Phase.SEQUENCE.DISPLAY_SCREEN	LOADING RESOURCE SURFACE FROM DISK
1829692.441	Study_Phase.SEQUENCE.Study_Instruction	LOADING RESOURCE SURFACE FROM DISK
1837992.939	Study_Phase.SEQUENCE.Study_Instruction	LOADING RESOURCE SURFACE FROM DISK
1844746.188	Study_Phase.SEQUENCE.DISPLAY_SCREEN	LOADING RESOURCE SURFACE FROM DISK
1846259.997	Study_Phase.SEQUENCE.Study_Instruction	LOADING RESOURCE SURFACE FROM DISK
1854526.64	Study_Phase.SEQUENCE.Study_Instruction	LOADING RESOURCE SURFACE FROM DISK
1861279.528	Study_Phase.SEQUENCE.DISPLAY_SCREEN	LOADING RESOURCE SURFACE FROM DISK
1862826.271	Study_Phase.SEQUENCE.Study_Instruction	LOADING RESOURCE SURFACE FROM DISK
1871133.418	Study_Phase.SEQUENCE.Study_Instruction	LOADING RESOURCE SURFACE FROM DISK
1877896.191	Study_Phase.SEQUENCE.DISPLAY_SCREEN	LOADING RESOURCE SURFACE FROM DISK
1879445.653	Study_Phase.SEQUENCE.Study_Instruction	LOADING RESOURCE SURFACE FROM DISK
1886196.106	Study_Phase.SEQUENCE.DISPLAY_SCREEN	LOADING RESOURCE SURFACE FROM DISK
1887750.853	Study_Phase.SEQUENCE.Study_Instruction	LOADING RESOURCE SURFACE FROM DISK
1894512.831	Study_Phase.SEQUENCE.DISPLAY_SCREEN	LOADING RESOURCE SURFACE FROM DISK
1896068.194	Study_Phase.SEQUENCE.Study_Instruction	LOADING RESOURCE SURFACE FROM DISK
1902829.203	Study_Phase.SEQUENCE.DISPLAY_SCREEN	LOADING RESOURCE SURFACE FROM DISK
1904343.303	Study_Phase.SEQUENCE.Study_Instruction	LOADING RESOURCE SURFACE FROM DISK
1912592.914	Study_Phase.SEQUENCE.Study_Instruction	LOADING RESOURCE SURFACE FROM DISK
1920901.863	Study_Phase.SEQUENCE.Study_Instruction	LOADING RESOURCE SURFACE FROM DISK
1927662.638	Study_Phase.SEQUENCE.DISPLAY_SCREEN	LOADING RESOURCE SURFACE FROM DISK
1929211.572	Study_Phase.SEQUENCE.Study_Instruction	LOADING RESOURCE SURFACE FROM DISK
1937541.548	Study_Phase.SEQUENCE.Study_Instruction	LOADING RESOURCE SURFACE FROM DISK
1944296.067	Study_Phase.SEQUENCE.DISPLAY_SCREEN	LOADING RESOURCE SURFACE FROM DISK
1945852.142	Study_Phase.SEQUENCE.Study_Instruction	LOADING RESOURCE SURFACE FROM DISK
1954163.791	Study_Phase.SEQUENCE.Study_Instruction	LOADING RESOURCE SURFACE FROM DISK
1960929.121	Study_Phase.SEQUENCE.DISPLAY_SCREEN	LOADING RESOURCE SURFACE FROM DISK
1962477.636	Study_Phase.SEQUENCE.Study_Instruction	LOADING RESOURCE SURFACE FROM DISK
1969212.656	Study_Phase.SEQUENCE.DISPLAY_SCREEN	LOADING RESOURCE SURFACE FROM DISK
1970726.728	Study_Phase.SEQUENCE.Study_Instruction	LOADING RESOURCE SURFACE FROM DISK
1978960.034	Study_Phase.SEQUENCE.Study_Instruction	LOADING RESOURCE SURFACE FROM DISK
1985712.844	Study_Phase.SEQUENCE.DISPLAY_SCREEN	LOADING RESOURCE SURFACE FROM DISK
1987264.923	Study_Phase.SEQUENCE.Study_Instruction	LOADING RESOURCE SURFACE FROM DISK
1994029.209	Study_Phase.SEQUENCE.DISPLAY_SCREEN	LOADING RESOURCE SURFACE FROM DISK
1995581.999	Study_Phase.SEQUENCE.Study_Instruction	LOADING RESOURCE SURFACE FROM DISK
2002346.045	Study_Phase.SEQUENCE.DISPLAY_SCREEN	LOADING RESOURCE SURFACE FROM DISK
2003859.879	Study_Phase.SEQUENCE.Study_Instruction	LOADING RESOURCE SURFACE FROM DISK
2010612.635	Study_Phase.SEQUENCE.DISPLAY_SCREEN	LOADING RESOURCE SURFACE FROM DISK
2012148.953	Study_Phase.SEQUENCE.Study_Instruction	LOADING RESOURCE SURFACE FROM DISK
2020462.639	Study_Phase.SEQUENCE.Study_Instruction	LOADING RESOURCE SURFACE FROM DISK
2028764.013	Study_Phase.SEQUENCE.Study_Instruction	LOADING RESOURCE SURFACE FROM DISK
2037082.318	Study_Phase.SEQUENCE.Study_Instruction	LOADING RESOURCE SURFACE FROM DISK
2043846.188	Study_Phase.SEQUENCE.DISPLAY_SCREEN	LOADING RESOURCE SURFACE FROM DISK
2045399.627	Study_Phase.SEQUENCE.Study_Instruction	LOADING RESOURCE SURFACE FROM DISK
2053676.098	Study_Phase.SEQUENCE.Study_Instruction	LOADING RESOURCE SURFACE FROM DISK
2060429.227	Study_Phase.SEQUENCE.DISPLAY_SCREEN	LOADING RESOURCE SURFACE FROM DISK
2061983.229	Study_Phase.SEQUENCE.Study_Instruction	LOADING RESOURCE SURFACE FROM DISK
2070307.955	Study_Phase.SEQUENCE.Study_Instruction	LOADING RESOURCE SURFACE FROM DISK
2077062.817	Study_Phase.SEQUENCE.DISPLAY_SCREEN	LOADING RESOURCE SURFACE FROM DISK
2078617.873	Study_Phase.SEQUENCE.Study_Instruction	LOADING RESOURCE SURFACE FROM DISK
2085379.383	Study_Phase.SEQUENCE.DISPLAY_SCREEN	LOADING RESOURCE SURFACE FROM DISK
2086893.504	Study_Phase.SEQUENCE.Study_Instruction	LOADING RESOURCE SURFACE FROM DISK
2095202.585	Study_Phase.SEQUENCE.Study_Instruction	LOADING RESOURCE SURFACE FROM DISK
2103506.059	Study_Phase.SEQUENCE.Study_Instruction	LOADING RESOURCE SURFACE FROM DISK
2110262.561	Study_Phase.SEQUENCE.DISPLAY_SCREEN	LOADING RESOURCE SURFACE FROM DISK
2111812.591	Study_Phase.SEQUENCE.Study_Instruction	LOADING RESOURCE SURFACE FROM DISK
2120117.474	Study_Phase.SEQUENCE.Study_Instruction	LOADING RESOURCE SURFACE FROM DISK
2128392.689	Study_Phase.SEQUENCE.Study_Instruction	LOADING RESOURCE SURFACE FROM DISK
2135146.1	Study_Phase.SEQUENCE.DISPLAY_SCREEN	LOADING RESOURCE SURFACE FROM DISK
2136700.604	Study_Phase.SEQUENCE.Study_Instruction	LOADING RESOURCE SURFACE FROM DISK
2144976.279	Study_Phase.SEQUENCE.Study_Instruction	LOADING RESOURCE SURFACE FROM DISK
2153242.904	Study_Phase.SEQUENCE.Study_Instruction	LOADING RESOURCE SURFACE FROM DISK
2161510.067	Study_Phase.SEQUENCE.Study_Instruction	LOADING RESOURCE SURFACE FROM DISK
2168262.757	Study_Phase.SEQUENCE.DISPLAY_SCREEN	LOADING RESOURCE SURFACE FROM DISK
2169809.535	Study_Phase.SEQUENCE.Study_Instruction	LOADING RESOURCE SURFACE FROM DISK
2178109.202	Study_Phase.SEQUENCE.Study_Instruction	LOADING RESOURCE SURFACE FROM DISK
2186414.462	Study_Phase.SEQUENCE.Study_Instruction	LOADING RESOURCE SURFACE FROM DISK
2194734.23	Study_Phase.SEQUENCE.Study_Instruction	LOADING RESOURCE SURFACE FROM DISK
2203044.37	Study_Phase.SEQUENCE.Study_Instruction	LOADING RESOURCE SURFACE FROM DISK
2211309.43	Study_Phase.SEQUENCE.Study_Instruction	LOADING RESOURCE SURFACE FROM DISK
2218062.721	Study_Phase.SEQUENCE.DISPLAY_SCREEN	LOADING RESOURCE SURFACE FROM DISK
2219613.259	Study_Phase.SEQUENCE.Study_Instruction	LOADING RESOURCE SURFACE FROM DISK
2227914.107	Study_Phase.SEQUENCE.Study_Instruction	LOADING RESOURCE SURFACE FROM DISK
2236176.733	Study_Phase.SEQUENCE.Study_Instruction	LOADING RESOURCE SURFACE FROM DISK
2242929.347	Study_Phase.SEQUENCE.DISPLAY_SCREEN	LOADING RESOURCE SURFACE FROM DISK
2244443.612	Study_Phase.SEQUENCE.Study_Instruction	LOADING RESOURCE SURFACE FROM DISK
2251196.132	Study_Phase.SEQUENCE.DISPLAY_SCREEN	LOADING RESOURCE SURFACE FROM DISK
2252752.08	Study_Phase.SEQUENCE.Study_Instruction	LOADING RESOURCE SURFACE FROM DISK
2261065.812	Study_Phase.SEQUENCE.Study_Instruction	LOADING RESOURCE SURFACE FROM DISK
2267829.396	Study_Phase.SEQUENCE.DISPLAY_SCREEN	LOADING RESOURCE SURFACE FROM DISK
2269386.136	Study_Phase.SEQUENCE.Study_Instruction	LOADING RESOURCE SURFACE FROM DISK
2276145.882	Study_Phase.SEQUENCE.DISPLAY_SCREEN	LOADING RESOURCE SURFACE FROM DISK
2277694.855	Study_Phase.SEQUENCE.Study_Instruction	LOADING RESOURCE SURFACE FROM DISK
2284446.19	Study_Phase.SEQUENCE.DISPLAY_SCREEN	LOADING RESOURCE SURFACE FROM DISK
2285997.579	Study_Phase.SEQUENCE.Study_Instruction	LOADING RESOURCE SURFACE FROM DISK
2292762.764	Study_Phase.SEQUENCE.DISPLAY_SCREEN	LOADING RESOURCE SURFACE FROM DISK
2294312.309	Study_Phase.SEQUENCE.Study_Instruction	LOADING RESOURCE SURFACE FROM DISK
2301062.848	Study_Phase.SEQUENCE.DISPLAY_SCREEN	LOADING RESOURCE SURFACE FROM DISK
2302576.657	Study_Phase.SEQUENCE.Study_Instruction	LOADING RESOURCE SURFACE FROM DISK
2310843.554	Study_Phase.SEQUENCE.Study_Instruction	LOADING RESOURCE SURFACE FROM DISK
2317596.23	Study_Phase.SEQUENCE.DISPLAY_SCREEN	LOADING RESOURCE SURFACE FROM DISK
2319143.312	Study_Phase.SEQUENCE.Study_Instruction	LOADING RESOURCE SURFACE FROM DISK
2327410.008	Study_Phase.SEQUENCE.Study_Instruction	LOADING RESOURCE SURFACE FROM DISK
2334162.8	Study_Phase.SEQUENCE.DISPLAY_SCREEN	LOADING RESOURCE SURFACE FROM DISK
2335676.672	Study_Phase.SEQUENCE.Study_Instruction	LOADING RESOURCE SURFACE FROM DISK
2343985.435	Study_Phase.SEQUENCE.Study_Instruction	LOADING RESOURCE SURFACE FROM DISK
2352298.588	Study_Phase.SEQUENCE.Study_Instruction	LOADING RESOURCE SURFACE FROM DISK
2360576.664	Study_Phase.SEQUENCE.Study_Instruction	LOADING RESOURCE SURFACE FROM DISK
2368842.751	Study_Phase.SEQUENCE.Study_Instruction	LOADING RESOURCE SURFACE FROM DISK
2375596.129	Study_Phase.SEQUENCE.DISPLAY_SCREEN	LOADING RESOURCE SURFACE FROM DISK
2377152.756	Study_Phase.SEQUENCE.Study_Instruction	LOADING RESOURCE SURFACE FROM DISK
2385426.633	Study_Phase.SEQUENCE.Study_Instruction	LOADING RESOURCE SURFACE FROM DISK
2392179.39	Study_Phase.SEQUENCE.DISPLAY_SCREEN	LOADING RESOURCE SURFACE FROM DISK
2393693.283	Study_Phase.SEQUENCE.Study_Instruction	LOADING RESOURCE SURFACE FROM DISK
2400446.134	Study_Phase.SEQUENCE.DISPLAY_SCREEN	LOADING RESOURCE SURFACE FROM DISK
2401995.997	Study_Phase.SEQUENCE.Study_Instruction	LOADING RESOURCE SURFACE FROM DISK
2410292.953	Study_Phase.SEQUENCE.Study_Instruction	LOADING RESOURCE SURFACE FROM DISK
2417045.882	Study_Phase.SEQUENCE.DISPLAY_SCREEN	LOADING RESOURCE SURFACE FROM DISK
2418597.43	Study_Phase.SEQUENCE.Study_Instruction	LOADING RESOURCE SURFACE FROM DISK
2426876.628	Study_Phase.SEQUENCE.Study_Instruction	LOADING RESOURCE SURFACE FROM DISK
2435181.216	Study_Phase.SEQUENCE.Study_Instruction	LOADING RESOURCE SURFACE FROM DISK
2443484.282	Study_Phase.SEQUENCE.Study_Instruction	LOADING RESOURCE SURFACE FROM DISK
2451794.068	Study_Phase.SEQUENCE.Study_Instruction	LOADING RESOURCE SURFACE FROM DISK
2458546.082	Study_Phase.SEQUENCE.DISPLAY_SCREEN	LOADING RESOURCE SURFACE FROM DISK
2460059.964	Study_Phase.SEQUENCE.Study_Instruction	LOADING RESOURCE SURFACE FROM DISK
2466779.401	Study_Phase.SEQUENCE.DISPLAY_SCREEN	LOADING RESOURCE SURFACE FROM DISK
2468330.268	Study_Phase.SEQUENCE.Study_Instruction	LOADING RESOURCE SURFACE FROM DISK
2475079.394	Study_Phase.SEQUENCE.DISPLAY_SCREEN	LOADING RESOURCE SURFACE FROM DISK
2476593.651	Study_Phase.SEQUENCE.Study_Instruction	LOADING RESOURCE SURFACE FROM DISK
2484891.914	Study_Phase.SEQUENCE.Study_Instruction	LOADING RESOURCE SURFACE FROM DISK
2491646.074	Study_Phase.SEQUENCE.DISPLAY_SCREEN	LOADING RESOURCE SURFACE FROM DISK
2493191.66	Study_Phase.SEQUENCE.Study_Instruction	LOADING RESOURCE SURFACE FROM DISK
2501494.071	Study_Phase.SEQUENCE.Study_Instruction	LOADING RESOURCE SURFACE FROM DISK
2509759.997	Study_Phase.SEQUENCE.Study_Instruction	LOADING RESOURCE SURFACE FROM DISK
2518026.122	Study_Phase.SEQUENCE.Study_Instruction	LOADING RESOURCE SURFACE FROM DISK
2526325.198	Study_Phase.SEQUENCE.Study_Instruction	LOADING RESOURCE SURFACE FROM DISK
2533079.38	Study_Phase.SEQUENCE.DISPLAY_SCREEN	LOADING RESOURCE SURFACE FROM DISK
2534593.184	Study_Phase.SEQUENCE.Study_Instruction	LOADING RESOURCE SURFACE FROM DISK
2542859.909	Study_Phase.SEQUENCE.Study_Instruction	LOADING RESOURCE SURFACE FROM DISK
2549612.603	Study_Phase.SEQUENCE.DISPLAY_SCREEN	LOADING RESOURCE SURFACE FROM DISK
2551126.486	Study_Phase.SEQUENCE.Study_Instruction	LOADING RESOURCE SURFACE FROM DISK
2557879.097	Study_Phase.SEQUENCE.DISPLAY_SCREEN	LOADING RESOURCE SURFACE FROM DISK
2559432.417	Study_Phase.SEQUENCE.Study_Instruction	LOADING RESOURCE SURFACE FROM DISK
2567723.354	Study_Phase.SEQUENCE.Study_Instruction	LOADING RESOURCE SURFACE FROM DISK
2576035.139	Study_Phase.SEQUENCE.Study_Instruction	LOADING RESOURCE SURFACE FROM DISK
2582795.927	Study_Phase.SEQUENCE.DISPLAY_SCREEN	LOADING RESOURCE SURFACE FROM DISK
2584347.191	Study_Phase.SEQUENCE.Study_Instruction	LOADING RESOURCE SURFACE FROM DISK
2592626.732	Study_Phase.SEQUENCE.Study_Instruction	LOADING RESOURCE SURFACE FROM DISK
2599379.513	Study_Phase.SEQUENCE.DISPLAY_SCREEN	LOADING RESOURCE SURFACE FROM DISK
2600934.819	Study_Phase.SEQUENCE.Study_Instruction	LOADING RESOURCE SURFACE FROM DISK
2609210.066	Study_Phase.SEQUENCE.Study_Instruction	LOADING RESOURCE SURFACE FROM DISK
2615962.717	Study_Phase.SEQUENCE.DISPLAY_SCREEN	LOADING RESOURCE SURFACE FROM DISK
2617510.349	Study_Phase.SEQUENCE.Study_Instruction	LOADING RESOURCE SURFACE FROM DISK
2625776.217	Study_Phase.SEQUENCE.Study_Instruction	LOADING RESOURCE SURFACE FROM DISK
2634043.397	Study_Phase.SEQUENCE.Study_Instruction	LOADING RESOURCE SURFACE FROM DISK
2640796.049	Study_Phase.SEQUENCE.DISPLAY_SCREEN	LOADING RESOURCE SURFACE FROM DISK
2642333.129	Study_Phase.SEQUENCE.Study_Instruction	LOADING RESOURCE SURFACE FROM DISK
2650646.077	Study_Phase.SEQUENCE.Study_Instruction	LOADING RESOURCE SURFACE FROM DISK
2658943.676	Study_Phase.SEQUENCE.Study_Instruction	LOADING RESOURCE SURFACE FROM DISK
2667232.365	Study_Phase.SEQUENCE.Study_Instruction	LOADING RESOURCE SURFACE FROM DISK
2673996.171	Study_Phase.SEQUENCE.DISPLAY_SCREEN	LOADING RESOURCE SURFACE FROM DISK
2675553.046	Study_Phase.SEQUENCE.Study_Instruction	LOADING RESOURCE SURFACE FROM DISK
2682312.727	Study_Phase.SEQUENCE.DISPLAY_SCREEN	LOADING RESOURCE SURFACE FROM DISK
2683863.4	Study_Phase.SEQUENCE.Study_Instruction	LOADING RESOURCE SURFACE FROM DISK
2690612.791	Study_Phase.SEQUENCE.DISPLAY_SCREEN	LOADING RESOURCE SURFACE FROM DISK
2692160.04	Study_Phase.SEQUENCE.Study_Instruction	LOADING RESOURCE SURFACE FROM DISK
2700485.683	Study_Phase.SEQUENCE.Study_Instruction	LOADING RESOURCE SURFACE FROM DISK
2707245.949	Study_Phase.SEQUENCE.DISPLAY_SCREEN	LOADING RESOURCE SURFACE FROM DISK
2708792.881	Study_Phase.SEQUENCE.Study_Instruction	LOADING RESOURCE SURFACE FROM DISK
2715546.215	Study_Phase.SEQUENCE.DISPLAY_SCREEN	LOADING RESOURCE SURFACE FROM DISK
2717100.715	Study_Phase.SEQUENCE.Study_Instruction	LOADING RESOURCE SURFACE FROM DISK
2723862.477	Study_Phase.SEQUENCE.DISPLAY_SCREEN	LOADING RESOURCE SURFACE FROM DISK
2725376.691	Study_Phase.SEQUENCE.Study_Instruction	LOADING RESOURCE SURFACE FROM DISK
2732129.391	Study_Phase.SEQUENCE.DISPLAY_SCREEN	LOADING RESOURCE SURFACE FROM DISK
2733675.821	Study_Phase.SEQUENCE.Study_Instruction	LOADING RESOURCE SURFACE FROM DISK
2741974.52	Study_Phase.SEQUENCE.Study_Instruction	LOADING RESOURCE SURFACE FROM DISK
2748729.195	Study_Phase.SEQUENCE.DISPLAY_SCREEN	LOADING RESOURCE SURFACE FROM DISK
2750243.31	Study_Phase.SEQUENCE.Study_Instruction	LOADING RESOURCE SURFACE FROM DISK
2758509.9	Study_Phase.SEQUENCE.Study_Instruction	LOADING RESOURCE SURFACE FROM DISK
2765262.803	Study_Phase.SEQUENCE.DISPLAY_SCREEN	LOADING RESOURCE SURFACE FROM DISK
2766776.497	Study_Phase.SEQUENCE.Study_Instruction	LOADING RESOURCE SURFACE FROM DISK
2773529.361	Study_Phase.SEQUENCE.DISPLAY_SCREEN	LOADING RESOURCE SURFACE FROM DISK
2775043.285	Study_Phase.SEQUENCE.Study_Instruction	LOADING RESOURCE SURFACE FROM DISK
2783347.075	Study_Phase.SEQUENCE.Study_Instruction	LOADING RESOURCE SURFACE FROM DISK
2791622.455	Study_Phase.SEQUENCE.Study_Instruction	LOADING RESOURCE SURFACE FROM DISK
2798379.332	Study_Phase.SEQUENCE.DISPLAY_SCREEN	LOADING RESOURCE SURFACE FROM DISK
2799926.641	Study_Phase.SEQUENCE.Study_Instruction	LOADING RESOURCE SURFACE FROM DISK
2808236.232	Study_Phase.SEQUENCE.Study_Instruction	LOADING RESOURCE SURFACE FROM DISK
2816529.165	Study_Phase.SEQUENCE.Study_Instruction	LOADING RESOURCE SURFACE FROM DISK
2821247.154	DISPLAY_SCREEN[7]	LOADING RESOURCE SURFACE FROM DISK
3175824.235	Test_Phase.SEQUENCE.Target_Cue	LOADING RESOURCE SURFACE FROM DISK
3175834.64	Test_Phase.SEQUENCE.Target_Cue	LOADING RESOURCE SURFACE FROM DISK
3177896.046	Test_Phase.SEQUENCE.Word	LOADING RESOURCE SURFACE FROM DISK
3180909.321	Test_Phase.SEQUENCE.Test_Question	LOADING RESOURCE SURFACE FROM DISK
3180946.707	Test_Phase.SEQUENCE.Test_Question	LOADING RESOURCE SURFACE FROM DISK
3180957.164	Test_Phase.SEQUENCE.Test_Question	LOADING RESOURCE SURFACE FROM DISK
3180959.062	Test_Phase.SEQUENCE.Test_Question	LOADING RESOURCE SURFACE FROM DISK
3180961.022	Test_Phase.SEQUENCE.Test_Question	LOADING RESOURCE SURFACE FROM DISK
3180962.936	Test_Phase.SEQUENCE.Test_Question	LOADING RESOURCE SURFACE FROM DISK
3180964.99	Test_Phase.SEQUENCE.Test_Question	LOADING RESOURCE SURFACE FROM DISK
3180966.846	Test_Phase.SEQUENCE.Test_Question	LOADING RESOURCE SURFACE FROM DISK
3180968.629	Test_Phase.SEQUENCE.Test_Question	LOADING RESOURCE SURFACE FROM DISK
3180970.439	Test_Phase.SEQUENCE.Test_Question	LOADING RESOURCE SURFACE FROM DISK
3180972.191	Test_Phase.SEQUENCE.Test_Question	LOADING RESOURCE SURFACE FROM DISK
3180973.946	Test_Phase.SEQUENCE.Test_Question	LOADING RESOURCE SURFACE FROM DISK
3187679.577	Test_Phase.SEQUENCE.Word	LOADING RESOURCE SURFACE FROM DISK
3196244.795	Test_Phase.SEQUENCE.Word	LOADING RESOURCE SURFACE FROM DISK
3203560.676	Test_Phase.SEQUENCE.Word	LOADING RESOURCE SURFACE FROM DISK
3211209.31	Test_Phase.SEQUENCE.Word	LOADING RESOURCE SURFACE FROM DISK
3218792.712	Test_Phase.SEQUENCE.Word	LOADING RESOURCE SURFACE FROM DISK
3226292.681	Test_Phase.SEQUENCE.Word	LOADING RESOURCE SURFACE FROM DISK
3233669.464	Test_Phase.SEQUENCE.Word	LOADING RESOURCE SURFACE FROM DISK
3240992.767	Test_Phase.SEQUENCE.Word	LOADING RESOURCE SURFACE FROM DISK
3249026.078	Test_Phase.SEQUENCE.Word	LOADING RESOURCE SURFACE FROM DISK
3256209.365	Test_Phase.SEQUENCE.Word	LOADING RESOURCE SURFACE FROM DISK
3263459.367	Test_Phase.SEQUENCE.Word	LOADING RESOURCE SURFACE FROM DISK
3270778.383	Test_Phase.SEQUENCE.Word	LOADING RESOURCE SURFACE FROM DISK
3278859.412	Test_Phase.SEQUENCE.Word	LOADING RESOURCE SURFACE FROM DISK
3285992.722	Test_Phase.SEQUENCE.Word	LOADING RESOURCE SURFACE FROM DISK
3293342.809	Test_Phase.SEQUENCE.Word	LOADING RESOURCE SURFACE FROM DISK
3300442.934	Test_Phase.SEQUENCE.Word	LOADING RESOURCE SURFACE FROM DISK
3307559.241	Test_Phase.SEQUENCE.Word	LOADING RESOURCE SURFACE FROM DISK
3315252.473	Test_Phase.SEQUENCE.Word	LOADING RESOURCE SURFACE FROM DISK
3322409.454	Test_Phase.SEQUENCE.Word	LOADING RESOURCE SURFACE FROM DISK
3329476.254	Test_Phase.SEQUENCE.Word	LOADING RESOURCE SURFACE FROM DISK
3336933.71	Test_Phase.SEQUENCE.Word	LOADING RESOURCE SURFACE FROM DISK
3344042.742	Test_Phase.SEQUENCE.Word	LOADING RESOURCE SURFACE FROM DISK
3351187.419	Test_Phase.SEQUENCE.Word	LOADING RESOURCE SURFACE FROM DISK
3358192.938	Test_Phase.SEQUENCE.Word	LOADING RESOURCE SURFACE FROM DISK
3365392.855	Test_Phase.SEQUENCE.Word	LOADING RESOURCE SURFACE FROM DISK
3372559.502	Test_Phase.SEQUENCE.Word	LOADING RESOURCE SURFACE FROM DISK
3379719.715	Test_Phase.SEQUENCE.Word	LOADING RESOURCE SURFACE FROM DISK
3386942.884	Test_Phase.SEQUENCE.Word	LOADING RESOURCE SURFACE FROM DISK
3394909.273	Test_Phase.SEQUENCE.Word	LOADING RESOURCE SURFACE FROM DISK
3402064.351	Test_Phase.SEQUENCE.Word	LOADING RESOURCE SURFACE FROM DISK
3409126.273	Test_Phase.SEQUENCE.Word	LOADING RESOURCE SURFACE FROM DISK
3416192.756	Test_Phase.SEQUENCE.Word	LOADING RESOURCE SURFACE FROM DISK
3423226.042	Test_Phase.SEQUENCE.Word	LOADING RESOURCE SURFACE FROM DISK
3433026.138	Test_Phase.SEQUENCE.Word	LOADING RESOURCE SURFACE FROM DISK
3442692.988	Test_Phase.SEQUENCE.Word	LOADING RESOURCE SURFACE FROM DISK
3449885.19	Test_Phase.SEQUENCE.Word	LOADING RESOURCE SURFACE FROM DISK
3457849.869	Test_Phase.SEQUENCE.Word	LOADING RESOURCE SURFACE FROM DISK
3464942.783	Test_Phase.SEQUENCE.Word	LOADING RESOURCE SURFACE FROM DISK
3472702.917	Test_Phase.SEQUENCE.Word	LOADING RESOURCE SURFACE FROM DISK
3479809.746	Test_Phase.SEQUENCE.Word	LOADING RESOURCE SURFACE FROM DISK
3487495.102	Test_Phase.SEQUENCE.Word	LOADING RESOURCE SURFACE FROM DISK
3494659.041	Test_Phase.SEQUENCE.Word	LOADING RESOURCE SURFACE FROM DISK
3501842.966	Test_Phase.SEQUENCE.Word	LOADING RESOURCE SURFACE FROM DISK
3509059.498	Test_Phase.SEQUENCE.Word	LOADING RESOURCE SURFACE FROM DISK
3516126.06	Test_Phase.SEQUENCE.Word	LOADING RESOURCE SURFACE FROM DISK
3523459.418	Test_Phase.SEQUENCE.Word	LOADING RESOURCE SURFACE FROM DISK
3530579.799	Test_Phase.SEQUENCE.Word	LOADING RESOURCE SURFACE FROM DISK
3538809.339	Test_Phase.SEQUENCE.Word	LOADING RESOURCE SURFACE FROM DISK
3548409.369	Test_Phase.SEQUENCE.Word	LOADING RESOURCE SURFACE FROM DISK
3558614.914	Test_Phase.SEQUENCE.Word	LOADING RESOURCE SURFACE FROM DISK
3566126.491	Test_Phase.SEQUENCE.Word	LOADING RESOURCE SURFACE FROM DISK
3573426.576	Test_Phase.SEQUENCE.Word	LOADING RESOURCE SURFACE FROM DISK
3580576.267	Test_Phase.SEQUENCE.Word	LOADING RESOURCE SURFACE FROM DISK
3587880.463	Test_Phase.SEQUENCE.Word	LOADING RESOURCE SURFACE FROM DISK
3594959.664	Test_Phase.SEQUENCE.Word	LOADING RESOURCE SURFACE FROM DISK
3602092.841	Test_Phase.SEQUENCE.Word	LOADING RESOURCE SURFACE FROM DISK
3609101.272	Test_Phase.SEQUENCE.Word	LOADING RESOURCE SURFACE FROM DISK
3616376.017	Test_Phase.SEQUENCE.Word	LOADING RESOURCE SURFACE FROM DISK
3623709.7	Test_Phase.SEQUENCE.Word	LOADING RESOURCE SURFACE FROM DISK
3630809.709	Test_Phase.SEQUENCE.Word	LOADING RESOURCE SURFACE FROM DISK
3637876.32	Test_Phase.SEQUENCE.Word	LOADING RESOURCE SURFACE FROM DISK
3645001.349	Test_Phase.SEQUENCE.Word	LOADING RESOURCE SURFACE FROM DISK
3652292.885	Test_Phase.SEQUENCE.Word	LOADING RESOURCE SURFACE FROM DISK
3659343.135	Test_Phase.SEQUENCE.Word	LOADING RESOURCE SURFACE FROM DISK
3666376.098	Test_Phase.SEQUENCE.Word	LOADING RESOURCE SURFACE FROM DISK
3673609.261	Test_Phase.SEQUENCE.Word	LOADING RESOURCE SURFACE FROM DISK
3680759.264	Test_Phase.SEQUENCE.Word	LOADING RESOURCE SURFACE FROM DISK
3687826.075	Test_Phase.SEQUENCE.Word	LOADING RESOURCE SURFACE FROM DISK
3695042.774	Test_Phase.SEQUENCE.Word	LOADING RESOURCE SURFACE FROM DISK
3703092.856	Test_Phase.SEQUENCE.Word	LOADING RESOURCE SURFACE FROM DISK
3710942.701	Test_Phase.SEQUENCE.Word	LOADING RESOURCE SURFACE FROM DISK
3717926.373	Test_Phase.SEQUENCE.Word	LOADING RESOURCE SURFACE FROM DISK
3724992.847	Test_Phase.SEQUENCE.Word	LOADING RESOURCE SURFACE FROM DISK
3734109.614	Test_Phase.SEQUENCE.Word	LOADING RESOURCE SURFACE FROM DISK
3741376.142	Test_Phase.SEQUENCE.Word	LOADING RESOURCE SURFACE FROM DISK
3750876.131	Test_Phase.SEQUENCE.Word	LOADING RESOURCE SURFACE FROM DISK
3758026.078	Test_Phase.SEQUENCE.Word	LOADING RESOURCE SURFACE FROM DISK
3765792.757	Test_Phase.SEQUENCE.Word	LOADING RESOURCE SURFACE FROM DISK
3773276.225	Test_Phase.SEQUENCE.Word	LOADING RESOURCE SURFACE FROM DISK
3780642.713	Test_Phase.SEQUENCE.Word	LOADING RESOURCE SURFACE FROM DISK
3787676.148	Test_Phase.SEQUENCE.Word	LOADING RESOURCE SURFACE FROM DISK
3794718.722	Test_Phase.SEQUENCE.Word	LOADING RESOURCE SURFACE FROM DISK
3801914.701	Test_Phase.SEQUENCE.Word	LOADING RESOURCE SURFACE FROM DISK
3809217.221	Test_Phase.SEQUENCE.Word	LOADING RESOURCE SURFACE FROM DISK
3817148.777	Test_Phase.SEQUENCE.Word	LOADING RESOURCE SURFACE FROM DISK
3824959.328	Test_Phase.SEQUENCE.Word	LOADING RESOURCE SURFACE FROM DISK
3832076.131	Test_Phase.SEQUENCE.Word	LOADING RESOURCE SURFACE FROM DISK
3839126.16	Test_Phase.SEQUENCE.Word	LOADING RESOURCE SURFACE FROM DISK
3846298.502	Test_Phase.SEQUENCE.Word	LOADING RESOURCE SURFACE FROM DISK
3853426.178	Test_Phase.SEQUENCE.Word	LOADING RESOURCE SURFACE FROM DISK
3860509.393	Test_Phase.SEQUENCE.Word	LOADING RESOURCE SURFACE FROM DISK
3867693.084	Test_Phase.SEQUENCE.Word	LOADING RESOURCE SURFACE FROM DISK
3874692.991	Test_Phase.SEQUENCE.Word	LOADING RESOURCE SURFACE FROM DISK
3881976.0	Test_Phase.SEQUENCE.Word	LOADING RESOURCE SURFACE FROM DISK
3888976.227	Test_Phase.SEQUENCE.Word	LOADING RESOURCE SURFACE FROM DISK
3896059.69	Test_Phase.SEQUENCE.Word	LOADING RESOURCE SURFACE FROM DISK
3903145.627	Test_Phase.SEQUENCE.Word	LOADING RESOURCE SURFACE FROM DISK
3910142.751	Test_Phase.SEQUENCE.Word	LOADING RESOURCE SURFACE FROM DISK
3917209.727	Test_Phase.SEQUENCE.Word	LOADING RESOURCE SURFACE FROM DISK
3924259.412	Test_Phase.SEQUENCE.Word	LOADING RESOURCE SURFACE FROM DISK
3934133.839	Test_Phase.SEQUENCE.Word	LOADING RESOURCE SURFACE FROM DISK
3943126.553	Test_Phase.SEQUENCE.Word	LOADING RESOURCE SURFACE FROM DISK
3950092.922	Test_Phase.SEQUENCE.Word	LOADING RESOURCE SURFACE FROM DISK
3957109.901	Test_Phase.SEQUENCE.Word	LOADING RESOURCE SURFACE FROM DISK
3964109.506	Test_Phase.SEQUENCE.Word	LOADING RESOURCE SURFACE FROM DISK
3971526.319	Test_Phase.SEQUENCE.Word	LOADING RESOURCE SURFACE FROM DISK
3979092.802	Test_Phase.SEQUENCE.Word	LOADING RESOURCE SURFACE FROM DISK
3986276.266	Test_Phase.SEQUENCE.Word	LOADING RESOURCE SURFACE FROM DISK
3993326.027	Test_Phase.SEQUENCE.Word	LOADING RESOURCE SURFACE FROM DISK
4001192.758	Test_Phase.SEQUENCE.Word	LOADING RESOURCE SURFACE FROM DISK
4008225.995	Test_Phase.SEQUENCE.Word	LOADING RESOURCE SURFACE FROM DISK
4015326.202	Test_Phase.SEQUENCE.Word	LOADING RESOURCE SURFACE FROM DISK
4022367.592	Test_Phase.SEQUENCE.Word	LOADING RESOURCE SURFACE FROM DISK
4029433.68	Test_Phase.SEQUENCE.Word	LOADING RESOURCE SURFACE FROM DISK
4036561.538	Test_Phase.SEQUENCE.Word	LOADING RESOURCE SURFACE FROM DISK
4043597.172	Test_Phase.SEQUENCE.Word	LOADING RESOURCE SURFACE FROM DISK
4050609.363	Test_Phase.SEQUENCE.Word	LOADING RESOURCE SURFACE FROM DISK
4057665.443	Test_Phase.SEQUENCE.Word	LOADING RESOURCE SURFACE FROM DISK
4065526.023	Test_Phase.SEQUENCE.Word	LOADING RESOURCE SURFACE FROM DISK
4072559.627	Test_Phase.SEQUENCE.Word	LOADING RESOURCE SURFACE FROM DISK
4079598.765	Test_Phase.SEQUENCE.Word	LOADING RESOURCE SURFACE FROM DISK
4086609.571	Test_Phase.SEQUENCE.Word	LOADING RESOURCE SURFACE FROM DISK
4093642.756	Test_Phase.SEQUENCE.Word	LOADING RESOURCE SURFACE FROM DISK
4100659.32	Test_Phase.SEQUENCE.Word	LOADING RESOURCE SURFACE FROM DISK
4107752.3	Test_Phase.SEQUENCE.Word	LOADING RESOURCE SURFACE FROM DISK
4114810.023	Test_Phase.SEQUENCE.Word	LOADING RESOURCE SURFACE FROM DISK
4121961.955	Test_Phase.SEQUENCE.Word	LOADING RESOURCE SURFACE FROM DISK
4129069.359	Test_Phase.SEQUENCE.Word	LOADING RESOURCE SURFACE FROM DISK
4136126.245	Test_Phase.SEQUENCE.Word	LOADING RESOURCE SURFACE FROM DISK
4143326.137	Test_Phase.SEQUENCE.Word	LOADING RESOURCE SURFACE FROM DISK
4150492.902	Test_Phase.SEQUENCE.Word	LOADING RESOURCE SURFACE FROM DISK
4157550.615	Test_Phase.SEQUENCE.Word	LOADING RESOURCE SURFACE FROM DISK
4164591.733	Test_Phase.SEQUENCE.Word	LOADING RESOURCE SURFACE FROM DISK
4171592.895	Test_Phase.SEQUENCE.Word	LOADING RESOURCE SURFACE FROM DISK
4178676.085	Test_Phase.SEQUENCE.Word	LOADING RESOURCE SURFACE FROM DISK
4185782.266	Test_Phase.SEQUENCE.Word	LOADING RESOURCE SURFACE FROM DISK
4192809.531	Test_Phase.SEQUENCE.Word	LOADING RESOURCE SURFACE FROM DISK
4199826.077	Test_Phase.SEQUENCE.Word	LOADING RESOURCE SURFACE FROM DISK
4206876.195	Test_Phase.SEQUENCE.Word	LOADING RESOURCE SURFACE FROM DISK
4214309.498	Test_Phase.SEQUENCE.Word	LOADING RESOURCE SURFACE FROM DISK
4221426.138	Test_Phase.SEQUENCE.Word	LOADING RESOURCE SURFACE FROM DISK
4228511.508	Test_Phase.SEQUENCE.Word	LOADING RESOURCE SURFACE FROM DISK
4235579.271	Test_Phase.SEQUENCE.Word	LOADING RESOURCE SURFACE FROM DISK
4242709.641	Test_Phase.SEQUENCE.Word	LOADING RESOURCE SURFACE FROM DISK
4249759.284	Test_Phase.SEQUENCE.Word	LOADING RESOURCE SURFACE FROM DISK
4257159.354	Test_Phase.SEQUENCE.Word	LOADING RESOURCE SURFACE FROM DISK
4264235.128	Test_Phase.SEQUENCE.Word	LOADING RESOURCE SURFACE FROM DISK
4271226.204	Test_Phase.SEQUENCE.Word	LOADING RESOURCE SURFACE FROM DISK
4278300.796	Test_Phase.SEQUENCE.Word	LOADING RESOURCE SURFACE FROM DISK
4285476.25	Test_Phase.SEQUENCE.Word	LOADING RESOURCE SURFACE FROM DISK
4292526.17	Test_Phase.SEQUENCE.Word	LOADING RESOURCE SURFACE FROM DISK
4299792.881	Test_Phase.SEQUENCE.Word	LOADING RESOURCE SURFACE FROM DISK
4306809.396	Test_Phase.SEQUENCE.Word	LOADING RESOURCE SURFACE FROM DISK
4314009.446	Test_Phase.SEQUENCE.Word	LOADING RESOURCE SURFACE FROM DISK
4321113.093	Test_Phase.SEQUENCE.Word	LOADING RESOURCE SURFACE FROM DISK
4328292.844	Test_Phase.SEQUENCE.Word	LOADING RESOURCE SURFACE FROM DISK
4335332.34	Test_Phase.SEQUENCE.Word	LOADING RESOURCE SURFACE FROM DISK
4342659.523	Test_Phase.SEQUENCE.Word	LOADING RESOURCE SURFACE FROM DISK
4355409.201	Test_Phase.SEQUENCE.Word	LOADING RESOURCE SURFACE FROM DISK
4362801.449	Test_Phase.SEQUENCE.Word	LOADING RESOURCE SURFACE FROM DISK
4370426.479	Test_Phase.SEQUENCE.Word	LOADING RESOURCE SURFACE FROM DISK
4377892.905	Test_Phase.SEQUENCE.Word	LOADING RESOURCE SURFACE FROM DISK
4384909.405	Test_Phase.SEQUENCE.Word	LOADING RESOURCE SURFACE FROM DISK
4391927.064	Test_Phase.SEQUENCE.Word	LOADING RESOURCE SURFACE FROM DISK
4399343.182	Test_Phase.SEQUENCE.Word	LOADING RESOURCE SURFACE FROM DISK
4406465.426	Test_Phase.SEQUENCE.Word	LOADING RESOURCE SURFACE FROM DISK
4413630.899	Test_Phase.SEQUENCE.Word	LOADING RESOURCE SURFACE FROM DISK
4420709.585	Test_Phase.SEQUENCE.Word	LOADING RESOURCE SURFACE FROM DISK
4427826.092	Test_Phase.SEQUENCE.Word	LOADING RESOURCE SURFACE FROM DISK
4435059.432	Test_Phase.SEQUENCE.Word	LOADING RESOURCE SURFACE FROM DISK
4442192.918	Test_Phase.SEQUENCE.Word	LOADING RESOURCE SURFACE FROM DISK
4449282.556	Test_Phase.SEQUENCE.Word	LOADING RESOURCE SURFACE FROM DISK
4456276.118	Test_Phase.SEQUENCE.Word	LOADING RESOURCE SURFACE FROM DISK
4463463.672	Test_Phase.SEQUENCE.Word	LOADING RESOURCE SURFACE FROM DISK
4470476.111	Test_Phase.SEQUENCE.Word	LOADING RESOURCE SURFACE FROM DISK
4477976.037	Test_Phase.SEQUENCE.Word	LOADING RESOURCE SURFACE FROM DISK
4485052.234	Test_Phase.SEQUENCE.Word	LOADING RESOURCE SURFACE FROM DISK
4492117.224	Test_Phase.SEQUENCE.Word	LOADING RESOURCE SURFACE FROM DISK
4499226.41	Test_Phase.SEQUENCE.Word	LOADING RESOURCE SURFACE FROM DISK
4506502.966	Test_Phase.SEQUENCE.Word	LOADING RESOURCE SURFACE FROM DISK
4513592.732	Test_Phase.SEQUENCE.Word	LOADING RESOURCE SURFACE FROM DISK
4520681.949	Test_Phase.SEQUENCE.Word	LOADING RESOURCE SURFACE FROM DISK
4527843.094	Test_Phase.SEQUENCE.Word	LOADING RESOURCE SURFACE FROM DISK
4549976.126	Test_Phase.SEQUENCE.Word	LOADING RESOURCE SURFACE FROM DISK
4557042.525	Test_Phase.SEQUENCE.Word	LOADING RESOURCE SURFACE FROM DISK
4564026.412	Test_Phase.SEQUENCE.Word	LOADING RESOURCE SURFACE FROM DISK
4572876.059	Test_Phase.SEQUENCE.Word	LOADING RESOURCE SURFACE FROM DISK
4579909.391	Test_Phase.SEQUENCE.Word	LOADING RESOURCE SURFACE FROM DISK
4587094.084	Test_Phase.SEQUENCE.Word	LOADING RESOURCE SURFACE FROM DISK
4594092.771	Test_Phase.SEQUENCE.Word	LOADING RESOURCE SURFACE FROM DISK
4601178.073	Test_Phase.SEQUENCE.Word	LOADING RESOURCE SURFACE FROM DISK
4608358.71	Test_Phase.SEQUENCE.Word	LOADING RESOURCE SURFACE FROM DISK
4615592.79	Test_Phase.SEQUENCE.Word	LOADING RESOURCE SURFACE FROM DISK
4622826.134	Test_Phase.SEQUENCE.Word	LOADING RESOURCE SURFACE FROM DISK
4629826.037	Test_Phase.SEQUENCE.Word	LOADING RESOURCE SURFACE FROM DISK
4636909.445	Test_Phase.SEQUENCE.Word	LOADING RESOURCE SURFACE FROM DISK
4644146.75	Test_Phase.SEQUENCE.Word	LOADING RESOURCE SURFACE FROM DISK
4651321.665	Test_Phase.SEQUENCE.Word	LOADING RESOURCE SURFACE FROM DISK
4654971.282	DISPLAY_SCREEN	LOADING RESOURCE SURFACE FROM DISK
