5009.849	DISPLAY_SCREEN[1]	LOADING RESOURCE SURFACE FROM DISK
1479766.201	Familiarization_Phase.SEQUENCE.Cue_and_Instruction	LOADING RESOURCE SURFACE FROM DISK
1479776.255	Familiarization_Phase.SEQUENCE.Cue_and_Instruction	LOADING RESOURCE SURFACE FROM DISK
1485853.856	Familiarization_Phase.SEQUENCE.Cue_and_Instruction	LOADING RESOURCE SURFACE FROM DISK
1485869.916	Familiarization_Phase.SEQUENCE.Cue_and_Instruction	LOADING RESOURCE SURFACE FROM DISK
1491935.016	Familiarization_Phase.SEQUENCE.Cue_and_Instruction	LOADING RESOURCE SURFACE FROM DISK
1491939.589	Familiarization_Phase.SEQUENCE.Cue_and_Instruction	LOADING RESOURCE SURFACE FROM DISK
1534340.918	DISPLAY_SCREEN[3]	LOADING RESOURCE SURFACE FROM DISK
1636105.766	DISPLAY_SCREEN[5]	LOADING RESOURCE SURFACE FROM DISK
1684602.105	Practice_Phase.SEQUENCE.Blink_Screen	LOADING RESOURCE SURFACE FROM DISK
1684603.258	Practice_Phase.SEQUENCE.Blink_Screen	flip time is later than desired time. Desired Time=1684330 Flip Time=1684614 Retrace Rate=16.986, prepareTime=297 flip request time 1684602
1685828.748	Practice_Phase.SEQUENCE.Practice_Luminance_Cue	LOADING RESOURCE SURFACE FROM DISK
1685844.214	Practice_Phase.SEQUENCE.Practice_Luminance_Cue	LOADING RESOURCE SURFACE FROM DISK
1685845.673	Practice_Phase.SEQUENCE.Practice_Luminance_Cue	flip time is later than desired time. Desired Time=1685814 Flip Time=1685864 Retrace Rate=16.986, prepareTime=56 flip request time 1685845
1686381.135	Practice_Phase.SEQUENCE.DISPLAY_SCREEN	LOADING RESOURCE SURFACE FROM DISK
1686383.453	Practice_Phase.SEQUENCE.DISPLAY_SCREEN	flip time is later than desired time. Desired Time=1686364 Flip Time=1686397 Retrace Rate=16.986, prepareTime=43 flip request time 1686383
1687915.265	Practice_Phase.SEQUENCE.Practice_Instruction	LOADING RESOURCE SURFACE FROM DISK
1687916.707	Practice_Phase.SEQUENCE.Practice_Instruction	flip time is later than desired time. Desired Time=1687897 Flip Time=1687930 Retrace Rate=16.986, prepareTime=44 flip request time 1687916
1694532.399	Practice_Phase.SEQUENCE.DISPLAY_SCREEN	LOADING RESOURCE SURFACE FROM DISK
1694534.194	Practice_Phase.SEQUENCE.DISPLAY_SCREEN	flip time is later than desired time. Desired Time=1694497 Flip Time=1694547 Retrace Rate=16.986, prepareTime=61 flip request time 1694533
1696070.54	Practice_Phase.SEQUENCE.Practice_Instruction	LOADING RESOURCE SURFACE FROM DISK
1696072.091	Practice_Phase.SEQUENCE.Practice_Instruction	flip time is later than desired time. Desired Time=1696047 Flip Time=1696080 Retrace Rate=16.986, prepareTime=49 flip request time 1696071
1702667.651	Practice_Phase.SEQUENCE.DISPLAY_SCREEN	LOADING RESOURCE SURFACE FROM DISK
1702669.527	Practice_Phase.SEQUENCE.DISPLAY_SCREEN	flip time is later than desired time. Desired Time=1702647 Flip Time=1702680 Retrace Rate=16.986, prepareTime=46 flip request time 1702669
1704158.446	Practice_Phase.SEQUENCE.Practice_Instruction	LOADING RESOURCE SURFACE FROM DISK
1710728.163	Practice_Phase.SEQUENCE.DISPLAY_SCREEN	LOADING RESOURCE SURFACE FROM DISK
1712224.961	Practice_Phase.SEQUENCE.Practice_Instruction	LOADING RESOURCE SURFACE FROM DISK
1718794.556	Practice_Phase.SEQUENCE.DISPLAY_SCREEN	LOADING RESOURCE SURFACE FROM DISK
1720291.764	Practice_Phase.SEQUENCE.Practice_Instruction	LOADING RESOURCE SURFACE FROM DISK
1726861.543	Practice_Phase.SEQUENCE.DISPLAY_SCREEN	LOADING RESOURCE SURFACE FROM DISK
1728391.702	Practice_Phase.SEQUENCE.Practice_Instruction	LOADING RESOURCE SURFACE FROM DISK
1728393.1	Practice_Phase.SEQUENCE.Practice_Instruction	flip time is later than desired time. Desired Time=1728380 Flip Time=1728414 Retrace Rate=16.986, prepareTime=36 flip request time 1728392
1734961.523	Practice_Phase.SEQUENCE.DISPLAY_SCREEN	LOADING RESOURCE SURFACE FROM DISK
1736458.405	Practice_Phase.SEQUENCE.Practice_Instruction	LOADING RESOURCE SURFACE FROM DISK
1743027.869	Practice_Phase.SEQUENCE.DISPLAY_SCREEN	LOADING RESOURCE SURFACE FROM DISK
1744525.006	Practice_Phase.SEQUENCE.Practice_Instruction	LOADING RESOURCE SURFACE FROM DISK
1751094.745	Practice_Phase.SEQUENCE.DISPLAY_SCREEN	LOADING RESOURCE SURFACE FROM DISK
1752602.164	Practice_Phase.SEQUENCE.Practice_Instruction	LOADING RESOURCE SURFACE FROM DISK
1757266.86	DISPLAY_SCREEN[2]	LOADING RESOURCE SURFACE FROM DISK
1852003.917	Study_Phase.SEQUENCE.Study_Instruction	LOADING RESOURCE SURFACE FROM DISK
1858753.395	Study_Phase.SEQUENCE.DISPLAY_SCREEN	LOADING RESOURCE SURFACE FROM DISK
1860303.007	Study_Phase.SEQUENCE.Study_Instruction	LOADING RESOURCE SURFACE FROM DISK
1868567.468	Study_Phase.SEQUENCE.Study_Instruction	LOADING RESOURCE SURFACE FROM DISK
1875320.22	Study_Phase.SEQUENCE.DISPLAY_SCREEN	LOADING RESOURCE SURFACE FROM DISK
1876874.147	Study_Phase.SEQUENCE.Study_Instruction	LOADING RESOURCE SURFACE FROM DISK
1883636.982	Study_Phase.SEQUENCE.DISPLAY_SCREEN	LOADING RESOURCE SURFACE FROM DISK
1885150.775	Study_Phase.SEQUENCE.Study_Instruction	LOADING RESOURCE SURFACE FROM DISK
1891903.404	Study_Phase.SEQUENCE.DISPLAY_SCREEN	LOADING RESOURCE SURFACE FROM DISK
1893456.734	Study_Phase.SEQUENCE.Study_Instruction	LOADING RESOURCE SURFACE FROM DISK
1900187.018	Study_Phase.SEQUENCE.DISPLAY_SCREEN	LOADING RESOURCE SURFACE FROM DISK
1901734.879	Study_Phase.SEQUENCE.Study_Instruction	LOADING RESOURCE SURFACE FROM DISK
1910035.218	Study_Phase.SEQUENCE.Study_Instruction	LOADING RESOURCE SURFACE FROM DISK
1918320.034	Study_Phase.SEQUENCE.Study_Instruction	LOADING RESOURCE SURFACE FROM DISK
1925070.205	Study_Phase.SEQUENCE.DISPLAY_SCREEN	LOADING RESOURCE SURFACE FROM DISK
1926622.858	Study_Phase.SEQUENCE.Study_Instruction	LOADING RESOURCE SURFACE FROM DISK
1934934.703	Study_Phase.SEQUENCE.Study_Instruction	LOADING RESOURCE SURFACE FROM DISK
1941686.775	Study_Phase.SEQUENCE.DISPLAY_SCREEN	LOADING RESOURCE SURFACE FROM DISK
1943241.218	Study_Phase.SEQUENCE.Study_Instruction	LOADING RESOURCE SURFACE FROM DISK
1950003.625	Study_Phase.SEQUENCE.DISPLAY_SCREEN	LOADING RESOURCE SURFACE FROM DISK
1951517.529	Study_Phase.SEQUENCE.Study_Instruction	LOADING RESOURCE SURFACE FROM DISK
1959853.187	Study_Phase.SEQUENCE.Study_Instruction	LOADING RESOURCE SURFACE FROM DISK
1966603.531	Study_Phase.SEQUENCE.DISPLAY_SCREEN	LOADING RESOURCE SURFACE FROM DISK
1968156.456	Study_Phase.SEQUENCE.Study_Instruction	LOADING RESOURCE SURFACE FROM DISK
1974920.433	Study_Phase.SEQUENCE.DISPLAY_SCREEN	LOADING RESOURCE SURFACE FROM DISK
1976434.077	Study_Phase.SEQUENCE.Study_Instruction	LOADING RESOURCE SURFACE FROM DISK
1983186.845	Study_Phase.SEQUENCE.DISPLAY_SCREEN	LOADING RESOURCE SURFACE FROM DISK
1984741.727	Study_Phase.SEQUENCE.Study_Instruction	LOADING RESOURCE SURFACE FROM DISK
1991503.544	Study_Phase.SEQUENCE.DISPLAY_SCREEN	LOADING RESOURCE SURFACE FROM DISK
1993097.243	Study_Phase.SEQUENCE.Study_Instruction	LOADING RESOURCE SURFACE FROM DISK
2001386.783	Study_Phase.SEQUENCE.Study_Instruction	LOADING RESOURCE SURFACE FROM DISK
2009687.274	Study_Phase.SEQUENCE.Study_Instruction	LOADING RESOURCE SURFACE FROM DISK
2016436.936	Study_Phase.SEQUENCE.DISPLAY_SCREEN	LOADING RESOURCE SURFACE FROM DISK
2017986.65	Study_Phase.SEQUENCE.Study_Instruction	LOADING RESOURCE SURFACE FROM DISK
2024736.808	Study_Phase.SEQUENCE.DISPLAY_SCREEN	LOADING RESOURCE SURFACE FROM DISK
2026298.483	Study_Phase.SEQUENCE.Study_Instruction	LOADING RESOURCE SURFACE FROM DISK
2034566.986	Study_Phase.SEQUENCE.Study_Instruction	LOADING RESOURCE SURFACE FROM DISK
2042834.231	Study_Phase.SEQUENCE.Study_Instruction	LOADING RESOURCE SURFACE FROM DISK
2051100.251	Study_Phase.SEQUENCE.Study_Instruction	LOADING RESOURCE SURFACE FROM DISK
2057853.587	Study_Phase.SEQUENCE.DISPLAY_SCREEN	LOADING RESOURCE SURFACE FROM DISK
2059408.152	Study_Phase.SEQUENCE.Study_Instruction	LOADING RESOURCE SURFACE FROM DISK
2067683.652	Study_Phase.SEQUENCE.Study_Instruction	LOADING RESOURCE SURFACE FROM DISK
2074436.883	Study_Phase.SEQUENCE.DISPLAY_SCREEN	LOADING RESOURCE SURFACE FROM DISK
2075950.84	Study_Phase.SEQUENCE.Study_Instruction	LOADING RESOURCE SURFACE FROM DISK
2084251.661	Study_Phase.SEQUENCE.Study_Instruction	LOADING RESOURCE SURFACE FROM DISK
2092517.56	Study_Phase.SEQUENCE.Study_Instruction	LOADING RESOURCE SURFACE FROM DISK
2100783.66	Study_Phase.SEQUENCE.Study_Instruction	LOADING RESOURCE SURFACE FROM DISK
2107536.973	Study_Phase.SEQUENCE.DISPLAY_SCREEN	LOADING RESOURCE SURFACE FROM DISK
2109084.491	Study_Phase.SEQUENCE.Study_Instruction	LOADING RESOURCE SURFACE FROM DISK
2117383.73	Study_Phase.SEQUENCE.Study_Instruction	LOADING RESOURCE SURFACE FROM DISK
2124136.926	Study_Phase.SEQUENCE.DISPLAY_SCREEN	LOADING RESOURCE SURFACE FROM DISK
2125692.75	Study_Phase.SEQUENCE.Study_Instruction	LOADING RESOURCE SURFACE FROM DISK
2133967.073	Study_Phase.SEQUENCE.Study_Instruction	LOADING RESOURCE SURFACE FROM DISK
2140720.228	Study_Phase.SEQUENCE.DISPLAY_SCREEN	LOADING RESOURCE SURFACE FROM DISK
2142234.227	Study_Phase.SEQUENCE.Study_Instruction	LOADING RESOURCE SURFACE FROM DISK
2148986.925	Study_Phase.SEQUENCE.DISPLAY_SCREEN	LOADING RESOURCE SURFACE FROM DISK
2150538.296	Study_Phase.SEQUENCE.Study_Instruction	LOADING RESOURCE SURFACE FROM DISK
2157303.553	Study_Phase.SEQUENCE.DISPLAY_SCREEN	LOADING RESOURCE SURFACE FROM DISK
2158854.496	Study_Phase.SEQUENCE.Study_Instruction	LOADING RESOURCE SURFACE FROM DISK
2167151.468	Study_Phase.SEQUENCE.Study_Instruction	LOADING RESOURCE SURFACE FROM DISK
2173903.609	Study_Phase.SEQUENCE.DISPLAY_SCREEN	LOADING RESOURCE SURFACE FROM DISK
2175491.133	Study_Phase.SEQUENCE.Study_Instruction	LOADING RESOURCE SURFACE FROM DISK
2183803.932	Study_Phase.SEQUENCE.Study_Instruction	LOADING RESOURCE SURFACE FROM DISK
2192067.552	Study_Phase.SEQUENCE.Study_Instruction	LOADING RESOURCE SURFACE FROM DISK
2198820.261	Study_Phase.SEQUENCE.DISPLAY_SCREEN	LOADING RESOURCE SURFACE FROM DISK
2200334.259	Study_Phase.SEQUENCE.Study_Instruction	LOADING RESOURCE SURFACE FROM DISK
2208635.013	Study_Phase.SEQUENCE.Study_Instruction	LOADING RESOURCE SURFACE FROM DISK
2216937.019	Study_Phase.SEQUENCE.Study_Instruction	LOADING RESOURCE SURFACE FROM DISK
2225241.319	Study_Phase.SEQUENCE.Study_Instruction	LOADING RESOURCE SURFACE FROM DISK
2232003.697	Study_Phase.SEQUENCE.DISPLAY_SCREEN	LOADING RESOURCE SURFACE FROM DISK
2233556.952	Study_Phase.SEQUENCE.Study_Instruction	LOADING RESOURCE SURFACE FROM DISK
2241868.273	Study_Phase.SEQUENCE.Study_Instruction	LOADING RESOURCE SURFACE FROM DISK
2248620.139	Study_Phase.SEQUENCE.DISPLAY_SCREEN	LOADING RESOURCE SURFACE FROM DISK
2250134.157	Study_Phase.SEQUENCE.Study_Instruction	LOADING RESOURCE SURFACE FROM DISK
2258400.334	Study_Phase.SEQUENCE.Study_Instruction	LOADING RESOURCE SURFACE FROM DISK
2266705.466	Study_Phase.SEQUENCE.Study_Instruction	LOADING RESOURCE SURFACE FROM DISK
2275022.942	Study_Phase.SEQUENCE.Study_Instruction	LOADING RESOURCE SURFACE FROM DISK
2281770.171	Study_Phase.SEQUENCE.DISPLAY_SCREEN	LOADING RESOURCE SURFACE FROM DISK
2283284.146	Study_Phase.SEQUENCE.Study_Instruction	LOADING RESOURCE SURFACE FROM DISK
2291586.526	Study_Phase.SEQUENCE.Study_Instruction	LOADING RESOURCE SURFACE FROM DISK
2298336.814	Study_Phase.SEQUENCE.DISPLAY_SCREEN	LOADING RESOURCE SURFACE FROM DISK
2299888.752	Study_Phase.SEQUENCE.Study_Instruction	LOADING RESOURCE SURFACE FROM DISK
2308167.403	Study_Phase.SEQUENCE.Study_Instruction	LOADING RESOURCE SURFACE FROM DISK
2314920.257	Study_Phase.SEQUENCE.DISPLAY_SCREEN	LOADING RESOURCE SURFACE FROM DISK
2316434.142	Study_Phase.SEQUENCE.Study_Instruction	LOADING RESOURCE SURFACE FROM DISK
2324720.552	Study_Phase.SEQUENCE.Study_Instruction	LOADING RESOURCE SURFACE FROM DISK
2333021.375	Study_Phase.SEQUENCE.Study_Instruction	LOADING RESOURCE SURFACE FROM DISK
2341332.951	Study_Phase.SEQUENCE.Study_Instruction	LOADING RESOURCE SURFACE FROM DISK
2349600.296	Study_Phase.SEQUENCE.Study_Instruction	LOADING RESOURCE SURFACE FROM DISK
2357899.522	Study_Phase.SEQUENCE.Study_Instruction	LOADING RESOURCE SURFACE FROM DISK
2366166.884	Study_Phase.SEQUENCE.Study_Instruction	LOADING RESOURCE SURFACE FROM DISK
2372920.242	Study_Phase.SEQUENCE.DISPLAY_SCREEN	LOADING RESOURCE SURFACE FROM DISK
2374475.026	Study_Phase.SEQUENCE.Study_Instruction	LOADING RESOURCE SURFACE FROM DISK
2381236.739	Study_Phase.SEQUENCE.DISPLAY_SCREEN	LOADING RESOURCE SURFACE FROM DISK
2382786.187	Study_Phase.SEQUENCE.Study_Instruction	LOADING RESOURCE SURFACE FROM DISK
2391069.29	Study_Phase.SEQUENCE.Study_Instruction	LOADING RESOURCE SURFACE FROM DISK
2397820.123	Study_Phase.SEQUENCE.DISPLAY_SCREEN	LOADING RESOURCE SURFACE FROM DISK
2399372.087	Study_Phase.SEQUENCE.Study_Instruction	LOADING RESOURCE SURFACE FROM DISK
2406137.019	Study_Phase.SEQUENCE.DISPLAY_SCREEN	LOADING RESOURCE SURFACE FROM DISK
2407689.745	Study_Phase.SEQUENCE.Study_Instruction	LOADING RESOURCE SURFACE FROM DISK
2416007.667	Study_Phase.SEQUENCE.Study_Instruction	LOADING RESOURCE SURFACE FROM DISK
2422770.19	Study_Phase.SEQUENCE.DISPLAY_SCREEN	LOADING RESOURCE SURFACE FROM DISK
2424318.761	Study_Phase.SEQUENCE.Study_Instruction	LOADING RESOURCE SURFACE FROM DISK
2432584.242	Study_Phase.SEQUENCE.Study_Instruction	LOADING RESOURCE SURFACE FROM DISK
2440850.258	Study_Phase.SEQUENCE.Study_Instruction	LOADING RESOURCE SURFACE FROM DISK
2447603.432	Study_Phase.SEQUENCE.DISPLAY_SCREEN	LOADING RESOURCE SURFACE FROM DISK
2449160.444	Study_Phase.SEQUENCE.Study_Instruction	LOADING RESOURCE SURFACE FROM DISK
2455920.298	Study_Phase.SEQUENCE.DISPLAY_SCREEN	LOADING RESOURCE SURFACE FROM DISK
2457434.241	Study_Phase.SEQUENCE.Study_Instruction	LOADING RESOURCE SURFACE FROM DISK
2464153.462	Study_Phase.SEQUENCE.DISPLAY_SCREEN	LOADING RESOURCE SURFACE FROM DISK
2465705.595	Study_Phase.SEQUENCE.Study_Instruction	LOADING RESOURCE SURFACE FROM DISK
2474016.903	Study_Phase.SEQUENCE.Study_Instruction	LOADING RESOURCE SURFACE FROM DISK
2482302.822	Study_Phase.SEQUENCE.Study_Instruction	LOADING RESOURCE SURFACE FROM DISK
2490567.164	Study_Phase.SEQUENCE.Study_Instruction	LOADING RESOURCE SURFACE FROM DISK
2497320.335	Study_Phase.SEQUENCE.DISPLAY_SCREEN	LOADING RESOURCE SURFACE FROM DISK
2498868.433	Study_Phase.SEQUENCE.Study_Instruction	LOADING RESOURCE SURFACE FROM DISK
2507170.838	Study_Phase.SEQUENCE.Study_Instruction	LOADING RESOURCE SURFACE FROM DISK
2513920.249	Study_Phase.SEQUENCE.DISPLAY_SCREEN	LOADING RESOURCE SURFACE FROM DISK
2515471.383	Study_Phase.SEQUENCE.Study_Instruction	LOADING RESOURCE SURFACE FROM DISK
2523784.42	Study_Phase.SEQUENCE.Study_Instruction	LOADING RESOURCE SURFACE FROM DISK
2532050.294	Study_Phase.SEQUENCE.Study_Instruction	LOADING RESOURCE SURFACE FROM DISK
2538803.588	Study_Phase.SEQUENCE.DISPLAY_SCREEN	LOADING RESOURCE SURFACE FROM DISK
2540357.109	Study_Phase.SEQUENCE.Study_Instruction	LOADING RESOURCE SURFACE FROM DISK
2548669.06	Study_Phase.SEQUENCE.Study_Instruction	LOADING RESOURCE SURFACE FROM DISK
2556969.344	Study_Phase.SEQUENCE.Study_Instruction	LOADING RESOURCE SURFACE FROM DISK
2565266.575	Study_Phase.SEQUENCE.Study_Instruction	LOADING RESOURCE SURFACE FROM DISK
2572020.09	Study_Phase.SEQUENCE.DISPLAY_SCREEN	LOADING RESOURCE SURFACE FROM DISK
2573576.764	Study_Phase.SEQUENCE.Study_Instruction	LOADING RESOURCE SURFACE FROM DISK
2581891.339	Study_Phase.SEQUENCE.Study_Instruction	LOADING RESOURCE SURFACE FROM DISK
2588653.57	Study_Phase.SEQUENCE.DISPLAY_SCREEN	LOADING RESOURCE SURFACE FROM DISK
2590167.396	Study_Phase.SEQUENCE.Study_Instruction	LOADING RESOURCE SURFACE FROM DISK
2596920.323	Study_Phase.SEQUENCE.DISPLAY_SCREEN	LOADING RESOURCE SURFACE FROM DISK
2598468.078	Study_Phase.SEQUENCE.Study_Instruction	LOADING RESOURCE SURFACE FROM DISK
2606769.572	Study_Phase.SEQUENCE.Study_Instruction	LOADING RESOURCE SURFACE FROM DISK
2615033.625	Study_Phase.SEQUENCE.Study_Instruction	LOADING RESOURCE SURFACE FROM DISK
2623354.975	Study_Phase.SEQUENCE.Study_Instruction	LOADING RESOURCE SURFACE FROM DISK
2630103.361	Study_Phase.SEQUENCE.DISPLAY_SCREEN	LOADING RESOURCE SURFACE FROM DISK
2631655.836	Study_Phase.SEQUENCE.Study_Instruction	LOADING RESOURCE SURFACE FROM DISK
2639965.678	Study_Phase.SEQUENCE.Study_Instruction	LOADING RESOURCE SURFACE FROM DISK
2648275.206	Study_Phase.SEQUENCE.Study_Instruction	LOADING RESOURCE SURFACE FROM DISK
2655020.208	Study_Phase.SEQUENCE.DISPLAY_SCREEN	LOADING RESOURCE SURFACE FROM DISK
2656566.891	Study_Phase.SEQUENCE.Study_Instruction	LOADING RESOURCE SURFACE FROM DISK
2663320.212	Study_Phase.SEQUENCE.DISPLAY_SCREEN	LOADING RESOURCE SURFACE FROM DISK
2664876.065	Study_Phase.SEQUENCE.Study_Instruction	LOADING RESOURCE SURFACE FROM DISK
2673152.312	Study_Phase.SEQUENCE.Study_Instruction	LOADING RESOURCE SURFACE FROM DISK
2679903.494	Study_Phase.SEQUENCE.DISPLAY_SCREEN	LOADING RESOURCE SURFACE FROM DISK
2681417.515	Study_Phase.SEQUENCE.Study_Instruction	LOADING RESOURCE SURFACE FROM DISK
2688170.088	Study_Phase.SEQUENCE.DISPLAY_SCREEN	LOADING RESOURCE SURFACE FROM DISK
2689720.923	Study_Phase.SEQUENCE.Study_Instruction	LOADING RESOURCE SURFACE FROM DISK
2698042.034	Study_Phase.SEQUENCE.Study_Instruction	LOADING RESOURCE SURFACE FROM DISK
2704803.654	Study_Phase.SEQUENCE.DISPLAY_SCREEN	LOADING RESOURCE SURFACE FROM DISK
2706353.13	Study_Phase.SEQUENCE.Study_Instruction	LOADING RESOURCE SURFACE FROM DISK
2714654.4	Study_Phase.SEQUENCE.Study_Instruction	LOADING RESOURCE SURFACE FROM DISK
2722916.914	Study_Phase.SEQUENCE.Study_Instruction	LOADING RESOURCE SURFACE FROM DISK
2729670.397	Study_Phase.SEQUENCE.DISPLAY_SCREEN	LOADING RESOURCE SURFACE FROM DISK
2731216.993	Study_Phase.SEQUENCE.Study_Instruction	LOADING RESOURCE SURFACE FROM DISK
2739504.19	Study_Phase.SEQUENCE.Study_Instruction	LOADING RESOURCE SURFACE FROM DISK
2746253.563	Study_Phase.SEQUENCE.DISPLAY_SCREEN	LOADING RESOURCE SURFACE FROM DISK
2747807.011	Study_Phase.SEQUENCE.Study_Instruction	LOADING RESOURCE SURFACE FROM DISK
2754569.999	Study_Phase.SEQUENCE.DISPLAY_SCREEN	LOADING RESOURCE SURFACE FROM DISK
2756140.188	Study_Phase.SEQUENCE.Study_Instruction	LOADING RESOURCE SURFACE FROM DISK
2762903.571	Study_Phase.SEQUENCE.DISPLAY_SCREEN	LOADING RESOURCE SURFACE FROM DISK
2764451.908	Study_Phase.SEQUENCE.Study_Instruction	LOADING RESOURCE SURFACE FROM DISK
2772728.22	Study_Phase.SEQUENCE.Study_Instruction	LOADING RESOURCE SURFACE FROM DISK
2781039.456	Study_Phase.SEQUENCE.Study_Instruction	LOADING RESOURCE SURFACE FROM DISK
2787803.603	Study_Phase.SEQUENCE.DISPLAY_SCREEN	LOADING RESOURCE SURFACE FROM DISK
2789351.519	Study_Phase.SEQUENCE.Study_Instruction	LOADING RESOURCE SURFACE FROM DISK
2796086.926	Study_Phase.SEQUENCE.DISPLAY_SCREEN	LOADING RESOURCE SURFACE FROM DISK
2797639.807	Study_Phase.SEQUENCE.Study_Instruction	LOADING RESOURCE SURFACE FROM DISK
2805953.241	Study_Phase.SEQUENCE.Study_Instruction	LOADING RESOURCE SURFACE FROM DISK
2814249.57	Study_Phase.SEQUENCE.Study_Instruction	LOADING RESOURCE SURFACE FROM DISK
2822550.816	Study_Phase.SEQUENCE.Study_Instruction	LOADING RESOURCE SURFACE FROM DISK
2830849.563	Study_Phase.SEQUENCE.Study_Instruction	LOADING RESOURCE SURFACE FROM DISK
2837603.683	Study_Phase.SEQUENCE.DISPLAY_SCREEN	LOADING RESOURCE SURFACE FROM DISK
2839160.991	Study_Phase.SEQUENCE.Study_Instruction	LOADING RESOURCE SURFACE FROM DISK
2843886.702	DISPLAY_SCREEN[7]	LOADING RESOURCE SURFACE FROM DISK
2986401.318	Test_Phase.SEQUENCE.Target_Cue	LOADING RESOURCE SURFACE FROM DISK
2986403.406	Test_Phase.SEQUENCE.Target_Cue	LOADING RESOURCE SURFACE FROM DISK
2988450.956	Test_Phase.SEQUENCE.Word	LOADING RESOURCE SURFACE FROM DISK
2991503.682	Test_Phase.SEQUENCE.Test_Question	LOADING RESOURCE SURFACE FROM DISK
2991519.712	Test_Phase.SEQUENCE.Test_Question	LOADING RESOURCE SURFACE FROM DISK
2991537.413	Test_Phase.SEQUENCE.Test_Question	LOADING RESOURCE SURFACE FROM DISK
2991552.14	Test_Phase.SEQUENCE.Test_Question	LOADING RESOURCE SURFACE FROM DISK
2991553.878	Test_Phase.SEQUENCE.Test_Question	LOADING RESOURCE SURFACE FROM DISK
2991555.74	Test_Phase.SEQUENCE.Test_Question	LOADING RESOURCE SURFACE FROM DISK
2991557.502	Test_Phase.SEQUENCE.Test_Question	LOADING RESOURCE SURFACE FROM DISK
2991565.667	Test_Phase.SEQUENCE.Test_Question	LOADING RESOURCE SURFACE FROM DISK
2991575.349	Test_Phase.SEQUENCE.Test_Question	LOADING RESOURCE SURFACE FROM DISK
2991587.307	Test_Phase.SEQUENCE.Test_Question	LOADING RESOURCE SURFACE FROM DISK
2991598.823	Test_Phase.SEQUENCE.Test_Question	LOADING RESOURCE SURFACE FROM DISK
2991600.501	Test_Phase.SEQUENCE.Test_Question	LOADING RESOURCE SURFACE FROM DISK
3028950.416	Test_Phase.SEQUENCE.Word	LOADING RESOURCE SURFACE FROM DISK
3038785.857	Test_Phase.SEQUENCE.Word	LOADING RESOURCE SURFACE FROM DISK
3049583.61	Test_Phase.SEQUENCE.Word	LOADING RESOURCE SURFACE FROM DISK
3060983.48	Test_Phase.SEQUENCE.Word	LOADING RESOURCE SURFACE FROM DISK
3071366.867	Test_Phase.SEQUENCE.Word	LOADING RESOURCE SURFACE FROM DISK
3084274.062	Test_Phase.SEQUENCE.Word	LOADING RESOURCE SURFACE FROM DISK
3092473.998	Test_Phase.SEQUENCE.Word	LOADING RESOURCE SURFACE FROM DISK
3102617.271	Test_Phase.SEQUENCE.Word	LOADING RESOURCE SURFACE FROM DISK
3111773.876	Test_Phase.SEQUENCE.Word	LOADING RESOURCE SURFACE FROM DISK
3122050.11	Test_Phase.SEQUENCE.Word	LOADING RESOURCE SURFACE FROM DISK
3131650.306	Test_Phase.SEQUENCE.Word	LOADING RESOURCE SURFACE FROM DISK
3139816.788	Test_Phase.SEQUENCE.Word	LOADING RESOURCE SURFACE FROM DISK
3148116.976	Test_Phase.SEQUENCE.Word	LOADING RESOURCE SURFACE FROM DISK
3165217.196	Test_Phase.SEQUENCE.Word	LOADING RESOURCE SURFACE FROM DISK
3173633.778	Test_Phase.SEQUENCE.Word	LOADING RESOURCE SURFACE FROM DISK
3182583.592	Test_Phase.SEQUENCE.Word	LOADING RESOURCE SURFACE FROM DISK
3193300.301	Test_Phase.SEQUENCE.Word	LOADING RESOURCE SURFACE FROM DISK
3206433.428	Test_Phase.SEQUENCE.Word	LOADING RESOURCE SURFACE FROM DISK
3214716.955	Test_Phase.SEQUENCE.Word	LOADING RESOURCE SURFACE FROM DISK
3222866.946	Test_Phase.SEQUENCE.Word	LOADING RESOURCE SURFACE FROM DISK
3230833.643	Test_Phase.SEQUENCE.Word	LOADING RESOURCE SURFACE FROM DISK
3243400.425	Test_Phase.SEQUENCE.Word	LOADING RESOURCE SURFACE FROM DISK
3251567.032	Test_Phase.SEQUENCE.Word	LOADING RESOURCE SURFACE FROM DISK
3276371.718	Test_Phase.SEQUENCE.Word	LOADING RESOURCE SURFACE FROM DISK
3284350.256	Test_Phase.SEQUENCE.Word	LOADING RESOURCE SURFACE FROM DISK
3292216.974	Test_Phase.SEQUENCE.Word	LOADING RESOURCE SURFACE FROM DISK
3299833.746	Test_Phase.SEQUENCE.Word	LOADING RESOURCE SURFACE FROM DISK
3311850.281	Test_Phase.SEQUENCE.Word	LOADING RESOURCE SURFACE FROM DISK
3322767.853	Test_Phase.SEQUENCE.Word	LOADING RESOURCE SURFACE FROM DISK
3333267.248	Test_Phase.SEQUENCE.Word	LOADING RESOURCE SURFACE FROM DISK
3342450.239	Test_Phase.SEQUENCE.Word	LOADING RESOURCE SURFACE FROM DISK
3351250.148	Test_Phase.SEQUENCE.Word	LOADING RESOURCE SURFACE FROM DISK
3359954.132	Test_Phase.SEQUENCE.Word	LOADING RESOURCE SURFACE FROM DISK
3368133.587	Test_Phase.SEQUENCE.Word	LOADING RESOURCE SURFACE FROM DISK
3377400.313	Test_Phase.SEQUENCE.Word	LOADING RESOURCE SURFACE FROM DISK
3385753.709	Test_Phase.SEQUENCE.Word	LOADING RESOURCE SURFACE FROM DISK
3393033.534	Test_Phase.SEQUENCE.Word	LOADING RESOURCE SURFACE FROM DISK
3403533.628	Test_Phase.SEQUENCE.Word	LOADING RESOURCE SURFACE FROM DISK
3420000.328	Test_Phase.SEQUENCE.Word	LOADING RESOURCE SURFACE FROM DISK
3428566.975	Test_Phase.SEQUENCE.Word	LOADING RESOURCE SURFACE FROM DISK
3437351.728	Test_Phase.SEQUENCE.Word	LOADING RESOURCE SURFACE FROM DISK
3445300.162	Test_Phase.SEQUENCE.Word	LOADING RESOURCE SURFACE FROM DISK
3462917.055	Test_Phase.SEQUENCE.Word	LOADING RESOURCE SURFACE FROM DISK
3470503.096	Test_Phase.SEQUENCE.Word	LOADING RESOURCE SURFACE FROM DISK
3477900.238	Test_Phase.SEQUENCE.Word	LOADING RESOURCE SURFACE FROM DISK
3485805.168	Test_Phase.SEQUENCE.Word	LOADING RESOURCE SURFACE FROM DISK
3493949.916	Test_Phase.SEQUENCE.Word	LOADING RESOURCE SURFACE FROM DISK
3502438.107	Test_Phase.SEQUENCE.Word	LOADING RESOURCE SURFACE FROM DISK
3513169.636	Test_Phase.SEQUENCE.Word	LOADING RESOURCE SURFACE FROM DISK
3524038.267	Test_Phase.SEQUENCE.Word	LOADING RESOURCE SURFACE FROM DISK
3531933.592	Test_Phase.SEQUENCE.Word	LOADING RESOURCE SURFACE FROM DISK
3540116.856	Test_Phase.SEQUENCE.Word	LOADING RESOURCE SURFACE FROM DISK
3548550.297	Test_Phase.SEQUENCE.Word	LOADING RESOURCE SURFACE FROM DISK
3555916.885	Test_Phase.SEQUENCE.Word	LOADING RESOURCE SURFACE FROM DISK
3565900.221	Test_Phase.SEQUENCE.Word	LOADING RESOURCE SURFACE FROM DISK
3574150.257	Test_Phase.SEQUENCE.Word	LOADING RESOURCE SURFACE FROM DISK
3583783.63	Test_Phase.SEQUENCE.Word	LOADING RESOURCE SURFACE FROM DISK
3592316.883	Test_Phase.SEQUENCE.Word	LOADING RESOURCE SURFACE FROM DISK
3600316.017	Test_Phase.SEQUENCE.Word	LOADING RESOURCE SURFACE FROM DISK
3608816.779	Test_Phase.SEQUENCE.Word	LOADING RESOURCE SURFACE FROM DISK
3618150.1	Test_Phase.SEQUENCE.Word	LOADING RESOURCE SURFACE FROM DISK
3627473.441	Test_Phase.SEQUENCE.Word	LOADING RESOURCE SURFACE FROM DISK
3636117.696	Test_Phase.SEQUENCE.Word	LOADING RESOURCE SURFACE FROM DISK
3645200.282	Test_Phase.SEQUENCE.Word	LOADING RESOURCE SURFACE FROM DISK
3654966.932	Test_Phase.SEQUENCE.Word	LOADING RESOURCE SURFACE FROM DISK
3663356.258	Test_Phase.SEQUENCE.Word	LOADING RESOURCE SURFACE FROM DISK
3671900.315	Test_Phase.SEQUENCE.Word	LOADING RESOURCE SURFACE FROM DISK
3680500.13	Test_Phase.SEQUENCE.Word	LOADING RESOURCE SURFACE FROM DISK
3689023.092	Test_Phase.SEQUENCE.Word	LOADING RESOURCE SURFACE FROM DISK
3698783.84	Test_Phase.SEQUENCE.Word	LOADING RESOURCE SURFACE FROM DISK
3706550.352	Test_Phase.SEQUENCE.Word	LOADING RESOURCE SURFACE FROM DISK
3715966.852	Test_Phase.SEQUENCE.Word	LOADING RESOURCE SURFACE FROM DISK
3724583.539	Test_Phase.SEQUENCE.Word	LOADING RESOURCE SURFACE FROM DISK
3732833.629	Test_Phase.SEQUENCE.Word	LOADING RESOURCE SURFACE FROM DISK
3740652.376	Test_Phase.SEQUENCE.Word	LOADING RESOURCE SURFACE FROM DISK
3749750.556	Test_Phase.SEQUENCE.Word	LOADING RESOURCE SURFACE FROM DISK
3757974.852	Test_Phase.SEQUENCE.Word	LOADING RESOURCE SURFACE FROM DISK
3767016.914	Test_Phase.SEQUENCE.Word	LOADING RESOURCE SURFACE FROM DISK
3775016.824	Test_Phase.SEQUENCE.Word	LOADING RESOURCE SURFACE FROM DISK
3782850.303	Test_Phase.SEQUENCE.Word	LOADING RESOURCE SURFACE FROM DISK
3793066.933	Test_Phase.SEQUENCE.Word	LOADING RESOURCE SURFACE FROM DISK
3802166.831	Test_Phase.SEQUENCE.Word	LOADING RESOURCE SURFACE FROM DISK
3810433.544	Test_Phase.SEQUENCE.Word	LOADING RESOURCE SURFACE FROM DISK
3818974.492	Test_Phase.SEQUENCE.Word	LOADING RESOURCE SURFACE FROM DISK
3827504.959	Test_Phase.SEQUENCE.Word	LOADING RESOURCE SURFACE FROM DISK
3836101.238	Test_Phase.SEQUENCE.Word	LOADING RESOURCE SURFACE FROM DISK
3848567.051	Test_Phase.SEQUENCE.Word	LOADING RESOURCE SURFACE FROM DISK
3857583.81	Test_Phase.SEQUENCE.Word	LOADING RESOURCE SURFACE FROM DISK
3868650.421	Test_Phase.SEQUENCE.Word	LOADING RESOURCE SURFACE FROM DISK
3876758.723	Test_Phase.SEQUENCE.Word	LOADING RESOURCE SURFACE FROM DISK
3885500.176	Test_Phase.SEQUENCE.Word	LOADING RESOURCE SURFACE FROM DISK
3893916.87	Test_Phase.SEQUENCE.Word	LOADING RESOURCE SURFACE FROM DISK
3901833.521	Test_Phase.SEQUENCE.Word	LOADING RESOURCE SURFACE FROM DISK
3915550.239	Test_Phase.SEQUENCE.Word	LOADING RESOURCE SURFACE FROM DISK
3923666.807	Test_Phase.SEQUENCE.Word	LOADING RESOURCE SURFACE FROM DISK
3933235.132	Test_Phase.SEQUENCE.Word	LOADING RESOURCE SURFACE FROM DISK
3941502.072	Test_Phase.SEQUENCE.Word	LOADING RESOURCE SURFACE FROM DISK
3951124.406	Test_Phase.SEQUENCE.Word	LOADING RESOURCE SURFACE FROM DISK
3959550.166	Test_Phase.SEQUENCE.Word	LOADING RESOURCE SURFACE FROM DISK
3974366.553	Test_Phase.SEQUENCE.Word	LOADING RESOURCE SURFACE FROM DISK
3982466.918	Test_Phase.SEQUENCE.Word	LOADING RESOURCE SURFACE FROM DISK
3990767.055	Test_Phase.SEQUENCE.Word	LOADING RESOURCE SURFACE FROM DISK
3998867.598	Test_Phase.SEQUENCE.Word	LOADING RESOURCE SURFACE FROM DISK
4007883.588	Test_Phase.SEQUENCE.Word	LOADING RESOURCE SURFACE FROM DISK
4015883.376	Test_Phase.SEQUENCE.Word	LOADING RESOURCE SURFACE FROM DISK
4023866.592	Test_Phase.SEQUENCE.Word	LOADING RESOURCE SURFACE FROM DISK
4031996.935	Test_Phase.SEQUENCE.Word	LOADING RESOURCE SURFACE FROM DISK
4041233.43	Test_Phase.SEQUENCE.Word	LOADING RESOURCE SURFACE FROM DISK
4049416.879	Test_Phase.SEQUENCE.Word	LOADING RESOURCE SURFACE FROM DISK
4057833.271	Test_Phase.SEQUENCE.Word	LOADING RESOURCE SURFACE FROM DISK
4066516.84	Test_Phase.SEQUENCE.Word	LOADING RESOURCE SURFACE FROM DISK
4076300.214	Test_Phase.SEQUENCE.Word	LOADING RESOURCE SURFACE FROM DISK
4085083.632	Test_Phase.SEQUENCE.Word	LOADING RESOURCE SURFACE FROM DISK
4093450.281	Test_Phase.SEQUENCE.Word	LOADING RESOURCE SURFACE FROM DISK
4103018.228	Test_Phase.SEQUENCE.Word	LOADING RESOURCE SURFACE FROM DISK
4114233.689	Test_Phase.SEQUENCE.Word	LOADING RESOURCE SURFACE FROM DISK
4126522.032	Test_Phase.SEQUENCE.Word	LOADING RESOURCE SURFACE FROM DISK
4135727.023	Test_Phase.SEQUENCE.Word	LOADING RESOURCE SURFACE FROM DISK
4144583.447	Test_Phase.SEQUENCE.Word	LOADING RESOURCE SURFACE FROM DISK
4153466.957	Test_Phase.SEQUENCE.Word	LOADING RESOURCE SURFACE FROM DISK
4161270.426	Test_Phase.SEQUENCE.Word	LOADING RESOURCE SURFACE FROM DISK
4169916.984	Test_Phase.SEQUENCE.Word	LOADING RESOURCE SURFACE FROM DISK
4178366.974	Test_Phase.SEQUENCE.Word	LOADING RESOURCE SURFACE FROM DISK
4191638.685	Test_Phase.SEQUENCE.Word	LOADING RESOURCE SURFACE FROM DISK
4199850.25	Test_Phase.SEQUENCE.Word	LOADING RESOURCE SURFACE FROM DISK
4206967.043	Test_Phase.SEQUENCE.Word	LOADING RESOURCE SURFACE FROM DISK
4214849.623	Test_Phase.SEQUENCE.Word	LOADING RESOURCE SURFACE FROM DISK
4223249.706	Test_Phase.SEQUENCE.Word	LOADING RESOURCE SURFACE FROM DISK
4231266.891	Test_Phase.SEQUENCE.Word	LOADING RESOURCE SURFACE FROM DISK
4240150.21	Test_Phase.SEQUENCE.Word	LOADING RESOURCE SURFACE FROM DISK
4248033.598	Test_Phase.SEQUENCE.Word	LOADING RESOURCE SURFACE FROM DISK
4261833.51	Test_Phase.SEQUENCE.Word	LOADING RESOURCE SURFACE FROM DISK
4274700.239	Test_Phase.SEQUENCE.Word	LOADING RESOURCE SURFACE FROM DISK
4285433.885	Test_Phase.SEQUENCE.Word	LOADING RESOURCE SURFACE FROM DISK
4295450.469	Test_Phase.SEQUENCE.Word	LOADING RESOURCE SURFACE FROM DISK
4303866.777	Test_Phase.SEQUENCE.Word	LOADING RESOURCE SURFACE FROM DISK
4312552.409	Test_Phase.SEQUENCE.Word	LOADING RESOURCE SURFACE FROM DISK
4320633.635	Test_Phase.SEQUENCE.Word	LOADING RESOURCE SURFACE FROM DISK
4328383.397	Test_Phase.SEQUENCE.Word	LOADING RESOURCE SURFACE FROM DISK
4338183.59	Test_Phase.SEQUENCE.Word	LOADING RESOURCE SURFACE FROM DISK
4346555.583	Test_Phase.SEQUENCE.Word	LOADING RESOURCE SURFACE FROM DISK
4354583.492	Test_Phase.SEQUENCE.Word	LOADING RESOURCE SURFACE FROM DISK
4362350.311	Test_Phase.SEQUENCE.Word	LOADING RESOURCE SURFACE FROM DISK
4372266.976	Test_Phase.SEQUENCE.Word	LOADING RESOURCE SURFACE FROM DISK
4384233.563	Test_Phase.SEQUENCE.Word	LOADING RESOURCE SURFACE FROM DISK
4393151.994	Test_Phase.SEQUENCE.Word	LOADING RESOURCE SURFACE FROM DISK
4401552.36	Test_Phase.SEQUENCE.Word	LOADING RESOURCE SURFACE FROM DISK
4410183.502	Test_Phase.SEQUENCE.Word	LOADING RESOURCE SURFACE FROM DISK
4418270.372	Test_Phase.SEQUENCE.Word	LOADING RESOURCE SURFACE FROM DISK
4426251.772	Test_Phase.SEQUENCE.Word	LOADING RESOURCE SURFACE FROM DISK
4436500.33	Test_Phase.SEQUENCE.Word	LOADING RESOURCE SURFACE FROM DISK
4445883.569	Test_Phase.SEQUENCE.Word	LOADING RESOURCE SURFACE FROM DISK
4453650.144	Test_Phase.SEQUENCE.Word	LOADING RESOURCE SURFACE FROM DISK
4461750.289	Test_Phase.SEQUENCE.Word	LOADING RESOURCE SURFACE FROM DISK
4469653.12	Test_Phase.SEQUENCE.Word	LOADING RESOURCE SURFACE FROM DISK
4480840.329	Test_Phase.SEQUENCE.Word	LOADING RESOURCE SURFACE FROM DISK
4490633.537	Test_Phase.SEQUENCE.Word	LOADING RESOURCE SURFACE FROM DISK
4498617.275	Test_Phase.SEQUENCE.Word	LOADING RESOURCE SURFACE FROM DISK
4510833.432	Test_Phase.SEQUENCE.Word	LOADING RESOURCE SURFACE FROM DISK
4520217.108	Test_Phase.SEQUENCE.Word	LOADING RESOURCE SURFACE FROM DISK
4528433.398	Test_Phase.SEQUENCE.Word	LOADING RESOURCE SURFACE FROM DISK
4536200.259	Test_Phase.SEQUENCE.Word	LOADING RESOURCE SURFACE FROM DISK
4545383.49	Test_Phase.SEQUENCE.Word	LOADING RESOURCE SURFACE FROM DISK
4557729.751	Test_Phase.SEQUENCE.Word	LOADING RESOURCE SURFACE FROM DISK
4565383.504	Test_Phase.SEQUENCE.Word	LOADING RESOURCE SURFACE FROM DISK
4573272.122	Test_Phase.SEQUENCE.Word	LOADING RESOURCE SURFACE FROM DISK
4583517.195	Test_Phase.SEQUENCE.Word	LOADING RESOURCE SURFACE FROM DISK
4591383.604	Test_Phase.SEQUENCE.Word	LOADING RESOURCE SURFACE FROM DISK
4599050.331	Test_Phase.SEQUENCE.Word	LOADING RESOURCE SURFACE FROM DISK
4609803.706	Test_Phase.SEQUENCE.Word	LOADING RESOURCE SURFACE FROM DISK
4618433.968	Test_Phase.SEQUENCE.Word	LOADING RESOURCE SURFACE FROM DISK
4628166.469	Test_Phase.SEQUENCE.Word	LOADING RESOURCE SURFACE FROM DISK
4636050.233	Test_Phase.SEQUENCE.Word	LOADING RESOURCE SURFACE FROM DISK
4644750.398	Test_Phase.SEQUENCE.Word	LOADING RESOURCE SURFACE FROM DISK
4653240.607	Test_Phase.SEQUENCE.Word	LOADING RESOURCE SURFACE FROM DISK
4664416.996	Test_Phase.SEQUENCE.Word	LOADING RESOURCE SURFACE FROM DISK
4673222.765	Test_Phase.SEQUENCE.Word	LOADING RESOURCE SURFACE FROM DISK
4680588.412	Test_Phase.SEQUENCE.Word	LOADING RESOURCE SURFACE FROM DISK
4690233.684	Test_Phase.SEQUENCE.Word	LOADING RESOURCE SURFACE FROM DISK
4698466.72	Test_Phase.SEQUENCE.Word	LOADING RESOURCE SURFACE FROM DISK
4707008.773	Test_Phase.SEQUENCE.Word	LOADING RESOURCE SURFACE FROM DISK
4719600.444	Test_Phase.SEQUENCE.Word	LOADING RESOURCE SURFACE FROM DISK
4731067.003	Test_Phase.SEQUENCE.Word	LOADING RESOURCE SURFACE FROM DISK
4739488.879	Test_Phase.SEQUENCE.Word	LOADING RESOURCE SURFACE FROM DISK
4747359.779	Test_Phase.SEQUENCE.Word	LOADING RESOURCE SURFACE FROM DISK
4755809.456	Test_Phase.SEQUENCE.Word	LOADING RESOURCE SURFACE FROM DISK
4764382.261	Test_Phase.SEQUENCE.Word	LOADING RESOURCE SURFACE FROM DISK
4772700.19	Test_Phase.SEQUENCE.Word	LOADING RESOURCE SURFACE FROM DISK
4780800.291	Test_Phase.SEQUENCE.Word	LOADING RESOURCE SURFACE FROM DISK
4790783.509	Test_Phase.SEQUENCE.Word	LOADING RESOURCE SURFACE FROM DISK
4798533.711	Test_Phase.SEQUENCE.Word	LOADING RESOURCE SURFACE FROM DISK
4805800.134	Test_Phase.SEQUENCE.Word	LOADING RESOURCE SURFACE FROM DISK
4813930.598	Test_Phase.SEQUENCE.Word	LOADING RESOURCE SURFACE FROM DISK
4823318.341	Test_Phase.SEQUENCE.Word	LOADING RESOURCE SURFACE FROM DISK
4831320.851	Test_Phase.SEQUENCE.Word	LOADING RESOURCE SURFACE FROM DISK
4839883.581	Test_Phase.SEQUENCE.Word	LOADING RESOURCE SURFACE FROM DISK
4847783.495	Test_Phase.SEQUENCE.Word	LOADING RESOURCE SURFACE FROM DISK
4854859.492	Test_Phase.SEQUENCE.Word	LOADING RESOURCE SURFACE FROM DISK
4858453.227	DISPLAY_SCREEN	LOADING RESOURCE SURFACE FROM DISK
