5324.661	DISPLAY_SCREEN[1]	LOADING RESOURCE SURFACE FROM DISK
154334.293	Familiarization_Phase.SEQUENCE.Cue_and_Instruction	LOADING RESOURCE SURFACE FROM DISK
154338.449	Familiarization_Phase.SEQUENCE.Cue_and_Instruction	LOADING RESOURCE SURFACE FROM DISK
160381.831	Familiarization_Phase.SEQUENCE.Cue_and_Instruction	LOADING RESOURCE SURFACE FROM DISK
160386.144	Familiarization_Phase.SEQUENCE.Cue_and_Instruction	LOADING RESOURCE SURFACE FROM DISK
166432.021	Familiarization_Phase.SEQUENCE.Cue_and_Instruction	LOADING RESOURCE SURFACE FROM DISK
166436.465	Familiarization_Phase.SEQUENCE.Cue_and_Instruction	LOADING RESOURCE SURFACE FROM DISK
208607.232	DISPLAY_SCREEN[3]	LOADING RESOURCE SURFACE FROM DISK
308782.673	DISPLAY_SCREEN[5]	LOADING RESOURCE SURFACE FROM DISK
374891.87	Practice_Phase.SEQUENCE.Blink_Screen	LOADING RESOURCE SURFACE FROM DISK
374892.947	Practice_Phase.SEQUENCE.Blink_Screen	flip time is later than desired time. Desired Time=374628 Flip Time=374911 Retrace Rate=16.641, prepareTime=288 flip request time 374892
376136.056	Practice_Phase.SEQUENCE.Luminance_Cue[1]	LOADING RESOURCE SURFACE FROM DISK
376149.876	Practice_Phase.SEQUENCE.Luminance_Cue[1]	LOADING RESOURCE SURFACE FROM DISK
376151.478	Practice_Phase.SEQUENCE.Luminance_Cue[1]	flip time is later than desired time. Desired Time=376111 Flip Time=376161 Retrace Rate=16.641, prepareTime=64 flip request time 376151
376649.364	Practice_Phase.SEQUENCE.Practice_Instruction	LOADING RESOURCE SURFACE FROM DISK
376658.278	Practice_Phase.SEQUENCE.Practice_Instruction	LOADING RESOURCE SURFACE FROM DISK
376659.835	Practice_Phase.SEQUENCE.Practice_Instruction	flip time is later than desired time. Desired Time=376661 Flip Time=376678 Retrace Rate=16.641, prepareTime=22 flip request time 376659
380201.909	Practice_Phase.SEQUENCE.Action_cue[1]	LOADING RESOURCE SURFACE FROM DISK
380204.171	Practice_Phase.SEQUENCE.Action_cue[1]	flip time is later than desired time. Desired Time=380178 Flip Time=380228 Retrace Rate=16.641, prepareTime=49 flip request time 380203
384776.478	Practice_Phase.SEQUENCE.Practice_Instruction	LOADING RESOURCE SURFACE FROM DISK
384779.069	Practice_Phase.SEQUENCE.Practice_Instruction	LOADING RESOURCE SURFACE FROM DISK
392885.108	Practice_Phase.SEQUENCE.Practice_Instruction	LOADING RESOURCE SURFACE FROM DISK
392887.729	Practice_Phase.SEQUENCE.Practice_Instruction	LOADING RESOURCE SURFACE FROM DISK
392889.386	Practice_Phase.SEQUENCE.Practice_Instruction	flip time is later than desired time. Desired Time=392861 Flip Time=392911 Retrace Rate=16.641, prepareTime=51 flip request time 392889
400959.637	Practice_Phase.SEQUENCE.Practice_Instruction	LOADING RESOURCE SURFACE FROM DISK
400962.224	Practice_Phase.SEQUENCE.Practice_Instruction	LOADING RESOURCE SURFACE FROM DISK
409026.008	Practice_Phase.SEQUENCE.Practice_Instruction	LOADING RESOURCE SURFACE FROM DISK
409028.691	Practice_Phase.SEQUENCE.Practice_Instruction	LOADING RESOURCE SURFACE FROM DISK
417092.875	Practice_Phase.SEQUENCE.Practice_Instruction	LOADING RESOURCE SURFACE FROM DISK
417134.8	Practice_Phase.SEQUENCE.Practice_Instruction	LOADING RESOURCE SURFACE FROM DISK
417136.466	Practice_Phase.SEQUENCE.Practice_Instruction	flip time is later than desired time. Desired Time=417111 Flip Time=417145 Retrace Rate=16.641, prepareTime=49 flip request time 417136
425192.846	Practice_Phase.SEQUENCE.Practice_Instruction	LOADING RESOURCE SURFACE FROM DISK
425195.488	Practice_Phase.SEQUENCE.Practice_Instruction	LOADING RESOURCE SURFACE FROM DISK
433259.308	Practice_Phase.SEQUENCE.Practice_Instruction	LOADING RESOURCE SURFACE FROM DISK
433261.921	Practice_Phase.SEQUENCE.Practice_Instruction	LOADING RESOURCE SURFACE FROM DISK
441309.709	Practice_Phase.SEQUENCE.Practice_Instruction	LOADING RESOURCE SURFACE FROM DISK
441312.283	Practice_Phase.SEQUENCE.Practice_Instruction	LOADING RESOURCE SURFACE FROM DISK
447472.786	DISPLAY_SCREEN[2]	LOADING RESOURCE SURFACE FROM DISK
591016.099	Study_Phase.SEQUENCE.Study_Instruction	LOADING RESOURCE SURFACE FROM DISK
599284.838	Study_Phase.SEQUENCE.Study_Instruction	LOADING RESOURCE SURFACE FROM DISK
599307.144	Study_Phase.SEQUENCE.Study_Instruction	LOADING RESOURCE SURFACE FROM DISK
607625.21	Study_Phase.SEQUENCE.Study_Instruction	LOADING RESOURCE SURFACE FROM DISK
615884.716	Study_Phase.SEQUENCE.Study_Instruction	LOADING RESOURCE SURFACE FROM DISK
615887.2	Study_Phase.SEQUENCE.Study_Instruction	LOADING RESOURCE SURFACE FROM DISK
624205.289	Study_Phase.SEQUENCE.Study_Instruction	LOADING RESOURCE SURFACE FROM DISK
632484.957	Study_Phase.SEQUENCE.Study_Instruction	LOADING RESOURCE SURFACE FROM DISK
632524.035	Study_Phase.SEQUENCE.Study_Instruction	LOADING RESOURCE SURFACE FROM DISK
640894.998	Study_Phase.SEQUENCE.Study_Instruction	LOADING RESOURCE SURFACE FROM DISK
649201.679	Study_Phase.SEQUENCE.Study_Instruction	LOADING RESOURCE SURFACE FROM DISK
657468.201	Study_Phase.SEQUENCE.Study_Instruction	LOADING RESOURCE SURFACE FROM DISK
657470.61	Study_Phase.SEQUENCE.Study_Instruction	LOADING RESOURCE SURFACE FROM DISK
665791.654	Study_Phase.SEQUENCE.Study_Instruction	LOADING RESOURCE SURFACE FROM DISK
674109.341	Study_Phase.SEQUENCE.Study_Instruction	LOADING RESOURCE SURFACE FROM DISK
682406.775	Study_Phase.SEQUENCE.Study_Instruction	LOADING RESOURCE SURFACE FROM DISK
690724.137	Study_Phase.SEQUENCE.Study_Instruction	LOADING RESOURCE SURFACE FROM DISK
698981.419	Study_Phase.SEQUENCE.Study_Instruction	LOADING RESOURCE SURFACE FROM DISK
707251.694	Study_Phase.SEQUENCE.Study_Instruction	LOADING RESOURCE SURFACE FROM DISK
707254.566	Study_Phase.SEQUENCE.Study_Instruction	LOADING RESOURCE SURFACE FROM DISK
715532.813	Study_Phase.SEQUENCE.Study_Instruction	LOADING RESOURCE SURFACE FROM DISK
723831.455	Study_Phase.SEQUENCE.Study_Instruction	LOADING RESOURCE SURFACE FROM DISK
732131.626	Study_Phase.SEQUENCE.Study_Instruction	LOADING RESOURCE SURFACE FROM DISK
740437.687	Study_Phase.SEQUENCE.Study_Instruction	LOADING RESOURCE SURFACE FROM DISK
748721.163	Study_Phase.SEQUENCE.Study_Instruction	LOADING RESOURCE SURFACE FROM DISK
757001.557	Study_Phase.SEQUENCE.Study_Instruction	LOADING RESOURCE SURFACE FROM DISK
757004.293	Study_Phase.SEQUENCE.Study_Instruction	LOADING RESOURCE SURFACE FROM DISK
765282.388	Study_Phase.SEQUENCE.Study_Instruction	LOADING RESOURCE SURFACE FROM DISK
773551.531	Study_Phase.SEQUENCE.Study_Instruction	LOADING RESOURCE SURFACE FROM DISK
773592.368	Study_Phase.SEQUENCE.Study_Instruction	LOADING RESOURCE SURFACE FROM DISK
781901.11	Study_Phase.SEQUENCE.Study_Instruction	LOADING RESOURCE SURFACE FROM DISK
790148.106	Study_Phase.SEQUENCE.Study_Instruction	LOADING RESOURCE SURFACE FROM DISK
798414.733	Study_Phase.SEQUENCE.Study_Instruction	LOADING RESOURCE SURFACE FROM DISK
806722.748	Study_Phase.SEQUENCE.Study_Instruction	LOADING RESOURCE SURFACE FROM DISK
815001.415	Study_Phase.SEQUENCE.Study_Instruction	LOADING RESOURCE SURFACE FROM DISK
815003.929	Study_Phase.SEQUENCE.Study_Instruction	LOADING RESOURCE SURFACE FROM DISK
823268.079	Study_Phase.SEQUENCE.Study_Instruction	LOADING RESOURCE SURFACE FROM DISK
823308.788	Study_Phase.SEQUENCE.Study_Instruction	LOADING RESOURCE SURFACE FROM DISK
831585.111	Study_Phase.SEQUENCE.Study_Instruction	LOADING RESOURCE SURFACE FROM DISK
831629.632	Study_Phase.SEQUENCE.Study_Instruction	LOADING RESOURCE SURFACE FROM DISK
839934.194	Study_Phase.SEQUENCE.Study_Instruction	LOADING RESOURCE SURFACE FROM DISK
848201.444	Study_Phase.SEQUENCE.Study_Instruction	LOADING RESOURCE SURFACE FROM DISK
848237.008	Study_Phase.SEQUENCE.Study_Instruction	LOADING RESOURCE SURFACE FROM DISK
856518.348	Study_Phase.SEQUENCE.Study_Instruction	LOADING RESOURCE SURFACE FROM DISK
856561.741	Study_Phase.SEQUENCE.Study_Instruction	LOADING RESOURCE SURFACE FROM DISK
864872.1	Study_Phase.SEQUENCE.Study_Instruction	LOADING RESOURCE SURFACE FROM DISK
873184.366	Study_Phase.SEQUENCE.Study_Instruction	LOADING RESOURCE SURFACE FROM DISK
881451.285	Study_Phase.SEQUENCE.Study_Instruction	LOADING RESOURCE SURFACE FROM DISK
881491.129	Study_Phase.SEQUENCE.Study_Instruction	LOADING RESOURCE SURFACE FROM DISK
889766.036	Study_Phase.SEQUENCE.Study_Instruction	LOADING RESOURCE SURFACE FROM DISK
898034.987	Study_Phase.SEQUENCE.Study_Instruction	LOADING RESOURCE SURFACE FROM DISK
898077.254	Study_Phase.SEQUENCE.Study_Instruction	LOADING RESOURCE SURFACE FROM DISK
906348.326	Study_Phase.SEQUENCE.Study_Instruction	LOADING RESOURCE SURFACE FROM DISK
914649.448	Study_Phase.SEQUENCE.Study_Instruction	LOADING RESOURCE SURFACE FROM DISK
922918.161	Study_Phase.SEQUENCE.Study_Instruction	LOADING RESOURCE SURFACE FROM DISK
922920.549	Study_Phase.SEQUENCE.Study_Instruction	LOADING RESOURCE SURFACE FROM DISK
931231.149	Study_Phase.SEQUENCE.Study_Instruction	LOADING RESOURCE SURFACE FROM DISK
939540.625	Study_Phase.SEQUENCE.Study_Instruction	LOADING RESOURCE SURFACE FROM DISK
947801.377	Study_Phase.SEQUENCE.Study_Instruction	LOADING RESOURCE SURFACE FROM DISK
947803.98	Study_Phase.SEQUENCE.Study_Instruction	LOADING RESOURCE SURFACE FROM DISK
956084.875	Study_Phase.SEQUENCE.Study_Instruction	LOADING RESOURCE SURFACE FROM DISK
956103.391	Study_Phase.SEQUENCE.Study_Instruction	LOADING RESOURCE SURFACE FROM DISK
964381.469	Study_Phase.SEQUENCE.Study_Instruction	LOADING RESOURCE SURFACE FROM DISK
972691.482	Study_Phase.SEQUENCE.Study_Instruction	LOADING RESOURCE SURFACE FROM DISK
980965.991	Study_Phase.SEQUENCE.Study_Instruction	LOADING RESOURCE SURFACE FROM DISK
989234.763	Study_Phase.SEQUENCE.Study_Instruction	LOADING RESOURCE SURFACE FROM DISK
989273.257	Study_Phase.SEQUENCE.Study_Instruction	LOADING RESOURCE SURFACE FROM DISK
997535.003	Study_Phase.SEQUENCE.Study_Instruction	LOADING RESOURCE SURFACE FROM DISK
997557.093	Study_Phase.SEQUENCE.Study_Instruction	LOADING RESOURCE SURFACE FROM DISK
1005834.725	Study_Phase.SEQUENCE.Study_Instruction	LOADING RESOURCE SURFACE FROM DISK
1005837.267	Study_Phase.SEQUENCE.Study_Instruction	LOADING RESOURCE SURFACE FROM DISK
1014114.741	Study_Phase.SEQUENCE.Study_Instruction	LOADING RESOURCE SURFACE FROM DISK
1022384.937	Study_Phase.SEQUENCE.Study_Instruction	LOADING RESOURCE SURFACE FROM DISK
1022422.11	Study_Phase.SEQUENCE.Study_Instruction	LOADING RESOURCE SURFACE FROM DISK
1030733.481	Study_Phase.SEQUENCE.Study_Instruction	LOADING RESOURCE SURFACE FROM DISK
1039043.221	Study_Phase.SEQUENCE.Study_Instruction	LOADING RESOURCE SURFACE FROM DISK
1047318.061	Study_Phase.SEQUENCE.Study_Instruction	LOADING RESOURCE SURFACE FROM DISK
1047354.353	Study_Phase.SEQUENCE.Study_Instruction	LOADING RESOURCE SURFACE FROM DISK
1055632.604	Study_Phase.SEQUENCE.Study_Instruction	LOADING RESOURCE SURFACE FROM DISK
1063901.538	Study_Phase.SEQUENCE.Study_Instruction	LOADING RESOURCE SURFACE FROM DISK
1063903.974	Study_Phase.SEQUENCE.Study_Instruction	LOADING RESOURCE SURFACE FROM DISK
1072182.57	Study_Phase.SEQUENCE.Study_Instruction	LOADING RESOURCE SURFACE FROM DISK
1080482.064	Study_Phase.SEQUENCE.Study_Instruction	LOADING RESOURCE SURFACE FROM DISK
1088751.574	Study_Phase.SEQUENCE.Study_Instruction	LOADING RESOURCE SURFACE FROM DISK
1088796.184	Study_Phase.SEQUENCE.Study_Instruction	LOADING RESOURCE SURFACE FROM DISK
1097068.205	Study_Phase.SEQUENCE.Study_Instruction	LOADING RESOURCE SURFACE FROM DISK
1097108.369	Study_Phase.SEQUENCE.Study_Instruction	LOADING RESOURCE SURFACE FROM DISK
1105364.837	Study_Phase.SEQUENCE.Study_Instruction	LOADING RESOURCE SURFACE FROM DISK
1113668.366	Study_Phase.SEQUENCE.Study_Instruction	LOADING RESOURCE SURFACE FROM DISK
1121914.889	Study_Phase.SEQUENCE.Study_Instruction	LOADING RESOURCE SURFACE FROM DISK
1130184.963	Study_Phase.SEQUENCE.Study_Instruction	LOADING RESOURCE SURFACE FROM DISK
1130219.958	Study_Phase.SEQUENCE.Study_Instruction	LOADING RESOURCE SURFACE FROM DISK
1138539.857	Study_Phase.SEQUENCE.Study_Instruction	LOADING RESOURCE SURFACE FROM DISK
1146832.492	Study_Phase.SEQUENCE.Study_Instruction	LOADING RESOURCE SURFACE FROM DISK
1155139.768	Study_Phase.SEQUENCE.Study_Instruction	LOADING RESOURCE SURFACE FROM DISK
1163384.775	Study_Phase.SEQUENCE.Study_Instruction	LOADING RESOURCE SURFACE FROM DISK
1163423.781	Study_Phase.SEQUENCE.Study_Instruction	LOADING RESOURCE SURFACE FROM DISK
1171739.34	Study_Phase.SEQUENCE.Study_Instruction	LOADING RESOURCE SURFACE FROM DISK
1180051.264	Study_Phase.SEQUENCE.Study_Instruction	LOADING RESOURCE SURFACE FROM DISK
1188318.371	Study_Phase.SEQUENCE.Study_Instruction	LOADING RESOURCE SURFACE FROM DISK
1188320.968	Study_Phase.SEQUENCE.Study_Instruction	LOADING RESOURCE SURFACE FROM DISK
1196639.949	Study_Phase.SEQUENCE.Study_Instruction	LOADING RESOURCE SURFACE FROM DISK
1204918.226	Study_Phase.SEQUENCE.Study_Instruction	LOADING RESOURCE SURFACE FROM DISK
1204962.204	Study_Phase.SEQUENCE.Study_Instruction	LOADING RESOURCE SURFACE FROM DISK
1213232.6	Study_Phase.SEQUENCE.Study_Instruction	LOADING RESOURCE SURFACE FROM DISK
1221501.59	Study_Phase.SEQUENCE.Study_Instruction	LOADING RESOURCE SURFACE FROM DISK
1221536.034	Study_Phase.SEQUENCE.Study_Instruction	LOADING RESOURCE SURFACE FROM DISK
1229839.088	Study_Phase.SEQUENCE.Study_Instruction	LOADING RESOURCE SURFACE FROM DISK
1238118.39	Study_Phase.SEQUENCE.Study_Instruction	LOADING RESOURCE SURFACE FROM DISK
1238120.872	Study_Phase.SEQUENCE.Study_Instruction	LOADING RESOURCE SURFACE FROM DISK
1246398.128	Study_Phase.SEQUENCE.Study_Instruction	LOADING RESOURCE SURFACE FROM DISK
1254665.859	Study_Phase.SEQUENCE.Study_Instruction	LOADING RESOURCE SURFACE FROM DISK
1262934.929	Study_Phase.SEQUENCE.Study_Instruction	LOADING RESOURCE SURFACE FROM DISK
1262976.936	Study_Phase.SEQUENCE.Study_Instruction	LOADING RESOURCE SURFACE FROM DISK
1271274.745	Study_Phase.SEQUENCE.Study_Instruction	LOADING RESOURCE SURFACE FROM DISK
1279585.524	Study_Phase.SEQUENCE.Study_Instruction	LOADING RESOURCE SURFACE FROM DISK
1287851.612	Study_Phase.SEQUENCE.Study_Instruction	LOADING RESOURCE SURFACE FROM DISK
1287894.454	Study_Phase.SEQUENCE.Study_Instruction	LOADING RESOURCE SURFACE FROM DISK
1296204.826	Study_Phase.SEQUENCE.Study_Instruction	LOADING RESOURCE SURFACE FROM DISK
1304482.547	Study_Phase.SEQUENCE.Study_Instruction	LOADING RESOURCE SURFACE FROM DISK
1312751.673	Study_Phase.SEQUENCE.Study_Instruction	LOADING RESOURCE SURFACE FROM DISK
1312754.162	Study_Phase.SEQUENCE.Study_Instruction	LOADING RESOURCE SURFACE FROM DISK
1321069.563	Study_Phase.SEQUENCE.Study_Instruction	LOADING RESOURCE SURFACE FROM DISK
1329351.433	Study_Phase.SEQUENCE.Study_Instruction	LOADING RESOURCE SURFACE FROM DISK
1329353.823	Study_Phase.SEQUENCE.Study_Instruction	LOADING RESOURCE SURFACE FROM DISK
1337631.457	Study_Phase.SEQUENCE.Study_Instruction	LOADING RESOURCE SURFACE FROM DISK
1345920.978	Study_Phase.SEQUENCE.Study_Instruction	LOADING RESOURCE SURFACE FROM DISK
1354238.416	Study_Phase.SEQUENCE.Study_Instruction	LOADING RESOURCE SURFACE FROM DISK
1362555.238	Study_Phase.SEQUENCE.Study_Instruction	LOADING RESOURCE SURFACE FROM DISK
1370831.514	Study_Phase.SEQUENCE.Study_Instruction	LOADING RESOURCE SURFACE FROM DISK
1379084.872	Study_Phase.SEQUENCE.Study_Instruction	LOADING RESOURCE SURFACE FROM DISK
1379125.893	Study_Phase.SEQUENCE.Study_Instruction	LOADING RESOURCE SURFACE FROM DISK
1387398.141	Study_Phase.SEQUENCE.Study_Instruction	LOADING RESOURCE SURFACE FROM DISK
1395668.379	Study_Phase.SEQUENCE.Study_Instruction	LOADING RESOURCE SURFACE FROM DISK
1395671.004	Study_Phase.SEQUENCE.Study_Instruction	LOADING RESOURCE SURFACE FROM DISK
1403951.728	Study_Phase.SEQUENCE.Study_Instruction	LOADING RESOURCE SURFACE FROM DISK
1403987.576	Study_Phase.SEQUENCE.Study_Instruction	LOADING RESOURCE SURFACE FROM DISK
1412268.237	Study_Phase.SEQUENCE.Study_Instruction	LOADING RESOURCE SURFACE FROM DISK
1412309.99	Study_Phase.SEQUENCE.Study_Instruction	LOADING RESOURCE SURFACE FROM DISK
1420584.921	Study_Phase.SEQUENCE.Study_Instruction	LOADING RESOURCE SURFACE FROM DISK
1420629.338	Study_Phase.SEQUENCE.Study_Instruction	LOADING RESOURCE SURFACE FROM DISK
1428898.095	Study_Phase.SEQUENCE.Study_Instruction	LOADING RESOURCE SURFACE FROM DISK
1437200.748	Study_Phase.SEQUENCE.Study_Instruction	LOADING RESOURCE SURFACE FROM DISK
1445468.186	Study_Phase.SEQUENCE.Study_Instruction	LOADING RESOURCE SURFACE FROM DISK
1445507.547	Study_Phase.SEQUENCE.Study_Instruction	LOADING RESOURCE SURFACE FROM DISK
1453782.506	Study_Phase.SEQUENCE.Study_Instruction	LOADING RESOURCE SURFACE FROM DISK
1462051.74	Study_Phase.SEQUENCE.Study_Instruction	LOADING RESOURCE SURFACE FROM DISK
1462054.375	Study_Phase.SEQUENCE.Study_Instruction	LOADING RESOURCE SURFACE FROM DISK
1470364.667	Study_Phase.SEQUENCE.Study_Instruction	LOADING RESOURCE SURFACE FROM DISK
1478649.166	Study_Phase.SEQUENCE.Study_Instruction	LOADING RESOURCE SURFACE FROM DISK
1486901.516	Study_Phase.SEQUENCE.Study_Instruction	LOADING RESOURCE SURFACE FROM DISK
1486968.657	Study_Phase.SEQUENCE.Study_Instruction	LOADING RESOURCE SURFACE FROM DISK
1495271.822	Study_Phase.SEQUENCE.Study_Instruction	LOADING RESOURCE SURFACE FROM DISK
1503551.676	Study_Phase.SEQUENCE.Study_Instruction	LOADING RESOURCE SURFACE FROM DISK
1503593.62	Study_Phase.SEQUENCE.Study_Instruction	LOADING RESOURCE SURFACE FROM DISK
1511907.156	Study_Phase.SEQUENCE.Study_Instruction	LOADING RESOURCE SURFACE FROM DISK
1520181.428	Study_Phase.SEQUENCE.Study_Instruction	LOADING RESOURCE SURFACE FROM DISK
1528455.795	Study_Phase.SEQUENCE.Study_Instruction	LOADING RESOURCE SURFACE FROM DISK
1536734.964	Study_Phase.SEQUENCE.Study_Instruction	LOADING RESOURCE SURFACE FROM DISK
1536737.621	Study_Phase.SEQUENCE.Study_Instruction	LOADING RESOURCE SURFACE FROM DISK
1545049.998	Study_Phase.SEQUENCE.Study_Instruction	LOADING RESOURCE SURFACE FROM DISK
1553318.401	Study_Phase.SEQUENCE.Study_Instruction	LOADING RESOURCE SURFACE FROM DISK
1553320.939	Study_Phase.SEQUENCE.Study_Instruction	LOADING RESOURCE SURFACE FROM DISK
1561638.586	Study_Phase.SEQUENCE.Study_Instruction	LOADING RESOURCE SURFACE FROM DISK
1569914.908	Study_Phase.SEQUENCE.Study_Instruction	LOADING RESOURCE SURFACE FROM DISK
1578184.801	Study_Phase.SEQUENCE.Study_Instruction	LOADING RESOURCE SURFACE FROM DISK
1578187.178	Study_Phase.SEQUENCE.Study_Instruction	LOADING RESOURCE SURFACE FROM DISK
1584421.134	DISPLAY_SCREEN[7]	LOADING RESOURCE SURFACE FROM DISK
1824642.592	Test_Phase.SEQUENCE.Target_Cue	LOADING RESOURCE SURFACE FROM DISK
1824649.105	Test_Phase.SEQUENCE.Target_Cue	LOADING RESOURCE SURFACE FROM DISK
1826706.656	Test_Phase.SEQUENCE.Word	LOADING RESOURCE SURFACE FROM DISK
1829767.073	Test_Phase.SEQUENCE.Test_Question	LOADING RESOURCE SURFACE FROM DISK
1829768.955	Test_Phase.SEQUENCE.Test_Question	LOADING RESOURCE SURFACE FROM DISK
1829770.702	Test_Phase.SEQUENCE.Test_Question	LOADING RESOURCE SURFACE FROM DISK
1829772.431	Test_Phase.SEQUENCE.Test_Question	LOADING RESOURCE SURFACE FROM DISK
1829774.273	Test_Phase.SEQUENCE.Test_Question	LOADING RESOURCE SURFACE FROM DISK
1829776.353	Test_Phase.SEQUENCE.Test_Question	LOADING RESOURCE SURFACE FROM DISK
1829778.288	Test_Phase.SEQUENCE.Test_Question	LOADING RESOURCE SURFACE FROM DISK
1829794.937	Test_Phase.SEQUENCE.Test_Question	LOADING RESOURCE SURFACE FROM DISK
1829809.199	Test_Phase.SEQUENCE.Test_Question	LOADING RESOURCE SURFACE FROM DISK
1829810.956	Test_Phase.SEQUENCE.Test_Question	LOADING RESOURCE SURFACE FROM DISK
1829812.695	Test_Phase.SEQUENCE.Test_Question	LOADING RESOURCE SURFACE FROM DISK
1829814.42	Test_Phase.SEQUENCE.Test_Question	LOADING RESOURCE SURFACE FROM DISK
1835185.148	Test_Phase.SEQUENCE.Word	LOADING RESOURCE SURFACE FROM DISK
1842681.616	Test_Phase.SEQUENCE.Word	LOADING RESOURCE SURFACE FROM DISK
1850164.886	Test_Phase.SEQUENCE.Word	LOADING RESOURCE SURFACE FROM DISK
1858281.184	Test_Phase.SEQUENCE.Word	LOADING RESOURCE SURFACE FROM DISK
1865714.513	Test_Phase.SEQUENCE.Word	LOADING RESOURCE SURFACE FROM DISK
1872931.159	Test_Phase.SEQUENCE.Word	LOADING RESOURCE SURFACE FROM DISK
1880900.897	Test_Phase.SEQUENCE.Word	LOADING RESOURCE SURFACE FROM DISK
1889364.453	Test_Phase.SEQUENCE.Word	LOADING RESOURCE SURFACE FROM DISK
1896614.556	Test_Phase.SEQUENCE.Word	LOADING RESOURCE SURFACE FROM DISK
1903881.248	Test_Phase.SEQUENCE.Word	LOADING RESOURCE SURFACE FROM DISK
1911097.989	Test_Phase.SEQUENCE.Word	LOADING RESOURCE SURFACE FROM DISK
1918214.628	Test_Phase.SEQUENCE.Word	LOADING RESOURCE SURFACE FROM DISK
1925714.406	Test_Phase.SEQUENCE.Word	LOADING RESOURCE SURFACE FROM DISK
1936032.494	Test_Phase.SEQUENCE.Word	LOADING RESOURCE SURFACE FROM DISK
1944048.121	Test_Phase.SEQUENCE.Word	LOADING RESOURCE SURFACE FROM DISK
1951231.207	Test_Phase.SEQUENCE.Word	LOADING RESOURCE SURFACE FROM DISK
1958475.528	Test_Phase.SEQUENCE.Word	LOADING RESOURCE SURFACE FROM DISK
1965681.268	Test_Phase.SEQUENCE.Word	LOADING RESOURCE SURFACE FROM DISK
1973032.438	Test_Phase.SEQUENCE.Word	LOADING RESOURCE SURFACE FROM DISK
1981031.315	Test_Phase.SEQUENCE.Word	LOADING RESOURCE SURFACE FROM DISK
1989264.76	Test_Phase.SEQUENCE.Word	LOADING RESOURCE SURFACE FROM DISK
1996885.334	Test_Phase.SEQUENCE.Word	LOADING RESOURCE SURFACE FROM DISK
2005347.951	Test_Phase.SEQUENCE.Word	LOADING RESOURCE SURFACE FROM DISK
2012664.489	Test_Phase.SEQUENCE.Word	LOADING RESOURCE SURFACE FROM DISK
2020681.592	Test_Phase.SEQUENCE.Word	LOADING RESOURCE SURFACE FROM DISK
2028097.745	Test_Phase.SEQUENCE.Word	LOADING RESOURCE SURFACE FROM DISK
2035797.818	Test_Phase.SEQUENCE.Word	LOADING RESOURCE SURFACE FROM DISK
2043114.562	Test_Phase.SEQUENCE.Word	LOADING RESOURCE SURFACE FROM DISK
2050650.91	Test_Phase.SEQUENCE.Word	LOADING RESOURCE SURFACE FROM DISK
2058098.005	Test_Phase.SEQUENCE.Word	LOADING RESOURCE SURFACE FROM DISK
2065631.186	Test_Phase.SEQUENCE.Word	LOADING RESOURCE SURFACE FROM DISK
2073510.418	Test_Phase.SEQUENCE.Word	LOADING RESOURCE SURFACE FROM DISK
2081214.88	Test_Phase.SEQUENCE.Word	LOADING RESOURCE SURFACE FROM DISK
2089464.611	Test_Phase.SEQUENCE.Word	LOADING RESOURCE SURFACE FROM DISK
2096737.644	Test_Phase.SEQUENCE.Word	LOADING RESOURCE SURFACE FROM DISK
2104181.221	Test_Phase.SEQUENCE.Word	LOADING RESOURCE SURFACE FROM DISK
2111330.941	Test_Phase.SEQUENCE.Word	LOADING RESOURCE SURFACE FROM DISK
2118697.976	Test_Phase.SEQUENCE.Word	LOADING RESOURCE SURFACE FROM DISK
2126248.129	Test_Phase.SEQUENCE.Word	LOADING RESOURCE SURFACE FROM DISK
2134347.862	Test_Phase.SEQUENCE.Word	LOADING RESOURCE SURFACE FROM DISK
2144481.016	Test_Phase.SEQUENCE.Word	LOADING RESOURCE SURFACE FROM DISK
2152531.317	Test_Phase.SEQUENCE.Word	LOADING RESOURCE SURFACE FROM DISK
2159947.773	Test_Phase.SEQUENCE.Word	LOADING RESOURCE SURFACE FROM DISK
2169864.447	Test_Phase.SEQUENCE.Word	LOADING RESOURCE SURFACE FROM DISK
2177390.966	Test_Phase.SEQUENCE.Word	LOADING RESOURCE SURFACE FROM DISK
2185114.862	Test_Phase.SEQUENCE.Word	LOADING RESOURCE SURFACE FROM DISK
2193798.135	Test_Phase.SEQUENCE.Word	LOADING RESOURCE SURFACE FROM DISK
2201923.33	Test_Phase.SEQUENCE.Word	LOADING RESOURCE SURFACE FROM DISK
2210134.547	Test_Phase.SEQUENCE.Word	LOADING RESOURCE SURFACE FROM DISK
2219047.914	Test_Phase.SEQUENCE.Word	LOADING RESOURCE SURFACE FROM DISK
2226831.558	Test_Phase.SEQUENCE.Word	LOADING RESOURCE SURFACE FROM DISK
2234102.648	Test_Phase.SEQUENCE.Word	LOADING RESOURCE SURFACE FROM DISK
2241650.14	Test_Phase.SEQUENCE.Word	LOADING RESOURCE SURFACE FROM DISK
2248897.802	Test_Phase.SEQUENCE.Word	LOADING RESOURCE SURFACE FROM DISK
2257014.677	Test_Phase.SEQUENCE.Word	LOADING RESOURCE SURFACE FROM DISK
2264447.818	Test_Phase.SEQUENCE.Word	LOADING RESOURCE SURFACE FROM DISK
2271764.297	Test_Phase.SEQUENCE.Word	LOADING RESOURCE SURFACE FROM DISK
2279139.416	Test_Phase.SEQUENCE.Word	LOADING RESOURCE SURFACE FROM DISK
2286364.72	Test_Phase.SEQUENCE.Word	LOADING RESOURCE SURFACE FROM DISK
2293814.55	Test_Phase.SEQUENCE.Word	LOADING RESOURCE SURFACE FROM DISK
2301117.075	Test_Phase.SEQUENCE.Word	LOADING RESOURCE SURFACE FROM DISK
2309081.308	Test_Phase.SEQUENCE.Word	LOADING RESOURCE SURFACE FROM DISK
2316763.949	Test_Phase.SEQUENCE.Word	LOADING RESOURCE SURFACE FROM DISK
2325269.954	Test_Phase.SEQUENCE.Word	LOADING RESOURCE SURFACE FROM DISK
2333124.58	Test_Phase.SEQUENCE.Word	LOADING RESOURCE SURFACE FROM DISK
2340781.172	Test_Phase.SEQUENCE.Word	LOADING RESOURCE SURFACE FROM DISK
2348031.232	Test_Phase.SEQUENCE.Word	LOADING RESOURCE SURFACE FROM DISK
2356364.424	Test_Phase.SEQUENCE.Word	LOADING RESOURCE SURFACE FROM DISK
2363898.041	Test_Phase.SEQUENCE.Word	LOADING RESOURCE SURFACE FROM DISK
2371251.716	Test_Phase.SEQUENCE.Word	LOADING RESOURCE SURFACE FROM DISK
2379304.989	Test_Phase.SEQUENCE.Word	LOADING RESOURCE SURFACE FROM DISK
2386781.69	Test_Phase.SEQUENCE.Word	LOADING RESOURCE SURFACE FROM DISK
2395181.247	Test_Phase.SEQUENCE.Word	LOADING RESOURCE SURFACE FROM DISK
2402598.05	Test_Phase.SEQUENCE.Word	LOADING RESOURCE SURFACE FROM DISK
2409921.858	Test_Phase.SEQUENCE.Word	LOADING RESOURCE SURFACE FROM DISK
2418797.866	Test_Phase.SEQUENCE.Word	LOADING RESOURCE SURFACE FROM DISK
2427356.635	Test_Phase.SEQUENCE.Word	LOADING RESOURCE SURFACE FROM DISK
2434847.828	Test_Phase.SEQUENCE.Word	LOADING RESOURCE SURFACE FROM DISK
2442322.062	Test_Phase.SEQUENCE.Word	LOADING RESOURCE SURFACE FROM DISK
2451581.217	Test_Phase.SEQUENCE.Word	LOADING RESOURCE SURFACE FROM DISK
2458747.906	Test_Phase.SEQUENCE.Word	LOADING RESOURCE SURFACE FROM DISK
2466073.721	Test_Phase.SEQUENCE.Word	LOADING RESOURCE SURFACE FROM DISK
2474448.062	Test_Phase.SEQUENCE.Word	LOADING RESOURCE SURFACE FROM DISK
2481731.219	Test_Phase.SEQUENCE.Word	LOADING RESOURCE SURFACE FROM DISK
2489164.577	Test_Phase.SEQUENCE.Word	LOADING RESOURCE SURFACE FROM DISK
2496447.84	Test_Phase.SEQUENCE.Word	LOADING RESOURCE SURFACE FROM DISK
2503914.629	Test_Phase.SEQUENCE.Word	LOADING RESOURCE SURFACE FROM DISK
2511284.902	Test_Phase.SEQUENCE.Word	LOADING RESOURCE SURFACE FROM DISK
2518581.262	Test_Phase.SEQUENCE.Word	LOADING RESOURCE SURFACE FROM DISK
2526270.663	Test_Phase.SEQUENCE.Word	LOADING RESOURCE SURFACE FROM DISK
2533550.768	Test_Phase.SEQUENCE.Word	LOADING RESOURCE SURFACE FROM DISK
2540764.544	Test_Phase.SEQUENCE.Word	LOADING RESOURCE SURFACE FROM DISK
2548822.555	Test_Phase.SEQUENCE.Word	LOADING RESOURCE SURFACE FROM DISK
2556131.174	Test_Phase.SEQUENCE.Word	LOADING RESOURCE SURFACE FROM DISK
2563331.172	Test_Phase.SEQUENCE.Word	LOADING RESOURCE SURFACE FROM DISK
2570664.527	Test_Phase.SEQUENCE.Word	LOADING RESOURCE SURFACE FROM DISK
2578082.891	Test_Phase.SEQUENCE.Word	LOADING RESOURCE SURFACE FROM DISK
2585481.252	Test_Phase.SEQUENCE.Word	LOADING RESOURCE SURFACE FROM DISK
2592886.192	Test_Phase.SEQUENCE.Word	LOADING RESOURCE SURFACE FROM DISK
2600382.001	Test_Phase.SEQUENCE.Word	LOADING RESOURCE SURFACE FROM DISK
2608897.894	Test_Phase.SEQUENCE.Word	LOADING RESOURCE SURFACE FROM DISK
2616166.212	Test_Phase.SEQUENCE.Word	LOADING RESOURCE SURFACE FROM DISK
2623931.383	Test_Phase.SEQUENCE.Word	LOADING RESOURCE SURFACE FROM DISK
2631381.492	Test_Phase.SEQUENCE.Word	LOADING RESOURCE SURFACE FROM DISK
2640114.454	Test_Phase.SEQUENCE.Word	LOADING RESOURCE SURFACE FROM DISK
2647558.387	Test_Phase.SEQUENCE.Word	LOADING RESOURCE SURFACE FROM DISK
2656598.825	Test_Phase.SEQUENCE.Word	LOADING RESOURCE SURFACE FROM DISK
2665047.904	Test_Phase.SEQUENCE.Word	LOADING RESOURCE SURFACE FROM DISK
2674102.617	Test_Phase.SEQUENCE.Word	LOADING RESOURCE SURFACE FROM DISK
2681832.989	Test_Phase.SEQUENCE.Word	LOADING RESOURCE SURFACE FROM DISK
2689157.579	Test_Phase.SEQUENCE.Word	LOADING RESOURCE SURFACE FROM DISK
2697687.335	Test_Phase.SEQUENCE.Word	LOADING RESOURCE SURFACE FROM DISK
2704931.184	Test_Phase.SEQUENCE.Word	LOADING RESOURCE SURFACE FROM DISK
2712197.974	Test_Phase.SEQUENCE.Word	LOADING RESOURCE SURFACE FROM DISK
2719497.954	Test_Phase.SEQUENCE.Word	LOADING RESOURCE SURFACE FROM DISK
2727481.418	Test_Phase.SEQUENCE.Word	LOADING RESOURCE SURFACE FROM DISK
2735033.708	Test_Phase.SEQUENCE.Word	LOADING RESOURCE SURFACE FROM DISK
2742448.104	Test_Phase.SEQUENCE.Word	LOADING RESOURCE SURFACE FROM DISK
2749731.628	Test_Phase.SEQUENCE.Word	LOADING RESOURCE SURFACE FROM DISK
2757400.992	Test_Phase.SEQUENCE.Word	LOADING RESOURCE SURFACE FROM DISK
2766231.567	Test_Phase.SEQUENCE.Word	LOADING RESOURCE SURFACE FROM DISK
2775064.524	Test_Phase.SEQUENCE.Word	LOADING RESOURCE SURFACE FROM DISK
2782430.339	Test_Phase.SEQUENCE.Word	LOADING RESOURCE SURFACE FROM DISK
2789921.612	Test_Phase.SEQUENCE.Word	LOADING RESOURCE SURFACE FROM DISK
2797181.435	Test_Phase.SEQUENCE.Word	LOADING RESOURCE SURFACE FROM DISK
2804331.339	Test_Phase.SEQUENCE.Word	LOADING RESOURCE SURFACE FROM DISK
2812131.148	Test_Phase.SEQUENCE.Word	LOADING RESOURCE SURFACE FROM DISK
2819614.464	Test_Phase.SEQUENCE.Word	LOADING RESOURCE SURFACE FROM DISK
2826797.73	Test_Phase.SEQUENCE.Word	LOADING RESOURCE SURFACE FROM DISK
2834930.58	Test_Phase.SEQUENCE.Word	LOADING RESOURCE SURFACE FROM DISK
2842147.893	Test_Phase.SEQUENCE.Word	LOADING RESOURCE SURFACE FROM DISK
2849370.255	Test_Phase.SEQUENCE.Word	LOADING RESOURCE SURFACE FROM DISK
2858697.964	Test_Phase.SEQUENCE.Word	LOADING RESOURCE SURFACE FROM DISK
2867614.41	Test_Phase.SEQUENCE.Word	LOADING RESOURCE SURFACE FROM DISK
2875164.322	Test_Phase.SEQUENCE.Word	LOADING RESOURCE SURFACE FROM DISK
2882814.547	Test_Phase.SEQUENCE.Word	LOADING RESOURCE SURFACE FROM DISK
2890230.621	Test_Phase.SEQUENCE.Word	LOADING RESOURCE SURFACE FROM DISK
2897498.009	Test_Phase.SEQUENCE.Word	LOADING RESOURCE SURFACE FROM DISK
2904881.514	Test_Phase.SEQUENCE.Word	LOADING RESOURCE SURFACE FROM DISK
2912105.615	Test_Phase.SEQUENCE.Word	LOADING RESOURCE SURFACE FROM DISK
2919597.929	Test_Phase.SEQUENCE.Word	LOADING RESOURCE SURFACE FROM DISK
2926847.882	Test_Phase.SEQUENCE.Word	LOADING RESOURCE SURFACE FROM DISK
2934999.133	Test_Phase.SEQUENCE.Word	LOADING RESOURCE SURFACE FROM DISK
2943497.968	Test_Phase.SEQUENCE.Word	LOADING RESOURCE SURFACE FROM DISK
2951602.895	Test_Phase.SEQUENCE.Word	LOADING RESOURCE SURFACE FROM DISK
2958882.785	Test_Phase.SEQUENCE.Word	LOADING RESOURCE SURFACE FROM DISK
2967586.983	Test_Phase.SEQUENCE.Word	LOADING RESOURCE SURFACE FROM DISK
2975064.713	Test_Phase.SEQUENCE.Word	LOADING RESOURCE SURFACE FROM DISK
2982557.825	Test_Phase.SEQUENCE.Word	LOADING RESOURCE SURFACE FROM DISK
2990581.759	Test_Phase.SEQUENCE.Word	LOADING RESOURCE SURFACE FROM DISK
2998997.942	Test_Phase.SEQUENCE.Word	LOADING RESOURCE SURFACE FROM DISK
3006398.002	Test_Phase.SEQUENCE.Word	LOADING RESOURCE SURFACE FROM DISK
3013897.988	Test_Phase.SEQUENCE.Word	LOADING RESOURCE SURFACE FROM DISK
3021423.389	Test_Phase.SEQUENCE.Word	LOADING RESOURCE SURFACE FROM DISK
3028864.537	Test_Phase.SEQUENCE.Word	LOADING RESOURCE SURFACE FROM DISK
3036185.551	Test_Phase.SEQUENCE.Word	LOADING RESOURCE SURFACE FROM DISK
3043697.896	Test_Phase.SEQUENCE.Word	LOADING RESOURCE SURFACE FROM DISK
3051131.332	Test_Phase.SEQUENCE.Word	LOADING RESOURCE SURFACE FROM DISK
3059981.227	Test_Phase.SEQUENCE.Word	LOADING RESOURCE SURFACE FROM DISK
3067250.828	Test_Phase.SEQUENCE.Word	LOADING RESOURCE SURFACE FROM DISK
3074664.436	Test_Phase.SEQUENCE.Word	LOADING RESOURCE SURFACE FROM DISK
3081949.376	Test_Phase.SEQUENCE.Word	LOADING RESOURCE SURFACE FROM DISK
3090339.85	Test_Phase.SEQUENCE.Word	LOADING RESOURCE SURFACE FROM DISK
3097881.109	Test_Phase.SEQUENCE.Word	LOADING RESOURCE SURFACE FROM DISK
3106014.5	Test_Phase.SEQUENCE.Word	LOADING RESOURCE SURFACE FROM DISK
3113197.859	Test_Phase.SEQUENCE.Word	LOADING RESOURCE SURFACE FROM DISK
3120416.651	Test_Phase.SEQUENCE.Word	LOADING RESOURCE SURFACE FROM DISK
3127564.552	Test_Phase.SEQUENCE.Word	LOADING RESOURCE SURFACE FROM DISK
3134973.081	Test_Phase.SEQUENCE.Word	LOADING RESOURCE SURFACE FROM DISK
3142100.974	Test_Phase.SEQUENCE.Word	LOADING RESOURCE SURFACE FROM DISK
3149297.814	Test_Phase.SEQUENCE.Word	LOADING RESOURCE SURFACE FROM DISK
3156664.44	Test_Phase.SEQUENCE.Word	LOADING RESOURCE SURFACE FROM DISK
3164222.031	Test_Phase.SEQUENCE.Word	LOADING RESOURCE SURFACE FROM DISK
3171614.439	Test_Phase.SEQUENCE.Word	LOADING RESOURCE SURFACE FROM DISK
3180131.177	Test_Phase.SEQUENCE.Word	LOADING RESOURCE SURFACE FROM DISK
3187441.07	Test_Phase.SEQUENCE.Word	LOADING RESOURCE SURFACE FROM DISK
3195398.013	Test_Phase.SEQUENCE.Word	LOADING RESOURCE SURFACE FROM DISK
3202598.298	Test_Phase.SEQUENCE.Word	LOADING RESOURCE SURFACE FROM DISK
3210264.53	Test_Phase.SEQUENCE.Word	LOADING RESOURCE SURFACE FROM DISK
3217431.345	Test_Phase.SEQUENCE.Word	LOADING RESOURCE SURFACE FROM DISK
3224640.558	Test_Phase.SEQUENCE.Word	LOADING RESOURCE SURFACE FROM DISK
3232031.265	Test_Phase.SEQUENCE.Word	LOADING RESOURCE SURFACE FROM DISK
3239531.387	Test_Phase.SEQUENCE.Word	LOADING RESOURCE SURFACE FROM DISK
3254114.425	Test_Phase.SEQUENCE.Word	LOADING RESOURCE SURFACE FROM DISK
3262048.046	Test_Phase.SEQUENCE.Word	LOADING RESOURCE SURFACE FROM DISK
3269364.606	Test_Phase.SEQUENCE.Word	LOADING RESOURCE SURFACE FROM DISK
3276785.588	Test_Phase.SEQUENCE.Word	LOADING RESOURCE SURFACE FROM DISK
3284114.51	Test_Phase.SEQUENCE.Word	LOADING RESOURCE SURFACE FROM DISK
3291414.48	Test_Phase.SEQUENCE.Word	LOADING RESOURCE SURFACE FROM DISK
3298767.889	Test_Phase.SEQUENCE.Word	LOADING RESOURCE SURFACE FROM DISK
3305997.933	Test_Phase.SEQUENCE.Word	LOADING RESOURCE SURFACE FROM DISK
3313333.629	Test_Phase.SEQUENCE.Word	LOADING RESOURCE SURFACE FROM DISK
3320564.495	Test_Phase.SEQUENCE.Word	LOADING RESOURCE SURFACE FROM DISK
3328964.644	Test_Phase.SEQUENCE.Word	LOADING RESOURCE SURFACE FROM DISK
3336170.43	Test_Phase.SEQUENCE.Word	LOADING RESOURCE SURFACE FROM DISK
3343464.566	Test_Phase.SEQUENCE.Word	LOADING RESOURCE SURFACE FROM DISK
3350664.64	Test_Phase.SEQUENCE.Word	LOADING RESOURCE SURFACE FROM DISK
3358498.556	Test_Phase.SEQUENCE.Word	LOADING RESOURCE SURFACE FROM DISK
3362271.789	DISPLAY_SCREEN	LOADING RESOURCE SURFACE FROM DISK
