4772.956	DISPLAY_SCREEN[1]	LOADING RESOURCE SURFACE FROM DISK
1217420.228	Familiarization_Phase.SEQUENCE.Cue_and_Instruction	LOADING RESOURCE SURFACE FROM DISK
1217424.413	Familiarization_Phase.SEQUENCE.Cue_and_Instruction	LOADING RESOURCE SURFACE FROM DISK
1223467.454	Familiarization_Phase.SEQUENCE.Cue_and_Instruction	LOADING RESOURCE SURFACE FROM DISK
1223749.965	Familiarization_Phase.SEQUENCE.Cue_and_Instruction	LOADING RESOURCE SURFACE FROM DISK
1229818.515	Familiarization_Phase.SEQUENCE.Cue_and_Instruction	LOADING RESOURCE SURFACE FROM DISK
1229822.984	Familiarization_Phase.SEQUENCE.Cue_and_Instruction	LOADING RESOURCE SURFACE FROM DISK
1271950.314	DISPLAY_SCREEN[3]	LOADING RESOURCE SURFACE FROM DISK
1344985.794	DISPLAY_SCREEN[5]	LOADING RESOURCE SURFACE FROM DISK
1415208.268	Practice_Phase.SEQUENCE.Blink_Screen	LOADING RESOURCE SURFACE FROM DISK
1416412.384	Practice_Phase.SEQUENCE.Practice_Luminance_Cue	LOADING RESOURCE SURFACE FROM DISK
1416414.769	Practice_Phase.SEQUENCE.Practice_Luminance_Cue	LOADING RESOURCE SURFACE FROM DISK
1417472.768	Practice_Phase.SEQUENCE.DISPLAY_SCREEN	LOADING RESOURCE SURFACE FROM DISK
1417474.936	Practice_Phase.SEQUENCE.DISPLAY_SCREEN	flip time is later than desired time. Desired Time=1416931 Flip Time=1417497 Retrace Rate=16.640, prepareTime=568 flip request time 1417474
1419018.008	Practice_Phase.SEQUENCE.Practice_Instruction	LOADING RESOURCE SURFACE FROM DISK
1419019.478	Practice_Phase.SEQUENCE.Practice_Instruction	flip time is later than desired time. Desired Time=1418997 Flip Time=1419031 Retrace Rate=16.640, prepareTime=45 flip request time 1419019
1425578.744	Practice_Phase.SEQUENCE.DISPLAY_SCREEN	LOADING RESOURCE SURFACE FROM DISK
1427075.746	Practice_Phase.SEQUENCE.Practice_Instruction	LOADING RESOURCE SURFACE FROM DISK
1433645.721	Practice_Phase.SEQUENCE.DISPLAY_SCREEN	LOADING RESOURCE SURFACE FROM DISK
1435142.278	Practice_Phase.SEQUENCE.Practice_Instruction	LOADING RESOURCE SURFACE FROM DISK
1441712.307	Practice_Phase.SEQUENCE.DISPLAY_SCREEN	LOADING RESOURCE SURFACE FROM DISK
1443208.912	Practice_Phase.SEQUENCE.Practice_Instruction	LOADING RESOURCE SURFACE FROM DISK
1449778.757	Practice_Phase.SEQUENCE.DISPLAY_SCREEN	LOADING RESOURCE SURFACE FROM DISK
1451275.494	Practice_Phase.SEQUENCE.Practice_Instruction	LOADING RESOURCE SURFACE FROM DISK
1457845.482	Practice_Phase.SEQUENCE.DISPLAY_SCREEN	LOADING RESOURCE SURFACE FROM DISK
1459342.321	Practice_Phase.SEQUENCE.Practice_Instruction	LOADING RESOURCE SURFACE FROM DISK
1465912.322	Practice_Phase.SEQUENCE.DISPLAY_SCREEN	LOADING RESOURCE SURFACE FROM DISK
1467408.937	Practice_Phase.SEQUENCE.Practice_Instruction	LOADING RESOURCE SURFACE FROM DISK
1473978.853	Practice_Phase.SEQUENCE.DISPLAY_SCREEN	LOADING RESOURCE SURFACE FROM DISK
1475475.561	Practice_Phase.SEQUENCE.Practice_Instruction	LOADING RESOURCE SURFACE FROM DISK
1482045.635	Practice_Phase.SEQUENCE.DISPLAY_SCREEN	LOADING RESOURCE SURFACE FROM DISK
1483542.292	Practice_Phase.SEQUENCE.Practice_Instruction	LOADING RESOURCE SURFACE FROM DISK
1488208.521	DISPLAY_SCREEN[2]	LOADING RESOURCE SURFACE FROM DISK
1680200.991	Study_Phase.SEQUENCE.Study_Instruction	LOADING RESOURCE SURFACE FROM DISK
1686953.659	Study_Phase.SEQUENCE.DISPLAY_SCREEN	LOADING RESOURCE SURFACE FROM DISK
1688467.343	Study_Phase.SEQUENCE.Study_Instruction	LOADING RESOURCE SURFACE FROM DISK
1695220.582	Study_Phase.SEQUENCE.DISPLAY_SCREEN	LOADING RESOURCE SURFACE FROM DISK
1696734.115	Study_Phase.SEQUENCE.Study_Instruction	LOADING RESOURCE SURFACE FROM DISK
1705000.248	Study_Phase.SEQUENCE.Study_Instruction	LOADING RESOURCE SURFACE FROM DISK
1711720.487	Study_Phase.SEQUENCE.DISPLAY_SCREEN	LOADING RESOURCE SURFACE FROM DISK
1713234.188	Study_Phase.SEQUENCE.Study_Instruction	LOADING RESOURCE SURFACE FROM DISK
1721525.533	Study_Phase.SEQUENCE.Study_Instruction	LOADING RESOURCE SURFACE FROM DISK
1728286.923	Study_Phase.SEQUENCE.DISPLAY_SCREEN	LOADING RESOURCE SURFACE FROM DISK
1729800.775	Study_Phase.SEQUENCE.Study_Instruction	LOADING RESOURCE SURFACE FROM DISK
1738086.039	Study_Phase.SEQUENCE.Study_Instruction	LOADING RESOURCE SURFACE FROM DISK
1744837.161	Study_Phase.SEQUENCE.DISPLAY_SCREEN	LOADING RESOURCE SURFACE FROM DISK
1746351.029	Study_Phase.SEQUENCE.Study_Instruction	LOADING RESOURCE SURFACE FROM DISK
1753103.747	Study_Phase.SEQUENCE.DISPLAY_SCREEN	LOADING RESOURCE SURFACE FROM DISK
1754656.347	Study_Phase.SEQUENCE.Study_Instruction	LOADING RESOURCE SURFACE FROM DISK
1762934.348	Study_Phase.SEQUENCE.Study_Instruction	LOADING RESOURCE SURFACE FROM DISK
1769687.04	Study_Phase.SEQUENCE.DISPLAY_SCREEN	LOADING RESOURCE SURFACE FROM DISK
1771236.628	Study_Phase.SEQUENCE.Study_Instruction	LOADING RESOURCE SURFACE FROM DISK
1777987.059	Study_Phase.SEQUENCE.DISPLAY_SCREEN	LOADING RESOURCE SURFACE FROM DISK
1779501.076	Study_Phase.SEQUENCE.Study_Instruction	LOADING RESOURCE SURFACE FROM DISK
1787801.066	Study_Phase.SEQUENCE.Study_Instruction	LOADING RESOURCE SURFACE FROM DISK
1794553.908	Study_Phase.SEQUENCE.DISPLAY_SCREEN	LOADING RESOURCE SURFACE FROM DISK
1796067.879	Study_Phase.SEQUENCE.Study_Instruction	LOADING RESOURCE SURFACE FROM DISK
1802820.587	Study_Phase.SEQUENCE.DISPLAY_SCREEN	LOADING RESOURCE SURFACE FROM DISK
1804334.24	Study_Phase.SEQUENCE.Study_Instruction	LOADING RESOURCE SURFACE FROM DISK
1811087.188	Study_Phase.SEQUENCE.DISPLAY_SCREEN	LOADING RESOURCE SURFACE FROM DISK
1812600.966	Study_Phase.SEQUENCE.Study_Instruction	LOADING RESOURCE SURFACE FROM DISK
1820867.651	Study_Phase.SEQUENCE.Study_Instruction	LOADING RESOURCE SURFACE FROM DISK
1827620.528	Study_Phase.SEQUENCE.DISPLAY_SCREEN	LOADING RESOURCE SURFACE FROM DISK
1829134.297	Study_Phase.SEQUENCE.Study_Instruction	LOADING RESOURCE SURFACE FROM DISK
1837400.301	Study_Phase.SEQUENCE.Study_Instruction	LOADING RESOURCE SURFACE FROM DISK
1845667.612	Study_Phase.SEQUENCE.Study_Instruction	LOADING RESOURCE SURFACE FROM DISK
1852420.668	Study_Phase.SEQUENCE.DISPLAY_SCREEN	LOADING RESOURCE SURFACE FROM DISK
1853976.669	Study_Phase.SEQUENCE.Study_Instruction	LOADING RESOURCE SURFACE FROM DISK
1862287.902	Study_Phase.SEQUENCE.Study_Instruction	LOADING RESOURCE SURFACE FROM DISK
1870550.754	Study_Phase.SEQUENCE.Study_Instruction	LOADING RESOURCE SURFACE FROM DISK
1877303.797	Study_Phase.SEQUENCE.DISPLAY_SCREEN	LOADING RESOURCE SURFACE FROM DISK
1878817.47	Study_Phase.SEQUENCE.Study_Instruction	LOADING RESOURCE SURFACE FROM DISK
1885587.365	Study_Phase.SEQUENCE.DISPLAY_SCREEN	LOADING RESOURCE SURFACE FROM DISK
1887100.891	Study_Phase.SEQUENCE.Study_Instruction	LOADING RESOURCE SURFACE FROM DISK
1895367.093	Study_Phase.SEQUENCE.Study_Instruction	LOADING RESOURCE SURFACE FROM DISK
1902120.409	Study_Phase.SEQUENCE.DISPLAY_SCREEN	LOADING RESOURCE SURFACE FROM DISK
1903634.19	Study_Phase.SEQUENCE.Study_Instruction	LOADING RESOURCE SURFACE FROM DISK
1911900.904	Study_Phase.SEQUENCE.Study_Instruction	LOADING RESOURCE SURFACE FROM DISK
1920150.314	Study_Phase.SEQUENCE.Study_Instruction	LOADING RESOURCE SURFACE FROM DISK
1926903.792	Study_Phase.SEQUENCE.DISPLAY_SCREEN	LOADING RESOURCE SURFACE FROM DISK
1928417.46	Study_Phase.SEQUENCE.Study_Instruction	LOADING RESOURCE SURFACE FROM DISK
1936717.318	Study_Phase.SEQUENCE.Study_Instruction	LOADING RESOURCE SURFACE FROM DISK
1944984.208	Study_Phase.SEQUENCE.Study_Instruction	LOADING RESOURCE SURFACE FROM DISK
1951737.257	Study_Phase.SEQUENCE.DISPLAY_SCREEN	LOADING RESOURCE SURFACE FROM DISK
1953250.896	Study_Phase.SEQUENCE.Study_Instruction	LOADING RESOURCE SURFACE FROM DISK
1961517.41	Study_Phase.SEQUENCE.Study_Instruction	LOADING RESOURCE SURFACE FROM DISK
1968270.524	Study_Phase.SEQUENCE.DISPLAY_SCREEN	LOADING RESOURCE SURFACE FROM DISK
1969784.223	Study_Phase.SEQUENCE.Study_Instruction	LOADING RESOURCE SURFACE FROM DISK
1978050.243	Study_Phase.SEQUENCE.Study_Instruction	LOADING RESOURCE SURFACE FROM DISK
1984803.834	Study_Phase.SEQUENCE.DISPLAY_SCREEN	LOADING RESOURCE SURFACE FROM DISK
1986317.384	Study_Phase.SEQUENCE.Study_Instruction	LOADING RESOURCE SURFACE FROM DISK
1994584.083	Study_Phase.SEQUENCE.Study_Instruction	LOADING RESOURCE SURFACE FROM DISK
2002850.267	Study_Phase.SEQUENCE.Study_Instruction	LOADING RESOURCE SURFACE FROM DISK
2011116.874	Study_Phase.SEQUENCE.Study_Instruction	LOADING RESOURCE SURFACE FROM DISK
2017870.64	Study_Phase.SEQUENCE.DISPLAY_SCREEN	LOADING RESOURCE SURFACE FROM DISK
2019384.229	Study_Phase.SEQUENCE.Study_Instruction	LOADING RESOURCE SURFACE FROM DISK
2026137.18	Study_Phase.SEQUENCE.DISPLAY_SCREEN	LOADING RESOURCE SURFACE FROM DISK
2027650.796	Study_Phase.SEQUENCE.Study_Instruction	LOADING RESOURCE SURFACE FROM DISK
2035916.966	Study_Phase.SEQUENCE.Study_Instruction	LOADING RESOURCE SURFACE FROM DISK
2044184.11	Study_Phase.SEQUENCE.Study_Instruction	LOADING RESOURCE SURFACE FROM DISK
2050937.166	Study_Phase.SEQUENCE.DISPLAY_SCREEN	LOADING RESOURCE SURFACE FROM DISK
2052450.923	Study_Phase.SEQUENCE.Study_Instruction	LOADING RESOURCE SURFACE FROM DISK
2060700.775	Study_Phase.SEQUENCE.Study_Instruction	LOADING RESOURCE SURFACE FROM DISK
2067453.872	Study_Phase.SEQUENCE.DISPLAY_SCREEN	LOADING RESOURCE SURFACE FROM DISK
2068967.507	Study_Phase.SEQUENCE.Study_Instruction	LOADING RESOURCE SURFACE FROM DISK
2077234.095	Study_Phase.SEQUENCE.Study_Instruction	LOADING RESOURCE SURFACE FROM DISK
2085467.099	Study_Phase.SEQUENCE.Study_Instruction	LOADING RESOURCE SURFACE FROM DISK
2092220.637	Study_Phase.SEQUENCE.DISPLAY_SCREEN	LOADING RESOURCE SURFACE FROM DISK
2093734.165	Study_Phase.SEQUENCE.Study_Instruction	LOADING RESOURCE SURFACE FROM DISK
2100487.029	Study_Phase.SEQUENCE.DISPLAY_SCREEN	LOADING RESOURCE SURFACE FROM DISK
2102000.956	Study_Phase.SEQUENCE.Study_Instruction	LOADING RESOURCE SURFACE FROM DISK
2110301.022	Study_Phase.SEQUENCE.Study_Instruction	LOADING RESOURCE SURFACE FROM DISK
2117104.014	Study_Phase.SEQUENCE.DISPLAY_SCREEN	LOADING RESOURCE SURFACE FROM DISK
2118617.663	Study_Phase.SEQUENCE.Study_Instruction	LOADING RESOURCE SURFACE FROM DISK
2126884.228	Study_Phase.SEQUENCE.Study_Instruction	LOADING RESOURCE SURFACE FROM DISK
2133620.303	Study_Phase.SEQUENCE.DISPLAY_SCREEN	LOADING RESOURCE SURFACE FROM DISK
2135134.045	Study_Phase.SEQUENCE.Study_Instruction	LOADING RESOURCE SURFACE FROM DISK
2143434.398	Study_Phase.SEQUENCE.Study_Instruction	LOADING RESOURCE SURFACE FROM DISK
2150187.147	Study_Phase.SEQUENCE.DISPLAY_SCREEN	LOADING RESOURCE SURFACE FROM DISK
2151700.819	Study_Phase.SEQUENCE.Study_Instruction	LOADING RESOURCE SURFACE FROM DISK
2159966.808	Study_Phase.SEQUENCE.Study_Instruction	LOADING RESOURCE SURFACE FROM DISK
2168234.187	Study_Phase.SEQUENCE.Study_Instruction	LOADING RESOURCE SURFACE FROM DISK
2174987.039	Study_Phase.SEQUENCE.DISPLAY_SCREEN	LOADING RESOURCE SURFACE FROM DISK
2176500.747	Study_Phase.SEQUENCE.Study_Instruction	LOADING RESOURCE SURFACE FROM DISK
2184766.915	Study_Phase.SEQUENCE.Study_Instruction	LOADING RESOURCE SURFACE FROM DISK
2193033.513	Study_Phase.SEQUENCE.Study_Instruction	LOADING RESOURCE SURFACE FROM DISK
2201300.742	Study_Phase.SEQUENCE.Study_Instruction	LOADING RESOURCE SURFACE FROM DISK
2208053.751	Study_Phase.SEQUENCE.DISPLAY_SCREEN	LOADING RESOURCE SURFACE FROM DISK
2209608.689	Study_Phase.SEQUENCE.Study_Instruction	LOADING RESOURCE SURFACE FROM DISK
2217884.077	Study_Phase.SEQUENCE.Study_Instruction	LOADING RESOURCE SURFACE FROM DISK
2224637.538	Study_Phase.SEQUENCE.DISPLAY_SCREEN	LOADING RESOURCE SURFACE FROM DISK
2226186.039	Study_Phase.SEQUENCE.Study_Instruction	LOADING RESOURCE SURFACE FROM DISK
2232937.204	Study_Phase.SEQUENCE.DISPLAY_SCREEN	LOADING RESOURCE SURFACE FROM DISK
2234450.86	Study_Phase.SEQUENCE.Study_Instruction	LOADING RESOURCE SURFACE FROM DISK
2241203.806	Study_Phase.SEQUENCE.DISPLAY_SCREEN	LOADING RESOURCE SURFACE FROM DISK
2242717.561	Study_Phase.SEQUENCE.Study_Instruction	LOADING RESOURCE SURFACE FROM DISK
2250984.156	Study_Phase.SEQUENCE.Study_Instruction	LOADING RESOURCE SURFACE FROM DISK
2259250.283	Study_Phase.SEQUENCE.Study_Instruction	LOADING RESOURCE SURFACE FROM DISK
2267550.894	Study_Phase.SEQUENCE.Study_Instruction	LOADING RESOURCE SURFACE FROM DISK
2274303.838	Study_Phase.SEQUENCE.DISPLAY_SCREEN	LOADING RESOURCE SURFACE FROM DISK
2275817.578	Study_Phase.SEQUENCE.Study_Instruction	LOADING RESOURCE SURFACE FROM DISK
2282570.414	Study_Phase.SEQUENCE.DISPLAY_SCREEN	LOADING RESOURCE SURFACE FROM DISK
2284084.05	Study_Phase.SEQUENCE.Study_Instruction	LOADING RESOURCE SURFACE FROM DISK
2292384.885	Study_Phase.SEQUENCE.Study_Instruction	LOADING RESOURCE SURFACE FROM DISK
2300650.305	Study_Phase.SEQUENCE.Study_Instruction	LOADING RESOURCE SURFACE FROM DISK
2308917.568	Study_Phase.SEQUENCE.Study_Instruction	LOADING RESOURCE SURFACE FROM DISK
2315670.242	Study_Phase.SEQUENCE.DISPLAY_SCREEN	LOADING RESOURCE SURFACE FROM DISK
2317184.251	Study_Phase.SEQUENCE.Study_Instruction	LOADING RESOURCE SURFACE FROM DISK
2325491.632	Study_Phase.SEQUENCE.Study_Instruction	LOADING RESOURCE SURFACE FROM DISK
2332237.238	Study_Phase.SEQUENCE.DISPLAY_SCREEN	LOADING RESOURCE SURFACE FROM DISK
2333750.764	Study_Phase.SEQUENCE.Study_Instruction	LOADING RESOURCE SURFACE FROM DISK
2342016.876	Study_Phase.SEQUENCE.Study_Instruction	LOADING RESOURCE SURFACE FROM DISK
2348770.313	Study_Phase.SEQUENCE.DISPLAY_SCREEN	LOADING RESOURCE SURFACE FROM DISK
2350284.203	Study_Phase.SEQUENCE.Study_Instruction	LOADING RESOURCE SURFACE FROM DISK
2358550.317	Study_Phase.SEQUENCE.Study_Instruction	LOADING RESOURCE SURFACE FROM DISK
2365287.317	Study_Phase.SEQUENCE.DISPLAY_SCREEN	LOADING RESOURCE SURFACE FROM DISK
2366800.888	Study_Phase.SEQUENCE.Study_Instruction	LOADING RESOURCE SURFACE FROM DISK
2375067.645	Study_Phase.SEQUENCE.Study_Instruction	LOADING RESOURCE SURFACE FROM DISK
2381820.464	Study_Phase.SEQUENCE.DISPLAY_SCREEN	LOADING RESOURCE SURFACE FROM DISK
2383334.293	Study_Phase.SEQUENCE.Study_Instruction	LOADING RESOURCE SURFACE FROM DISK
2391635.514	Study_Phase.SEQUENCE.Study_Instruction	LOADING RESOURCE SURFACE FROM DISK
2399900.303	Study_Phase.SEQUENCE.Study_Instruction	LOADING RESOURCE SURFACE FROM DISK
2406637.057	Study_Phase.SEQUENCE.DISPLAY_SCREEN	LOADING RESOURCE SURFACE FROM DISK
2408150.857	Study_Phase.SEQUENCE.Study_Instruction	LOADING RESOURCE SURFACE FROM DISK
2414870.524	Study_Phase.SEQUENCE.DISPLAY_SCREEN	LOADING RESOURCE SURFACE FROM DISK
2416446.124	Study_Phase.SEQUENCE.Study_Instruction	LOADING RESOURCE SURFACE FROM DISK
2423187.178	Study_Phase.SEQUENCE.DISPLAY_SCREEN	LOADING RESOURCE SURFACE FROM DISK
2424700.838	Study_Phase.SEQUENCE.Study_Instruction	LOADING RESOURCE SURFACE FROM DISK
2432950.327	Study_Phase.SEQUENCE.Study_Instruction	LOADING RESOURCE SURFACE FROM DISK
2439753.812	Study_Phase.SEQUENCE.DISPLAY_SCREEN	LOADING RESOURCE SURFACE FROM DISK
2441267.359	Study_Phase.SEQUENCE.Study_Instruction	LOADING RESOURCE SURFACE FROM DISK
2449534.328	Study_Phase.SEQUENCE.Study_Instruction	LOADING RESOURCE SURFACE FROM DISK
2456287.068	Study_Phase.SEQUENCE.DISPLAY_SCREEN	LOADING RESOURCE SURFACE FROM DISK
2457800.833	Study_Phase.SEQUENCE.Study_Instruction	LOADING RESOURCE SURFACE FROM DISK
2466067.468	Study_Phase.SEQUENCE.Study_Instruction	LOADING RESOURCE SURFACE FROM DISK
2472820.412	Study_Phase.SEQUENCE.DISPLAY_SCREEN	LOADING RESOURCE SURFACE FROM DISK
2474334.064	Study_Phase.SEQUENCE.Study_Instruction	LOADING RESOURCE SURFACE FROM DISK
2482584.164	Study_Phase.SEQUENCE.Study_Instruction	LOADING RESOURCE SURFACE FROM DISK
2489337.201	Study_Phase.SEQUENCE.DISPLAY_SCREEN	LOADING RESOURCE SURFACE FROM DISK
2490850.731	Study_Phase.SEQUENCE.Study_Instruction	LOADING RESOURCE SURFACE FROM DISK
2497603.865	Study_Phase.SEQUENCE.DISPLAY_SCREEN	LOADING RESOURCE SURFACE FROM DISK
2499117.623	Study_Phase.SEQUENCE.Study_Instruction	LOADING RESOURCE SURFACE FROM DISK
2507384.126	Study_Phase.SEQUENCE.Study_Instruction	LOADING RESOURCE SURFACE FROM DISK
2515650.174	Study_Phase.SEQUENCE.Study_Instruction	LOADING RESOURCE SURFACE FROM DISK
2523917.045	Study_Phase.SEQUENCE.Study_Instruction	LOADING RESOURCE SURFACE FROM DISK
2530670.502	Study_Phase.SEQUENCE.DISPLAY_SCREEN	LOADING RESOURCE SURFACE FROM DISK
2532227.28	Study_Phase.SEQUENCE.Study_Instruction	LOADING RESOURCE SURFACE FROM DISK
2540520.527	Study_Phase.SEQUENCE.Study_Instruction	LOADING RESOURCE SURFACE FROM DISK
2548784.236	Study_Phase.SEQUENCE.Study_Instruction	LOADING RESOURCE SURFACE FROM DISK
2555537.093	Study_Phase.SEQUENCE.DISPLAY_SCREEN	LOADING RESOURCE SURFACE FROM DISK
2557051.02	Study_Phase.SEQUENCE.Study_Instruction	LOADING RESOURCE SURFACE FROM DISK
2563803.888	Study_Phase.SEQUENCE.DISPLAY_SCREEN	LOADING RESOURCE SURFACE FROM DISK
2565317.654	Study_Phase.SEQUENCE.Study_Instruction	LOADING RESOURCE SURFACE FROM DISK
2573583.621	Study_Phase.SEQUENCE.Study_Instruction	LOADING RESOURCE SURFACE FROM DISK
2581850.917	Study_Phase.SEQUENCE.Study_Instruction	LOADING RESOURCE SURFACE FROM DISK
2590117.002	Study_Phase.SEQUENCE.Study_Instruction	LOADING RESOURCE SURFACE FROM DISK
2596870.504	Study_Phase.SEQUENCE.DISPLAY_SCREEN	LOADING RESOURCE SURFACE FROM DISK
2598384.162	Study_Phase.SEQUENCE.Study_Instruction	LOADING RESOURCE SURFACE FROM DISK
2606651.08	Study_Phase.SEQUENCE.Study_Instruction	LOADING RESOURCE SURFACE FROM DISK
2614900.17	Study_Phase.SEQUENCE.Study_Instruction	LOADING RESOURCE SURFACE FROM DISK
2621653.697	Study_Phase.SEQUENCE.DISPLAY_SCREEN	LOADING RESOURCE SURFACE FROM DISK
2623167.451	Study_Phase.SEQUENCE.Study_Instruction	LOADING RESOURCE SURFACE FROM DISK
2629920.347	Study_Phase.SEQUENCE.DISPLAY_SCREEN	LOADING RESOURCE SURFACE FROM DISK
2631434.168	Study_Phase.SEQUENCE.Study_Instruction	LOADING RESOURCE SURFACE FROM DISK
2639683.633	Study_Phase.SEQUENCE.Study_Instruction	LOADING RESOURCE SURFACE FROM DISK
2647950.393	Study_Phase.SEQUENCE.Study_Instruction	LOADING RESOURCE SURFACE FROM DISK
2656249.267	Study_Phase.SEQUENCE.Study_Instruction	LOADING RESOURCE SURFACE FROM DISK
2664517.629	Study_Phase.SEQUENCE.Study_Instruction	LOADING RESOURCE SURFACE FROM DISK
2669223.495	DISPLAY_SCREEN[7]	LOADING RESOURCE SURFACE FROM DISK
2806202.515	Test_Phase.SEQUENCE.Target_Cue	LOADING RESOURCE SURFACE FROM DISK
2806204.293	Test_Phase.SEQUENCE.Target_Cue	LOADING RESOURCE SURFACE FROM DISK
2808217.283	Test_Phase.SEQUENCE.Word	LOADING RESOURCE SURFACE FROM DISK
2811271.595	Test_Phase.SEQUENCE.Test_Question	LOADING RESOURCE SURFACE FROM DISK
2811287.663	Test_Phase.SEQUENCE.Test_Question	LOADING RESOURCE SURFACE FROM DISK
2811305.355	Test_Phase.SEQUENCE.Test_Question	LOADING RESOURCE SURFACE FROM DISK
2811320.091	Test_Phase.SEQUENCE.Test_Question	LOADING RESOURCE SURFACE FROM DISK
2811321.974	Test_Phase.SEQUENCE.Test_Question	LOADING RESOURCE SURFACE FROM DISK
2811323.756	Test_Phase.SEQUENCE.Test_Question	LOADING RESOURCE SURFACE FROM DISK
2811325.534	Test_Phase.SEQUENCE.Test_Question	LOADING RESOURCE SURFACE FROM DISK
2811333.601	Test_Phase.SEQUENCE.Test_Question	LOADING RESOURCE SURFACE FROM DISK
2811343.291	Test_Phase.SEQUENCE.Test_Question	LOADING RESOURCE SURFACE FROM DISK
2811355.201	Test_Phase.SEQUENCE.Test_Question	LOADING RESOURCE SURFACE FROM DISK
2811366.785	Test_Phase.SEQUENCE.Test_Question	LOADING RESOURCE SURFACE FROM DISK
2811368.6	Test_Phase.SEQUENCE.Test_Question	LOADING RESOURCE SURFACE FROM DISK
2832600.439	Test_Phase.SEQUENCE.Word	LOADING RESOURCE SURFACE FROM DISK
2842300.466	Test_Phase.SEQUENCE.Word	LOADING RESOURCE SURFACE FROM DISK
2851300.83	Test_Phase.SEQUENCE.Word	LOADING RESOURCE SURFACE FROM DISK
2859733.899	Test_Phase.SEQUENCE.Word	LOADING RESOURCE SURFACE FROM DISK
2873733.838	Test_Phase.SEQUENCE.Word	LOADING RESOURCE SURFACE FROM DISK
2882400.655	Test_Phase.SEQUENCE.Word	LOADING RESOURCE SURFACE FROM DISK
2890583.907	Test_Phase.SEQUENCE.Word	LOADING RESOURCE SURFACE FROM DISK
2898700.514	Test_Phase.SEQUENCE.Word	LOADING RESOURCE SURFACE FROM DISK
2906833.726	Test_Phase.SEQUENCE.Word	LOADING RESOURCE SURFACE FROM DISK
2925117.207	Test_Phase.SEQUENCE.Word	LOADING RESOURCE SURFACE FROM DISK
2937233.896	Test_Phase.SEQUENCE.Word	LOADING RESOURCE SURFACE FROM DISK
2945133.959	Test_Phase.SEQUENCE.Word	LOADING RESOURCE SURFACE FROM DISK
2953400.536	Test_Phase.SEQUENCE.Word	LOADING RESOURCE SURFACE FROM DISK
2965000.629	Test_Phase.SEQUENCE.Word	LOADING RESOURCE SURFACE FROM DISK
2972483.067	Test_Phase.SEQUENCE.Word	LOADING RESOURCE SURFACE FROM DISK
2980117.282	Test_Phase.SEQUENCE.Word	LOADING RESOURCE SURFACE FROM DISK
2987300.64	Test_Phase.SEQUENCE.Word	LOADING RESOURCE SURFACE FROM DISK
2995400.546	Test_Phase.SEQUENCE.Word	LOADING RESOURCE SURFACE FROM DISK
3007467.166	Test_Phase.SEQUENCE.Word	LOADING RESOURCE SURFACE FROM DISK
3016800.563	Test_Phase.SEQUENCE.Word	LOADING RESOURCE SURFACE FROM DISK
3025333.741	Test_Phase.SEQUENCE.Word	LOADING RESOURCE SURFACE FROM DISK
3032683.851	Test_Phase.SEQUENCE.Word	LOADING RESOURCE SURFACE FROM DISK
3040067.368	Test_Phase.SEQUENCE.Word	LOADING RESOURCE SURFACE FROM DISK
3047417.325	Test_Phase.SEQUENCE.Word	LOADING RESOURCE SURFACE FROM DISK
3057933.942	Test_Phase.SEQUENCE.Word	LOADING RESOURCE SURFACE FROM DISK
3068817.36	Test_Phase.SEQUENCE.Word	LOADING RESOURCE SURFACE FROM DISK
3076300.753	Test_Phase.SEQUENCE.Word	LOADING RESOURCE SURFACE FROM DISK
3084450.525	Test_Phase.SEQUENCE.Word	LOADING RESOURCE SURFACE FROM DISK
3092892.572	Test_Phase.SEQUENCE.Word	LOADING RESOURCE SURFACE FROM DISK
3101100.639	Test_Phase.SEQUENCE.Word	LOADING RESOURCE SURFACE FROM DISK
3108483.954	Test_Phase.SEQUENCE.Word	LOADING RESOURCE SURFACE FROM DISK
3117050.602	Test_Phase.SEQUENCE.Word	LOADING RESOURCE SURFACE FROM DISK
3127417.313	Test_Phase.SEQUENCE.Word	LOADING RESOURCE SURFACE FROM DISK
3134933.737	Test_Phase.SEQUENCE.Word	LOADING RESOURCE SURFACE FROM DISK
3143250.555	Test_Phase.SEQUENCE.Word	LOADING RESOURCE SURFACE FROM DISK
3150967.164	Test_Phase.SEQUENCE.Word	LOADING RESOURCE SURFACE FROM DISK
3158200.649	Test_Phase.SEQUENCE.Word	LOADING RESOURCE SURFACE FROM DISK
3166783.889	Test_Phase.SEQUENCE.Word	LOADING RESOURCE SURFACE FROM DISK
3174467.231	Test_Phase.SEQUENCE.Word	LOADING RESOURCE SURFACE FROM DISK
3181900.644	Test_Phase.SEQUENCE.Word	LOADING RESOURCE SURFACE FROM DISK
3191155.268	Test_Phase.SEQUENCE.Word	LOADING RESOURCE SURFACE FROM DISK
3198867.141	Test_Phase.SEQUENCE.Word	LOADING RESOURCE SURFACE FROM DISK
3206350.747	Test_Phase.SEQUENCE.Word	LOADING RESOURCE SURFACE FROM DISK
3215100.597	Test_Phase.SEQUENCE.Word	LOADING RESOURCE SURFACE FROM DISK
3223350.51	Test_Phase.SEQUENCE.Word	LOADING RESOURCE SURFACE FROM DISK
3233150.572	Test_Phase.SEQUENCE.Word	LOADING RESOURCE SURFACE FROM DISK
3240576.988	Test_Phase.SEQUENCE.Word	LOADING RESOURCE SURFACE FROM DISK
3249050.84	Test_Phase.SEQUENCE.Word	LOADING RESOURCE SURFACE FROM DISK
3258250.461	Test_Phase.SEQUENCE.Word	LOADING RESOURCE SURFACE FROM DISK
3266473.531	Test_Phase.SEQUENCE.Word	LOADING RESOURCE SURFACE FROM DISK
3274486.766	Test_Phase.SEQUENCE.Word	LOADING RESOURCE SURFACE FROM DISK
3281917.123	Test_Phase.SEQUENCE.Word	LOADING RESOURCE SURFACE FROM DISK
3290300.488	Test_Phase.SEQUENCE.Word	LOADING RESOURCE SURFACE FROM DISK
3297450.656	Test_Phase.SEQUENCE.Word	LOADING RESOURCE SURFACE FROM DISK
3304650.563	Test_Phase.SEQUENCE.Word	LOADING RESOURCE SURFACE FROM DISK
3318417.2	Test_Phase.SEQUENCE.Word	LOADING RESOURCE SURFACE FROM DISK
3329600.546	Test_Phase.SEQUENCE.Word	LOADING RESOURCE SURFACE FROM DISK
3337000.465	Test_Phase.SEQUENCE.Word	LOADING RESOURCE SURFACE FROM DISK
3344800.666	Test_Phase.SEQUENCE.Word	LOADING RESOURCE SURFACE FROM DISK
3353333.789	Test_Phase.SEQUENCE.Word	LOADING RESOURCE SURFACE FROM DISK
3365133.853	Test_Phase.SEQUENCE.Word	LOADING RESOURCE SURFACE FROM DISK
3372750.628	Test_Phase.SEQUENCE.Word	LOADING RESOURCE SURFACE FROM DISK
3381333.967	Test_Phase.SEQUENCE.Word	LOADING RESOURCE SURFACE FROM DISK
3395335.613	Test_Phase.SEQUENCE.Word	LOADING RESOURCE SURFACE FROM DISK
3402950.542	Test_Phase.SEQUENCE.Word	LOADING RESOURCE SURFACE FROM DISK
3412133.861	Test_Phase.SEQUENCE.Word	LOADING RESOURCE SURFACE FROM DISK
3424104.394	Test_Phase.SEQUENCE.Word	LOADING RESOURCE SURFACE FROM DISK
3432200.586	Test_Phase.SEQUENCE.Word	LOADING RESOURCE SURFACE FROM DISK
3440384.008	Test_Phase.SEQUENCE.Word	LOADING RESOURCE SURFACE FROM DISK
3447903.258	Test_Phase.SEQUENCE.Word	LOADING RESOURCE SURFACE FROM DISK
3456900.667	Test_Phase.SEQUENCE.Word	LOADING RESOURCE SURFACE FROM DISK
3473683.946	Test_Phase.SEQUENCE.Word	LOADING RESOURCE SURFACE FROM DISK
3490993.427	Test_Phase.SEQUENCE.Word	LOADING RESOURCE SURFACE FROM DISK
3499200.496	Test_Phase.SEQUENCE.Word	LOADING RESOURCE SURFACE FROM DISK
3509967.279	Test_Phase.SEQUENCE.Word	LOADING RESOURCE SURFACE FROM DISK
3517450.544	Test_Phase.SEQUENCE.Word	LOADING RESOURCE SURFACE FROM DISK
3532056.836	Test_Phase.SEQUENCE.Word	LOADING RESOURCE SURFACE FROM DISK
3540433.956	Test_Phase.SEQUENCE.Word	LOADING RESOURCE SURFACE FROM DISK
3548383.687	Test_Phase.SEQUENCE.Word	LOADING RESOURCE SURFACE FROM DISK
3556067.393	Test_Phase.SEQUENCE.Word	LOADING RESOURCE SURFACE FROM DISK
3567000.613	Test_Phase.SEQUENCE.Word	LOADING RESOURCE SURFACE FROM DISK
3574867.124	Test_Phase.SEQUENCE.Word	LOADING RESOURCE SURFACE FROM DISK
3582117.315	Test_Phase.SEQUENCE.Word	LOADING RESOURCE SURFACE FROM DISK
3590567.148	Test_Phase.SEQUENCE.Word	LOADING RESOURCE SURFACE FROM DISK
3600017.137	Test_Phase.SEQUENCE.Word	LOADING RESOURCE SURFACE FROM DISK
3608634.154	Test_Phase.SEQUENCE.Word	LOADING RESOURCE SURFACE FROM DISK
3615800.632	Test_Phase.SEQUENCE.Word	LOADING RESOURCE SURFACE FROM DISK
3625183.831	Test_Phase.SEQUENCE.Word	LOADING RESOURCE SURFACE FROM DISK
3635550.632	Test_Phase.SEQUENCE.Word	LOADING RESOURCE SURFACE FROM DISK
3643617.431	Test_Phase.SEQUENCE.Word	LOADING RESOURCE SURFACE FROM DISK
3651308.233	Test_Phase.SEQUENCE.Word	LOADING RESOURCE SURFACE FROM DISK
3659767.256	Test_Phase.SEQUENCE.Word	LOADING RESOURCE SURFACE FROM DISK
3667467.242	Test_Phase.SEQUENCE.Word	LOADING RESOURCE SURFACE FROM DISK
3674750.517	Test_Phase.SEQUENCE.Word	LOADING RESOURCE SURFACE FROM DISK
3682200.682	Test_Phase.SEQUENCE.Word	LOADING RESOURCE SURFACE FROM DISK
3689800.512	Test_Phase.SEQUENCE.Word	LOADING RESOURCE SURFACE FROM DISK
3697300.651	Test_Phase.SEQUENCE.Word	LOADING RESOURCE SURFACE FROM DISK
3711967.203	Test_Phase.SEQUENCE.Word	LOADING RESOURCE SURFACE FROM DISK
3719650.539	Test_Phase.SEQUENCE.Word	LOADING RESOURCE SURFACE FROM DISK
3732250.824	Test_Phase.SEQUENCE.Word	LOADING RESOURCE SURFACE FROM DISK
3749933.95	Test_Phase.SEQUENCE.Word	LOADING RESOURCE SURFACE FROM DISK
3757217.236	Test_Phase.SEQUENCE.Word	LOADING RESOURCE SURFACE FROM DISK
3764567.148	Test_Phase.SEQUENCE.Word	LOADING RESOURCE SURFACE FROM DISK
3779184.03	Test_Phase.SEQUENCE.Word	LOADING RESOURCE SURFACE FROM DISK
3787967.306	Test_Phase.SEQUENCE.Word	LOADING RESOURCE SURFACE FROM DISK
3795283.83	Test_Phase.SEQUENCE.Word	LOADING RESOURCE SURFACE FROM DISK
3802583.826	Test_Phase.SEQUENCE.Word	LOADING RESOURCE SURFACE FROM DISK
3816800.617	Test_Phase.SEQUENCE.Word	LOADING RESOURCE SURFACE FROM DISK
3823900.584	Test_Phase.SEQUENCE.Word	LOADING RESOURCE SURFACE FROM DISK
3831233.807	Test_Phase.SEQUENCE.Word	LOADING RESOURCE SURFACE FROM DISK
3838867.256	Test_Phase.SEQUENCE.Word	LOADING RESOURCE SURFACE FROM DISK
3846183.753	Test_Phase.SEQUENCE.Word	LOADING RESOURCE SURFACE FROM DISK
3853200.466	Test_Phase.SEQUENCE.Word	LOADING RESOURCE SURFACE FROM DISK
3860533.809	Test_Phase.SEQUENCE.Word	LOADING RESOURCE SURFACE FROM DISK
3868201.071	Test_Phase.SEQUENCE.Word	LOADING RESOURCE SURFACE FROM DISK
3877650.524	Test_Phase.SEQUENCE.Word	LOADING RESOURCE SURFACE FROM DISK
3887283.874	Test_Phase.SEQUENCE.Word	LOADING RESOURCE SURFACE FROM DISK
3896417.157	Test_Phase.SEQUENCE.Word	LOADING RESOURCE SURFACE FROM DISK
3904484.138	Test_Phase.SEQUENCE.Word	LOADING RESOURCE SURFACE FROM DISK
3915908.685	Test_Phase.SEQUENCE.Word	LOADING RESOURCE SURFACE FROM DISK
3925134.021	Test_Phase.SEQUENCE.Word	LOADING RESOURCE SURFACE FROM DISK
3932484.095	Test_Phase.SEQUENCE.Word	LOADING RESOURCE SURFACE FROM DISK
3940367.404	Test_Phase.SEQUENCE.Word	LOADING RESOURCE SURFACE FROM DISK
3951133.841	Test_Phase.SEQUENCE.Word	LOADING RESOURCE SURFACE FROM DISK
3958617.257	Test_Phase.SEQUENCE.Word	LOADING RESOURCE SURFACE FROM DISK
3966017.27	Test_Phase.SEQUENCE.Word	LOADING RESOURCE SURFACE FROM DISK
3974267.303	Test_Phase.SEQUENCE.Word	LOADING RESOURCE SURFACE FROM DISK
3984033.67	Test_Phase.SEQUENCE.Word	LOADING RESOURCE SURFACE FROM DISK
3991233.804	Test_Phase.SEQUENCE.Word	LOADING RESOURCE SURFACE FROM DISK
3998517.221	Test_Phase.SEQUENCE.Word	LOADING RESOURCE SURFACE FROM DISK
4005950.492	Test_Phase.SEQUENCE.Word	LOADING RESOURCE SURFACE FROM DISK
4015083.769	Test_Phase.SEQUENCE.Word	LOADING RESOURCE SURFACE FROM DISK
4023950.607	Test_Phase.SEQUENCE.Word	LOADING RESOURCE SURFACE FROM DISK
4036350.493	Test_Phase.SEQUENCE.Word	LOADING RESOURCE SURFACE FROM DISK
4044200.517	Test_Phase.SEQUENCE.Word	LOADING RESOURCE SURFACE FROM DISK
4052137.806	Test_Phase.SEQUENCE.Word	LOADING RESOURCE SURFACE FROM DISK
4059683.959	Test_Phase.SEQUENCE.Word	LOADING RESOURCE SURFACE FROM DISK
4070450.694	Test_Phase.SEQUENCE.Word	LOADING RESOURCE SURFACE FROM DISK
4077683.78	Test_Phase.SEQUENCE.Word	LOADING RESOURCE SURFACE FROM DISK
4085967.247	Test_Phase.SEQUENCE.Word	LOADING RESOURCE SURFACE FROM DISK
4093117.351	Test_Phase.SEQUENCE.Word	LOADING RESOURCE SURFACE FROM DISK
4101633.799	Test_Phase.SEQUENCE.Word	LOADING RESOURCE SURFACE FROM DISK
4118033.9	Test_Phase.SEQUENCE.Word	LOADING RESOURCE SURFACE FROM DISK
4129217.173	Test_Phase.SEQUENCE.Word	LOADING RESOURCE SURFACE FROM DISK
4136433.903	Test_Phase.SEQUENCE.Word	LOADING RESOURCE SURFACE FROM DISK
4143700.582	Test_Phase.SEQUENCE.Word	LOADING RESOURCE SURFACE FROM DISK
4151900.604	Test_Phase.SEQUENCE.Word	LOADING RESOURCE SURFACE FROM DISK
4159883.815	Test_Phase.SEQUENCE.Word	LOADING RESOURCE SURFACE FROM DISK
4168567.236	Test_Phase.SEQUENCE.Word	LOADING RESOURCE SURFACE FROM DISK
4176583.757	Test_Phase.SEQUENCE.Word	LOADING RESOURCE SURFACE FROM DISK
4183934.048	Test_Phase.SEQUENCE.Word	LOADING RESOURCE SURFACE FROM DISK
4191867.171	Test_Phase.SEQUENCE.Word	LOADING RESOURCE SURFACE FROM DISK
4199083.918	Test_Phase.SEQUENCE.Word	LOADING RESOURCE SURFACE FROM DISK
4206733.885	Test_Phase.SEQUENCE.Word	LOADING RESOURCE SURFACE FROM DISK
4215422.424	Test_Phase.SEQUENCE.Word	LOADING RESOURCE SURFACE FROM DISK
4223516.489	Test_Phase.SEQUENCE.Word	LOADING RESOURCE SURFACE FROM DISK
4234717.193	Test_Phase.SEQUENCE.Word	LOADING RESOURCE SURFACE FROM DISK
4245100.625	Test_Phase.SEQUENCE.Word	LOADING RESOURCE SURFACE FROM DISK
4258933.717	Test_Phase.SEQUENCE.Word	LOADING RESOURCE SURFACE FROM DISK
4268350.51	Test_Phase.SEQUENCE.Word	LOADING RESOURCE SURFACE FROM DISK
4279000.683	Test_Phase.SEQUENCE.Word	LOADING RESOURCE SURFACE FROM DISK
4286367.253	Test_Phase.SEQUENCE.Word	LOADING RESOURCE SURFACE FROM DISK
4293717.267	Test_Phase.SEQUENCE.Word	LOADING RESOURCE SURFACE FROM DISK
4300883.896	Test_Phase.SEQUENCE.Word	LOADING RESOURCE SURFACE FROM DISK
4308287.294	Test_Phase.SEQUENCE.Word	LOADING RESOURCE SURFACE FROM DISK
4316500.573	Test_Phase.SEQUENCE.Word	LOADING RESOURCE SURFACE FROM DISK
4325100.647	Test_Phase.SEQUENCE.Word	LOADING RESOURCE SURFACE FROM DISK
4332533.904	Test_Phase.SEQUENCE.Word	LOADING RESOURCE SURFACE FROM DISK
4340484.088	Test_Phase.SEQUENCE.Word	LOADING RESOURCE SURFACE FROM DISK
4349617.117	Test_Phase.SEQUENCE.Word	LOADING RESOURCE SURFACE FROM DISK
4358683.819	Test_Phase.SEQUENCE.Word	LOADING RESOURCE SURFACE FROM DISK
4365950.495	Test_Phase.SEQUENCE.Word	LOADING RESOURCE SURFACE FROM DISK
4374033.785	Test_Phase.SEQUENCE.Word	LOADING RESOURCE SURFACE FROM DISK
4382183.756	Test_Phase.SEQUENCE.Word	LOADING RESOURCE SURFACE FROM DISK
4391900.476	Test_Phase.SEQUENCE.Word	LOADING RESOURCE SURFACE FROM DISK
4398917.339	Test_Phase.SEQUENCE.Word	LOADING RESOURCE SURFACE FROM DISK
4407050.676	Test_Phase.SEQUENCE.Word	LOADING RESOURCE SURFACE FROM DISK
4415483.847	Test_Phase.SEQUENCE.Word	LOADING RESOURCE SURFACE FROM DISK
4422734.055	Test_Phase.SEQUENCE.Word	LOADING RESOURCE SURFACE FROM DISK
4431267.253	Test_Phase.SEQUENCE.Word	LOADING RESOURCE SURFACE FROM DISK
4439333.894	Test_Phase.SEQUENCE.Word	LOADING RESOURCE SURFACE FROM DISK
4447633.721	Test_Phase.SEQUENCE.Word	LOADING RESOURCE SURFACE FROM DISK
4455617.233	Test_Phase.SEQUENCE.Word	LOADING RESOURCE SURFACE FROM DISK
4464867.447	Test_Phase.SEQUENCE.Word	LOADING RESOURCE SURFACE FROM DISK
4472083.804	Test_Phase.SEQUENCE.Word	LOADING RESOURCE SURFACE FROM DISK
4480500.64	Test_Phase.SEQUENCE.Word	LOADING RESOURCE SURFACE FROM DISK
4488917.099	Test_Phase.SEQUENCE.Word	LOADING RESOURCE SURFACE FROM DISK
4497917.236	Test_Phase.SEQUENCE.Word	LOADING RESOURCE SURFACE FROM DISK
4505067.165	Test_Phase.SEQUENCE.Word	LOADING RESOURCE SURFACE FROM DISK
4514733.931	Test_Phase.SEQUENCE.Word	LOADING RESOURCE SURFACE FROM DISK
4522567.153	Test_Phase.SEQUENCE.Word	LOADING RESOURCE SURFACE FROM DISK
4530500.648	Test_Phase.SEQUENCE.Word	LOADING RESOURCE SURFACE FROM DISK
4538833.879	Test_Phase.SEQUENCE.Word	LOADING RESOURCE SURFACE FROM DISK
4546267.322	Test_Phase.SEQUENCE.Word	LOADING RESOURCE SURFACE FROM DISK
4556684.125	Test_Phase.SEQUENCE.Word	LOADING RESOURCE SURFACE FROM DISK
4569167.322	Test_Phase.SEQUENCE.Word	LOADING RESOURCE SURFACE FROM DISK
4576283.652	Test_Phase.SEQUENCE.Word	LOADING RESOURCE SURFACE FROM DISK
4584784.027	Test_Phase.SEQUENCE.Word	LOADING RESOURCE SURFACE FROM DISK
4588248.589	DISPLAY_SCREEN	LOADING RESOURCE SURFACE FROM DISK
