5291.332	DISPLAY_SCREEN[1]	LOADING RESOURCE SURFACE FROM DISK
147523.381	Familiarization_Phase.SEQUENCE.Cue_and_Instruction	LOADING RESOURCE SURFACE FROM DISK
147527.457	Familiarization_Phase.SEQUENCE.Cue_and_Instruction	LOADING RESOURCE SURFACE FROM DISK
153575.126	Familiarization_Phase.SEQUENCE.Cue_and_Instruction	LOADING RESOURCE SURFACE FROM DISK
153579.724	Familiarization_Phase.SEQUENCE.Cue_and_Instruction	LOADING RESOURCE SURFACE FROM DISK
159625.175	Familiarization_Phase.SEQUENCE.Cue_and_Instruction	LOADING RESOURCE SURFACE FROM DISK
159629.67	Familiarization_Phase.SEQUENCE.Cue_and_Instruction	LOADING RESOURCE SURFACE FROM DISK
201774.114	DISPLAY_SCREEN[3]	LOADING RESOURCE SURFACE FROM DISK
330348.576	DISPLAY_SCREEN[5]	LOADING RESOURCE SURFACE FROM DISK
410523.959	Practice_Phase.SEQUENCE.Blink_Screen	LOADING RESOURCE SURFACE FROM DISK
411746.031	Practice_Phase.SEQUENCE.Luminance_Cue[1]	LOADING RESOURCE SURFACE FROM DISK
411759.793	Practice_Phase.SEQUENCE.Luminance_Cue[1]	LOADING RESOURCE SURFACE FROM DISK
411761.356	Practice_Phase.SEQUENCE.Luminance_Cue[1]	flip time is later than desired time. Desired Time=411738 Flip Time=411771 Retrace Rate=16.641, prepareTime=47 flip request time 411761
412326.119	Practice_Phase.SEQUENCE.Practice_Instruction	LOADING RESOURCE SURFACE FROM DISK
412334.926	Practice_Phase.SEQUENCE.Practice_Instruction	LOADING RESOURCE SURFACE FROM DISK
412336.524	Practice_Phase.SEQUENCE.Practice_Instruction	flip time is later than desired time. Desired Time=412271 Flip Time=412354 Retrace Rate=16.641, prepareTime=89 flip request time 412336
415878.606	Practice_Phase.SEQUENCE.Action_cue[1]	LOADING RESOURCE SURFACE FROM DISK
415880.739	Practice_Phase.SEQUENCE.Action_cue[1]	flip time is later than desired time. Desired Time=415854 Flip Time=415888 Retrace Rate=16.641, prepareTime=50 flip request time 415880
420441.922	Practice_Phase.SEQUENCE.Practice_Instruction	LOADING RESOURCE SURFACE FROM DISK
420456.833	Practice_Phase.SEQUENCE.Practice_Instruction	LOADING RESOURCE SURFACE FROM DISK
420458.481	Practice_Phase.SEQUENCE.Practice_Instruction	flip time is later than desired time. Desired Time=420454 Flip Time=420471 Retrace Rate=16.641, prepareTime=27 flip request time 420458
428561.654	Practice_Phase.SEQUENCE.Practice_Instruction	LOADING RESOURCE SURFACE FROM DISK
428564.294	Practice_Phase.SEQUENCE.Practice_Instruction	LOADING RESOURCE SURFACE FROM DISK
428565.873	Practice_Phase.SEQUENCE.Practice_Instruction	flip time is later than desired time. Desired Time=428538 Flip Time=428588 Retrace Rate=16.641, prepareTime=51 flip request time 428565
436635.807	Practice_Phase.SEQUENCE.Practice_Instruction	LOADING RESOURCE SURFACE FROM DISK
436678.654	Practice_Phase.SEQUENCE.Practice_Instruction	LOADING RESOURCE SURFACE FROM DISK
436680.3	Practice_Phase.SEQUENCE.Practice_Instruction	flip time is later than desired time. Desired Time=436654 Flip Time=436704 Retrace Rate=16.641, prepareTime=49 flip request time 436680
444752.378	Practice_Phase.SEQUENCE.Practice_Instruction	LOADING RESOURCE SURFACE FROM DISK
444789.445	Practice_Phase.SEQUENCE.Practice_Instruction	LOADING RESOURCE SURFACE FROM DISK
444791.089	Practice_Phase.SEQUENCE.Practice_Instruction	flip time is later than desired time. Desired Time=444771 Flip Time=444804 Retrace Rate=16.641, prepareTime=43 flip request time 444790
452852.821	Practice_Phase.SEQUENCE.Practice_Instruction	LOADING RESOURCE SURFACE FROM DISK
452855.434	Practice_Phase.SEQUENCE.Practice_Instruction	LOADING RESOURCE SURFACE FROM DISK
460919.364	Practice_Phase.SEQUENCE.Practice_Instruction	LOADING RESOURCE SURFACE FROM DISK
460921.925	Practice_Phase.SEQUENCE.Practice_Instruction	LOADING RESOURCE SURFACE FROM DISK
468985.896	Practice_Phase.SEQUENCE.Practice_Instruction	LOADING RESOURCE SURFACE FROM DISK
468988.573	Practice_Phase.SEQUENCE.Practice_Instruction	LOADING RESOURCE SURFACE FROM DISK
477052.539	Practice_Phase.SEQUENCE.Practice_Instruction	LOADING RESOURCE SURFACE FROM DISK
477055.266	Practice_Phase.SEQUENCE.Practice_Instruction	LOADING RESOURCE SURFACE FROM DISK
483215.499	DISPLAY_SCREEN[2]	LOADING RESOURCE SURFACE FROM DISK
631399.654	Study_Phase.SEQUENCE.Study_Instruction	LOADING RESOURCE SURFACE FROM DISK
639662.737	Study_Phase.SEQUENCE.Study_Instruction	LOADING RESOURCE SURFACE FROM DISK
647978.968	Study_Phase.SEQUENCE.Study_Instruction	LOADING RESOURCE SURFACE FROM DISK
656261.217	Study_Phase.SEQUENCE.Study_Instruction	LOADING RESOURCE SURFACE FROM DISK
656305.955	Study_Phase.SEQUENCE.Study_Instruction	LOADING RESOURCE SURFACE FROM DISK
664616.581	Study_Phase.SEQUENCE.Study_Instruction	LOADING RESOURCE SURFACE FROM DISK
672894.61	Study_Phase.SEQUENCE.Study_Instruction	LOADING RESOURCE SURFACE FROM DISK
672933.333	Study_Phase.SEQUENCE.Study_Instruction	LOADING RESOURCE SURFACE FROM DISK
681241.835	Study_Phase.SEQUENCE.Study_Instruction	LOADING RESOURCE SURFACE FROM DISK
689511.283	Study_Phase.SEQUENCE.Study_Instruction	LOADING RESOURCE SURFACE FROM DISK
689550.35	Study_Phase.SEQUENCE.Study_Instruction	LOADING RESOURCE SURFACE FROM DISK
697808.928	Study_Phase.SEQUENCE.Study_Instruction	LOADING RESOURCE SURFACE FROM DISK
706061.457	Study_Phase.SEQUENCE.Study_Instruction	LOADING RESOURCE SURFACE FROM DISK
706063.872	Study_Phase.SEQUENCE.Study_Instruction	LOADING RESOURCE SURFACE FROM DISK
714344.479	Study_Phase.SEQUENCE.Study_Instruction	LOADING RESOURCE SURFACE FROM DISK
714381.774	Study_Phase.SEQUENCE.Study_Instruction	LOADING RESOURCE SURFACE FROM DISK
722700.34	Study_Phase.SEQUENCE.Study_Instruction	LOADING RESOURCE SURFACE FROM DISK
730978.131	Study_Phase.SEQUENCE.Study_Instruction	LOADING RESOURCE SURFACE FROM DISK
731018.805	Study_Phase.SEQUENCE.Study_Instruction	LOADING RESOURCE SURFACE FROM DISK
739294.587	Study_Phase.SEQUENCE.Study_Instruction	LOADING RESOURCE SURFACE FROM DISK
739297.263	Study_Phase.SEQUENCE.Study_Instruction	LOADING RESOURCE SURFACE FROM DISK
747578.022	Study_Phase.SEQUENCE.Study_Instruction	LOADING RESOURCE SURFACE FROM DISK
747622.185	Study_Phase.SEQUENCE.Study_Instruction	LOADING RESOURCE SURFACE FROM DISK
755894.473	Study_Phase.SEQUENCE.Study_Instruction	LOADING RESOURCE SURFACE FROM DISK
755935.202	Study_Phase.SEQUENCE.Study_Instruction	LOADING RESOURCE SURFACE FROM DISK
764242.894	Study_Phase.SEQUENCE.Study_Instruction	LOADING RESOURCE SURFACE FROM DISK
772511.168	Study_Phase.SEQUENCE.Study_Instruction	LOADING RESOURCE SURFACE FROM DISK
772513.598	Study_Phase.SEQUENCE.Study_Instruction	LOADING RESOURCE SURFACE FROM DISK
780791.552	Study_Phase.SEQUENCE.Study_Instruction	LOADING RESOURCE SURFACE FROM DISK
789059.078	Study_Phase.SEQUENCE.Study_Instruction	LOADING RESOURCE SURFACE FROM DISK
797324.586	Study_Phase.SEQUENCE.Study_Instruction	LOADING RESOURCE SURFACE FROM DISK
805594.632	Study_Phase.SEQUENCE.Study_Instruction	LOADING RESOURCE SURFACE FROM DISK
805633.365	Study_Phase.SEQUENCE.Study_Instruction	LOADING RESOURCE SURFACE FROM DISK
813911.31	Study_Phase.SEQUENCE.Study_Instruction	LOADING RESOURCE SURFACE FROM DISK
813913.925	Study_Phase.SEQUENCE.Study_Instruction	LOADING RESOURCE SURFACE FROM DISK
822161.33	Study_Phase.SEQUENCE.Study_Instruction	LOADING RESOURCE SURFACE FROM DISK
822163.916	Study_Phase.SEQUENCE.Study_Instruction	LOADING RESOURCE SURFACE FROM DISK
830444.558	Study_Phase.SEQUENCE.Study_Instruction	LOADING RESOURCE SURFACE FROM DISK
830484.292	Study_Phase.SEQUENCE.Study_Instruction	LOADING RESOURCE SURFACE FROM DISK
838794.732	Study_Phase.SEQUENCE.Study_Instruction	LOADING RESOURCE SURFACE FROM DISK
847058.018	Study_Phase.SEQUENCE.Study_Instruction	LOADING RESOURCE SURFACE FROM DISK
855328.112	Study_Phase.SEQUENCE.Study_Instruction	LOADING RESOURCE SURFACE FROM DISK
855330.546	Study_Phase.SEQUENCE.Study_Instruction	LOADING RESOURCE SURFACE FROM DISK
863645.221	Study_Phase.SEQUENCE.Study_Instruction	LOADING RESOURCE SURFACE FROM DISK
871911.493	Study_Phase.SEQUENCE.Study_Instruction	LOADING RESOURCE SURFACE FROM DISK
871976.143	Study_Phase.SEQUENCE.Study_Instruction	LOADING RESOURCE SURFACE FROM DISK
880244.582	Study_Phase.SEQUENCE.Study_Instruction	LOADING RESOURCE SURFACE FROM DISK
880266.334	Study_Phase.SEQUENCE.Study_Instruction	LOADING RESOURCE SURFACE FROM DISK
888632.683	Study_Phase.SEQUENCE.Study_Instruction	LOADING RESOURCE SURFACE FROM DISK
896948.664	Study_Phase.SEQUENCE.Study_Instruction	LOADING RESOURCE SURFACE FROM DISK
905227.986	Study_Phase.SEQUENCE.Study_Instruction	LOADING RESOURCE SURFACE FROM DISK
905230.351	Study_Phase.SEQUENCE.Study_Instruction	LOADING RESOURCE SURFACE FROM DISK
913511.594	Study_Phase.SEQUENCE.Study_Instruction	LOADING RESOURCE SURFACE FROM DISK
913514.364	Study_Phase.SEQUENCE.Study_Instruction	LOADING RESOURCE SURFACE FROM DISK
921814.316	Study_Phase.SEQUENCE.Study_Instruction	LOADING RESOURCE SURFACE FROM DISK
930091.452	Study_Phase.SEQUENCE.Study_Instruction	LOADING RESOURCE SURFACE FROM DISK
938357.903	Study_Phase.SEQUENCE.Study_Instruction	LOADING RESOURCE SURFACE FROM DISK
946628.031	Study_Phase.SEQUENCE.Study_Instruction	LOADING RESOURCE SURFACE FROM DISK
946630.631	Study_Phase.SEQUENCE.Study_Instruction	LOADING RESOURCE SURFACE FROM DISK
954911.275	Study_Phase.SEQUENCE.Study_Instruction	LOADING RESOURCE SURFACE FROM DISK
954950.601	Study_Phase.SEQUENCE.Study_Instruction	LOADING RESOURCE SURFACE FROM DISK
963208.898	Study_Phase.SEQUENCE.Study_Instruction	LOADING RESOURCE SURFACE FROM DISK
971478.014	Study_Phase.SEQUENCE.Study_Instruction	LOADING RESOURCE SURFACE FROM DISK
971523.663	Study_Phase.SEQUENCE.Study_Instruction	LOADING RESOURCE SURFACE FROM DISK
979791.379	Study_Phase.SEQUENCE.Study_Instruction	LOADING RESOURCE SURFACE FROM DISK
988091.874	Study_Phase.SEQUENCE.Study_Instruction	LOADING RESOURCE SURFACE FROM DISK
996395.368	Study_Phase.SEQUENCE.Study_Instruction	LOADING RESOURCE SURFACE FROM DISK
1004661.417	Study_Phase.SEQUENCE.Study_Instruction	LOADING RESOURCE SURFACE FROM DISK
1004799.9	Study_Phase.SEQUENCE.Study_Instruction	LOADING RESOURCE SURFACE FROM DISK
1013061.335	Study_Phase.SEQUENCE.Study_Instruction	LOADING RESOURCE SURFACE FROM DISK
1013104.438	Study_Phase.SEQUENCE.Study_Instruction	LOADING RESOURCE SURFACE FROM DISK
1021378.012	Study_Phase.SEQUENCE.Study_Instruction	LOADING RESOURCE SURFACE FROM DISK
1021416.051	Study_Phase.SEQUENCE.Study_Instruction	LOADING RESOURCE SURFACE FROM DISK
1029692.369	Study_Phase.SEQUENCE.Study_Instruction	LOADING RESOURCE SURFACE FROM DISK
1037961.252	Study_Phase.SEQUENCE.Study_Instruction	LOADING RESOURCE SURFACE FROM DISK
1038002.526	Study_Phase.SEQUENCE.Study_Instruction	LOADING RESOURCE SURFACE FROM DISK
1046314.383	Study_Phase.SEQUENCE.Study_Instruction	LOADING RESOURCE SURFACE FROM DISK
1054594.601	Study_Phase.SEQUENCE.Study_Instruction	LOADING RESOURCE SURFACE FROM DISK
1054630.155	Study_Phase.SEQUENCE.Study_Instruction	LOADING RESOURCE SURFACE FROM DISK
1062911.336	Study_Phase.SEQUENCE.Study_Instruction	LOADING RESOURCE SURFACE FROM DISK
1062953.796	Study_Phase.SEQUENCE.Study_Instruction	LOADING RESOURCE SURFACE FROM DISK
1071265.609	Study_Phase.SEQUENCE.Study_Instruction	LOADING RESOURCE SURFACE FROM DISK
1079564.112	Study_Phase.SEQUENCE.Study_Instruction	LOADING RESOURCE SURFACE FROM DISK
1087827.905	Study_Phase.SEQUENCE.Study_Instruction	LOADING RESOURCE SURFACE FROM DISK
1087867.639	Study_Phase.SEQUENCE.Study_Instruction	LOADING RESOURCE SURFACE FROM DISK
1096142.519	Study_Phase.SEQUENCE.Study_Instruction	LOADING RESOURCE SURFACE FROM DISK
1104441.535	Study_Phase.SEQUENCE.Study_Instruction	LOADING RESOURCE SURFACE FROM DISK
1112747.778	Study_Phase.SEQUENCE.Study_Instruction	LOADING RESOURCE SURFACE FROM DISK
1121065.402	Study_Phase.SEQUENCE.Study_Instruction	LOADING RESOURCE SURFACE FROM DISK
1129383.743	Study_Phase.SEQUENCE.Study_Instruction	LOADING RESOURCE SURFACE FROM DISK
1137661.264	Study_Phase.SEQUENCE.Study_Instruction	LOADING RESOURCE SURFACE FROM DISK
1137696.899	Study_Phase.SEQUENCE.Study_Instruction	LOADING RESOURCE SURFACE FROM DISK
1146015.979	Study_Phase.SEQUENCE.Study_Instruction	LOADING RESOURCE SURFACE FROM DISK
1154308.786	Study_Phase.SEQUENCE.Study_Instruction	LOADING RESOURCE SURFACE FROM DISK
1162577.801	Study_Phase.SEQUENCE.Study_Instruction	LOADING RESOURCE SURFACE FROM DISK
1162652.323	Study_Phase.SEQUENCE.Study_Instruction	LOADING RESOURCE SURFACE FROM DISK
1170925.929	Study_Phase.SEQUENCE.Study_Instruction	LOADING RESOURCE SURFACE FROM DISK
1179194.666	Study_Phase.SEQUENCE.Study_Instruction	LOADING RESOURCE SURFACE FROM DISK
1179234.765	Study_Phase.SEQUENCE.Study_Instruction	LOADING RESOURCE SURFACE FROM DISK
1187511.145	Study_Phase.SEQUENCE.Study_Instruction	LOADING RESOURCE SURFACE FROM DISK
1187513.717	Study_Phase.SEQUENCE.Study_Instruction	LOADING RESOURCE SURFACE FROM DISK
1195794.698	Study_Phase.SEQUENCE.Study_Instruction	LOADING RESOURCE SURFACE FROM DISK
1195834.391	Study_Phase.SEQUENCE.Study_Instruction	LOADING RESOURCE SURFACE FROM DISK
1204109.107	Study_Phase.SEQUENCE.Study_Instruction	LOADING RESOURCE SURFACE FROM DISK
1212378.12	Study_Phase.SEQUENCE.Study_Instruction	LOADING RESOURCE SURFACE FROM DISK
1212415.6	Study_Phase.SEQUENCE.Study_Instruction	LOADING RESOURCE SURFACE FROM DISK
1220792.542	Study_Phase.SEQUENCE.Study_Instruction	LOADING RESOURCE SURFACE FROM DISK
1229061.272	Study_Phase.SEQUENCE.Study_Instruction	LOADING RESOURCE SURFACE FROM DISK
1229106.1	Study_Phase.SEQUENCE.Study_Instruction	LOADING RESOURCE SURFACE FROM DISK
1237374.634	Study_Phase.SEQUENCE.Study_Instruction	LOADING RESOURCE SURFACE FROM DISK
1245644.725	Study_Phase.SEQUENCE.Study_Instruction	LOADING RESOURCE SURFACE FROM DISK
1245647.314	Study_Phase.SEQUENCE.Study_Instruction	LOADING RESOURCE SURFACE FROM DISK
1253942.807	Study_Phase.SEQUENCE.Study_Instruction	LOADING RESOURCE SURFACE FROM DISK
1262248.266	Study_Phase.SEQUENCE.Study_Instruction	LOADING RESOURCE SURFACE FROM DISK
1270527.878	Study_Phase.SEQUENCE.Study_Instruction	LOADING RESOURCE SURFACE FROM DISK
1270562.937	Study_Phase.SEQUENCE.Study_Instruction	LOADING RESOURCE SURFACE FROM DISK
1278828.079	Study_Phase.SEQUENCE.Study_Instruction	LOADING RESOURCE SURFACE FROM DISK
1278864.592	Study_Phase.SEQUENCE.Study_Instruction	LOADING RESOURCE SURFACE FROM DISK
1287182.932	Study_Phase.SEQUENCE.Study_Instruction	LOADING RESOURCE SURFACE FROM DISK
1295461.427	Study_Phase.SEQUENCE.Study_Instruction	LOADING RESOURCE SURFACE FROM DISK
1295501.856	Study_Phase.SEQUENCE.Study_Instruction	LOADING RESOURCE SURFACE FROM DISK
1303831.344	Study_Phase.SEQUENCE.Study_Instruction	LOADING RESOURCE SURFACE FROM DISK
1312111.3	Study_Phase.SEQUENCE.Study_Instruction	LOADING RESOURCE SURFACE FROM DISK
1312150.767	Study_Phase.SEQUENCE.Study_Instruction	LOADING RESOURCE SURFACE FROM DISK
1320434.753	Study_Phase.SEQUENCE.Study_Instruction	LOADING RESOURCE SURFACE FROM DISK
1328711.149	Study_Phase.SEQUENCE.Study_Instruction	LOADING RESOURCE SURFACE FROM DISK
1328713.742	Study_Phase.SEQUENCE.Study_Instruction	LOADING RESOURCE SURFACE FROM DISK
1336994.889	Study_Phase.SEQUENCE.Study_Instruction	LOADING RESOURCE SURFACE FROM DISK
1337031.928	Study_Phase.SEQUENCE.Study_Instruction	LOADING RESOURCE SURFACE FROM DISK
1345311.279	Study_Phase.SEQUENCE.Study_Instruction	LOADING RESOURCE SURFACE FROM DISK
1345352.124	Study_Phase.SEQUENCE.Study_Instruction	LOADING RESOURCE SURFACE FROM DISK
1353667.298	Study_Phase.SEQUENCE.Study_Instruction	LOADING RESOURCE SURFACE FROM DISK
1362007.784	Study_Phase.SEQUENCE.Study_Instruction	LOADING RESOURCE SURFACE FROM DISK
1370278.015	Study_Phase.SEQUENCE.Study_Instruction	LOADING RESOURCE SURFACE FROM DISK
1370280.596	Study_Phase.SEQUENCE.Study_Instruction	LOADING RESOURCE SURFACE FROM DISK
1378599.836	Study_Phase.SEQUENCE.Study_Instruction	LOADING RESOURCE SURFACE FROM DISK
1386877.821	Study_Phase.SEQUENCE.Study_Instruction	LOADING RESOURCE SURFACE FROM DISK
1386916.292	Study_Phase.SEQUENCE.Study_Instruction	LOADING RESOURCE SURFACE FROM DISK
1395233.597	Study_Phase.SEQUENCE.Study_Instruction	LOADING RESOURCE SURFACE FROM DISK
1403549.265	Study_Phase.SEQUENCE.Study_Instruction	LOADING RESOURCE SURFACE FROM DISK
1411824.515	Study_Phase.SEQUENCE.Study_Instruction	LOADING RESOURCE SURFACE FROM DISK
1420110.768	Study_Phase.SEQUENCE.Study_Instruction	LOADING RESOURCE SURFACE FROM DISK
1428378.038	Study_Phase.SEQUENCE.Study_Instruction	LOADING RESOURCE SURFACE FROM DISK
1428380.464	Study_Phase.SEQUENCE.Study_Instruction	LOADING RESOURCE SURFACE FROM DISK
1436661.338	Study_Phase.SEQUENCE.Study_Instruction	LOADING RESOURCE SURFACE FROM DISK
1436698.877	Study_Phase.SEQUENCE.Study_Instruction	LOADING RESOURCE SURFACE FROM DISK
1444996.622	Study_Phase.SEQUENCE.Study_Instruction	LOADING RESOURCE SURFACE FROM DISK
1453277.908	Study_Phase.SEQUENCE.Study_Instruction	LOADING RESOURCE SURFACE FROM DISK
1453280.435	Study_Phase.SEQUENCE.Study_Instruction	LOADING RESOURCE SURFACE FROM DISK
1461629.807	Study_Phase.SEQUENCE.Study_Instruction	LOADING RESOURCE SURFACE FROM DISK
1469911.425	Study_Phase.SEQUENCE.Study_Instruction	LOADING RESOURCE SURFACE FROM DISK
1469957.556	Study_Phase.SEQUENCE.Study_Instruction	LOADING RESOURCE SURFACE FROM DISK
1478262.797	Study_Phase.SEQUENCE.Study_Instruction	LOADING RESOURCE SURFACE FROM DISK
1486544.563	Study_Phase.SEQUENCE.Study_Instruction	LOADING RESOURCE SURFACE FROM DISK
1486546.954	Study_Phase.SEQUENCE.Study_Instruction	LOADING RESOURCE SURFACE FROM DISK
1494828.085	Study_Phase.SEQUENCE.Study_Instruction	LOADING RESOURCE SURFACE FROM DISK
1494837.403	Study_Phase.SEQUENCE.Study_Instruction	LOADING RESOURCE SURFACE FROM DISK
1503141.769	Study_Phase.SEQUENCE.Study_Instruction	LOADING RESOURCE SURFACE FROM DISK
1511445.635	Study_Phase.SEQUENCE.Study_Instruction	LOADING RESOURCE SURFACE FROM DISK
1519740.584	Study_Phase.SEQUENCE.Study_Instruction	LOADING RESOURCE SURFACE FROM DISK
1528050.736	Study_Phase.SEQUENCE.Study_Instruction	LOADING RESOURCE SURFACE FROM DISK
1536328.069	Study_Phase.SEQUENCE.Study_Instruction	LOADING RESOURCE SURFACE FROM DISK
1536373.251	Study_Phase.SEQUENCE.Study_Instruction	LOADING RESOURCE SURFACE FROM DISK
1544680.517	Study_Phase.SEQUENCE.Study_Instruction	LOADING RESOURCE SURFACE FROM DISK
1552993.476	Study_Phase.SEQUENCE.Study_Instruction	LOADING RESOURCE SURFACE FROM DISK
1561257.898	Study_Phase.SEQUENCE.Study_Instruction	LOADING RESOURCE SURFACE FROM DISK
1569524.492	Study_Phase.SEQUENCE.Study_Instruction	LOADING RESOURCE SURFACE FROM DISK
1577792.555	Study_Phase.SEQUENCE.Study_Instruction	LOADING RESOURCE SURFACE FROM DISK
1586061.235	Study_Phase.SEQUENCE.Study_Instruction	LOADING RESOURCE SURFACE FROM DISK
1586096.785	Study_Phase.SEQUENCE.Study_Instruction	LOADING RESOURCE SURFACE FROM DISK
1594409.7	Study_Phase.SEQUENCE.Study_Instruction	LOADING RESOURCE SURFACE FROM DISK
1602712.288	Study_Phase.SEQUENCE.Study_Instruction	LOADING RESOURCE SURFACE FROM DISK
1610994.645	Study_Phase.SEQUENCE.Study_Instruction	LOADING RESOURCE SURFACE FROM DISK
1611016.318	Study_Phase.SEQUENCE.Study_Instruction	LOADING RESOURCE SURFACE FROM DISK
1619325.507	Study_Phase.SEQUENCE.Study_Instruction	LOADING RESOURCE SURFACE FROM DISK
1625549.136	DISPLAY_SCREEN[7]	LOADING RESOURCE SURFACE FROM DISK
1844952.976	Test_Phase.SEQUENCE.Target_Cue	LOADING RESOURCE SURFACE FROM DISK
1844959.512	Test_Phase.SEQUENCE.Target_Cue	LOADING RESOURCE SURFACE FROM DISK
1846974.218	Test_Phase.SEQUENCE.Word	LOADING RESOURCE SURFACE FROM DISK
1850033.02	Test_Phase.SEQUENCE.Test_Question	LOADING RESOURCE SURFACE FROM DISK
1850050.041	Test_Phase.SEQUENCE.Test_Question	LOADING RESOURCE SURFACE FROM DISK
1850055.119	Test_Phase.SEQUENCE.Test_Question	LOADING RESOURCE SURFACE FROM DISK
1850060.287	Test_Phase.SEQUENCE.Test_Question	LOADING RESOURCE SURFACE FROM DISK
1850062.153	Test_Phase.SEQUENCE.Test_Question	LOADING RESOURCE SURFACE FROM DISK
1850063.934	Test_Phase.SEQUENCE.Test_Question	LOADING RESOURCE SURFACE FROM DISK
1850065.699	Test_Phase.SEQUENCE.Test_Question	LOADING RESOURCE SURFACE FROM DISK
1850083.033	Test_Phase.SEQUENCE.Test_Question	LOADING RESOURCE SURFACE FROM DISK
1850097.34	Test_Phase.SEQUENCE.Test_Question	LOADING RESOURCE SURFACE FROM DISK
1850099.126	Test_Phase.SEQUENCE.Test_Question	LOADING RESOURCE SURFACE FROM DISK
1850100.949	Test_Phase.SEQUENCE.Test_Question	LOADING RESOURCE SURFACE FROM DISK
1850102.667	Test_Phase.SEQUENCE.Test_Question	LOADING RESOURCE SURFACE FROM DISK
1857029.186	Test_Phase.SEQUENCE.Word	LOADING RESOURCE SURFACE FROM DISK
1863790.991	Test_Phase.SEQUENCE.Word	LOADING RESOURCE SURFACE FROM DISK
1872774.277	Test_Phase.SEQUENCE.Word	LOADING RESOURCE SURFACE FROM DISK
1881583.907	Test_Phase.SEQUENCE.Word	LOADING RESOURCE SURFACE FROM DISK
1889160.074	Test_Phase.SEQUENCE.Word	LOADING RESOURCE SURFACE FROM DISK
1897774.273	Test_Phase.SEQUENCE.Word	LOADING RESOURCE SURFACE FROM DISK
1905624.212	Test_Phase.SEQUENCE.Word	LOADING RESOURCE SURFACE FROM DISK
1913691.008	Test_Phase.SEQUENCE.Word	LOADING RESOURCE SURFACE FROM DISK
1923128.259	Test_Phase.SEQUENCE.Word	LOADING RESOURCE SURFACE FROM DISK
1931524.508	Test_Phase.SEQUENCE.Word	LOADING RESOURCE SURFACE FROM DISK
1941191.042	Test_Phase.SEQUENCE.Word	LOADING RESOURCE SURFACE FROM DISK
1949174.507	Test_Phase.SEQUENCE.Word	LOADING RESOURCE SURFACE FROM DISK
1957624.378	Test_Phase.SEQUENCE.Word	LOADING RESOURCE SURFACE FROM DISK
1965791.046	Test_Phase.SEQUENCE.Word	LOADING RESOURCE SURFACE FROM DISK
1974158.64	Test_Phase.SEQUENCE.Word	LOADING RESOURCE SURFACE FROM DISK
1983174.751	Test_Phase.SEQUENCE.Word	LOADING RESOURCE SURFACE FROM DISK
1991269.065	Test_Phase.SEQUENCE.Word	LOADING RESOURCE SURFACE FROM DISK
1999974.358	Test_Phase.SEQUENCE.Word	LOADING RESOURCE SURFACE FROM DISK
2008180.392	Test_Phase.SEQUENCE.Word	LOADING RESOURCE SURFACE FROM DISK
2015832.549	Test_Phase.SEQUENCE.Word	LOADING RESOURCE SURFACE FROM DISK
2024027.413	Test_Phase.SEQUENCE.Word	LOADING RESOURCE SURFACE FROM DISK
2032191.132	Test_Phase.SEQUENCE.Word	LOADING RESOURCE SURFACE FROM DISK
2040157.681	Test_Phase.SEQUENCE.Word	LOADING RESOURCE SURFACE FROM DISK
2048441.014	Test_Phase.SEQUENCE.Word	LOADING RESOURCE SURFACE FROM DISK
2056357.657	Test_Phase.SEQUENCE.Word	LOADING RESOURCE SURFACE FROM DISK
2064317.635	Test_Phase.SEQUENCE.Word	LOADING RESOURCE SURFACE FROM DISK
2072581.106	Test_Phase.SEQUENCE.Word	LOADING RESOURCE SURFACE FROM DISK
2079991.116	Test_Phase.SEQUENCE.Word	LOADING RESOURCE SURFACE FROM DISK
2087857.692	Test_Phase.SEQUENCE.Word	LOADING RESOURCE SURFACE FROM DISK
2095457.656	Test_Phase.SEQUENCE.Word	LOADING RESOURCE SURFACE FROM DISK
2103809.766	Test_Phase.SEQUENCE.Word	LOADING RESOURCE SURFACE FROM DISK
2111743.403	Test_Phase.SEQUENCE.Word	LOADING RESOURCE SURFACE FROM DISK
2120041.016	Test_Phase.SEQUENCE.Word	LOADING RESOURCE SURFACE FROM DISK
2128407.738	Test_Phase.SEQUENCE.Word	LOADING RESOURCE SURFACE FROM DISK
2136607.673	Test_Phase.SEQUENCE.Word	LOADING RESOURCE SURFACE FROM DISK
2144224.742	Test_Phase.SEQUENCE.Word	LOADING RESOURCE SURFACE FROM DISK
2152148.421	Test_Phase.SEQUENCE.Word	LOADING RESOURCE SURFACE FROM DISK
2160441.094	Test_Phase.SEQUENCE.Word	LOADING RESOURCE SURFACE FROM DISK
2168465.615	Test_Phase.SEQUENCE.Word	LOADING RESOURCE SURFACE FROM DISK
2177074.257	Test_Phase.SEQUENCE.Word	LOADING RESOURCE SURFACE FROM DISK
2184857.758	Test_Phase.SEQUENCE.Word	LOADING RESOURCE SURFACE FROM DISK
2192277.705	Test_Phase.SEQUENCE.Word	LOADING RESOURCE SURFACE FROM DISK
2200495.012	Test_Phase.SEQUENCE.Word	LOADING RESOURCE SURFACE FROM DISK
2208741.035	Test_Phase.SEQUENCE.Word	LOADING RESOURCE SURFACE FROM DISK
2216697.871	Test_Phase.SEQUENCE.Word	LOADING RESOURCE SURFACE FROM DISK
2224849.501	Test_Phase.SEQUENCE.Word	LOADING RESOURCE SURFACE FROM DISK
2235090.916	Test_Phase.SEQUENCE.Word	LOADING RESOURCE SURFACE FROM DISK
2243343.813	Test_Phase.SEQUENCE.Word	LOADING RESOURCE SURFACE FROM DISK
2251116.885	Test_Phase.SEQUENCE.Word	LOADING RESOURCE SURFACE FROM DISK
2260157.729	Test_Phase.SEQUENCE.Word	LOADING RESOURCE SURFACE FROM DISK
2268992.384	Test_Phase.SEQUENCE.Word	LOADING RESOURCE SURFACE FROM DISK
2277183.204	Test_Phase.SEQUENCE.Word	LOADING RESOURCE SURFACE FROM DISK
2285791.107	Test_Phase.SEQUENCE.Word	LOADING RESOURCE SURFACE FROM DISK
2293779.072	Test_Phase.SEQUENCE.Word	LOADING RESOURCE SURFACE FROM DISK
2301541.06	Test_Phase.SEQUENCE.Word	LOADING RESOURCE SURFACE FROM DISK
2309840.886	Test_Phase.SEQUENCE.Word	LOADING RESOURCE SURFACE FROM DISK
2317657.545	Test_Phase.SEQUENCE.Word	LOADING RESOURCE SURFACE FROM DISK
2325674.614	Test_Phase.SEQUENCE.Word	LOADING RESOURCE SURFACE FROM DISK
2333936.587	Test_Phase.SEQUENCE.Word	LOADING RESOURCE SURFACE FROM DISK
2342157.926	Test_Phase.SEQUENCE.Word	LOADING RESOURCE SURFACE FROM DISK
2350074.47	Test_Phase.SEQUENCE.Word	LOADING RESOURCE SURFACE FROM DISK
2358424.257	Test_Phase.SEQUENCE.Word	LOADING RESOURCE SURFACE FROM DISK
2366457.574	Test_Phase.SEQUENCE.Word	LOADING RESOURCE SURFACE FROM DISK
2374607.595	Test_Phase.SEQUENCE.Word	LOADING RESOURCE SURFACE FROM DISK
2382357.796	Test_Phase.SEQUENCE.Word	LOADING RESOURCE SURFACE FROM DISK
2389857.622	Test_Phase.SEQUENCE.Word	LOADING RESOURCE SURFACE FROM DISK
2397767.267	Test_Phase.SEQUENCE.Word	LOADING RESOURCE SURFACE FROM DISK
2405977.525	Test_Phase.SEQUENCE.Word	LOADING RESOURCE SURFACE FROM DISK
2414146.127	Test_Phase.SEQUENCE.Word	LOADING RESOURCE SURFACE FROM DISK
2422561.095	Test_Phase.SEQUENCE.Word	LOADING RESOURCE SURFACE FROM DISK
2430724.411	Test_Phase.SEQUENCE.Word	LOADING RESOURCE SURFACE FROM DISK
2439207.743	Test_Phase.SEQUENCE.Word	LOADING RESOURCE SURFACE FROM DISK
2447842.702	Test_Phase.SEQUENCE.Word	LOADING RESOURCE SURFACE FROM DISK
2455740.922	Test_Phase.SEQUENCE.Word	LOADING RESOURCE SURFACE FROM DISK
2464163.02	Test_Phase.SEQUENCE.Word	LOADING RESOURCE SURFACE FROM DISK
2472207.786	Test_Phase.SEQUENCE.Word	LOADING RESOURCE SURFACE FROM DISK
2480314.071	Test_Phase.SEQUENCE.Word	LOADING RESOURCE SURFACE FROM DISK
2488726.002	Test_Phase.SEQUENCE.Word	LOADING RESOURCE SURFACE FROM DISK
2498533.478	Test_Phase.SEQUENCE.Word	LOADING RESOURCE SURFACE FROM DISK
2506674.222	Test_Phase.SEQUENCE.Word	LOADING RESOURCE SURFACE FROM DISK
2514524.458	Test_Phase.SEQUENCE.Word	LOADING RESOURCE SURFACE FROM DISK
2522690.991	Test_Phase.SEQUENCE.Word	LOADING RESOURCE SURFACE FROM DISK
2530224.284	Test_Phase.SEQUENCE.Word	LOADING RESOURCE SURFACE FROM DISK
2538974.116	Test_Phase.SEQUENCE.Word	LOADING RESOURCE SURFACE FROM DISK
2547124.902	Test_Phase.SEQUENCE.Word	LOADING RESOURCE SURFACE FROM DISK
2555640.971	Test_Phase.SEQUENCE.Word	LOADING RESOURCE SURFACE FROM DISK
2563874.307	Test_Phase.SEQUENCE.Word	LOADING RESOURCE SURFACE FROM DISK
2571856.676	Test_Phase.SEQUENCE.Word	LOADING RESOURCE SURFACE FROM DISK
2580007.594	Test_Phase.SEQUENCE.Word	LOADING RESOURCE SURFACE FROM DISK
2588249.687	Test_Phase.SEQUENCE.Word	LOADING RESOURCE SURFACE FROM DISK
2595691.12	Test_Phase.SEQUENCE.Word	LOADING RESOURCE SURFACE FROM DISK
2603607.606	Test_Phase.SEQUENCE.Word	LOADING RESOURCE SURFACE FROM DISK
2611693.691	Test_Phase.SEQUENCE.Word	LOADING RESOURCE SURFACE FROM DISK
2619674.302	Test_Phase.SEQUENCE.Word	LOADING RESOURCE SURFACE FROM DISK
2628291.207	Test_Phase.SEQUENCE.Word	LOADING RESOURCE SURFACE FROM DISK
2635924.581	Test_Phase.SEQUENCE.Word	LOADING RESOURCE SURFACE FROM DISK
2643774.333	Test_Phase.SEQUENCE.Word	LOADING RESOURCE SURFACE FROM DISK
2651924.267	Test_Phase.SEQUENCE.Word	LOADING RESOURCE SURFACE FROM DISK
2660074.484	Test_Phase.SEQUENCE.Word	LOADING RESOURCE SURFACE FROM DISK
2667576.967	Test_Phase.SEQUENCE.Word	LOADING RESOURCE SURFACE FROM DISK
2675774.397	Test_Phase.SEQUENCE.Word	LOADING RESOURCE SURFACE FROM DISK
2683324.277	Test_Phase.SEQUENCE.Word	LOADING RESOURCE SURFACE FROM DISK
2691424.579	Test_Phase.SEQUENCE.Word	LOADING RESOURCE SURFACE FROM DISK
2699530.207	Test_Phase.SEQUENCE.Word	LOADING RESOURCE SURFACE FROM DISK
2707491.016	Test_Phase.SEQUENCE.Word	LOADING RESOURCE SURFACE FROM DISK
2715315.066	Test_Phase.SEQUENCE.Word	LOADING RESOURCE SURFACE FROM DISK
2723312.972	Test_Phase.SEQUENCE.Word	LOADING RESOURCE SURFACE FROM DISK
2731749.671	Test_Phase.SEQUENCE.Word	LOADING RESOURCE SURFACE FROM DISK
2739078.696	Test_Phase.SEQUENCE.Word	LOADING RESOURCE SURFACE FROM DISK
2746590.908	Test_Phase.SEQUENCE.Word	LOADING RESOURCE SURFACE FROM DISK
2756140.875	Test_Phase.SEQUENCE.Word	LOADING RESOURCE SURFACE FROM DISK
2763624.305	Test_Phase.SEQUENCE.Word	LOADING RESOURCE SURFACE FROM DISK
2771066.365	Test_Phase.SEQUENCE.Word	LOADING RESOURCE SURFACE FROM DISK
2779426.547	Test_Phase.SEQUENCE.Word	LOADING RESOURCE SURFACE FROM DISK
2787458.951	Test_Phase.SEQUENCE.Word	LOADING RESOURCE SURFACE FROM DISK
2795557.678	Test_Phase.SEQUENCE.Word	LOADING RESOURCE SURFACE FROM DISK
2804641.147	Test_Phase.SEQUENCE.Word	LOADING RESOURCE SURFACE FROM DISK
2812699.524	Test_Phase.SEQUENCE.Word	LOADING RESOURCE SURFACE FROM DISK
2820059.32	Test_Phase.SEQUENCE.Word	LOADING RESOURCE SURFACE FROM DISK
2827978.102	Test_Phase.SEQUENCE.Word	LOADING RESOURCE SURFACE FROM DISK
2835457.831	Test_Phase.SEQUENCE.Word	LOADING RESOURCE SURFACE FROM DISK
2843424.532	Test_Phase.SEQUENCE.Word	LOADING RESOURCE SURFACE FROM DISK
2851574.381	Test_Phase.SEQUENCE.Word	LOADING RESOURCE SURFACE FROM DISK
2859674.315	Test_Phase.SEQUENCE.Word	LOADING RESOURCE SURFACE FROM DISK
2866907.456	Test_Phase.SEQUENCE.Word	LOADING RESOURCE SURFACE FROM DISK
2875191.149	Test_Phase.SEQUENCE.Word	LOADING RESOURCE SURFACE FROM DISK
2883007.86	Test_Phase.SEQUENCE.Word	LOADING RESOURCE SURFACE FROM DISK
2890790.914	Test_Phase.SEQUENCE.Word	LOADING RESOURCE SURFACE FROM DISK
2898607.75	Test_Phase.SEQUENCE.Word	LOADING RESOURCE SURFACE FROM DISK
2906540.828	Test_Phase.SEQUENCE.Word	LOADING RESOURCE SURFACE FROM DISK
2914224.395	Test_Phase.SEQUENCE.Word	LOADING RESOURCE SURFACE FROM DISK
2921857.686	Test_Phase.SEQUENCE.Word	LOADING RESOURCE SURFACE FROM DISK
2929777.949	Test_Phase.SEQUENCE.Word	LOADING RESOURCE SURFACE FROM DISK
2937274.257	Test_Phase.SEQUENCE.Word	LOADING RESOURCE SURFACE FROM DISK
2944541.824	Test_Phase.SEQUENCE.Word	LOADING RESOURCE SURFACE FROM DISK
2960157.643	Test_Phase.SEQUENCE.Word	LOADING RESOURCE SURFACE FROM DISK
2967491.022	Test_Phase.SEQUENCE.Word	LOADING RESOURCE SURFACE FROM DISK
2974774.309	Test_Phase.SEQUENCE.Word	LOADING RESOURCE SURFACE FROM DISK
2981807.65	Test_Phase.SEQUENCE.Word	LOADING RESOURCE SURFACE FROM DISK
2988907.941	Test_Phase.SEQUENCE.Word	LOADING RESOURCE SURFACE FROM DISK
2996094.071	Test_Phase.SEQUENCE.Word	LOADING RESOURCE SURFACE FROM DISK
3004207.615	Test_Phase.SEQUENCE.Word	LOADING RESOURCE SURFACE FROM DISK
3011191.097	Test_Phase.SEQUENCE.Word	LOADING RESOURCE SURFACE FROM DISK
3018481.544	Test_Phase.SEQUENCE.Word	LOADING RESOURCE SURFACE FROM DISK
3026190.965	Test_Phase.SEQUENCE.Word	LOADING RESOURCE SURFACE FROM DISK
3033511.941	Test_Phase.SEQUENCE.Word	LOADING RESOURCE SURFACE FROM DISK
3040641.244	Test_Phase.SEQUENCE.Word	LOADING RESOURCE SURFACE FROM DISK
3047807.754	Test_Phase.SEQUENCE.Word	LOADING RESOURCE SURFACE FROM DISK
3054791.003	Test_Phase.SEQUENCE.Word	LOADING RESOURCE SURFACE FROM DISK
3061907.65	Test_Phase.SEQUENCE.Word	LOADING RESOURCE SURFACE FROM DISK
3069107.166	Test_Phase.SEQUENCE.Word	LOADING RESOURCE SURFACE FROM DISK
3076284.774	Test_Phase.SEQUENCE.Word	LOADING RESOURCE SURFACE FROM DISK
3083641.09	Test_Phase.SEQUENCE.Word	LOADING RESOURCE SURFACE FROM DISK
3090930.536	Test_Phase.SEQUENCE.Word	LOADING RESOURCE SURFACE FROM DISK
3098140.504	Test_Phase.SEQUENCE.Word	LOADING RESOURCE SURFACE FROM DISK
3105257.735	Test_Phase.SEQUENCE.Word	LOADING RESOURCE SURFACE FROM DISK
3112857.617	Test_Phase.SEQUENCE.Word	LOADING RESOURCE SURFACE FROM DISK
3119907.636	Test_Phase.SEQUENCE.Word	LOADING RESOURCE SURFACE FROM DISK
3127924.333	Test_Phase.SEQUENCE.Word	LOADING RESOURCE SURFACE FROM DISK
3135157.86	Test_Phase.SEQUENCE.Word	LOADING RESOURCE SURFACE FROM DISK
3142257.701	Test_Phase.SEQUENCE.Word	LOADING RESOURCE SURFACE FROM DISK
3149340.862	Test_Phase.SEQUENCE.Word	LOADING RESOURCE SURFACE FROM DISK
3156857.629	Test_Phase.SEQUENCE.Word	LOADING RESOURCE SURFACE FROM DISK
3164191.119	Test_Phase.SEQUENCE.Word	LOADING RESOURCE SURFACE FROM DISK
3171353.132	Test_Phase.SEQUENCE.Word	LOADING RESOURCE SURFACE FROM DISK
3178495.967	Test_Phase.SEQUENCE.Word	LOADING RESOURCE SURFACE FROM DISK
3185770.245	Test_Phase.SEQUENCE.Word	LOADING RESOURCE SURFACE FROM DISK
3192924.303	Test_Phase.SEQUENCE.Word	LOADING RESOURCE SURFACE FROM DISK
3200173.97	Test_Phase.SEQUENCE.Word	LOADING RESOURCE SURFACE FROM DISK
3207390.99	Test_Phase.SEQUENCE.Word	LOADING RESOURCE SURFACE FROM DISK
3214457.583	Test_Phase.SEQUENCE.Word	LOADING RESOURCE SURFACE FROM DISK
3221809.093	Test_Phase.SEQUENCE.Word	LOADING RESOURCE SURFACE FROM DISK
3228941.015	Test_Phase.SEQUENCE.Word	LOADING RESOURCE SURFACE FROM DISK
3236140.96	Test_Phase.SEQUENCE.Word	LOADING RESOURCE SURFACE FROM DISK
3243330.358	Test_Phase.SEQUENCE.Word	LOADING RESOURCE SURFACE FROM DISK
3257941.463	Test_Phase.SEQUENCE.Word	LOADING RESOURCE SURFACE FROM DISK
3265110.639	Test_Phase.SEQUENCE.Word	LOADING RESOURCE SURFACE FROM DISK
3272307.968	Test_Phase.SEQUENCE.Word	LOADING RESOURCE SURFACE FROM DISK
3279457.703	Test_Phase.SEQUENCE.Word	LOADING RESOURCE SURFACE FROM DISK
3286496.166	Test_Phase.SEQUENCE.Word	LOADING RESOURCE SURFACE FROM DISK
3293540.933	Test_Phase.SEQUENCE.Word	LOADING RESOURCE SURFACE FROM DISK
3300607.85	Test_Phase.SEQUENCE.Word	LOADING RESOURCE SURFACE FROM DISK
3307657.732	Test_Phase.SEQUENCE.Word	LOADING RESOURCE SURFACE FROM DISK
3314957.601	Test_Phase.SEQUENCE.Word	LOADING RESOURCE SURFACE FROM DISK
3322140.988	Test_Phase.SEQUENCE.Word	LOADING RESOURCE SURFACE FROM DISK
3329224.441	Test_Phase.SEQUENCE.Word	LOADING RESOURCE SURFACE FROM DISK
3336416.731	Test_Phase.SEQUENCE.Word	LOADING RESOURCE SURFACE FROM DISK
3343524.598	Test_Phase.SEQUENCE.Word	LOADING RESOURCE SURFACE FROM DISK
3350722.609	Test_Phase.SEQUENCE.Word	LOADING RESOURCE SURFACE FROM DISK
3357907.608	Test_Phase.SEQUENCE.Word	LOADING RESOURCE SURFACE FROM DISK
3365012.65	Test_Phase.SEQUENCE.Word	LOADING RESOURCE SURFACE FROM DISK
3372074.352	Test_Phase.SEQUENCE.Word	LOADING RESOURCE SURFACE FROM DISK
3379148.451	Test_Phase.SEQUENCE.Word	LOADING RESOURCE SURFACE FROM DISK
3386225.762	Test_Phase.SEQUENCE.Word	LOADING RESOURCE SURFACE FROM DISK
3393364.266	Test_Phase.SEQUENCE.Word	LOADING RESOURCE SURFACE FROM DISK
3400657.018	Test_Phase.SEQUENCE.Word	LOADING RESOURCE SURFACE FROM DISK
3408024.497	Test_Phase.SEQUENCE.Word	LOADING RESOURCE SURFACE FROM DISK
3415247.111	Test_Phase.SEQUENCE.Word	LOADING RESOURCE SURFACE FROM DISK
3419014.721	DISPLAY_SCREEN	LOADING RESOURCE SURFACE FROM DISK
