4659.987	DISPLAY_SCREEN[1]	LOADING RESOURCE SURFACE FROM DISK
770649.001	Familiarization_Phase.SEQUENCE.Cue_and_Instruction	LOADING RESOURCE SURFACE FROM DISK
770653.048	Familiarization_Phase.SEQUENCE.Cue_and_Instruction	LOADING RESOURCE SURFACE FROM DISK
776700.73	Familiarization_Phase.SEQUENCE.Cue_and_Instruction	LOADING RESOURCE SURFACE FROM DISK
776704.939	Familiarization_Phase.SEQUENCE.Cue_and_Instruction	LOADING RESOURCE SURFACE FROM DISK
782750.981	Familiarization_Phase.SEQUENCE.Cue_and_Instruction	LOADING RESOURCE SURFACE FROM DISK
782755.305	Familiarization_Phase.SEQUENCE.Cue_and_Instruction	LOADING RESOURCE SURFACE FROM DISK
824883.691	DISPLAY_SCREEN[3]	LOADING RESOURCE SURFACE FROM DISK
895082.98	DISPLAY_SCREEN[5]	LOADING RESOURCE SURFACE FROM DISK
948675.161	Practice_Phase.SEQUENCE.Blink_Screen	LOADING RESOURCE SURFACE FROM DISK
949879.093	Practice_Phase.SEQUENCE.Practice_Luminance_Cue	LOADING RESOURCE SURFACE FROM DISK
949881.451	Practice_Phase.SEQUENCE.Practice_Luminance_Cue	LOADING RESOURCE SURFACE FROM DISK
950378.875	Practice_Phase.SEQUENCE.DISPLAY_SCREEN	LOADING RESOURCE SURFACE FROM DISK
951875.746	Practice_Phase.SEQUENCE.Practice_Instruction	LOADING RESOURCE SURFACE FROM DISK
958445.572	Practice_Phase.SEQUENCE.DISPLAY_SCREEN	LOADING RESOURCE SURFACE FROM DISK
959942.135	Practice_Phase.SEQUENCE.Practice_Instruction	LOADING RESOURCE SURFACE FROM DISK
966512.236	Practice_Phase.SEQUENCE.DISPLAY_SCREEN	LOADING RESOURCE SURFACE FROM DISK
968008.911	Practice_Phase.SEQUENCE.Practice_Instruction	LOADING RESOURCE SURFACE FROM DISK
974578.779	Practice_Phase.SEQUENCE.DISPLAY_SCREEN	LOADING RESOURCE SURFACE FROM DISK
976075.582	Practice_Phase.SEQUENCE.Practice_Instruction	LOADING RESOURCE SURFACE FROM DISK
982645.359	Practice_Phase.SEQUENCE.DISPLAY_SCREEN	LOADING RESOURCE SURFACE FROM DISK
984142.521	Practice_Phase.SEQUENCE.Practice_Instruction	LOADING RESOURCE SURFACE FROM DISK
990712.536	Practice_Phase.SEQUENCE.DISPLAY_SCREEN	LOADING RESOURCE SURFACE FROM DISK
992208.945	Practice_Phase.SEQUENCE.Practice_Instruction	LOADING RESOURCE SURFACE FROM DISK
998778.971	Practice_Phase.SEQUENCE.DISPLAY_SCREEN	LOADING RESOURCE SURFACE FROM DISK
1000275.616	Practice_Phase.SEQUENCE.Practice_Instruction	LOADING RESOURCE SURFACE FROM DISK
1006845.373	Practice_Phase.SEQUENCE.DISPLAY_SCREEN	LOADING RESOURCE SURFACE FROM DISK
1008342.27	Practice_Phase.SEQUENCE.Practice_Instruction	LOADING RESOURCE SURFACE FROM DISK
1014912.208	Practice_Phase.SEQUENCE.DISPLAY_SCREEN	LOADING RESOURCE SURFACE FROM DISK
1016409.148	Practice_Phase.SEQUENCE.Practice_Instruction	LOADING RESOURCE SURFACE FROM DISK
1021075.654	DISPLAY_SCREEN[2]	LOADING RESOURCE SURFACE FROM DISK
1300887.365	Study_Phase.SEQUENCE.DISPLAY_SCREEN	LOADING RESOURCE SURFACE FROM DISK
1302400.982	Study_Phase.SEQUENCE.Study_Instruction	LOADING RESOURCE SURFACE FROM DISK
1310667.596	Study_Phase.SEQUENCE.Study_Instruction	LOADING RESOURCE SURFACE FROM DISK
1317420.608	Study_Phase.SEQUENCE.DISPLAY_SCREEN	LOADING RESOURCE SURFACE FROM DISK
1318934.147	Study_Phase.SEQUENCE.Study_Instruction	LOADING RESOURCE SURFACE FROM DISK
1327200.29	Study_Phase.SEQUENCE.Study_Instruction	LOADING RESOURCE SURFACE FROM DISK
1335450.342	Study_Phase.SEQUENCE.Study_Instruction	LOADING RESOURCE SURFACE FROM DISK
1343700.324	Study_Phase.SEQUENCE.Study_Instruction	LOADING RESOURCE SURFACE FROM DISK
1351967.493	Study_Phase.SEQUENCE.Study_Instruction	LOADING RESOURCE SURFACE FROM DISK
1358720.539	Study_Phase.SEQUENCE.DISPLAY_SCREEN	LOADING RESOURCE SURFACE FROM DISK
1360234.258	Study_Phase.SEQUENCE.Study_Instruction	LOADING RESOURCE SURFACE FROM DISK
1368500.902	Study_Phase.SEQUENCE.Study_Instruction	LOADING RESOURCE SURFACE FROM DISK
1375253.871	Study_Phase.SEQUENCE.DISPLAY_SCREEN	LOADING RESOURCE SURFACE FROM DISK
1376767.483	Study_Phase.SEQUENCE.Study_Instruction	LOADING RESOURCE SURFACE FROM DISK
1385033.628	Study_Phase.SEQUENCE.Study_Instruction	LOADING RESOURCE SURFACE FROM DISK
1393300.351	Study_Phase.SEQUENCE.Study_Instruction	LOADING RESOURCE SURFACE FROM DISK
1401551.113	Study_Phase.SEQUENCE.Study_Instruction	LOADING RESOURCE SURFACE FROM DISK
1408304.071	Study_Phase.SEQUENCE.DISPLAY_SCREEN	LOADING RESOURCE SURFACE FROM DISK
1409817.508	Study_Phase.SEQUENCE.Study_Instruction	LOADING RESOURCE SURFACE FROM DISK
1418084.254	Study_Phase.SEQUENCE.Study_Instruction	LOADING RESOURCE SURFACE FROM DISK
1424837.121	Study_Phase.SEQUENCE.DISPLAY_SCREEN	LOADING RESOURCE SURFACE FROM DISK
1426350.912	Study_Phase.SEQUENCE.Study_Instruction	LOADING RESOURCE SURFACE FROM DISK
1434617.018	Study_Phase.SEQUENCE.Study_Instruction	LOADING RESOURCE SURFACE FROM DISK
1442866.982	Study_Phase.SEQUENCE.Study_Instruction	LOADING RESOURCE SURFACE FROM DISK
1449620.45	Study_Phase.SEQUENCE.DISPLAY_SCREEN	LOADING RESOURCE SURFACE FROM DISK
1451134.061	Study_Phase.SEQUENCE.Study_Instruction	LOADING RESOURCE SURFACE FROM DISK
1459383.777	Study_Phase.SEQUENCE.Study_Instruction	LOADING RESOURCE SURFACE FROM DISK
1467651.073	Study_Phase.SEQUENCE.Study_Instruction	LOADING RESOURCE SURFACE FROM DISK
1474403.863	Study_Phase.SEQUENCE.DISPLAY_SCREEN	LOADING RESOURCE SURFACE FROM DISK
1475917.689	Study_Phase.SEQUENCE.Study_Instruction	LOADING RESOURCE SURFACE FROM DISK
1484183.702	Study_Phase.SEQUENCE.Study_Instruction	LOADING RESOURCE SURFACE FROM DISK
1492417.533	Study_Phase.SEQUENCE.Study_Instruction	LOADING RESOURCE SURFACE FROM DISK
1499170.567	Study_Phase.SEQUENCE.DISPLAY_SCREEN	LOADING RESOURCE SURFACE FROM DISK
1500684.228	Study_Phase.SEQUENCE.Study_Instruction	LOADING RESOURCE SURFACE FROM DISK
1508951.134	Study_Phase.SEQUENCE.Study_Instruction	LOADING RESOURCE SURFACE FROM DISK
1515703.883	Study_Phase.SEQUENCE.DISPLAY_SCREEN	LOADING RESOURCE SURFACE FROM DISK
1517217.653	Study_Phase.SEQUENCE.Study_Instruction	LOADING RESOURCE SURFACE FROM DISK
1525484.328	Study_Phase.SEQUENCE.Study_Instruction	LOADING RESOURCE SURFACE FROM DISK
1532237.178	Study_Phase.SEQUENCE.DISPLAY_SCREEN	LOADING RESOURCE SURFACE FROM DISK
1533750.891	Study_Phase.SEQUENCE.Study_Instruction	LOADING RESOURCE SURFACE FROM DISK
1540487.362	Study_Phase.SEQUENCE.DISPLAY_SCREEN	LOADING RESOURCE SURFACE FROM DISK
1542001.042	Study_Phase.SEQUENCE.Study_Instruction	LOADING RESOURCE SURFACE FROM DISK
1548753.866	Study_Phase.SEQUENCE.DISPLAY_SCREEN	LOADING RESOURCE SURFACE FROM DISK
1550267.69	Study_Phase.SEQUENCE.Study_Instruction	LOADING RESOURCE SURFACE FROM DISK
1558533.817	Study_Phase.SEQUENCE.Study_Instruction	LOADING RESOURCE SURFACE FROM DISK
1565287.309	Study_Phase.SEQUENCE.DISPLAY_SCREEN	LOADING RESOURCE SURFACE FROM DISK
1566800.884	Study_Phase.SEQUENCE.Study_Instruction	LOADING RESOURCE SURFACE FROM DISK
1575066.947	Study_Phase.SEQUENCE.Study_Instruction	LOADING RESOURCE SURFACE FROM DISK
1583334.214	Study_Phase.SEQUENCE.Study_Instruction	LOADING RESOURCE SURFACE FROM DISK
1590087.255	Study_Phase.SEQUENCE.DISPLAY_SCREEN	LOADING RESOURCE SURFACE FROM DISK
1591600.875	Study_Phase.SEQUENCE.Study_Instruction	LOADING RESOURCE SURFACE FROM DISK
1599867.506	Study_Phase.SEQUENCE.Study_Instruction	LOADING RESOURCE SURFACE FROM DISK
1606620.525	Study_Phase.SEQUENCE.DISPLAY_SCREEN	LOADING RESOURCE SURFACE FROM DISK
1608134.138	Study_Phase.SEQUENCE.Study_Instruction	LOADING RESOURCE SURFACE FROM DISK
1616401.296	Study_Phase.SEQUENCE.Study_Instruction	LOADING RESOURCE SURFACE FROM DISK
1624750.458	Study_Phase.SEQUENCE.Study_Instruction	LOADING RESOURCE SURFACE FROM DISK
1631503.924	Study_Phase.SEQUENCE.DISPLAY_SCREEN	LOADING RESOURCE SURFACE FROM DISK
1633017.597	Study_Phase.SEQUENCE.Study_Instruction	LOADING RESOURCE SURFACE FROM DISK
1641285.494	Study_Phase.SEQUENCE.Study_Instruction	LOADING RESOURCE SURFACE FROM DISK
1649550.989	Study_Phase.SEQUENCE.Study_Instruction	LOADING RESOURCE SURFACE FROM DISK
1656303.944	Study_Phase.SEQUENCE.DISPLAY_SCREEN	LOADING RESOURCE SURFACE FROM DISK
1657817.732	Study_Phase.SEQUENCE.Study_Instruction	LOADING RESOURCE SURFACE FROM DISK
1664570.657	Study_Phase.SEQUENCE.DISPLAY_SCREEN	LOADING RESOURCE SURFACE FROM DISK
1666084.212	Study_Phase.SEQUENCE.Study_Instruction	LOADING RESOURCE SURFACE FROM DISK
1672837.264	Study_Phase.SEQUENCE.DISPLAY_SCREEN	LOADING RESOURCE SURFACE FROM DISK
1674351.016	Study_Phase.SEQUENCE.Study_Instruction	LOADING RESOURCE SURFACE FROM DISK
1682617.102	Study_Phase.SEQUENCE.Study_Instruction	LOADING RESOURCE SURFACE FROM DISK
1690867.732	Study_Phase.SEQUENCE.Study_Instruction	LOADING RESOURCE SURFACE FROM DISK
1697603.843	Study_Phase.SEQUENCE.DISPLAY_SCREEN	LOADING RESOURCE SURFACE FROM DISK
1699117.689	Study_Phase.SEQUENCE.Study_Instruction	LOADING RESOURCE SURFACE FROM DISK
1707384.251	Study_Phase.SEQUENCE.Study_Instruction	LOADING RESOURCE SURFACE FROM DISK
1715650.399	Study_Phase.SEQUENCE.Study_Instruction	LOADING RESOURCE SURFACE FROM DISK
1723917.392	Study_Phase.SEQUENCE.Study_Instruction	LOADING RESOURCE SURFACE FROM DISK
1730670.626	Study_Phase.SEQUENCE.DISPLAY_SCREEN	LOADING RESOURCE SURFACE FROM DISK
1732184.278	Study_Phase.SEQUENCE.Study_Instruction	LOADING RESOURCE SURFACE FROM DISK
1740450.964	Study_Phase.SEQUENCE.Study_Instruction	LOADING RESOURCE SURFACE FROM DISK
1747203.811	Study_Phase.SEQUENCE.DISPLAY_SCREEN	LOADING RESOURCE SURFACE FROM DISK
1748717.657	Study_Phase.SEQUENCE.Study_Instruction	LOADING RESOURCE SURFACE FROM DISK
1756983.904	Study_Phase.SEQUENCE.Study_Instruction	LOADING RESOURCE SURFACE FROM DISK
1765251.04	Study_Phase.SEQUENCE.Study_Instruction	LOADING RESOURCE SURFACE FROM DISK
1773483.674	Study_Phase.SEQUENCE.Study_Instruction	LOADING RESOURCE SURFACE FROM DISK
1780237.198	Study_Phase.SEQUENCE.DISPLAY_SCREEN	LOADING RESOURCE SURFACE FROM DISK
1781750.932	Study_Phase.SEQUENCE.Study_Instruction	LOADING RESOURCE SURFACE FROM DISK
1790017.099	Study_Phase.SEQUENCE.Study_Instruction	LOADING RESOURCE SURFACE FROM DISK
1798284.289	Study_Phase.SEQUENCE.Study_Instruction	LOADING RESOURCE SURFACE FROM DISK
1805037.146	Study_Phase.SEQUENCE.DISPLAY_SCREEN	LOADING RESOURCE SURFACE FROM DISK
1806551.005	Study_Phase.SEQUENCE.Study_Instruction	LOADING RESOURCE SURFACE FROM DISK
1814817.761	Study_Phase.SEQUENCE.Study_Instruction	LOADING RESOURCE SURFACE FROM DISK
1821570.564	Study_Phase.SEQUENCE.DISPLAY_SCREEN	LOADING RESOURCE SURFACE FROM DISK
1823084.361	Study_Phase.SEQUENCE.Study_Instruction	LOADING RESOURCE SURFACE FROM DISK
1829837.554	Study_Phase.SEQUENCE.DISPLAY_SCREEN	LOADING RESOURCE SURFACE FROM DISK
1831350.888	Study_Phase.SEQUENCE.Study_Instruction	LOADING RESOURCE SURFACE FROM DISK
1838103.761	Study_Phase.SEQUENCE.DISPLAY_SCREEN	LOADING RESOURCE SURFACE FROM DISK
1839617.508	Study_Phase.SEQUENCE.Study_Instruction	LOADING RESOURCE SURFACE FROM DISK
1847884.251	Study_Phase.SEQUENCE.Study_Instruction	LOADING RESOURCE SURFACE FROM DISK
1856133.631	Study_Phase.SEQUENCE.Study_Instruction	LOADING RESOURCE SURFACE FROM DISK
1864400.418	Study_Phase.SEQUENCE.Study_Instruction	LOADING RESOURCE SURFACE FROM DISK
1872667.009	Study_Phase.SEQUENCE.Study_Instruction	LOADING RESOURCE SURFACE FROM DISK
1879420.59	Study_Phase.SEQUENCE.DISPLAY_SCREEN	LOADING RESOURCE SURFACE FROM DISK
1880934.108	Study_Phase.SEQUENCE.Study_Instruction	LOADING RESOURCE SURFACE FROM DISK
1887687.326	Study_Phase.SEQUENCE.DISPLAY_SCREEN	LOADING RESOURCE SURFACE FROM DISK
1889200.927	Study_Phase.SEQUENCE.Study_Instruction	LOADING RESOURCE SURFACE FROM DISK
1897467.162	Study_Phase.SEQUENCE.Study_Instruction	LOADING RESOURCE SURFACE FROM DISK
1904220.469	Study_Phase.SEQUENCE.DISPLAY_SCREEN	LOADING RESOURCE SURFACE FROM DISK
1905734.164	Study_Phase.SEQUENCE.Study_Instruction	LOADING RESOURCE SURFACE FROM DISK
1914000.956	Study_Phase.SEQUENCE.Study_Instruction	LOADING RESOURCE SURFACE FROM DISK
1920720.736	Study_Phase.SEQUENCE.DISPLAY_SCREEN	LOADING RESOURCE SURFACE FROM DISK
1922234.25	Study_Phase.SEQUENCE.Study_Instruction	LOADING RESOURCE SURFACE FROM DISK
1930500.28	Study_Phase.SEQUENCE.Study_Instruction	LOADING RESOURCE SURFACE FROM DISK
1938767.597	Study_Phase.SEQUENCE.Study_Instruction	LOADING RESOURCE SURFACE FROM DISK
1945520.564	Study_Phase.SEQUENCE.DISPLAY_SCREEN	LOADING RESOURCE SURFACE FROM DISK
1947034.375	Study_Phase.SEQUENCE.Study_Instruction	LOADING RESOURCE SURFACE FROM DISK
1953787.175	Study_Phase.SEQUENCE.DISPLAY_SCREEN	LOADING RESOURCE SURFACE FROM DISK
1955300.868	Study_Phase.SEQUENCE.Study_Instruction	LOADING RESOURCE SURFACE FROM DISK
1962037.183	Study_Phase.SEQUENCE.DISPLAY_SCREEN	LOADING RESOURCE SURFACE FROM DISK
1963550.805	Study_Phase.SEQUENCE.Study_Instruction	LOADING RESOURCE SURFACE FROM DISK
1971783.605	Study_Phase.SEQUENCE.Study_Instruction	LOADING RESOURCE SURFACE FROM DISK
1980033.825	Study_Phase.SEQUENCE.Study_Instruction	LOADING RESOURCE SURFACE FROM DISK
1988300.957	Study_Phase.SEQUENCE.Study_Instruction	LOADING RESOURCE SURFACE FROM DISK
1995053.754	Study_Phase.SEQUENCE.DISPLAY_SCREEN	LOADING RESOURCE SURFACE FROM DISK
1996567.825	Study_Phase.SEQUENCE.Study_Instruction	LOADING RESOURCE SURFACE FROM DISK
2004833.845	Study_Phase.SEQUENCE.Study_Instruction	LOADING RESOURCE SURFACE FROM DISK
2013100.353	Study_Phase.SEQUENCE.Study_Instruction	LOADING RESOURCE SURFACE FROM DISK
2019853.882	Study_Phase.SEQUENCE.DISPLAY_SCREEN	LOADING RESOURCE SURFACE FROM DISK
2021367.679	Study_Phase.SEQUENCE.Study_Instruction	LOADING RESOURCE SURFACE FROM DISK
2028103.775	Study_Phase.SEQUENCE.DISPLAY_SCREEN	LOADING RESOURCE SURFACE FROM DISK
2029617.634	Study_Phase.SEQUENCE.Study_Instruction	LOADING RESOURCE SURFACE FROM DISK
2036370.439	Study_Phase.SEQUENCE.DISPLAY_SCREEN	LOADING RESOURCE SURFACE FROM DISK
2037884.135	Study_Phase.SEQUENCE.Study_Instruction	LOADING RESOURCE SURFACE FROM DISK
2046134.366	Study_Phase.SEQUENCE.Study_Instruction	LOADING RESOURCE SURFACE FROM DISK
2052887.205	Study_Phase.SEQUENCE.DISPLAY_SCREEN	LOADING RESOURCE SURFACE FROM DISK
2054400.788	Study_Phase.SEQUENCE.Study_Instruction	LOADING RESOURCE SURFACE FROM DISK
2061153.879	Study_Phase.SEQUENCE.DISPLAY_SCREEN	LOADING RESOURCE SURFACE FROM DISK
2062667.597	Study_Phase.SEQUENCE.Study_Instruction	LOADING RESOURCE SURFACE FROM DISK
2069420.799	Study_Phase.SEQUENCE.DISPLAY_SCREEN	LOADING RESOURCE SURFACE FROM DISK
2070934.249	Study_Phase.SEQUENCE.Study_Instruction	LOADING RESOURCE SURFACE FROM DISK
2079183.763	Study_Phase.SEQUENCE.Study_Instruction	LOADING RESOURCE SURFACE FROM DISK
2085937.341	Study_Phase.SEQUENCE.DISPLAY_SCREEN	LOADING RESOURCE SURFACE FROM DISK
2087450.98	Study_Phase.SEQUENCE.Study_Instruction	LOADING RESOURCE SURFACE FROM DISK
2094203.897	Study_Phase.SEQUENCE.DISPLAY_SCREEN	LOADING RESOURCE SURFACE FROM DISK
2095717.534	Study_Phase.SEQUENCE.Study_Instruction	LOADING RESOURCE SURFACE FROM DISK
2103967.134	Study_Phase.SEQUENCE.Study_Instruction	LOADING RESOURCE SURFACE FROM DISK
2112233.776	Study_Phase.SEQUENCE.Study_Instruction	LOADING RESOURCE SURFACE FROM DISK
2118987.186	Study_Phase.SEQUENCE.DISPLAY_SCREEN	LOADING RESOURCE SURFACE FROM DISK
2120500.849	Study_Phase.SEQUENCE.Study_Instruction	LOADING RESOURCE SURFACE FROM DISK
2128817.584	Study_Phase.SEQUENCE.Study_Instruction	LOADING RESOURCE SURFACE FROM DISK
2137083.701	Study_Phase.SEQUENCE.Study_Instruction	LOADING RESOURCE SURFACE FROM DISK
2143837.198	Study_Phase.SEQUENCE.DISPLAY_SCREEN	LOADING RESOURCE SURFACE FROM DISK
2145350.876	Study_Phase.SEQUENCE.Study_Instruction	LOADING RESOURCE SURFACE FROM DISK
2152103.893	Study_Phase.SEQUENCE.DISPLAY_SCREEN	LOADING RESOURCE SURFACE FROM DISK
2153617.612	Study_Phase.SEQUENCE.Study_Instruction	LOADING RESOURCE SURFACE FROM DISK
2161884.334	Study_Phase.SEQUENCE.Study_Instruction	LOADING RESOURCE SURFACE FROM DISK
2168637.165	Study_Phase.SEQUENCE.DISPLAY_SCREEN	LOADING RESOURCE SURFACE FROM DISK
2170150.849	Study_Phase.SEQUENCE.Study_Instruction	LOADING RESOURCE SURFACE FROM DISK
2178417.438	Study_Phase.SEQUENCE.Study_Instruction	LOADING RESOURCE SURFACE FROM DISK
2185170.489	Study_Phase.SEQUENCE.DISPLAY_SCREEN	LOADING RESOURCE SURFACE FROM DISK
2186684.349	Study_Phase.SEQUENCE.Study_Instruction	LOADING RESOURCE SURFACE FROM DISK
2194951.036	Study_Phase.SEQUENCE.Study_Instruction	LOADING RESOURCE SURFACE FROM DISK
2201703.792	Study_Phase.SEQUENCE.DISPLAY_SCREEN	LOADING RESOURCE SURFACE FROM DISK
2203217.518	Study_Phase.SEQUENCE.Study_Instruction	LOADING RESOURCE SURFACE FROM DISK
2211484.183	Study_Phase.SEQUENCE.Study_Instruction	LOADING RESOURCE SURFACE FROM DISK
2218237.235	Study_Phase.SEQUENCE.DISPLAY_SCREEN	LOADING RESOURCE SURFACE FROM DISK
2219750.765	Study_Phase.SEQUENCE.Study_Instruction	LOADING RESOURCE SURFACE FROM DISK
2226503.898	Study_Phase.SEQUENCE.DISPLAY_SCREEN	LOADING RESOURCE SURFACE FROM DISK
2228017.494	Study_Phase.SEQUENCE.Study_Instruction	LOADING RESOURCE SURFACE FROM DISK
2234770.526	Study_Phase.SEQUENCE.DISPLAY_SCREEN	LOADING RESOURCE SURFACE FROM DISK
2236284.267	Study_Phase.SEQUENCE.Study_Instruction	LOADING RESOURCE SURFACE FROM DISK
2244550.507	Study_Phase.SEQUENCE.Study_Instruction	LOADING RESOURCE SURFACE FROM DISK
2252817.521	Study_Phase.SEQUENCE.Study_Instruction	LOADING RESOURCE SURFACE FROM DISK
2261083.621	Study_Phase.SEQUENCE.Study_Instruction	LOADING RESOURCE SURFACE FROM DISK
2269350.373	Study_Phase.SEQUENCE.Study_Instruction	LOADING RESOURCE SURFACE FROM DISK
2276103.948	Study_Phase.SEQUENCE.DISPLAY_SCREEN	LOADING RESOURCE SURFACE FROM DISK
2277617.485	Study_Phase.SEQUENCE.Study_Instruction	LOADING RESOURCE SURFACE FROM DISK
2285866.98	Study_Phase.SEQUENCE.Study_Instruction	LOADING RESOURCE SURFACE FROM DISK
2290573.71	DISPLAY_SCREEN[7]	LOADING RESOURCE SURFACE FROM DISK
2412900.037	Test_Phase.SEQUENCE.Target_Cue	LOADING RESOURCE SURFACE FROM DISK
2412901.685	Test_Phase.SEQUENCE.Target_Cue	LOADING RESOURCE SURFACE FROM DISK
2414917.202	Test_Phase.SEQUENCE.Word	LOADING RESOURCE SURFACE FROM DISK
2417933.527	Test_Phase.SEQUENCE.Test_Question	LOADING RESOURCE SURFACE FROM DISK
2417935.228	Test_Phase.SEQUENCE.Test_Question	LOADING RESOURCE SURFACE FROM DISK
2417936.89	Test_Phase.SEQUENCE.Test_Question	LOADING RESOURCE SURFACE FROM DISK
2417938.504	Test_Phase.SEQUENCE.Test_Question	LOADING RESOURCE SURFACE FROM DISK
2417940.085	Test_Phase.SEQUENCE.Test_Question	LOADING RESOURCE SURFACE FROM DISK
2417941.757	Test_Phase.SEQUENCE.Test_Question	LOADING RESOURCE SURFACE FROM DISK
2417943.623	Test_Phase.SEQUENCE.Test_Question	LOADING RESOURCE SURFACE FROM DISK
2417945.21	Test_Phase.SEQUENCE.Test_Question	LOADING RESOURCE SURFACE FROM DISK
2417946.794	Test_Phase.SEQUENCE.Test_Question	LOADING RESOURCE SURFACE FROM DISK
2417948.357	Test_Phase.SEQUENCE.Test_Question	LOADING RESOURCE SURFACE FROM DISK
2417949.917	Test_Phase.SEQUENCE.Test_Question	LOADING RESOURCE SURFACE FROM DISK
2417951.441	Test_Phase.SEQUENCE.Test_Question	LOADING RESOURCE SURFACE FROM DISK
2424283.883	Test_Phase.SEQUENCE.Word	LOADING RESOURCE SURFACE FROM DISK
2432400.813	Test_Phase.SEQUENCE.Word	LOADING RESOURCE SURFACE FROM DISK
2441134.03	Test_Phase.SEQUENCE.Word	LOADING RESOURCE SURFACE FROM DISK
2450317.461	Test_Phase.SEQUENCE.Word	LOADING RESOURCE SURFACE FROM DISK
2458667.137	Test_Phase.SEQUENCE.Word	LOADING RESOURCE SURFACE FROM DISK
2466967.21	Test_Phase.SEQUENCE.Word	LOADING RESOURCE SURFACE FROM DISK
2475000.664	Test_Phase.SEQUENCE.Word	LOADING RESOURCE SURFACE FROM DISK
2483067.216	Test_Phase.SEQUENCE.Word	LOADING RESOURCE SURFACE FROM DISK
2492317.225	Test_Phase.SEQUENCE.Word	LOADING RESOURCE SURFACE FROM DISK
2500283.815	Test_Phase.SEQUENCE.Word	LOADING RESOURCE SURFACE FROM DISK
2508383.914	Test_Phase.SEQUENCE.Word	LOADING RESOURCE SURFACE FROM DISK
2516050.532	Test_Phase.SEQUENCE.Word	LOADING RESOURCE SURFACE FROM DISK
2523850.555	Test_Phase.SEQUENCE.Word	LOADING RESOURCE SURFACE FROM DISK
2530983.946	Test_Phase.SEQUENCE.Word	LOADING RESOURCE SURFACE FROM DISK
2538650.598	Test_Phase.SEQUENCE.Word	LOADING RESOURCE SURFACE FROM DISK
2546450.589	Test_Phase.SEQUENCE.Word	LOADING RESOURCE SURFACE FROM DISK
2553583.875	Test_Phase.SEQUENCE.Word	LOADING RESOURCE SURFACE FROM DISK
2561417.091	Test_Phase.SEQUENCE.Word	LOADING RESOURCE SURFACE FROM DISK
2569267.242	Test_Phase.SEQUENCE.Word	LOADING RESOURCE SURFACE FROM DISK
2577833.72	Test_Phase.SEQUENCE.Word	LOADING RESOURCE SURFACE FROM DISK
2585967.253	Test_Phase.SEQUENCE.Word	LOADING RESOURCE SURFACE FROM DISK
2595400.616	Test_Phase.SEQUENCE.Word	LOADING RESOURCE SURFACE FROM DISK
2603150.707	Test_Phase.SEQUENCE.Word	LOADING RESOURCE SURFACE FROM DISK
2610283.927	Test_Phase.SEQUENCE.Word	LOADING RESOURCE SURFACE FROM DISK
2617417.322	Test_Phase.SEQUENCE.Word	LOADING RESOURCE SURFACE FROM DISK
2624484.006	Test_Phase.SEQUENCE.Word	LOADING RESOURCE SURFACE FROM DISK
2631617.242	Test_Phase.SEQUENCE.Word	LOADING RESOURCE SURFACE FROM DISK
2639033.92	Test_Phase.SEQUENCE.Word	LOADING RESOURCE SURFACE FROM DISK
2646217.26	Test_Phase.SEQUENCE.Word	LOADING RESOURCE SURFACE FROM DISK
2653417.119	Test_Phase.SEQUENCE.Word	LOADING RESOURCE SURFACE FROM DISK
2660717.257	Test_Phase.SEQUENCE.Word	LOADING RESOURCE SURFACE FROM DISK
2667850.706	Test_Phase.SEQUENCE.Word	LOADING RESOURCE SURFACE FROM DISK
2675150.735	Test_Phase.SEQUENCE.Word	LOADING RESOURCE SURFACE FROM DISK
2682300.601	Test_Phase.SEQUENCE.Word	LOADING RESOURCE SURFACE FROM DISK
2689650.585	Test_Phase.SEQUENCE.Word	LOADING RESOURCE SURFACE FROM DISK
2696767.259	Test_Phase.SEQUENCE.Word	LOADING RESOURCE SURFACE FROM DISK
2703867.112	Test_Phase.SEQUENCE.Word	LOADING RESOURCE SURFACE FROM DISK
2710967.18	Test_Phase.SEQUENCE.Word	LOADING RESOURCE SURFACE FROM DISK
2718234.057	Test_Phase.SEQUENCE.Word	LOADING RESOURCE SURFACE FROM DISK
2725383.873	Test_Phase.SEQUENCE.Word	LOADING RESOURCE SURFACE FROM DISK
2732467.242	Test_Phase.SEQUENCE.Word	LOADING RESOURCE SURFACE FROM DISK
2739600.483	Test_Phase.SEQUENCE.Word	LOADING RESOURCE SURFACE FROM DISK
2746683.91	Test_Phase.SEQUENCE.Word	LOADING RESOURCE SURFACE FROM DISK
2753883.89	Test_Phase.SEQUENCE.Word	LOADING RESOURCE SURFACE FROM DISK
2761033.929	Test_Phase.SEQUENCE.Word	LOADING RESOURCE SURFACE FROM DISK
2768167.278	Test_Phase.SEQUENCE.Word	LOADING RESOURCE SURFACE FROM DISK
2775500.575	Test_Phase.SEQUENCE.Word	LOADING RESOURCE SURFACE FROM DISK
2782700.85	Test_Phase.SEQUENCE.Word	LOADING RESOURCE SURFACE FROM DISK
2789934.206	Test_Phase.SEQUENCE.Word	LOADING RESOURCE SURFACE FROM DISK
2797500.42	Test_Phase.SEQUENCE.Word	LOADING RESOURCE SURFACE FROM DISK
2804533.863	Test_Phase.SEQUENCE.Word	LOADING RESOURCE SURFACE FROM DISK
2811933.96	Test_Phase.SEQUENCE.Word	LOADING RESOURCE SURFACE FROM DISK
2819033.892	Test_Phase.SEQUENCE.Word	LOADING RESOURCE SURFACE FROM DISK
2826584.036	Test_Phase.SEQUENCE.Word	LOADING RESOURCE SURFACE FROM DISK
2833634.018	Test_Phase.SEQUENCE.Word	LOADING RESOURCE SURFACE FROM DISK
2840783.862	Test_Phase.SEQUENCE.Word	LOADING RESOURCE SURFACE FROM DISK
2847867.275	Test_Phase.SEQUENCE.Word	LOADING RESOURCE SURFACE FROM DISK
2855067.284	Test_Phase.SEQUENCE.Word	LOADING RESOURCE SURFACE FROM DISK
2862267.183	Test_Phase.SEQUENCE.Word	LOADING RESOURCE SURFACE FROM DISK
2869417.313	Test_Phase.SEQUENCE.Word	LOADING RESOURCE SURFACE FROM DISK
2878750.417	Test_Phase.SEQUENCE.Word	LOADING RESOURCE SURFACE FROM DISK
2886517.366	Test_Phase.SEQUENCE.Word	LOADING RESOURCE SURFACE FROM DISK
2894050.744	Test_Phase.SEQUENCE.Word	LOADING RESOURCE SURFACE FROM DISK
2901350.799	Test_Phase.SEQUENCE.Word	LOADING RESOURCE SURFACE FROM DISK
2909284.075	Test_Phase.SEQUENCE.Word	LOADING RESOURCE SURFACE FROM DISK
2917134.073	Test_Phase.SEQUENCE.Word	LOADING RESOURCE SURFACE FROM DISK
2927567.291	Test_Phase.SEQUENCE.Word	LOADING RESOURCE SURFACE FROM DISK
2934733.921	Test_Phase.SEQUENCE.Word	LOADING RESOURCE SURFACE FROM DISK
2941967.162	Test_Phase.SEQUENCE.Word	LOADING RESOURCE SURFACE FROM DISK
2949200.636	Test_Phase.SEQUENCE.Word	LOADING RESOURCE SURFACE FROM DISK
2956267.294	Test_Phase.SEQUENCE.Word	LOADING RESOURCE SURFACE FROM DISK
2963517.204	Test_Phase.SEQUENCE.Word	LOADING RESOURCE SURFACE FROM DISK
2970600.616	Test_Phase.SEQUENCE.Word	LOADING RESOURCE SURFACE FROM DISK
2977867.146	Test_Phase.SEQUENCE.Word	LOADING RESOURCE SURFACE FROM DISK
2985033.974	Test_Phase.SEQUENCE.Word	LOADING RESOURCE SURFACE FROM DISK
2992334.436	Test_Phase.SEQUENCE.Word	LOADING RESOURCE SURFACE FROM DISK
2999517.206	Test_Phase.SEQUENCE.Word	LOADING RESOURCE SURFACE FROM DISK
3006700.736	Test_Phase.SEQUENCE.Word	LOADING RESOURCE SURFACE FROM DISK
3014400.447	Test_Phase.SEQUENCE.Word	LOADING RESOURCE SURFACE FROM DISK
3021667.372	Test_Phase.SEQUENCE.Word	LOADING RESOURCE SURFACE FROM DISK
3028834.034	Test_Phase.SEQUENCE.Word	LOADING RESOURCE SURFACE FROM DISK
3036283.824	Test_Phase.SEQUENCE.Word	LOADING RESOURCE SURFACE FROM DISK
3044200.565	Test_Phase.SEQUENCE.Word	LOADING RESOURCE SURFACE FROM DISK
3051817.234	Test_Phase.SEQUENCE.Word	LOADING RESOURCE SURFACE FROM DISK
3059067.263	Test_Phase.SEQUENCE.Word	LOADING RESOURCE SURFACE FROM DISK
3067067.208	Test_Phase.SEQUENCE.Word	LOADING RESOURCE SURFACE FROM DISK
3074333.918	Test_Phase.SEQUENCE.Word	LOADING RESOURCE SURFACE FROM DISK
3081617.288	Test_Phase.SEQUENCE.Word	LOADING RESOURCE SURFACE FROM DISK
3088817.19	Test_Phase.SEQUENCE.Word	LOADING RESOURCE SURFACE FROM DISK
3097317.155	Test_Phase.SEQUENCE.Word	LOADING RESOURCE SURFACE FROM DISK
3104734.063	Test_Phase.SEQUENCE.Word	LOADING RESOURCE SURFACE FROM DISK
3111884.018	Test_Phase.SEQUENCE.Word	LOADING RESOURCE SURFACE FROM DISK
3119383.946	Test_Phase.SEQUENCE.Word	LOADING RESOURCE SURFACE FROM DISK
3126450.533	Test_Phase.SEQUENCE.Word	LOADING RESOURCE SURFACE FROM DISK
3133533.993	Test_Phase.SEQUENCE.Word	LOADING RESOURCE SURFACE FROM DISK
3142633.937	Test_Phase.SEQUENCE.Word	LOADING RESOURCE SURFACE FROM DISK
3149717.258	Test_Phase.SEQUENCE.Word	LOADING RESOURCE SURFACE FROM DISK
3156883.836	Test_Phase.SEQUENCE.Word	LOADING RESOURCE SURFACE FROM DISK
3164067.291	Test_Phase.SEQUENCE.Word	LOADING RESOURCE SURFACE FROM DISK
3171217.234	Test_Phase.SEQUENCE.Word	LOADING RESOURCE SURFACE FROM DISK
3178367.246	Test_Phase.SEQUENCE.Word	LOADING RESOURCE SURFACE FROM DISK
3185533.897	Test_Phase.SEQUENCE.Word	LOADING RESOURCE SURFACE FROM DISK
3192883.867	Test_Phase.SEQUENCE.Word	LOADING RESOURCE SURFACE FROM DISK
3200050.6	Test_Phase.SEQUENCE.Word	LOADING RESOURCE SURFACE FROM DISK
3207217.246	Test_Phase.SEQUENCE.Word	LOADING RESOURCE SURFACE FROM DISK
3214500.553	Test_Phase.SEQUENCE.Word	LOADING RESOURCE SURFACE FROM DISK
3221733.906	Test_Phase.SEQUENCE.Word	LOADING RESOURCE SURFACE FROM DISK
3235850.676	Test_Phase.SEQUENCE.Word	LOADING RESOURCE SURFACE FROM DISK
3243167.161	Test_Phase.SEQUENCE.Word	LOADING RESOURCE SURFACE FROM DISK
3250284.025	Test_Phase.SEQUENCE.Word	LOADING RESOURCE SURFACE FROM DISK
3257450.693	Test_Phase.SEQUENCE.Word	LOADING RESOURCE SURFACE FROM DISK
3264883.953	Test_Phase.SEQUENCE.Word	LOADING RESOURCE SURFACE FROM DISK
3273383.946	Test_Phase.SEQUENCE.Word	LOADING RESOURCE SURFACE FROM DISK
3280517.187	Test_Phase.SEQUENCE.Word	LOADING RESOURCE SURFACE FROM DISK
3287733.921	Test_Phase.SEQUENCE.Word	LOADING RESOURCE SURFACE FROM DISK
3295517.122	Test_Phase.SEQUENCE.Word	LOADING RESOURCE SURFACE FROM DISK
3302617.344	Test_Phase.SEQUENCE.Word	LOADING RESOURCE SURFACE FROM DISK
3310084.009	Test_Phase.SEQUENCE.Word	LOADING RESOURCE SURFACE FROM DISK
3318050.796	Test_Phase.SEQUENCE.Word	LOADING RESOURCE SURFACE FROM DISK
3325350.597	Test_Phase.SEQUENCE.Word	LOADING RESOURCE SURFACE FROM DISK
3333817.419	Test_Phase.SEQUENCE.Word	LOADING RESOURCE SURFACE FROM DISK
3341034.011	Test_Phase.SEQUENCE.Word	LOADING RESOURCE SURFACE FROM DISK
3348800.579	Test_Phase.SEQUENCE.Word	LOADING RESOURCE SURFACE FROM DISK
3356867.514	Test_Phase.SEQUENCE.Word	LOADING RESOURCE SURFACE FROM DISK
3365167.591	Test_Phase.SEQUENCE.Word	LOADING RESOURCE SURFACE FROM DISK
3373150.674	Test_Phase.SEQUENCE.Word	LOADING RESOURCE SURFACE FROM DISK
3380250.591	Test_Phase.SEQUENCE.Word	LOADING RESOURCE SURFACE FROM DISK
3387500.875	Test_Phase.SEQUENCE.Word	LOADING RESOURCE SURFACE FROM DISK
3395050.821	Test_Phase.SEQUENCE.Word	LOADING RESOURCE SURFACE FROM DISK
3402100.545	Test_Phase.SEQUENCE.Word	LOADING RESOURCE SURFACE FROM DISK
3409333.844	Test_Phase.SEQUENCE.Word	LOADING RESOURCE SURFACE FROM DISK
3417500.463	Test_Phase.SEQUENCE.Word	LOADING RESOURCE SURFACE FROM DISK
3424567.292	Test_Phase.SEQUENCE.Word	LOADING RESOURCE SURFACE FROM DISK
3432217.353	Test_Phase.SEQUENCE.Word	LOADING RESOURCE SURFACE FROM DISK
3439483.871	Test_Phase.SEQUENCE.Word	LOADING RESOURCE SURFACE FROM DISK
3446517.187	Test_Phase.SEQUENCE.Word	LOADING RESOURCE SURFACE FROM DISK
3454033.981	Test_Phase.SEQUENCE.Word	LOADING RESOURCE SURFACE FROM DISK
3461117.232	Test_Phase.SEQUENCE.Word	LOADING RESOURCE SURFACE FROM DISK
3468133.884	Test_Phase.SEQUENCE.Word	LOADING RESOURCE SURFACE FROM DISK
3475183.886	Test_Phase.SEQUENCE.Word	LOADING RESOURCE SURFACE FROM DISK
3482267.194	Test_Phase.SEQUENCE.Word	LOADING RESOURCE SURFACE FROM DISK
3489900.722	Test_Phase.SEQUENCE.Word	LOADING RESOURCE SURFACE FROM DISK
3497467.183	Test_Phase.SEQUENCE.Word	LOADING RESOURCE SURFACE FROM DISK
3505200.605	Test_Phase.SEQUENCE.Word	LOADING RESOURCE SURFACE FROM DISK
3512300.828	Test_Phase.SEQUENCE.Word	LOADING RESOURCE SURFACE FROM DISK
3519600.609	Test_Phase.SEQUENCE.Word	LOADING RESOURCE SURFACE FROM DISK
3526850.72	Test_Phase.SEQUENCE.Word	LOADING RESOURCE SURFACE FROM DISK
3533850.586	Test_Phase.SEQUENCE.Word	LOADING RESOURCE SURFACE FROM DISK
3540800.62	Test_Phase.SEQUENCE.Word	LOADING RESOURCE SURFACE FROM DISK
3547800.675	Test_Phase.SEQUENCE.Word	LOADING RESOURCE SURFACE FROM DISK
3554917.325	Test_Phase.SEQUENCE.Word	LOADING RESOURCE SURFACE FROM DISK
3562417.356	Test_Phase.SEQUENCE.Word	LOADING RESOURCE SURFACE FROM DISK
3569484.038	Test_Phase.SEQUENCE.Word	LOADING RESOURCE SURFACE FROM DISK
3576867.346	Test_Phase.SEQUENCE.Word	LOADING RESOURCE SURFACE FROM DISK
3583983.958	Test_Phase.SEQUENCE.Word	LOADING RESOURCE SURFACE FROM DISK
3591700.45	Test_Phase.SEQUENCE.Word	LOADING RESOURCE SURFACE FROM DISK
3598783.942	Test_Phase.SEQUENCE.Word	LOADING RESOURCE SURFACE FROM DISK
3606467.344	Test_Phase.SEQUENCE.Word	LOADING RESOURCE SURFACE FROM DISK
3613583.958	Test_Phase.SEQUENCE.Word	LOADING RESOURCE SURFACE FROM DISK
3620883.959	Test_Phase.SEQUENCE.Word	LOADING RESOURCE SURFACE FROM DISK
3629117.163	Test_Phase.SEQUENCE.Word	LOADING RESOURCE SURFACE FROM DISK
3636534.037	Test_Phase.SEQUENCE.Word	LOADING RESOURCE SURFACE FROM DISK
3643617.194	Test_Phase.SEQUENCE.Word	LOADING RESOURCE SURFACE FROM DISK
3650833.814	Test_Phase.SEQUENCE.Word	LOADING RESOURCE SURFACE FROM DISK
3658350.78	Test_Phase.SEQUENCE.Word	LOADING RESOURCE SURFACE FROM DISK
3665933.857	Test_Phase.SEQUENCE.Word	LOADING RESOURCE SURFACE FROM DISK
3673600.599	Test_Phase.SEQUENCE.Word	LOADING RESOURCE SURFACE FROM DISK
3681617.331	Test_Phase.SEQUENCE.Word	LOADING RESOURCE SURFACE FROM DISK
3689367.373	Test_Phase.SEQUENCE.Word	LOADING RESOURCE SURFACE FROM DISK
3697083.846	Test_Phase.SEQUENCE.Word	LOADING RESOURCE SURFACE FROM DISK
3704150.668	Test_Phase.SEQUENCE.Word	LOADING RESOURCE SURFACE FROM DISK
3711285.243	Test_Phase.SEQUENCE.Word	LOADING RESOURCE SURFACE FROM DISK
3718867.257	Test_Phase.SEQUENCE.Word	LOADING RESOURCE SURFACE FROM DISK
3726017.369	Test_Phase.SEQUENCE.Word	LOADING RESOURCE SURFACE FROM DISK
3733867.197	Test_Phase.SEQUENCE.Word	LOADING RESOURCE SURFACE FROM DISK
3741267.13	Test_Phase.SEQUENCE.Word	LOADING RESOURCE SURFACE FROM DISK
3748417.393	Test_Phase.SEQUENCE.Word	LOADING RESOURCE SURFACE FROM DISK
3757467.243	Test_Phase.SEQUENCE.Word	LOADING RESOURCE SURFACE FROM DISK
3764650.699	Test_Phase.SEQUENCE.Word	LOADING RESOURCE SURFACE FROM DISK
3771950.571	Test_Phase.SEQUENCE.Word	LOADING RESOURCE SURFACE FROM DISK
3779033.943	Test_Phase.SEQUENCE.Word	LOADING RESOURCE SURFACE FROM DISK
3786200.696	Test_Phase.SEQUENCE.Word	LOADING RESOURCE SURFACE FROM DISK
3793300.461	Test_Phase.SEQUENCE.Word	LOADING RESOURCE SURFACE FROM DISK
3800533.829	Test_Phase.SEQUENCE.Word	LOADING RESOURCE SURFACE FROM DISK
3807684.292	Test_Phase.SEQUENCE.Word	LOADING RESOURCE SURFACE FROM DISK
3815250.629	Test_Phase.SEQUENCE.Word	LOADING RESOURCE SURFACE FROM DISK
3823033.991	Test_Phase.SEQUENCE.Word	LOADING RESOURCE SURFACE FROM DISK
3830317.363	Test_Phase.SEQUENCE.Word	LOADING RESOURCE SURFACE FROM DISK
3838300.57	Test_Phase.SEQUENCE.Word	LOADING RESOURCE SURFACE FROM DISK
3845500.447	Test_Phase.SEQUENCE.Word	LOADING RESOURCE SURFACE FROM DISK
3853317.156	Test_Phase.SEQUENCE.Word	LOADING RESOURCE SURFACE FROM DISK
3860400.554	Test_Phase.SEQUENCE.Word	LOADING RESOURCE SURFACE FROM DISK
3867650.629	Test_Phase.SEQUENCE.Word	LOADING RESOURCE SURFACE FROM DISK
3874683.909	Test_Phase.SEQUENCE.Word	LOADING RESOURCE SURFACE FROM DISK
3882600.673	Test_Phase.SEQUENCE.Word	LOADING RESOURCE SURFACE FROM DISK
3891017.232	Test_Phase.SEQUENCE.Word	LOADING RESOURCE SURFACE FROM DISK
3898917.249	Test_Phase.SEQUENCE.Word	LOADING RESOURCE SURFACE FROM DISK
3906817.265	Test_Phase.SEQUENCE.Word	LOADING RESOURCE SURFACE FROM DISK
3910313.983	DISPLAY_SCREEN	LOADING RESOURCE SURFACE FROM DISK
