4632.815	DISPLAY_SCREEN[1]	LOADING RESOURCE SURFACE FROM DISK
1019524.48	Familiarization_Phase.SEQUENCE.Cue_and_Instruction	LOADING RESOURCE SURFACE FROM DISK
1019528.372	Familiarization_Phase.SEQUENCE.Cue_and_Instruction	LOADING RESOURCE SURFACE FROM DISK
1025565.024	Familiarization_Phase.SEQUENCE.Cue_and_Instruction	LOADING RESOURCE SURFACE FROM DISK
1025569.272	Familiarization_Phase.SEQUENCE.Cue_and_Instruction	LOADING RESOURCE SURFACE FROM DISK
1031615.173	Familiarization_Phase.SEQUENCE.Cue_and_Instruction	LOADING RESOURCE SURFACE FROM DISK
1031619.74	Familiarization_Phase.SEQUENCE.Cue_and_Instruction	LOADING RESOURCE SURFACE FROM DISK
1074023.631	DISPLAY_SCREEN[3]	LOADING RESOURCE SURFACE FROM DISK
1168554.883	DISPLAY_SCREEN[5]	LOADING RESOURCE SURFACE FROM DISK
1217472.433	Practice_Phase.SEQUENCE.Blink_Screen	LOADING RESOURCE SURFACE FROM DISK
1218676.649	Practice_Phase.SEQUENCE.Luminance_Cue[1]	LOADING RESOURCE SURFACE FROM DISK
1218678.917	Practice_Phase.SEQUENCE.Luminance_Cue[1]	LOADING RESOURCE SURFACE FROM DISK
1219456.558	Practice_Phase.SEQUENCE.Practice_Instruction	LOADING RESOURCE SURFACE FROM DISK
1219459.065	Practice_Phase.SEQUENCE.Practice_Instruction	LOADING RESOURCE SURFACE FROM DISK
1219460.644	Practice_Phase.SEQUENCE.Practice_Instruction	flip time is later than desired time. Desired Time=1219195 Flip Time=1219478 Retrace Rate=16.641, prepareTime=289 flip request time 1219460
1222959.748	Practice_Phase.SEQUENCE.Action_cue[1]	LOADING RESOURCE SURFACE FROM DISK
1227526.459	Practice_Phase.SEQUENCE.Practice_Instruction	LOADING RESOURCE SURFACE FROM DISK
1227528.9	Practice_Phase.SEQUENCE.Practice_Instruction	LOADING RESOURCE SURFACE FROM DISK
1235593.147	Practice_Phase.SEQUENCE.Practice_Instruction	LOADING RESOURCE SURFACE FROM DISK
1235595.559	Practice_Phase.SEQUENCE.Practice_Instruction	LOADING RESOURCE SURFACE FROM DISK
1243659.774	Practice_Phase.SEQUENCE.Practice_Instruction	LOADING RESOURCE SURFACE FROM DISK
1243662.29	Practice_Phase.SEQUENCE.Practice_Instruction	LOADING RESOURCE SURFACE FROM DISK
1251726.292	Practice_Phase.SEQUENCE.Practice_Instruction	LOADING RESOURCE SURFACE FROM DISK
1251728.676	Practice_Phase.SEQUENCE.Practice_Instruction	LOADING RESOURCE SURFACE FROM DISK
1259793.276	Practice_Phase.SEQUENCE.Practice_Instruction	LOADING RESOURCE SURFACE FROM DISK
1259795.63	Practice_Phase.SEQUENCE.Practice_Instruction	LOADING RESOURCE SURFACE FROM DISK
1267859.796	Practice_Phase.SEQUENCE.Practice_Instruction	LOADING RESOURCE SURFACE FROM DISK
1267862.214	Practice_Phase.SEQUENCE.Practice_Instruction	LOADING RESOURCE SURFACE FROM DISK
1275926.236	Practice_Phase.SEQUENCE.Practice_Instruction	LOADING RESOURCE SURFACE FROM DISK
1275928.628	Practice_Phase.SEQUENCE.Practice_Instruction	LOADING RESOURCE SURFACE FROM DISK
1283993.256	Practice_Phase.SEQUENCE.Practice_Instruction	LOADING RESOURCE SURFACE FROM DISK
1283995.642	Practice_Phase.SEQUENCE.Practice_Instruction	LOADING RESOURCE SURFACE FROM DISK
1290156.465	DISPLAY_SCREEN[2]	LOADING RESOURCE SURFACE FROM DISK
1439468.34	Study_Phase.SEQUENCE.Study_Instruction	LOADING RESOURCE SURFACE FROM DISK
1439470.573	Study_Phase.SEQUENCE.Study_Instruction	LOADING RESOURCE SURFACE FROM DISK
1447751.801	Study_Phase.SEQUENCE.Study_Instruction	LOADING RESOURCE SURFACE FROM DISK
1447771.109	Study_Phase.SEQUENCE.Study_Instruction	LOADING RESOURCE SURFACE FROM DISK
1456051.898	Study_Phase.SEQUENCE.Study_Instruction	LOADING RESOURCE SURFACE FROM DISK
1456054.191	Study_Phase.SEQUENCE.Study_Instruction	LOADING RESOURCE SURFACE FROM DISK
1464335.011	Study_Phase.SEQUENCE.Study_Instruction	LOADING RESOURCE SURFACE FROM DISK
1464337.45	Study_Phase.SEQUENCE.Study_Instruction	LOADING RESOURCE SURFACE FROM DISK
1472615.752	Study_Phase.SEQUENCE.Study_Instruction	LOADING RESOURCE SURFACE FROM DISK
1480885.039	Study_Phase.SEQUENCE.Study_Instruction	LOADING RESOURCE SURFACE FROM DISK
1480924.916	Study_Phase.SEQUENCE.Study_Instruction	LOADING RESOURCE SURFACE FROM DISK
1489199.451	Study_Phase.SEQUENCE.Study_Instruction	LOADING RESOURCE SURFACE FROM DISK
1497464.668	Study_Phase.SEQUENCE.Study_Instruction	LOADING RESOURCE SURFACE FROM DISK
1505718.224	Study_Phase.SEQUENCE.Study_Instruction	LOADING RESOURCE SURFACE FROM DISK
1505720.38	Study_Phase.SEQUENCE.Study_Instruction	LOADING RESOURCE SURFACE FROM DISK
1514001.866	Study_Phase.SEQUENCE.Study_Instruction	LOADING RESOURCE SURFACE FROM DISK
1514004.19	Study_Phase.SEQUENCE.Study_Instruction	LOADING RESOURCE SURFACE FROM DISK
1522284.942	Study_Phase.SEQUENCE.Study_Instruction	LOADING RESOURCE SURFACE FROM DISK
1522287.317	Study_Phase.SEQUENCE.Study_Instruction	LOADING RESOURCE SURFACE FROM DISK
1530566.111	Study_Phase.SEQUENCE.Study_Instruction	LOADING RESOURCE SURFACE FROM DISK
1538798.036	Study_Phase.SEQUENCE.Study_Instruction	LOADING RESOURCE SURFACE FROM DISK
1547068.468	Study_Phase.SEQUENCE.Study_Instruction	LOADING RESOURCE SURFACE FROM DISK
1547070.63	Study_Phase.SEQUENCE.Study_Instruction	LOADING RESOURCE SURFACE FROM DISK
1555349.099	Study_Phase.SEQUENCE.Study_Instruction	LOADING RESOURCE SURFACE FROM DISK
1563618.213	Study_Phase.SEQUENCE.Study_Instruction	LOADING RESOURCE SURFACE FROM DISK
1563620.437	Study_Phase.SEQUENCE.Study_Instruction	LOADING RESOURCE SURFACE FROM DISK
1571899.225	Study_Phase.SEQUENCE.Study_Instruction	LOADING RESOURCE SURFACE FROM DISK
1580168.47	Study_Phase.SEQUENCE.Study_Instruction	LOADING RESOURCE SURFACE FROM DISK
1580170.61	Study_Phase.SEQUENCE.Study_Instruction	LOADING RESOURCE SURFACE FROM DISK
1588452.994	Study_Phase.SEQUENCE.Study_Instruction	LOADING RESOURCE SURFACE FROM DISK
1588455.616	Study_Phase.SEQUENCE.Study_Instruction	LOADING RESOURCE SURFACE FROM DISK
1596715.832	Study_Phase.SEQUENCE.Study_Instruction	LOADING RESOURCE SURFACE FROM DISK
1604985.049	Study_Phase.SEQUENCE.Study_Instruction	LOADING RESOURCE SURFACE FROM DISK
1604987.176	Study_Phase.SEQUENCE.Study_Instruction	LOADING RESOURCE SURFACE FROM DISK
1613268.365	Study_Phase.SEQUENCE.Study_Instruction	LOADING RESOURCE SURFACE FROM DISK
1613270.604	Study_Phase.SEQUENCE.Study_Instruction	LOADING RESOURCE SURFACE FROM DISK
1621548.027	Study_Phase.SEQUENCE.Study_Instruction	LOADING RESOURCE SURFACE FROM DISK
1629814.578	Study_Phase.SEQUENCE.Study_Instruction	LOADING RESOURCE SURFACE FROM DISK
1638081.349	Study_Phase.SEQUENCE.Study_Instruction	LOADING RESOURCE SURFACE FROM DISK
1646347.96	Study_Phase.SEQUENCE.Study_Instruction	LOADING RESOURCE SURFACE FROM DISK
1654618.597	Study_Phase.SEQUENCE.Study_Instruction	LOADING RESOURCE SURFACE FROM DISK
1654620.928	Study_Phase.SEQUENCE.Study_Instruction	LOADING RESOURCE SURFACE FROM DISK
1662898.036	Study_Phase.SEQUENCE.Study_Instruction	LOADING RESOURCE SURFACE FROM DISK
1671168.24	Study_Phase.SEQUENCE.Study_Instruction	LOADING RESOURCE SURFACE FROM DISK
1671208.094	Study_Phase.SEQUENCE.Study_Instruction	LOADING RESOURCE SURFACE FROM DISK
1679482.727	Study_Phase.SEQUENCE.Study_Instruction	LOADING RESOURCE SURFACE FROM DISK
1687785.584	Study_Phase.SEQUENCE.Study_Instruction	LOADING RESOURCE SURFACE FROM DISK
1696051.772	Study_Phase.SEQUENCE.Study_Instruction	LOADING RESOURCE SURFACE FROM DISK
1696053.906	Study_Phase.SEQUENCE.Study_Instruction	LOADING RESOURCE SURFACE FROM DISK
1704370.14	Study_Phase.SEQUENCE.Study_Instruction	LOADING RESOURCE SURFACE FROM DISK
1712651.556	Study_Phase.SEQUENCE.Study_Instruction	LOADING RESOURCE SURFACE FROM DISK
1712653.853	Study_Phase.SEQUENCE.Study_Instruction	LOADING RESOURCE SURFACE FROM DISK
1720935.106	Study_Phase.SEQUENCE.Study_Instruction	LOADING RESOURCE SURFACE FROM DISK
1720979.852	Study_Phase.SEQUENCE.Study_Instruction	LOADING RESOURCE SURFACE FROM DISK
1729251.857	Study_Phase.SEQUENCE.Study_Instruction	LOADING RESOURCE SURFACE FROM DISK
1729254.104	Study_Phase.SEQUENCE.Study_Instruction	LOADING RESOURCE SURFACE FROM DISK
1737531.293	Study_Phase.SEQUENCE.Study_Instruction	LOADING RESOURCE SURFACE FROM DISK
1745799.253	Study_Phase.SEQUENCE.Study_Instruction	LOADING RESOURCE SURFACE FROM DISK
1754068.42	Study_Phase.SEQUENCE.Study_Instruction	LOADING RESOURCE SURFACE FROM DISK
1754070.518	Study_Phase.SEQUENCE.Study_Instruction	LOADING RESOURCE SURFACE FROM DISK
1762332.566	Study_Phase.SEQUENCE.Study_Instruction	LOADING RESOURCE SURFACE FROM DISK
1770601.711	Study_Phase.SEQUENCE.Study_Instruction	LOADING RESOURCE SURFACE FROM DISK
1770603.866	Study_Phase.SEQUENCE.Study_Instruction	LOADING RESOURCE SURFACE FROM DISK
1778920.976	Study_Phase.SEQUENCE.Study_Instruction	LOADING RESOURCE SURFACE FROM DISK
1787201.728	Study_Phase.SEQUENCE.Study_Instruction	LOADING RESOURCE SURFACE FROM DISK
1787204.165	Study_Phase.SEQUENCE.Study_Instruction	LOADING RESOURCE SURFACE FROM DISK
1795481.421	Study_Phase.SEQUENCE.Study_Instruction	LOADING RESOURCE SURFACE FROM DISK
1803748.098	Study_Phase.SEQUENCE.Study_Instruction	LOADING RESOURCE SURFACE FROM DISK
1812054.232	Study_Phase.SEQUENCE.Study_Instruction	LOADING RESOURCE SURFACE FROM DISK
1820335.251	Study_Phase.SEQUENCE.Study_Instruction	LOADING RESOURCE SURFACE FROM DISK
1820337.43	Study_Phase.SEQUENCE.Study_Instruction	LOADING RESOURCE SURFACE FROM DISK
1828618.401	Study_Phase.SEQUENCE.Study_Instruction	LOADING RESOURCE SURFACE FROM DISK
1828620.681	Study_Phase.SEQUENCE.Study_Instruction	LOADING RESOURCE SURFACE FROM DISK
1836899.15	Study_Phase.SEQUENCE.Study_Instruction	LOADING RESOURCE SURFACE FROM DISK
1845168.445	Study_Phase.SEQUENCE.Study_Instruction	LOADING RESOURCE SURFACE FROM DISK
1845207.556	Study_Phase.SEQUENCE.Study_Instruction	LOADING RESOURCE SURFACE FROM DISK
1853499.289	Study_Phase.SEQUENCE.Study_Instruction	LOADING RESOURCE SURFACE FROM DISK
1861764.765	Study_Phase.SEQUENCE.Study_Instruction	LOADING RESOURCE SURFACE FROM DISK
1870014.626	Study_Phase.SEQUENCE.Study_Instruction	LOADING RESOURCE SURFACE FROM DISK
1878268.335	Study_Phase.SEQUENCE.Study_Instruction	LOADING RESOURCE SURFACE FROM DISK
1878270.446	Study_Phase.SEQUENCE.Study_Instruction	LOADING RESOURCE SURFACE FROM DISK
1886551.784	Study_Phase.SEQUENCE.Study_Instruction	LOADING RESOURCE SURFACE FROM DISK
1886554.228	Study_Phase.SEQUENCE.Study_Instruction	LOADING RESOURCE SURFACE FROM DISK
1894815.835	Study_Phase.SEQUENCE.Study_Instruction	LOADING RESOURCE SURFACE FROM DISK
1903084.973	Study_Phase.SEQUENCE.Study_Instruction	LOADING RESOURCE SURFACE FROM DISK
1903123.571	Study_Phase.SEQUENCE.Study_Instruction	LOADING RESOURCE SURFACE FROM DISK
1911401.832	Study_Phase.SEQUENCE.Study_Instruction	LOADING RESOURCE SURFACE FROM DISK
1911404.38	Study_Phase.SEQUENCE.Study_Instruction	LOADING RESOURCE SURFACE FROM DISK
1919685.118	Study_Phase.SEQUENCE.Study_Instruction	LOADING RESOURCE SURFACE FROM DISK
1919687.429	Study_Phase.SEQUENCE.Study_Instruction	LOADING RESOURCE SURFACE FROM DISK
1927968.418	Study_Phase.SEQUENCE.Study_Instruction	LOADING RESOURCE SURFACE FROM DISK
1927970.722	Study_Phase.SEQUENCE.Study_Instruction	LOADING RESOURCE SURFACE FROM DISK
1936251.868	Study_Phase.SEQUENCE.Study_Instruction	LOADING RESOURCE SURFACE FROM DISK
1936254.186	Study_Phase.SEQUENCE.Study_Instruction	LOADING RESOURCE SURFACE FROM DISK
1944531.321	Study_Phase.SEQUENCE.Study_Instruction	LOADING RESOURCE SURFACE FROM DISK
1952801.586	Study_Phase.SEQUENCE.Study_Instruction	LOADING RESOURCE SURFACE FROM DISK
1952842.034	Study_Phase.SEQUENCE.Study_Instruction	LOADING RESOURCE SURFACE FROM DISK
1961115.822	Study_Phase.SEQUENCE.Study_Instruction	LOADING RESOURCE SURFACE FROM DISK
1969384.985	Study_Phase.SEQUENCE.Study_Instruction	LOADING RESOURCE SURFACE FROM DISK
1969387.079	Study_Phase.SEQUENCE.Study_Instruction	LOADING RESOURCE SURFACE FROM DISK
1977665.806	Study_Phase.SEQUENCE.Study_Instruction	LOADING RESOURCE SURFACE FROM DISK
1985931.334	Study_Phase.SEQUENCE.Study_Instruction	LOADING RESOURCE SURFACE FROM DISK
1994201.884	Study_Phase.SEQUENCE.Study_Instruction	LOADING RESOURCE SURFACE FROM DISK
1994204.173	Study_Phase.SEQUENCE.Study_Instruction	LOADING RESOURCE SURFACE FROM DISK
2002481.349	Study_Phase.SEQUENCE.Study_Instruction	LOADING RESOURCE SURFACE FROM DISK
2010749.078	Study_Phase.SEQUENCE.Study_Instruction	LOADING RESOURCE SURFACE FROM DISK
2019014.593	Study_Phase.SEQUENCE.Study_Instruction	LOADING RESOURCE SURFACE FROM DISK
2027285.028	Study_Phase.SEQUENCE.Study_Instruction	LOADING RESOURCE SURFACE FROM DISK
2027287.136	Study_Phase.SEQUENCE.Study_Instruction	LOADING RESOURCE SURFACE FROM DISK
2035565.807	Study_Phase.SEQUENCE.Study_Instruction	LOADING RESOURCE SURFACE FROM DISK
2043835.085	Study_Phase.SEQUENCE.Study_Instruction	LOADING RESOURCE SURFACE FROM DISK
2043837.192	Study_Phase.SEQUENCE.Study_Instruction	LOADING RESOURCE SURFACE FROM DISK
2052115.723	Study_Phase.SEQUENCE.Study_Instruction	LOADING RESOURCE SURFACE FROM DISK
2060385.024	Study_Phase.SEQUENCE.Study_Instruction	LOADING RESOURCE SURFACE FROM DISK
2060387.175	Study_Phase.SEQUENCE.Study_Instruction	LOADING RESOURCE SURFACE FROM DISK
2068665.954	Study_Phase.SEQUENCE.Study_Instruction	LOADING RESOURCE SURFACE FROM DISK
2076935.155	Study_Phase.SEQUENCE.Study_Instruction	LOADING RESOURCE SURFACE FROM DISK
2076937.29	Study_Phase.SEQUENCE.Study_Instruction	LOADING RESOURCE SURFACE FROM DISK
2085255.394	Study_Phase.SEQUENCE.Study_Instruction	LOADING RESOURCE SURFACE FROM DISK
2093531.379	Study_Phase.SEQUENCE.Study_Instruction	LOADING RESOURCE SURFACE FROM DISK
2101801.636	Study_Phase.SEQUENCE.Study_Instruction	LOADING RESOURCE SURFACE FROM DISK
2101803.876	Study_Phase.SEQUENCE.Study_Instruction	LOADING RESOURCE SURFACE FROM DISK
2110081.29	Study_Phase.SEQUENCE.Study_Instruction	LOADING RESOURCE SURFACE FROM DISK
2118351.799	Study_Phase.SEQUENCE.Study_Instruction	LOADING RESOURCE SURFACE FROM DISK
2118392.627	Study_Phase.SEQUENCE.Study_Instruction	LOADING RESOURCE SURFACE FROM DISK
2126704.321	Study_Phase.SEQUENCE.Study_Instruction	LOADING RESOURCE SURFACE FROM DISK
2134985.157	Study_Phase.SEQUENCE.Study_Instruction	LOADING RESOURCE SURFACE FROM DISK
2134987.286	Study_Phase.SEQUENCE.Study_Instruction	LOADING RESOURCE SURFACE FROM DISK
2143268.438	Study_Phase.SEQUENCE.Study_Instruction	LOADING RESOURCE SURFACE FROM DISK
2143270.692	Study_Phase.SEQUENCE.Study_Instruction	LOADING RESOURCE SURFACE FROM DISK
2151580.522	Study_Phase.SEQUENCE.Study_Instruction	LOADING RESOURCE SURFACE FROM DISK
2159874.59	Study_Phase.SEQUENCE.Study_Instruction	LOADING RESOURCE SURFACE FROM DISK
2168151.734	Study_Phase.SEQUENCE.Study_Instruction	LOADING RESOURCE SURFACE FROM DISK
2168196.868	Study_Phase.SEQUENCE.Study_Instruction	LOADING RESOURCE SURFACE FROM DISK
2176465.008	Study_Phase.SEQUENCE.Study_Instruction	LOADING RESOURCE SURFACE FROM DISK
2184732.555	Study_Phase.SEQUENCE.Study_Instruction	LOADING RESOURCE SURFACE FROM DISK
2193001.848	Study_Phase.SEQUENCE.Study_Instruction	LOADING RESOURCE SURFACE FROM DISK
2193046.95	Study_Phase.SEQUENCE.Study_Instruction	LOADING RESOURCE SURFACE FROM DISK
2201318.328	Study_Phase.SEQUENCE.Study_Instruction	LOADING RESOURCE SURFACE FROM DISK
2201320.573	Study_Phase.SEQUENCE.Study_Instruction	LOADING RESOURCE SURFACE FROM DISK
2209599.506	Study_Phase.SEQUENCE.Study_Instruction	LOADING RESOURCE SURFACE FROM DISK
2217868.407	Study_Phase.SEQUENCE.Study_Instruction	LOADING RESOURCE SURFACE FROM DISK
2217870.673	Study_Phase.SEQUENCE.Study_Instruction	LOADING RESOURCE SURFACE FROM DISK
2226148.175	Study_Phase.SEQUENCE.Study_Instruction	LOADING RESOURCE SURFACE FROM DISK
2234414.808	Study_Phase.SEQUENCE.Study_Instruction	LOADING RESOURCE SURFACE FROM DISK
2242718.938	Study_Phase.SEQUENCE.Study_Instruction	LOADING RESOURCE SURFACE FROM DISK
2251005.334	Study_Phase.SEQUENCE.Study_Instruction	LOADING RESOURCE SURFACE FROM DISK
2259281.349	Study_Phase.SEQUENCE.Study_Instruction	LOADING RESOURCE SURFACE FROM DISK
2267549.474	Study_Phase.SEQUENCE.Study_Instruction	LOADING RESOURCE SURFACE FROM DISK
2275818.346	Study_Phase.SEQUENCE.Study_Instruction	LOADING RESOURCE SURFACE FROM DISK
2275820.494	Study_Phase.SEQUENCE.Study_Instruction	LOADING RESOURCE SURFACE FROM DISK
2284097.929	Study_Phase.SEQUENCE.Study_Instruction	LOADING RESOURCE SURFACE FROM DISK
2292364.576	Study_Phase.SEQUENCE.Study_Instruction	LOADING RESOURCE SURFACE FROM DISK
2300671.463	Study_Phase.SEQUENCE.Study_Instruction	LOADING RESOURCE SURFACE FROM DISK
2308947.92	Study_Phase.SEQUENCE.Study_Instruction	LOADING RESOURCE SURFACE FROM DISK
2317215.833	Study_Phase.SEQUENCE.Study_Instruction	LOADING RESOURCE SURFACE FROM DISK
2325520.805	Study_Phase.SEQUENCE.Study_Instruction	LOADING RESOURCE SURFACE FROM DISK
2333798.025	Study_Phase.SEQUENCE.Study_Instruction	LOADING RESOURCE SURFACE FROM DISK
2342064.677	Study_Phase.SEQUENCE.Study_Instruction	LOADING RESOURCE SURFACE FROM DISK
2350318.589	Study_Phase.SEQUENCE.Study_Instruction	LOADING RESOURCE SURFACE FROM DISK
2350320.745	Study_Phase.SEQUENCE.Study_Instruction	LOADING RESOURCE SURFACE FROM DISK
2358599.147	Study_Phase.SEQUENCE.Study_Instruction	LOADING RESOURCE SURFACE FROM DISK
2366847.944	Study_Phase.SEQUENCE.Study_Instruction	LOADING RESOURCE SURFACE FROM DISK
2375118.501	Study_Phase.SEQUENCE.Study_Instruction	LOADING RESOURCE SURFACE FROM DISK
2375120.597	Study_Phase.SEQUENCE.Study_Instruction	LOADING RESOURCE SURFACE FROM DISK
2383401.582	Study_Phase.SEQUENCE.Study_Instruction	LOADING RESOURCE SURFACE FROM DISK
2383403.841	Study_Phase.SEQUENCE.Study_Instruction	LOADING RESOURCE SURFACE FROM DISK
2391682.47	Study_Phase.SEQUENCE.Study_Instruction	LOADING RESOURCE SURFACE FROM DISK
2399951.826	Study_Phase.SEQUENCE.Study_Instruction	LOADING RESOURCE SURFACE FROM DISK
2399953.991	Study_Phase.SEQUENCE.Study_Instruction	LOADING RESOURCE SURFACE FROM DISK
2408232.446	Study_Phase.SEQUENCE.Study_Instruction	LOADING RESOURCE SURFACE FROM DISK
2416501.842	Study_Phase.SEQUENCE.Study_Instruction	LOADING RESOURCE SURFACE FROM DISK
2416503.975	Study_Phase.SEQUENCE.Study_Instruction	LOADING RESOURCE SURFACE FROM DISK
2424782.596	Study_Phase.SEQUENCE.Study_Instruction	LOADING RESOURCE SURFACE FROM DISK
2431019.371	DISPLAY_SCREEN[7]	LOADING RESOURCE SURFACE FROM DISK
2542981.088	Test_Phase.SEQUENCE.Target_Cue	LOADING RESOURCE SURFACE FROM DISK
2542982.715	Test_Phase.SEQUENCE.Target_Cue	LOADING RESOURCE SURFACE FROM DISK
2544998.292	Test_Phase.SEQUENCE.Word	LOADING RESOURCE SURFACE FROM DISK
2548014.531	Test_Phase.SEQUENCE.Test_Question	LOADING RESOURCE SURFACE FROM DISK
2548016.118	Test_Phase.SEQUENCE.Test_Question	LOADING RESOURCE SURFACE FROM DISK
2548017.759	Test_Phase.SEQUENCE.Test_Question	LOADING RESOURCE SURFACE FROM DISK
2548019.389	Test_Phase.SEQUENCE.Test_Question	LOADING RESOURCE SURFACE FROM DISK
2548021.014	Test_Phase.SEQUENCE.Test_Question	LOADING RESOURCE SURFACE FROM DISK
2548022.654	Test_Phase.SEQUENCE.Test_Question	LOADING RESOURCE SURFACE FROM DISK
2548024.309	Test_Phase.SEQUENCE.Test_Question	LOADING RESOURCE SURFACE FROM DISK
2548025.946	Test_Phase.SEQUENCE.Test_Question	LOADING RESOURCE SURFACE FROM DISK
2548027.547	Test_Phase.SEQUENCE.Test_Question	LOADING RESOURCE SURFACE FROM DISK
2548029.119	Test_Phase.SEQUENCE.Test_Question	LOADING RESOURCE SURFACE FROM DISK
2548030.709	Test_Phase.SEQUENCE.Test_Question	LOADING RESOURCE SURFACE FROM DISK
2548032.269	Test_Phase.SEQUENCE.Test_Question	LOADING RESOURCE SURFACE FROM DISK
2553764.857	Test_Phase.SEQUENCE.Word	LOADING RESOURCE SURFACE FROM DISK
2561631.642	Test_Phase.SEQUENCE.Word	LOADING RESOURCE SURFACE FROM DISK
2569248.123	Test_Phase.SEQUENCE.Word	LOADING RESOURCE SURFACE FROM DISK
2578148.303	Test_Phase.SEQUENCE.Word	LOADING RESOURCE SURFACE FROM DISK
2585787.269	Test_Phase.SEQUENCE.Word	LOADING RESOURCE SURFACE FROM DISK
2595381.399	Test_Phase.SEQUENCE.Word	LOADING RESOURCE SURFACE FROM DISK
2603231.495	Test_Phase.SEQUENCE.Word	LOADING RESOURCE SURFACE FROM DISK
2611264.872	Test_Phase.SEQUENCE.Word	LOADING RESOURCE SURFACE FROM DISK
2619720.788	Test_Phase.SEQUENCE.Word	LOADING RESOURCE SURFACE FROM DISK
2628014.843	Test_Phase.SEQUENCE.Word	LOADING RESOURCE SURFACE FROM DISK
2637548.108	Test_Phase.SEQUENCE.Word	LOADING RESOURCE SURFACE FROM DISK
2645431.483	Test_Phase.SEQUENCE.Word	LOADING RESOURCE SURFACE FROM DISK
2653631.388	Test_Phase.SEQUENCE.Word	LOADING RESOURCE SURFACE FROM DISK
2664698.205	Test_Phase.SEQUENCE.Word	LOADING RESOURCE SURFACE FROM DISK
2672781.508	Test_Phase.SEQUENCE.Word	LOADING RESOURCE SURFACE FROM DISK
2680481.366	Test_Phase.SEQUENCE.Word	LOADING RESOURCE SURFACE FROM DISK
2688514.915	Test_Phase.SEQUENCE.Word	LOADING RESOURCE SURFACE FROM DISK
2696914.687	Test_Phase.SEQUENCE.Word	LOADING RESOURCE SURFACE FROM DISK
2704148.029	Test_Phase.SEQUENCE.Word	LOADING RESOURCE SURFACE FROM DISK
2712115.045	Test_Phase.SEQUENCE.Word	LOADING RESOURCE SURFACE FROM DISK
2720848.127	Test_Phase.SEQUENCE.Word	LOADING RESOURCE SURFACE FROM DISK
2729164.767	Test_Phase.SEQUENCE.Word	LOADING RESOURCE SURFACE FROM DISK
2737547.938	Test_Phase.SEQUENCE.Word	LOADING RESOURCE SURFACE FROM DISK
2746531.526	Test_Phase.SEQUENCE.Word	LOADING RESOURCE SURFACE FROM DISK
2754031.686	Test_Phase.SEQUENCE.Word	LOADING RESOURCE SURFACE FROM DISK
2761617.765	Test_Phase.SEQUENCE.Word	LOADING RESOURCE SURFACE FROM DISK
2769731.437	Test_Phase.SEQUENCE.Word	LOADING RESOURCE SURFACE FROM DISK
2776864.739	Test_Phase.SEQUENCE.Word	LOADING RESOURCE SURFACE FROM DISK
2784681.366	Test_Phase.SEQUENCE.Word	LOADING RESOURCE SURFACE FROM DISK
2792864.887	Test_Phase.SEQUENCE.Word	LOADING RESOURCE SURFACE FROM DISK
2802264.966	Test_Phase.SEQUENCE.Word	LOADING RESOURCE SURFACE FROM DISK
2809848.107	Test_Phase.SEQUENCE.Word	LOADING RESOURCE SURFACE FROM DISK
2817898.074	Test_Phase.SEQUENCE.Word	LOADING RESOURCE SURFACE FROM DISK
2825931.445	Test_Phase.SEQUENCE.Word	LOADING RESOURCE SURFACE FROM DISK
2833714.803	Test_Phase.SEQUENCE.Word	LOADING RESOURCE SURFACE FROM DISK
2841631.466	Test_Phase.SEQUENCE.Word	LOADING RESOURCE SURFACE FROM DISK
2849481.458	Test_Phase.SEQUENCE.Word	LOADING RESOURCE SURFACE FROM DISK
2857847.995	Test_Phase.SEQUENCE.Word	LOADING RESOURCE SURFACE FROM DISK
2865915.01	Test_Phase.SEQUENCE.Word	LOADING RESOURCE SURFACE FROM DISK
2873714.701	Test_Phase.SEQUENCE.Word	LOADING RESOURCE SURFACE FROM DISK
2881881.644	Test_Phase.SEQUENCE.Word	LOADING RESOURCE SURFACE FROM DISK
2891681.498	Test_Phase.SEQUENCE.Word	LOADING RESOURCE SURFACE FROM DISK
2900814.927	Test_Phase.SEQUENCE.Word	LOADING RESOURCE SURFACE FROM DISK
2908664.96	Test_Phase.SEQUENCE.Word	LOADING RESOURCE SURFACE FROM DISK
2916497.922	Test_Phase.SEQUENCE.Word	LOADING RESOURCE SURFACE FROM DISK
2923664.783	Test_Phase.SEQUENCE.Word	LOADING RESOURCE SURFACE FROM DISK
2932531.259	Test_Phase.SEQUENCE.Word	LOADING RESOURCE SURFACE FROM DISK
2940831.395	Test_Phase.SEQUENCE.Word	LOADING RESOURCE SURFACE FROM DISK
2948814.832	Test_Phase.SEQUENCE.Word	LOADING RESOURCE SURFACE FROM DISK
2957648.243	Test_Phase.SEQUENCE.Word	LOADING RESOURCE SURFACE FROM DISK
2966081.326	Test_Phase.SEQUENCE.Word	LOADING RESOURCE SURFACE FROM DISK
2973814.87	Test_Phase.SEQUENCE.Word	LOADING RESOURCE SURFACE FROM DISK
2981664.93	Test_Phase.SEQUENCE.Word	LOADING RESOURCE SURFACE FROM DISK
2988948.095	Test_Phase.SEQUENCE.Word	LOADING RESOURCE SURFACE FROM DISK
2997464.524	Test_Phase.SEQUENCE.Word	LOADING RESOURCE SURFACE FROM DISK
3006981.496	Test_Phase.SEQUENCE.Word	LOADING RESOURCE SURFACE FROM DISK
3015137.734	Test_Phase.SEQUENCE.Word	LOADING RESOURCE SURFACE FROM DISK
3022314.765	Test_Phase.SEQUENCE.Word	LOADING RESOURCE SURFACE FROM DISK
3032498.174	Test_Phase.SEQUENCE.Word	LOADING RESOURCE SURFACE FROM DISK
3040998.024	Test_Phase.SEQUENCE.Word	LOADING RESOURCE SURFACE FROM DISK
3048731.351	Test_Phase.SEQUENCE.Word	LOADING RESOURCE SURFACE FROM DISK
3057401.625	Test_Phase.SEQUENCE.Word	LOADING RESOURCE SURFACE FROM DISK
3065214.711	Test_Phase.SEQUENCE.Word	LOADING RESOURCE SURFACE FROM DISK
3073014.714	Test_Phase.SEQUENCE.Word	LOADING RESOURCE SURFACE FROM DISK
3080731.509	Test_Phase.SEQUENCE.Word	LOADING RESOURCE SURFACE FROM DISK
3089264.791	Test_Phase.SEQUENCE.Word	LOADING RESOURCE SURFACE FROM DISK
3098098.096	Test_Phase.SEQUENCE.Word	LOADING RESOURCE SURFACE FROM DISK
3106841.038	Test_Phase.SEQUENCE.Word	LOADING RESOURCE SURFACE FROM DISK
3116781.664	Test_Phase.SEQUENCE.Word	LOADING RESOURCE SURFACE FROM DISK
3125265.021	Test_Phase.SEQUENCE.Word	LOADING RESOURCE SURFACE FROM DISK
3133931.407	Test_Phase.SEQUENCE.Word	LOADING RESOURCE SURFACE FROM DISK
3141764.938	Test_Phase.SEQUENCE.Word	LOADING RESOURCE SURFACE FROM DISK
3152481.28	Test_Phase.SEQUENCE.Word	LOADING RESOURCE SURFACE FROM DISK
3160531.363	Test_Phase.SEQUENCE.Word	LOADING RESOURCE SURFACE FROM DISK
3167998.166	Test_Phase.SEQUENCE.Word	LOADING RESOURCE SURFACE FROM DISK
3177064.787	Test_Phase.SEQUENCE.Word	LOADING RESOURCE SURFACE FROM DISK
3186831.615	Test_Phase.SEQUENCE.Word	LOADING RESOURCE SURFACE FROM DISK
3194648.053	Test_Phase.SEQUENCE.Word	LOADING RESOURCE SURFACE FROM DISK
3202448.103	Test_Phase.SEQUENCE.Word	LOADING RESOURCE SURFACE FROM DISK
3211014.696	Test_Phase.SEQUENCE.Word	LOADING RESOURCE SURFACE FROM DISK
3219114.852	Test_Phase.SEQUENCE.Word	LOADING RESOURCE SURFACE FROM DISK
3228148.207	Test_Phase.SEQUENCE.Word	LOADING RESOURCE SURFACE FROM DISK
3236081.456	Test_Phase.SEQUENCE.Word	LOADING RESOURCE SURFACE FROM DISK
3244848.354	Test_Phase.SEQUENCE.Word	LOADING RESOURCE SURFACE FROM DISK
3252881.511	Test_Phase.SEQUENCE.Word	LOADING RESOURCE SURFACE FROM DISK
3261398.051	Test_Phase.SEQUENCE.Word	LOADING RESOURCE SURFACE FROM DISK
3270381.449	Test_Phase.SEQUENCE.Word	LOADING RESOURCE SURFACE FROM DISK
3278314.826	Test_Phase.SEQUENCE.Word	LOADING RESOURCE SURFACE FROM DISK
3287231.434	Test_Phase.SEQUENCE.Word	LOADING RESOURCE SURFACE FROM DISK
3295535.324	Test_Phase.SEQUENCE.Word	LOADING RESOURCE SURFACE FROM DISK
3303898.349	Test_Phase.SEQUENCE.Word	LOADING RESOURCE SURFACE FROM DISK
3312514.687	Test_Phase.SEQUENCE.Word	LOADING RESOURCE SURFACE FROM DISK
3321014.753	Test_Phase.SEQUENCE.Word	LOADING RESOURCE SURFACE FROM DISK
3329648.074	Test_Phase.SEQUENCE.Word	LOADING RESOURCE SURFACE FROM DISK
3337381.428	Test_Phase.SEQUENCE.Word	LOADING RESOURCE SURFACE FROM DISK
3345414.814	Test_Phase.SEQUENCE.Word	LOADING RESOURCE SURFACE FROM DISK
3354348.3	Test_Phase.SEQUENCE.Word	LOADING RESOURCE SURFACE FROM DISK
3363281.4	Test_Phase.SEQUENCE.Word	LOADING RESOURCE SURFACE FROM DISK
3371764.76	Test_Phase.SEQUENCE.Word	LOADING RESOURCE SURFACE FROM DISK
3379331.652	Test_Phase.SEQUENCE.Word	LOADING RESOURCE SURFACE FROM DISK
3386514.863	Test_Phase.SEQUENCE.Word	LOADING RESOURCE SURFACE FROM DISK
3394648.171	Test_Phase.SEQUENCE.Word	LOADING RESOURCE SURFACE FROM DISK
3402698.078	Test_Phase.SEQUENCE.Word	LOADING RESOURCE SURFACE FROM DISK
3410798.265	Test_Phase.SEQUENCE.Word	LOADING RESOURCE SURFACE FROM DISK
3418231.432	Test_Phase.SEQUENCE.Word	LOADING RESOURCE SURFACE FROM DISK
3426248.023	Test_Phase.SEQUENCE.Word	LOADING RESOURCE SURFACE FROM DISK
3434231.433	Test_Phase.SEQUENCE.Word	LOADING RESOURCE SURFACE FROM DISK
3442298.116	Test_Phase.SEQUENCE.Word	LOADING RESOURCE SURFACE FROM DISK
3450514.664	Test_Phase.SEQUENCE.Word	LOADING RESOURCE SURFACE FROM DISK
3459448.267	Test_Phase.SEQUENCE.Word	LOADING RESOURCE SURFACE FROM DISK
3468614.807	Test_Phase.SEQUENCE.Word	LOADING RESOURCE SURFACE FROM DISK
3477231.602	Test_Phase.SEQUENCE.Word	LOADING RESOURCE SURFACE FROM DISK
3486114.695	Test_Phase.SEQUENCE.Word	LOADING RESOURCE SURFACE FROM DISK
3495814.78	Test_Phase.SEQUENCE.Word	LOADING RESOURCE SURFACE FROM DISK
3505047.945	Test_Phase.SEQUENCE.Word	LOADING RESOURCE SURFACE FROM DISK
3513364.727	Test_Phase.SEQUENCE.Word	LOADING RESOURCE SURFACE FROM DISK
3521498.237	Test_Phase.SEQUENCE.Word	LOADING RESOURCE SURFACE FROM DISK
3529698.062	Test_Phase.SEQUENCE.Word	LOADING RESOURCE SURFACE FROM DISK
3537914.997	Test_Phase.SEQUENCE.Word	LOADING RESOURCE SURFACE FROM DISK
3545498.125	Test_Phase.SEQUENCE.Word	LOADING RESOURCE SURFACE FROM DISK
3552598.117	Test_Phase.SEQUENCE.Word	LOADING RESOURCE SURFACE FROM DISK
3559997.996	Test_Phase.SEQUENCE.Word	LOADING RESOURCE SURFACE FROM DISK
3569381.507	Test_Phase.SEQUENCE.Word	LOADING RESOURCE SURFACE FROM DISK
3578881.375	Test_Phase.SEQUENCE.Word	LOADING RESOURCE SURFACE FROM DISK
3586148.289	Test_Phase.SEQUENCE.Word	LOADING RESOURCE SURFACE FROM DISK
3593531.463	Test_Phase.SEQUENCE.Word	LOADING RESOURCE SURFACE FROM DISK
3602198.011	Test_Phase.SEQUENCE.Word	LOADING RESOURCE SURFACE FROM DISK
3609481.399	Test_Phase.SEQUENCE.Word	LOADING RESOURCE SURFACE FROM DISK
3617785.734	Test_Phase.SEQUENCE.Word	LOADING RESOURCE SURFACE FROM DISK
3626631.415	Test_Phase.SEQUENCE.Word	LOADING RESOURCE SURFACE FROM DISK
3635547.938	Test_Phase.SEQUENCE.Word	LOADING RESOURCE SURFACE FROM DISK
3643114.81	Test_Phase.SEQUENCE.Word	LOADING RESOURCE SURFACE FROM DISK
3651098.272	Test_Phase.SEQUENCE.Word	LOADING RESOURCE SURFACE FROM DISK
3659065.105	Test_Phase.SEQUENCE.Word	LOADING RESOURCE SURFACE FROM DISK
3667064.893	Test_Phase.SEQUENCE.Word	LOADING RESOURCE SURFACE FROM DISK
3674231.434	Test_Phase.SEQUENCE.Word	LOADING RESOURCE SURFACE FROM DISK
3682998.131	Test_Phase.SEQUENCE.Word	LOADING RESOURCE SURFACE FROM DISK
3691981.369	Test_Phase.SEQUENCE.Word	LOADING RESOURCE SURFACE FROM DISK
3700175.532	Test_Phase.SEQUENCE.Word	LOADING RESOURCE SURFACE FROM DISK
3707514.872	Test_Phase.SEQUENCE.Word	LOADING RESOURCE SURFACE FROM DISK
3715131.564	Test_Phase.SEQUENCE.Word	LOADING RESOURCE SURFACE FROM DISK
3723881.579	Test_Phase.SEQUENCE.Word	LOADING RESOURCE SURFACE FROM DISK
3733148.059	Test_Phase.SEQUENCE.Word	LOADING RESOURCE SURFACE FROM DISK
3741214.809	Test_Phase.SEQUENCE.Word	LOADING RESOURCE SURFACE FROM DISK
3751148.114	Test_Phase.SEQUENCE.Word	LOADING RESOURCE SURFACE FROM DISK
3759148.018	Test_Phase.SEQUENCE.Word	LOADING RESOURCE SURFACE FROM DISK
3770565.025	Test_Phase.SEQUENCE.Word	LOADING RESOURCE SURFACE FROM DISK
3778364.635	Test_Phase.SEQUENCE.Word	LOADING RESOURCE SURFACE FROM DISK
3785464.816	Test_Phase.SEQUENCE.Word	LOADING RESOURCE SURFACE FROM DISK
3792815.001	Test_Phase.SEQUENCE.Word	LOADING RESOURCE SURFACE FROM DISK
3800531.253	Test_Phase.SEQUENCE.Word	LOADING RESOURCE SURFACE FROM DISK
3808441.213	Test_Phase.SEQUENCE.Word	LOADING RESOURCE SURFACE FROM DISK
3817281.52	Test_Phase.SEQUENCE.Word	LOADING RESOURCE SURFACE FROM DISK
3824681.392	Test_Phase.SEQUENCE.Word	LOADING RESOURCE SURFACE FROM DISK
3832598.211	Test_Phase.SEQUENCE.Word	LOADING RESOURCE SURFACE FROM DISK
3840864.811	Test_Phase.SEQUENCE.Word	LOADING RESOURCE SURFACE FROM DISK
3848714.768	Test_Phase.SEQUENCE.Word	LOADING RESOURCE SURFACE FROM DISK
3858031.54	Test_Phase.SEQUENCE.Word	LOADING RESOURCE SURFACE FROM DISK
3865798.16	Test_Phase.SEQUENCE.Word	LOADING RESOURCE SURFACE FROM DISK
3874181.564	Test_Phase.SEQUENCE.Word	LOADING RESOURCE SURFACE FROM DISK
3883548.186	Test_Phase.SEQUENCE.Word	LOADING RESOURCE SURFACE FROM DISK
3891764.736	Test_Phase.SEQUENCE.Word	LOADING RESOURCE SURFACE FROM DISK
3899814.893	Test_Phase.SEQUENCE.Word	LOADING RESOURCE SURFACE FROM DISK
3908747.995	Test_Phase.SEQUENCE.Word	LOADING RESOURCE SURFACE FROM DISK
3916681.332	Test_Phase.SEQUENCE.Word	LOADING RESOURCE SURFACE FROM DISK
3925148.051	Test_Phase.SEQUENCE.Word	LOADING RESOURCE SURFACE FROM DISK
3932965.016	Test_Phase.SEQUENCE.Word	LOADING RESOURCE SURFACE FROM DISK
3941081.593	Test_Phase.SEQUENCE.Word	LOADING RESOURCE SURFACE FROM DISK
3949198.215	Test_Phase.SEQUENCE.Word	LOADING RESOURCE SURFACE FROM DISK
3956964.864	Test_Phase.SEQUENCE.Word	LOADING RESOURCE SURFACE FROM DISK
3964531.459	Test_Phase.SEQUENCE.Word	LOADING RESOURCE SURFACE FROM DISK
3973381.493	Test_Phase.SEQUENCE.Word	LOADING RESOURCE SURFACE FROM DISK
3981681.422	Test_Phase.SEQUENCE.Word	LOADING RESOURCE SURFACE FROM DISK
3989730.116	Test_Phase.SEQUENCE.Word	LOADING RESOURCE SURFACE FROM DISK
3998415.059	Test_Phase.SEQUENCE.Word	LOADING RESOURCE SURFACE FROM DISK
4008881.364	Test_Phase.SEQUENCE.Word	LOADING RESOURCE SURFACE FROM DISK
4018698.08	Test_Phase.SEQUENCE.Word	LOADING RESOURCE SURFACE FROM DISK
4028181.357	Test_Phase.SEQUENCE.Word	LOADING RESOURCE SURFACE FROM DISK
4036364.754	Test_Phase.SEQUENCE.Word	LOADING RESOURCE SURFACE FROM DISK
4044114.609	Test_Phase.SEQUENCE.Word	LOADING RESOURCE SURFACE FROM DISK
4051848.039	Test_Phase.SEQUENCE.Word	LOADING RESOURCE SURFACE FROM DISK
4059865.02	Test_Phase.SEQUENCE.Word	LOADING RESOURCE SURFACE FROM DISK
4069004.463	Test_Phase.SEQUENCE.Word	LOADING RESOURCE SURFACE FROM DISK
4077164.682	Test_Phase.SEQUENCE.Word	LOADING RESOURCE SURFACE FROM DISK
4086614.761	Test_Phase.SEQUENCE.Word	LOADING RESOURCE SURFACE FROM DISK
4094881.398	Test_Phase.SEQUENCE.Word	LOADING RESOURCE SURFACE FROM DISK
4103115.479	Test_Phase.SEQUENCE.Word	LOADING RESOURCE SURFACE FROM DISK
4111448.025	Test_Phase.SEQUENCE.Word	LOADING RESOURCE SURFACE FROM DISK
4120381.347	Test_Phase.SEQUENCE.Word	LOADING RESOURCE SURFACE FROM DISK
4128914.782	Test_Phase.SEQUENCE.Word	LOADING RESOURCE SURFACE FROM DISK
4136864.711	Test_Phase.SEQUENCE.Word	LOADING RESOURCE SURFACE FROM DISK
4144815.061	Test_Phase.SEQUENCE.Word	LOADING RESOURCE SURFACE FROM DISK
4152698.207	Test_Phase.SEQUENCE.Word	LOADING RESOURCE SURFACE FROM DISK
4160347.989	Test_Phase.SEQUENCE.Word	LOADING RESOURCE SURFACE FROM DISK
4169064.741	Test_Phase.SEQUENCE.Word	LOADING RESOURCE SURFACE FROM DISK
4176548.216	Test_Phase.SEQUENCE.Word	LOADING RESOURCE SURFACE FROM DISK
4184648.071	Test_Phase.SEQUENCE.Word	LOADING RESOURCE SURFACE FROM DISK
4194064.895	Test_Phase.SEQUENCE.Word	LOADING RESOURCE SURFACE FROM DISK
4207586.512	DISPLAY_SCREEN	LOADING RESOURCE SURFACE FROM DISK
