4623.987	DISPLAY_SCREEN[1]	LOADING RESOURCE SURFACE FROM DISK
475306.086	Familiarization_Phase.SEQUENCE.Cue_and_Instruction	LOADING RESOURCE SURFACE FROM DISK
475310.319	Familiarization_Phase.SEQUENCE.Cue_and_Instruction	LOADING RESOURCE SURFACE FROM DISK
481358.4	Familiarization_Phase.SEQUENCE.Cue_and_Instruction	LOADING RESOURCE SURFACE FROM DISK
481362.556	Familiarization_Phase.SEQUENCE.Cue_and_Instruction	LOADING RESOURCE SURFACE FROM DISK
487408.883	Familiarization_Phase.SEQUENCE.Cue_and_Instruction	LOADING RESOURCE SURFACE FROM DISK
487413.023	Familiarization_Phase.SEQUENCE.Cue_and_Instruction	LOADING RESOURCE SURFACE FROM DISK
529578.768	DISPLAY_SCREEN[3]	LOADING RESOURCE SURFACE FROM DISK
596865.394	DISPLAY_SCREEN[5]	LOADING RESOURCE SURFACE FROM DISK
652098.708	Practice_Phase.SEQUENCE.Blink_Screen	LOADING RESOURCE SURFACE FROM DISK
653302.826	Practice_Phase.SEQUENCE.Luminance_Cue[1]	LOADING RESOURCE SURFACE FROM DISK
653305.033	Practice_Phase.SEQUENCE.Luminance_Cue[1]	LOADING RESOURCE SURFACE FROM DISK
653825.088	Practice_Phase.SEQUENCE.Practice_Instruction	LOADING RESOURCE SURFACE FROM DISK
653827.404	Practice_Phase.SEQUENCE.Practice_Instruction	LOADING RESOURCE SURFACE FROM DISK
653828.817	Practice_Phase.SEQUENCE.Practice_Instruction	flip time is later than desired time. Desired Time=653821 Flip Time=653838 Retrace Rate=17.003, prepareTime=31 flip request time 653828
657319.362	Practice_Phase.SEQUENCE.Action_cue[1]	LOADING RESOURCE SURFACE FROM DISK
661922.378	Practice_Phase.SEQUENCE.Practice_Instruction	LOADING RESOURCE SURFACE FROM DISK
661924.73	Practice_Phase.SEQUENCE.Practice_Instruction	LOADING RESOURCE SURFACE FROM DISK
661926.234	Practice_Phase.SEQUENCE.Practice_Instruction	flip time is later than desired time. Desired Time=661921 Flip Time=661938 Retrace Rate=17.003, prepareTime=29 flip request time 661926
669985.94	Practice_Phase.SEQUENCE.Practice_Instruction	LOADING RESOURCE SURFACE FROM DISK
669988.267	Practice_Phase.SEQUENCE.Practice_Instruction	LOADING RESOURCE SURFACE FROM DISK
678052.492	Practice_Phase.SEQUENCE.Practice_Instruction	LOADING RESOURCE SURFACE FROM DISK
678054.846	Practice_Phase.SEQUENCE.Practice_Instruction	LOADING RESOURCE SURFACE FROM DISK
686119.003	Practice_Phase.SEQUENCE.Practice_Instruction	LOADING RESOURCE SURFACE FROM DISK
686163.558	Practice_Phase.SEQUENCE.Practice_Instruction	LOADING RESOURCE SURFACE FROM DISK
686165.142	Practice_Phase.SEQUENCE.Practice_Instruction	flip time is later than desired time. Desired Time=686138 Flip Time=686188 Retrace Rate=17.003, prepareTime=51 flip request time 686164
694235.947	Practice_Phase.SEQUENCE.Practice_Instruction	LOADING RESOURCE SURFACE FROM DISK
694238.321	Practice_Phase.SEQUENCE.Practice_Instruction	LOADING RESOURCE SURFACE FROM DISK
702302.411	Practice_Phase.SEQUENCE.Practice_Instruction	LOADING RESOURCE SURFACE FROM DISK
702304.83	Practice_Phase.SEQUENCE.Practice_Instruction	LOADING RESOURCE SURFACE FROM DISK
710369.252	Practice_Phase.SEQUENCE.Practice_Instruction	LOADING RESOURCE SURFACE FROM DISK
710371.672	Practice_Phase.SEQUENCE.Practice_Instruction	LOADING RESOURCE SURFACE FROM DISK
718435.926	Practice_Phase.SEQUENCE.Practice_Instruction	LOADING RESOURCE SURFACE FROM DISK
718438.218	Practice_Phase.SEQUENCE.Practice_Instruction	LOADING RESOURCE SURFACE FROM DISK
724599.838	DISPLAY_SCREEN[2]	LOADING RESOURCE SURFACE FROM DISK
876375.854	Study_Phase.SEQUENCE.Study_Instruction	LOADING RESOURCE SURFACE FROM DISK
884645.015	Study_Phase.SEQUENCE.Study_Instruction	LOADING RESOURCE SURFACE FROM DISK
884647.096	Study_Phase.SEQUENCE.Study_Instruction	LOADING RESOURCE SURFACE FROM DISK
892964.415	Study_Phase.SEQUENCE.Study_Instruction	LOADING RESOURCE SURFACE FROM DISK
901280.826	Study_Phase.SEQUENCE.Study_Instruction	LOADING RESOURCE SURFACE FROM DISK
909561.56	Study_Phase.SEQUENCE.Study_Instruction	LOADING RESOURCE SURFACE FROM DISK
909563.982	Study_Phase.SEQUENCE.Study_Instruction	LOADING RESOURCE SURFACE FROM DISK
917828.609	Study_Phase.SEQUENCE.Study_Instruction	LOADING RESOURCE SURFACE FROM DISK
917830.886	Study_Phase.SEQUENCE.Study_Instruction	LOADING RESOURCE SURFACE FROM DISK
926111.414	Study_Phase.SEQUENCE.Study_Instruction	LOADING RESOURCE SURFACE FROM DISK
926147.376	Study_Phase.SEQUENCE.Study_Instruction	LOADING RESOURCE SURFACE FROM DISK
934424.622	Study_Phase.SEQUENCE.Study_Instruction	LOADING RESOURCE SURFACE FROM DISK
942691.331	Study_Phase.SEQUENCE.Study_Instruction	LOADING RESOURCE SURFACE FROM DISK
950959.238	Study_Phase.SEQUENCE.Study_Instruction	LOADING RESOURCE SURFACE FROM DISK
959228.595	Study_Phase.SEQUENCE.Study_Instruction	LOADING RESOURCE SURFACE FROM DISK
959273.522	Study_Phase.SEQUENCE.Study_Instruction	LOADING RESOURCE SURFACE FROM DISK
967541.547	Study_Phase.SEQUENCE.Study_Instruction	LOADING RESOURCE SURFACE FROM DISK
975807.844	Study_Phase.SEQUENCE.Study_Instruction	LOADING RESOURCE SURFACE FROM DISK
984118.655	Study_Phase.SEQUENCE.Study_Instruction	LOADING RESOURCE SURFACE FROM DISK
992391.6	Study_Phase.SEQUENCE.Study_Instruction	LOADING RESOURCE SURFACE FROM DISK
1000661.626	Study_Phase.SEQUENCE.Study_Instruction	LOADING RESOURCE SURFACE FROM DISK
1000663.824	Study_Phase.SEQUENCE.Study_Instruction	LOADING RESOURCE SURFACE FROM DISK
1008944.847	Study_Phase.SEQUENCE.Study_Instruction	LOADING RESOURCE SURFACE FROM DISK
1008987.273	Study_Phase.SEQUENCE.Study_Instruction	LOADING RESOURCE SURFACE FROM DISK
1017259.072	Study_Phase.SEQUENCE.Study_Instruction	LOADING RESOURCE SURFACE FROM DISK
1025511.774	Study_Phase.SEQUENCE.Study_Instruction	LOADING RESOURCE SURFACE FROM DISK
1025513.889	Study_Phase.SEQUENCE.Study_Instruction	LOADING RESOURCE SURFACE FROM DISK
1033791.221	Study_Phase.SEQUENCE.Study_Instruction	LOADING RESOURCE SURFACE FROM DISK
1042093.999	Study_Phase.SEQUENCE.Study_Instruction	LOADING RESOURCE SURFACE FROM DISK
1050358.143	Study_Phase.SEQUENCE.Study_Instruction	LOADING RESOURCE SURFACE FROM DISK
1058626.116	Study_Phase.SEQUENCE.Study_Instruction	LOADING RESOURCE SURFACE FROM DISK
1066895.189	Study_Phase.SEQUENCE.Study_Instruction	LOADING RESOURCE SURFACE FROM DISK
1066940.537	Study_Phase.SEQUENCE.Study_Instruction	LOADING RESOURCE SURFACE FROM DISK
1075209.038	Study_Phase.SEQUENCE.Study_Instruction	LOADING RESOURCE SURFACE FROM DISK
1083478.33	Study_Phase.SEQUENCE.Study_Instruction	LOADING RESOURCE SURFACE FROM DISK
1083480.532	Study_Phase.SEQUENCE.Study_Instruction	LOADING RESOURCE SURFACE FROM DISK
1091795.133	Study_Phase.SEQUENCE.Study_Instruction	LOADING RESOURCE SURFACE FROM DISK
1100061.803	Study_Phase.SEQUENCE.Study_Instruction	LOADING RESOURCE SURFACE FROM DISK
1100064.081	Study_Phase.SEQUENCE.Study_Instruction	LOADING RESOURCE SURFACE FROM DISK
1108344.912	Study_Phase.SEQUENCE.Study_Instruction	LOADING RESOURCE SURFACE FROM DISK
1108384.948	Study_Phase.SEQUENCE.Study_Instruction	LOADING RESOURCE SURFACE FROM DISK
1116661.715	Study_Phase.SEQUENCE.Study_Instruction	LOADING RESOURCE SURFACE FROM DISK
1116664.122	Study_Phase.SEQUENCE.Study_Instruction	LOADING RESOURCE SURFACE FROM DISK
1124942.634	Study_Phase.SEQUENCE.Study_Instruction	LOADING RESOURCE SURFACE FROM DISK
1133247.275	Study_Phase.SEQUENCE.Study_Instruction	LOADING RESOURCE SURFACE FROM DISK
1141528.613	Study_Phase.SEQUENCE.Study_Instruction	LOADING RESOURCE SURFACE FROM DISK
1141530.762	Study_Phase.SEQUENCE.Study_Instruction	LOADING RESOURCE SURFACE FROM DISK
1149791.409	Study_Phase.SEQUENCE.Study_Instruction	LOADING RESOURCE SURFACE FROM DISK
1158057.987	Study_Phase.SEQUENCE.Study_Instruction	LOADING RESOURCE SURFACE FROM DISK
1166328.407	Study_Phase.SEQUENCE.Study_Instruction	LOADING RESOURCE SURFACE FROM DISK
1166366.269	Study_Phase.SEQUENCE.Study_Instruction	LOADING RESOURCE SURFACE FROM DISK
1174675.256	Study_Phase.SEQUENCE.Study_Instruction	LOADING RESOURCE SURFACE FROM DISK
1182959.085	Study_Phase.SEQUENCE.Study_Instruction	LOADING RESOURCE SURFACE FROM DISK
1191225.823	Study_Phase.SEQUENCE.Study_Instruction	LOADING RESOURCE SURFACE FROM DISK
1199495.102	Study_Phase.SEQUENCE.Study_Instruction	LOADING RESOURCE SURFACE FROM DISK
1199531.199	Study_Phase.SEQUENCE.Study_Instruction	LOADING RESOURCE SURFACE FROM DISK
1207809.149	Study_Phase.SEQUENCE.Study_Instruction	LOADING RESOURCE SURFACE FROM DISK
1216078.348	Study_Phase.SEQUENCE.Study_Instruction	LOADING RESOURCE SURFACE FROM DISK
1216080.451	Study_Phase.SEQUENCE.Study_Instruction	LOADING RESOURCE SURFACE FROM DISK
1224379.049	Study_Phase.SEQUENCE.Study_Instruction	LOADING RESOURCE SURFACE FROM DISK
1232645.113	Study_Phase.SEQUENCE.Study_Instruction	LOADING RESOURCE SURFACE FROM DISK
1232647.243	Study_Phase.SEQUENCE.Study_Instruction	LOADING RESOURCE SURFACE FROM DISK
1240947.996	Study_Phase.SEQUENCE.Study_Instruction	LOADING RESOURCE SURFACE FROM DISK
1249228.39	Study_Phase.SEQUENCE.Study_Instruction	LOADING RESOURCE SURFACE FROM DISK
1249273.18	Study_Phase.SEQUENCE.Study_Instruction	LOADING RESOURCE SURFACE FROM DISK
1257579.833	Study_Phase.SEQUENCE.Study_Instruction	LOADING RESOURCE SURFACE FROM DISK
1265861.646	Study_Phase.SEQUENCE.Study_Instruction	LOADING RESOURCE SURFACE FROM DISK
1265905.391	Study_Phase.SEQUENCE.Study_Instruction	LOADING RESOURCE SURFACE FROM DISK
1274174.606	Study_Phase.SEQUENCE.Study_Instruction	LOADING RESOURCE SURFACE FROM DISK
1282475.426	Study_Phase.SEQUENCE.Study_Instruction	LOADING RESOURCE SURFACE FROM DISK
1290745.075	Study_Phase.SEQUENCE.Study_Instruction	LOADING RESOURCE SURFACE FROM DISK
1290791.653	Study_Phase.SEQUENCE.Study_Instruction	LOADING RESOURCE SURFACE FROM DISK
1299041.433	Study_Phase.SEQUENCE.Study_Instruction	LOADING RESOURCE SURFACE FROM DISK
1307308.05	Study_Phase.SEQUENCE.Study_Instruction	LOADING RESOURCE SURFACE FROM DISK
1315575.93	Study_Phase.SEQUENCE.Study_Instruction	LOADING RESOURCE SURFACE FROM DISK
1323824.606	Study_Phase.SEQUENCE.Study_Instruction	LOADING RESOURCE SURFACE FROM DISK
1332078.241	Study_Phase.SEQUENCE.Study_Instruction	LOADING RESOURCE SURFACE FROM DISK
1332132.593	Study_Phase.SEQUENCE.Study_Instruction	LOADING RESOURCE SURFACE FROM DISK
1340450.872	Study_Phase.SEQUENCE.Study_Instruction	LOADING RESOURCE SURFACE FROM DISK
1348728.384	Study_Phase.SEQUENCE.Study_Instruction	LOADING RESOURCE SURFACE FROM DISK
1348730.487	Study_Phase.SEQUENCE.Study_Instruction	LOADING RESOURCE SURFACE FROM DISK
1357007.894	Study_Phase.SEQUENCE.Study_Instruction	LOADING RESOURCE SURFACE FROM DISK
1365274.574	Study_Phase.SEQUENCE.Study_Instruction	LOADING RESOURCE SURFACE FROM DISK
1373541.146	Study_Phase.SEQUENCE.Study_Instruction	LOADING RESOURCE SURFACE FROM DISK
1381850.161	Study_Phase.SEQUENCE.Study_Instruction	LOADING RESOURCE SURFACE FROM DISK
1390132.288	Study_Phase.SEQUENCE.Study_Instruction	LOADING RESOURCE SURFACE FROM DISK
1398411.703	Study_Phase.SEQUENCE.Study_Instruction	LOADING RESOURCE SURFACE FROM DISK
1398413.93	Study_Phase.SEQUENCE.Study_Instruction	LOADING RESOURCE SURFACE FROM DISK
1406691.292	Study_Phase.SEQUENCE.Study_Instruction	LOADING RESOURCE SURFACE FROM DISK
1414961.948	Study_Phase.SEQUENCE.Study_Instruction	LOADING RESOURCE SURFACE FROM DISK
1414964.331	Study_Phase.SEQUENCE.Study_Instruction	LOADING RESOURCE SURFACE FROM DISK
1423242.613	Study_Phase.SEQUENCE.Study_Instruction	LOADING RESOURCE SURFACE FROM DISK
1431511.714	Study_Phase.SEQUENCE.Study_Instruction	LOADING RESOURCE SURFACE FROM DISK
1431513.849	Study_Phase.SEQUENCE.Study_Instruction	LOADING RESOURCE SURFACE FROM DISK
1439791.157	Study_Phase.SEQUENCE.Study_Instruction	LOADING RESOURCE SURFACE FROM DISK
1448095.015	Study_Phase.SEQUENCE.Study_Instruction	LOADING RESOURCE SURFACE FROM DISK
1456361.509	Study_Phase.SEQUENCE.Study_Instruction	LOADING RESOURCE SURFACE FROM DISK
1456363.827	Study_Phase.SEQUENCE.Study_Instruction	LOADING RESOURCE SURFACE FROM DISK
1464681.982	Study_Phase.SEQUENCE.Study_Instruction	LOADING RESOURCE SURFACE FROM DISK
1472961.858	Study_Phase.SEQUENCE.Study_Instruction	LOADING RESOURCE SURFACE FROM DISK
1472963.997	Study_Phase.SEQUENCE.Study_Instruction	LOADING RESOURCE SURFACE FROM DISK
1481241.392	Study_Phase.SEQUENCE.Study_Instruction	LOADING RESOURCE SURFACE FROM DISK
1489545.702	Study_Phase.SEQUENCE.Study_Instruction	LOADING RESOURCE SURFACE FROM DISK
1497808.021	Study_Phase.SEQUENCE.Study_Instruction	LOADING RESOURCE SURFACE FROM DISK
1506078.147	Study_Phase.SEQUENCE.Study_Instruction	LOADING RESOURCE SURFACE FROM DISK
1506080.754	Study_Phase.SEQUENCE.Study_Instruction	LOADING RESOURCE SURFACE FROM DISK
1514357.798	Study_Phase.SEQUENCE.Study_Instruction	LOADING RESOURCE SURFACE FROM DISK
1522628.53	Study_Phase.SEQUENCE.Study_Instruction	LOADING RESOURCE SURFACE FROM DISK
1522630.824	Study_Phase.SEQUENCE.Study_Instruction	LOADING RESOURCE SURFACE FROM DISK
1530949.972	Study_Phase.SEQUENCE.Study_Instruction	LOADING RESOURCE SURFACE FROM DISK
1539228.529	Study_Phase.SEQUENCE.Study_Instruction	LOADING RESOURCE SURFACE FROM DISK
1539230.675	Study_Phase.SEQUENCE.Study_Instruction	LOADING RESOURCE SURFACE FROM DISK
1547507.991	Study_Phase.SEQUENCE.Study_Instruction	LOADING RESOURCE SURFACE FROM DISK
1555774.637	Study_Phase.SEQUENCE.Study_Instruction	LOADING RESOURCE SURFACE FROM DISK
1564042.394	Study_Phase.SEQUENCE.Study_Instruction	LOADING RESOURCE SURFACE FROM DISK
1572342.247	Study_Phase.SEQUENCE.Study_Instruction	LOADING RESOURCE SURFACE FROM DISK
1580608.224	Study_Phase.SEQUENCE.Study_Instruction	LOADING RESOURCE SURFACE FROM DISK
1588878.769	Study_Phase.SEQUENCE.Study_Instruction	LOADING RESOURCE SURFACE FROM DISK
1588880.945	Study_Phase.SEQUENCE.Study_Instruction	LOADING RESOURCE SURFACE FROM DISK
1597157.888	Study_Phase.SEQUENCE.Study_Instruction	LOADING RESOURCE SURFACE FROM DISK
1605428.145	Study_Phase.SEQUENCE.Study_Instruction	LOADING RESOURCE SURFACE FROM DISK
1605430.427	Study_Phase.SEQUENCE.Study_Instruction	LOADING RESOURCE SURFACE FROM DISK
1613741.376	Study_Phase.SEQUENCE.Study_Instruction	LOADING RESOURCE SURFACE FROM DISK
1622012.033	Study_Phase.SEQUENCE.Study_Instruction	LOADING RESOURCE SURFACE FROM DISK
1622014.39	Study_Phase.SEQUENCE.Study_Instruction	LOADING RESOURCE SURFACE FROM DISK
1630328.724	Study_Phase.SEQUENCE.Study_Instruction	LOADING RESOURCE SURFACE FROM DISK
1638592.422	Study_Phase.SEQUENCE.Study_Instruction	LOADING RESOURCE SURFACE FROM DISK
1646857.886	Study_Phase.SEQUENCE.Study_Instruction	LOADING RESOURCE SURFACE FROM DISK
1655128.472	Study_Phase.SEQUENCE.Study_Instruction	LOADING RESOURCE SURFACE FROM DISK
1655163.875	Study_Phase.SEQUENCE.Study_Instruction	LOADING RESOURCE SURFACE FROM DISK
1663441.27	Study_Phase.SEQUENCE.Study_Instruction	LOADING RESOURCE SURFACE FROM DISK
1671741.171	Study_Phase.SEQUENCE.Study_Instruction	LOADING RESOURCE SURFACE FROM DISK
1680007.81	Study_Phase.SEQUENCE.Study_Instruction	LOADING RESOURCE SURFACE FROM DISK
1688244.969	Study_Phase.SEQUENCE.Study_Instruction	LOADING RESOURCE SURFACE FROM DISK
1688306.842	Study_Phase.SEQUENCE.Study_Instruction	LOADING RESOURCE SURFACE FROM DISK
1696616.128	Study_Phase.SEQUENCE.Study_Instruction	LOADING RESOURCE SURFACE FROM DISK
1704891.236	Study_Phase.SEQUENCE.Study_Instruction	LOADING RESOURCE SURFACE FROM DISK
1713161.777	Study_Phase.SEQUENCE.Study_Instruction	LOADING RESOURCE SURFACE FROM DISK
1713163.971	Study_Phase.SEQUENCE.Study_Instruction	LOADING RESOURCE SURFACE FROM DISK
1721475.705	Study_Phase.SEQUENCE.Study_Instruction	LOADING RESOURCE SURFACE FROM DISK
1729741.677	Study_Phase.SEQUENCE.Study_Instruction	LOADING RESOURCE SURFACE FROM DISK
1738011.869	Study_Phase.SEQUENCE.Study_Instruction	LOADING RESOURCE SURFACE FROM DISK
1738014.033	Study_Phase.SEQUENCE.Study_Instruction	LOADING RESOURCE SURFACE FROM DISK
1746291.217	Study_Phase.SEQUENCE.Study_Instruction	LOADING RESOURCE SURFACE FROM DISK
1754544.853	Study_Phase.SEQUENCE.Study_Instruction	LOADING RESOURCE SURFACE FROM DISK
1754584.493	Study_Phase.SEQUENCE.Study_Instruction	LOADING RESOURCE SURFACE FROM DISK
1762859.044	Study_Phase.SEQUENCE.Study_Instruction	LOADING RESOURCE SURFACE FROM DISK
1771128.186	Study_Phase.SEQUENCE.Study_Instruction	LOADING RESOURCE SURFACE FROM DISK
1771169.385	Study_Phase.SEQUENCE.Study_Instruction	LOADING RESOURCE SURFACE FROM DISK
1779441.486	Study_Phase.SEQUENCE.Study_Instruction	LOADING RESOURCE SURFACE FROM DISK
1787744.288	Study_Phase.SEQUENCE.Study_Instruction	LOADING RESOURCE SURFACE FROM DISK
1796011.718	Study_Phase.SEQUENCE.Study_Instruction	LOADING RESOURCE SURFACE FROM DISK
1796048.725	Study_Phase.SEQUENCE.Study_Instruction	LOADING RESOURCE SURFACE FROM DISK
1804363.811	Study_Phase.SEQUENCE.Study_Instruction	LOADING RESOURCE SURFACE FROM DISK
1812645.123	Study_Phase.SEQUENCE.Study_Instruction	LOADING RESOURCE SURFACE FROM DISK
1812703.895	Study_Phase.SEQUENCE.Study_Instruction	LOADING RESOURCE SURFACE FROM DISK
1820959.111	Study_Phase.SEQUENCE.Study_Instruction	LOADING RESOURCE SURFACE FROM DISK
1829228.202	Study_Phase.SEQUENCE.Study_Instruction	LOADING RESOURCE SURFACE FROM DISK
1829274.51	Study_Phase.SEQUENCE.Study_Instruction	LOADING RESOURCE SURFACE FROM DISK
1837545.053	Study_Phase.SEQUENCE.Study_Instruction	LOADING RESOURCE SURFACE FROM DISK
1837587.948	Study_Phase.SEQUENCE.Study_Instruction	LOADING RESOURCE SURFACE FROM DISK
1845902.217	Study_Phase.SEQUENCE.Study_Instruction	LOADING RESOURCE SURFACE FROM DISK
1854161.864	Study_Phase.SEQUENCE.Study_Instruction	LOADING RESOURCE SURFACE FROM DISK
1854163.982	Study_Phase.SEQUENCE.Study_Instruction	LOADING RESOURCE SURFACE FROM DISK
1862442.794	Study_Phase.SEQUENCE.Study_Instruction	LOADING RESOURCE SURFACE FROM DISK
1868663.728	DISPLAY_SCREEN[7]	LOADING RESOURCE SURFACE FROM DISK
2040585.455	Test_Phase.SEQUENCE.Target_Cue	LOADING RESOURCE SURFACE FROM DISK
2040591.991	Test_Phase.SEQUENCE.Target_Cue	LOADING RESOURCE SURFACE FROM DISK
2042608.136	Test_Phase.SEQUENCE.Word	LOADING RESOURCE SURFACE FROM DISK
2045665.507	Test_Phase.SEQUENCE.Test_Question	LOADING RESOURCE SURFACE FROM DISK
2045682.556	Test_Phase.SEQUENCE.Test_Question	LOADING RESOURCE SURFACE FROM DISK
2045687.663	Test_Phase.SEQUENCE.Test_Question	LOADING RESOURCE SURFACE FROM DISK
2045692.798	Test_Phase.SEQUENCE.Test_Question	LOADING RESOURCE SURFACE FROM DISK
2045694.537	Test_Phase.SEQUENCE.Test_Question	LOADING RESOURCE SURFACE FROM DISK
2045696.361	Test_Phase.SEQUENCE.Test_Question	LOADING RESOURCE SURFACE FROM DISK
2045698.33	Test_Phase.SEQUENCE.Test_Question	LOADING RESOURCE SURFACE FROM DISK
2045715.571	Test_Phase.SEQUENCE.Test_Question	LOADING RESOURCE SURFACE FROM DISK
2045729.831	Test_Phase.SEQUENCE.Test_Question	LOADING RESOURCE SURFACE FROM DISK
2045731.625	Test_Phase.SEQUENCE.Test_Question	LOADING RESOURCE SURFACE FROM DISK
2045733.401	Test_Phase.SEQUENCE.Test_Question	LOADING RESOURCE SURFACE FROM DISK
2045735.077	Test_Phase.SEQUENCE.Test_Question	LOADING RESOURCE SURFACE FROM DISK
2051991.568	Test_Phase.SEQUENCE.Word	LOADING RESOURCE SURFACE FROM DISK
2059058.056	Test_Phase.SEQUENCE.Word	LOADING RESOURCE SURFACE FROM DISK
2067774.734	Test_Phase.SEQUENCE.Word	LOADING RESOURCE SURFACE FROM DISK
2075074.695	Test_Phase.SEQUENCE.Word	LOADING RESOURCE SURFACE FROM DISK
2082333.214	Test_Phase.SEQUENCE.Word	LOADING RESOURCE SURFACE FROM DISK
2090407.894	Test_Phase.SEQUENCE.Word	LOADING RESOURCE SURFACE FROM DISK
2097908.015	Test_Phase.SEQUENCE.Word	LOADING RESOURCE SURFACE FROM DISK
2107474.628	Test_Phase.SEQUENCE.Word	LOADING RESOURCE SURFACE FROM DISK
2116031.58	Test_Phase.SEQUENCE.Word	LOADING RESOURCE SURFACE FROM DISK
2123574.737	Test_Phase.SEQUENCE.Word	LOADING RESOURCE SURFACE FROM DISK
2132591.417	Test_Phase.SEQUENCE.Word	LOADING RESOURCE SURFACE FROM DISK
2142258.038	Test_Phase.SEQUENCE.Word	LOADING RESOURCE SURFACE FROM DISK
2150008.274	Test_Phase.SEQUENCE.Word	LOADING RESOURCE SURFACE FROM DISK
2157341.55	Test_Phase.SEQUENCE.Word	LOADING RESOURCE SURFACE FROM DISK
2164824.731	Test_Phase.SEQUENCE.Word	LOADING RESOURCE SURFACE FROM DISK
2171979.336	Test_Phase.SEQUENCE.Word	LOADING RESOURCE SURFACE FROM DISK
2179257.996	Test_Phase.SEQUENCE.Word	LOADING RESOURCE SURFACE FROM DISK
2187924.623	Test_Phase.SEQUENCE.Word	LOADING RESOURCE SURFACE FROM DISK
2195257.904	Test_Phase.SEQUENCE.Word	LOADING RESOURCE SURFACE FROM DISK
2202491.264	Test_Phase.SEQUENCE.Word	LOADING RESOURCE SURFACE FROM DISK
2209808.044	Test_Phase.SEQUENCE.Word	LOADING RESOURCE SURFACE FROM DISK
2218074.757	Test_Phase.SEQUENCE.Word	LOADING RESOURCE SURFACE FROM DISK
2225191.381	Test_Phase.SEQUENCE.Word	LOADING RESOURCE SURFACE FROM DISK
2232491.375	Test_Phase.SEQUENCE.Word	LOADING RESOURCE SURFACE FROM DISK
2240091.424	Test_Phase.SEQUENCE.Word	LOADING RESOURCE SURFACE FROM DISK
2248258.243	Test_Phase.SEQUENCE.Word	LOADING RESOURCE SURFACE FROM DISK
2258191.419	Test_Phase.SEQUENCE.Word	LOADING RESOURCE SURFACE FROM DISK
2266674.84	Test_Phase.SEQUENCE.Word	LOADING RESOURCE SURFACE FROM DISK
2273758.09	Test_Phase.SEQUENCE.Word	LOADING RESOURCE SURFACE FROM DISK
2281174.855	Test_Phase.SEQUENCE.Word	LOADING RESOURCE SURFACE FROM DISK
2288758.19	Test_Phase.SEQUENCE.Word	LOADING RESOURCE SURFACE FROM DISK
2295841.489	Test_Phase.SEQUENCE.Word	LOADING RESOURCE SURFACE FROM DISK
2302958.216	Test_Phase.SEQUENCE.Word	LOADING RESOURCE SURFACE FROM DISK
2310124.849	Test_Phase.SEQUENCE.Word	LOADING RESOURCE SURFACE FROM DISK
2317408.072	Test_Phase.SEQUENCE.Word	LOADING RESOURCE SURFACE FROM DISK
2326008.334	Test_Phase.SEQUENCE.Word	LOADING RESOURCE SURFACE FROM DISK
2333441.48	Test_Phase.SEQUENCE.Word	LOADING RESOURCE SURFACE FROM DISK
2340491.51	Test_Phase.SEQUENCE.Word	LOADING RESOURCE SURFACE FROM DISK
2347774.695	Test_Phase.SEQUENCE.Word	LOADING RESOURCE SURFACE FROM DISK
2354808.136	Test_Phase.SEQUENCE.Word	LOADING RESOURCE SURFACE FROM DISK
2363358.111	Test_Phase.SEQUENCE.Word	LOADING RESOURCE SURFACE FROM DISK
2370645.776	Test_Phase.SEQUENCE.Word	LOADING RESOURCE SURFACE FROM DISK
2377674.835	Test_Phase.SEQUENCE.Word	LOADING RESOURCE SURFACE FROM DISK
2384891.255	Test_Phase.SEQUENCE.Word	LOADING RESOURCE SURFACE FROM DISK
2391957.978	Test_Phase.SEQUENCE.Word	LOADING RESOURCE SURFACE FROM DISK
2399057.999	Test_Phase.SEQUENCE.Word	LOADING RESOURCE SURFACE FROM DISK
2406124.981	Test_Phase.SEQUENCE.Word	LOADING RESOURCE SURFACE FROM DISK
2413158.144	Test_Phase.SEQUENCE.Word	LOADING RESOURCE SURFACE FROM DISK
2420494.737	Test_Phase.SEQUENCE.Word	LOADING RESOURCE SURFACE FROM DISK
2427474.648	Test_Phase.SEQUENCE.Word	LOADING RESOURCE SURFACE FROM DISK
2434591.564	Test_Phase.SEQUENCE.Word	LOADING RESOURCE SURFACE FROM DISK
2441866.367	Test_Phase.SEQUENCE.Word	LOADING RESOURCE SURFACE FROM DISK
2450508.164	Test_Phase.SEQUENCE.Word	LOADING RESOURCE SURFACE FROM DISK
2457791.308	Test_Phase.SEQUENCE.Word	LOADING RESOURCE SURFACE FROM DISK
2464874.736	Test_Phase.SEQUENCE.Word	LOADING RESOURCE SURFACE FROM DISK
2472059.56	Test_Phase.SEQUENCE.Word	LOADING RESOURCE SURFACE FROM DISK
2479324.618	Test_Phase.SEQUENCE.Word	LOADING RESOURCE SURFACE FROM DISK
2486941.626	Test_Phase.SEQUENCE.Word	LOADING RESOURCE SURFACE FROM DISK
2494474.978	Test_Phase.SEQUENCE.Word	LOADING RESOURCE SURFACE FROM DISK
2502026.872	Test_Phase.SEQUENCE.Word	LOADING RESOURCE SURFACE FROM DISK
2509691.374	Test_Phase.SEQUENCE.Word	LOADING RESOURCE SURFACE FROM DISK
2517224.766	Test_Phase.SEQUENCE.Word	LOADING RESOURCE SURFACE FROM DISK
2524367.551	Test_Phase.SEQUENCE.Word	LOADING RESOURCE SURFACE FROM DISK
2531541.343	Test_Phase.SEQUENCE.Word	LOADING RESOURCE SURFACE FROM DISK
2538641.279	Test_Phase.SEQUENCE.Word	LOADING RESOURCE SURFACE FROM DISK
2545991.425	Test_Phase.SEQUENCE.Word	LOADING RESOURCE SURFACE FROM DISK
2553891.637	Test_Phase.SEQUENCE.Word	LOADING RESOURCE SURFACE FROM DISK
2561024.745	Test_Phase.SEQUENCE.Word	LOADING RESOURCE SURFACE FROM DISK
2568374.944	Test_Phase.SEQUENCE.Word	LOADING RESOURCE SURFACE FROM DISK
2576258.189	Test_Phase.SEQUENCE.Word	LOADING RESOURCE SURFACE FROM DISK
2583291.464	Test_Phase.SEQUENCE.Word	LOADING RESOURCE SURFACE FROM DISK
2590508.189	Test_Phase.SEQUENCE.Word	LOADING RESOURCE SURFACE FROM DISK
2597841.273	Test_Phase.SEQUENCE.Word	LOADING RESOURCE SURFACE FROM DISK
2604991.303	Test_Phase.SEQUENCE.Word	LOADING RESOURCE SURFACE FROM DISK
2612124.564	Test_Phase.SEQUENCE.Word	LOADING RESOURCE SURFACE FROM DISK
2619474.646	Test_Phase.SEQUENCE.Word	LOADING RESOURCE SURFACE FROM DISK
2626841.479	Test_Phase.SEQUENCE.Word	LOADING RESOURCE SURFACE FROM DISK
2633891.378	Test_Phase.SEQUENCE.Word	LOADING RESOURCE SURFACE FROM DISK
2642141.375	Test_Phase.SEQUENCE.Word	LOADING RESOURCE SURFACE FROM DISK
2649591.524	Test_Phase.SEQUENCE.Word	LOADING RESOURCE SURFACE FROM DISK
2657174.821	Test_Phase.SEQUENCE.Word	LOADING RESOURCE SURFACE FROM DISK
2664224.807	Test_Phase.SEQUENCE.Word	LOADING RESOURCE SURFACE FROM DISK
2671674.744	Test_Phase.SEQUENCE.Word	LOADING RESOURCE SURFACE FROM DISK
2678808.221	Test_Phase.SEQUENCE.Word	LOADING RESOURCE SURFACE FROM DISK
2686107.929	Test_Phase.SEQUENCE.Word	LOADING RESOURCE SURFACE FROM DISK
2693658.018	Test_Phase.SEQUENCE.Word	LOADING RESOURCE SURFACE FROM DISK
2700724.612	Test_Phase.SEQUENCE.Word	LOADING RESOURCE SURFACE FROM DISK
2707791.349	Test_Phase.SEQUENCE.Word	LOADING RESOURCE SURFACE FROM DISK
2715641.437	Test_Phase.SEQUENCE.Word	LOADING RESOURCE SURFACE FROM DISK
2723562.074	Test_Phase.SEQUENCE.Word	LOADING RESOURCE SURFACE FROM DISK
2732891.622	Test_Phase.SEQUENCE.Word	LOADING RESOURCE SURFACE FROM DISK
2740224.817	Test_Phase.SEQUENCE.Word	LOADING RESOURCE SURFACE FROM DISK
2747610.609	Test_Phase.SEQUENCE.Word	LOADING RESOURCE SURFACE FROM DISK
2754674.58	Test_Phase.SEQUENCE.Word	LOADING RESOURCE SURFACE FROM DISK
2762128.24	Test_Phase.SEQUENCE.Word	LOADING RESOURCE SURFACE FROM DISK
2769258.102	Test_Phase.SEQUENCE.Word	LOADING RESOURCE SURFACE FROM DISK
2776791.632	Test_Phase.SEQUENCE.Word	LOADING RESOURCE SURFACE FROM DISK
2785144.362	Test_Phase.SEQUENCE.Word	LOADING RESOURCE SURFACE FROM DISK
2794124.838	Test_Phase.SEQUENCE.Word	LOADING RESOURCE SURFACE FROM DISK
2802458.951	Test_Phase.SEQUENCE.Word	LOADING RESOURCE SURFACE FROM DISK
2809758.12	Test_Phase.SEQUENCE.Word	LOADING RESOURCE SURFACE FROM DISK
2817393.098	Test_Phase.SEQUENCE.Word	LOADING RESOURCE SURFACE FROM DISK
2824508.369	Test_Phase.SEQUENCE.Word	LOADING RESOURCE SURFACE FROM DISK
2831624.596	Test_Phase.SEQUENCE.Word	LOADING RESOURCE SURFACE FROM DISK
2838874.697	Test_Phase.SEQUENCE.Word	LOADING RESOURCE SURFACE FROM DISK
2845991.387	Test_Phase.SEQUENCE.Word	LOADING RESOURCE SURFACE FROM DISK
2854008.222	Test_Phase.SEQUENCE.Word	LOADING RESOURCE SURFACE FROM DISK
2862446.493	Test_Phase.SEQUENCE.Word	LOADING RESOURCE SURFACE FROM DISK
2869774.718	Test_Phase.SEQUENCE.Word	LOADING RESOURCE SURFACE FROM DISK
2878008.236	Test_Phase.SEQUENCE.Word	LOADING RESOURCE SURFACE FROM DISK
2885358.181	Test_Phase.SEQUENCE.Word	LOADING RESOURCE SURFACE FROM DISK
2892708.029	Test_Phase.SEQUENCE.Word	LOADING RESOURCE SURFACE FROM DISK
2899774.733	Test_Phase.SEQUENCE.Word	LOADING RESOURCE SURFACE FROM DISK
2906808.118	Test_Phase.SEQUENCE.Word	LOADING RESOURCE SURFACE FROM DISK
2914741.339	Test_Phase.SEQUENCE.Word	LOADING RESOURCE SURFACE FROM DISK
2921849.115	Test_Phase.SEQUENCE.Word	LOADING RESOURCE SURFACE FROM DISK
2928941.477	Test_Phase.SEQUENCE.Word	LOADING RESOURCE SURFACE FROM DISK
2936341.245	Test_Phase.SEQUENCE.Word	LOADING RESOURCE SURFACE FROM DISK
2943408.164	Test_Phase.SEQUENCE.Word	LOADING RESOURCE SURFACE FROM DISK
2951574.8	Test_Phase.SEQUENCE.Word	LOADING RESOURCE SURFACE FROM DISK
2959224.822	Test_Phase.SEQUENCE.Word	LOADING RESOURCE SURFACE FROM DISK
2967221.318	Test_Phase.SEQUENCE.Word	LOADING RESOURCE SURFACE FROM DISK
2974524.527	Test_Phase.SEQUENCE.Word	LOADING RESOURCE SURFACE FROM DISK
2982133.658	Test_Phase.SEQUENCE.Word	LOADING RESOURCE SURFACE FROM DISK
2989758.037	Test_Phase.SEQUENCE.Word	LOADING RESOURCE SURFACE FROM DISK
2999174.953	Test_Phase.SEQUENCE.Word	LOADING RESOURCE SURFACE FROM DISK
3007891.684	Test_Phase.SEQUENCE.Word	LOADING RESOURCE SURFACE FROM DISK
3015058.26	Test_Phase.SEQUENCE.Word	LOADING RESOURCE SURFACE FROM DISK
3022579.465	Test_Phase.SEQUENCE.Word	LOADING RESOURCE SURFACE FROM DISK
3030174.644	Test_Phase.SEQUENCE.Word	LOADING RESOURCE SURFACE FROM DISK
3037614.982	Test_Phase.SEQUENCE.Word	LOADING RESOURCE SURFACE FROM DISK
3045191.338	Test_Phase.SEQUENCE.Word	LOADING RESOURCE SURFACE FROM DISK
3052541.371	Test_Phase.SEQUENCE.Word	LOADING RESOURCE SURFACE FROM DISK
3059674.563	Test_Phase.SEQUENCE.Word	LOADING RESOURCE SURFACE FROM DISK
3067808.09	Test_Phase.SEQUENCE.Word	LOADING RESOURCE SURFACE FROM DISK
3074891.466	Test_Phase.SEQUENCE.Word	LOADING RESOURCE SURFACE FROM DISK
3083041.444	Test_Phase.SEQUENCE.Word	LOADING RESOURCE SURFACE FROM DISK
3090808.133	Test_Phase.SEQUENCE.Word	LOADING RESOURCE SURFACE FROM DISK
3097908.027	Test_Phase.SEQUENCE.Word	LOADING RESOURCE SURFACE FROM DISK
3106358.053	Test_Phase.SEQUENCE.Word	LOADING RESOURCE SURFACE FROM DISK
3114114.844	Test_Phase.SEQUENCE.Word	LOADING RESOURCE SURFACE FROM DISK
3122191.412	Test_Phase.SEQUENCE.Word	LOADING RESOURCE SURFACE FROM DISK
3129482.783	Test_Phase.SEQUENCE.Word	LOADING RESOURCE SURFACE FROM DISK
3136558.186	Test_Phase.SEQUENCE.Word	LOADING RESOURCE SURFACE FROM DISK
3144358.027	Test_Phase.SEQUENCE.Word	LOADING RESOURCE SURFACE FROM DISK
3151517.241	Test_Phase.SEQUENCE.Word	LOADING RESOURCE SURFACE FROM DISK
3158774.856	Test_Phase.SEQUENCE.Word	LOADING RESOURCE SURFACE FROM DISK
3165927.603	Test_Phase.SEQUENCE.Word	LOADING RESOURCE SURFACE FROM DISK
3173857.955	Test_Phase.SEQUENCE.Word	LOADING RESOURCE SURFACE FROM DISK
3181824.592	Test_Phase.SEQUENCE.Word	LOADING RESOURCE SURFACE FROM DISK
3189391.615	Test_Phase.SEQUENCE.Word	LOADING RESOURCE SURFACE FROM DISK
3197174.773	Test_Phase.SEQUENCE.Word	LOADING RESOURCE SURFACE FROM DISK
3204648.476	Test_Phase.SEQUENCE.Word	LOADING RESOURCE SURFACE FROM DISK
3212124.669	Test_Phase.SEQUENCE.Word	LOADING RESOURCE SURFACE FROM DISK
3220424.629	Test_Phase.SEQUENCE.Word	LOADING RESOURCE SURFACE FROM DISK
3227474.715	Test_Phase.SEQUENCE.Word	LOADING RESOURCE SURFACE FROM DISK
3234591.489	Test_Phase.SEQUENCE.Word	LOADING RESOURCE SURFACE FROM DISK
3241730.201	Test_Phase.SEQUENCE.Word	LOADING RESOURCE SURFACE FROM DISK
3249040.46	Test_Phase.SEQUENCE.Word	LOADING RESOURCE SURFACE FROM DISK
3256358.101	Test_Phase.SEQUENCE.Word	LOADING RESOURCE SURFACE FROM DISK
3266208.096	Test_Phase.SEQUENCE.Word	LOADING RESOURCE SURFACE FROM DISK
3273408.043	Test_Phase.SEQUENCE.Word	LOADING RESOURCE SURFACE FROM DISK
3291257.998	Test_Phase.SEQUENCE.Word	LOADING RESOURCE SURFACE FROM DISK
3298808.111	Test_Phase.SEQUENCE.Word	LOADING RESOURCE SURFACE FROM DISK
3307758.188	Test_Phase.SEQUENCE.Word	LOADING RESOURCE SURFACE FROM DISK
3315012.909	Test_Phase.SEQUENCE.Word	LOADING RESOURCE SURFACE FROM DISK
3323382.206	Test_Phase.SEQUENCE.Word	LOADING RESOURCE SURFACE FROM DISK
3330457.994	Test_Phase.SEQUENCE.Word	LOADING RESOURCE SURFACE FROM DISK
3338058.121	Test_Phase.SEQUENCE.Word	LOADING RESOURCE SURFACE FROM DISK
3345364.851	Test_Phase.SEQUENCE.Word	LOADING RESOURCE SURFACE FROM DISK
3352441.445	Test_Phase.SEQUENCE.Word	LOADING RESOURCE SURFACE FROM DISK
3359691.49	Test_Phase.SEQUENCE.Word	LOADING RESOURCE SURFACE FROM DISK
3366743.581	Test_Phase.SEQUENCE.Word	LOADING RESOURCE SURFACE FROM DISK
3374627.714	Test_Phase.SEQUENCE.Word	LOADING RESOURCE SURFACE FROM DISK
3381841.38	Test_Phase.SEQUENCE.Word	LOADING RESOURCE SURFACE FROM DISK
3390198.985	Test_Phase.SEQUENCE.Word	LOADING RESOURCE SURFACE FROM DISK
3397391.435	Test_Phase.SEQUENCE.Word	LOADING RESOURCE SURFACE FROM DISK
3405109.396	Test_Phase.SEQUENCE.Word	LOADING RESOURCE SURFACE FROM DISK
3413074.734	Test_Phase.SEQUENCE.Word	LOADING RESOURCE SURFACE FROM DISK
3420158.103	Test_Phase.SEQUENCE.Word	LOADING RESOURCE SURFACE FROM DISK
3427308.449	Test_Phase.SEQUENCE.Word	LOADING RESOURCE SURFACE FROM DISK
3434891.389	Test_Phase.SEQUENCE.Word	LOADING RESOURCE SURFACE FROM DISK
3442274.901	Test_Phase.SEQUENCE.Word	LOADING RESOURCE SURFACE FROM DISK
3449391.434	Test_Phase.SEQUENCE.Word	LOADING RESOURCE SURFACE FROM DISK
3457008.08	Test_Phase.SEQUENCE.Word	LOADING RESOURCE SURFACE FROM DISK
3464041.417	Test_Phase.SEQUENCE.Word	LOADING RESOURCE SURFACE FROM DISK
3471926.324	Test_Phase.SEQUENCE.Word	LOADING RESOURCE SURFACE FROM DISK
3479678.968	Test_Phase.SEQUENCE.Word	LOADING RESOURCE SURFACE FROM DISK
3486780.843	Test_Phase.SEQUENCE.Word	LOADING RESOURCE SURFACE FROM DISK
3494267.235	Test_Phase.SEQUENCE.Word	LOADING RESOURCE SURFACE FROM DISK
3503417.046	Test_Phase.SEQUENCE.Word	LOADING RESOURCE SURFACE FROM DISK
3511108.327	Test_Phase.SEQUENCE.Word	LOADING RESOURCE SURFACE FROM DISK
3519771.708	Test_Phase.SEQUENCE.Word	LOADING RESOURCE SURFACE FROM DISK
3526924.864	Test_Phase.SEQUENCE.Word	LOADING RESOURCE SURFACE FROM DISK
3534024.732	Test_Phase.SEQUENCE.Word	LOADING RESOURCE SURFACE FROM DISK
3541041.358	Test_Phase.SEQUENCE.Word	LOADING RESOURCE SURFACE FROM DISK
3548714.225	Test_Phase.SEQUENCE.Word	LOADING RESOURCE SURFACE FROM DISK
3556758.082	Test_Phase.SEQUENCE.Word	LOADING RESOURCE SURFACE FROM DISK
3561593.481	DISPLAY_SCREEN	LOADING RESOURCE SURFACE FROM DISK
