5121.024	DISPLAY_SCREEN[1]	LOADING RESOURCE SURFACE FROM DISK
591029.329	Familiarization_Phase.SEQUENCE.Cue_and_Instruction	LOADING RESOURCE SURFACE FROM DISK
591033.527	Familiarization_Phase.SEQUENCE.Cue_and_Instruction	LOADING RESOURCE SURFACE FROM DISK
597082.159	Familiarization_Phase.SEQUENCE.Cue_and_Instruction	LOADING RESOURCE SURFACE FROM DISK
597086.633	Familiarization_Phase.SEQUENCE.Cue_and_Instruction	LOADING RESOURCE SURFACE FROM DISK
603168.02	Familiarization_Phase.SEQUENCE.Cue_and_Instruction	LOADING RESOURCE SURFACE FROM DISK
603176.691	Familiarization_Phase.SEQUENCE.Cue_and_Instruction	LOADING RESOURCE SURFACE FROM DISK
645298.138	DISPLAY_SCREEN[3]	LOADING RESOURCE SURFACE FROM DISK
739435.763	DISPLAY_SCREEN[5]	LOADING RESOURCE SURFACE FROM DISK
782813.544	Practice_Phase.SEQUENCE.Blink_Screen	LOADING RESOURCE SURFACE FROM DISK
782814.715	Practice_Phase.SEQUENCE.Blink_Screen	flip time is later than desired time. Desired Time=782562 Flip Time=782828 Retrace Rate=16.641, prepareTime=276 flip request time 782814
784052.607	Practice_Phase.SEQUENCE.Practice_Luminance_Cue	LOADING RESOURCE SURFACE FROM DISK
784055.082	Practice_Phase.SEQUENCE.Practice_Luminance_Cue	LOADING RESOURCE SURFACE FROM DISK
784056.581	Practice_Phase.SEQUENCE.Practice_Luminance_Cue	flip time is later than desired time. Desired Time=784028 Flip Time=784078 Retrace Rate=16.641, prepareTime=52 flip request time 784056
784601.581	Practice_Phase.SEQUENCE.DISPLAY_SCREEN	LOADING RESOURCE SURFACE FROM DISK
784603.681	Practice_Phase.SEQUENCE.DISPLAY_SCREEN	flip time is later than desired time. Desired Time=784578 Flip Time=784612 Retrace Rate=16.641, prepareTime=49 flip request time 784603
786090.313	Practice_Phase.SEQUENCE.Practice_Instruction	LOADING RESOURCE SURFACE FROM DISK
792669.387	Practice_Phase.SEQUENCE.DISPLAY_SCREEN	LOADING RESOURCE SURFACE FROM DISK
792671.259	Practice_Phase.SEQUENCE.DISPLAY_SCREEN	flip time is later than desired time. Desired Time=792678 Flip Time=792695 Retrace Rate=16.641, prepareTime=16 flip request time 792670
794211.827	Practice_Phase.SEQUENCE.Practice_Instruction	LOADING RESOURCE SURFACE FROM DISK
794213.254	Practice_Phase.SEQUENCE.Practice_Instruction	flip time is later than desired time. Desired Time=794195 Flip Time=794228 Retrace Rate=16.641, prepareTime=42 flip request time 794213
800776.984	Practice_Phase.SEQUENCE.DISPLAY_SCREEN	LOADING RESOURCE SURFACE FROM DISK
802273.601	Practice_Phase.SEQUENCE.Practice_Instruction	LOADING RESOURCE SURFACE FROM DISK
808843.204	Practice_Phase.SEQUENCE.DISPLAY_SCREEN	LOADING RESOURCE SURFACE FROM DISK
810340.415	Practice_Phase.SEQUENCE.Practice_Instruction	LOADING RESOURCE SURFACE FROM DISK
816909.718	Practice_Phase.SEQUENCE.DISPLAY_SCREEN	LOADING RESOURCE SURFACE FROM DISK
818444.39	Practice_Phase.SEQUENCE.Practice_Instruction	LOADING RESOURCE SURFACE FROM DISK
818445.968	Practice_Phase.SEQUENCE.Practice_Instruction	flip time is later than desired time. Desired Time=818428 Flip Time=818462 Retrace Rate=16.641, prepareTime=41 flip request time 818445
825010.15	Practice_Phase.SEQUENCE.DISPLAY_SCREEN	LOADING RESOURCE SURFACE FROM DISK
826506.845	Practice_Phase.SEQUENCE.Practice_Instruction	LOADING RESOURCE SURFACE FROM DISK
833076.509	Practice_Phase.SEQUENCE.DISPLAY_SCREEN	LOADING RESOURCE SURFACE FROM DISK
834573.616	Practice_Phase.SEQUENCE.Practice_Instruction	LOADING RESOURCE SURFACE FROM DISK
841143.085	Practice_Phase.SEQUENCE.DISPLAY_SCREEN	LOADING RESOURCE SURFACE FROM DISK
842677.016	Practice_Phase.SEQUENCE.Practice_Instruction	LOADING RESOURCE SURFACE FROM DISK
842678.449	Practice_Phase.SEQUENCE.Practice_Instruction	flip time is later than desired time. Desired Time=842662 Flip Time=842695 Retrace Rate=16.641, prepareTime=40 flip request time 842678
849243.296	Practice_Phase.SEQUENCE.DISPLAY_SCREEN	LOADING RESOURCE SURFACE FROM DISK
850776.755	Practice_Phase.SEQUENCE.Practice_Instruction	LOADING RESOURCE SURFACE FROM DISK
850778.283	Practice_Phase.SEQUENCE.Practice_Instruction	flip time is later than desired time. Desired Time=850762 Flip Time=850795 Retrace Rate=16.641, prepareTime=40 flip request time 850778
855450.943	DISPLAY_SCREEN[2]	LOADING RESOURCE SURFACE FROM DISK
944323.099	Study_Phase.SEQUENCE.Study_Instruction	LOADING RESOURCE SURFACE FROM DISK
951084.753	Study_Phase.SEQUENCE.DISPLAY_SCREEN	LOADING RESOURCE SURFACE FROM DISK
952639.146	Study_Phase.SEQUENCE.Study_Instruction	LOADING RESOURCE SURFACE FROM DISK
960915.444	Study_Phase.SEQUENCE.Study_Instruction	LOADING RESOURCE SURFACE FROM DISK
967651.566	Study_Phase.SEQUENCE.DISPLAY_SCREEN	LOADING RESOURCE SURFACE FROM DISK
969199.916	Study_Phase.SEQUENCE.Study_Instruction	LOADING RESOURCE SURFACE FROM DISK
975951.585	Study_Phase.SEQUENCE.DISPLAY_SCREEN	LOADING RESOURCE SURFACE FROM DISK
977502.3	Study_Phase.SEQUENCE.Study_Instruction	LOADING RESOURCE SURFACE FROM DISK
985799.098	Study_Phase.SEQUENCE.Study_Instruction	LOADING RESOURCE SURFACE FROM DISK
994099.293	Study_Phase.SEQUENCE.Study_Instruction	LOADING RESOURCE SURFACE FROM DISK
1002409.759	Study_Phase.SEQUENCE.Study_Instruction	LOADING RESOURCE SURFACE FROM DISK
1010681.644	Study_Phase.SEQUENCE.Study_Instruction	LOADING RESOURCE SURFACE FROM DISK
1018985.475	Study_Phase.SEQUENCE.Study_Instruction	LOADING RESOURCE SURFACE FROM DISK
1025734.892	Study_Phase.SEQUENCE.DISPLAY_SCREEN	LOADING RESOURCE SURFACE FROM DISK
1027285.687	Study_Phase.SEQUENCE.Study_Instruction	LOADING RESOURCE SURFACE FROM DISK
1034034.925	Study_Phase.SEQUENCE.DISPLAY_SCREEN	LOADING RESOURCE SURFACE FROM DISK
1035590.749	Study_Phase.SEQUENCE.Study_Instruction	LOADING RESOURCE SURFACE FROM DISK
1043904.61	Study_Phase.SEQUENCE.Study_Instruction	LOADING RESOURCE SURFACE FROM DISK
1050651.598	Study_Phase.SEQUENCE.DISPLAY_SCREEN	LOADING RESOURCE SURFACE FROM DISK
1052185.954	Study_Phase.SEQUENCE.Study_Instruction	LOADING RESOURCE SURFACE FROM DISK
1060507.76	Study_Phase.SEQUENCE.Study_Instruction	LOADING RESOURCE SURFACE FROM DISK
1068816.104	Study_Phase.SEQUENCE.Study_Instruction	LOADING RESOURCE SURFACE FROM DISK
1077119.485	Study_Phase.SEQUENCE.Study_Instruction	LOADING RESOURCE SURFACE FROM DISK
1083884.765	Study_Phase.SEQUENCE.DISPLAY_SCREEN	LOADING RESOURCE SURFACE FROM DISK
1085434.861	Study_Phase.SEQUENCE.Study_Instruction	LOADING RESOURCE SURFACE FROM DISK
1092184.982	Study_Phase.SEQUENCE.DISPLAY_SCREEN	LOADING RESOURCE SURFACE FROM DISK
1093737.837	Study_Phase.SEQUENCE.Study_Instruction	LOADING RESOURCE SURFACE FROM DISK
1102040.041	Study_Phase.SEQUENCE.Study_Instruction	LOADING RESOURCE SURFACE FROM DISK
1108801.47	Study_Phase.SEQUENCE.DISPLAY_SCREEN	LOADING RESOURCE SURFACE FROM DISK
1110358.131	Study_Phase.SEQUENCE.Study_Instruction	LOADING RESOURCE SURFACE FROM DISK
1117101.502	Study_Phase.SEQUENCE.DISPLAY_SCREEN	LOADING RESOURCE SURFACE FROM DISK
1118658.049	Study_Phase.SEQUENCE.Study_Instruction	LOADING RESOURCE SURFACE FROM DISK
1126970.333	Study_Phase.SEQUENCE.Study_Instruction	LOADING RESOURCE SURFACE FROM DISK
1133718.12	Study_Phase.SEQUENCE.DISPLAY_SCREEN	LOADING RESOURCE SURFACE FROM DISK
1135232.124	Study_Phase.SEQUENCE.Study_Instruction	LOADING RESOURCE SURFACE FROM DISK
1143538.951	Study_Phase.SEQUENCE.Study_Instruction	LOADING RESOURCE SURFACE FROM DISK
1151814.873	Study_Phase.SEQUENCE.Study_Instruction	LOADING RESOURCE SURFACE FROM DISK
1160123.211	Study_Phase.SEQUENCE.Study_Instruction	LOADING RESOURCE SURFACE FROM DISK
1168398.301	Study_Phase.SEQUENCE.Study_Instruction	LOADING RESOURCE SURFACE FROM DISK
1175151.683	Study_Phase.SEQUENCE.DISPLAY_SCREEN	LOADING RESOURCE SURFACE FROM DISK
1176709.561	Study_Phase.SEQUENCE.Study_Instruction	LOADING RESOURCE SURFACE FROM DISK
1183451.513	Study_Phase.SEQUENCE.DISPLAY_SCREEN	LOADING RESOURCE SURFACE FROM DISK
1185003.542	Study_Phase.SEQUENCE.Study_Instruction	LOADING RESOURCE SURFACE FROM DISK
1193315.974	Study_Phase.SEQUENCE.Study_Instruction	LOADING RESOURCE SURFACE FROM DISK
1201582.331	Study_Phase.SEQUENCE.Study_Instruction	LOADING RESOURCE SURFACE FROM DISK
1209882.338	Study_Phase.SEQUENCE.Study_Instruction	LOADING RESOURCE SURFACE FROM DISK
1216634.89	Study_Phase.SEQUENCE.DISPLAY_SCREEN	LOADING RESOURCE SURFACE FROM DISK
1218148.834	Study_Phase.SEQUENCE.Study_Instruction	LOADING RESOURCE SURFACE FROM DISK
1224901.724	Study_Phase.SEQUENCE.DISPLAY_SCREEN	LOADING RESOURCE SURFACE FROM DISK
1226466.696	Study_Phase.SEQUENCE.Study_Instruction	LOADING RESOURCE SURFACE FROM DISK
1233218.054	Study_Phase.SEQUENCE.DISPLAY_SCREEN	LOADING RESOURCE SURFACE FROM DISK
1234771.522	Study_Phase.SEQUENCE.Study_Instruction	LOADING RESOURCE SURFACE FROM DISK
1241501.54	Study_Phase.SEQUENCE.DISPLAY_SCREEN	LOADING RESOURCE SURFACE FROM DISK
1243015.474	Study_Phase.SEQUENCE.Study_Instruction	LOADING RESOURCE SURFACE FROM DISK
1251282.16	Study_Phase.SEQUENCE.Study_Instruction	LOADING RESOURCE SURFACE FROM DISK
1258034.858	Study_Phase.SEQUENCE.DISPLAY_SCREEN	LOADING RESOURCE SURFACE FROM DISK
1259586.854	Study_Phase.SEQUENCE.Study_Instruction	LOADING RESOURCE SURFACE FROM DISK
1267898.763	Study_Phase.SEQUENCE.Study_Instruction	LOADING RESOURCE SURFACE FROM DISK
1276165.694	Study_Phase.SEQUENCE.Study_Instruction	LOADING RESOURCE SURFACE FROM DISK
1284450.538	Study_Phase.SEQUENCE.Study_Instruction	LOADING RESOURCE SURFACE FROM DISK
1292734.862	Study_Phase.SEQUENCE.Study_Instruction	LOADING RESOURCE SURFACE FROM DISK
1299484.81	Study_Phase.SEQUENCE.DISPLAY_SCREEN	LOADING RESOURCE SURFACE FROM DISK
1301033.07	Study_Phase.SEQUENCE.Study_Instruction	LOADING RESOURCE SURFACE FROM DISK
1307784.922	Study_Phase.SEQUENCE.DISPLAY_SCREEN	LOADING RESOURCE SURFACE FROM DISK
1309298.883	Study_Phase.SEQUENCE.Study_Instruction	LOADING RESOURCE SURFACE FROM DISK
1317565.443	Study_Phase.SEQUENCE.Study_Instruction	LOADING RESOURCE SURFACE FROM DISK
1324318.22	Study_Phase.SEQUENCE.DISPLAY_SCREEN	LOADING RESOURCE SURFACE FROM DISK
1325867.193	Study_Phase.SEQUENCE.Study_Instruction	LOADING RESOURCE SURFACE FROM DISK
1334153.565	Study_Phase.SEQUENCE.Study_Instruction	LOADING RESOURCE SURFACE FROM DISK
1342471.993	Study_Phase.SEQUENCE.Study_Instruction	LOADING RESOURCE SURFACE FROM DISK
1349234.879	Study_Phase.SEQUENCE.DISPLAY_SCREEN	LOADING RESOURCE SURFACE FROM DISK
1350788.129	Study_Phase.SEQUENCE.Study_Instruction	LOADING RESOURCE SURFACE FROM DISK
1359107.418	Study_Phase.SEQUENCE.Study_Instruction	LOADING RESOURCE SURFACE FROM DISK
1367381.613	Study_Phase.SEQUENCE.Study_Instruction	LOADING RESOURCE SURFACE FROM DISK
1374134.884	Study_Phase.SEQUENCE.DISPLAY_SCREEN	LOADING RESOURCE SURFACE FROM DISK
1375648.739	Study_Phase.SEQUENCE.Study_Instruction	LOADING RESOURCE SURFACE FROM DISK
1382401.399	Study_Phase.SEQUENCE.DISPLAY_SCREEN	LOADING RESOURCE SURFACE FROM DISK
1383950.386	Study_Phase.SEQUENCE.Study_Instruction	LOADING RESOURCE SURFACE FROM DISK
1390701.747	Study_Phase.SEQUENCE.DISPLAY_SCREEN	LOADING RESOURCE SURFACE FROM DISK
1392215.593	Study_Phase.SEQUENCE.Study_Instruction	LOADING RESOURCE SURFACE FROM DISK
1398968.142	Study_Phase.SEQUENCE.DISPLAY_SCREEN	LOADING RESOURCE SURFACE FROM DISK
1400518.332	Study_Phase.SEQUENCE.Study_Instruction	LOADING RESOURCE SURFACE FROM DISK
1407268.29	Study_Phase.SEQUENCE.DISPLAY_SCREEN	LOADING RESOURCE SURFACE FROM DISK
1408782.285	Study_Phase.SEQUENCE.Study_Instruction	LOADING RESOURCE SURFACE FROM DISK
1417083.247	Study_Phase.SEQUENCE.Study_Instruction	LOADING RESOURCE SURFACE FROM DISK
1425380.365	Study_Phase.SEQUENCE.Study_Instruction	LOADING RESOURCE SURFACE FROM DISK
1433683.811	Study_Phase.SEQUENCE.Study_Instruction	LOADING RESOURCE SURFACE FROM DISK
1440434.927	Study_Phase.SEQUENCE.DISPLAY_SCREEN	LOADING RESOURCE SURFACE FROM DISK
1442007.423	Study_Phase.SEQUENCE.Study_Instruction	LOADING RESOURCE SURFACE FROM DISK
1448767.996	Study_Phase.SEQUENCE.DISPLAY_SCREEN	LOADING RESOURCE SURFACE FROM DISK
1450316.85	Study_Phase.SEQUENCE.Study_Instruction	LOADING RESOURCE SURFACE FROM DISK
1457068.19	Study_Phase.SEQUENCE.DISPLAY_SCREEN	LOADING RESOURCE SURFACE FROM DISK
1458624.696	Study_Phase.SEQUENCE.Study_Instruction	LOADING RESOURCE SURFACE FROM DISK
1465368.154	Study_Phase.SEQUENCE.DISPLAY_SCREEN	LOADING RESOURCE SURFACE FROM DISK
1466923.092	Study_Phase.SEQUENCE.Study_Instruction	LOADING RESOURCE SURFACE FROM DISK
1473684.863	Study_Phase.SEQUENCE.DISPLAY_SCREEN	LOADING RESOURCE SURFACE FROM DISK
1475235.601	Study_Phase.SEQUENCE.Study_Instruction	LOADING RESOURCE SURFACE FROM DISK
1483531.588	Study_Phase.SEQUENCE.Study_Instruction	LOADING RESOURCE SURFACE FROM DISK
1490284.857	Study_Phase.SEQUENCE.DISPLAY_SCREEN	LOADING RESOURCE SURFACE FROM DISK
1491798.808	Study_Phase.SEQUENCE.Study_Instruction	LOADING RESOURCE SURFACE FROM DISK
1500103.222	Study_Phase.SEQUENCE.Study_Instruction	LOADING RESOURCE SURFACE FROM DISK
1508421.027	Study_Phase.SEQUENCE.Study_Instruction	LOADING RESOURCE SURFACE FROM DISK
1516737.597	Study_Phase.SEQUENCE.Study_Instruction	LOADING RESOURCE SURFACE FROM DISK
1523501.589	Study_Phase.SEQUENCE.DISPLAY_SCREEN	LOADING RESOURCE SURFACE FROM DISK
1525015.376	Study_Phase.SEQUENCE.Study_Instruction	LOADING RESOURCE SURFACE FROM DISK
1533304.336	Study_Phase.SEQUENCE.Study_Instruction	LOADING RESOURCE SURFACE FROM DISK
1541622.142	Study_Phase.SEQUENCE.Study_Instruction	LOADING RESOURCE SURFACE FROM DISK
1549915.148	Study_Phase.SEQUENCE.Study_Instruction	LOADING RESOURCE SURFACE FROM DISK
1558224.234	Study_Phase.SEQUENCE.Study_Instruction	LOADING RESOURCE SURFACE FROM DISK
1564984.846	Study_Phase.SEQUENCE.DISPLAY_SCREEN	LOADING RESOURCE SURFACE FROM DISK
1566535.442	Study_Phase.SEQUENCE.Study_Instruction	LOADING RESOURCE SURFACE FROM DISK
1573284.995	Study_Phase.SEQUENCE.DISPLAY_SCREEN	LOADING RESOURCE SURFACE FROM DISK
1574834.861	Study_Phase.SEQUENCE.Study_Instruction	LOADING RESOURCE SURFACE FROM DISK
1583136.095	Study_Phase.SEQUENCE.Study_Instruction	LOADING RESOURCE SURFACE FROM DISK
1589884.992	Study_Phase.SEQUENCE.DISPLAY_SCREEN	LOADING RESOURCE SURFACE FROM DISK
1591421.046	Study_Phase.SEQUENCE.Study_Instruction	LOADING RESOURCE SURFACE FROM DISK
1599735.312	Study_Phase.SEQUENCE.Study_Instruction	LOADING RESOURCE SURFACE FROM DISK
1608035.083	Study_Phase.SEQUENCE.Study_Instruction	LOADING RESOURCE SURFACE FROM DISK
1614784.756	Study_Phase.SEQUENCE.DISPLAY_SCREEN	LOADING RESOURCE SURFACE FROM DISK
1616334.616	Study_Phase.SEQUENCE.Study_Instruction	LOADING RESOURCE SURFACE FROM DISK
1623084.899	Study_Phase.SEQUENCE.DISPLAY_SCREEN	LOADING RESOURCE SURFACE FROM DISK
1624631.662	Study_Phase.SEQUENCE.Study_Instruction	LOADING RESOURCE SURFACE FROM DISK
1632898.279	Study_Phase.SEQUENCE.Study_Instruction	LOADING RESOURCE SURFACE FROM DISK
1641199.419	Study_Phase.SEQUENCE.Study_Instruction	LOADING RESOURCE SURFACE FROM DISK
1649465.091	Study_Phase.SEQUENCE.Study_Instruction	LOADING RESOURCE SURFACE FROM DISK
1656218.328	Study_Phase.SEQUENCE.DISPLAY_SCREEN	LOADING RESOURCE SURFACE FROM DISK
1657764.063	Study_Phase.SEQUENCE.Study_Instruction	LOADING RESOURCE SURFACE FROM DISK
1666074.337	Study_Phase.SEQUENCE.Study_Instruction	LOADING RESOURCE SURFACE FROM DISK
1672851.544	Study_Phase.SEQUENCE.DISPLAY_SCREEN	LOADING RESOURCE SURFACE FROM DISK
1674398.702	Study_Phase.SEQUENCE.Study_Instruction	LOADING RESOURCE SURFACE FROM DISK
1682709.302	Study_Phase.SEQUENCE.Study_Instruction	LOADING RESOURCE SURFACE FROM DISK
1689468.369	Study_Phase.SEQUENCE.DISPLAY_SCREEN	LOADING RESOURCE SURFACE FROM DISK
1691020.513	Study_Phase.SEQUENCE.Study_Instruction	LOADING RESOURCE SURFACE FROM DISK
1697784.839	Study_Phase.SEQUENCE.DISPLAY_SCREEN	LOADING RESOURCE SURFACE FROM DISK
1699334.846	Study_Phase.SEQUENCE.Study_Instruction	LOADING RESOURCE SURFACE FROM DISK
1707641.03	Study_Phase.SEQUENCE.Study_Instruction	LOADING RESOURCE SURFACE FROM DISK
1715953.839	Study_Phase.SEQUENCE.Study_Instruction	LOADING RESOURCE SURFACE FROM DISK
1722718.303	Study_Phase.SEQUENCE.DISPLAY_SCREEN	LOADING RESOURCE SURFACE FROM DISK
1724232.198	Study_Phase.SEQUENCE.Study_Instruction	LOADING RESOURCE SURFACE FROM DISK
1730984.826	Study_Phase.SEQUENCE.DISPLAY_SCREEN	LOADING RESOURCE SURFACE FROM DISK
1732540.062	Study_Phase.SEQUENCE.Study_Instruction	LOADING RESOURCE SURFACE FROM DISK
1740858.713	Study_Phase.SEQUENCE.Study_Instruction	LOADING RESOURCE SURFACE FROM DISK
1749173.38	Study_Phase.SEQUENCE.Study_Instruction	LOADING RESOURCE SURFACE FROM DISK
1757448.201	Study_Phase.SEQUENCE.Study_Instruction	LOADING RESOURCE SURFACE FROM DISK
1765714.926	Study_Phase.SEQUENCE.Study_Instruction	LOADING RESOURCE SURFACE FROM DISK
1774016.695	Study_Phase.SEQUENCE.Study_Instruction	LOADING RESOURCE SURFACE FROM DISK
1782315.321	Study_Phase.SEQUENCE.Study_Instruction	LOADING RESOURCE SURFACE FROM DISK
1789068.236	Study_Phase.SEQUENCE.DISPLAY_SCREEN	LOADING RESOURCE SURFACE FROM DISK
1790582.105	Study_Phase.SEQUENCE.Study_Instruction	LOADING RESOURCE SURFACE FROM DISK
1797334.725	Study_Phase.SEQUENCE.DISPLAY_SCREEN	LOADING RESOURCE SURFACE FROM DISK
1798848.785	Study_Phase.SEQUENCE.Study_Instruction	LOADING RESOURCE SURFACE FROM DISK
1805601.588	Study_Phase.SEQUENCE.DISPLAY_SCREEN	LOADING RESOURCE SURFACE FROM DISK
1807151.348	Study_Phase.SEQUENCE.Study_Instruction	LOADING RESOURCE SURFACE FROM DISK
1815415.48	Study_Phase.SEQUENCE.Study_Instruction	LOADING RESOURCE SURFACE FROM DISK
1822151.597	Study_Phase.SEQUENCE.DISPLAY_SCREEN	LOADING RESOURCE SURFACE FROM DISK
1823665.561	Study_Phase.SEQUENCE.Study_Instruction	LOADING RESOURCE SURFACE FROM DISK
1831932.169	Study_Phase.SEQUENCE.Study_Instruction	LOADING RESOURCE SURFACE FROM DISK
1838668.114	Study_Phase.SEQUENCE.DISPLAY_SCREEN	LOADING RESOURCE SURFACE FROM DISK
1840215.876	Study_Phase.SEQUENCE.Study_Instruction	LOADING RESOURCE SURFACE FROM DISK
1848521.944	Study_Phase.SEQUENCE.Study_Instruction	LOADING RESOURCE SURFACE FROM DISK
1856846.748	Study_Phase.SEQUENCE.Study_Instruction	LOADING RESOURCE SURFACE FROM DISK
1863584.909	Study_Phase.SEQUENCE.DISPLAY_SCREEN	LOADING RESOURCE SURFACE FROM DISK
1865133.469	Study_Phase.SEQUENCE.Study_Instruction	LOADING RESOURCE SURFACE FROM DISK
1873436.45	Study_Phase.SEQUENCE.Study_Instruction	LOADING RESOURCE SURFACE FROM DISK
1881742.129	Study_Phase.SEQUENCE.Study_Instruction	LOADING RESOURCE SURFACE FROM DISK
1888501.498	Study_Phase.SEQUENCE.DISPLAY_SCREEN	LOADING RESOURCE SURFACE FROM DISK
1890047.957	Study_Phase.SEQUENCE.Study_Instruction	LOADING RESOURCE SURFACE FROM DISK
1896801.38	Study_Phase.SEQUENCE.DISPLAY_SCREEN	LOADING RESOURCE SURFACE FROM DISK
1898357.965	Study_Phase.SEQUENCE.Study_Instruction	LOADING RESOURCE SURFACE FROM DISK
1905118.283	Study_Phase.SEQUENCE.DISPLAY_SCREEN	LOADING RESOURCE SURFACE FROM DISK
1906668.196	Study_Phase.SEQUENCE.Study_Instruction	LOADING RESOURCE SURFACE FROM DISK
1914964.402	Study_Phase.SEQUENCE.Study_Instruction	LOADING RESOURCE SURFACE FROM DISK
1921718.076	Study_Phase.SEQUENCE.DISPLAY_SCREEN	LOADING RESOURCE SURFACE FROM DISK
1923265.703	Study_Phase.SEQUENCE.Study_Instruction	LOADING RESOURCE SURFACE FROM DISK
1930018.172	Study_Phase.SEQUENCE.DISPLAY_SCREEN	LOADING RESOURCE SURFACE FROM DISK
1931569.546	Study_Phase.SEQUENCE.Study_Instruction	LOADING RESOURCE SURFACE FROM DISK
1936289.105	DISPLAY_SCREEN[7]	LOADING RESOURCE SURFACE FROM DISK
2127437.25	Test_Phase.SEQUENCE.Target_Cue	LOADING RESOURCE SURFACE FROM DISK
2127447.585	Test_Phase.SEQUENCE.Target_Cue	LOADING RESOURCE SURFACE FROM DISK
2129465.075	Test_Phase.SEQUENCE.Word	LOADING RESOURCE SURFACE FROM DISK
2132512.069	Test_Phase.SEQUENCE.Test_Question	LOADING RESOURCE SURFACE FROM DISK
2132526.344	Test_Phase.SEQUENCE.Test_Question	LOADING RESOURCE SURFACE FROM DISK
2132536.825	Test_Phase.SEQUENCE.Test_Question	LOADING RESOURCE SURFACE FROM DISK
2132547.631	Test_Phase.SEQUENCE.Test_Question	LOADING RESOURCE SURFACE FROM DISK
2132549.506	Test_Phase.SEQUENCE.Test_Question	LOADING RESOURCE SURFACE FROM DISK
2132551.344	Test_Phase.SEQUENCE.Test_Question	LOADING RESOURCE SURFACE FROM DISK
2132553.185	Test_Phase.SEQUENCE.Test_Question	LOADING RESOURCE SURFACE FROM DISK
2132554.92	Test_Phase.SEQUENCE.Test_Question	LOADING RESOURCE SURFACE FROM DISK
2132556.639	Test_Phase.SEQUENCE.Test_Question	LOADING RESOURCE SURFACE FROM DISK
2132558.567	Test_Phase.SEQUENCE.Test_Question	LOADING RESOURCE SURFACE FROM DISK
2132560.307	Test_Phase.SEQUENCE.Test_Question	LOADING RESOURCE SURFACE FROM DISK
2132562.014	Test_Phase.SEQUENCE.Test_Question	LOADING RESOURCE SURFACE FROM DISK
2139091.084	Test_Phase.SEQUENCE.Word	LOADING RESOURCE SURFACE FROM DISK
2146514.751	Test_Phase.SEQUENCE.Word	LOADING RESOURCE SURFACE FROM DISK
2154581.412	Test_Phase.SEQUENCE.Word	LOADING RESOURCE SURFACE FROM DISK
2162181.524	Test_Phase.SEQUENCE.Word	LOADING RESOURCE SURFACE FROM DISK
2169231.733	Test_Phase.SEQUENCE.Word	LOADING RESOURCE SURFACE FROM DISK
2176564.851	Test_Phase.SEQUENCE.Word	LOADING RESOURCE SURFACE FROM DISK
2183818.343	Test_Phase.SEQUENCE.Word	LOADING RESOURCE SURFACE FROM DISK
2193331.513	Test_Phase.SEQUENCE.Word	LOADING RESOURCE SURFACE FROM DISK
2201098.2	Test_Phase.SEQUENCE.Word	LOADING RESOURCE SURFACE FROM DISK
2208798.357	Test_Phase.SEQUENCE.Word	LOADING RESOURCE SURFACE FROM DISK
2216203.422	Test_Phase.SEQUENCE.Word	LOADING RESOURCE SURFACE FROM DISK
2224031.596	Test_Phase.SEQUENCE.Word	LOADING RESOURCE SURFACE FROM DISK
2231414.895	Test_Phase.SEQUENCE.Word	LOADING RESOURCE SURFACE FROM DISK
2239065.054	Test_Phase.SEQUENCE.Word	LOADING RESOURCE SURFACE FROM DISK
2246622.351	Test_Phase.SEQUENCE.Word	LOADING RESOURCE SURFACE FROM DISK
2254014.905	Test_Phase.SEQUENCE.Word	LOADING RESOURCE SURFACE FROM DISK
2261456.532	Test_Phase.SEQUENCE.Word	LOADING RESOURCE SURFACE FROM DISK
2268631.607	Test_Phase.SEQUENCE.Word	LOADING RESOURCE SURFACE FROM DISK
2275967.304	Test_Phase.SEQUENCE.Word	LOADING RESOURCE SURFACE FROM DISK
2283256.203	Test_Phase.SEQUENCE.Word	LOADING RESOURCE SURFACE FROM DISK
2290656.428	Test_Phase.SEQUENCE.Word	LOADING RESOURCE SURFACE FROM DISK
2300381.718	Test_Phase.SEQUENCE.Word	LOADING RESOURCE SURFACE FROM DISK
2307965.097	Test_Phase.SEQUENCE.Word	LOADING RESOURCE SURFACE FROM DISK
2315433.129	Test_Phase.SEQUENCE.Word	LOADING RESOURCE SURFACE FROM DISK
2323364.913	Test_Phase.SEQUENCE.Word	LOADING RESOURCE SURFACE FROM DISK
2330686.817	Test_Phase.SEQUENCE.Word	LOADING RESOURCE SURFACE FROM DISK
2338064.877	Test_Phase.SEQUENCE.Word	LOADING RESOURCE SURFACE FROM DISK
2345481.52	Test_Phase.SEQUENCE.Word	LOADING RESOURCE SURFACE FROM DISK
2352665.037	Test_Phase.SEQUENCE.Word	LOADING RESOURCE SURFACE FROM DISK
2359948.199	Test_Phase.SEQUENCE.Word	LOADING RESOURCE SURFACE FROM DISK
2367165.039	Test_Phase.SEQUENCE.Word	LOADING RESOURCE SURFACE FROM DISK
2374515.009	Test_Phase.SEQUENCE.Word	LOADING RESOURCE SURFACE FROM DISK
2381548.256	Test_Phase.SEQUENCE.Word	LOADING RESOURCE SURFACE FROM DISK
2388614.858	Test_Phase.SEQUENCE.Word	LOADING RESOURCE SURFACE FROM DISK
2395931.439	Test_Phase.SEQUENCE.Word	LOADING RESOURCE SURFACE FROM DISK
2403464.922	Test_Phase.SEQUENCE.Word	LOADING RESOURCE SURFACE FROM DISK
2411648.098	Test_Phase.SEQUENCE.Word	LOADING RESOURCE SURFACE FROM DISK
2418914.996	Test_Phase.SEQUENCE.Word	LOADING RESOURCE SURFACE FROM DISK
2426265.178	Test_Phase.SEQUENCE.Word	LOADING RESOURCE SURFACE FROM DISK
2435604.792	Test_Phase.SEQUENCE.Word	LOADING RESOURCE SURFACE FROM DISK
2443265.278	Test_Phase.SEQUENCE.Word	LOADING RESOURCE SURFACE FROM DISK
2450891.444	Test_Phase.SEQUENCE.Word	LOADING RESOURCE SURFACE FROM DISK
2459131.578	Test_Phase.SEQUENCE.Word	LOADING RESOURCE SURFACE FROM DISK
2466448.32	Test_Phase.SEQUENCE.Word	LOADING RESOURCE SURFACE FROM DISK
2473773.95	Test_Phase.SEQUENCE.Word	LOADING RESOURCE SURFACE FROM DISK
2481181.861	Test_Phase.SEQUENCE.Word	LOADING RESOURCE SURFACE FROM DISK
2489364.812	Test_Phase.SEQUENCE.Word	LOADING RESOURCE SURFACE FROM DISK
2496707.531	Test_Phase.SEQUENCE.Word	LOADING RESOURCE SURFACE FROM DISK
2504050.654	Test_Phase.SEQUENCE.Word	LOADING RESOURCE SURFACE FROM DISK
2512883.304	Test_Phase.SEQUENCE.Word	LOADING RESOURCE SURFACE FROM DISK
2520082.822	Test_Phase.SEQUENCE.Word	LOADING RESOURCE SURFACE FROM DISK
2527131.605	Test_Phase.SEQUENCE.Word	LOADING RESOURCE SURFACE FROM DISK
2534398.241	Test_Phase.SEQUENCE.Word	LOADING RESOURCE SURFACE FROM DISK
2541840.276	Test_Phase.SEQUENCE.Word	LOADING RESOURCE SURFACE FROM DISK
2549031.668	Test_Phase.SEQUENCE.Word	LOADING RESOURCE SURFACE FROM DISK
2556270.609	Test_Phase.SEQUENCE.Word	LOADING RESOURCE SURFACE FROM DISK
2563690.639	Test_Phase.SEQUENCE.Word	LOADING RESOURCE SURFACE FROM DISK
2570821.729	Test_Phase.SEQUENCE.Word	LOADING RESOURCE SURFACE FROM DISK
2578531.738	Test_Phase.SEQUENCE.Word	LOADING RESOURCE SURFACE FROM DISK
2585665.07	Test_Phase.SEQUENCE.Word	LOADING RESOURCE SURFACE FROM DISK
2593164.828	Test_Phase.SEQUENCE.Word	LOADING RESOURCE SURFACE FROM DISK
2600348.192	Test_Phase.SEQUENCE.Word	LOADING RESOURCE SURFACE FROM DISK
2607598.287	Test_Phase.SEQUENCE.Word	LOADING RESOURCE SURFACE FROM DISK
2614768.611	Test_Phase.SEQUENCE.Word	LOADING RESOURCE SURFACE FROM DISK
2622981.711	Test_Phase.SEQUENCE.Word	LOADING RESOURCE SURFACE FROM DISK
2630132.271	Test_Phase.SEQUENCE.Word	LOADING RESOURCE SURFACE FROM DISK
2638086.566	Test_Phase.SEQUENCE.Word	LOADING RESOURCE SURFACE FROM DISK
2647281.526	Test_Phase.SEQUENCE.Word	LOADING RESOURCE SURFACE FROM DISK
2655448.26	Test_Phase.SEQUENCE.Word	LOADING RESOURCE SURFACE FROM DISK
2663165.231	Test_Phase.SEQUENCE.Word	LOADING RESOURCE SURFACE FROM DISK
2670498.27	Test_Phase.SEQUENCE.Word	LOADING RESOURCE SURFACE FROM DISK
2679621.598	Test_Phase.SEQUENCE.Word	LOADING RESOURCE SURFACE FROM DISK
2686865.312	Test_Phase.SEQUENCE.Word	LOADING RESOURCE SURFACE FROM DISK
2694181.666	Test_Phase.SEQUENCE.Word	LOADING RESOURCE SURFACE FROM DISK
2702465.735	Test_Phase.SEQUENCE.Word	LOADING RESOURCE SURFACE FROM DISK
2710387.87	Test_Phase.SEQUENCE.Word	LOADING RESOURCE SURFACE FROM DISK
2718248.334	Test_Phase.SEQUENCE.Word	LOADING RESOURCE SURFACE FROM DISK
2725473.015	Test_Phase.SEQUENCE.Word	LOADING RESOURCE SURFACE FROM DISK
2736054.156	Test_Phase.SEQUENCE.Word	LOADING RESOURCE SURFACE FROM DISK
2743231.714	Test_Phase.SEQUENCE.Word	LOADING RESOURCE SURFACE FROM DISK
2751731.503	Test_Phase.SEQUENCE.Word	LOADING RESOURCE SURFACE FROM DISK
2759442.238	Test_Phase.SEQUENCE.Word	LOADING RESOURCE SURFACE FROM DISK
2767304.581	Test_Phase.SEQUENCE.Word	LOADING RESOURCE SURFACE FROM DISK
2774807.663	Test_Phase.SEQUENCE.Word	LOADING RESOURCE SURFACE FROM DISK
2783481.68	Test_Phase.SEQUENCE.Word	LOADING RESOURCE SURFACE FROM DISK
2792331.562	Test_Phase.SEQUENCE.Word	LOADING RESOURCE SURFACE FROM DISK
2799431.42	Test_Phase.SEQUENCE.Word	LOADING RESOURCE SURFACE FROM DISK
2806839.738	Test_Phase.SEQUENCE.Word	LOADING RESOURCE SURFACE FROM DISK
2813948.343	Test_Phase.SEQUENCE.Word	LOADING RESOURCE SURFACE FROM DISK
2823504.321	Test_Phase.SEQUENCE.Word	LOADING RESOURCE SURFACE FROM DISK
2832648.111	Test_Phase.SEQUENCE.Word	LOADING RESOURCE SURFACE FROM DISK
2840914.98	Test_Phase.SEQUENCE.Word	LOADING RESOURCE SURFACE FROM DISK
2849814.685	Test_Phase.SEQUENCE.Word	LOADING RESOURCE SURFACE FROM DISK
2857948.178	Test_Phase.SEQUENCE.Word	LOADING RESOURCE SURFACE FROM DISK
2865214.825	Test_Phase.SEQUENCE.Word	LOADING RESOURCE SURFACE FROM DISK
2872431.569	Test_Phase.SEQUENCE.Word	LOADING RESOURCE SURFACE FROM DISK
2881081.625	Test_Phase.SEQUENCE.Word	LOADING RESOURCE SURFACE FROM DISK
2889147.625	Test_Phase.SEQUENCE.Word	LOADING RESOURCE SURFACE FROM DISK
2897003.081	Test_Phase.SEQUENCE.Word	LOADING RESOURCE SURFACE FROM DISK
2904281.575	Test_Phase.SEQUENCE.Word	LOADING RESOURCE SURFACE FROM DISK
2911581.564	Test_Phase.SEQUENCE.Word	LOADING RESOURCE SURFACE FROM DISK
2919048.208	Test_Phase.SEQUENCE.Word	LOADING RESOURCE SURFACE FROM DISK
2926990.149	Test_Phase.SEQUENCE.Word	LOADING RESOURCE SURFACE FROM DISK
2936764.894	Test_Phase.SEQUENCE.Word	LOADING RESOURCE SURFACE FROM DISK
2944281.6	Test_Phase.SEQUENCE.Word	LOADING RESOURCE SURFACE FROM DISK
2951382.866	Test_Phase.SEQUENCE.Word	LOADING RESOURCE SURFACE FROM DISK
2959081.752	Test_Phase.SEQUENCE.Word	LOADING RESOURCE SURFACE FROM DISK
2966448.293	Test_Phase.SEQUENCE.Word	LOADING RESOURCE SURFACE FROM DISK
2973768.619	Test_Phase.SEQUENCE.Word	LOADING RESOURCE SURFACE FROM DISK
2981064.896	Test_Phase.SEQUENCE.Word	LOADING RESOURCE SURFACE FROM DISK
2988531.613	Test_Phase.SEQUENCE.Word	LOADING RESOURCE SURFACE FROM DISK
2995881.588	Test_Phase.SEQUENCE.Word	LOADING RESOURCE SURFACE FROM DISK
3003988.254	Test_Phase.SEQUENCE.Word	LOADING RESOURCE SURFACE FROM DISK
3011198.323	Test_Phase.SEQUENCE.Word	LOADING RESOURCE SURFACE FROM DISK
3025732.069	Test_Phase.SEQUENCE.Word	LOADING RESOURCE SURFACE FROM DISK
3032816.25	Test_Phase.SEQUENCE.Word	LOADING RESOURCE SURFACE FROM DISK
3040131.754	Test_Phase.SEQUENCE.Word	LOADING RESOURCE SURFACE FROM DISK
3047251.267	Test_Phase.SEQUENCE.Word	LOADING RESOURCE SURFACE FROM DISK
3054498.168	Test_Phase.SEQUENCE.Word	LOADING RESOURCE SURFACE FROM DISK
3061514.85	Test_Phase.SEQUENCE.Word	LOADING RESOURCE SURFACE FROM DISK
3068866.063	Test_Phase.SEQUENCE.Word	LOADING RESOURCE SURFACE FROM DISK
3076015.124	Test_Phase.SEQUENCE.Word	LOADING RESOURCE SURFACE FROM DISK
3083075.105	Test_Phase.SEQUENCE.Word	LOADING RESOURCE SURFACE FROM DISK
3090250.474	Test_Phase.SEQUENCE.Word	LOADING RESOURCE SURFACE FROM DISK
3098364.88	Test_Phase.SEQUENCE.Word	LOADING RESOURCE SURFACE FROM DISK
3105481.5	Test_Phase.SEQUENCE.Word	LOADING RESOURCE SURFACE FROM DISK
3112464.966	Test_Phase.SEQUENCE.Word	LOADING RESOURCE SURFACE FROM DISK
3119581.594	Test_Phase.SEQUENCE.Word	LOADING RESOURCE SURFACE FROM DISK
3127886.34	Test_Phase.SEQUENCE.Word	LOADING RESOURCE SURFACE FROM DISK
3134914.931	Test_Phase.SEQUENCE.Word	LOADING RESOURCE SURFACE FROM DISK
3142159.157	Test_Phase.SEQUENCE.Word	LOADING RESOURCE SURFACE FROM DISK
3149472.05	Test_Phase.SEQUENCE.Word	LOADING RESOURCE SURFACE FROM DISK
3156481.431	Test_Phase.SEQUENCE.Word	LOADING RESOURCE SURFACE FROM DISK
3163648.368	Test_Phase.SEQUENCE.Word	LOADING RESOURCE SURFACE FROM DISK
3170898.178	Test_Phase.SEQUENCE.Word	LOADING RESOURCE SURFACE FROM DISK
3178140.005	Test_Phase.SEQUENCE.Word	LOADING RESOURCE SURFACE FROM DISK
3185298.226	Test_Phase.SEQUENCE.Word	LOADING RESOURCE SURFACE FROM DISK
3192339.017	Test_Phase.SEQUENCE.Word	LOADING RESOURCE SURFACE FROM DISK
3199481.71	Test_Phase.SEQUENCE.Word	LOADING RESOURCE SURFACE FROM DISK
3206548.18	Test_Phase.SEQUENCE.Word	LOADING RESOURCE SURFACE FROM DISK
3213765.131	Test_Phase.SEQUENCE.Word	LOADING RESOURCE SURFACE FROM DISK
3220815.915	Test_Phase.SEQUENCE.Word	LOADING RESOURCE SURFACE FROM DISK
3228098.444	Test_Phase.SEQUENCE.Word	LOADING RESOURCE SURFACE FROM DISK
3235782.331	Test_Phase.SEQUENCE.Word	LOADING RESOURCE SURFACE FROM DISK
3243030.697	Test_Phase.SEQUENCE.Word	LOADING RESOURCE SURFACE FROM DISK
3250114.385	Test_Phase.SEQUENCE.Word	LOADING RESOURCE SURFACE FROM DISK
3257548.49	Test_Phase.SEQUENCE.Word	LOADING RESOURCE SURFACE FROM DISK
3264681.533	Test_Phase.SEQUENCE.Word	LOADING RESOURCE SURFACE FROM DISK
3271865.264	Test_Phase.SEQUENCE.Word	LOADING RESOURCE SURFACE FROM DISK
3278964.884	Test_Phase.SEQUENCE.Word	LOADING RESOURCE SURFACE FROM DISK
3286200.953	Test_Phase.SEQUENCE.Word	LOADING RESOURCE SURFACE FROM DISK
3295069.939	Test_Phase.SEQUENCE.Word	LOADING RESOURCE SURFACE FROM DISK
3302548.261	Test_Phase.SEQUENCE.Word	LOADING RESOURCE SURFACE FROM DISK
3309677.906	Test_Phase.SEQUENCE.Word	LOADING RESOURCE SURFACE FROM DISK
3317315.069	Test_Phase.SEQUENCE.Word	LOADING RESOURCE SURFACE FROM DISK
3324531.688	Test_Phase.SEQUENCE.Word	LOADING RESOURCE SURFACE FROM DISK
3333281.587	Test_Phase.SEQUENCE.Word	LOADING RESOURCE SURFACE FROM DISK
3340356.281	Test_Phase.SEQUENCE.Word	LOADING RESOURCE SURFACE FROM DISK
3347481.676	Test_Phase.SEQUENCE.Word	LOADING RESOURCE SURFACE FROM DISK
3354668.275	Test_Phase.SEQUENCE.Word	LOADING RESOURCE SURFACE FROM DISK
3362230.529	Test_Phase.SEQUENCE.Word	LOADING RESOURCE SURFACE FROM DISK
3369556.021	Test_Phase.SEQUENCE.Word	LOADING RESOURCE SURFACE FROM DISK
3378181.649	Test_Phase.SEQUENCE.Word	LOADING RESOURCE SURFACE FROM DISK
3385281.674	Test_Phase.SEQUENCE.Word	LOADING RESOURCE SURFACE FROM DISK
3392398.156	Test_Phase.SEQUENCE.Word	LOADING RESOURCE SURFACE FROM DISK
3399565.071	Test_Phase.SEQUENCE.Word	LOADING RESOURCE SURFACE FROM DISK
3406664.958	Test_Phase.SEQUENCE.Word	LOADING RESOURCE SURFACE FROM DISK
3413864.833	Test_Phase.SEQUENCE.Word	LOADING RESOURCE SURFACE FROM DISK
3421020.013	Test_Phase.SEQUENCE.Word	LOADING RESOURCE SURFACE FROM DISK
3428148.224	Test_Phase.SEQUENCE.Word	LOADING RESOURCE SURFACE FROM DISK
3435367.937	Test_Phase.SEQUENCE.Word	LOADING RESOURCE SURFACE FROM DISK
3444018.056	Test_Phase.SEQUENCE.Word	LOADING RESOURCE SURFACE FROM DISK
3452148.669	Test_Phase.SEQUENCE.Word	LOADING RESOURCE SURFACE FROM DISK
3459220.925	Test_Phase.SEQUENCE.Word	LOADING RESOURCE SURFACE FROM DISK
3466664.832	Test_Phase.SEQUENCE.Word	LOADING RESOURCE SURFACE FROM DISK
3473948.162	Test_Phase.SEQUENCE.Word	LOADING RESOURCE SURFACE FROM DISK
3481764.953	Test_Phase.SEQUENCE.Word	LOADING RESOURCE SURFACE FROM DISK
3488849.866	Test_Phase.SEQUENCE.Word	LOADING RESOURCE SURFACE FROM DISK
3495981.777	Test_Phase.SEQUENCE.Word	LOADING RESOURCE SURFACE FROM DISK
3503148.532	Test_Phase.SEQUENCE.Word	LOADING RESOURCE SURFACE FROM DISK
3510398.183	Test_Phase.SEQUENCE.Word	LOADING RESOURCE SURFACE FROM DISK
3517498.315	Test_Phase.SEQUENCE.Word	LOADING RESOURCE SURFACE FROM DISK
3524614.812	Test_Phase.SEQUENCE.Word	LOADING RESOURCE SURFACE FROM DISK
3531758.813	Test_Phase.SEQUENCE.Word	LOADING RESOURCE SURFACE FROM DISK
3538931.914	Test_Phase.SEQUENCE.Word	LOADING RESOURCE SURFACE FROM DISK
3546465.685	Test_Phase.SEQUENCE.Word	LOADING RESOURCE SURFACE FROM DISK
3553613.502	Test_Phase.SEQUENCE.Word	LOADING RESOURCE SURFACE FROM DISK
3560704.232	Test_Phase.SEQUENCE.Word	LOADING RESOURCE SURFACE FROM DISK
3567864.978	Test_Phase.SEQUENCE.Word	LOADING RESOURCE SURFACE FROM DISK
3574948.476	Test_Phase.SEQUENCE.Word	LOADING RESOURCE SURFACE FROM DISK
3582098.309	Test_Phase.SEQUENCE.Word	LOADING RESOURCE SURFACE FROM DISK
3589148.184	Test_Phase.SEQUENCE.Word	LOADING RESOURCE SURFACE FROM DISK
3596237.766	Test_Phase.SEQUENCE.Word	LOADING RESOURCE SURFACE FROM DISK
3603308.326	Test_Phase.SEQUENCE.Word	LOADING RESOURCE SURFACE FROM DISK
3610448.28	Test_Phase.SEQUENCE.Word	LOADING RESOURCE SURFACE FROM DISK
3617498.648	Test_Phase.SEQUENCE.Word	LOADING RESOURCE SURFACE FROM DISK
3624631.482	Test_Phase.SEQUENCE.Word	LOADING RESOURCE SURFACE FROM DISK
3631646.467	Test_Phase.SEQUENCE.Word	LOADING RESOURCE SURFACE FROM DISK
3635172.316	DISPLAY_SCREEN	LOADING RESOURCE SURFACE FROM DISK
