5213.578	DISPLAY_SCREEN[1]	LOADING RESOURCE SURFACE FROM DISK
472346.35	Familiarization_Phase.SEQUENCE.Cue_and_Instruction	LOADING RESOURCE SURFACE FROM DISK
472350.904	Familiarization_Phase.SEQUENCE.Cue_and_Instruction	LOADING RESOURCE SURFACE FROM DISK
478383.391	Familiarization_Phase.SEQUENCE.Cue_and_Instruction	LOADING RESOURCE SURFACE FROM DISK
478388.053	Familiarization_Phase.SEQUENCE.Cue_and_Instruction	LOADING RESOURCE SURFACE FROM DISK
484433.835	Familiarization_Phase.SEQUENCE.Cue_and_Instruction	LOADING RESOURCE SURFACE FROM DISK
484438.287	Familiarization_Phase.SEQUENCE.Cue_and_Instruction	LOADING RESOURCE SURFACE FROM DISK
526608.129	DISPLAY_SCREEN[3]	LOADING RESOURCE SURFACE FROM DISK
621750.356	DISPLAY_SCREEN[5]	LOADING RESOURCE SURFACE FROM DISK
693459.407	Practice_Phase.SEQUENCE.Blink_Screen	LOADING RESOURCE SURFACE FROM DISK
693460.548	Practice_Phase.SEQUENCE.Blink_Screen	flip time is later than desired time. Desired Time=693196 Flip Time=693480 Retrace Rate=16.641, prepareTime=287 flip request time 693460
694714.616	Practice_Phase.SEQUENCE.Luminance_Cue[1]	LOADING RESOURCE SURFACE FROM DISK
694728.528	Practice_Phase.SEQUENCE.Luminance_Cue[1]	LOADING RESOURCE SURFACE FROM DISK
694730.009	Practice_Phase.SEQUENCE.Luminance_Cue[1]	flip time is later than desired time. Desired Time=694680 Flip Time=694746 Retrace Rate=16.641, prepareTime=74 flip request time 694729
695264.835	Practice_Phase.SEQUENCE.Practice_Instruction	LOADING RESOURCE SURFACE FROM DISK
695277.284	Practice_Phase.SEQUENCE.Practice_Instruction	LOADING RESOURCE SURFACE FROM DISK
695278.79	Practice_Phase.SEQUENCE.Practice_Instruction	flip time is later than desired time. Desired Time=695246 Flip Time=695296 Retrace Rate=16.641, prepareTime=56 flip request time 695278
698778.431	Practice_Phase.SEQUENCE.Action_cue[1]	LOADING RESOURCE SURFACE FROM DISK
703352.05	Practice_Phase.SEQUENCE.Practice_Instruction	LOADING RESOURCE SURFACE FROM DISK
703369.994	Practice_Phase.SEQUENCE.Practice_Instruction	LOADING RESOURCE SURFACE FROM DISK
703371.643	Practice_Phase.SEQUENCE.Practice_Instruction	flip time is later than desired time. Desired Time=703363 Flip Time=703380 Retrace Rate=16.641, prepareTime=32 flip request time 703371
711428.163	Practice_Phase.SEQUENCE.Practice_Instruction	LOADING RESOURCE SURFACE FROM DISK
711431.048	Practice_Phase.SEQUENCE.Practice_Instruction	LOADING RESOURCE SURFACE FROM DISK
719494.698	Practice_Phase.SEQUENCE.Practice_Instruction	LOADING RESOURCE SURFACE FROM DISK
719536.345	Practice_Phase.SEQUENCE.Practice_Instruction	LOADING RESOURCE SURFACE FROM DISK
719538.007	Practice_Phase.SEQUENCE.Practice_Instruction	flip time is later than desired time. Desired Time=719513 Flip Time=719546 Retrace Rate=16.641, prepareTime=48 flip request time 719537
727594.562	Practice_Phase.SEQUENCE.Practice_Instruction	LOADING RESOURCE SURFACE FROM DISK
727597.276	Practice_Phase.SEQUENCE.Practice_Instruction	LOADING RESOURCE SURFACE FROM DISK
735661.262	Practice_Phase.SEQUENCE.Practice_Instruction	LOADING RESOURCE SURFACE FROM DISK
735702.36	Practice_Phase.SEQUENCE.Practice_Instruction	LOADING RESOURCE SURFACE FROM DISK
735703.963	Practice_Phase.SEQUENCE.Practice_Instruction	flip time is later than desired time. Desired Time=735680 Flip Time=735713 Retrace Rate=16.641, prepareTime=47 flip request time 735703
743761.268	Practice_Phase.SEQUENCE.Practice_Instruction	LOADING RESOURCE SURFACE FROM DISK
743802.183	Practice_Phase.SEQUENCE.Practice_Instruction	LOADING RESOURCE SURFACE FROM DISK
743803.767	Practice_Phase.SEQUENCE.Practice_Instruction	flip time is later than desired time. Desired Time=743780 Flip Time=743813 Retrace Rate=16.641, prepareTime=47 flip request time 743803
751861.195	Practice_Phase.SEQUENCE.Practice_Instruction	LOADING RESOURCE SURFACE FROM DISK
751902.026	Practice_Phase.SEQUENCE.Practice_Instruction	LOADING RESOURCE SURFACE FROM DISK
751903.581	Practice_Phase.SEQUENCE.Practice_Instruction	flip time is later than desired time. Desired Time=751880 Flip Time=751913 Retrace Rate=16.641, prepareTime=47 flip request time 751903
759961.237	Practice_Phase.SEQUENCE.Practice_Instruction	LOADING RESOURCE SURFACE FROM DISK
759979.47	Practice_Phase.SEQUENCE.Practice_Instruction	LOADING RESOURCE SURFACE FROM DISK
759980.995	Practice_Phase.SEQUENCE.Practice_Instruction	flip time is later than desired time. Desired Time=759980 Flip Time=759996 Retrace Rate=16.641, prepareTime=25 flip request time 759980
766156.666	DISPLAY_SCREEN[2]	LOADING RESOURCE SURFACE FROM DISK
892666.774	Study_Phase.SEQUENCE.Study_Instruction	LOADING RESOURCE SURFACE FROM DISK
900936.856	Study_Phase.SEQUENCE.Study_Instruction	LOADING RESOURCE SURFACE FROM DISK
900970.648	Study_Phase.SEQUENCE.Study_Instruction	LOADING RESOURCE SURFACE FROM DISK
909286.708	Study_Phase.SEQUENCE.Study_Instruction	LOADING RESOURCE SURFACE FROM DISK
909309.859	Study_Phase.SEQUENCE.Study_Instruction	LOADING RESOURCE SURFACE FROM DISK
917621.052	Study_Phase.SEQUENCE.Study_Instruction	LOADING RESOURCE SURFACE FROM DISK
925925.235	Study_Phase.SEQUENCE.Study_Instruction	LOADING RESOURCE SURFACE FROM DISK
934236.063	Study_Phase.SEQUENCE.Study_Instruction	LOADING RESOURCE SURFACE FROM DISK
942503.239	Study_Phase.SEQUENCE.Study_Instruction	LOADING RESOURCE SURFACE FROM DISK
942549.468	Study_Phase.SEQUENCE.Study_Instruction	LOADING RESOURCE SURFACE FROM DISK
950819.897	Study_Phase.SEQUENCE.Study_Instruction	LOADING RESOURCE SURFACE FROM DISK
950822.529	Study_Phase.SEQUENCE.Study_Instruction	LOADING RESOURCE SURFACE FROM DISK
959141.967	Study_Phase.SEQUENCE.Study_Instruction	LOADING RESOURCE SURFACE FROM DISK
967418.336	Study_Phase.SEQUENCE.Study_Instruction	LOADING RESOURCE SURFACE FROM DISK
975686.655	Study_Phase.SEQUENCE.Study_Instruction	LOADING RESOURCE SURFACE FROM DISK
975724.771	Study_Phase.SEQUENCE.Study_Instruction	LOADING RESOURCE SURFACE FROM DISK
983999.832	Study_Phase.SEQUENCE.Study_Instruction	LOADING RESOURCE SURFACE FROM DISK
992284.887	Study_Phase.SEQUENCE.Study_Instruction	LOADING RESOURCE SURFACE FROM DISK
1000592.278	Study_Phase.SEQUENCE.Study_Instruction	LOADING RESOURCE SURFACE FROM DISK
1008869.948	Study_Phase.SEQUENCE.Study_Instruction	LOADING RESOURCE SURFACE FROM DISK
1008872.555	Study_Phase.SEQUENCE.Study_Instruction	LOADING RESOURCE SURFACE FROM DISK
1017133.184	Study_Phase.SEQUENCE.Study_Instruction	LOADING RESOURCE SURFACE FROM DISK
1025403.286	Study_Phase.SEQUENCE.Study_Instruction	LOADING RESOURCE SURFACE FROM DISK
1025438.52	Study_Phase.SEQUENCE.Study_Instruction	LOADING RESOURCE SURFACE FROM DISK
1033719.872	Study_Phase.SEQUENCE.Study_Instruction	LOADING RESOURCE SURFACE FROM DISK
1033758.859	Study_Phase.SEQUENCE.Study_Instruction	LOADING RESOURCE SURFACE FROM DISK
1042019.917	Study_Phase.SEQUENCE.Study_Instruction	LOADING RESOURCE SURFACE FROM DISK
1042078.269	Study_Phase.SEQUENCE.Study_Instruction	LOADING RESOURCE SURFACE FROM DISK
1050375.677	Study_Phase.SEQUENCE.Study_Instruction	LOADING RESOURCE SURFACE FROM DISK
1058649.763	Study_Phase.SEQUENCE.Study_Instruction	LOADING RESOURCE SURFACE FROM DISK
1066951.202	Study_Phase.SEQUENCE.Study_Instruction	LOADING RESOURCE SURFACE FROM DISK
1075259.485	Study_Phase.SEQUENCE.Study_Instruction	LOADING RESOURCE SURFACE FROM DISK
1083565.487	Study_Phase.SEQUENCE.Study_Instruction	LOADING RESOURCE SURFACE FROM DISK
1091870.846	Study_Phase.SEQUENCE.Study_Instruction	LOADING RESOURCE SURFACE FROM DISK
1100153.226	Study_Phase.SEQUENCE.Study_Instruction	LOADING RESOURCE SURFACE FROM DISK
1100197.919	Study_Phase.SEQUENCE.Study_Instruction	LOADING RESOURCE SURFACE FROM DISK
1108470.112	Study_Phase.SEQUENCE.Study_Instruction	LOADING RESOURCE SURFACE FROM DISK
1108511.97	Study_Phase.SEQUENCE.Study_Instruction	LOADING RESOURCE SURFACE FROM DISK
1116786.468	Study_Phase.SEQUENCE.Study_Instruction	LOADING RESOURCE SURFACE FROM DISK
1116830.543	Study_Phase.SEQUENCE.Study_Instruction	LOADING RESOURCE SURFACE FROM DISK
1125141.043	Study_Phase.SEQUENCE.Study_Instruction	LOADING RESOURCE SURFACE FROM DISK
1133416.521	Study_Phase.SEQUENCE.Study_Instruction	LOADING RESOURCE SURFACE FROM DISK
1141686.625	Study_Phase.SEQUENCE.Study_Instruction	LOADING RESOURCE SURFACE FROM DISK
1141689.056	Study_Phase.SEQUENCE.Study_Instruction	LOADING RESOURCE SURFACE FROM DISK
1149970.141	Study_Phase.SEQUENCE.Study_Instruction	LOADING RESOURCE SURFACE FROM DISK
1149988.536	Study_Phase.SEQUENCE.Study_Instruction	LOADING RESOURCE SURFACE FROM DISK
1158291.342	Study_Phase.SEQUENCE.Study_Instruction	LOADING RESOURCE SURFACE FROM DISK
1166569.89	Study_Phase.SEQUENCE.Study_Instruction	LOADING RESOURCE SURFACE FROM DISK
1166572.366	Study_Phase.SEQUENCE.Study_Instruction	LOADING RESOURCE SURFACE FROM DISK
1174851.187	Study_Phase.SEQUENCE.Study_Instruction	LOADING RESOURCE SURFACE FROM DISK
1183119.728	Study_Phase.SEQUENCE.Study_Instruction	LOADING RESOURCE SURFACE FROM DISK
1183155.844	Study_Phase.SEQUENCE.Study_Instruction	LOADING RESOURCE SURFACE FROM DISK
1191433.032	Study_Phase.SEQUENCE.Study_Instruction	LOADING RESOURCE SURFACE FROM DISK
1199703.282	Study_Phase.SEQUENCE.Study_Instruction	LOADING RESOURCE SURFACE FROM DISK
1199740.313	Study_Phase.SEQUENCE.Study_Instruction	LOADING RESOURCE SURFACE FROM DISK
1208040.451	Study_Phase.SEQUENCE.Study_Instruction	LOADING RESOURCE SURFACE FROM DISK
1216358.847	Study_Phase.SEQUENCE.Study_Instruction	LOADING RESOURCE SURFACE FROM DISK
1224620.054	Study_Phase.SEQUENCE.Study_Instruction	LOADING RESOURCE SURFACE FROM DISK
1224661.223	Study_Phase.SEQUENCE.Study_Instruction	LOADING RESOURCE SURFACE FROM DISK
1232934.199	Study_Phase.SEQUENCE.Study_Instruction	LOADING RESOURCE SURFACE FROM DISK
1241221.58	Study_Phase.SEQUENCE.Study_Instruction	LOADING RESOURCE SURFACE FROM DISK
1249503.438	Study_Phase.SEQUENCE.Study_Instruction	LOADING RESOURCE SURFACE FROM DISK
1249539.571	Study_Phase.SEQUENCE.Study_Instruction	LOADING RESOURCE SURFACE FROM DISK
1257854.733	Study_Phase.SEQUENCE.Study_Instruction	LOADING RESOURCE SURFACE FROM DISK
1266172.3	Study_Phase.SEQUENCE.Study_Instruction	LOADING RESOURCE SURFACE FROM DISK
1274470.562	Study_Phase.SEQUENCE.Study_Instruction	LOADING RESOURCE SURFACE FROM DISK
1282736.595	Study_Phase.SEQUENCE.Study_Instruction	LOADING RESOURCE SURFACE FROM DISK
1282739.256	Study_Phase.SEQUENCE.Study_Instruction	LOADING RESOURCE SURFACE FROM DISK
1291016.466	Study_Phase.SEQUENCE.Study_Instruction	LOADING RESOURCE SURFACE FROM DISK
1299326.097	Study_Phase.SEQUENCE.Study_Instruction	LOADING RESOURCE SURFACE FROM DISK
1307634.334	Study_Phase.SEQUENCE.Study_Instruction	LOADING RESOURCE SURFACE FROM DISK
1315886.558	Study_Phase.SEQUENCE.Study_Instruction	LOADING RESOURCE SURFACE FROM DISK
1315930.675	Study_Phase.SEQUENCE.Study_Instruction	LOADING RESOURCE SURFACE FROM DISK
1324236.795	Study_Phase.SEQUENCE.Study_Instruction	LOADING RESOURCE SURFACE FROM DISK
1332536.46	Study_Phase.SEQUENCE.Study_Instruction	LOADING RESOURCE SURFACE FROM DISK
1340801.086	Study_Phase.SEQUENCE.Study_Instruction	LOADING RESOURCE SURFACE FROM DISK
1349100.625	Study_Phase.SEQUENCE.Study_Instruction	LOADING RESOURCE SURFACE FROM DISK
1357369.941	Study_Phase.SEQUENCE.Study_Instruction	LOADING RESOURCE SURFACE FROM DISK
1357372.524	Study_Phase.SEQUENCE.Study_Instruction	LOADING RESOURCE SURFACE FROM DISK
1365690.764	Study_Phase.SEQUENCE.Study_Instruction	LOADING RESOURCE SURFACE FROM DISK
1373969.997	Study_Phase.SEQUENCE.Study_Instruction	LOADING RESOURCE SURFACE FROM DISK
1373972.611	Study_Phase.SEQUENCE.Study_Instruction	LOADING RESOURCE SURFACE FROM DISK
1382320.334	Study_Phase.SEQUENCE.Study_Instruction	LOADING RESOURCE SURFACE FROM DISK
1390586.572	Study_Phase.SEQUENCE.Study_Instruction	LOADING RESOURCE SURFACE FROM DISK
1390626.393	Study_Phase.SEQUENCE.Study_Instruction	LOADING RESOURCE SURFACE FROM DISK
1398932.395	Study_Phase.SEQUENCE.Study_Instruction	LOADING RESOURCE SURFACE FROM DISK
1407243.271	Study_Phase.SEQUENCE.Study_Instruction	LOADING RESOURCE SURFACE FROM DISK
1415520.107	Study_Phase.SEQUENCE.Study_Instruction	LOADING RESOURCE SURFACE FROM DISK
1415522.609	Study_Phase.SEQUENCE.Study_Instruction	LOADING RESOURCE SURFACE FROM DISK
1423837.989	Study_Phase.SEQUENCE.Study_Instruction	LOADING RESOURCE SURFACE FROM DISK
1432119.791	Study_Phase.SEQUENCE.Study_Instruction	LOADING RESOURCE SURFACE FROM DISK
1432155.751	Study_Phase.SEQUENCE.Study_Instruction	LOADING RESOURCE SURFACE FROM DISK
1440434.431	Study_Phase.SEQUENCE.Study_Instruction	LOADING RESOURCE SURFACE FROM DISK
1448703.331	Study_Phase.SEQUENCE.Study_Instruction	LOADING RESOURCE SURFACE FROM DISK
1448719.972	Study_Phase.SEQUENCE.Study_Instruction	LOADING RESOURCE SURFACE FROM DISK
1457026.487	Study_Phase.SEQUENCE.Study_Instruction	LOADING RESOURCE SURFACE FROM DISK
1465303.41	Study_Phase.SEQUENCE.Study_Instruction	LOADING RESOURCE SURFACE FROM DISK
1465339.331	Study_Phase.SEQUENCE.Study_Instruction	LOADING RESOURCE SURFACE FROM DISK
1473619.869	Study_Phase.SEQUENCE.Study_Instruction	LOADING RESOURCE SURFACE FROM DISK
1473657.888	Study_Phase.SEQUENCE.Study_Instruction	LOADING RESOURCE SURFACE FROM DISK
1481919.972	Study_Phase.SEQUENCE.Study_Instruction	LOADING RESOURCE SURFACE FROM DISK
1481957.372	Study_Phase.SEQUENCE.Study_Instruction	LOADING RESOURCE SURFACE FROM DISK
1490234.321	Study_Phase.SEQUENCE.Study_Instruction	LOADING RESOURCE SURFACE FROM DISK
1498517.891	Study_Phase.SEQUENCE.Study_Instruction	LOADING RESOURCE SURFACE FROM DISK
1506769.982	Study_Phase.SEQUENCE.Study_Instruction	LOADING RESOURCE SURFACE FROM DISK
1506813.423	Study_Phase.SEQUENCE.Study_Instruction	LOADING RESOURCE SURFACE FROM DISK
1515086.634	Study_Phase.SEQUENCE.Study_Instruction	LOADING RESOURCE SURFACE FROM DISK
1515131.172	Study_Phase.SEQUENCE.Study_Instruction	LOADING RESOURCE SURFACE FROM DISK
1523403.25	Study_Phase.SEQUENCE.Study_Instruction	LOADING RESOURCE SURFACE FROM DISK
1523446.008	Study_Phase.SEQUENCE.Study_Instruction	LOADING RESOURCE SURFACE FROM DISK
1531748.338	Study_Phase.SEQUENCE.Study_Instruction	LOADING RESOURCE SURFACE FROM DISK
1540003.506	Study_Phase.SEQUENCE.Study_Instruction	LOADING RESOURCE SURFACE FROM DISK
1540044.752	Study_Phase.SEQUENCE.Study_Instruction	LOADING RESOURCE SURFACE FROM DISK
1548354.995	Study_Phase.SEQUENCE.Study_Instruction	LOADING RESOURCE SURFACE FROM DISK
1556672.248	Study_Phase.SEQUENCE.Study_Instruction	LOADING RESOURCE SURFACE FROM DISK
1564983.671	Study_Phase.SEQUENCE.Study_Instruction	LOADING RESOURCE SURFACE FROM DISK
1573288.803	Study_Phase.SEQUENCE.Study_Instruction	LOADING RESOURCE SURFACE FROM DISK
1581569.723	Study_Phase.SEQUENCE.Study_Instruction	LOADING RESOURCE SURFACE FROM DISK
1581589.478	Study_Phase.SEQUENCE.Study_Instruction	LOADING RESOURCE SURFACE FROM DISK
1589901.267	Study_Phase.SEQUENCE.Study_Instruction	LOADING RESOURCE SURFACE FROM DISK
1598205.377	Study_Phase.SEQUENCE.Study_Instruction	LOADING RESOURCE SURFACE FROM DISK
1606486.531	Study_Phase.SEQUENCE.Study_Instruction	LOADING RESOURCE SURFACE FROM DISK
1606526.83	Study_Phase.SEQUENCE.Study_Instruction	LOADING RESOURCE SURFACE FROM DISK
1614800.888	Study_Phase.SEQUENCE.Study_Instruction	LOADING RESOURCE SURFACE FROM DISK
1623081.269	Study_Phase.SEQUENCE.Study_Instruction	LOADING RESOURCE SURFACE FROM DISK
1631393.006	Study_Phase.SEQUENCE.Study_Instruction	LOADING RESOURCE SURFACE FROM DISK
1639669.865	Study_Phase.SEQUENCE.Study_Instruction	LOADING RESOURCE SURFACE FROM DISK
1639707.317	Study_Phase.SEQUENCE.Study_Instruction	LOADING RESOURCE SURFACE FROM DISK
1648020.825	Study_Phase.SEQUENCE.Study_Instruction	LOADING RESOURCE SURFACE FROM DISK
1656322.795	Study_Phase.SEQUENCE.Study_Instruction	LOADING RESOURCE SURFACE FROM DISK
1664603.235	Study_Phase.SEQUENCE.Study_Instruction	LOADING RESOURCE SURFACE FROM DISK
1664641.813	Study_Phase.SEQUENCE.Study_Instruction	LOADING RESOURCE SURFACE FROM DISK
1672919.778	Study_Phase.SEQUENCE.Study_Instruction	LOADING RESOURCE SURFACE FROM DISK
1672922.357	Study_Phase.SEQUENCE.Study_Instruction	LOADING RESOURCE SURFACE FROM DISK
1681234.562	Study_Phase.SEQUENCE.Study_Instruction	LOADING RESOURCE SURFACE FROM DISK
1689523.887	Study_Phase.SEQUENCE.Study_Instruction	LOADING RESOURCE SURFACE FROM DISK
1697836.604	Study_Phase.SEQUENCE.Study_Instruction	LOADING RESOURCE SURFACE FROM DISK
1706103.32	Study_Phase.SEQUENCE.Study_Instruction	LOADING RESOURCE SURFACE FROM DISK
1706147.1	Study_Phase.SEQUENCE.Study_Instruction	LOADING RESOURCE SURFACE FROM DISK
1714419.975	Study_Phase.SEQUENCE.Study_Instruction	LOADING RESOURCE SURFACE FROM DISK
1714422.525	Study_Phase.SEQUENCE.Study_Instruction	LOADING RESOURCE SURFACE FROM DISK
1722744.567	Study_Phase.SEQUENCE.Study_Instruction	LOADING RESOURCE SURFACE FROM DISK
1731003.369	Study_Phase.SEQUENCE.Study_Instruction	LOADING RESOURCE SURFACE FROM DISK
1731016.484	Study_Phase.SEQUENCE.Study_Instruction	LOADING RESOURCE SURFACE FROM DISK
1739304.701	Study_Phase.SEQUENCE.Study_Instruction	LOADING RESOURCE SURFACE FROM DISK
1747624.739	Study_Phase.SEQUENCE.Study_Instruction	LOADING RESOURCE SURFACE FROM DISK
1755903.39	Study_Phase.SEQUENCE.Study_Instruction	LOADING RESOURCE SURFACE FROM DISK
1755942.483	Study_Phase.SEQUENCE.Study_Instruction	LOADING RESOURCE SURFACE FROM DISK
1764220.15	Study_Phase.SEQUENCE.Study_Instruction	LOADING RESOURCE SURFACE FROM DISK
1764255.305	Study_Phase.SEQUENCE.Study_Instruction	LOADING RESOURCE SURFACE FROM DISK
1772555.912	Study_Phase.SEQUENCE.Study_Instruction	LOADING RESOURCE SURFACE FROM DISK
1780836.419	Study_Phase.SEQUENCE.Study_Instruction	LOADING RESOURCE SURFACE FROM DISK
1780882.756	Study_Phase.SEQUENCE.Study_Instruction	LOADING RESOURCE SURFACE FROM DISK
1789149.955	Study_Phase.SEQUENCE.Study_Instruction	LOADING RESOURCE SURFACE FROM DISK
1797417.641	Study_Phase.SEQUENCE.Study_Instruction	LOADING RESOURCE SURFACE FROM DISK
1805683.213	Study_Phase.SEQUENCE.Study_Instruction	LOADING RESOURCE SURFACE FROM DISK
1813936.644	Study_Phase.SEQUENCE.Study_Instruction	LOADING RESOURCE SURFACE FROM DISK
1813976.501	Study_Phase.SEQUENCE.Study_Instruction	LOADING RESOURCE SURFACE FROM DISK
1822253.359	Study_Phase.SEQUENCE.Study_Instruction	LOADING RESOURCE SURFACE FROM DISK
1822326.912	Study_Phase.SEQUENCE.Study_Instruction	LOADING RESOURCE SURFACE FROM DISK
1830642.636	Study_Phase.SEQUENCE.Study_Instruction	LOADING RESOURCE SURFACE FROM DISK
1838916.458	Study_Phase.SEQUENCE.Study_Instruction	LOADING RESOURCE SURFACE FROM DISK
1847218.841	Study_Phase.SEQUENCE.Study_Instruction	LOADING RESOURCE SURFACE FROM DISK
1855554.828	Study_Phase.SEQUENCE.Study_Instruction	LOADING RESOURCE SURFACE FROM DISK
1863858.965	Study_Phase.SEQUENCE.Study_Instruction	LOADING RESOURCE SURFACE FROM DISK
1872169.074	Study_Phase.SEQUENCE.Study_Instruction	LOADING RESOURCE SURFACE FROM DISK
1880472.94	Study_Phase.SEQUENCE.Study_Instruction	LOADING RESOURCE SURFACE FROM DISK
1886714.83	DISPLAY_SCREEN[7]	LOADING RESOURCE SURFACE FROM DISK
2023770.908	Test_Phase.SEQUENCE.Target_Cue	LOADING RESOURCE SURFACE FROM DISK
2023781.942	Test_Phase.SEQUENCE.Target_Cue	LOADING RESOURCE SURFACE FROM DISK
2025799.977	Test_Phase.SEQUENCE.Word	LOADING RESOURCE SURFACE FROM DISK
2028850.9	Test_Phase.SEQUENCE.Test_Question	LOADING RESOURCE SURFACE FROM DISK
2028867.97	Test_Phase.SEQUENCE.Test_Question	LOADING RESOURCE SURFACE FROM DISK
2028873.048	Test_Phase.SEQUENCE.Test_Question	LOADING RESOURCE SURFACE FROM DISK
2028878.214	Test_Phase.SEQUENCE.Test_Question	LOADING RESOURCE SURFACE FROM DISK
2028880.088	Test_Phase.SEQUENCE.Test_Question	LOADING RESOURCE SURFACE FROM DISK
2028882.089	Test_Phase.SEQUENCE.Test_Question	LOADING RESOURCE SURFACE FROM DISK
2028883.925	Test_Phase.SEQUENCE.Test_Question	LOADING RESOURCE SURFACE FROM DISK
2028900.99	Test_Phase.SEQUENCE.Test_Question	LOADING RESOURCE SURFACE FROM DISK
2028915.287	Test_Phase.SEQUENCE.Test_Question	LOADING RESOURCE SURFACE FROM DISK
2028917.001	Test_Phase.SEQUENCE.Test_Question	LOADING RESOURCE SURFACE FROM DISK
2028918.714	Test_Phase.SEQUENCE.Test_Question	LOADING RESOURCE SURFACE FROM DISK
2028920.46	Test_Phase.SEQUENCE.Test_Question	LOADING RESOURCE SURFACE FROM DISK
2035466.471	Test_Phase.SEQUENCE.Word	LOADING RESOURCE SURFACE FROM DISK
2050083.068	Test_Phase.SEQUENCE.Word	LOADING RESOURCE SURFACE FROM DISK
2057832.974	Test_Phase.SEQUENCE.Word	LOADING RESOURCE SURFACE FROM DISK
2065968.888	Test_Phase.SEQUENCE.Word	LOADING RESOURCE SURFACE FROM DISK
2074699.576	Test_Phase.SEQUENCE.Word	LOADING RESOURCE SURFACE FROM DISK
2083549.716	Test_Phase.SEQUENCE.Word	LOADING RESOURCE SURFACE FROM DISK
2094132.883	Test_Phase.SEQUENCE.Word	LOADING RESOURCE SURFACE FROM DISK
2103166.197	Test_Phase.SEQUENCE.Word	LOADING RESOURCE SURFACE FROM DISK
2111066.612	Test_Phase.SEQUENCE.Word	LOADING RESOURCE SURFACE FROM DISK
2119649.622	Test_Phase.SEQUENCE.Word	LOADING RESOURCE SURFACE FROM DISK
2129011.068	Test_Phase.SEQUENCE.Word	LOADING RESOURCE SURFACE FROM DISK
2136483.284	Test_Phase.SEQUENCE.Word	LOADING RESOURCE SURFACE FROM DISK
2145466.329	Test_Phase.SEQUENCE.Word	LOADING RESOURCE SURFACE FROM DISK
2152748.666	Test_Phase.SEQUENCE.Word	LOADING RESOURCE SURFACE FROM DISK
2160502.232	Test_Phase.SEQUENCE.Word	LOADING RESOURCE SURFACE FROM DISK
2171576.323	Test_Phase.SEQUENCE.Word	LOADING RESOURCE SURFACE FROM DISK
2179399.845	Test_Phase.SEQUENCE.Word	LOADING RESOURCE SURFACE FROM DISK
2189049.589	Test_Phase.SEQUENCE.Word	LOADING RESOURCE SURFACE FROM DISK
2196370.261	Test_Phase.SEQUENCE.Word	LOADING RESOURCE SURFACE FROM DISK
2204416.285	Test_Phase.SEQUENCE.Word	LOADING RESOURCE SURFACE FROM DISK
2212382.971	Test_Phase.SEQUENCE.Word	LOADING RESOURCE SURFACE FROM DISK
2219616.394	Test_Phase.SEQUENCE.Word	LOADING RESOURCE SURFACE FROM DISK
2226816.332	Test_Phase.SEQUENCE.Word	LOADING RESOURCE SURFACE FROM DISK
2234575.16	Test_Phase.SEQUENCE.Word	LOADING RESOURCE SURFACE FROM DISK
2242509.823	Test_Phase.SEQUENCE.Word	LOADING RESOURCE SURFACE FROM DISK
2249816.516	Test_Phase.SEQUENCE.Word	LOADING RESOURCE SURFACE FROM DISK
2256899.459	Test_Phase.SEQUENCE.Word	LOADING RESOURCE SURFACE FROM DISK
2264616.374	Test_Phase.SEQUENCE.Word	LOADING RESOURCE SURFACE FROM DISK
2275683.001	Test_Phase.SEQUENCE.Word	LOADING RESOURCE SURFACE FROM DISK
2282782.874	Test_Phase.SEQUENCE.Word	LOADING RESOURCE SURFACE FROM DISK
2290099.697	Test_Phase.SEQUENCE.Word	LOADING RESOURCE SURFACE FROM DISK
2301249.624	Test_Phase.SEQUENCE.Word	LOADING RESOURCE SURFACE FROM DISK
2309391.548	Test_Phase.SEQUENCE.Word	LOADING RESOURCE SURFACE FROM DISK
2317284.1	Test_Phase.SEQUENCE.Word	LOADING RESOURCE SURFACE FROM DISK
2324998.86	Test_Phase.SEQUENCE.Word	LOADING RESOURCE SURFACE FROM DISK
2333099.614	Test_Phase.SEQUENCE.Word	LOADING RESOURCE SURFACE FROM DISK
2342716.498	Test_Phase.SEQUENCE.Word	LOADING RESOURCE SURFACE FROM DISK
2350949.622	Test_Phase.SEQUENCE.Word	LOADING RESOURCE SURFACE FROM DISK
2359167.794	Test_Phase.SEQUENCE.Word	LOADING RESOURCE SURFACE FROM DISK
2367384.536	Test_Phase.SEQUENCE.Word	LOADING RESOURCE SURFACE FROM DISK
2375633.1	Test_Phase.SEQUENCE.Word	LOADING RESOURCE SURFACE FROM DISK
2384619.759	Test_Phase.SEQUENCE.Word	LOADING RESOURCE SURFACE FROM DISK
2392389.217	Test_Phase.SEQUENCE.Word	LOADING RESOURCE SURFACE FROM DISK
2402449.684	Test_Phase.SEQUENCE.Word	LOADING RESOURCE SURFACE FROM DISK
2410366.267	Test_Phase.SEQUENCE.Word	LOADING RESOURCE SURFACE FROM DISK
2418199.562	Test_Phase.SEQUENCE.Word	LOADING RESOURCE SURFACE FROM DISK
2430533.233	Test_Phase.SEQUENCE.Word	LOADING RESOURCE SURFACE FROM DISK
2438732.957	Test_Phase.SEQUENCE.Word	LOADING RESOURCE SURFACE FROM DISK
2446232.969	Test_Phase.SEQUENCE.Word	LOADING RESOURCE SURFACE FROM DISK
2453499.75	Test_Phase.SEQUENCE.Word	LOADING RESOURCE SURFACE FROM DISK
2460637.217	Test_Phase.SEQUENCE.Word	LOADING RESOURCE SURFACE FROM DISK
2470732.594	Test_Phase.SEQUENCE.Word	LOADING RESOURCE SURFACE FROM DISK
2479933.104	Test_Phase.SEQUENCE.Word	LOADING RESOURCE SURFACE FROM DISK
2490532.972	Test_Phase.SEQUENCE.Word	LOADING RESOURCE SURFACE FROM DISK
2498549.456	Test_Phase.SEQUENCE.Word	LOADING RESOURCE SURFACE FROM DISK
2506510.285	Test_Phase.SEQUENCE.Word	LOADING RESOURCE SURFACE FROM DISK
2514416.265	Test_Phase.SEQUENCE.Word	LOADING RESOURCE SURFACE FROM DISK
2522382.953	Test_Phase.SEQUENCE.Word	LOADING RESOURCE SURFACE FROM DISK
2530284.44	Test_Phase.SEQUENCE.Word	LOADING RESOURCE SURFACE FROM DISK
2538037.292	Test_Phase.SEQUENCE.Word	LOADING RESOURCE SURFACE FROM DISK
2546049.55	Test_Phase.SEQUENCE.Word	LOADING RESOURCE SURFACE FROM DISK
2554549.645	Test_Phase.SEQUENCE.Word	LOADING RESOURCE SURFACE FROM DISK
2562799.581	Test_Phase.SEQUENCE.Word	LOADING RESOURCE SURFACE FROM DISK
2570683.053	Test_Phase.SEQUENCE.Word	LOADING RESOURCE SURFACE FROM DISK
2578532.94	Test_Phase.SEQUENCE.Word	LOADING RESOURCE SURFACE FROM DISK
2586549.576	Test_Phase.SEQUENCE.Word	LOADING RESOURCE SURFACE FROM DISK
2593974.247	Test_Phase.SEQUENCE.Word	LOADING RESOURCE SURFACE FROM DISK
2602049.58	Test_Phase.SEQUENCE.Word	LOADING RESOURCE SURFACE FROM DISK
2609316.226	Test_Phase.SEQUENCE.Word	LOADING RESOURCE SURFACE FROM DISK
2616785.599	Test_Phase.SEQUENCE.Word	LOADING RESOURCE SURFACE FROM DISK
2624066.244	Test_Phase.SEQUENCE.Word	LOADING RESOURCE SURFACE FROM DISK
2632099.75	Test_Phase.SEQUENCE.Word	LOADING RESOURCE SURFACE FROM DISK
2639783.285	Test_Phase.SEQUENCE.Word	LOADING RESOURCE SURFACE FROM DISK
2647666.614	Test_Phase.SEQUENCE.Word	LOADING RESOURCE SURFACE FROM DISK
2655406.586	Test_Phase.SEQUENCE.Word	LOADING RESOURCE SURFACE FROM DISK
2663099.73	Test_Phase.SEQUENCE.Word	LOADING RESOURCE SURFACE FROM DISK
2672366.453	Test_Phase.SEQUENCE.Word	LOADING RESOURCE SURFACE FROM DISK
2680799.549	Test_Phase.SEQUENCE.Word	LOADING RESOURCE SURFACE FROM DISK
2688909.461	Test_Phase.SEQUENCE.Word	LOADING RESOURCE SURFACE FROM DISK
2696702.886	Test_Phase.SEQUENCE.Word	LOADING RESOURCE SURFACE FROM DISK
2704800.983	Test_Phase.SEQUENCE.Word	LOADING RESOURCE SURFACE FROM DISK
2712802.201	Test_Phase.SEQUENCE.Word	LOADING RESOURCE SURFACE FROM DISK
2720616.572	Test_Phase.SEQUENCE.Word	LOADING RESOURCE SURFACE FROM DISK
2727983.125	Test_Phase.SEQUENCE.Word	LOADING RESOURCE SURFACE FROM DISK
2735116.569	Test_Phase.SEQUENCE.Word	LOADING RESOURCE SURFACE FROM DISK
2742699.561	Test_Phase.SEQUENCE.Word	LOADING RESOURCE SURFACE FROM DISK
2751449.649	Test_Phase.SEQUENCE.Word	LOADING RESOURCE SURFACE FROM DISK
2759257.026	Test_Phase.SEQUENCE.Word	LOADING RESOURCE SURFACE FROM DISK
2770174.164	Test_Phase.SEQUENCE.Word	LOADING RESOURCE SURFACE FROM DISK
2778249.558	Test_Phase.SEQUENCE.Word	LOADING RESOURCE SURFACE FROM DISK
2789249.476	Test_Phase.SEQUENCE.Word	LOADING RESOURCE SURFACE FROM DISK
2797649.779	Test_Phase.SEQUENCE.Word	LOADING RESOURCE SURFACE FROM DISK
2806023.763	Test_Phase.SEQUENCE.Word	LOADING RESOURCE SURFACE FROM DISK
2813933.06	Test_Phase.SEQUENCE.Word	LOADING RESOURCE SURFACE FROM DISK
2824266.23	Test_Phase.SEQUENCE.Word	LOADING RESOURCE SURFACE FROM DISK
2832244.433	Test_Phase.SEQUENCE.Word	LOADING RESOURCE SURFACE FROM DISK
2839933.062	Test_Phase.SEQUENCE.Word	LOADING RESOURCE SURFACE FROM DISK
2847633.147	Test_Phase.SEQUENCE.Word	LOADING RESOURCE SURFACE FROM DISK
2855466.582	Test_Phase.SEQUENCE.Word	LOADING RESOURCE SURFACE FROM DISK
2863281.931	Test_Phase.SEQUENCE.Word	LOADING RESOURCE SURFACE FROM DISK
2872283.055	Test_Phase.SEQUENCE.Word	LOADING RESOURCE SURFACE FROM DISK
2882666.27	Test_Phase.SEQUENCE.Word	LOADING RESOURCE SURFACE FROM DISK
2893066.258	Test_Phase.SEQUENCE.Word	LOADING RESOURCE SURFACE FROM DISK
2900990.73	Test_Phase.SEQUENCE.Word	LOADING RESOURCE SURFACE FROM DISK
2908666.358	Test_Phase.SEQUENCE.Word	LOADING RESOURCE SURFACE FROM DISK
2924491.496	Test_Phase.SEQUENCE.Word	LOADING RESOURCE SURFACE FROM DISK
2932332.972	Test_Phase.SEQUENCE.Word	LOADING RESOURCE SURFACE FROM DISK
2940649.667	Test_Phase.SEQUENCE.Word	LOADING RESOURCE SURFACE FROM DISK
2949097.394	Test_Phase.SEQUENCE.Word	LOADING RESOURCE SURFACE FROM DISK
2957216.282	Test_Phase.SEQUENCE.Word	LOADING RESOURCE SURFACE FROM DISK
2965383.22	Test_Phase.SEQUENCE.Word	LOADING RESOURCE SURFACE FROM DISK
2973599.681	Test_Phase.SEQUENCE.Word	LOADING RESOURCE SURFACE FROM DISK
2981383.194	Test_Phase.SEQUENCE.Word	LOADING RESOURCE SURFACE FROM DISK
2989533.083	Test_Phase.SEQUENCE.Word	LOADING RESOURCE SURFACE FROM DISK
2998370.414	Test_Phase.SEQUENCE.Word	LOADING RESOURCE SURFACE FROM DISK
3006136.552	Test_Phase.SEQUENCE.Word	LOADING RESOURCE SURFACE FROM DISK
3013755.74	Test_Phase.SEQUENCE.Word	LOADING RESOURCE SURFACE FROM DISK
3020949.586	Test_Phase.SEQUENCE.Word	LOADING RESOURCE SURFACE FROM DISK
3028928.865	Test_Phase.SEQUENCE.Word	LOADING RESOURCE SURFACE FROM DISK
3036522.26	Test_Phase.SEQUENCE.Word	LOADING RESOURCE SURFACE FROM DISK
3045666.168	Test_Phase.SEQUENCE.Word	LOADING RESOURCE SURFACE FROM DISK
3053552.646	Test_Phase.SEQUENCE.Word	LOADING RESOURCE SURFACE FROM DISK
3061374.883	Test_Phase.SEQUENCE.Word	LOADING RESOURCE SURFACE FROM DISK
3069382.453	Test_Phase.SEQUENCE.Word	LOADING RESOURCE SURFACE FROM DISK
3076516.179	Test_Phase.SEQUENCE.Word	LOADING RESOURCE SURFACE FROM DISK
3083566.098	Test_Phase.SEQUENCE.Word	LOADING RESOURCE SURFACE FROM DISK
3091132.988	Test_Phase.SEQUENCE.Word	LOADING RESOURCE SURFACE FROM DISK
3099166.148	Test_Phase.SEQUENCE.Word	LOADING RESOURCE SURFACE FROM DISK
3108016.236	Test_Phase.SEQUENCE.Word	LOADING RESOURCE SURFACE FROM DISK
3115649.557	Test_Phase.SEQUENCE.Word	LOADING RESOURCE SURFACE FROM DISK
3124805.708	Test_Phase.SEQUENCE.Word	LOADING RESOURCE SURFACE FROM DISK
3132359.102	Test_Phase.SEQUENCE.Word	LOADING RESOURCE SURFACE FROM DISK
3140133.04	Test_Phase.SEQUENCE.Word	LOADING RESOURCE SURFACE FROM DISK
3148625.319	Test_Phase.SEQUENCE.Word	LOADING RESOURCE SURFACE FROM DISK
3156866.323	Test_Phase.SEQUENCE.Word	LOADING RESOURCE SURFACE FROM DISK
3164589.952	Test_Phase.SEQUENCE.Word	LOADING RESOURCE SURFACE FROM DISK
3172349.028	Test_Phase.SEQUENCE.Word	LOADING RESOURCE SURFACE FROM DISK
3179983.089	Test_Phase.SEQUENCE.Word	LOADING RESOURCE SURFACE FROM DISK
3188366.229	Test_Phase.SEQUENCE.Word	LOADING RESOURCE SURFACE FROM DISK
3196037.286	Test_Phase.SEQUENCE.Word	LOADING RESOURCE SURFACE FROM DISK
3203416.151	Test_Phase.SEQUENCE.Word	LOADING RESOURCE SURFACE FROM DISK
3212265.597	Test_Phase.SEQUENCE.Word	LOADING RESOURCE SURFACE FROM DISK
3220333.005	Test_Phase.SEQUENCE.Word	LOADING RESOURCE SURFACE FROM DISK
3228383.051	Test_Phase.SEQUENCE.Word	LOADING RESOURCE SURFACE FROM DISK
3237383.179	Test_Phase.SEQUENCE.Word	LOADING RESOURCE SURFACE FROM DISK
3245116.534	Test_Phase.SEQUENCE.Word	LOADING RESOURCE SURFACE FROM DISK
3252683.013	Test_Phase.SEQUENCE.Word	LOADING RESOURCE SURFACE FROM DISK
3261890.633	Test_Phase.SEQUENCE.Word	LOADING RESOURCE SURFACE FROM DISK
3270233.024	Test_Phase.SEQUENCE.Word	LOADING RESOURCE SURFACE FROM DISK
3278222.295	Test_Phase.SEQUENCE.Word	LOADING RESOURCE SURFACE FROM DISK
3286036.959	Test_Phase.SEQUENCE.Word	LOADING RESOURCE SURFACE FROM DISK
3294333.237	Test_Phase.SEQUENCE.Word	LOADING RESOURCE SURFACE FROM DISK
3302349.483	Test_Phase.SEQUENCE.Word	LOADING RESOURCE SURFACE FROM DISK
3311133.321	Test_Phase.SEQUENCE.Word	LOADING RESOURCE SURFACE FROM DISK
3318949.606	Test_Phase.SEQUENCE.Word	LOADING RESOURCE SURFACE FROM DISK
3326749.654	Test_Phase.SEQUENCE.Word	LOADING RESOURCE SURFACE FROM DISK
3334918.578	Test_Phase.SEQUENCE.Word	LOADING RESOURCE SURFACE FROM DISK
3344166.407	Test_Phase.SEQUENCE.Word	LOADING RESOURCE SURFACE FROM DISK
3352217.634	Test_Phase.SEQUENCE.Word	LOADING RESOURCE SURFACE FROM DISK
3360749.955	Test_Phase.SEQUENCE.Word	LOADING RESOURCE SURFACE FROM DISK
3369866.269	Test_Phase.SEQUENCE.Word	LOADING RESOURCE SURFACE FROM DISK
3380782.853	Test_Phase.SEQUENCE.Word	LOADING RESOURCE SURFACE FROM DISK
3390126.394	Test_Phase.SEQUENCE.Word	LOADING RESOURCE SURFACE FROM DISK
3398933.055	Test_Phase.SEQUENCE.Word	LOADING RESOURCE SURFACE FROM DISK
3406784.92	Test_Phase.SEQUENCE.Word	LOADING RESOURCE SURFACE FROM DISK
3414466.243	Test_Phase.SEQUENCE.Word	LOADING RESOURCE SURFACE FROM DISK
3422249.553	Test_Phase.SEQUENCE.Word	LOADING RESOURCE SURFACE FROM DISK
3430232.979	Test_Phase.SEQUENCE.Word	LOADING RESOURCE SURFACE FROM DISK
3438616.122	Test_Phase.SEQUENCE.Word	LOADING RESOURCE SURFACE FROM DISK
3447349.528	Test_Phase.SEQUENCE.Word	LOADING RESOURCE SURFACE FROM DISK
3456992.547	Test_Phase.SEQUENCE.Word	LOADING RESOURCE SURFACE FROM DISK
3464049.885	Test_Phase.SEQUENCE.Word	LOADING RESOURCE SURFACE FROM DISK
3471233.035	Test_Phase.SEQUENCE.Word	LOADING RESOURCE SURFACE FROM DISK
3478316.209	Test_Phase.SEQUENCE.Word	LOADING RESOURCE SURFACE FROM DISK
3485701.69	Test_Phase.SEQUENCE.Word	LOADING RESOURCE SURFACE FROM DISK
3492966.306	Test_Phase.SEQUENCE.Word	LOADING RESOURCE SURFACE FROM DISK
3500856.617	Test_Phase.SEQUENCE.Word	LOADING RESOURCE SURFACE FROM DISK
3509233.336	Test_Phase.SEQUENCE.Word	LOADING RESOURCE SURFACE FROM DISK
3516434.245	Test_Phase.SEQUENCE.Word	LOADING RESOURCE SURFACE FROM DISK
3523449.502	Test_Phase.SEQUENCE.Word	LOADING RESOURCE SURFACE FROM DISK
3530556.398	Test_Phase.SEQUENCE.Word	LOADING RESOURCE SURFACE FROM DISK
3537666.795	Test_Phase.SEQUENCE.Word	LOADING RESOURCE SURFACE FROM DISK
3546233.071	Test_Phase.SEQUENCE.Word	LOADING RESOURCE SURFACE FROM DISK
3554383.015	Test_Phase.SEQUENCE.Word	LOADING RESOURCE SURFACE FROM DISK
3562999.592	Test_Phase.SEQUENCE.Word	LOADING RESOURCE SURFACE FROM DISK
3572683.087	Test_Phase.SEQUENCE.Word	LOADING RESOURCE SURFACE FROM DISK
3580599.635	Test_Phase.SEQUENCE.Word	LOADING RESOURCE SURFACE FROM DISK
3588309.705	Test_Phase.SEQUENCE.Word	LOADING RESOURCE SURFACE FROM DISK
3596116.559	Test_Phase.SEQUENCE.Word	LOADING RESOURCE SURFACE FROM DISK
3603266.274	Test_Phase.SEQUENCE.Word	LOADING RESOURCE SURFACE FROM DISK
3612483.049	Test_Phase.SEQUENCE.Word	LOADING RESOURCE SURFACE FROM DISK
3620516.25	Test_Phase.SEQUENCE.Word	LOADING RESOURCE SURFACE FROM DISK
3628282.992	Test_Phase.SEQUENCE.Word	LOADING RESOURCE SURFACE FROM DISK
3635966.294	Test_Phase.SEQUENCE.Word	LOADING RESOURCE SURFACE FROM DISK
3643872.476	Test_Phase.SEQUENCE.Word	LOADING RESOURCE SURFACE FROM DISK
3651716.137	Test_Phase.SEQUENCE.Word	LOADING RESOURCE SURFACE FROM DISK
3659766.262	Test_Phase.SEQUENCE.Word	LOADING RESOURCE SURFACE FROM DISK
3668649.547	Test_Phase.SEQUENCE.Word	LOADING RESOURCE SURFACE FROM DISK
3674564.559	DISPLAY_SCREEN	LOADING RESOURCE SURFACE FROM DISK
