5289.643	DISPLAY_SCREEN[1]	LOADING RESOURCE SURFACE FROM DISK
5526961.484	Familiarization_Phase.SEQUENCE.Cue_and_Instruction	LOADING RESOURCE SURFACE FROM DISK
5526973.695	Familiarization_Phase.SEQUENCE.Cue_and_Instruction	LOADING RESOURCE SURFACE FROM DISK
5533048.584	Familiarization_Phase.SEQUENCE.Cue_and_Instruction	LOADING RESOURCE SURFACE FROM DISK
5533062.43	Familiarization_Phase.SEQUENCE.Cue_and_Instruction	LOADING RESOURCE SURFACE FROM DISK
5539133.586	Familiarization_Phase.SEQUENCE.Cue_and_Instruction	LOADING RESOURCE SURFACE FROM DISK
5539151.225	Familiarization_Phase.SEQUENCE.Cue_and_Instruction	LOADING RESOURCE SURFACE FROM DISK
5581560.469	DISPLAY_SCREEN[3]	LOADING RESOURCE SURFACE FROM DISK
5673038.259	DISPLAY_SCREEN[5]	LOADING RESOURCE SURFACE FROM DISK
5747271.434	Practice_Phase.SEQUENCE.Blink_Screen	LOADING RESOURCE SURFACE FROM DISK
5747272.393	Practice_Phase.SEQUENCE.Blink_Screen	flip time is later than desired time. Desired Time=5747277 Flip Time=5747294 Retrace Rate=16.641, prepareTime=19 flip request time 5747272
5748510.187	Practice_Phase.SEQUENCE.Practice_Luminance_Cue	LOADING RESOURCE SURFACE FROM DISK
5748526.272	Practice_Phase.SEQUENCE.Practice_Luminance_Cue	LOADING RESOURCE SURFACE FROM DISK
5748527.727	Practice_Phase.SEQUENCE.Practice_Luminance_Cue	flip time is later than desired time. Desired Time=5748494 Flip Time=5748544 Retrace Rate=16.641, prepareTime=57 flip request time 5748527
5749065.61	Practice_Phase.SEQUENCE.DISPLAY_SCREEN	LOADING RESOURCE SURFACE FROM DISK
5749067.419	Practice_Phase.SEQUENCE.DISPLAY_SCREEN	flip time is later than desired time. Desired Time=5749044 Flip Time=5749077 Retrace Rate=16.641, prepareTime=47 flip request time 5749067
5750596.76	Practice_Phase.SEQUENCE.Practice_Instruction	LOADING RESOURCE SURFACE FROM DISK
5750598.196	Practice_Phase.SEQUENCE.Practice_Instruction	flip time is later than desired time. Desired Time=5750577 Flip Time=5750610 Retrace Rate=16.641, prepareTime=45 flip request time 5750598
5757165.321	Practice_Phase.SEQUENCE.DISPLAY_SCREEN	LOADING RESOURCE SURFACE FROM DISK
5758676.681	Practice_Phase.SEQUENCE.Practice_Instruction	LOADING RESOURCE SURFACE FROM DISK
5758678.023	Practice_Phase.SEQUENCE.Practice_Instruction	flip time is later than desired time. Desired Time=5758677 Flip Time=5758694 Retrace Rate=16.641, prepareTime=24 flip request time 5758677
5765275.904	Practice_Phase.SEQUENCE.DISPLAY_SCREEN	LOADING RESOURCE SURFACE FROM DISK
5765277.674	Practice_Phase.SEQUENCE.DISPLAY_SCREEN	flip time is later than desired time. Desired Time=5765260 Flip Time=5765294 Retrace Rate=16.641, prepareTime=41 flip request time 5765277
5766772.289	Practice_Phase.SEQUENCE.Practice_Instruction	LOADING RESOURCE SURFACE FROM DISK
5773342.092	Practice_Phase.SEQUENCE.DISPLAY_SCREEN	LOADING RESOURCE SURFACE FROM DISK
5774871.761	Practice_Phase.SEQUENCE.Practice_Instruction	LOADING RESOURCE SURFACE FROM DISK
5774873.267	Practice_Phase.SEQUENCE.Practice_Instruction	flip time is later than desired time. Desired Time=5774860 Flip Time=5774894 Retrace Rate=16.641, prepareTime=36 flip request time 5774873
5781441.877	Practice_Phase.SEQUENCE.DISPLAY_SCREEN	LOADING RESOURCE SURFACE FROM DISK
5782981.394	Practice_Phase.SEQUENCE.Practice_Instruction	LOADING RESOURCE SURFACE FROM DISK
5782982.779	Practice_Phase.SEQUENCE.Practice_Instruction	flip time is later than desired time. Desired Time=5782960 Flip Time=5782994 Retrace Rate=16.641, prepareTime=46 flip request time 5782982
5789542.147	Practice_Phase.SEQUENCE.DISPLAY_SCREEN	LOADING RESOURCE SURFACE FROM DISK
5791088.61	Practice_Phase.SEQUENCE.Practice_Instruction	LOADING RESOURCE SURFACE FROM DISK
5791089.927	Practice_Phase.SEQUENCE.Practice_Instruction	flip time is later than desired time. Desired Time=5791060 Flip Time=5791110 Retrace Rate=16.641, prepareTime=53 flip request time 5791089
5797658.679	Practice_Phase.SEQUENCE.DISPLAY_SCREEN	LOADING RESOURCE SURFACE FROM DISK
5799193.143	Practice_Phase.SEQUENCE.Practice_Instruction	LOADING RESOURCE SURFACE FROM DISK
5799194.551	Practice_Phase.SEQUENCE.Practice_Instruction	flip time is later than desired time. Desired Time=5799177 Flip Time=5799210 Retrace Rate=16.641, prepareTime=41 flip request time 5799194
5805758.715	Practice_Phase.SEQUENCE.DISPLAY_SCREEN	LOADING RESOURCE SURFACE FROM DISK
5807297.617	Practice_Phase.SEQUENCE.Practice_Instruction	LOADING RESOURCE SURFACE FROM DISK
5807299.127	Practice_Phase.SEQUENCE.Practice_Instruction	flip time is later than desired time. Desired Time=5807277 Flip Time=5807310 Retrace Rate=16.641, prepareTime=45 flip request time 5807298
5813858.76	Practice_Phase.SEQUENCE.DISPLAY_SCREEN	LOADING RESOURCE SURFACE FROM DISK
5815355.87	Practice_Phase.SEQUENCE.Practice_Instruction	LOADING RESOURCE SURFACE FROM DISK
5820031.088	DISPLAY_SCREEN[2]	LOADING RESOURCE SURFACE FROM DISK
5983066.955	Study_Phase.SEQUENCE.DISPLAY_SCREEN	LOADING RESOURCE SURFACE FROM DISK
5984618.794	Study_Phase.SEQUENCE.Study_Instruction	LOADING RESOURCE SURFACE FROM DISK
5992940.311	Study_Phase.SEQUENCE.Study_Instruction	LOADING RESOURCE SURFACE FROM DISK
5999700.427	Study_Phase.SEQUENCE.DISPLAY_SCREEN	LOADING RESOURCE SURFACE FROM DISK
6001248.496	Study_Phase.SEQUENCE.Study_Instruction	LOADING RESOURCE SURFACE FROM DISK
6007983.686	Study_Phase.SEQUENCE.DISPLAY_SCREEN	LOADING RESOURCE SURFACE FROM DISK
6009541.277	Study_Phase.SEQUENCE.Study_Instruction	LOADING RESOURCE SURFACE FROM DISK
6016300.26	Study_Phase.SEQUENCE.DISPLAY_SCREEN	LOADING RESOURCE SURFACE FROM DISK
6017814.145	Study_Phase.SEQUENCE.Study_Instruction	LOADING RESOURCE SURFACE FROM DISK
6026114.346	Study_Phase.SEQUENCE.Study_Instruction	LOADING RESOURCE SURFACE FROM DISK
6034380.996	Study_Phase.SEQUENCE.Study_Instruction	LOADING RESOURCE SURFACE FROM DISK
6041133.534	Study_Phase.SEQUENCE.DISPLAY_SCREEN	LOADING RESOURCE SURFACE FROM DISK
6042686.212	Study_Phase.SEQUENCE.Study_Instruction	LOADING RESOURCE SURFACE FROM DISK
6049450.494	Study_Phase.SEQUENCE.DISPLAY_SCREEN	LOADING RESOURCE SURFACE FROM DISK
6051005.336	Study_Phase.SEQUENCE.Study_Instruction	LOADING RESOURCE SURFACE FROM DISK
6059313.028	Study_Phase.SEQUENCE.Study_Instruction	LOADING RESOURCE SURFACE FROM DISK
6066066.953	Study_Phase.SEQUENCE.DISPLAY_SCREEN	LOADING RESOURCE SURFACE FROM DISK
6067595.035	Study_Phase.SEQUENCE.Study_Instruction	LOADING RESOURCE SURFACE FROM DISK
6074350.397	Study_Phase.SEQUENCE.DISPLAY_SCREEN	LOADING RESOURCE SURFACE FROM DISK
6075905.43	Study_Phase.SEQUENCE.Study_Instruction	LOADING RESOURCE SURFACE FROM DISK
6082666.92	Study_Phase.SEQUENCE.DISPLAY_SCREEN	LOADING RESOURCE SURFACE FROM DISK
6084181.078	Study_Phase.SEQUENCE.Study_Instruction	LOADING RESOURCE SURFACE FROM DISK
6092482.164	Study_Phase.SEQUENCE.Study_Instruction	LOADING RESOURCE SURFACE FROM DISK
6100757.819	Study_Phase.SEQUENCE.Study_Instruction	LOADING RESOURCE SURFACE FROM DISK
6107517.172	Study_Phase.SEQUENCE.DISPLAY_SCREEN	LOADING RESOURCE SURFACE FROM DISK
6109072.154	Study_Phase.SEQUENCE.Study_Instruction	LOADING RESOURCE SURFACE FROM DISK
6115833.67	Study_Phase.SEQUENCE.DISPLAY_SCREEN	LOADING RESOURCE SURFACE FROM DISK
6117382.668	Study_Phase.SEQUENCE.Study_Instruction	LOADING RESOURCE SURFACE FROM DISK
6125681.358	Study_Phase.SEQUENCE.Study_Instruction	LOADING RESOURCE SURFACE FROM DISK
6133972.297	Study_Phase.SEQUENCE.Study_Instruction	LOADING RESOURCE SURFACE FROM DISK
6142282.491	Study_Phase.SEQUENCE.Study_Instruction	LOADING RESOURCE SURFACE FROM DISK
6149033.789	Study_Phase.SEQUENCE.DISPLAY_SCREEN	LOADING RESOURCE SURFACE FROM DISK
6150584.108	Study_Phase.SEQUENCE.Study_Instruction	LOADING RESOURCE SURFACE FROM DISK
6158868.429	Study_Phase.SEQUENCE.Study_Instruction	LOADING RESOURCE SURFACE FROM DISK
6165633.704	Study_Phase.SEQUENCE.DISPLAY_SCREEN	LOADING RESOURCE SURFACE FROM DISK
6167182.54	Study_Phase.SEQUENCE.Study_Instruction	LOADING RESOURCE SURFACE FROM DISK
6173933.495	Study_Phase.SEQUENCE.DISPLAY_SCREEN	LOADING RESOURCE SURFACE FROM DISK
6175447.58	Study_Phase.SEQUENCE.Study_Instruction	LOADING RESOURCE SURFACE FROM DISK
6182183.803	Study_Phase.SEQUENCE.DISPLAY_SCREEN	LOADING RESOURCE SURFACE FROM DISK
6183736.029	Study_Phase.SEQUENCE.Study_Instruction	LOADING RESOURCE SURFACE FROM DISK
6192056.921	Study_Phase.SEQUENCE.Study_Instruction	LOADING RESOURCE SURFACE FROM DISK
6198816.866	Study_Phase.SEQUENCE.DISPLAY_SCREEN	LOADING RESOURCE SURFACE FROM DISK
6200369.103	Study_Phase.SEQUENCE.Study_Instruction	LOADING RESOURCE SURFACE FROM DISK
6208680.445	Study_Phase.SEQUENCE.Study_Instruction	LOADING RESOURCE SURFACE FROM DISK
6216989.158	Study_Phase.SEQUENCE.Study_Instruction	LOADING RESOURCE SURFACE FROM DISK
6223750.28	Study_Phase.SEQUENCE.DISPLAY_SCREEN	LOADING RESOURCE SURFACE FROM DISK
6225394.912	Study_Phase.SEQUENCE.Study_Instruction	LOADING RESOURCE SURFACE FROM DISK
6232150.126	Study_Phase.SEQUENCE.DISPLAY_SCREEN	LOADING RESOURCE SURFACE FROM DISK
6233706.595	Study_Phase.SEQUENCE.Study_Instruction	LOADING RESOURCE SURFACE FROM DISK
6242020.137	Study_Phase.SEQUENCE.Study_Instruction	LOADING RESOURCE SURFACE FROM DISK
6248783.722	Study_Phase.SEQUENCE.DISPLAY_SCREEN	LOADING RESOURCE SURFACE FROM DISK
6250332.591	Study_Phase.SEQUENCE.Study_Instruction	LOADING RESOURCE SURFACE FROM DISK
6258634.674	Study_Phase.SEQUENCE.Study_Instruction	LOADING RESOURCE SURFACE FROM DISK
6265383.754	Study_Phase.SEQUENCE.DISPLAY_SCREEN	LOADING RESOURCE SURFACE FROM DISK
6266931.75	Study_Phase.SEQUENCE.Study_Instruction	LOADING RESOURCE SURFACE FROM DISK
6275197.469	Study_Phase.SEQUENCE.Study_Instruction	LOADING RESOURCE SURFACE FROM DISK
6281950.324	Study_Phase.SEQUENCE.DISPLAY_SCREEN	LOADING RESOURCE SURFACE FROM DISK
6283500.26	Study_Phase.SEQUENCE.Study_Instruction	LOADING RESOURCE SURFACE FROM DISK
6290250.333	Study_Phase.SEQUENCE.DISPLAY_SCREEN	LOADING RESOURCE SURFACE FROM DISK
6291797.89	Study_Phase.SEQUENCE.Study_Instruction	LOADING RESOURCE SURFACE FROM DISK
6300063.617	Study_Phase.SEQUENCE.Study_Instruction	LOADING RESOURCE SURFACE FROM DISK
6308338.663	Study_Phase.SEQUENCE.Study_Instruction	LOADING RESOURCE SURFACE FROM DISK
6315100.493	Study_Phase.SEQUENCE.DISPLAY_SCREEN	LOADING RESOURCE SURFACE FROM DISK
6316653.714	Study_Phase.SEQUENCE.Study_Instruction	LOADING RESOURCE SURFACE FROM DISK
6323416.9	Study_Phase.SEQUENCE.DISPLAY_SCREEN	LOADING RESOURCE SURFACE FROM DISK
6324965.589	Study_Phase.SEQUENCE.Study_Instruction	LOADING RESOURCE SURFACE FROM DISK
6333263.406	Study_Phase.SEQUENCE.Study_Instruction	LOADING RESOURCE SURFACE FROM DISK
6340017.094	Study_Phase.SEQUENCE.DISPLAY_SCREEN	LOADING RESOURCE SURFACE FROM DISK
6341573.511	Study_Phase.SEQUENCE.Study_Instruction	LOADING RESOURCE SURFACE FROM DISK
6349884.995	Study_Phase.SEQUENCE.Study_Instruction	LOADING RESOURCE SURFACE FROM DISK
6358204.387	Study_Phase.SEQUENCE.Study_Instruction	LOADING RESOURCE SURFACE FROM DISK
6364967.042	Study_Phase.SEQUENCE.DISPLAY_SCREEN	LOADING RESOURCE SURFACE FROM DISK
6366520.879	Study_Phase.SEQUENCE.Study_Instruction	LOADING RESOURCE SURFACE FROM DISK
6373283.444	Study_Phase.SEQUENCE.DISPLAY_SCREEN	LOADING RESOURCE SURFACE FROM DISK
6374830.545	Study_Phase.SEQUENCE.Study_Instruction	LOADING RESOURCE SURFACE FROM DISK
6383116.267	Study_Phase.SEQUENCE.Study_Instruction	LOADING RESOURCE SURFACE FROM DISK
6391420.716	Study_Phase.SEQUENCE.Study_Instruction	LOADING RESOURCE SURFACE FROM DISK
6399713.817	Study_Phase.SEQUENCE.Study_Instruction	LOADING RESOURCE SURFACE FROM DISK
6406450.33	Study_Phase.SEQUENCE.DISPLAY_SCREEN	LOADING RESOURCE SURFACE FROM DISK
6407964.447	Study_Phase.SEQUENCE.Study_Instruction	LOADING RESOURCE SURFACE FROM DISK
6416269.161	Study_Phase.SEQUENCE.Study_Instruction	LOADING RESOURCE SURFACE FROM DISK
6423033.415	Study_Phase.SEQUENCE.DISPLAY_SCREEN	LOADING RESOURCE SURFACE FROM DISK
6424587.755	Study_Phase.SEQUENCE.Study_Instruction	LOADING RESOURCE SURFACE FROM DISK
6432904.214	Study_Phase.SEQUENCE.Study_Instruction	LOADING RESOURCE SURFACE FROM DISK
6439667.064	Study_Phase.SEQUENCE.DISPLAY_SCREEN	LOADING RESOURCE SURFACE FROM DISK
6441215.781	Study_Phase.SEQUENCE.Study_Instruction	LOADING RESOURCE SURFACE FROM DISK
6449480.988	Study_Phase.SEQUENCE.Study_Instruction	LOADING RESOURCE SURFACE FROM DISK
6457739.209	Study_Phase.SEQUENCE.Study_Instruction	LOADING RESOURCE SURFACE FROM DISK
6464500.16	Study_Phase.SEQUENCE.DISPLAY_SCREEN	LOADING RESOURCE SURFACE FROM DISK
6466055.921	Study_Phase.SEQUENCE.Study_Instruction	LOADING RESOURCE SURFACE FROM DISK
6472817.069	Study_Phase.SEQUENCE.DISPLAY_SCREEN	LOADING RESOURCE SURFACE FROM DISK
6474369.62	Study_Phase.SEQUENCE.Study_Instruction	LOADING RESOURCE SURFACE FROM DISK
6482683.417	Study_Phase.SEQUENCE.Study_Instruction	LOADING RESOURCE SURFACE FROM DISK
6490981.046	Study_Phase.SEQUENCE.Study_Instruction	LOADING RESOURCE SURFACE FROM DISK
6497733.644	Study_Phase.SEQUENCE.DISPLAY_SCREEN	LOADING RESOURCE SURFACE FROM DISK
6499285.525	Study_Phase.SEQUENCE.Study_Instruction	LOADING RESOURCE SURFACE FROM DISK
6507601.998	Study_Phase.SEQUENCE.Study_Instruction	LOADING RESOURCE SURFACE FROM DISK
6514367.121	Study_Phase.SEQUENCE.DISPLAY_SCREEN	LOADING RESOURCE SURFACE FROM DISK
6515912.933	Study_Phase.SEQUENCE.Study_Instruction	LOADING RESOURCE SURFACE FROM DISK
6522666.735	Study_Phase.SEQUENCE.DISPLAY_SCREEN	LOADING RESOURCE SURFACE FROM DISK
6524220.259	Study_Phase.SEQUENCE.Study_Instruction	LOADING RESOURCE SURFACE FROM DISK
6530983.718	Study_Phase.SEQUENCE.DISPLAY_SCREEN	LOADING RESOURCE SURFACE FROM DISK
6532532.049	Study_Phase.SEQUENCE.Study_Instruction	LOADING RESOURCE SURFACE FROM DISK
6539283.648	Study_Phase.SEQUENCE.DISPLAY_SCREEN	LOADING RESOURCE SURFACE FROM DISK
6540840.596	Study_Phase.SEQUENCE.Study_Instruction	LOADING RESOURCE SURFACE FROM DISK
6549146.27	Study_Phase.SEQUENCE.Study_Instruction	LOADING RESOURCE SURFACE FROM DISK
6557456.494	Study_Phase.SEQUENCE.Study_Instruction	LOADING RESOURCE SURFACE FROM DISK
6565731.025	Study_Phase.SEQUENCE.Study_Instruction	LOADING RESOURCE SURFACE FROM DISK
6574033.159	Study_Phase.SEQUENCE.Study_Instruction	LOADING RESOURCE SURFACE FROM DISK
6582331.144	Study_Phase.SEQUENCE.Study_Instruction	LOADING RESOURCE SURFACE FROM DISK
6589083.701	Study_Phase.SEQUENCE.DISPLAY_SCREEN	LOADING RESOURCE SURFACE FROM DISK
6590635.279	Study_Phase.SEQUENCE.Study_Instruction	LOADING RESOURCE SURFACE FROM DISK
6598947.206	Study_Phase.SEQUENCE.Study_Instruction	LOADING RESOURCE SURFACE FROM DISK
6607243.252	Study_Phase.SEQUENCE.Study_Instruction	LOADING RESOURCE SURFACE FROM DISK
6614000.389	Study_Phase.SEQUENCE.DISPLAY_SCREEN	LOADING RESOURCE SURFACE FROM DISK
6615557.863	Study_Phase.SEQUENCE.Study_Instruction	LOADING RESOURCE SURFACE FROM DISK
6622283.483	Study_Phase.SEQUENCE.DISPLAY_SCREEN	LOADING RESOURCE SURFACE FROM DISK
6623830.41	Study_Phase.SEQUENCE.Study_Instruction	LOADING RESOURCE SURFACE FROM DISK
6630583.525	Study_Phase.SEQUENCE.DISPLAY_SCREEN	LOADING RESOURCE SURFACE FROM DISK
6632131.537	Study_Phase.SEQUENCE.Study_Instruction	LOADING RESOURCE SURFACE FROM DISK
6638883.586	Study_Phase.SEQUENCE.DISPLAY_SCREEN	LOADING RESOURCE SURFACE FROM DISK
6640431.11	Study_Phase.SEQUENCE.Study_Instruction	LOADING RESOURCE SURFACE FROM DISK
6648730.216	Study_Phase.SEQUENCE.Study_Instruction	LOADING RESOURCE SURFACE FROM DISK
6655483.674	Study_Phase.SEQUENCE.DISPLAY_SCREEN	LOADING RESOURCE SURFACE FROM DISK
6657037.318	Study_Phase.SEQUENCE.Study_Instruction	LOADING RESOURCE SURFACE FROM DISK
6663800.23	Study_Phase.SEQUENCE.DISPLAY_SCREEN	LOADING RESOURCE SURFACE FROM DISK
6665314.318	Study_Phase.SEQUENCE.Study_Instruction	LOADING RESOURCE SURFACE FROM DISK
6673619.938	Study_Phase.SEQUENCE.Study_Instruction	LOADING RESOURCE SURFACE FROM DISK
6681897.088	Study_Phase.SEQUENCE.Study_Instruction	LOADING RESOURCE SURFACE FROM DISK
6690204.906	Study_Phase.SEQUENCE.Study_Instruction	LOADING RESOURCE SURFACE FROM DISK
6698507.818	Study_Phase.SEQUENCE.Study_Instruction	LOADING RESOURCE SURFACE FROM DISK
6706818.391	Study_Phase.SEQUENCE.Study_Instruction	LOADING RESOURCE SURFACE FROM DISK
6713567.143	Study_Phase.SEQUENCE.DISPLAY_SCREEN	LOADING RESOURCE SURFACE FROM DISK
6715118.636	Study_Phase.SEQUENCE.Study_Instruction	LOADING RESOURCE SURFACE FROM DISK
6721883.662	Study_Phase.SEQUENCE.DISPLAY_SCREEN	LOADING RESOURCE SURFACE FROM DISK
6723438.652	Study_Phase.SEQUENCE.Study_Instruction	LOADING RESOURCE SURFACE FROM DISK
6731751.704	Study_Phase.SEQUENCE.Study_Instruction	LOADING RESOURCE SURFACE FROM DISK
6738516.937	Study_Phase.SEQUENCE.DISPLAY_SCREEN	LOADING RESOURCE SURFACE FROM DISK
6740063.534	Study_Phase.SEQUENCE.Study_Instruction	LOADING RESOURCE SURFACE FROM DISK
6748372.229	Study_Phase.SEQUENCE.Study_Instruction	LOADING RESOURCE SURFACE FROM DISK
6755133.801	Study_Phase.SEQUENCE.DISPLAY_SCREEN	LOADING RESOURCE SURFACE FROM DISK
6756684.737	Study_Phase.SEQUENCE.Study_Instruction	LOADING RESOURCE SURFACE FROM DISK
6763416.735	Study_Phase.SEQUENCE.DISPLAY_SCREEN	LOADING RESOURCE SURFACE FROM DISK
6764970.728	Study_Phase.SEQUENCE.Study_Instruction	LOADING RESOURCE SURFACE FROM DISK
6771733.624	Study_Phase.SEQUENCE.DISPLAY_SCREEN	LOADING RESOURCE SURFACE FROM DISK
6773288.027	Study_Phase.SEQUENCE.Study_Instruction	LOADING RESOURCE SURFACE FROM DISK
6781564.327	Study_Phase.SEQUENCE.Study_Instruction	LOADING RESOURCE SURFACE FROM DISK
6788317.013	Study_Phase.SEQUENCE.DISPLAY_SCREEN	LOADING RESOURCE SURFACE FROM DISK
6789893.581	Study_Phase.SEQUENCE.Study_Instruction	LOADING RESOURCE SURFACE FROM DISK
6798199.568	Study_Phase.SEQUENCE.Study_Instruction	LOADING RESOURCE SURFACE FROM DISK
6806463.675	Study_Phase.SEQUENCE.Study_Instruction	LOADING RESOURCE SURFACE FROM DISK
6814730.392	Study_Phase.SEQUENCE.Study_Instruction	LOADING RESOURCE SURFACE FROM DISK
6821483.511	Study_Phase.SEQUENCE.DISPLAY_SCREEN	LOADING RESOURCE SURFACE FROM DISK
6823038.996	Study_Phase.SEQUENCE.Study_Instruction	LOADING RESOURCE SURFACE FROM DISK
6829800.261	Study_Phase.SEQUENCE.DISPLAY_SCREEN	LOADING RESOURCE SURFACE FROM DISK
6831347.864	Study_Phase.SEQUENCE.Study_Instruction	LOADING RESOURCE SURFACE FROM DISK
6839641.556	Study_Phase.SEQUENCE.Study_Instruction	LOADING RESOURCE SURFACE FROM DISK
6846400.246	Study_Phase.SEQUENCE.DISPLAY_SCREEN	LOADING RESOURCE SURFACE FROM DISK
6847949.991	Study_Phase.SEQUENCE.Study_Instruction	LOADING RESOURCE SURFACE FROM DISK
6854717.097	Study_Phase.SEQUENCE.DISPLAY_SCREEN	LOADING RESOURCE SURFACE FROM DISK
6856290.229	Study_Phase.SEQUENCE.Study_Instruction	LOADING RESOURCE SURFACE FROM DISK
6864603.441	Study_Phase.SEQUENCE.Study_Instruction	LOADING RESOURCE SURFACE FROM DISK
6871366.952	Study_Phase.SEQUENCE.DISPLAY_SCREEN	LOADING RESOURCE SURFACE FROM DISK
6872881.093	Study_Phase.SEQUENCE.Study_Instruction	LOADING RESOURCE SURFACE FROM DISK
6879633.813	Study_Phase.SEQUENCE.DISPLAY_SCREEN	LOADING RESOURCE SURFACE FROM DISK
6881183.068	Study_Phase.SEQUENCE.Study_Instruction	LOADING RESOURCE SURFACE FROM DISK
6889487.842	Study_Phase.SEQUENCE.Study_Instruction	LOADING RESOURCE SURFACE FROM DISK
6896250.345	Study_Phase.SEQUENCE.DISPLAY_SCREEN	LOADING RESOURCE SURFACE FROM DISK
6897805.345	Study_Phase.SEQUENCE.Study_Instruction	LOADING RESOURCE SURFACE FROM DISK
6906123.254	Study_Phase.SEQUENCE.Study_Instruction	LOADING RESOURCE SURFACE FROM DISK
6912883.51	Study_Phase.SEQUENCE.DISPLAY_SCREEN	LOADING RESOURCE SURFACE FROM DISK
6914435.19	Study_Phase.SEQUENCE.Study_Instruction	LOADING RESOURCE SURFACE FROM DISK
6921183.557	Study_Phase.SEQUENCE.DISPLAY_SCREEN	LOADING RESOURCE SURFACE FROM DISK
6922737.004	Study_Phase.SEQUENCE.Study_Instruction	LOADING RESOURCE SURFACE FROM DISK
6929500.403	Study_Phase.SEQUENCE.DISPLAY_SCREEN	LOADING RESOURCE SURFACE FROM DISK
6931014.223	Study_Phase.SEQUENCE.Study_Instruction	LOADING RESOURCE SURFACE FROM DISK
6939319.85	Study_Phase.SEQUENCE.Study_Instruction	LOADING RESOURCE SURFACE FROM DISK
6947633.588	Study_Phase.SEQUENCE.Study_Instruction	LOADING RESOURCE SURFACE FROM DISK
6955935.465	Study_Phase.SEQUENCE.Study_Instruction	LOADING RESOURCE SURFACE FROM DISK
6964255.15	Study_Phase.SEQUENCE.Study_Instruction	LOADING RESOURCE SURFACE FROM DISK
6971016.81	Study_Phase.SEQUENCE.DISPLAY_SCREEN	LOADING RESOURCE SURFACE FROM DISK
6972570.757	Study_Phase.SEQUENCE.Study_Instruction	LOADING RESOURCE SURFACE FROM DISK
6977304.513	DISPLAY_SCREEN[7]	LOADING RESOURCE SURFACE FROM DISK
7186682.489	Test_Phase.SEQUENCE.Target_Cue	LOADING RESOURCE SURFACE FROM DISK
7186684.501	Test_Phase.SEQUENCE.Target_Cue	LOADING RESOURCE SURFACE FROM DISK
7188713.481	Test_Phase.SEQUENCE.Word	LOADING RESOURCE SURFACE FROM DISK
7191770.391	Test_Phase.SEQUENCE.Test_Question	LOADING RESOURCE SURFACE FROM DISK
7191794.289	Test_Phase.SEQUENCE.Test_Question	LOADING RESOURCE SURFACE FROM DISK
7191808.6	Test_Phase.SEQUENCE.Test_Question	LOADING RESOURCE SURFACE FROM DISK
7191819.655	Test_Phase.SEQUENCE.Test_Question	LOADING RESOURCE SURFACE FROM DISK
7191838.656	Test_Phase.SEQUENCE.Test_Question	LOADING RESOURCE SURFACE FROM DISK
7191840.522	Test_Phase.SEQUENCE.Test_Question	LOADING RESOURCE SURFACE FROM DISK
7191842.37	Test_Phase.SEQUENCE.Test_Question	LOADING RESOURCE SURFACE FROM DISK
7191853.24	Test_Phase.SEQUENCE.Test_Question	LOADING RESOURCE SURFACE FROM DISK
7191855.057	Test_Phase.SEQUENCE.Test_Question	LOADING RESOURCE SURFACE FROM DISK
7191867.706	Test_Phase.SEQUENCE.Test_Question	LOADING RESOURCE SURFACE FROM DISK
7191881.434	Test_Phase.SEQUENCE.Test_Question	LOADING RESOURCE SURFACE FROM DISK
7191883.276	Test_Phase.SEQUENCE.Test_Question	LOADING RESOURCE SURFACE FROM DISK
7195630.256	Test_Phase.SEQUENCE.Word	LOADING RESOURCE SURFACE FROM DISK
7204497.175	Test_Phase.SEQUENCE.Word	LOADING RESOURCE SURFACE FROM DISK
7213246.948	Test_Phase.SEQUENCE.Word	LOADING RESOURCE SURFACE FROM DISK
7220663.62	Test_Phase.SEQUENCE.Word	LOADING RESOURCE SURFACE FROM DISK
7230357.295	Test_Phase.SEQUENCE.Word	LOADING RESOURCE SURFACE FROM DISK
7239450.381	Test_Phase.SEQUENCE.Word	LOADING RESOURCE SURFACE FROM DISK
7247436.798	Test_Phase.SEQUENCE.Word	LOADING RESOURCE SURFACE FROM DISK
7256063.542	Test_Phase.SEQUENCE.Word	LOADING RESOURCE SURFACE FROM DISK
7265580.268	Test_Phase.SEQUENCE.Word	LOADING RESOURCE SURFACE FROM DISK
7273663.536	Test_Phase.SEQUENCE.Word	LOADING RESOURCE SURFACE FROM DISK
7281246.921	Test_Phase.SEQUENCE.Word	LOADING RESOURCE SURFACE FROM DISK
7290546.797	Test_Phase.SEQUENCE.Word	LOADING RESOURCE SURFACE FROM DISK
7298147.606	Test_Phase.SEQUENCE.Word	LOADING RESOURCE SURFACE FROM DISK
7305497.068	Test_Phase.SEQUENCE.Word	LOADING RESOURCE SURFACE FROM DISK
7314613.74	Test_Phase.SEQUENCE.Word	LOADING RESOURCE SURFACE FROM DISK
7322063.928	Test_Phase.SEQUENCE.Word	LOADING RESOURCE SURFACE FROM DISK
7330996.964	Test_Phase.SEQUENCE.Word	LOADING RESOURCE SURFACE FROM DISK
7338233.368	Test_Phase.SEQUENCE.Word	LOADING RESOURCE SURFACE FROM DISK
7345653.083	Test_Phase.SEQUENCE.Word	LOADING RESOURCE SURFACE FROM DISK
7353280.349	Test_Phase.SEQUENCE.Word	LOADING RESOURCE SURFACE FROM DISK
7360596.937	Test_Phase.SEQUENCE.Word	LOADING RESOURCE SURFACE FROM DISK
7368096.926	Test_Phase.SEQUENCE.Word	LOADING RESOURCE SURFACE FROM DISK
7375480.475	Test_Phase.SEQUENCE.Word	LOADING RESOURCE SURFACE FROM DISK
7382680.39	Test_Phase.SEQUENCE.Word	LOADING RESOURCE SURFACE FROM DISK
7390030.297	Test_Phase.SEQUENCE.Word	LOADING RESOURCE SURFACE FROM DISK
7397446.909	Test_Phase.SEQUENCE.Word	LOADING RESOURCE SURFACE FROM DISK
7407247.259	Test_Phase.SEQUENCE.Word	LOADING RESOURCE SURFACE FROM DISK
7414396.891	Test_Phase.SEQUENCE.Word	LOADING RESOURCE SURFACE FROM DISK
7435897.475	Test_Phase.SEQUENCE.Word	LOADING RESOURCE SURFACE FROM DISK
7443380.375	Test_Phase.SEQUENCE.Word	LOADING RESOURCE SURFACE FROM DISK
7450783.254	Test_Phase.SEQUENCE.Word	LOADING RESOURCE SURFACE FROM DISK
7457947.145	Test_Phase.SEQUENCE.Word	LOADING RESOURCE SURFACE FROM DISK
7465280.626	Test_Phase.SEQUENCE.Word	LOADING RESOURCE SURFACE FROM DISK
7472816.649	Test_Phase.SEQUENCE.Word	LOADING RESOURCE SURFACE FROM DISK
7480063.701	Test_Phase.SEQUENCE.Word	LOADING RESOURCE SURFACE FROM DISK
7487263.216	Test_Phase.SEQUENCE.Word	LOADING RESOURCE SURFACE FROM DISK
7494730.18	Test_Phase.SEQUENCE.Word	LOADING RESOURCE SURFACE FROM DISK
7502048.185	Test_Phase.SEQUENCE.Word	LOADING RESOURCE SURFACE FROM DISK
7510313.766	Test_Phase.SEQUENCE.Word	LOADING RESOURCE SURFACE FROM DISK
7517839.251	Test_Phase.SEQUENCE.Word	LOADING RESOURCE SURFACE FROM DISK
7527913.755	Test_Phase.SEQUENCE.Word	LOADING RESOURCE SURFACE FROM DISK
7536062.919	Test_Phase.SEQUENCE.Word	LOADING RESOURCE SURFACE FROM DISK
7543580.387	Test_Phase.SEQUENCE.Word	LOADING RESOURCE SURFACE FROM DISK
7551435.606	Test_Phase.SEQUENCE.Word	LOADING RESOURCE SURFACE FROM DISK
7558263.666	Test_Phase.SEQUENCE.Word	LOADING RESOURCE SURFACE FROM DISK
7568496.941	Test_Phase.SEQUENCE.Word	LOADING RESOURCE SURFACE FROM DISK
7580096.934	Test_Phase.SEQUENCE.Word	LOADING RESOURCE SURFACE FROM DISK
7588780.274	Test_Phase.SEQUENCE.Word	LOADING RESOURCE SURFACE FROM DISK
7595980.361	Test_Phase.SEQUENCE.Word	LOADING RESOURCE SURFACE FROM DISK
7603486.867	Test_Phase.SEQUENCE.Word	LOADING RESOURCE SURFACE FROM DISK
7611630.37	Test_Phase.SEQUENCE.Word	LOADING RESOURCE SURFACE FROM DISK
7621030.534	Test_Phase.SEQUENCE.Word	LOADING RESOURCE SURFACE FROM DISK
7628197.058	Test_Phase.SEQUENCE.Word	LOADING RESOURCE SURFACE FROM DISK
7635573.966	Test_Phase.SEQUENCE.Word	LOADING RESOURCE SURFACE FROM DISK
7643180.469	Test_Phase.SEQUENCE.Word	LOADING RESOURCE SURFACE FROM DISK
7650379.104	Test_Phase.SEQUENCE.Word	LOADING RESOURCE SURFACE FROM DISK
7657636.552	Test_Phase.SEQUENCE.Word	LOADING RESOURCE SURFACE FROM DISK
7664930.375	Test_Phase.SEQUENCE.Word	LOADING RESOURCE SURFACE FROM DISK
7672436.424	Test_Phase.SEQUENCE.Word	LOADING RESOURCE SURFACE FROM DISK
7679856.106	Test_Phase.SEQUENCE.Word	LOADING RESOURCE SURFACE FROM DISK
7701313.989	Test_Phase.SEQUENCE.Word	LOADING RESOURCE SURFACE FROM DISK
7710768.547	Test_Phase.SEQUENCE.Word	LOADING RESOURCE SURFACE FROM DISK
7718608.437	Test_Phase.SEQUENCE.Word	LOADING RESOURCE SURFACE FROM DISK
7726013.639	Test_Phase.SEQUENCE.Word	LOADING RESOURCE SURFACE FROM DISK
7734330.409	Test_Phase.SEQUENCE.Word	LOADING RESOURCE SURFACE FROM DISK
7742080.446	Test_Phase.SEQUENCE.Word	LOADING RESOURCE SURFACE FROM DISK
7749596.928	Test_Phase.SEQUENCE.Word	LOADING RESOURCE SURFACE FROM DISK
7759087.828	Test_Phase.SEQUENCE.Word	LOADING RESOURCE SURFACE FROM DISK
7766520.623	Test_Phase.SEQUENCE.Word	LOADING RESOURCE SURFACE FROM DISK
7773983.435	Test_Phase.SEQUENCE.Word	LOADING RESOURCE SURFACE FROM DISK
7781397.025	Test_Phase.SEQUENCE.Word	LOADING RESOURCE SURFACE FROM DISK
7789297.076	Test_Phase.SEQUENCE.Word	LOADING RESOURCE SURFACE FROM DISK
7797180.245	Test_Phase.SEQUENCE.Word	LOADING RESOURCE SURFACE FROM DISK
7805180.535	Test_Phase.SEQUENCE.Word	LOADING RESOURCE SURFACE FROM DISK
7813133.985	Test_Phase.SEQUENCE.Word	LOADING RESOURCE SURFACE FROM DISK
7820922.513	Test_Phase.SEQUENCE.Word	LOADING RESOURCE SURFACE FROM DISK
7830363.783	Test_Phase.SEQUENCE.Word	LOADING RESOURCE SURFACE FROM DISK
7840548.726	Test_Phase.SEQUENCE.Word	LOADING RESOURCE SURFACE FROM DISK
7847931.7	Test_Phase.SEQUENCE.Word	LOADING RESOURCE SURFACE FROM DISK
7856613.819	Test_Phase.SEQUENCE.Word	LOADING RESOURCE SURFACE FROM DISK
7865080.642	Test_Phase.SEQUENCE.Word	LOADING RESOURCE SURFACE FROM DISK
7874162.752	Test_Phase.SEQUENCE.Word	LOADING RESOURCE SURFACE FROM DISK
7882539.067	Test_Phase.SEQUENCE.Word	LOADING RESOURCE SURFACE FROM DISK
7890230.557	Test_Phase.SEQUENCE.Word	LOADING RESOURCE SURFACE FROM DISK
7897696.91	Test_Phase.SEQUENCE.Word	LOADING RESOURCE SURFACE FROM DISK
7904983.758	Test_Phase.SEQUENCE.Word	LOADING RESOURCE SURFACE FROM DISK
7912446.977	Test_Phase.SEQUENCE.Word	LOADING RESOURCE SURFACE FROM DISK
7919596.915	Test_Phase.SEQUENCE.Word	LOADING RESOURCE SURFACE FROM DISK
7927000.832	Test_Phase.SEQUENCE.Word	LOADING RESOURCE SURFACE FROM DISK
7987815.537	Test_Phase.SEQUENCE.Word	LOADING RESOURCE SURFACE FROM DISK
7995563.576	Test_Phase.SEQUENCE.Word	LOADING RESOURCE SURFACE FROM DISK
8068985.41	Test_Phase.SEQUENCE.Word	LOADING RESOURCE SURFACE FROM DISK
8076351.033	Test_Phase.SEQUENCE.Word	LOADING RESOURCE SURFACE FROM DISK
8085496.966	Test_Phase.SEQUENCE.Word	LOADING RESOURCE SURFACE FROM DISK
8095597.755	Test_Phase.SEQUENCE.Word	LOADING RESOURCE SURFACE FROM DISK
8104465.997	Test_Phase.SEQUENCE.Word	LOADING RESOURCE SURFACE FROM DISK
8112563.627	Test_Phase.SEQUENCE.Word	LOADING RESOURCE SURFACE FROM DISK
8120180.374	Test_Phase.SEQUENCE.Word	LOADING RESOURCE SURFACE FROM DISK
8128097.011	Test_Phase.SEQUENCE.Word	LOADING RESOURCE SURFACE FROM DISK
8135663.845	Test_Phase.SEQUENCE.Word	LOADING RESOURCE SURFACE FROM DISK
8145547.024	Test_Phase.SEQUENCE.Word	LOADING RESOURCE SURFACE FROM DISK
8154896.571	Test_Phase.SEQUENCE.Word	LOADING RESOURCE SURFACE FROM DISK
8162302.205	Test_Phase.SEQUENCE.Word	LOADING RESOURCE SURFACE FROM DISK
8170696.856	Test_Phase.SEQUENCE.Word	LOADING RESOURCE SURFACE FROM DISK
8179097.039	Test_Phase.SEQUENCE.Word	LOADING RESOURCE SURFACE FROM DISK
8187348.068	Test_Phase.SEQUENCE.Word	LOADING RESOURCE SURFACE FROM DISK
8196130.588	Test_Phase.SEQUENCE.Word	LOADING RESOURCE SURFACE FROM DISK
8203763.685	Test_Phase.SEQUENCE.Word	LOADING RESOURCE SURFACE FROM DISK
8211263.7	Test_Phase.SEQUENCE.Word	LOADING RESOURCE SURFACE FROM DISK
8218930.528	Test_Phase.SEQUENCE.Word	LOADING RESOURCE SURFACE FROM DISK
8228905.976	Test_Phase.SEQUENCE.Word	LOADING RESOURCE SURFACE FROM DISK
8236150.707	Test_Phase.SEQUENCE.Word	LOADING RESOURCE SURFACE FROM DISK
8243463.569	Test_Phase.SEQUENCE.Word	LOADING RESOURCE SURFACE FROM DISK
8251047.284	Test_Phase.SEQUENCE.Word	LOADING RESOURCE SURFACE FROM DISK
8259463.714	Test_Phase.SEQUENCE.Word	LOADING RESOURCE SURFACE FROM DISK
8269863.678	Test_Phase.SEQUENCE.Word	LOADING RESOURCE SURFACE FROM DISK
8277046.856	Test_Phase.SEQUENCE.Word	LOADING RESOURCE SURFACE FROM DISK
8284262.249	Test_Phase.SEQUENCE.Word	LOADING RESOURCE SURFACE FROM DISK
8291435.476	Test_Phase.SEQUENCE.Word	LOADING RESOURCE SURFACE FROM DISK
8311097.049	Test_Phase.SEQUENCE.Word	LOADING RESOURCE SURFACE FROM DISK
8318433.538	Test_Phase.SEQUENCE.Word	LOADING RESOURCE SURFACE FROM DISK
8325546.909	Test_Phase.SEQUENCE.Word	LOADING RESOURCE SURFACE FROM DISK
8332736.288	Test_Phase.SEQUENCE.Word	LOADING RESOURCE SURFACE FROM DISK
8340221.518	Test_Phase.SEQUENCE.Word	LOADING RESOURCE SURFACE FROM DISK
8347480.532	Test_Phase.SEQUENCE.Word	LOADING RESOURCE SURFACE FROM DISK
8355230.343	Test_Phase.SEQUENCE.Word	LOADING RESOURCE SURFACE FROM DISK
8363380.238	Test_Phase.SEQUENCE.Word	LOADING RESOURCE SURFACE FROM DISK
8370814.709	Test_Phase.SEQUENCE.Word	LOADING RESOURCE SURFACE FROM DISK
8378047.034	Test_Phase.SEQUENCE.Word	LOADING RESOURCE SURFACE FROM DISK
8388630.492	Test_Phase.SEQUENCE.Word	LOADING RESOURCE SURFACE FROM DISK
8395847.042	Test_Phase.SEQUENCE.Word	LOADING RESOURCE SURFACE FROM DISK
8410452.317	Test_Phase.SEQUENCE.Word	LOADING RESOURCE SURFACE FROM DISK
8417832.6	Test_Phase.SEQUENCE.Word	LOADING RESOURCE SURFACE FROM DISK
8424997.136	Test_Phase.SEQUENCE.Word	LOADING RESOURCE SURFACE FROM DISK
8432386.61	Test_Phase.SEQUENCE.Word	LOADING RESOURCE SURFACE FROM DISK
8440062.747	Test_Phase.SEQUENCE.Word	LOADING RESOURCE SURFACE FROM DISK
8447264.965	Test_Phase.SEQUENCE.Word	LOADING RESOURCE SURFACE FROM DISK
8454563.732	Test_Phase.SEQUENCE.Word	LOADING RESOURCE SURFACE FROM DISK
8462012.417	Test_Phase.SEQUENCE.Word	LOADING RESOURCE SURFACE FROM DISK
8469246.943	Test_Phase.SEQUENCE.Word	LOADING RESOURCE SURFACE FROM DISK
8476563.743	Test_Phase.SEQUENCE.Word	LOADING RESOURCE SURFACE FROM DISK
8483980.335	Test_Phase.SEQUENCE.Word	LOADING RESOURCE SURFACE FROM DISK
8491330.362	Test_Phase.SEQUENCE.Word	LOADING RESOURCE SURFACE FROM DISK
8498530.793	Test_Phase.SEQUENCE.Word	LOADING RESOURCE SURFACE FROM DISK
8506480.391	Test_Phase.SEQUENCE.Word	LOADING RESOURCE SURFACE FROM DISK
8513796.088	Test_Phase.SEQUENCE.Word	LOADING RESOURCE SURFACE FROM DISK
8521832.843	Test_Phase.SEQUENCE.Word	LOADING RESOURCE SURFACE FROM DISK
8529696.361	Test_Phase.SEQUENCE.Word	LOADING RESOURCE SURFACE FROM DISK
8537763.669	Test_Phase.SEQUENCE.Word	LOADING RESOURCE SURFACE FROM DISK
8545982.346	Test_Phase.SEQUENCE.Word	LOADING RESOURCE SURFACE FROM DISK
8553763.752	Test_Phase.SEQUENCE.Word	LOADING RESOURCE SURFACE FROM DISK
8566646.92	Test_Phase.SEQUENCE.Word	LOADING RESOURCE SURFACE FROM DISK
8580030.233	Test_Phase.SEQUENCE.Word	LOADING RESOURCE SURFACE FROM DISK
8587863.711	Test_Phase.SEQUENCE.Word	LOADING RESOURCE SURFACE FROM DISK
8595463.536	Test_Phase.SEQUENCE.Word	LOADING RESOURCE SURFACE FROM DISK
8603229.728	Test_Phase.SEQUENCE.Word	LOADING RESOURCE SURFACE FROM DISK
8610730.379	Test_Phase.SEQUENCE.Word	LOADING RESOURCE SURFACE FROM DISK
8618196.014	Test_Phase.SEQUENCE.Word	LOADING RESOURCE SURFACE FROM DISK
8625630.372	Test_Phase.SEQUENCE.Word	LOADING RESOURCE SURFACE FROM DISK
8632962.42	Test_Phase.SEQUENCE.Word	LOADING RESOURCE SURFACE FROM DISK
8640216.585	Test_Phase.SEQUENCE.Word	LOADING RESOURCE SURFACE FROM DISK
8647328.256	Test_Phase.SEQUENCE.Word	LOADING RESOURCE SURFACE FROM DISK
8654836.618	Test_Phase.SEQUENCE.Word	LOADING RESOURCE SURFACE FROM DISK
8662081.367	Test_Phase.SEQUENCE.Word	LOADING RESOURCE SURFACE FROM DISK
8669263.85	Test_Phase.SEQUENCE.Word	LOADING RESOURCE SURFACE FROM DISK
8676630.252	Test_Phase.SEQUENCE.Word	LOADING RESOURCE SURFACE FROM DISK
8684263.661	Test_Phase.SEQUENCE.Word	LOADING RESOURCE SURFACE FROM DISK
8691547.348	Test_Phase.SEQUENCE.Word	LOADING RESOURCE SURFACE FROM DISK
8699156.292	Test_Phase.SEQUENCE.Word	LOADING RESOURCE SURFACE FROM DISK
8706498.839	Test_Phase.SEQUENCE.Word	LOADING RESOURCE SURFACE FROM DISK
8713613.824	Test_Phase.SEQUENCE.Word	LOADING RESOURCE SURFACE FROM DISK
8725635.407	Test_Phase.SEQUENCE.Word	LOADING RESOURCE SURFACE FROM DISK
8732730.73	Test_Phase.SEQUENCE.Word	LOADING RESOURCE SURFACE FROM DISK
8740163.577	Test_Phase.SEQUENCE.Word	LOADING RESOURCE SURFACE FROM DISK
8747422.958	Test_Phase.SEQUENCE.Word	LOADING RESOURCE SURFACE FROM DISK
8754780.531	Test_Phase.SEQUENCE.Word	LOADING RESOURCE SURFACE FROM DISK
8762088.257	Test_Phase.SEQUENCE.Word	LOADING RESOURCE SURFACE FROM DISK
8769480.254	Test_Phase.SEQUENCE.Word	LOADING RESOURCE SURFACE FROM DISK
8776946.836	Test_Phase.SEQUENCE.Word	LOADING RESOURCE SURFACE FROM DISK
8784763.866	Test_Phase.SEQUENCE.Word	LOADING RESOURCE SURFACE FROM DISK
8797130.289	Test_Phase.SEQUENCE.Word	LOADING RESOURCE SURFACE FROM DISK
8804487.755	Test_Phase.SEQUENCE.Word	LOADING RESOURCE SURFACE FROM DISK
8811724.004	Test_Phase.SEQUENCE.Word	LOADING RESOURCE SURFACE FROM DISK
8819014.221	Test_Phase.SEQUENCE.Word	LOADING RESOURCE SURFACE FROM DISK
8826163.533	Test_Phase.SEQUENCE.Word	LOADING RESOURCE SURFACE FROM DISK
8833246.958	Test_Phase.SEQUENCE.Word	LOADING RESOURCE SURFACE FROM DISK
8840463.815	Test_Phase.SEQUENCE.Word	LOADING RESOURCE SURFACE FROM DISK
8847697.117	Test_Phase.SEQUENCE.Word	LOADING RESOURCE SURFACE FROM DISK
8854963.759	Test_Phase.SEQUENCE.Word	LOADING RESOURCE SURFACE FROM DISK
8864730.523	Test_Phase.SEQUENCE.Word	LOADING RESOURCE SURFACE FROM DISK
8871963.662	Test_Phase.SEQUENCE.Word	LOADING RESOURCE SURFACE FROM DISK
8879113.718	Test_Phase.SEQUENCE.Word	LOADING RESOURCE SURFACE FROM DISK
8892497.132	Test_Phase.SEQUENCE.Word	LOADING RESOURCE SURFACE FROM DISK
8901214.902	Test_Phase.SEQUENCE.Word	LOADING RESOURCE SURFACE FROM DISK
8908651.397	Test_Phase.SEQUENCE.Word	LOADING RESOURCE SURFACE FROM DISK
8915880.325	Test_Phase.SEQUENCE.Word	LOADING RESOURCE SURFACE FROM DISK
8923630.907	Test_Phase.SEQUENCE.Word	LOADING RESOURCE SURFACE FROM DISK
8930784.38	Test_Phase.SEQUENCE.Word	LOADING RESOURCE SURFACE FROM DISK
8934431.524	DISPLAY_SCREEN	LOADING RESOURCE SURFACE FROM DISK
