5009.796	DISPLAY_SCREEN[1]	LOADING RESOURCE SURFACE FROM DISK
222875.379	Familiarization_Phase.SEQUENCE.Cue_and_Instruction	LOADING RESOURCE SURFACE FROM DISK
222891.424	Familiarization_Phase.SEQUENCE.Cue_and_Instruction	LOADING RESOURCE SURFACE FROM DISK
228973.989	Familiarization_Phase.SEQUENCE.Cue_and_Instruction	LOADING RESOURCE SURFACE FROM DISK
228990.235	Familiarization_Phase.SEQUENCE.Cue_and_Instruction	LOADING RESOURCE SURFACE FROM DISK
235055.952	Familiarization_Phase.SEQUENCE.Cue_and_Instruction	LOADING RESOURCE SURFACE FROM DISK
235060.512	Familiarization_Phase.SEQUENCE.Cue_and_Instruction	LOADING RESOURCE SURFACE FROM DISK
277468.057	DISPLAY_SCREEN[3]	LOADING RESOURCE SURFACE FROM DISK
281773.969	DISPLAY_SCREEN[5]	LOADING RESOURCE SURFACE FROM DISK
593717.627	Practice_Phase.SEQUENCE.Blink_Screen	LOADING RESOURCE SURFACE FROM DISK
593718.725	Practice_Phase.SEQUENCE.Blink_Screen	flip time is later than desired time. Desired Time=593467 Flip Time=593734 Retrace Rate=16.641, prepareTime=275 flip request time 593718
594950.514	Practice_Phase.SEQUENCE.Practice_Luminance_Cue	LOADING RESOURCE SURFACE FROM DISK
594953.142	Practice_Phase.SEQUENCE.Practice_Luminance_Cue	LOADING RESOURCE SURFACE FROM DISK
594954.705	Practice_Phase.SEQUENCE.Practice_Luminance_Cue	flip time is later than desired time. Desired Time=594934 Flip Time=594967 Retrace Rate=16.641, prepareTime=44 flip request time 594954
595486.963	Practice_Phase.SEQUENCE.DISPLAY_SCREEN	LOADING RESOURCE SURFACE FROM DISK
595488.952	Practice_Phase.SEQUENCE.DISPLAY_SCREEN	flip time is later than desired time. Desired Time=595467 Flip Time=595500 Retrace Rate=16.641, prepareTime=45 flip request time 595488
597019.718	Practice_Phase.SEQUENCE.Practice_Instruction	LOADING RESOURCE SURFACE FROM DISK
597021.265	Practice_Phase.SEQUENCE.Practice_Instruction	flip time is later than desired time. Desired Time=597000 Flip Time=597034 Retrace Rate=16.641, prepareTime=44 flip request time 597021
603632.594	Practice_Phase.SEQUENCE.DISPLAY_SCREEN	LOADING RESOURCE SURFACE FROM DISK
603634.572	Practice_Phase.SEQUENCE.DISPLAY_SCREEN	flip time is later than desired time. Desired Time=603600 Flip Time=603650 Retrace Rate=16.641, prepareTime=57 flip request time 603634
605163.837	Practice_Phase.SEQUENCE.Practice_Instruction	LOADING RESOURCE SURFACE FROM DISK
605165.314	Practice_Phase.SEQUENCE.Practice_Instruction	flip time is later than desired time. Desired Time=605150 Flip Time=605184 Retrace Rate=16.641, prepareTime=38 flip request time 605165
611749.429	Practice_Phase.SEQUENCE.DISPLAY_SCREEN	LOADING RESOURCE SURFACE FROM DISK
611751.264	Practice_Phase.SEQUENCE.DISPLAY_SCREEN	flip time is later than desired time. Desired Time=611750 Flip Time=611767 Retrace Rate=16.641, prepareTime=24 flip request time 611751
613285.774	Practice_Phase.SEQUENCE.Practice_Instruction	LOADING RESOURCE SURFACE FROM DISK
613287.269	Practice_Phase.SEQUENCE.Practice_Instruction	flip time is later than desired time. Desired Time=613267 Flip Time=613300 Retrace Rate=16.641, prepareTime=43 flip request time 613287
619848.789	Practice_Phase.SEQUENCE.DISPLAY_SCREEN	LOADING RESOURCE SURFACE FROM DISK
621345.617	Practice_Phase.SEQUENCE.Practice_Instruction	LOADING RESOURCE SURFACE FROM DISK
627915.42	Practice_Phase.SEQUENCE.DISPLAY_SCREEN	LOADING RESOURCE SURFACE FROM DISK
629412.223	Practice_Phase.SEQUENCE.Practice_Instruction	LOADING RESOURCE SURFACE FROM DISK
635982.015	Practice_Phase.SEQUENCE.DISPLAY_SCREEN	LOADING RESOURCE SURFACE FROM DISK
637478.832	Practice_Phase.SEQUENCE.Practice_Instruction	LOADING RESOURCE SURFACE FROM DISK
644098.806	Practice_Phase.SEQUENCE.DISPLAY_SCREEN	LOADING RESOURCE SURFACE FROM DISK
645629.372	Practice_Phase.SEQUENCE.Practice_Instruction	LOADING RESOURCE SURFACE FROM DISK
645630.853	Practice_Phase.SEQUENCE.Practice_Instruction	flip time is later than desired time. Desired Time=645617 Flip Time=645650 Retrace Rate=16.641, prepareTime=37 flip request time 645630
652198.482	Practice_Phase.SEQUENCE.DISPLAY_SCREEN	LOADING RESOURCE SURFACE FROM DISK
653695.717	Practice_Phase.SEQUENCE.Practice_Instruction	LOADING RESOURCE SURFACE FROM DISK
660265.446	Practice_Phase.SEQUENCE.DISPLAY_SCREEN	LOADING RESOURCE SURFACE FROM DISK
661762.356	Practice_Phase.SEQUENCE.Practice_Instruction	LOADING RESOURCE SURFACE FROM DISK
666433.261	DISPLAY_SCREEN[2]	LOADING RESOURCE SURFACE FROM DISK
783573.657	Study_Phase.SEQUENCE.DISPLAY_SCREEN	LOADING RESOURCE SURFACE FROM DISK
785129.985	Study_Phase.SEQUENCE.Study_Instruction	LOADING RESOURCE SURFACE FROM DISK
793429.786	Study_Phase.SEQUENCE.Study_Instruction	LOADING RESOURCE SURFACE FROM DISK
800190.404	Study_Phase.SEQUENCE.DISPLAY_SCREEN	LOADING RESOURCE SURFACE FROM DISK
801740.058	Study_Phase.SEQUENCE.Study_Instruction	LOADING RESOURCE SURFACE FROM DISK
810037.613	Study_Phase.SEQUENCE.Study_Instruction	LOADING RESOURCE SURFACE FROM DISK
818408.167	Study_Phase.SEQUENCE.Study_Instruction	LOADING RESOURCE SURFACE FROM DISK
825173.75	Study_Phase.SEQUENCE.DISPLAY_SCREEN	LOADING RESOURCE SURFACE FROM DISK
826721.724	Study_Phase.SEQUENCE.Study_Instruction	LOADING RESOURCE SURFACE FROM DISK
835028.476	Study_Phase.SEQUENCE.Study_Instruction	LOADING RESOURCE SURFACE FROM DISK
843338.455	Study_Phase.SEQUENCE.Study_Instruction	LOADING RESOURCE SURFACE FROM DISK
850090.28	Study_Phase.SEQUENCE.DISPLAY_SCREEN	LOADING RESOURCE SURFACE FROM DISK
851616.253	Study_Phase.SEQUENCE.Study_Instruction	LOADING RESOURCE SURFACE FROM DISK
859926.688	Study_Phase.SEQUENCE.Study_Instruction	LOADING RESOURCE SURFACE FROM DISK
866690.413	Study_Phase.SEQUENCE.DISPLAY_SCREEN	LOADING RESOURCE SURFACE FROM DISK
868204.114	Study_Phase.SEQUENCE.Study_Instruction	LOADING RESOURCE SURFACE FROM DISK
876489.075	Study_Phase.SEQUENCE.Study_Instruction	LOADING RESOURCE SURFACE FROM DISK
884794.159	Study_Phase.SEQUENCE.Study_Instruction	LOADING RESOURCE SURFACE FROM DISK
891556.98	Study_Phase.SEQUENCE.DISPLAY_SCREEN	LOADING RESOURCE SURFACE FROM DISK
893070.698	Study_Phase.SEQUENCE.Study_Instruction	LOADING RESOURCE SURFACE FROM DISK
901349.016	Study_Phase.SEQUENCE.Study_Instruction	LOADING RESOURCE SURFACE FROM DISK
908107.049	Study_Phase.SEQUENCE.DISPLAY_SCREEN	LOADING RESOURCE SURFACE FROM DISK
909657.797	Study_Phase.SEQUENCE.Study_Instruction	LOADING RESOURCE SURFACE FROM DISK
917959.551	Study_Phase.SEQUENCE.Study_Instruction	LOADING RESOURCE SURFACE FROM DISK
926220.828	Study_Phase.SEQUENCE.Study_Instruction	LOADING RESOURCE SURFACE FROM DISK
932973.655	Study_Phase.SEQUENCE.DISPLAY_SCREEN	LOADING RESOURCE SURFACE FROM DISK
934487.489	Study_Phase.SEQUENCE.Study_Instruction	LOADING RESOURCE SURFACE FROM DISK
942822.138	Study_Phase.SEQUENCE.Study_Instruction	LOADING RESOURCE SURFACE FROM DISK
949573.578	Study_Phase.SEQUENCE.DISPLAY_SCREEN	LOADING RESOURCE SURFACE FROM DISK
951122.677	Study_Phase.SEQUENCE.Study_Instruction	LOADING RESOURCE SURFACE FROM DISK
959420.796	Study_Phase.SEQUENCE.Study_Instruction	LOADING RESOURCE SURFACE FROM DISK
966173.495	Study_Phase.SEQUENCE.DISPLAY_SCREEN	LOADING RESOURCE SURFACE FROM DISK
967723.08	Study_Phase.SEQUENCE.Study_Instruction	LOADING RESOURCE SURFACE FROM DISK
976022.663	Study_Phase.SEQUENCE.Study_Instruction	LOADING RESOURCE SURFACE FROM DISK
982773.793	Study_Phase.SEQUENCE.DISPLAY_SCREEN	LOADING RESOURCE SURFACE FROM DISK
984324.639	Study_Phase.SEQUENCE.Study_Instruction	LOADING RESOURCE SURFACE FROM DISK
992587.536	Study_Phase.SEQUENCE.Study_Instruction	LOADING RESOURCE SURFACE FROM DISK
1000853.885	Study_Phase.SEQUENCE.Study_Instruction	LOADING RESOURCE SURFACE FROM DISK
1007606.909	Study_Phase.SEQUENCE.DISPLAY_SCREEN	LOADING RESOURCE SURFACE FROM DISK
1009154.734	Study_Phase.SEQUENCE.Study_Instruction	LOADING RESOURCE SURFACE FROM DISK
1017462.68	Study_Phase.SEQUENCE.Study_Instruction	LOADING RESOURCE SURFACE FROM DISK
1024223.617	Study_Phase.SEQUENCE.DISPLAY_SCREEN	LOADING RESOURCE SURFACE FROM DISK
1025743.644	Study_Phase.SEQUENCE.Study_Instruction	LOADING RESOURCE SURFACE FROM DISK
1032506.835	Study_Phase.SEQUENCE.DISPLAY_SCREEN	LOADING RESOURCE SURFACE FROM DISK
1034053.149	Study_Phase.SEQUENCE.Study_Instruction	LOADING RESOURCE SURFACE FROM DISK
1042303.73	Study_Phase.SEQUENCE.Study_Instruction	LOADING RESOURCE SURFACE FROM DISK
1049056.824	Study_Phase.SEQUENCE.DISPLAY_SCREEN	LOADING RESOURCE SURFACE FROM DISK
1050608.865	Study_Phase.SEQUENCE.Study_Instruction	LOADING RESOURCE SURFACE FROM DISK
1058886.977	Study_Phase.SEQUENCE.Study_Instruction	LOADING RESOURCE SURFACE FROM DISK
1065640.413	Study_Phase.SEQUENCE.DISPLAY_SCREEN	LOADING RESOURCE SURFACE FROM DISK
1067196.135	Study_Phase.SEQUENCE.Study_Instruction	LOADING RESOURCE SURFACE FROM DISK
1073956.81	Study_Phase.SEQUENCE.DISPLAY_SCREEN	LOADING RESOURCE SURFACE FROM DISK
1075510.221	Study_Phase.SEQUENCE.Study_Instruction	LOADING RESOURCE SURFACE FROM DISK
1083787.634	Study_Phase.SEQUENCE.Study_Instruction	LOADING RESOURCE SURFACE FROM DISK
1090523.615	Study_Phase.SEQUENCE.DISPLAY_SCREEN	LOADING RESOURCE SURFACE FROM DISK
1092076.901	Study_Phase.SEQUENCE.Study_Instruction	LOADING RESOURCE SURFACE FROM DISK
1100354.38	Study_Phase.SEQUENCE.Study_Instruction	LOADING RESOURCE SURFACE FROM DISK
1107107.04	Study_Phase.SEQUENCE.DISPLAY_SCREEN	LOADING RESOURCE SURFACE FROM DISK
1108653.567	Study_Phase.SEQUENCE.Study_Instruction	LOADING RESOURCE SURFACE FROM DISK
1116920.331	Study_Phase.SEQUENCE.Study_Instruction	LOADING RESOURCE SURFACE FROM DISK
1125224.948	Study_Phase.SEQUENCE.Study_Instruction	LOADING RESOURCE SURFACE FROM DISK
1133537.637	Study_Phase.SEQUENCE.Study_Instruction	LOADING RESOURCE SURFACE FROM DISK
1141803.722	Study_Phase.SEQUENCE.Study_Instruction	LOADING RESOURCE SURFACE FROM DISK
1148556.802	Study_Phase.SEQUENCE.DISPLAY_SCREEN	LOADING RESOURCE SURFACE FROM DISK
1150108.0	Study_Phase.SEQUENCE.Study_Instruction	LOADING RESOURCE SURFACE FROM DISK
1158408.551	Study_Phase.SEQUENCE.Study_Instruction	LOADING RESOURCE SURFACE FROM DISK
1166671.039	Study_Phase.SEQUENCE.Study_Instruction	LOADING RESOURCE SURFACE FROM DISK
1174903.667	Study_Phase.SEQUENCE.Study_Instruction	LOADING RESOURCE SURFACE FROM DISK
1181656.931	Study_Phase.SEQUENCE.DISPLAY_SCREEN	LOADING RESOURCE SURFACE FROM DISK
1183207.359	Study_Phase.SEQUENCE.Study_Instruction	LOADING RESOURCE SURFACE FROM DISK
1189956.714	Study_Phase.SEQUENCE.DISPLAY_SCREEN	LOADING RESOURCE SURFACE FROM DISK
1191511.588	Study_Phase.SEQUENCE.Study_Instruction	LOADING RESOURCE SURFACE FROM DISK
1198274.006	Study_Phase.SEQUENCE.DISPLAY_SCREEN	LOADING RESOURCE SURFACE FROM DISK
1199787.639	Study_Phase.SEQUENCE.Study_Instruction	LOADING RESOURCE SURFACE FROM DISK
1208054.263	Study_Phase.SEQUENCE.Study_Instruction	LOADING RESOURCE SURFACE FROM DISK
1214790.303	Study_Phase.SEQUENCE.DISPLAY_SCREEN	LOADING RESOURCE SURFACE FROM DISK
1216339.354	Study_Phase.SEQUENCE.Study_Instruction	LOADING RESOURCE SURFACE FROM DISK
1224645.889	Study_Phase.SEQUENCE.Study_Instruction	LOADING RESOURCE SURFACE FROM DISK
1232920.925	Study_Phase.SEQUENCE.Study_Instruction	LOADING RESOURCE SURFACE FROM DISK
1239690.482	Study_Phase.SEQUENCE.DISPLAY_SCREEN	LOADING RESOURCE SURFACE FROM DISK
1241247.473	Study_Phase.SEQUENCE.Study_Instruction	LOADING RESOURCE SURFACE FROM DISK
1248006.793	Study_Phase.SEQUENCE.DISPLAY_SCREEN	LOADING RESOURCE SURFACE FROM DISK
1249559.472	Study_Phase.SEQUENCE.Study_Instruction	LOADING RESOURCE SURFACE FROM DISK
1257859.923	Study_Phase.SEQUENCE.Study_Instruction	LOADING RESOURCE SURFACE FROM DISK
1264623.394	Study_Phase.SEQUENCE.DISPLAY_SCREEN	LOADING RESOURCE SURFACE FROM DISK
1266137.541	Study_Phase.SEQUENCE.Study_Instruction	LOADING RESOURCE SURFACE FROM DISK
1274445.615	Study_Phase.SEQUENCE.Study_Instruction	LOADING RESOURCE SURFACE FROM DISK
1281207.041	Study_Phase.SEQUENCE.DISPLAY_SCREEN	LOADING RESOURCE SURFACE FROM DISK
1282760.331	Study_Phase.SEQUENCE.Study_Instruction	LOADING RESOURCE SURFACE FROM DISK
1291037.02	Study_Phase.SEQUENCE.Study_Instruction	LOADING RESOURCE SURFACE FROM DISK
1297773.613	Study_Phase.SEQUENCE.DISPLAY_SCREEN	LOADING RESOURCE SURFACE FROM DISK
1299320.297	Study_Phase.SEQUENCE.Study_Instruction	LOADING RESOURCE SURFACE FROM DISK
1307628.228	Study_Phase.SEQUENCE.Study_Instruction	LOADING RESOURCE SURFACE FROM DISK
1315904.721	Study_Phase.SEQUENCE.Study_Instruction	LOADING RESOURCE SURFACE FROM DISK
1322656.946	Study_Phase.SEQUENCE.DISPLAY_SCREEN	LOADING RESOURCE SURFACE FROM DISK
1324212.97	Study_Phase.SEQUENCE.Study_Instruction	LOADING RESOURCE SURFACE FROM DISK
1330973.542	Study_Phase.SEQUENCE.DISPLAY_SCREEN	LOADING RESOURCE SURFACE FROM DISK
1332523.827	Study_Phase.SEQUENCE.Study_Instruction	LOADING RESOURCE SURFACE FROM DISK
1339273.668	Study_Phase.SEQUENCE.DISPLAY_SCREEN	LOADING RESOURCE SURFACE FROM DISK
1340822.48	Study_Phase.SEQUENCE.Study_Instruction	LOADING RESOURCE SURFACE FROM DISK
1349113.575	Study_Phase.SEQUENCE.Study_Instruction	LOADING RESOURCE SURFACE FROM DISK
1355873.582	Study_Phase.SEQUENCE.DISPLAY_SCREEN	LOADING RESOURCE SURFACE FROM DISK
1357387.62	Study_Phase.SEQUENCE.Study_Instruction	LOADING RESOURCE SURFACE FROM DISK
1365692.375	Study_Phase.SEQUENCE.Study_Instruction	LOADING RESOURCE SURFACE FROM DISK
1372457.111	Study_Phase.SEQUENCE.DISPLAY_SCREEN	LOADING RESOURCE SURFACE FROM DISK
1373970.909	Study_Phase.SEQUENCE.Study_Instruction	LOADING RESOURCE SURFACE FROM DISK
1380740.073	Study_Phase.SEQUENCE.DISPLAY_SCREEN	LOADING RESOURCE SURFACE FROM DISK
1382254.139	Study_Phase.SEQUENCE.Study_Instruction	LOADING RESOURCE SURFACE FROM DISK
1389006.942	Study_Phase.SEQUENCE.DISPLAY_SCREEN	LOADING RESOURCE SURFACE FROM DISK
1390520.85	Study_Phase.SEQUENCE.Study_Instruction	LOADING RESOURCE SURFACE FROM DISK
1397273.476	Study_Phase.SEQUENCE.DISPLAY_SCREEN	LOADING RESOURCE SURFACE FROM DISK
1398820.622	Study_Phase.SEQUENCE.Study_Instruction	LOADING RESOURCE SURFACE FROM DISK
1407108.348	Study_Phase.SEQUENCE.Study_Instruction	LOADING RESOURCE SURFACE FROM DISK
1413873.655	Study_Phase.SEQUENCE.DISPLAY_SCREEN	LOADING RESOURCE SURFACE FROM DISK
1415387.852	Study_Phase.SEQUENCE.Study_Instruction	LOADING RESOURCE SURFACE FROM DISK
1423689.149	Study_Phase.SEQUENCE.Study_Instruction	LOADING RESOURCE SURFACE FROM DISK
1431953.702	Study_Phase.SEQUENCE.Study_Instruction	LOADING RESOURCE SURFACE FROM DISK
1440284.093	Study_Phase.SEQUENCE.Study_Instruction	LOADING RESOURCE SURFACE FROM DISK
1447040.372	Study_Phase.SEQUENCE.DISPLAY_SCREEN	LOADING RESOURCE SURFACE FROM DISK
1448554.221	Study_Phase.SEQUENCE.Study_Instruction	LOADING RESOURCE SURFACE FROM DISK
1455306.843	Study_Phase.SEQUENCE.DISPLAY_SCREEN	LOADING RESOURCE SURFACE FROM DISK
1456856.282	Study_Phase.SEQUENCE.Study_Instruction	LOADING RESOURCE SURFACE FROM DISK
1463607.062	Study_Phase.SEQUENCE.DISPLAY_SCREEN	LOADING RESOURCE SURFACE FROM DISK
1465153.271	Study_Phase.SEQUENCE.Study_Instruction	LOADING RESOURCE SURFACE FROM DISK
1473459.428	Study_Phase.SEQUENCE.Study_Instruction	LOADING RESOURCE SURFACE FROM DISK
1481762.688	Study_Phase.SEQUENCE.Study_Instruction	LOADING RESOURCE SURFACE FROM DISK
1490060.952	Study_Phase.SEQUENCE.Study_Instruction	LOADING RESOURCE SURFACE FROM DISK
1496823.51	Study_Phase.SEQUENCE.DISPLAY_SCREEN	LOADING RESOURCE SURFACE FROM DISK
1498381.126	Study_Phase.SEQUENCE.Study_Instruction	LOADING RESOURCE SURFACE FROM DISK
1506696.005	Study_Phase.SEQUENCE.Study_Instruction	LOADING RESOURCE SURFACE FROM DISK
1513456.923	Study_Phase.SEQUENCE.DISPLAY_SCREEN	LOADING RESOURCE SURFACE FROM DISK
1515006.445	Study_Phase.SEQUENCE.Study_Instruction	LOADING RESOURCE SURFACE FROM DISK
1523342.602	Study_Phase.SEQUENCE.Study_Instruction	LOADING RESOURCE SURFACE FROM DISK
1531661.188	Study_Phase.SEQUENCE.Study_Instruction	LOADING RESOURCE SURFACE FROM DISK
1539978.812	Study_Phase.SEQUENCE.Study_Instruction	LOADING RESOURCE SURFACE FROM DISK
1546740.222	Study_Phase.SEQUENCE.DISPLAY_SCREEN	LOADING RESOURCE SURFACE FROM DISK
1548292.278	Study_Phase.SEQUENCE.Study_Instruction	LOADING RESOURCE SURFACE FROM DISK
1556611.616	Study_Phase.SEQUENCE.Study_Instruction	LOADING RESOURCE SURFACE FROM DISK
1564928.92	Study_Phase.SEQUENCE.Study_Instruction	LOADING RESOURCE SURFACE FROM DISK
1573247.618	Study_Phase.SEQUENCE.Study_Instruction	LOADING RESOURCE SURFACE FROM DISK
1580006.848	Study_Phase.SEQUENCE.DISPLAY_SCREEN	LOADING RESOURCE SURFACE FROM DISK
1581520.889	Study_Phase.SEQUENCE.Study_Instruction	LOADING RESOURCE SURFACE FROM DISK
1588273.624	Study_Phase.SEQUENCE.DISPLAY_SCREEN	LOADING RESOURCE SURFACE FROM DISK
1589826.013	Study_Phase.SEQUENCE.Study_Instruction	LOADING RESOURCE SURFACE FROM DISK
1596590.191	Study_Phase.SEQUENCE.DISPLAY_SCREEN	LOADING RESOURCE SURFACE FROM DISK
1598104.298	Study_Phase.SEQUENCE.Study_Instruction	LOADING RESOURCE SURFACE FROM DISK
1606413.001	Study_Phase.SEQUENCE.Study_Instruction	LOADING RESOURCE SURFACE FROM DISK
1613173.768	Study_Phase.SEQUENCE.DISPLAY_SCREEN	LOADING RESOURCE SURFACE FROM DISK
1614722.107	Study_Phase.SEQUENCE.Study_Instruction	LOADING RESOURCE SURFACE FROM DISK
1621473.583	Study_Phase.SEQUENCE.DISPLAY_SCREEN	LOADING RESOURCE SURFACE FROM DISK
1622987.556	Study_Phase.SEQUENCE.Study_Instruction	LOADING RESOURCE SURFACE FROM DISK
1629740.275	Study_Phase.SEQUENCE.DISPLAY_SCREEN	LOADING RESOURCE SURFACE FROM DISK
1631304.492	Study_Phase.SEQUENCE.Study_Instruction	LOADING RESOURCE SURFACE FROM DISK
1638057.007	Study_Phase.SEQUENCE.DISPLAY_SCREEN	LOADING RESOURCE SURFACE FROM DISK
1639612.854	Study_Phase.SEQUENCE.Study_Instruction	LOADING RESOURCE SURFACE FROM DISK
1647887.431	Study_Phase.SEQUENCE.Study_Instruction	LOADING RESOURCE SURFACE FROM DISK
1654640.019	Study_Phase.SEQUENCE.DISPLAY_SCREEN	LOADING RESOURCE SURFACE FROM DISK
1656191.613	Study_Phase.SEQUENCE.Study_Instruction	LOADING RESOURCE SURFACE FROM DISK
1662957.073	Study_Phase.SEQUENCE.DISPLAY_SCREEN	LOADING RESOURCE SURFACE FROM DISK
1664508.346	Study_Phase.SEQUENCE.Study_Instruction	LOADING RESOURCE SURFACE FROM DISK
1671273.532	Study_Phase.SEQUENCE.DISPLAY_SCREEN	LOADING RESOURCE SURFACE FROM DISK
1672823.52	Study_Phase.SEQUENCE.Study_Instruction	LOADING RESOURCE SURFACE FROM DISK
1679573.732	Study_Phase.SEQUENCE.DISPLAY_SCREEN	LOADING RESOURCE SURFACE FROM DISK
1681087.649	Study_Phase.SEQUENCE.Study_Instruction	LOADING RESOURCE SURFACE FROM DISK
1689388.799	Study_Phase.SEQUENCE.Study_Instruction	LOADING RESOURCE SURFACE FROM DISK
1696140.422	Study_Phase.SEQUENCE.DISPLAY_SCREEN	LOADING RESOURCE SURFACE FROM DISK
1697690.775	Study_Phase.SEQUENCE.Study_Instruction	LOADING RESOURCE SURFACE FROM DISK
1704423.473	Study_Phase.SEQUENCE.DISPLAY_SCREEN	LOADING RESOURCE SURFACE FROM DISK
1705974.578	Study_Phase.SEQUENCE.Study_Instruction	LOADING RESOURCE SURFACE FROM DISK
1714278.831	Study_Phase.SEQUENCE.Study_Instruction	LOADING RESOURCE SURFACE FROM DISK
1721040.179	Study_Phase.SEQUENCE.DISPLAY_SCREEN	LOADING RESOURCE SURFACE FROM DISK
1722587.655	Study_Phase.SEQUENCE.Study_Instruction	LOADING RESOURCE SURFACE FROM DISK
1729340.215	Study_Phase.SEQUENCE.DISPLAY_SCREEN	LOADING RESOURCE SURFACE FROM DISK
1730854.182	Study_Phase.SEQUENCE.Study_Instruction	LOADING RESOURCE SURFACE FROM DISK
1739154.229	Study_Phase.SEQUENCE.Study_Instruction	LOADING RESOURCE SURFACE FROM DISK
1745906.948	Study_Phase.SEQUENCE.DISPLAY_SCREEN	LOADING RESOURCE SURFACE FROM DISK
1747420.866	Study_Phase.SEQUENCE.Study_Instruction	LOADING RESOURCE SURFACE FROM DISK
1755723.355	Study_Phase.SEQUENCE.Study_Instruction	LOADING RESOURCE SURFACE FROM DISK
1763987.048	Study_Phase.SEQUENCE.Study_Instruction	LOADING RESOURCE SURFACE FROM DISK
1772276.317	Study_Phase.SEQUENCE.Study_Instruction	LOADING RESOURCE SURFACE FROM DISK
1777010.268	DISPLAY_SCREEN[7]	LOADING RESOURCE SURFACE FROM DISK
2001407.078	Test_Phase.SEQUENCE.Target_Cue	LOADING RESOURCE SURFACE FROM DISK
2001408.835	Test_Phase.SEQUENCE.Target_Cue	LOADING RESOURCE SURFACE FROM DISK
2003437.049	Test_Phase.SEQUENCE.Word	LOADING RESOURCE SURFACE FROM DISK
2006453.472	Test_Phase.SEQUENCE.Test_Question	LOADING RESOURCE SURFACE FROM DISK
2006490.128	Test_Phase.SEQUENCE.Test_Question	LOADING RESOURCE SURFACE FROM DISK
2006502.675	Test_Phase.SEQUENCE.Test_Question	LOADING RESOURCE SURFACE FROM DISK
2006511.367	Test_Phase.SEQUENCE.Test_Question	LOADING RESOURCE SURFACE FROM DISK
2006513.117	Test_Phase.SEQUENCE.Test_Question	LOADING RESOURCE SURFACE FROM DISK
2006514.972	Test_Phase.SEQUENCE.Test_Question	LOADING RESOURCE SURFACE FROM DISK
2006516.751	Test_Phase.SEQUENCE.Test_Question	LOADING RESOURCE SURFACE FROM DISK
2006518.451	Test_Phase.SEQUENCE.Test_Question	LOADING RESOURCE SURFACE FROM DISK
2006527.203	Test_Phase.SEQUENCE.Test_Question	LOADING RESOURCE SURFACE FROM DISK
2006528.895	Test_Phase.SEQUENCE.Test_Question	LOADING RESOURCE SURFACE FROM DISK
2006542.598	Test_Phase.SEQUENCE.Test_Question	LOADING RESOURCE SURFACE FROM DISK
2006544.346	Test_Phase.SEQUENCE.Test_Question	LOADING RESOURCE SURFACE FROM DISK
2012703.821	Test_Phase.SEQUENCE.Word	LOADING RESOURCE SURFACE FROM DISK
2021136.636	Test_Phase.SEQUENCE.Word	LOADING RESOURCE SURFACE FROM DISK
2028879.501	Test_Phase.SEQUENCE.Word	LOADING RESOURCE SURFACE FROM DISK
2036756.107	Test_Phase.SEQUENCE.Word	LOADING RESOURCE SURFACE FROM DISK
2044686.917	Test_Phase.SEQUENCE.Word	LOADING RESOURCE SURFACE FROM DISK
2052305.07	Test_Phase.SEQUENCE.Word	LOADING RESOURCE SURFACE FROM DISK
2059920.31	Test_Phase.SEQUENCE.Word	LOADING RESOURCE SURFACE FROM DISK
2068820.238	Test_Phase.SEQUENCE.Word	LOADING RESOURCE SURFACE FROM DISK
2076453.623	Test_Phase.SEQUENCE.Word	LOADING RESOURCE SURFACE FROM DISK
2084003.713	Test_Phase.SEQUENCE.Word	LOADING RESOURCE SURFACE FROM DISK
2091876.406	Test_Phase.SEQUENCE.Word	LOADING RESOURCE SURFACE FROM DISK
2099337.211	Test_Phase.SEQUENCE.Word	LOADING RESOURCE SURFACE FROM DISK
2106720.644	Test_Phase.SEQUENCE.Word	LOADING RESOURCE SURFACE FROM DISK
2114537.07	Test_Phase.SEQUENCE.Word	LOADING RESOURCE SURFACE FROM DISK
2121854.621	Test_Phase.SEQUENCE.Word	LOADING RESOURCE SURFACE FROM DISK
2129842.576	Test_Phase.SEQUENCE.Word	LOADING RESOURCE SURFACE FROM DISK
2137676.744	Test_Phase.SEQUENCE.Word	LOADING RESOURCE SURFACE FROM DISK
2146120.34	Test_Phase.SEQUENCE.Word	LOADING RESOURCE SURFACE FROM DISK
2153170.383	Test_Phase.SEQUENCE.Word	LOADING RESOURCE SURFACE FROM DISK
2160520.529	Test_Phase.SEQUENCE.Word	LOADING RESOURCE SURFACE FROM DISK
2167909.206	Test_Phase.SEQUENCE.Word	LOADING RESOURCE SURFACE FROM DISK
2175374.647	Test_Phase.SEQUENCE.Word	LOADING RESOURCE SURFACE FROM DISK
2182970.24	Test_Phase.SEQUENCE.Word	LOADING RESOURCE SURFACE FROM DISK
2190970.304	Test_Phase.SEQUENCE.Word	LOADING RESOURCE SURFACE FROM DISK
2198886.917	Test_Phase.SEQUENCE.Word	LOADING RESOURCE SURFACE FROM DISK
2206336.986	Test_Phase.SEQUENCE.Word	LOADING RESOURCE SURFACE FROM DISK
2213437.032	Test_Phase.SEQUENCE.Word	LOADING RESOURCE SURFACE FROM DISK
2220470.19	Test_Phase.SEQUENCE.Word	LOADING RESOURCE SURFACE FROM DISK
2227620.268	Test_Phase.SEQUENCE.Word	LOADING RESOURCE SURFACE FROM DISK
2234903.631	Test_Phase.SEQUENCE.Word	LOADING RESOURCE SURFACE FROM DISK
2242270.37	Test_Phase.SEQUENCE.Word	LOADING RESOURCE SURFACE FROM DISK
2249595.396	Test_Phase.SEQUENCE.Word	LOADING RESOURCE SURFACE FROM DISK
2256886.879	Test_Phase.SEQUENCE.Word	LOADING RESOURCE SURFACE FROM DISK
2264070.764	Test_Phase.SEQUENCE.Word	LOADING RESOURCE SURFACE FROM DISK
2272120.229	Test_Phase.SEQUENCE.Word	LOADING RESOURCE SURFACE FROM DISK
2279548.338	Test_Phase.SEQUENCE.Word	LOADING RESOURCE SURFACE FROM DISK
2287820.607	Test_Phase.SEQUENCE.Word	LOADING RESOURCE SURFACE FROM DISK
2295503.624	Test_Phase.SEQUENCE.Word	LOADING RESOURCE SURFACE FROM DISK
2311327.306	Test_Phase.SEQUENCE.Word	LOADING RESOURCE SURFACE FROM DISK
2318487.11	Test_Phase.SEQUENCE.Word	LOADING RESOURCE SURFACE FROM DISK
2325791.663	Test_Phase.SEQUENCE.Word	LOADING RESOURCE SURFACE FROM DISK
2333003.544	Test_Phase.SEQUENCE.Word	LOADING RESOURCE SURFACE FROM DISK
2340853.912	Test_Phase.SEQUENCE.Word	LOADING RESOURCE SURFACE FROM DISK
2348237.005	Test_Phase.SEQUENCE.Word	LOADING RESOURCE SURFACE FROM DISK
2355370.38	Test_Phase.SEQUENCE.Word	LOADING RESOURCE SURFACE FROM DISK
2363303.726	Test_Phase.SEQUENCE.Word	LOADING RESOURCE SURFACE FROM DISK
2370737.11	Test_Phase.SEQUENCE.Word	LOADING RESOURCE SURFACE FROM DISK
2378370.217	Test_Phase.SEQUENCE.Word	LOADING RESOURCE SURFACE FROM DISK
2385691.766	Test_Phase.SEQUENCE.Word	LOADING RESOURCE SURFACE FROM DISK
2392978.472	Test_Phase.SEQUENCE.Word	LOADING RESOURCE SURFACE FROM DISK
2400287.154	Test_Phase.SEQUENCE.Word	LOADING RESOURCE SURFACE FROM DISK
2407690.051	Test_Phase.SEQUENCE.Word	LOADING RESOURCE SURFACE FROM DISK
2414903.286	Test_Phase.SEQUENCE.Word	LOADING RESOURCE SURFACE FROM DISK
2422189.389	Test_Phase.SEQUENCE.Word	LOADING RESOURCE SURFACE FROM DISK
2429244.421	Test_Phase.SEQUENCE.Word	LOADING RESOURCE SURFACE FROM DISK
2436570.271	Test_Phase.SEQUENCE.Word	LOADING RESOURCE SURFACE FROM DISK
2445953.562	Test_Phase.SEQUENCE.Word	LOADING RESOURCE SURFACE FROM DISK
2453089.076	Test_Phase.SEQUENCE.Word	LOADING RESOURCE SURFACE FROM DISK
2460137.156	Test_Phase.SEQUENCE.Word	LOADING RESOURCE SURFACE FROM DISK
2467703.622	Test_Phase.SEQUENCE.Word	LOADING RESOURCE SURFACE FROM DISK
2475053.582	Test_Phase.SEQUENCE.Word	LOADING RESOURCE SURFACE FROM DISK
2482210.86	Test_Phase.SEQUENCE.Word	LOADING RESOURCE SURFACE FROM DISK
2489303.77	Test_Phase.SEQUENCE.Word	LOADING RESOURCE SURFACE FROM DISK
2496420.502	Test_Phase.SEQUENCE.Word	LOADING RESOURCE SURFACE FROM DISK
2503809.421	Test_Phase.SEQUENCE.Word	LOADING RESOURCE SURFACE FROM DISK
2510953.561	Test_Phase.SEQUENCE.Word	LOADING RESOURCE SURFACE FROM DISK
2518070.239	Test_Phase.SEQUENCE.Word	LOADING RESOURCE SURFACE FROM DISK
2525120.302	Test_Phase.SEQUENCE.Word	LOADING RESOURCE SURFACE FROM DISK
2532470.314	Test_Phase.SEQUENCE.Word	LOADING RESOURCE SURFACE FROM DISK
2539830.579	Test_Phase.SEQUENCE.Word	LOADING RESOURCE SURFACE FROM DISK
2547087.121	Test_Phase.SEQUENCE.Word	LOADING RESOURCE SURFACE FROM DISK
2554253.684	Test_Phase.SEQUENCE.Word	LOADING RESOURCE SURFACE FROM DISK
2561831.623	Test_Phase.SEQUENCE.Word	LOADING RESOURCE SURFACE FROM DISK
2569230.159	Test_Phase.SEQUENCE.Word	LOADING RESOURCE SURFACE FROM DISK
2576520.669	Test_Phase.SEQUENCE.Word	LOADING RESOURCE SURFACE FROM DISK
2584070.307	Test_Phase.SEQUENCE.Word	LOADING RESOURCE SURFACE FROM DISK
2591619.493	Test_Phase.SEQUENCE.Word	LOADING RESOURCE SURFACE FROM DISK
2598753.594	Test_Phase.SEQUENCE.Word	LOADING RESOURCE SURFACE FROM DISK
2606339.516	Test_Phase.SEQUENCE.Word	LOADING RESOURCE SURFACE FROM DISK
2613507.552	Test_Phase.SEQUENCE.Word	LOADING RESOURCE SURFACE FROM DISK
2620903.828	Test_Phase.SEQUENCE.Word	LOADING RESOURCE SURFACE FROM DISK
2628819.445	Test_Phase.SEQUENCE.Word	LOADING RESOURCE SURFACE FROM DISK
2636729.163	Test_Phase.SEQUENCE.Word	LOADING RESOURCE SURFACE FROM DISK
2644454.108	Test_Phase.SEQUENCE.Word	LOADING RESOURCE SURFACE FROM DISK
2652186.909	Test_Phase.SEQUENCE.Word	LOADING RESOURCE SURFACE FROM DISK
2659953.629	Test_Phase.SEQUENCE.Word	LOADING RESOURCE SURFACE FROM DISK
2667353.677	Test_Phase.SEQUENCE.Word	LOADING RESOURCE SURFACE FROM DISK
2674953.797	Test_Phase.SEQUENCE.Word	LOADING RESOURCE SURFACE FROM DISK
2682370.138	Test_Phase.SEQUENCE.Word	LOADING RESOURCE SURFACE FROM DISK
2689486.971	Test_Phase.SEQUENCE.Word	LOADING RESOURCE SURFACE FROM DISK
2696653.651	Test_Phase.SEQUENCE.Word	LOADING RESOURCE SURFACE FROM DISK
2703970.184	Test_Phase.SEQUENCE.Word	LOADING RESOURCE SURFACE FROM DISK
2711408.3	Test_Phase.SEQUENCE.Word	LOADING RESOURCE SURFACE FROM DISK
2719103.77	Test_Phase.SEQUENCE.Word	LOADING RESOURCE SURFACE FROM DISK
2726436.986	Test_Phase.SEQUENCE.Word	LOADING RESOURCE SURFACE FROM DISK
2734153.779	Test_Phase.SEQUENCE.Word	LOADING RESOURCE SURFACE FROM DISK
2741737.599	Test_Phase.SEQUENCE.Word	LOADING RESOURCE SURFACE FROM DISK
2749056.627	Test_Phase.SEQUENCE.Word	LOADING RESOURCE SURFACE FROM DISK
2756203.454	Test_Phase.SEQUENCE.Word	LOADING RESOURCE SURFACE FROM DISK
2763405.052	Test_Phase.SEQUENCE.Word	LOADING RESOURCE SURFACE FROM DISK
2770770.536	Test_Phase.SEQUENCE.Word	LOADING RESOURCE SURFACE FROM DISK
2778270.502	Test_Phase.SEQUENCE.Word	LOADING RESOURCE SURFACE FROM DISK
2785522.35	Test_Phase.SEQUENCE.Word	LOADING RESOURCE SURFACE FROM DISK
2792887.09	Test_Phase.SEQUENCE.Word	LOADING RESOURCE SURFACE FROM DISK
2800420.267	Test_Phase.SEQUENCE.Word	LOADING RESOURCE SURFACE FROM DISK
2807753.749	Test_Phase.SEQUENCE.Word	LOADING RESOURCE SURFACE FROM DISK
2815187.873	Test_Phase.SEQUENCE.Word	LOADING RESOURCE SURFACE FROM DISK
2823021.09	Test_Phase.SEQUENCE.Word	LOADING RESOURCE SURFACE FROM DISK
2830503.606	Test_Phase.SEQUENCE.Word	LOADING RESOURCE SURFACE FROM DISK
2838437.068	Test_Phase.SEQUENCE.Word	LOADING RESOURCE SURFACE FROM DISK
2847874.722	Test_Phase.SEQUENCE.Word	LOADING RESOURCE SURFACE FROM DISK
2855175.507	Test_Phase.SEQUENCE.Word	LOADING RESOURCE SURFACE FROM DISK
2862638.089	Test_Phase.SEQUENCE.Word	LOADING RESOURCE SURFACE FROM DISK
2869887.25	Test_Phase.SEQUENCE.Word	LOADING RESOURCE SURFACE FROM DISK
2878170.228	Test_Phase.SEQUENCE.Word	LOADING RESOURCE SURFACE FROM DISK
2885653.773	Test_Phase.SEQUENCE.Word	LOADING RESOURCE SURFACE FROM DISK
2893409.302	Test_Phase.SEQUENCE.Word	LOADING RESOURCE SURFACE FROM DISK
2901020.349	Test_Phase.SEQUENCE.Word	LOADING RESOURCE SURFACE FROM DISK
2908037.135	Test_Phase.SEQUENCE.Word	LOADING RESOURCE SURFACE FROM DISK
2915420.374	Test_Phase.SEQUENCE.Word	LOADING RESOURCE SURFACE FROM DISK
2922886.911	Test_Phase.SEQUENCE.Word	LOADING RESOURCE SURFACE FROM DISK
2930928.797	Test_Phase.SEQUENCE.Word	LOADING RESOURCE SURFACE FROM DISK
2938473.981	Test_Phase.SEQUENCE.Word	LOADING RESOURCE SURFACE FROM DISK
2945854.022	Test_Phase.SEQUENCE.Word	LOADING RESOURCE SURFACE FROM DISK
2953137.098	Test_Phase.SEQUENCE.Word	LOADING RESOURCE SURFACE FROM DISK
2960837.009	Test_Phase.SEQUENCE.Word	LOADING RESOURCE SURFACE FROM DISK
2968087.094	Test_Phase.SEQUENCE.Word	LOADING RESOURCE SURFACE FROM DISK
2975403.586	Test_Phase.SEQUENCE.Word	LOADING RESOURCE SURFACE FROM DISK
2982794.521	Test_Phase.SEQUENCE.Word	LOADING RESOURCE SURFACE FROM DISK
2990187.079	Test_Phase.SEQUENCE.Word	LOADING RESOURCE SURFACE FROM DISK
2997936.988	Test_Phase.SEQUENCE.Word	LOADING RESOURCE SURFACE FROM DISK
3005037.016	Test_Phase.SEQUENCE.Word	LOADING RESOURCE SURFACE FROM DISK
3012103.759	Test_Phase.SEQUENCE.Word	LOADING RESOURCE SURFACE FROM DISK
3019387.104	Test_Phase.SEQUENCE.Word	LOADING RESOURCE SURFACE FROM DISK
3026803.355	Test_Phase.SEQUENCE.Word	LOADING RESOURCE SURFACE FROM DISK
3033987.059	Test_Phase.SEQUENCE.Word	LOADING RESOURCE SURFACE FROM DISK
3041120.3	Test_Phase.SEQUENCE.Word	LOADING RESOURCE SURFACE FROM DISK
3048170.301	Test_Phase.SEQUENCE.Word	LOADING RESOURCE SURFACE FROM DISK
3055337.092	Test_Phase.SEQUENCE.Word	LOADING RESOURCE SURFACE FROM DISK
3062620.294	Test_Phase.SEQUENCE.Word	LOADING RESOURCE SURFACE FROM DISK
3069755.798	Test_Phase.SEQUENCE.Word	LOADING RESOURCE SURFACE FROM DISK
3077020.196	Test_Phase.SEQUENCE.Word	LOADING RESOURCE SURFACE FROM DISK
3084253.911	Test_Phase.SEQUENCE.Word	LOADING RESOURCE SURFACE FROM DISK
3091523.758	Test_Phase.SEQUENCE.Word	LOADING RESOURCE SURFACE FROM DISK
3098786.994	Test_Phase.SEQUENCE.Word	LOADING RESOURCE SURFACE FROM DISK
3106153.794	Test_Phase.SEQUENCE.Word	LOADING RESOURCE SURFACE FROM DISK
3113286.951	Test_Phase.SEQUENCE.Word	LOADING RESOURCE SURFACE FROM DISK
3120620.333	Test_Phase.SEQUENCE.Word	LOADING RESOURCE SURFACE FROM DISK
3128403.686	Test_Phase.SEQUENCE.Word	LOADING RESOURCE SURFACE FROM DISK
3135403.59	Test_Phase.SEQUENCE.Word	LOADING RESOURCE SURFACE FROM DISK
3142691.005	Test_Phase.SEQUENCE.Word	LOADING RESOURCE SURFACE FROM DISK
3149720.609	Test_Phase.SEQUENCE.Word	LOADING RESOURCE SURFACE FROM DISK
3156878.121	Test_Phase.SEQUENCE.Word	LOADING RESOURCE SURFACE FROM DISK
3164186.953	Test_Phase.SEQUENCE.Word	LOADING RESOURCE SURFACE FROM DISK
3172744.481	Test_Phase.SEQUENCE.Word	LOADING RESOURCE SURFACE FROM DISK
3180087.001	Test_Phase.SEQUENCE.Word	LOADING RESOURCE SURFACE FROM DISK
3187603.772	Test_Phase.SEQUENCE.Word	LOADING RESOURCE SURFACE FROM DISK
3194953.944	Test_Phase.SEQUENCE.Word	LOADING RESOURCE SURFACE FROM DISK
3202621.75	Test_Phase.SEQUENCE.Word	LOADING RESOURCE SURFACE FROM DISK
3209853.67	Test_Phase.SEQUENCE.Word	LOADING RESOURCE SURFACE FROM DISK
3217337.03	Test_Phase.SEQUENCE.Word	LOADING RESOURCE SURFACE FROM DISK
3224386.861	Test_Phase.SEQUENCE.Word	LOADING RESOURCE SURFACE FROM DISK
3231603.83	Test_Phase.SEQUENCE.Word	LOADING RESOURCE SURFACE FROM DISK
3238930.35	Test_Phase.SEQUENCE.Word	LOADING RESOURCE SURFACE FROM DISK
3246053.846	Test_Phase.SEQUENCE.Word	LOADING RESOURCE SURFACE FROM DISK
3253158.445	Test_Phase.SEQUENCE.Word	LOADING RESOURCE SURFACE FROM DISK
3260370.706	Test_Phase.SEQUENCE.Word	LOADING RESOURCE SURFACE FROM DISK
3267587.037	Test_Phase.SEQUENCE.Word	LOADING RESOURCE SURFACE FROM DISK
3274753.601	Test_Phase.SEQUENCE.Word	LOADING RESOURCE SURFACE FROM DISK
3281937.029	Test_Phase.SEQUENCE.Word	LOADING RESOURCE SURFACE FROM DISK
3289120.741	Test_Phase.SEQUENCE.Word	LOADING RESOURCE SURFACE FROM DISK
3296777.733	Test_Phase.SEQUENCE.Word	LOADING RESOURCE SURFACE FROM DISK
3303903.784	Test_Phase.SEQUENCE.Word	LOADING RESOURCE SURFACE FROM DISK
3311109.208	Test_Phase.SEQUENCE.Word	LOADING RESOURCE SURFACE FROM DISK
3318503.77	Test_Phase.SEQUENCE.Word	LOADING RESOURCE SURFACE FROM DISK
3325887.281	Test_Phase.SEQUENCE.Word	LOADING RESOURCE SURFACE FROM DISK
3332920.311	Test_Phase.SEQUENCE.Word	LOADING RESOURCE SURFACE FROM DISK
3340003.449	Test_Phase.SEQUENCE.Word	LOADING RESOURCE SURFACE FROM DISK
3347325.827	Test_Phase.SEQUENCE.Word	LOADING RESOURCE SURFACE FROM DISK
3354493.591	Test_Phase.SEQUENCE.Word	LOADING RESOURCE SURFACE FROM DISK
3361570.29	Test_Phase.SEQUENCE.Word	LOADING RESOURCE SURFACE FROM DISK
3368637.316	Test_Phase.SEQUENCE.Word	LOADING RESOURCE SURFACE FROM DISK
3375770.232	Test_Phase.SEQUENCE.Word	LOADING RESOURCE SURFACE FROM DISK
3382937.036	Test_Phase.SEQUENCE.Word	LOADING RESOURCE SURFACE FROM DISK
3390103.699	Test_Phase.SEQUENCE.Word	LOADING RESOURCE SURFACE FROM DISK
3397353.704	Test_Phase.SEQUENCE.Word	LOADING RESOURCE SURFACE FROM DISK
3404404.202	Test_Phase.SEQUENCE.Word	LOADING RESOURCE SURFACE FROM DISK
3411425.087	Test_Phase.SEQUENCE.Word	LOADING RESOURCE SURFACE FROM DISK
3419003.67	Test_Phase.SEQUENCE.Word	LOADING RESOURCE SURFACE FROM DISK
3426187.095	Test_Phase.SEQUENCE.Word	LOADING RESOURCE SURFACE FROM DISK
3434170.367	Test_Phase.SEQUENCE.Word	LOADING RESOURCE SURFACE FROM DISK
3441792.869	Test_Phase.SEQUENCE.Word	LOADING RESOURCE SURFACE FROM DISK
3449070.214	Test_Phase.SEQUENCE.Word	LOADING RESOURCE SURFACE FROM DISK
3456370.292	Test_Phase.SEQUENCE.Word	LOADING RESOURCE SURFACE FROM DISK
3463628.045	Test_Phase.SEQUENCE.Word	LOADING RESOURCE SURFACE FROM DISK
3470853.911	Test_Phase.SEQUENCE.Word	LOADING RESOURCE SURFACE FROM DISK
3478170.094	Test_Phase.SEQUENCE.Word	LOADING RESOURCE SURFACE FROM DISK
3485624.83	Test_Phase.SEQUENCE.Word	LOADING RESOURCE SURFACE FROM DISK
3489511.994	DISPLAY_SCREEN	LOADING RESOURCE SURFACE FROM DISK
