4473.969	DISPLAY_SCREEN[1]	LOADING RESOURCE SURFACE FROM DISK
699695.814	Familiarization_Phase.SEQUENCE.Cue_and_Instruction	LOADING RESOURCE SURFACE FROM DISK
699699.687	Familiarization_Phase.SEQUENCE.Cue_and_Instruction	LOADING RESOURCE SURFACE FROM DISK
705737.033	Familiarization_Phase.SEQUENCE.Cue_and_Instruction	LOADING RESOURCE SURFACE FROM DISK
705741.232	Familiarization_Phase.SEQUENCE.Cue_and_Instruction	LOADING RESOURCE SURFACE FROM DISK
711787.461	Familiarization_Phase.SEQUENCE.Cue_and_Instruction	LOADING RESOURCE SURFACE FROM DISK
711791.799	Familiarization_Phase.SEQUENCE.Cue_and_Instruction	LOADING RESOURCE SURFACE FROM DISK
753919.746	DISPLAY_SCREEN[3]	LOADING RESOURCE SURFACE FROM DISK
873890.255	DISPLAY_SCREEN[5]	LOADING RESOURCE SURFACE FROM DISK
923811.492	Practice_Phase.SEQUENCE.Blink_Screen	LOADING RESOURCE SURFACE FROM DISK
925015.432	Practice_Phase.SEQUENCE.Luminance_Cue[1]	LOADING RESOURCE SURFACE FROM DISK
925017.873	Practice_Phase.SEQUENCE.Luminance_Cue[1]	LOADING RESOURCE SURFACE FROM DISK
925515.158	Practice_Phase.SEQUENCE.Practice_Instruction	LOADING RESOURCE SURFACE FROM DISK
925517.465	Practice_Phase.SEQUENCE.Practice_Instruction	LOADING RESOURCE SURFACE FROM DISK
929015.207	Practice_Phase.SEQUENCE.Action_cue[1]	LOADING RESOURCE SURFACE FROM DISK
933581.863	Practice_Phase.SEQUENCE.Practice_Instruction	LOADING RESOURCE SURFACE FROM DISK
933584.26	Practice_Phase.SEQUENCE.Practice_Instruction	LOADING RESOURCE SURFACE FROM DISK
941648.45	Practice_Phase.SEQUENCE.Practice_Instruction	LOADING RESOURCE SURFACE FROM DISK
941650.772	Practice_Phase.SEQUENCE.Practice_Instruction	LOADING RESOURCE SURFACE FROM DISK
949715.177	Practice_Phase.SEQUENCE.Practice_Instruction	LOADING RESOURCE SURFACE FROM DISK
949717.49	Practice_Phase.SEQUENCE.Practice_Instruction	LOADING RESOURCE SURFACE FROM DISK
957781.582	Practice_Phase.SEQUENCE.Practice_Instruction	LOADING RESOURCE SURFACE FROM DISK
957783.954	Practice_Phase.SEQUENCE.Practice_Instruction	LOADING RESOURCE SURFACE FROM DISK
965848.71	Practice_Phase.SEQUENCE.Practice_Instruction	LOADING RESOURCE SURFACE FROM DISK
965851.157	Practice_Phase.SEQUENCE.Practice_Instruction	LOADING RESOURCE SURFACE FROM DISK
973915.244	Practice_Phase.SEQUENCE.Practice_Instruction	LOADING RESOURCE SURFACE FROM DISK
973917.58	Practice_Phase.SEQUENCE.Practice_Instruction	LOADING RESOURCE SURFACE FROM DISK
981981.881	Practice_Phase.SEQUENCE.Practice_Instruction	LOADING RESOURCE SURFACE FROM DISK
981984.184	Practice_Phase.SEQUENCE.Practice_Instruction	LOADING RESOURCE SURFACE FROM DISK
990048.417	Practice_Phase.SEQUENCE.Practice_Instruction	LOADING RESOURCE SURFACE FROM DISK
990050.828	Practice_Phase.SEQUENCE.Practice_Instruction	LOADING RESOURCE SURFACE FROM DISK
996211.282	DISPLAY_SCREEN[2]	LOADING RESOURCE SURFACE FROM DISK
1181471.129	Study_Phase.SEQUENCE.Study_Instruction	LOADING RESOURCE SURFACE FROM DISK
1189740.309	Study_Phase.SEQUENCE.Study_Instruction	LOADING RESOURCE SURFACE FROM DISK
1189742.56	Study_Phase.SEQUENCE.Study_Instruction	LOADING RESOURCE SURFACE FROM DISK
1198020.31	Study_Phase.SEQUENCE.Study_Instruction	LOADING RESOURCE SURFACE FROM DISK
1206286.799	Study_Phase.SEQUENCE.Study_Instruction	LOADING RESOURCE SURFACE FROM DISK
1214557.348	Study_Phase.SEQUENCE.Study_Instruction	LOADING RESOURCE SURFACE FROM DISK
1214559.637	Study_Phase.SEQUENCE.Study_Instruction	LOADING RESOURCE SURFACE FROM DISK
1222840.544	Study_Phase.SEQUENCE.Study_Instruction	LOADING RESOURCE SURFACE FROM DISK
1222842.85	Study_Phase.SEQUENCE.Study_Instruction	LOADING RESOURCE SURFACE FROM DISK
1231123.989	Study_Phase.SEQUENCE.Study_Instruction	LOADING RESOURCE SURFACE FROM DISK
1231126.301	Study_Phase.SEQUENCE.Study_Instruction	LOADING RESOURCE SURFACE FROM DISK
1239387.988	Study_Phase.SEQUENCE.Study_Instruction	LOADING RESOURCE SURFACE FROM DISK
1247657.178	Study_Phase.SEQUENCE.Study_Instruction	LOADING RESOURCE SURFACE FROM DISK
1247659.353	Study_Phase.SEQUENCE.Study_Instruction	LOADING RESOURCE SURFACE FROM DISK
1255940.685	Study_Phase.SEQUENCE.Study_Instruction	LOADING RESOURCE SURFACE FROM DISK
1255942.976	Study_Phase.SEQUENCE.Study_Instruction	LOADING RESOURCE SURFACE FROM DISK
1264203.436	Study_Phase.SEQUENCE.Study_Instruction	LOADING RESOURCE SURFACE FROM DISK
1272473.911	Study_Phase.SEQUENCE.Study_Instruction	LOADING RESOURCE SURFACE FROM DISK
1272476.215	Study_Phase.SEQUENCE.Study_Instruction	LOADING RESOURCE SURFACE FROM DISK
1280757.164	Study_Phase.SEQUENCE.Study_Instruction	LOADING RESOURCE SURFACE FROM DISK
1280759.4	Study_Phase.SEQUENCE.Study_Instruction	LOADING RESOURCE SURFACE FROM DISK
1289003.456	Study_Phase.SEQUENCE.Study_Instruction	LOADING RESOURCE SURFACE FROM DISK
1297273.867	Study_Phase.SEQUENCE.Study_Instruction	LOADING RESOURCE SURFACE FROM DISK
1297276.136	Study_Phase.SEQUENCE.Study_Instruction	LOADING RESOURCE SURFACE FROM DISK
1305554.869	Study_Phase.SEQUENCE.Study_Instruction	LOADING RESOURCE SURFACE FROM DISK
1313820.237	Study_Phase.SEQUENCE.Study_Instruction	LOADING RESOURCE SURFACE FROM DISK
1322086.733	Study_Phase.SEQUENCE.Study_Instruction	LOADING RESOURCE SURFACE FROM DISK
1330353.494	Study_Phase.SEQUENCE.Study_Instruction	LOADING RESOURCE SURFACE FROM DISK
1338657.13	Study_Phase.SEQUENCE.Study_Instruction	LOADING RESOURCE SURFACE FROM DISK
1338659.387	Study_Phase.SEQUENCE.Study_Instruction	LOADING RESOURCE SURFACE FROM DISK
1346938.109	Study_Phase.SEQUENCE.Study_Instruction	LOADING RESOURCE SURFACE FROM DISK
1355173.894	Study_Phase.SEQUENCE.Study_Instruction	LOADING RESOURCE SURFACE FROM DISK
1355175.993	Study_Phase.SEQUENCE.Study_Instruction	LOADING RESOURCE SURFACE FROM DISK
1363453.511	Study_Phase.SEQUENCE.Study_Instruction	LOADING RESOURCE SURFACE FROM DISK
1371720.119	Study_Phase.SEQUENCE.Study_Instruction	LOADING RESOURCE SURFACE FROM DISK
1379987.877	Study_Phase.SEQUENCE.Study_Instruction	LOADING RESOURCE SURFACE FROM DISK
1388257.108	Study_Phase.SEQUENCE.Study_Instruction	LOADING RESOURCE SURFACE FROM DISK
1388259.284	Study_Phase.SEQUENCE.Study_Instruction	LOADING RESOURCE SURFACE FROM DISK
1396537.976	Study_Phase.SEQUENCE.Study_Instruction	LOADING RESOURCE SURFACE FROM DISK
1404786.844	Study_Phase.SEQUENCE.Study_Instruction	LOADING RESOURCE SURFACE FROM DISK
1413057.228	Study_Phase.SEQUENCE.Study_Instruction	LOADING RESOURCE SURFACE FROM DISK
1413059.53	Study_Phase.SEQUENCE.Study_Instruction	LOADING RESOURCE SURFACE FROM DISK
1421336.848	Study_Phase.SEQUENCE.Study_Instruction	LOADING RESOURCE SURFACE FROM DISK
1429604.714	Study_Phase.SEQUENCE.Study_Instruction	LOADING RESOURCE SURFACE FROM DISK
1437873.946	Study_Phase.SEQUENCE.Study_Instruction	LOADING RESOURCE SURFACE FROM DISK
1437876.158	Study_Phase.SEQUENCE.Study_Instruction	LOADING RESOURCE SURFACE FROM DISK
1446120.209	Study_Phase.SEQUENCE.Study_Instruction	LOADING RESOURCE SURFACE FROM DISK
1454387.949	Study_Phase.SEQUENCE.Study_Instruction	LOADING RESOURCE SURFACE FROM DISK
1462657.03	Study_Phase.SEQUENCE.Study_Instruction	LOADING RESOURCE SURFACE FROM DISK
1462659.266	Study_Phase.SEQUENCE.Study_Instruction	LOADING RESOURCE SURFACE FROM DISK
1470937.002	Study_Phase.SEQUENCE.Study_Instruction	LOADING RESOURCE SURFACE FROM DISK
1479204.715	Study_Phase.SEQUENCE.Study_Instruction	LOADING RESOURCE SURFACE FROM DISK
1487473.923	Study_Phase.SEQUENCE.Study_Instruction	LOADING RESOURCE SURFACE FROM DISK
1487476.025	Study_Phase.SEQUENCE.Study_Instruction	LOADING RESOURCE SURFACE FROM DISK
1495754.607	Study_Phase.SEQUENCE.Study_Instruction	LOADING RESOURCE SURFACE FROM DISK
1504023.864	Study_Phase.SEQUENCE.Study_Instruction	LOADING RESOURCE SURFACE FROM DISK
1504026.098	Study_Phase.SEQUENCE.Study_Instruction	LOADING RESOURCE SURFACE FROM DISK
1512303.565	Study_Phase.SEQUENCE.Study_Instruction	LOADING RESOURCE SURFACE FROM DISK
1520570.276	Study_Phase.SEQUENCE.Study_Instruction	LOADING RESOURCE SURFACE FROM DISK
1528840.688	Study_Phase.SEQUENCE.Study_Instruction	LOADING RESOURCE SURFACE FROM DISK
1528842.951	Study_Phase.SEQUENCE.Study_Instruction	LOADING RESOURCE SURFACE FROM DISK
1537121.232	Study_Phase.SEQUENCE.Study_Instruction	LOADING RESOURCE SURFACE FROM DISK
1545390.676	Study_Phase.SEQUENCE.Study_Instruction	LOADING RESOURCE SURFACE FROM DISK
1545392.813	Study_Phase.SEQUENCE.Study_Instruction	LOADING RESOURCE SURFACE FROM DISK
1553670.169	Study_Phase.SEQUENCE.Study_Instruction	LOADING RESOURCE SURFACE FROM DISK
1561936.845	Study_Phase.SEQUENCE.Study_Instruction	LOADING RESOURCE SURFACE FROM DISK
1570204.583	Study_Phase.SEQUENCE.Study_Instruction	LOADING RESOURCE SURFACE FROM DISK
1578470.087	Study_Phase.SEQUENCE.Study_Instruction	LOADING RESOURCE SURFACE FROM DISK
1586723.776	Study_Phase.SEQUENCE.Study_Instruction	LOADING RESOURCE SURFACE FROM DISK
1586725.87	Study_Phase.SEQUENCE.Study_Instruction	LOADING RESOURCE SURFACE FROM DISK
1595003.399	Study_Phase.SEQUENCE.Study_Instruction	LOADING RESOURCE SURFACE FROM DISK
1603271.246	Study_Phase.SEQUENCE.Study_Instruction	LOADING RESOURCE SURFACE FROM DISK
1611536.821	Study_Phase.SEQUENCE.Study_Instruction	LOADING RESOURCE SURFACE FROM DISK
1619807.106	Study_Phase.SEQUENCE.Study_Instruction	LOADING RESOURCE SURFACE FROM DISK
1619809.191	Study_Phase.SEQUENCE.Study_Instruction	LOADING RESOURCE SURFACE FROM DISK
1628086.727	Study_Phase.SEQUENCE.Study_Instruction	LOADING RESOURCE SURFACE FROM DISK
1636340.272	Study_Phase.SEQUENCE.Study_Instruction	LOADING RESOURCE SURFACE FROM DISK
1636342.502	Study_Phase.SEQUENCE.Study_Instruction	LOADING RESOURCE SURFACE FROM DISK
1644621.355	Study_Phase.SEQUENCE.Study_Instruction	LOADING RESOURCE SURFACE FROM DISK
1652873.716	Study_Phase.SEQUENCE.Study_Instruction	LOADING RESOURCE SURFACE FROM DISK
1652875.801	Study_Phase.SEQUENCE.Study_Instruction	LOADING RESOURCE SURFACE FROM DISK
1661407.015	Study_Phase.SEQUENCE.Study_Instruction	LOADING RESOURCE SURFACE FROM DISK
1661409.237	Study_Phase.SEQUENCE.Study_Instruction	LOADING RESOURCE SURFACE FROM DISK
1669687.92	Study_Phase.SEQUENCE.Study_Instruction	LOADING RESOURCE SURFACE FROM DISK
1677957.462	Study_Phase.SEQUENCE.Study_Instruction	LOADING RESOURCE SURFACE FROM DISK
1677959.621	Study_Phase.SEQUENCE.Study_Instruction	LOADING RESOURCE SURFACE FROM DISK
1686236.894	Study_Phase.SEQUENCE.Study_Instruction	LOADING RESOURCE SURFACE FROM DISK
1694503.564	Study_Phase.SEQUENCE.Study_Instruction	LOADING RESOURCE SURFACE FROM DISK
1702771.31	Study_Phase.SEQUENCE.Study_Instruction	LOADING RESOURCE SURFACE FROM DISK
1711036.807	Study_Phase.SEQUENCE.Study_Instruction	LOADING RESOURCE SURFACE FROM DISK
1719286.75	Study_Phase.SEQUENCE.Study_Instruction	LOADING RESOURCE SURFACE FROM DISK
1727540.606	Study_Phase.SEQUENCE.Study_Instruction	LOADING RESOURCE SURFACE FROM DISK
1727542.737	Study_Phase.SEQUENCE.Study_Instruction	LOADING RESOURCE SURFACE FROM DISK
1735804.675	Study_Phase.SEQUENCE.Study_Instruction	LOADING RESOURCE SURFACE FROM DISK
1744073.812	Study_Phase.SEQUENCE.Study_Instruction	LOADING RESOURCE SURFACE FROM DISK
1744075.934	Study_Phase.SEQUENCE.Study_Instruction	LOADING RESOURCE SURFACE FROM DISK
1752354.74	Study_Phase.SEQUENCE.Study_Instruction	LOADING RESOURCE SURFACE FROM DISK
1760623.925	Study_Phase.SEQUENCE.Study_Instruction	LOADING RESOURCE SURFACE FROM DISK
1760626.118	Study_Phase.SEQUENCE.Study_Instruction	LOADING RESOURCE SURFACE FROM DISK
1768907.201	Study_Phase.SEQUENCE.Study_Instruction	LOADING RESOURCE SURFACE FROM DISK
1768909.562	Study_Phase.SEQUENCE.Study_Instruction	LOADING RESOURCE SURFACE FROM DISK
1777173.896	Study_Phase.SEQUENCE.Study_Instruction	LOADING RESOURCE SURFACE FROM DISK
1777176.233	Study_Phase.SEQUENCE.Study_Instruction	LOADING RESOURCE SURFACE FROM DISK
1785453.402	Study_Phase.SEQUENCE.Study_Instruction	LOADING RESOURCE SURFACE FROM DISK
1793724.075	Study_Phase.SEQUENCE.Study_Instruction	LOADING RESOURCE SURFACE FROM DISK
1793726.379	Study_Phase.SEQUENCE.Study_Instruction	LOADING RESOURCE SURFACE FROM DISK
1802004.706	Study_Phase.SEQUENCE.Study_Instruction	LOADING RESOURCE SURFACE FROM DISK
1810273.886	Study_Phase.SEQUENCE.Study_Instruction	LOADING RESOURCE SURFACE FROM DISK
1810276.174	Study_Phase.SEQUENCE.Study_Instruction	LOADING RESOURCE SURFACE FROM DISK
1818554.88	Study_Phase.SEQUENCE.Study_Instruction	LOADING RESOURCE SURFACE FROM DISK
1826824.115	Study_Phase.SEQUENCE.Study_Instruction	LOADING RESOURCE SURFACE FROM DISK
1826826.299	Study_Phase.SEQUENCE.Study_Instruction	LOADING RESOURCE SURFACE FROM DISK
1835090.608	Study_Phase.SEQUENCE.Study_Instruction	LOADING RESOURCE SURFACE FROM DISK
1835092.888	Study_Phase.SEQUENCE.Study_Instruction	LOADING RESOURCE SURFACE FROM DISK
1843370.121	Study_Phase.SEQUENCE.Study_Instruction	LOADING RESOURCE SURFACE FROM DISK
1851636.87	Study_Phase.SEQUENCE.Study_Instruction	LOADING RESOURCE SURFACE FROM DISK
1859904.664	Study_Phase.SEQUENCE.Study_Instruction	LOADING RESOURCE SURFACE FROM DISK
1868170.067	Study_Phase.SEQUENCE.Study_Instruction	LOADING RESOURCE SURFACE FROM DISK
1876440.681	Study_Phase.SEQUENCE.Study_Instruction	LOADING RESOURCE SURFACE FROM DISK
1876442.847	Study_Phase.SEQUENCE.Study_Instruction	LOADING RESOURCE SURFACE FROM DISK
1884723.847	Study_Phase.SEQUENCE.Study_Instruction	LOADING RESOURCE SURFACE FROM DISK
1884726.132	Study_Phase.SEQUENCE.Study_Instruction	LOADING RESOURCE SURFACE FROM DISK
1893004.657	Study_Phase.SEQUENCE.Study_Instruction	LOADING RESOURCE SURFACE FROM DISK
1901273.92	Study_Phase.SEQUENCE.Study_Instruction	LOADING RESOURCE SURFACE FROM DISK
1901276.132	Study_Phase.SEQUENCE.Study_Instruction	LOADING RESOURCE SURFACE FROM DISK
1909553.449	Study_Phase.SEQUENCE.Study_Instruction	LOADING RESOURCE SURFACE FROM DISK
1917804.62	Study_Phase.SEQUENCE.Study_Instruction	LOADING RESOURCE SURFACE FROM DISK
1926057.051	Study_Phase.SEQUENCE.Study_Instruction	LOADING RESOURCE SURFACE FROM DISK
1926059.153	Study_Phase.SEQUENCE.Study_Instruction	LOADING RESOURCE SURFACE FROM DISK
1934337.972	Study_Phase.SEQUENCE.Study_Instruction	LOADING RESOURCE SURFACE FROM DISK
1942603.347	Study_Phase.SEQUENCE.Study_Instruction	LOADING RESOURCE SURFACE FROM DISK
1950853.512	Study_Phase.SEQUENCE.Study_Instruction	LOADING RESOURCE SURFACE FROM DISK
1959123.818	Study_Phase.SEQUENCE.Study_Instruction	LOADING RESOURCE SURFACE FROM DISK
1959126.05	Study_Phase.SEQUENCE.Study_Instruction	LOADING RESOURCE SURFACE FROM DISK
1967407.42	Study_Phase.SEQUENCE.Study_Instruction	LOADING RESOURCE SURFACE FROM DISK
1967409.721	Study_Phase.SEQUENCE.Study_Instruction	LOADING RESOURCE SURFACE FROM DISK
1975690.448	Study_Phase.SEQUENCE.Study_Instruction	LOADING RESOURCE SURFACE FROM DISK
1975692.74	Study_Phase.SEQUENCE.Study_Instruction	LOADING RESOURCE SURFACE FROM DISK
1983970.15	Study_Phase.SEQUENCE.Study_Instruction	LOADING RESOURCE SURFACE FROM DISK
1992238.078	Study_Phase.SEQUENCE.Study_Instruction	LOADING RESOURCE SURFACE FROM DISK
2000503.422	Study_Phase.SEQUENCE.Study_Instruction	LOADING RESOURCE SURFACE FROM DISK
2008773.899	Study_Phase.SEQUENCE.Study_Instruction	LOADING RESOURCE SURFACE FROM DISK
2008776.046	Study_Phase.SEQUENCE.Study_Instruction	LOADING RESOURCE SURFACE FROM DISK
2017053.51	Study_Phase.SEQUENCE.Study_Instruction	LOADING RESOURCE SURFACE FROM DISK
2025320.153	Study_Phase.SEQUENCE.Study_Instruction	LOADING RESOURCE SURFACE FROM DISK
2033587.9	Study_Phase.SEQUENCE.Study_Instruction	LOADING RESOURCE SURFACE FROM DISK
2041857.27	Study_Phase.SEQUENCE.Study_Instruction	LOADING RESOURCE SURFACE FROM DISK
2041859.513	Study_Phase.SEQUENCE.Study_Instruction	LOADING RESOURCE SURFACE FROM DISK
2050136.862	Study_Phase.SEQUENCE.Study_Instruction	LOADING RESOURCE SURFACE FROM DISK
2058386.778	Study_Phase.SEQUENCE.Study_Instruction	LOADING RESOURCE SURFACE FROM DISK
2066657.029	Study_Phase.SEQUENCE.Study_Instruction	LOADING RESOURCE SURFACE FROM DISK
2066659.364	Study_Phase.SEQUENCE.Study_Instruction	LOADING RESOURCE SURFACE FROM DISK
2074937.117	Study_Phase.SEQUENCE.Study_Instruction	LOADING RESOURCE SURFACE FROM DISK
2083204.727	Study_Phase.SEQUENCE.Study_Instruction	LOADING RESOURCE SURFACE FROM DISK
2091474.147	Study_Phase.SEQUENCE.Study_Instruction	LOADING RESOURCE SURFACE FROM DISK
2091476.362	Study_Phase.SEQUENCE.Study_Instruction	LOADING RESOURCE SURFACE FROM DISK
2099740.612	Study_Phase.SEQUENCE.Study_Instruction	LOADING RESOURCE SURFACE FROM DISK
2099742.852	Study_Phase.SEQUENCE.Study_Instruction	LOADING RESOURCE SURFACE FROM DISK
2108020.109	Study_Phase.SEQUENCE.Study_Instruction	LOADING RESOURCE SURFACE FROM DISK
2116286.876	Study_Phase.SEQUENCE.Study_Instruction	LOADING RESOURCE SURFACE FROM DISK
2124553.41	Study_Phase.SEQUENCE.Study_Instruction	LOADING RESOURCE SURFACE FROM DISK
2132820.129	Study_Phase.SEQUENCE.Study_Instruction	LOADING RESOURCE SURFACE FROM DISK
2141086.801	Study_Phase.SEQUENCE.Study_Instruction	LOADING RESOURCE SURFACE FROM DISK
2149357.16	Study_Phase.SEQUENCE.Study_Instruction	LOADING RESOURCE SURFACE FROM DISK
2149359.518	Study_Phase.SEQUENCE.Study_Instruction	LOADING RESOURCE SURFACE FROM DISK
2157638.063	Study_Phase.SEQUENCE.Study_Instruction	LOADING RESOURCE SURFACE FROM DISK
2165907.389	Study_Phase.SEQUENCE.Study_Instruction	LOADING RESOURCE SURFACE FROM DISK
2165909.521	Study_Phase.SEQUENCE.Study_Instruction	LOADING RESOURCE SURFACE FROM DISK
2172143.791	DISPLAY_SCREEN[7]	LOADING RESOURCE SURFACE FROM DISK
2405403.137	Test_Phase.SEQUENCE.Target_Cue	LOADING RESOURCE SURFACE FROM DISK
2405404.811	Test_Phase.SEQUENCE.Target_Cue	LOADING RESOURCE SURFACE FROM DISK
2407420.265	Test_Phase.SEQUENCE.Word	LOADING RESOURCE SURFACE FROM DISK
2410436.543	Test_Phase.SEQUENCE.Test_Question	LOADING RESOURCE SURFACE FROM DISK
2410438.239	Test_Phase.SEQUENCE.Test_Question	LOADING RESOURCE SURFACE FROM DISK
2410439.847	Test_Phase.SEQUENCE.Test_Question	LOADING RESOURCE SURFACE FROM DISK
2410441.415	Test_Phase.SEQUENCE.Test_Question	LOADING RESOURCE SURFACE FROM DISK
2410442.978	Test_Phase.SEQUENCE.Test_Question	LOADING RESOURCE SURFACE FROM DISK
2410444.597	Test_Phase.SEQUENCE.Test_Question	LOADING RESOURCE SURFACE FROM DISK
2410446.44	Test_Phase.SEQUENCE.Test_Question	LOADING RESOURCE SURFACE FROM DISK
2410448.0	Test_Phase.SEQUENCE.Test_Question	LOADING RESOURCE SURFACE FROM DISK
2410449.532	Test_Phase.SEQUENCE.Test_Question	LOADING RESOURCE SURFACE FROM DISK
2410451.099	Test_Phase.SEQUENCE.Test_Question	LOADING RESOURCE SURFACE FROM DISK
2410452.616	Test_Phase.SEQUENCE.Test_Question	LOADING RESOURCE SURFACE FROM DISK
2410454.17	Test_Phase.SEQUENCE.Test_Question	LOADING RESOURCE SURFACE FROM DISK
2460153.741	Test_Phase.SEQUENCE.Word	LOADING RESOURCE SURFACE FROM DISK
2469570.358	Test_Phase.SEQUENCE.Word	LOADING RESOURCE SURFACE FROM DISK
2478886.966	Test_Phase.SEQUENCE.Word	LOADING RESOURCE SURFACE FROM DISK
2487703.589	Test_Phase.SEQUENCE.Word	LOADING RESOURCE SURFACE FROM DISK
2495853.697	Test_Phase.SEQUENCE.Word	LOADING RESOURCE SURFACE FROM DISK
2504636.806	Test_Phase.SEQUENCE.Word	LOADING RESOURCE SURFACE FROM DISK
2513120.214	Test_Phase.SEQUENCE.Word	LOADING RESOURCE SURFACE FROM DISK
2521786.915	Test_Phase.SEQUENCE.Word	LOADING RESOURCE SURFACE FROM DISK
2530220.235	Test_Phase.SEQUENCE.Word	LOADING RESOURCE SURFACE FROM DISK
2538553.744	Test_Phase.SEQUENCE.Word	LOADING RESOURCE SURFACE FROM DISK
2546403.736	Test_Phase.SEQUENCE.Word	LOADING RESOURCE SURFACE FROM DISK
2556170.137	Test_Phase.SEQUENCE.Word	LOADING RESOURCE SURFACE FROM DISK
2565453.536	Test_Phase.SEQUENCE.Word	LOADING RESOURCE SURFACE FROM DISK
2573936.732	Test_Phase.SEQUENCE.Word	LOADING RESOURCE SURFACE FROM DISK
2583503.831	Test_Phase.SEQUENCE.Word	LOADING RESOURCE SURFACE FROM DISK
2591720.259	Test_Phase.SEQUENCE.Word	LOADING RESOURCE SURFACE FROM DISK
2600370.303	Test_Phase.SEQUENCE.Word	LOADING RESOURCE SURFACE FROM DISK
2609520.289	Test_Phase.SEQUENCE.Word	LOADING RESOURCE SURFACE FROM DISK
2618720.214	Test_Phase.SEQUENCE.Word	LOADING RESOURCE SURFACE FROM DISK
2626153.632	Test_Phase.SEQUENCE.Word	LOADING RESOURCE SURFACE FROM DISK
2635620.496	Test_Phase.SEQUENCE.Word	LOADING RESOURCE SURFACE FROM DISK
2646103.617	Test_Phase.SEQUENCE.Word	LOADING RESOURCE SURFACE FROM DISK
2655470.334	Test_Phase.SEQUENCE.Word	LOADING RESOURCE SURFACE FROM DISK
2665120.143	Test_Phase.SEQUENCE.Word	LOADING RESOURCE SURFACE FROM DISK
2673936.796	Test_Phase.SEQUENCE.Word	LOADING RESOURCE SURFACE FROM DISK
2683570.12	Test_Phase.SEQUENCE.Word	LOADING RESOURCE SURFACE FROM DISK
2693553.633	Test_Phase.SEQUENCE.Word	LOADING RESOURCE SURFACE FROM DISK
2702953.455	Test_Phase.SEQUENCE.Word	LOADING RESOURCE SURFACE FROM DISK
2711586.978	Test_Phase.SEQUENCE.Word	LOADING RESOURCE SURFACE FROM DISK
2720753.578	Test_Phase.SEQUENCE.Word	LOADING RESOURCE SURFACE FROM DISK
2729253.814	Test_Phase.SEQUENCE.Word	LOADING RESOURCE SURFACE FROM DISK
2737570.298	Test_Phase.SEQUENCE.Word	LOADING RESOURCE SURFACE FROM DISK
2745737.02	Test_Phase.SEQUENCE.Word	LOADING RESOURCE SURFACE FROM DISK
2754770.307	Test_Phase.SEQUENCE.Word	LOADING RESOURCE SURFACE FROM DISK
2763320.164	Test_Phase.SEQUENCE.Word	LOADING RESOURCE SURFACE FROM DISK
2772186.873	Test_Phase.SEQUENCE.Word	LOADING RESOURCE SURFACE FROM DISK
2782636.953	Test_Phase.SEQUENCE.Word	LOADING RESOURCE SURFACE FROM DISK
2790820.311	Test_Phase.SEQUENCE.Word	LOADING RESOURCE SURFACE FROM DISK
2798803.708	Test_Phase.SEQUENCE.Word	LOADING RESOURCE SURFACE FROM DISK
2807703.614	Test_Phase.SEQUENCE.Word	LOADING RESOURCE SURFACE FROM DISK
2817570.249	Test_Phase.SEQUENCE.Word	LOADING RESOURCE SURFACE FROM DISK
2826453.692	Test_Phase.SEQUENCE.Word	LOADING RESOURCE SURFACE FROM DISK
2835753.545	Test_Phase.SEQUENCE.Word	LOADING RESOURCE SURFACE FROM DISK
2844870.344	Test_Phase.SEQUENCE.Word	LOADING RESOURCE SURFACE FROM DISK
2853553.524	Test_Phase.SEQUENCE.Word	LOADING RESOURCE SURFACE FROM DISK
2863286.819	Test_Phase.SEQUENCE.Word	LOADING RESOURCE SURFACE FROM DISK
2881103.708	Test_Phase.SEQUENCE.Word	LOADING RESOURCE SURFACE FROM DISK
2890220.358	Test_Phase.SEQUENCE.Word	LOADING RESOURCE SURFACE FROM DISK
2898353.664	Test_Phase.SEQUENCE.Word	LOADING RESOURCE SURFACE FROM DISK
2906753.629	Test_Phase.SEQUENCE.Word	LOADING RESOURCE SURFACE FROM DISK
2915753.672	Test_Phase.SEQUENCE.Word	LOADING RESOURCE SURFACE FROM DISK
2924420.429	Test_Phase.SEQUENCE.Word	LOADING RESOURCE SURFACE FROM DISK
2933603.825	Test_Phase.SEQUENCE.Word	LOADING RESOURCE SURFACE FROM DISK
2942686.742	Test_Phase.SEQUENCE.Word	LOADING RESOURCE SURFACE FROM DISK
2951486.848	Test_Phase.SEQUENCE.Word	LOADING RESOURCE SURFACE FROM DISK
2960636.952	Test_Phase.SEQUENCE.Word	LOADING RESOURCE SURFACE FROM DISK
2969053.638	Test_Phase.SEQUENCE.Word	LOADING RESOURCE SURFACE FROM DISK
2978520.282	Test_Phase.SEQUENCE.Word	LOADING RESOURCE SURFACE FROM DISK
2988320.311	Test_Phase.SEQUENCE.Word	LOADING RESOURCE SURFACE FROM DISK
2998403.592	Test_Phase.SEQUENCE.Word	LOADING RESOURCE SURFACE FROM DISK
3007203.577	Test_Phase.SEQUENCE.Word	LOADING RESOURCE SURFACE FROM DISK
3016820.199	Test_Phase.SEQUENCE.Word	LOADING RESOURCE SURFACE FROM DISK
3025153.653	Test_Phase.SEQUENCE.Word	LOADING RESOURCE SURFACE FROM DISK
3034786.998	Test_Phase.SEQUENCE.Word	LOADING RESOURCE SURFACE FROM DISK
3044220.192	Test_Phase.SEQUENCE.Word	LOADING RESOURCE SURFACE FROM DISK
3053637.009	Test_Phase.SEQUENCE.Word	LOADING RESOURCE SURFACE FROM DISK
3062636.808	Test_Phase.SEQUENCE.Word	LOADING RESOURCE SURFACE FROM DISK
3072570.499	Test_Phase.SEQUENCE.Word	LOADING RESOURCE SURFACE FROM DISK
3081220.654	Test_Phase.SEQUENCE.Word	LOADING RESOURCE SURFACE FROM DISK
3089953.57	Test_Phase.SEQUENCE.Word	LOADING RESOURCE SURFACE FROM DISK
3099136.854	Test_Phase.SEQUENCE.Word	LOADING RESOURCE SURFACE FROM DISK
3108253.566	Test_Phase.SEQUENCE.Word	LOADING RESOURCE SURFACE FROM DISK
3116920.283	Test_Phase.SEQUENCE.Word	LOADING RESOURCE SURFACE FROM DISK
3125703.505	Test_Phase.SEQUENCE.Word	LOADING RESOURCE SURFACE FROM DISK
3135720.251	Test_Phase.SEQUENCE.Word	LOADING RESOURCE SURFACE FROM DISK
3145170.095	Test_Phase.SEQUENCE.Word	LOADING RESOURCE SURFACE FROM DISK
3154453.537	Test_Phase.SEQUENCE.Word	LOADING RESOURCE SURFACE FROM DISK
3164553.609	Test_Phase.SEQUENCE.Word	LOADING RESOURCE SURFACE FROM DISK
3173536.965	Test_Phase.SEQUENCE.Word	LOADING RESOURCE SURFACE FROM DISK
3182970.33	Test_Phase.SEQUENCE.Word	LOADING RESOURCE SURFACE FROM DISK
3193036.825	Test_Phase.SEQUENCE.Word	LOADING RESOURCE SURFACE FROM DISK
3201636.97	Test_Phase.SEQUENCE.Word	LOADING RESOURCE SURFACE FROM DISK
3210270.251	Test_Phase.SEQUENCE.Word	LOADING RESOURCE SURFACE FROM DISK
3219737.006	Test_Phase.SEQUENCE.Word	LOADING RESOURCE SURFACE FROM DISK
3229886.849	Test_Phase.SEQUENCE.Word	LOADING RESOURCE SURFACE FROM DISK
3239070.147	Test_Phase.SEQUENCE.Word	LOADING RESOURCE SURFACE FROM DISK
3249903.691	Test_Phase.SEQUENCE.Word	LOADING RESOURCE SURFACE FROM DISK
3258870.287	Test_Phase.SEQUENCE.Word	LOADING RESOURCE SURFACE FROM DISK
3268037.003	Test_Phase.SEQUENCE.Word	LOADING RESOURCE SURFACE FROM DISK
3276336.853	Test_Phase.SEQUENCE.Word	LOADING RESOURCE SURFACE FROM DISK
3284920.262	Test_Phase.SEQUENCE.Word	LOADING RESOURCE SURFACE FROM DISK
3293370.421	Test_Phase.SEQUENCE.Word	LOADING RESOURCE SURFACE FROM DISK
3302603.715	Test_Phase.SEQUENCE.Word	LOADING RESOURCE SURFACE FROM DISK
3311003.619	Test_Phase.SEQUENCE.Word	LOADING RESOURCE SURFACE FROM DISK
3320203.535	Test_Phase.SEQUENCE.Word	LOADING RESOURCE SURFACE FROM DISK
3328136.838	Test_Phase.SEQUENCE.Word	LOADING RESOURCE SURFACE FROM DISK
3336553.51	Test_Phase.SEQUENCE.Word	LOADING RESOURCE SURFACE FROM DISK
3345170.231	Test_Phase.SEQUENCE.Word	LOADING RESOURCE SURFACE FROM DISK
3354136.966	Test_Phase.SEQUENCE.Word	LOADING RESOURCE SURFACE FROM DISK
3362270.366	Test_Phase.SEQUENCE.Word	LOADING RESOURCE SURFACE FROM DISK
3370453.599	Test_Phase.SEQUENCE.Word	LOADING RESOURCE SURFACE FROM DISK
3378486.898	Test_Phase.SEQUENCE.Word	LOADING RESOURCE SURFACE FROM DISK
3386536.932	Test_Phase.SEQUENCE.Word	LOADING RESOURCE SURFACE FROM DISK
3395587.065	Test_Phase.SEQUENCE.Word	LOADING RESOURCE SURFACE FROM DISK
3403853.688	Test_Phase.SEQUENCE.Word	LOADING RESOURCE SURFACE FROM DISK
3413670.349	Test_Phase.SEQUENCE.Word	LOADING RESOURCE SURFACE FROM DISK
3422053.657	Test_Phase.SEQUENCE.Word	LOADING RESOURCE SURFACE FROM DISK
3431053.533	Test_Phase.SEQUENCE.Word	LOADING RESOURCE SURFACE FROM DISK
3440287.084	Test_Phase.SEQUENCE.Word	LOADING RESOURCE SURFACE FROM DISK
3449220.383	Test_Phase.SEQUENCE.Word	LOADING RESOURCE SURFACE FROM DISK
3458670.497	Test_Phase.SEQUENCE.Word	LOADING RESOURCE SURFACE FROM DISK
3467470.401	Test_Phase.SEQUENCE.Word	LOADING RESOURCE SURFACE FROM DISK
3477370.377	Test_Phase.SEQUENCE.Word	LOADING RESOURCE SURFACE FROM DISK
3486736.819	Test_Phase.SEQUENCE.Word	LOADING RESOURCE SURFACE FROM DISK
3495986.94	Test_Phase.SEQUENCE.Word	LOADING RESOURCE SURFACE FROM DISK
3504720.318	Test_Phase.SEQUENCE.Word	LOADING RESOURCE SURFACE FROM DISK
3515186.904	Test_Phase.SEQUENCE.Word	LOADING RESOURCE SURFACE FROM DISK
3524736.818	Test_Phase.SEQUENCE.Word	LOADING RESOURCE SURFACE FROM DISK
3533070.44	Test_Phase.SEQUENCE.Word	LOADING RESOURCE SURFACE FROM DISK
3541637.09	Test_Phase.SEQUENCE.Word	LOADING RESOURCE SURFACE FROM DISK
3549703.507	Test_Phase.SEQUENCE.Word	LOADING RESOURCE SURFACE FROM DISK
3558003.534	Test_Phase.SEQUENCE.Word	LOADING RESOURCE SURFACE FROM DISK
3566403.944	Test_Phase.SEQUENCE.Word	LOADING RESOURCE SURFACE FROM DISK
3574803.496	Test_Phase.SEQUENCE.Word	LOADING RESOURCE SURFACE FROM DISK
3584037.112	Test_Phase.SEQUENCE.Word	LOADING RESOURCE SURFACE FROM DISK
3592520.094	Test_Phase.SEQUENCE.Word	LOADING RESOURCE SURFACE FROM DISK
3601003.605	Test_Phase.SEQUENCE.Word	LOADING RESOURCE SURFACE FROM DISK
3609036.852	Test_Phase.SEQUENCE.Word	LOADING RESOURCE SURFACE FROM DISK
3618686.922	Test_Phase.SEQUENCE.Word	LOADING RESOURCE SURFACE FROM DISK
3626853.605	Test_Phase.SEQUENCE.Word	LOADING RESOURCE SURFACE FROM DISK
3635103.522	Test_Phase.SEQUENCE.Word	LOADING RESOURCE SURFACE FROM DISK
3643820.245	Test_Phase.SEQUENCE.Word	LOADING RESOURCE SURFACE FROM DISK
3651353.828	Test_Phase.SEQUENCE.Word	LOADING RESOURCE SURFACE FROM DISK
3660370.186	Test_Phase.SEQUENCE.Word	LOADING RESOURCE SURFACE FROM DISK
3669020.252	Test_Phase.SEQUENCE.Word	LOADING RESOURCE SURFACE FROM DISK
3677036.962	Test_Phase.SEQUENCE.Word	LOADING RESOURCE SURFACE FROM DISK
3685353.514	Test_Phase.SEQUENCE.Word	LOADING RESOURCE SURFACE FROM DISK
3694486.953	Test_Phase.SEQUENCE.Word	LOADING RESOURCE SURFACE FROM DISK
3703070.239	Test_Phase.SEQUENCE.Word	LOADING RESOURCE SURFACE FROM DISK
3711420.117	Test_Phase.SEQUENCE.Word	LOADING RESOURCE SURFACE FROM DISK
3719970.358	Test_Phase.SEQUENCE.Word	LOADING RESOURCE SURFACE FROM DISK
3728286.846	Test_Phase.SEQUENCE.Word	LOADING RESOURCE SURFACE FROM DISK
3737220.502	Test_Phase.SEQUENCE.Word	LOADING RESOURCE SURFACE FROM DISK
3746320.262	Test_Phase.SEQUENCE.Word	LOADING RESOURCE SURFACE FROM DISK
3754836.948	Test_Phase.SEQUENCE.Word	LOADING RESOURCE SURFACE FROM DISK
3762953.667	Test_Phase.SEQUENCE.Word	LOADING RESOURCE SURFACE FROM DISK
3772003.684	Test_Phase.SEQUENCE.Word	LOADING RESOURCE SURFACE FROM DISK
3782553.91	Test_Phase.SEQUENCE.Word	LOADING RESOURCE SURFACE FROM DISK
3790636.762	Test_Phase.SEQUENCE.Word	LOADING RESOURCE SURFACE FROM DISK
3799053.692	Test_Phase.SEQUENCE.Word	LOADING RESOURCE SURFACE FROM DISK
3807353.696	Test_Phase.SEQUENCE.Word	LOADING RESOURCE SURFACE FROM DISK
3816603.544	Test_Phase.SEQUENCE.Word	LOADING RESOURCE SURFACE FROM DISK
3824903.678	Test_Phase.SEQUENCE.Word	LOADING RESOURCE SURFACE FROM DISK
3832970.343	Test_Phase.SEQUENCE.Word	LOADING RESOURCE SURFACE FROM DISK
3841903.628	Test_Phase.SEQUENCE.Word	LOADING RESOURCE SURFACE FROM DISK
3850320.223	Test_Phase.SEQUENCE.Word	LOADING RESOURCE SURFACE FROM DISK
3858620.134	Test_Phase.SEQUENCE.Word	LOADING RESOURCE SURFACE FROM DISK
3866753.621	Test_Phase.SEQUENCE.Word	LOADING RESOURCE SURFACE FROM DISK
3876220.081	Test_Phase.SEQUENCE.Word	LOADING RESOURCE SURFACE FROM DISK
3884786.865	Test_Phase.SEQUENCE.Word	LOADING RESOURCE SURFACE FROM DISK
3893420.3	Test_Phase.SEQUENCE.Word	LOADING RESOURCE SURFACE FROM DISK
3901903.753	Test_Phase.SEQUENCE.Word	LOADING RESOURCE SURFACE FROM DISK
3909953.546	Test_Phase.SEQUENCE.Word	LOADING RESOURCE SURFACE FROM DISK
3918336.822	Test_Phase.SEQUENCE.Word	LOADING RESOURCE SURFACE FROM DISK
3927153.667	Test_Phase.SEQUENCE.Word	LOADING RESOURCE SURFACE FROM DISK
3935087.037	Test_Phase.SEQUENCE.Word	LOADING RESOURCE SURFACE FROM DISK
3943486.939	Test_Phase.SEQUENCE.Word	LOADING RESOURCE SURFACE FROM DISK
3950770.367	Test_Phase.SEQUENCE.Word	LOADING RESOURCE SURFACE FROM DISK
3959320.257	Test_Phase.SEQUENCE.Word	LOADING RESOURCE SURFACE FROM DISK
3969370.318	Test_Phase.SEQUENCE.Word	LOADING RESOURCE SURFACE FROM DISK
3979103.534	Test_Phase.SEQUENCE.Word	LOADING RESOURCE SURFACE FROM DISK
3986620.268	Test_Phase.SEQUENCE.Word	LOADING RESOURCE SURFACE FROM DISK
3995903.755	Test_Phase.SEQUENCE.Word	LOADING RESOURCE SURFACE FROM DISK
4004670.15	Test_Phase.SEQUENCE.Word	LOADING RESOURCE SURFACE FROM DISK
4013787.014	Test_Phase.SEQUENCE.Word	LOADING RESOURCE SURFACE FROM DISK
4021920.279	Test_Phase.SEQUENCE.Word	LOADING RESOURCE SURFACE FROM DISK
4030086.829	Test_Phase.SEQUENCE.Word	LOADING RESOURCE SURFACE FROM DISK
4038636.82	Test_Phase.SEQUENCE.Word	LOADING RESOURCE SURFACE FROM DISK
4046770.195	Test_Phase.SEQUENCE.Word	LOADING RESOURCE SURFACE FROM DISK
4055986.769	Test_Phase.SEQUENCE.Word	LOADING RESOURCE SURFACE FROM DISK
4064803.752	Test_Phase.SEQUENCE.Word	LOADING RESOURCE SURFACE FROM DISK
4072486.906	Test_Phase.SEQUENCE.Word	LOADING RESOURCE SURFACE FROM DISK
4080770.279	Test_Phase.SEQUENCE.Word	LOADING RESOURCE SURFACE FROM DISK
4090070.302	Test_Phase.SEQUENCE.Word	LOADING RESOURCE SURFACE FROM DISK
4098453.658	Test_Phase.SEQUENCE.Word	LOADING RESOURCE SURFACE FROM DISK
4106770.346	Test_Phase.SEQUENCE.Word	LOADING RESOURCE SURFACE FROM DISK
4114937.028	Test_Phase.SEQUENCE.Word	LOADING RESOURCE SURFACE FROM DISK
4124303.68	Test_Phase.SEQUENCE.Word	LOADING RESOURCE SURFACE FROM DISK
4132170.151	Test_Phase.SEQUENCE.Word	LOADING RESOURCE SURFACE FROM DISK
4141836.839	Test_Phase.SEQUENCE.Word	LOADING RESOURCE SURFACE FROM DISK
4150736.945	Test_Phase.SEQUENCE.Word	LOADING RESOURCE SURFACE FROM DISK
4159053.53	Test_Phase.SEQUENCE.Word	LOADING RESOURCE SURFACE FROM DISK
4167553.757	Test_Phase.SEQUENCE.Word	LOADING RESOURCE SURFACE FROM DISK
4176803.68	Test_Phase.SEQUENCE.Word	LOADING RESOURCE SURFACE FROM DISK
4184886.928	Test_Phase.SEQUENCE.Word	LOADING RESOURCE SURFACE FROM DISK
4193803.599	Test_Phase.SEQUENCE.Word	LOADING RESOURCE SURFACE FROM DISK
4201803.49	Test_Phase.SEQUENCE.Word	LOADING RESOURCE SURFACE FROM DISK
4210320.212	Test_Phase.SEQUENCE.Word	LOADING RESOURCE SURFACE FROM DISK
4214505.457	DISPLAY_SCREEN	LOADING RESOURCE SURFACE FROM DISK
