5434.099	DISPLAY_SCREEN[1]	LOADING RESOURCE SURFACE FROM DISK
44236.539	Familiarization_Phase.SEQUENCE.Cue_and_Instruction	LOADING RESOURCE SURFACE FROM DISK
44251.358	Familiarization_Phase.SEQUENCE.Cue_and_Instruction	LOADING RESOURCE SURFACE FROM DISK
50291.063	Familiarization_Phase.SEQUENCE.Cue_and_Instruction	LOADING RESOURCE SURFACE FROM DISK
50295.714	Familiarization_Phase.SEQUENCE.Cue_and_Instruction	LOADING RESOURCE SURFACE FROM DISK
56340.768	Familiarization_Phase.SEQUENCE.Cue_and_Instruction	LOADING RESOURCE SURFACE FROM DISK
56382.219	Familiarization_Phase.SEQUENCE.Cue_and_Instruction	LOADING RESOURCE SURFACE FROM DISK
99013.631	DISPLAY_SCREEN[3]	LOADING RESOURCE SURFACE FROM DISK
210512.835	DISPLAY_SCREEN[5]	LOADING RESOURCE SURFACE FROM DISK
254477.452	Practice_Phase.SEQUENCE.Blink_Screen	LOADING RESOURCE SURFACE FROM DISK
254478.561	Practice_Phase.SEQUENCE.Blink_Screen	flip time is later than desired time. Desired Time=254220 Flip Time=254487 Retrace Rate=16.641, prepareTime=282 flip request time 254478
255707.706	Practice_Phase.SEQUENCE.Practice_Luminance_Cue	LOADING RESOURCE SURFACE FROM DISK
255721.068	Practice_Phase.SEQUENCE.Practice_Luminance_Cue	LOADING RESOURCE SURFACE FROM DISK
255722.634	Practice_Phase.SEQUENCE.Practice_Luminance_Cue	flip time is later than desired time. Desired Time=255687 Flip Time=255737 Retrace Rate=16.641, prepareTime=59 flip request time 255722
256260.417	Practice_Phase.SEQUENCE.DISPLAY_SCREEN	LOADING RESOURCE SURFACE FROM DISK
256262.489	Practice_Phase.SEQUENCE.DISPLAY_SCREEN	flip time is later than desired time. Desired Time=256237 Flip Time=256270 Retrace Rate=16.641, prepareTime=49 flip request time 256262
257791.842	Practice_Phase.SEQUENCE.Practice_Instruction	LOADING RESOURCE SURFACE FROM DISK
257793.253	Practice_Phase.SEQUENCE.Practice_Instruction	flip time is later than desired time. Desired Time=257770 Flip Time=257803 Retrace Rate=16.641, prepareTime=46 flip request time 257793
264378.829	Practice_Phase.SEQUENCE.DISPLAY_SCREEN	LOADING RESOURCE SURFACE FROM DISK
264380.69	Practice_Phase.SEQUENCE.DISPLAY_SCREEN	flip time is later than desired time. Desired Time=264370 Flip Time=264403 Retrace Rate=16.641, prepareTime=34 flip request time 264380
265918.857	Practice_Phase.SEQUENCE.Practice_Instruction	LOADING RESOURCE SURFACE FROM DISK
265920.269	Practice_Phase.SEQUENCE.Practice_Instruction	flip time is later than desired time. Desired Time=265903 Flip Time=265937 Retrace Rate=16.641, prepareTime=40 flip request time 265920
272517.925	Practice_Phase.SEQUENCE.DISPLAY_SCREEN	LOADING RESOURCE SURFACE FROM DISK
272519.778	Practice_Phase.SEQUENCE.DISPLAY_SCREEN	flip time is later than desired time. Desired Time=272503 Flip Time=272537 Retrace Rate=16.641, prepareTime=40 flip request time 272519
274015.417	Practice_Phase.SEQUENCE.Practice_Instruction	LOADING RESOURCE SURFACE FROM DISK
280585.193	Practice_Phase.SEQUENCE.DISPLAY_SCREEN	LOADING RESOURCE SURFACE FROM DISK
282114.848	Practice_Phase.SEQUENCE.Practice_Instruction	LOADING RESOURCE SURFACE FROM DISK
282116.284	Practice_Phase.SEQUENCE.Practice_Instruction	flip time is later than desired time. Desired Time=282103 Flip Time=282137 Retrace Rate=16.641, prepareTime=36 flip request time 282116
288684.892	Practice_Phase.SEQUENCE.DISPLAY_SCREEN	LOADING RESOURCE SURFACE FROM DISK
290223.49	Practice_Phase.SEQUENCE.Practice_Instruction	LOADING RESOURCE SURFACE FROM DISK
290224.981	Practice_Phase.SEQUENCE.Practice_Instruction	flip time is later than desired time. Desired Time=290203 Flip Time=290237 Retrace Rate=16.641, prepareTime=45 flip request time 290224
296784.935	Practice_Phase.SEQUENCE.DISPLAY_SCREEN	LOADING RESOURCE SURFACE FROM DISK
298319.619	Practice_Phase.SEQUENCE.Practice_Instruction	LOADING RESOURCE SURFACE FROM DISK
298321.051	Practice_Phase.SEQUENCE.Practice_Instruction	flip time is later than desired time. Desired Time=298303 Flip Time=298337 Retrace Rate=16.641, prepareTime=41 flip request time 298320
304885.144	Practice_Phase.SEQUENCE.DISPLAY_SCREEN	LOADING RESOURCE SURFACE FROM DISK
306424.159	Practice_Phase.SEQUENCE.Practice_Instruction	LOADING RESOURCE SURFACE FROM DISK
306425.607	Practice_Phase.SEQUENCE.Practice_Instruction	flip time is later than desired time. Desired Time=306403 Flip Time=306437 Retrace Rate=16.641, prepareTime=45 flip request time 306425
312985.002	Practice_Phase.SEQUENCE.DISPLAY_SCREEN	LOADING RESOURCE SURFACE FROM DISK
314517.456	Practice_Phase.SEQUENCE.Practice_Instruction	LOADING RESOURCE SURFACE FROM DISK
314518.856	Practice_Phase.SEQUENCE.Practice_Instruction	flip time is later than desired time. Desired Time=314503 Flip Time=314537 Retrace Rate=16.641, prepareTime=39 flip request time 314518
321084.955	Practice_Phase.SEQUENCE.DISPLAY_SCREEN	LOADING RESOURCE SURFACE FROM DISK
322617.207	Practice_Phase.SEQUENCE.Practice_Instruction	LOADING RESOURCE SURFACE FROM DISK
322618.745	Practice_Phase.SEQUENCE.Practice_Instruction	flip time is later than desired time. Desired Time=322603 Flip Time=322637 Retrace Rate=16.641, prepareTime=39 flip request time 322618
327295.409	DISPLAY_SCREEN[2]	LOADING RESOURCE SURFACE FROM DISK
468293.226	Study_Phase.SEQUENCE.DISPLAY_SCREEN	LOADING RESOURCE SURFACE FROM DISK
470097.297	Study_Phase.SEQUENCE.Study_Instruction	LOADING RESOURCE SURFACE FROM DISK
478408.337	Study_Phase.SEQUENCE.Study_Instruction	LOADING RESOURCE SURFACE FROM DISK
486705.77	Study_Phase.SEQUENCE.Study_Instruction	LOADING RESOURCE SURFACE FROM DISK
493460.031	Study_Phase.SEQUENCE.DISPLAY_SCREEN	LOADING RESOURCE SURFACE FROM DISK
495015.932	Study_Phase.SEQUENCE.Study_Instruction	LOADING RESOURCE SURFACE FROM DISK
501776.574	Study_Phase.SEQUENCE.DISPLAY_SCREEN	LOADING RESOURCE SURFACE FROM DISK
503290.593	Study_Phase.SEQUENCE.Study_Instruction	LOADING RESOURCE SURFACE FROM DISK
511589.049	Study_Phase.SEQUENCE.Study_Instruction	LOADING RESOURCE SURFACE FROM DISK
518343.349	Study_Phase.SEQUENCE.DISPLAY_SCREEN	LOADING RESOURCE SURFACE FROM DISK
519899.719	Study_Phase.SEQUENCE.Study_Instruction	LOADING RESOURCE SURFACE FROM DISK
528173.407	Study_Phase.SEQUENCE.Study_Instruction	LOADING RESOURCE SURFACE FROM DISK
536484.075	Study_Phase.SEQUENCE.Study_Instruction	LOADING RESOURCE SURFACE FROM DISK
543226.493	Study_Phase.SEQUENCE.DISPLAY_SCREEN	LOADING RESOURCE SURFACE FROM DISK
544775.65	Study_Phase.SEQUENCE.Study_Instruction	LOADING RESOURCE SURFACE FROM DISK
553079.226	Study_Phase.SEQUENCE.Study_Instruction	LOADING RESOURCE SURFACE FROM DISK
559843.399	Study_Phase.SEQUENCE.DISPLAY_SCREEN	LOADING RESOURCE SURFACE FROM DISK
561399.719	Study_Phase.SEQUENCE.Study_Instruction	LOADING RESOURCE SURFACE FROM DISK
569714.049	Study_Phase.SEQUENCE.Study_Instruction	LOADING RESOURCE SURFACE FROM DISK
576443.227	Study_Phase.SEQUENCE.DISPLAY_SCREEN	LOADING RESOURCE SURFACE FROM DISK
577993.302	Study_Phase.SEQUENCE.Study_Instruction	LOADING RESOURCE SURFACE FROM DISK
586280.412	Study_Phase.SEQUENCE.Study_Instruction	LOADING RESOURCE SURFACE FROM DISK
593043.271	Study_Phase.SEQUENCE.DISPLAY_SCREEN	LOADING RESOURCE SURFACE FROM DISK
594598.519	Study_Phase.SEQUENCE.Study_Instruction	LOADING RESOURCE SURFACE FROM DISK
602908.967	Study_Phase.SEQUENCE.Study_Instruction	LOADING RESOURCE SURFACE FROM DISK
611214.262	Study_Phase.SEQUENCE.Study_Instruction	LOADING RESOURCE SURFACE FROM DISK
619489.928	Study_Phase.SEQUENCE.Study_Instruction	LOADING RESOURCE SURFACE FROM DISK
627791.747	Study_Phase.SEQUENCE.Study_Instruction	LOADING RESOURCE SURFACE FROM DISK
634543.189	Study_Phase.SEQUENCE.DISPLAY_SCREEN	LOADING RESOURCE SURFACE FROM DISK
636097.157	Study_Phase.SEQUENCE.Study_Instruction	LOADING RESOURCE SURFACE FROM DISK
644407.678	Study_Phase.SEQUENCE.Study_Instruction	LOADING RESOURCE SURFACE FROM DISK
652713.861	Study_Phase.SEQUENCE.Study_Instruction	LOADING RESOURCE SURFACE FROM DISK
659476.663	Study_Phase.SEQUENCE.DISPLAY_SCREEN	LOADING RESOURCE SURFACE FROM DISK
661023.474	Study_Phase.SEQUENCE.Study_Instruction	LOADING RESOURCE SURFACE FROM DISK
669333.281	Study_Phase.SEQUENCE.Study_Instruction	LOADING RESOURCE SURFACE FROM DISK
677648.176	Study_Phase.SEQUENCE.Study_Instruction	LOADING RESOURCE SURFACE FROM DISK
684409.719	Study_Phase.SEQUENCE.DISPLAY_SCREEN	LOADING RESOURCE SURFACE FROM DISK
685962.026	Study_Phase.SEQUENCE.Study_Instruction	LOADING RESOURCE SURFACE FROM DISK
692726.764	Study_Phase.SEQUENCE.DISPLAY_SCREEN	LOADING RESOURCE SURFACE FROM DISK
694251.856	Study_Phase.SEQUENCE.Study_Instruction	LOADING RESOURCE SURFACE FROM DISK
702674.216	Study_Phase.SEQUENCE.Study_Instruction	LOADING RESOURCE SURFACE FROM DISK
709426.512	Study_Phase.SEQUENCE.DISPLAY_SCREEN	LOADING RESOURCE SURFACE FROM DISK
710988.763	Study_Phase.SEQUENCE.Study_Instruction	LOADING RESOURCE SURFACE FROM DISK
717743.325	Study_Phase.SEQUENCE.DISPLAY_SCREEN	LOADING RESOURCE SURFACE FROM DISK
719266.176	Study_Phase.SEQUENCE.Study_Instruction	LOADING RESOURCE SURFACE FROM DISK
727592.931	Study_Phase.SEQUENCE.Study_Instruction	LOADING RESOURCE SURFACE FROM DISK
735900.168	Study_Phase.SEQUENCE.Study_Instruction	LOADING RESOURCE SURFACE FROM DISK
744209.365	Study_Phase.SEQUENCE.Study_Instruction	LOADING RESOURCE SURFACE FROM DISK
752509.104	Study_Phase.SEQUENCE.Study_Instruction	LOADING RESOURCE SURFACE FROM DISK
760791.8	Study_Phase.SEQUENCE.Study_Instruction	LOADING RESOURCE SURFACE FROM DISK
769098.983	Study_Phase.SEQUENCE.Study_Instruction	LOADING RESOURCE SURFACE FROM DISK
775860.005	Study_Phase.SEQUENCE.DISPLAY_SCREEN	LOADING RESOURCE SURFACE FROM DISK
777407.279	Study_Phase.SEQUENCE.Study_Instruction	LOADING RESOURCE SURFACE FROM DISK
785708.922	Study_Phase.SEQUENCE.Study_Instruction	LOADING RESOURCE SURFACE FROM DISK
792460.129	Study_Phase.SEQUENCE.DISPLAY_SCREEN	LOADING RESOURCE SURFACE FROM DISK
794017.231	Study_Phase.SEQUENCE.Study_Instruction	LOADING RESOURCE SURFACE FROM DISK
802322.032	Study_Phase.SEQUENCE.Study_Instruction	LOADING RESOURCE SURFACE FROM DISK
810629.076	Study_Phase.SEQUENCE.Study_Instruction	LOADING RESOURCE SURFACE FROM DISK
817393.306	Study_Phase.SEQUENCE.DISPLAY_SCREEN	LOADING RESOURCE SURFACE FROM DISK
818945.641	Study_Phase.SEQUENCE.Study_Instruction	LOADING RESOURCE SURFACE FROM DISK
827250.544	Study_Phase.SEQUENCE.Study_Instruction	LOADING RESOURCE SURFACE FROM DISK
835556.4	Study_Phase.SEQUENCE.Study_Instruction	LOADING RESOURCE SURFACE FROM DISK
842309.94	Study_Phase.SEQUENCE.DISPLAY_SCREEN	LOADING RESOURCE SURFACE FROM DISK
843857.378	Study_Phase.SEQUENCE.Study_Instruction	LOADING RESOURCE SURFACE FROM DISK
852156.611	Study_Phase.SEQUENCE.Study_Instruction	LOADING RESOURCE SURFACE FROM DISK
858893.484	Study_Phase.SEQUENCE.DISPLAY_SCREEN	LOADING RESOURCE SURFACE FROM DISK
860443.464	Study_Phase.SEQUENCE.Study_Instruction	LOADING RESOURCE SURFACE FROM DISK
868716.642	Study_Phase.SEQUENCE.Study_Instruction	LOADING RESOURCE SURFACE FROM DISK
877023.727	Study_Phase.SEQUENCE.Study_Instruction	LOADING RESOURCE SURFACE FROM DISK
885327.2	Study_Phase.SEQUENCE.Study_Instruction	LOADING RESOURCE SURFACE FROM DISK
892076.694	Study_Phase.SEQUENCE.DISPLAY_SCREEN	LOADING RESOURCE SURFACE FROM DISK
893590.663	Study_Phase.SEQUENCE.Study_Instruction	LOADING RESOURCE SURFACE FROM DISK
900343.408	Study_Phase.SEQUENCE.DISPLAY_SCREEN	LOADING RESOURCE SURFACE FROM DISK
901897.543	Study_Phase.SEQUENCE.Study_Instruction	LOADING RESOURCE SURFACE FROM DISK
908660.015	Study_Phase.SEQUENCE.DISPLAY_SCREEN	LOADING RESOURCE SURFACE FROM DISK
910173.887	Study_Phase.SEQUENCE.Study_Instruction	LOADING RESOURCE SURFACE FROM DISK
916926.734	Study_Phase.SEQUENCE.DISPLAY_SCREEN	LOADING RESOURCE SURFACE FROM DISK
918482.614	Study_Phase.SEQUENCE.Study_Instruction	LOADING RESOURCE SURFACE FROM DISK
926793.673	Study_Phase.SEQUENCE.Study_Instruction	LOADING RESOURCE SURFACE FROM DISK
933543.04	Study_Phase.SEQUENCE.DISPLAY_SCREEN	LOADING RESOURCE SURFACE FROM DISK
935094.081	Study_Phase.SEQUENCE.Study_Instruction	LOADING RESOURCE SURFACE FROM DISK
943397.916	Study_Phase.SEQUENCE.Study_Instruction	LOADING RESOURCE SURFACE FROM DISK
950159.951	Study_Phase.SEQUENCE.DISPLAY_SCREEN	LOADING RESOURCE SURFACE FROM DISK
951708.408	Study_Phase.SEQUENCE.Study_Instruction	LOADING RESOURCE SURFACE FROM DISK
960014.922	Study_Phase.SEQUENCE.Study_Instruction	LOADING RESOURCE SURFACE FROM DISK
968326.382	Study_Phase.SEQUENCE.Study_Instruction	LOADING RESOURCE SURFACE FROM DISK
975076.82	Study_Phase.SEQUENCE.DISPLAY_SCREEN	LOADING RESOURCE SURFACE FROM DISK
976629.908	Study_Phase.SEQUENCE.Study_Instruction	LOADING RESOURCE SURFACE FROM DISK
983393.515	Study_Phase.SEQUENCE.DISPLAY_SCREEN	LOADING RESOURCE SURFACE FROM DISK
984946.1	Study_Phase.SEQUENCE.Study_Instruction	LOADING RESOURCE SURFACE FROM DISK
993264.972	Study_Phase.SEQUENCE.Study_Instruction	LOADING RESOURCE SURFACE FROM DISK
1000026.542	Study_Phase.SEQUENCE.DISPLAY_SCREEN	LOADING RESOURCE SURFACE FROM DISK
1001579.516	Study_Phase.SEQUENCE.Study_Instruction	LOADING RESOURCE SURFACE FROM DISK
1009857.419	Study_Phase.SEQUENCE.Study_Instruction	LOADING RESOURCE SURFACE FROM DISK
1016610.01	Study_Phase.SEQUENCE.DISPLAY_SCREEN	LOADING RESOURCE SURFACE FROM DISK
1018162.545	Study_Phase.SEQUENCE.Study_Instruction	LOADING RESOURCE SURFACE FROM DISK
1026564.969	Study_Phase.SEQUENCE.Study_Instruction	LOADING RESOURCE SURFACE FROM DISK
1033310.147	Study_Phase.SEQUENCE.DISPLAY_SCREEN	LOADING RESOURCE SURFACE FROM DISK
1034856.198	Study_Phase.SEQUENCE.Study_Instruction	LOADING RESOURCE SURFACE FROM DISK
1041610.019	Study_Phase.SEQUENCE.DISPLAY_SCREEN	LOADING RESOURCE SURFACE FROM DISK
1043164.968	Study_Phase.SEQUENCE.Study_Instruction	LOADING RESOURCE SURFACE FROM DISK
1051475.129	Study_Phase.SEQUENCE.Study_Instruction	LOADING RESOURCE SURFACE FROM DISK
1059724.021	Study_Phase.SEQUENCE.Study_Instruction	LOADING RESOURCE SURFACE FROM DISK
1066476.679	Study_Phase.SEQUENCE.DISPLAY_SCREEN	LOADING RESOURCE SURFACE FROM DISK
1068031.974	Study_Phase.SEQUENCE.Study_Instruction	LOADING RESOURCE SURFACE FROM DISK
1074793.511	Study_Phase.SEQUENCE.DISPLAY_SCREEN	LOADING RESOURCE SURFACE FROM DISK
1076348.556	Study_Phase.SEQUENCE.Study_Instruction	LOADING RESOURCE SURFACE FROM DISK
1084663.758	Study_Phase.SEQUENCE.Study_Instruction	LOADING RESOURCE SURFACE FROM DISK
1092981.924	Study_Phase.SEQUENCE.Study_Instruction	LOADING RESOURCE SURFACE FROM DISK
1101257.4	Study_Phase.SEQUENCE.Study_Instruction	LOADING RESOURCE SURFACE FROM DISK
1108010.035	Study_Phase.SEQUENCE.DISPLAY_SCREEN	LOADING RESOURCE SURFACE FROM DISK
1109547.994	Study_Phase.SEQUENCE.Study_Instruction	LOADING RESOURCE SURFACE FROM DISK
1116310.144	Study_Phase.SEQUENCE.DISPLAY_SCREEN	LOADING RESOURCE SURFACE FROM DISK
1117861.813	Study_Phase.SEQUENCE.Study_Instruction	LOADING RESOURCE SURFACE FROM DISK
1126177.967	Study_Phase.SEQUENCE.Study_Instruction	LOADING RESOURCE SURFACE FROM DISK
1132943.214	Study_Phase.SEQUENCE.DISPLAY_SCREEN	LOADING RESOURCE SURFACE FROM DISK
1134457.202	Study_Phase.SEQUENCE.Study_Instruction	LOADING RESOURCE SURFACE FROM DISK
1141209.963	Study_Phase.SEQUENCE.DISPLAY_SCREEN	LOADING RESOURCE SURFACE FROM DISK
1142762.215	Study_Phase.SEQUENCE.Study_Instruction	LOADING RESOURCE SURFACE FROM DISK
1151074.447	Study_Phase.SEQUENCE.Study_Instruction	LOADING RESOURCE SURFACE FROM DISK
1157826.666	Study_Phase.SEQUENCE.DISPLAY_SCREEN	LOADING RESOURCE SURFACE FROM DISK
1159380.463	Study_Phase.SEQUENCE.Study_Instruction	LOADING RESOURCE SURFACE FROM DISK
1166143.443	Study_Phase.SEQUENCE.DISPLAY_SCREEN	LOADING RESOURCE SURFACE FROM DISK
1167697.333	Study_Phase.SEQUENCE.Study_Instruction	LOADING RESOURCE SURFACE FROM DISK
1176007.218	Study_Phase.SEQUENCE.Study_Instruction	LOADING RESOURCE SURFACE FROM DISK
1184273.307	Study_Phase.SEQUENCE.Study_Instruction	LOADING RESOURCE SURFACE FROM DISK
1191026.546	Study_Phase.SEQUENCE.DISPLAY_SCREEN	LOADING RESOURCE SURFACE FROM DISK
1192579.57	Study_Phase.SEQUENCE.Study_Instruction	LOADING RESOURCE SURFACE FROM DISK
1200893.171	Study_Phase.SEQUENCE.Study_Instruction	LOADING RESOURCE SURFACE FROM DISK
1209157.225	Study_Phase.SEQUENCE.Study_Instruction	LOADING RESOURCE SURFACE FROM DISK
1215909.896	Study_Phase.SEQUENCE.DISPLAY_SCREEN	LOADING RESOURCE SURFACE FROM DISK
1217423.907	Study_Phase.SEQUENCE.Study_Instruction	LOADING RESOURCE SURFACE FROM DISK
1225732.454	Study_Phase.SEQUENCE.Study_Instruction	LOADING RESOURCE SURFACE FROM DISK
1232493.393	Study_Phase.SEQUENCE.DISPLAY_SCREEN	LOADING RESOURCE SURFACE FROM DISK
1234041.375	Study_Phase.SEQUENCE.Study_Instruction	LOADING RESOURCE SURFACE FROM DISK
1240793.19	Study_Phase.SEQUENCE.DISPLAY_SCREEN	LOADING RESOURCE SURFACE FROM DISK
1242345.665	Study_Phase.SEQUENCE.Study_Instruction	LOADING RESOURCE SURFACE FROM DISK
1250661.194	Study_Phase.SEQUENCE.Study_Instruction	LOADING RESOURCE SURFACE FROM DISK
1258936.083	Study_Phase.SEQUENCE.Study_Instruction	LOADING RESOURCE SURFACE FROM DISK
1267242.295	Study_Phase.SEQUENCE.Study_Instruction	LOADING RESOURCE SURFACE FROM DISK
1273976.629	Study_Phase.SEQUENCE.DISPLAY_SCREEN	LOADING RESOURCE SURFACE FROM DISK
1275528.806	Study_Phase.SEQUENCE.Study_Instruction	LOADING RESOURCE SURFACE FROM DISK
1283844.394	Study_Phase.SEQUENCE.Study_Instruction	LOADING RESOURCE SURFACE FROM DISK
1290593.311	Study_Phase.SEQUENCE.DISPLAY_SCREEN	LOADING RESOURCE SURFACE FROM DISK
1292147.218	Study_Phase.SEQUENCE.Study_Instruction	LOADING RESOURCE SURFACE FROM DISK
1300444.508	Study_Phase.SEQUENCE.Study_Instruction	LOADING RESOURCE SURFACE FROM DISK
1308706.721	Study_Phase.SEQUENCE.Study_Instruction	LOADING RESOURCE SURFACE FROM DISK
1315459.986	Study_Phase.SEQUENCE.DISPLAY_SCREEN	LOADING RESOURCE SURFACE FROM DISK
1317013.636	Study_Phase.SEQUENCE.Study_Instruction	LOADING RESOURCE SURFACE FROM DISK
1323776.799	Study_Phase.SEQUENCE.DISPLAY_SCREEN	LOADING RESOURCE SURFACE FROM DISK
1325311.246	Study_Phase.SEQUENCE.Study_Instruction	LOADING RESOURCE SURFACE FROM DISK
1333618.03	Study_Phase.SEQUENCE.Study_Instruction	LOADING RESOURCE SURFACE FROM DISK
1340376.693	Study_Phase.SEQUENCE.DISPLAY_SCREEN	LOADING RESOURCE SURFACE FROM DISK
1341933.733	Study_Phase.SEQUENCE.Study_Instruction	LOADING RESOURCE SURFACE FROM DISK
1350240.83	Study_Phase.SEQUENCE.Study_Instruction	LOADING RESOURCE SURFACE FROM DISK
1358543.438	Study_Phase.SEQUENCE.Study_Instruction	LOADING RESOURCE SURFACE FROM DISK
1365293.748	Study_Phase.SEQUENCE.DISPLAY_SCREEN	LOADING RESOURCE SURFACE FROM DISK
1366840.853	Study_Phase.SEQUENCE.Study_Instruction	LOADING RESOURCE SURFACE FROM DISK
1375107.283	Study_Phase.SEQUENCE.Study_Instruction	LOADING RESOURCE SURFACE FROM DISK
1381859.916	Study_Phase.SEQUENCE.DISPLAY_SCREEN	LOADING RESOURCE SURFACE FROM DISK
1383410.563	Study_Phase.SEQUENCE.Study_Instruction	LOADING RESOURCE SURFACE FROM DISK
1391673.897	Study_Phase.SEQUENCE.Study_Instruction	LOADING RESOURCE SURFACE FROM DISK
1398426.588	Study_Phase.SEQUENCE.DISPLAY_SCREEN	LOADING RESOURCE SURFACE FROM DISK
1399973.513	Study_Phase.SEQUENCE.Study_Instruction	LOADING RESOURCE SURFACE FROM DISK
1408271.759	Study_Phase.SEQUENCE.Study_Instruction	LOADING RESOURCE SURFACE FROM DISK
1415026.621	Study_Phase.SEQUENCE.DISPLAY_SCREEN	LOADING RESOURCE SURFACE FROM DISK
1416582.187	Study_Phase.SEQUENCE.Study_Instruction	LOADING RESOURCE SURFACE FROM DISK
1424897.417	Study_Phase.SEQUENCE.Study_Instruction	LOADING RESOURCE SURFACE FROM DISK
1433174.104	Study_Phase.SEQUENCE.Study_Instruction	LOADING RESOURCE SURFACE FROM DISK
1439926.669	Study_Phase.SEQUENCE.DISPLAY_SCREEN	LOADING RESOURCE SURFACE FROM DISK
1441476.519	Study_Phase.SEQUENCE.Study_Instruction	LOADING RESOURCE SURFACE FROM DISK
1449775.468	Study_Phase.SEQUENCE.Study_Instruction	LOADING RESOURCE SURFACE FROM DISK
1456509.896	Study_Phase.SEQUENCE.DISPLAY_SCREEN	LOADING RESOURCE SURFACE FROM DISK
1458063.314	Study_Phase.SEQUENCE.Study_Instruction	LOADING RESOURCE SURFACE FROM DISK
1462789.87	DISPLAY_SCREEN[7]	LOADING RESOURCE SURFACE FROM DISK
1607638.762	Test_Phase.SEQUENCE.Target_Cue	LOADING RESOURCE SURFACE FROM DISK
1607642.19	Test_Phase.SEQUENCE.Target_Cue	LOADING RESOURCE SURFACE FROM DISK
1609656.671	Test_Phase.SEQUENCE.Word	LOADING RESOURCE SURFACE FROM DISK
1612673.137	Test_Phase.SEQUENCE.Test_Question	LOADING RESOURCE SURFACE FROM DISK
1612714.857	Test_Phase.SEQUENCE.Test_Question	LOADING RESOURCE SURFACE FROM DISK
1612729.146	Test_Phase.SEQUENCE.Test_Question	LOADING RESOURCE SURFACE FROM DISK
1612740.223	Test_Phase.SEQUENCE.Test_Question	LOADING RESOURCE SURFACE FROM DISK
1612741.994	Test_Phase.SEQUENCE.Test_Question	LOADING RESOURCE SURFACE FROM DISK
1612743.882	Test_Phase.SEQUENCE.Test_Question	LOADING RESOURCE SURFACE FROM DISK
1612745.88	Test_Phase.SEQUENCE.Test_Question	LOADING RESOURCE SURFACE FROM DISK
1612762.669	Test_Phase.SEQUENCE.Test_Question	LOADING RESOURCE SURFACE FROM DISK
1612773.025	Test_Phase.SEQUENCE.Test_Question	LOADING RESOURCE SURFACE FROM DISK
1612788.265	Test_Phase.SEQUENCE.Test_Question	LOADING RESOURCE SURFACE FROM DISK
1612801.995	Test_Phase.SEQUENCE.Test_Question	LOADING RESOURCE SURFACE FROM DISK
1612803.793	Test_Phase.SEQUENCE.Test_Question	LOADING RESOURCE SURFACE FROM DISK
1625660.923	Test_Phase.SEQUENCE.Word	LOADING RESOURCE SURFACE FROM DISK
1640456.834	Test_Phase.SEQUENCE.Word	LOADING RESOURCE SURFACE FROM DISK
1652558.978	Test_Phase.SEQUENCE.Word	LOADING RESOURCE SURFACE FROM DISK
1662489.898	Test_Phase.SEQUENCE.Word	LOADING RESOURCE SURFACE FROM DISK
1682289.919	Test_Phase.SEQUENCE.Word	LOADING RESOURCE SURFACE FROM DISK
1694056.736	Test_Phase.SEQUENCE.Word	LOADING RESOURCE SURFACE FROM DISK
1703706.725	Test_Phase.SEQUENCE.Word	LOADING RESOURCE SURFACE FROM DISK
1712889.846	Test_Phase.SEQUENCE.Word	LOADING RESOURCE SURFACE FROM DISK
1727843.498	Test_Phase.SEQUENCE.Word	LOADING RESOURCE SURFACE FROM DISK
1740689.973	Test_Phase.SEQUENCE.Word	LOADING RESOURCE SURFACE FROM DISK
1750073.251	Test_Phase.SEQUENCE.Word	LOADING RESOURCE SURFACE FROM DISK
1758256.587	Test_Phase.SEQUENCE.Word	LOADING RESOURCE SURFACE FROM DISK
1766831.796	Test_Phase.SEQUENCE.Word	LOADING RESOURCE SURFACE FROM DISK
1780856.75	Test_Phase.SEQUENCE.Word	LOADING RESOURCE SURFACE FROM DISK
1789373.278	Test_Phase.SEQUENCE.Word	LOADING RESOURCE SURFACE FROM DISK
1797829.689	Test_Phase.SEQUENCE.Word	LOADING RESOURCE SURFACE FROM DISK
1807596.132	Test_Phase.SEQUENCE.Word	LOADING RESOURCE SURFACE FROM DISK
1821133.503	Test_Phase.SEQUENCE.Word	LOADING RESOURCE SURFACE FROM DISK
1830220.579	Test_Phase.SEQUENCE.Word	LOADING RESOURCE SURFACE FROM DISK
1841223.696	Test_Phase.SEQUENCE.Word	LOADING RESOURCE SURFACE FROM DISK
1853724.945	Test_Phase.SEQUENCE.Word	LOADING RESOURCE SURFACE FROM DISK
1862793.986	Test_Phase.SEQUENCE.Word	LOADING RESOURCE SURFACE FROM DISK
1874289.959	Test_Phase.SEQUENCE.Word	LOADING RESOURCE SURFACE FROM DISK
1884106.969	Test_Phase.SEQUENCE.Word	LOADING RESOURCE SURFACE FROM DISK
1893689.979	Test_Phase.SEQUENCE.Word	LOADING RESOURCE SURFACE FROM DISK
1901989.977	Test_Phase.SEQUENCE.Word	LOADING RESOURCE SURFACE FROM DISK
1909380.692	Test_Phase.SEQUENCE.Word	LOADING RESOURCE SURFACE FROM DISK
1918489.941	Test_Phase.SEQUENCE.Word	LOADING RESOURCE SURFACE FROM DISK
1928582.67	Test_Phase.SEQUENCE.Word	LOADING RESOURCE SURFACE FROM DISK
1938856.83	Test_Phase.SEQUENCE.Word	LOADING RESOURCE SURFACE FROM DISK
1947027.689	Test_Phase.SEQUENCE.Word	LOADING RESOURCE SURFACE FROM DISK
1955841.65	Test_Phase.SEQUENCE.Word	LOADING RESOURCE SURFACE FROM DISK
1965273.385	Test_Phase.SEQUENCE.Word	LOADING RESOURCE SURFACE FROM DISK
1977843.075	Test_Phase.SEQUENCE.Word	LOADING RESOURCE SURFACE FROM DISK
1987506.835	Test_Phase.SEQUENCE.Word	LOADING RESOURCE SURFACE FROM DISK
1997973.479	Test_Phase.SEQUENCE.Word	LOADING RESOURCE SURFACE FROM DISK
2012984.364	Test_Phase.SEQUENCE.Word	LOADING RESOURCE SURFACE FROM DISK
2024641.259	Test_Phase.SEQUENCE.Word	LOADING RESOURCE SURFACE FROM DISK
2037014.042	Test_Phase.SEQUENCE.Word	LOADING RESOURCE SURFACE FROM DISK
2047966.173	Test_Phase.SEQUENCE.Word	LOADING RESOURCE SURFACE FROM DISK
2057840.031	Test_Phase.SEQUENCE.Word	LOADING RESOURCE SURFACE FROM DISK
2068723.61	Test_Phase.SEQUENCE.Word	LOADING RESOURCE SURFACE FROM DISK
2076956.68	Test_Phase.SEQUENCE.Word	LOADING RESOURCE SURFACE FROM DISK
2086323.5	Test_Phase.SEQUENCE.Word	LOADING RESOURCE SURFACE FROM DISK
2097416.769	Test_Phase.SEQUENCE.Word	LOADING RESOURCE SURFACE FROM DISK
2109476.711	Test_Phase.SEQUENCE.Word	LOADING RESOURCE SURFACE FROM DISK
2124899.72	Test_Phase.SEQUENCE.Word	LOADING RESOURCE SURFACE FROM DISK
2137263.9	Test_Phase.SEQUENCE.Word	LOADING RESOURCE SURFACE FROM DISK
2146423.387	Test_Phase.SEQUENCE.Word	LOADING RESOURCE SURFACE FROM DISK
2154323.337	Test_Phase.SEQUENCE.Word	LOADING RESOURCE SURFACE FROM DISK
2162307.946	Test_Phase.SEQUENCE.Word	LOADING RESOURCE SURFACE FROM DISK
2172156.684	Test_Phase.SEQUENCE.Word	LOADING RESOURCE SURFACE FROM DISK
2186842.572	Test_Phase.SEQUENCE.Word	LOADING RESOURCE SURFACE FROM DISK
2194773.539	Test_Phase.SEQUENCE.Word	LOADING RESOURCE SURFACE FROM DISK
2203729.193	Test_Phase.SEQUENCE.Word	LOADING RESOURCE SURFACE FROM DISK
2213140.203	Test_Phase.SEQUENCE.Word	LOADING RESOURCE SURFACE FROM DISK
2221089.97	Test_Phase.SEQUENCE.Word	LOADING RESOURCE SURFACE FROM DISK
2230761.428	Test_Phase.SEQUENCE.Word	LOADING RESOURCE SURFACE FROM DISK
2238590.406	Test_Phase.SEQUENCE.Word	LOADING RESOURCE SURFACE FROM DISK
2247331.26	Test_Phase.SEQUENCE.Word	LOADING RESOURCE SURFACE FROM DISK
2255856.614	Test_Phase.SEQUENCE.Word	LOADING RESOURCE SURFACE FROM DISK
2264006.891	Test_Phase.SEQUENCE.Word	LOADING RESOURCE SURFACE FROM DISK
2271706.563	Test_Phase.SEQUENCE.Word	LOADING RESOURCE SURFACE FROM DISK
2279111.133	Test_Phase.SEQUENCE.Word	LOADING RESOURCE SURFACE FROM DISK
2287456.712	Test_Phase.SEQUENCE.Word	LOADING RESOURCE SURFACE FROM DISK
2296923.079	Test_Phase.SEQUENCE.Word	LOADING RESOURCE SURFACE FROM DISK
2304473.377	Test_Phase.SEQUENCE.Word	LOADING RESOURCE SURFACE FROM DISK
2312544.655	Test_Phase.SEQUENCE.Word	LOADING RESOURCE SURFACE FROM DISK
2326090.25	Test_Phase.SEQUENCE.Word	LOADING RESOURCE SURFACE FROM DISK
2333975.889	Test_Phase.SEQUENCE.Word	LOADING RESOURCE SURFACE FROM DISK
2342379.788	Test_Phase.SEQUENCE.Word	LOADING RESOURCE SURFACE FROM DISK
2352410.731	Test_Phase.SEQUENCE.Word	LOADING RESOURCE SURFACE FROM DISK
2360456.925	Test_Phase.SEQUENCE.Word	LOADING RESOURCE SURFACE FROM DISK
2368623.434	Test_Phase.SEQUENCE.Word	LOADING RESOURCE SURFACE FROM DISK
2379439.868	Test_Phase.SEQUENCE.Word	LOADING RESOURCE SURFACE FROM DISK
2388089.934	Test_Phase.SEQUENCE.Word	LOADING RESOURCE SURFACE FROM DISK
2398873.279	Test_Phase.SEQUENCE.Word	LOADING RESOURCE SURFACE FROM DISK
2412839.954	Test_Phase.SEQUENCE.Word	LOADING RESOURCE SURFACE FROM DISK
2420361.192	Test_Phase.SEQUENCE.Word	LOADING RESOURCE SURFACE FROM DISK
2430991.284	Test_Phase.SEQUENCE.Word	LOADING RESOURCE SURFACE FROM DISK
2442506.793	Test_Phase.SEQUENCE.Word	LOADING RESOURCE SURFACE FROM DISK
2449823.483	Test_Phase.SEQUENCE.Word	LOADING RESOURCE SURFACE FROM DISK
2459429.329	Test_Phase.SEQUENCE.Word	LOADING RESOURCE SURFACE FROM DISK
2469154.657	Test_Phase.SEQUENCE.Word	LOADING RESOURCE SURFACE FROM DISK
2477656.702	Test_Phase.SEQUENCE.Word	LOADING RESOURCE SURFACE FROM DISK
2485016.0	Test_Phase.SEQUENCE.Word	LOADING RESOURCE SURFACE FROM DISK
2492430.094	Test_Phase.SEQUENCE.Word	LOADING RESOURCE SURFACE FROM DISK
2501426.944	Test_Phase.SEQUENCE.Word	LOADING RESOURCE SURFACE FROM DISK
2508939.827	Test_Phase.SEQUENCE.Word	LOADING RESOURCE SURFACE FROM DISK
2516356.528	Test_Phase.SEQUENCE.Word	LOADING RESOURCE SURFACE FROM DISK
2529556.904	Test_Phase.SEQUENCE.Word	LOADING RESOURCE SURFACE FROM DISK
2537373.372	Test_Phase.SEQUENCE.Word	LOADING RESOURCE SURFACE FROM DISK
2546623.48	Test_Phase.SEQUENCE.Word	LOADING RESOURCE SURFACE FROM DISK
2554140.008	Test_Phase.SEQUENCE.Word	LOADING RESOURCE SURFACE FROM DISK
2562942.444	Test_Phase.SEQUENCE.Word	LOADING RESOURCE SURFACE FROM DISK
2570272.17	Test_Phase.SEQUENCE.Word	LOADING RESOURCE SURFACE FROM DISK
2579556.737	Test_Phase.SEQUENCE.Word	LOADING RESOURCE SURFACE FROM DISK
2586755.971	Test_Phase.SEQUENCE.Word	LOADING RESOURCE SURFACE FROM DISK
2597489.981	Test_Phase.SEQUENCE.Word	LOADING RESOURCE SURFACE FROM DISK
2605639.974	Test_Phase.SEQUENCE.Word	LOADING RESOURCE SURFACE FROM DISK
2612966.24	Test_Phase.SEQUENCE.Word	LOADING RESOURCE SURFACE FROM DISK
2620523.421	Test_Phase.SEQUENCE.Word	LOADING RESOURCE SURFACE FROM DISK
2629073.757	Test_Phase.SEQUENCE.Word	LOADING RESOURCE SURFACE FROM DISK
2636844.958	Test_Phase.SEQUENCE.Word	LOADING RESOURCE SURFACE FROM DISK
2645723.387	Test_Phase.SEQUENCE.Word	LOADING RESOURCE SURFACE FROM DISK
2653959.205	Test_Phase.SEQUENCE.Word	LOADING RESOURCE SURFACE FROM DISK
2662323.795	Test_Phase.SEQUENCE.Word	LOADING RESOURCE SURFACE FROM DISK
2669580.807	Test_Phase.SEQUENCE.Word	LOADING RESOURCE SURFACE FROM DISK
2677806.74	Test_Phase.SEQUENCE.Word	LOADING RESOURCE SURFACE FROM DISK
2685206.561	Test_Phase.SEQUENCE.Word	LOADING RESOURCE SURFACE FROM DISK
2692556.753	Test_Phase.SEQUENCE.Word	LOADING RESOURCE SURFACE FROM DISK
2700390.389	Test_Phase.SEQUENCE.Word	LOADING RESOURCE SURFACE FROM DISK
2708977.14	Test_Phase.SEQUENCE.Word	LOADING RESOURCE SURFACE FROM DISK
2717081.177	Test_Phase.SEQUENCE.Word	LOADING RESOURCE SURFACE FROM DISK
2724523.389	Test_Phase.SEQUENCE.Word	LOADING RESOURCE SURFACE FROM DISK
2734689.896	Test_Phase.SEQUENCE.Word	LOADING RESOURCE SURFACE FROM DISK
2742845.662	Test_Phase.SEQUENCE.Word	LOADING RESOURCE SURFACE FROM DISK
2751313.053	Test_Phase.SEQUENCE.Word	LOADING RESOURCE SURFACE FROM DISK
2759340.106	Test_Phase.SEQUENCE.Word	LOADING RESOURCE SURFACE FROM DISK
2769006.543	Test_Phase.SEQUENCE.Word	LOADING RESOURCE SURFACE FROM DISK
2777290.214	Test_Phase.SEQUENCE.Word	LOADING RESOURCE SURFACE FROM DISK
2788006.681	Test_Phase.SEQUENCE.Word	LOADING RESOURCE SURFACE FROM DISK
2795156.865	Test_Phase.SEQUENCE.Word	LOADING RESOURCE SURFACE FROM DISK
2805556.833	Test_Phase.SEQUENCE.Word	LOADING RESOURCE SURFACE FROM DISK
2813264.206	Test_Phase.SEQUENCE.Word	LOADING RESOURCE SURFACE FROM DISK
2821564.416	Test_Phase.SEQUENCE.Word	LOADING RESOURCE SURFACE FROM DISK
2831277.77	Test_Phase.SEQUENCE.Word	LOADING RESOURCE SURFACE FROM DISK
2839373.364	Test_Phase.SEQUENCE.Word	LOADING RESOURCE SURFACE FROM DISK
2846656.877	Test_Phase.SEQUENCE.Word	LOADING RESOURCE SURFACE FROM DISK
2853926.303	Test_Phase.SEQUENCE.Word	LOADING RESOURCE SURFACE FROM DISK
2863806.89	Test_Phase.SEQUENCE.Word	LOADING RESOURCE SURFACE FROM DISK
2872890.111	Test_Phase.SEQUENCE.Word	LOADING RESOURCE SURFACE FROM DISK
2880373.566	Test_Phase.SEQUENCE.Word	LOADING RESOURCE SURFACE FROM DISK
2888823.442	Test_Phase.SEQUENCE.Word	LOADING RESOURCE SURFACE FROM DISK
2897892.743	Test_Phase.SEQUENCE.Word	LOADING RESOURCE SURFACE FROM DISK
2906989.971	Test_Phase.SEQUENCE.Word	LOADING RESOURCE SURFACE FROM DISK
2914590.189	Test_Phase.SEQUENCE.Word	LOADING RESOURCE SURFACE FROM DISK
2923390.025	Test_Phase.SEQUENCE.Word	LOADING RESOURCE SURFACE FROM DISK
2932549.024	Test_Phase.SEQUENCE.Word	LOADING RESOURCE SURFACE FROM DISK
2941325.233	Test_Phase.SEQUENCE.Word	LOADING RESOURCE SURFACE FROM DISK
2950623.472	Test_Phase.SEQUENCE.Word	LOADING RESOURCE SURFACE FROM DISK
2958882.748	Test_Phase.SEQUENCE.Word	LOADING RESOURCE SURFACE FROM DISK
2966113.18	Test_Phase.SEQUENCE.Word	LOADING RESOURCE SURFACE FROM DISK
2974856.818	Test_Phase.SEQUENCE.Word	LOADING RESOURCE SURFACE FROM DISK
2983139.751	Test_Phase.SEQUENCE.Word	LOADING RESOURCE SURFACE FROM DISK
2992177.908	Test_Phase.SEQUENCE.Word	LOADING RESOURCE SURFACE FROM DISK
2999673.344	Test_Phase.SEQUENCE.Word	LOADING RESOURCE SURFACE FROM DISK
3008139.979	Test_Phase.SEQUENCE.Word	LOADING RESOURCE SURFACE FROM DISK
3020040.084	Test_Phase.SEQUENCE.Word	LOADING RESOURCE SURFACE FROM DISK
3027443.973	Test_Phase.SEQUENCE.Word	LOADING RESOURCE SURFACE FROM DISK
3037191.554	Test_Phase.SEQUENCE.Word	LOADING RESOURCE SURFACE FROM DISK
3046639.919	Test_Phase.SEQUENCE.Word	LOADING RESOURCE SURFACE FROM DISK
3054023.579	Test_Phase.SEQUENCE.Word	LOADING RESOURCE SURFACE FROM DISK
3062197.589	Test_Phase.SEQUENCE.Word	LOADING RESOURCE SURFACE FROM DISK
3070773.359	Test_Phase.SEQUENCE.Word	LOADING RESOURCE SURFACE FROM DISK
3077945.141	Test_Phase.SEQUENCE.Word	LOADING RESOURCE SURFACE FROM DISK
3088756.766	Test_Phase.SEQUENCE.Word	LOADING RESOURCE SURFACE FROM DISK
3097273.329	Test_Phase.SEQUENCE.Word	LOADING RESOURCE SURFACE FROM DISK
3106712.454	Test_Phase.SEQUENCE.Word	LOADING RESOURCE SURFACE FROM DISK
3116079.354	Test_Phase.SEQUENCE.Word	LOADING RESOURCE SURFACE FROM DISK
3124912.347	Test_Phase.SEQUENCE.Word	LOADING RESOURCE SURFACE FROM DISK
3132340.191	Test_Phase.SEQUENCE.Word	LOADING RESOURCE SURFACE FROM DISK
3140456.767	Test_Phase.SEQUENCE.Word	LOADING RESOURCE SURFACE FROM DISK
3148889.916	Test_Phase.SEQUENCE.Word	LOADING RESOURCE SURFACE FROM DISK
3157199.791	Test_Phase.SEQUENCE.Word	LOADING RESOURCE SURFACE FROM DISK
3166023.599	Test_Phase.SEQUENCE.Word	LOADING RESOURCE SURFACE FROM DISK
3174939.478	Test_Phase.SEQUENCE.Word	LOADING RESOURCE SURFACE FROM DISK
3182190.005	Test_Phase.SEQUENCE.Word	LOADING RESOURCE SURFACE FROM DISK
3190915.163	Test_Phase.SEQUENCE.Word	LOADING RESOURCE SURFACE FROM DISK
3199623.271	Test_Phase.SEQUENCE.Word	LOADING RESOURCE SURFACE FROM DISK
3209442.868	Test_Phase.SEQUENCE.Word	LOADING RESOURCE SURFACE FROM DISK
3216606.67	Test_Phase.SEQUENCE.Word	LOADING RESOURCE SURFACE FROM DISK
3228256.741	Test_Phase.SEQUENCE.Word	LOADING RESOURCE SURFACE FROM DISK
3238537.001	Test_Phase.SEQUENCE.Word	LOADING RESOURCE SURFACE FROM DISK
3246639.971	Test_Phase.SEQUENCE.Word	LOADING RESOURCE SURFACE FROM DISK
3254178.61	Test_Phase.SEQUENCE.Word	LOADING RESOURCE SURFACE FROM DISK
3264156.658	Test_Phase.SEQUENCE.Word	LOADING RESOURCE SURFACE FROM DISK
3273123.226	Test_Phase.SEQUENCE.Word	LOADING RESOURCE SURFACE FROM DISK
3281140.258	Test_Phase.SEQUENCE.Word	LOADING RESOURCE SURFACE FROM DISK
3291489.905	Test_Phase.SEQUENCE.Word	LOADING RESOURCE SURFACE FROM DISK
3298690.02	Test_Phase.SEQUENCE.Word	LOADING RESOURCE SURFACE FROM DISK
3309973.286	Test_Phase.SEQUENCE.Word	LOADING RESOURCE SURFACE FROM DISK
3318173.269	Test_Phase.SEQUENCE.Word	LOADING RESOURCE SURFACE FROM DISK
3326440.096	Test_Phase.SEQUENCE.Word	LOADING RESOURCE SURFACE FROM DISK
3341279.636	Test_Phase.SEQUENCE.Word	LOADING RESOURCE SURFACE FROM DISK
3352294.371	Test_Phase.SEQUENCE.Word	LOADING RESOURCE SURFACE FROM DISK
3364047.343	Test_Phase.SEQUENCE.Word	LOADING RESOURCE SURFACE FROM DISK
3372260.854	Test_Phase.SEQUENCE.Word	LOADING RESOURCE SURFACE FROM DISK
3379657.293	Test_Phase.SEQUENCE.Word	LOADING RESOURCE SURFACE FROM DISK
3388156.769	Test_Phase.SEQUENCE.Word	LOADING RESOURCE SURFACE FROM DISK
3396306.616	Test_Phase.SEQUENCE.Word	LOADING RESOURCE SURFACE FROM DISK
3409006.545	Test_Phase.SEQUENCE.Word	LOADING RESOURCE SURFACE FROM DISK
3416373.334	Test_Phase.SEQUENCE.Word	LOADING RESOURCE SURFACE FROM DISK
3425089.831	Test_Phase.SEQUENCE.Word	LOADING RESOURCE SURFACE FROM DISK
3433429.386	Test_Phase.SEQUENCE.Word	LOADING RESOURCE SURFACE FROM DISK
3442623.559	Test_Phase.SEQUENCE.Word	LOADING RESOURCE SURFACE FROM DISK
3450007.844	Test_Phase.SEQUENCE.Word	LOADING RESOURCE SURFACE FROM DISK
3459543.249	Test_Phase.SEQUENCE.Word	LOADING RESOURCE SURFACE FROM DISK
3464269.318	DISPLAY_SCREEN	LOADING RESOURCE SURFACE FROM DISK
