5024.642	DISPLAY_SCREEN[1]	LOADING RESOURCE SURFACE FROM DISK
127201.825	Familiarization_Phase.SEQUENCE.Cue_and_Instruction	LOADING RESOURCE SURFACE FROM DISK
127206.177	Familiarization_Phase.SEQUENCE.Cue_and_Instruction	LOADING RESOURCE SURFACE FROM DISK
133273.584	Familiarization_Phase.SEQUENCE.Cue_and_Instruction	LOADING RESOURCE SURFACE FROM DISK
133295.479	Familiarization_Phase.SEQUENCE.Cue_and_Instruction	LOADING RESOURCE SURFACE FROM DISK
139340.318	Familiarization_Phase.SEQUENCE.Cue_and_Instruction	LOADING RESOURCE SURFACE FROM DISK
139344.643	Familiarization_Phase.SEQUENCE.Cue_and_Instruction	LOADING RESOURCE SURFACE FROM DISK
181752.56	DISPLAY_SCREEN[3]	LOADING RESOURCE SURFACE FROM DISK
308904.937	DISPLAY_SCREEN[5]	LOADING RESOURCE SURFACE FROM DISK
394935.7	Practice_Phase.SEQUENCE.Blink_Screen	LOADING RESOURCE SURFACE FROM DISK
394936.811	Practice_Phase.SEQUENCE.Blink_Screen	flip time is later than desired time. Desired Time=394669 Flip Time=394953 Retrace Rate=16.640, prepareTime=291 flip request time 394936
396168.73	Practice_Phase.SEQUENCE.Luminance_Cue[1]	LOADING RESOURCE SURFACE FROM DISK
396182.589	Practice_Phase.SEQUENCE.Luminance_Cue[1]	LOADING RESOURCE SURFACE FROM DISK
396184.113	Practice_Phase.SEQUENCE.Luminance_Cue[1]	flip time is later than desired time. Desired Time=396153 Flip Time=396203 Retrace Rate=16.640, prepareTime=55 flip request time 396183
396719.018	Practice_Phase.SEQUENCE.Practice_Instruction	LOADING RESOURCE SURFACE FROM DISK
396731.381	Practice_Phase.SEQUENCE.Practice_Instruction	LOADING RESOURCE SURFACE FROM DISK
396732.905	Practice_Phase.SEQUENCE.Practice_Instruction	flip time is later than desired time. Desired Time=396703 Flip Time=396753 Retrace Rate=16.640, prepareTime=54 flip request time 396732
400234.768	Practice_Phase.SEQUENCE.Action_cue[1]	LOADING RESOURCE SURFACE FROM DISK
404839.538	Practice_Phase.SEQUENCE.Practice_Instruction	LOADING RESOURCE SURFACE FROM DISK
404857.389	Practice_Phase.SEQUENCE.Practice_Instruction	LOADING RESOURCE SURFACE FROM DISK
404858.927	Practice_Phase.SEQUENCE.Practice_Instruction	flip time is later than desired time. Desired Time=404819 Flip Time=404869 Retrace Rate=16.640, prepareTime=63 flip request time 404858
412951.121	Practice_Phase.SEQUENCE.Practice_Instruction	LOADING RESOURCE SURFACE FROM DISK
412957.126	Practice_Phase.SEQUENCE.Practice_Instruction	LOADING RESOURCE SURFACE FROM DISK
412958.78	Practice_Phase.SEQUENCE.Practice_Instruction	flip time is later than desired time. Desired Time=412936 Flip Time=412969 Retrace Rate=16.640, prepareTime=46 flip request time 412958
421017.456	Practice_Phase.SEQUENCE.Practice_Instruction	LOADING RESOURCE SURFACE FROM DISK
421020.07	Practice_Phase.SEQUENCE.Practice_Instruction	LOADING RESOURCE SURFACE FROM DISK
429083.963	Practice_Phase.SEQUENCE.Practice_Instruction	LOADING RESOURCE SURFACE FROM DISK
429086.779	Practice_Phase.SEQUENCE.Practice_Instruction	LOADING RESOURCE SURFACE FROM DISK
437150.912	Practice_Phase.SEQUENCE.Practice_Instruction	LOADING RESOURCE SURFACE FROM DISK
437167.525	Practice_Phase.SEQUENCE.Practice_Instruction	LOADING RESOURCE SURFACE FROM DISK
437169.058	Practice_Phase.SEQUENCE.Practice_Instruction	flip time is later than desired time. Desired Time=437169 Flip Time=437186 Retrace Rate=16.640, prepareTime=23 flip request time 437168
445234.041	Practice_Phase.SEQUENCE.Practice_Instruction	LOADING RESOURCE SURFACE FROM DISK
445278.471	Practice_Phase.SEQUENCE.Practice_Instruction	LOADING RESOURCE SURFACE FROM DISK
445279.972	Practice_Phase.SEQUENCE.Practice_Instruction	flip time is later than desired time. Desired Time=445253 Flip Time=445303 Retrace Rate=16.640, prepareTime=51 flip request time 445279
453350.637	Practice_Phase.SEQUENCE.Practice_Instruction	LOADING RESOURCE SURFACE FROM DISK
453353.307	Practice_Phase.SEQUENCE.Practice_Instruction	LOADING RESOURCE SURFACE FROM DISK
461417.589	Practice_Phase.SEQUENCE.Practice_Instruction	LOADING RESOURCE SURFACE FROM DISK
461455.751	Practice_Phase.SEQUENCE.Practice_Instruction	LOADING RESOURCE SURFACE FROM DISK
461457.272	Practice_Phase.SEQUENCE.Practice_Instruction	flip time is later than desired time. Desired Time=461436 Flip Time=461469 Retrace Rate=16.640, prepareTime=45 flip request time 461457
467621.801	DISPLAY_SCREEN[2]	LOADING RESOURCE SURFACE FROM DISK
585042.868	Study_Phase.SEQUENCE.Study_Instruction	LOADING RESOURCE SURFACE FROM DISK
585325.997	Study_Phase.SEQUENCE.Study_Instruction	LOADING RESOURCE SURFACE FROM DISK
593613.564	Study_Phase.SEQUENCE.Study_Instruction	LOADING RESOURCE SURFACE FROM DISK
601934.313	Study_Phase.SEQUENCE.Study_Instruction	LOADING RESOURCE SURFACE FROM DISK
610248.784	Study_Phase.SEQUENCE.Study_Instruction	LOADING RESOURCE SURFACE FROM DISK
618570.243	Study_Phase.SEQUENCE.Study_Instruction	LOADING RESOURCE SURFACE FROM DISK
626822.771	Study_Phase.SEQUENCE.Study_Instruction	LOADING RESOURCE SURFACE FROM DISK
635093.089	Study_Phase.SEQUENCE.Study_Instruction	LOADING RESOURCE SURFACE FROM DISK
635130.863	Study_Phase.SEQUENCE.Study_Instruction	LOADING RESOURCE SURFACE FROM DISK
643409.567	Study_Phase.SEQUENCE.Study_Instruction	LOADING RESOURCE SURFACE FROM DISK
643450.2	Study_Phase.SEQUENCE.Study_Instruction	LOADING RESOURCE SURFACE FROM DISK
651726.299	Study_Phase.SEQUENCE.Study_Instruction	LOADING RESOURCE SURFACE FROM DISK
651768.907	Study_Phase.SEQUENCE.Study_Instruction	LOADING RESOURCE SURFACE FROM DISK
660073.604	Study_Phase.SEQUENCE.Study_Instruction	LOADING RESOURCE SURFACE FROM DISK
668342.911	Study_Phase.SEQUENCE.Study_Instruction	LOADING RESOURCE SURFACE FROM DISK
668381.185	Study_Phase.SEQUENCE.Study_Instruction	LOADING RESOURCE SURFACE FROM DISK
676643.059	Study_Phase.SEQUENCE.Study_Instruction	LOADING RESOURCE SURFACE FROM DISK
676689.964	Study_Phase.SEQUENCE.Study_Instruction	LOADING RESOURCE SURFACE FROM DISK
684999.549	Study_Phase.SEQUENCE.Study_Instruction	LOADING RESOURCE SURFACE FROM DISK
693297.847	Study_Phase.SEQUENCE.Study_Instruction	LOADING RESOURCE SURFACE FROM DISK
701576.188	Study_Phase.SEQUENCE.Study_Instruction	LOADING RESOURCE SURFACE FROM DISK
701649.585	Study_Phase.SEQUENCE.Study_Instruction	LOADING RESOURCE SURFACE FROM DISK
709926.223	Study_Phase.SEQUENCE.Study_Instruction	LOADING RESOURCE SURFACE FROM DISK
709967.947	Study_Phase.SEQUENCE.Study_Instruction	LOADING RESOURCE SURFACE FROM DISK
718242.893	Study_Phase.SEQUENCE.Study_Instruction	LOADING RESOURCE SURFACE FROM DISK
718245.525	Study_Phase.SEQUENCE.Study_Instruction	LOADING RESOURCE SURFACE FROM DISK
726549.72	Study_Phase.SEQUENCE.Study_Instruction	LOADING RESOURCE SURFACE FROM DISK
734869.684	Study_Phase.SEQUENCE.Study_Instruction	LOADING RESOURCE SURFACE FROM DISK
743175.278	Study_Phase.SEQUENCE.Study_Instruction	LOADING RESOURCE SURFACE FROM DISK
751443.183	Study_Phase.SEQUENCE.Study_Instruction	LOADING RESOURCE SURFACE FROM DISK
751480.877	Study_Phase.SEQUENCE.Study_Instruction	LOADING RESOURCE SURFACE FROM DISK
759795.712	Study_Phase.SEQUENCE.Study_Instruction	LOADING RESOURCE SURFACE FROM DISK
768117.916	Study_Phase.SEQUENCE.Study_Instruction	LOADING RESOURCE SURFACE FROM DISK
776392.897	Study_Phase.SEQUENCE.Study_Instruction	LOADING RESOURCE SURFACE FROM DISK
776431.257	Study_Phase.SEQUENCE.Study_Instruction	LOADING RESOURCE SURFACE FROM DISK
784709.441	Study_Phase.SEQUENCE.Study_Instruction	LOADING RESOURCE SURFACE FROM DISK
784712.063	Study_Phase.SEQUENCE.Study_Instruction	LOADING RESOURCE SURFACE FROM DISK
793013.802	Study_Phase.SEQUENCE.Study_Instruction	LOADING RESOURCE SURFACE FROM DISK
801292.912	Study_Phase.SEQUENCE.Study_Instruction	LOADING RESOURCE SURFACE FROM DISK
801331.163	Study_Phase.SEQUENCE.Study_Instruction	LOADING RESOURCE SURFACE FROM DISK
809589.543	Study_Phase.SEQUENCE.Study_Instruction	LOADING RESOURCE SURFACE FROM DISK
817823.916	Study_Phase.SEQUENCE.Study_Instruction	LOADING RESOURCE SURFACE FROM DISK
826092.988	Study_Phase.SEQUENCE.Study_Instruction	LOADING RESOURCE SURFACE FROM DISK
826157.502	Study_Phase.SEQUENCE.Study_Instruction	LOADING RESOURCE SURFACE FROM DISK
834426.127	Study_Phase.SEQUENCE.Study_Instruction	LOADING RESOURCE SURFACE FROM DISK
834463.668	Study_Phase.SEQUENCE.Study_Instruction	LOADING RESOURCE SURFACE FROM DISK
842742.945	Study_Phase.SEQUENCE.Study_Instruction	LOADING RESOURCE SURFACE FROM DISK
842783.14	Study_Phase.SEQUENCE.Study_Instruction	LOADING RESOURCE SURFACE FROM DISK
851059.559	Study_Phase.SEQUENCE.Study_Instruction	LOADING RESOURCE SURFACE FROM DISK
851062.191	Study_Phase.SEQUENCE.Study_Instruction	LOADING RESOURCE SURFACE FROM DISK
859379.227	Study_Phase.SEQUENCE.Study_Instruction	LOADING RESOURCE SURFACE FROM DISK
867659.615	Study_Phase.SEQUENCE.Study_Instruction	LOADING RESOURCE SURFACE FROM DISK
867704.803	Study_Phase.SEQUENCE.Study_Instruction	LOADING RESOURCE SURFACE FROM DISK
875976.269	Study_Phase.SEQUENCE.Study_Instruction	LOADING RESOURCE SURFACE FROM DISK
875978.959	Study_Phase.SEQUENCE.Study_Instruction	LOADING RESOURCE SURFACE FROM DISK
884281.746	Study_Phase.SEQUENCE.Study_Instruction	LOADING RESOURCE SURFACE FROM DISK
892559.811	Study_Phase.SEQUENCE.Study_Instruction	LOADING RESOURCE SURFACE FROM DISK
892598.376	Study_Phase.SEQUENCE.Study_Instruction	LOADING RESOURCE SURFACE FROM DISK
900874.129	Study_Phase.SEQUENCE.Study_Instruction	LOADING RESOURCE SURFACE FROM DISK
909142.871	Study_Phase.SEQUENCE.Study_Instruction	LOADING RESOURCE SURFACE FROM DISK
909187.019	Study_Phase.SEQUENCE.Study_Instruction	LOADING RESOURCE SURFACE FROM DISK
917494.438	Study_Phase.SEQUENCE.Study_Instruction	LOADING RESOURCE SURFACE FROM DISK
925772.753	Study_Phase.SEQUENCE.Study_Instruction	LOADING RESOURCE SURFACE FROM DISK
934042.973	Study_Phase.SEQUENCE.Study_Instruction	LOADING RESOURCE SURFACE FROM DISK
934087.336	Study_Phase.SEQUENCE.Study_Instruction	LOADING RESOURCE SURFACE FROM DISK
942397.603	Study_Phase.SEQUENCE.Study_Instruction	LOADING RESOURCE SURFACE FROM DISK
950676.203	Study_Phase.SEQUENCE.Study_Instruction	LOADING RESOURCE SURFACE FROM DISK
950714.57	Study_Phase.SEQUENCE.Study_Instruction	LOADING RESOURCE SURFACE FROM DISK
959022.709	Study_Phase.SEQUENCE.Study_Instruction	LOADING RESOURCE SURFACE FROM DISK
967276.337	Study_Phase.SEQUENCE.Study_Instruction	LOADING RESOURCE SURFACE FROM DISK
967278.918	Study_Phase.SEQUENCE.Study_Instruction	LOADING RESOURCE SURFACE FROM DISK
975597.651	Study_Phase.SEQUENCE.Study_Instruction	LOADING RESOURCE SURFACE FROM DISK
983876.539	Study_Phase.SEQUENCE.Study_Instruction	LOADING RESOURCE SURFACE FROM DISK
983879.296	Study_Phase.SEQUENCE.Study_Instruction	LOADING RESOURCE SURFACE FROM DISK
992157.226	Study_Phase.SEQUENCE.Study_Instruction	LOADING RESOURCE SURFACE FROM DISK
1000455.186	Study_Phase.SEQUENCE.Study_Instruction	LOADING RESOURCE SURFACE FROM DISK
1008726.251	Study_Phase.SEQUENCE.Study_Instruction	LOADING RESOURCE SURFACE FROM DISK
1008767.126	Study_Phase.SEQUENCE.Study_Instruction	LOADING RESOURCE SURFACE FROM DISK
1017073.693	Study_Phase.SEQUENCE.Study_Instruction	LOADING RESOURCE SURFACE FROM DISK
1025379.182	Study_Phase.SEQUENCE.Study_Instruction	LOADING RESOURCE SURFACE FROM DISK
1033659.508	Study_Phase.SEQUENCE.Study_Instruction	LOADING RESOURCE SURFACE FROM DISK
1033702.286	Study_Phase.SEQUENCE.Study_Instruction	LOADING RESOURCE SURFACE FROM DISK
1041955.954	Study_Phase.SEQUENCE.Study_Instruction	LOADING RESOURCE SURFACE FROM DISK
1050226.099	Study_Phase.SEQUENCE.Study_Instruction	LOADING RESOURCE SURFACE FROM DISK
1050271.997	Study_Phase.SEQUENCE.Study_Instruction	LOADING RESOURCE SURFACE FROM DISK
1058581.587	Study_Phase.SEQUENCE.Study_Instruction	LOADING RESOURCE SURFACE FROM DISK
1066859.677	Study_Phase.SEQUENCE.Study_Instruction	LOADING RESOURCE SURFACE FROM DISK
1066903.222	Study_Phase.SEQUENCE.Study_Instruction	LOADING RESOURCE SURFACE FROM DISK
1075212.117	Study_Phase.SEQUENCE.Study_Instruction	LOADING RESOURCE SURFACE FROM DISK
1083526.825	Study_Phase.SEQUENCE.Study_Instruction	LOADING RESOURCE SURFACE FROM DISK
1091830.078	Study_Phase.SEQUENCE.Study_Instruction	LOADING RESOURCE SURFACE FROM DISK
1100109.537	Study_Phase.SEQUENCE.Study_Instruction	LOADING RESOURCE SURFACE FROM DISK
1100148.96	Study_Phase.SEQUENCE.Study_Instruction	LOADING RESOURCE SURFACE FROM DISK
1108409.755	Study_Phase.SEQUENCE.Study_Instruction	LOADING RESOURCE SURFACE FROM DISK
1108445.004	Study_Phase.SEQUENCE.Study_Instruction	LOADING RESOURCE SURFACE FROM DISK
1116726.224	Study_Phase.SEQUENCE.Study_Instruction	LOADING RESOURCE SURFACE FROM DISK
1116728.831	Study_Phase.SEQUENCE.Study_Instruction	LOADING RESOURCE SURFACE FROM DISK
1125048.261	Study_Phase.SEQUENCE.Study_Instruction	LOADING RESOURCE SURFACE FROM DISK
1133324.106	Study_Phase.SEQUENCE.Study_Instruction	LOADING RESOURCE SURFACE FROM DISK
1141624.502	Study_Phase.SEQUENCE.Study_Instruction	LOADING RESOURCE SURFACE FROM DISK
1149930.553	Study_Phase.SEQUENCE.Study_Instruction	LOADING RESOURCE SURFACE FROM DISK
1158241.82	Study_Phase.SEQUENCE.Study_Instruction	LOADING RESOURCE SURFACE FROM DISK
1166492.752	Study_Phase.SEQUENCE.Study_Instruction	LOADING RESOURCE SURFACE FROM DISK
1166536.914	Study_Phase.SEQUENCE.Study_Instruction	LOADING RESOURCE SURFACE FROM DISK
1174809.622	Study_Phase.SEQUENCE.Study_Instruction	LOADING RESOURCE SURFACE FROM DISK
1174851.265	Study_Phase.SEQUENCE.Study_Instruction	LOADING RESOURCE SURFACE FROM DISK
1183163.591	Study_Phase.SEQUENCE.Study_Instruction	LOADING RESOURCE SURFACE FROM DISK
1191473.336	Study_Phase.SEQUENCE.Study_Instruction	LOADING RESOURCE SURFACE FROM DISK
1199726.403	Study_Phase.SEQUENCE.Study_Instruction	LOADING RESOURCE SURFACE FROM DISK
1199766.178	Study_Phase.SEQUENCE.Study_Instruction	LOADING RESOURCE SURFACE FROM DISK
1208073.552	Study_Phase.SEQUENCE.Study_Instruction	LOADING RESOURCE SURFACE FROM DISK
1216378.313	Study_Phase.SEQUENCE.Study_Instruction	LOADING RESOURCE SURFACE FROM DISK
1224694.941	Study_Phase.SEQUENCE.Study_Instruction	LOADING RESOURCE SURFACE FROM DISK
1232976.107	Study_Phase.SEQUENCE.Study_Instruction	LOADING RESOURCE SURFACE FROM DISK
1233015.862	Study_Phase.SEQUENCE.Study_Instruction	LOADING RESOURCE SURFACE FROM DISK
1241289.602	Study_Phase.SEQUENCE.Study_Instruction	LOADING RESOURCE SURFACE FROM DISK
1249559.556	Study_Phase.SEQUENCE.Study_Instruction	LOADING RESOURCE SURFACE FROM DISK
1249599.244	Study_Phase.SEQUENCE.Study_Instruction	LOADING RESOURCE SURFACE FROM DISK
1257927.267	Study_Phase.SEQUENCE.Study_Instruction	LOADING RESOURCE SURFACE FROM DISK
1266247.855	Study_Phase.SEQUENCE.Study_Instruction	LOADING RESOURCE SURFACE FROM DISK
1274555.443	Study_Phase.SEQUENCE.Study_Instruction	LOADING RESOURCE SURFACE FROM DISK
1282859.488	Study_Phase.SEQUENCE.Study_Instruction	LOADING RESOURCE SURFACE FROM DISK
1291122.758	Study_Phase.SEQUENCE.Study_Instruction	LOADING RESOURCE SURFACE FROM DISK
1299390.672	Study_Phase.SEQUENCE.Study_Instruction	LOADING RESOURCE SURFACE FROM DISK
1307659.652	Study_Phase.SEQUENCE.Study_Instruction	LOADING RESOURCE SURFACE FROM DISK
1307700.943	Study_Phase.SEQUENCE.Study_Instruction	LOADING RESOURCE SURFACE FROM DISK
1315976.09	Study_Phase.SEQUENCE.Study_Instruction	LOADING RESOURCE SURFACE FROM DISK
1316014.397	Study_Phase.SEQUENCE.Study_Instruction	LOADING RESOURCE SURFACE FROM DISK
1324292.965	Study_Phase.SEQUENCE.Study_Instruction	LOADING RESOURCE SURFACE FROM DISK
1324295.699	Study_Phase.SEQUENCE.Study_Instruction	LOADING RESOURCE SURFACE FROM DISK
1332576.337	Study_Phase.SEQUENCE.Study_Instruction	LOADING RESOURCE SURFACE FROM DISK
1332618.714	Study_Phase.SEQUENCE.Study_Instruction	LOADING RESOURCE SURFACE FROM DISK
1340872.722	Study_Phase.SEQUENCE.Study_Instruction	LOADING RESOURCE SURFACE FROM DISK
1349140.678	Study_Phase.SEQUENCE.Study_Instruction	LOADING RESOURCE SURFACE FROM DISK
1357446.452	Study_Phase.SEQUENCE.Study_Instruction	LOADING RESOURCE SURFACE FROM DISK
1365726.343	Study_Phase.SEQUENCE.Study_Instruction	LOADING RESOURCE SURFACE FROM DISK
1365767.592	Study_Phase.SEQUENCE.Study_Instruction	LOADING RESOURCE SURFACE FROM DISK
1374077.802	Study_Phase.SEQUENCE.Study_Instruction	LOADING RESOURCE SURFACE FROM DISK
1382343.005	Study_Phase.SEQUENCE.Study_Instruction	LOADING RESOURCE SURFACE FROM DISK
1382345.861	Study_Phase.SEQUENCE.Study_Instruction	LOADING RESOURCE SURFACE FROM DISK
1390661.847	Study_Phase.SEQUENCE.Study_Instruction	LOADING RESOURCE SURFACE FROM DISK
1398978.292	Study_Phase.SEQUENCE.Study_Instruction	LOADING RESOURCE SURFACE FROM DISK
1407239.48	Study_Phase.SEQUENCE.Study_Instruction	LOADING RESOURCE SURFACE FROM DISK
1415509.614	Study_Phase.SEQUENCE.Study_Instruction	LOADING RESOURCE SURFACE FROM DISK
1415512.095	Study_Phase.SEQUENCE.Study_Instruction	LOADING RESOURCE SURFACE FROM DISK
1423792.852	Study_Phase.SEQUENCE.Study_Instruction	LOADING RESOURCE SURFACE FROM DISK
1423831.664	Study_Phase.SEQUENCE.Study_Instruction	LOADING RESOURCE SURFACE FROM DISK
1432139.26	Study_Phase.SEQUENCE.Study_Instruction	LOADING RESOURCE SURFACE FROM DISK
1440409.596	Study_Phase.SEQUENCE.Study_Instruction	LOADING RESOURCE SURFACE FROM DISK
1440455.077	Study_Phase.SEQUENCE.Study_Instruction	LOADING RESOURCE SURFACE FROM DISK
1448726.273	Study_Phase.SEQUENCE.Study_Instruction	LOADING RESOURCE SURFACE FROM DISK
1448728.861	Study_Phase.SEQUENCE.Study_Instruction	LOADING RESOURCE SURFACE FROM DISK
1457043.914	Study_Phase.SEQUENCE.Study_Instruction	LOADING RESOURCE SURFACE FROM DISK
1465306.036	Study_Phase.SEQUENCE.Study_Instruction	LOADING RESOURCE SURFACE FROM DISK
1473559.695	Study_Phase.SEQUENCE.Study_Instruction	LOADING RESOURCE SURFACE FROM DISK
1473562.159	Study_Phase.SEQUENCE.Study_Instruction	LOADING RESOURCE SURFACE FROM DISK
1481858.722	Study_Phase.SEQUENCE.Study_Instruction	LOADING RESOURCE SURFACE FROM DISK
1490164.066	Study_Phase.SEQUENCE.Study_Instruction	LOADING RESOURCE SURFACE FROM DISK
1498442.93	Study_Phase.SEQUENCE.Study_Instruction	LOADING RESOURCE SURFACE FROM DISK
1498485.855	Study_Phase.SEQUENCE.Study_Instruction	LOADING RESOURCE SURFACE FROM DISK
1506757.219	Study_Phase.SEQUENCE.Study_Instruction	LOADING RESOURCE SURFACE FROM DISK
1515009.583	Study_Phase.SEQUENCE.Study_Instruction	LOADING RESOURCE SURFACE FROM DISK
1515036.04	Study_Phase.SEQUENCE.Study_Instruction	LOADING RESOURCE SURFACE FROM DISK
1523373.399	Study_Phase.SEQUENCE.Study_Instruction	LOADING RESOURCE SURFACE FROM DISK
1531642.812	Study_Phase.SEQUENCE.Study_Instruction	LOADING RESOURCE SURFACE FROM DISK
1531684.337	Study_Phase.SEQUENCE.Study_Instruction	LOADING RESOURCE SURFACE FROM DISK
1539959.541	Study_Phase.SEQUENCE.Study_Instruction	LOADING RESOURCE SURFACE FROM DISK
1539962.186	Study_Phase.SEQUENCE.Study_Instruction	LOADING RESOURCE SURFACE FROM DISK
1548243.325	Study_Phase.SEQUENCE.Study_Instruction	LOADING RESOURCE SURFACE FROM DISK
1548284.393	Study_Phase.SEQUENCE.Study_Instruction	LOADING RESOURCE SURFACE FROM DISK
1556559.523	Study_Phase.SEQUENCE.Study_Instruction	LOADING RESOURCE SURFACE FROM DISK
1556562.078	Study_Phase.SEQUENCE.Study_Instruction	LOADING RESOURCE SURFACE FROM DISK
1564890.548	Study_Phase.SEQUENCE.Study_Instruction	LOADING RESOURCE SURFACE FROM DISK
1573159.538	Study_Phase.SEQUENCE.Study_Instruction	LOADING RESOURCE SURFACE FROM DISK
1573202.729	Study_Phase.SEQUENCE.Study_Instruction	LOADING RESOURCE SURFACE FROM DISK
1579435.672	DISPLAY_SCREEN[7]	LOADING RESOURCE SURFACE FROM DISK
1699903.469	Test_Phase.SEQUENCE.Target_Cue	LOADING RESOURCE SURFACE FROM DISK
1699914.49	Test_Phase.SEQUENCE.Target_Cue	LOADING RESOURCE SURFACE FROM DISK
1701939.343	Test_Phase.SEQUENCE.Word	LOADING RESOURCE SURFACE FROM DISK
1704994.606	Test_Phase.SEQUENCE.Test_Question	LOADING RESOURCE SURFACE FROM DISK
1705011.67	Test_Phase.SEQUENCE.Test_Question	LOADING RESOURCE SURFACE FROM DISK
1705016.772	Test_Phase.SEQUENCE.Test_Question	LOADING RESOURCE SURFACE FROM DISK
1705021.91	Test_Phase.SEQUENCE.Test_Question	LOADING RESOURCE SURFACE FROM DISK
1705023.813	Test_Phase.SEQUENCE.Test_Question	LOADING RESOURCE SURFACE FROM DISK
1705025.57	Test_Phase.SEQUENCE.Test_Question	LOADING RESOURCE SURFACE FROM DISK
1705027.346	Test_Phase.SEQUENCE.Test_Question	LOADING RESOURCE SURFACE FROM DISK
1705044.692	Test_Phase.SEQUENCE.Test_Question	LOADING RESOURCE SURFACE FROM DISK
1705058.977	Test_Phase.SEQUENCE.Test_Question	LOADING RESOURCE SURFACE FROM DISK
1705060.806	Test_Phase.SEQUENCE.Test_Question	LOADING RESOURCE SURFACE FROM DISK
1705062.532	Test_Phase.SEQUENCE.Test_Question	LOADING RESOURCE SURFACE FROM DISK
1705064.238	Test_Phase.SEQUENCE.Test_Question	LOADING RESOURCE SURFACE FROM DISK
1720805.844	Test_Phase.SEQUENCE.Word	LOADING RESOURCE SURFACE FROM DISK
1729989.405	Test_Phase.SEQUENCE.Word	LOADING RESOURCE SURFACE FROM DISK
1738955.826	Test_Phase.SEQUENCE.Word	LOADING RESOURCE SURFACE FROM DISK
1747779.777	Test_Phase.SEQUENCE.Word	LOADING RESOURCE SURFACE FROM DISK
1758439.289	Test_Phase.SEQUENCE.Word	LOADING RESOURCE SURFACE FROM DISK
1768793.27	Test_Phase.SEQUENCE.Word	LOADING RESOURCE SURFACE FROM DISK
1778389.455	Test_Phase.SEQUENCE.Word	LOADING RESOURCE SURFACE FROM DISK
1787672.634	Test_Phase.SEQUENCE.Word	LOADING RESOURCE SURFACE FROM DISK
1796405.983	Test_Phase.SEQUENCE.Word	LOADING RESOURCE SURFACE FROM DISK
1806423.13	Test_Phase.SEQUENCE.Word	LOADING RESOURCE SURFACE FROM DISK
1815232.151	Test_Phase.SEQUENCE.Word	LOADING RESOURCE SURFACE FROM DISK
1824272.828	Test_Phase.SEQUENCE.Word	LOADING RESOURCE SURFACE FROM DISK
1832989.196	Test_Phase.SEQUENCE.Word	LOADING RESOURCE SURFACE FROM DISK
1842089.396	Test_Phase.SEQUENCE.Word	LOADING RESOURCE SURFACE FROM DISK
1852606.032	Test_Phase.SEQUENCE.Word	LOADING RESOURCE SURFACE FROM DISK
1861939.39	Test_Phase.SEQUENCE.Word	LOADING RESOURCE SURFACE FROM DISK
1869822.609	Test_Phase.SEQUENCE.Word	LOADING RESOURCE SURFACE FROM DISK
1880161.985	Test_Phase.SEQUENCE.Word	LOADING RESOURCE SURFACE FROM DISK
1888442.325	Test_Phase.SEQUENCE.Word	LOADING RESOURCE SURFACE FROM DISK
1897272.692	Test_Phase.SEQUENCE.Word	LOADING RESOURCE SURFACE FROM DISK
1905322.949	Test_Phase.SEQUENCE.Word	LOADING RESOURCE SURFACE FROM DISK
1914872.54	Test_Phase.SEQUENCE.Word	LOADING RESOURCE SURFACE FROM DISK
1924622.573	Test_Phase.SEQUENCE.Word	LOADING RESOURCE SURFACE FROM DISK
1933005.851	Test_Phase.SEQUENCE.Word	LOADING RESOURCE SURFACE FROM DISK
1941189.308	Test_Phase.SEQUENCE.Word	LOADING RESOURCE SURFACE FROM DISK
1950172.668	Test_Phase.SEQUENCE.Word	LOADING RESOURCE SURFACE FROM DISK
1960031.834	Test_Phase.SEQUENCE.Word	LOADING RESOURCE SURFACE FROM DISK
1968455.823	Test_Phase.SEQUENCE.Word	LOADING RESOURCE SURFACE FROM DISK
1976543.234	Test_Phase.SEQUENCE.Word	LOADING RESOURCE SURFACE FROM DISK
1986922.785	Test_Phase.SEQUENCE.Word	LOADING RESOURCE SURFACE FROM DISK
1995655.804	Test_Phase.SEQUENCE.Word	LOADING RESOURCE SURFACE FROM DISK
2005729.872	Test_Phase.SEQUENCE.Word	LOADING RESOURCE SURFACE FROM DISK
2013889.226	Test_Phase.SEQUENCE.Word	LOADING RESOURCE SURFACE FROM DISK
2023589.304	Test_Phase.SEQUENCE.Word	LOADING RESOURCE SURFACE FROM DISK
2031673.757	Test_Phase.SEQUENCE.Word	LOADING RESOURCE SURFACE FROM DISK
2039789.53	Test_Phase.SEQUENCE.Word	LOADING RESOURCE SURFACE FROM DISK
2048222.827	Test_Phase.SEQUENCE.Word	LOADING RESOURCE SURFACE FROM DISK
2055922.655	Test_Phase.SEQUENCE.Word	LOADING RESOURCE SURFACE FROM DISK
2064047.86	Test_Phase.SEQUENCE.Word	LOADING RESOURCE SURFACE FROM DISK
2071922.622	Test_Phase.SEQUENCE.Word	LOADING RESOURCE SURFACE FROM DISK
2079106.177	Test_Phase.SEQUENCE.Word	LOADING RESOURCE SURFACE FROM DISK
2087413.086	Test_Phase.SEQUENCE.Word	LOADING RESOURCE SURFACE FROM DISK
2095572.52	Test_Phase.SEQUENCE.Word	LOADING RESOURCE SURFACE FROM DISK
2104089.326	Test_Phase.SEQUENCE.Word	LOADING RESOURCE SURFACE FROM DISK
2112355.833	Test_Phase.SEQUENCE.Word	LOADING RESOURCE SURFACE FROM DISK
2120572.642	Test_Phase.SEQUENCE.Word	LOADING RESOURCE SURFACE FROM DISK
2128592.423	Test_Phase.SEQUENCE.Word	LOADING RESOURCE SURFACE FROM DISK
2136622.515	Test_Phase.SEQUENCE.Word	LOADING RESOURCE SURFACE FROM DISK
2146290.913	Test_Phase.SEQUENCE.Word	LOADING RESOURCE SURFACE FROM DISK
2154489.273	Test_Phase.SEQUENCE.Word	LOADING RESOURCE SURFACE FROM DISK
2164555.794	Test_Phase.SEQUENCE.Word	LOADING RESOURCE SURFACE FROM DISK
2173039.298	Test_Phase.SEQUENCE.Word	LOADING RESOURCE SURFACE FROM DISK
2182857.569	Test_Phase.SEQUENCE.Word	LOADING RESOURCE SURFACE FROM DISK
2191214.735	Test_Phase.SEQUENCE.Word	LOADING RESOURCE SURFACE FROM DISK
2200756.164	Test_Phase.SEQUENCE.Word	LOADING RESOURCE SURFACE FROM DISK
2209055.947	Test_Phase.SEQUENCE.Word	LOADING RESOURCE SURFACE FROM DISK
2217122.56	Test_Phase.SEQUENCE.Word	LOADING RESOURCE SURFACE FROM DISK
2225314.767	Test_Phase.SEQUENCE.Word	LOADING RESOURCE SURFACE FROM DISK
2233873.043	Test_Phase.SEQUENCE.Word	LOADING RESOURCE SURFACE FROM DISK
2241989.212	Test_Phase.SEQUENCE.Word	LOADING RESOURCE SURFACE FROM DISK
2250139.177	Test_Phase.SEQUENCE.Word	LOADING RESOURCE SURFACE FROM DISK
2258472.578	Test_Phase.SEQUENCE.Word	LOADING RESOURCE SURFACE FROM DISK
2266722.545	Test_Phase.SEQUENCE.Word	LOADING RESOURCE SURFACE FROM DISK
2274656.572	Test_Phase.SEQUENCE.Word	LOADING RESOURCE SURFACE FROM DISK
2282795.419	Test_Phase.SEQUENCE.Word	LOADING RESOURCE SURFACE FROM DISK
2292102.849	Test_Phase.SEQUENCE.Word	LOADING RESOURCE SURFACE FROM DISK
2300572.505	Test_Phase.SEQUENCE.Word	LOADING RESOURCE SURFACE FROM DISK
2308773.729	Test_Phase.SEQUENCE.Word	LOADING RESOURCE SURFACE FROM DISK
2318806.204	Test_Phase.SEQUENCE.Word	LOADING RESOURCE SURFACE FROM DISK
2327248.526	Test_Phase.SEQUENCE.Word	LOADING RESOURCE SURFACE FROM DISK
2335589.558	Test_Phase.SEQUENCE.Word	LOADING RESOURCE SURFACE FROM DISK
2343789.323	Test_Phase.SEQUENCE.Word	LOADING RESOURCE SURFACE FROM DISK
2351829.138	Test_Phase.SEQUENCE.Word	LOADING RESOURCE SURFACE FROM DISK
2359974.286	Test_Phase.SEQUENCE.Word	LOADING RESOURCE SURFACE FROM DISK
2368789.321	Test_Phase.SEQUENCE.Word	LOADING RESOURCE SURFACE FROM DISK
2378456.182	Test_Phase.SEQUENCE.Word	LOADING RESOURCE SURFACE FROM DISK
2387422.738	Test_Phase.SEQUENCE.Word	LOADING RESOURCE SURFACE FROM DISK
2395555.886	Test_Phase.SEQUENCE.Word	LOADING RESOURCE SURFACE FROM DISK
2406213.221	Test_Phase.SEQUENCE.Word	LOADING RESOURCE SURFACE FROM DISK
2416406.051	Test_Phase.SEQUENCE.Word	LOADING RESOURCE SURFACE FROM DISK
2424556.971	Test_Phase.SEQUENCE.Word	LOADING RESOURCE SURFACE FROM DISK
2433405.968	Test_Phase.SEQUENCE.Word	LOADING RESOURCE SURFACE FROM DISK
2441455.829	Test_Phase.SEQUENCE.Word	LOADING RESOURCE SURFACE FROM DISK
2450439.14	Test_Phase.SEQUENCE.Word	LOADING RESOURCE SURFACE FROM DISK
2457806.528	Test_Phase.SEQUENCE.Word	LOADING RESOURCE SURFACE FROM DISK
2465722.55	Test_Phase.SEQUENCE.Word	LOADING RESOURCE SURFACE FROM DISK
2473789.068	Test_Phase.SEQUENCE.Word	LOADING RESOURCE SURFACE FROM DISK
2481822.732	Test_Phase.SEQUENCE.Word	LOADING RESOURCE SURFACE FROM DISK
2490039.206	Test_Phase.SEQUENCE.Word	LOADING RESOURCE SURFACE FROM DISK
2498705.815	Test_Phase.SEQUENCE.Word	LOADING RESOURCE SURFACE FROM DISK
2507959.26	Test_Phase.SEQUENCE.Word	LOADING RESOURCE SURFACE FROM DISK
2518339.231	Test_Phase.SEQUENCE.Word	LOADING RESOURCE SURFACE FROM DISK
2529339.308	Test_Phase.SEQUENCE.Word	LOADING RESOURCE SURFACE FROM DISK
2539572.86	Test_Phase.SEQUENCE.Word	LOADING RESOURCE SURFACE FROM DISK
2549839.157	Test_Phase.SEQUENCE.Word	LOADING RESOURCE SURFACE FROM DISK
2557305.838	Test_Phase.SEQUENCE.Word	LOADING RESOURCE SURFACE FROM DISK
2565505.962	Test_Phase.SEQUENCE.Word	LOADING RESOURCE SURFACE FROM DISK
2574322.78	Test_Phase.SEQUENCE.Word	LOADING RESOURCE SURFACE FROM DISK
2582498.43	Test_Phase.SEQUENCE.Word	LOADING RESOURCE SURFACE FROM DISK
2590572.944	Test_Phase.SEQUENCE.Word	LOADING RESOURCE SURFACE FROM DISK
2599939.215	Test_Phase.SEQUENCE.Word	LOADING RESOURCE SURFACE FROM DISK
2607963.697	Test_Phase.SEQUENCE.Word	LOADING RESOURCE SURFACE FROM DISK
2615972.662	Test_Phase.SEQUENCE.Word	LOADING RESOURCE SURFACE FROM DISK
2623989.365	Test_Phase.SEQUENCE.Word	LOADING RESOURCE SURFACE FROM DISK
2632045.737	Test_Phase.SEQUENCE.Word	LOADING RESOURCE SURFACE FROM DISK
2639975.87	Test_Phase.SEQUENCE.Word	LOADING RESOURCE SURFACE FROM DISK
2649739.654	Test_Phase.SEQUENCE.Word	LOADING RESOURCE SURFACE FROM DISK
2658772.805	Test_Phase.SEQUENCE.Word	LOADING RESOURCE SURFACE FROM DISK
2666672.676	Test_Phase.SEQUENCE.Word	LOADING RESOURCE SURFACE FROM DISK
2676515.264	Test_Phase.SEQUENCE.Word	LOADING RESOURCE SURFACE FROM DISK
2684705.867	Test_Phase.SEQUENCE.Word	LOADING RESOURCE SURFACE FROM DISK
2692489.351	Test_Phase.SEQUENCE.Word	LOADING RESOURCE SURFACE FROM DISK
2700322.616	Test_Phase.SEQUENCE.Word	LOADING RESOURCE SURFACE FROM DISK
2710048.059	Test_Phase.SEQUENCE.Word	LOADING RESOURCE SURFACE FROM DISK
2719014.402	Test_Phase.SEQUENCE.Word	LOADING RESOURCE SURFACE FROM DISK
2729256.205	Test_Phase.SEQUENCE.Word	LOADING RESOURCE SURFACE FROM DISK
2737256.07	Test_Phase.SEQUENCE.Word	LOADING RESOURCE SURFACE FROM DISK
2745089.133	Test_Phase.SEQUENCE.Word	LOADING RESOURCE SURFACE FROM DISK
2753055.926	Test_Phase.SEQUENCE.Word	LOADING RESOURCE SURFACE FROM DISK
2761024.094	Test_Phase.SEQUENCE.Word	LOADING RESOURCE SURFACE FROM DISK
2769005.95	Test_Phase.SEQUENCE.Word	LOADING RESOURCE SURFACE FROM DISK
2785322.77	Test_Phase.SEQUENCE.Word	LOADING RESOURCE SURFACE FROM DISK
2794955.92	Test_Phase.SEQUENCE.Word	LOADING RESOURCE SURFACE FROM DISK
2803263.397	Test_Phase.SEQUENCE.Word	LOADING RESOURCE SURFACE FROM DISK
2811405.922	Test_Phase.SEQUENCE.Word	LOADING RESOURCE SURFACE FROM DISK
2819290.863	Test_Phase.SEQUENCE.Word	LOADING RESOURCE SURFACE FROM DISK
2827472.953	Test_Phase.SEQUENCE.Word	LOADING RESOURCE SURFACE FROM DISK
2835389.161	Test_Phase.SEQUENCE.Word	LOADING RESOURCE SURFACE FROM DISK
2843239.248	Test_Phase.SEQUENCE.Word	LOADING RESOURCE SURFACE FROM DISK
2851139.238	Test_Phase.SEQUENCE.Word	LOADING RESOURCE SURFACE FROM DISK
2860127.883	Test_Phase.SEQUENCE.Word	LOADING RESOURCE SURFACE FROM DISK
2869189.227	Test_Phase.SEQUENCE.Word	LOADING RESOURCE SURFACE FROM DISK
2877872.553	Test_Phase.SEQUENCE.Word	LOADING RESOURCE SURFACE FROM DISK
2886158.219	Test_Phase.SEQUENCE.Word	LOADING RESOURCE SURFACE FROM DISK
2893993.773	Test_Phase.SEQUENCE.Word	LOADING RESOURCE SURFACE FROM DISK
2903643.385	Test_Phase.SEQUENCE.Word	LOADING RESOURCE SURFACE FROM DISK
2911743.186	Test_Phase.SEQUENCE.Word	LOADING RESOURCE SURFACE FROM DISK
2919789.181	Test_Phase.SEQUENCE.Word	LOADING RESOURCE SURFACE FROM DISK
2928272.633	Test_Phase.SEQUENCE.Word	LOADING RESOURCE SURFACE FROM DISK
2938272.743	Test_Phase.SEQUENCE.Word	LOADING RESOURCE SURFACE FROM DISK
2946406.076	Test_Phase.SEQUENCE.Word	LOADING RESOURCE SURFACE FROM DISK
2955842.37	Test_Phase.SEQUENCE.Word	LOADING RESOURCE SURFACE FROM DISK
2965023.006	Test_Phase.SEQUENCE.Word	LOADING RESOURCE SURFACE FROM DISK
2973106.23	Test_Phase.SEQUENCE.Word	LOADING RESOURCE SURFACE FROM DISK
2982826.783	Test_Phase.SEQUENCE.Word	LOADING RESOURCE SURFACE FROM DISK
2991306.463	Test_Phase.SEQUENCE.Word	LOADING RESOURCE SURFACE FROM DISK
3000839.176	Test_Phase.SEQUENCE.Word	LOADING RESOURCE SURFACE FROM DISK
3011572.826	Test_Phase.SEQUENCE.Word	LOADING RESOURCE SURFACE FROM DISK
3021978.237	Test_Phase.SEQUENCE.Word	LOADING RESOURCE SURFACE FROM DISK
3032060.383	Test_Phase.SEQUENCE.Word	LOADING RESOURCE SURFACE FROM DISK
3041654.386	Test_Phase.SEQUENCE.Word	LOADING RESOURCE SURFACE FROM DISK
3050439.22	Test_Phase.SEQUENCE.Word	LOADING RESOURCE SURFACE FROM DISK
3058905.907	Test_Phase.SEQUENCE.Word	LOADING RESOURCE SURFACE FROM DISK
3067089.311	Test_Phase.SEQUENCE.Word	LOADING RESOURCE SURFACE FROM DISK
3075455.975	Test_Phase.SEQUENCE.Word	LOADING RESOURCE SURFACE FROM DISK
3084272.665	Test_Phase.SEQUENCE.Word	LOADING RESOURCE SURFACE FROM DISK
3092605.924	Test_Phase.SEQUENCE.Word	LOADING RESOURCE SURFACE FROM DISK
3100626.728	Test_Phase.SEQUENCE.Word	LOADING RESOURCE SURFACE FROM DISK
3108322.633	Test_Phase.SEQUENCE.Word	LOADING RESOURCE SURFACE FROM DISK
3116372.748	Test_Phase.SEQUENCE.Word	LOADING RESOURCE SURFACE FROM DISK
3124705.727	Test_Phase.SEQUENCE.Word	LOADING RESOURCE SURFACE FROM DISK
3132608.63	Test_Phase.SEQUENCE.Word	LOADING RESOURCE SURFACE FROM DISK
3140656.014	Test_Phase.SEQUENCE.Word	LOADING RESOURCE SURFACE FROM DISK
3148739.122	Test_Phase.SEQUENCE.Word	LOADING RESOURCE SURFACE FROM DISK
3156972.638	Test_Phase.SEQUENCE.Word	LOADING RESOURCE SURFACE FROM DISK
3164923.787	Test_Phase.SEQUENCE.Word	LOADING RESOURCE SURFACE FROM DISK
3173389.464	Test_Phase.SEQUENCE.Word	LOADING RESOURCE SURFACE FROM DISK
3181622.886	Test_Phase.SEQUENCE.Word	LOADING RESOURCE SURFACE FROM DISK
3189613.385	Test_Phase.SEQUENCE.Word	LOADING RESOURCE SURFACE FROM DISK
3197972.812	Test_Phase.SEQUENCE.Word	LOADING RESOURCE SURFACE FROM DISK
3205889.337	Test_Phase.SEQUENCE.Word	LOADING RESOURCE SURFACE FROM DISK
3213922.462	Test_Phase.SEQUENCE.Word	LOADING RESOURCE SURFACE FROM DISK
3223676.302	Test_Phase.SEQUENCE.Word	LOADING RESOURCE SURFACE FROM DISK
3231905.925	Test_Phase.SEQUENCE.Word	LOADING RESOURCE SURFACE FROM DISK
3241572.608	Test_Phase.SEQUENCE.Word	LOADING RESOURCE SURFACE FROM DISK
3249811.958	Test_Phase.SEQUENCE.Word	LOADING RESOURCE SURFACE FROM DISK
3258405.804	Test_Phase.SEQUENCE.Word	LOADING RESOURCE SURFACE FROM DISK
3266312.443	Test_Phase.SEQUENCE.Word	LOADING RESOURCE SURFACE FROM DISK
3275805.909	Test_Phase.SEQUENCE.Word	LOADING RESOURCE SURFACE FROM DISK
3283972.646	Test_Phase.SEQUENCE.Word	LOADING RESOURCE SURFACE FROM DISK
3292713.072	Test_Phase.SEQUENCE.Word	LOADING RESOURCE SURFACE FROM DISK
3300922.644	Test_Phase.SEQUENCE.Word	LOADING RESOURCE SURFACE FROM DISK
3309395.005	Test_Phase.SEQUENCE.Word	LOADING RESOURCE SURFACE FROM DISK
3317830.355	Test_Phase.SEQUENCE.Word	LOADING RESOURCE SURFACE FROM DISK
3326022.572	Test_Phase.SEQUENCE.Word	LOADING RESOURCE SURFACE FROM DISK
3335041.109	Test_Phase.SEQUENCE.Word	LOADING RESOURCE SURFACE FROM DISK
3343072.665	Test_Phase.SEQUENCE.Word	LOADING RESOURCE SURFACE FROM DISK
3351006.186	Test_Phase.SEQUENCE.Word	LOADING RESOURCE SURFACE FROM DISK
3359939.28	Test_Phase.SEQUENCE.Word	LOADING RESOURCE SURFACE FROM DISK
3369172.731	Test_Phase.SEQUENCE.Word	LOADING RESOURCE SURFACE FROM DISK
3378189.193	Test_Phase.SEQUENCE.Word	LOADING RESOURCE SURFACE FROM DISK
3386614.308	Test_Phase.SEQUENCE.Word	LOADING RESOURCE SURFACE FROM DISK
3395305.164	Test_Phase.SEQUENCE.Word	LOADING RESOURCE SURFACE FROM DISK
3404239.729	Test_Phase.SEQUENCE.Word	LOADING RESOURCE SURFACE FROM DISK
3412539.252	Test_Phase.SEQUENCE.Word	LOADING RESOURCE SURFACE FROM DISK
3421705.895	Test_Phase.SEQUENCE.Word	LOADING RESOURCE SURFACE FROM DISK
3432557.722	Test_Phase.SEQUENCE.Word	LOADING RESOURCE SURFACE FROM DISK
3440372.961	Test_Phase.SEQUENCE.Word	LOADING RESOURCE SURFACE FROM DISK
3444839.182	DISPLAY_SCREEN	LOADING RESOURCE SURFACE FROM DISK
