4924.706	DISPLAY_SCREEN[1]	LOADING RESOURCE SURFACE FROM DISK
688861.288	Familiarization_Phase.SEQUENCE.Cue_and_Instruction	LOADING RESOURCE SURFACE FROM DISK
688865.379	Familiarization_Phase.SEQUENCE.Cue_and_Instruction	LOADING RESOURCE SURFACE FROM DISK
694900.179	Familiarization_Phase.SEQUENCE.Cue_and_Instruction	LOADING RESOURCE SURFACE FROM DISK
694904.994	Familiarization_Phase.SEQUENCE.Cue_and_Instruction	LOADING RESOURCE SURFACE FROM DISK
700950.451	Familiarization_Phase.SEQUENCE.Cue_and_Instruction	LOADING RESOURCE SURFACE FROM DISK
701254.08	Familiarization_Phase.SEQUENCE.Cue_and_Instruction	LOADING RESOURCE SURFACE FROM DISK
743445.014	DISPLAY_SCREEN[3]	LOADING RESOURCE SURFACE FROM DISK
828731.952	DISPLAY_SCREEN[5]	LOADING RESOURCE SURFACE FROM DISK
885564.781	Practice_Phase.SEQUENCE.Blink_Screen	LOADING RESOURCE SURFACE FROM DISK
885565.765	Practice_Phase.SEQUENCE.Blink_Screen	flip time is later than desired time. Desired Time=885296 Flip Time=885580 Retrace Rate=16.636, prepareTime=293 flip request time 885565
886796.568	Practice_Phase.SEQUENCE.Luminance_Cue[1]	LOADING RESOURCE SURFACE FROM DISK
886807.449	Practice_Phase.SEQUENCE.Luminance_Cue[1]	LOADING RESOURCE SURFACE FROM DISK
886808.848	Practice_Phase.SEQUENCE.Luminance_Cue[1]	flip time is later than desired time. Desired Time=886780 Flip Time=886830 Retrace Rate=16.636, prepareTime=53 flip request time 886808
887348.217	Practice_Phase.SEQUENCE.Practice_Instruction	LOADING RESOURCE SURFACE FROM DISK
887350.716	Practice_Phase.SEQUENCE.Practice_Instruction	LOADING RESOURCE SURFACE FROM DISK
887352.295	Practice_Phase.SEQUENCE.Practice_Instruction	flip time is later than desired time. Desired Time=887330 Flip Time=887363 Retrace Rate=16.636, prepareTime=46 flip request time 887352
890845.24	Practice_Phase.SEQUENCE.Action_cue[1]	LOADING RESOURCE SURFACE FROM DISK
895562.682	Practice_Phase.SEQUENCE.Practice_Instruction	LOADING RESOURCE SURFACE FROM DISK
895607.674	Practice_Phase.SEQUENCE.Practice_Instruction	LOADING RESOURCE SURFACE FROM DISK
895609.342	Practice_Phase.SEQUENCE.Practice_Instruction	flip time is later than desired time. Desired Time=895430 Flip Time=895630 Retrace Rate=16.636, prepareTime=203 flip request time 895609
903712.368	Practice_Phase.SEQUENCE.Practice_Instruction	LOADING RESOURCE SURFACE FROM DISK
903715.147	Practice_Phase.SEQUENCE.Practice_Instruction	LOADING RESOURCE SURFACE FROM DISK
903716.635	Practice_Phase.SEQUENCE.Practice_Instruction	flip time is later than desired time. Desired Time=903696 Flip Time=903730 Retrace Rate=16.636, prepareTime=44 flip request time 903716
911778.002	Practice_Phase.SEQUENCE.Practice_Instruction	LOADING RESOURCE SURFACE FROM DISK
911780.809	Practice_Phase.SEQUENCE.Practice_Instruction	LOADING RESOURCE SURFACE FROM DISK
919844.489	Practice_Phase.SEQUENCE.Practice_Instruction	LOADING RESOURCE SURFACE FROM DISK
919847.159	Practice_Phase.SEQUENCE.Practice_Instruction	LOADING RESOURCE SURFACE FROM DISK
927894.622	Practice_Phase.SEQUENCE.Practice_Instruction	LOADING RESOURCE SURFACE FROM DISK
927939.884	Practice_Phase.SEQUENCE.Practice_Instruction	LOADING RESOURCE SURFACE FROM DISK
927941.32	Practice_Phase.SEQUENCE.Practice_Instruction	flip time is later than desired time. Desired Time=927913 Flip Time=927963 Retrace Rate=16.636, prepareTime=52 flip request time 927941
936011.106	Practice_Phase.SEQUENCE.Practice_Instruction	LOADING RESOURCE SURFACE FROM DISK
936013.834	Practice_Phase.SEQUENCE.Practice_Instruction	LOADING RESOURCE SURFACE FROM DISK
944078.019	Practice_Phase.SEQUENCE.Practice_Instruction	LOADING RESOURCE SURFACE FROM DISK
944080.661	Practice_Phase.SEQUENCE.Practice_Instruction	LOADING RESOURCE SURFACE FROM DISK
952144.715	Practice_Phase.SEQUENCE.Practice_Instruction	LOADING RESOURCE SURFACE FROM DISK
952147.348	Practice_Phase.SEQUENCE.Practice_Instruction	LOADING RESOURCE SURFACE FROM DISK
958307.825	DISPLAY_SCREEN[2]	LOADING RESOURCE SURFACE FROM DISK
1055786.523	Study_Phase.SEQUENCE.Study_Instruction	LOADING RESOURCE SURFACE FROM DISK
1056076.934	Study_Phase.SEQUENCE.Study_Instruction	LOADING RESOURCE SURFACE FROM DISK
1064388.05	Study_Phase.SEQUENCE.Study_Instruction	LOADING RESOURCE SURFACE FROM DISK
1072649.756	Study_Phase.SEQUENCE.Study_Instruction	LOADING RESOURCE SURFACE FROM DISK
1080916.364	Study_Phase.SEQUENCE.Study_Instruction	LOADING RESOURCE SURFACE FROM DISK
1089186.598	Study_Phase.SEQUENCE.Study_Instruction	LOADING RESOURCE SURFACE FROM DISK
1089189.153	Study_Phase.SEQUENCE.Study_Instruction	LOADING RESOURCE SURFACE FROM DISK
1097467.646	Study_Phase.SEQUENCE.Study_Instruction	LOADING RESOURCE SURFACE FROM DISK
1105776.052	Study_Phase.SEQUENCE.Study_Instruction	LOADING RESOURCE SURFACE FROM DISK
1114053.295	Study_Phase.SEQUENCE.Study_Instruction	LOADING RESOURCE SURFACE FROM DISK
1114096.496	Study_Phase.SEQUENCE.Study_Instruction	LOADING RESOURCE SURFACE FROM DISK
1122366.625	Study_Phase.SEQUENCE.Study_Instruction	LOADING RESOURCE SURFACE FROM DISK
1130633.29	Study_Phase.SEQUENCE.Study_Instruction	LOADING RESOURCE SURFACE FROM DISK
1138939.705	Study_Phase.SEQUENCE.Study_Instruction	LOADING RESOURCE SURFACE FROM DISK
1147199.683	Study_Phase.SEQUENCE.Study_Instruction	LOADING RESOURCE SURFACE FROM DISK
1155470.07	Study_Phase.SEQUENCE.Study_Instruction	LOADING RESOURCE SURFACE FROM DISK
1155472.55	Study_Phase.SEQUENCE.Study_Instruction	LOADING RESOURCE SURFACE FROM DISK
1163788.627	Study_Phase.SEQUENCE.Study_Instruction	LOADING RESOURCE SURFACE FROM DISK
1172050.922	Study_Phase.SEQUENCE.Study_Instruction	LOADING RESOURCE SURFACE FROM DISK
1180319.821	Study_Phase.SEQUENCE.Study_Instruction	LOADING RESOURCE SURFACE FROM DISK
1180361.592	Study_Phase.SEQUENCE.Study_Instruction	LOADING RESOURCE SURFACE FROM DISK
1188634.358	Study_Phase.SEQUENCE.Study_Instruction	LOADING RESOURCE SURFACE FROM DISK
1196903.362	Study_Phase.SEQUENCE.Study_Instruction	LOADING RESOURCE SURFACE FROM DISK
1196939.943	Study_Phase.SEQUENCE.Study_Instruction	LOADING RESOURCE SURFACE FROM DISK
1205217.525	Study_Phase.SEQUENCE.Study_Instruction	LOADING RESOURCE SURFACE FROM DISK
1213525.823	Study_Phase.SEQUENCE.Study_Instruction	LOADING RESOURCE SURFACE FROM DISK
1221803.086	Study_Phase.SEQUENCE.Study_Instruction	LOADING RESOURCE SURFACE FROM DISK
1221805.574	Study_Phase.SEQUENCE.Study_Instruction	LOADING RESOURCE SURFACE FROM DISK
1230121.897	Study_Phase.SEQUENCE.Study_Instruction	LOADING RESOURCE SURFACE FROM DISK
1238433.648	Study_Phase.SEQUENCE.Study_Instruction	LOADING RESOURCE SURFACE FROM DISK
1246703.369	Study_Phase.SEQUENCE.Study_Instruction	LOADING RESOURCE SURFACE FROM DISK
1246743.919	Study_Phase.SEQUENCE.Study_Instruction	LOADING RESOURCE SURFACE FROM DISK
1255059.133	Study_Phase.SEQUENCE.Study_Instruction	LOADING RESOURCE SURFACE FROM DISK
1263469.894	Study_Phase.SEQUENCE.Study_Instruction	LOADING RESOURCE SURFACE FROM DISK
1263472.452	Study_Phase.SEQUENCE.Study_Instruction	LOADING RESOURCE SURFACE FROM DISK
1271776.35	Study_Phase.SEQUENCE.Study_Instruction	LOADING RESOURCE SURFACE FROM DISK
1280036.537	Study_Phase.SEQUENCE.Study_Instruction	LOADING RESOURCE SURFACE FROM DISK
1280039.265	Study_Phase.SEQUENCE.Study_Instruction	LOADING RESOURCE SURFACE FROM DISK
1288335.899	Study_Phase.SEQUENCE.Study_Instruction	LOADING RESOURCE SURFACE FROM DISK
1296603.225	Study_Phase.SEQUENCE.Study_Instruction	LOADING RESOURCE SURFACE FROM DISK
1296651.069	Study_Phase.SEQUENCE.Study_Instruction	LOADING RESOURCE SURFACE FROM DISK
1304916.349	Study_Phase.SEQUENCE.Study_Instruction	LOADING RESOURCE SURFACE FROM DISK
1313207.577	Study_Phase.SEQUENCE.Study_Instruction	LOADING RESOURCE SURFACE FROM DISK
1321486.511	Study_Phase.SEQUENCE.Study_Instruction	LOADING RESOURCE SURFACE FROM DISK
1321552.695	Study_Phase.SEQUENCE.Study_Instruction	LOADING RESOURCE SURFACE FROM DISK
1329820.344	Study_Phase.SEQUENCE.Study_Instruction	LOADING RESOURCE SURFACE FROM DISK
1329822.943	Study_Phase.SEQUENCE.Study_Instruction	LOADING RESOURCE SURFACE FROM DISK
1338137.938	Study_Phase.SEQUENCE.Study_Instruction	LOADING RESOURCE SURFACE FROM DISK
1346435.038	Study_Phase.SEQUENCE.Study_Instruction	LOADING RESOURCE SURFACE FROM DISK
1354699.831	Study_Phase.SEQUENCE.Study_Instruction	LOADING RESOURCE SURFACE FROM DISK
1362970.062	Study_Phase.SEQUENCE.Study_Instruction	LOADING RESOURCE SURFACE FROM DISK
1363006.1	Study_Phase.SEQUENCE.Study_Instruction	LOADING RESOURCE SURFACE FROM DISK
1371327.295	Study_Phase.SEQUENCE.Study_Instruction	LOADING RESOURCE SURFACE FROM DISK
1379603.323	Study_Phase.SEQUENCE.Study_Instruction	LOADING RESOURCE SURFACE FROM DISK
1379644.444	Study_Phase.SEQUENCE.Study_Instruction	LOADING RESOURCE SURFACE FROM DISK
1387917.799	Study_Phase.SEQUENCE.Study_Instruction	LOADING RESOURCE SURFACE FROM DISK
1396186.76	Study_Phase.SEQUENCE.Study_Instruction	LOADING RESOURCE SURFACE FROM DISK
1396189.191	Study_Phase.SEQUENCE.Study_Instruction	LOADING RESOURCE SURFACE FROM DISK
1404469.76	Study_Phase.SEQUENCE.Study_Instruction	LOADING RESOURCE SURFACE FROM DISK
1404508.811	Study_Phase.SEQUENCE.Study_Instruction	LOADING RESOURCE SURFACE FROM DISK
1412807.542	Study_Phase.SEQUENCE.Study_Instruction	LOADING RESOURCE SURFACE FROM DISK
1421084.303	Study_Phase.SEQUENCE.Study_Instruction	LOADING RESOURCE SURFACE FROM DISK
1429353.091	Study_Phase.SEQUENCE.Study_Instruction	LOADING RESOURCE SURFACE FROM DISK
1429392.338	Study_Phase.SEQUENCE.Study_Instruction	LOADING RESOURCE SURFACE FROM DISK
1437703.041	Study_Phase.SEQUENCE.Study_Instruction	LOADING RESOURCE SURFACE FROM DISK
1445970.159	Study_Phase.SEQUENCE.Study_Instruction	LOADING RESOURCE SURFACE FROM DISK
1446009.854	Study_Phase.SEQUENCE.Study_Instruction	LOADING RESOURCE SURFACE FROM DISK
1454286.703	Study_Phase.SEQUENCE.Study_Instruction	LOADING RESOURCE SURFACE FROM DISK
1454329.761	Study_Phase.SEQUENCE.Study_Instruction	LOADING RESOURCE SURFACE FROM DISK
1462618.335	Study_Phase.SEQUENCE.Study_Instruction	LOADING RESOURCE SURFACE FROM DISK
1470886.584	Study_Phase.SEQUENCE.Study_Instruction	LOADING RESOURCE SURFACE FROM DISK
1470929.216	Study_Phase.SEQUENCE.Study_Instruction	LOADING RESOURCE SURFACE FROM DISK
1479203.292	Study_Phase.SEQUENCE.Study_Instruction	LOADING RESOURCE SURFACE FROM DISK
1479239.9	Study_Phase.SEQUENCE.Study_Instruction	LOADING RESOURCE SURFACE FROM DISK
1487539.317	Study_Phase.SEQUENCE.Study_Instruction	LOADING RESOURCE SURFACE FROM DISK
1496001.753	Study_Phase.SEQUENCE.Study_Instruction	LOADING RESOURCE SURFACE FROM DISK
1504253.941	Study_Phase.SEQUENCE.Study_Instruction	LOADING RESOURCE SURFACE FROM DISK
1512538.583	Study_Phase.SEQUENCE.Study_Instruction	LOADING RESOURCE SURFACE FROM DISK
1520819.855	Study_Phase.SEQUENCE.Study_Instruction	LOADING RESOURCE SURFACE FROM DISK
1520822.296	Study_Phase.SEQUENCE.Study_Instruction	LOADING RESOURCE SURFACE FROM DISK
1529117.07	Study_Phase.SEQUENCE.Study_Instruction	LOADING RESOURCE SURFACE FROM DISK
1537383.119	Study_Phase.SEQUENCE.Study_Instruction	LOADING RESOURCE SURFACE FROM DISK
1545651.28	Study_Phase.SEQUENCE.Study_Instruction	LOADING RESOURCE SURFACE FROM DISK
1553919.809	Study_Phase.SEQUENCE.Study_Instruction	LOADING RESOURCE SURFACE FROM DISK
1553960.377	Study_Phase.SEQUENCE.Study_Instruction	LOADING RESOURCE SURFACE FROM DISK
1562233.23	Study_Phase.SEQUENCE.Study_Instruction	LOADING RESOURCE SURFACE FROM DISK
1570503.186	Study_Phase.SEQUENCE.Study_Instruction	LOADING RESOURCE SURFACE FROM DISK
1570505.724	Study_Phase.SEQUENCE.Study_Instruction	LOADING RESOURCE SURFACE FROM DISK
1578786.713	Study_Phase.SEQUENCE.Study_Instruction	LOADING RESOURCE SURFACE FROM DISK
1578789.385	Study_Phase.SEQUENCE.Study_Instruction	LOADING RESOURCE SURFACE FROM DISK
1587094.334	Study_Phase.SEQUENCE.Study_Instruction	LOADING RESOURCE SURFACE FROM DISK
1595369.895	Study_Phase.SEQUENCE.Study_Instruction	LOADING RESOURCE SURFACE FROM DISK
1595372.341	Study_Phase.SEQUENCE.Study_Instruction	LOADING RESOURCE SURFACE FROM DISK
1603649.664	Study_Phase.SEQUENCE.Study_Instruction	LOADING RESOURCE SURFACE FROM DISK
1611903.348	Study_Phase.SEQUENCE.Study_Instruction	LOADING RESOURCE SURFACE FROM DISK
1611919.546	Study_Phase.SEQUENCE.Study_Instruction	LOADING RESOURCE SURFACE FROM DISK
1620201.076	Study_Phase.SEQUENCE.Study_Instruction	LOADING RESOURCE SURFACE FROM DISK
1628491.998	Study_Phase.SEQUENCE.Study_Instruction	LOADING RESOURCE SURFACE FROM DISK
1636766.528	Study_Phase.SEQUENCE.Study_Instruction	LOADING RESOURCE SURFACE FROM DISK
1645067.7	Study_Phase.SEQUENCE.Study_Instruction	LOADING RESOURCE SURFACE FROM DISK
1653336.819	Study_Phase.SEQUENCE.Study_Instruction	LOADING RESOURCE SURFACE FROM DISK
1653380.919	Study_Phase.SEQUENCE.Study_Instruction	LOADING RESOURCE SURFACE FROM DISK
1661667.147	Study_Phase.SEQUENCE.Study_Instruction	LOADING RESOURCE SURFACE FROM DISK
1669936.495	Study_Phase.SEQUENCE.Study_Instruction	LOADING RESOURCE SURFACE FROM DISK
1669978.668	Study_Phase.SEQUENCE.Study_Instruction	LOADING RESOURCE SURFACE FROM DISK
1678253.33	Study_Phase.SEQUENCE.Study_Instruction	LOADING RESOURCE SURFACE FROM DISK
1678290.439	Study_Phase.SEQUENCE.Study_Instruction	LOADING RESOURCE SURFACE FROM DISK
1686603.486	Study_Phase.SEQUENCE.Study_Instruction	LOADING RESOURCE SURFACE FROM DISK
1694888.615	Study_Phase.SEQUENCE.Study_Instruction	LOADING RESOURCE SURFACE FROM DISK
1703193.066	Study_Phase.SEQUENCE.Study_Instruction	LOADING RESOURCE SURFACE FROM DISK
1711466.469	Study_Phase.SEQUENCE.Study_Instruction	LOADING RESOURCE SURFACE FROM DISK
1719770.402	Study_Phase.SEQUENCE.Study_Instruction	LOADING RESOURCE SURFACE FROM DISK
1728033.142	Study_Phase.SEQUENCE.Study_Instruction	LOADING RESOURCE SURFACE FROM DISK
1736303.162	Study_Phase.SEQUENCE.Study_Instruction	LOADING RESOURCE SURFACE FROM DISK
1736311.871	Study_Phase.SEQUENCE.Study_Instruction	LOADING RESOURCE SURFACE FROM DISK
1744615.232	Study_Phase.SEQUENCE.Study_Instruction	LOADING RESOURCE SURFACE FROM DISK
1752886.638	Study_Phase.SEQUENCE.Study_Instruction	LOADING RESOURCE SURFACE FROM DISK
1752889.353	Study_Phase.SEQUENCE.Study_Instruction	LOADING RESOURCE SURFACE FROM DISK
1761208.666	Study_Phase.SEQUENCE.Study_Instruction	LOADING RESOURCE SURFACE FROM DISK
1769524.809	Study_Phase.SEQUENCE.Study_Instruction	LOADING RESOURCE SURFACE FROM DISK
1777799.864	Study_Phase.SEQUENCE.Study_Instruction	LOADING RESOURCE SURFACE FROM DISK
1786069.674	Study_Phase.SEQUENCE.Study_Instruction	LOADING RESOURCE SURFACE FROM DISK
1786072.289	Study_Phase.SEQUENCE.Study_Instruction	LOADING RESOURCE SURFACE FROM DISK
1794391.79	Study_Phase.SEQUENCE.Study_Instruction	LOADING RESOURCE SURFACE FROM DISK
1802709.268	Study_Phase.SEQUENCE.Study_Instruction	LOADING RESOURCE SURFACE FROM DISK
1810983.216	Study_Phase.SEQUENCE.Study_Instruction	LOADING RESOURCE SURFACE FROM DISK
1819303.252	Study_Phase.SEQUENCE.Study_Instruction	LOADING RESOURCE SURFACE FROM DISK
1819305.857	Study_Phase.SEQUENCE.Study_Instruction	LOADING RESOURCE SURFACE FROM DISK
1827620.559	Study_Phase.SEQUENCE.Study_Instruction	LOADING RESOURCE SURFACE FROM DISK
1835869.751	Study_Phase.SEQUENCE.Study_Instruction	LOADING RESOURCE SURFACE FROM DISK
1835872.309	Study_Phase.SEQUENCE.Study_Instruction	LOADING RESOURCE SURFACE FROM DISK
1844153.412	Study_Phase.SEQUENCE.Study_Instruction	LOADING RESOURCE SURFACE FROM DISK
1844156.027	Study_Phase.SEQUENCE.Study_Instruction	LOADING RESOURCE SURFACE FROM DISK
1852451.521	Study_Phase.SEQUENCE.Study_Instruction	LOADING RESOURCE SURFACE FROM DISK
1860699.755	Study_Phase.SEQUENCE.Study_Instruction	LOADING RESOURCE SURFACE FROM DISK
1869005.819	Study_Phase.SEQUENCE.Study_Instruction	LOADING RESOURCE SURFACE FROM DISK
1877269.887	Study_Phase.SEQUENCE.Study_Instruction	LOADING RESOURCE SURFACE FROM DISK
1877272.475	Study_Phase.SEQUENCE.Study_Instruction	LOADING RESOURCE SURFACE FROM DISK
1885536.562	Study_Phase.SEQUENCE.Study_Instruction	LOADING RESOURCE SURFACE FROM DISK
1885572.049	Study_Phase.SEQUENCE.Study_Instruction	LOADING RESOURCE SURFACE FROM DISK
1893853.263	Study_Phase.SEQUENCE.Study_Instruction	LOADING RESOURCE SURFACE FROM DISK
1893888.987	Study_Phase.SEQUENCE.Study_Instruction	LOADING RESOURCE SURFACE FROM DISK
1902204.481	Study_Phase.SEQUENCE.Study_Instruction	LOADING RESOURCE SURFACE FROM DISK
1910469.912	Study_Phase.SEQUENCE.Study_Instruction	LOADING RESOURCE SURFACE FROM DISK
1910508.356	Study_Phase.SEQUENCE.Study_Instruction	LOADING RESOURCE SURFACE FROM DISK
1918786.585	Study_Phase.SEQUENCE.Study_Instruction	LOADING RESOURCE SURFACE FROM DISK
1918827.43	Study_Phase.SEQUENCE.Study_Instruction	LOADING RESOURCE SURFACE FROM DISK
1927100.879	Study_Phase.SEQUENCE.Study_Instruction	LOADING RESOURCE SURFACE FROM DISK
1935369.848	Study_Phase.SEQUENCE.Study_Instruction	LOADING RESOURCE SURFACE FROM DISK
1935372.238	Study_Phase.SEQUENCE.Study_Instruction	LOADING RESOURCE SURFACE FROM DISK
1943686.797	Study_Phase.SEQUENCE.Study_Instruction	LOADING RESOURCE SURFACE FROM DISK
1951953.472	Study_Phase.SEQUENCE.Study_Instruction	LOADING RESOURCE SURFACE FROM DISK
1951993.067	Study_Phase.SEQUENCE.Study_Instruction	LOADING RESOURCE SURFACE FROM DISK
1960269.917	Study_Phase.SEQUENCE.Study_Instruction	LOADING RESOURCE SURFACE FROM DISK
1960272.555	Study_Phase.SEQUENCE.Study_Instruction	LOADING RESOURCE SURFACE FROM DISK
1968553.221	Study_Phase.SEQUENCE.Study_Instruction	LOADING RESOURCE SURFACE FROM DISK
1968572.184	Study_Phase.SEQUENCE.Study_Instruction	LOADING RESOURCE SURFACE FROM DISK
1976836.444	Study_Phase.SEQUENCE.Study_Instruction	LOADING RESOURCE SURFACE FROM DISK
1976874.324	Study_Phase.SEQUENCE.Study_Instruction	LOADING RESOURCE SURFACE FROM DISK
1985151.02	Study_Phase.SEQUENCE.Study_Instruction	LOADING RESOURCE SURFACE FROM DISK
1993457.705	Study_Phase.SEQUENCE.Study_Instruction	LOADING RESOURCE SURFACE FROM DISK
2001719.972	Study_Phase.SEQUENCE.Study_Instruction	LOADING RESOURCE SURFACE FROM DISK
2001722.543	Study_Phase.SEQUENCE.Study_Instruction	LOADING RESOURCE SURFACE FROM DISK
2010003.366	Study_Phase.SEQUENCE.Study_Instruction	LOADING RESOURCE SURFACE FROM DISK
2010039.306	Study_Phase.SEQUENCE.Study_Instruction	LOADING RESOURCE SURFACE FROM DISK
2018320.036	Study_Phase.SEQUENCE.Study_Instruction	LOADING RESOURCE SURFACE FROM DISK
2018356.256	Study_Phase.SEQUENCE.Study_Instruction	LOADING RESOURCE SURFACE FROM DISK
2026633.006	Study_Phase.SEQUENCE.Study_Instruction	LOADING RESOURCE SURFACE FROM DISK
2034886.716	Study_Phase.SEQUENCE.Study_Instruction	LOADING RESOURCE SURFACE FROM DISK
2034925.545	Study_Phase.SEQUENCE.Study_Instruction	LOADING RESOURCE SURFACE FROM DISK
2043203.478	Study_Phase.SEQUENCE.Study_Instruction	LOADING RESOURCE SURFACE FROM DISK
2043206.169	Study_Phase.SEQUENCE.Study_Instruction	LOADING RESOURCE SURFACE FROM DISK
2049441.061	DISPLAY_SCREEN[7]	LOADING RESOURCE SURFACE FROM DISK
2171239.822	Test_Phase.SEQUENCE.Target_Cue	LOADING RESOURCE SURFACE FROM DISK
2171241.735	Test_Phase.SEQUENCE.Target_Cue	LOADING RESOURCE SURFACE FROM DISK
2173266.312	Test_Phase.SEQUENCE.Word	LOADING RESOURCE SURFACE FROM DISK
2176322.681	Test_Phase.SEQUENCE.Test_Question	LOADING RESOURCE SURFACE FROM DISK
2176339.256	Test_Phase.SEQUENCE.Test_Question	LOADING RESOURCE SURFACE FROM DISK
2176344.367	Test_Phase.SEQUENCE.Test_Question	LOADING RESOURCE SURFACE FROM DISK
2176349.505	Test_Phase.SEQUENCE.Test_Question	LOADING RESOURCE SURFACE FROM DISK
2176351.223	Test_Phase.SEQUENCE.Test_Question	LOADING RESOURCE SURFACE FROM DISK
2176353.013	Test_Phase.SEQUENCE.Test_Question	LOADING RESOURCE SURFACE FROM DISK
2176354.88	Test_Phase.SEQUENCE.Test_Question	LOADING RESOURCE SURFACE FROM DISK
2176371.233	Test_Phase.SEQUENCE.Test_Question	LOADING RESOURCE SURFACE FROM DISK
2176372.918	Test_Phase.SEQUENCE.Test_Question	LOADING RESOURCE SURFACE FROM DISK
2176374.697	Test_Phase.SEQUENCE.Test_Question	LOADING RESOURCE SURFACE FROM DISK
2176376.549	Test_Phase.SEQUENCE.Test_Question	LOADING RESOURCE SURFACE FROM DISK
2176378.27	Test_Phase.SEQUENCE.Test_Question	LOADING RESOURCE SURFACE FROM DISK
2180766.295	Test_Phase.SEQUENCE.Word	LOADING RESOURCE SURFACE FROM DISK
2190916.484	Test_Phase.SEQUENCE.Word	LOADING RESOURCE SURFACE FROM DISK
2200632.959	Test_Phase.SEQUENCE.Word	LOADING RESOURCE SURFACE FROM DISK
2208499.586	Test_Phase.SEQUENCE.Word	LOADING RESOURCE SURFACE FROM DISK
2216516.301	Test_Phase.SEQUENCE.Word	LOADING RESOURCE SURFACE FROM DISK
2223732.789	Test_Phase.SEQUENCE.Word	LOADING RESOURCE SURFACE FROM DISK
2230916.44	Test_Phase.SEQUENCE.Word	LOADING RESOURCE SURFACE FROM DISK
2238937.13	Test_Phase.SEQUENCE.Word	LOADING RESOURCE SURFACE FROM DISK
2248216.454	Test_Phase.SEQUENCE.Word	LOADING RESOURCE SURFACE FROM DISK
2256405.203	Test_Phase.SEQUENCE.Word	LOADING RESOURCE SURFACE FROM DISK
2264366.356	Test_Phase.SEQUENCE.Word	LOADING RESOURCE SURFACE FROM DISK
2271749.726	Test_Phase.SEQUENCE.Word	LOADING RESOURCE SURFACE FROM DISK
2280466.384	Test_Phase.SEQUENCE.Word	LOADING RESOURCE SURFACE FROM DISK
2288316.261	Test_Phase.SEQUENCE.Word	LOADING RESOURCE SURFACE FROM DISK
2296390.964	Test_Phase.SEQUENCE.Word	LOADING RESOURCE SURFACE FROM DISK
2304133.139	Test_Phase.SEQUENCE.Word	LOADING RESOURCE SURFACE FROM DISK
2312573.076	Test_Phase.SEQUENCE.Word	LOADING RESOURCE SURFACE FROM DISK
2320682.79	Test_Phase.SEQUENCE.Word	LOADING RESOURCE SURFACE FROM DISK
2328582.855	Test_Phase.SEQUENCE.Word	LOADING RESOURCE SURFACE FROM DISK
2336725.114	Test_Phase.SEQUENCE.Word	LOADING RESOURCE SURFACE FROM DISK
2344699.492	Test_Phase.SEQUENCE.Word	LOADING RESOURCE SURFACE FROM DISK
2352866.293	Test_Phase.SEQUENCE.Word	LOADING RESOURCE SURFACE FROM DISK
2360166.643	Test_Phase.SEQUENCE.Word	LOADING RESOURCE SURFACE FROM DISK
2368266.261	Test_Phase.SEQUENCE.Word	LOADING RESOURCE SURFACE FROM DISK
2376016.237	Test_Phase.SEQUENCE.Word	LOADING RESOURCE SURFACE FROM DISK
2383466.281	Test_Phase.SEQUENCE.Word	LOADING RESOURCE SURFACE FROM DISK
2391370.996	Test_Phase.SEQUENCE.Word	LOADING RESOURCE SURFACE FROM DISK
2400489.294	Test_Phase.SEQUENCE.Word	LOADING RESOURCE SURFACE FROM DISK
2409199.626	Test_Phase.SEQUENCE.Word	LOADING RESOURCE SURFACE FROM DISK
2417583.221	Test_Phase.SEQUENCE.Word	LOADING RESOURCE SURFACE FROM DISK
2427309.545	Test_Phase.SEQUENCE.Word	LOADING RESOURCE SURFACE FROM DISK
2434899.343	Test_Phase.SEQUENCE.Word	LOADING RESOURCE SURFACE FROM DISK
2443053.891	Test_Phase.SEQUENCE.Word	LOADING RESOURCE SURFACE FROM DISK
2451349.591	Test_Phase.SEQUENCE.Word	LOADING RESOURCE SURFACE FROM DISK
2460275.549	Test_Phase.SEQUENCE.Word	LOADING RESOURCE SURFACE FROM DISK
2469766.464	Test_Phase.SEQUENCE.Word	LOADING RESOURCE SURFACE FROM DISK
2478182.866	Test_Phase.SEQUENCE.Word	LOADING RESOURCE SURFACE FROM DISK
2486242.813	Test_Phase.SEQUENCE.Word	LOADING RESOURCE SURFACE FROM DISK
2494449.822	Test_Phase.SEQUENCE.Word	LOADING RESOURCE SURFACE FROM DISK
2510242.838	Test_Phase.SEQUENCE.Word	LOADING RESOURCE SURFACE FROM DISK
2518185.199	Test_Phase.SEQUENCE.Word	LOADING RESOURCE SURFACE FROM DISK
2526540.618	Test_Phase.SEQUENCE.Word	LOADING RESOURCE SURFACE FROM DISK
2534666.635	Test_Phase.SEQUENCE.Word	LOADING RESOURCE SURFACE FROM DISK
2543083.837	Test_Phase.SEQUENCE.Word	LOADING RESOURCE SURFACE FROM DISK
2551082.839	Test_Phase.SEQUENCE.Word	LOADING RESOURCE SURFACE FROM DISK
2558899.926	Test_Phase.SEQUENCE.Word	LOADING RESOURCE SURFACE FROM DISK
2566866.921	Test_Phase.SEQUENCE.Word	LOADING RESOURCE SURFACE FROM DISK
2575116.221	Test_Phase.SEQUENCE.Word	LOADING RESOURCE SURFACE FROM DISK
2584649.767	Test_Phase.SEQUENCE.Word	LOADING RESOURCE SURFACE FROM DISK
2592483.113	Test_Phase.SEQUENCE.Word	LOADING RESOURCE SURFACE FROM DISK
2601354.36	Test_Phase.SEQUENCE.Word	LOADING RESOURCE SURFACE FROM DISK
2609660.083	Test_Phase.SEQUENCE.Word	LOADING RESOURCE SURFACE FROM DISK
2618799.783	Test_Phase.SEQUENCE.Word	LOADING RESOURCE SURFACE FROM DISK
2627333.003	Test_Phase.SEQUENCE.Word	LOADING RESOURCE SURFACE FROM DISK
2634932.751	Test_Phase.SEQUENCE.Word	LOADING RESOURCE SURFACE FROM DISK
2642283.037	Test_Phase.SEQUENCE.Word	LOADING RESOURCE SURFACE FROM DISK
2649704.961	Test_Phase.SEQUENCE.Word	LOADING RESOURCE SURFACE FROM DISK
2657499.489	Test_Phase.SEQUENCE.Word	LOADING RESOURCE SURFACE FROM DISK
2665549.806	Test_Phase.SEQUENCE.Word	LOADING RESOURCE SURFACE FROM DISK
2672783.022	Test_Phase.SEQUENCE.Word	LOADING RESOURCE SURFACE FROM DISK
2680933.044	Test_Phase.SEQUENCE.Word	LOADING RESOURCE SURFACE FROM DISK
2688249.825	Test_Phase.SEQUENCE.Word	LOADING RESOURCE SURFACE FROM DISK
2695635.16	Test_Phase.SEQUENCE.Word	LOADING RESOURCE SURFACE FROM DISK
2703023.531	Test_Phase.SEQUENCE.Word	LOADING RESOURCE SURFACE FROM DISK
2710716.282	Test_Phase.SEQUENCE.Word	LOADING RESOURCE SURFACE FROM DISK
2718599.572	Test_Phase.SEQUENCE.Word	LOADING RESOURCE SURFACE FROM DISK
2725823.859	Test_Phase.SEQUENCE.Word	LOADING RESOURCE SURFACE FROM DISK
2733182.839	Test_Phase.SEQUENCE.Word	LOADING RESOURCE SURFACE FROM DISK
2740600.65	Test_Phase.SEQUENCE.Word	LOADING RESOURCE SURFACE FROM DISK
2748399.758	Test_Phase.SEQUENCE.Word	LOADING RESOURCE SURFACE FROM DISK
2756189.438	Test_Phase.SEQUENCE.Word	LOADING RESOURCE SURFACE FROM DISK
2764883.104	Test_Phase.SEQUENCE.Word	LOADING RESOURCE SURFACE FROM DISK
2773016.955	Test_Phase.SEQUENCE.Word	LOADING RESOURCE SURFACE FROM DISK
2782366.189	Test_Phase.SEQUENCE.Word	LOADING RESOURCE SURFACE FROM DISK
2790049.654	Test_Phase.SEQUENCE.Word	LOADING RESOURCE SURFACE FROM DISK
2798099.675	Test_Phase.SEQUENCE.Word	LOADING RESOURCE SURFACE FROM DISK
2805416.266	Test_Phase.SEQUENCE.Word	LOADING RESOURCE SURFACE FROM DISK
2813782.85	Test_Phase.SEQUENCE.Word	LOADING RESOURCE SURFACE FROM DISK
2821182.862	Test_Phase.SEQUENCE.Word	LOADING RESOURCE SURFACE FROM DISK
2830649.654	Test_Phase.SEQUENCE.Word	LOADING RESOURCE SURFACE FROM DISK
2838785.371	Test_Phase.SEQUENCE.Word	LOADING RESOURCE SURFACE FROM DISK
2847799.798	Test_Phase.SEQUENCE.Word	LOADING RESOURCE SURFACE FROM DISK
2855141.599	Test_Phase.SEQUENCE.Word	LOADING RESOURCE SURFACE FROM DISK
2862999.704	Test_Phase.SEQUENCE.Word	LOADING RESOURCE SURFACE FROM DISK
2870266.308	Test_Phase.SEQUENCE.Word	LOADING RESOURCE SURFACE FROM DISK
2877449.71	Test_Phase.SEQUENCE.Word	LOADING RESOURCE SURFACE FROM DISK
2885340.993	Test_Phase.SEQUENCE.Word	LOADING RESOURCE SURFACE FROM DISK
2892999.96	Test_Phase.SEQUENCE.Word	LOADING RESOURCE SURFACE FROM DISK
2901382.784	Test_Phase.SEQUENCE.Word	LOADING RESOURCE SURFACE FROM DISK
2908590.133	Test_Phase.SEQUENCE.Word	LOADING RESOURCE SURFACE FROM DISK
2915916.287	Test_Phase.SEQUENCE.Word	LOADING RESOURCE SURFACE FROM DISK
2923756.428	Test_Phase.SEQUENCE.Word	LOADING RESOURCE SURFACE FROM DISK
2931949.672	Test_Phase.SEQUENCE.Word	LOADING RESOURCE SURFACE FROM DISK
2940071.36	Test_Phase.SEQUENCE.Word	LOADING RESOURCE SURFACE FROM DISK
2947166.335	Test_Phase.SEQUENCE.Word	LOADING RESOURCE SURFACE FROM DISK
2954350.007	Test_Phase.SEQUENCE.Word	LOADING RESOURCE SURFACE FROM DISK
2961708.202	Test_Phase.SEQUENCE.Word	LOADING RESOURCE SURFACE FROM DISK
2969316.263	Test_Phase.SEQUENCE.Word	LOADING RESOURCE SURFACE FROM DISK
2977500.325	Test_Phase.SEQUENCE.Word	LOADING RESOURCE SURFACE FROM DISK
2985803.644	Test_Phase.SEQUENCE.Word	LOADING RESOURCE SURFACE FROM DISK
2993316.543	Test_Phase.SEQUENCE.Word	LOADING RESOURCE SURFACE FROM DISK
3000716.316	Test_Phase.SEQUENCE.Word	LOADING RESOURCE SURFACE FROM DISK
3007936.138	Test_Phase.SEQUENCE.Word	LOADING RESOURCE SURFACE FROM DISK
3015316.288	Test_Phase.SEQUENCE.Word	LOADING RESOURCE SURFACE FROM DISK
3023219.679	Test_Phase.SEQUENCE.Word	LOADING RESOURCE SURFACE FROM DISK
3030549.695	Test_Phase.SEQUENCE.Word	LOADING RESOURCE SURFACE FROM DISK
3038616.483	Test_Phase.SEQUENCE.Word	LOADING RESOURCE SURFACE FROM DISK
3045966.517	Test_Phase.SEQUENCE.Word	LOADING RESOURCE SURFACE FROM DISK
3053801.833	Test_Phase.SEQUENCE.Word	LOADING RESOURCE SURFACE FROM DISK
3061349.636	Test_Phase.SEQUENCE.Word	LOADING RESOURCE SURFACE FROM DISK
3068666.625	Test_Phase.SEQUENCE.Word	LOADING RESOURCE SURFACE FROM DISK
3076016.31	Test_Phase.SEQUENCE.Word	LOADING RESOURCE SURFACE FROM DISK
3083206.543	Test_Phase.SEQUENCE.Word	LOADING RESOURCE SURFACE FROM DISK
3090500.102	Test_Phase.SEQUENCE.Word	LOADING RESOURCE SURFACE FROM DISK
3097633.23	Test_Phase.SEQUENCE.Word	LOADING RESOURCE SURFACE FROM DISK
3105932.842	Test_Phase.SEQUENCE.Word	LOADING RESOURCE SURFACE FROM DISK
3113866.149	Test_Phase.SEQUENCE.Word	LOADING RESOURCE SURFACE FROM DISK
3120925.3	Test_Phase.SEQUENCE.Word	LOADING RESOURCE SURFACE FROM DISK
3128200.033	Test_Phase.SEQUENCE.Word	LOADING RESOURCE SURFACE FROM DISK
3136133.042	Test_Phase.SEQUENCE.Word	LOADING RESOURCE SURFACE FROM DISK
3143320.843	Test_Phase.SEQUENCE.Word	LOADING RESOURCE SURFACE FROM DISK
3151282.841	Test_Phase.SEQUENCE.Word	LOADING RESOURCE SURFACE FROM DISK
3160299.705	Test_Phase.SEQUENCE.Word	LOADING RESOURCE SURFACE FROM DISK
3167649.673	Test_Phase.SEQUENCE.Word	LOADING RESOURCE SURFACE FROM DISK
3175216.254	Test_Phase.SEQUENCE.Word	LOADING RESOURCE SURFACE FROM DISK
3183786.591	Test_Phase.SEQUENCE.Word	LOADING RESOURCE SURFACE FROM DISK
3191382.938	Test_Phase.SEQUENCE.Word	LOADING RESOURCE SURFACE FROM DISK
3198566.229	Test_Phase.SEQUENCE.Word	LOADING RESOURCE SURFACE FROM DISK
3205752.465	Test_Phase.SEQUENCE.Word	LOADING RESOURCE SURFACE FROM DISK
3213099.593	Test_Phase.SEQUENCE.Word	LOADING RESOURCE SURFACE FROM DISK
3220466.233	Test_Phase.SEQUENCE.Word	LOADING RESOURCE SURFACE FROM DISK
3227833.152	Test_Phase.SEQUENCE.Word	LOADING RESOURCE SURFACE FROM DISK
3235132.898	Test_Phase.SEQUENCE.Word	LOADING RESOURCE SURFACE FROM DISK
3244034.002	Test_Phase.SEQUENCE.Word	LOADING RESOURCE SURFACE FROM DISK
3251499.979	Test_Phase.SEQUENCE.Word	LOADING RESOURCE SURFACE FROM DISK
3259783.041	Test_Phase.SEQUENCE.Word	LOADING RESOURCE SURFACE FROM DISK
3267066.317	Test_Phase.SEQUENCE.Word	LOADING RESOURCE SURFACE FROM DISK
3274299.496	Test_Phase.SEQUENCE.Word	LOADING RESOURCE SURFACE FROM DISK
3281585.971	Test_Phase.SEQUENCE.Word	LOADING RESOURCE SURFACE FROM DISK
3288916.206	Test_Phase.SEQUENCE.Word	LOADING RESOURCE SURFACE FROM DISK
3297049.816	Test_Phase.SEQUENCE.Word	LOADING RESOURCE SURFACE FROM DISK
3304316.433	Test_Phase.SEQUENCE.Word	LOADING RESOURCE SURFACE FROM DISK
3312266.179	Test_Phase.SEQUENCE.Word	LOADING RESOURCE SURFACE FROM DISK
3319483.045	Test_Phase.SEQUENCE.Word	LOADING RESOURCE SURFACE FROM DISK
3326599.614	Test_Phase.SEQUENCE.Word	LOADING RESOURCE SURFACE FROM DISK
3334166.341	Test_Phase.SEQUENCE.Word	LOADING RESOURCE SURFACE FROM DISK
3341249.645	Test_Phase.SEQUENCE.Word	LOADING RESOURCE SURFACE FROM DISK
3348433.021	Test_Phase.SEQUENCE.Word	LOADING RESOURCE SURFACE FROM DISK
3355699.592	Test_Phase.SEQUENCE.Word	LOADING RESOURCE SURFACE FROM DISK
3363666.299	Test_Phase.SEQUENCE.Word	LOADING RESOURCE SURFACE FROM DISK
3372005.409	Test_Phase.SEQUENCE.Word	LOADING RESOURCE SURFACE FROM DISK
3380082.84	Test_Phase.SEQUENCE.Word	LOADING RESOURCE SURFACE FROM DISK
3387785.716	Test_Phase.SEQUENCE.Word	LOADING RESOURCE SURFACE FROM DISK
3396367.679	Test_Phase.SEQUENCE.Word	LOADING RESOURCE SURFACE FROM DISK
3406233.337	Test_Phase.SEQUENCE.Word	LOADING RESOURCE SURFACE FROM DISK
3414249.514	Test_Phase.SEQUENCE.Word	LOADING RESOURCE SURFACE FROM DISK
3421599.752	Test_Phase.SEQUENCE.Word	LOADING RESOURCE SURFACE FROM DISK
3429682.86	Test_Phase.SEQUENCE.Word	LOADING RESOURCE SURFACE FROM DISK
3436732.827	Test_Phase.SEQUENCE.Word	LOADING RESOURCE SURFACE FROM DISK
3443970.954	Test_Phase.SEQUENCE.Word	LOADING RESOURCE SURFACE FROM DISK
3451215.193	Test_Phase.SEQUENCE.Word	LOADING RESOURCE SURFACE FROM DISK
3458456.65	Test_Phase.SEQUENCE.Word	LOADING RESOURCE SURFACE FROM DISK
3465516.553	Test_Phase.SEQUENCE.Word	LOADING RESOURCE SURFACE FROM DISK
3473566.336	Test_Phase.SEQUENCE.Word	LOADING RESOURCE SURFACE FROM DISK
3480682.791	Test_Phase.SEQUENCE.Word	LOADING RESOURCE SURFACE FROM DISK
3489116.333	Test_Phase.SEQUENCE.Word	LOADING RESOURCE SURFACE FROM DISK
3496916.239	Test_Phase.SEQUENCE.Word	LOADING RESOURCE SURFACE FROM DISK
3504088.625	Test_Phase.SEQUENCE.Word	LOADING RESOURCE SURFACE FROM DISK
3511266.301	Test_Phase.SEQUENCE.Word	LOADING RESOURCE SURFACE FROM DISK
3518316.324	Test_Phase.SEQUENCE.Word	LOADING RESOURCE SURFACE FROM DISK
3525883.007	Test_Phase.SEQUENCE.Word	LOADING RESOURCE SURFACE FROM DISK
3535515.323	Test_Phase.SEQUENCE.Word	LOADING RESOURCE SURFACE FROM DISK
3543033.058	Test_Phase.SEQUENCE.Word	LOADING RESOURCE SURFACE FROM DISK
3550349.862	Test_Phase.SEQUENCE.Word	LOADING RESOURCE SURFACE FROM DISK
3557649.543	Test_Phase.SEQUENCE.Word	LOADING RESOURCE SURFACE FROM DISK
3564863.327	Test_Phase.SEQUENCE.Word	LOADING RESOURCE SURFACE FROM DISK
3572049.487	Test_Phase.SEQUENCE.Word	LOADING RESOURCE SURFACE FROM DISK
3579232.885	Test_Phase.SEQUENCE.Word	LOADING RESOURCE SURFACE FROM DISK
3586599.963	Test_Phase.SEQUENCE.Word	LOADING RESOURCE SURFACE FROM DISK
3593755.23	Test_Phase.SEQUENCE.Word	LOADING RESOURCE SURFACE FROM DISK
3601557.388	Test_Phase.SEQUENCE.Word	LOADING RESOURCE SURFACE FROM DISK
3608699.755	Test_Phase.SEQUENCE.Word	LOADING RESOURCE SURFACE FROM DISK
3617193.194	Test_Phase.SEQUENCE.Word	LOADING RESOURCE SURFACE FROM DISK
3624599.719	Test_Phase.SEQUENCE.Word	LOADING RESOURCE SURFACE FROM DISK
3631682.966	Test_Phase.SEQUENCE.Word	LOADING RESOURCE SURFACE FROM DISK
3638826.439	Test_Phase.SEQUENCE.Word	LOADING RESOURCE SURFACE FROM DISK
3646083.096	Test_Phase.SEQUENCE.Word	LOADING RESOURCE SURFACE FROM DISK
3653654.35	Test_Phase.SEQUENCE.Word	LOADING RESOURCE SURFACE FROM DISK
3660917.418	Test_Phase.SEQUENCE.Word	LOADING RESOURCE SURFACE FROM DISK
3668249.731	Test_Phase.SEQUENCE.Word	LOADING RESOURCE SURFACE FROM DISK
3675370.511	Test_Phase.SEQUENCE.Word	LOADING RESOURCE SURFACE FROM DISK
3683566.28	Test_Phase.SEQUENCE.Word	LOADING RESOURCE SURFACE FROM DISK
3690782.988	Test_Phase.SEQUENCE.Word	LOADING RESOURCE SURFACE FROM DISK
3698238.037	Test_Phase.SEQUENCE.Word	LOADING RESOURCE SURFACE FROM DISK
3705382.771	Test_Phase.SEQUENCE.Word	LOADING RESOURCE SURFACE FROM DISK
3712449.692	Test_Phase.SEQUENCE.Word	LOADING RESOURCE SURFACE FROM DISK
3719550.796	Test_Phase.SEQUENCE.Word	LOADING RESOURCE SURFACE FROM DISK
3726566.194	Test_Phase.SEQUENCE.Word	LOADING RESOURCE SURFACE FROM DISK
3730292.913	DISPLAY_SCREEN	LOADING RESOURCE SURFACE FROM DISK
