4805.572	DISPLAY_SCREEN[1]	LOADING RESOURCE SURFACE FROM DISK
2631672.048	Familiarization_Phase.SEQUENCE.Cue_and_Instruction	LOADING RESOURCE SURFACE FROM DISK
2631686.536	Familiarization_Phase.SEQUENCE.Cue_and_Instruction	LOADING RESOURCE SURFACE FROM DISK
2637762.764	Familiarization_Phase.SEQUENCE.Cue_and_Instruction	LOADING RESOURCE SURFACE FROM DISK
2637777.742	Familiarization_Phase.SEQUENCE.Cue_and_Instruction	LOADING RESOURCE SURFACE FROM DISK
2643857.049	Familiarization_Phase.SEQUENCE.Cue_and_Instruction	LOADING RESOURCE SURFACE FROM DISK
2643874.11	Familiarization_Phase.SEQUENCE.Cue_and_Instruction	LOADING RESOURCE SURFACE FROM DISK
2686028.58	DISPLAY_SCREEN[3]	LOADING RESOURCE SURFACE FROM DISK
2829011.293	DISPLAY_SCREEN[5]	LOADING RESOURCE SURFACE FROM DISK
2882840.77	Practice_Phase.SEQUENCE.Blink_Screen	LOADING RESOURCE SURFACE FROM DISK
2882841.815	Practice_Phase.SEQUENCE.Blink_Screen	flip time is later than desired time. Desired Time=2882586 Flip Time=2882852 Retrace Rate=16.649, prepareTime=279 flip request time 2882841
2884070.794	Practice_Phase.SEQUENCE.Practice_Luminance_Cue	LOADING RESOURCE SURFACE FROM DISK
2884084.659	Practice_Phase.SEQUENCE.Practice_Luminance_Cue	LOADING RESOURCE SURFACE FROM DISK
2884086.167	Practice_Phase.SEQUENCE.Practice_Luminance_Cue	flip time is later than desired time. Desired Time=2884052 Flip Time=2884102 Retrace Rate=16.649, prepareTime=57 flip request time 2884085
2886083.693	Practice_Phase.SEQUENCE.Practice_Instruction	LOADING RESOURCE SURFACE FROM DISK
2886124.392	Practice_Phase.SEQUENCE.Practice_Instruction	LOADING RESOURCE SURFACE FROM DISK
2886125.982	Practice_Phase.SEQUENCE.Practice_Instruction	flip time is later than desired time. Desired Time=2886102 Flip Time=2886136 Retrace Rate=16.649, prepareTime=47 flip request time 2886125
2894217.333	Practice_Phase.SEQUENCE.Practice_Instruction	LOADING RESOURCE SURFACE FROM DISK
2894219.56	Practice_Phase.SEQUENCE.Practice_Instruction	LOADING RESOURCE SURFACE FROM DISK
2894221.2	Practice_Phase.SEQUENCE.Practice_Instruction	flip time is later than desired time. Desired Time=2894202 Flip Time=2894236 Retrace Rate=16.649, prepareTime=42 flip request time 2894220
2902326.88	Practice_Phase.SEQUENCE.Practice_Instruction	LOADING RESOURCE SURFACE FROM DISK
2902334.95	Practice_Phase.SEQUENCE.Practice_Instruction	LOADING RESOURCE SURFACE FROM DISK
2902336.675	Practice_Phase.SEQUENCE.Practice_Instruction	flip time is later than desired time. Desired Time=2902302 Flip Time=2902352 Retrace Rate=16.649, prepareTime=58 flip request time 2902336
2910400.684	Practice_Phase.SEQUENCE.Practice_Instruction	LOADING RESOURCE SURFACE FROM DISK
2910403.153	Practice_Phase.SEQUENCE.Practice_Instruction	LOADING RESOURCE SURFACE FROM DISK
2918467.059	Practice_Phase.SEQUENCE.Practice_Instruction	LOADING RESOURCE SURFACE FROM DISK
2918470.024	Practice_Phase.SEQUENCE.Practice_Instruction	LOADING RESOURCE SURFACE FROM DISK
2926533.881	Practice_Phase.SEQUENCE.Practice_Instruction	LOADING RESOURCE SURFACE FROM DISK
2926578.736	Practice_Phase.SEQUENCE.Practice_Instruction	LOADING RESOURCE SURFACE FROM DISK
2926580.381	Practice_Phase.SEQUENCE.Practice_Instruction	flip time is later than desired time. Desired Time=2926552 Flip Time=2926602 Retrace Rate=16.649, prepareTime=51 flip request time 2926580
2934650.546	Practice_Phase.SEQUENCE.Practice_Instruction	LOADING RESOURCE SURFACE FROM DISK
2934653.03	Practice_Phase.SEQUENCE.Practice_Instruction	LOADING RESOURCE SURFACE FROM DISK
2942717.087	Practice_Phase.SEQUENCE.Practice_Instruction	LOADING RESOURCE SURFACE FROM DISK
2942719.481	Practice_Phase.SEQUENCE.Practice_Instruction	LOADING RESOURCE SURFACE FROM DISK
2950783.992	Practice_Phase.SEQUENCE.Practice_Instruction	LOADING RESOURCE SURFACE FROM DISK
2950786.421	Practice_Phase.SEQUENCE.Practice_Instruction	LOADING RESOURCE SURFACE FROM DISK
2955453.61	DISPLAY_SCREEN[2]	LOADING RESOURCE SURFACE FROM DISK
3181692.616	Study_Phase.SEQUENCE.Study_Instruction	LOADING RESOURCE SURFACE FROM DISK
3181694.763	Study_Phase.SEQUENCE.Study_Instruction	LOADING RESOURCE SURFACE FROM DISK
3190176.237	Study_Phase.SEQUENCE.Study_Instruction	LOADING RESOURCE SURFACE FROM DISK
3190178.331	Study_Phase.SEQUENCE.Study_Instruction	LOADING RESOURCE SURFACE FROM DISK
3198493.808	Study_Phase.SEQUENCE.Study_Instruction	LOADING RESOURCE SURFACE FROM DISK
3206782.21	Study_Phase.SEQUENCE.Study_Instruction	LOADING RESOURCE SURFACE FROM DISK
3215039.201	Study_Phase.SEQUENCE.Study_Instruction	LOADING RESOURCE SURFACE FROM DISK
3223275.957	Study_Phase.SEQUENCE.Study_Instruction	LOADING RESOURCE SURFACE FROM DISK
3223278.011	Study_Phase.SEQUENCE.Study_Instruction	LOADING RESOURCE SURFACE FROM DISK
3231538.916	Study_Phase.SEQUENCE.Study_Instruction	LOADING RESOURCE SURFACE FROM DISK
3239776.222	Study_Phase.SEQUENCE.Study_Instruction	LOADING RESOURCE SURFACE FROM DISK
3239820.418	Study_Phase.SEQUENCE.Study_Instruction	LOADING RESOURCE SURFACE FROM DISK
3248076.045	Study_Phase.SEQUENCE.Study_Instruction	LOADING RESOURCE SURFACE FROM DISK
3248078.125	Study_Phase.SEQUENCE.Study_Instruction	LOADING RESOURCE SURFACE FROM DISK
3256342.844	Study_Phase.SEQUENCE.Study_Instruction	LOADING RESOURCE SURFACE FROM DISK
3256355.491	Study_Phase.SEQUENCE.Study_Instruction	LOADING RESOURCE SURFACE FROM DISK
3264639.348	Study_Phase.SEQUENCE.Study_Instruction	LOADING RESOURCE SURFACE FROM DISK
3272892.471	Study_Phase.SEQUENCE.Study_Instruction	LOADING RESOURCE SURFACE FROM DISK
3272894.598	Study_Phase.SEQUENCE.Study_Instruction	LOADING RESOURCE SURFACE FROM DISK
3281142.611	Study_Phase.SEQUENCE.Study_Instruction	LOADING RESOURCE SURFACE FROM DISK
3281185.242	Study_Phase.SEQUENCE.Study_Instruction	LOADING RESOURCE SURFACE FROM DISK
3289439.029	Study_Phase.SEQUENCE.Study_Instruction	LOADING RESOURCE SURFACE FROM DISK
3297688.797	Study_Phase.SEQUENCE.Study_Instruction	LOADING RESOURCE SURFACE FROM DISK
3305942.397	Study_Phase.SEQUENCE.Study_Instruction	LOADING RESOURCE SURFACE FROM DISK
3305944.41	Study_Phase.SEQUENCE.Study_Instruction	LOADING RESOURCE SURFACE FROM DISK
3314205.489	Study_Phase.SEQUENCE.Study_Instruction	LOADING RESOURCE SURFACE FROM DISK
3322455.447	Study_Phase.SEQUENCE.Study_Instruction	LOADING RESOURCE SURFACE FROM DISK
3330744.13	Study_Phase.SEQUENCE.Study_Instruction	LOADING RESOURCE SURFACE FROM DISK
3339009.186	Study_Phase.SEQUENCE.Study_Instruction	LOADING RESOURCE SURFACE FROM DISK
3339011.181	Study_Phase.SEQUENCE.Study_Instruction	LOADING RESOURCE SURFACE FROM DISK
3347273.263	Study_Phase.SEQUENCE.Study_Instruction	LOADING RESOURCE SURFACE FROM DISK
3355525.69	Study_Phase.SEQUENCE.Study_Instruction	LOADING RESOURCE SURFACE FROM DISK
3355527.785	Study_Phase.SEQUENCE.Study_Instruction	LOADING RESOURCE SURFACE FROM DISK
3363789.755	Study_Phase.SEQUENCE.Study_Instruction	LOADING RESOURCE SURFACE FROM DISK
3372054.856	Study_Phase.SEQUENCE.Study_Instruction	LOADING RESOURCE SURFACE FROM DISK
3380309.39	Study_Phase.SEQUENCE.Study_Instruction	LOADING RESOURCE SURFACE FROM DISK
3380351.766	Study_Phase.SEQUENCE.Study_Instruction	LOADING RESOURCE SURFACE FROM DISK
3388645.661	Study_Phase.SEQUENCE.Study_Instruction	LOADING RESOURCE SURFACE FROM DISK
3396909.146	Study_Phase.SEQUENCE.Study_Instruction	LOADING RESOURCE SURFACE FROM DISK
3396911.142	Study_Phase.SEQUENCE.Study_Instruction	LOADING RESOURCE SURFACE FROM DISK
3405175.991	Study_Phase.SEQUENCE.Study_Instruction	LOADING RESOURCE SURFACE FROM DISK
3405183.627	Study_Phase.SEQUENCE.Study_Instruction	LOADING RESOURCE SURFACE FROM DISK
3413474.805	Study_Phase.SEQUENCE.Study_Instruction	LOADING RESOURCE SURFACE FROM DISK
3421709.411	Study_Phase.SEQUENCE.Study_Instruction	LOADING RESOURCE SURFACE FROM DISK
3421711.466	Study_Phase.SEQUENCE.Study_Instruction	LOADING RESOURCE SURFACE FROM DISK
3430010.674	Study_Phase.SEQUENCE.Study_Instruction	LOADING RESOURCE SURFACE FROM DISK
3438259.345	Study_Phase.SEQUENCE.Study_Instruction	LOADING RESOURCE SURFACE FROM DISK
3438261.409	Study_Phase.SEQUENCE.Study_Instruction	LOADING RESOURCE SURFACE FROM DISK
3446560.525	Study_Phase.SEQUENCE.Study_Instruction	LOADING RESOURCE SURFACE FROM DISK
3454825.927	Study_Phase.SEQUENCE.Study_Instruction	LOADING RESOURCE SURFACE FROM DISK
3454827.988	Study_Phase.SEQUENCE.Study_Instruction	LOADING RESOURCE SURFACE FROM DISK
3463092.665	Study_Phase.SEQUENCE.Study_Instruction	LOADING RESOURCE SURFACE FROM DISK
3463129.639	Study_Phase.SEQUENCE.Study_Instruction	LOADING RESOURCE SURFACE FROM DISK
3471424.132	Study_Phase.SEQUENCE.Study_Instruction	LOADING RESOURCE SURFACE FROM DISK
3479678.172	Study_Phase.SEQUENCE.Study_Instruction	LOADING RESOURCE SURFACE FROM DISK
3487942.319	Study_Phase.SEQUENCE.Study_Instruction	LOADING RESOURCE SURFACE FROM DISK
3487987.441	Study_Phase.SEQUENCE.Study_Instruction	LOADING RESOURCE SURFACE FROM DISK
3496279.008	Study_Phase.SEQUENCE.Study_Instruction	LOADING RESOURCE SURFACE FROM DISK
3504538.76	Study_Phase.SEQUENCE.Study_Instruction	LOADING RESOURCE SURFACE FROM DISK
3512788.87	Study_Phase.SEQUENCE.Study_Instruction	LOADING RESOURCE SURFACE FROM DISK
3521042.54	Study_Phase.SEQUENCE.Study_Instruction	LOADING RESOURCE SURFACE FROM DISK
3521044.573	Study_Phase.SEQUENCE.Study_Instruction	LOADING RESOURCE SURFACE FROM DISK
3529349.603	Study_Phase.SEQUENCE.Study_Instruction	LOADING RESOURCE SURFACE FROM DISK
3537609.268	Study_Phase.SEQUENCE.Study_Instruction	LOADING RESOURCE SURFACE FROM DISK
3537611.276	Study_Phase.SEQUENCE.Study_Instruction	LOADING RESOURCE SURFACE FROM DISK
3545913.779	Study_Phase.SEQUENCE.Study_Instruction	LOADING RESOURCE SURFACE FROM DISK
3554175.989	Study_Phase.SEQUENCE.Study_Instruction	LOADING RESOURCE SURFACE FROM DISK
3554212.207	Study_Phase.SEQUENCE.Study_Instruction	LOADING RESOURCE SURFACE FROM DISK
3562514.542	Study_Phase.SEQUENCE.Study_Instruction	LOADING RESOURCE SURFACE FROM DISK
3570776.115	Study_Phase.SEQUENCE.Study_Instruction	LOADING RESOURCE SURFACE FROM DISK
3570778.161	Study_Phase.SEQUENCE.Study_Instruction	LOADING RESOURCE SURFACE FROM DISK
3579083.294	Study_Phase.SEQUENCE.Study_Instruction	LOADING RESOURCE SURFACE FROM DISK
3587338.717	Study_Phase.SEQUENCE.Study_Instruction	LOADING RESOURCE SURFACE FROM DISK
3595592.482	Study_Phase.SEQUENCE.Study_Instruction	LOADING RESOURCE SURFACE FROM DISK
3595594.487	Study_Phase.SEQUENCE.Study_Instruction	LOADING RESOURCE SURFACE FROM DISK
3603842.921	Study_Phase.SEQUENCE.Study_Instruction	LOADING RESOURCE SURFACE FROM DISK
3603886.136	Study_Phase.SEQUENCE.Study_Instruction	LOADING RESOURCE SURFACE FROM DISK
3612139.044	Study_Phase.SEQUENCE.Study_Instruction	LOADING RESOURCE SURFACE FROM DISK
3620392.469	Study_Phase.SEQUENCE.Study_Instruction	LOADING RESOURCE SURFACE FROM DISK
3620394.486	Study_Phase.SEQUENCE.Study_Instruction	LOADING RESOURCE SURFACE FROM DISK
3628656.379	Study_Phase.SEQUENCE.Study_Instruction	LOADING RESOURCE SURFACE FROM DISK
3636946.046	Study_Phase.SEQUENCE.Study_Instruction	LOADING RESOURCE SURFACE FROM DISK
3645209.195	Study_Phase.SEQUENCE.Study_Instruction	LOADING RESOURCE SURFACE FROM DISK
3645211.237	Study_Phase.SEQUENCE.Study_Instruction	LOADING RESOURCE SURFACE FROM DISK
3653542.466	Study_Phase.SEQUENCE.Study_Instruction	LOADING RESOURCE SURFACE FROM DISK
3653584.98	Study_Phase.SEQUENCE.Study_Instruction	LOADING RESOURCE SURFACE FROM DISK
3661825.935	Study_Phase.SEQUENCE.Study_Instruction	LOADING RESOURCE SURFACE FROM DISK
3661864.552	Study_Phase.SEQUENCE.Study_Instruction	LOADING RESOURCE SURFACE FROM DISK
3670125.873	Study_Phase.SEQUENCE.Study_Instruction	LOADING RESOURCE SURFACE FROM DISK
3670127.934	Study_Phase.SEQUENCE.Study_Instruction	LOADING RESOURCE SURFACE FROM DISK
3678392.629	Study_Phase.SEQUENCE.Study_Instruction	LOADING RESOURCE SURFACE FROM DISK
3678394.672	Study_Phase.SEQUENCE.Study_Instruction	LOADING RESOURCE SURFACE FROM DISK
3686659.273	Study_Phase.SEQUENCE.Study_Instruction	LOADING RESOURCE SURFACE FROM DISK
3686661.305	Study_Phase.SEQUENCE.Study_Instruction	LOADING RESOURCE SURFACE FROM DISK
3694923.084	Study_Phase.SEQUENCE.Study_Instruction	LOADING RESOURCE SURFACE FROM DISK
3703175.938	Study_Phase.SEQUENCE.Study_Instruction	LOADING RESOURCE SURFACE FROM DISK
3703216.72	Study_Phase.SEQUENCE.Study_Instruction	LOADING RESOURCE SURFACE FROM DISK
3711475.903	Study_Phase.SEQUENCE.Study_Instruction	LOADING RESOURCE SURFACE FROM DISK
3711477.962	Study_Phase.SEQUENCE.Study_Instruction	LOADING RESOURCE SURFACE FROM DISK
3719742.627	Study_Phase.SEQUENCE.Study_Instruction	LOADING RESOURCE SURFACE FROM DISK
3719744.697	Study_Phase.SEQUENCE.Study_Instruction	LOADING RESOURCE SURFACE FROM DISK
3728005.365	Study_Phase.SEQUENCE.Study_Instruction	LOADING RESOURCE SURFACE FROM DISK
3736293.226	Study_Phase.SEQUENCE.Study_Instruction	LOADING RESOURCE SURFACE FROM DISK
3744542.483	Study_Phase.SEQUENCE.Study_Instruction	LOADING RESOURCE SURFACE FROM DISK
3744544.489	Study_Phase.SEQUENCE.Study_Instruction	LOADING RESOURCE SURFACE FROM DISK
3752789.943	Study_Phase.SEQUENCE.Study_Instruction	LOADING RESOURCE SURFACE FROM DISK
3761042.684	Study_Phase.SEQUENCE.Study_Instruction	LOADING RESOURCE SURFACE FROM DISK
3761081.621	Study_Phase.SEQUENCE.Study_Instruction	LOADING RESOURCE SURFACE FROM DISK
3769342.461	Study_Phase.SEQUENCE.Study_Instruction	LOADING RESOURCE SURFACE FROM DISK
3769378.881	Study_Phase.SEQUENCE.Study_Instruction	LOADING RESOURCE SURFACE FROM DISK
3777623.13	Study_Phase.SEQUENCE.Study_Instruction	LOADING RESOURCE SURFACE FROM DISK
3785875.745	Study_Phase.SEQUENCE.Study_Instruction	LOADING RESOURCE SURFACE FROM DISK
3785915.871	Study_Phase.SEQUENCE.Study_Instruction	LOADING RESOURCE SURFACE FROM DISK
3794176.07	Study_Phase.SEQUENCE.Study_Instruction	LOADING RESOURCE SURFACE FROM DISK
3794178.195	Study_Phase.SEQUENCE.Study_Instruction	LOADING RESOURCE SURFACE FROM DISK
3802423.243	Study_Phase.SEQUENCE.Study_Instruction	LOADING RESOURCE SURFACE FROM DISK
3810691.64	Study_Phase.SEQUENCE.Study_Instruction	LOADING RESOURCE SURFACE FROM DISK
3818938.753	Study_Phase.SEQUENCE.Study_Instruction	LOADING RESOURCE SURFACE FROM DISK
3827192.691	Study_Phase.SEQUENCE.Study_Instruction	LOADING RESOURCE SURFACE FROM DISK
3827252.872	Study_Phase.SEQUENCE.Study_Instruction	LOADING RESOURCE SURFACE FROM DISK
3835505.407	Study_Phase.SEQUENCE.Study_Instruction	LOADING RESOURCE SURFACE FROM DISK
3843759.296	Study_Phase.SEQUENCE.Study_Instruction	LOADING RESOURCE SURFACE FROM DISK
3843803.767	Study_Phase.SEQUENCE.Study_Instruction	LOADING RESOURCE SURFACE FROM DISK
3852091.926	Study_Phase.SEQUENCE.Study_Instruction	LOADING RESOURCE SURFACE FROM DISK
3860342.58	Study_Phase.SEQUENCE.Study_Instruction	LOADING RESOURCE SURFACE FROM DISK
3860377.493	Study_Phase.SEQUENCE.Study_Instruction	LOADING RESOURCE SURFACE FROM DISK
3868642.593	Study_Phase.SEQUENCE.Study_Instruction	LOADING RESOURCE SURFACE FROM DISK
3868644.576	Study_Phase.SEQUENCE.Study_Instruction	LOADING RESOURCE SURFACE FROM DISK
3876906.561	Study_Phase.SEQUENCE.Study_Instruction	LOADING RESOURCE SURFACE FROM DISK
3885122.433	Study_Phase.SEQUENCE.Study_Instruction	LOADING RESOURCE SURFACE FROM DISK
3893413.656	Study_Phase.SEQUENCE.Study_Instruction	LOADING RESOURCE SURFACE FROM DISK
3901672.51	Study_Phase.SEQUENCE.Study_Instruction	LOADING RESOURCE SURFACE FROM DISK
3909925.639	Study_Phase.SEQUENCE.Study_Instruction	LOADING RESOURCE SURFACE FROM DISK
3909927.711	Study_Phase.SEQUENCE.Study_Instruction	LOADING RESOURCE SURFACE FROM DISK
3918231.999	Study_Phase.SEQUENCE.Study_Instruction	LOADING RESOURCE SURFACE FROM DISK
3926492.498	Study_Phase.SEQUENCE.Study_Instruction	LOADING RESOURCE SURFACE FROM DISK
3926534.785	Study_Phase.SEQUENCE.Study_Instruction	LOADING RESOURCE SURFACE FROM DISK
3934793.023	Study_Phase.SEQUENCE.Study_Instruction	LOADING RESOURCE SURFACE FROM DISK
3934795.157	Study_Phase.SEQUENCE.Study_Instruction	LOADING RESOURCE SURFACE FROM DISK
3943098.592	Study_Phase.SEQUENCE.Study_Instruction	LOADING RESOURCE SURFACE FROM DISK
3951355.431	Study_Phase.SEQUENCE.Study_Instruction	LOADING RESOURCE SURFACE FROM DISK
3959609.08	Study_Phase.SEQUENCE.Study_Instruction	LOADING RESOURCE SURFACE FROM DISK
3959653.379	Study_Phase.SEQUENCE.Study_Instruction	LOADING RESOURCE SURFACE FROM DISK
3967909.134	Study_Phase.SEQUENCE.Study_Instruction	LOADING RESOURCE SURFACE FROM DISK
3967944.446	Study_Phase.SEQUENCE.Study_Instruction	LOADING RESOURCE SURFACE FROM DISK
3976175.872	Study_Phase.SEQUENCE.Study_Instruction	LOADING RESOURCE SURFACE FROM DISK
3976216.751	Study_Phase.SEQUENCE.Study_Instruction	LOADING RESOURCE SURFACE FROM DISK
3984512.84	Study_Phase.SEQUENCE.Study_Instruction	LOADING RESOURCE SURFACE FROM DISK
3992775.977	Study_Phase.SEQUENCE.Study_Instruction	LOADING RESOURCE SURFACE FROM DISK
3992778.052	Study_Phase.SEQUENCE.Study_Instruction	LOADING RESOURCE SURFACE FROM DISK
4001042.72	Study_Phase.SEQUENCE.Study_Instruction	LOADING RESOURCE SURFACE FROM DISK
4001085.839	Study_Phase.SEQUENCE.Study_Instruction	LOADING RESOURCE SURFACE FROM DISK
4009342.582	Study_Phase.SEQUENCE.Study_Instruction	LOADING RESOURCE SURFACE FROM DISK
4009385.005	Study_Phase.SEQUENCE.Study_Instruction	LOADING RESOURCE SURFACE FROM DISK
4017664.294	Study_Phase.SEQUENCE.Study_Instruction	LOADING RESOURCE SURFACE FROM DISK
4025925.901	Study_Phase.SEQUENCE.Study_Instruction	LOADING RESOURCE SURFACE FROM DISK
4025966.727	Study_Phase.SEQUENCE.Study_Instruction	LOADING RESOURCE SURFACE FROM DISK
4034261.761	Study_Phase.SEQUENCE.Study_Instruction	LOADING RESOURCE SURFACE FROM DISK
4042562.944	Study_Phase.SEQUENCE.Study_Instruction	LOADING RESOURCE SURFACE FROM DISK
4050841.088	Study_Phase.SEQUENCE.Study_Instruction	LOADING RESOURCE SURFACE FROM DISK
4059092.806	Study_Phase.SEQUENCE.Study_Instruction	LOADING RESOURCE SURFACE FROM DISK
4059133.159	Study_Phase.SEQUENCE.Study_Instruction	LOADING RESOURCE SURFACE FROM DISK
4067392.565	Study_Phase.SEQUENCE.Study_Instruction	LOADING RESOURCE SURFACE FROM DISK
4067439.598	Study_Phase.SEQUENCE.Study_Instruction	LOADING RESOURCE SURFACE FROM DISK
4075731.363	Study_Phase.SEQUENCE.Study_Instruction	LOADING RESOURCE SURFACE FROM DISK
4083992.723	Study_Phase.SEQUENCE.Study_Instruction	LOADING RESOURCE SURFACE FROM DISK
4084029.604	Study_Phase.SEQUENCE.Study_Instruction	LOADING RESOURCE SURFACE FROM DISK
4092329.2	Study_Phase.SEQUENCE.Study_Instruction	LOADING RESOURCE SURFACE FROM DISK
4100592.522	Study_Phase.SEQUENCE.Study_Instruction	LOADING RESOURCE SURFACE FROM DISK
4100637.633	Study_Phase.SEQUENCE.Study_Instruction	LOADING RESOURCE SURFACE FROM DISK
4108892.572	Study_Phase.SEQUENCE.Study_Instruction	LOADING RESOURCE SURFACE FROM DISK
4108933.119	Study_Phase.SEQUENCE.Study_Instruction	LOADING RESOURCE SURFACE FROM DISK
4117231.374	Study_Phase.SEQUENCE.Study_Instruction	LOADING RESOURCE SURFACE FROM DISK
4125492.629	Study_Phase.SEQUENCE.Study_Instruction	LOADING RESOURCE SURFACE FROM DISK
4125514.573	Study_Phase.SEQUENCE.Study_Instruction	LOADING RESOURCE SURFACE FROM DISK
4133775.723	Study_Phase.SEQUENCE.Study_Instruction	LOADING RESOURCE SURFACE FROM DISK
4133814.855	Study_Phase.SEQUENCE.Study_Instruction	LOADING RESOURCE SURFACE FROM DISK
4142073.287	Study_Phase.SEQUENCE.Study_Instruction	LOADING RESOURCE SURFACE FROM DISK
4150309.305	Study_Phase.SEQUENCE.Study_Instruction	LOADING RESOURCE SURFACE FROM DISK
4150311.662	Study_Phase.SEQUENCE.Study_Instruction	LOADING RESOURCE SURFACE FROM DISK
4158575.786	Study_Phase.SEQUENCE.Study_Instruction	LOADING RESOURCE SURFACE FROM DISK
4158613.317	Study_Phase.SEQUENCE.Study_Instruction	LOADING RESOURCE SURFACE FROM DISK
4166873.166	Study_Phase.SEQUENCE.Study_Instruction	LOADING RESOURCE SURFACE FROM DISK
4171593.243	DISPLAY_SCREEN[7]	LOADING RESOURCE SURFACE FROM DISK
4293005.08	Test_Phase.SEQUENCE.Target_Cue	LOADING RESOURCE SURFACE FROM DISK
4293006.564	Test_Phase.SEQUENCE.Target_Cue	LOADING RESOURCE SURFACE FROM DISK
4295022.287	Test_Phase.SEQUENCE.Word	LOADING RESOURCE SURFACE FROM DISK
4298038.319	Test_Phase.SEQUENCE.Test_Question	LOADING RESOURCE SURFACE FROM DISK
4298039.864	Test_Phase.SEQUENCE.Test_Question	LOADING RESOURCE SURFACE FROM DISK
4298041.375	Test_Phase.SEQUENCE.Test_Question	LOADING RESOURCE SURFACE FROM DISK
4298042.924	Test_Phase.SEQUENCE.Test_Question	LOADING RESOURCE SURFACE FROM DISK
4298044.449	Test_Phase.SEQUENCE.Test_Question	LOADING RESOURCE SURFACE FROM DISK
4298046.079	Test_Phase.SEQUENCE.Test_Question	LOADING RESOURCE SURFACE FROM DISK
4298047.566	Test_Phase.SEQUENCE.Test_Question	LOADING RESOURCE SURFACE FROM DISK
4298328.304	Test_Phase.SEQUENCE.Test_Question	LOADING RESOURCE SURFACE FROM DISK
4298330.112	Test_Phase.SEQUENCE.Test_Question	LOADING RESOURCE SURFACE FROM DISK
4298331.812	Test_Phase.SEQUENCE.Test_Question	LOADING RESOURCE SURFACE FROM DISK
4298333.683	Test_Phase.SEQUENCE.Test_Question	LOADING RESOURCE SURFACE FROM DISK
4298335.322	Test_Phase.SEQUENCE.Test_Question	LOADING RESOURCE SURFACE FROM DISK
4314957.781	Test_Phase.SEQUENCE.Word	LOADING RESOURCE SURFACE FROM DISK
4324905.657	Test_Phase.SEQUENCE.Word	LOADING RESOURCE SURFACE FROM DISK
4335790.874	Test_Phase.SEQUENCE.Word	LOADING RESOURCE SURFACE FROM DISK
4345272.088	Test_Phase.SEQUENCE.Word	LOADING RESOURCE SURFACE FROM DISK
4354255.615	Test_Phase.SEQUENCE.Word	LOADING RESOURCE SURFACE FROM DISK
4363455.461	Test_Phase.SEQUENCE.Word	LOADING RESOURCE SURFACE FROM DISK
4372639.013	Test_Phase.SEQUENCE.Word	LOADING RESOURCE SURFACE FROM DISK
4381579.019	Test_Phase.SEQUENCE.Word	LOADING RESOURCE SURFACE FROM DISK
4391988.848	Test_Phase.SEQUENCE.Word	LOADING RESOURCE SURFACE FROM DISK
4403455.523	Test_Phase.SEQUENCE.Word	LOADING RESOURCE SURFACE FROM DISK
4412972.269	Test_Phase.SEQUENCE.Word	LOADING RESOURCE SURFACE FROM DISK
4424605.692	Test_Phase.SEQUENCE.Word	LOADING RESOURCE SURFACE FROM DISK
4437939.041	Test_Phase.SEQUENCE.Word	LOADING RESOURCE SURFACE FROM DISK
4448355.657	Test_Phase.SEQUENCE.Word	LOADING RESOURCE SURFACE FROM DISK
4457072.078	Test_Phase.SEQUENCE.Word	LOADING RESOURCE SURFACE FROM DISK
4465888.843	Test_Phase.SEQUENCE.Word	LOADING RESOURCE SURFACE FROM DISK
4478522.232	Test_Phase.SEQUENCE.Word	LOADING RESOURCE SURFACE FROM DISK
4487872.137	Test_Phase.SEQUENCE.Word	LOADING RESOURCE SURFACE FROM DISK
4497355.62	Test_Phase.SEQUENCE.Word	LOADING RESOURCE SURFACE FROM DISK
4508272.144	Test_Phase.SEQUENCE.Word	LOADING RESOURCE SURFACE FROM DISK
4518588.981	Test_Phase.SEQUENCE.Word	LOADING RESOURCE SURFACE FROM DISK
4529605.446	Test_Phase.SEQUENCE.Word	LOADING RESOURCE SURFACE FROM DISK
4539705.43	Test_Phase.SEQUENCE.Word	LOADING RESOURCE SURFACE FROM DISK
4549372.141	Test_Phase.SEQUENCE.Word	LOADING RESOURCE SURFACE FROM DISK
4558122.285	Test_Phase.SEQUENCE.Word	LOADING RESOURCE SURFACE FROM DISK
4566888.983	Test_Phase.SEQUENCE.Word	LOADING RESOURCE SURFACE FROM DISK
4575788.709	Test_Phase.SEQUENCE.Word	LOADING RESOURCE SURFACE FROM DISK
4585707.812	Test_Phase.SEQUENCE.Word	LOADING RESOURCE SURFACE FROM DISK
4596672.662	Test_Phase.SEQUENCE.Word	LOADING RESOURCE SURFACE FROM DISK
4607905.417	Test_Phase.SEQUENCE.Word	LOADING RESOURCE SURFACE FROM DISK
4618175.21	Test_Phase.SEQUENCE.Word	LOADING RESOURCE SURFACE FROM DISK
4630422.103	Test_Phase.SEQUENCE.Word	LOADING RESOURCE SURFACE FROM DISK
4638822.137	Test_Phase.SEQUENCE.Word	LOADING RESOURCE SURFACE FROM DISK
4650588.963	Test_Phase.SEQUENCE.Word	LOADING RESOURCE SURFACE FROM DISK
4660022.189	Test_Phase.SEQUENCE.Word	LOADING RESOURCE SURFACE FROM DISK
4669488.858	Test_Phase.SEQUENCE.Word	LOADING RESOURCE SURFACE FROM DISK
4683611.912	Test_Phase.SEQUENCE.Word	LOADING RESOURCE SURFACE FROM DISK
4692122.232	Test_Phase.SEQUENCE.Word	LOADING RESOURCE SURFACE FROM DISK
4700488.986	Test_Phase.SEQUENCE.Word	LOADING RESOURCE SURFACE FROM DISK
4710955.441	Test_Phase.SEQUENCE.Word	LOADING RESOURCE SURFACE FROM DISK
4719655.573	Test_Phase.SEQUENCE.Word	LOADING RESOURCE SURFACE FROM DISK
4728188.95	Test_Phase.SEQUENCE.Word	LOADING RESOURCE SURFACE FROM DISK
4736929.464	Test_Phase.SEQUENCE.Word	LOADING RESOURCE SURFACE FROM DISK
4745038.908	Test_Phase.SEQUENCE.Word	LOADING RESOURCE SURFACE FROM DISK
4755005.725	Test_Phase.SEQUENCE.Word	LOADING RESOURCE SURFACE FROM DISK
4763288.824	Test_Phase.SEQUENCE.Word	LOADING RESOURCE SURFACE FROM DISK
4772455.535	Test_Phase.SEQUENCE.Word	LOADING RESOURCE SURFACE FROM DISK
4784905.649	Test_Phase.SEQUENCE.Word	LOADING RESOURCE SURFACE FROM DISK
4793663.414	Test_Phase.SEQUENCE.Word	LOADING RESOURCE SURFACE FROM DISK
4802922.297	Test_Phase.SEQUENCE.Word	LOADING RESOURCE SURFACE FROM DISK
4812738.82	Test_Phase.SEQUENCE.Word	LOADING RESOURCE SURFACE FROM DISK
4822338.702	Test_Phase.SEQUENCE.Word	LOADING RESOURCE SURFACE FROM DISK
4831155.809	Test_Phase.SEQUENCE.Word	LOADING RESOURCE SURFACE FROM DISK
4839738.851	Test_Phase.SEQUENCE.Word	LOADING RESOURCE SURFACE FROM DISK
4848055.646	Test_Phase.SEQUENCE.Word	LOADING RESOURCE SURFACE FROM DISK
4856555.482	Test_Phase.SEQUENCE.Word	LOADING RESOURCE SURFACE FROM DISK
4865492.238	Test_Phase.SEQUENCE.Word	LOADING RESOURCE SURFACE FROM DISK
4874172.281	Test_Phase.SEQUENCE.Word	LOADING RESOURCE SURFACE FROM DISK
4883155.823	Test_Phase.SEQUENCE.Word	LOADING RESOURCE SURFACE FROM DISK
4891772.113	Test_Phase.SEQUENCE.Word	LOADING RESOURCE SURFACE FROM DISK
4901222.2	Test_Phase.SEQUENCE.Word	LOADING RESOURCE SURFACE FROM DISK
4910005.039	Test_Phase.SEQUENCE.Word	LOADING RESOURCE SURFACE FROM DISK
4918707.093	Test_Phase.SEQUENCE.Word	LOADING RESOURCE SURFACE FROM DISK
4928472.317	Test_Phase.SEQUENCE.Word	LOADING RESOURCE SURFACE FROM DISK
4936572.403	Test_Phase.SEQUENCE.Word	LOADING RESOURCE SURFACE FROM DISK
4947324.475	Test_Phase.SEQUENCE.Word	LOADING RESOURCE SURFACE FROM DISK
4956672.125	Test_Phase.SEQUENCE.Word	LOADING RESOURCE SURFACE FROM DISK
4966359.575	Test_Phase.SEQUENCE.Word	LOADING RESOURCE SURFACE FROM DISK
4975205.649	Test_Phase.SEQUENCE.Word	LOADING RESOURCE SURFACE FROM DISK
4989872.114	Test_Phase.SEQUENCE.Word	LOADING RESOURCE SURFACE FROM DISK
4999122.467	Test_Phase.SEQUENCE.Word	LOADING RESOURCE SURFACE FROM DISK
5007405.576	Test_Phase.SEQUENCE.Word	LOADING RESOURCE SURFACE FROM DISK
5015905.43	Test_Phase.SEQUENCE.Word	LOADING RESOURCE SURFACE FROM DISK
5025039.107	Test_Phase.SEQUENCE.Word	LOADING RESOURCE SURFACE FROM DISK
5034075.697	Test_Phase.SEQUENCE.Word	LOADING RESOURCE SURFACE FROM DISK
5042822.327	Test_Phase.SEQUENCE.Word	LOADING RESOURCE SURFACE FROM DISK
5052325.075	Test_Phase.SEQUENCE.Word	LOADING RESOURCE SURFACE FROM DISK
5061722.2	Test_Phase.SEQUENCE.Word	LOADING RESOURCE SURFACE FROM DISK
5071588.797	Test_Phase.SEQUENCE.Word	LOADING RESOURCE SURFACE FROM DISK
5080104.471	Test_Phase.SEQUENCE.Word	LOADING RESOURCE SURFACE FROM DISK
5089489.005	Test_Phase.SEQUENCE.Word	LOADING RESOURCE SURFACE FROM DISK
5098659.389	Test_Phase.SEQUENCE.Word	LOADING RESOURCE SURFACE FROM DISK
5106638.959	Test_Phase.SEQUENCE.Word	LOADING RESOURCE SURFACE FROM DISK
5115066.441	Test_Phase.SEQUENCE.Word	LOADING RESOURCE SURFACE FROM DISK
5125356.385	Test_Phase.SEQUENCE.Word	LOADING RESOURCE SURFACE FROM DISK
5133672.317	Test_Phase.SEQUENCE.Word	LOADING RESOURCE SURFACE FROM DISK
5144628.542	Test_Phase.SEQUENCE.Word	LOADING RESOURCE SURFACE FROM DISK
5159092.893	Test_Phase.SEQUENCE.Word	LOADING RESOURCE SURFACE FROM DISK
5168192.646	Test_Phase.SEQUENCE.Word	LOADING RESOURCE SURFACE FROM DISK
5176505.586	Test_Phase.SEQUENCE.Word	LOADING RESOURCE SURFACE FROM DISK
5185865.382	Test_Phase.SEQUENCE.Word	LOADING RESOURCE SURFACE FROM DISK
5196439.708	Test_Phase.SEQUENCE.Word	LOADING RESOURCE SURFACE FROM DISK
5205439.148	Test_Phase.SEQUENCE.Word	LOADING RESOURCE SURFACE FROM DISK
5215741.531	Test_Phase.SEQUENCE.Word	LOADING RESOURCE SURFACE FROM DISK
5227250.318	Test_Phase.SEQUENCE.Word	LOADING RESOURCE SURFACE FROM DISK
5235838.997	Test_Phase.SEQUENCE.Word	LOADING RESOURCE SURFACE FROM DISK
5244055.427	Test_Phase.SEQUENCE.Word	LOADING RESOURCE SURFACE FROM DISK
5252157.771	Test_Phase.SEQUENCE.Word	LOADING RESOURCE SURFACE FROM DISK
5260405.78	Test_Phase.SEQUENCE.Word	LOADING RESOURCE SURFACE FROM DISK
5269022.416	Test_Phase.SEQUENCE.Word	LOADING RESOURCE SURFACE FROM DISK
5277739.389	Test_Phase.SEQUENCE.Word	LOADING RESOURCE SURFACE FROM DISK
5292345.172	Test_Phase.SEQUENCE.Word	LOADING RESOURCE SURFACE FROM DISK
5301305.459	Test_Phase.SEQUENCE.Word	LOADING RESOURCE SURFACE FROM DISK
5310994.43	Test_Phase.SEQUENCE.Word	LOADING RESOURCE SURFACE FROM DISK
5325172.387	Test_Phase.SEQUENCE.Word	LOADING RESOURCE SURFACE FROM DISK
5341159.984	Test_Phase.SEQUENCE.Word	LOADING RESOURCE SURFACE FROM DISK
5352238.779	Test_Phase.SEQUENCE.Word	LOADING RESOURCE SURFACE FROM DISK
5361574.222	Test_Phase.SEQUENCE.Word	LOADING RESOURCE SURFACE FROM DISK
5369705.897	Test_Phase.SEQUENCE.Word	LOADING RESOURCE SURFACE FROM DISK
5377838.748	Test_Phase.SEQUENCE.Word	LOADING RESOURCE SURFACE FROM DISK
5388344.725	Test_Phase.SEQUENCE.Word	LOADING RESOURCE SURFACE FROM DISK
5396355.577	Test_Phase.SEQUENCE.Word	LOADING RESOURCE SURFACE FROM DISK
5413638.905	Test_Phase.SEQUENCE.Word	LOADING RESOURCE SURFACE FROM DISK
5436588.819	Test_Phase.SEQUENCE.Word	LOADING RESOURCE SURFACE FROM DISK
5444538.997	Test_Phase.SEQUENCE.Word	LOADING RESOURCE SURFACE FROM DISK
5452922.233	Test_Phase.SEQUENCE.Word	LOADING RESOURCE SURFACE FROM DISK
5463944.891	Test_Phase.SEQUENCE.Word	LOADING RESOURCE SURFACE FROM DISK
5471838.872	Test_Phase.SEQUENCE.Word	LOADING RESOURCE SURFACE FROM DISK
5480075.761	Test_Phase.SEQUENCE.Word	LOADING RESOURCE SURFACE FROM DISK
5489964.256	Test_Phase.SEQUENCE.Word	LOADING RESOURCE SURFACE FROM DISK
5499822.188	Test_Phase.SEQUENCE.Word	LOADING RESOURCE SURFACE FROM DISK
5510077.688	Test_Phase.SEQUENCE.Word	LOADING RESOURCE SURFACE FROM DISK
5518205.562	Test_Phase.SEQUENCE.Word	LOADING RESOURCE SURFACE FROM DISK
5532394.485	Test_Phase.SEQUENCE.Word	LOADING RESOURCE SURFACE FROM DISK
5540638.871	Test_Phase.SEQUENCE.Word	LOADING RESOURCE SURFACE FROM DISK
5549205.486	Test_Phase.SEQUENCE.Word	LOADING RESOURCE SURFACE FROM DISK
5557126.282	Test_Phase.SEQUENCE.Word	LOADING RESOURCE SURFACE FROM DISK
5564372.319	Test_Phase.SEQUENCE.Word	LOADING RESOURCE SURFACE FROM DISK
5574938.808	Test_Phase.SEQUENCE.Word	LOADING RESOURCE SURFACE FROM DISK
5583239.027	Test_Phase.SEQUENCE.Word	LOADING RESOURCE SURFACE FROM DISK
5591488.883	Test_Phase.SEQUENCE.Word	LOADING RESOURCE SURFACE FROM DISK
5600310.878	Test_Phase.SEQUENCE.Word	LOADING RESOURCE SURFACE FROM DISK
5609188.878	Test_Phase.SEQUENCE.Word	LOADING RESOURCE SURFACE FROM DISK
5621338.917	Test_Phase.SEQUENCE.Word	LOADING RESOURCE SURFACE FROM DISK
5629238.951	Test_Phase.SEQUENCE.Word	LOADING RESOURCE SURFACE FROM DISK
5637705.712	Test_Phase.SEQUENCE.Word	LOADING RESOURCE SURFACE FROM DISK
5647455.491	Test_Phase.SEQUENCE.Word	LOADING RESOURCE SURFACE FROM DISK
5656956.862	Test_Phase.SEQUENCE.Word	LOADING RESOURCE SURFACE FROM DISK
5668462.867	Test_Phase.SEQUENCE.Word	LOADING RESOURCE SURFACE FROM DISK
5677772.273	Test_Phase.SEQUENCE.Word	LOADING RESOURCE SURFACE FROM DISK
5686005.574	Test_Phase.SEQUENCE.Word	LOADING RESOURCE SURFACE FROM DISK
5697105.539	Test_Phase.SEQUENCE.Word	LOADING RESOURCE SURFACE FROM DISK
5705172.268	Test_Phase.SEQUENCE.Word	LOADING RESOURCE SURFACE FROM DISK
5713022.441	Test_Phase.SEQUENCE.Word	LOADING RESOURCE SURFACE FROM DISK
5724672.192	Test_Phase.SEQUENCE.Word	LOADING RESOURCE SURFACE FROM DISK
5736425.856	Test_Phase.SEQUENCE.Word	LOADING RESOURCE SURFACE FROM DISK
5744278.618	Test_Phase.SEQUENCE.Word	LOADING RESOURCE SURFACE FROM DISK
5759522.23	Test_Phase.SEQUENCE.Word	LOADING RESOURCE SURFACE FROM DISK
5767155.398	Test_Phase.SEQUENCE.Word	LOADING RESOURCE SURFACE FROM DISK
5775105.818	Test_Phase.SEQUENCE.Word	LOADING RESOURCE SURFACE FROM DISK
5782704.237	Test_Phase.SEQUENCE.Word	LOADING RESOURCE SURFACE FROM DISK
5790738.953	Test_Phase.SEQUENCE.Word	LOADING RESOURCE SURFACE FROM DISK
5799005.601	Test_Phase.SEQUENCE.Word	LOADING RESOURCE SURFACE FROM DISK
5807379.265	Test_Phase.SEQUENCE.Word	LOADING RESOURCE SURFACE FROM DISK
5821622.209	Test_Phase.SEQUENCE.Word	LOADING RESOURCE SURFACE FROM DISK
5828765.14	Test_Phase.SEQUENCE.Word	LOADING RESOURCE SURFACE FROM DISK
5835938.989	Test_Phase.SEQUENCE.Word	LOADING RESOURCE SURFACE FROM DISK
5843372.237	Test_Phase.SEQUENCE.Word	LOADING RESOURCE SURFACE FROM DISK
5851438.829	Test_Phase.SEQUENCE.Word	LOADING RESOURCE SURFACE FROM DISK
5859955.138	Test_Phase.SEQUENCE.Word	LOADING RESOURCE SURFACE FROM DISK
5868389.843	Test_Phase.SEQUENCE.Word	LOADING RESOURCE SURFACE FROM DISK
5877439.42	Test_Phase.SEQUENCE.Word	LOADING RESOURCE SURFACE FROM DISK
5886122.611	Test_Phase.SEQUENCE.Word	LOADING RESOURCE SURFACE FROM DISK
5894829.951	Test_Phase.SEQUENCE.Word	LOADING RESOURCE SURFACE FROM DISK
5903804.917	Test_Phase.SEQUENCE.Word	LOADING RESOURCE SURFACE FROM DISK
5912229.591	Test_Phase.SEQUENCE.Word	LOADING RESOURCE SURFACE FROM DISK
5920465.037	Test_Phase.SEQUENCE.Word	LOADING RESOURCE SURFACE FROM DISK
5928794.873	Test_Phase.SEQUENCE.Word	LOADING RESOURCE SURFACE FROM DISK
5936392.207	Test_Phase.SEQUENCE.Word	LOADING RESOURCE SURFACE FROM DISK
5944507.757	Test_Phase.SEQUENCE.Word	LOADING RESOURCE SURFACE FROM DISK
5956922.269	Test_Phase.SEQUENCE.Word	LOADING RESOURCE SURFACE FROM DISK
5964722.391	Test_Phase.SEQUENCE.Word	LOADING RESOURCE SURFACE FROM DISK
5973113.28	Test_Phase.SEQUENCE.Word	LOADING RESOURCE SURFACE FROM DISK
5980228.81	Test_Phase.SEQUENCE.Word	LOADING RESOURCE SURFACE FROM DISK
5989455.545	Test_Phase.SEQUENCE.Word	LOADING RESOURCE SURFACE FROM DISK
5997688.934	Test_Phase.SEQUENCE.Word	LOADING RESOURCE SURFACE FROM DISK
6005838.827	Test_Phase.SEQUENCE.Word	LOADING RESOURCE SURFACE FROM DISK
6020188.993	Test_Phase.SEQUENCE.Word	LOADING RESOURCE SURFACE FROM DISK
6027780.523	Test_Phase.SEQUENCE.Word	LOADING RESOURCE SURFACE FROM DISK
6037291.778	Test_Phase.SEQUENCE.Word	LOADING RESOURCE SURFACE FROM DISK
6047077.71	Test_Phase.SEQUENCE.Word	LOADING RESOURCE SURFACE FROM DISK
6057814.373	Test_Phase.SEQUENCE.Word	LOADING RESOURCE SURFACE FROM DISK
6067205.836	Test_Phase.SEQUENCE.Word	LOADING RESOURCE SURFACE FROM DISK
6076213.406	Test_Phase.SEQUENCE.Word	LOADING RESOURCE SURFACE FROM DISK
6083939.187	Test_Phase.SEQUENCE.Word	LOADING RESOURCE SURFACE FROM DISK
6091609.8	Test_Phase.SEQUENCE.Word	LOADING RESOURCE SURFACE FROM DISK
6099607.073	Test_Phase.SEQUENCE.Word	LOADING RESOURCE SURFACE FROM DISK
6108105.736	Test_Phase.SEQUENCE.Word	LOADING RESOURCE SURFACE FROM DISK
6119989.016	Test_Phase.SEQUENCE.Word	LOADING RESOURCE SURFACE FROM DISK
6131922.238	Test_Phase.SEQUENCE.Word	LOADING RESOURCE SURFACE FROM DISK
6140260.575	Test_Phase.SEQUENCE.Word	LOADING RESOURCE SURFACE FROM DISK
6147639.254	Test_Phase.SEQUENCE.Word	LOADING RESOURCE SURFACE FROM DISK
6155255.581	Test_Phase.SEQUENCE.Word	LOADING RESOURCE SURFACE FROM DISK
6164705.555	Test_Phase.SEQUENCE.Word	LOADING RESOURCE SURFACE FROM DISK
6173472.088	Test_Phase.SEQUENCE.Word	LOADING RESOURCE SURFACE FROM DISK
6183623.392	Test_Phase.SEQUENCE.Word	LOADING RESOURCE SURFACE FROM DISK
6191405.471	Test_Phase.SEQUENCE.Word	LOADING RESOURCE SURFACE FROM DISK
6200110.637	Test_Phase.SEQUENCE.Word	LOADING RESOURCE SURFACE FROM DISK
6204351.756	DISPLAY_SCREEN	LOADING RESOURCE SURFACE FROM DISK
