4800.747	DISPLAY_SCREEN[1]	LOADING RESOURCE SURFACE FROM DISK
162666.109	Familiarization_Phase.SEQUENCE.Cue_and_Instruction	LOADING RESOURCE SURFACE FROM DISK
162670.118	Familiarization_Phase.SEQUENCE.Cue_and_Instruction	LOADING RESOURCE SURFACE FROM DISK
168705.972	Familiarization_Phase.SEQUENCE.Cue_and_Instruction	LOADING RESOURCE SURFACE FROM DISK
168710.324	Familiarization_Phase.SEQUENCE.Cue_and_Instruction	LOADING RESOURCE SURFACE FROM DISK
175010.757	Familiarization_Phase.SEQUENCE.Cue_and_Instruction	LOADING RESOURCE SURFACE FROM DISK
175015.274	Familiarization_Phase.SEQUENCE.Cue_and_Instruction	LOADING RESOURCE SURFACE FROM DISK
217138.949	DISPLAY_SCREEN[3]	LOADING RESOURCE SURFACE FROM DISK
220990.774	DISPLAY_SCREEN[5]	LOADING RESOURCE SURFACE FROM DISK
445447.037	Practice_Phase.SEQUENCE.Blink_Screen	LOADING RESOURCE SURFACE FROM DISK
446651.132	Practice_Phase.SEQUENCE.Practice_Luminance_Cue	LOADING RESOURCE SURFACE FROM DISK
446653.38	Practice_Phase.SEQUENCE.Practice_Luminance_Cue	LOADING RESOURCE SURFACE FROM DISK
447150.711	Practice_Phase.SEQUENCE.DISPLAY_SCREEN	LOADING RESOURCE SURFACE FROM DISK
448647.568	Practice_Phase.SEQUENCE.Practice_Instruction	LOADING RESOURCE SURFACE FROM DISK
455233.893	Practice_Phase.SEQUENCE.DISPLAY_SCREEN	LOADING RESOURCE SURFACE FROM DISK
456730.862	Practice_Phase.SEQUENCE.Practice_Instruction	LOADING RESOURCE SURFACE FROM DISK
463300.713	Practice_Phase.SEQUENCE.DISPLAY_SCREEN	LOADING RESOURCE SURFACE FROM DISK
464797.55	Practice_Phase.SEQUENCE.Practice_Instruction	LOADING RESOURCE SURFACE FROM DISK
471367.605	Practice_Phase.SEQUENCE.DISPLAY_SCREEN	LOADING RESOURCE SURFACE FROM DISK
472864.257	Practice_Phase.SEQUENCE.Practice_Instruction	LOADING RESOURCE SURFACE FROM DISK
479434.063	Practice_Phase.SEQUENCE.DISPLAY_SCREEN	LOADING RESOURCE SURFACE FROM DISK
480972.705	Practice_Phase.SEQUENCE.Practice_Instruction	LOADING RESOURCE SURFACE FROM DISK
480974.191	Practice_Phase.SEQUENCE.Practice_Instruction	flip time is later than desired time. Desired Time=480953 Flip Time=480986 Retrace Rate=16.641, prepareTime=45 flip request time 480973
487534.125	Practice_Phase.SEQUENCE.DISPLAY_SCREEN	LOADING RESOURCE SURFACE FROM DISK
489066.999	Practice_Phase.SEQUENCE.Practice_Instruction	LOADING RESOURCE SURFACE FROM DISK
489068.567	Practice_Phase.SEQUENCE.Practice_Instruction	flip time is later than desired time. Desired Time=489053 Flip Time=489086 Retrace Rate=16.641, prepareTime=39 flip request time 489068
495634.152	Practice_Phase.SEQUENCE.DISPLAY_SCREEN	LOADING RESOURCE SURFACE FROM DISK
497166.825	Practice_Phase.SEQUENCE.Practice_Instruction	LOADING RESOURCE SURFACE FROM DISK
497168.371	Practice_Phase.SEQUENCE.Practice_Instruction	flip time is later than desired time. Desired Time=497153 Flip Time=497186 Retrace Rate=16.641, prepareTime=39 flip request time 497168
503733.945	Practice_Phase.SEQUENCE.DISPLAY_SCREEN	LOADING RESOURCE SURFACE FROM DISK
505266.634	Practice_Phase.SEQUENCE.Practice_Instruction	LOADING RESOURCE SURFACE FROM DISK
505268.214	Practice_Phase.SEQUENCE.Practice_Instruction	flip time is later than desired time. Desired Time=505253 Flip Time=505286 Retrace Rate=16.641, prepareTime=39 flip request time 505267
511834.197	Practice_Phase.SEQUENCE.DISPLAY_SCREEN	LOADING RESOURCE SURFACE FROM DISK
513330.836	Practice_Phase.SEQUENCE.Practice_Instruction	LOADING RESOURCE SURFACE FROM DISK
517997.465	DISPLAY_SCREEN[2]	LOADING RESOURCE SURFACE FROM DISK
614225.857	Study_Phase.SEQUENCE.DISPLAY_SCREEN	LOADING RESOURCE SURFACE FROM DISK
615739.632	Study_Phase.SEQUENCE.Study_Instruction	LOADING RESOURCE SURFACE FROM DISK
622492.618	Study_Phase.SEQUENCE.DISPLAY_SCREEN	LOADING RESOURCE SURFACE FROM DISK
624006.204	Study_Phase.SEQUENCE.Study_Instruction	LOADING RESOURCE SURFACE FROM DISK
632256.223	Study_Phase.SEQUENCE.Study_Instruction	LOADING RESOURCE SURFACE FROM DISK
639009.196	Study_Phase.SEQUENCE.DISPLAY_SCREEN	LOADING RESOURCE SURFACE FROM DISK
640556.631	Study_Phase.SEQUENCE.Study_Instruction	LOADING RESOURCE SURFACE FROM DISK
648806.202	Study_Phase.SEQUENCE.Study_Instruction	LOADING RESOURCE SURFACE FROM DISK
655559.219	Study_Phase.SEQUENCE.DISPLAY_SCREEN	LOADING RESOURCE SURFACE FROM DISK
657072.888	Study_Phase.SEQUENCE.Study_Instruction	LOADING RESOURCE SURFACE FROM DISK
665339.613	Study_Phase.SEQUENCE.Study_Instruction	LOADING RESOURCE SURFACE FROM DISK
672092.617	Study_Phase.SEQUENCE.DISPLAY_SCREEN	LOADING RESOURCE SURFACE FROM DISK
673644.26	Study_Phase.SEQUENCE.Study_Instruction	LOADING RESOURCE SURFACE FROM DISK
681922.801	Study_Phase.SEQUENCE.Study_Instruction	LOADING RESOURCE SURFACE FROM DISK
688675.729	Study_Phase.SEQUENCE.DISPLAY_SCREEN	LOADING RESOURCE SURFACE FROM DISK
690189.549	Study_Phase.SEQUENCE.Study_Instruction	LOADING RESOURCE SURFACE FROM DISK
696942.378	Study_Phase.SEQUENCE.DISPLAY_SCREEN	LOADING RESOURCE SURFACE FROM DISK
698456.124	Study_Phase.SEQUENCE.Study_Instruction	LOADING RESOURCE SURFACE FROM DISK
706722.18	Study_Phase.SEQUENCE.Study_Instruction	LOADING RESOURCE SURFACE FROM DISK
713475.662	Study_Phase.SEQUENCE.DISPLAY_SCREEN	LOADING RESOURCE SURFACE FROM DISK
714989.48	Study_Phase.SEQUENCE.Study_Instruction	LOADING RESOURCE SURFACE FROM DISK
723255.615	Study_Phase.SEQUENCE.Study_Instruction	LOADING RESOURCE SURFACE FROM DISK
731522.296	Study_Phase.SEQUENCE.Study_Instruction	LOADING RESOURCE SURFACE FROM DISK
739788.929	Study_Phase.SEQUENCE.Study_Instruction	LOADING RESOURCE SURFACE FROM DISK
746542.436	Study_Phase.SEQUENCE.DISPLAY_SCREEN	LOADING RESOURCE SURFACE FROM DISK
748056.007	Study_Phase.SEQUENCE.Study_Instruction	LOADING RESOURCE SURFACE FROM DISK
756363.677	Study_Phase.SEQUENCE.Study_Instruction	LOADING RESOURCE SURFACE FROM DISK
764638.939	Study_Phase.SEQUENCE.Study_Instruction	LOADING RESOURCE SURFACE FROM DISK
772905.521	Study_Phase.SEQUENCE.Study_Instruction	LOADING RESOURCE SURFACE FROM DISK
779659.005	Study_Phase.SEQUENCE.DISPLAY_SCREEN	LOADING RESOURCE SURFACE FROM DISK
781207.928	Study_Phase.SEQUENCE.Study_Instruction	LOADING RESOURCE SURFACE FROM DISK
789472.805	Study_Phase.SEQUENCE.Study_Instruction	LOADING RESOURCE SURFACE FROM DISK
797722.375	Study_Phase.SEQUENCE.Study_Instruction	LOADING RESOURCE SURFACE FROM DISK
804475.808	Study_Phase.SEQUENCE.DISPLAY_SCREEN	LOADING RESOURCE SURFACE FROM DISK
805989.819	Study_Phase.SEQUENCE.Study_Instruction	LOADING RESOURCE SURFACE FROM DISK
814256.207	Study_Phase.SEQUENCE.Study_Instruction	LOADING RESOURCE SURFACE FROM DISK
821009.209	Study_Phase.SEQUENCE.DISPLAY_SCREEN	LOADING RESOURCE SURFACE FROM DISK
822522.815	Study_Phase.SEQUENCE.Study_Instruction	LOADING RESOURCE SURFACE FROM DISK
830788.927	Study_Phase.SEQUENCE.Study_Instruction	LOADING RESOURCE SURFACE FROM DISK
837542.405	Study_Phase.SEQUENCE.DISPLAY_SCREEN	LOADING RESOURCE SURFACE FROM DISK
839056.179	Study_Phase.SEQUENCE.Study_Instruction	LOADING RESOURCE SURFACE FROM DISK
845809.214	Study_Phase.SEQUENCE.DISPLAY_SCREEN	LOADING RESOURCE SURFACE FROM DISK
847322.865	Study_Phase.SEQUENCE.Study_Instruction	LOADING RESOURCE SURFACE FROM DISK
855609.824	Study_Phase.SEQUENCE.Study_Instruction	LOADING RESOURCE SURFACE FROM DISK
862359.1	Study_Phase.SEQUENCE.DISPLAY_SCREEN	LOADING RESOURCE SURFACE FROM DISK
863872.807	Study_Phase.SEQUENCE.Study_Instruction	LOADING RESOURCE SURFACE FROM DISK
872139.498	Study_Phase.SEQUENCE.Study_Instruction	LOADING RESOURCE SURFACE FROM DISK
878892.301	Study_Phase.SEQUENCE.DISPLAY_SCREEN	LOADING RESOURCE SURFACE FROM DISK
880406.136	Study_Phase.SEQUENCE.Study_Instruction	LOADING RESOURCE SURFACE FROM DISK
888655.624	Study_Phase.SEQUENCE.Study_Instruction	LOADING RESOURCE SURFACE FROM DISK
895409.276	Study_Phase.SEQUENCE.DISPLAY_SCREEN	LOADING RESOURCE SURFACE FROM DISK
896922.927	Study_Phase.SEQUENCE.Study_Instruction	LOADING RESOURCE SURFACE FROM DISK
905189.576	Study_Phase.SEQUENCE.Study_Instruction	LOADING RESOURCE SURFACE FROM DISK
913489.655	Study_Phase.SEQUENCE.Study_Instruction	LOADING RESOURCE SURFACE FROM DISK
921755.707	Study_Phase.SEQUENCE.Study_Instruction	LOADING RESOURCE SURFACE FROM DISK
928492.313	Study_Phase.SEQUENCE.DISPLAY_SCREEN	LOADING RESOURCE SURFACE FROM DISK
930006.212	Study_Phase.SEQUENCE.Study_Instruction	LOADING RESOURCE SURFACE FROM DISK
936759.141	Study_Phase.SEQUENCE.DISPLAY_SCREEN	LOADING RESOURCE SURFACE FROM DISK
938272.878	Study_Phase.SEQUENCE.Study_Instruction	LOADING RESOURCE SURFACE FROM DISK
945025.714	Study_Phase.SEQUENCE.DISPLAY_SCREEN	LOADING RESOURCE SURFACE FROM DISK
946539.45	Study_Phase.SEQUENCE.Study_Instruction	LOADING RESOURCE SURFACE FROM DISK
954805.587	Study_Phase.SEQUENCE.Study_Instruction	LOADING RESOURCE SURFACE FROM DISK
961559.2	Study_Phase.SEQUENCE.DISPLAY_SCREEN	LOADING RESOURCE SURFACE FROM DISK
963072.748	Study_Phase.SEQUENCE.Study_Instruction	LOADING RESOURCE SURFACE FROM DISK
971339.481	Study_Phase.SEQUENCE.Study_Instruction	LOADING RESOURCE SURFACE FROM DISK
979644.761	Study_Phase.SEQUENCE.Study_Instruction	LOADING RESOURCE SURFACE FROM DISK
986409.09	Study_Phase.SEQUENCE.DISPLAY_SCREEN	LOADING RESOURCE SURFACE FROM DISK
987956.582	Study_Phase.SEQUENCE.Study_Instruction	LOADING RESOURCE SURFACE FROM DISK
996277.024	Study_Phase.SEQUENCE.Study_Instruction	LOADING RESOURCE SURFACE FROM DISK
1004556.12	Study_Phase.SEQUENCE.Study_Instruction	LOADING RESOURCE SURFACE FROM DISK
1011308.857	Study_Phase.SEQUENCE.DISPLAY_SCREEN	LOADING RESOURCE SURFACE FROM DISK
1012822.767	Study_Phase.SEQUENCE.Study_Instruction	LOADING RESOURCE SURFACE FROM DISK
1019575.771	Study_Phase.SEQUENCE.DISPLAY_SCREEN	LOADING RESOURCE SURFACE FROM DISK
1021089.396	Study_Phase.SEQUENCE.Study_Instruction	LOADING RESOURCE SURFACE FROM DISK
1029355.563	Study_Phase.SEQUENCE.Study_Instruction	LOADING RESOURCE SURFACE FROM DISK
1037673.014	Study_Phase.SEQUENCE.Study_Instruction	LOADING RESOURCE SURFACE FROM DISK
1044425.757	Study_Phase.SEQUENCE.DISPLAY_SCREEN	LOADING RESOURCE SURFACE FROM DISK
1045939.486	Study_Phase.SEQUENCE.Study_Instruction	LOADING RESOURCE SURFACE FROM DISK
1052692.325	Study_Phase.SEQUENCE.DISPLAY_SCREEN	LOADING RESOURCE SURFACE FROM DISK
1054206.129	Study_Phase.SEQUENCE.Study_Instruction	LOADING RESOURCE SURFACE FROM DISK
1060992.357	Study_Phase.SEQUENCE.DISPLAY_SCREEN	LOADING RESOURCE SURFACE FROM DISK
1062506.191	Study_Phase.SEQUENCE.Study_Instruction	LOADING RESOURCE SURFACE FROM DISK
1070772.844	Study_Phase.SEQUENCE.Study_Instruction	LOADING RESOURCE SURFACE FROM DISK
1077525.791	Study_Phase.SEQUENCE.DISPLAY_SCREEN	LOADING RESOURCE SURFACE FROM DISK
1079039.401	Study_Phase.SEQUENCE.Study_Instruction	LOADING RESOURCE SURFACE FROM DISK
1087305.579	Study_Phase.SEQUENCE.Study_Instruction	LOADING RESOURCE SURFACE FROM DISK
1094058.911	Study_Phase.SEQUENCE.DISPLAY_SCREEN	LOADING RESOURCE SURFACE FROM DISK
1095572.695	Study_Phase.SEQUENCE.Study_Instruction	LOADING RESOURCE SURFACE FROM DISK
1102325.889	Study_Phase.SEQUENCE.DISPLAY_SCREEN	LOADING RESOURCE SURFACE FROM DISK
1103839.444	Study_Phase.SEQUENCE.Study_Instruction	LOADING RESOURCE SURFACE FROM DISK
1110575.769	Study_Phase.SEQUENCE.DISPLAY_SCREEN	LOADING RESOURCE SURFACE FROM DISK
1112089.386	Study_Phase.SEQUENCE.Study_Instruction	LOADING RESOURCE SURFACE FROM DISK
1120356.137	Study_Phase.SEQUENCE.Study_Instruction	LOADING RESOURCE SURFACE FROM DISK
1128661.873	Study_Phase.SEQUENCE.Study_Instruction	LOADING RESOURCE SURFACE FROM DISK
1136938.859	Study_Phase.SEQUENCE.Study_Instruction	LOADING RESOURCE SURFACE FROM DISK
1143692.573	Study_Phase.SEQUENCE.DISPLAY_SCREEN	LOADING RESOURCE SURFACE FROM DISK
1145250.535	Study_Phase.SEQUENCE.Study_Instruction	LOADING RESOURCE SURFACE FROM DISK
1153522.335	Study_Phase.SEQUENCE.Study_Instruction	LOADING RESOURCE SURFACE FROM DISK
1161789.025	Study_Phase.SEQUENCE.Study_Instruction	LOADING RESOURCE SURFACE FROM DISK
1168525.72	Study_Phase.SEQUENCE.DISPLAY_SCREEN	LOADING RESOURCE SURFACE FROM DISK
1170039.483	Study_Phase.SEQUENCE.Study_Instruction	LOADING RESOURCE SURFACE FROM DISK
1178306.083	Study_Phase.SEQUENCE.Study_Instruction	LOADING RESOURCE SURFACE FROM DISK
1185058.871	Study_Phase.SEQUENCE.DISPLAY_SCREEN	LOADING RESOURCE SURFACE FROM DISK
1186572.797	Study_Phase.SEQUENCE.Study_Instruction	LOADING RESOURCE SURFACE FROM DISK
1193292.421	Study_Phase.SEQUENCE.DISPLAY_SCREEN	LOADING RESOURCE SURFACE FROM DISK
1194806.134	Study_Phase.SEQUENCE.Study_Instruction	LOADING RESOURCE SURFACE FROM DISK
1203072.771	Study_Phase.SEQUENCE.Study_Instruction	LOADING RESOURCE SURFACE FROM DISK
1211339.037	Study_Phase.SEQUENCE.Study_Instruction	LOADING RESOURCE SURFACE FROM DISK
1219605.517	Study_Phase.SEQUENCE.Study_Instruction	LOADING RESOURCE SURFACE FROM DISK
1226359.031	Study_Phase.SEQUENCE.DISPLAY_SCREEN	LOADING RESOURCE SURFACE FROM DISK
1227872.803	Study_Phase.SEQUENCE.Study_Instruction	LOADING RESOURCE SURFACE FROM DISK
1236139.373	Study_Phase.SEQUENCE.Study_Instruction	LOADING RESOURCE SURFACE FROM DISK
1242892.362	Study_Phase.SEQUENCE.DISPLAY_SCREEN	LOADING RESOURCE SURFACE FROM DISK
1244406.11	Study_Phase.SEQUENCE.Study_Instruction	LOADING RESOURCE SURFACE FROM DISK
1252672.87	Study_Phase.SEQUENCE.Study_Instruction	LOADING RESOURCE SURFACE FROM DISK
1260938.882	Study_Phase.SEQUENCE.Study_Instruction	LOADING RESOURCE SURFACE FROM DISK
1267692.228	Study_Phase.SEQUENCE.DISPLAY_SCREEN	LOADING RESOURCE SURFACE FROM DISK
1269206.099	Study_Phase.SEQUENCE.Study_Instruction	LOADING RESOURCE SURFACE FROM DISK
1275959.118	Study_Phase.SEQUENCE.DISPLAY_SCREEN	LOADING RESOURCE SURFACE FROM DISK
1277472.822	Study_Phase.SEQUENCE.Study_Instruction	LOADING RESOURCE SURFACE FROM DISK
1285739.369	Study_Phase.SEQUENCE.Study_Instruction	LOADING RESOURCE SURFACE FROM DISK
1294005.511	Study_Phase.SEQUENCE.Study_Instruction	LOADING RESOURCE SURFACE FROM DISK
1300759.049	Study_Phase.SEQUENCE.DISPLAY_SCREEN	LOADING RESOURCE SURFACE FROM DISK
1302272.8	Study_Phase.SEQUENCE.Study_Instruction	LOADING RESOURCE SURFACE FROM DISK
1310538.85	Study_Phase.SEQUENCE.Study_Instruction	LOADING RESOURCE SURFACE FROM DISK
1317292.454	Study_Phase.SEQUENCE.DISPLAY_SCREEN	LOADING RESOURCE SURFACE FROM DISK
1318806.022	Study_Phase.SEQUENCE.Study_Instruction	LOADING RESOURCE SURFACE FROM DISK
1325558.867	Study_Phase.SEQUENCE.DISPLAY_SCREEN	LOADING RESOURCE SURFACE FROM DISK
1327072.808	Study_Phase.SEQUENCE.Study_Instruction	LOADING RESOURCE SURFACE FROM DISK
1335338.804	Study_Phase.SEQUENCE.Study_Instruction	LOADING RESOURCE SURFACE FROM DISK
1342092.431	Study_Phase.SEQUENCE.DISPLAY_SCREEN	LOADING RESOURCE SURFACE FROM DISK
1343606.15	Study_Phase.SEQUENCE.Study_Instruction	LOADING RESOURCE SURFACE FROM DISK
1351872.161	Study_Phase.SEQUENCE.Study_Instruction	LOADING RESOURCE SURFACE FROM DISK
1360138.927	Study_Phase.SEQUENCE.Study_Instruction	LOADING RESOURCE SURFACE FROM DISK
1368405.456	Study_Phase.SEQUENCE.Study_Instruction	LOADING RESOURCE SURFACE FROM DISK
1376672.111	Study_Phase.SEQUENCE.Study_Instruction	LOADING RESOURCE SURFACE FROM DISK
1384938.927	Study_Phase.SEQUENCE.Study_Instruction	LOADING RESOURCE SURFACE FROM DISK
1393205.513	Study_Phase.SEQUENCE.Study_Instruction	LOADING RESOURCE SURFACE FROM DISK
1401515.622	Study_Phase.SEQUENCE.Study_Instruction	LOADING RESOURCE SURFACE FROM DISK
1409789.67	Study_Phase.SEQUENCE.Study_Instruction	LOADING RESOURCE SURFACE FROM DISK
1418055.699	Study_Phase.SEQUENCE.Study_Instruction	LOADING RESOURCE SURFACE FROM DISK
1424809.094	Study_Phase.SEQUENCE.DISPLAY_SCREEN	LOADING RESOURCE SURFACE FROM DISK
1426363.845	Study_Phase.SEQUENCE.Study_Instruction	LOADING RESOURCE SURFACE FROM DISK
1434639.832	Study_Phase.SEQUENCE.Study_Instruction	LOADING RESOURCE SURFACE FROM DISK
1442905.557	Study_Phase.SEQUENCE.Study_Instruction	LOADING RESOURCE SURFACE FROM DISK
1451172.17	Study_Phase.SEQUENCE.Study_Instruction	LOADING RESOURCE SURFACE FROM DISK
1457925.843	Study_Phase.SEQUENCE.DISPLAY_SCREEN	LOADING RESOURCE SURFACE FROM DISK
1459439.403	Study_Phase.SEQUENCE.Study_Instruction	LOADING RESOURCE SURFACE FROM DISK
1467705.574	Study_Phase.SEQUENCE.Study_Instruction	LOADING RESOURCE SURFACE FROM DISK
1475972.328	Study_Phase.SEQUENCE.Study_Instruction	LOADING RESOURCE SURFACE FROM DISK
1484238.79	Study_Phase.SEQUENCE.Study_Instruction	LOADING RESOURCE SURFACE FROM DISK
1492506.132	Study_Phase.SEQUENCE.Study_Instruction	LOADING RESOURCE SURFACE FROM DISK
1500772.358	Study_Phase.SEQUENCE.Study_Instruction	LOADING RESOURCE SURFACE FROM DISK
1507525.727	Study_Phase.SEQUENCE.DISPLAY_SCREEN	LOADING RESOURCE SURFACE FROM DISK
1509039.34	Study_Phase.SEQUENCE.Study_Instruction	LOADING RESOURCE SURFACE FROM DISK
1517272.167	Study_Phase.SEQUENCE.Study_Instruction	LOADING RESOURCE SURFACE FROM DISK
1524025.816	Study_Phase.SEQUENCE.DISPLAY_SCREEN	LOADING RESOURCE SURFACE FROM DISK
1525539.475	Study_Phase.SEQUENCE.Study_Instruction	LOADING RESOURCE SURFACE FROM DISK
1532275.786	Study_Phase.SEQUENCE.DISPLAY_SCREEN	LOADING RESOURCE SURFACE FROM DISK
1533789.455	Study_Phase.SEQUENCE.Study_Instruction	LOADING RESOURCE SURFACE FROM DISK
1540525.768	Study_Phase.SEQUENCE.DISPLAY_SCREEN	LOADING RESOURCE SURFACE FROM DISK
1542039.474	Study_Phase.SEQUENCE.Study_Instruction	LOADING RESOURCE SURFACE FROM DISK
1548792.176	Study_Phase.SEQUENCE.DISPLAY_SCREEN	LOADING RESOURCE SURFACE FROM DISK
1550306.053	Study_Phase.SEQUENCE.Study_Instruction	LOADING RESOURCE SURFACE FROM DISK
1558572.214	Study_Phase.SEQUENCE.Study_Instruction	LOADING RESOURCE SURFACE FROM DISK
1566839.451	Study_Phase.SEQUENCE.Study_Instruction	LOADING RESOURCE SURFACE FROM DISK
1573592.378	Study_Phase.SEQUENCE.DISPLAY_SCREEN	LOADING RESOURCE SURFACE FROM DISK
1575106.065	Study_Phase.SEQUENCE.Study_Instruction	LOADING RESOURCE SURFACE FROM DISK
1583413.495	Study_Phase.SEQUENCE.Study_Instruction	LOADING RESOURCE SURFACE FROM DISK
1590175.876	Study_Phase.SEQUENCE.DISPLAY_SCREEN	LOADING RESOURCE SURFACE FROM DISK
1591689.396	Study_Phase.SEQUENCE.Study_Instruction	LOADING RESOURCE SURFACE FROM DISK
1599955.647	Study_Phase.SEQUENCE.Study_Instruction	LOADING RESOURCE SURFACE FROM DISK
1604663.55	DISPLAY_SCREEN[7]	LOADING RESOURCE SURFACE FROM DISK
1812788.764	Test_Phase.SEQUENCE.Target_Cue	LOADING RESOURCE SURFACE FROM DISK
1812790.399	Test_Phase.SEQUENCE.Target_Cue	LOADING RESOURCE SURFACE FROM DISK
1814805.85	Test_Phase.SEQUENCE.Word	LOADING RESOURCE SURFACE FROM DISK
1817821.955	Test_Phase.SEQUENCE.Test_Question	LOADING RESOURCE SURFACE FROM DISK
1817823.637	Test_Phase.SEQUENCE.Test_Question	LOADING RESOURCE SURFACE FROM DISK
1817825.285	Test_Phase.SEQUENCE.Test_Question	LOADING RESOURCE SURFACE FROM DISK
1817826.807	Test_Phase.SEQUENCE.Test_Question	LOADING RESOURCE SURFACE FROM DISK
1817828.428	Test_Phase.SEQUENCE.Test_Question	LOADING RESOURCE SURFACE FROM DISK
1817830.151	Test_Phase.SEQUENCE.Test_Question	LOADING RESOURCE SURFACE FROM DISK
1817831.753	Test_Phase.SEQUENCE.Test_Question	LOADING RESOURCE SURFACE FROM DISK
1817833.268	Test_Phase.SEQUENCE.Test_Question	LOADING RESOURCE SURFACE FROM DISK
1817834.824	Test_Phase.SEQUENCE.Test_Question	LOADING RESOURCE SURFACE FROM DISK
1817836.318	Test_Phase.SEQUENCE.Test_Question	LOADING RESOURCE SURFACE FROM DISK
1817837.85	Test_Phase.SEQUENCE.Test_Question	LOADING RESOURCE SURFACE FROM DISK
1817839.623	Test_Phase.SEQUENCE.Test_Question	LOADING RESOURCE SURFACE FROM DISK
1832595.139	Test_Phase.SEQUENCE.Word	LOADING RESOURCE SURFACE FROM DISK
1840289.115	Test_Phase.SEQUENCE.Word	LOADING RESOURCE SURFACE FROM DISK
1848289.36	Test_Phase.SEQUENCE.Word	LOADING RESOURCE SURFACE FROM DISK
1856239.271	Test_Phase.SEQUENCE.Word	LOADING RESOURCE SURFACE FROM DISK
1864222.36	Test_Phase.SEQUENCE.Word	LOADING RESOURCE SURFACE FROM DISK
1873239.169	Test_Phase.SEQUENCE.Word	LOADING RESOURCE SURFACE FROM DISK
1881722.605	Test_Phase.SEQUENCE.Word	LOADING RESOURCE SURFACE FROM DISK
1890755.855	Test_Phase.SEQUENCE.Word	LOADING RESOURCE SURFACE FROM DISK
1898755.675	Test_Phase.SEQUENCE.Word	LOADING RESOURCE SURFACE FROM DISK
1907739.385	Test_Phase.SEQUENCE.Word	LOADING RESOURCE SURFACE FROM DISK
1915689.255	Test_Phase.SEQUENCE.Word	LOADING RESOURCE SURFACE FROM DISK
1924389.177	Test_Phase.SEQUENCE.Word	LOADING RESOURCE SURFACE FROM DISK
1932972.595	Test_Phase.SEQUENCE.Word	LOADING RESOURCE SURFACE FROM DISK
1940855.904	Test_Phase.SEQUENCE.Word	LOADING RESOURCE SURFACE FROM DISK
1949205.81	Test_Phase.SEQUENCE.Word	LOADING RESOURCE SURFACE FROM DISK
1958445.258	Test_Phase.SEQUENCE.Word	LOADING RESOURCE SURFACE FROM DISK
1966372.439	Test_Phase.SEQUENCE.Word	LOADING RESOURCE SURFACE FROM DISK
1973722.843	Test_Phase.SEQUENCE.Word	LOADING RESOURCE SURFACE FROM DISK
1981989.231	Test_Phase.SEQUENCE.Word	LOADING RESOURCE SURFACE FROM DISK
1990055.921	Test_Phase.SEQUENCE.Word	LOADING RESOURCE SURFACE FROM DISK
1998405.934	Test_Phase.SEQUENCE.Word	LOADING RESOURCE SURFACE FROM DISK
2006672.767	Test_Phase.SEQUENCE.Word	LOADING RESOURCE SURFACE FROM DISK
2014622.408	Test_Phase.SEQUENCE.Word	LOADING RESOURCE SURFACE FROM DISK
2022805.803	Test_Phase.SEQUENCE.Word	LOADING RESOURCE SURFACE FROM DISK
2030922.598	Test_Phase.SEQUENCE.Word	LOADING RESOURCE SURFACE FROM DISK
2038922.639	Test_Phase.SEQUENCE.Word	LOADING RESOURCE SURFACE FROM DISK
2047622.68	Test_Phase.SEQUENCE.Word	LOADING RESOURCE SURFACE FROM DISK
2055572.557	Test_Phase.SEQUENCE.Word	LOADING RESOURCE SURFACE FROM DISK
2064172.376	Test_Phase.SEQUENCE.Word	LOADING RESOURCE SURFACE FROM DISK
2072989.181	Test_Phase.SEQUENCE.Word	LOADING RESOURCE SURFACE FROM DISK
2081431.546	Test_Phase.SEQUENCE.Word	LOADING RESOURCE SURFACE FROM DISK
2089572.71	Test_Phase.SEQUENCE.Word	LOADING RESOURCE SURFACE FROM DISK
2097572.432	Test_Phase.SEQUENCE.Word	LOADING RESOURCE SURFACE FROM DISK
2105822.529	Test_Phase.SEQUENCE.Word	LOADING RESOURCE SURFACE FROM DISK
2114622.408	Test_Phase.SEQUENCE.Word	LOADING RESOURCE SURFACE FROM DISK
2123105.973	Test_Phase.SEQUENCE.Word	LOADING RESOURCE SURFACE FROM DISK
2131039.119	Test_Phase.SEQUENCE.Word	LOADING RESOURCE SURFACE FROM DISK
2139572.428	Test_Phase.SEQUENCE.Word	LOADING RESOURCE SURFACE FROM DISK
2147722.37	Test_Phase.SEQUENCE.Word	LOADING RESOURCE SURFACE FROM DISK
2156222.406	Test_Phase.SEQUENCE.Word	LOADING RESOURCE SURFACE FROM DISK
2164505.947	Test_Phase.SEQUENCE.Word	LOADING RESOURCE SURFACE FROM DISK
2172989.262	Test_Phase.SEQUENCE.Word	LOADING RESOURCE SURFACE FROM DISK
2181205.853	Test_Phase.SEQUENCE.Word	LOADING RESOURCE SURFACE FROM DISK
2189689.192	Test_Phase.SEQUENCE.Word	LOADING RESOURCE SURFACE FROM DISK
2197589.16	Test_Phase.SEQUENCE.Word	LOADING RESOURCE SURFACE FROM DISK
2205172.356	Test_Phase.SEQUENCE.Word	LOADING RESOURCE SURFACE FROM DISK
2212689.488	Test_Phase.SEQUENCE.Word	LOADING RESOURCE SURFACE FROM DISK
2220772.619	Test_Phase.SEQUENCE.Word	LOADING RESOURCE SURFACE FROM DISK
2228472.339	Test_Phase.SEQUENCE.Word	LOADING RESOURCE SURFACE FROM DISK
2236405.75	Test_Phase.SEQUENCE.Word	LOADING RESOURCE SURFACE FROM DISK
2244339.299	Test_Phase.SEQUENCE.Word	LOADING RESOURCE SURFACE FROM DISK
2252597.33	Test_Phase.SEQUENCE.Word	LOADING RESOURCE SURFACE FROM DISK
2261072.616	Test_Phase.SEQUENCE.Word	LOADING RESOURCE SURFACE FROM DISK
2269222.445	Test_Phase.SEQUENCE.Word	LOADING RESOURCE SURFACE FROM DISK
2277422.405	Test_Phase.SEQUENCE.Word	LOADING RESOURCE SURFACE FROM DISK
2285389.232	Test_Phase.SEQUENCE.Word	LOADING RESOURCE SURFACE FROM DISK
2293372.512	Test_Phase.SEQUENCE.Word	LOADING RESOURCE SURFACE FROM DISK
2301855.928	Test_Phase.SEQUENCE.Word	LOADING RESOURCE SURFACE FROM DISK
2310755.699	Test_Phase.SEQUENCE.Word	LOADING RESOURCE SURFACE FROM DISK
2319022.377	Test_Phase.SEQUENCE.Word	LOADING RESOURCE SURFACE FROM DISK
2327089.325	Test_Phase.SEQUENCE.Word	LOADING RESOURCE SURFACE FROM DISK
2335255.853	Test_Phase.SEQUENCE.Word	LOADING RESOURCE SURFACE FROM DISK
2344005.896	Test_Phase.SEQUENCE.Word	LOADING RESOURCE SURFACE FROM DISK
2353255.882	Test_Phase.SEQUENCE.Word	LOADING RESOURCE SURFACE FROM DISK
2360689.425	Test_Phase.SEQUENCE.Word	LOADING RESOURCE SURFACE FROM DISK
2368972.487	Test_Phase.SEQUENCE.Word	LOADING RESOURCE SURFACE FROM DISK
2376956.021	Test_Phase.SEQUENCE.Word	LOADING RESOURCE SURFACE FROM DISK
2384989.137	Test_Phase.SEQUENCE.Word	LOADING RESOURCE SURFACE FROM DISK
2393255.918	Test_Phase.SEQUENCE.Word	LOADING RESOURCE SURFACE FROM DISK
2401106.008	Test_Phase.SEQUENCE.Word	LOADING RESOURCE SURFACE FROM DISK
2409339.369	Test_Phase.SEQUENCE.Word	LOADING RESOURCE SURFACE FROM DISK
2417572.524	Test_Phase.SEQUENCE.Word	LOADING RESOURCE SURFACE FROM DISK
2425489.337	Test_Phase.SEQUENCE.Word	LOADING RESOURCE SURFACE FROM DISK
2433605.944	Test_Phase.SEQUENCE.Word	LOADING RESOURCE SURFACE FROM DISK
2442355.756	Test_Phase.SEQUENCE.Word	LOADING RESOURCE SURFACE FROM DISK
2450905.866	Test_Phase.SEQUENCE.Word	LOADING RESOURCE SURFACE FROM DISK
2459422.527	Test_Phase.SEQUENCE.Word	LOADING RESOURCE SURFACE FROM DISK
2467489.084	Test_Phase.SEQUENCE.Word	LOADING RESOURCE SURFACE FROM DISK
2475905.814	Test_Phase.SEQUENCE.Word	LOADING RESOURCE SURFACE FROM DISK
2484522.459	Test_Phase.SEQUENCE.Word	LOADING RESOURCE SURFACE FROM DISK
2492539.473	Test_Phase.SEQUENCE.Word	LOADING RESOURCE SURFACE FROM DISK
2500389.31	Test_Phase.SEQUENCE.Word	LOADING RESOURCE SURFACE FROM DISK
2508539.517	Test_Phase.SEQUENCE.Word	LOADING RESOURCE SURFACE FROM DISK
2516355.763	Test_Phase.SEQUENCE.Word	LOADING RESOURCE SURFACE FROM DISK
2524222.45	Test_Phase.SEQUENCE.Word	LOADING RESOURCE SURFACE FROM DISK
2532522.416	Test_Phase.SEQUENCE.Word	LOADING RESOURCE SURFACE FROM DISK
2540389.34	Test_Phase.SEQUENCE.Word	LOADING RESOURCE SURFACE FROM DISK
2548422.655	Test_Phase.SEQUENCE.Word	LOADING RESOURCE SURFACE FROM DISK
2556439.086	Test_Phase.SEQUENCE.Word	LOADING RESOURCE SURFACE FROM DISK
2564372.304	Test_Phase.SEQUENCE.Word	LOADING RESOURCE SURFACE FROM DISK
2572293.923	Test_Phase.SEQUENCE.Word	LOADING RESOURCE SURFACE FROM DISK
2580055.695	Test_Phase.SEQUENCE.Word	LOADING RESOURCE SURFACE FROM DISK
2588222.442	Test_Phase.SEQUENCE.Word	LOADING RESOURCE SURFACE FROM DISK
2598089.113	Test_Phase.SEQUENCE.Word	LOADING RESOURCE SURFACE FROM DISK
2606939.186	Test_Phase.SEQUENCE.Word	LOADING RESOURCE SURFACE FROM DISK
2615789.186	Test_Phase.SEQUENCE.Word	LOADING RESOURCE SURFACE FROM DISK
2624039.067	Test_Phase.SEQUENCE.Word	LOADING RESOURCE SURFACE FROM DISK
2633055.853	Test_Phase.SEQUENCE.Word	LOADING RESOURCE SURFACE FROM DISK
2641222.466	Test_Phase.SEQUENCE.Word	LOADING RESOURCE SURFACE FROM DISK
2649289.115	Test_Phase.SEQUENCE.Word	LOADING RESOURCE SURFACE FROM DISK
2657222.67	Test_Phase.SEQUENCE.Word	LOADING RESOURCE SURFACE FROM DISK
2665755.861	Test_Phase.SEQUENCE.Word	LOADING RESOURCE SURFACE FROM DISK
2674972.636	Test_Phase.SEQUENCE.Word	LOADING RESOURCE SURFACE FROM DISK
2683222.432	Test_Phase.SEQUENCE.Word	LOADING RESOURCE SURFACE FROM DISK
2692005.856	Test_Phase.SEQUENCE.Word	LOADING RESOURCE SURFACE FROM DISK
2700122.687	Test_Phase.SEQUENCE.Word	LOADING RESOURCE SURFACE FROM DISK
2708305.921	Test_Phase.SEQUENCE.Word	LOADING RESOURCE SURFACE FROM DISK
2716422.53	Test_Phase.SEQUENCE.Word	LOADING RESOURCE SURFACE FROM DISK
2726005.811	Test_Phase.SEQUENCE.Word	LOADING RESOURCE SURFACE FROM DISK
2734022.458	Test_Phase.SEQUENCE.Word	LOADING RESOURCE SURFACE FROM DISK
2741939.054	Test_Phase.SEQUENCE.Word	LOADING RESOURCE SURFACE FROM DISK
2750039.25	Test_Phase.SEQUENCE.Word	LOADING RESOURCE SURFACE FROM DISK
2757939.176	Test_Phase.SEQUENCE.Word	LOADING RESOURCE SURFACE FROM DISK
2766089.231	Test_Phase.SEQUENCE.Word	LOADING RESOURCE SURFACE FROM DISK
2774972.614	Test_Phase.SEQUENCE.Word	LOADING RESOURCE SURFACE FROM DISK
2783029.442	Test_Phase.SEQUENCE.Word	LOADING RESOURCE SURFACE FROM DISK
2791239.304	Test_Phase.SEQUENCE.Word	LOADING RESOURCE SURFACE FROM DISK
2799222.378	Test_Phase.SEQUENCE.Word	LOADING RESOURCE SURFACE FROM DISK
2807129.998	Test_Phase.SEQUENCE.Word	LOADING RESOURCE SURFACE FROM DISK
2815172.474	Test_Phase.SEQUENCE.Word	LOADING RESOURCE SURFACE FROM DISK
2823789.218	Test_Phase.SEQUENCE.Word	LOADING RESOURCE SURFACE FROM DISK
2832422.567	Test_Phase.SEQUENCE.Word	LOADING RESOURCE SURFACE FROM DISK
2841005.747	Test_Phase.SEQUENCE.Word	LOADING RESOURCE SURFACE FROM DISK
2849605.947	Test_Phase.SEQUENCE.Word	LOADING RESOURCE SURFACE FROM DISK
2857689.14	Test_Phase.SEQUENCE.Word	LOADING RESOURCE SURFACE FROM DISK
2866706.834	Test_Phase.SEQUENCE.Word	LOADING RESOURCE SURFACE FROM DISK
2875972.574	Test_Phase.SEQUENCE.Word	LOADING RESOURCE SURFACE FROM DISK
2884172.453	Test_Phase.SEQUENCE.Word	LOADING RESOURCE SURFACE FROM DISK
2892805.995	Test_Phase.SEQUENCE.Word	LOADING RESOURCE SURFACE FROM DISK
2900522.538	Test_Phase.SEQUENCE.Word	LOADING RESOURCE SURFACE FROM DISK
2907639.191	Test_Phase.SEQUENCE.Word	LOADING RESOURCE SURFACE FROM DISK
2915855.821	Test_Phase.SEQUENCE.Word	LOADING RESOURCE SURFACE FROM DISK
2924039.338	Test_Phase.SEQUENCE.Word	LOADING RESOURCE SURFACE FROM DISK
2931872.545	Test_Phase.SEQUENCE.Word	LOADING RESOURCE SURFACE FROM DISK
2939655.804	Test_Phase.SEQUENCE.Word	LOADING RESOURCE SURFACE FROM DISK
2947855.885	Test_Phase.SEQUENCE.Word	LOADING RESOURCE SURFACE FROM DISK
2955955.881	Test_Phase.SEQUENCE.Word	LOADING RESOURCE SURFACE FROM DISK
2967605.68	Test_Phase.SEQUENCE.Word	LOADING RESOURCE SURFACE FROM DISK
2976222.611	Test_Phase.SEQUENCE.Word	LOADING RESOURCE SURFACE FROM DISK
2984039.443	Test_Phase.SEQUENCE.Word	LOADING RESOURCE SURFACE FROM DISK
2992272.668	Test_Phase.SEQUENCE.Word	LOADING RESOURCE SURFACE FROM DISK
3000505.826	Test_Phase.SEQUENCE.Word	LOADING RESOURCE SURFACE FROM DISK
3008405.797	Test_Phase.SEQUENCE.Word	LOADING RESOURCE SURFACE FROM DISK
3016872.293	Test_Phase.SEQUENCE.Word	LOADING RESOURCE SURFACE FROM DISK
3025239.403	Test_Phase.SEQUENCE.Word	LOADING RESOURCE SURFACE FROM DISK
3035122.529	Test_Phase.SEQUENCE.Word	LOADING RESOURCE SURFACE FROM DISK
3043905.714	Test_Phase.SEQUENCE.Word	LOADING RESOURCE SURFACE FROM DISK
3054639.303	Test_Phase.SEQUENCE.Word	LOADING RESOURCE SURFACE FROM DISK
3063155.961	Test_Phase.SEQUENCE.Word	LOADING RESOURCE SURFACE FROM DISK
3071089.321	Test_Phase.SEQUENCE.Word	LOADING RESOURCE SURFACE FROM DISK
3079489.237	Test_Phase.SEQUENCE.Word	LOADING RESOURCE SURFACE FROM DISK
3087672.464	Test_Phase.SEQUENCE.Word	LOADING RESOURCE SURFACE FROM DISK
3095789.23	Test_Phase.SEQUENCE.Word	LOADING RESOURCE SURFACE FROM DISK
3103689.067	Test_Phase.SEQUENCE.Word	LOADING RESOURCE SURFACE FROM DISK
3112772.383	Test_Phase.SEQUENCE.Word	LOADING RESOURCE SURFACE FROM DISK
3121255.963	Test_Phase.SEQUENCE.Word	LOADING RESOURCE SURFACE FROM DISK
3129439.227	Test_Phase.SEQUENCE.Word	LOADING RESOURCE SURFACE FROM DISK
3137605.97	Test_Phase.SEQUENCE.Word	LOADING RESOURCE SURFACE FROM DISK
3145672.487	Test_Phase.SEQUENCE.Word	LOADING RESOURCE SURFACE FROM DISK
3153855.987	Test_Phase.SEQUENCE.Word	LOADING RESOURCE SURFACE FROM DISK
3161739.15	Test_Phase.SEQUENCE.Word	LOADING RESOURCE SURFACE FROM DISK
3169739.202	Test_Phase.SEQUENCE.Word	LOADING RESOURCE SURFACE FROM DISK
3177872.585	Test_Phase.SEQUENCE.Word	LOADING RESOURCE SURFACE FROM DISK
3185855.802	Test_Phase.SEQUENCE.Word	LOADING RESOURCE SURFACE FROM DISK
3193772.453	Test_Phase.SEQUENCE.Word	LOADING RESOURCE SURFACE FROM DISK
3201922.373	Test_Phase.SEQUENCE.Word	LOADING RESOURCE SURFACE FROM DISK
3210122.408	Test_Phase.SEQUENCE.Word	LOADING RESOURCE SURFACE FROM DISK
3218105.838	Test_Phase.SEQUENCE.Word	LOADING RESOURCE SURFACE FROM DISK
3226472.449	Test_Phase.SEQUENCE.Word	LOADING RESOURCE SURFACE FROM DISK
3234572.476	Test_Phase.SEQUENCE.Word	LOADING RESOURCE SURFACE FROM DISK
3242855.924	Test_Phase.SEQUENCE.Word	LOADING RESOURCE SURFACE FROM DISK
3251972.3	Test_Phase.SEQUENCE.Word	LOADING RESOURCE SURFACE FROM DISK
3260006.083	Test_Phase.SEQUENCE.Word	LOADING RESOURCE SURFACE FROM DISK
3269172.387	Test_Phase.SEQUENCE.Word	LOADING RESOURCE SURFACE FROM DISK
3278692.776	Test_Phase.SEQUENCE.Word	LOADING RESOURCE SURFACE FROM DISK
3286522.592	Test_Phase.SEQUENCE.Word	LOADING RESOURCE SURFACE FROM DISK
3294922.347	Test_Phase.SEQUENCE.Word	LOADING RESOURCE SURFACE FROM DISK
3304439.286	Test_Phase.SEQUENCE.Word	LOADING RESOURCE SURFACE FROM DISK
3312522.434	Test_Phase.SEQUENCE.Word	LOADING RESOURCE SURFACE FROM DISK
3320489.19	Test_Phase.SEQUENCE.Word	LOADING RESOURCE SURFACE FROM DISK
3329305.959	Test_Phase.SEQUENCE.Word	LOADING RESOURCE SURFACE FROM DISK
3337522.461	Test_Phase.SEQUENCE.Word	LOADING RESOURCE SURFACE FROM DISK
3345722.613	Test_Phase.SEQUENCE.Word	LOADING RESOURCE SURFACE FROM DISK
3353505.928	Test_Phase.SEQUENCE.Word	LOADING RESOURCE SURFACE FROM DISK
3361506.039	Test_Phase.SEQUENCE.Word	LOADING RESOURCE SURFACE FROM DISK
3369672.463	Test_Phase.SEQUENCE.Word	LOADING RESOURCE SURFACE FROM DISK
3378789.23	Test_Phase.SEQUENCE.Word	LOADING RESOURCE SURFACE FROM DISK
3386872.422	Test_Phase.SEQUENCE.Word	LOADING RESOURCE SURFACE FROM DISK
3395539.25	Test_Phase.SEQUENCE.Word	LOADING RESOURCE SURFACE FROM DISK
3403672.595	Test_Phase.SEQUENCE.Word	LOADING RESOURCE SURFACE FROM DISK
3411739.347	Test_Phase.SEQUENCE.Word	LOADING RESOURCE SURFACE FROM DISK
3419389.235	Test_Phase.SEQUENCE.Word	LOADING RESOURCE SURFACE FROM DISK
3427439.214	Test_Phase.SEQUENCE.Word	LOADING RESOURCE SURFACE FROM DISK
3435739.235	Test_Phase.SEQUENCE.Word	LOADING RESOURCE SURFACE FROM DISK
3443739.365	Test_Phase.SEQUENCE.Word	LOADING RESOURCE SURFACE FROM DISK
3452489.146	Test_Phase.SEQUENCE.Word	LOADING RESOURCE SURFACE FROM DISK
3462389.174	Test_Phase.SEQUENCE.Word	LOADING RESOURCE SURFACE FROM DISK
3470345.38	Test_Phase.SEQUENCE.Word	LOADING RESOURCE SURFACE FROM DISK
3475630.511	DISPLAY_SCREEN	LOADING RESOURCE SURFACE FROM DISK
