5213.593	DISPLAY_SCREEN[1]	LOADING RESOURCE SURFACE FROM DISK
446970.232	Familiarization_Phase.SEQUENCE.Cue_and_Instruction	LOADING RESOURCE SURFACE FROM DISK
446979.69	Familiarization_Phase.SEQUENCE.Cue_and_Instruction	LOADING RESOURCE SURFACE FROM DISK
453026.373	Familiarization_Phase.SEQUENCE.Cue_and_Instruction	LOADING RESOURCE SURFACE FROM DISK
453031.164	Familiarization_Phase.SEQUENCE.Cue_and_Instruction	LOADING RESOURCE SURFACE FROM DISK
459076.805	Familiarization_Phase.SEQUENCE.Cue_and_Instruction	LOADING RESOURCE SURFACE FROM DISK
459081.34	Familiarization_Phase.SEQUENCE.Cue_and_Instruction	LOADING RESOURCE SURFACE FROM DISK
501242.551	DISPLAY_SCREEN[3]	LOADING RESOURCE SURFACE FROM DISK
880397.889	DISPLAY_SCREEN[5]	LOADING RESOURCE SURFACE FROM DISK
1187232.7	Practice_Phase.SEQUENCE.Blink_Screen	LOADING RESOURCE SURFACE FROM DISK
1187233.797	Practice_Phase.SEQUENCE.Blink_Screen	flip time is later than desired time. Desired Time=1186972 Flip Time=1187256 Retrace Rate=16.637, prepareTime=285 flip request time 1187233
1188477.266	Practice_Phase.SEQUENCE.Luminance_Cue[1]	LOADING RESOURCE SURFACE FROM DISK
1188490.746	Practice_Phase.SEQUENCE.Luminance_Cue[1]	LOADING RESOURCE SURFACE FROM DISK
1188492.175	Practice_Phase.SEQUENCE.Luminance_Cue[1]	flip time is later than desired time. Desired Time=1188456 Flip Time=1188506 Retrace Rate=16.637, prepareTime=60 flip request time 1188492
1189022.775	Practice_Phase.SEQUENCE.Practice_Instruction	LOADING RESOURCE SURFACE FROM DISK
1189039.78	Practice_Phase.SEQUENCE.Practice_Instruction	LOADING RESOURCE SURFACE FROM DISK
1189041.228	Practice_Phase.SEQUENCE.Practice_Instruction	flip time is later than desired time. Desired Time=1189006 Flip Time=1189056 Retrace Rate=16.637, prepareTime=59 flip request time 1189041
1192537.661	Practice_Phase.SEQUENCE.Action_cue[1]	LOADING RESOURCE SURFACE FROM DISK
1197135.801	Practice_Phase.SEQUENCE.Practice_Instruction	LOADING RESOURCE SURFACE FROM DISK
1197154.463	Practice_Phase.SEQUENCE.Practice_Instruction	LOADING RESOURCE SURFACE FROM DISK
1197156.008	Practice_Phase.SEQUENCE.Practice_Instruction	flip time is later than desired time. Desired Time=1197139 Flip Time=1197172 Retrace Rate=16.637, prepareTime=40 flip request time 1197155
1205259.251	Practice_Phase.SEQUENCE.Practice_Instruction	LOADING RESOURCE SURFACE FROM DISK
1205261.93	Practice_Phase.SEQUENCE.Practice_Instruction	LOADING RESOURCE SURFACE FROM DISK
1205263.457	Practice_Phase.SEQUENCE.Practice_Instruction	flip time is later than desired time. Desired Time=1205239 Flip Time=1205272 Retrace Rate=16.637, prepareTime=48 flip request time 1205263
1213320.695	Practice_Phase.SEQUENCE.Practice_Instruction	LOADING RESOURCE SURFACE FROM DISK
1213365.207	Practice_Phase.SEQUENCE.Practice_Instruction	LOADING RESOURCE SURFACE FROM DISK
1213366.706	Practice_Phase.SEQUENCE.Practice_Instruction	flip time is later than desired time. Desired Time=1213339 Flip Time=1213389 Retrace Rate=16.637, prepareTime=51 flip request time 1213366
1221437.183	Practice_Phase.SEQUENCE.Practice_Instruction	LOADING RESOURCE SURFACE FROM DISK
1221439.901	Practice_Phase.SEQUENCE.Practice_Instruction	LOADING RESOURCE SURFACE FROM DISK
1229503.875	Practice_Phase.SEQUENCE.Practice_Instruction	LOADING RESOURCE SURFACE FROM DISK
1229506.562	Practice_Phase.SEQUENCE.Practice_Instruction	LOADING RESOURCE SURFACE FROM DISK
1237570.611	Practice_Phase.SEQUENCE.Practice_Instruction	LOADING RESOURCE SURFACE FROM DISK
1237573.294	Practice_Phase.SEQUENCE.Practice_Instruction	LOADING RESOURCE SURFACE FROM DISK
1245637.084	Practice_Phase.SEQUENCE.Practice_Instruction	LOADING RESOURCE SURFACE FROM DISK
1245664.191	Practice_Phase.SEQUENCE.Practice_Instruction	LOADING RESOURCE SURFACE FROM DISK
1245665.636	Practice_Phase.SEQUENCE.Practice_Instruction	flip time is later than desired time. Desired Time=1245656 Flip Time=1245689 Retrace Rate=16.637, prepareTime=34 flip request time 1245665
1253737.295	Practice_Phase.SEQUENCE.Practice_Instruction	LOADING RESOURCE SURFACE FROM DISK
1253775.011	Practice_Phase.SEQUENCE.Practice_Instruction	LOADING RESOURCE SURFACE FROM DISK
1253776.561	Practice_Phase.SEQUENCE.Practice_Instruction	flip time is later than desired time. Desired Time=1253756 Flip Time=1253789 Retrace Rate=16.637, prepareTime=44 flip request time 1253776
1259934.887	DISPLAY_SCREEN[2]	LOADING RESOURCE SURFACE FROM DISK
1996195.885	Study_Phase.SEQUENCE.Study_Instruction	LOADING RESOURCE SURFACE FROM DISK
1996242.882	Study_Phase.SEQUENCE.Study_Instruction	LOADING RESOURCE SURFACE FROM DISK
2004512.918	Study_Phase.SEQUENCE.Study_Instruction	LOADING RESOURCE SURFACE FROM DISK
2004553.399	Study_Phase.SEQUENCE.Study_Instruction	LOADING RESOURCE SURFACE FROM DISK
2012829.148	Study_Phase.SEQUENCE.Study_Instruction	LOADING RESOURCE SURFACE FROM DISK
2012869.691	Study_Phase.SEQUENCE.Study_Instruction	LOADING RESOURCE SURFACE FROM DISK
2021146.015	Study_Phase.SEQUENCE.Study_Instruction	LOADING RESOURCE SURFACE FROM DISK
2021148.817	Study_Phase.SEQUENCE.Study_Instruction	LOADING RESOURCE SURFACE FROM DISK
2029468.561	Study_Phase.SEQUENCE.Study_Instruction	LOADING RESOURCE SURFACE FROM DISK
2037742.446	Study_Phase.SEQUENCE.Study_Instruction	LOADING RESOURCE SURFACE FROM DISK
2046009.127	Study_Phase.SEQUENCE.Study_Instruction	LOADING RESOURCE SURFACE FROM DISK
2054279.442	Study_Phase.SEQUENCE.Study_Instruction	LOADING RESOURCE SURFACE FROM DISK
2054281.979	Study_Phase.SEQUENCE.Study_Instruction	LOADING RESOURCE SURFACE FROM DISK
2062594.184	Study_Phase.SEQUENCE.Study_Instruction	LOADING RESOURCE SURFACE FROM DISK
2070862.562	Study_Phase.SEQUENCE.Study_Instruction	LOADING RESOURCE SURFACE FROM DISK
2070909.673	Study_Phase.SEQUENCE.Study_Instruction	LOADING RESOURCE SURFACE FROM DISK
2079223.584	Study_Phase.SEQUENCE.Study_Instruction	LOADING RESOURCE SURFACE FROM DISK
2087496.163	Study_Phase.SEQUENCE.Study_Instruction	LOADING RESOURCE SURFACE FROM DISK
2087535.623	Study_Phase.SEQUENCE.Study_Instruction	LOADING RESOURCE SURFACE FROM DISK
2095850.242	Study_Phase.SEQUENCE.Study_Instruction	LOADING RESOURCE SURFACE FROM DISK
2104129.39	Study_Phase.SEQUENCE.Study_Instruction	LOADING RESOURCE SURFACE FROM DISK
2104131.794	Study_Phase.SEQUENCE.Study_Instruction	LOADING RESOURCE SURFACE FROM DISK
2112447.831	Study_Phase.SEQUENCE.Study_Instruction	LOADING RESOURCE SURFACE FROM DISK
2120729.38	Study_Phase.SEQUENCE.Study_Instruction	LOADING RESOURCE SURFACE FROM DISK
2120771.765	Study_Phase.SEQUENCE.Study_Instruction	LOADING RESOURCE SURFACE FROM DISK
2129078.73	Study_Phase.SEQUENCE.Study_Instruction	LOADING RESOURCE SURFACE FROM DISK
2137345.998	Study_Phase.SEQUENCE.Study_Instruction	LOADING RESOURCE SURFACE FROM DISK
2137348.589	Study_Phase.SEQUENCE.Study_Instruction	LOADING RESOURCE SURFACE FROM DISK
2145643.069	Study_Phase.SEQUENCE.Study_Instruction	LOADING RESOURCE SURFACE FROM DISK
2153909.228	Study_Phase.SEQUENCE.Study_Instruction	LOADING RESOURCE SURFACE FROM DISK
2162179.451	Study_Phase.SEQUENCE.Study_Instruction	LOADING RESOURCE SURFACE FROM DISK
2162182.202	Study_Phase.SEQUENCE.Study_Instruction	LOADING RESOURCE SURFACE FROM DISK
2170497.309	Study_Phase.SEQUENCE.Study_Instruction	LOADING RESOURCE SURFACE FROM DISK
2178779.308	Study_Phase.SEQUENCE.Study_Instruction	LOADING RESOURCE SURFACE FROM DISK
2178818.871	Study_Phase.SEQUENCE.Study_Instruction	LOADING RESOURCE SURFACE FROM DISK
2187076.981	Study_Phase.SEQUENCE.Study_Instruction	LOADING RESOURCE SURFACE FROM DISK
2195381.52	Study_Phase.SEQUENCE.Study_Instruction	LOADING RESOURCE SURFACE FROM DISK
2203680.227	Study_Phase.SEQUENCE.Study_Instruction	LOADING RESOURCE SURFACE FROM DISK
2211946.175	Study_Phase.SEQUENCE.Study_Instruction	LOADING RESOURCE SURFACE FROM DISK
2211988.436	Study_Phase.SEQUENCE.Study_Instruction	LOADING RESOURCE SURFACE FROM DISK
2220258.975	Study_Phase.SEQUENCE.Study_Instruction	LOADING RESOURCE SURFACE FROM DISK
2228525.892	Study_Phase.SEQUENCE.Study_Instruction	LOADING RESOURCE SURFACE FROM DISK
2236807.234	Study_Phase.SEQUENCE.Study_Instruction	LOADING RESOURCE SURFACE FROM DISK
2245096.127	Study_Phase.SEQUENCE.Study_Instruction	LOADING RESOURCE SURFACE FROM DISK
2245137.953	Study_Phase.SEQUENCE.Study_Instruction	LOADING RESOURCE SURFACE FROM DISK
2253453.571	Study_Phase.SEQUENCE.Study_Instruction	LOADING RESOURCE SURFACE FROM DISK
2261729.326	Study_Phase.SEQUENCE.Study_Instruction	LOADING RESOURCE SURFACE FROM DISK
2261731.773	Study_Phase.SEQUENCE.Study_Instruction	LOADING RESOURCE SURFACE FROM DISK
2270049.14	Study_Phase.SEQUENCE.Study_Instruction	LOADING RESOURCE SURFACE FROM DISK
2278325.867	Study_Phase.SEQUENCE.Study_Instruction	LOADING RESOURCE SURFACE FROM DISK
2286579.185	Study_Phase.SEQUENCE.Study_Instruction	LOADING RESOURCE SURFACE FROM DISK
2286581.692	Study_Phase.SEQUENCE.Study_Instruction	LOADING RESOURCE SURFACE FROM DISK
2294860.211	Study_Phase.SEQUENCE.Study_Instruction	LOADING RESOURCE SURFACE FROM DISK
2303169.539	Study_Phase.SEQUENCE.Study_Instruction	LOADING RESOURCE SURFACE FROM DISK
2311483.48	Study_Phase.SEQUENCE.Study_Instruction	LOADING RESOURCE SURFACE FROM DISK
2319762.904	Study_Phase.SEQUENCE.Study_Instruction	LOADING RESOURCE SURFACE FROM DISK
2319765.482	Study_Phase.SEQUENCE.Study_Instruction	LOADING RESOURCE SURFACE FROM DISK
2328082.346	Study_Phase.SEQUENCE.Study_Instruction	LOADING RESOURCE SURFACE FROM DISK
2336362.676	Study_Phase.SEQUENCE.Study_Instruction	LOADING RESOURCE SURFACE FROM DISK
2336401.352	Study_Phase.SEQUENCE.Study_Instruction	LOADING RESOURCE SURFACE FROM DISK
2344659.144	Study_Phase.SEQUENCE.Study_Instruction	LOADING RESOURCE SURFACE FROM DISK
2352927.113	Study_Phase.SEQUENCE.Study_Instruction	LOADING RESOURCE SURFACE FROM DISK
2361196.059	Study_Phase.SEQUENCE.Study_Instruction	LOADING RESOURCE SURFACE FROM DISK
2361232.438	Study_Phase.SEQUENCE.Study_Instruction	LOADING RESOURCE SURFACE FROM DISK
2369512.933	Study_Phase.SEQUENCE.Study_Instruction	LOADING RESOURCE SURFACE FROM DISK
2369553.635	Study_Phase.SEQUENCE.Study_Instruction	LOADING RESOURCE SURFACE FROM DISK
2377827.078	Study_Phase.SEQUENCE.Study_Instruction	LOADING RESOURCE SURFACE FROM DISK
2386096.03	Study_Phase.SEQUENCE.Study_Instruction	LOADING RESOURCE SURFACE FROM DISK
2386141.455	Study_Phase.SEQUENCE.Study_Instruction	LOADING RESOURCE SURFACE FROM DISK
2394379.553	Study_Phase.SEQUENCE.Study_Instruction	LOADING RESOURCE SURFACE FROM DISK
2394424.43	Study_Phase.SEQUENCE.Study_Instruction	LOADING RESOURCE SURFACE FROM DISK
2402696.017	Study_Phase.SEQUENCE.Study_Instruction	LOADING RESOURCE SURFACE FROM DISK
2402698.669	Study_Phase.SEQUENCE.Study_Instruction	LOADING RESOURCE SURFACE FROM DISK
2410960.192	Study_Phase.SEQUENCE.Study_Instruction	LOADING RESOURCE SURFACE FROM DISK
2419229.374	Study_Phase.SEQUENCE.Study_Instruction	LOADING RESOURCE SURFACE FROM DISK
2419267.42	Study_Phase.SEQUENCE.Study_Instruction	LOADING RESOURCE SURFACE FROM DISK
2427543.45	Study_Phase.SEQUENCE.Study_Instruction	LOADING RESOURCE SURFACE FROM DISK
2435809.037	Study_Phase.SEQUENCE.Study_Instruction	LOADING RESOURCE SURFACE FROM DISK
2444079.324	Study_Phase.SEQUENCE.Study_Instruction	LOADING RESOURCE SURFACE FROM DISK
2444081.91	Study_Phase.SEQUENCE.Study_Instruction	LOADING RESOURCE SURFACE FROM DISK
2452362.597	Study_Phase.SEQUENCE.Study_Instruction	LOADING RESOURCE SURFACE FROM DISK
2452402.452	Study_Phase.SEQUENCE.Study_Instruction	LOADING RESOURCE SURFACE FROM DISK
2460645.934	Study_Phase.SEQUENCE.Study_Instruction	LOADING RESOURCE SURFACE FROM DISK
2460648.645	Study_Phase.SEQUENCE.Study_Instruction	LOADING RESOURCE SURFACE FROM DISK
2468943.717	Study_Phase.SEQUENCE.Study_Instruction	LOADING RESOURCE SURFACE FROM DISK
2477212.494	Study_Phase.SEQUENCE.Study_Instruction	LOADING RESOURCE SURFACE FROM DISK
2477249.13	Study_Phase.SEQUENCE.Study_Instruction	LOADING RESOURCE SURFACE FROM DISK
2485568.64	Study_Phase.SEQUENCE.Study_Instruction	LOADING RESOURCE SURFACE FROM DISK
2493845.805	Study_Phase.SEQUENCE.Study_Instruction	LOADING RESOURCE SURFACE FROM DISK
2493887.692	Study_Phase.SEQUENCE.Study_Instruction	LOADING RESOURCE SURFACE FROM DISK
2502159.222	Study_Phase.SEQUENCE.Study_Instruction	LOADING RESOURCE SURFACE FROM DISK
2510465.742	Study_Phase.SEQUENCE.Study_Instruction	LOADING RESOURCE SURFACE FROM DISK
2518784.506	Study_Phase.SEQUENCE.Study_Instruction	LOADING RESOURCE SURFACE FROM DISK
2527043.514	Study_Phase.SEQUENCE.Study_Instruction	LOADING RESOURCE SURFACE FROM DISK
2535295.902	Study_Phase.SEQUENCE.Study_Instruction	LOADING RESOURCE SURFACE FROM DISK
2535298.364	Study_Phase.SEQUENCE.Study_Instruction	LOADING RESOURCE SURFACE FROM DISK
2543613.989	Study_Phase.SEQUENCE.Study_Instruction	LOADING RESOURCE SURFACE FROM DISK
2551910.44	Study_Phase.SEQUENCE.Study_Instruction	LOADING RESOURCE SURFACE FROM DISK
2560179.182	Study_Phase.SEQUENCE.Study_Instruction	LOADING RESOURCE SURFACE FROM DISK
2560218.427	Study_Phase.SEQUENCE.Study_Instruction	LOADING RESOURCE SURFACE FROM DISK
2568525.548	Study_Phase.SEQUENCE.Study_Instruction	LOADING RESOURCE SURFACE FROM DISK
2576796.232	Study_Phase.SEQUENCE.Study_Instruction	LOADING RESOURCE SURFACE FROM DISK
2576840.962	Study_Phase.SEQUENCE.Study_Instruction	LOADING RESOURCE SURFACE FROM DISK
2585112.405	Study_Phase.SEQUENCE.Study_Instruction	LOADING RESOURCE SURFACE FROM DISK
2585115.04	Study_Phase.SEQUENCE.Study_Instruction	LOADING RESOURCE SURFACE FROM DISK
2593396.008	Study_Phase.SEQUENCE.Study_Instruction	LOADING RESOURCE SURFACE FROM DISK
2593398.838	Study_Phase.SEQUENCE.Study_Instruction	LOADING RESOURCE SURFACE FROM DISK
2601700.638	Study_Phase.SEQUENCE.Study_Instruction	LOADING RESOURCE SURFACE FROM DISK
2609979.263	Study_Phase.SEQUENCE.Study_Instruction	LOADING RESOURCE SURFACE FROM DISK
2610019.034	Study_Phase.SEQUENCE.Study_Instruction	LOADING RESOURCE SURFACE FROM DISK
2618310.853	Study_Phase.SEQUENCE.Study_Instruction	LOADING RESOURCE SURFACE FROM DISK
2626579.512	Study_Phase.SEQUENCE.Study_Instruction	LOADING RESOURCE SURFACE FROM DISK
2626632.643	Study_Phase.SEQUENCE.Study_Instruction	LOADING RESOURCE SURFACE FROM DISK
2634951.178	Study_Phase.SEQUENCE.Study_Instruction	LOADING RESOURCE SURFACE FROM DISK
2643229.294	Study_Phase.SEQUENCE.Study_Instruction	LOADING RESOURCE SURFACE FROM DISK
2643273.513	Study_Phase.SEQUENCE.Study_Instruction	LOADING RESOURCE SURFACE FROM DISK
2651582.956	Study_Phase.SEQUENCE.Study_Instruction	LOADING RESOURCE SURFACE FROM DISK
2659862.476	Study_Phase.SEQUENCE.Study_Instruction	LOADING RESOURCE SURFACE FROM DISK
2659903.858	Study_Phase.SEQUENCE.Study_Instruction	LOADING RESOURCE SURFACE FROM DISK
2668227.377	Study_Phase.SEQUENCE.Study_Instruction	LOADING RESOURCE SURFACE FROM DISK
2676496.263	Study_Phase.SEQUENCE.Study_Instruction	LOADING RESOURCE SURFACE FROM DISK
2676531.834	Study_Phase.SEQUENCE.Study_Instruction	LOADING RESOURCE SURFACE FROM DISK
2684826.407	Study_Phase.SEQUENCE.Study_Instruction	LOADING RESOURCE SURFACE FROM DISK
2693079.123	Study_Phase.SEQUENCE.Study_Instruction	LOADING RESOURCE SURFACE FROM DISK
2693120.949	Study_Phase.SEQUENCE.Study_Instruction	LOADING RESOURCE SURFACE FROM DISK
2701427.027	Study_Phase.SEQUENCE.Study_Instruction	LOADING RESOURCE SURFACE FROM DISK
2709695.915	Study_Phase.SEQUENCE.Study_Instruction	LOADING RESOURCE SURFACE FROM DISK
2709698.381	Study_Phase.SEQUENCE.Study_Instruction	LOADING RESOURCE SURFACE FROM DISK
2718016.501	Study_Phase.SEQUENCE.Study_Instruction	LOADING RESOURCE SURFACE FROM DISK
2726313.338	Study_Phase.SEQUENCE.Study_Instruction	LOADING RESOURCE SURFACE FROM DISK
2734608.88	Study_Phase.SEQUENCE.Study_Instruction	LOADING RESOURCE SURFACE FROM DISK
2742911.056	Study_Phase.SEQUENCE.Study_Instruction	LOADING RESOURCE SURFACE FROM DISK
2751179.411	Study_Phase.SEQUENCE.Study_Instruction	LOADING RESOURCE SURFACE FROM DISK
2751222.291	Study_Phase.SEQUENCE.Study_Instruction	LOADING RESOURCE SURFACE FROM DISK
2759527.923	Study_Phase.SEQUENCE.Study_Instruction	LOADING RESOURCE SURFACE FROM DISK
2767824.975	Study_Phase.SEQUENCE.Study_Instruction	LOADING RESOURCE SURFACE FROM DISK
2776096.124	Study_Phase.SEQUENCE.Study_Instruction	LOADING RESOURCE SURFACE FROM DISK
2776140.464	Study_Phase.SEQUENCE.Study_Instruction	LOADING RESOURCE SURFACE FROM DISK
2784444.477	Study_Phase.SEQUENCE.Study_Instruction	LOADING RESOURCE SURFACE FROM DISK
2792712.615	Study_Phase.SEQUENCE.Study_Instruction	LOADING RESOURCE SURFACE FROM DISK
2792755.997	Study_Phase.SEQUENCE.Study_Instruction	LOADING RESOURCE SURFACE FROM DISK
2801066.046	Study_Phase.SEQUENCE.Study_Instruction	LOADING RESOURCE SURFACE FROM DISK
2809345.779	Study_Phase.SEQUENCE.Study_Instruction	LOADING RESOURCE SURFACE FROM DISK
2809390.029	Study_Phase.SEQUENCE.Study_Instruction	LOADING RESOURCE SURFACE FROM DISK
2817662.826	Study_Phase.SEQUENCE.Study_Instruction	LOADING RESOURCE SURFACE FROM DISK
2817707.998	Study_Phase.SEQUENCE.Study_Instruction	LOADING RESOURCE SURFACE FROM DISK
2825977.106	Study_Phase.SEQUENCE.Study_Instruction	LOADING RESOURCE SURFACE FROM DISK
2834246.127	Study_Phase.SEQUENCE.Study_Instruction	LOADING RESOURCE SURFACE FROM DISK
2834248.681	Study_Phase.SEQUENCE.Study_Instruction	LOADING RESOURCE SURFACE FROM DISK
2842527.1	Study_Phase.SEQUENCE.Study_Instruction	LOADING RESOURCE SURFACE FROM DISK
2850796.136	Study_Phase.SEQUENCE.Study_Instruction	LOADING RESOURCE SURFACE FROM DISK
2850836.622	Study_Phase.SEQUENCE.Study_Instruction	LOADING RESOURCE SURFACE FROM DISK
2859112.863	Study_Phase.SEQUENCE.Study_Instruction	LOADING RESOURCE SURFACE FROM DISK
2859115.545	Study_Phase.SEQUENCE.Study_Instruction	LOADING RESOURCE SURFACE FROM DISK
2867395.83	Study_Phase.SEQUENCE.Study_Instruction	LOADING RESOURCE SURFACE FROM DISK
2867414.575	Study_Phase.SEQUENCE.Study_Instruction	LOADING RESOURCE SURFACE FROM DISK
2875730.097	Study_Phase.SEQUENCE.Study_Instruction	LOADING RESOURCE SURFACE FROM DISK
2883996.548	Study_Phase.SEQUENCE.Study_Instruction	LOADING RESOURCE SURFACE FROM DISK
2883999.142	Study_Phase.SEQUENCE.Study_Instruction	LOADING RESOURCE SURFACE FROM DISK
2892275.822	Study_Phase.SEQUENCE.Study_Instruction	LOADING RESOURCE SURFACE FROM DISK
2900574.203	Study_Phase.SEQUENCE.Study_Instruction	LOADING RESOURCE SURFACE FROM DISK
2908845.963	Study_Phase.SEQUENCE.Study_Instruction	LOADING RESOURCE SURFACE FROM DISK
2908881.755	Study_Phase.SEQUENCE.Study_Instruction	LOADING RESOURCE SURFACE FROM DISK
2917197.69	Study_Phase.SEQUENCE.Study_Instruction	LOADING RESOURCE SURFACE FROM DISK
2925479.454	Study_Phase.SEQUENCE.Study_Instruction	LOADING RESOURCE SURFACE FROM DISK
2925481.984	Study_Phase.SEQUENCE.Study_Instruction	LOADING RESOURCE SURFACE FROM DISK
2933795.897	Study_Phase.SEQUENCE.Study_Instruction	LOADING RESOURCE SURFACE FROM DISK
2942096.623	Study_Phase.SEQUENCE.Study_Instruction	LOADING RESOURCE SURFACE FROM DISK
2950396.546	Study_Phase.SEQUENCE.Study_Instruction	LOADING RESOURCE SURFACE FROM DISK
2958721.927	Study_Phase.SEQUENCE.Study_Instruction	LOADING RESOURCE SURFACE FROM DISK
2966996.119	Study_Phase.SEQUENCE.Study_Instruction	LOADING RESOURCE SURFACE FROM DISK
2967038.893	Study_Phase.SEQUENCE.Study_Instruction	LOADING RESOURCE SURFACE FROM DISK
2975326.115	Study_Phase.SEQUENCE.Study_Instruction	LOADING RESOURCE SURFACE FROM DISK
2983592.541	Study_Phase.SEQUENCE.Study_Instruction	LOADING RESOURCE SURFACE FROM DISK
2989824.673	DISPLAY_SCREEN[7]	LOADING RESOURCE SURFACE FROM DISK
3610421.326	Test_Phase.SEQUENCE.Target_Cue	LOADING RESOURCE SURFACE FROM DISK
3610441.266	Test_Phase.SEQUENCE.Target_Cue	LOADING RESOURCE SURFACE FROM DISK
3612458.86	Test_Phase.SEQUENCE.Word	LOADING RESOURCE SURFACE FROM DISK
3615490.279	Test_Phase.SEQUENCE.Test_Question	LOADING RESOURCE SURFACE FROM DISK
3615507.312	Test_Phase.SEQUENCE.Test_Question	LOADING RESOURCE SURFACE FROM DISK
3615512.405	Test_Phase.SEQUENCE.Test_Question	LOADING RESOURCE SURFACE FROM DISK
3615517.619	Test_Phase.SEQUENCE.Test_Question	LOADING RESOURCE SURFACE FROM DISK
3615519.598	Test_Phase.SEQUENCE.Test_Question	LOADING RESOURCE SURFACE FROM DISK
3615521.587	Test_Phase.SEQUENCE.Test_Question	LOADING RESOURCE SURFACE FROM DISK
3615523.486	Test_Phase.SEQUENCE.Test_Question	LOADING RESOURCE SURFACE FROM DISK
3615540.345	Test_Phase.SEQUENCE.Test_Question	LOADING RESOURCE SURFACE FROM DISK
3615554.619	Test_Phase.SEQUENCE.Test_Question	LOADING RESOURCE SURFACE FROM DISK
3615556.461	Test_Phase.SEQUENCE.Test_Question	LOADING RESOURCE SURFACE FROM DISK
3615558.252	Test_Phase.SEQUENCE.Test_Question	LOADING RESOURCE SURFACE FROM DISK
3615560.08	Test_Phase.SEQUENCE.Test_Question	LOADING RESOURCE SURFACE FROM DISK
3623418.082	Test_Phase.SEQUENCE.Word	LOADING RESOURCE SURFACE FROM DISK
3630492.677	Test_Phase.SEQUENCE.Word	LOADING RESOURCE SURFACE FROM DISK
3638008.816	Test_Phase.SEQUENCE.Word	LOADING RESOURCE SURFACE FROM DISK
3645646.754	Test_Phase.SEQUENCE.Word	LOADING RESOURCE SURFACE FROM DISK
3652925.931	Test_Phase.SEQUENCE.Word	LOADING RESOURCE SURFACE FROM DISK
3660042.223	Test_Phase.SEQUENCE.Word	LOADING RESOURCE SURFACE FROM DISK
3667550.679	Test_Phase.SEQUENCE.Word	LOADING RESOURCE SURFACE FROM DISK
3674810.254	Test_Phase.SEQUENCE.Word	LOADING RESOURCE SURFACE FROM DISK
3682199.089	Test_Phase.SEQUENCE.Word	LOADING RESOURCE SURFACE FROM DISK
3689542.755	Test_Phase.SEQUENCE.Word	LOADING RESOURCE SURFACE FROM DISK
3696792.355	Test_Phase.SEQUENCE.Word	LOADING RESOURCE SURFACE FROM DISK
3704143.715	Test_Phase.SEQUENCE.Word	LOADING RESOURCE SURFACE FROM DISK
3711175.689	Test_Phase.SEQUENCE.Word	LOADING RESOURCE SURFACE FROM DISK
3718225.583	Test_Phase.SEQUENCE.Word	LOADING RESOURCE SURFACE FROM DISK
3725325.584	Test_Phase.SEQUENCE.Word	LOADING RESOURCE SURFACE FROM DISK
3732404.13	Test_Phase.SEQUENCE.Word	LOADING RESOURCE SURFACE FROM DISK
3739908.922	Test_Phase.SEQUENCE.Word	LOADING RESOURCE SURFACE FROM DISK
3747132.449	Test_Phase.SEQUENCE.Word	LOADING RESOURCE SURFACE FROM DISK
3754258.992	Test_Phase.SEQUENCE.Word	LOADING RESOURCE SURFACE FROM DISK
3761450.742	Test_Phase.SEQUENCE.Word	LOADING RESOURCE SURFACE FROM DISK
3775526.467	Test_Phase.SEQUENCE.Word	LOADING RESOURCE SURFACE FROM DISK
3782742.146	Test_Phase.SEQUENCE.Word	LOADING RESOURCE SURFACE FROM DISK
3790059.024	Test_Phase.SEQUENCE.Word	LOADING RESOURCE SURFACE FROM DISK
3797393.648	Test_Phase.SEQUENCE.Word	LOADING RESOURCE SURFACE FROM DISK
3804442.415	Test_Phase.SEQUENCE.Word	LOADING RESOURCE SURFACE FROM DISK
3811625.875	Test_Phase.SEQUENCE.Word	LOADING RESOURCE SURFACE FROM DISK
3818758.909	Test_Phase.SEQUENCE.Word	LOADING RESOURCE SURFACE FROM DISK
3826042.346	Test_Phase.SEQUENCE.Word	LOADING RESOURCE SURFACE FROM DISK
3833160.23	Test_Phase.SEQUENCE.Word	LOADING RESOURCE SURFACE FROM DISK
3840292.299	Test_Phase.SEQUENCE.Word	LOADING RESOURCE SURFACE FROM DISK
3847342.202	Test_Phase.SEQUENCE.Word	LOADING RESOURCE SURFACE FROM DISK
3854375.652	Test_Phase.SEQUENCE.Word	LOADING RESOURCE SURFACE FROM DISK
3861442.188	Test_Phase.SEQUENCE.Word	LOADING RESOURCE SURFACE FROM DISK
3868458.99	Test_Phase.SEQUENCE.Word	LOADING RESOURCE SURFACE FROM DISK
3875975.581	Test_Phase.SEQUENCE.Word	LOADING RESOURCE SURFACE FROM DISK
3883079.297	Test_Phase.SEQUENCE.Word	LOADING RESOURCE SURFACE FROM DISK
3890259.021	Test_Phase.SEQUENCE.Word	LOADING RESOURCE SURFACE FROM DISK
3897342.225	Test_Phase.SEQUENCE.Word	LOADING RESOURCE SURFACE FROM DISK
3904425.511	Test_Phase.SEQUENCE.Word	LOADING RESOURCE SURFACE FROM DISK
3911559.213	Test_Phase.SEQUENCE.Word	LOADING RESOURCE SURFACE FROM DISK
3918631.915	Test_Phase.SEQUENCE.Word	LOADING RESOURCE SURFACE FROM DISK
3925858.869	Test_Phase.SEQUENCE.Word	LOADING RESOURCE SURFACE FROM DISK
3932908.846	Test_Phase.SEQUENCE.Word	LOADING RESOURCE SURFACE FROM DISK
3939942.268	Test_Phase.SEQUENCE.Word	LOADING RESOURCE SURFACE FROM DISK
3947059.483	Test_Phase.SEQUENCE.Word	LOADING RESOURCE SURFACE FROM DISK
3954179.976	Test_Phase.SEQUENCE.Word	LOADING RESOURCE SURFACE FROM DISK
3961225.576	Test_Phase.SEQUENCE.Word	LOADING RESOURCE SURFACE FROM DISK
3968309.005	Test_Phase.SEQUENCE.Word	LOADING RESOURCE SURFACE FROM DISK
3975692.252	Test_Phase.SEQUENCE.Word	LOADING RESOURCE SURFACE FROM DISK
3982842.794	Test_Phase.SEQUENCE.Word	LOADING RESOURCE SURFACE FROM DISK
3989861.443	Test_Phase.SEQUENCE.Word	LOADING RESOURCE SURFACE FROM DISK
3996992.332	Test_Phase.SEQUENCE.Word	LOADING RESOURCE SURFACE FROM DISK
4004258.913	Test_Phase.SEQUENCE.Word	LOADING RESOURCE SURFACE FROM DISK
4011433.911	Test_Phase.SEQUENCE.Word	LOADING RESOURCE SURFACE FROM DISK
4018729.147	Test_Phase.SEQUENCE.Word	LOADING RESOURCE SURFACE FROM DISK
4025725.684	Test_Phase.SEQUENCE.Word	LOADING RESOURCE SURFACE FROM DISK
4033561.574	Test_Phase.SEQUENCE.Word	LOADING RESOURCE SURFACE FROM DISK
4040746.127	Test_Phase.SEQUENCE.Word	LOADING RESOURCE SURFACE FROM DISK
4047850.439	Test_Phase.SEQUENCE.Word	LOADING RESOURCE SURFACE FROM DISK
4054942.723	Test_Phase.SEQUENCE.Word	LOADING RESOURCE SURFACE FROM DISK
4061992.444	Test_Phase.SEQUENCE.Word	LOADING RESOURCE SURFACE FROM DISK
4069084.714	Test_Phase.SEQUENCE.Word	LOADING RESOURCE SURFACE FROM DISK
4076175.913	Test_Phase.SEQUENCE.Word	LOADING RESOURCE SURFACE FROM DISK
4083242.526	Test_Phase.SEQUENCE.Word	LOADING RESOURCE SURFACE FROM DISK
4090275.546	Test_Phase.SEQUENCE.Word	LOADING RESOURCE SURFACE FROM DISK
4097463.18	Test_Phase.SEQUENCE.Word	LOADING RESOURCE SURFACE FROM DISK
4104681.266	Test_Phase.SEQUENCE.Word	LOADING RESOURCE SURFACE FROM DISK
4111792.277	Test_Phase.SEQUENCE.Word	LOADING RESOURCE SURFACE FROM DISK
4118909.051	Test_Phase.SEQUENCE.Word	LOADING RESOURCE SURFACE FROM DISK
4126008.878	Test_Phase.SEQUENCE.Word	LOADING RESOURCE SURFACE FROM DISK
4133052.025	Test_Phase.SEQUENCE.Word	LOADING RESOURCE SURFACE FROM DISK
4140143.636	Test_Phase.SEQUENCE.Word	LOADING RESOURCE SURFACE FROM DISK
4147292.616	Test_Phase.SEQUENCE.Word	LOADING RESOURCE SURFACE FROM DISK
4154342.202	Test_Phase.SEQUENCE.Word	LOADING RESOURCE SURFACE FROM DISK
4161549.079	Test_Phase.SEQUENCE.Word	LOADING RESOURCE SURFACE FROM DISK
4169946.0	Test_Phase.SEQUENCE.Word	LOADING RESOURCE SURFACE FROM DISK
4176959.091	Test_Phase.SEQUENCE.Word	LOADING RESOURCE SURFACE FROM DISK
4183991.729	Test_Phase.SEQUENCE.Word	LOADING RESOURCE SURFACE FROM DISK
4191142.381	Test_Phase.SEQUENCE.Word	LOADING RESOURCE SURFACE FROM DISK
4198192.396	Test_Phase.SEQUENCE.Word	LOADING RESOURCE SURFACE FROM DISK
4205302.946	Test_Phase.SEQUENCE.Word	LOADING RESOURCE SURFACE FROM DISK
4212514.03	Test_Phase.SEQUENCE.Word	LOADING RESOURCE SURFACE FROM DISK
4219692.116	Test_Phase.SEQUENCE.Word	LOADING RESOURCE SURFACE FROM DISK
4226708.968	Test_Phase.SEQUENCE.Word	LOADING RESOURCE SURFACE FROM DISK
4233849.357	Test_Phase.SEQUENCE.Word	LOADING RESOURCE SURFACE FROM DISK
4240942.517	Test_Phase.SEQUENCE.Word	LOADING RESOURCE SURFACE FROM DISK
4248050.013	Test_Phase.SEQUENCE.Word	LOADING RESOURCE SURFACE FROM DISK
4255325.806	Test_Phase.SEQUENCE.Word	LOADING RESOURCE SURFACE FROM DISK
4262442.398	Test_Phase.SEQUENCE.Word	LOADING RESOURCE SURFACE FROM DISK
4269592.237	Test_Phase.SEQUENCE.Word	LOADING RESOURCE SURFACE FROM DISK
4276625.522	Test_Phase.SEQUENCE.Word	LOADING RESOURCE SURFACE FROM DISK
4283658.801	Test_Phase.SEQUENCE.Word	LOADING RESOURCE SURFACE FROM DISK
4290749.215	Test_Phase.SEQUENCE.Word	LOADING RESOURCE SURFACE FROM DISK
4297825.563	Test_Phase.SEQUENCE.Word	LOADING RESOURCE SURFACE FROM DISK
4304888.44	Test_Phase.SEQUENCE.Word	LOADING RESOURCE SURFACE FROM DISK
4314792.429	Test_Phase.SEQUENCE.Word	LOADING RESOURCE SURFACE FROM DISK
4322109.039	Test_Phase.SEQUENCE.Word	LOADING RESOURCE SURFACE FROM DISK
4329280.641	Test_Phase.SEQUENCE.Word	LOADING RESOURCE SURFACE FROM DISK
4336475.573	Test_Phase.SEQUENCE.Word	LOADING RESOURCE SURFACE FROM DISK
4343725.549	Test_Phase.SEQUENCE.Word	LOADING RESOURCE SURFACE FROM DISK
4350834.141	Test_Phase.SEQUENCE.Word	LOADING RESOURCE SURFACE FROM DISK
4358175.534	Test_Phase.SEQUENCE.Word	LOADING RESOURCE SURFACE FROM DISK
4365225.635	Test_Phase.SEQUENCE.Word	LOADING RESOURCE SURFACE FROM DISK
4372408.928	Test_Phase.SEQUENCE.Word	LOADING RESOURCE SURFACE FROM DISK
4379725.553	Test_Phase.SEQUENCE.Word	LOADING RESOURCE SURFACE FROM DISK
4386775.58	Test_Phase.SEQUENCE.Word	LOADING RESOURCE SURFACE FROM DISK
4393877.219	Test_Phase.SEQUENCE.Word	LOADING RESOURCE SURFACE FROM DISK
4400925.883	Test_Phase.SEQUENCE.Word	LOADING RESOURCE SURFACE FROM DISK
4408042.278	Test_Phase.SEQUENCE.Word	LOADING RESOURCE SURFACE FROM DISK
4415108.791	Test_Phase.SEQUENCE.Word	LOADING RESOURCE SURFACE FROM DISK
4422358.956	Test_Phase.SEQUENCE.Word	LOADING RESOURCE SURFACE FROM DISK
4429460.855	Test_Phase.SEQUENCE.Word	LOADING RESOURCE SURFACE FROM DISK
4436592.22	Test_Phase.SEQUENCE.Word	LOADING RESOURCE SURFACE FROM DISK
4443725.621	Test_Phase.SEQUENCE.Word	LOADING RESOURCE SURFACE FROM DISK
4451749.117	Test_Phase.SEQUENCE.Word	LOADING RESOURCE SURFACE FROM DISK
4458792.372	Test_Phase.SEQUENCE.Word	LOADING RESOURCE SURFACE FROM DISK
4465908.987	Test_Phase.SEQUENCE.Word	LOADING RESOURCE SURFACE FROM DISK
4473075.634	Test_Phase.SEQUENCE.Word	LOADING RESOURCE SURFACE FROM DISK
4480142.201	Test_Phase.SEQUENCE.Word	LOADING RESOURCE SURFACE FROM DISK
4487292.271	Test_Phase.SEQUENCE.Word	LOADING RESOURCE SURFACE FROM DISK
4494465.403	Test_Phase.SEQUENCE.Word	LOADING RESOURCE SURFACE FROM DISK
4501825.65	Test_Phase.SEQUENCE.Word	LOADING RESOURCE SURFACE FROM DISK
4509049.349	Test_Phase.SEQUENCE.Word	LOADING RESOURCE SURFACE FROM DISK
4516238.119	Test_Phase.SEQUENCE.Word	LOADING RESOURCE SURFACE FROM DISK
4523259.253	Test_Phase.SEQUENCE.Word	LOADING RESOURCE SURFACE FROM DISK
4530358.834	Test_Phase.SEQUENCE.Word	LOADING RESOURCE SURFACE FROM DISK
4537428.455	Test_Phase.SEQUENCE.Word	LOADING RESOURCE SURFACE FROM DISK
4544542.353	Test_Phase.SEQUENCE.Word	LOADING RESOURCE SURFACE FROM DISK
4552280.79	Test_Phase.SEQUENCE.Word	LOADING RESOURCE SURFACE FROM DISK
4559425.597	Test_Phase.SEQUENCE.Word	LOADING RESOURCE SURFACE FROM DISK
4566442.536	Test_Phase.SEQUENCE.Word	LOADING RESOURCE SURFACE FROM DISK
4573459.111	Test_Phase.SEQUENCE.Word	LOADING RESOURCE SURFACE FROM DISK
4580602.648	Test_Phase.SEQUENCE.Word	LOADING RESOURCE SURFACE FROM DISK
4588458.976	Test_Phase.SEQUENCE.Word	LOADING RESOURCE SURFACE FROM DISK
4595993.575	Test_Phase.SEQUENCE.Word	LOADING RESOURCE SURFACE FROM DISK
4603545.504	Test_Phase.SEQUENCE.Word	LOADING RESOURCE SURFACE FROM DISK
4610694.823	Test_Phase.SEQUENCE.Word	LOADING RESOURCE SURFACE FROM DISK
4617808.062	Test_Phase.SEQUENCE.Word	LOADING RESOURCE SURFACE FROM DISK
4625184.011	Test_Phase.SEQUENCE.Word	LOADING RESOURCE SURFACE FROM DISK
4632298.869	Test_Phase.SEQUENCE.Word	LOADING RESOURCE SURFACE FROM DISK
4639342.167	Test_Phase.SEQUENCE.Word	LOADING RESOURCE SURFACE FROM DISK
4646576.647	Test_Phase.SEQUENCE.Word	LOADING RESOURCE SURFACE FROM DISK
4653866.318	Test_Phase.SEQUENCE.Word	LOADING RESOURCE SURFACE FROM DISK
4660926.079	Test_Phase.SEQUENCE.Word	LOADING RESOURCE SURFACE FROM DISK
4668017.872	Test_Phase.SEQUENCE.Word	LOADING RESOURCE SURFACE FROM DISK
4675225.507	Test_Phase.SEQUENCE.Word	LOADING RESOURCE SURFACE FROM DISK
4682308.932	Test_Phase.SEQUENCE.Word	LOADING RESOURCE SURFACE FROM DISK
4689543.163	Test_Phase.SEQUENCE.Word	LOADING RESOURCE SURFACE FROM DISK
4696742.182	Test_Phase.SEQUENCE.Word	LOADING RESOURCE SURFACE FROM DISK
4704098.686	Test_Phase.SEQUENCE.Word	LOADING RESOURCE SURFACE FROM DISK
4711209.349	Test_Phase.SEQUENCE.Word	LOADING RESOURCE SURFACE FROM DISK
4718292.538	Test_Phase.SEQUENCE.Word	LOADING RESOURCE SURFACE FROM DISK
4725723.613	Test_Phase.SEQUENCE.Word	LOADING RESOURCE SURFACE FROM DISK
4733008.978	Test_Phase.SEQUENCE.Word	LOADING RESOURCE SURFACE FROM DISK
4740308.537	Test_Phase.SEQUENCE.Word	LOADING RESOURCE SURFACE FROM DISK
4747385.079	Test_Phase.SEQUENCE.Word	LOADING RESOURCE SURFACE FROM DISK
4754442.678	Test_Phase.SEQUENCE.Word	LOADING RESOURCE SURFACE FROM DISK
4761559.805	Test_Phase.SEQUENCE.Word	LOADING RESOURCE SURFACE FROM DISK
4768831.46	Test_Phase.SEQUENCE.Word	LOADING RESOURCE SURFACE FROM DISK
4776458.921	Test_Phase.SEQUENCE.Word	LOADING RESOURCE SURFACE FROM DISK
4783875.911	Test_Phase.SEQUENCE.Word	LOADING RESOURCE SURFACE FROM DISK
4790951.723	Test_Phase.SEQUENCE.Word	LOADING RESOURCE SURFACE FROM DISK
4798192.471	Test_Phase.SEQUENCE.Word	LOADING RESOURCE SURFACE FROM DISK
4805331.286	Test_Phase.SEQUENCE.Word	LOADING RESOURCE SURFACE FROM DISK
4812442.348	Test_Phase.SEQUENCE.Word	LOADING RESOURCE SURFACE FROM DISK
4819664.855	Test_Phase.SEQUENCE.Word	LOADING RESOURCE SURFACE FROM DISK
4826692.233	Test_Phase.SEQUENCE.Word	LOADING RESOURCE SURFACE FROM DISK
4833775.64	Test_Phase.SEQUENCE.Word	LOADING RESOURCE SURFACE FROM DISK
4840859.897	Test_Phase.SEQUENCE.Word	LOADING RESOURCE SURFACE FROM DISK
4848079.298	Test_Phase.SEQUENCE.Word	LOADING RESOURCE SURFACE FROM DISK
4855242.263	Test_Phase.SEQUENCE.Word	LOADING RESOURCE SURFACE FROM DISK
4862325.63	Test_Phase.SEQUENCE.Word	LOADING RESOURCE SURFACE FROM DISK
4869492.233	Test_Phase.SEQUENCE.Word	LOADING RESOURCE SURFACE FROM DISK
4876526.03	Test_Phase.SEQUENCE.Word	LOADING RESOURCE SURFACE FROM DISK
4883542.251	Test_Phase.SEQUENCE.Word	LOADING RESOURCE SURFACE FROM DISK
4890992.342	Test_Phase.SEQUENCE.Word	LOADING RESOURCE SURFACE FROM DISK
4898063.404	Test_Phase.SEQUENCE.Word	LOADING RESOURCE SURFACE FROM DISK
4905075.663	Test_Phase.SEQUENCE.Word	LOADING RESOURCE SURFACE FROM DISK
4912168.033	Test_Phase.SEQUENCE.Word	LOADING RESOURCE SURFACE FROM DISK
4919425.614	Test_Phase.SEQUENCE.Word	LOADING RESOURCE SURFACE FROM DISK
4926509.141	Test_Phase.SEQUENCE.Word	LOADING RESOURCE SURFACE FROM DISK
4933558.78	Test_Phase.SEQUENCE.Word	LOADING RESOURCE SURFACE FROM DISK
4940678.424	Test_Phase.SEQUENCE.Word	LOADING RESOURCE SURFACE FROM DISK
4948425.666	Test_Phase.SEQUENCE.Word	LOADING RESOURCE SURFACE FROM DISK
4955775.527	Test_Phase.SEQUENCE.Word	LOADING RESOURCE SURFACE FROM DISK
4962975.392	Test_Phase.SEQUENCE.Word	LOADING RESOURCE SURFACE FROM DISK
4970275.695	Test_Phase.SEQUENCE.Word	LOADING RESOURCE SURFACE FROM DISK
4977342.368	Test_Phase.SEQUENCE.Word	LOADING RESOURCE SURFACE FROM DISK
4984467.064	Test_Phase.SEQUENCE.Word	LOADING RESOURCE SURFACE FROM DISK
4991542.371	Test_Phase.SEQUENCE.Word	LOADING RESOURCE SURFACE FROM DISK
4998630.403	Test_Phase.SEQUENCE.Word	LOADING RESOURCE SURFACE FROM DISK
5005677.119	Test_Phase.SEQUENCE.Word	LOADING RESOURCE SURFACE FROM DISK
5012675.69	Test_Phase.SEQUENCE.Word	LOADING RESOURCE SURFACE FROM DISK
5019725.656	Test_Phase.SEQUENCE.Word	LOADING RESOURCE SURFACE FROM DISK
5026858.829	Test_Phase.SEQUENCE.Word	LOADING RESOURCE SURFACE FROM DISK
5034109.122	Test_Phase.SEQUENCE.Word	LOADING RESOURCE SURFACE FROM DISK
5041195.696	Test_Phase.SEQUENCE.Word	LOADING RESOURCE SURFACE FROM DISK
5048192.228	Test_Phase.SEQUENCE.Word	LOADING RESOURCE SURFACE FROM DISK
5051732.839	DISPLAY_SCREEN	LOADING RESOURCE SURFACE FROM DISK
