4688.936	DISPLAY_SCREEN[1]	LOADING RESOURCE SURFACE FROM DISK
578489.637	Familiarization_Phase.SEQUENCE.Cue_and_Instruction	LOADING RESOURCE SURFACE FROM DISK
578493.653	Familiarization_Phase.SEQUENCE.Cue_and_Instruction	LOADING RESOURCE SURFACE FROM DISK
584531.563	Familiarization_Phase.SEQUENCE.Cue_and_Instruction	LOADING RESOURCE SURFACE FROM DISK
584535.873	Familiarization_Phase.SEQUENCE.Cue_and_Instruction	LOADING RESOURCE SURFACE FROM DISK
590581.613	Familiarization_Phase.SEQUENCE.Cue_and_Instruction	LOADING RESOURCE SURFACE FROM DISK
590585.8	Familiarization_Phase.SEQUENCE.Cue_and_Instruction	LOADING RESOURCE SURFACE FROM DISK
632714.061	DISPLAY_SCREEN[3]	LOADING RESOURCE SURFACE FROM DISK
749485.265	DISPLAY_SCREEN[5]	LOADING RESOURCE SURFACE FROM DISK
799805.684	Practice_Phase.SEQUENCE.Blink_Screen	LOADING RESOURCE SURFACE FROM DISK
801009.996	Practice_Phase.SEQUENCE.Luminance_Cue[1]	LOADING RESOURCE SURFACE FROM DISK
801012.241	Practice_Phase.SEQUENCE.Luminance_Cue[1]	LOADING RESOURCE SURFACE FROM DISK
801509.545	Practice_Phase.SEQUENCE.Practice_Instruction	LOADING RESOURCE SURFACE FROM DISK
801511.777	Practice_Phase.SEQUENCE.Practice_Instruction	LOADING RESOURCE SURFACE FROM DISK
805009.439	Practice_Phase.SEQUENCE.Action_cue[1]	LOADING RESOURCE SURFACE FROM DISK
809592.9	Practice_Phase.SEQUENCE.Practice_Instruction	LOADING RESOURCE SURFACE FROM DISK
809595.261	Practice_Phase.SEQUENCE.Practice_Instruction	LOADING RESOURCE SURFACE FROM DISK
817659.565	Practice_Phase.SEQUENCE.Practice_Instruction	LOADING RESOURCE SURFACE FROM DISK
817661.858	Practice_Phase.SEQUENCE.Practice_Instruction	LOADING RESOURCE SURFACE FROM DISK
825726.124	Practice_Phase.SEQUENCE.Practice_Instruction	LOADING RESOURCE SURFACE FROM DISK
825728.553	Practice_Phase.SEQUENCE.Practice_Instruction	LOADING RESOURCE SURFACE FROM DISK
833792.872	Practice_Phase.SEQUENCE.Practice_Instruction	LOADING RESOURCE SURFACE FROM DISK
833795.2	Practice_Phase.SEQUENCE.Practice_Instruction	LOADING RESOURCE SURFACE FROM DISK
841859.733	Practice_Phase.SEQUENCE.Practice_Instruction	LOADING RESOURCE SURFACE FROM DISK
841862.116	Practice_Phase.SEQUENCE.Practice_Instruction	LOADING RESOURCE SURFACE FROM DISK
849926.314	Practice_Phase.SEQUENCE.Practice_Instruction	LOADING RESOURCE SURFACE FROM DISK
849928.593	Practice_Phase.SEQUENCE.Practice_Instruction	LOADING RESOURCE SURFACE FROM DISK
857992.695	Practice_Phase.SEQUENCE.Practice_Instruction	LOADING RESOURCE SURFACE FROM DISK
857995.111	Practice_Phase.SEQUENCE.Practice_Instruction	LOADING RESOURCE SURFACE FROM DISK
866059.689	Practice_Phase.SEQUENCE.Practice_Instruction	LOADING RESOURCE SURFACE FROM DISK
866062.004	Practice_Phase.SEQUENCE.Practice_Instruction	LOADING RESOURCE SURFACE FROM DISK
872223.397	DISPLAY_SCREEN[2]	LOADING RESOURCE SURFACE FROM DISK
1117901.663	Study_Phase.SEQUENCE.Study_Instruction	LOADING RESOURCE SURFACE FROM DISK
1117903.803	Study_Phase.SEQUENCE.Study_Instruction	LOADING RESOURCE SURFACE FROM DISK
1126182.341	Study_Phase.SEQUENCE.Study_Instruction	LOADING RESOURCE SURFACE FROM DISK
1134431.14	Study_Phase.SEQUENCE.Study_Instruction	LOADING RESOURCE SURFACE FROM DISK
1142701.845	Study_Phase.SEQUENCE.Study_Instruction	LOADING RESOURCE SURFACE FROM DISK
1142703.986	Study_Phase.SEQUENCE.Study_Instruction	LOADING RESOURCE SURFACE FROM DISK
1150982.288	Study_Phase.SEQUENCE.Study_Instruction	LOADING RESOURCE SURFACE FROM DISK
1159247.807	Study_Phase.SEQUENCE.Study_Instruction	LOADING RESOURCE SURFACE FROM DISK
1167514.494	Study_Phase.SEQUENCE.Study_Instruction	LOADING RESOURCE SURFACE FROM DISK
1175784.853	Study_Phase.SEQUENCE.Study_Instruction	LOADING RESOURCE SURFACE FROM DISK
1175787.037	Study_Phase.SEQUENCE.Study_Instruction	LOADING RESOURCE SURFACE FROM DISK
1184068.271	Study_Phase.SEQUENCE.Study_Instruction	LOADING RESOURCE SURFACE FROM DISK
1184070.558	Study_Phase.SEQUENCE.Study_Instruction	LOADING RESOURCE SURFACE FROM DISK
1192348.998	Study_Phase.SEQUENCE.Study_Instruction	LOADING RESOURCE SURFACE FROM DISK
1200617.963	Study_Phase.SEQUENCE.Study_Instruction	LOADING RESOURCE SURFACE FROM DISK
1200620.195	Study_Phase.SEQUENCE.Study_Instruction	LOADING RESOURCE SURFACE FROM DISK
1208898.971	Study_Phase.SEQUENCE.Study_Instruction	LOADING RESOURCE SURFACE FROM DISK
1217168.368	Study_Phase.SEQUENCE.Study_Instruction	LOADING RESOURCE SURFACE FROM DISK
1217170.5	Study_Phase.SEQUENCE.Study_Instruction	LOADING RESOURCE SURFACE FROM DISK
1225448.068	Study_Phase.SEQUENCE.Study_Instruction	LOADING RESOURCE SURFACE FROM DISK
1233684.791	Study_Phase.SEQUENCE.Study_Instruction	LOADING RESOURCE SURFACE FROM DISK
1233687.224	Study_Phase.SEQUENCE.Study_Instruction	LOADING RESOURCE SURFACE FROM DISK
1241965.69	Study_Phase.SEQUENCE.Study_Instruction	LOADING RESOURCE SURFACE FROM DISK
1250234.948	Study_Phase.SEQUENCE.Study_Instruction	LOADING RESOURCE SURFACE FROM DISK
1250237.066	Study_Phase.SEQUENCE.Study_Instruction	LOADING RESOURCE SURFACE FROM DISK
1258514.413	Study_Phase.SEQUENCE.Study_Instruction	LOADING RESOURCE SURFACE FROM DISK
1266781.134	Study_Phase.SEQUENCE.Study_Instruction	LOADING RESOURCE SURFACE FROM DISK
1275052.034	Study_Phase.SEQUENCE.Study_Instruction	LOADING RESOURCE SURFACE FROM DISK
1275054.421	Study_Phase.SEQUENCE.Study_Instruction	LOADING RESOURCE SURFACE FROM DISK
1283332.383	Study_Phase.SEQUENCE.Study_Instruction	LOADING RESOURCE SURFACE FROM DISK
1291601.447	Study_Phase.SEQUENCE.Study_Instruction	LOADING RESOURCE SURFACE FROM DISK
1291603.628	Study_Phase.SEQUENCE.Study_Instruction	LOADING RESOURCE SURFACE FROM DISK
1299881.187	Study_Phase.SEQUENCE.Study_Instruction	LOADING RESOURCE SURFACE FROM DISK
1308149.276	Study_Phase.SEQUENCE.Study_Instruction	LOADING RESOURCE SURFACE FROM DISK
1316418.712	Study_Phase.SEQUENCE.Study_Instruction	LOADING RESOURCE SURFACE FROM DISK
1316420.947	Study_Phase.SEQUENCE.Study_Instruction	LOADING RESOURCE SURFACE FROM DISK
1324698.902	Study_Phase.SEQUENCE.Study_Instruction	LOADING RESOURCE SURFACE FROM DISK
1332968.318	Study_Phase.SEQUENCE.Study_Instruction	LOADING RESOURCE SURFACE FROM DISK
1332970.479	Study_Phase.SEQUENCE.Study_Instruction	LOADING RESOURCE SURFACE FROM DISK
1341247.935	Study_Phase.SEQUENCE.Study_Instruction	LOADING RESOURCE SURFACE FROM DISK
1349514.482	Study_Phase.SEQUENCE.Study_Instruction	LOADING RESOURCE SURFACE FROM DISK
1357781.261	Study_Phase.SEQUENCE.Study_Instruction	LOADING RESOURCE SURFACE FROM DISK
1366047.86	Study_Phase.SEQUENCE.Study_Instruction	LOADING RESOURCE SURFACE FROM DISK
1374315.799	Study_Phase.SEQUENCE.Study_Instruction	LOADING RESOURCE SURFACE FROM DISK
1382584.927	Study_Phase.SEQUENCE.Study_Instruction	LOADING RESOURCE SURFACE FROM DISK
1382587.042	Study_Phase.SEQUENCE.Study_Instruction	LOADING RESOURCE SURFACE FROM DISK
1390865.784	Study_Phase.SEQUENCE.Study_Instruction	LOADING RESOURCE SURFACE FROM DISK
1399134.864	Study_Phase.SEQUENCE.Study_Instruction	LOADING RESOURCE SURFACE FROM DISK
1399137.107	Study_Phase.SEQUENCE.Study_Instruction	LOADING RESOURCE SURFACE FROM DISK
1407418.371	Study_Phase.SEQUENCE.Study_Instruction	LOADING RESOURCE SURFACE FROM DISK
1407420.673	Study_Phase.SEQUENCE.Study_Instruction	LOADING RESOURCE SURFACE FROM DISK
1415697.758	Study_Phase.SEQUENCE.Study_Instruction	LOADING RESOURCE SURFACE FROM DISK
1423968.298	Study_Phase.SEQUENCE.Study_Instruction	LOADING RESOURCE SURFACE FROM DISK
1423970.653	Study_Phase.SEQUENCE.Study_Instruction	LOADING RESOURCE SURFACE FROM DISK
1432247.886	Study_Phase.SEQUENCE.Study_Instruction	LOADING RESOURCE SURFACE FROM DISK
1440514.545	Study_Phase.SEQUENCE.Study_Instruction	LOADING RESOURCE SURFACE FROM DISK
1448782.545	Study_Phase.SEQUENCE.Study_Instruction	LOADING RESOURCE SURFACE FROM DISK
1457051.505	Study_Phase.SEQUENCE.Study_Instruction	LOADING RESOURCE SURFACE FROM DISK
1457053.594	Study_Phase.SEQUENCE.Study_Instruction	LOADING RESOURCE SURFACE FROM DISK
1465334.87	Study_Phase.SEQUENCE.Study_Instruction	LOADING RESOURCE SURFACE FROM DISK
1465337.135	Study_Phase.SEQUENCE.Study_Instruction	LOADING RESOURCE SURFACE FROM DISK
1473615.704	Study_Phase.SEQUENCE.Study_Instruction	LOADING RESOURCE SURFACE FROM DISK
1481881.234	Study_Phase.SEQUENCE.Study_Instruction	LOADING RESOURCE SURFACE FROM DISK
1490147.728	Study_Phase.SEQUENCE.Study_Instruction	LOADING RESOURCE SURFACE FROM DISK
1498418.161	Study_Phase.SEQUENCE.Study_Instruction	LOADING RESOURCE SURFACE FROM DISK
1498420.275	Study_Phase.SEQUENCE.Study_Instruction	LOADING RESOURCE SURFACE FROM DISK
1506701.663	Study_Phase.SEQUENCE.Study_Instruction	LOADING RESOURCE SURFACE FROM DISK
1506703.976	Study_Phase.SEQUENCE.Study_Instruction	LOADING RESOURCE SURFACE FROM DISK
1514982.563	Study_Phase.SEQUENCE.Study_Instruction	LOADING RESOURCE SURFACE FROM DISK
1523231.272	Study_Phase.SEQUENCE.Study_Instruction	LOADING RESOURCE SURFACE FROM DISK
1531501.643	Study_Phase.SEQUENCE.Study_Instruction	LOADING RESOURCE SURFACE FROM DISK
1531503.812	Study_Phase.SEQUENCE.Study_Instruction	LOADING RESOURCE SURFACE FROM DISK
1539784.805	Study_Phase.SEQUENCE.Study_Instruction	LOADING RESOURCE SURFACE FROM DISK
1539787.128	Study_Phase.SEQUENCE.Study_Instruction	LOADING RESOURCE SURFACE FROM DISK
1548051.47	Study_Phase.SEQUENCE.Study_Instruction	LOADING RESOURCE SURFACE FROM DISK
1548053.785	Study_Phase.SEQUENCE.Study_Instruction	LOADING RESOURCE SURFACE FROM DISK
1556332.408	Study_Phase.SEQUENCE.Study_Instruction	LOADING RESOURCE SURFACE FROM DISK
1564584.862	Study_Phase.SEQUENCE.Study_Instruction	LOADING RESOURCE SURFACE FROM DISK
1564587.08	Study_Phase.SEQUENCE.Study_Instruction	LOADING RESOURCE SURFACE FROM DISK
1572865.791	Study_Phase.SEQUENCE.Study_Instruction	LOADING RESOURCE SURFACE FROM DISK
1581101.594	Study_Phase.SEQUENCE.Study_Instruction	LOADING RESOURCE SURFACE FROM DISK
1581103.749	Study_Phase.SEQUENCE.Study_Instruction	LOADING RESOURCE SURFACE FROM DISK
1589382.229	Study_Phase.SEQUENCE.Study_Instruction	LOADING RESOURCE SURFACE FROM DISK
1597647.876	Study_Phase.SEQUENCE.Study_Instruction	LOADING RESOURCE SURFACE FROM DISK
1605914.465	Study_Phase.SEQUENCE.Study_Instruction	LOADING RESOURCE SURFACE FROM DISK
1614168.289	Study_Phase.SEQUENCE.Study_Instruction	LOADING RESOURCE SURFACE FROM DISK
1614170.422	Study_Phase.SEQUENCE.Study_Instruction	LOADING RESOURCE SURFACE FROM DISK
1622447.907	Study_Phase.SEQUENCE.Study_Instruction	LOADING RESOURCE SURFACE FROM DISK
1630714.499	Study_Phase.SEQUENCE.Study_Instruction	LOADING RESOURCE SURFACE FROM DISK
1638984.834	Study_Phase.SEQUENCE.Study_Instruction	LOADING RESOURCE SURFACE FROM DISK
1638987.141	Study_Phase.SEQUENCE.Study_Instruction	LOADING RESOURCE SURFACE FROM DISK
1647264.446	Study_Phase.SEQUENCE.Study_Instruction	LOADING RESOURCE SURFACE FROM DISK
1655535.018	Study_Phase.SEQUENCE.Study_Instruction	LOADING RESOURCE SURFACE FROM DISK
1655537.324	Study_Phase.SEQUENCE.Study_Instruction	LOADING RESOURCE SURFACE FROM DISK
1663818.315	Study_Phase.SEQUENCE.Study_Instruction	LOADING RESOURCE SURFACE FROM DISK
1663820.746	Study_Phase.SEQUENCE.Study_Instruction	LOADING RESOURCE SURFACE FROM DISK
1672101.488	Study_Phase.SEQUENCE.Study_Instruction	LOADING RESOURCE SURFACE FROM DISK
1672103.732	Study_Phase.SEQUENCE.Study_Instruction	LOADING RESOURCE SURFACE FROM DISK
1680381.162	Study_Phase.SEQUENCE.Study_Instruction	LOADING RESOURCE SURFACE FROM DISK
1688635.018	Study_Phase.SEQUENCE.Study_Instruction	LOADING RESOURCE SURFACE FROM DISK
1688637.3	Study_Phase.SEQUENCE.Study_Instruction	LOADING RESOURCE SURFACE FROM DISK
1696918.274	Study_Phase.SEQUENCE.Study_Instruction	LOADING RESOURCE SURFACE FROM DISK
1696920.566	Study_Phase.SEQUENCE.Study_Instruction	LOADING RESOURCE SURFACE FROM DISK
1705201.454	Study_Phase.SEQUENCE.Study_Instruction	LOADING RESOURCE SURFACE FROM DISK
1705203.701	Study_Phase.SEQUENCE.Study_Instruction	LOADING RESOURCE SURFACE FROM DISK
1713482.367	Study_Phase.SEQUENCE.Study_Instruction	LOADING RESOURCE SURFACE FROM DISK
1721751.402	Study_Phase.SEQUENCE.Study_Instruction	LOADING RESOURCE SURFACE FROM DISK
1721753.51	Study_Phase.SEQUENCE.Study_Instruction	LOADING RESOURCE SURFACE FROM DISK
1730031.096	Study_Phase.SEQUENCE.Study_Instruction	LOADING RESOURCE SURFACE FROM DISK
1738301.596	Study_Phase.SEQUENCE.Study_Instruction	LOADING RESOURCE SURFACE FROM DISK
1738303.958	Study_Phase.SEQUENCE.Study_Instruction	LOADING RESOURCE SURFACE FROM DISK
1746582.557	Study_Phase.SEQUENCE.Study_Instruction	LOADING RESOURCE SURFACE FROM DISK
1754831.233	Study_Phase.SEQUENCE.Study_Instruction	LOADING RESOURCE SURFACE FROM DISK
1763097.776	Study_Phase.SEQUENCE.Study_Instruction	LOADING RESOURCE SURFACE FROM DISK
1771368.405	Study_Phase.SEQUENCE.Study_Instruction	LOADING RESOURCE SURFACE FROM DISK
1771370.913	Study_Phase.SEQUENCE.Study_Instruction	LOADING RESOURCE SURFACE FROM DISK
1779649.098	Study_Phase.SEQUENCE.Study_Instruction	LOADING RESOURCE SURFACE FROM DISK
1787885.037	Study_Phase.SEQUENCE.Study_Instruction	LOADING RESOURCE SURFACE FROM DISK
1787887.206	Study_Phase.SEQUENCE.Study_Instruction	LOADING RESOURCE SURFACE FROM DISK
1796168.273	Study_Phase.SEQUENCE.Study_Instruction	LOADING RESOURCE SURFACE FROM DISK
1796170.599	Study_Phase.SEQUENCE.Study_Instruction	LOADING RESOURCE SURFACE FROM DISK
1804447.877	Study_Phase.SEQUENCE.Study_Instruction	LOADING RESOURCE SURFACE FROM DISK
1812715.752	Study_Phase.SEQUENCE.Study_Instruction	LOADING RESOURCE SURFACE FROM DISK
1820984.996	Study_Phase.SEQUENCE.Study_Instruction	LOADING RESOURCE SURFACE FROM DISK
1820987.132	Study_Phase.SEQUENCE.Study_Instruction	LOADING RESOURCE SURFACE FROM DISK
1829265.712	Study_Phase.SEQUENCE.Study_Instruction	LOADING RESOURCE SURFACE FROM DISK
1837534.988	Study_Phase.SEQUENCE.Study_Instruction	LOADING RESOURCE SURFACE FROM DISK
1837537.208	Study_Phase.SEQUENCE.Study_Instruction	LOADING RESOURCE SURFACE FROM DISK
1845815.797	Study_Phase.SEQUENCE.Study_Instruction	LOADING RESOURCE SURFACE FROM DISK
1854068.146	Study_Phase.SEQUENCE.Study_Instruction	LOADING RESOURCE SURFACE FROM DISK
1854070.371	Study_Phase.SEQUENCE.Study_Instruction	LOADING RESOURCE SURFACE FROM DISK
1862351.455	Study_Phase.SEQUENCE.Study_Instruction	LOADING RESOURCE SURFACE FROM DISK
1862353.701	Study_Phase.SEQUENCE.Study_Instruction	LOADING RESOURCE SURFACE FROM DISK
1870635.084	Study_Phase.SEQUENCE.Study_Instruction	LOADING RESOURCE SURFACE FROM DISK
1870637.441	Study_Phase.SEQUENCE.Study_Instruction	LOADING RESOURCE SURFACE FROM DISK
1878914.562	Study_Phase.SEQUENCE.Study_Instruction	LOADING RESOURCE SURFACE FROM DISK
1887181.342	Study_Phase.SEQUENCE.Study_Instruction	LOADING RESOURCE SURFACE FROM DISK
1895449.084	Study_Phase.SEQUENCE.Study_Instruction	LOADING RESOURCE SURFACE FROM DISK
1903718.241	Study_Phase.SEQUENCE.Study_Instruction	LOADING RESOURCE SURFACE FROM DISK
1903720.399	Study_Phase.SEQUENCE.Study_Instruction	LOADING RESOURCE SURFACE FROM DISK
1912001.774	Study_Phase.SEQUENCE.Study_Instruction	LOADING RESOURCE SURFACE FROM DISK
1912004.085	Study_Phase.SEQUENCE.Study_Instruction	LOADING RESOURCE SURFACE FROM DISK
1920284.855	Study_Phase.SEQUENCE.Study_Instruction	LOADING RESOURCE SURFACE FROM DISK
1920287.135	Study_Phase.SEQUENCE.Study_Instruction	LOADING RESOURCE SURFACE FROM DISK
1928547.9	Study_Phase.SEQUENCE.Study_Instruction	LOADING RESOURCE SURFACE FROM DISK
1936818.05	Study_Phase.SEQUENCE.Study_Instruction	LOADING RESOURCE SURFACE FROM DISK
1936820.276	Study_Phase.SEQUENCE.Study_Instruction	LOADING RESOURCE SURFACE FROM DISK
1945099.006	Study_Phase.SEQUENCE.Study_Instruction	LOADING RESOURCE SURFACE FROM DISK
1953368.339	Study_Phase.SEQUENCE.Study_Instruction	LOADING RESOURCE SURFACE FROM DISK
1953370.512	Study_Phase.SEQUENCE.Study_Instruction	LOADING RESOURCE SURFACE FROM DISK
1961647.832	Study_Phase.SEQUENCE.Study_Instruction	LOADING RESOURCE SURFACE FROM DISK
1969915.663	Study_Phase.SEQUENCE.Study_Instruction	LOADING RESOURCE SURFACE FROM DISK
1978168.069	Study_Phase.SEQUENCE.Study_Instruction	LOADING RESOURCE SURFACE FROM DISK
1978170.174	Study_Phase.SEQUENCE.Study_Instruction	LOADING RESOURCE SURFACE FROM DISK
1986448.981	Study_Phase.SEQUENCE.Study_Instruction	LOADING RESOURCE SURFACE FROM DISK
1994718.237	Study_Phase.SEQUENCE.Study_Instruction	LOADING RESOURCE SURFACE FROM DISK
1994720.485	Study_Phase.SEQUENCE.Study_Instruction	LOADING RESOURCE SURFACE FROM DISK
2002997.916	Study_Phase.SEQUENCE.Study_Instruction	LOADING RESOURCE SURFACE FROM DISK
2011264.688	Study_Phase.SEQUENCE.Study_Instruction	LOADING RESOURCE SURFACE FROM DISK
2019532.445	Study_Phase.SEQUENCE.Study_Instruction	LOADING RESOURCE SURFACE FROM DISK
2027801.531	Study_Phase.SEQUENCE.Study_Instruction	LOADING RESOURCE SURFACE FROM DISK
2027803.787	Study_Phase.SEQUENCE.Study_Instruction	LOADING RESOURCE SURFACE FROM DISK
2036081.25	Study_Phase.SEQUENCE.Study_Instruction	LOADING RESOURCE SURFACE FROM DISK
2044351.617	Study_Phase.SEQUENCE.Study_Instruction	LOADING RESOURCE SURFACE FROM DISK
2044354.041	Study_Phase.SEQUENCE.Study_Instruction	LOADING RESOURCE SURFACE FROM DISK
2052634.866	Study_Phase.SEQUENCE.Study_Instruction	LOADING RESOURCE SURFACE FROM DISK
2052637.114	Study_Phase.SEQUENCE.Study_Instruction	LOADING RESOURCE SURFACE FROM DISK
2060918.494	Study_Phase.SEQUENCE.Study_Instruction	LOADING RESOURCE SURFACE FROM DISK
2060920.847	Study_Phase.SEQUENCE.Study_Instruction	LOADING RESOURCE SURFACE FROM DISK
2069201.58	Study_Phase.SEQUENCE.Study_Instruction	LOADING RESOURCE SURFACE FROM DISK
2069203.922	Study_Phase.SEQUENCE.Study_Instruction	LOADING RESOURCE SURFACE FROM DISK
2077448.914	Study_Phase.SEQUENCE.Study_Instruction	LOADING RESOURCE SURFACE FROM DISK
2085701.821	Study_Phase.SEQUENCE.Study_Instruction	LOADING RESOURCE SURFACE FROM DISK
2085704.042	Study_Phase.SEQUENCE.Study_Instruction	LOADING RESOURCE SURFACE FROM DISK
2093965.942	Study_Phase.SEQUENCE.Study_Instruction	LOADING RESOURCE SURFACE FROM DISK
2102214.539	Study_Phase.SEQUENCE.Study_Instruction	LOADING RESOURCE SURFACE FROM DISK
2108437.616	DISPLAY_SCREEN[7]	LOADING RESOURCE SURFACE FROM DISK
2383464.1	Test_Phase.SEQUENCE.Target_Cue	LOADING RESOURCE SURFACE FROM DISK
2383465.72	Test_Phase.SEQUENCE.Target_Cue	LOADING RESOURCE SURFACE FROM DISK
2385481.071	Test_Phase.SEQUENCE.Word	LOADING RESOURCE SURFACE FROM DISK
2388497.428	Test_Phase.SEQUENCE.Test_Question	LOADING RESOURCE SURFACE FROM DISK
2388499.152	Test_Phase.SEQUENCE.Test_Question	LOADING RESOURCE SURFACE FROM DISK
2388500.712	Test_Phase.SEQUENCE.Test_Question	LOADING RESOURCE SURFACE FROM DISK
2388502.476	Test_Phase.SEQUENCE.Test_Question	LOADING RESOURCE SURFACE FROM DISK
2388504.082	Test_Phase.SEQUENCE.Test_Question	LOADING RESOURCE SURFACE FROM DISK
2388505.716	Test_Phase.SEQUENCE.Test_Question	LOADING RESOURCE SURFACE FROM DISK
2388507.384	Test_Phase.SEQUENCE.Test_Question	LOADING RESOURCE SURFACE FROM DISK
2388508.903	Test_Phase.SEQUENCE.Test_Question	LOADING RESOURCE SURFACE FROM DISK
2388510.38	Test_Phase.SEQUENCE.Test_Question	LOADING RESOURCE SURFACE FROM DISK
2388511.986	Test_Phase.SEQUENCE.Test_Question	LOADING RESOURCE SURFACE FROM DISK
2388513.671	Test_Phase.SEQUENCE.Test_Question	LOADING RESOURCE SURFACE FROM DISK
2388515.197	Test_Phase.SEQUENCE.Test_Question	LOADING RESOURCE SURFACE FROM DISK
2392497.975	Test_Phase.SEQUENCE.Word	LOADING RESOURCE SURFACE FROM DISK
2400531.322	Test_Phase.SEQUENCE.Word	LOADING RESOURCE SURFACE FROM DISK
2407998.014	Test_Phase.SEQUENCE.Word	LOADING RESOURCE SURFACE FROM DISK
2417298.041	Test_Phase.SEQUENCE.Word	LOADING RESOURCE SURFACE FROM DISK
2424598.081	Test_Phase.SEQUENCE.Word	LOADING RESOURCE SURFACE FROM DISK
2432664.496	Test_Phase.SEQUENCE.Word	LOADING RESOURCE SURFACE FROM DISK
2440881.163	Test_Phase.SEQUENCE.Word	LOADING RESOURCE SURFACE FROM DISK
2449181.22	Test_Phase.SEQUENCE.Word	LOADING RESOURCE SURFACE FROM DISK
2456481.408	Test_Phase.SEQUENCE.Word	LOADING RESOURCE SURFACE FROM DISK
2463781.416	Test_Phase.SEQUENCE.Word	LOADING RESOURCE SURFACE FROM DISK
2472614.697	Test_Phase.SEQUENCE.Word	LOADING RESOURCE SURFACE FROM DISK
2479881.293	Test_Phase.SEQUENCE.Word	LOADING RESOURCE SURFACE FROM DISK
2487764.55	Test_Phase.SEQUENCE.Word	LOADING RESOURCE SURFACE FROM DISK
2495231.288	Test_Phase.SEQUENCE.Word	LOADING RESOURCE SURFACE FROM DISK
2503048.009	Test_Phase.SEQUENCE.Word	LOADING RESOURCE SURFACE FROM DISK
2511164.621	Test_Phase.SEQUENCE.Word	LOADING RESOURCE SURFACE FROM DISK
2519431.408	Test_Phase.SEQUENCE.Word	LOADING RESOURCE SURFACE FROM DISK
2536547.888	Test_Phase.SEQUENCE.Word	LOADING RESOURCE SURFACE FROM DISK
2544231.358	Test_Phase.SEQUENCE.Word	LOADING RESOURCE SURFACE FROM DISK
2552447.926	Test_Phase.SEQUENCE.Word	LOADING RESOURCE SURFACE FROM DISK
2559897.985	Test_Phase.SEQUENCE.Word	LOADING RESOURCE SURFACE FROM DISK
2567547.95	Test_Phase.SEQUENCE.Word	LOADING RESOURCE SURFACE FROM DISK
2575314.499	Test_Phase.SEQUENCE.Word	LOADING RESOURCE SURFACE FROM DISK
2584281.131	Test_Phase.SEQUENCE.Word	LOADING RESOURCE SURFACE FROM DISK
2591631.309	Test_Phase.SEQUENCE.Word	LOADING RESOURCE SURFACE FROM DISK
2599047.923	Test_Phase.SEQUENCE.Word	LOADING RESOURCE SURFACE FROM DISK
2607498.036	Test_Phase.SEQUENCE.Word	LOADING RESOURCE SURFACE FROM DISK
2615464.438	Test_Phase.SEQUENCE.Word	LOADING RESOURCE SURFACE FROM DISK
2623931.393	Test_Phase.SEQUENCE.Word	LOADING RESOURCE SURFACE FROM DISK
2631897.949	Test_Phase.SEQUENCE.Word	LOADING RESOURCE SURFACE FROM DISK
2639648.045	Test_Phase.SEQUENCE.Word	LOADING RESOURCE SURFACE FROM DISK
2647231.363	Test_Phase.SEQUENCE.Word	LOADING RESOURCE SURFACE FROM DISK
2654464.551	Test_Phase.SEQUENCE.Word	LOADING RESOURCE SURFACE FROM DISK
2663181.5	Test_Phase.SEQUENCE.Word	LOADING RESOURCE SURFACE FROM DISK
2670498.055	Test_Phase.SEQUENCE.Word	LOADING RESOURCE SURFACE FROM DISK
2677914.633	Test_Phase.SEQUENCE.Word	LOADING RESOURCE SURFACE FROM DISK
2685281.439	Test_Phase.SEQUENCE.Word	LOADING RESOURCE SURFACE FROM DISK
2693947.803	Test_Phase.SEQUENCE.Word	LOADING RESOURCE SURFACE FROM DISK
2701281.522	Test_Phase.SEQUENCE.Word	LOADING RESOURCE SURFACE FROM DISK
2711714.646	Test_Phase.SEQUENCE.Word	LOADING RESOURCE SURFACE FROM DISK
2719381.256	Test_Phase.SEQUENCE.Word	LOADING RESOURCE SURFACE FROM DISK
2726631.326	Test_Phase.SEQUENCE.Word	LOADING RESOURCE SURFACE FROM DISK
2734081.271	Test_Phase.SEQUENCE.Word	LOADING RESOURCE SURFACE FROM DISK
2741214.614	Test_Phase.SEQUENCE.Word	LOADING RESOURCE SURFACE FROM DISK
2748431.217	Test_Phase.SEQUENCE.Word	LOADING RESOURCE SURFACE FROM DISK
2755764.62	Test_Phase.SEQUENCE.Word	LOADING RESOURCE SURFACE FROM DISK
2762848.035	Test_Phase.SEQUENCE.Word	LOADING RESOURCE SURFACE FROM DISK
2770064.589	Test_Phase.SEQUENCE.Word	LOADING RESOURCE SURFACE FROM DISK
2778514.433	Test_Phase.SEQUENCE.Word	LOADING RESOURCE SURFACE FROM DISK
2787347.881	Test_Phase.SEQUENCE.Word	LOADING RESOURCE SURFACE FROM DISK
2796598.01	Test_Phase.SEQUENCE.Word	LOADING RESOURCE SURFACE FROM DISK
2804248.033	Test_Phase.SEQUENCE.Word	LOADING RESOURCE SURFACE FROM DISK
2811998.05	Test_Phase.SEQUENCE.Word	LOADING RESOURCE SURFACE FROM DISK
2819331.239	Test_Phase.SEQUENCE.Word	LOADING RESOURCE SURFACE FROM DISK
2826431.306	Test_Phase.SEQUENCE.Word	LOADING RESOURCE SURFACE FROM DISK
2833647.908	Test_Phase.SEQUENCE.Word	LOADING RESOURCE SURFACE FROM DISK
2840748.16	Test_Phase.SEQUENCE.Word	LOADING RESOURCE SURFACE FROM DISK
2847864.538	Test_Phase.SEQUENCE.Word	LOADING RESOURCE SURFACE FROM DISK
2855814.506	Test_Phase.SEQUENCE.Word	LOADING RESOURCE SURFACE FROM DISK
2863964.456	Test_Phase.SEQUENCE.Word	LOADING RESOURCE SURFACE FROM DISK
2872231.285	Test_Phase.SEQUENCE.Word	LOADING RESOURCE SURFACE FROM DISK
2879214.497	Test_Phase.SEQUENCE.Word	LOADING RESOURCE SURFACE FROM DISK
2886281.463	Test_Phase.SEQUENCE.Word	LOADING RESOURCE SURFACE FROM DISK
2894031.242	Test_Phase.SEQUENCE.Word	LOADING RESOURCE SURFACE FROM DISK
2901364.502	Test_Phase.SEQUENCE.Word	LOADING RESOURCE SURFACE FROM DISK
2908614.428	Test_Phase.SEQUENCE.Word	LOADING RESOURCE SURFACE FROM DISK
2915881.283	Test_Phase.SEQUENCE.Word	LOADING RESOURCE SURFACE FROM DISK
2923614.513	Test_Phase.SEQUENCE.Word	LOADING RESOURCE SURFACE FROM DISK
2930664.903	Test_Phase.SEQUENCE.Word	LOADING RESOURCE SURFACE FROM DISK
2938248.007	Test_Phase.SEQUENCE.Word	LOADING RESOURCE SURFACE FROM DISK
2946414.58	Test_Phase.SEQUENCE.Word	LOADING RESOURCE SURFACE FROM DISK
2953764.614	Test_Phase.SEQUENCE.Word	LOADING RESOURCE SURFACE FROM DISK
2961397.975	Test_Phase.SEQUENCE.Word	LOADING RESOURCE SURFACE FROM DISK
2969048.111	Test_Phase.SEQUENCE.Word	LOADING RESOURCE SURFACE FROM DISK
2976098.107	Test_Phase.SEQUENCE.Word	LOADING RESOURCE SURFACE FROM DISK
2983131.361	Test_Phase.SEQUENCE.Word	LOADING RESOURCE SURFACE FROM DISK
2990864.493	Test_Phase.SEQUENCE.Word	LOADING RESOURCE SURFACE FROM DISK
2997931.567	Test_Phase.SEQUENCE.Word	LOADING RESOURCE SURFACE FROM DISK
3006381.446	Test_Phase.SEQUENCE.Word	LOADING RESOURCE SURFACE FROM DISK
3013564.586	Test_Phase.SEQUENCE.Word	LOADING RESOURCE SURFACE FROM DISK
3020614.575	Test_Phase.SEQUENCE.Word	LOADING RESOURCE SURFACE FROM DISK
3028231.229	Test_Phase.SEQUENCE.Word	LOADING RESOURCE SURFACE FROM DISK
3035614.535	Test_Phase.SEQUENCE.Word	LOADING RESOURCE SURFACE FROM DISK
3042897.901	Test_Phase.SEQUENCE.Word	LOADING RESOURCE SURFACE FROM DISK
3050214.582	Test_Phase.SEQUENCE.Word	LOADING RESOURCE SURFACE FROM DISK
3058148.06	Test_Phase.SEQUENCE.Word	LOADING RESOURCE SURFACE FROM DISK
3065514.646	Test_Phase.SEQUENCE.Word	LOADING RESOURCE SURFACE FROM DISK
3072531.328	Test_Phase.SEQUENCE.Word	LOADING RESOURCE SURFACE FROM DISK
3080214.836	Test_Phase.SEQUENCE.Word	LOADING RESOURCE SURFACE FROM DISK
3087848.013	Test_Phase.SEQUENCE.Word	LOADING RESOURCE SURFACE FROM DISK
3095898.25	Test_Phase.SEQUENCE.Word	LOADING RESOURCE SURFACE FROM DISK
3102964.626	Test_Phase.SEQUENCE.Word	LOADING RESOURCE SURFACE FROM DISK
3110064.508	Test_Phase.SEQUENCE.Word	LOADING RESOURCE SURFACE FROM DISK
3117264.685	Test_Phase.SEQUENCE.Word	LOADING RESOURCE SURFACE FROM DISK
3124347.963	Test_Phase.SEQUENCE.Word	LOADING RESOURCE SURFACE FROM DISK
3131347.888	Test_Phase.SEQUENCE.Word	LOADING RESOURCE SURFACE FROM DISK
3138581.283	Test_Phase.SEQUENCE.Word	LOADING RESOURCE SURFACE FROM DISK
3145631.304	Test_Phase.SEQUENCE.Word	LOADING RESOURCE SURFACE FROM DISK
3154481.248	Test_Phase.SEQUENCE.Word	LOADING RESOURCE SURFACE FROM DISK
3162181.31	Test_Phase.SEQUENCE.Word	LOADING RESOURCE SURFACE FROM DISK
3170214.419	Test_Phase.SEQUENCE.Word	LOADING RESOURCE SURFACE FROM DISK
3178964.649	Test_Phase.SEQUENCE.Word	LOADING RESOURCE SURFACE FROM DISK
3186548.02	Test_Phase.SEQUENCE.Word	LOADING RESOURCE SURFACE FROM DISK
3193698.013	Test_Phase.SEQUENCE.Word	LOADING RESOURCE SURFACE FROM DISK
3201064.63	Test_Phase.SEQUENCE.Word	LOADING RESOURCE SURFACE FROM DISK
3209031.245	Test_Phase.SEQUENCE.Word	LOADING RESOURCE SURFACE FROM DISK
3216364.736	Test_Phase.SEQUENCE.Word	LOADING RESOURCE SURFACE FROM DISK
3223397.807	Test_Phase.SEQUENCE.Word	LOADING RESOURCE SURFACE FROM DISK
3232264.456	Test_Phase.SEQUENCE.Word	LOADING RESOURCE SURFACE FROM DISK
3239614.514	Test_Phase.SEQUENCE.Word	LOADING RESOURCE SURFACE FROM DISK
3247364.591	Test_Phase.SEQUENCE.Word	LOADING RESOURCE SURFACE FROM DISK
3254531.297	Test_Phase.SEQUENCE.Word	LOADING RESOURCE SURFACE FROM DISK
3261597.949	Test_Phase.SEQUENCE.Word	LOADING RESOURCE SURFACE FROM DISK
3268598.03	Test_Phase.SEQUENCE.Word	LOADING RESOURCE SURFACE FROM DISK
3275631.119	Test_Phase.SEQUENCE.Word	LOADING RESOURCE SURFACE FROM DISK
3282631.205	Test_Phase.SEQUENCE.Word	LOADING RESOURCE SURFACE FROM DISK
3290198.103	Test_Phase.SEQUENCE.Word	LOADING RESOURCE SURFACE FROM DISK
3299481.093	Test_Phase.SEQUENCE.Word	LOADING RESOURCE SURFACE FROM DISK
3307964.573	Test_Phase.SEQUENCE.Word	LOADING RESOURCE SURFACE FROM DISK
3317098.002	Test_Phase.SEQUENCE.Word	LOADING RESOURCE SURFACE FROM DISK
3324248.039	Test_Phase.SEQUENCE.Word	LOADING RESOURCE SURFACE FROM DISK
3331314.649	Test_Phase.SEQUENCE.Word	LOADING RESOURCE SURFACE FROM DISK
3338998.107	Test_Phase.SEQUENCE.Word	LOADING RESOURCE SURFACE FROM DISK
3346581.357	Test_Phase.SEQUENCE.Word	LOADING RESOURCE SURFACE FROM DISK
3354848.026	Test_Phase.SEQUENCE.Word	LOADING RESOURCE SURFACE FROM DISK
3362664.7	Test_Phase.SEQUENCE.Word	LOADING RESOURCE SURFACE FROM DISK
3369831.19	Test_Phase.SEQUENCE.Word	LOADING RESOURCE SURFACE FROM DISK
3376964.733	Test_Phase.SEQUENCE.Word	LOADING RESOURCE SURFACE FROM DISK
3383981.376	Test_Phase.SEQUENCE.Word	LOADING RESOURCE SURFACE FROM DISK
3391264.853	Test_Phase.SEQUENCE.Word	LOADING RESOURCE SURFACE FROM DISK
3398931.344	Test_Phase.SEQUENCE.Word	LOADING RESOURCE SURFACE FROM DISK
3405981.444	Test_Phase.SEQUENCE.Word	LOADING RESOURCE SURFACE FROM DISK
3413064.473	Test_Phase.SEQUENCE.Word	LOADING RESOURCE SURFACE FROM DISK
3421181.425	Test_Phase.SEQUENCE.Word	LOADING RESOURCE SURFACE FROM DISK
3428664.6	Test_Phase.SEQUENCE.Word	LOADING RESOURCE SURFACE FROM DISK
3435747.852	Test_Phase.SEQUENCE.Word	LOADING RESOURCE SURFACE FROM DISK
3443514.575	Test_Phase.SEQUENCE.Word	LOADING RESOURCE SURFACE FROM DISK
3450547.881	Test_Phase.SEQUENCE.Word	LOADING RESOURCE SURFACE FROM DISK
3457781.317	Test_Phase.SEQUENCE.Word	LOADING RESOURCE SURFACE FROM DISK
3465948.061	Test_Phase.SEQUENCE.Word	LOADING RESOURCE SURFACE FROM DISK
3473064.435	Test_Phase.SEQUENCE.Word	LOADING RESOURCE SURFACE FROM DISK
3480281.234	Test_Phase.SEQUENCE.Word	LOADING RESOURCE SURFACE FROM DISK
3487514.609	Test_Phase.SEQUENCE.Word	LOADING RESOURCE SURFACE FROM DISK
3494564.606	Test_Phase.SEQUENCE.Word	LOADING RESOURCE SURFACE FROM DISK
3501631.294	Test_Phase.SEQUENCE.Word	LOADING RESOURCE SURFACE FROM DISK
3508814.612	Test_Phase.SEQUENCE.Word	LOADING RESOURCE SURFACE FROM DISK
3517281.481	Test_Phase.SEQUENCE.Word	LOADING RESOURCE SURFACE FROM DISK
3524464.69	Test_Phase.SEQUENCE.Word	LOADING RESOURCE SURFACE FROM DISK
3531597.956	Test_Phase.SEQUENCE.Word	LOADING RESOURCE SURFACE FROM DISK
3538681.238	Test_Phase.SEQUENCE.Word	LOADING RESOURCE SURFACE FROM DISK
3546797.845	Test_Phase.SEQUENCE.Word	LOADING RESOURCE SURFACE FROM DISK
3554247.889	Test_Phase.SEQUENCE.Word	LOADING RESOURCE SURFACE FROM DISK
3561364.543	Test_Phase.SEQUENCE.Word	LOADING RESOURCE SURFACE FROM DISK
3568497.874	Test_Phase.SEQUENCE.Word	LOADING RESOURCE SURFACE FROM DISK
3575631.216	Test_Phase.SEQUENCE.Word	LOADING RESOURCE SURFACE FROM DISK
3583814.548	Test_Phase.SEQUENCE.Word	LOADING RESOURCE SURFACE FROM DISK
3590948.09	Test_Phase.SEQUENCE.Word	LOADING RESOURCE SURFACE FROM DISK
3598281.178	Test_Phase.SEQUENCE.Word	LOADING RESOURCE SURFACE FROM DISK
3606181.208	Test_Phase.SEQUENCE.Word	LOADING RESOURCE SURFACE FROM DISK
3613214.5	Test_Phase.SEQUENCE.Word	LOADING RESOURCE SURFACE FROM DISK
3620281.218	Test_Phase.SEQUENCE.Word	LOADING RESOURCE SURFACE FROM DISK
3627414.556	Test_Phase.SEQUENCE.Word	LOADING RESOURCE SURFACE FROM DISK
3634497.919	Test_Phase.SEQUENCE.Word	LOADING RESOURCE SURFACE FROM DISK
3641548.0	Test_Phase.SEQUENCE.Word	LOADING RESOURCE SURFACE FROM DISK
3648598.092	Test_Phase.SEQUENCE.Word	LOADING RESOURCE SURFACE FROM DISK
3655714.818	Test_Phase.SEQUENCE.Word	LOADING RESOURCE SURFACE FROM DISK
3662881.382	Test_Phase.SEQUENCE.Word	LOADING RESOURCE SURFACE FROM DISK
3671181.462	Test_Phase.SEQUENCE.Word	LOADING RESOURCE SURFACE FROM DISK
3679547.968	Test_Phase.SEQUENCE.Word	LOADING RESOURCE SURFACE FROM DISK
3686714.509	Test_Phase.SEQUENCE.Word	LOADING RESOURCE SURFACE FROM DISK
3694147.969	Test_Phase.SEQUENCE.Word	LOADING RESOURCE SURFACE FROM DISK
3701231.314	Test_Phase.SEQUENCE.Word	LOADING RESOURCE SURFACE FROM DISK
3708448.036	Test_Phase.SEQUENCE.Word	LOADING RESOURCE SURFACE FROM DISK
3715581.224	Test_Phase.SEQUENCE.Word	LOADING RESOURCE SURFACE FROM DISK
3722697.777	Test_Phase.SEQUENCE.Word	LOADING RESOURCE SURFACE FROM DISK
3729747.878	Test_Phase.SEQUENCE.Word	LOADING RESOURCE SURFACE FROM DISK
3736831.246	Test_Phase.SEQUENCE.Word	LOADING RESOURCE SURFACE FROM DISK
3743881.296	Test_Phase.SEQUENCE.Word	LOADING RESOURCE SURFACE FROM DISK
3751314.622	Test_Phase.SEQUENCE.Word	LOADING RESOURCE SURFACE FROM DISK
3758464.58	Test_Phase.SEQUENCE.Word	LOADING RESOURCE SURFACE FROM DISK
3765481.513	Test_Phase.SEQUENCE.Word	LOADING RESOURCE SURFACE FROM DISK
3773548.132	Test_Phase.SEQUENCE.Word	LOADING RESOURCE SURFACE FROM DISK
3780531.156	Test_Phase.SEQUENCE.Word	LOADING RESOURCE SURFACE FROM DISK
3788648.068	Test_Phase.SEQUENCE.Word	LOADING RESOURCE SURFACE FROM DISK
3795714.715	Test_Phase.SEQUENCE.Word	LOADING RESOURCE SURFACE FROM DISK
3802731.49	Test_Phase.SEQUENCE.Word	LOADING RESOURCE SURFACE FROM DISK
3810014.444	Test_Phase.SEQUENCE.Word	LOADING RESOURCE SURFACE FROM DISK
3817047.976	Test_Phase.SEQUENCE.Word	LOADING RESOURCE SURFACE FROM DISK
3824147.887	Test_Phase.SEQUENCE.Word	LOADING RESOURCE SURFACE FROM DISK
3831148.002	Test_Phase.SEQUENCE.Word	LOADING RESOURCE SURFACE FROM DISK
3838197.92	Test_Phase.SEQUENCE.Word	LOADING RESOURCE SURFACE FROM DISK
3845264.622	Test_Phase.SEQUENCE.Word	LOADING RESOURCE SURFACE FROM DISK
3852247.971	Test_Phase.SEQUENCE.Word	LOADING RESOURCE SURFACE FROM DISK
3859631.31	Test_Phase.SEQUENCE.Word	LOADING RESOURCE SURFACE FROM DISK
3867047.858	Test_Phase.SEQUENCE.Word	LOADING RESOURCE SURFACE FROM DISK
3875814.447	Test_Phase.SEQUENCE.Word	LOADING RESOURCE SURFACE FROM DISK
3884047.994	Test_Phase.SEQUENCE.Word	LOADING RESOURCE SURFACE FROM DISK
3891281.263	Test_Phase.SEQUENCE.Word	LOADING RESOURCE SURFACE FROM DISK
3895134.375	DISPLAY_SCREEN	LOADING RESOURCE SURFACE FROM DISK
