5378.583	DISPLAY_SCREEN[1]	LOADING RESOURCE SURFACE FROM DISK
499677.661	Familiarization_Phase.SEQUENCE.Cue_and_Instruction	LOADING RESOURCE SURFACE FROM DISK
499692.227	Familiarization_Phase.SEQUENCE.Cue_and_Instruction	LOADING RESOURCE SURFACE FROM DISK
505738.907	Familiarization_Phase.SEQUENCE.Cue_and_Instruction	LOADING RESOURCE SURFACE FROM DISK
505743.433	Familiarization_Phase.SEQUENCE.Cue_and_Instruction	LOADING RESOURCE SURFACE FROM DISK
511788.957	Familiarization_Phase.SEQUENCE.Cue_and_Instruction	LOADING RESOURCE SURFACE FROM DISK
512067.422	Familiarization_Phase.SEQUENCE.Cue_and_Instruction	LOADING RESOURCE SURFACE FROM DISK
554465.524	DISPLAY_SCREEN[3]	LOADING RESOURCE SURFACE FROM DISK
558345.955	DISPLAY_SCREEN[5]	LOADING RESOURCE SURFACE FROM DISK
699629.57	Practice_Phase.SEQUENCE.Blink_Screen	LOADING RESOURCE SURFACE FROM DISK
699630.633	Practice_Phase.SEQUENCE.Blink_Screen	flip time is later than desired time. Desired Time=699618 Flip Time=699652 Retrace Rate=16.641, prepareTime=36 flip request time 699630
700870.995	Practice_Phase.SEQUENCE.Practice_Luminance_Cue	LOADING RESOURCE SURFACE FROM DISK
700884.232	Practice_Phase.SEQUENCE.Practice_Luminance_Cue	LOADING RESOURCE SURFACE FROM DISK
700885.751	Practice_Phase.SEQUENCE.Practice_Luminance_Cue	flip time is later than desired time. Desired Time=700852 Flip Time=700902 Retrace Rate=16.641, prepareTime=57 flip request time 700885
701423.681	Practice_Phase.SEQUENCE.DISPLAY_SCREEN	LOADING RESOURCE SURFACE FROM DISK
701425.751	Practice_Phase.SEQUENCE.DISPLAY_SCREEN	flip time is later than desired time. Desired Time=701402 Flip Time=701435 Retrace Rate=16.641, prepareTime=47 flip request time 701425
702999.524	Practice_Phase.SEQUENCE.Practice_Instruction	LOADING RESOURCE SURFACE FROM DISK
703000.974	Practice_Phase.SEQUENCE.Practice_Instruction	flip time is later than desired time. Desired Time=702935 Flip Time=703018 Retrace Rate=16.641, prepareTime=89 flip request time 703000
709686.788	Practice_Phase.SEQUENCE.DISPLAY_SCREEN	LOADING RESOURCE SURFACE FROM DISK
709688.808	Practice_Phase.SEQUENCE.DISPLAY_SCREEN	flip time is later than desired time. Desired Time=709602 Flip Time=709702 Retrace Rate=16.641, prepareTime=110 flip request time 709688
711215.428	Practice_Phase.SEQUENCE.Practice_Instruction	LOADING RESOURCE SURFACE FROM DISK
711216.996	Practice_Phase.SEQUENCE.Practice_Instruction	flip time is later than desired time. Desired Time=711202 Flip Time=711235 Retrace Rate=16.641, prepareTime=39 flip request time 711216
717825.669	Practice_Phase.SEQUENCE.DISPLAY_SCREEN	LOADING RESOURCE SURFACE FROM DISK
717827.591	Practice_Phase.SEQUENCE.DISPLAY_SCREEN	flip time is later than desired time. Desired Time=717802 Flip Time=717835 Retrace Rate=16.641, prepareTime=49 flip request time 717827
719313.571	Practice_Phase.SEQUENCE.Practice_Instruction	LOADING RESOURCE SURFACE FROM DISK
725883.327	Practice_Phase.SEQUENCE.DISPLAY_SCREEN	LOADING RESOURCE SURFACE FROM DISK
727422.532	Practice_Phase.SEQUENCE.Practice_Instruction	LOADING RESOURCE SURFACE FROM DISK
727424.0	Practice_Phase.SEQUENCE.Practice_Instruction	flip time is later than desired time. Desired Time=727402 Flip Time=727435 Retrace Rate=16.641, prepareTime=45 flip request time 727423
733983.181	Practice_Phase.SEQUENCE.DISPLAY_SCREEN	LOADING RESOURCE SURFACE FROM DISK
735520.051	Practice_Phase.SEQUENCE.Practice_Instruction	LOADING RESOURCE SURFACE FROM DISK
735521.452	Practice_Phase.SEQUENCE.Practice_Instruction	flip time is later than desired time. Desired Time=735502 Flip Time=735535 Retrace Rate=16.641, prepareTime=43 flip request time 735521
742083.435	Practice_Phase.SEQUENCE.DISPLAY_SCREEN	LOADING RESOURCE SURFACE FROM DISK
743616.182	Practice_Phase.SEQUENCE.Practice_Instruction	LOADING RESOURCE SURFACE FROM DISK
743617.588	Practice_Phase.SEQUENCE.Practice_Instruction	flip time is later than desired time. Desired Time=743602 Flip Time=743635 Retrace Rate=16.641, prepareTime=39 flip request time 743617
750183.547	Practice_Phase.SEQUENCE.DISPLAY_SCREEN	LOADING RESOURCE SURFACE FROM DISK
751720.72	Practice_Phase.SEQUENCE.Practice_Instruction	LOADING RESOURCE SURFACE FROM DISK
751722.224	Practice_Phase.SEQUENCE.Practice_Instruction	flip time is later than desired time. Desired Time=751702 Flip Time=751735 Retrace Rate=16.641, prepareTime=44 flip request time 751721
758283.126	Practice_Phase.SEQUENCE.DISPLAY_SCREEN	LOADING RESOURCE SURFACE FROM DISK
759814.047	Practice_Phase.SEQUENCE.Practice_Instruction	LOADING RESOURCE SURFACE FROM DISK
759815.455	Practice_Phase.SEQUENCE.Practice_Instruction	flip time is later than desired time. Desired Time=759802 Flip Time=759835 Retrace Rate=16.641, prepareTime=37 flip request time 759815
766383.446	Practice_Phase.SEQUENCE.DISPLAY_SCREEN	LOADING RESOURCE SURFACE FROM DISK
767880.304	Practice_Phase.SEQUENCE.Practice_Instruction	LOADING RESOURCE SURFACE FROM DISK
772558.577	DISPLAY_SCREEN[2]	LOADING RESOURCE SURFACE FROM DISK
919608.355	Study_Phase.SEQUENCE.DISPLAY_SCREEN	LOADING RESOURCE SURFACE FROM DISK
921401.527	Study_Phase.SEQUENCE.Study_Instruction	LOADING RESOURCE SURFACE FROM DISK
928158.151	Study_Phase.SEQUENCE.DISPLAY_SCREEN	LOADING RESOURCE SURFACE FROM DISK
929708.734	Study_Phase.SEQUENCE.Study_Instruction	LOADING RESOURCE SURFACE FROM DISK
938010.801	Study_Phase.SEQUENCE.Study_Instruction	LOADING RESOURCE SURFACE FROM DISK
946323.654	Study_Phase.SEQUENCE.Study_Instruction	LOADING RESOURCE SURFACE FROM DISK
953074.799	Study_Phase.SEQUENCE.DISPLAY_SCREEN	LOADING RESOURCE SURFACE FROM DISK
954630.225	Study_Phase.SEQUENCE.Study_Instruction	LOADING RESOURCE SURFACE FROM DISK
961391.708	Study_Phase.SEQUENCE.DISPLAY_SCREEN	LOADING RESOURCE SURFACE FROM DISK
962997.369	Study_Phase.SEQUENCE.Study_Instruction	LOADING RESOURCE SURFACE FROM DISK
969758.18	Study_Phase.SEQUENCE.DISPLAY_SCREEN	LOADING RESOURCE SURFACE FROM DISK
971308.206	Study_Phase.SEQUENCE.Study_Instruction	LOADING RESOURCE SURFACE FROM DISK
978058.275	Study_Phase.SEQUENCE.DISPLAY_SCREEN	LOADING RESOURCE SURFACE FROM DISK
979613.462	Study_Phase.SEQUENCE.Study_Instruction	LOADING RESOURCE SURFACE FROM DISK
986374.947	Study_Phase.SEQUENCE.DISPLAY_SCREEN	LOADING RESOURCE SURFACE FROM DISK
987922.873	Study_Phase.SEQUENCE.Study_Instruction	LOADING RESOURCE SURFACE FROM DISK
996200.962	Study_Phase.SEQUENCE.Study_Instruction	LOADING RESOURCE SURFACE FROM DISK
1002924.838	Study_Phase.SEQUENCE.DISPLAY_SCREEN	LOADING RESOURCE SURFACE FROM DISK
1004476.727	Study_Phase.SEQUENCE.Study_Instruction	LOADING RESOURCE SURFACE FROM DISK
1011241.368	Study_Phase.SEQUENCE.DISPLAY_SCREEN	LOADING RESOURCE SURFACE FROM DISK
1012794.656	Study_Phase.SEQUENCE.Study_Instruction	LOADING RESOURCE SURFACE FROM DISK
1019558.372	Study_Phase.SEQUENCE.DISPLAY_SCREEN	LOADING RESOURCE SURFACE FROM DISK
1021110.164	Study_Phase.SEQUENCE.Study_Instruction	LOADING RESOURCE SURFACE FROM DISK
1029421.997	Study_Phase.SEQUENCE.Study_Instruction	LOADING RESOURCE SURFACE FROM DISK
1037688.418	Study_Phase.SEQUENCE.Study_Instruction	LOADING RESOURCE SURFACE FROM DISK
1044424.961	Study_Phase.SEQUENCE.DISPLAY_SCREEN	LOADING RESOURCE SURFACE FROM DISK
1045938.795	Study_Phase.SEQUENCE.Study_Instruction	LOADING RESOURCE SURFACE FROM DISK
1052691.515	Study_Phase.SEQUENCE.DISPLAY_SCREEN	LOADING RESOURCE SURFACE FROM DISK
1054237.888	Study_Phase.SEQUENCE.Study_Instruction	LOADING RESOURCE SURFACE FROM DISK
1062543.675	Study_Phase.SEQUENCE.Study_Instruction	LOADING RESOURCE SURFACE FROM DISK
1070864.434	Study_Phase.SEQUENCE.Study_Instruction	LOADING RESOURCE SURFACE FROM DISK
1079138.38	Study_Phase.SEQUENCE.Study_Instruction	LOADING RESOURCE SURFACE FROM DISK
1085891.868	Study_Phase.SEQUENCE.DISPLAY_SCREEN	LOADING RESOURCE SURFACE FROM DISK
1087418.825	Study_Phase.SEQUENCE.Study_Instruction	LOADING RESOURCE SURFACE FROM DISK
1095724.607	Study_Phase.SEQUENCE.Study_Instruction	LOADING RESOURCE SURFACE FROM DISK
1102474.917	Study_Phase.SEQUENCE.DISPLAY_SCREEN	LOADING RESOURCE SURFACE FROM DISK
1104007.925	Study_Phase.SEQUENCE.Study_Instruction	LOADING RESOURCE SURFACE FROM DISK
1112314.483	Study_Phase.SEQUENCE.Study_Instruction	LOADING RESOURCE SURFACE FROM DISK
1119108.319	Study_Phase.SEQUENCE.DISPLAY_SCREEN	LOADING RESOURCE SURFACE FROM DISK
1120664.54	Study_Phase.SEQUENCE.Study_Instruction	LOADING RESOURCE SURFACE FROM DISK
1127424.934	Study_Phase.SEQUENCE.DISPLAY_SCREEN	LOADING RESOURCE SURFACE FROM DISK
1128971.362	Study_Phase.SEQUENCE.Study_Instruction	LOADING RESOURCE SURFACE FROM DISK
1135724.825	Study_Phase.SEQUENCE.DISPLAY_SCREEN	LOADING RESOURCE SURFACE FROM DISK
1137273.995	Study_Phase.SEQUENCE.Study_Instruction	LOADING RESOURCE SURFACE FROM DISK
1145553.175	Study_Phase.SEQUENCE.Study_Instruction	LOADING RESOURCE SURFACE FROM DISK
1152308.251	Study_Phase.SEQUENCE.DISPLAY_SCREEN	LOADING RESOURCE SURFACE FROM DISK
1153861.918	Study_Phase.SEQUENCE.Study_Instruction	LOADING RESOURCE SURFACE FROM DISK
1162181.041	Study_Phase.SEQUENCE.Study_Instruction	LOADING RESOURCE SURFACE FROM DISK
1168941.608	Study_Phase.SEQUENCE.DISPLAY_SCREEN	LOADING RESOURCE SURFACE FROM DISK
1170455.558	Study_Phase.SEQUENCE.Study_Instruction	LOADING RESOURCE SURFACE FROM DISK
1177208.359	Study_Phase.SEQUENCE.DISPLAY_SCREEN	LOADING RESOURCE SURFACE FROM DISK
1178756.451	Study_Phase.SEQUENCE.Study_Instruction	LOADING RESOURCE SURFACE FROM DISK
1185508.349	Study_Phase.SEQUENCE.DISPLAY_SCREEN	LOADING RESOURCE SURFACE FROM DISK
1187060.544	Study_Phase.SEQUENCE.Study_Instruction	LOADING RESOURCE SURFACE FROM DISK
1195338.938	Study_Phase.SEQUENCE.Study_Instruction	LOADING RESOURCE SURFACE FROM DISK
1202091.58	Study_Phase.SEQUENCE.DISPLAY_SCREEN	LOADING RESOURCE SURFACE FROM DISK
1203640.007	Study_Phase.SEQUENCE.Study_Instruction	LOADING RESOURCE SURFACE FROM DISK
1210391.635	Study_Phase.SEQUENCE.DISPLAY_SCREEN	LOADING RESOURCE SURFACE FROM DISK
1211944.422	Study_Phase.SEQUENCE.Study_Instruction	LOADING RESOURCE SURFACE FROM DISK
1220239.04	Study_Phase.SEQUENCE.Study_Instruction	LOADING RESOURCE SURFACE FROM DISK
1226991.618	Study_Phase.SEQUENCE.DISPLAY_SCREEN	LOADING RESOURCE SURFACE FROM DISK
1228541.301	Study_Phase.SEQUENCE.Study_Instruction	LOADING RESOURCE SURFACE FROM DISK
1236812.144	Study_Phase.SEQUENCE.Study_Instruction	LOADING RESOURCE SURFACE FROM DISK
1243574.899	Study_Phase.SEQUENCE.DISPLAY_SCREEN	LOADING RESOURCE SURFACE FROM DISK
1245128.449	Study_Phase.SEQUENCE.Study_Instruction	LOADING RESOURCE SURFACE FROM DISK
1253439.327	Study_Phase.SEQUENCE.Study_Instruction	LOADING RESOURCE SURFACE FROM DISK
1261742.241	Study_Phase.SEQUENCE.Study_Instruction	LOADING RESOURCE SURFACE FROM DISK
1268491.518	Study_Phase.SEQUENCE.DISPLAY_SCREEN	LOADING RESOURCE SURFACE FROM DISK
1270044.794	Study_Phase.SEQUENCE.Study_Instruction	LOADING RESOURCE SURFACE FROM DISK
1278360.236	Study_Phase.SEQUENCE.Study_Instruction	LOADING RESOURCE SURFACE FROM DISK
1286674.738	Study_Phase.SEQUENCE.Study_Instruction	LOADING RESOURCE SURFACE FROM DISK
1293425.065	Study_Phase.SEQUENCE.DISPLAY_SCREEN	LOADING RESOURCE SURFACE FROM DISK
1294938.903	Study_Phase.SEQUENCE.Study_Instruction	LOADING RESOURCE SURFACE FROM DISK
1303242.306	Study_Phase.SEQUENCE.Study_Instruction	LOADING RESOURCE SURFACE FROM DISK
1309991.58	Study_Phase.SEQUENCE.DISPLAY_SCREEN	LOADING RESOURCE SURFACE FROM DISK
1311545.918	Study_Phase.SEQUENCE.Study_Instruction	LOADING RESOURCE SURFACE FROM DISK
1318308.358	Study_Phase.SEQUENCE.DISPLAY_SCREEN	LOADING RESOURCE SURFACE FROM DISK
1319858.507	Study_Phase.SEQUENCE.Study_Instruction	LOADING RESOURCE SURFACE FROM DISK
1328162.568	Study_Phase.SEQUENCE.Study_Instruction	LOADING RESOURCE SURFACE FROM DISK
1336479.539	Study_Phase.SEQUENCE.Study_Instruction	LOADING RESOURCE SURFACE FROM DISK
1344796.593	Study_Phase.SEQUENCE.Study_Instruction	LOADING RESOURCE SURFACE FROM DISK
1353072.253	Study_Phase.SEQUENCE.Study_Instruction	LOADING RESOURCE SURFACE FROM DISK
1359825.046	Study_Phase.SEQUENCE.DISPLAY_SCREEN	LOADING RESOURCE SURFACE FROM DISK
1361373.206	Study_Phase.SEQUENCE.Study_Instruction	LOADING RESOURCE SURFACE FROM DISK
1369638.274	Study_Phase.SEQUENCE.Study_Instruction	LOADING RESOURCE SURFACE FROM DISK
1377941.236	Study_Phase.SEQUENCE.Study_Instruction	LOADING RESOURCE SURFACE FROM DISK
1386209.605	Study_Phase.SEQUENCE.Study_Instruction	LOADING RESOURCE SURFACE FROM DISK
1392974.96	Study_Phase.SEQUENCE.DISPLAY_SCREEN	LOADING RESOURCE SURFACE FROM DISK
1394531.205	Study_Phase.SEQUENCE.Study_Instruction	LOADING RESOURCE SURFACE FROM DISK
1402844.615	Study_Phase.SEQUENCE.Study_Instruction	LOADING RESOURCE SURFACE FROM DISK
1409608.39	Study_Phase.SEQUENCE.DISPLAY_SCREEN	LOADING RESOURCE SURFACE FROM DISK
1411160.949	Study_Phase.SEQUENCE.Study_Instruction	LOADING RESOURCE SURFACE FROM DISK
1419475.879	Study_Phase.SEQUENCE.Study_Instruction	LOADING RESOURCE SURFACE FROM DISK
1426224.976	Study_Phase.SEQUENCE.DISPLAY_SCREEN	LOADING RESOURCE SURFACE FROM DISK
1427781.504	Study_Phase.SEQUENCE.Study_Instruction	LOADING RESOURCE SURFACE FROM DISK
1436055.201	Study_Phase.SEQUENCE.Study_Instruction	LOADING RESOURCE SURFACE FROM DISK
1444322.13	Study_Phase.SEQUENCE.Study_Instruction	LOADING RESOURCE SURFACE FROM DISK
1451074.858	Study_Phase.SEQUENCE.DISPLAY_SCREEN	LOADING RESOURCE SURFACE FROM DISK
1452629.729	Study_Phase.SEQUENCE.Study_Instruction	LOADING RESOURCE SURFACE FROM DISK
1460948.188	Study_Phase.SEQUENCE.Study_Instruction	LOADING RESOURCE SURFACE FROM DISK
1467708.487	Study_Phase.SEQUENCE.DISPLAY_SCREEN	LOADING RESOURCE SURFACE FROM DISK
1469262.241	Study_Phase.SEQUENCE.Study_Instruction	LOADING RESOURCE SURFACE FROM DISK
1477577.678	Study_Phase.SEQUENCE.Study_Instruction	LOADING RESOURCE SURFACE FROM DISK
1485895.397	Study_Phase.SEQUENCE.Study_Instruction	LOADING RESOURCE SURFACE FROM DISK
1494155.613	Study_Phase.SEQUENCE.Study_Instruction	LOADING RESOURCE SURFACE FROM DISK
1500908.26	Study_Phase.SEQUENCE.DISPLAY_SCREEN	LOADING RESOURCE SURFACE FROM DISK
1502457.957	Study_Phase.SEQUENCE.Study_Instruction	LOADING RESOURCE SURFACE FROM DISK
1509191.628	Study_Phase.SEQUENCE.DISPLAY_SCREEN	LOADING RESOURCE SURFACE FROM DISK
1510739.243	Study_Phase.SEQUENCE.Study_Instruction	LOADING RESOURCE SURFACE FROM DISK
1519040.763	Study_Phase.SEQUENCE.Study_Instruction	LOADING RESOURCE SURFACE FROM DISK
1527304.943	Study_Phase.SEQUENCE.Study_Instruction	LOADING RESOURCE SURFACE FROM DISK
1534058.194	Study_Phase.SEQUENCE.DISPLAY_SCREEN	LOADING RESOURCE SURFACE FROM DISK
1535596.286	Study_Phase.SEQUENCE.Study_Instruction	LOADING RESOURCE SURFACE FROM DISK
1543906.92	Study_Phase.SEQUENCE.Study_Instruction	LOADING RESOURCE SURFACE FROM DISK
1550658.168	Study_Phase.SEQUENCE.DISPLAY_SCREEN	LOADING RESOURCE SURFACE FROM DISK
1552207.397	Study_Phase.SEQUENCE.Study_Instruction	LOADING RESOURCE SURFACE FROM DISK
1560511.587	Study_Phase.SEQUENCE.Study_Instruction	LOADING RESOURCE SURFACE FROM DISK
1568822.072	Study_Phase.SEQUENCE.Study_Instruction	LOADING RESOURCE SURFACE FROM DISK
1575574.857	Study_Phase.SEQUENCE.DISPLAY_SCREEN	LOADING RESOURCE SURFACE FROM DISK
1577124.361	Study_Phase.SEQUENCE.Study_Instruction	LOADING RESOURCE SURFACE FROM DISK
1585388.925	Study_Phase.SEQUENCE.Study_Instruction	LOADING RESOURCE SURFACE FROM DISK
1593692.82	Study_Phase.SEQUENCE.Study_Instruction	LOADING RESOURCE SURFACE FROM DISK
1600424.845	Study_Phase.SEQUENCE.DISPLAY_SCREEN	LOADING RESOURCE SURFACE FROM DISK
1601979.908	Study_Phase.SEQUENCE.Study_Instruction	LOADING RESOURCE SURFACE FROM DISK
1608724.927	Study_Phase.SEQUENCE.DISPLAY_SCREEN	LOADING RESOURCE SURFACE FROM DISK
1610238.925	Study_Phase.SEQUENCE.Study_Instruction	LOADING RESOURCE SURFACE FROM DISK
1618546.445	Study_Phase.SEQUENCE.Study_Instruction	LOADING RESOURCE SURFACE FROM DISK
1626843.009	Study_Phase.SEQUENCE.Study_Instruction	LOADING RESOURCE SURFACE FROM DISK
1633608.376	Study_Phase.SEQUENCE.DISPLAY_SCREEN	LOADING RESOURCE SURFACE FROM DISK
1635136.761	Study_Phase.SEQUENCE.Study_Instruction	LOADING RESOURCE SURFACE FROM DISK
1643405.752	Study_Phase.SEQUENCE.Study_Instruction	LOADING RESOURCE SURFACE FROM DISK
1650158.31	Study_Phase.SEQUENCE.DISPLAY_SCREEN	LOADING RESOURCE SURFACE FROM DISK
1651714.809	Study_Phase.SEQUENCE.Study_Instruction	LOADING RESOURCE SURFACE FROM DISK
1660021.171	Study_Phase.SEQUENCE.Study_Instruction	LOADING RESOURCE SURFACE FROM DISK
1668296.741	Study_Phase.SEQUENCE.Study_Instruction	LOADING RESOURCE SURFACE FROM DISK
1676608.707	Study_Phase.SEQUENCE.Study_Instruction	LOADING RESOURCE SURFACE FROM DISK
1684871.6	Study_Phase.SEQUENCE.Study_Instruction	LOADING RESOURCE SURFACE FROM DISK
1691608.401	Study_Phase.SEQUENCE.DISPLAY_SCREEN	LOADING RESOURCE SURFACE FROM DISK
1693156.711	Study_Phase.SEQUENCE.Study_Instruction	LOADING RESOURCE SURFACE FROM DISK
1699908.285	Study_Phase.SEQUENCE.DISPLAY_SCREEN	LOADING RESOURCE SURFACE FROM DISK
1701459.357	Study_Phase.SEQUENCE.Study_Instruction	LOADING RESOURCE SURFACE FROM DISK
1709777.223	Study_Phase.SEQUENCE.Study_Instruction	LOADING RESOURCE SURFACE FROM DISK
1718064.593	Study_Phase.SEQUENCE.Study_Instruction	LOADING RESOURCE SURFACE FROM DISK
1724825.085	Study_Phase.SEQUENCE.DISPLAY_SCREEN	LOADING RESOURCE SURFACE FROM DISK
1726376.135	Study_Phase.SEQUENCE.Study_Instruction	LOADING RESOURCE SURFACE FROM DISK
1734673.102	Study_Phase.SEQUENCE.Study_Instruction	LOADING RESOURCE SURFACE FROM DISK
1741424.991	Study_Phase.SEQUENCE.DISPLAY_SCREEN	LOADING RESOURCE SURFACE FROM DISK
1742938.918	Study_Phase.SEQUENCE.Study_Instruction	LOADING RESOURCE SURFACE FROM DISK
1751242.793	Study_Phase.SEQUENCE.Study_Instruction	LOADING RESOURCE SURFACE FROM DISK
1759542.258	Study_Phase.SEQUENCE.Study_Instruction	LOADING RESOURCE SURFACE FROM DISK
1766274.917	Study_Phase.SEQUENCE.DISPLAY_SCREEN	LOADING RESOURCE SURFACE FROM DISK
1767821.399	Study_Phase.SEQUENCE.Study_Instruction	LOADING RESOURCE SURFACE FROM DISK
1774574.979	Study_Phase.SEQUENCE.DISPLAY_SCREEN	LOADING RESOURCE SURFACE FROM DISK
1776088.955	Study_Phase.SEQUENCE.Study_Instruction	LOADING RESOURCE SURFACE FROM DISK
1782841.633	Study_Phase.SEQUENCE.DISPLAY_SCREEN	LOADING RESOURCE SURFACE FROM DISK
1784394.96	Study_Phase.SEQUENCE.Study_Instruction	LOADING RESOURCE SURFACE FROM DISK
1792710.312	Study_Phase.SEQUENCE.Study_Instruction	LOADING RESOURCE SURFACE FROM DISK
1801024.82	Study_Phase.SEQUENCE.Study_Instruction	LOADING RESOURCE SURFACE FROM DISK
1809330.824	Study_Phase.SEQUENCE.Study_Instruction	LOADING RESOURCE SURFACE FROM DISK
1816091.53	Study_Phase.SEQUENCE.DISPLAY_SCREEN	LOADING RESOURCE SURFACE FROM DISK
1817642.74	Study_Phase.SEQUENCE.Study_Instruction	LOADING RESOURCE SURFACE FROM DISK
1824391.76	Study_Phase.SEQUENCE.DISPLAY_SCREEN	LOADING RESOURCE SURFACE FROM DISK
1825939.152	Study_Phase.SEQUENCE.Study_Instruction	LOADING RESOURCE SURFACE FROM DISK
1832674.986	Study_Phase.SEQUENCE.DISPLAY_SCREEN	LOADING RESOURCE SURFACE FROM DISK
1834188.828	Study_Phase.SEQUENCE.Study_Instruction	LOADING RESOURCE SURFACE FROM DISK
1840941.724	Study_Phase.SEQUENCE.DISPLAY_SCREEN	LOADING RESOURCE SURFACE FROM DISK
1842497.634	Study_Phase.SEQUENCE.Study_Instruction	LOADING RESOURCE SURFACE FROM DISK
1850807.524	Study_Phase.SEQUENCE.Study_Instruction	LOADING RESOURCE SURFACE FROM DISK
1859106.112	Study_Phase.SEQUENCE.Study_Instruction	LOADING RESOURCE SURFACE FROM DISK
1865858.129	Study_Phase.SEQUENCE.DISPLAY_SCREEN	LOADING RESOURCE SURFACE FROM DISK
1867389.554	Study_Phase.SEQUENCE.Study_Instruction	LOADING RESOURCE SURFACE FROM DISK
1875693.557	Study_Phase.SEQUENCE.Study_Instruction	LOADING RESOURCE SURFACE FROM DISK
1882458.326	Study_Phase.SEQUENCE.DISPLAY_SCREEN	LOADING RESOURCE SURFACE FROM DISK
1884014.773	Study_Phase.SEQUENCE.Study_Instruction	LOADING RESOURCE SURFACE FROM DISK
1890774.875	Study_Phase.SEQUENCE.DISPLAY_SCREEN	LOADING RESOURCE SURFACE FROM DISK
1892322.514	Study_Phase.SEQUENCE.Study_Instruction	LOADING RESOURCE SURFACE FROM DISK
1900627.701	Study_Phase.SEQUENCE.Study_Instruction	LOADING RESOURCE SURFACE FROM DISK
1907391.702	Study_Phase.SEQUENCE.DISPLAY_SCREEN	LOADING RESOURCE SURFACE FROM DISK
1908944.452	Study_Phase.SEQUENCE.Study_Instruction	LOADING RESOURCE SURFACE FROM DISK
1913675.275	DISPLAY_SCREEN[7]	LOADING RESOURCE SURFACE FROM DISK
2146321.38	Test_Phase.SEQUENCE.Target_Cue	LOADING RESOURCE SURFACE FROM DISK
2146324.813	Test_Phase.SEQUENCE.Target_Cue	LOADING RESOURCE SURFACE FROM DISK
2148338.327	Test_Phase.SEQUENCE.Word	LOADING RESOURCE SURFACE FROM DISK
2151394.409	Test_Phase.SEQUENCE.Test_Question	LOADING RESOURCE SURFACE FROM DISK
2151408.584	Test_Phase.SEQUENCE.Test_Question	LOADING RESOURCE SURFACE FROM DISK
2151422.917	Test_Phase.SEQUENCE.Test_Question	LOADING RESOURCE SURFACE FROM DISK
2151434.005	Test_Phase.SEQUENCE.Test_Question	LOADING RESOURCE SURFACE FROM DISK
2151435.811	Test_Phase.SEQUENCE.Test_Question	LOADING RESOURCE SURFACE FROM DISK
2151437.736	Test_Phase.SEQUENCE.Test_Question	LOADING RESOURCE SURFACE FROM DISK
2151445.084	Test_Phase.SEQUENCE.Test_Question	LOADING RESOURCE SURFACE FROM DISK
2151456.442	Test_Phase.SEQUENCE.Test_Question	LOADING RESOURCE SURFACE FROM DISK
2151458.323	Test_Phase.SEQUENCE.Test_Question	LOADING RESOURCE SURFACE FROM DISK
2151470.906	Test_Phase.SEQUENCE.Test_Question	LOADING RESOURCE SURFACE FROM DISK
2151484.612	Test_Phase.SEQUENCE.Test_Question	LOADING RESOURCE SURFACE FROM DISK
2151486.425	Test_Phase.SEQUENCE.Test_Question	LOADING RESOURCE SURFACE FROM DISK
2165517.912	Test_Phase.SEQUENCE.Word	LOADING RESOURCE SURFACE FROM DISK
2173938.114	Test_Phase.SEQUENCE.Word	LOADING RESOURCE SURFACE FROM DISK
2182261.821	Test_Phase.SEQUENCE.Word	LOADING RESOURCE SURFACE FROM DISK
2190138.611	Test_Phase.SEQUENCE.Word	LOADING RESOURCE SURFACE FROM DISK
2198105.303	Test_Phase.SEQUENCE.Word	LOADING RESOURCE SURFACE FROM DISK
2206455.548	Test_Phase.SEQUENCE.Word	LOADING RESOURCE SURFACE FROM DISK
2214788.484	Test_Phase.SEQUENCE.Word	LOADING RESOURCE SURFACE FROM DISK
2223504.91	Test_Phase.SEQUENCE.Word	LOADING RESOURCE SURFACE FROM DISK
2233771.619	Test_Phase.SEQUENCE.Word	LOADING RESOURCE SURFACE FROM DISK
2241537.567	Test_Phase.SEQUENCE.Word	LOADING RESOURCE SURFACE FROM DISK
2250122.731	Test_Phase.SEQUENCE.Word	LOADING RESOURCE SURFACE FROM DISK
2262821.58	Test_Phase.SEQUENCE.Word	LOADING RESOURCE SURFACE FROM DISK
2270855.738	Test_Phase.SEQUENCE.Word	LOADING RESOURCE SURFACE FROM DISK
2279271.659	Test_Phase.SEQUENCE.Word	LOADING RESOURCE SURFACE FROM DISK
2287690.778	Test_Phase.SEQUENCE.Word	LOADING RESOURCE SURFACE FROM DISK
2296322.6	Test_Phase.SEQUENCE.Word	LOADING RESOURCE SURFACE FROM DISK
2305104.904	Test_Phase.SEQUENCE.Word	LOADING RESOURCE SURFACE FROM DISK
2314038.398	Test_Phase.SEQUENCE.Word	LOADING RESOURCE SURFACE FROM DISK
2322171.572	Test_Phase.SEQUENCE.Word	LOADING RESOURCE SURFACE FROM DISK
2330755.175	Test_Phase.SEQUENCE.Word	LOADING RESOURCE SURFACE FROM DISK
2340055.016	Test_Phase.SEQUENCE.Word	LOADING RESOURCE SURFACE FROM DISK
2349655.086	Test_Phase.SEQUENCE.Word	LOADING RESOURCE SURFACE FROM DISK
2358754.993	Test_Phase.SEQUENCE.Word	LOADING RESOURCE SURFACE FROM DISK
2366905.138	Test_Phase.SEQUENCE.Word	LOADING RESOURCE SURFACE FROM DISK
2374704.804	Test_Phase.SEQUENCE.Word	LOADING RESOURCE SURFACE FROM DISK
2382135.024	Test_Phase.SEQUENCE.Word	LOADING RESOURCE SURFACE FROM DISK
2390571.693	Test_Phase.SEQUENCE.Word	LOADING RESOURCE SURFACE FROM DISK
2398708.406	Test_Phase.SEQUENCE.Word	LOADING RESOURCE SURFACE FROM DISK
2406554.987	Test_Phase.SEQUENCE.Word	LOADING RESOURCE SURFACE FROM DISK
2414621.466	Test_Phase.SEQUENCE.Word	LOADING RESOURCE SURFACE FROM DISK
2424139.431	Test_Phase.SEQUENCE.Word	LOADING RESOURCE SURFACE FROM DISK
2431971.825	Test_Phase.SEQUENCE.Word	LOADING RESOURCE SURFACE FROM DISK
2440021.768	Test_Phase.SEQUENCE.Word	LOADING RESOURCE SURFACE FROM DISK
2448674.973	Test_Phase.SEQUENCE.Word	LOADING RESOURCE SURFACE FROM DISK
2456404.894	Test_Phase.SEQUENCE.Word	LOADING RESOURCE SURFACE FROM DISK
2465371.724	Test_Phase.SEQUENCE.Word	LOADING RESOURCE SURFACE FROM DISK
2475896.16	Test_Phase.SEQUENCE.Word	LOADING RESOURCE SURFACE FROM DISK
2483771.632	Test_Phase.SEQUENCE.Word	LOADING RESOURCE SURFACE FROM DISK
2492471.677	Test_Phase.SEQUENCE.Word	LOADING RESOURCE SURFACE FROM DISK
2500391.997	Test_Phase.SEQUENCE.Word	LOADING RESOURCE SURFACE FROM DISK
2508459.4	Test_Phase.SEQUENCE.Word	LOADING RESOURCE SURFACE FROM DISK
2516521.592	Test_Phase.SEQUENCE.Word	LOADING RESOURCE SURFACE FROM DISK
2524822.033	Test_Phase.SEQUENCE.Word	LOADING RESOURCE SURFACE FROM DISK
2534238.229	Test_Phase.SEQUENCE.Word	LOADING RESOURCE SURFACE FROM DISK
2543471.673	Test_Phase.SEQUENCE.Word	LOADING RESOURCE SURFACE FROM DISK
2552195.445	Test_Phase.SEQUENCE.Word	LOADING RESOURCE SURFACE FROM DISK
2570039.761	Test_Phase.SEQUENCE.Word	LOADING RESOURCE SURFACE FROM DISK
2578454.75	Test_Phase.SEQUENCE.Word	LOADING RESOURCE SURFACE FROM DISK
2589038.159	Test_Phase.SEQUENCE.Word	LOADING RESOURCE SURFACE FROM DISK
2596754.703	Test_Phase.SEQUENCE.Word	LOADING RESOURCE SURFACE FROM DISK
2604454.966	Test_Phase.SEQUENCE.Word	LOADING RESOURCE SURFACE FROM DISK
2612788.334	Test_Phase.SEQUENCE.Word	LOADING RESOURCE SURFACE FROM DISK
2620792.891	Test_Phase.SEQUENCE.Word	LOADING RESOURCE SURFACE FROM DISK
2628538.369	Test_Phase.SEQUENCE.Word	LOADING RESOURCE SURFACE FROM DISK
2638476.502	Test_Phase.SEQUENCE.Word	LOADING RESOURCE SURFACE FROM DISK
2646255.182	Test_Phase.SEQUENCE.Word	LOADING RESOURCE SURFACE FROM DISK
2658288.201	Test_Phase.SEQUENCE.Word	LOADING RESOURCE SURFACE FROM DISK
2668114.37	Test_Phase.SEQUENCE.Word	LOADING RESOURCE SURFACE FROM DISK
2679055.003	Test_Phase.SEQUENCE.Word	LOADING RESOURCE SURFACE FROM DISK
2686888.217	Test_Phase.SEQUENCE.Word	LOADING RESOURCE SURFACE FROM DISK
2695941.916	Test_Phase.SEQUENCE.Word	LOADING RESOURCE SURFACE FROM DISK
2706534.936	Test_Phase.SEQUENCE.Word	LOADING RESOURCE SURFACE FROM DISK
2714638.363	Test_Phase.SEQUENCE.Word	LOADING RESOURCE SURFACE FROM DISK
2724646.42	Test_Phase.SEQUENCE.Word	LOADING RESOURCE SURFACE FROM DISK
2732655.108	Test_Phase.SEQUENCE.Word	LOADING RESOURCE SURFACE FROM DISK
2740313.797	Test_Phase.SEQUENCE.Word	LOADING RESOURCE SURFACE FROM DISK
2748612.467	Test_Phase.SEQUENCE.Word	LOADING RESOURCE SURFACE FROM DISK
2757751.453	Test_Phase.SEQUENCE.Word	LOADING RESOURCE SURFACE FROM DISK
2765438.236	Test_Phase.SEQUENCE.Word	LOADING RESOURCE SURFACE FROM DISK
2773371.594	Test_Phase.SEQUENCE.Word	LOADING RESOURCE SURFACE FROM DISK
2781388.271	Test_Phase.SEQUENCE.Word	LOADING RESOURCE SURFACE FROM DISK
2789538.408	Test_Phase.SEQUENCE.Word	LOADING RESOURCE SURFACE FROM DISK
2797271.725	Test_Phase.SEQUENCE.Word	LOADING RESOURCE SURFACE FROM DISK
2807571.694	Test_Phase.SEQUENCE.Word	LOADING RESOURCE SURFACE FROM DISK
2816106.281	Test_Phase.SEQUENCE.Word	LOADING RESOURCE SURFACE FROM DISK
2823954.85	Test_Phase.SEQUENCE.Word	LOADING RESOURCE SURFACE FROM DISK
2833471.663	Test_Phase.SEQUENCE.Word	LOADING RESOURCE SURFACE FROM DISK
2841955.086	Test_Phase.SEQUENCE.Word	LOADING RESOURCE SURFACE FROM DISK
2849854.884	Test_Phase.SEQUENCE.Word	LOADING RESOURCE SURFACE FROM DISK
2858588.283	Test_Phase.SEQUENCE.Word	LOADING RESOURCE SURFACE FROM DISK
2865942.663	Test_Phase.SEQUENCE.Word	LOADING RESOURCE SURFACE FROM DISK
2874421.657	Test_Phase.SEQUENCE.Word	LOADING RESOURCE SURFACE FROM DISK
2883088.272	Test_Phase.SEQUENCE.Word	LOADING RESOURCE SURFACE FROM DISK
2892472.425	Test_Phase.SEQUENCE.Word	LOADING RESOURCE SURFACE FROM DISK
2900288.612	Test_Phase.SEQUENCE.Word	LOADING RESOURCE SURFACE FROM DISK
2907605.308	Test_Phase.SEQUENCE.Word	LOADING RESOURCE SURFACE FROM DISK
2915421.579	Test_Phase.SEQUENCE.Word	LOADING RESOURCE SURFACE FROM DISK
2922776.554	Test_Phase.SEQUENCE.Word	LOADING RESOURCE SURFACE FROM DISK
2930471.902	Test_Phase.SEQUENCE.Word	LOADING RESOURCE SURFACE FROM DISK
2938755.078	Test_Phase.SEQUENCE.Word	LOADING RESOURCE SURFACE FROM DISK
2946385.164	Test_Phase.SEQUENCE.Word	LOADING RESOURCE SURFACE FROM DISK
2953759.333	Test_Phase.SEQUENCE.Word	LOADING RESOURCE SURFACE FROM DISK
2962955.168	Test_Phase.SEQUENCE.Word	LOADING RESOURCE SURFACE FROM DISK
2970954.993	Test_Phase.SEQUENCE.Word	LOADING RESOURCE SURFACE FROM DISK
2979038.459	Test_Phase.SEQUENCE.Word	LOADING RESOURCE SURFACE FROM DISK
2987871.537	Test_Phase.SEQUENCE.Word	LOADING RESOURCE SURFACE FROM DISK
2995205.146	Test_Phase.SEQUENCE.Word	LOADING RESOURCE SURFACE FROM DISK
3003588.472	Test_Phase.SEQUENCE.Word	LOADING RESOURCE SURFACE FROM DISK
3010788.41	Test_Phase.SEQUENCE.Word	LOADING RESOURCE SURFACE FROM DISK
3018121.801	Test_Phase.SEQUENCE.Word	LOADING RESOURCE SURFACE FROM DISK
3027129.804	Test_Phase.SEQUENCE.Word	LOADING RESOURCE SURFACE FROM DISK
3034972.063	Test_Phase.SEQUENCE.Word	LOADING RESOURCE SURFACE FROM DISK
3043559.603	Test_Phase.SEQUENCE.Word	LOADING RESOURCE SURFACE FROM DISK
3052904.913	Test_Phase.SEQUENCE.Word	LOADING RESOURCE SURFACE FROM DISK
3060304.942	Test_Phase.SEQUENCE.Word	LOADING RESOURCE SURFACE FROM DISK
3067688.377	Test_Phase.SEQUENCE.Word	LOADING RESOURCE SURFACE FROM DISK
3075271.692	Test_Phase.SEQUENCE.Word	LOADING RESOURCE SURFACE FROM DISK
3083247.233	Test_Phase.SEQUENCE.Word	LOADING RESOURCE SURFACE FROM DISK
3091954.95	Test_Phase.SEQUENCE.Word	LOADING RESOURCE SURFACE FROM DISK
3099721.554	Test_Phase.SEQUENCE.Word	LOADING RESOURCE SURFACE FROM DISK
3107759.379	Test_Phase.SEQUENCE.Word	LOADING RESOURCE SURFACE FROM DISK
3114838.402	Test_Phase.SEQUENCE.Word	LOADING RESOURCE SURFACE FROM DISK
3124171.652	Test_Phase.SEQUENCE.Word	LOADING RESOURCE SURFACE FROM DISK
3131404.951	Test_Phase.SEQUENCE.Word	LOADING RESOURCE SURFACE FROM DISK
3138605.007	Test_Phase.SEQUENCE.Word	LOADING RESOURCE SURFACE FROM DISK
3146371.924	Test_Phase.SEQUENCE.Word	LOADING RESOURCE SURFACE FROM DISK
3153611.923	Test_Phase.SEQUENCE.Word	LOADING RESOURCE SURFACE FROM DISK
3162673.561	Test_Phase.SEQUENCE.Word	LOADING RESOURCE SURFACE FROM DISK
3169888.429	Test_Phase.SEQUENCE.Word	LOADING RESOURCE SURFACE FROM DISK
3177038.597	Test_Phase.SEQUENCE.Word	LOADING RESOURCE SURFACE FROM DISK
3184205.123	Test_Phase.SEQUENCE.Word	LOADING RESOURCE SURFACE FROM DISK
3191688.361	Test_Phase.SEQUENCE.Word	LOADING RESOURCE SURFACE FROM DISK
3199738.399	Test_Phase.SEQUENCE.Word	LOADING RESOURCE SURFACE FROM DISK
3209631.094	Test_Phase.SEQUENCE.Word	LOADING RESOURCE SURFACE FROM DISK
3221338.541	Test_Phase.SEQUENCE.Word	LOADING RESOURCE SURFACE FROM DISK
3229613.95	Test_Phase.SEQUENCE.Word	LOADING RESOURCE SURFACE FROM DISK
3237688.368	Test_Phase.SEQUENCE.Word	LOADING RESOURCE SURFACE FROM DISK
3245538.424	Test_Phase.SEQUENCE.Word	LOADING RESOURCE SURFACE FROM DISK
3252571.608	Test_Phase.SEQUENCE.Word	LOADING RESOURCE SURFACE FROM DISK
3261338.313	Test_Phase.SEQUENCE.Word	LOADING RESOURCE SURFACE FROM DISK
3272104.858	Test_Phase.SEQUENCE.Word	LOADING RESOURCE SURFACE FROM DISK
3279322.703	Test_Phase.SEQUENCE.Word	LOADING RESOURCE SURFACE FROM DISK
3286771.672	Test_Phase.SEQUENCE.Word	LOADING RESOURCE SURFACE FROM DISK
3293905.0	Test_Phase.SEQUENCE.Word	LOADING RESOURCE SURFACE FROM DISK
3301638.325	Test_Phase.SEQUENCE.Word	LOADING RESOURCE SURFACE FROM DISK
3310354.917	Test_Phase.SEQUENCE.Word	LOADING RESOURCE SURFACE FROM DISK
3322471.565	Test_Phase.SEQUENCE.Word	LOADING RESOURCE SURFACE FROM DISK
3330138.312	Test_Phase.SEQUENCE.Word	LOADING RESOURCE SURFACE FROM DISK
3338223.898	Test_Phase.SEQUENCE.Word	LOADING RESOURCE SURFACE FROM DISK
3345908.76	Test_Phase.SEQUENCE.Word	LOADING RESOURCE SURFACE FROM DISK
3355338.287	Test_Phase.SEQUENCE.Word	LOADING RESOURCE SURFACE FROM DISK
3363472.024	Test_Phase.SEQUENCE.Word	LOADING RESOURCE SURFACE FROM DISK
3371394.567	Test_Phase.SEQUENCE.Word	LOADING RESOURCE SURFACE FROM DISK
3381747.66	Test_Phase.SEQUENCE.Word	LOADING RESOURCE SURFACE FROM DISK
3390421.692	Test_Phase.SEQUENCE.Word	LOADING RESOURCE SURFACE FROM DISK
3398105.251	Test_Phase.SEQUENCE.Word	LOADING RESOURCE SURFACE FROM DISK
3406231.043	Test_Phase.SEQUENCE.Word	LOADING RESOURCE SURFACE FROM DISK
3416604.897	Test_Phase.SEQUENCE.Word	LOADING RESOURCE SURFACE FROM DISK
3427888.391	Test_Phase.SEQUENCE.Word	LOADING RESOURCE SURFACE FROM DISK
3435079.975	Test_Phase.SEQUENCE.Word	LOADING RESOURCE SURFACE FROM DISK
3444638.166	Test_Phase.SEQUENCE.Word	LOADING RESOURCE SURFACE FROM DISK
3451858.965	Test_Phase.SEQUENCE.Word	LOADING RESOURCE SURFACE FROM DISK
3459121.732	Test_Phase.SEQUENCE.Word	LOADING RESOURCE SURFACE FROM DISK
3470398.122	Test_Phase.SEQUENCE.Word	LOADING RESOURCE SURFACE FROM DISK
3479988.238	Test_Phase.SEQUENCE.Word	LOADING RESOURCE SURFACE FROM DISK
3489088.431	Test_Phase.SEQUENCE.Word	LOADING RESOURCE SURFACE FROM DISK
3496254.949	Test_Phase.SEQUENCE.Word	LOADING RESOURCE SURFACE FROM DISK
3503654.951	Test_Phase.SEQUENCE.Word	LOADING RESOURCE SURFACE FROM DISK
3511288.48	Test_Phase.SEQUENCE.Word	LOADING RESOURCE SURFACE FROM DISK
3518821.623	Test_Phase.SEQUENCE.Word	LOADING RESOURCE SURFACE FROM DISK
3528446.467	Test_Phase.SEQUENCE.Word	LOADING RESOURCE SURFACE FROM DISK
3537355.062	Test_Phase.SEQUENCE.Word	LOADING RESOURCE SURFACE FROM DISK
3544671.336	Test_Phase.SEQUENCE.Word	LOADING RESOURCE SURFACE FROM DISK
3552388.434	Test_Phase.SEQUENCE.Word	LOADING RESOURCE SURFACE FROM DISK
3559804.901	Test_Phase.SEQUENCE.Word	LOADING RESOURCE SURFACE FROM DISK
3567776.079	Test_Phase.SEQUENCE.Word	LOADING RESOURCE SURFACE FROM DISK
3575404.916	Test_Phase.SEQUENCE.Word	LOADING RESOURCE SURFACE FROM DISK
3585413.234	Test_Phase.SEQUENCE.Word	LOADING RESOURCE SURFACE FROM DISK
3593373.083	Test_Phase.SEQUENCE.Word	LOADING RESOURCE SURFACE FROM DISK
3601705.307	Test_Phase.SEQUENCE.Word	LOADING RESOURCE SURFACE FROM DISK
3612438.33	Test_Phase.SEQUENCE.Word	LOADING RESOURCE SURFACE FROM DISK
3627591.926	Test_Phase.SEQUENCE.Word	LOADING RESOURCE SURFACE FROM DISK
3635852.11	Test_Phase.SEQUENCE.Word	LOADING RESOURCE SURFACE FROM DISK
3643805.804	Test_Phase.SEQUENCE.Word	LOADING RESOURCE SURFACE FROM DISK
3653138.427	Test_Phase.SEQUENCE.Word	LOADING RESOURCE SURFACE FROM DISK
3663254.209	Test_Phase.SEQUENCE.Word	LOADING RESOURCE SURFACE FROM DISK
3672188.221	Test_Phase.SEQUENCE.Word	LOADING RESOURCE SURFACE FROM DISK
3679521.78	Test_Phase.SEQUENCE.Word	LOADING RESOURCE SURFACE FROM DISK
3686621.52	Test_Phase.SEQUENCE.Word	LOADING RESOURCE SURFACE FROM DISK
3695131.325	Test_Phase.SEQUENCE.Word	LOADING RESOURCE SURFACE FROM DISK
3703004.842	Test_Phase.SEQUENCE.Word	LOADING RESOURCE SURFACE FROM DISK
3711655.056	Test_Phase.SEQUENCE.Word	LOADING RESOURCE SURFACE FROM DISK
3722206.942	Test_Phase.SEQUENCE.Word	LOADING RESOURCE SURFACE FROM DISK
3731164.332	Test_Phase.SEQUENCE.Word	LOADING RESOURCE SURFACE FROM DISK
3741875.93	Test_Phase.SEQUENCE.Word	LOADING RESOURCE SURFACE FROM DISK
3749408.119	Test_Phase.SEQUENCE.Word	LOADING RESOURCE SURFACE FROM DISK
3756945.98	Test_Phase.SEQUENCE.Word	LOADING RESOURCE SURFACE FROM DISK
3764892.898	Test_Phase.SEQUENCE.Word	LOADING RESOURCE SURFACE FROM DISK
3773656.448	Test_Phase.SEQUENCE.Word	LOADING RESOURCE SURFACE FROM DISK
3781192.047	Test_Phase.SEQUENCE.Word	LOADING RESOURCE SURFACE FROM DISK
3792789.756	Test_Phase.SEQUENCE.Word	LOADING RESOURCE SURFACE FROM DISK
3801338.352	Test_Phase.SEQUENCE.Word	LOADING RESOURCE SURFACE FROM DISK
3808554.909	Test_Phase.SEQUENCE.Word	LOADING RESOURCE SURFACE FROM DISK
3815771.719	Test_Phase.SEQUENCE.Word	LOADING RESOURCE SURFACE FROM DISK
3823828.508	Test_Phase.SEQUENCE.Word	LOADING RESOURCE SURFACE FROM DISK
3840888.968	Test_Phase.SEQUENCE.Word	LOADING RESOURCE SURFACE FROM DISK
3848755.047	Test_Phase.SEQUENCE.Word	LOADING RESOURCE SURFACE FROM DISK
3857038.443	Test_Phase.SEQUENCE.Word	LOADING RESOURCE SURFACE FROM DISK
3860734.363	DISPLAY_SCREEN	LOADING RESOURCE SURFACE FROM DISK
