4645.077	DISPLAY_SCREEN[1]	LOADING RESOURCE SURFACE FROM DISK
444502.192	Familiarization_Phase.SEQUENCE.Cue_and_Instruction	LOADING RESOURCE SURFACE FROM DISK
444506.138	Familiarization_Phase.SEQUENCE.Cue_and_Instruction	LOADING RESOURCE SURFACE FROM DISK
450540.592	Familiarization_Phase.SEQUENCE.Cue_and_Instruction	LOADING RESOURCE SURFACE FROM DISK
450544.791	Familiarization_Phase.SEQUENCE.Cue_and_Instruction	LOADING RESOURCE SURFACE FROM DISK
456865.514	Familiarization_Phase.SEQUENCE.Cue_and_Instruction	LOADING RESOURCE SURFACE FROM DISK
456869.6	Familiarization_Phase.SEQUENCE.Cue_and_Instruction	LOADING RESOURCE SURFACE FROM DISK
498990.253	DISPLAY_SCREEN[3]	LOADING RESOURCE SURFACE FROM DISK
501763.938	DISPLAY_SCREEN[5]	LOADING RESOURCE SURFACE FROM DISK
642081.706	Practice_Phase.SEQUENCE.Blink_Screen	LOADING RESOURCE SURFACE FROM DISK
643285.783	Practice_Phase.SEQUENCE.Practice_Luminance_Cue	LOADING RESOURCE SURFACE FROM DISK
643288.024	Practice_Phase.SEQUENCE.Practice_Luminance_Cue	LOADING RESOURCE SURFACE FROM DISK
643785.613	Practice_Phase.SEQUENCE.DISPLAY_SCREEN	LOADING RESOURCE SURFACE FROM DISK
645282.256	Practice_Phase.SEQUENCE.Practice_Instruction	LOADING RESOURCE SURFACE FROM DISK
651852.211	Practice_Phase.SEQUENCE.DISPLAY_SCREEN	LOADING RESOURCE SURFACE FROM DISK
653348.749	Practice_Phase.SEQUENCE.Practice_Instruction	LOADING RESOURCE SURFACE FROM DISK
659919.022	Practice_Phase.SEQUENCE.DISPLAY_SCREEN	LOADING RESOURCE SURFACE FROM DISK
661415.678	Practice_Phase.SEQUENCE.Practice_Instruction	LOADING RESOURCE SURFACE FROM DISK
667985.639	Practice_Phase.SEQUENCE.DISPLAY_SCREEN	LOADING RESOURCE SURFACE FROM DISK
669482.227	Practice_Phase.SEQUENCE.Practice_Instruction	LOADING RESOURCE SURFACE FROM DISK
676052.065	Practice_Phase.SEQUENCE.DISPLAY_SCREEN	LOADING RESOURCE SURFACE FROM DISK
677549.202	Practice_Phase.SEQUENCE.Practice_Instruction	LOADING RESOURCE SURFACE FROM DISK
684118.95	Practice_Phase.SEQUENCE.DISPLAY_SCREEN	LOADING RESOURCE SURFACE FROM DISK
685615.534	Practice_Phase.SEQUENCE.Practice_Instruction	LOADING RESOURCE SURFACE FROM DISK
692185.469	Practice_Phase.SEQUENCE.DISPLAY_SCREEN	LOADING RESOURCE SURFACE FROM DISK
693682.469	Practice_Phase.SEQUENCE.Practice_Instruction	LOADING RESOURCE SURFACE FROM DISK
700252.067	Practice_Phase.SEQUENCE.DISPLAY_SCREEN	LOADING RESOURCE SURFACE FROM DISK
701748.904	Practice_Phase.SEQUENCE.Practice_Instruction	LOADING RESOURCE SURFACE FROM DISK
708319.036	Practice_Phase.SEQUENCE.DISPLAY_SCREEN	LOADING RESOURCE SURFACE FROM DISK
709815.464	Practice_Phase.SEQUENCE.Practice_Instruction	LOADING RESOURCE SURFACE FROM DISK
714481.63	DISPLAY_SCREEN[2]	LOADING RESOURCE SURFACE FROM DISK
898460.553	Study_Phase.SEQUENCE.DISPLAY_SCREEN	LOADING RESOURCE SURFACE FROM DISK
899974.183	Study_Phase.SEQUENCE.Study_Instruction	LOADING RESOURCE SURFACE FROM DISK
906727.326	Study_Phase.SEQUENCE.DISPLAY_SCREEN	LOADING RESOURCE SURFACE FROM DISK
908240.791	Study_Phase.SEQUENCE.Study_Instruction	LOADING RESOURCE SURFACE FROM DISK
916506.798	Study_Phase.SEQUENCE.Study_Instruction	LOADING RESOURCE SURFACE FROM DISK
924773.608	Study_Phase.SEQUENCE.Study_Instruction	LOADING RESOURCE SURFACE FROM DISK
933024.171	Study_Phase.SEQUENCE.Study_Instruction	LOADING RESOURCE SURFACE FROM DISK
939743.789	Study_Phase.SEQUENCE.DISPLAY_SCREEN	LOADING RESOURCE SURFACE FROM DISK
941257.749	Study_Phase.SEQUENCE.Study_Instruction	LOADING RESOURCE SURFACE FROM DISK
948010.6	Study_Phase.SEQUENCE.DISPLAY_SCREEN	LOADING RESOURCE SURFACE FROM DISK
949524.31	Study_Phase.SEQUENCE.Study_Instruction	LOADING RESOURCE SURFACE FROM DISK
957790.356	Study_Phase.SEQUENCE.Study_Instruction	LOADING RESOURCE SURFACE FROM DISK
966040.823	Study_Phase.SEQUENCE.Study_Instruction	LOADING RESOURCE SURFACE FROM DISK
972810.501	Study_Phase.SEQUENCE.DISPLAY_SCREEN	LOADING RESOURCE SURFACE FROM DISK
974324.203	Study_Phase.SEQUENCE.Study_Instruction	LOADING RESOURCE SURFACE FROM DISK
981077.332	Study_Phase.SEQUENCE.DISPLAY_SCREEN	LOADING RESOURCE SURFACE FROM DISK
982590.885	Study_Phase.SEQUENCE.Study_Instruction	LOADING RESOURCE SURFACE FROM DISK
989327.089	Study_Phase.SEQUENCE.DISPLAY_SCREEN	LOADING RESOURCE SURFACE FROM DISK
990840.757	Study_Phase.SEQUENCE.Study_Instruction	LOADING RESOURCE SURFACE FROM DISK
999148.924	Study_Phase.SEQUENCE.Study_Instruction	LOADING RESOURCE SURFACE FROM DISK
1007406.887	Study_Phase.SEQUENCE.Study_Instruction	LOADING RESOURCE SURFACE FROM DISK
1015673.521	Study_Phase.SEQUENCE.Study_Instruction	LOADING RESOURCE SURFACE FROM DISK
1023940.821	Study_Phase.SEQUENCE.Study_Instruction	LOADING RESOURCE SURFACE FROM DISK
1030693.613	Study_Phase.SEQUENCE.DISPLAY_SCREEN	LOADING RESOURCE SURFACE FROM DISK
1032207.317	Study_Phase.SEQUENCE.Study_Instruction	LOADING RESOURCE SURFACE FROM DISK
1040474.098	Study_Phase.SEQUENCE.Study_Instruction	LOADING RESOURCE SURFACE FROM DISK
1048740.256	Study_Phase.SEQUENCE.Study_Instruction	LOADING RESOURCE SURFACE FROM DISK
1055493.75	Study_Phase.SEQUENCE.DISPLAY_SCREEN	LOADING RESOURCE SURFACE FROM DISK
1057042.817	Study_Phase.SEQUENCE.Study_Instruction	LOADING RESOURCE SURFACE FROM DISK
1065307.448	Study_Phase.SEQUENCE.Study_Instruction	LOADING RESOURCE SURFACE FROM DISK
1073573.503	Study_Phase.SEQUENCE.Study_Instruction	LOADING RESOURCE SURFACE FROM DISK
1081823.543	Study_Phase.SEQUENCE.Study_Instruction	LOADING RESOURCE SURFACE FROM DISK
1088577.253	Study_Phase.SEQUENCE.DISPLAY_SCREEN	LOADING RESOURCE SURFACE FROM DISK
1090090.826	Study_Phase.SEQUENCE.Study_Instruction	LOADING RESOURCE SURFACE FROM DISK
1098357.574	Study_Phase.SEQUENCE.Study_Instruction	LOADING RESOURCE SURFACE FROM DISK
1105110.476	Study_Phase.SEQUENCE.DISPLAY_SCREEN	LOADING RESOURCE SURFACE FROM DISK
1106624.207	Study_Phase.SEQUENCE.Study_Instruction	LOADING RESOURCE SURFACE FROM DISK
1113377.289	Study_Phase.SEQUENCE.DISPLAY_SCREEN	LOADING RESOURCE SURFACE FROM DISK
1114890.827	Study_Phase.SEQUENCE.Study_Instruction	LOADING RESOURCE SURFACE FROM DISK
1121627.029	Study_Phase.SEQUENCE.DISPLAY_SCREEN	LOADING RESOURCE SURFACE FROM DISK
1123140.701	Study_Phase.SEQUENCE.Study_Instruction	LOADING RESOURCE SURFACE FROM DISK
1129893.798	Study_Phase.SEQUENCE.DISPLAY_SCREEN	LOADING RESOURCE SURFACE FROM DISK
1131407.525	Study_Phase.SEQUENCE.Study_Instruction	LOADING RESOURCE SURFACE FROM DISK
1138160.38	Study_Phase.SEQUENCE.DISPLAY_SCREEN	LOADING RESOURCE SURFACE FROM DISK
1139674.149	Study_Phase.SEQUENCE.Study_Instruction	LOADING RESOURCE SURFACE FROM DISK
1146393.748	Study_Phase.SEQUENCE.DISPLAY_SCREEN	LOADING RESOURCE SURFACE FROM DISK
1147907.454	Study_Phase.SEQUENCE.Study_Instruction	LOADING RESOURCE SURFACE FROM DISK
1156174.187	Study_Phase.SEQUENCE.Study_Instruction	LOADING RESOURCE SURFACE FROM DISK
1162926.991	Study_Phase.SEQUENCE.DISPLAY_SCREEN	LOADING RESOURCE SURFACE FROM DISK
1164440.728	Study_Phase.SEQUENCE.Study_Instruction	LOADING RESOURCE SURFACE FROM DISK
1171193.773	Study_Phase.SEQUENCE.DISPLAY_SCREEN	LOADING RESOURCE SURFACE FROM DISK
1172707.548	Study_Phase.SEQUENCE.Study_Instruction	LOADING RESOURCE SURFACE FROM DISK
1180973.463	Study_Phase.SEQUENCE.Study_Instruction	LOADING RESOURCE SURFACE FROM DISK
1189240.311	Study_Phase.SEQUENCE.Study_Instruction	LOADING RESOURCE SURFACE FROM DISK
1197506.929	Study_Phase.SEQUENCE.Study_Instruction	LOADING RESOURCE SURFACE FROM DISK
1204260.629	Study_Phase.SEQUENCE.DISPLAY_SCREEN	LOADING RESOURCE SURFACE FROM DISK
1205774.176	Study_Phase.SEQUENCE.Study_Instruction	LOADING RESOURCE SURFACE FROM DISK
1214040.785	Study_Phase.SEQUENCE.Study_Instruction	LOADING RESOURCE SURFACE FROM DISK
1222306.923	Study_Phase.SEQUENCE.Study_Instruction	LOADING RESOURCE SURFACE FROM DISK
1230557.025	Study_Phase.SEQUENCE.Study_Instruction	LOADING RESOURCE SURFACE FROM DISK
1237310.781	Study_Phase.SEQUENCE.DISPLAY_SCREEN	LOADING RESOURCE SURFACE FROM DISK
1238824.128	Study_Phase.SEQUENCE.Study_Instruction	LOADING RESOURCE SURFACE FROM DISK
1247090.448	Study_Phase.SEQUENCE.Study_Instruction	LOADING RESOURCE SURFACE FROM DISK
1255357.017	Study_Phase.SEQUENCE.Study_Instruction	LOADING RESOURCE SURFACE FROM DISK
1263623.678	Study_Phase.SEQUENCE.Study_Instruction	LOADING RESOURCE SURFACE FROM DISK
1270377.084	Study_Phase.SEQUENCE.DISPLAY_SCREEN	LOADING RESOURCE SURFACE FROM DISK
1271890.925	Study_Phase.SEQUENCE.Study_Instruction	LOADING RESOURCE SURFACE FROM DISK
1278643.969	Study_Phase.SEQUENCE.DISPLAY_SCREEN	LOADING RESOURCE SURFACE FROM DISK
1280157.507	Study_Phase.SEQUENCE.Study_Instruction	LOADING RESOURCE SURFACE FROM DISK
1288423.677	Study_Phase.SEQUENCE.Study_Instruction	LOADING RESOURCE SURFACE FROM DISK
1296690.327	Study_Phase.SEQUENCE.Study_Instruction	LOADING RESOURCE SURFACE FROM DISK
1304957.521	Study_Phase.SEQUENCE.Study_Instruction	LOADING RESOURCE SURFACE FROM DISK
1311710.41	Study_Phase.SEQUENCE.DISPLAY_SCREEN	LOADING RESOURCE SURFACE FROM DISK
1313259.634	Study_Phase.SEQUENCE.Study_Instruction	LOADING RESOURCE SURFACE FROM DISK
1320010.479	Study_Phase.SEQUENCE.DISPLAY_SCREEN	LOADING RESOURCE SURFACE FROM DISK
1321524.273	Study_Phase.SEQUENCE.Study_Instruction	LOADING RESOURCE SURFACE FROM DISK
1329790.394	Study_Phase.SEQUENCE.Study_Instruction	LOADING RESOURCE SURFACE FROM DISK
1336527.11	Study_Phase.SEQUENCE.DISPLAY_SCREEN	LOADING RESOURCE SURFACE FROM DISK
1338040.845	Study_Phase.SEQUENCE.Study_Instruction	LOADING RESOURCE SURFACE FROM DISK
1346290.834	Study_Phase.SEQUENCE.Study_Instruction	LOADING RESOURCE SURFACE FROM DISK
1354557.054	Study_Phase.SEQUENCE.Study_Instruction	LOADING RESOURCE SURFACE FROM DISK
1361293.913	Study_Phase.SEQUENCE.DISPLAY_SCREEN	LOADING RESOURCE SURFACE FROM DISK
1362807.421	Study_Phase.SEQUENCE.Study_Instruction	LOADING RESOURCE SURFACE FROM DISK
1369560.37	Study_Phase.SEQUENCE.DISPLAY_SCREEN	LOADING RESOURCE SURFACE FROM DISK
1371074.068	Study_Phase.SEQUENCE.Study_Instruction	LOADING RESOURCE SURFACE FROM DISK
1379340.206	Study_Phase.SEQUENCE.Study_Instruction	LOADING RESOURCE SURFACE FROM DISK
1387607.493	Study_Phase.SEQUENCE.Study_Instruction	LOADING RESOURCE SURFACE FROM DISK
1395856.946	Study_Phase.SEQUENCE.Study_Instruction	LOADING RESOURCE SURFACE FROM DISK
1402593.679	Study_Phase.SEQUENCE.DISPLAY_SCREEN	LOADING RESOURCE SURFACE FROM DISK
1404107.342	Study_Phase.SEQUENCE.Study_Instruction	LOADING RESOURCE SURFACE FROM DISK
1410860.439	Study_Phase.SEQUENCE.DISPLAY_SCREEN	LOADING RESOURCE SURFACE FROM DISK
1412374.172	Study_Phase.SEQUENCE.Study_Instruction	LOADING RESOURCE SURFACE FROM DISK
1420640.187	Study_Phase.SEQUENCE.Study_Instruction	LOADING RESOURCE SURFACE FROM DISK
1427377.211	Study_Phase.SEQUENCE.DISPLAY_SCREEN	LOADING RESOURCE SURFACE FROM DISK
1428890.709	Study_Phase.SEQUENCE.Study_Instruction	LOADING RESOURCE SURFACE FROM DISK
1437157.595	Study_Phase.SEQUENCE.Study_Instruction	LOADING RESOURCE SURFACE FROM DISK
1445423.541	Study_Phase.SEQUENCE.Study_Instruction	LOADING RESOURCE SURFACE FROM DISK
1452177.261	Study_Phase.SEQUENCE.DISPLAY_SCREEN	LOADING RESOURCE SURFACE FROM DISK
1453690.884	Study_Phase.SEQUENCE.Study_Instruction	LOADING RESOURCE SURFACE FROM DISK
1461957.464	Study_Phase.SEQUENCE.Study_Instruction	LOADING RESOURCE SURFACE FROM DISK
1468710.46	Study_Phase.SEQUENCE.DISPLAY_SCREEN	LOADING RESOURCE SURFACE FROM DISK
1470224.205	Study_Phase.SEQUENCE.Study_Instruction	LOADING RESOURCE SURFACE FROM DISK
1478574.232	Study_Phase.SEQUENCE.Study_Instruction	LOADING RESOURCE SURFACE FROM DISK
1485326.963	Study_Phase.SEQUENCE.DISPLAY_SCREEN	LOADING RESOURCE SURFACE FROM DISK
1486840.703	Study_Phase.SEQUENCE.Study_Instruction	LOADING RESOURCE SURFACE FROM DISK
1495107.502	Study_Phase.SEQUENCE.Study_Instruction	LOADING RESOURCE SURFACE FROM DISK
1501860.326	Study_Phase.SEQUENCE.DISPLAY_SCREEN	LOADING RESOURCE SURFACE FROM DISK
1503374.124	Study_Phase.SEQUENCE.Study_Instruction	LOADING RESOURCE SURFACE FROM DISK
1511640.346	Study_Phase.SEQUENCE.Study_Instruction	LOADING RESOURCE SURFACE FROM DISK
1518393.98	Study_Phase.SEQUENCE.DISPLAY_SCREEN	LOADING RESOURCE SURFACE FROM DISK
1519907.539	Study_Phase.SEQUENCE.Study_Instruction	LOADING RESOURCE SURFACE FROM DISK
1528174.031	Study_Phase.SEQUENCE.Study_Instruction	LOADING RESOURCE SURFACE FROM DISK
1536440.187	Study_Phase.SEQUENCE.Study_Instruction	LOADING RESOURCE SURFACE FROM DISK
1544706.947	Study_Phase.SEQUENCE.Study_Instruction	LOADING RESOURCE SURFACE FROM DISK
1552973.687	Study_Phase.SEQUENCE.Study_Instruction	LOADING RESOURCE SURFACE FROM DISK
1559727.201	Study_Phase.SEQUENCE.DISPLAY_SCREEN	LOADING RESOURCE SURFACE FROM DISK
1561240.689	Study_Phase.SEQUENCE.Study_Instruction	LOADING RESOURCE SURFACE FROM DISK
1569506.997	Study_Phase.SEQUENCE.Study_Instruction	LOADING RESOURCE SURFACE FROM DISK
1577773.619	Study_Phase.SEQUENCE.Study_Instruction	LOADING RESOURCE SURFACE FROM DISK
1584526.93	Study_Phase.SEQUENCE.DISPLAY_SCREEN	LOADING RESOURCE SURFACE FROM DISK
1586040.814	Study_Phase.SEQUENCE.Study_Instruction	LOADING RESOURCE SURFACE FROM DISK
1594307.105	Study_Phase.SEQUENCE.Study_Instruction	LOADING RESOURCE SURFACE FROM DISK
1602574.183	Study_Phase.SEQUENCE.Study_Instruction	LOADING RESOURCE SURFACE FROM DISK
1609327.121	Study_Phase.SEQUENCE.DISPLAY_SCREEN	LOADING RESOURCE SURFACE FROM DISK
1610840.792	Study_Phase.SEQUENCE.Study_Instruction	LOADING RESOURCE SURFACE FROM DISK
1619107.452	Study_Phase.SEQUENCE.Study_Instruction	LOADING RESOURCE SURFACE FROM DISK
1625860.551	Study_Phase.SEQUENCE.DISPLAY_SCREEN	LOADING RESOURCE SURFACE FROM DISK
1627374.201	Study_Phase.SEQUENCE.Study_Instruction	LOADING RESOURCE SURFACE FROM DISK
1635640.909	Study_Phase.SEQUENCE.Study_Instruction	LOADING RESOURCE SURFACE FROM DISK
1642393.722	Study_Phase.SEQUENCE.DISPLAY_SCREEN	LOADING RESOURCE SURFACE FROM DISK
1643907.49	Study_Phase.SEQUENCE.Study_Instruction	LOADING RESOURCE SURFACE FROM DISK
1652174.205	Study_Phase.SEQUENCE.Study_Instruction	LOADING RESOURCE SURFACE FROM DISK
1658927.035	Study_Phase.SEQUENCE.DISPLAY_SCREEN	LOADING RESOURCE SURFACE FROM DISK
1660440.704	Study_Phase.SEQUENCE.Study_Instruction	LOADING RESOURCE SURFACE FROM DISK
1668691.038	Study_Phase.SEQUENCE.Study_Instruction	LOADING RESOURCE SURFACE FROM DISK
1675443.831	Study_Phase.SEQUENCE.DISPLAY_SCREEN	LOADING RESOURCE SURFACE FROM DISK
1676957.678	Study_Phase.SEQUENCE.Study_Instruction	LOADING RESOURCE SURFACE FROM DISK
1685224.292	Study_Phase.SEQUENCE.Study_Instruction	LOADING RESOURCE SURFACE FROM DISK
1693490.257	Study_Phase.SEQUENCE.Study_Instruction	LOADING RESOURCE SURFACE FROM DISK
1700243.757	Study_Phase.SEQUENCE.DISPLAY_SCREEN	LOADING RESOURCE SURFACE FROM DISK
1701757.571	Study_Phase.SEQUENCE.Study_Instruction	LOADING RESOURCE SURFACE FROM DISK
1710024.276	Study_Phase.SEQUENCE.Study_Instruction	LOADING RESOURCE SURFACE FROM DISK
1716777.309	Study_Phase.SEQUENCE.DISPLAY_SCREEN	LOADING RESOURCE SURFACE FROM DISK
1718291.04	Study_Phase.SEQUENCE.Study_Instruction	LOADING RESOURCE SURFACE FROM DISK
1726540.802	Study_Phase.SEQUENCE.Study_Instruction	LOADING RESOURCE SURFACE FROM DISK
1733293.562	Study_Phase.SEQUENCE.DISPLAY_SCREEN	LOADING RESOURCE SURFACE FROM DISK
1734807.423	Study_Phase.SEQUENCE.Study_Instruction	LOADING RESOURCE SURFACE FROM DISK
1743074.239	Study_Phase.SEQUENCE.Study_Instruction	LOADING RESOURCE SURFACE FROM DISK
1749826.894	Study_Phase.SEQUENCE.DISPLAY_SCREEN	LOADING RESOURCE SURFACE FROM DISK
1751340.859	Study_Phase.SEQUENCE.Study_Instruction	LOADING RESOURCE SURFACE FROM DISK
1759606.993	Study_Phase.SEQUENCE.Study_Instruction	LOADING RESOURCE SURFACE FROM DISK
1767874.105	Study_Phase.SEQUENCE.Study_Instruction	LOADING RESOURCE SURFACE FROM DISK
1774627.182	Study_Phase.SEQUENCE.DISPLAY_SCREEN	LOADING RESOURCE SURFACE FROM DISK
1776140.791	Study_Phase.SEQUENCE.Study_Instruction	LOADING RESOURCE SURFACE FROM DISK
1784406.919	Study_Phase.SEQUENCE.Study_Instruction	LOADING RESOURCE SURFACE FROM DISK
1791143.745	Study_Phase.SEQUENCE.DISPLAY_SCREEN	LOADING RESOURCE SURFACE FROM DISK
1792692.277	Study_Phase.SEQUENCE.Study_Instruction	LOADING RESOURCE SURFACE FROM DISK
1800957.065	Study_Phase.SEQUENCE.Study_Instruction	LOADING RESOURCE SURFACE FROM DISK
1807710.567	Study_Phase.SEQUENCE.DISPLAY_SCREEN	LOADING RESOURCE SURFACE FROM DISK
1809224.17	Study_Phase.SEQUENCE.Study_Instruction	LOADING RESOURCE SURFACE FROM DISK
1817490.39	Study_Phase.SEQUENCE.Study_Instruction	LOADING RESOURCE SURFACE FROM DISK
1825740.761	Study_Phase.SEQUENCE.Study_Instruction	LOADING RESOURCE SURFACE FROM DISK
1832493.613	Study_Phase.SEQUENCE.DISPLAY_SCREEN	LOADING RESOURCE SURFACE FROM DISK
1834007.551	Study_Phase.SEQUENCE.Study_Instruction	LOADING RESOURCE SURFACE FROM DISK
1842273.606	Study_Phase.SEQUENCE.Study_Instruction	LOADING RESOURCE SURFACE FROM DISK
1850540.796	Study_Phase.SEQUENCE.Study_Instruction	LOADING RESOURCE SURFACE FROM DISK
1857293.65	Study_Phase.SEQUENCE.DISPLAY_SCREEN	LOADING RESOURCE SURFACE FROM DISK
1858807.428	Study_Phase.SEQUENCE.Study_Instruction	LOADING RESOURCE SURFACE FROM DISK
1865560.601	Study_Phase.SEQUENCE.DISPLAY_SCREEN	LOADING RESOURCE SURFACE FROM DISK
1867074.024	Study_Phase.SEQUENCE.Study_Instruction	LOADING RESOURCE SURFACE FROM DISK
1875340.228	Study_Phase.SEQUENCE.Study_Instruction	LOADING RESOURCE SURFACE FROM DISK
1882093.662	Study_Phase.SEQUENCE.DISPLAY_SCREEN	LOADING RESOURCE SURFACE FROM DISK
1883607.449	Study_Phase.SEQUENCE.Study_Instruction	LOADING RESOURCE SURFACE FROM DISK
1888312.521	DISPLAY_SCREEN[7]	LOADING RESOURCE SURFACE FROM DISK
2097173.334	Test_Phase.SEQUENCE.Target_Cue	LOADING RESOURCE SURFACE FROM DISK
2097175.02	Test_Phase.SEQUENCE.Target_Cue	LOADING RESOURCE SURFACE FROM DISK
2099190.472	Test_Phase.SEQUENCE.Word	LOADING RESOURCE SURFACE FROM DISK
2102206.719	Test_Phase.SEQUENCE.Test_Question	LOADING RESOURCE SURFACE FROM DISK
2102208.44	Test_Phase.SEQUENCE.Test_Question	LOADING RESOURCE SURFACE FROM DISK
2102210.029	Test_Phase.SEQUENCE.Test_Question	LOADING RESOURCE SURFACE FROM DISK
2102211.584	Test_Phase.SEQUENCE.Test_Question	LOADING RESOURCE SURFACE FROM DISK
2102213.191	Test_Phase.SEQUENCE.Test_Question	LOADING RESOURCE SURFACE FROM DISK
2102214.868	Test_Phase.SEQUENCE.Test_Question	LOADING RESOURCE SURFACE FROM DISK
2102216.484	Test_Phase.SEQUENCE.Test_Question	LOADING RESOURCE SURFACE FROM DISK
2102218.044	Test_Phase.SEQUENCE.Test_Question	LOADING RESOURCE SURFACE FROM DISK
2102219.553	Test_Phase.SEQUENCE.Test_Question	LOADING RESOURCE SURFACE FROM DISK
2102221.109	Test_Phase.SEQUENCE.Test_Question	LOADING RESOURCE SURFACE FROM DISK
2102222.712	Test_Phase.SEQUENCE.Test_Question	LOADING RESOURCE SURFACE FROM DISK
2102224.307	Test_Phase.SEQUENCE.Test_Question	LOADING RESOURCE SURFACE FROM DISK
2106240.541	Test_Phase.SEQUENCE.Word	LOADING RESOURCE SURFACE FROM DISK
2116923.911	Test_Phase.SEQUENCE.Word	LOADING RESOURCE SURFACE FROM DISK
2125357.246	Test_Phase.SEQUENCE.Word	LOADING RESOURCE SURFACE FROM DISK
2134240.599	Test_Phase.SEQUENCE.Word	LOADING RESOURCE SURFACE FROM DISK
2141857.162	Test_Phase.SEQUENCE.Word	LOADING RESOURCE SURFACE FROM DISK
2150357.082	Test_Phase.SEQUENCE.Word	LOADING RESOURCE SURFACE FROM DISK
2160407.132	Test_Phase.SEQUENCE.Word	LOADING RESOURCE SURFACE FROM DISK
2168973.7	Test_Phase.SEQUENCE.Word	LOADING RESOURCE SURFACE FROM DISK
2177757.203	Test_Phase.SEQUENCE.Word	LOADING RESOURCE SURFACE FROM DISK
2185623.757	Test_Phase.SEQUENCE.Word	LOADING RESOURCE SURFACE FROM DISK
2194340.626	Test_Phase.SEQUENCE.Word	LOADING RESOURCE SURFACE FROM DISK
2205990.552	Test_Phase.SEQUENCE.Word	LOADING RESOURCE SURFACE FROM DISK
2214290.803	Test_Phase.SEQUENCE.Word	LOADING RESOURCE SURFACE FROM DISK
2222457.766	Test_Phase.SEQUENCE.Word	LOADING RESOURCE SURFACE FROM DISK
2230490.435	Test_Phase.SEQUENCE.Word	LOADING RESOURCE SURFACE FROM DISK
2239573.715	Test_Phase.SEQUENCE.Word	LOADING RESOURCE SURFACE FROM DISK
2248124.041	Test_Phase.SEQUENCE.Word	LOADING RESOURCE SURFACE FROM DISK
2256507.256	Test_Phase.SEQUENCE.Word	LOADING RESOURCE SURFACE FROM DISK
2263857.678	Test_Phase.SEQUENCE.Word	LOADING RESOURCE SURFACE FROM DISK
2272707.311	Test_Phase.SEQUENCE.Word	LOADING RESOURCE SURFACE FROM DISK
2280223.754	Test_Phase.SEQUENCE.Word	LOADING RESOURCE SURFACE FROM DISK
2289224.086	Test_Phase.SEQUENCE.Word	LOADING RESOURCE SURFACE FROM DISK
2296973.733	Test_Phase.SEQUENCE.Word	LOADING RESOURCE SURFACE FROM DISK
2304397.422	Test_Phase.SEQUENCE.Word	LOADING RESOURCE SURFACE FROM DISK
2311873.82	Test_Phase.SEQUENCE.Word	LOADING RESOURCE SURFACE FROM DISK
2320257.303	Test_Phase.SEQUENCE.Word	LOADING RESOURCE SURFACE FROM DISK
2329307.137	Test_Phase.SEQUENCE.Word	LOADING RESOURCE SURFACE FROM DISK
2336623.756	Test_Phase.SEQUENCE.Word	LOADING RESOURCE SURFACE FROM DISK
2346540.602	Test_Phase.SEQUENCE.Word	LOADING RESOURCE SURFACE FROM DISK
2360823.946	Test_Phase.SEQUENCE.Word	LOADING RESOURCE SURFACE FROM DISK
2369190.546	Test_Phase.SEQUENCE.Word	LOADING RESOURCE SURFACE FROM DISK
2376673.841	Test_Phase.SEQUENCE.Word	LOADING RESOURCE SURFACE FROM DISK
2385107.344	Test_Phase.SEQUENCE.Word	LOADING RESOURCE SURFACE FROM DISK
2394340.504	Test_Phase.SEQUENCE.Word	LOADING RESOURCE SURFACE FROM DISK
2405557.129	Test_Phase.SEQUENCE.Word	LOADING RESOURCE SURFACE FROM DISK
2415640.583	Test_Phase.SEQUENCE.Word	LOADING RESOURCE SURFACE FROM DISK
2424890.446	Test_Phase.SEQUENCE.Word	LOADING RESOURCE SURFACE FROM DISK
2435940.507	Test_Phase.SEQUENCE.Word	LOADING RESOURCE SURFACE FROM DISK
2443340.532	Test_Phase.SEQUENCE.Word	LOADING RESOURCE SURFACE FROM DISK
2451307.331	Test_Phase.SEQUENCE.Word	LOADING RESOURCE SURFACE FROM DISK
2459823.846	Test_Phase.SEQUENCE.Word	LOADING RESOURCE SURFACE FROM DISK
2467090.744	Test_Phase.SEQUENCE.Word	LOADING RESOURCE SURFACE FROM DISK
2474290.684	Test_Phase.SEQUENCE.Word	LOADING RESOURCE SURFACE FROM DISK
2481573.83	Test_Phase.SEQUENCE.Word	LOADING RESOURCE SURFACE FROM DISK
2488907.166	Test_Phase.SEQUENCE.Word	LOADING RESOURCE SURFACE FROM DISK
2497723.722	Test_Phase.SEQUENCE.Word	LOADING RESOURCE SURFACE FROM DISK
2505173.777	Test_Phase.SEQUENCE.Word	LOADING RESOURCE SURFACE FROM DISK
2514674.08	Test_Phase.SEQUENCE.Word	LOADING RESOURCE SURFACE FROM DISK
2522661.242	Test_Phase.SEQUENCE.Word	LOADING RESOURCE SURFACE FROM DISK
2530024.09	Test_Phase.SEQUENCE.Word	LOADING RESOURCE SURFACE FROM DISK
2540473.812	Test_Phase.SEQUENCE.Word	LOADING RESOURCE SURFACE FROM DISK
2548257.178	Test_Phase.SEQUENCE.Word	LOADING RESOURCE SURFACE FROM DISK
2555940.588	Test_Phase.SEQUENCE.Word	LOADING RESOURCE SURFACE FROM DISK
2566057.275	Test_Phase.SEQUENCE.Word	LOADING RESOURCE SURFACE FROM DISK
2574873.919	Test_Phase.SEQUENCE.Word	LOADING RESOURCE SURFACE FROM DISK
2582323.859	Test_Phase.SEQUENCE.Word	LOADING RESOURCE SURFACE FROM DISK
2589474.022	Test_Phase.SEQUENCE.Word	LOADING RESOURCE SURFACE FROM DISK
2597140.693	Test_Phase.SEQUENCE.Word	LOADING RESOURCE SURFACE FROM DISK
2604590.469	Test_Phase.SEQUENCE.Word	LOADING RESOURCE SURFACE FROM DISK
2612640.523	Test_Phase.SEQUENCE.Word	LOADING RESOURCE SURFACE FROM DISK
2620207.138	Test_Phase.SEQUENCE.Word	LOADING RESOURCE SURFACE FROM DISK
2627140.519	Test_Phase.SEQUENCE.Word	LOADING RESOURCE SURFACE FROM DISK
2636840.757	Test_Phase.SEQUENCE.Word	LOADING RESOURCE SURFACE FROM DISK
2645357.117	Test_Phase.SEQUENCE.Word	LOADING RESOURCE SURFACE FROM DISK
2653757.222	Test_Phase.SEQUENCE.Word	LOADING RESOURCE SURFACE FROM DISK
2662440.859	Test_Phase.SEQUENCE.Word	LOADING RESOURCE SURFACE FROM DISK
2670707.324	Test_Phase.SEQUENCE.Word	LOADING RESOURCE SURFACE FROM DISK
2680457.208	Test_Phase.SEQUENCE.Word	LOADING RESOURCE SURFACE FROM DISK
2687740.887	Test_Phase.SEQUENCE.Word	LOADING RESOURCE SURFACE FROM DISK
2701807.15	Test_Phase.SEQUENCE.Word	LOADING RESOURCE SURFACE FROM DISK
2710857.128	Test_Phase.SEQUENCE.Word	LOADING RESOURCE SURFACE FROM DISK
2720657.231	Test_Phase.SEQUENCE.Word	LOADING RESOURCE SURFACE FROM DISK
2730423.719	Test_Phase.SEQUENCE.Word	LOADING RESOURCE SURFACE FROM DISK
2737623.723	Test_Phase.SEQUENCE.Word	LOADING RESOURCE SURFACE FROM DISK
2745457.273	Test_Phase.SEQUENCE.Word	LOADING RESOURCE SURFACE FROM DISK
2754723.796	Test_Phase.SEQUENCE.Word	LOADING RESOURCE SURFACE FROM DISK
2762290.597	Test_Phase.SEQUENCE.Word	LOADING RESOURCE SURFACE FROM DISK
2769507.241	Test_Phase.SEQUENCE.Word	LOADING RESOURCE SURFACE FROM DISK
2778007.313	Test_Phase.SEQUENCE.Word	LOADING RESOURCE SURFACE FROM DISK
2786523.923	Test_Phase.SEQUENCE.Word	LOADING RESOURCE SURFACE FROM DISK
2794573.797	Test_Phase.SEQUENCE.Word	LOADING RESOURCE SURFACE FROM DISK
2802573.741	Test_Phase.SEQUENCE.Word	LOADING RESOURCE SURFACE FROM DISK
2810907.162	Test_Phase.SEQUENCE.Word	LOADING RESOURCE SURFACE FROM DISK
2820157.391	Test_Phase.SEQUENCE.Word	LOADING RESOURCE SURFACE FROM DISK
2829140.505	Test_Phase.SEQUENCE.Word	LOADING RESOURCE SURFACE FROM DISK
2839240.626	Test_Phase.SEQUENCE.Word	LOADING RESOURCE SURFACE FROM DISK
2846640.62	Test_Phase.SEQUENCE.Word	LOADING RESOURCE SURFACE FROM DISK
2853873.981	Test_Phase.SEQUENCE.Word	LOADING RESOURCE SURFACE FROM DISK
2861040.562	Test_Phase.SEQUENCE.Word	LOADING RESOURCE SURFACE FROM DISK
2868256.99	Test_Phase.SEQUENCE.Word	LOADING RESOURCE SURFACE FROM DISK
2875907.353	Test_Phase.SEQUENCE.Word	LOADING RESOURCE SURFACE FROM DISK
2883407.208	Test_Phase.SEQUENCE.Word	LOADING RESOURCE SURFACE FROM DISK
2891857.57	Test_Phase.SEQUENCE.Word	LOADING RESOURCE SURFACE FROM DISK
2899340.481	Test_Phase.SEQUENCE.Word	LOADING RESOURCE SURFACE FROM DISK
2908190.616	Test_Phase.SEQUENCE.Word	LOADING RESOURCE SURFACE FROM DISK
2915429.68	Test_Phase.SEQUENCE.Word	LOADING RESOURCE SURFACE FROM DISK
2923357.288	Test_Phase.SEQUENCE.Word	LOADING RESOURCE SURFACE FROM DISK
2931790.577	Test_Phase.SEQUENCE.Word	LOADING RESOURCE SURFACE FROM DISK
2940290.65	Test_Phase.SEQUENCE.Word	LOADING RESOURCE SURFACE FROM DISK
2948023.729	Test_Phase.SEQUENCE.Word	LOADING RESOURCE SURFACE FROM DISK
2956541.673	Test_Phase.SEQUENCE.Word	LOADING RESOURCE SURFACE FROM DISK
2964857.544	Test_Phase.SEQUENCE.Word	LOADING RESOURCE SURFACE FROM DISK
2972490.522	Test_Phase.SEQUENCE.Word	LOADING RESOURCE SURFACE FROM DISK
2980673.786	Test_Phase.SEQUENCE.Word	LOADING RESOURCE SURFACE FROM DISK
2988690.656	Test_Phase.SEQUENCE.Word	LOADING RESOURCE SURFACE FROM DISK
2996123.983	Test_Phase.SEQUENCE.Word	LOADING RESOURCE SURFACE FROM DISK
3004907.334	Test_Phase.SEQUENCE.Word	LOADING RESOURCE SURFACE FROM DISK
3016907.222	Test_Phase.SEQUENCE.Word	LOADING RESOURCE SURFACE FROM DISK
3026157.222	Test_Phase.SEQUENCE.Word	LOADING RESOURCE SURFACE FROM DISK
3035057.382	Test_Phase.SEQUENCE.Word	LOADING RESOURCE SURFACE FROM DISK
3043640.511	Test_Phase.SEQUENCE.Word	LOADING RESOURCE SURFACE FROM DISK
3051657.481	Test_Phase.SEQUENCE.Word	LOADING RESOURCE SURFACE FROM DISK
3058907.122	Test_Phase.SEQUENCE.Word	LOADING RESOURCE SURFACE FROM DISK
3068257.202	Test_Phase.SEQUENCE.Word	LOADING RESOURCE SURFACE FROM DISK
3076140.534	Test_Phase.SEQUENCE.Word	LOADING RESOURCE SURFACE FROM DISK
3083323.91	Test_Phase.SEQUENCE.Word	LOADING RESOURCE SURFACE FROM DISK
3091474.018	Test_Phase.SEQUENCE.Word	LOADING RESOURCE SURFACE FROM DISK
3098890.476	Test_Phase.SEQUENCE.Word	LOADING RESOURCE SURFACE FROM DISK
3106174.049	Test_Phase.SEQUENCE.Word	LOADING RESOURCE SURFACE FROM DISK
3114573.852	Test_Phase.SEQUENCE.Word	LOADING RESOURCE SURFACE FROM DISK
3123723.736	Test_Phase.SEQUENCE.Word	LOADING RESOURCE SURFACE FROM DISK
3131340.582	Test_Phase.SEQUENCE.Word	LOADING RESOURCE SURFACE FROM DISK
3138873.974	Test_Phase.SEQUENCE.Word	LOADING RESOURCE SURFACE FROM DISK
3146007.3	Test_Phase.SEQUENCE.Word	LOADING RESOURCE SURFACE FROM DISK
3153173.946	Test_Phase.SEQUENCE.Word	LOADING RESOURCE SURFACE FROM DISK
3160407.181	Test_Phase.SEQUENCE.Word	LOADING RESOURCE SURFACE FROM DISK
3168673.928	Test_Phase.SEQUENCE.Word	LOADING RESOURCE SURFACE FROM DISK
3178407.542	Test_Phase.SEQUENCE.Word	LOADING RESOURCE SURFACE FROM DISK
3187907.203	Test_Phase.SEQUENCE.Word	LOADING RESOURCE SURFACE FROM DISK
3195740.846	Test_Phase.SEQUENCE.Word	LOADING RESOURCE SURFACE FROM DISK
3204340.552	Test_Phase.SEQUENCE.Word	LOADING RESOURCE SURFACE FROM DISK
3211540.524	Test_Phase.SEQUENCE.Word	LOADING RESOURCE SURFACE FROM DISK
3219407.195	Test_Phase.SEQUENCE.Word	LOADING RESOURCE SURFACE FROM DISK
3228541.521	Test_Phase.SEQUENCE.Word	LOADING RESOURCE SURFACE FROM DISK
3235957.161	Test_Phase.SEQUENCE.Word	LOADING RESOURCE SURFACE FROM DISK
3244057.129	Test_Phase.SEQUENCE.Word	LOADING RESOURCE SURFACE FROM DISK
3251440.693	Test_Phase.SEQUENCE.Word	LOADING RESOURCE SURFACE FROM DISK
3260099.234	Test_Phase.SEQUENCE.Word	LOADING RESOURCE SURFACE FROM DISK
3267940.578	Test_Phase.SEQUENCE.Word	LOADING RESOURCE SURFACE FROM DISK
3275257.176	Test_Phase.SEQUENCE.Word	LOADING RESOURCE SURFACE FROM DISK
3282573.931	Test_Phase.SEQUENCE.Word	LOADING RESOURCE SURFACE FROM DISK
3293973.81	Test_Phase.SEQUENCE.Word	LOADING RESOURCE SURFACE FROM DISK
3302948.781	Test_Phase.SEQUENCE.Word	LOADING RESOURCE SURFACE FROM DISK
3317173.782	Test_Phase.SEQUENCE.Word	LOADING RESOURCE SURFACE FROM DISK
3324607.177	Test_Phase.SEQUENCE.Word	LOADING RESOURCE SURFACE FROM DISK
3333507.093	Test_Phase.SEQUENCE.Word	LOADING RESOURCE SURFACE FROM DISK
3341057.203	Test_Phase.SEQUENCE.Word	LOADING RESOURCE SURFACE FROM DISK
3352307.253	Test_Phase.SEQUENCE.Word	LOADING RESOURCE SURFACE FROM DISK
3359707.146	Test_Phase.SEQUENCE.Word	LOADING RESOURCE SURFACE FROM DISK
3368573.98	Test_Phase.SEQUENCE.Word	LOADING RESOURCE SURFACE FROM DISK
3375673.79	Test_Phase.SEQUENCE.Word	LOADING RESOURCE SURFACE FROM DISK
3383523.834	Test_Phase.SEQUENCE.Word	LOADING RESOURCE SURFACE FROM DISK
3392590.557	Test_Phase.SEQUENCE.Word	LOADING RESOURCE SURFACE FROM DISK
3401190.57	Test_Phase.SEQUENCE.Word	LOADING RESOURCE SURFACE FROM DISK
3408640.519	Test_Phase.SEQUENCE.Word	LOADING RESOURCE SURFACE FROM DISK
3419140.517	Test_Phase.SEQUENCE.Word	LOADING RESOURCE SURFACE FROM DISK
3426456.034	Test_Phase.SEQUENCE.Word	LOADING RESOURCE SURFACE FROM DISK
3435757.234	Test_Phase.SEQUENCE.Word	LOADING RESOURCE SURFACE FROM DISK
3443090.661	Test_Phase.SEQUENCE.Word	LOADING RESOURCE SURFACE FROM DISK
3451557.045	Test_Phase.SEQUENCE.Word	LOADING RESOURCE SURFACE FROM DISK
3458773.8	Test_Phase.SEQUENCE.Word	LOADING RESOURCE SURFACE FROM DISK
3467623.955	Test_Phase.SEQUENCE.Word	LOADING RESOURCE SURFACE FROM DISK
3475107.054	Test_Phase.SEQUENCE.Word	LOADING RESOURCE SURFACE FROM DISK
3482540.465	Test_Phase.SEQUENCE.Word	LOADING RESOURCE SURFACE FROM DISK
3490040.56	Test_Phase.SEQUENCE.Word	LOADING RESOURCE SURFACE FROM DISK
3498225.58	Test_Phase.SEQUENCE.Word	LOADING RESOURCE SURFACE FROM DISK
3506990.529	Test_Phase.SEQUENCE.Word	LOADING RESOURCE SURFACE FROM DISK
3515707.244	Test_Phase.SEQUENCE.Word	LOADING RESOURCE SURFACE FROM DISK
3523023.941	Test_Phase.SEQUENCE.Word	LOADING RESOURCE SURFACE FROM DISK
3533690.449	Test_Phase.SEQUENCE.Word	LOADING RESOURCE SURFACE FROM DISK
3543207.46	Test_Phase.SEQUENCE.Word	LOADING RESOURCE SURFACE FROM DISK
3551275.003	Test_Phase.SEQUENCE.Word	LOADING RESOURCE SURFACE FROM DISK
3559607.273	Test_Phase.SEQUENCE.Word	LOADING RESOURCE SURFACE FROM DISK
3566523.963	Test_Phase.SEQUENCE.Word	LOADING RESOURCE SURFACE FROM DISK
3574190.506	Test_Phase.SEQUENCE.Word	LOADING RESOURCE SURFACE FROM DISK
3581523.948	Test_Phase.SEQUENCE.Word	LOADING RESOURCE SURFACE FROM DISK
3589390.63	Test_Phase.SEQUENCE.Word	LOADING RESOURCE SURFACE FROM DISK
3599223.68	Test_Phase.SEQUENCE.Word	LOADING RESOURCE SURFACE FROM DISK
3606757.151	Test_Phase.SEQUENCE.Word	LOADING RESOURCE SURFACE FROM DISK
3614690.513	Test_Phase.SEQUENCE.Word	LOADING RESOURCE SURFACE FROM DISK
3621990.825	Test_Phase.SEQUENCE.Word	LOADING RESOURCE SURFACE FROM DISK
3629840.622	Test_Phase.SEQUENCE.Word	LOADING RESOURCE SURFACE FROM DISK
3637140.691	Test_Phase.SEQUENCE.Word	LOADING RESOURCE SURFACE FROM DISK
3645290.486	Test_Phase.SEQUENCE.Word	LOADING RESOURCE SURFACE FROM DISK
3657294.173	Test_Phase.SEQUENCE.Word	LOADING RESOURCE SURFACE FROM DISK
3664707.141	Test_Phase.SEQUENCE.Word	LOADING RESOURCE SURFACE FROM DISK
3672057.146	Test_Phase.SEQUENCE.Word	LOADING RESOURCE SURFACE FROM DISK
3679207.263	Test_Phase.SEQUENCE.Word	LOADING RESOURCE SURFACE FROM DISK
3686623.787	Test_Phase.SEQUENCE.Word	LOADING RESOURCE SURFACE FROM DISK
3693557.275	Test_Phase.SEQUENCE.Word	LOADING RESOURCE SURFACE FROM DISK
3700707.358	Test_Phase.SEQUENCE.Word	LOADING RESOURCE SURFACE FROM DISK
3708690.859	Test_Phase.SEQUENCE.Word	LOADING RESOURCE SURFACE FROM DISK
3716907.092	Test_Phase.SEQUENCE.Word	LOADING RESOURCE SURFACE FROM DISK
3724073.675	Test_Phase.SEQUENCE.Word	LOADING RESOURCE SURFACE FROM DISK
3731274.475	Test_Phase.SEQUENCE.Word	LOADING RESOURCE SURFACE FROM DISK
3738540.714	Test_Phase.SEQUENCE.Word	LOADING RESOURCE SURFACE FROM DISK
3746823.982	Test_Phase.SEQUENCE.Word	LOADING RESOURCE SURFACE FROM DISK
3754240.683	Test_Phase.SEQUENCE.Word	LOADING RESOURCE SURFACE FROM DISK
3758875.568	DISPLAY_SCREEN	LOADING RESOURCE SURFACE FROM DISK
