5186.624	DISPLAY_SCREEN[1]	LOADING RESOURCE SURFACE FROM DISK
1267285.354	Familiarization_Phase.SEQUENCE.Cue_and_Instruction	LOADING RESOURCE SURFACE FROM DISK
1267299.844	Familiarization_Phase.SEQUENCE.Cue_and_Instruction	LOADING RESOURCE SURFACE FROM DISK
1273387.062	Familiarization_Phase.SEQUENCE.Cue_and_Instruction	LOADING RESOURCE SURFACE FROM DISK
1273402.005	Familiarization_Phase.SEQUENCE.Cue_and_Instruction	LOADING RESOURCE SURFACE FROM DISK
1279481.755	Familiarization_Phase.SEQUENCE.Cue_and_Instruction	LOADING RESOURCE SURFACE FROM DISK
1279498.463	Familiarization_Phase.SEQUENCE.Cue_and_Instruction	LOADING RESOURCE SURFACE FROM DISK
1321626.294	DISPLAY_SCREEN[3]	LOADING RESOURCE SURFACE FROM DISK
1435414.961	DISPLAY_SCREEN[5]	LOADING RESOURCE SURFACE FROM DISK
1488698.916	Practice_Phase.SEQUENCE.Blink_Screen	LOADING RESOURCE SURFACE FROM DISK
1488700.055	Practice_Phase.SEQUENCE.Blink_Screen	flip time is later than desired time. Desired Time=1488707 Flip Time=1488723 Retrace Rate=16.641, prepareTime=17 flip request time 1488699
1489940.224	Practice_Phase.SEQUENCE.Practice_Luminance_Cue	LOADING RESOURCE SURFACE FROM DISK
1489953.95	Practice_Phase.SEQUENCE.Practice_Luminance_Cue	LOADING RESOURCE SURFACE FROM DISK
1489955.395	Practice_Phase.SEQUENCE.Practice_Luminance_Cue	flip time is later than desired time. Desired Time=1489923 Flip Time=1489973 Retrace Rate=16.641, prepareTime=55 flip request time 1489955
1491997.394	Practice_Phase.SEQUENCE.Practice_Instruction	LOADING RESOURCE SURFACE FROM DISK
1492004.786	Practice_Phase.SEQUENCE.Practice_Instruction	LOADING RESOURCE SURFACE FROM DISK
1492006.415	Practice_Phase.SEQUENCE.Practice_Instruction	flip time is later than desired time. Desired Time=1491973 Flip Time=1492023 Retrace Rate=16.641, prepareTime=56 flip request time 1492006
1500108.797	Practice_Phase.SEQUENCE.Practice_Instruction	LOADING RESOURCE SURFACE FROM DISK
1500115.585	Practice_Phase.SEQUENCE.Practice_Instruction	LOADING RESOURCE SURFACE FROM DISK
1500117.206	Practice_Phase.SEQUENCE.Practice_Instruction	flip time is later than desired time. Desired Time=1500090 Flip Time=1500140 Retrace Rate=16.641, prepareTime=51 flip request time 1500116
1508229.547	Practice_Phase.SEQUENCE.Practice_Instruction	LOADING RESOURCE SURFACE FROM DISK
1508237.539	Practice_Phase.SEQUENCE.Practice_Instruction	LOADING RESOURCE SURFACE FROM DISK
1508239.081	Practice_Phase.SEQUENCE.Practice_Instruction	flip time is later than desired time. Desired Time=1508207 Flip Time=1508257 Retrace Rate=16.641, prepareTime=56 flip request time 1508238
1516304.606	Practice_Phase.SEQUENCE.Practice_Instruction	LOADING RESOURCE SURFACE FROM DISK
1516306.999	Practice_Phase.SEQUENCE.Practice_Instruction	LOADING RESOURCE SURFACE FROM DISK
1524371.117	Practice_Phase.SEQUENCE.Practice_Instruction	LOADING RESOURCE SURFACE FROM DISK
1524412.663	Practice_Phase.SEQUENCE.Practice_Instruction	LOADING RESOURCE SURFACE FROM DISK
1524414.225	Practice_Phase.SEQUENCE.Practice_Instruction	flip time is later than desired time. Desired Time=1524390 Flip Time=1524423 Retrace Rate=16.641, prepareTime=48 flip request time 1524413
1532471.333	Practice_Phase.SEQUENCE.Practice_Instruction	LOADING RESOURCE SURFACE FROM DISK
1532514.589	Practice_Phase.SEQUENCE.Practice_Instruction	LOADING RESOURCE SURFACE FROM DISK
1532516.138	Practice_Phase.SEQUENCE.Practice_Instruction	flip time is later than desired time. Desired Time=1532490 Flip Time=1532540 Retrace Rate=16.641, prepareTime=50 flip request time 1532515
1540587.946	Practice_Phase.SEQUENCE.Practice_Instruction	LOADING RESOURCE SURFACE FROM DISK
1540590.283	Practice_Phase.SEQUENCE.Practice_Instruction	LOADING RESOURCE SURFACE FROM DISK
1548654.697	Practice_Phase.SEQUENCE.Practice_Instruction	LOADING RESOURCE SURFACE FROM DISK
1548680.901	Practice_Phase.SEQUENCE.Practice_Instruction	LOADING RESOURCE SURFACE FROM DISK
1548682.674	Practice_Phase.SEQUENCE.Practice_Instruction	flip time is later than desired time. Desired Time=1548673 Flip Time=1548707 Retrace Rate=16.641, prepareTime=33 flip request time 1548682
1556754.568	Practice_Phase.SEQUENCE.Practice_Instruction	LOADING RESOURCE SURFACE FROM DISK
1556791.695	Practice_Phase.SEQUENCE.Practice_Instruction	LOADING RESOURCE SURFACE FROM DISK
1556793.324	Practice_Phase.SEQUENCE.Practice_Instruction	flip time is later than desired time. Desired Time=1556773 Flip Time=1556807 Retrace Rate=16.641, prepareTime=43 flip request time 1556793
1561467.242	DISPLAY_SCREEN[2]	LOADING RESOURCE SURFACE FROM DISK
1683696.65	Study_Phase.SEQUENCE.Study_Instruction	LOADING RESOURCE SURFACE FROM DISK
1683985.365	Study_Phase.SEQUENCE.Study_Instruction	LOADING RESOURCE SURFACE FROM DISK
1692247.04	Study_Phase.SEQUENCE.Study_Instruction	LOADING RESOURCE SURFACE FROM DISK
1692287.481	Study_Phase.SEQUENCE.Study_Instruction	LOADING RESOURCE SURFACE FROM DISK
1700547.041	Study_Phase.SEQUENCE.Study_Instruction	LOADING RESOURCE SURFACE FROM DISK
1700591.542	Study_Phase.SEQUENCE.Study_Instruction	LOADING RESOURCE SURFACE FROM DISK
1708882.157	Study_Phase.SEQUENCE.Study_Instruction	LOADING RESOURCE SURFACE FROM DISK
1717146.673	Study_Phase.SEQUENCE.Study_Instruction	LOADING RESOURCE SURFACE FROM DISK
1717186.568	Study_Phase.SEQUENCE.Study_Instruction	LOADING RESOURCE SURFACE FROM DISK
1725446.736	Study_Phase.SEQUENCE.Study_Instruction	LOADING RESOURCE SURFACE FROM DISK
1725486.73	Study_Phase.SEQUENCE.Study_Instruction	LOADING RESOURCE SURFACE FROM DISK
1733786.38	Study_Phase.SEQUENCE.Study_Instruction	LOADING RESOURCE SURFACE FROM DISK
1742044.271	Study_Phase.SEQUENCE.Study_Instruction	LOADING RESOURCE SURFACE FROM DISK
1750333.304	Study_Phase.SEQUENCE.Study_Instruction	LOADING RESOURCE SURFACE FROM DISK
1758596.694	Study_Phase.SEQUENCE.Study_Instruction	LOADING RESOURCE SURFACE FROM DISK
1758671.297	Study_Phase.SEQUENCE.Study_Instruction	LOADING RESOURCE SURFACE FROM DISK
1766969.191	Study_Phase.SEQUENCE.Study_Instruction	LOADING RESOURCE SURFACE FROM DISK
1775229.895	Study_Phase.SEQUENCE.Study_Instruction	LOADING RESOURCE SURFACE FROM DISK
1775272.094	Study_Phase.SEQUENCE.Study_Instruction	LOADING RESOURCE SURFACE FROM DISK
1783509.971	Study_Phase.SEQUENCE.Study_Instruction	LOADING RESOURCE SURFACE FROM DISK
1791801.979	Study_Phase.SEQUENCE.Study_Instruction	LOADING RESOURCE SURFACE FROM DISK
1800063.326	Study_Phase.SEQUENCE.Study_Instruction	LOADING RESOURCE SURFACE FROM DISK
1800065.705	Study_Phase.SEQUENCE.Study_Instruction	LOADING RESOURCE SURFACE FROM DISK
1808348.722	Study_Phase.SEQUENCE.Study_Instruction	LOADING RESOURCE SURFACE FROM DISK
1816627.615	Study_Phase.SEQUENCE.Study_Instruction	LOADING RESOURCE SURFACE FROM DISK
1824879.899	Study_Phase.SEQUENCE.Study_Instruction	LOADING RESOURCE SURFACE FROM DISK
1824913.846	Study_Phase.SEQUENCE.Study_Instruction	LOADING RESOURCE SURFACE FROM DISK
1833205.768	Study_Phase.SEQUENCE.Study_Instruction	LOADING RESOURCE SURFACE FROM DISK
1841463.664	Study_Phase.SEQUENCE.Study_Instruction	LOADING RESOURCE SURFACE FROM DISK
1841503.584	Study_Phase.SEQUENCE.Study_Instruction	LOADING RESOURCE SURFACE FROM DISK
1849763.371	Study_Phase.SEQUENCE.Study_Instruction	LOADING RESOURCE SURFACE FROM DISK
1849804.089	Study_Phase.SEQUENCE.Study_Instruction	LOADING RESOURCE SURFACE FROM DISK
1858102.248	Study_Phase.SEQUENCE.Study_Instruction	LOADING RESOURCE SURFACE FROM DISK
1866363.054	Study_Phase.SEQUENCE.Study_Instruction	LOADING RESOURCE SURFACE FROM DISK
1866401.555	Study_Phase.SEQUENCE.Study_Instruction	LOADING RESOURCE SURFACE FROM DISK
1874663.167	Study_Phase.SEQUENCE.Study_Instruction	LOADING RESOURCE SURFACE FROM DISK
1874703.884	Study_Phase.SEQUENCE.Study_Instruction	LOADING RESOURCE SURFACE FROM DISK
1882981.294	Study_Phase.SEQUENCE.Study_Instruction	LOADING RESOURCE SURFACE FROM DISK
1891264.741	Study_Phase.SEQUENCE.Study_Instruction	LOADING RESOURCE SURFACE FROM DISK
1899530.083	Study_Phase.SEQUENCE.Study_Instruction	LOADING RESOURCE SURFACE FROM DISK
1899569.346	Study_Phase.SEQUENCE.Study_Instruction	LOADING RESOURCE SURFACE FROM DISK
1907850.835	Study_Phase.SEQUENCE.Study_Instruction	LOADING RESOURCE SURFACE FROM DISK
1916113.145	Study_Phase.SEQUENCE.Study_Instruction	LOADING RESOURCE SURFACE FROM DISK
1916147.738	Study_Phase.SEQUENCE.Study_Instruction	LOADING RESOURCE SURFACE FROM DISK
1924413.458	Study_Phase.SEQUENCE.Study_Instruction	LOADING RESOURCE SURFACE FROM DISK
1924450.934	Study_Phase.SEQUENCE.Study_Instruction	LOADING RESOURCE SURFACE FROM DISK
1932752.511	Study_Phase.SEQUENCE.Study_Instruction	LOADING RESOURCE SURFACE FROM DISK
1941030.138	Study_Phase.SEQUENCE.Study_Instruction	LOADING RESOURCE SURFACE FROM DISK
1949318.522	Study_Phase.SEQUENCE.Study_Instruction	LOADING RESOURCE SURFACE FROM DISK
1957580.208	Study_Phase.SEQUENCE.Study_Instruction	LOADING RESOURCE SURFACE FROM DISK
1957618.607	Study_Phase.SEQUENCE.Study_Instruction	LOADING RESOURCE SURFACE FROM DISK
1965909.655	Study_Phase.SEQUENCE.Study_Instruction	LOADING RESOURCE SURFACE FROM DISK
1974163.258	Study_Phase.SEQUENCE.Study_Instruction	LOADING RESOURCE SURFACE FROM DISK
1974207.971	Study_Phase.SEQUENCE.Study_Instruction	LOADING RESOURCE SURFACE FROM DISK
1982463.439	Study_Phase.SEQUENCE.Study_Instruction	LOADING RESOURCE SURFACE FROM DISK
1982503.748	Study_Phase.SEQUENCE.Study_Instruction	LOADING RESOURCE SURFACE FROM DISK
1990795.434	Study_Phase.SEQUENCE.Study_Instruction	LOADING RESOURCE SURFACE FROM DISK
1999055.973	Study_Phase.SEQUENCE.Study_Instruction	LOADING RESOURCE SURFACE FROM DISK
2007353.117	Study_Phase.SEQUENCE.Study_Instruction	LOADING RESOURCE SURFACE FROM DISK
2015648.793	Study_Phase.SEQUENCE.Study_Instruction	LOADING RESOURCE SURFACE FROM DISK
2023949.21	Study_Phase.SEQUENCE.Study_Instruction	LOADING RESOURCE SURFACE FROM DISK
2032213.475	Study_Phase.SEQUENCE.Study_Instruction	LOADING RESOURCE SURFACE FROM DISK
2032251.374	Study_Phase.SEQUENCE.Study_Instruction	LOADING RESOURCE SURFACE FROM DISK
2040513.438	Study_Phase.SEQUENCE.Study_Instruction	LOADING RESOURCE SURFACE FROM DISK
2040551.297	Study_Phase.SEQUENCE.Study_Instruction	LOADING RESOURCE SURFACE FROM DISK
2048848.464	Study_Phase.SEQUENCE.Study_Instruction	LOADING RESOURCE SURFACE FROM DISK
2057096.658	Study_Phase.SEQUENCE.Study_Instruction	LOADING RESOURCE SURFACE FROM DISK
2057134.568	Study_Phase.SEQUENCE.Study_Instruction	LOADING RESOURCE SURFACE FROM DISK
2065426.344	Study_Phase.SEQUENCE.Study_Instruction	LOADING RESOURCE SURFACE FROM DISK
2073717.868	Study_Phase.SEQUENCE.Study_Instruction	LOADING RESOURCE SURFACE FROM DISK
2081964.459	Study_Phase.SEQUENCE.Study_Instruction	LOADING RESOURCE SURFACE FROM DISK
2090252.277	Study_Phase.SEQUENCE.Study_Instruction	LOADING RESOURCE SURFACE FROM DISK
2098513.399	Study_Phase.SEQUENCE.Study_Instruction	LOADING RESOURCE SURFACE FROM DISK
2098515.77	Study_Phase.SEQUENCE.Study_Instruction	LOADING RESOURCE SURFACE FROM DISK
2106811.578	Study_Phase.SEQUENCE.Study_Instruction	LOADING RESOURCE SURFACE FROM DISK
2115043.12	Study_Phase.SEQUENCE.Study_Instruction	LOADING RESOURCE SURFACE FROM DISK
2123296.556	Study_Phase.SEQUENCE.Study_Instruction	LOADING RESOURCE SURFACE FROM DISK
2123334.048	Study_Phase.SEQUENCE.Study_Instruction	LOADING RESOURCE SURFACE FROM DISK
2131637.802	Study_Phase.SEQUENCE.Study_Instruction	LOADING RESOURCE SURFACE FROM DISK
2139896.818	Study_Phase.SEQUENCE.Study_Instruction	LOADING RESOURCE SURFACE FROM DISK
2139936.991	Study_Phase.SEQUENCE.Study_Instruction	LOADING RESOURCE SURFACE FROM DISK
2148193.499	Study_Phase.SEQUENCE.Study_Instruction	LOADING RESOURCE SURFACE FROM DISK
2156446.447	Study_Phase.SEQUENCE.Study_Instruction	LOADING RESOURCE SURFACE FROM DISK
2156482.616	Study_Phase.SEQUENCE.Study_Instruction	LOADING RESOURCE SURFACE FROM DISK
2164730.369	Study_Phase.SEQUENCE.Study_Instruction	LOADING RESOURCE SURFACE FROM DISK
2164764.688	Study_Phase.SEQUENCE.Study_Instruction	LOADING RESOURCE SURFACE FROM DISK
2173029.92	Study_Phase.SEQUENCE.Study_Instruction	LOADING RESOURCE SURFACE FROM DISK
2173069.111	Study_Phase.SEQUENCE.Study_Instruction	LOADING RESOURCE SURFACE FROM DISK
2181366.38	Study_Phase.SEQUENCE.Study_Instruction	LOADING RESOURCE SURFACE FROM DISK
2189629.871	Study_Phase.SEQUENCE.Study_Instruction	LOADING RESOURCE SURFACE FROM DISK
2189674.165	Study_Phase.SEQUENCE.Study_Instruction	LOADING RESOURCE SURFACE FROM DISK
2197929.994	Study_Phase.SEQUENCE.Study_Instruction	LOADING RESOURCE SURFACE FROM DISK
2197967.279	Study_Phase.SEQUENCE.Study_Instruction	LOADING RESOURCE SURFACE FROM DISK
2206266.925	Study_Phase.SEQUENCE.Study_Instruction	LOADING RESOURCE SURFACE FROM DISK
2214530.178	Study_Phase.SEQUENCE.Study_Instruction	LOADING RESOURCE SURFACE FROM DISK
2214573.694	Study_Phase.SEQUENCE.Study_Instruction	LOADING RESOURCE SURFACE FROM DISK
2222853.096	Study_Phase.SEQUENCE.Study_Instruction	LOADING RESOURCE SURFACE FROM DISK
2231113.264	Study_Phase.SEQUENCE.Study_Instruction	LOADING RESOURCE SURFACE FROM DISK
2231148.227	Study_Phase.SEQUENCE.Study_Instruction	LOADING RESOURCE SURFACE FROM DISK
2239433.676	Study_Phase.SEQUENCE.Study_Instruction	LOADING RESOURCE SURFACE FROM DISK
2247696.529	Study_Phase.SEQUENCE.Study_Instruction	LOADING RESOURCE SURFACE FROM DISK
2247736.37	Study_Phase.SEQUENCE.Study_Instruction	LOADING RESOURCE SURFACE FROM DISK
2256032.597	Study_Phase.SEQUENCE.Study_Instruction	LOADING RESOURCE SURFACE FROM DISK
2264330.409	Study_Phase.SEQUENCE.Study_Instruction	LOADING RESOURCE SURFACE FROM DISK
2272563.398	Study_Phase.SEQUENCE.Study_Instruction	LOADING RESOURCE SURFACE FROM DISK
2272602.736	Study_Phase.SEQUENCE.Study_Instruction	LOADING RESOURCE SURFACE FROM DISK
2280893.889	Study_Phase.SEQUENCE.Study_Instruction	LOADING RESOURCE SURFACE FROM DISK
2289146.554	Study_Phase.SEQUENCE.Study_Instruction	LOADING RESOURCE SURFACE FROM DISK
2289190.948	Study_Phase.SEQUENCE.Study_Instruction	LOADING RESOURCE SURFACE FROM DISK
2297480.458	Study_Phase.SEQUENCE.Study_Instruction	LOADING RESOURCE SURFACE FROM DISK
2305730.027	Study_Phase.SEQUENCE.Study_Instruction	LOADING RESOURCE SURFACE FROM DISK
2305770.52	Study_Phase.SEQUENCE.Study_Instruction	LOADING RESOURCE SURFACE FROM DISK
2314030.007	Study_Phase.SEQUENCE.Study_Instruction	LOADING RESOURCE SURFACE FROM DISK
2314073.399	Study_Phase.SEQUENCE.Study_Instruction	LOADING RESOURCE SURFACE FROM DISK
2322362.205	Study_Phase.SEQUENCE.Study_Instruction	LOADING RESOURCE SURFACE FROM DISK
2330579.979	Study_Phase.SEQUENCE.Study_Instruction	LOADING RESOURCE SURFACE FROM DISK
2330621.879	Study_Phase.SEQUENCE.Study_Instruction	LOADING RESOURCE SURFACE FROM DISK
2338917.601	Study_Phase.SEQUENCE.Study_Instruction	LOADING RESOURCE SURFACE FROM DISK
2347219.344	Study_Phase.SEQUENCE.Study_Instruction	LOADING RESOURCE SURFACE FROM DISK
2355494.58	Study_Phase.SEQUENCE.Study_Instruction	LOADING RESOURCE SURFACE FROM DISK
2363713.394	Study_Phase.SEQUENCE.Study_Instruction	LOADING RESOURCE SURFACE FROM DISK
2363754.128	Study_Phase.SEQUENCE.Study_Instruction	LOADING RESOURCE SURFACE FROM DISK
2372013.453	Study_Phase.SEQUENCE.Study_Instruction	LOADING RESOURCE SURFACE FROM DISK
2372051.884	Study_Phase.SEQUENCE.Study_Instruction	LOADING RESOURCE SURFACE FROM DISK
2380353.74	Study_Phase.SEQUENCE.Study_Instruction	LOADING RESOURCE SURFACE FROM DISK
2388596.855	Study_Phase.SEQUENCE.Study_Instruction	LOADING RESOURCE SURFACE FROM DISK
2388622.657	Study_Phase.SEQUENCE.Study_Instruction	LOADING RESOURCE SURFACE FROM DISK
2396880.032	Study_Phase.SEQUENCE.Study_Instruction	LOADING RESOURCE SURFACE FROM DISK
2396920.838	Study_Phase.SEQUENCE.Study_Instruction	LOADING RESOURCE SURFACE FROM DISK
2405217.331	Study_Phase.SEQUENCE.Study_Instruction	LOADING RESOURCE SURFACE FROM DISK
2413480.058	Study_Phase.SEQUENCE.Study_Instruction	LOADING RESOURCE SURFACE FROM DISK
2413519.123	Study_Phase.SEQUENCE.Study_Instruction	LOADING RESOURCE SURFACE FROM DISK
2421846.625	Study_Phase.SEQUENCE.Study_Instruction	LOADING RESOURCE SURFACE FROM DISK
2421883.589	Study_Phase.SEQUENCE.Study_Instruction	LOADING RESOURCE SURFACE FROM DISK
2430183.023	Study_Phase.SEQUENCE.Study_Instruction	LOADING RESOURCE SURFACE FROM DISK
2438446.901	Study_Phase.SEQUENCE.Study_Instruction	LOADING RESOURCE SURFACE FROM DISK
2438483.491	Study_Phase.SEQUENCE.Study_Instruction	LOADING RESOURCE SURFACE FROM DISK
2446746.661	Study_Phase.SEQUENCE.Study_Instruction	LOADING RESOURCE SURFACE FROM DISK
2446788.133	Study_Phase.SEQUENCE.Study_Instruction	LOADING RESOURCE SURFACE FROM DISK
2455046.623	Study_Phase.SEQUENCE.Study_Instruction	LOADING RESOURCE SURFACE FROM DISK
2455087.787	Study_Phase.SEQUENCE.Study_Instruction	LOADING RESOURCE SURFACE FROM DISK
2463346.67	Study_Phase.SEQUENCE.Study_Instruction	LOADING RESOURCE SURFACE FROM DISK
2463384.468	Study_Phase.SEQUENCE.Study_Instruction	LOADING RESOURCE SURFACE FROM DISK
2471679.213	Study_Phase.SEQUENCE.Study_Instruction	LOADING RESOURCE SURFACE FROM DISK
2479929.952	Study_Phase.SEQUENCE.Study_Instruction	LOADING RESOURCE SURFACE FROM DISK
2479965.306	Study_Phase.SEQUENCE.Study_Instruction	LOADING RESOURCE SURFACE FROM DISK
2488267.76	Study_Phase.SEQUENCE.Study_Instruction	LOADING RESOURCE SURFACE FROM DISK
2496529.794	Study_Phase.SEQUENCE.Study_Instruction	LOADING RESOURCE SURFACE FROM DISK
2496566.265	Study_Phase.SEQUENCE.Study_Instruction	LOADING RESOURCE SURFACE FROM DISK
2504859.147	Study_Phase.SEQUENCE.Study_Instruction	LOADING RESOURCE SURFACE FROM DISK
2513144.909	Study_Phase.SEQUENCE.Study_Instruction	LOADING RESOURCE SURFACE FROM DISK
2521435.923	Study_Phase.SEQUENCE.Study_Instruction	LOADING RESOURCE SURFACE FROM DISK
2529696.64	Study_Phase.SEQUENCE.Study_Instruction	LOADING RESOURCE SURFACE FROM DISK
2529749.309	Study_Phase.SEQUENCE.Study_Instruction	LOADING RESOURCE SURFACE FROM DISK
2538013.248	Study_Phase.SEQUENCE.Study_Instruction	LOADING RESOURCE SURFACE FROM DISK
2538019.611	Study_Phase.SEQUENCE.Study_Instruction	LOADING RESOURCE SURFACE FROM DISK
2546310.129	Study_Phase.SEQUENCE.Study_Instruction	LOADING RESOURCE SURFACE FROM DISK
2554563.353	Study_Phase.SEQUENCE.Study_Instruction	LOADING RESOURCE SURFACE FROM DISK
2554602.09	Study_Phase.SEQUENCE.Study_Instruction	LOADING RESOURCE SURFACE FROM DISK
2562913.344	Study_Phase.SEQUENCE.Study_Instruction	LOADING RESOURCE SURFACE FROM DISK
2562915.742	Study_Phase.SEQUENCE.Study_Instruction	LOADING RESOURCE SURFACE FROM DISK
2571214.636	Study_Phase.SEQUENCE.Study_Instruction	LOADING RESOURCE SURFACE FROM DISK
2579492.45	Study_Phase.SEQUENCE.Study_Instruction	LOADING RESOURCE SURFACE FROM DISK
2587781.099	Study_Phase.SEQUENCE.Study_Instruction	LOADING RESOURCE SURFACE FROM DISK
2596044.42	Study_Phase.SEQUENCE.Study_Instruction	LOADING RESOURCE SURFACE FROM DISK
2604296.767	Study_Phase.SEQUENCE.Study_Instruction	LOADING RESOURCE SURFACE FROM DISK
2604339.541	Study_Phase.SEQUENCE.Study_Instruction	LOADING RESOURCE SURFACE FROM DISK
2612596.673	Study_Phase.SEQUENCE.Study_Instruction	LOADING RESOURCE SURFACE FROM DISK
2612634.509	Study_Phase.SEQUENCE.Study_Instruction	LOADING RESOURCE SURFACE FROM DISK
2620935.433	Study_Phase.SEQUENCE.Study_Instruction	LOADING RESOURCE SURFACE FROM DISK
2629211.631	Study_Phase.SEQUENCE.Study_Instruction	LOADING RESOURCE SURFACE FROM DISK
2637496.204	Study_Phase.SEQUENCE.Study_Instruction	LOADING RESOURCE SURFACE FROM DISK
2645746.662	Study_Phase.SEQUENCE.Study_Instruction	LOADING RESOURCE SURFACE FROM DISK
2645788.39	Study_Phase.SEQUENCE.Study_Instruction	LOADING RESOURCE SURFACE FROM DISK
2654046.575	Study_Phase.SEQUENCE.Study_Instruction	LOADING RESOURCE SURFACE FROM DISK
2654048.977	Study_Phase.SEQUENCE.Study_Instruction	LOADING RESOURCE SURFACE FROM DISK
2662347.107	Study_Phase.SEQUENCE.Study_Instruction	LOADING RESOURCE SURFACE FROM DISK
2670596.677	Study_Phase.SEQUENCE.Study_Instruction	LOADING RESOURCE SURFACE FROM DISK
2670634.149	Study_Phase.SEQUENCE.Study_Instruction	LOADING RESOURCE SURFACE FROM DISK
2675363.708	DISPLAY_SCREEN[7]	LOADING RESOURCE SURFACE FROM DISK
2803073.181	Test_Phase.SEQUENCE.Target_Cue	LOADING RESOURCE SURFACE FROM DISK
2803074.959	Test_Phase.SEQUENCE.Target_Cue	LOADING RESOURCE SURFACE FROM DISK
2805135.975	Test_Phase.SEQUENCE.Word	LOADING RESOURCE SURFACE FROM DISK
2808159.582	Test_Phase.SEQUENCE.Test_Question	LOADING RESOURCE SURFACE FROM DISK
2808170.256	Test_Phase.SEQUENCE.Test_Question	LOADING RESOURCE SURFACE FROM DISK
2808182.118	Test_Phase.SEQUENCE.Test_Question	LOADING RESOURCE SURFACE FROM DISK
2808199.896	Test_Phase.SEQUENCE.Test_Question	LOADING RESOURCE SURFACE FROM DISK
2808205.084	Test_Phase.SEQUENCE.Test_Question	LOADING RESOURCE SURFACE FROM DISK
2808206.813	Test_Phase.SEQUENCE.Test_Question	LOADING RESOURCE SURFACE FROM DISK
2808221.461	Test_Phase.SEQUENCE.Test_Question	LOADING RESOURCE SURFACE FROM DISK
2808223.158	Test_Phase.SEQUENCE.Test_Question	LOADING RESOURCE SURFACE FROM DISK
2808224.846	Test_Phase.SEQUENCE.Test_Question	LOADING RESOURCE SURFACE FROM DISK
2808226.48	Test_Phase.SEQUENCE.Test_Question	LOADING RESOURCE SURFACE FROM DISK
2808228.077	Test_Phase.SEQUENCE.Test_Question	LOADING RESOURCE SURFACE FROM DISK
2808229.694	Test_Phase.SEQUENCE.Test_Question	LOADING RESOURCE SURFACE FROM DISK
2814293.196	Test_Phase.SEQUENCE.Word	LOADING RESOURCE SURFACE FROM DISK
2823342.954	Test_Phase.SEQUENCE.Word	LOADING RESOURCE SURFACE FROM DISK
2831709.773	Test_Phase.SEQUENCE.Word	LOADING RESOURCE SURFACE FROM DISK
2839793.031	Test_Phase.SEQUENCE.Word	LOADING RESOURCE SURFACE FROM DISK
2850759.646	Test_Phase.SEQUENCE.Word	LOADING RESOURCE SURFACE FROM DISK
2858759.725	Test_Phase.SEQUENCE.Word	LOADING RESOURCE SURFACE FROM DISK
2866846.537	Test_Phase.SEQUENCE.Word	LOADING RESOURCE SURFACE FROM DISK
2875097.484	Test_Phase.SEQUENCE.Word	LOADING RESOURCE SURFACE FROM DISK
2883644.027	Test_Phase.SEQUENCE.Word	LOADING RESOURCE SURFACE FROM DISK
2891842.932	Test_Phase.SEQUENCE.Word	LOADING RESOURCE SURFACE FROM DISK
2899876.337	Test_Phase.SEQUENCE.Word	LOADING RESOURCE SURFACE FROM DISK
2907795.639	Test_Phase.SEQUENCE.Word	LOADING RESOURCE SURFACE FROM DISK
2916176.407	Test_Phase.SEQUENCE.Word	LOADING RESOURCE SURFACE FROM DISK
2925876.49	Test_Phase.SEQUENCE.Word	LOADING RESOURCE SURFACE FROM DISK
2934726.333	Test_Phase.SEQUENCE.Word	LOADING RESOURCE SURFACE FROM DISK
2942659.672	Test_Phase.SEQUENCE.Word	LOADING RESOURCE SURFACE FROM DISK
2951835.604	Test_Phase.SEQUENCE.Word	LOADING RESOURCE SURFACE FROM DISK
2959710.239	Test_Phase.SEQUENCE.Word	LOADING RESOURCE SURFACE FROM DISK
2968913.107	Test_Phase.SEQUENCE.Word	LOADING RESOURCE SURFACE FROM DISK
2976832.146	Test_Phase.SEQUENCE.Word	LOADING RESOURCE SURFACE FROM DISK
2986109.699	Test_Phase.SEQUENCE.Word	LOADING RESOURCE SURFACE FROM DISK
2994167.487	Test_Phase.SEQUENCE.Word	LOADING RESOURCE SURFACE FROM DISK
3002293.137	Test_Phase.SEQUENCE.Word	LOADING RESOURCE SURFACE FROM DISK
3010242.956	Test_Phase.SEQUENCE.Word	LOADING RESOURCE SURFACE FROM DISK
3018333.095	Test_Phase.SEQUENCE.Word	LOADING RESOURCE SURFACE FROM DISK
3026326.54	Test_Phase.SEQUENCE.Word	LOADING RESOURCE SURFACE FROM DISK
3034326.429	Test_Phase.SEQUENCE.Word	LOADING RESOURCE SURFACE FROM DISK
3042309.739	Test_Phase.SEQUENCE.Word	LOADING RESOURCE SURFACE FROM DISK
3050426.369	Test_Phase.SEQUENCE.Word	LOADING RESOURCE SURFACE FROM DISK
3058693.095	Test_Phase.SEQUENCE.Word	LOADING RESOURCE SURFACE FROM DISK
3066693.129	Test_Phase.SEQUENCE.Word	LOADING RESOURCE SURFACE FROM DISK
3074734.766	Test_Phase.SEQUENCE.Word	LOADING RESOURCE SURFACE FROM DISK
3084076.461	Test_Phase.SEQUENCE.Word	LOADING RESOURCE SURFACE FROM DISK
3092109.622	Test_Phase.SEQUENCE.Word	LOADING RESOURCE SURFACE FROM DISK
3103793.002	Test_Phase.SEQUENCE.Word	LOADING RESOURCE SURFACE FROM DISK
3112025.664	Test_Phase.SEQUENCE.Word	LOADING RESOURCE SURFACE FROM DISK
3120148.95	Test_Phase.SEQUENCE.Word	LOADING RESOURCE SURFACE FROM DISK
3128166.497	Test_Phase.SEQUENCE.Word	LOADING RESOURCE SURFACE FROM DISK
3136143.054	Test_Phase.SEQUENCE.Word	LOADING RESOURCE SURFACE FROM DISK
3144226.284	Test_Phase.SEQUENCE.Word	LOADING RESOURCE SURFACE FROM DISK
3152326.396	Test_Phase.SEQUENCE.Word	LOADING RESOURCE SURFACE FROM DISK
3160201.735	Test_Phase.SEQUENCE.Word	LOADING RESOURCE SURFACE FROM DISK
3168043.258	Test_Phase.SEQUENCE.Word	LOADING RESOURCE SURFACE FROM DISK
3175993.049	Test_Phase.SEQUENCE.Word	LOADING RESOURCE SURFACE FROM DISK
3183925.061	Test_Phase.SEQUENCE.Word	LOADING RESOURCE SURFACE FROM DISK
3192493.13	Test_Phase.SEQUENCE.Word	LOADING RESOURCE SURFACE FROM DISK
3200593.638	Test_Phase.SEQUENCE.Word	LOADING RESOURCE SURFACE FROM DISK
3208826.288	Test_Phase.SEQUENCE.Word	LOADING RESOURCE SURFACE FROM DISK
3216859.532	Test_Phase.SEQUENCE.Word	LOADING RESOURCE SURFACE FROM DISK
3227217.554	Test_Phase.SEQUENCE.Word	LOADING RESOURCE SURFACE FROM DISK
3235301.749	Test_Phase.SEQUENCE.Word	LOADING RESOURCE SURFACE FROM DISK
3243259.304	Test_Phase.SEQUENCE.Word	LOADING RESOURCE SURFACE FROM DISK
3251243.275	Test_Phase.SEQUENCE.Word	LOADING RESOURCE SURFACE FROM DISK
3259043.891	Test_Phase.SEQUENCE.Word	LOADING RESOURCE SURFACE FROM DISK
3266966.634	Test_Phase.SEQUENCE.Word	LOADING RESOURCE SURFACE FROM DISK
3274976.462	Test_Phase.SEQUENCE.Word	LOADING RESOURCE SURFACE FROM DISK
3282843.968	Test_Phase.SEQUENCE.Word	LOADING RESOURCE SURFACE FROM DISK
3290747.039	Test_Phase.SEQUENCE.Word	LOADING RESOURCE SURFACE FROM DISK
3299293.002	Test_Phase.SEQUENCE.Word	LOADING RESOURCE SURFACE FROM DISK
3307093.223	Test_Phase.SEQUENCE.Word	LOADING RESOURCE SURFACE FROM DISK
3314993.005	Test_Phase.SEQUENCE.Word	LOADING RESOURCE SURFACE FROM DISK
3322735.128	Test_Phase.SEQUENCE.Word	LOADING RESOURCE SURFACE FROM DISK
3330692.892	Test_Phase.SEQUENCE.Word	LOADING RESOURCE SURFACE FROM DISK
3338859.883	Test_Phase.SEQUENCE.Word	LOADING RESOURCE SURFACE FROM DISK
3347192.91	Test_Phase.SEQUENCE.Word	LOADING RESOURCE SURFACE FROM DISK
3355259.537	Test_Phase.SEQUENCE.Word	LOADING RESOURCE SURFACE FROM DISK
3363259.653	Test_Phase.SEQUENCE.Word	LOADING RESOURCE SURFACE FROM DISK
3371052.834	Test_Phase.SEQUENCE.Word	LOADING RESOURCE SURFACE FROM DISK
3378876.524	Test_Phase.SEQUENCE.Word	LOADING RESOURCE SURFACE FROM DISK
3386818.332	Test_Phase.SEQUENCE.Word	LOADING RESOURCE SURFACE FROM DISK
3394681.593	Test_Phase.SEQUENCE.Word	LOADING RESOURCE SURFACE FROM DISK
3402483.255	Test_Phase.SEQUENCE.Word	LOADING RESOURCE SURFACE FROM DISK
3410209.215	Test_Phase.SEQUENCE.Word	LOADING RESOURCE SURFACE FROM DISK
3418143.205	Test_Phase.SEQUENCE.Word	LOADING RESOURCE SURFACE FROM DISK
3426059.941	Test_Phase.SEQUENCE.Word	LOADING RESOURCE SURFACE FROM DISK
3434965.045	Test_Phase.SEQUENCE.Word	LOADING RESOURCE SURFACE FROM DISK
3442780.134	Test_Phase.SEQUENCE.Word	LOADING RESOURCE SURFACE FROM DISK
3450595.136	Test_Phase.SEQUENCE.Word	LOADING RESOURCE SURFACE FROM DISK
3458509.803	Test_Phase.SEQUENCE.Word	LOADING RESOURCE SURFACE FROM DISK
3466309.751	Test_Phase.SEQUENCE.Word	LOADING RESOURCE SURFACE FROM DISK
3474559.824	Test_Phase.SEQUENCE.Word	LOADING RESOURCE SURFACE FROM DISK
3482776.238	Test_Phase.SEQUENCE.Word	LOADING RESOURCE SURFACE FROM DISK
3490892.973	Test_Phase.SEQUENCE.Word	LOADING RESOURCE SURFACE FROM DISK
3498751.644	Test_Phase.SEQUENCE.Word	LOADING RESOURCE SURFACE FROM DISK
3506559.954	Test_Phase.SEQUENCE.Word	LOADING RESOURCE SURFACE FROM DISK
3514559.844	Test_Phase.SEQUENCE.Word	LOADING RESOURCE SURFACE FROM DISK
3522433.709	Test_Phase.SEQUENCE.Word	LOADING RESOURCE SURFACE FROM DISK
3530500.276	Test_Phase.SEQUENCE.Word	LOADING RESOURCE SURFACE FROM DISK
3538293.248	Test_Phase.SEQUENCE.Word	LOADING RESOURCE SURFACE FROM DISK
3545909.732	Test_Phase.SEQUENCE.Word	LOADING RESOURCE SURFACE FROM DISK
3553842.936	Test_Phase.SEQUENCE.Word	LOADING RESOURCE SURFACE FROM DISK
3561992.882	Test_Phase.SEQUENCE.Word	LOADING RESOURCE SURFACE FROM DISK
3569899.739	Test_Phase.SEQUENCE.Word	LOADING RESOURCE SURFACE FROM DISK
3578012.171	Test_Phase.SEQUENCE.Word	LOADING RESOURCE SURFACE FROM DISK
3586926.132	Test_Phase.SEQUENCE.Word	LOADING RESOURCE SURFACE FROM DISK
3595226.455	Test_Phase.SEQUENCE.Word	LOADING RESOURCE SURFACE FROM DISK
3603243.217	Test_Phase.SEQUENCE.Word	LOADING RESOURCE SURFACE FROM DISK
3611258.527	Test_Phase.SEQUENCE.Word	LOADING RESOURCE SURFACE FROM DISK
3619133.846	Test_Phase.SEQUENCE.Word	LOADING RESOURCE SURFACE FROM DISK
3627076.23	Test_Phase.SEQUENCE.Word	LOADING RESOURCE SURFACE FROM DISK
3636392.913	Test_Phase.SEQUENCE.Word	LOADING RESOURCE SURFACE FROM DISK
3644449.866	Test_Phase.SEQUENCE.Word	LOADING RESOURCE SURFACE FROM DISK
3652343.109	Test_Phase.SEQUENCE.Word	LOADING RESOURCE SURFACE FROM DISK
3660559.624	Test_Phase.SEQUENCE.Word	LOADING RESOURCE SURFACE FROM DISK
3669585.472	Test_Phase.SEQUENCE.Word	LOADING RESOURCE SURFACE FROM DISK
3677733.806	Test_Phase.SEQUENCE.Word	LOADING RESOURCE SURFACE FROM DISK
3685676.481	Test_Phase.SEQUENCE.Word	LOADING RESOURCE SURFACE FROM DISK
3693809.671	Test_Phase.SEQUENCE.Word	LOADING RESOURCE SURFACE FROM DISK
3701996.937	Test_Phase.SEQUENCE.Word	LOADING RESOURCE SURFACE FROM DISK
3710676.397	Test_Phase.SEQUENCE.Word	LOADING RESOURCE SURFACE FROM DISK
3719644.001	Test_Phase.SEQUENCE.Word	LOADING RESOURCE SURFACE FROM DISK
3727576.435	Test_Phase.SEQUENCE.Word	LOADING RESOURCE SURFACE FROM DISK
3735393.071	Test_Phase.SEQUENCE.Word	LOADING RESOURCE SURFACE FROM DISK
3743176.33	Test_Phase.SEQUENCE.Word	LOADING RESOURCE SURFACE FROM DISK
3751034.9	Test_Phase.SEQUENCE.Word	LOADING RESOURCE SURFACE FROM DISK
3759093.245	Test_Phase.SEQUENCE.Word	LOADING RESOURCE SURFACE FROM DISK
3766829.407	Test_Phase.SEQUENCE.Word	LOADING RESOURCE SURFACE FROM DISK
3774515.334	Test_Phase.SEQUENCE.Word	LOADING RESOURCE SURFACE FROM DISK
3782359.841	Test_Phase.SEQUENCE.Word	LOADING RESOURCE SURFACE FROM DISK
3792176.31	Test_Phase.SEQUENCE.Word	LOADING RESOURCE SURFACE FROM DISK
3800176.187	Test_Phase.SEQUENCE.Word	LOADING RESOURCE SURFACE FROM DISK
3808265.08	Test_Phase.SEQUENCE.Word	LOADING RESOURCE SURFACE FROM DISK
3816218.317	Test_Phase.SEQUENCE.Word	LOADING RESOURCE SURFACE FROM DISK
3824176.306	Test_Phase.SEQUENCE.Word	LOADING RESOURCE SURFACE FROM DISK
3832062.437	Test_Phase.SEQUENCE.Word	LOADING RESOURCE SURFACE FROM DISK
3840233.123	Test_Phase.SEQUENCE.Word	LOADING RESOURCE SURFACE FROM DISK
3848259.734	Test_Phase.SEQUENCE.Word	LOADING RESOURCE SURFACE FROM DISK
3857113.18	Test_Phase.SEQUENCE.Word	LOADING RESOURCE SURFACE FROM DISK
3865145.19	Test_Phase.SEQUENCE.Word	LOADING RESOURCE SURFACE FROM DISK
3873442.954	Test_Phase.SEQUENCE.Word	LOADING RESOURCE SURFACE FROM DISK
3881326.299	Test_Phase.SEQUENCE.Word	LOADING RESOURCE SURFACE FROM DISK
3889183.179	Test_Phase.SEQUENCE.Word	LOADING RESOURCE SURFACE FROM DISK
3896993.209	Test_Phase.SEQUENCE.Word	LOADING RESOURCE SURFACE FROM DISK
3904859.679	Test_Phase.SEQUENCE.Word	LOADING RESOURCE SURFACE FROM DISK
3912776.602	Test_Phase.SEQUENCE.Word	LOADING RESOURCE SURFACE FROM DISK
3920796.204	Test_Phase.SEQUENCE.Word	LOADING RESOURCE SURFACE FROM DISK
3928732.164	Test_Phase.SEQUENCE.Word	LOADING RESOURCE SURFACE FROM DISK
3936643.079	Test_Phase.SEQUENCE.Word	LOADING RESOURCE SURFACE FROM DISK
3944476.353	Test_Phase.SEQUENCE.Word	LOADING RESOURCE SURFACE FROM DISK
3952426.297	Test_Phase.SEQUENCE.Word	LOADING RESOURCE SURFACE FROM DISK
3960864.72	Test_Phase.SEQUENCE.Word	LOADING RESOURCE SURFACE FROM DISK
3968543.094	Test_Phase.SEQUENCE.Word	LOADING RESOURCE SURFACE FROM DISK
3976546.386	Test_Phase.SEQUENCE.Word	LOADING RESOURCE SURFACE FROM DISK
3984526.341	Test_Phase.SEQUENCE.Word	LOADING RESOURCE SURFACE FROM DISK
3992449.001	Test_Phase.SEQUENCE.Word	LOADING RESOURCE SURFACE FROM DISK
4000433.13	Test_Phase.SEQUENCE.Word	LOADING RESOURCE SURFACE FROM DISK
4008599.671	Test_Phase.SEQUENCE.Word	LOADING RESOURCE SURFACE FROM DISK
4016442.95	Test_Phase.SEQUENCE.Word	LOADING RESOURCE SURFACE FROM DISK
4024526.358	Test_Phase.SEQUENCE.Word	LOADING RESOURCE SURFACE FROM DISK
4032386.151	Test_Phase.SEQUENCE.Word	LOADING RESOURCE SURFACE FROM DISK
4040209.624	Test_Phase.SEQUENCE.Word	LOADING RESOURCE SURFACE FROM DISK
4047897.232	Test_Phase.SEQUENCE.Word	LOADING RESOURCE SURFACE FROM DISK
4055626.493	Test_Phase.SEQUENCE.Word	LOADING RESOURCE SURFACE FROM DISK
4063776.554	Test_Phase.SEQUENCE.Word	LOADING RESOURCE SURFACE FROM DISK
4071793.102	Test_Phase.SEQUENCE.Word	LOADING RESOURCE SURFACE FROM DISK
4079742.967	Test_Phase.SEQUENCE.Word	LOADING RESOURCE SURFACE FROM DISK
4087594.253	Test_Phase.SEQUENCE.Word	LOADING RESOURCE SURFACE FROM DISK
4095529.551	Test_Phase.SEQUENCE.Word	LOADING RESOURCE SURFACE FROM DISK
4103443.172	Test_Phase.SEQUENCE.Word	LOADING RESOURCE SURFACE FROM DISK
4111392.924	Test_Phase.SEQUENCE.Word	LOADING RESOURCE SURFACE FROM DISK
4119681.628	Test_Phase.SEQUENCE.Word	LOADING RESOURCE SURFACE FROM DISK
4127845.638	Test_Phase.SEQUENCE.Word	LOADING RESOURCE SURFACE FROM DISK
4135864.202	Test_Phase.SEQUENCE.Word	LOADING RESOURCE SURFACE FROM DISK
4143792.878	Test_Phase.SEQUENCE.Word	LOADING RESOURCE SURFACE FROM DISK
4151243.128	Test_Phase.SEQUENCE.Word	LOADING RESOURCE SURFACE FROM DISK
4159293.315	Test_Phase.SEQUENCE.Word	LOADING RESOURCE SURFACE FROM DISK
4167113.085	Test_Phase.SEQUENCE.Word	LOADING RESOURCE SURFACE FROM DISK
4175318.656	Test_Phase.SEQUENCE.Word	LOADING RESOURCE SURFACE FROM DISK
4183259.683	Test_Phase.SEQUENCE.Word	LOADING RESOURCE SURFACE FROM DISK
4191027.766	Test_Phase.SEQUENCE.Word	LOADING RESOURCE SURFACE FROM DISK
4198826.431	Test_Phase.SEQUENCE.Word	LOADING RESOURCE SURFACE FROM DISK
4206514.332	Test_Phase.SEQUENCE.Word	LOADING RESOURCE SURFACE FROM DISK
4222295.085	Test_Phase.SEQUENCE.Word	LOADING RESOURCE SURFACE FROM DISK
4230276.259	Test_Phase.SEQUENCE.Word	LOADING RESOURCE SURFACE FROM DISK
4238300.083	Test_Phase.SEQUENCE.Word	LOADING RESOURCE SURFACE FROM DISK
4247209.808	Test_Phase.SEQUENCE.Word	LOADING RESOURCE SURFACE FROM DISK
4254909.752	Test_Phase.SEQUENCE.Word	LOADING RESOURCE SURFACE FROM DISK
4262642.936	Test_Phase.SEQUENCE.Word	LOADING RESOURCE SURFACE FROM DISK
4270560.282	Test_Phase.SEQUENCE.Word	LOADING RESOURCE SURFACE FROM DISK
4278526.307	Test_Phase.SEQUENCE.Word	LOADING RESOURCE SURFACE FROM DISK
4286309.954	Test_Phase.SEQUENCE.Word	LOADING RESOURCE SURFACE FROM DISK
4294200.434	Test_Phase.SEQUENCE.Word	LOADING RESOURCE SURFACE FROM DISK
4301959.694	Test_Phase.SEQUENCE.Word	LOADING RESOURCE SURFACE FROM DISK
4309969.089	Test_Phase.SEQUENCE.Word	LOADING RESOURCE SURFACE FROM DISK
4317826.242	Test_Phase.SEQUENCE.Word	LOADING RESOURCE SURFACE FROM DISK
4325599.701	Test_Phase.SEQUENCE.Word	LOADING RESOURCE SURFACE FROM DISK
4333841.345	Test_Phase.SEQUENCE.Word	LOADING RESOURCE SURFACE FROM DISK
4341932.952	Test_Phase.SEQUENCE.Word	LOADING RESOURCE SURFACE FROM DISK
4349952.425	Test_Phase.SEQUENCE.Word	LOADING RESOURCE SURFACE FROM DISK
4357809.321	Test_Phase.SEQUENCE.Word	LOADING RESOURCE SURFACE FROM DISK
4365676.438	Test_Phase.SEQUENCE.Word	LOADING RESOURCE SURFACE FROM DISK
4373576.091	Test_Phase.SEQUENCE.Word	LOADING RESOURCE SURFACE FROM DISK
4381630.947	Test_Phase.SEQUENCE.Word	LOADING RESOURCE SURFACE FROM DISK
4389619.23	Test_Phase.SEQUENCE.Word	LOADING RESOURCE SURFACE FROM DISK
4397973.325	Test_Phase.SEQUENCE.Word	LOADING RESOURCE SURFACE FROM DISK
4406143.119	Test_Phase.SEQUENCE.Word	LOADING RESOURCE SURFACE FROM DISK
4415676.181	Test_Phase.SEQUENCE.Word	LOADING RESOURCE SURFACE FROM DISK
4423709.641	Test_Phase.SEQUENCE.Word	LOADING RESOURCE SURFACE FROM DISK
4427942.754	DISPLAY_SCREEN	LOADING RESOURCE SURFACE FROM DISK
