5080.194	DISPLAY_SCREEN[1]	LOADING RESOURCE SURFACE FROM DISK
452502.311	Familiarization_Phase.SEQUENCE.Cue_and_Instruction	LOADING RESOURCE SURFACE FROM DISK
452506.806	Familiarization_Phase.SEQUENCE.Cue_and_Instruction	LOADING RESOURCE SURFACE FROM DISK
458555.182	Familiarization_Phase.SEQUENCE.Cue_and_Instruction	LOADING RESOURCE SURFACE FROM DISK
458559.901	Familiarization_Phase.SEQUENCE.Cue_and_Instruction	LOADING RESOURCE SURFACE FROM DISK
464605.457	Familiarization_Phase.SEQUENCE.Cue_and_Instruction	LOADING RESOURCE SURFACE FROM DISK
464610.144	Familiarization_Phase.SEQUENCE.Cue_and_Instruction	LOADING RESOURCE SURFACE FROM DISK
507019.548	DISPLAY_SCREEN[3]	LOADING RESOURCE SURFACE FROM DISK
697025.204	DISPLAY_SCREEN[5]	LOADING RESOURCE SURFACE FROM DISK
751112.49	Practice_Phase.SEQUENCE.Blink_Screen	LOADING RESOURCE SURFACE FROM DISK
751113.566	Practice_Phase.SEQUENCE.Blink_Screen	flip time is later than desired time. Desired Time=751101 Flip Time=751135 Retrace Rate=16.639, prepareTime=36 flip request time 751113
752356.791	Practice_Phase.SEQUENCE.Luminance_Cue[1]	LOADING RESOURCE SURFACE FROM DISK
752370.553	Practice_Phase.SEQUENCE.Luminance_Cue[1]	LOADING RESOURCE SURFACE FROM DISK
752371.96	Practice_Phase.SEQUENCE.Luminance_Cue[1]	flip time is later than desired time. Desired Time=752335 Flip Time=752385 Retrace Rate=16.639, prepareTime=61 flip request time 752371
752917.197	Practice_Phase.SEQUENCE.Practice_Instruction	LOADING RESOURCE SURFACE FROM DISK
752930.377	Practice_Phase.SEQUENCE.Practice_Instruction	LOADING RESOURCE SURFACE FROM DISK
752931.776	Practice_Phase.SEQUENCE.Practice_Instruction	flip time is later than desired time. Desired Time=752885 Flip Time=752951 Retrace Rate=16.639, prepareTime=71 flip request time 752931
756433.19	Practice_Phase.SEQUENCE.Action_cue[1]	LOADING RESOURCE SURFACE FROM DISK
761036.706	Practice_Phase.SEQUENCE.Practice_Instruction	LOADING RESOURCE SURFACE FROM DISK
761039.403	Practice_Phase.SEQUENCE.Practice_Instruction	LOADING RESOURCE SURFACE FROM DISK
761040.945	Practice_Phase.SEQUENCE.Practice_Instruction	flip time is later than desired time. Desired Time=761018 Flip Time=761051 Retrace Rate=16.639, prepareTime=46 flip request time 761040
769139.068	Practice_Phase.SEQUENCE.Practice_Instruction	LOADING RESOURCE SURFACE FROM DISK
769141.731	Practice_Phase.SEQUENCE.Practice_Instruction	LOADING RESOURCE SURFACE FROM DISK
769143.361	Practice_Phase.SEQUENCE.Practice_Instruction	flip time is later than desired time. Desired Time=769118 Flip Time=769151 Retrace Rate=16.639, prepareTime=49 flip request time 769143
777199.603	Practice_Phase.SEQUENCE.Practice_Instruction	LOADING RESOURCE SURFACE FROM DISK
777244.964	Practice_Phase.SEQUENCE.Practice_Instruction	LOADING RESOURCE SURFACE FROM DISK
777246.43	Practice_Phase.SEQUENCE.Practice_Instruction	flip time is later than desired time. Desired Time=777218 Flip Time=777268 Retrace Rate=16.639, prepareTime=52 flip request time 777246
785316.293	Practice_Phase.SEQUENCE.Practice_Instruction	LOADING RESOURCE SURFACE FROM DISK
785355.781	Practice_Phase.SEQUENCE.Practice_Instruction	LOADING RESOURCE SURFACE FROM DISK
785357.29	Practice_Phase.SEQUENCE.Practice_Instruction	flip time is later than desired time. Desired Time=785335 Flip Time=785368 Retrace Rate=16.639, prepareTime=46 flip request time 785357
793416.165	Practice_Phase.SEQUENCE.Practice_Instruction	LOADING RESOURCE SURFACE FROM DISK
793418.878	Practice_Phase.SEQUENCE.Practice_Instruction	LOADING RESOURCE SURFACE FROM DISK
801482.874	Practice_Phase.SEQUENCE.Practice_Instruction	LOADING RESOURCE SURFACE FROM DISK
801485.607	Practice_Phase.SEQUENCE.Practice_Instruction	LOADING RESOURCE SURFACE FROM DISK
809549.631	Practice_Phase.SEQUENCE.Practice_Instruction	LOADING RESOURCE SURFACE FROM DISK
809552.276	Practice_Phase.SEQUENCE.Practice_Instruction	LOADING RESOURCE SURFACE FROM DISK
817616.39	Practice_Phase.SEQUENCE.Practice_Instruction	LOADING RESOURCE SURFACE FROM DISK
817619.057	Practice_Phase.SEQUENCE.Practice_Instruction	LOADING RESOURCE SURFACE FROM DISK
823781.658	DISPLAY_SCREEN[2]	LOADING RESOURCE SURFACE FROM DISK
1450808.403	Study_Phase.SEQUENCE.Study_Instruction	LOADING RESOURCE SURFACE FROM DISK
1451087.505	Study_Phase.SEQUENCE.Study_Instruction	LOADING RESOURCE SURFACE FROM DISK
1459408.214	Study_Phase.SEQUENCE.Study_Instruction	LOADING RESOURCE SURFACE FROM DISK
1467707.536	Study_Phase.SEQUENCE.Study_Instruction	LOADING RESOURCE SURFACE FROM DISK
1475975.144	Study_Phase.SEQUENCE.Study_Instruction	LOADING RESOURCE SURFACE FROM DISK
1476017.99	Study_Phase.SEQUENCE.Study_Instruction	LOADING RESOURCE SURFACE FROM DISK
1484323.747	Study_Phase.SEQUENCE.Study_Instruction	LOADING RESOURCE SURFACE FROM DISK
1492588.176	Study_Phase.SEQUENCE.Study_Instruction	LOADING RESOURCE SURFACE FROM DISK
1500896.753	Study_Phase.SEQUENCE.Study_Instruction	LOADING RESOURCE SURFACE FROM DISK
1509174.98	Study_Phase.SEQUENCE.Study_Instruction	LOADING RESOURCE SURFACE FROM DISK
1509234.33	Study_Phase.SEQUENCE.Study_Instruction	LOADING RESOURCE SURFACE FROM DISK
1517608.207	Study_Phase.SEQUENCE.Study_Instruction	LOADING RESOURCE SURFACE FROM DISK
1517610.833	Study_Phase.SEQUENCE.Study_Instruction	LOADING RESOURCE SURFACE FROM DISK
1525928.349	Study_Phase.SEQUENCE.Study_Instruction	LOADING RESOURCE SURFACE FROM DISK
1534208.006	Study_Phase.SEQUENCE.Study_Instruction	LOADING RESOURCE SURFACE FROM DISK
1534248.642	Study_Phase.SEQUENCE.Study_Instruction	LOADING RESOURCE SURFACE FROM DISK
1542522.563	Study_Phase.SEQUENCE.Study_Instruction	LOADING RESOURCE SURFACE FROM DISK
1550791.655	Study_Phase.SEQUENCE.Study_Instruction	LOADING RESOURCE SURFACE FROM DISK
1550829.557	Study_Phase.SEQUENCE.Study_Instruction	LOADING RESOURCE SURFACE FROM DISK
1559104.694	Study_Phase.SEQUENCE.Study_Instruction	LOADING RESOURCE SURFACE FROM DISK
1567374.922	Study_Phase.SEQUENCE.Study_Instruction	LOADING RESOURCE SURFACE FROM DISK
1567415.803	Study_Phase.SEQUENCE.Study_Instruction	LOADING RESOURCE SURFACE FROM DISK
1575689.583	Study_Phase.SEQUENCE.Study_Instruction	LOADING RESOURCE SURFACE FROM DISK
1583958.236	Study_Phase.SEQUENCE.Study_Instruction	LOADING RESOURCE SURFACE FROM DISK
1583960.844	Study_Phase.SEQUENCE.Study_Instruction	LOADING RESOURCE SURFACE FROM DISK
1592276.469	Study_Phase.SEQUENCE.Study_Instruction	LOADING RESOURCE SURFACE FROM DISK
1600591.334	Study_Phase.SEQUENCE.Study_Instruction	LOADING RESOURCE SURFACE FROM DISK
1608858.218	Study_Phase.SEQUENCE.Study_Instruction	LOADING RESOURCE SURFACE FROM DISK
1608896.39	Study_Phase.SEQUENCE.Study_Instruction	LOADING RESOURCE SURFACE FROM DISK
1617199.234	Study_Phase.SEQUENCE.Study_Instruction	LOADING RESOURCE SURFACE FROM DISK
1625474.855	Study_Phase.SEQUENCE.Study_Instruction	LOADING RESOURCE SURFACE FROM DISK
1625516.628	Study_Phase.SEQUENCE.Study_Instruction	LOADING RESOURCE SURFACE FROM DISK
1633806.495	Study_Phase.SEQUENCE.Study_Instruction	LOADING RESOURCE SURFACE FROM DISK
1642106.075	Study_Phase.SEQUENCE.Study_Instruction	LOADING RESOURCE SURFACE FROM DISK
1650375.11	Study_Phase.SEQUENCE.Study_Instruction	LOADING RESOURCE SURFACE FROM DISK
1650419.733	Study_Phase.SEQUENCE.Study_Instruction	LOADING RESOURCE SURFACE FROM DISK
1658724.581	Study_Phase.SEQUENCE.Study_Instruction	LOADING RESOURCE SURFACE FROM DISK
1666991.742	Study_Phase.SEQUENCE.Study_Instruction	LOADING RESOURCE SURFACE FROM DISK
1666994.252	Study_Phase.SEQUENCE.Study_Instruction	LOADING RESOURCE SURFACE FROM DISK
1675312.054	Study_Phase.SEQUENCE.Study_Instruction	LOADING RESOURCE SURFACE FROM DISK
1683628.493	Study_Phase.SEQUENCE.Study_Instruction	LOADING RESOURCE SURFACE FROM DISK
1691943.784	Study_Phase.SEQUENCE.Study_Instruction	LOADING RESOURCE SURFACE FROM DISK
1700274.821	Study_Phase.SEQUENCE.Study_Instruction	LOADING RESOURCE SURFACE FROM DISK
1708572.08	Study_Phase.SEQUENCE.Study_Instruction	LOADING RESOURCE SURFACE FROM DISK
1716841.637	Study_Phase.SEQUENCE.Study_Instruction	LOADING RESOURCE SURFACE FROM DISK
1716876.866	Study_Phase.SEQUENCE.Study_Instruction	LOADING RESOURCE SURFACE FROM DISK
1725155.997	Study_Phase.SEQUENCE.Study_Instruction	LOADING RESOURCE SURFACE FROM DISK
1733424.827	Study_Phase.SEQUENCE.Study_Instruction	LOADING RESOURCE SURFACE FROM DISK
1733427.251	Study_Phase.SEQUENCE.Study_Instruction	LOADING RESOURCE SURFACE FROM DISK
1741708.244	Study_Phase.SEQUENCE.Study_Instruction	LOADING RESOURCE SURFACE FROM DISK
1741752.388	Study_Phase.SEQUENCE.Study_Instruction	LOADING RESOURCE SURFACE FROM DISK
1750060.518	Study_Phase.SEQUENCE.Study_Instruction	LOADING RESOURCE SURFACE FROM DISK
1758341.848	Study_Phase.SEQUENCE.Study_Instruction	LOADING RESOURCE SURFACE FROM DISK
1758344.479	Study_Phase.SEQUENCE.Study_Instruction	LOADING RESOURCE SURFACE FROM DISK
1766621.407	Study_Phase.SEQUENCE.Study_Instruction	LOADING RESOURCE SURFACE FROM DISK
1774927.283	Study_Phase.SEQUENCE.Study_Instruction	LOADING RESOURCE SURFACE FROM DISK
1783242.802	Study_Phase.SEQUENCE.Study_Instruction	LOADING RESOURCE SURFACE FROM DISK
1791525.163	Study_Phase.SEQUENCE.Study_Instruction	LOADING RESOURCE SURFACE FROM DISK
1791527.612	Study_Phase.SEQUENCE.Study_Instruction	LOADING RESOURCE SURFACE FROM DISK
1799808.165	Study_Phase.SEQUENCE.Study_Instruction	LOADING RESOURCE SURFACE FROM DISK
1799836.442	Study_Phase.SEQUENCE.Study_Instruction	LOADING RESOURCE SURFACE FROM DISK
1808140.618	Study_Phase.SEQUENCE.Study_Instruction	LOADING RESOURCE SURFACE FROM DISK
1816464.14	Study_Phase.SEQUENCE.Study_Instruction	LOADING RESOURCE SURFACE FROM DISK
1824738.178	Study_Phase.SEQUENCE.Study_Instruction	LOADING RESOURCE SURFACE FROM DISK
1833008.333	Study_Phase.SEQUENCE.Study_Instruction	LOADING RESOURCE SURFACE FROM DISK
1833050.842	Study_Phase.SEQUENCE.Study_Instruction	LOADING RESOURCE SURFACE FROM DISK
1841324.872	Study_Phase.SEQUENCE.Study_Instruction	LOADING RESOURCE SURFACE FROM DISK
1841327.567	Study_Phase.SEQUENCE.Study_Instruction	LOADING RESOURCE SURFACE FROM DISK
1849605.981	Study_Phase.SEQUENCE.Study_Instruction	LOADING RESOURCE SURFACE FROM DISK
1857854.771	Study_Phase.SEQUENCE.Study_Instruction	LOADING RESOURCE SURFACE FROM DISK
1866124.765	Study_Phase.SEQUENCE.Study_Instruction	LOADING RESOURCE SURFACE FROM DISK
1866170.071	Study_Phase.SEQUENCE.Study_Instruction	LOADING RESOURCE SURFACE FROM DISK
1874441.568	Study_Phase.SEQUENCE.Study_Instruction	LOADING RESOURCE SURFACE FROM DISK
1874483.212	Study_Phase.SEQUENCE.Study_Instruction	LOADING RESOURCE SURFACE FROM DISK
1882758.189	Study_Phase.SEQUENCE.Study_Instruction	LOADING RESOURCE SURFACE FROM DISK
1882804.344	Study_Phase.SEQUENCE.Study_Instruction	LOADING RESOURCE SURFACE FROM DISK
1891089.704	Study_Phase.SEQUENCE.Study_Instruction	LOADING RESOURCE SURFACE FROM DISK
1899358.046	Study_Phase.SEQUENCE.Study_Instruction	LOADING RESOURCE SURFACE FROM DISK
1899360.494	Study_Phase.SEQUENCE.Study_Instruction	LOADING RESOURCE SURFACE FROM DISK
1907682.89	Study_Phase.SEQUENCE.Study_Instruction	LOADING RESOURCE SURFACE FROM DISK
1915958.081	Study_Phase.SEQUENCE.Study_Instruction	LOADING RESOURCE SURFACE FROM DISK
1915960.677	Study_Phase.SEQUENCE.Study_Instruction	LOADING RESOURCE SURFACE FROM DISK
1924276.247	Study_Phase.SEQUENCE.Study_Instruction	LOADING RESOURCE SURFACE FROM DISK
1932591.445	Study_Phase.SEQUENCE.Study_Instruction	LOADING RESOURCE SURFACE FROM DISK
1940854.823	Study_Phase.SEQUENCE.Study_Instruction	LOADING RESOURCE SURFACE FROM DISK
1949124.952	Study_Phase.SEQUENCE.Study_Instruction	LOADING RESOURCE SURFACE FROM DISK
1949141.254	Study_Phase.SEQUENCE.Study_Instruction	LOADING RESOURCE SURFACE FROM DISK
1957446.452	Study_Phase.SEQUENCE.Study_Instruction	LOADING RESOURCE SURFACE FROM DISK
1965721.44	Study_Phase.SEQUENCE.Study_Instruction	LOADING RESOURCE SURFACE FROM DISK
1973991.675	Study_Phase.SEQUENCE.Study_Instruction	LOADING RESOURCE SURFACE FROM DISK
1973994.301	Study_Phase.SEQUENCE.Study_Instruction	LOADING RESOURCE SURFACE FROM DISK
1982307.664	Study_Phase.SEQUENCE.Study_Instruction	LOADING RESOURCE SURFACE FROM DISK
1990558.078	Study_Phase.SEQUENCE.Study_Instruction	LOADING RESOURCE SURFACE FROM DISK
1990596.201	Study_Phase.SEQUENCE.Study_Instruction	LOADING RESOURCE SURFACE FROM DISK
1998874.988	Study_Phase.SEQUENCE.Study_Instruction	LOADING RESOURCE SURFACE FROM DISK
1998921.323	Study_Phase.SEQUENCE.Study_Instruction	LOADING RESOURCE SURFACE FROM DISK
2007191.657	Study_Phase.SEQUENCE.Study_Instruction	LOADING RESOURCE SURFACE FROM DISK
2007236.266	Study_Phase.SEQUENCE.Study_Instruction	LOADING RESOURCE SURFACE FROM DISK
2015551.98	Study_Phase.SEQUENCE.Study_Instruction	LOADING RESOURCE SURFACE FROM DISK
2023825.152	Study_Phase.SEQUENCE.Study_Instruction	LOADING RESOURCE SURFACE FROM DISK
2023867.707	Study_Phase.SEQUENCE.Study_Instruction	LOADING RESOURCE SURFACE FROM DISK
2032141.681	Study_Phase.SEQUENCE.Study_Instruction	LOADING RESOURCE SURFACE FROM DISK
2032144.312	Study_Phase.SEQUENCE.Study_Instruction	LOADING RESOURCE SURFACE FROM DISK
2040425.013	Study_Phase.SEQUENCE.Study_Instruction	LOADING RESOURCE SURFACE FROM DISK
2040459.589	Study_Phase.SEQUENCE.Study_Instruction	LOADING RESOURCE SURFACE FROM DISK
2048778.32	Study_Phase.SEQUENCE.Study_Instruction	LOADING RESOURCE SURFACE FROM DISK
2057058.14	Study_Phase.SEQUENCE.Study_Instruction	LOADING RESOURCE SURFACE FROM DISK
2057099.127	Study_Phase.SEQUENCE.Study_Instruction	LOADING RESOURCE SURFACE FROM DISK
2065371.499	Study_Phase.SEQUENCE.Study_Instruction	LOADING RESOURCE SURFACE FROM DISK
2073641.639	Study_Phase.SEQUENCE.Study_Instruction	LOADING RESOURCE SURFACE FROM DISK
2073678.815	Study_Phase.SEQUENCE.Study_Instruction	LOADING RESOURCE SURFACE FROM DISK
2081956.12	Study_Phase.SEQUENCE.Study_Instruction	LOADING RESOURCE SURFACE FROM DISK
2090221.602	Study_Phase.SEQUENCE.Study_Instruction	LOADING RESOURCE SURFACE FROM DISK
2098529.784	Study_Phase.SEQUENCE.Study_Instruction	LOADING RESOURCE SURFACE FROM DISK
2106808.304	Study_Phase.SEQUENCE.Study_Instruction	LOADING RESOURCE SURFACE FROM DISK
2106851.837	Study_Phase.SEQUENCE.Study_Instruction	LOADING RESOURCE SURFACE FROM DISK
2115162.378	Study_Phase.SEQUENCE.Study_Instruction	LOADING RESOURCE SURFACE FROM DISK
2123441.592	Study_Phase.SEQUENCE.Study_Instruction	LOADING RESOURCE SURFACE FROM DISK
2123485.514	Study_Phase.SEQUENCE.Study_Instruction	LOADING RESOURCE SURFACE FROM DISK
2131758.329	Study_Phase.SEQUENCE.Study_Instruction	LOADING RESOURCE SURFACE FROM DISK
2131799.117	Study_Phase.SEQUENCE.Study_Instruction	LOADING RESOURCE SURFACE FROM DISK
2140071.324	Study_Phase.SEQUENCE.Study_Instruction	LOADING RESOURCE SURFACE FROM DISK
2148339.232	Study_Phase.SEQUENCE.Study_Instruction	LOADING RESOURCE SURFACE FROM DISK
2156608.246	Study_Phase.SEQUENCE.Study_Instruction	LOADING RESOURCE SURFACE FROM DISK
2156647.126	Study_Phase.SEQUENCE.Study_Instruction	LOADING RESOURCE SURFACE FROM DISK
2164964.159	Study_Phase.SEQUENCE.Study_Instruction	LOADING RESOURCE SURFACE FROM DISK
2173241.596	Study_Phase.SEQUENCE.Study_Instruction	LOADING RESOURCE SURFACE FROM DISK
2173282.462	Study_Phase.SEQUENCE.Study_Instruction	LOADING RESOURCE SURFACE FROM DISK
2181593.506	Study_Phase.SEQUENCE.Study_Instruction	LOADING RESOURCE SURFACE FROM DISK
2189858.447	Study_Phase.SEQUENCE.Study_Instruction	LOADING RESOURCE SURFACE FROM DISK
2189939.551	Study_Phase.SEQUENCE.Study_Instruction	LOADING RESOURCE SURFACE FROM DISK
2198208.168	Study_Phase.SEQUENCE.Study_Instruction	LOADING RESOURCE SURFACE FROM DISK
2198249.842	Study_Phase.SEQUENCE.Study_Instruction	LOADING RESOURCE SURFACE FROM DISK
2206524.843	Study_Phase.SEQUENCE.Study_Instruction	LOADING RESOURCE SURFACE FROM DISK
2206565.478	Study_Phase.SEQUENCE.Study_Instruction	LOADING RESOURCE SURFACE FROM DISK
2214871.896	Study_Phase.SEQUENCE.Study_Instruction	LOADING RESOURCE SURFACE FROM DISK
2223160.135	Study_Phase.SEQUENCE.Study_Instruction	LOADING RESOURCE SURFACE FROM DISK
2231474.714	Study_Phase.SEQUENCE.Study_Instruction	LOADING RESOURCE SURFACE FROM DISK
2239741.567	Study_Phase.SEQUENCE.Study_Instruction	LOADING RESOURCE SURFACE FROM DISK
2239783.272	Study_Phase.SEQUENCE.Study_Instruction	LOADING RESOURCE SURFACE FROM DISK
2248058.371	Study_Phase.SEQUENCE.Study_Instruction	LOADING RESOURCE SURFACE FROM DISK
2248099.292	Study_Phase.SEQUENCE.Study_Instruction	LOADING RESOURCE SURFACE FROM DISK
2256374.836	Study_Phase.SEQUENCE.Study_Instruction	LOADING RESOURCE SURFACE FROM DISK
2256419.993	Study_Phase.SEQUENCE.Study_Instruction	LOADING RESOURCE SURFACE FROM DISK
2264727.451	Study_Phase.SEQUENCE.Study_Instruction	LOADING RESOURCE SURFACE FROM DISK
2273008.412	Study_Phase.SEQUENCE.Study_Instruction	LOADING RESOURCE SURFACE FROM DISK
2273011.045	Study_Phase.SEQUENCE.Study_Instruction	LOADING RESOURCE SURFACE FROM DISK
2281326.825	Study_Phase.SEQUENCE.Study_Instruction	LOADING RESOURCE SURFACE FROM DISK
2289608.309	Study_Phase.SEQUENCE.Study_Instruction	LOADING RESOURCE SURFACE FROM DISK
2289610.756	Study_Phase.SEQUENCE.Study_Instruction	LOADING RESOURCE SURFACE FROM DISK
2297926.119	Study_Phase.SEQUENCE.Study_Instruction	LOADING RESOURCE SURFACE FROM DISK
2306225.898	Study_Phase.SEQUENCE.Study_Instruction	LOADING RESOURCE SURFACE FROM DISK
2314491.468	Study_Phase.SEQUENCE.Study_Instruction	LOADING RESOURCE SURFACE FROM DISK
2314535.89	Study_Phase.SEQUENCE.Study_Instruction	LOADING RESOURCE SURFACE FROM DISK
2322805.948	Study_Phase.SEQUENCE.Study_Instruction	LOADING RESOURCE SURFACE FROM DISK
2331075.08	Study_Phase.SEQUENCE.Study_Instruction	LOADING RESOURCE SURFACE FROM DISK
2331077.635	Study_Phase.SEQUENCE.Study_Instruction	LOADING RESOURCE SURFACE FROM DISK
2339354.858	Study_Phase.SEQUENCE.Study_Instruction	LOADING RESOURCE SURFACE FROM DISK
2347661.723	Study_Phase.SEQUENCE.Study_Instruction	LOADING RESOURCE SURFACE FROM DISK
2355939.284	Study_Phase.SEQUENCE.Study_Instruction	LOADING RESOURCE SURFACE FROM DISK
2364208.159	Study_Phase.SEQUENCE.Study_Instruction	LOADING RESOURCE SURFACE FROM DISK
2364252.713	Study_Phase.SEQUENCE.Study_Instruction	LOADING RESOURCE SURFACE FROM DISK
2372534.29	Study_Phase.SEQUENCE.Study_Instruction	LOADING RESOURCE SURFACE FROM DISK
2380791.772	Study_Phase.SEQUENCE.Study_Instruction	LOADING RESOURCE SURFACE FROM DISK
2380794.413	Study_Phase.SEQUENCE.Study_Instruction	LOADING RESOURCE SURFACE FROM DISK
2389074.683	Study_Phase.SEQUENCE.Study_Instruction	LOADING RESOURCE SURFACE FROM DISK
2389077.221	Study_Phase.SEQUENCE.Study_Instruction	LOADING RESOURCE SURFACE FROM DISK
2397358.312	Study_Phase.SEQUENCE.Study_Instruction	LOADING RESOURCE SURFACE FROM DISK
2397360.899	Study_Phase.SEQUENCE.Study_Instruction	LOADING RESOURCE SURFACE FROM DISK
2405641.42	Study_Phase.SEQUENCE.Study_Instruction	LOADING RESOURCE SURFACE FROM DISK
2405686.589	Study_Phase.SEQUENCE.Study_Instruction	LOADING RESOURCE SURFACE FROM DISK
2413992.368	Study_Phase.SEQUENCE.Study_Instruction	LOADING RESOURCE SURFACE FROM DISK
2422275.031	Study_Phase.SEQUENCE.Study_Instruction	LOADING RESOURCE SURFACE FROM DISK
2422277.438	Study_Phase.SEQUENCE.Study_Instruction	LOADING RESOURCE SURFACE FROM DISK
2430615.2	Study_Phase.SEQUENCE.Study_Instruction	LOADING RESOURCE SURFACE FROM DISK
2438921.015	Study_Phase.SEQUENCE.Study_Instruction	LOADING RESOURCE SURFACE FROM DISK
2445147.203	DISPLAY_SCREEN[7]	LOADING RESOURCE SURFACE FROM DISK
2637616.104	Test_Phase.SEQUENCE.Target_Cue	LOADING RESOURCE SURFACE FROM DISK
2637622.669	Test_Phase.SEQUENCE.Target_Cue	LOADING RESOURCE SURFACE FROM DISK
2639680.589	Test_Phase.SEQUENCE.Word	LOADING RESOURCE SURFACE FROM DISK
2642740.576	Test_Phase.SEQUENCE.Test_Question	LOADING RESOURCE SURFACE FROM DISK
2642757.664	Test_Phase.SEQUENCE.Test_Question	LOADING RESOURCE SURFACE FROM DISK
2642762.737	Test_Phase.SEQUENCE.Test_Question	LOADING RESOURCE SURFACE FROM DISK
2642767.888	Test_Phase.SEQUENCE.Test_Question	LOADING RESOURCE SURFACE FROM DISK
2642769.645	Test_Phase.SEQUENCE.Test_Question	LOADING RESOURCE SURFACE FROM DISK
2642771.438	Test_Phase.SEQUENCE.Test_Question	LOADING RESOURCE SURFACE FROM DISK
2642773.294	Test_Phase.SEQUENCE.Test_Question	LOADING RESOURCE SURFACE FROM DISK
2642790.656	Test_Phase.SEQUENCE.Test_Question	LOADING RESOURCE SURFACE FROM DISK
2642804.947	Test_Phase.SEQUENCE.Test_Question	LOADING RESOURCE SURFACE FROM DISK
2642806.758	Test_Phase.SEQUENCE.Test_Question	LOADING RESOURCE SURFACE FROM DISK
2642808.581	Test_Phase.SEQUENCE.Test_Question	LOADING RESOURCE SURFACE FROM DISK
2642810.276	Test_Phase.SEQUENCE.Test_Question	LOADING RESOURCE SURFACE FROM DISK
2653654.962	Test_Phase.SEQUENCE.Word	LOADING RESOURCE SURFACE FROM DISK
2661671.256	Test_Phase.SEQUENCE.Word	LOADING RESOURCE SURFACE FROM DISK
2673838.054	Test_Phase.SEQUENCE.Word	LOADING RESOURCE SURFACE FROM DISK
2682687.888	Test_Phase.SEQUENCE.Word	LOADING RESOURCE SURFACE FROM DISK
2691330.461	Test_Phase.SEQUENCE.Word	LOADING RESOURCE SURFACE FROM DISK
2700579.719	Test_Phase.SEQUENCE.Word	LOADING RESOURCE SURFACE FROM DISK
2707854.654	Test_Phase.SEQUENCE.Word	LOADING RESOURCE SURFACE FROM DISK
2718404.635	Test_Phase.SEQUENCE.Word	LOADING RESOURCE SURFACE FROM DISK
2726461.239	Test_Phase.SEQUENCE.Word	LOADING RESOURCE SURFACE FROM DISK
2738054.667	Test_Phase.SEQUENCE.Word	LOADING RESOURCE SURFACE FROM DISK
2746104.742	Test_Phase.SEQUENCE.Word	LOADING RESOURCE SURFACE FROM DISK
2753337.944	Test_Phase.SEQUENCE.Word	LOADING RESOURCE SURFACE FROM DISK
2760801.073	Test_Phase.SEQUENCE.Word	LOADING RESOURCE SURFACE FROM DISK
2768054.656	Test_Phase.SEQUENCE.Word	LOADING RESOURCE SURFACE FROM DISK
2775371.166	Test_Phase.SEQUENCE.Word	LOADING RESOURCE SURFACE FROM DISK
2782671.504	Test_Phase.SEQUENCE.Word	LOADING RESOURCE SURFACE FROM DISK
2790521.269	Test_Phase.SEQUENCE.Word	LOADING RESOURCE SURFACE FROM DISK
2808721.204	Test_Phase.SEQUENCE.Word	LOADING RESOURCE SURFACE FROM DISK
2817920.817	Test_Phase.SEQUENCE.Word	LOADING RESOURCE SURFACE FROM DISK
2825121.505	Test_Phase.SEQUENCE.Word	LOADING RESOURCE SURFACE FROM DISK
2832437.904	Test_Phase.SEQUENCE.Word	LOADING RESOURCE SURFACE FROM DISK
2841854.351	Test_Phase.SEQUENCE.Word	LOADING RESOURCE SURFACE FROM DISK
2851137.979	Test_Phase.SEQUENCE.Word	LOADING RESOURCE SURFACE FROM DISK
2859447.292	Test_Phase.SEQUENCE.Word	LOADING RESOURCE SURFACE FROM DISK
2866671.332	Test_Phase.SEQUENCE.Word	LOADING RESOURCE SURFACE FROM DISK
2873971.177	Test_Phase.SEQUENCE.Word	LOADING RESOURCE SURFACE FROM DISK
2881404.55	Test_Phase.SEQUENCE.Word	LOADING RESOURCE SURFACE FROM DISK
2888637.811	Test_Phase.SEQUENCE.Word	LOADING RESOURCE SURFACE FROM DISK
2895821.33	Test_Phase.SEQUENCE.Word	LOADING RESOURCE SURFACE FROM DISK
2903071.235	Test_Phase.SEQUENCE.Word	LOADING RESOURCE SURFACE FROM DISK
2910377.204	Test_Phase.SEQUENCE.Word	LOADING RESOURCE SURFACE FROM DISK
2918854.595	Test_Phase.SEQUENCE.Word	LOADING RESOURCE SURFACE FROM DISK
2926227.694	Test_Phase.SEQUENCE.Word	LOADING RESOURCE SURFACE FROM DISK
2933455.349	Test_Phase.SEQUENCE.Word	LOADING RESOURCE SURFACE FROM DISK
2940764.257	Test_Phase.SEQUENCE.Word	LOADING RESOURCE SURFACE FROM DISK
2948587.99	Test_Phase.SEQUENCE.Word	LOADING RESOURCE SURFACE FROM DISK
2955760.8	Test_Phase.SEQUENCE.Word	LOADING RESOURCE SURFACE FROM DISK
2962837.881	Test_Phase.SEQUENCE.Word	LOADING RESOURCE SURFACE FROM DISK
2971039.153	Test_Phase.SEQUENCE.Word	LOADING RESOURCE SURFACE FROM DISK
2978187.937	Test_Phase.SEQUENCE.Word	LOADING RESOURCE SURFACE FROM DISK
2985591.382	Test_Phase.SEQUENCE.Word	LOADING RESOURCE SURFACE FROM DISK
2992604.507	Test_Phase.SEQUENCE.Word	LOADING RESOURCE SURFACE FROM DISK
2999969.68	Test_Phase.SEQUENCE.Word	LOADING RESOURCE SURFACE FROM DISK
3007225.238	Test_Phase.SEQUENCE.Word	LOADING RESOURCE SURFACE FROM DISK
3014371.357	Test_Phase.SEQUENCE.Word	LOADING RESOURCE SURFACE FROM DISK
3021555.426	Test_Phase.SEQUENCE.Word	LOADING RESOURCE SURFACE FROM DISK
3028814.433	Test_Phase.SEQUENCE.Word	LOADING RESOURCE SURFACE FROM DISK
3036139.351	Test_Phase.SEQUENCE.Word	LOADING RESOURCE SURFACE FROM DISK
3043737.943	Test_Phase.SEQUENCE.Word	LOADING RESOURCE SURFACE FROM DISK
3051029.413	Test_Phase.SEQUENCE.Word	LOADING RESOURCE SURFACE FROM DISK
3058505.761	Test_Phase.SEQUENCE.Word	LOADING RESOURCE SURFACE FROM DISK
3065671.151	Test_Phase.SEQUENCE.Word	LOADING RESOURCE SURFACE FROM DISK
3072780.41	Test_Phase.SEQUENCE.Word	LOADING RESOURCE SURFACE FROM DISK
3081337.816	Test_Phase.SEQUENCE.Word	LOADING RESOURCE SURFACE FROM DISK
3088454.597	Test_Phase.SEQUENCE.Word	LOADING RESOURCE SURFACE FROM DISK
3095954.564	Test_Phase.SEQUENCE.Word	LOADING RESOURCE SURFACE FROM DISK
3103610.238	Test_Phase.SEQUENCE.Word	LOADING RESOURCE SURFACE FROM DISK
3111237.821	Test_Phase.SEQUENCE.Word	LOADING RESOURCE SURFACE FROM DISK
3119171.4	Test_Phase.SEQUENCE.Word	LOADING RESOURCE SURFACE FROM DISK
3126488.046	Test_Phase.SEQUENCE.Word	LOADING RESOURCE SURFACE FROM DISK
3134158.193	Test_Phase.SEQUENCE.Word	LOADING RESOURCE SURFACE FROM DISK
3141404.587	Test_Phase.SEQUENCE.Word	LOADING RESOURCE SURFACE FROM DISK
3149554.627	Test_Phase.SEQUENCE.Word	LOADING RESOURCE SURFACE FROM DISK
3158708.841	Test_Phase.SEQUENCE.Word	LOADING RESOURCE SURFACE FROM DISK
3165771.151	Test_Phase.SEQUENCE.Word	LOADING RESOURCE SURFACE FROM DISK
3172954.815	Test_Phase.SEQUENCE.Word	LOADING RESOURCE SURFACE FROM DISK
3180171.236	Test_Phase.SEQUENCE.Word	LOADING RESOURCE SURFACE FROM DISK
3189156.947	Test_Phase.SEQUENCE.Word	LOADING RESOURCE SURFACE FROM DISK
3196271.159	Test_Phase.SEQUENCE.Word	LOADING RESOURCE SURFACE FROM DISK
3205696.32	Test_Phase.SEQUENCE.Word	LOADING RESOURCE SURFACE FROM DISK
3212997.408	Test_Phase.SEQUENCE.Word	LOADING RESOURCE SURFACE FROM DISK
3220504.418	Test_Phase.SEQUENCE.Word	LOADING RESOURCE SURFACE FROM DISK
3229554.611	Test_Phase.SEQUENCE.Word	LOADING RESOURCE SURFACE FROM DISK
3237354.753	Test_Phase.SEQUENCE.Word	LOADING RESOURCE SURFACE FROM DISK
3244754.574	Test_Phase.SEQUENCE.Word	LOADING RESOURCE SURFACE FROM DISK
3252054.674	Test_Phase.SEQUENCE.Word	LOADING RESOURCE SURFACE FROM DISK
3259406.397	Test_Phase.SEQUENCE.Word	LOADING RESOURCE SURFACE FROM DISK
3266721.295	Test_Phase.SEQUENCE.Word	LOADING RESOURCE SURFACE FROM DISK
3274687.889	Test_Phase.SEQUENCE.Word	LOADING RESOURCE SURFACE FROM DISK
3282173.714	Test_Phase.SEQUENCE.Word	LOADING RESOURCE SURFACE FROM DISK
3289531.643	Test_Phase.SEQUENCE.Word	LOADING RESOURCE SURFACE FROM DISK
3299154.502	Test_Phase.SEQUENCE.Word	LOADING RESOURCE SURFACE FROM DISK
3306537.909	Test_Phase.SEQUENCE.Word	LOADING RESOURCE SURFACE FROM DISK
3313787.867	Test_Phase.SEQUENCE.Word	LOADING RESOURCE SURFACE FROM DISK
3320954.634	Test_Phase.SEQUENCE.Word	LOADING RESOURCE SURFACE FROM DISK
3330302.776	Test_Phase.SEQUENCE.Word	LOADING RESOURCE SURFACE FROM DISK
3337537.965	Test_Phase.SEQUENCE.Word	LOADING RESOURCE SURFACE FROM DISK
3344960.101	Test_Phase.SEQUENCE.Word	LOADING RESOURCE SURFACE FROM DISK
3352780.145	Test_Phase.SEQUENCE.Word	LOADING RESOURCE SURFACE FROM DISK
3359887.988	Test_Phase.SEQUENCE.Word	LOADING RESOURCE SURFACE FROM DISK
3366837.959	Test_Phase.SEQUENCE.Word	LOADING RESOURCE SURFACE FROM DISK
3374504.601	Test_Phase.SEQUENCE.Word	LOADING RESOURCE SURFACE FROM DISK
3381804.701	Test_Phase.SEQUENCE.Word	LOADING RESOURCE SURFACE FROM DISK
3389804.722	Test_Phase.SEQUENCE.Word	LOADING RESOURCE SURFACE FROM DISK
3400531.811	Test_Phase.SEQUENCE.Word	LOADING RESOURCE SURFACE FROM DISK
3407924.795	Test_Phase.SEQUENCE.Word	LOADING RESOURCE SURFACE FROM DISK
3415504.616	Test_Phase.SEQUENCE.Word	LOADING RESOURCE SURFACE FROM DISK
3423261.635	Test_Phase.SEQUENCE.Word	LOADING RESOURCE SURFACE FROM DISK
3431304.962	Test_Phase.SEQUENCE.Word	LOADING RESOURCE SURFACE FROM DISK
3439031.261	Test_Phase.SEQUENCE.Word	LOADING RESOURCE SURFACE FROM DISK
3446821.249	Test_Phase.SEQUENCE.Word	LOADING RESOURCE SURFACE FROM DISK
3454578.548	Test_Phase.SEQUENCE.Word	LOADING RESOURCE SURFACE FROM DISK
3462754.655	Test_Phase.SEQUENCE.Word	LOADING RESOURCE SURFACE FROM DISK
3470412.158	Test_Phase.SEQUENCE.Word	LOADING RESOURCE SURFACE FROM DISK
3477838.415	Test_Phase.SEQUENCE.Word	LOADING RESOURCE SURFACE FROM DISK
3485390.641	Test_Phase.SEQUENCE.Word	LOADING RESOURCE SURFACE FROM DISK
3492671.179	Test_Phase.SEQUENCE.Word	LOADING RESOURCE SURFACE FROM DISK
3500021.151	Test_Phase.SEQUENCE.Word	LOADING RESOURCE SURFACE FROM DISK
3507221.211	Test_Phase.SEQUENCE.Word	LOADING RESOURCE SURFACE FROM DISK
3514921.232	Test_Phase.SEQUENCE.Word	LOADING RESOURCE SURFACE FROM DISK
3522271.122	Test_Phase.SEQUENCE.Word	LOADING RESOURCE SURFACE FROM DISK
3529604.627	Test_Phase.SEQUENCE.Word	LOADING RESOURCE SURFACE FROM DISK
3536687.885	Test_Phase.SEQUENCE.Word	LOADING RESOURCE SURFACE FROM DISK
3544388.119	Test_Phase.SEQUENCE.Word	LOADING RESOURCE SURFACE FROM DISK
3551771.108	Test_Phase.SEQUENCE.Word	LOADING RESOURCE SURFACE FROM DISK
3559588.029	Test_Phase.SEQUENCE.Word	LOADING RESOURCE SURFACE FROM DISK
3566787.954	Test_Phase.SEQUENCE.Word	LOADING RESOURCE SURFACE FROM DISK
3574141.516	Test_Phase.SEQUENCE.Word	LOADING RESOURCE SURFACE FROM DISK
3581171.255	Test_Phase.SEQUENCE.Word	LOADING RESOURCE SURFACE FROM DISK
3588753.972	Test_Phase.SEQUENCE.Word	LOADING RESOURCE SURFACE FROM DISK
3597337.978	Test_Phase.SEQUENCE.Word	LOADING RESOURCE SURFACE FROM DISK
3604752.162	Test_Phase.SEQUENCE.Word	LOADING RESOURCE SURFACE FROM DISK
3612171.233	Test_Phase.SEQUENCE.Word	LOADING RESOURCE SURFACE FROM DISK
3619187.932	Test_Phase.SEQUENCE.Word	LOADING RESOURCE SURFACE FROM DISK
3626771.316	Test_Phase.SEQUENCE.Word	LOADING RESOURCE SURFACE FROM DISK
3634704.629	Test_Phase.SEQUENCE.Word	LOADING RESOURCE SURFACE FROM DISK
3641971.536	Test_Phase.SEQUENCE.Word	LOADING RESOURCE SURFACE FROM DISK
3649854.81	Test_Phase.SEQUENCE.Word	LOADING RESOURCE SURFACE FROM DISK
3657054.555	Test_Phase.SEQUENCE.Word	LOADING RESOURCE SURFACE FROM DISK
3664394.746	Test_Phase.SEQUENCE.Word	LOADING RESOURCE SURFACE FROM DISK
3671779.398	Test_Phase.SEQUENCE.Word	LOADING RESOURCE SURFACE FROM DISK
3679207.605	Test_Phase.SEQUENCE.Word	LOADING RESOURCE SURFACE FROM DISK
3686454.585	Test_Phase.SEQUENCE.Word	LOADING RESOURCE SURFACE FROM DISK
3693706.198	Test_Phase.SEQUENCE.Word	LOADING RESOURCE SURFACE FROM DISK
3700888.098	Test_Phase.SEQUENCE.Word	LOADING RESOURCE SURFACE FROM DISK
3708189.652	Test_Phase.SEQUENCE.Word	LOADING RESOURCE SURFACE FROM DISK
3715581.116	Test_Phase.SEQUENCE.Word	LOADING RESOURCE SURFACE FROM DISK
3722972.016	Test_Phase.SEQUENCE.Word	LOADING RESOURCE SURFACE FROM DISK
3730221.493	Test_Phase.SEQUENCE.Word	LOADING RESOURCE SURFACE FROM DISK
3737487.901	Test_Phase.SEQUENCE.Word	LOADING RESOURCE SURFACE FROM DISK
3746104.785	Test_Phase.SEQUENCE.Word	LOADING RESOURCE SURFACE FROM DISK
3753371.194	Test_Phase.SEQUENCE.Word	LOADING RESOURCE SURFACE FROM DISK
3761354.593	Test_Phase.SEQUENCE.Word	LOADING RESOURCE SURFACE FROM DISK
3769254.695	Test_Phase.SEQUENCE.Word	LOADING RESOURCE SURFACE FROM DISK
3776654.827	Test_Phase.SEQUENCE.Word	LOADING RESOURCE SURFACE FROM DISK
3784204.696	Test_Phase.SEQUENCE.Word	LOADING RESOURCE SURFACE FROM DISK
3791371.165	Test_Phase.SEQUENCE.Word	LOADING RESOURCE SURFACE FROM DISK
3798654.585	Test_Phase.SEQUENCE.Word	LOADING RESOURCE SURFACE FROM DISK
3805957.124	Test_Phase.SEQUENCE.Word	LOADING RESOURCE SURFACE FROM DISK
3813072.589	Test_Phase.SEQUENCE.Word	LOADING RESOURCE SURFACE FROM DISK
3820688.174	Test_Phase.SEQUENCE.Word	LOADING RESOURCE SURFACE FROM DISK
3828071.093	Test_Phase.SEQUENCE.Word	LOADING RESOURCE SURFACE FROM DISK
3835337.959	Test_Phase.SEQUENCE.Word	LOADING RESOURCE SURFACE FROM DISK
3842798.344	Test_Phase.SEQUENCE.Word	LOADING RESOURCE SURFACE FROM DISK
3850258.694	Test_Phase.SEQUENCE.Word	LOADING RESOURCE SURFACE FROM DISK
3857587.868	Test_Phase.SEQUENCE.Word	LOADING RESOURCE SURFACE FROM DISK
3866654.535	Test_Phase.SEQUENCE.Word	LOADING RESOURCE SURFACE FROM DISK
3874631.132	Test_Phase.SEQUENCE.Word	LOADING RESOURCE SURFACE FROM DISK
3881838.084	Test_Phase.SEQUENCE.Word	LOADING RESOURCE SURFACE FROM DISK
3889754.627	Test_Phase.SEQUENCE.Word	LOADING RESOURCE SURFACE FROM DISK
3897004.758	Test_Phase.SEQUENCE.Word	LOADING RESOURCE SURFACE FROM DISK
3904054.553	Test_Phase.SEQUENCE.Word	LOADING RESOURCE SURFACE FROM DISK
3912211.762	Test_Phase.SEQUENCE.Word	LOADING RESOURCE SURFACE FROM DISK
3919838.071	Test_Phase.SEQUENCE.Word	LOADING RESOURCE SURFACE FROM DISK
3928105.899	Test_Phase.SEQUENCE.Word	LOADING RESOURCE SURFACE FROM DISK
3935438.041	Test_Phase.SEQUENCE.Word	LOADING RESOURCE SURFACE FROM DISK
3942794.973	Test_Phase.SEQUENCE.Word	LOADING RESOURCE SURFACE FROM DISK
3951588.106	Test_Phase.SEQUENCE.Word	LOADING RESOURCE SURFACE FROM DISK
3958854.662	Test_Phase.SEQUENCE.Word	LOADING RESOURCE SURFACE FROM DISK
3966056.186	Test_Phase.SEQUENCE.Word	LOADING RESOURCE SURFACE FROM DISK
3973287.839	Test_Phase.SEQUENCE.Word	LOADING RESOURCE SURFACE FROM DISK
3980937.861	Test_Phase.SEQUENCE.Word	LOADING RESOURCE SURFACE FROM DISK
3988221.075	Test_Phase.SEQUENCE.Word	LOADING RESOURCE SURFACE FROM DISK
3995637.949	Test_Phase.SEQUENCE.Word	LOADING RESOURCE SURFACE FROM DISK
4002855.006	Test_Phase.SEQUENCE.Word	LOADING RESOURCE SURFACE FROM DISK
4010988.098	Test_Phase.SEQUENCE.Word	LOADING RESOURCE SURFACE FROM DISK
4018892.928	Test_Phase.SEQUENCE.Word	LOADING RESOURCE SURFACE FROM DISK
4026627.343	Test_Phase.SEQUENCE.Word	LOADING RESOURCE SURFACE FROM DISK
4033888.046	Test_Phase.SEQUENCE.Word	LOADING RESOURCE SURFACE FROM DISK
4041054.76	Test_Phase.SEQUENCE.Word	LOADING RESOURCE SURFACE FROM DISK
4048424.786	Test_Phase.SEQUENCE.Word	LOADING RESOURCE SURFACE FROM DISK
4056021.216	Test_Phase.SEQUENCE.Word	LOADING RESOURCE SURFACE FROM DISK
4063176.392	Test_Phase.SEQUENCE.Word	LOADING RESOURCE SURFACE FROM DISK
4071938.138	Test_Phase.SEQUENCE.Word	LOADING RESOURCE SURFACE FROM DISK
4079221.422	Test_Phase.SEQUENCE.Word	LOADING RESOURCE SURFACE FROM DISK
4086554.613	Test_Phase.SEQUENCE.Word	LOADING RESOURCE SURFACE FROM DISK
4093654.545	Test_Phase.SEQUENCE.Word	LOADING RESOURCE SURFACE FROM DISK
4100738.06	Test_Phase.SEQUENCE.Word	LOADING RESOURCE SURFACE FROM DISK
4107994.228	Test_Phase.SEQUENCE.Word	LOADING RESOURCE SURFACE FROM DISK
4115237.856	Test_Phase.SEQUENCE.Word	LOADING RESOURCE SURFACE FROM DISK
4122538.078	Test_Phase.SEQUENCE.Word	LOADING RESOURCE SURFACE FROM DISK
4130854.583	Test_Phase.SEQUENCE.Word	LOADING RESOURCE SURFACE FROM DISK
4138671.881	Test_Phase.SEQUENCE.Word	LOADING RESOURCE SURFACE FROM DISK
4146538.266	Test_Phase.SEQUENCE.Word	LOADING RESOURCE SURFACE FROM DISK
4153646.778	Test_Phase.SEQUENCE.Word	LOADING RESOURCE SURFACE FROM DISK
4160804.502	Test_Phase.SEQUENCE.Word	LOADING RESOURCE SURFACE FROM DISK
4168021.512	Test_Phase.SEQUENCE.Word	LOADING RESOURCE SURFACE FROM DISK
4175354.591	Test_Phase.SEQUENCE.Word	LOADING RESOURCE SURFACE FROM DISK
4179289.781	DISPLAY_SCREEN	LOADING RESOURCE SURFACE FROM DISK
