5269.075	DISPLAY_SCREEN[1]	LOADING RESOURCE SURFACE FROM DISK
5619844.204	Familiarization_Phase.SEQUENCE.Cue_and_Instruction	LOADING RESOURCE SURFACE FROM DISK
5619848.552	Familiarization_Phase.SEQUENCE.Cue_and_Instruction	LOADING RESOURCE SURFACE FROM DISK
5625938.312	Familiarization_Phase.SEQUENCE.Cue_and_Instruction	LOADING RESOURCE SURFACE FROM DISK
5625948.985	Familiarization_Phase.SEQUENCE.Cue_and_Instruction	LOADING RESOURCE SURFACE FROM DISK
5631995.475	Familiarization_Phase.SEQUENCE.Cue_and_Instruction	LOADING RESOURCE SURFACE FROM DISK
5631999.842	Familiarization_Phase.SEQUENCE.Cue_and_Instruction	LOADING RESOURCE SURFACE FROM DISK
5674406.055	DISPLAY_SCREEN[3]	LOADING RESOURCE SURFACE FROM DISK
5780447.896	DISPLAY_SCREEN[5]	LOADING RESOURCE SURFACE FROM DISK
5871689.419	Practice_Phase.SEQUENCE.Blink_Screen	LOADING RESOURCE SURFACE FROM DISK
5871690.533	Practice_Phase.SEQUENCE.Blink_Screen	flip time is later than desired time. Desired Time=5871675 Flip Time=5871708 Retrace Rate=16.641, prepareTime=39 flip request time 5871690
5872933.847	Practice_Phase.SEQUENCE.Luminance_Cue[1]	LOADING RESOURCE SURFACE FROM DISK
5872936.502	Practice_Phase.SEQUENCE.Luminance_Cue[1]	LOADING RESOURCE SURFACE FROM DISK
5872938.112	Practice_Phase.SEQUENCE.Luminance_Cue[1]	flip time is later than desired time. Desired Time=5872908 Flip Time=5872958 Retrace Rate=16.641, prepareTime=54 flip request time 5872937
5873439.859	Practice_Phase.SEQUENCE.Practice_Instruction	LOADING RESOURCE SURFACE FROM DISK
5873442.379	Practice_Phase.SEQUENCE.Practice_Instruction	LOADING RESOURCE SURFACE FROM DISK
5876939.649	Practice_Phase.SEQUENCE.Action_cue[1]	LOADING RESOURCE SURFACE FROM DISK
5881523.319	Practice_Phase.SEQUENCE.Practice_Instruction	LOADING RESOURCE SURFACE FROM DISK
5881525.924	Practice_Phase.SEQUENCE.Practice_Instruction	LOADING RESOURCE SURFACE FROM DISK
5889627.464	Practice_Phase.SEQUENCE.Practice_Instruction	LOADING RESOURCE SURFACE FROM DISK
5889630.112	Practice_Phase.SEQUENCE.Practice_Instruction	LOADING RESOURCE SURFACE FROM DISK
5889631.73	Practice_Phase.SEQUENCE.Practice_Instruction	flip time is later than desired time. Desired Time=5889608 Flip Time=5889641 Retrace Rate=16.641, prepareTime=47 flip request time 5889631
5897689.535	Practice_Phase.SEQUENCE.Practice_Instruction	LOADING RESOURCE SURFACE FROM DISK
5897692.375	Practice_Phase.SEQUENCE.Practice_Instruction	LOADING RESOURCE SURFACE FROM DISK
5905756.287	Practice_Phase.SEQUENCE.Practice_Instruction	LOADING RESOURCE SURFACE FROM DISK
5905799.598	Practice_Phase.SEQUENCE.Practice_Instruction	LOADING RESOURCE SURFACE FROM DISK
5905801.133	Practice_Phase.SEQUENCE.Practice_Instruction	flip time is later than desired time. Desired Time=5905775 Flip Time=5905825 Retrace Rate=16.641, prepareTime=50 flip request time 5905800
5913872.894	Practice_Phase.SEQUENCE.Practice_Instruction	LOADING RESOURCE SURFACE FROM DISK
5913888.184	Practice_Phase.SEQUENCE.Practice_Instruction	LOADING RESOURCE SURFACE FROM DISK
5913889.716	Practice_Phase.SEQUENCE.Practice_Instruction	flip time is later than desired time. Desired Time=5913891 Flip Time=5913908 Retrace Rate=16.641, prepareTime=22 flip request time 5913889
5921956.161	Practice_Phase.SEQUENCE.Practice_Instruction	LOADING RESOURCE SURFACE FROM DISK
5921999.107	Practice_Phase.SEQUENCE.Practice_Instruction	LOADING RESOURCE SURFACE FROM DISK
5922000.642	Practice_Phase.SEQUENCE.Practice_Instruction	flip time is later than desired time. Desired Time=5921975 Flip Time=5922025 Retrace Rate=16.641, prepareTime=49 flip request time 5922000
5930072.62	Practice_Phase.SEQUENCE.Practice_Instruction	LOADING RESOURCE SURFACE FROM DISK
5930075.366	Practice_Phase.SEQUENCE.Practice_Instruction	LOADING RESOURCE SURFACE FROM DISK
5938139.567	Practice_Phase.SEQUENCE.Practice_Instruction	LOADING RESOURCE SURFACE FROM DISK
5938142.179	Practice_Phase.SEQUENCE.Practice_Instruction	LOADING RESOURCE SURFACE FROM DISK
5944303.559	DISPLAY_SCREEN[2]	LOADING RESOURCE SURFACE FROM DISK
6245489.711	Study_Phase.SEQUENCE.Study_Instruction	LOADING RESOURCE SURFACE FROM DISK
6253764.881	Study_Phase.SEQUENCE.Study_Instruction	LOADING RESOURCE SURFACE FROM DISK
6253803.047	Study_Phase.SEQUENCE.Study_Instruction	LOADING RESOURCE SURFACE FROM DISK
6262111.185	Study_Phase.SEQUENCE.Study_Instruction	LOADING RESOURCE SURFACE FROM DISK
6270377.98	Study_Phase.SEQUENCE.Study_Instruction	LOADING RESOURCE SURFACE FROM DISK
6278683.38	Study_Phase.SEQUENCE.Study_Instruction	LOADING RESOURCE SURFACE FROM DISK
6286945.919	Study_Phase.SEQUENCE.Study_Instruction	LOADING RESOURCE SURFACE FROM DISK
6295214.714	Study_Phase.SEQUENCE.Study_Instruction	LOADING RESOURCE SURFACE FROM DISK
6295257.584	Study_Phase.SEQUENCE.Study_Instruction	LOADING RESOURCE SURFACE FROM DISK
6303571.345	Study_Phase.SEQUENCE.Study_Instruction	LOADING RESOURCE SURFACE FROM DISK
6311848.283	Study_Phase.SEQUENCE.Study_Instruction	LOADING RESOURCE SURFACE FROM DISK
6311884.407	Study_Phase.SEQUENCE.Study_Instruction	LOADING RESOURCE SURFACE FROM DISK
6320161.404	Study_Phase.SEQUENCE.Study_Instruction	LOADING RESOURCE SURFACE FROM DISK
6328448.608	Study_Phase.SEQUENCE.Study_Instruction	LOADING RESOURCE SURFACE FROM DISK
6336714.751	Study_Phase.SEQUENCE.Study_Instruction	LOADING RESOURCE SURFACE FROM DISK
6336758.927	Study_Phase.SEQUENCE.Study_Instruction	LOADING RESOURCE SURFACE FROM DISK
6345029.298	Study_Phase.SEQUENCE.Study_Instruction	LOADING RESOURCE SURFACE FROM DISK
6353298.332	Study_Phase.SEQUENCE.Study_Instruction	LOADING RESOURCE SURFACE FROM DISK
6353300.803	Study_Phase.SEQUENCE.Study_Instruction	LOADING RESOURCE SURFACE FROM DISK
6361577.956	Study_Phase.SEQUENCE.Study_Instruction	LOADING RESOURCE SURFACE FROM DISK
6369849.711	Study_Phase.SEQUENCE.Study_Instruction	LOADING RESOURCE SURFACE FROM DISK
6378131.737	Study_Phase.SEQUENCE.Study_Instruction	LOADING RESOURCE SURFACE FROM DISK
6378134.192	Study_Phase.SEQUENCE.Study_Instruction	LOADING RESOURCE SURFACE FROM DISK
6386381.416	Study_Phase.SEQUENCE.Study_Instruction	LOADING RESOURCE SURFACE FROM DISK
6386384.015	Study_Phase.SEQUENCE.Study_Instruction	LOADING RESOURCE SURFACE FROM DISK
6394664.961	Study_Phase.SEQUENCE.Study_Instruction	LOADING RESOURCE SURFACE FROM DISK
6394697.7	Study_Phase.SEQUENCE.Study_Instruction	LOADING RESOURCE SURFACE FROM DISK
6402948.08	Study_Phase.SEQUENCE.Study_Instruction	LOADING RESOURCE SURFACE FROM DISK
6402984.27	Study_Phase.SEQUENCE.Study_Instruction	LOADING RESOURCE SURFACE FROM DISK
6411370.139	Study_Phase.SEQUENCE.Study_Instruction	LOADING RESOURCE SURFACE FROM DISK
6419648.063	Study_Phase.SEQUENCE.Study_Instruction	LOADING RESOURCE SURFACE FROM DISK
6419672.259	Study_Phase.SEQUENCE.Study_Instruction	LOADING RESOURCE SURFACE FROM DISK
6427986.525	Study_Phase.SEQUENCE.Study_Instruction	LOADING RESOURCE SURFACE FROM DISK
6436265.236	Study_Phase.SEQUENCE.Study_Instruction	LOADING RESOURCE SURFACE FROM DISK
6436302.108	Study_Phase.SEQUENCE.Study_Instruction	LOADING RESOURCE SURFACE FROM DISK
6444577.937	Study_Phase.SEQUENCE.Study_Instruction	LOADING RESOURCE SURFACE FROM DISK
6452869.918	Study_Phase.SEQUENCE.Study_Instruction	LOADING RESOURCE SURFACE FROM DISK
6461148.293	Study_Phase.SEQUENCE.Study_Instruction	LOADING RESOURCE SURFACE FROM DISK
6461190.842	Study_Phase.SEQUENCE.Study_Instruction	LOADING RESOURCE SURFACE FROM DISK
6469461.448	Study_Phase.SEQUENCE.Study_Instruction	LOADING RESOURCE SURFACE FROM DISK
6477729.138	Study_Phase.SEQUENCE.Study_Instruction	LOADING RESOURCE SURFACE FROM DISK
6486060.506	Study_Phase.SEQUENCE.Study_Instruction	LOADING RESOURCE SURFACE FROM DISK
6494331.699	Study_Phase.SEQUENCE.Study_Instruction	LOADING RESOURCE SURFACE FROM DISK
6494377.523	Study_Phase.SEQUENCE.Study_Instruction	LOADING RESOURCE SURFACE FROM DISK
6502645.878	Study_Phase.SEQUENCE.Study_Instruction	LOADING RESOURCE SURFACE FROM DISK
6510914.765	Study_Phase.SEQUENCE.Study_Instruction	LOADING RESOURCE SURFACE FROM DISK
6510917.231	Study_Phase.SEQUENCE.Study_Instruction	LOADING RESOURCE SURFACE FROM DISK
6519233.014	Study_Phase.SEQUENCE.Study_Instruction	LOADING RESOURCE SURFACE FROM DISK
6527512.52	Study_Phase.SEQUENCE.Study_Instruction	LOADING RESOURCE SURFACE FROM DISK
6535781.554	Study_Phase.SEQUENCE.Study_Instruction	LOADING RESOURCE SURFACE FROM DISK
6535784.136	Study_Phase.SEQUENCE.Study_Instruction	LOADING RESOURCE SURFACE FROM DISK
6544080.953	Study_Phase.SEQUENCE.Study_Instruction	LOADING RESOURCE SURFACE FROM DISK
6552348.34	Study_Phase.SEQUENCE.Study_Instruction	LOADING RESOURCE SURFACE FROM DISK
6552389.623	Study_Phase.SEQUENCE.Study_Instruction	LOADING RESOURCE SURFACE FROM DISK
6560664.779	Study_Phase.SEQUENCE.Study_Instruction	LOADING RESOURCE SURFACE FROM DISK
6560708.111	Study_Phase.SEQUENCE.Study_Instruction	LOADING RESOURCE SURFACE FROM DISK
6568979.435	Study_Phase.SEQUENCE.Study_Instruction	LOADING RESOURCE SURFACE FROM DISK
6577248.226	Study_Phase.SEQUENCE.Study_Instruction	LOADING RESOURCE SURFACE FROM DISK
6577286.969	Study_Phase.SEQUENCE.Study_Instruction	LOADING RESOURCE SURFACE FROM DISK
6585564.87	Study_Phase.SEQUENCE.Study_Instruction	LOADING RESOURCE SURFACE FROM DISK
6585567.405	Study_Phase.SEQUENCE.Study_Instruction	LOADING RESOURCE SURFACE FROM DISK
6593845.902	Study_Phase.SEQUENCE.Study_Instruction	LOADING RESOURCE SURFACE FROM DISK
6602111.262	Study_Phase.SEQUENCE.Study_Instruction	LOADING RESOURCE SURFACE FROM DISK
6610381.732	Study_Phase.SEQUENCE.Study_Instruction	LOADING RESOURCE SURFACE FROM DISK
6610424.035	Study_Phase.SEQUENCE.Study_Instruction	LOADING RESOURCE SURFACE FROM DISK
6618694.88	Study_Phase.SEQUENCE.Study_Instruction	LOADING RESOURCE SURFACE FROM DISK
6626984.51	Study_Phase.SEQUENCE.Study_Instruction	LOADING RESOURCE SURFACE FROM DISK
6635283.658	Study_Phase.SEQUENCE.Study_Instruction	LOADING RESOURCE SURFACE FROM DISK
6643564.92	Study_Phase.SEQUENCE.Study_Instruction	LOADING RESOURCE SURFACE FROM DISK
6643567.399	Study_Phase.SEQUENCE.Study_Instruction	LOADING RESOURCE SURFACE FROM DISK
6651848.058	Study_Phase.SEQUENCE.Study_Instruction	LOADING RESOURCE SURFACE FROM DISK
6651854.632	Study_Phase.SEQUENCE.Study_Instruction	LOADING RESOURCE SURFACE FROM DISK
6660151.708	Study_Phase.SEQUENCE.Study_Instruction	LOADING RESOURCE SURFACE FROM DISK
6668431.579	Study_Phase.SEQUENCE.Study_Instruction	LOADING RESOURCE SURFACE FROM DISK
6668476.928	Study_Phase.SEQUENCE.Study_Instruction	LOADING RESOURCE SURFACE FROM DISK
6676785.512	Study_Phase.SEQUENCE.Study_Instruction	LOADING RESOURCE SURFACE FROM DISK
6685064.702	Study_Phase.SEQUENCE.Study_Instruction	LOADING RESOURCE SURFACE FROM DISK
6685103.301	Study_Phase.SEQUENCE.Study_Instruction	LOADING RESOURCE SURFACE FROM DISK
6693378.123	Study_Phase.SEQUENCE.Study_Instruction	LOADING RESOURCE SURFACE FROM DISK
6701663.882	Study_Phase.SEQUENCE.Study_Instruction	LOADING RESOURCE SURFACE FROM DISK
6709928.142	Study_Phase.SEQUENCE.Study_Instruction	LOADING RESOURCE SURFACE FROM DISK
6718198.295	Study_Phase.SEQUENCE.Study_Instruction	LOADING RESOURCE SURFACE FROM DISK
6718248.499	Study_Phase.SEQUENCE.Study_Instruction	LOADING RESOURCE SURFACE FROM DISK
6726568.706	Study_Phase.SEQUENCE.Study_Instruction	LOADING RESOURCE SURFACE FROM DISK
6734848.189	Study_Phase.SEQUENCE.Study_Instruction	LOADING RESOURCE SURFACE FROM DISK
6734894.831	Study_Phase.SEQUENCE.Study_Instruction	LOADING RESOURCE SURFACE FROM DISK
6743165.061	Study_Phase.SEQUENCE.Study_Instruction	LOADING RESOURCE SURFACE FROM DISK
6743201.957	Study_Phase.SEQUENCE.Study_Instruction	LOADING RESOURCE SURFACE FROM DISK
6751479.266	Study_Phase.SEQUENCE.Study_Instruction	LOADING RESOURCE SURFACE FROM DISK
6759748.138	Study_Phase.SEQUENCE.Study_Instruction	LOADING RESOURCE SURFACE FROM DISK
6759786.916	Study_Phase.SEQUENCE.Study_Instruction	LOADING RESOURCE SURFACE FROM DISK
6768101.267	Study_Phase.SEQUENCE.Study_Instruction	LOADING RESOURCE SURFACE FROM DISK
6776364.864	Study_Phase.SEQUENCE.Study_Instruction	LOADING RESOURCE SURFACE FROM DISK
6776401.346	Study_Phase.SEQUENCE.Study_Instruction	LOADING RESOURCE SURFACE FROM DISK
6784664.65	Study_Phase.SEQUENCE.Study_Instruction	LOADING RESOURCE SURFACE FROM DISK
6784709.04	Study_Phase.SEQUENCE.Study_Instruction	LOADING RESOURCE SURFACE FROM DISK
6792981.711	Study_Phase.SEQUENCE.Study_Instruction	LOADING RESOURCE SURFACE FROM DISK
6793024.078	Study_Phase.SEQUENCE.Study_Instruction	LOADING RESOURCE SURFACE FROM DISK
6801333.998	Study_Phase.SEQUENCE.Study_Instruction	LOADING RESOURCE SURFACE FROM DISK
6809614.863	Study_Phase.SEQUENCE.Study_Instruction	LOADING RESOURCE SURFACE FROM DISK
6809652.161	Study_Phase.SEQUENCE.Study_Instruction	LOADING RESOURCE SURFACE FROM DISK
6817931.474	Study_Phase.SEQUENCE.Study_Instruction	LOADING RESOURCE SURFACE FROM DISK
6817972.411	Study_Phase.SEQUENCE.Study_Instruction	LOADING RESOURCE SURFACE FROM DISK
6826245.969	Study_Phase.SEQUENCE.Study_Instruction	LOADING RESOURCE SURFACE FROM DISK
6834514.972	Study_Phase.SEQUENCE.Study_Instruction	LOADING RESOURCE SURFACE FROM DISK
6834555.34	Study_Phase.SEQUENCE.Study_Instruction	LOADING RESOURCE SURFACE FROM DISK
6842831.77	Study_Phase.SEQUENCE.Study_Instruction	LOADING RESOURCE SURFACE FROM DISK
6842834.541	Study_Phase.SEQUENCE.Study_Instruction	LOADING RESOURCE SURFACE FROM DISK
6851114.967	Study_Phase.SEQUENCE.Study_Instruction	LOADING RESOURCE SURFACE FROM DISK
6851155.296	Study_Phase.SEQUENCE.Study_Instruction	LOADING RESOURCE SURFACE FROM DISK
6859431.722	Study_Phase.SEQUENCE.Study_Instruction	LOADING RESOURCE SURFACE FROM DISK
6859466.745	Study_Phase.SEQUENCE.Study_Instruction	LOADING RESOURCE SURFACE FROM DISK
6867748.174	Study_Phase.SEQUENCE.Study_Instruction	LOADING RESOURCE SURFACE FROM DISK
6867788.045	Study_Phase.SEQUENCE.Study_Instruction	LOADING RESOURCE SURFACE FROM DISK
6876077.229	Study_Phase.SEQUENCE.Study_Instruction	LOADING RESOURCE SURFACE FROM DISK
6884348.389	Study_Phase.SEQUENCE.Study_Instruction	LOADING RESOURCE SURFACE FROM DISK
6884350.97	Study_Phase.SEQUENCE.Study_Instruction	LOADING RESOURCE SURFACE FROM DISK
6892670.958	Study_Phase.SEQUENCE.Study_Instruction	LOADING RESOURCE SURFACE FROM DISK
6900948.164	Study_Phase.SEQUENCE.Study_Instruction	LOADING RESOURCE SURFACE FROM DISK
6900985.64	Study_Phase.SEQUENCE.Study_Instruction	LOADING RESOURCE SURFACE FROM DISK
6909248.266	Study_Phase.SEQUENCE.Study_Instruction	LOADING RESOURCE SURFACE FROM DISK
6909285.489	Study_Phase.SEQUENCE.Study_Instruction	LOADING RESOURCE SURFACE FROM DISK
6917603.211	Study_Phase.SEQUENCE.Study_Instruction	LOADING RESOURCE SURFACE FROM DISK
6925879.178	Study_Phase.SEQUENCE.Study_Instruction	LOADING RESOURCE SURFACE FROM DISK
6934131.499	Study_Phase.SEQUENCE.Study_Instruction	LOADING RESOURCE SURFACE FROM DISK
6934157.534	Study_Phase.SEQUENCE.Study_Instruction	LOADING RESOURCE SURFACE FROM DISK
6942468.343	Study_Phase.SEQUENCE.Study_Instruction	LOADING RESOURCE SURFACE FROM DISK
6950785.986	Study_Phase.SEQUENCE.Study_Instruction	LOADING RESOURCE SURFACE FROM DISK
6959064.805	Study_Phase.SEQUENCE.Study_Instruction	LOADING RESOURCE SURFACE FROM DISK
6959101.499	Study_Phase.SEQUENCE.Study_Instruction	LOADING RESOURCE SURFACE FROM DISK
6967412.809	Study_Phase.SEQUENCE.Study_Instruction	LOADING RESOURCE SURFACE FROM DISK
6975678.022	Study_Phase.SEQUENCE.Study_Instruction	LOADING RESOURCE SURFACE FROM DISK
6983977.045	Study_Phase.SEQUENCE.Study_Instruction	LOADING RESOURCE SURFACE FROM DISK
6992231.579	Study_Phase.SEQUENCE.Study_Instruction	LOADING RESOURCE SURFACE FROM DISK
6992234.058	Study_Phase.SEQUENCE.Study_Instruction	LOADING RESOURCE SURFACE FROM DISK
7000514.865	Study_Phase.SEQUENCE.Study_Instruction	LOADING RESOURCE SURFACE FROM DISK
7000549.631	Study_Phase.SEQUENCE.Study_Instruction	LOADING RESOURCE SURFACE FROM DISK
7008811.38	Study_Phase.SEQUENCE.Study_Instruction	LOADING RESOURCE SURFACE FROM DISK
7017081.306	Study_Phase.SEQUENCE.Study_Instruction	LOADING RESOURCE SURFACE FROM DISK
7017083.949	Study_Phase.SEQUENCE.Study_Instruction	LOADING RESOURCE SURFACE FROM DISK
7025365.013	Study_Phase.SEQUENCE.Study_Instruction	LOADING RESOURCE SURFACE FROM DISK
7025404.889	Study_Phase.SEQUENCE.Study_Instruction	LOADING RESOURCE SURFACE FROM DISK
7033679.131	Study_Phase.SEQUENCE.Study_Instruction	LOADING RESOURCE SURFACE FROM DISK
7041948.293	Study_Phase.SEQUENCE.Study_Instruction	LOADING RESOURCE SURFACE FROM DISK
7041950.807	Study_Phase.SEQUENCE.Study_Instruction	LOADING RESOURCE SURFACE FROM DISK
7050270.83	Study_Phase.SEQUENCE.Study_Instruction	LOADING RESOURCE SURFACE FROM DISK
7058577.416	Study_Phase.SEQUENCE.Study_Instruction	LOADING RESOURCE SURFACE FROM DISK
7066871.446	Study_Phase.SEQUENCE.Study_Instruction	LOADING RESOURCE SURFACE FROM DISK
7075148.159	Study_Phase.SEQUENCE.Study_Instruction	LOADING RESOURCE SURFACE FROM DISK
7075150.704	Study_Phase.SEQUENCE.Study_Instruction	LOADING RESOURCE SURFACE FROM DISK
7083428.112	Study_Phase.SEQUENCE.Study_Instruction	LOADING RESOURCE SURFACE FROM DISK
7091735.928	Study_Phase.SEQUENCE.Study_Instruction	LOADING RESOURCE SURFACE FROM DISK
7099981.464	Study_Phase.SEQUENCE.Study_Instruction	LOADING RESOURCE SURFACE FROM DISK
7100031.357	Study_Phase.SEQUENCE.Study_Instruction	LOADING RESOURCE SURFACE FROM DISK
7108336.079	Study_Phase.SEQUENCE.Study_Instruction	LOADING RESOURCE SURFACE FROM DISK
7116614.773	Study_Phase.SEQUENCE.Study_Instruction	LOADING RESOURCE SURFACE FROM DISK
7116651.753	Study_Phase.SEQUENCE.Study_Instruction	LOADING RESOURCE SURFACE FROM DISK
7124969.265	Study_Phase.SEQUENCE.Study_Instruction	LOADING RESOURCE SURFACE FROM DISK
7133231.532	Study_Phase.SEQUENCE.Study_Instruction	LOADING RESOURCE SURFACE FROM DISK
7133234.252	Study_Phase.SEQUENCE.Study_Instruction	LOADING RESOURCE SURFACE FROM DISK
7141514.913	Study_Phase.SEQUENCE.Study_Instruction	LOADING RESOURCE SURFACE FROM DISK
7141517.497	Study_Phase.SEQUENCE.Study_Instruction	LOADING RESOURCE SURFACE FROM DISK
7149834.121	Study_Phase.SEQUENCE.Study_Instruction	LOADING RESOURCE SURFACE FROM DISK
7158151.39	Study_Phase.SEQUENCE.Study_Instruction	LOADING RESOURCE SURFACE FROM DISK
7166431.583	Study_Phase.SEQUENCE.Study_Instruction	LOADING RESOURCE SURFACE FROM DISK
7166467.625	Study_Phase.SEQUENCE.Study_Instruction	LOADING RESOURCE SURFACE FROM DISK
7174760.057	Study_Phase.SEQUENCE.Study_Instruction	LOADING RESOURCE SURFACE FROM DISK
7183060.83	Study_Phase.SEQUENCE.Study_Instruction	LOADING RESOURCE SURFACE FROM DISK
7191331.535	Study_Phase.SEQUENCE.Study_Instruction	LOADING RESOURCE SURFACE FROM DISK
7191367.291	Study_Phase.SEQUENCE.Study_Instruction	LOADING RESOURCE SURFACE FROM DISK
7199682.827	Study_Phase.SEQUENCE.Study_Instruction	LOADING RESOURCE SURFACE FROM DISK
7208025.093	Study_Phase.SEQUENCE.Study_Instruction	LOADING RESOURCE SURFACE FROM DISK
7216294.904	Study_Phase.SEQUENCE.Study_Instruction	LOADING RESOURCE SURFACE FROM DISK
7224604.034	Study_Phase.SEQUENCE.Study_Instruction	LOADING RESOURCE SURFACE FROM DISK
7232881.713	Study_Phase.SEQUENCE.Study_Instruction	LOADING RESOURCE SURFACE FROM DISK
7232922.255	Study_Phase.SEQUENCE.Study_Instruction	LOADING RESOURCE SURFACE FROM DISK
7239161.659	DISPLAY_SCREEN[7]	LOADING RESOURCE SURFACE FROM DISK
7732142.225	Test_Phase.SEQUENCE.Target_Cue	LOADING RESOURCE SURFACE FROM DISK
7732145.323	Test_Phase.SEQUENCE.Target_Cue	LOADING RESOURCE SURFACE FROM DISK
7734161.281	Test_Phase.SEQUENCE.Word	LOADING RESOURCE SURFACE FROM DISK
7737177.695	Test_Phase.SEQUENCE.Test_Question	LOADING RESOURCE SURFACE FROM DISK
7737214.546	Test_Phase.SEQUENCE.Test_Question	LOADING RESOURCE SURFACE FROM DISK
7737219.628	Test_Phase.SEQUENCE.Test_Question	LOADING RESOURCE SURFACE FROM DISK
7737224.771	Test_Phase.SEQUENCE.Test_Question	LOADING RESOURCE SURFACE FROM DISK
7737226.537	Test_Phase.SEQUENCE.Test_Question	LOADING RESOURCE SURFACE FROM DISK
7737228.288	Test_Phase.SEQUENCE.Test_Question	LOADING RESOURCE SURFACE FROM DISK
7737230.0	Test_Phase.SEQUENCE.Test_Question	LOADING RESOURCE SURFACE FROM DISK
7737231.656	Test_Phase.SEQUENCE.Test_Question	LOADING RESOURCE SURFACE FROM DISK
7737233.497	Test_Phase.SEQUENCE.Test_Question	LOADING RESOURCE SURFACE FROM DISK
7737235.202	Test_Phase.SEQUENCE.Test_Question	LOADING RESOURCE SURFACE FROM DISK
7737236.955	Test_Phase.SEQUENCE.Test_Question	LOADING RESOURCE SURFACE FROM DISK
7737238.74	Test_Phase.SEQUENCE.Test_Question	LOADING RESOURCE SURFACE FROM DISK
7749577.859	Test_Phase.SEQUENCE.Word	LOADING RESOURCE SURFACE FROM DISK
7758076.211	Test_Phase.SEQUENCE.Word	LOADING RESOURCE SURFACE FROM DISK
7765811.217	Test_Phase.SEQUENCE.Word	LOADING RESOURCE SURFACE FROM DISK
7773478.14	Test_Phase.SEQUENCE.Word	LOADING RESOURCE SURFACE FROM DISK
7780944.629	Test_Phase.SEQUENCE.Word	LOADING RESOURCE SURFACE FROM DISK
7790621.4	Test_Phase.SEQUENCE.Word	LOADING RESOURCE SURFACE FROM DISK
7799462.867	Test_Phase.SEQUENCE.Word	LOADING RESOURCE SURFACE FROM DISK
7807429.045	Test_Phase.SEQUENCE.Word	LOADING RESOURCE SURFACE FROM DISK
7815170.451	Test_Phase.SEQUENCE.Word	LOADING RESOURCE SURFACE FROM DISK
7822627.848	Test_Phase.SEQUENCE.Word	LOADING RESOURCE SURFACE FROM DISK
7830551.88	Test_Phase.SEQUENCE.Word	LOADING RESOURCE SURFACE FROM DISK
7837778.044	Test_Phase.SEQUENCE.Word	LOADING RESOURCE SURFACE FROM DISK
7845377.954	Test_Phase.SEQUENCE.Word	LOADING RESOURCE SURFACE FROM DISK
7852995.131	Test_Phase.SEQUENCE.Word	LOADING RESOURCE SURFACE FROM DISK
7860811.08	Test_Phase.SEQUENCE.Word	LOADING RESOURCE SURFACE FROM DISK
7868500.537	Test_Phase.SEQUENCE.Word	LOADING RESOURCE SURFACE FROM DISK
7875994.697	Test_Phase.SEQUENCE.Word	LOADING RESOURCE SURFACE FROM DISK
7883344.724	Test_Phase.SEQUENCE.Word	LOADING RESOURCE SURFACE FROM DISK
7891378.122	Test_Phase.SEQUENCE.Word	LOADING RESOURCE SURFACE FROM DISK
7899144.526	Test_Phase.SEQUENCE.Word	LOADING RESOURCE SURFACE FROM DISK
7906811.252	Test_Phase.SEQUENCE.Word	LOADING RESOURCE SURFACE FROM DISK
7915754.399	Test_Phase.SEQUENCE.Word	LOADING RESOURCE SURFACE FROM DISK
7923444.751	Test_Phase.SEQUENCE.Word	LOADING RESOURCE SURFACE FROM DISK
7931211.089	Test_Phase.SEQUENCE.Word	LOADING RESOURCE SURFACE FROM DISK
7939275.233	Test_Phase.SEQUENCE.Word	LOADING RESOURCE SURFACE FROM DISK
7947078.381	Test_Phase.SEQUENCE.Word	LOADING RESOURCE SURFACE FROM DISK
7955327.856	Test_Phase.SEQUENCE.Word	LOADING RESOURCE SURFACE FROM DISK
7962653.023	Test_Phase.SEQUENCE.Word	LOADING RESOURCE SURFACE FROM DISK
7970528.087	Test_Phase.SEQUENCE.Word	LOADING RESOURCE SURFACE FROM DISK
7978994.469	Test_Phase.SEQUENCE.Word	LOADING RESOURCE SURFACE FROM DISK
7986578.024	Test_Phase.SEQUENCE.Word	LOADING RESOURCE SURFACE FROM DISK
7994628.003	Test_Phase.SEQUENCE.Word	LOADING RESOURCE SURFACE FROM DISK
8002912.939	Test_Phase.SEQUENCE.Word	LOADING RESOURCE SURFACE FROM DISK
8011327.901	Test_Phase.SEQUENCE.Word	LOADING RESOURCE SURFACE FROM DISK
8018527.76	Test_Phase.SEQUENCE.Word	LOADING RESOURCE SURFACE FROM DISK
8026130.245	Test_Phase.SEQUENCE.Word	LOADING RESOURCE SURFACE FROM DISK
8034044.742	Test_Phase.SEQUENCE.Word	LOADING RESOURCE SURFACE FROM DISK
8041628.486	Test_Phase.SEQUENCE.Word	LOADING RESOURCE SURFACE FROM DISK
8050199.28	Test_Phase.SEQUENCE.Word	LOADING RESOURCE SURFACE FROM DISK
8057494.765	Test_Phase.SEQUENCE.Word	LOADING RESOURCE SURFACE FROM DISK
8065277.913	Test_Phase.SEQUENCE.Word	LOADING RESOURCE SURFACE FROM DISK
8072582.179	Test_Phase.SEQUENCE.Word	LOADING RESOURCE SURFACE FROM DISK
8080577.798	Test_Phase.SEQUENCE.Word	LOADING RESOURCE SURFACE FROM DISK
8088432.514	Test_Phase.SEQUENCE.Word	LOADING RESOURCE SURFACE FROM DISK
8095677.907	Test_Phase.SEQUENCE.Word	LOADING RESOURCE SURFACE FROM DISK
8104144.86	Test_Phase.SEQUENCE.Word	LOADING RESOURCE SURFACE FROM DISK
8111927.953	Test_Phase.SEQUENCE.Word	LOADING RESOURCE SURFACE FROM DISK
8120163.333	Test_Phase.SEQUENCE.Word	LOADING RESOURCE SURFACE FROM DISK
8129031.027	Test_Phase.SEQUENCE.Word	LOADING RESOURCE SURFACE FROM DISK
8136978.013	Test_Phase.SEQUENCE.Word	LOADING RESOURCE SURFACE FROM DISK
8144716.687	Test_Phase.SEQUENCE.Word	LOADING RESOURCE SURFACE FROM DISK
8152094.934	Test_Phase.SEQUENCE.Word	LOADING RESOURCE SURFACE FROM DISK
8159594.419	Test_Phase.SEQUENCE.Word	LOADING RESOURCE SURFACE FROM DISK
8167277.862	Test_Phase.SEQUENCE.Word	LOADING RESOURCE SURFACE FROM DISK
8174594.543	Test_Phase.SEQUENCE.Word	LOADING RESOURCE SURFACE FROM DISK
8182877.843	Test_Phase.SEQUENCE.Word	LOADING RESOURCE SURFACE FROM DISK
8190294.509	Test_Phase.SEQUENCE.Word	LOADING RESOURCE SURFACE FROM DISK
8197970.646	Test_Phase.SEQUENCE.Word	LOADING RESOURCE SURFACE FROM DISK
8206344.84	Test_Phase.SEQUENCE.Word	LOADING RESOURCE SURFACE FROM DISK
8213944.655	Test_Phase.SEQUENCE.Word	LOADING RESOURCE SURFACE FROM DISK
8221761.189	Test_Phase.SEQUENCE.Word	LOADING RESOURCE SURFACE FROM DISK
8228937.328	Test_Phase.SEQUENCE.Word	LOADING RESOURCE SURFACE FROM DISK
8237428.235	Test_Phase.SEQUENCE.Word	LOADING RESOURCE SURFACE FROM DISK
8245344.662	Test_Phase.SEQUENCE.Word	LOADING RESOURCE SURFACE FROM DISK
8253604.028	Test_Phase.SEQUENCE.Word	LOADING RESOURCE SURFACE FROM DISK
8260917.05	Test_Phase.SEQUENCE.Word	LOADING RESOURCE SURFACE FROM DISK
8268794.69	Test_Phase.SEQUENCE.Word	LOADING RESOURCE SURFACE FROM DISK
8276944.663	Test_Phase.SEQUENCE.Word	LOADING RESOURCE SURFACE FROM DISK
8284520.162	Test_Phase.SEQUENCE.Word	LOADING RESOURCE SURFACE FROM DISK
8292744.633	Test_Phase.SEQUENCE.Word	LOADING RESOURCE SURFACE FROM DISK
8300894.49	Test_Phase.SEQUENCE.Word	LOADING RESOURCE SURFACE FROM DISK
8308328.991	Test_Phase.SEQUENCE.Word	LOADING RESOURCE SURFACE FROM DISK
8317527.883	Test_Phase.SEQUENCE.Word	LOADING RESOURCE SURFACE FROM DISK
8325035.044	Test_Phase.SEQUENCE.Word	LOADING RESOURCE SURFACE FROM DISK
8332478.05	Test_Phase.SEQUENCE.Word	LOADING RESOURCE SURFACE FROM DISK
8339731.108	Test_Phase.SEQUENCE.Word	LOADING RESOURCE SURFACE FROM DISK
8347844.607	Test_Phase.SEQUENCE.Word	LOADING RESOURCE SURFACE FROM DISK
8355261.309	Test_Phase.SEQUENCE.Word	LOADING RESOURCE SURFACE FROM DISK
8362688.512	Test_Phase.SEQUENCE.Word	LOADING RESOURCE SURFACE FROM DISK
8369895.02	Test_Phase.SEQUENCE.Word	LOADING RESOURCE SURFACE FROM DISK
8377044.552	Test_Phase.SEQUENCE.Word	LOADING RESOURCE SURFACE FROM DISK
8384333.974	Test_Phase.SEQUENCE.Word	LOADING RESOURCE SURFACE FROM DISK
8391544.692	Test_Phase.SEQUENCE.Word	LOADING RESOURCE SURFACE FROM DISK
8398794.46	Test_Phase.SEQUENCE.Word	LOADING RESOURCE SURFACE FROM DISK
8406461.34	Test_Phase.SEQUENCE.Word	LOADING RESOURCE SURFACE FROM DISK
8414682.679	Test_Phase.SEQUENCE.Word	LOADING RESOURCE SURFACE FROM DISK
8421994.588	Test_Phase.SEQUENCE.Word	LOADING RESOURCE SURFACE FROM DISK
8429511.256	Test_Phase.SEQUENCE.Word	LOADING RESOURCE SURFACE FROM DISK
8436727.49	Test_Phase.SEQUENCE.Word	LOADING RESOURCE SURFACE FROM DISK
8444344.668	Test_Phase.SEQUENCE.Word	LOADING RESOURCE SURFACE FROM DISK
8452037.785	Test_Phase.SEQUENCE.Word	LOADING RESOURCE SURFACE FROM DISK
8459644.648	Test_Phase.SEQUENCE.Word	LOADING RESOURCE SURFACE FROM DISK
8467127.88	Test_Phase.SEQUENCE.Word	LOADING RESOURCE SURFACE FROM DISK
8474894.571	Test_Phase.SEQUENCE.Word	LOADING RESOURCE SURFACE FROM DISK
8482027.896	Test_Phase.SEQUENCE.Word	LOADING RESOURCE SURFACE FROM DISK
8489244.629	Test_Phase.SEQUENCE.Word	LOADING RESOURCE SURFACE FROM DISK
8496461.109	Test_Phase.SEQUENCE.Word	LOADING RESOURCE SURFACE FROM DISK
8503961.196	Test_Phase.SEQUENCE.Word	LOADING RESOURCE SURFACE FROM DISK
8511827.798	Test_Phase.SEQUENCE.Word	LOADING RESOURCE SURFACE FROM DISK
8519094.487	Test_Phase.SEQUENCE.Word	LOADING RESOURCE SURFACE FROM DISK
8526911.09	Test_Phase.SEQUENCE.Word	LOADING RESOURCE SURFACE FROM DISK
8534344.659	Test_Phase.SEQUENCE.Word	LOADING RESOURCE SURFACE FROM DISK
8541552.211	Test_Phase.SEQUENCE.Word	LOADING RESOURCE SURFACE FROM DISK
8549211.333	Test_Phase.SEQUENCE.Word	LOADING RESOURCE SURFACE FROM DISK
8556728.064	Test_Phase.SEQUENCE.Word	LOADING RESOURCE SURFACE FROM DISK
8563894.569	Test_Phase.SEQUENCE.Word	LOADING RESOURCE SURFACE FROM DISK
8571077.9	Test_Phase.SEQUENCE.Word	LOADING RESOURCE SURFACE FROM DISK
8578261.207	Test_Phase.SEQUENCE.Word	LOADING RESOURCE SURFACE FROM DISK
8585537.41	Test_Phase.SEQUENCE.Word	LOADING RESOURCE SURFACE FROM DISK
8592711.593	Test_Phase.SEQUENCE.Word	LOADING RESOURCE SURFACE FROM DISK
8599878.347	Test_Phase.SEQUENCE.Word	LOADING RESOURCE SURFACE FROM DISK
8607166.979	Test_Phase.SEQUENCE.Word	LOADING RESOURCE SURFACE FROM DISK
8614344.512	Test_Phase.SEQUENCE.Word	LOADING RESOURCE SURFACE FROM DISK
8621549.088	Test_Phase.SEQUENCE.Word	LOADING RESOURCE SURFACE FROM DISK
8629227.939	Test_Phase.SEQUENCE.Word	LOADING RESOURCE SURFACE FROM DISK
8636577.364	Test_Phase.SEQUENCE.Word	LOADING RESOURCE SURFACE FROM DISK
8644411.397	Test_Phase.SEQUENCE.Word	LOADING RESOURCE SURFACE FROM DISK
8652044.69	Test_Phase.SEQUENCE.Word	LOADING RESOURCE SURFACE FROM DISK
8659661.197	Test_Phase.SEQUENCE.Word	LOADING RESOURCE SURFACE FROM DISK
8666811.352	Test_Phase.SEQUENCE.Word	LOADING RESOURCE SURFACE FROM DISK
8674044.714	Test_Phase.SEQUENCE.Word	LOADING RESOURCE SURFACE FROM DISK
8681452.144	Test_Phase.SEQUENCE.Word	LOADING RESOURCE SURFACE FROM DISK
8688694.396	Test_Phase.SEQUENCE.Word	LOADING RESOURCE SURFACE FROM DISK
8697661.405	Test_Phase.SEQUENCE.Word	LOADING RESOURCE SURFACE FROM DISK
8705894.742	Test_Phase.SEQUENCE.Word	LOADING RESOURCE SURFACE FROM DISK
8713394.657	Test_Phase.SEQUENCE.Word	LOADING RESOURCE SURFACE FROM DISK
8720611.206	Test_Phase.SEQUENCE.Word	LOADING RESOURCE SURFACE FROM DISK
8727961.016	Test_Phase.SEQUENCE.Word	LOADING RESOURCE SURFACE FROM DISK
8735277.87	Test_Phase.SEQUENCE.Word	LOADING RESOURCE SURFACE FROM DISK
8742427.874	Test_Phase.SEQUENCE.Word	LOADING RESOURCE SURFACE FROM DISK
8749650.113	Test_Phase.SEQUENCE.Word	LOADING RESOURCE SURFACE FROM DISK
8756811.198	Test_Phase.SEQUENCE.Word	LOADING RESOURCE SURFACE FROM DISK
8763977.81	Test_Phase.SEQUENCE.Word	LOADING RESOURCE SURFACE FROM DISK
8771061.27	Test_Phase.SEQUENCE.Word	LOADING RESOURCE SURFACE FROM DISK
8778261.312	Test_Phase.SEQUENCE.Word	LOADING RESOURCE SURFACE FROM DISK
8785471.72	Test_Phase.SEQUENCE.Word	LOADING RESOURCE SURFACE FROM DISK
8792627.849	Test_Phase.SEQUENCE.Word	LOADING RESOURCE SURFACE FROM DISK
8799761.292	Test_Phase.SEQUENCE.Word	LOADING RESOURCE SURFACE FROM DISK
8806911.238	Test_Phase.SEQUENCE.Word	LOADING RESOURCE SURFACE FROM DISK
8814511.149	Test_Phase.SEQUENCE.Word	LOADING RESOURCE SURFACE FROM DISK
8821644.621	Test_Phase.SEQUENCE.Word	LOADING RESOURCE SURFACE FROM DISK
8829432.183	Test_Phase.SEQUENCE.Word	LOADING RESOURCE SURFACE FROM DISK
8836595.103	Test_Phase.SEQUENCE.Word	LOADING RESOURCE SURFACE FROM DISK
8843761.712	Test_Phase.SEQUENCE.Word	LOADING RESOURCE SURFACE FROM DISK
8851720.148	Test_Phase.SEQUENCE.Word	LOADING RESOURCE SURFACE FROM DISK
8858911.194	Test_Phase.SEQUENCE.Word	LOADING RESOURCE SURFACE FROM DISK
8866677.636	Test_Phase.SEQUENCE.Word	LOADING RESOURCE SURFACE FROM DISK
8874061.123	Test_Phase.SEQUENCE.Word	LOADING RESOURCE SURFACE FROM DISK
8881294.701	Test_Phase.SEQUENCE.Word	LOADING RESOURCE SURFACE FROM DISK
8888511.179	Test_Phase.SEQUENCE.Word	LOADING RESOURCE SURFACE FROM DISK
8895827.811	Test_Phase.SEQUENCE.Word	LOADING RESOURCE SURFACE FROM DISK
8903002.059	Test_Phase.SEQUENCE.Word	LOADING RESOURCE SURFACE FROM DISK
8910194.673	Test_Phase.SEQUENCE.Word	LOADING RESOURCE SURFACE FROM DISK
8917561.787	Test_Phase.SEQUENCE.Word	LOADING RESOURCE SURFACE FROM DISK
8924744.481	Test_Phase.SEQUENCE.Word	LOADING RESOURCE SURFACE FROM DISK
8932011.24	Test_Phase.SEQUENCE.Word	LOADING RESOURCE SURFACE FROM DISK
8939167.806	Test_Phase.SEQUENCE.Word	LOADING RESOURCE SURFACE FROM DISK
8946479.31	Test_Phase.SEQUENCE.Word	LOADING RESOURCE SURFACE FROM DISK
8953794.79	Test_Phase.SEQUENCE.Word	LOADING RESOURCE SURFACE FROM DISK
8960878.18	Test_Phase.SEQUENCE.Word	LOADING RESOURCE SURFACE FROM DISK
8968211.384	Test_Phase.SEQUENCE.Word	LOADING RESOURCE SURFACE FROM DISK
8975761.297	Test_Phase.SEQUENCE.Word	LOADING RESOURCE SURFACE FROM DISK
8983135.788	Test_Phase.SEQUENCE.Word	LOADING RESOURCE SURFACE FROM DISK
8990761.159	Test_Phase.SEQUENCE.Word	LOADING RESOURCE SURFACE FROM DISK
8997944.449	Test_Phase.SEQUENCE.Word	LOADING RESOURCE SURFACE FROM DISK
9005427.808	Test_Phase.SEQUENCE.Word	LOADING RESOURCE SURFACE FROM DISK
9012594.761	Test_Phase.SEQUENCE.Word	LOADING RESOURCE SURFACE FROM DISK
9019767.83	Test_Phase.SEQUENCE.Word	LOADING RESOURCE SURFACE FROM DISK
9026877.887	Test_Phase.SEQUENCE.Word	LOADING RESOURCE SURFACE FROM DISK
9034028.667	Test_Phase.SEQUENCE.Word	LOADING RESOURCE SURFACE FROM DISK
9042330.98	Test_Phase.SEQUENCE.Word	LOADING RESOURCE SURFACE FROM DISK
9049611.31	Test_Phase.SEQUENCE.Word	LOADING RESOURCE SURFACE FROM DISK
9056727.844	Test_Phase.SEQUENCE.Word	LOADING RESOURCE SURFACE FROM DISK
9063811.427	Test_Phase.SEQUENCE.Word	LOADING RESOURCE SURFACE FROM DISK
9071011.322	Test_Phase.SEQUENCE.Word	LOADING RESOURCE SURFACE FROM DISK
9085396.106	Test_Phase.SEQUENCE.Word	LOADING RESOURCE SURFACE FROM DISK
9092544.51	Test_Phase.SEQUENCE.Word	LOADING RESOURCE SURFACE FROM DISK
9099727.128	Test_Phase.SEQUENCE.Word	LOADING RESOURCE SURFACE FROM DISK
9106811.347	Test_Phase.SEQUENCE.Word	LOADING RESOURCE SURFACE FROM DISK
9113978.021	Test_Phase.SEQUENCE.Word	LOADING RESOURCE SURFACE FROM DISK
9121900.826	Test_Phase.SEQUENCE.Word	LOADING RESOURCE SURFACE FROM DISK
9129183.899	Test_Phase.SEQUENCE.Word	LOADING RESOURCE SURFACE FROM DISK
9136444.59	Test_Phase.SEQUENCE.Word	LOADING RESOURCE SURFACE FROM DISK
9143944.5	Test_Phase.SEQUENCE.Word	LOADING RESOURCE SURFACE FROM DISK
9151050.386	Test_Phase.SEQUENCE.Word	LOADING RESOURCE SURFACE FROM DISK
9158244.459	Test_Phase.SEQUENCE.Word	LOADING RESOURCE SURFACE FROM DISK
9165444.61	Test_Phase.SEQUENCE.Word	LOADING RESOURCE SURFACE FROM DISK
9172894.425	Test_Phase.SEQUENCE.Word	LOADING RESOURCE SURFACE FROM DISK
9180044.482	Test_Phase.SEQUENCE.Word	LOADING RESOURCE SURFACE FROM DISK
9187315.121	Test_Phase.SEQUENCE.Word	LOADING RESOURCE SURFACE FROM DISK
9194527.996	Test_Phase.SEQUENCE.Word	LOADING RESOURCE SURFACE FROM DISK
9201611.142	Test_Phase.SEQUENCE.Word	LOADING RESOURCE SURFACE FROM DISK
9209194.417	Test_Phase.SEQUENCE.Word	LOADING RESOURCE SURFACE FROM DISK
9216414.012	Test_Phase.SEQUENCE.Word	LOADING RESOURCE SURFACE FROM DISK
9224011.089	Test_Phase.SEQUENCE.Word	LOADING RESOURCE SURFACE FROM DISK
9231911.648	Test_Phase.SEQUENCE.Word	LOADING RESOURCE SURFACE FROM DISK
9239394.628	Test_Phase.SEQUENCE.Word	LOADING RESOURCE SURFACE FROM DISK
9247104.253	Test_Phase.SEQUENCE.Word	LOADING RESOURCE SURFACE FROM DISK
9251113.967	DISPLAY_SCREEN	LOADING RESOURCE SURFACE FROM DISK
