4700.771	DISPLAY_SCREEN[1]	LOADING RESOURCE SURFACE FROM DISK
366762.785	Familiarization_Phase.SEQUENCE.Cue_and_Instruction	LOADING RESOURCE SURFACE FROM DISK
366766.901	Familiarization_Phase.SEQUENCE.Cue_and_Instruction	LOADING RESOURCE SURFACE FROM DISK
372799.708	Familiarization_Phase.SEQUENCE.Cue_and_Instruction	LOADING RESOURCE SURFACE FROM DISK
372804.082	Familiarization_Phase.SEQUENCE.Cue_and_Instruction	LOADING RESOURCE SURFACE FROM DISK
378850.112	Familiarization_Phase.SEQUENCE.Cue_and_Instruction	LOADING RESOURCE SURFACE FROM DISK
378854.206	Familiarization_Phase.SEQUENCE.Cue_and_Instruction	LOADING RESOURCE SURFACE FROM DISK
420982.793	DISPLAY_SCREEN[3]	LOADING RESOURCE SURFACE FROM DISK
548907.984	DISPLAY_SCREEN[5]	LOADING RESOURCE SURFACE FROM DISK
612590.84	Practice_Phase.SEQUENCE.Blink_Screen	LOADING RESOURCE SURFACE FROM DISK
613794.892	Practice_Phase.SEQUENCE.Practice_Luminance_Cue	LOADING RESOURCE SURFACE FROM DISK
613797.194	Practice_Phase.SEQUENCE.Practice_Luminance_Cue	LOADING RESOURCE SURFACE FROM DISK
614294.746	Practice_Phase.SEQUENCE.DISPLAY_SCREEN	LOADING RESOURCE SURFACE FROM DISK
615791.64	Practice_Phase.SEQUENCE.Practice_Instruction	LOADING RESOURCE SURFACE FROM DISK
622361.278	Practice_Phase.SEQUENCE.DISPLAY_SCREEN	LOADING RESOURCE SURFACE FROM DISK
623858.148	Practice_Phase.SEQUENCE.Practice_Instruction	LOADING RESOURCE SURFACE FROM DISK
630428.112	Practice_Phase.SEQUENCE.DISPLAY_SCREEN	LOADING RESOURCE SURFACE FROM DISK
631924.626	Practice_Phase.SEQUENCE.Practice_Instruction	LOADING RESOURCE SURFACE FROM DISK
638494.521	Practice_Phase.SEQUENCE.DISPLAY_SCREEN	LOADING RESOURCE SURFACE FROM DISK
639991.51	Practice_Phase.SEQUENCE.Practice_Instruction	LOADING RESOURCE SURFACE FROM DISK
646561.191	Practice_Phase.SEQUENCE.DISPLAY_SCREEN	LOADING RESOURCE SURFACE FROM DISK
648057.996	Practice_Phase.SEQUENCE.Practice_Instruction	LOADING RESOURCE SURFACE FROM DISK
654627.997	Practice_Phase.SEQUENCE.DISPLAY_SCREEN	LOADING RESOURCE SURFACE FROM DISK
656124.708	Practice_Phase.SEQUENCE.Practice_Instruction	LOADING RESOURCE SURFACE FROM DISK
662677.951	Practice_Phase.SEQUENCE.DISPLAY_SCREEN	LOADING RESOURCE SURFACE FROM DISK
664174.659	Practice_Phase.SEQUENCE.Practice_Instruction	LOADING RESOURCE SURFACE FROM DISK
670744.59	Practice_Phase.SEQUENCE.DISPLAY_SCREEN	LOADING RESOURCE SURFACE FROM DISK
672241.391	Practice_Phase.SEQUENCE.Practice_Instruction	LOADING RESOURCE SURFACE FROM DISK
678811.429	Practice_Phase.SEQUENCE.DISPLAY_SCREEN	LOADING RESOURCE SURFACE FROM DISK
680308.137	Practice_Phase.SEQUENCE.Practice_Instruction	LOADING RESOURCE SURFACE FROM DISK
684975.511	DISPLAY_SCREEN[2]	LOADING RESOURCE SURFACE FROM DISK
783669.456	Study_Phase.SEQUENCE.DISPLAY_SCREEN	LOADING RESOURCE SURFACE FROM DISK
785183.16	Study_Phase.SEQUENCE.Study_Instruction	LOADING RESOURCE SURFACE FROM DISK
791936.336	Study_Phase.SEQUENCE.DISPLAY_SCREEN	LOADING RESOURCE SURFACE FROM DISK
793449.828	Study_Phase.SEQUENCE.Study_Instruction	LOADING RESOURCE SURFACE FROM DISK
800202.739	Study_Phase.SEQUENCE.DISPLAY_SCREEN	LOADING RESOURCE SURFACE FROM DISK
801716.577	Study_Phase.SEQUENCE.Study_Instruction	LOADING RESOURCE SURFACE FROM DISK
808469.506	Study_Phase.SEQUENCE.DISPLAY_SCREEN	LOADING RESOURCE SURFACE FROM DISK
809983.246	Study_Phase.SEQUENCE.Study_Instruction	LOADING RESOURCE SURFACE FROM DISK
818233.29	Study_Phase.SEQUENCE.Study_Instruction	LOADING RESOURCE SURFACE FROM DISK
824986.234	Study_Phase.SEQUENCE.DISPLAY_SCREEN	LOADING RESOURCE SURFACE FROM DISK
826499.948	Study_Phase.SEQUENCE.Study_Instruction	LOADING RESOURCE SURFACE FROM DISK
834766.659	Study_Phase.SEQUENCE.Study_Instruction	LOADING RESOURCE SURFACE FROM DISK
843032.748	Study_Phase.SEQUENCE.Study_Instruction	LOADING RESOURCE SURFACE FROM DISK
849786.387	Study_Phase.SEQUENCE.DISPLAY_SCREEN	LOADING RESOURCE SURFACE FROM DISK
851299.936	Study_Phase.SEQUENCE.Study_Instruction	LOADING RESOURCE SURFACE FROM DISK
858052.807	Study_Phase.SEQUENCE.DISPLAY_SCREEN	LOADING RESOURCE SURFACE FROM DISK
859566.835	Study_Phase.SEQUENCE.Study_Instruction	LOADING RESOURCE SURFACE FROM DISK
867833.287	Study_Phase.SEQUENCE.Study_Instruction	LOADING RESOURCE SURFACE FROM DISK
876099.286	Study_Phase.SEQUENCE.Study_Instruction	LOADING RESOURCE SURFACE FROM DISK
882853.004	Study_Phase.SEQUENCE.DISPLAY_SCREEN	LOADING RESOURCE SURFACE FROM DISK
884366.653	Study_Phase.SEQUENCE.Study_Instruction	LOADING RESOURCE SURFACE FROM DISK
892633.25	Study_Phase.SEQUENCE.Study_Instruction	LOADING RESOURCE SURFACE FROM DISK
900899.442	Study_Phase.SEQUENCE.Study_Instruction	LOADING RESOURCE SURFACE FROM DISK
909166.049	Study_Phase.SEQUENCE.Study_Instruction	LOADING RESOURCE SURFACE FROM DISK
915919.752	Study_Phase.SEQUENCE.DISPLAY_SCREEN	LOADING RESOURCE SURFACE FROM DISK
917433.399	Study_Phase.SEQUENCE.Study_Instruction	LOADING RESOURCE SURFACE FROM DISK
924186.175	Study_Phase.SEQUENCE.DISPLAY_SCREEN	LOADING RESOURCE SURFACE FROM DISK
925700.001	Study_Phase.SEQUENCE.Study_Instruction	LOADING RESOURCE SURFACE FROM DISK
933966.039	Study_Phase.SEQUENCE.Study_Instruction	LOADING RESOURCE SURFACE FROM DISK
942233.225	Study_Phase.SEQUENCE.Study_Instruction	LOADING RESOURCE SURFACE FROM DISK
948986.333	Study_Phase.SEQUENCE.DISPLAY_SCREEN	LOADING RESOURCE SURFACE FROM DISK
950499.958	Study_Phase.SEQUENCE.Study_Instruction	LOADING RESOURCE SURFACE FROM DISK
958766.027	Study_Phase.SEQUENCE.Study_Instruction	LOADING RESOURCE SURFACE FROM DISK
967016.116	Study_Phase.SEQUENCE.Study_Instruction	LOADING RESOURCE SURFACE FROM DISK
973769.591	Study_Phase.SEQUENCE.DISPLAY_SCREEN	LOADING RESOURCE SURFACE FROM DISK
975283.326	Study_Phase.SEQUENCE.Study_Instruction	LOADING RESOURCE SURFACE FROM DISK
983549.996	Study_Phase.SEQUENCE.Study_Instruction	LOADING RESOURCE SURFACE FROM DISK
991816.053	Study_Phase.SEQUENCE.Study_Instruction	LOADING RESOURCE SURFACE FROM DISK
998569.5	Study_Phase.SEQUENCE.DISPLAY_SCREEN	LOADING RESOURCE SURFACE FROM DISK
1000083.185	Study_Phase.SEQUENCE.Study_Instruction	LOADING RESOURCE SURFACE FROM DISK
1006836.33	Study_Phase.SEQUENCE.DISPLAY_SCREEN	LOADING RESOURCE SURFACE FROM DISK
1008350.207	Study_Phase.SEQUENCE.Study_Instruction	LOADING RESOURCE SURFACE FROM DISK
1016616.578	Study_Phase.SEQUENCE.Study_Instruction	LOADING RESOURCE SURFACE FROM DISK
1023369.473	Study_Phase.SEQUENCE.DISPLAY_SCREEN	LOADING RESOURCE SURFACE FROM DISK
1024883.282	Study_Phase.SEQUENCE.Study_Instruction	LOADING RESOURCE SURFACE FROM DISK
1031719.668	Study_Phase.SEQUENCE.DISPLAY_SCREEN	LOADING RESOURCE SURFACE FROM DISK
1033233.114	Study_Phase.SEQUENCE.Study_Instruction	LOADING RESOURCE SURFACE FROM DISK
1039986.01	Study_Phase.SEQUENCE.DISPLAY_SCREEN	LOADING RESOURCE SURFACE FROM DISK
1041499.86	Study_Phase.SEQUENCE.Study_Instruction	LOADING RESOURCE SURFACE FROM DISK
1048252.8	Study_Phase.SEQUENCE.DISPLAY_SCREEN	LOADING RESOURCE SURFACE FROM DISK
1049766.499	Study_Phase.SEQUENCE.Study_Instruction	LOADING RESOURCE SURFACE FROM DISK
1056502.953	Study_Phase.SEQUENCE.DISPLAY_SCREEN	LOADING RESOURCE SURFACE FROM DISK
1058016.569	Study_Phase.SEQUENCE.Study_Instruction	LOADING RESOURCE SURFACE FROM DISK
1064769.655	Study_Phase.SEQUENCE.DISPLAY_SCREEN	LOADING RESOURCE SURFACE FROM DISK
1066283.413	Study_Phase.SEQUENCE.Study_Instruction	LOADING RESOURCE SURFACE FROM DISK
1074549.858	Study_Phase.SEQUENCE.Study_Instruction	LOADING RESOURCE SURFACE FROM DISK
1081302.966	Study_Phase.SEQUENCE.DISPLAY_SCREEN	LOADING RESOURCE SURFACE FROM DISK
1082816.555	Study_Phase.SEQUENCE.Study_Instruction	LOADING RESOURCE SURFACE FROM DISK
1089569.653	Study_Phase.SEQUENCE.DISPLAY_SCREEN	LOADING RESOURCE SURFACE FROM DISK
1091083.249	Study_Phase.SEQUENCE.Study_Instruction	LOADING RESOURCE SURFACE FROM DISK
1099349.372	Study_Phase.SEQUENCE.Study_Instruction	LOADING RESOURCE SURFACE FROM DISK
1107615.986	Study_Phase.SEQUENCE.Study_Instruction	LOADING RESOURCE SURFACE FROM DISK
1115883.218	Study_Phase.SEQUENCE.Study_Instruction	LOADING RESOURCE SURFACE FROM DISK
1124149.349	Study_Phase.SEQUENCE.Study_Instruction	LOADING RESOURCE SURFACE FROM DISK
1130903.03	Study_Phase.SEQUENCE.DISPLAY_SCREEN	LOADING RESOURCE SURFACE FROM DISK
1132416.548	Study_Phase.SEQUENCE.Study_Instruction	LOADING RESOURCE SURFACE FROM DISK
1139169.626	Study_Phase.SEQUENCE.DISPLAY_SCREEN	LOADING RESOURCE SURFACE FROM DISK
1140683.434	Study_Phase.SEQUENCE.Study_Instruction	LOADING RESOURCE SURFACE FROM DISK
1147436.461	Study_Phase.SEQUENCE.DISPLAY_SCREEN	LOADING RESOURCE SURFACE FROM DISK
1148950.013	Study_Phase.SEQUENCE.Study_Instruction	LOADING RESOURCE SURFACE FROM DISK
1157215.958	Study_Phase.SEQUENCE.Study_Instruction	LOADING RESOURCE SURFACE FROM DISK
1163969.59	Study_Phase.SEQUENCE.DISPLAY_SCREEN	LOADING RESOURCE SURFACE FROM DISK
1165483.203	Study_Phase.SEQUENCE.Study_Instruction	LOADING RESOURCE SURFACE FROM DISK
1172236.584	Study_Phase.SEQUENCE.DISPLAY_SCREEN	LOADING RESOURCE SURFACE FROM DISK
1173750.011	Study_Phase.SEQUENCE.Study_Instruction	LOADING RESOURCE SURFACE FROM DISK
1182016.067	Study_Phase.SEQUENCE.Study_Instruction	LOADING RESOURCE SURFACE FROM DISK
1188769.676	Study_Phase.SEQUENCE.DISPLAY_SCREEN	LOADING RESOURCE SURFACE FROM DISK
1190283.34	Study_Phase.SEQUENCE.Study_Instruction	LOADING RESOURCE SURFACE FROM DISK
1197036.477	Study_Phase.SEQUENCE.DISPLAY_SCREEN	LOADING RESOURCE SURFACE FROM DISK
1198549.834	Study_Phase.SEQUENCE.Study_Instruction	LOADING RESOURCE SURFACE FROM DISK
1205286.247	Study_Phase.SEQUENCE.DISPLAY_SCREEN	LOADING RESOURCE SURFACE FROM DISK
1206799.927	Study_Phase.SEQUENCE.Study_Instruction	LOADING RESOURCE SURFACE FROM DISK
1215066.146	Study_Phase.SEQUENCE.Study_Instruction	LOADING RESOURCE SURFACE FROM DISK
1223332.788	Study_Phase.SEQUENCE.Study_Instruction	LOADING RESOURCE SURFACE FROM DISK
1231600.071	Study_Phase.SEQUENCE.Study_Instruction	LOADING RESOURCE SURFACE FROM DISK
1239865.997	Study_Phase.SEQUENCE.Study_Instruction	LOADING RESOURCE SURFACE FROM DISK
1248132.763	Study_Phase.SEQUENCE.Study_Instruction	LOADING RESOURCE SURFACE FROM DISK
1254886.407	Study_Phase.SEQUENCE.DISPLAY_SCREEN	LOADING RESOURCE SURFACE FROM DISK
1256399.919	Study_Phase.SEQUENCE.Study_Instruction	LOADING RESOURCE SURFACE FROM DISK
1264666.672	Study_Phase.SEQUENCE.Study_Instruction	LOADING RESOURCE SURFACE FROM DISK
1272932.839	Study_Phase.SEQUENCE.Study_Instruction	LOADING RESOURCE SURFACE FROM DISK
1279653.02	Study_Phase.SEQUENCE.DISPLAY_SCREEN	LOADING RESOURCE SURFACE FROM DISK
1281166.559	Study_Phase.SEQUENCE.Study_Instruction	LOADING RESOURCE SURFACE FROM DISK
1289433.332	Study_Phase.SEQUENCE.Study_Instruction	LOADING RESOURCE SURFACE FROM DISK
1296186.493	Study_Phase.SEQUENCE.DISPLAY_SCREEN	LOADING RESOURCE SURFACE FROM DISK
1297699.943	Study_Phase.SEQUENCE.Study_Instruction	LOADING RESOURCE SURFACE FROM DISK
1305966.57	Study_Phase.SEQUENCE.Study_Instruction	LOADING RESOURCE SURFACE FROM DISK
1312686.339	Study_Phase.SEQUENCE.DISPLAY_SCREEN	LOADING RESOURCE SURFACE FROM DISK
1314200.196	Study_Phase.SEQUENCE.Study_Instruction	LOADING RESOURCE SURFACE FROM DISK
1322466.245	Study_Phase.SEQUENCE.Study_Instruction	LOADING RESOURCE SURFACE FROM DISK
1329219.767	Study_Phase.SEQUENCE.DISPLAY_SCREEN	LOADING RESOURCE SURFACE FROM DISK
1330733.341	Study_Phase.SEQUENCE.Study_Instruction	LOADING RESOURCE SURFACE FROM DISK
1337486.281	Study_Phase.SEQUENCE.DISPLAY_SCREEN	LOADING RESOURCE SURFACE FROM DISK
1339000.055	Study_Phase.SEQUENCE.Study_Instruction	LOADING RESOURCE SURFACE FROM DISK
1347266.718	Study_Phase.SEQUENCE.Study_Instruction	LOADING RESOURCE SURFACE FROM DISK
1355532.823	Study_Phase.SEQUENCE.Study_Instruction	LOADING RESOURCE SURFACE FROM DISK
1362286.412	Study_Phase.SEQUENCE.DISPLAY_SCREEN	LOADING RESOURCE SURFACE FROM DISK
1363799.933	Study_Phase.SEQUENCE.Study_Instruction	LOADING RESOURCE SURFACE FROM DISK
1372116.587	Study_Phase.SEQUENCE.Study_Instruction	LOADING RESOURCE SURFACE FROM DISK
1378869.555	Study_Phase.SEQUENCE.DISPLAY_SCREEN	LOADING RESOURCE SURFACE FROM DISK
1380383.338	Study_Phase.SEQUENCE.Study_Instruction	LOADING RESOURCE SURFACE FROM DISK
1387136.343	Study_Phase.SEQUENCE.DISPLAY_SCREEN	LOADING RESOURCE SURFACE FROM DISK
1388649.956	Study_Phase.SEQUENCE.Study_Instruction	LOADING RESOURCE SURFACE FROM DISK
1396916.538	Study_Phase.SEQUENCE.Study_Instruction	LOADING RESOURCE SURFACE FROM DISK
1403669.419	Study_Phase.SEQUENCE.DISPLAY_SCREEN	LOADING RESOURCE SURFACE FROM DISK
1405183.264	Study_Phase.SEQUENCE.Study_Instruction	LOADING RESOURCE SURFACE FROM DISK
1413449.962	Study_Phase.SEQUENCE.Study_Instruction	LOADING RESOURCE SURFACE FROM DISK
1420202.859	Study_Phase.SEQUENCE.DISPLAY_SCREEN	LOADING RESOURCE SURFACE FROM DISK
1421716.486	Study_Phase.SEQUENCE.Study_Instruction	LOADING RESOURCE SURFACE FROM DISK
1428469.584	Study_Phase.SEQUENCE.DISPLAY_SCREEN	LOADING RESOURCE SURFACE FROM DISK
1429983.156	Study_Phase.SEQUENCE.Study_Instruction	LOADING RESOURCE SURFACE FROM DISK
1438249.356	Study_Phase.SEQUENCE.Study_Instruction	LOADING RESOURCE SURFACE FROM DISK
1446499.464	Study_Phase.SEQUENCE.Study_Instruction	LOADING RESOURCE SURFACE FROM DISK
1453253.067	Study_Phase.SEQUENCE.DISPLAY_SCREEN	LOADING RESOURCE SURFACE FROM DISK
1454766.639	Study_Phase.SEQUENCE.Study_Instruction	LOADING RESOURCE SURFACE FROM DISK
1463033.441	Study_Phase.SEQUENCE.Study_Instruction	LOADING RESOURCE SURFACE FROM DISK
1471299.566	Study_Phase.SEQUENCE.Study_Instruction	LOADING RESOURCE SURFACE FROM DISK
1479566.285	Study_Phase.SEQUENCE.Study_Instruction	LOADING RESOURCE SURFACE FROM DISK
1486319.443	Study_Phase.SEQUENCE.DISPLAY_SCREEN	LOADING RESOURCE SURFACE FROM DISK
1487833.32	Study_Phase.SEQUENCE.Study_Instruction	LOADING RESOURCE SURFACE FROM DISK
1494586.341	Study_Phase.SEQUENCE.DISPLAY_SCREEN	LOADING RESOURCE SURFACE FROM DISK
1496099.976	Study_Phase.SEQUENCE.Study_Instruction	LOADING RESOURCE SURFACE FROM DISK
1502852.765	Study_Phase.SEQUENCE.DISPLAY_SCREEN	LOADING RESOURCE SURFACE FROM DISK
1504366.613	Study_Phase.SEQUENCE.Study_Instruction	LOADING RESOURCE SURFACE FROM DISK
1512633.405	Study_Phase.SEQUENCE.Study_Instruction	LOADING RESOURCE SURFACE FROM DISK
1519386.374	Study_Phase.SEQUENCE.DISPLAY_SCREEN	LOADING RESOURCE SURFACE FROM DISK
1520899.942	Study_Phase.SEQUENCE.Study_Instruction	LOADING RESOURCE SURFACE FROM DISK
1529166.118	Study_Phase.SEQUENCE.Study_Instruction	LOADING RESOURCE SURFACE FROM DISK
1537432.776	Study_Phase.SEQUENCE.Study_Instruction	LOADING RESOURCE SURFACE FROM DISK
1545699.422	Study_Phase.SEQUENCE.Study_Instruction	LOADING RESOURCE SURFACE FROM DISK
1552453.012	Study_Phase.SEQUENCE.DISPLAY_SCREEN	LOADING RESOURCE SURFACE FROM DISK
1553966.648	Study_Phase.SEQUENCE.Study_Instruction	LOADING RESOURCE SURFACE FROM DISK
1562232.77	Study_Phase.SEQUENCE.Study_Instruction	LOADING RESOURCE SURFACE FROM DISK
1570499.386	Study_Phase.SEQUENCE.Study_Instruction	LOADING RESOURCE SURFACE FROM DISK
1578766.722	Study_Phase.SEQUENCE.Study_Instruction	LOADING RESOURCE SURFACE FROM DISK
1585519.718	Study_Phase.SEQUENCE.DISPLAY_SCREEN	LOADING RESOURCE SURFACE FROM DISK
1587033.231	Study_Phase.SEQUENCE.Study_Instruction	LOADING RESOURCE SURFACE FROM DISK
1595299.969	Study_Phase.SEQUENCE.Study_Instruction	LOADING RESOURCE SURFACE FROM DISK
1602036.017	Study_Phase.SEQUENCE.DISPLAY_SCREEN	LOADING RESOURCE SURFACE FROM DISK
1603549.991	Study_Phase.SEQUENCE.Study_Instruction	LOADING RESOURCE SURFACE FROM DISK
1611815.957	Study_Phase.SEQUENCE.Study_Instruction	LOADING RESOURCE SURFACE FROM DISK
1620082.666	Study_Phase.SEQUENCE.Study_Instruction	LOADING RESOURCE SURFACE FROM DISK
1628350.035	Study_Phase.SEQUENCE.Study_Instruction	LOADING RESOURCE SURFACE FROM DISK
1635102.833	Study_Phase.SEQUENCE.DISPLAY_SCREEN	LOADING RESOURCE SURFACE FROM DISK
1636616.445	Study_Phase.SEQUENCE.Study_Instruction	LOADING RESOURCE SURFACE FROM DISK
1644883.191	Study_Phase.SEQUENCE.Study_Instruction	LOADING RESOURCE SURFACE FROM DISK
1651636.118	Study_Phase.SEQUENCE.DISPLAY_SCREEN	LOADING RESOURCE SURFACE FROM DISK
1653149.832	Study_Phase.SEQUENCE.Study_Instruction	LOADING RESOURCE SURFACE FROM DISK
1661416.65	Study_Phase.SEQUENCE.Study_Instruction	LOADING RESOURCE SURFACE FROM DISK
1669682.646	Study_Phase.SEQUENCE.Study_Instruction	LOADING RESOURCE SURFACE FROM DISK
1676436.316	Study_Phase.SEQUENCE.DISPLAY_SCREEN	LOADING RESOURCE SURFACE FROM DISK
1677950.009	Study_Phase.SEQUENCE.Study_Instruction	LOADING RESOURCE SURFACE FROM DISK
1686216.639	Study_Phase.SEQUENCE.Study_Instruction	LOADING RESOURCE SURFACE FROM DISK
1692969.657	Study_Phase.SEQUENCE.DISPLAY_SCREEN	LOADING RESOURCE SURFACE FROM DISK
1694483.144	Study_Phase.SEQUENCE.Study_Instruction	LOADING RESOURCE SURFACE FROM DISK
1702749.949	Study_Phase.SEQUENCE.Study_Instruction	LOADING RESOURCE SURFACE FROM DISK
1709502.925	Study_Phase.SEQUENCE.DISPLAY_SCREEN	LOADING RESOURCE SURFACE FROM DISK
1711016.483	Study_Phase.SEQUENCE.Study_Instruction	LOADING RESOURCE SURFACE FROM DISK
1717769.464	Study_Phase.SEQUENCE.DISPLAY_SCREEN	LOADING RESOURCE SURFACE FROM DISK
1719283.257	Study_Phase.SEQUENCE.Study_Instruction	LOADING RESOURCE SURFACE FROM DISK
1727549.955	Study_Phase.SEQUENCE.Study_Instruction	LOADING RESOURCE SURFACE FROM DISK
1734302.691	Study_Phase.SEQUENCE.DISPLAY_SCREEN	LOADING RESOURCE SURFACE FROM DISK
1735816.495	Study_Phase.SEQUENCE.Study_Instruction	LOADING RESOURCE SURFACE FROM DISK
1744082.782	Study_Phase.SEQUENCE.Study_Instruction	LOADING RESOURCE SURFACE FROM DISK
1750836.251	Study_Phase.SEQUENCE.DISPLAY_SCREEN	LOADING RESOURCE SURFACE FROM DISK
1752349.852	Study_Phase.SEQUENCE.Study_Instruction	LOADING RESOURCE SURFACE FROM DISK
1759102.68	Study_Phase.SEQUENCE.DISPLAY_SCREEN	LOADING RESOURCE SURFACE FROM DISK
1760616.668	Study_Phase.SEQUENCE.Study_Instruction	LOADING RESOURCE SURFACE FROM DISK
1768882.712	Study_Phase.SEQUENCE.Study_Instruction	LOADING RESOURCE SURFACE FROM DISK
1773590.669	DISPLAY_SCREEN[7]	LOADING RESOURCE SURFACE FROM DISK
1942316.017	Test_Phase.SEQUENCE.Target_Cue	LOADING RESOURCE SURFACE FROM DISK
1942317.622	Test_Phase.SEQUENCE.Target_Cue	LOADING RESOURCE SURFACE FROM DISK
1944333.093	Test_Phase.SEQUENCE.Word	LOADING RESOURCE SURFACE FROM DISK
1947349.254	Test_Phase.SEQUENCE.Test_Question	LOADING RESOURCE SURFACE FROM DISK
1947351.026	Test_Phase.SEQUENCE.Test_Question	LOADING RESOURCE SURFACE FROM DISK
1947352.652	Test_Phase.SEQUENCE.Test_Question	LOADING RESOURCE SURFACE FROM DISK
1947354.298	Test_Phase.SEQUENCE.Test_Question	LOADING RESOURCE SURFACE FROM DISK
1947355.9	Test_Phase.SEQUENCE.Test_Question	LOADING RESOURCE SURFACE FROM DISK
1947357.487	Test_Phase.SEQUENCE.Test_Question	LOADING RESOURCE SURFACE FROM DISK
1947359.175	Test_Phase.SEQUENCE.Test_Question	LOADING RESOURCE SURFACE FROM DISK
1947360.823	Test_Phase.SEQUENCE.Test_Question	LOADING RESOURCE SURFACE FROM DISK
1947362.407	Test_Phase.SEQUENCE.Test_Question	LOADING RESOURCE SURFACE FROM DISK
1947363.969	Test_Phase.SEQUENCE.Test_Question	LOADING RESOURCE SURFACE FROM DISK
1947365.532	Test_Phase.SEQUENCE.Test_Question	LOADING RESOURCE SURFACE FROM DISK
1947367.045	Test_Phase.SEQUENCE.Test_Question	LOADING RESOURCE SURFACE FROM DISK
1953416.262	Test_Phase.SEQUENCE.Word	LOADING RESOURCE SURFACE FROM DISK
1963533.169	Test_Phase.SEQUENCE.Word	LOADING RESOURCE SURFACE FROM DISK
1973449.654	Test_Phase.SEQUENCE.Word	LOADING RESOURCE SURFACE FROM DISK
1984133.019	Test_Phase.SEQUENCE.Word	LOADING RESOURCE SURFACE FROM DISK
1992099.727	Test_Phase.SEQUENCE.Word	LOADING RESOURCE SURFACE FROM DISK
2004033.11	Test_Phase.SEQUENCE.Word	LOADING RESOURCE SURFACE FROM DISK
2012349.836	Test_Phase.SEQUENCE.Word	LOADING RESOURCE SURFACE FROM DISK
2020366.494	Test_Phase.SEQUENCE.Word	LOADING RESOURCE SURFACE FROM DISK
2028549.497	Test_Phase.SEQUENCE.Word	LOADING RESOURCE SURFACE FROM DISK
2036932.853	Test_Phase.SEQUENCE.Word	LOADING RESOURCE SURFACE FROM DISK
2044866.384	Test_Phase.SEQUENCE.Word	LOADING RESOURCE SURFACE FROM DISK
2052782.973	Test_Phase.SEQUENCE.Word	LOADING RESOURCE SURFACE FROM DISK
2060933.171	Test_Phase.SEQUENCE.Word	LOADING RESOURCE SURFACE FROM DISK
2069066.437	Test_Phase.SEQUENCE.Word	LOADING RESOURCE SURFACE FROM DISK
2077082.949	Test_Phase.SEQUENCE.Word	LOADING RESOURCE SURFACE FROM DISK
2086149.773	Test_Phase.SEQUENCE.Word	LOADING RESOURCE SURFACE FROM DISK
2094216.326	Test_Phase.SEQUENCE.Word	LOADING RESOURCE SURFACE FROM DISK
2102382.979	Test_Phase.SEQUENCE.Word	LOADING RESOURCE SURFACE FROM DISK
2110332.97	Test_Phase.SEQUENCE.Word	LOADING RESOURCE SURFACE FROM DISK
2118266.402	Test_Phase.SEQUENCE.Word	LOADING RESOURCE SURFACE FROM DISK
2127632.943	Test_Phase.SEQUENCE.Word	LOADING RESOURCE SURFACE FROM DISK
2135699.708	Test_Phase.SEQUENCE.Word	LOADING RESOURCE SURFACE FROM DISK
2143982.881	Test_Phase.SEQUENCE.Word	LOADING RESOURCE SURFACE FROM DISK
2153316.547	Test_Phase.SEQUENCE.Word	LOADING RESOURCE SURFACE FROM DISK
2161283.113	Test_Phase.SEQUENCE.Word	LOADING RESOURCE SURFACE FROM DISK
2169633.016	Test_Phase.SEQUENCE.Word	LOADING RESOURCE SURFACE FROM DISK
2177649.735	Test_Phase.SEQUENCE.Word	LOADING RESOURCE SURFACE FROM DISK
2187283.027	Test_Phase.SEQUENCE.Word	LOADING RESOURCE SURFACE FROM DISK
2195966.466	Test_Phase.SEQUENCE.Word	LOADING RESOURCE SURFACE FROM DISK
2204099.621	Test_Phase.SEQUENCE.Word	LOADING RESOURCE SURFACE FROM DISK
2212132.859	Test_Phase.SEQUENCE.Word	LOADING RESOURCE SURFACE FROM DISK
2220916.391	Test_Phase.SEQUENCE.Word	LOADING RESOURCE SURFACE FROM DISK
2228633.059	Test_Phase.SEQUENCE.Word	LOADING RESOURCE SURFACE FROM DISK
2236649.566	Test_Phase.SEQUENCE.Word	LOADING RESOURCE SURFACE FROM DISK
2244633.136	Test_Phase.SEQUENCE.Word	LOADING RESOURCE SURFACE FROM DISK
2252399.614	Test_Phase.SEQUENCE.Word	LOADING RESOURCE SURFACE FROM DISK
2260416.425	Test_Phase.SEQUENCE.Word	LOADING RESOURCE SURFACE FROM DISK
2268166.285	Test_Phase.SEQUENCE.Word	LOADING RESOURCE SURFACE FROM DISK
2276049.711	Test_Phase.SEQUENCE.Word	LOADING RESOURCE SURFACE FROM DISK
2284016.324	Test_Phase.SEQUENCE.Word	LOADING RESOURCE SURFACE FROM DISK
2293066.225	Test_Phase.SEQUENCE.Word	LOADING RESOURCE SURFACE FROM DISK
2300816.332	Test_Phase.SEQUENCE.Word	LOADING RESOURCE SURFACE FROM DISK
2308633.125	Test_Phase.SEQUENCE.Word	LOADING RESOURCE SURFACE FROM DISK
2317283.054	Test_Phase.SEQUENCE.Word	LOADING RESOURCE SURFACE FROM DISK
2325233.038	Test_Phase.SEQUENCE.Word	LOADING RESOURCE SURFACE FROM DISK
2333133.21	Test_Phase.SEQUENCE.Word	LOADING RESOURCE SURFACE FROM DISK
2342666.258	Test_Phase.SEQUENCE.Word	LOADING RESOURCE SURFACE FROM DISK
2350616.46	Test_Phase.SEQUENCE.Word	LOADING RESOURCE SURFACE FROM DISK
2359282.859	Test_Phase.SEQUENCE.Word	LOADING RESOURCE SURFACE FROM DISK
2367132.996	Test_Phase.SEQUENCE.Word	LOADING RESOURCE SURFACE FROM DISK
2374933.021	Test_Phase.SEQUENCE.Word	LOADING RESOURCE SURFACE FROM DISK
2383416.453	Test_Phase.SEQUENCE.Word	LOADING RESOURCE SURFACE FROM DISK
2391216.317	Test_Phase.SEQUENCE.Word	LOADING RESOURCE SURFACE FROM DISK
2399216.269	Test_Phase.SEQUENCE.Word	LOADING RESOURCE SURFACE FROM DISK
2407166.375	Test_Phase.SEQUENCE.Word	LOADING RESOURCE SURFACE FROM DISK
2415066.317	Test_Phase.SEQUENCE.Word	LOADING RESOURCE SURFACE FROM DISK
2422983.182	Test_Phase.SEQUENCE.Word	LOADING RESOURCE SURFACE FROM DISK
2431299.752	Test_Phase.SEQUENCE.Word	LOADING RESOURCE SURFACE FROM DISK
2440149.819	Test_Phase.SEQUENCE.Word	LOADING RESOURCE SURFACE FROM DISK
2447949.892	Test_Phase.SEQUENCE.Word	LOADING RESOURCE SURFACE FROM DISK
2455633.02	Test_Phase.SEQUENCE.Word	LOADING RESOURCE SURFACE FROM DISK
2463533.122	Test_Phase.SEQUENCE.Word	LOADING RESOURCE SURFACE FROM DISK
2471666.371	Test_Phase.SEQUENCE.Word	LOADING RESOURCE SURFACE FROM DISK
2479466.316	Test_Phase.SEQUENCE.Word	LOADING RESOURCE SURFACE FROM DISK
2487349.793	Test_Phase.SEQUENCE.Word	LOADING RESOURCE SURFACE FROM DISK
2495716.438	Test_Phase.SEQUENCE.Word	LOADING RESOURCE SURFACE FROM DISK
2503699.732	Test_Phase.SEQUENCE.Word	LOADING RESOURCE SURFACE FROM DISK
2512033.048	Test_Phase.SEQUENCE.Word	LOADING RESOURCE SURFACE FROM DISK
2519816.317	Test_Phase.SEQUENCE.Word	LOADING RESOURCE SURFACE FROM DISK
2528449.787	Test_Phase.SEQUENCE.Word	LOADING RESOURCE SURFACE FROM DISK
2536299.707	Test_Phase.SEQUENCE.Word	LOADING RESOURCE SURFACE FROM DISK
2544166.397	Test_Phase.SEQUENCE.Word	LOADING RESOURCE SURFACE FROM DISK
2551933.083	Test_Phase.SEQUENCE.Word	LOADING RESOURCE SURFACE FROM DISK
2559699.69	Test_Phase.SEQUENCE.Word	LOADING RESOURCE SURFACE FROM DISK
2567499.852	Test_Phase.SEQUENCE.Word	LOADING RESOURCE SURFACE FROM DISK
2575549.757	Test_Phase.SEQUENCE.Word	LOADING RESOURCE SURFACE FROM DISK
2583516.43	Test_Phase.SEQUENCE.Word	LOADING RESOURCE SURFACE FROM DISK
2591699.673	Test_Phase.SEQUENCE.Word	LOADING RESOURCE SURFACE FROM DISK
2599766.453	Test_Phase.SEQUENCE.Word	LOADING RESOURCE SURFACE FROM DISK
2606966.456	Test_Phase.SEQUENCE.Word	LOADING RESOURCE SURFACE FROM DISK
2615849.648	Test_Phase.SEQUENCE.Word	LOADING RESOURCE SURFACE FROM DISK
2624382.97	Test_Phase.SEQUENCE.Word	LOADING RESOURCE SURFACE FROM DISK
2633782.884	Test_Phase.SEQUENCE.Word	LOADING RESOURCE SURFACE FROM DISK
2641849.748	Test_Phase.SEQUENCE.Word	LOADING RESOURCE SURFACE FROM DISK
2650866.284	Test_Phase.SEQUENCE.Word	LOADING RESOURCE SURFACE FROM DISK
2659783.336	Test_Phase.SEQUENCE.Word	LOADING RESOURCE SURFACE FROM DISK
2668032.995	Test_Phase.SEQUENCE.Word	LOADING RESOURCE SURFACE FROM DISK
2676116.382	Test_Phase.SEQUENCE.Word	LOADING RESOURCE SURFACE FROM DISK
2683699.754	Test_Phase.SEQUENCE.Word	LOADING RESOURCE SURFACE FROM DISK
2691566.471	Test_Phase.SEQUENCE.Word	LOADING RESOURCE SURFACE FROM DISK
2699616.442	Test_Phase.SEQUENCE.Word	LOADING RESOURCE SURFACE FROM DISK
2707383.131	Test_Phase.SEQUENCE.Word	LOADING RESOURCE SURFACE FROM DISK
2715782.892	Test_Phase.SEQUENCE.Word	LOADING RESOURCE SURFACE FROM DISK
2723566.348	Test_Phase.SEQUENCE.Word	LOADING RESOURCE SURFACE FROM DISK
2731433.041	Test_Phase.SEQUENCE.Word	LOADING RESOURCE SURFACE FROM DISK
2740366.348	Test_Phase.SEQUENCE.Word	LOADING RESOURCE SURFACE FROM DISK
2748266.35	Test_Phase.SEQUENCE.Word	LOADING RESOURCE SURFACE FROM DISK
2756399.617	Test_Phase.SEQUENCE.Word	LOADING RESOURCE SURFACE FROM DISK
2764366.288	Test_Phase.SEQUENCE.Word	LOADING RESOURCE SURFACE FROM DISK
2772099.654	Test_Phase.SEQUENCE.Word	LOADING RESOURCE SURFACE FROM DISK
2779966.361	Test_Phase.SEQUENCE.Word	LOADING RESOURCE SURFACE FROM DISK
2787849.729	Test_Phase.SEQUENCE.Word	LOADING RESOURCE SURFACE FROM DISK
2795799.819	Test_Phase.SEQUENCE.Word	LOADING RESOURCE SURFACE FROM DISK
2803799.763	Test_Phase.SEQUENCE.Word	LOADING RESOURCE SURFACE FROM DISK
2811882.983	Test_Phase.SEQUENCE.Word	LOADING RESOURCE SURFACE FROM DISK
2821216.242	Test_Phase.SEQUENCE.Word	LOADING RESOURCE SURFACE FROM DISK
2829332.902	Test_Phase.SEQUENCE.Word	LOADING RESOURCE SURFACE FROM DISK
2837349.641	Test_Phase.SEQUENCE.Word	LOADING RESOURCE SURFACE FROM DISK
2845149.859	Test_Phase.SEQUENCE.Word	LOADING RESOURCE SURFACE FROM DISK
2853016.591	Test_Phase.SEQUENCE.Word	LOADING RESOURCE SURFACE FROM DISK
2860866.533	Test_Phase.SEQUENCE.Word	LOADING RESOURCE SURFACE FROM DISK
2868532.869	Test_Phase.SEQUENCE.Word	LOADING RESOURCE SURFACE FROM DISK
2876532.962	Test_Phase.SEQUENCE.Word	LOADING RESOURCE SURFACE FROM DISK
2884516.279	Test_Phase.SEQUENCE.Word	LOADING RESOURCE SURFACE FROM DISK
2892383.047	Test_Phase.SEQUENCE.Word	LOADING RESOURCE SURFACE FROM DISK
2900049.634	Test_Phase.SEQUENCE.Word	LOADING RESOURCE SURFACE FROM DISK
2907866.257	Test_Phase.SEQUENCE.Word	LOADING RESOURCE SURFACE FROM DISK
2915599.79	Test_Phase.SEQUENCE.Word	LOADING RESOURCE SURFACE FROM DISK
2923449.694	Test_Phase.SEQUENCE.Word	LOADING RESOURCE SURFACE FROM DISK
2931116.577	Test_Phase.SEQUENCE.Word	LOADING RESOURCE SURFACE FROM DISK
2938916.283	Test_Phase.SEQUENCE.Word	LOADING RESOURCE SURFACE FROM DISK
2946766.208	Test_Phase.SEQUENCE.Word	LOADING RESOURCE SURFACE FROM DISK
2954499.794	Test_Phase.SEQUENCE.Word	LOADING RESOURCE SURFACE FROM DISK
2963082.989	Test_Phase.SEQUENCE.Word	LOADING RESOURCE SURFACE FROM DISK
2971366.287	Test_Phase.SEQUENCE.Word	LOADING RESOURCE SURFACE FROM DISK
2979133.04	Test_Phase.SEQUENCE.Word	LOADING RESOURCE SURFACE FROM DISK
2987099.649	Test_Phase.SEQUENCE.Word	LOADING RESOURCE SURFACE FROM DISK
2995816.461	Test_Phase.SEQUENCE.Word	LOADING RESOURCE SURFACE FROM DISK
3004016.233	Test_Phase.SEQUENCE.Word	LOADING RESOURCE SURFACE FROM DISK
3011882.886	Test_Phase.SEQUENCE.Word	LOADING RESOURCE SURFACE FROM DISK
3020349.642	Test_Phase.SEQUENCE.Word	LOADING RESOURCE SURFACE FROM DISK
3028433.011	Test_Phase.SEQUENCE.Word	LOADING RESOURCE SURFACE FROM DISK
3036466.456	Test_Phase.SEQUENCE.Word	LOADING RESOURCE SURFACE FROM DISK
3044566.447	Test_Phase.SEQUENCE.Word	LOADING RESOURCE SURFACE FROM DISK
3052599.803	Test_Phase.SEQUENCE.Word	LOADING RESOURCE SURFACE FROM DISK
3060516.521	Test_Phase.SEQUENCE.Word	LOADING RESOURCE SURFACE FROM DISK
3069016.481	Test_Phase.SEQUENCE.Word	LOADING RESOURCE SURFACE FROM DISK
3077749.812	Test_Phase.SEQUENCE.Word	LOADING RESOURCE SURFACE FROM DISK
3085466.35	Test_Phase.SEQUENCE.Word	LOADING RESOURCE SURFACE FROM DISK
3093832.894	Test_Phase.SEQUENCE.Word	LOADING RESOURCE SURFACE FROM DISK
3101616.278	Test_Phase.SEQUENCE.Word	LOADING RESOURCE SURFACE FROM DISK
3110682.94	Test_Phase.SEQUENCE.Word	LOADING RESOURCE SURFACE FROM DISK
3118516.327	Test_Phase.SEQUENCE.Word	LOADING RESOURCE SURFACE FROM DISK
3126399.726	Test_Phase.SEQUENCE.Word	LOADING RESOURCE SURFACE FROM DISK
3134632.969	Test_Phase.SEQUENCE.Word	LOADING RESOURCE SURFACE FROM DISK
3142316.488	Test_Phase.SEQUENCE.Word	LOADING RESOURCE SURFACE FROM DISK
3150233.03	Test_Phase.SEQUENCE.Word	LOADING RESOURCE SURFACE FROM DISK
3158049.862	Test_Phase.SEQUENCE.Word	LOADING RESOURCE SURFACE FROM DISK
3165766.337	Test_Phase.SEQUENCE.Word	LOADING RESOURCE SURFACE FROM DISK
3174233.045	Test_Phase.SEQUENCE.Word	LOADING RESOURCE SURFACE FROM DISK
3181882.927	Test_Phase.SEQUENCE.Word	LOADING RESOURCE SURFACE FROM DISK
3189433.019	Test_Phase.SEQUENCE.Word	LOADING RESOURCE SURFACE FROM DISK
3197366.359	Test_Phase.SEQUENCE.Word	LOADING RESOURCE SURFACE FROM DISK
3205482.841	Test_Phase.SEQUENCE.Word	LOADING RESOURCE SURFACE FROM DISK
3213483.099	Test_Phase.SEQUENCE.Word	LOADING RESOURCE SURFACE FROM DISK
3221599.605	Test_Phase.SEQUENCE.Word	LOADING RESOURCE SURFACE FROM DISK
3229266.29	Test_Phase.SEQUENCE.Word	LOADING RESOURCE SURFACE FROM DISK
3236849.535	Test_Phase.SEQUENCE.Word	LOADING RESOURCE SURFACE FROM DISK
3245566.474	Test_Phase.SEQUENCE.Word	LOADING RESOURCE SURFACE FROM DISK
3253249.822	Test_Phase.SEQUENCE.Word	LOADING RESOURCE SURFACE FROM DISK
3261149.689	Test_Phase.SEQUENCE.Word	LOADING RESOURCE SURFACE FROM DISK
3269249.75	Test_Phase.SEQUENCE.Word	LOADING RESOURCE SURFACE FROM DISK
3276966.309	Test_Phase.SEQUENCE.Word	LOADING RESOURCE SURFACE FROM DISK
3284549.701	Test_Phase.SEQUENCE.Word	LOADING RESOURCE SURFACE FROM DISK
3292616.333	Test_Phase.SEQUENCE.Word	LOADING RESOURCE SURFACE FROM DISK
3308399.629	Test_Phase.SEQUENCE.Word	LOADING RESOURCE SURFACE FROM DISK
3316116.235	Test_Phase.SEQUENCE.Word	LOADING RESOURCE SURFACE FROM DISK
3324916.262	Test_Phase.SEQUENCE.Word	LOADING RESOURCE SURFACE FROM DISK
3332716.438	Test_Phase.SEQUENCE.Word	LOADING RESOURCE SURFACE FROM DISK
3340582.908	Test_Phase.SEQUENCE.Word	LOADING RESOURCE SURFACE FROM DISK
3348433.146	Test_Phase.SEQUENCE.Word	LOADING RESOURCE SURFACE FROM DISK
3356149.715	Test_Phase.SEQUENCE.Word	LOADING RESOURCE SURFACE FROM DISK
3364033.289	Test_Phase.SEQUENCE.Word	LOADING RESOURCE SURFACE FROM DISK
3371849.603	Test_Phase.SEQUENCE.Word	LOADING RESOURCE SURFACE FROM DISK
3379299.637	Test_Phase.SEQUENCE.Word	LOADING RESOURCE SURFACE FROM DISK
3387383.091	Test_Phase.SEQUENCE.Word	LOADING RESOURCE SURFACE FROM DISK
3395283.004	Test_Phase.SEQUENCE.Word	LOADING RESOURCE SURFACE FROM DISK
3402832.882	Test_Phase.SEQUENCE.Word	LOADING RESOURCE SURFACE FROM DISK
3410416.264	Test_Phase.SEQUENCE.Word	LOADING RESOURCE SURFACE FROM DISK
3418199.976	Test_Phase.SEQUENCE.Word	LOADING RESOURCE SURFACE FROM DISK
3425999.638	Test_Phase.SEQUENCE.Word	LOADING RESOURCE SURFACE FROM DISK
3435583.163	Test_Phase.SEQUENCE.Word	LOADING RESOURCE SURFACE FROM DISK
3443416.415	Test_Phase.SEQUENCE.Word	LOADING RESOURCE SURFACE FROM DISK
3451216.258	Test_Phase.SEQUENCE.Word	LOADING RESOURCE SURFACE FROM DISK
3458999.922	Test_Phase.SEQUENCE.Word	LOADING RESOURCE SURFACE FROM DISK
3466549.704	Test_Phase.SEQUENCE.Word	LOADING RESOURCE SURFACE FROM DISK
3474116.281	Test_Phase.SEQUENCE.Word	LOADING RESOURCE SURFACE FROM DISK
3481699.589	Test_Phase.SEQUENCE.Word	LOADING RESOURCE SURFACE FROM DISK
3489933.186	Test_Phase.SEQUENCE.Word	LOADING RESOURCE SURFACE FROM DISK
3497683.011	Test_Phase.SEQUENCE.Word	LOADING RESOURCE SURFACE FROM DISK
3505449.76	Test_Phase.SEQUENCE.Word	LOADING RESOURCE SURFACE FROM DISK
3513116.257	Test_Phase.SEQUENCE.Word	LOADING RESOURCE SURFACE FROM DISK
3520949.615	Test_Phase.SEQUENCE.Word	LOADING RESOURCE SURFACE FROM DISK
3528549.508	Test_Phase.SEQUENCE.Word	LOADING RESOURCE SURFACE FROM DISK
3536816.265	Test_Phase.SEQUENCE.Word	LOADING RESOURCE SURFACE FROM DISK
3545232.864	Test_Phase.SEQUENCE.Word	LOADING RESOURCE SURFACE FROM DISK
3553216.465	Test_Phase.SEQUENCE.Word	LOADING RESOURCE SURFACE FROM DISK
3560899.786	Test_Phase.SEQUENCE.Word	LOADING RESOURCE SURFACE FROM DISK
3565129.527	DISPLAY_SCREEN	LOADING RESOURCE SURFACE FROM DISK
