4666.415	DISPLAY_SCREEN[1]	LOADING RESOURCE SURFACE FROM DISK
337313.945	Familiarization_Phase.SEQUENCE.Cue_and_Instruction	LOADING RESOURCE SURFACE FROM DISK
337318.092	Familiarization_Phase.SEQUENCE.Cue_and_Instruction	LOADING RESOURCE SURFACE FROM DISK
343357.068	Familiarization_Phase.SEQUENCE.Cue_and_Instruction	LOADING RESOURCE SURFACE FROM DISK
343361.294	Familiarization_Phase.SEQUENCE.Cue_and_Instruction	LOADING RESOURCE SURFACE FROM DISK
349407.525	Familiarization_Phase.SEQUENCE.Cue_and_Instruction	LOADING RESOURCE SURFACE FROM DISK
349411.845	Familiarization_Phase.SEQUENCE.Cue_and_Instruction	LOADING RESOURCE SURFACE FROM DISK
391539.86	DISPLAY_SCREEN[3]	LOADING RESOURCE SURFACE FROM DISK
493227.761	DISPLAY_SCREEN[5]	LOADING RESOURCE SURFACE FROM DISK
579671.548	Practice_Phase.SEQUENCE.Blink_Screen	LOADING RESOURCE SURFACE FROM DISK
579672.534	Practice_Phase.SEQUENCE.Blink_Screen	flip time is later than desired time. Desired Time=579654 Flip Time=579687 Retrace Rate=16.641, prepareTime=42 flip request time 579672
580904.984	Practice_Phase.SEQUENCE.Luminance_Cue[1]	LOADING RESOURCE SURFACE FROM DISK
580918.529	Practice_Phase.SEQUENCE.Luminance_Cue[1]	LOADING RESOURCE SURFACE FROM DISK
580919.99	Practice_Phase.SEQUENCE.Luminance_Cue[1]	flip time is later than desired time. Desired Time=580887 Flip Time=580937 Retrace Rate=16.641, prepareTime=56 flip request time 580919
581432.629	Practice_Phase.SEQUENCE.Practice_Instruction	LOADING RESOURCE SURFACE FROM DISK
581435.074	Practice_Phase.SEQUENCE.Practice_Instruction	LOADING RESOURCE SURFACE FROM DISK
581436.653	Practice_Phase.SEQUENCE.Practice_Instruction	flip time is later than desired time. Desired Time=581437 Flip Time=581454 Retrace Rate=16.641, prepareTime=23 flip request time 581436
584970.844	Practice_Phase.SEQUENCE.Action_cue[1]	LOADING RESOURCE SURFACE FROM DISK
584972.901	Practice_Phase.SEQUENCE.Action_cue[1]	flip time is later than desired time. Desired Time=584954 Flip Time=584987 Retrace Rate=16.641, prepareTime=42 flip request time 584972
589535.466	Practice_Phase.SEQUENCE.Practice_Instruction	LOADING RESOURCE SURFACE FROM DISK
589582.208	Practice_Phase.SEQUENCE.Practice_Instruction	LOADING RESOURCE SURFACE FROM DISK
589583.671	Practice_Phase.SEQUENCE.Practice_Instruction	flip time is later than desired time. Desired Time=589554 Flip Time=589604 Retrace Rate=16.641, prepareTime=53 flip request time 589583
597652.225	Practice_Phase.SEQUENCE.Practice_Instruction	LOADING RESOURCE SURFACE FROM DISK
597654.954	Practice_Phase.SEQUENCE.Practice_Instruction	LOADING RESOURCE SURFACE FROM DISK
605718.793	Practice_Phase.SEQUENCE.Practice_Instruction	LOADING RESOURCE SURFACE FROM DISK
605721.346	Practice_Phase.SEQUENCE.Practice_Instruction	LOADING RESOURCE SURFACE FROM DISK
613785.079	Practice_Phase.SEQUENCE.Practice_Instruction	LOADING RESOURCE SURFACE FROM DISK
613825.968	Practice_Phase.SEQUENCE.Practice_Instruction	LOADING RESOURCE SURFACE FROM DISK
613827.432	Practice_Phase.SEQUENCE.Practice_Instruction	flip time is later than desired time. Desired Time=613804 Flip Time=613837 Retrace Rate=16.641, prepareTime=47 flip request time 613827
621885.427	Practice_Phase.SEQUENCE.Practice_Instruction	LOADING RESOURCE SURFACE FROM DISK
621888.134	Practice_Phase.SEQUENCE.Practice_Instruction	LOADING RESOURCE SURFACE FROM DISK
629951.998	Practice_Phase.SEQUENCE.Practice_Instruction	LOADING RESOURCE SURFACE FROM DISK
629954.414	Practice_Phase.SEQUENCE.Practice_Instruction	LOADING RESOURCE SURFACE FROM DISK
638018.52	Practice_Phase.SEQUENCE.Practice_Instruction	LOADING RESOURCE SURFACE FROM DISK
638020.798	Practice_Phase.SEQUENCE.Practice_Instruction	LOADING RESOURCE SURFACE FROM DISK
646085.227	Practice_Phase.SEQUENCE.Practice_Instruction	LOADING RESOURCE SURFACE FROM DISK
646087.606	Practice_Phase.SEQUENCE.Practice_Instruction	LOADING RESOURCE SURFACE FROM DISK
652257.791	DISPLAY_SCREEN[2]	LOADING RESOURCE SURFACE FROM DISK
873160.781	Study_Phase.SEQUENCE.Study_Instruction	LOADING RESOURCE SURFACE FROM DISK
873162.978	Study_Phase.SEQUENCE.Study_Instruction	LOADING RESOURCE SURFACE FROM DISK
881440.196	Study_Phase.SEQUENCE.Study_Instruction	LOADING RESOURCE SURFACE FROM DISK
889710.551	Study_Phase.SEQUENCE.Study_Instruction	LOADING RESOURCE SURFACE FROM DISK
889712.849	Study_Phase.SEQUENCE.Study_Instruction	LOADING RESOURCE SURFACE FROM DISK
897990.304	Study_Phase.SEQUENCE.Study_Instruction	LOADING RESOURCE SURFACE FROM DISK
906256.913	Study_Phase.SEQUENCE.Study_Instruction	LOADING RESOURCE SURFACE FROM DISK
914524.637	Study_Phase.SEQUENCE.Study_Instruction	LOADING RESOURCE SURFACE FROM DISK
922777.03	Study_Phase.SEQUENCE.Study_Instruction	LOADING RESOURCE SURFACE FROM DISK
922779.132	Study_Phase.SEQUENCE.Study_Instruction	LOADING RESOURCE SURFACE FROM DISK
931060.648	Study_Phase.SEQUENCE.Study_Instruction	LOADING RESOURCE SURFACE FROM DISK
931062.89	Study_Phase.SEQUENCE.Study_Instruction	LOADING RESOURCE SURFACE FROM DISK
939341.393	Study_Phase.SEQUENCE.Study_Instruction	LOADING RESOURCE SURFACE FROM DISK
947594.025	Study_Phase.SEQUENCE.Study_Instruction	LOADING RESOURCE SURFACE FROM DISK
947596.188	Study_Phase.SEQUENCE.Study_Instruction	LOADING RESOURCE SURFACE FROM DISK
955860.728	Study_Phase.SEQUENCE.Study_Instruction	LOADING RESOURCE SURFACE FROM DISK
955862.974	Study_Phase.SEQUENCE.Study_Instruction	LOADING RESOURCE SURFACE FROM DISK
964143.669	Study_Phase.SEQUENCE.Study_Instruction	LOADING RESOURCE SURFACE FROM DISK
964145.913	Study_Phase.SEQUENCE.Study_Instruction	LOADING RESOURCE SURFACE FROM DISK
972423.508	Study_Phase.SEQUENCE.Study_Instruction	LOADING RESOURCE SURFACE FROM DISK
980690.128	Study_Phase.SEQUENCE.Study_Instruction	LOADING RESOURCE SURFACE FROM DISK
988960.729	Study_Phase.SEQUENCE.Study_Instruction	LOADING RESOURCE SURFACE FROM DISK
988963.014	Study_Phase.SEQUENCE.Study_Instruction	LOADING RESOURCE SURFACE FROM DISK
997241.455	Study_Phase.SEQUENCE.Study_Instruction	LOADING RESOURCE SURFACE FROM DISK
1005510.733	Study_Phase.SEQUENCE.Study_Instruction	LOADING RESOURCE SURFACE FROM DISK
1005550.739	Study_Phase.SEQUENCE.Study_Instruction	LOADING RESOURCE SURFACE FROM DISK
1013827.203	Study_Phase.SEQUENCE.Study_Instruction	LOADING RESOURCE SURFACE FROM DISK
1013829.505	Study_Phase.SEQUENCE.Study_Instruction	LOADING RESOURCE SURFACE FROM DISK
1022091.365	Study_Phase.SEQUENCE.Study_Instruction	LOADING RESOURCE SURFACE FROM DISK
1030360.653	Study_Phase.SEQUENCE.Study_Instruction	LOADING RESOURCE SURFACE FROM DISK
1030362.783	Study_Phase.SEQUENCE.Study_Instruction	LOADING RESOURCE SURFACE FROM DISK
1038640.101	Study_Phase.SEQUENCE.Study_Instruction	LOADING RESOURCE SURFACE FROM DISK
1046906.999	Study_Phase.SEQUENCE.Study_Instruction	LOADING RESOURCE SURFACE FROM DISK
1055174.612	Study_Phase.SEQUENCE.Study_Instruction	LOADING RESOURCE SURFACE FROM DISK
1063440.311	Study_Phase.SEQUENCE.Study_Instruction	LOADING RESOURCE SURFACE FROM DISK
1071694.02	Study_Phase.SEQUENCE.Study_Instruction	LOADING RESOURCE SURFACE FROM DISK
1071696.148	Study_Phase.SEQUENCE.Study_Instruction	LOADING RESOURCE SURFACE FROM DISK
1080011.64	Study_Phase.SEQUENCE.Study_Instruction	LOADING RESOURCE SURFACE FROM DISK
1088293.78	Study_Phase.SEQUENCE.Study_Instruction	LOADING RESOURCE SURFACE FROM DISK
1088330.821	Study_Phase.SEQUENCE.Study_Instruction	LOADING RESOURCE SURFACE FROM DISK
1096610.615	Study_Phase.SEQUENCE.Study_Instruction	LOADING RESOURCE SURFACE FROM DISK
1096612.895	Study_Phase.SEQUENCE.Study_Instruction	LOADING RESOURCE SURFACE FROM DISK
1104874.624	Study_Phase.SEQUENCE.Study_Instruction	LOADING RESOURCE SURFACE FROM DISK
1113143.92	Study_Phase.SEQUENCE.Study_Instruction	LOADING RESOURCE SURFACE FROM DISK
1113146.054	Study_Phase.SEQUENCE.Study_Instruction	LOADING RESOURCE SURFACE FROM DISK
1121423.514	Study_Phase.SEQUENCE.Study_Instruction	LOADING RESOURCE SURFACE FROM DISK
1129694.042	Study_Phase.SEQUENCE.Study_Instruction	LOADING RESOURCE SURFACE FROM DISK
1129696.374	Study_Phase.SEQUENCE.Study_Instruction	LOADING RESOURCE SURFACE FROM DISK
1137960.596	Study_Phase.SEQUENCE.Study_Instruction	LOADING RESOURCE SURFACE FROM DISK
1137962.895	Study_Phase.SEQUENCE.Study_Instruction	LOADING RESOURCE SURFACE FROM DISK
1146240.089	Study_Phase.SEQUENCE.Study_Instruction	LOADING RESOURCE SURFACE FROM DISK
1154491.229	Study_Phase.SEQUENCE.Study_Instruction	LOADING RESOURCE SURFACE FROM DISK
1162760.789	Study_Phase.SEQUENCE.Study_Instruction	LOADING RESOURCE SURFACE FROM DISK
1162762.952	Study_Phase.SEQUENCE.Study_Instruction	LOADING RESOURCE SURFACE FROM DISK
1171041.262	Study_Phase.SEQUENCE.Study_Instruction	LOADING RESOURCE SURFACE FROM DISK
1179310.593	Study_Phase.SEQUENCE.Study_Instruction	LOADING RESOURCE SURFACE FROM DISK
1179312.729	Study_Phase.SEQUENCE.Study_Instruction	LOADING RESOURCE SURFACE FROM DISK
1187593.888	Study_Phase.SEQUENCE.Study_Instruction	LOADING RESOURCE SURFACE FROM DISK
1187596.14	Study_Phase.SEQUENCE.Study_Instruction	LOADING RESOURCE SURFACE FROM DISK
1195877.228	Study_Phase.SEQUENCE.Study_Instruction	LOADING RESOURCE SURFACE FROM DISK
1195879.563	Study_Phase.SEQUENCE.Study_Instruction	LOADING RESOURCE SURFACE FROM DISK
1204154.967	Study_Phase.SEQUENCE.Study_Instruction	LOADING RESOURCE SURFACE FROM DISK
1212427.301	Study_Phase.SEQUENCE.Study_Instruction	LOADING RESOURCE SURFACE FROM DISK
1212429.439	Study_Phase.SEQUENCE.Study_Instruction	LOADING RESOURCE SURFACE FROM DISK
1220710.445	Study_Phase.SEQUENCE.Study_Instruction	LOADING RESOURCE SURFACE FROM DISK
1220755.268	Study_Phase.SEQUENCE.Study_Instruction	LOADING RESOURCE SURFACE FROM DISK
1229024.672	Study_Phase.SEQUENCE.Study_Instruction	LOADING RESOURCE SURFACE FROM DISK
1237290.221	Study_Phase.SEQUENCE.Study_Instruction	LOADING RESOURCE SURFACE FROM DISK
1245560.703	Study_Phase.SEQUENCE.Study_Instruction	LOADING RESOURCE SURFACE FROM DISK
1245562.917	Study_Phase.SEQUENCE.Study_Instruction	LOADING RESOURCE SURFACE FROM DISK
1253844.014	Study_Phase.SEQUENCE.Study_Instruction	LOADING RESOURCE SURFACE FROM DISK
1253846.335	Study_Phase.SEQUENCE.Study_Instruction	LOADING RESOURCE SURFACE FROM DISK
1262093.795	Study_Phase.SEQUENCE.Study_Instruction	LOADING RESOURCE SURFACE FROM DISK
1262096.023	Study_Phase.SEQUENCE.Study_Instruction	LOADING RESOURCE SURFACE FROM DISK
1270414.785	Study_Phase.SEQUENCE.Study_Instruction	LOADING RESOURCE SURFACE FROM DISK
1278690.101	Study_Phase.SEQUENCE.Study_Instruction	LOADING RESOURCE SURFACE FROM DISK
1286960.547	Study_Phase.SEQUENCE.Study_Instruction	LOADING RESOURCE SURFACE FROM DISK
1286962.859	Study_Phase.SEQUENCE.Study_Instruction	LOADING RESOURCE SURFACE FROM DISK
1295280.635	Study_Phase.SEQUENCE.Study_Instruction	LOADING RESOURCE SURFACE FROM DISK
1303560.629	Study_Phase.SEQUENCE.Study_Instruction	LOADING RESOURCE SURFACE FROM DISK
1303562.739	Study_Phase.SEQUENCE.Study_Instruction	LOADING RESOURCE SURFACE FROM DISK
1311843.83	Study_Phase.SEQUENCE.Study_Instruction	LOADING RESOURCE SURFACE FROM DISK
1311879.619	Study_Phase.SEQUENCE.Study_Instruction	LOADING RESOURCE SURFACE FROM DISK
1320157.946	Study_Phase.SEQUENCE.Study_Instruction	LOADING RESOURCE SURFACE FROM DISK
1328427.142	Study_Phase.SEQUENCE.Study_Instruction	LOADING RESOURCE SURFACE FROM DISK
1328429.25	Study_Phase.SEQUENCE.Study_Instruction	LOADING RESOURCE SURFACE FROM DISK
1336710.583	Study_Phase.SEQUENCE.Study_Instruction	LOADING RESOURCE SURFACE FROM DISK
1336712.994	Study_Phase.SEQUENCE.Study_Instruction	LOADING RESOURCE SURFACE FROM DISK
1344990.317	Study_Phase.SEQUENCE.Study_Instruction	LOADING RESOURCE SURFACE FROM DISK
1353260.689	Study_Phase.SEQUENCE.Study_Instruction	LOADING RESOURCE SURFACE FROM DISK
1353263.016	Study_Phase.SEQUENCE.Study_Instruction	LOADING RESOURCE SURFACE FROM DISK
1361540.132	Study_Phase.SEQUENCE.Study_Instruction	LOADING RESOURCE SURFACE FROM DISK
1369807.872	Study_Phase.SEQUENCE.Study_Instruction	LOADING RESOURCE SURFACE FROM DISK
1378073.399	Study_Phase.SEQUENCE.Study_Instruction	LOADING RESOURCE SURFACE FROM DISK
1386344.093	Study_Phase.SEQUENCE.Study_Instruction	LOADING RESOURCE SURFACE FROM DISK
1386346.29	Study_Phase.SEQUENCE.Study_Instruction	LOADING RESOURCE SURFACE FROM DISK
1394624.718	Study_Phase.SEQUENCE.Study_Instruction	LOADING RESOURCE SURFACE FROM DISK
1402893.891	Study_Phase.SEQUENCE.Study_Instruction	LOADING RESOURCE SURFACE FROM DISK
1402896.031	Study_Phase.SEQUENCE.Study_Instruction	LOADING RESOURCE SURFACE FROM DISK
1411174.705	Study_Phase.SEQUENCE.Study_Instruction	LOADING RESOURCE SURFACE FROM DISK
1419440.08	Study_Phase.SEQUENCE.Study_Instruction	LOADING RESOURCE SURFACE FROM DISK
1427706.817	Study_Phase.SEQUENCE.Study_Instruction	LOADING RESOURCE SURFACE FROM DISK
1435977.443	Study_Phase.SEQUENCE.Study_Instruction	LOADING RESOURCE SURFACE FROM DISK
1435979.593	Study_Phase.SEQUENCE.Study_Instruction	LOADING RESOURCE SURFACE FROM DISK
1444256.876	Study_Phase.SEQUENCE.Study_Instruction	LOADING RESOURCE SURFACE FROM DISK
1452524.532	Study_Phase.SEQUENCE.Study_Instruction	LOADING RESOURCE SURFACE FROM DISK
1460828.195	Study_Phase.SEQUENCE.Study_Instruction	LOADING RESOURCE SURFACE FROM DISK
1469073.507	Study_Phase.SEQUENCE.Study_Instruction	LOADING RESOURCE SURFACE FROM DISK
1477343.97	Study_Phase.SEQUENCE.Study_Instruction	LOADING RESOURCE SURFACE FROM DISK
1477346.123	Study_Phase.SEQUENCE.Study_Instruction	LOADING RESOURCE SURFACE FROM DISK
1485627.141	Study_Phase.SEQUENCE.Study_Instruction	LOADING RESOURCE SURFACE FROM DISK
1485629.481	Study_Phase.SEQUENCE.Study_Instruction	LOADING RESOURCE SURFACE FROM DISK
1493910.657	Study_Phase.SEQUENCE.Study_Instruction	LOADING RESOURCE SURFACE FROM DISK
1493912.941	Study_Phase.SEQUENCE.Study_Instruction	LOADING RESOURCE SURFACE FROM DISK
1502191.282	Study_Phase.SEQUENCE.Study_Instruction	LOADING RESOURCE SURFACE FROM DISK
1510460.443	Study_Phase.SEQUENCE.Study_Instruction	LOADING RESOURCE SURFACE FROM DISK
1510462.667	Study_Phase.SEQUENCE.Study_Instruction	LOADING RESOURCE SURFACE FROM DISK
1518744.049	Study_Phase.SEQUENCE.Study_Instruction	LOADING RESOURCE SURFACE FROM DISK
1518746.359	Study_Phase.SEQUENCE.Study_Instruction	LOADING RESOURCE SURFACE FROM DISK
1527027.368	Study_Phase.SEQUENCE.Study_Instruction	LOADING RESOURCE SURFACE FROM DISK
1527029.657	Study_Phase.SEQUENCE.Study_Instruction	LOADING RESOURCE SURFACE FROM DISK
1535310.368	Study_Phase.SEQUENCE.Study_Instruction	LOADING RESOURCE SURFACE FROM DISK
1535354.967	Study_Phase.SEQUENCE.Study_Instruction	LOADING RESOURCE SURFACE FROM DISK
1543627.276	Study_Phase.SEQUENCE.Study_Instruction	LOADING RESOURCE SURFACE FROM DISK
1543629.551	Study_Phase.SEQUENCE.Study_Instruction	LOADING RESOURCE SURFACE FROM DISK
1551910.78	Study_Phase.SEQUENCE.Study_Instruction	LOADING RESOURCE SURFACE FROM DISK
1551913.265	Study_Phase.SEQUENCE.Study_Instruction	LOADING RESOURCE SURFACE FROM DISK
1560191.572	Study_Phase.SEQUENCE.Study_Instruction	LOADING RESOURCE SURFACE FROM DISK
1568456.89	Study_Phase.SEQUENCE.Study_Instruction	LOADING RESOURCE SURFACE FROM DISK
1576723.682	Study_Phase.SEQUENCE.Study_Instruction	LOADING RESOURCE SURFACE FROM DISK
1584977.113	Study_Phase.SEQUENCE.Study_Instruction	LOADING RESOURCE SURFACE FROM DISK
1584979.341	Study_Phase.SEQUENCE.Study_Instruction	LOADING RESOURCE SURFACE FROM DISK
1593294.415	Study_Phase.SEQUENCE.Study_Instruction	LOADING RESOURCE SURFACE FROM DISK
1601540.104	Study_Phase.SEQUENCE.Study_Instruction	LOADING RESOURCE SURFACE FROM DISK
1609806.821	Study_Phase.SEQUENCE.Study_Instruction	LOADING RESOURCE SURFACE FROM DISK
1618077.381	Study_Phase.SEQUENCE.Study_Instruction	LOADING RESOURCE SURFACE FROM DISK
1618079.704	Study_Phase.SEQUENCE.Study_Instruction	LOADING RESOURCE SURFACE FROM DISK
1626358.097	Study_Phase.SEQUENCE.Study_Instruction	LOADING RESOURCE SURFACE FROM DISK
1634627.382	Study_Phase.SEQUENCE.Study_Instruction	LOADING RESOURCE SURFACE FROM DISK
1634629.5	Study_Phase.SEQUENCE.Study_Instruction	LOADING RESOURCE SURFACE FROM DISK
1642907.98	Study_Phase.SEQUENCE.Study_Instruction	LOADING RESOURCE SURFACE FROM DISK
1651173.558	Study_Phase.SEQUENCE.Study_Instruction	LOADING RESOURCE SURFACE FROM DISK
1659443.959	Study_Phase.SEQUENCE.Study_Instruction	LOADING RESOURCE SURFACE FROM DISK
1659446.078	Study_Phase.SEQUENCE.Study_Instruction	LOADING RESOURCE SURFACE FROM DISK
1667727.013	Study_Phase.SEQUENCE.Study_Instruction	LOADING RESOURCE SURFACE FROM DISK
1667729.271	Study_Phase.SEQUENCE.Study_Instruction	LOADING RESOURCE SURFACE FROM DISK
1676024.763	Study_Phase.SEQUENCE.Study_Instruction	LOADING RESOURCE SURFACE FROM DISK
1684293.794	Study_Phase.SEQUENCE.Study_Instruction	LOADING RESOURCE SURFACE FROM DISK
1684338.508	Study_Phase.SEQUENCE.Study_Instruction	LOADING RESOURCE SURFACE FROM DISK
1692606.952	Study_Phase.SEQUENCE.Study_Instruction	LOADING RESOURCE SURFACE FROM DISK
1700874.652	Study_Phase.SEQUENCE.Study_Instruction	LOADING RESOURCE SURFACE FROM DISK
1709127.236	Study_Phase.SEQUENCE.Study_Instruction	LOADING RESOURCE SURFACE FROM DISK
1709129.429	Study_Phase.SEQUENCE.Study_Instruction	LOADING RESOURCE SURFACE FROM DISK
1717410.646	Study_Phase.SEQUENCE.Study_Instruction	LOADING RESOURCE SURFACE FROM DISK
1717412.932	Study_Phase.SEQUENCE.Study_Instruction	LOADING RESOURCE SURFACE FROM DISK
1725690.263	Study_Phase.SEQUENCE.Study_Instruction	LOADING RESOURCE SURFACE FROM DISK
1733958.051	Study_Phase.SEQUENCE.Study_Instruction	LOADING RESOURCE SURFACE FROM DISK
1742227.294	Study_Phase.SEQUENCE.Study_Instruction	LOADING RESOURCE SURFACE FROM DISK
1742229.451	Study_Phase.SEQUENCE.Study_Instruction	LOADING RESOURCE SURFACE FROM DISK
1750506.784	Study_Phase.SEQUENCE.Study_Instruction	LOADING RESOURCE SURFACE FROM DISK
1758809.644	Study_Phase.SEQUENCE.Study_Instruction	LOADING RESOURCE SURFACE FROM DISK
1767077.25	Study_Phase.SEQUENCE.Study_Instruction	LOADING RESOURCE SURFACE FROM DISK
1767115.055	Study_Phase.SEQUENCE.Study_Instruction	LOADING RESOURCE SURFACE FROM DISK
1775390.297	Study_Phase.SEQUENCE.Study_Instruction	LOADING RESOURCE SURFACE FROM DISK
1783656.922	Study_Phase.SEQUENCE.Study_Instruction	LOADING RESOURCE SURFACE FROM DISK
1791927.127	Study_Phase.SEQUENCE.Study_Instruction	LOADING RESOURCE SURFACE FROM DISK
1791929.367	Study_Phase.SEQUENCE.Study_Instruction	LOADING RESOURCE SURFACE FROM DISK
1800210.693	Study_Phase.SEQUENCE.Study_Instruction	LOADING RESOURCE SURFACE FROM DISK
1800213.032	Study_Phase.SEQUENCE.Study_Instruction	LOADING RESOURCE SURFACE FROM DISK
1808491.418	Study_Phase.SEQUENCE.Study_Instruction	LOADING RESOURCE SURFACE FROM DISK
1816760.654	Study_Phase.SEQUENCE.Study_Instruction	LOADING RESOURCE SURFACE FROM DISK
1816762.799	Study_Phase.SEQUENCE.Study_Instruction	LOADING RESOURCE SURFACE FROM DISK
1825041.224	Study_Phase.SEQUENCE.Study_Instruction	LOADING RESOURCE SURFACE FROM DISK
1833310.647	Study_Phase.SEQUENCE.Study_Instruction	LOADING RESOURCE SURFACE FROM DISK
1833312.787	Study_Phase.SEQUENCE.Study_Instruction	LOADING RESOURCE SURFACE FROM DISK
1841593.864	Study_Phase.SEQUENCE.Study_Instruction	LOADING RESOURCE SURFACE FROM DISK
1841596.105	Study_Phase.SEQUENCE.Study_Instruction	LOADING RESOURCE SURFACE FROM DISK
1849873.49	Study_Phase.SEQUENCE.Study_Instruction	LOADING RESOURCE SURFACE FROM DISK
1858141.441	Study_Phase.SEQUENCE.Study_Instruction	LOADING RESOURCE SURFACE FROM DISK
1864363.692	DISPLAY_SCREEN[7]	LOADING RESOURCE SURFACE FROM DISK
2050056.623	Test_Phase.SEQUENCE.Target_Cue	LOADING RESOURCE SURFACE FROM DISK
2050058.264	Test_Phase.SEQUENCE.Target_Cue	LOADING RESOURCE SURFACE FROM DISK
2052073.804	Test_Phase.SEQUENCE.Word	LOADING RESOURCE SURFACE FROM DISK
2055089.776	Test_Phase.SEQUENCE.Test_Question	LOADING RESOURCE SURFACE FROM DISK
2055091.636	Test_Phase.SEQUENCE.Test_Question	LOADING RESOURCE SURFACE FROM DISK
2055093.273	Test_Phase.SEQUENCE.Test_Question	LOADING RESOURCE SURFACE FROM DISK
2055094.885	Test_Phase.SEQUENCE.Test_Question	LOADING RESOURCE SURFACE FROM DISK
2055096.522	Test_Phase.SEQUENCE.Test_Question	LOADING RESOURCE SURFACE FROM DISK
2055098.209	Test_Phase.SEQUENCE.Test_Question	LOADING RESOURCE SURFACE FROM DISK
2055099.837	Test_Phase.SEQUENCE.Test_Question	LOADING RESOURCE SURFACE FROM DISK
2055101.58	Test_Phase.SEQUENCE.Test_Question	LOADING RESOURCE SURFACE FROM DISK
2055103.121	Test_Phase.SEQUENCE.Test_Question	LOADING RESOURCE SURFACE FROM DISK
2055104.712	Test_Phase.SEQUENCE.Test_Question	LOADING RESOURCE SURFACE FROM DISK
2055106.268	Test_Phase.SEQUENCE.Test_Question	LOADING RESOURCE SURFACE FROM DISK
2055107.843	Test_Phase.SEQUENCE.Test_Question	LOADING RESOURCE SURFACE FROM DISK
2074423.683	Test_Phase.SEQUENCE.Word	LOADING RESOURCE SURFACE FROM DISK
2082357.063	Test_Phase.SEQUENCE.Word	LOADING RESOURCE SURFACE FROM DISK
2090073.585	Test_Phase.SEQUENCE.Word	LOADING RESOURCE SURFACE FROM DISK
2097740.244	Test_Phase.SEQUENCE.Word	LOADING RESOURCE SURFACE FROM DISK
2105623.678	Test_Phase.SEQUENCE.Word	LOADING RESOURCE SURFACE FROM DISK
2113056.908	Test_Phase.SEQUENCE.Word	LOADING RESOURCE SURFACE FROM DISK
2120626.278	Test_Phase.SEQUENCE.Word	LOADING RESOURCE SURFACE FROM DISK
2128206.908	Test_Phase.SEQUENCE.Word	LOADING RESOURCE SURFACE FROM DISK
2135473.936	Test_Phase.SEQUENCE.Word	LOADING RESOURCE SURFACE FROM DISK
2142906.984	Test_Phase.SEQUENCE.Word	LOADING RESOURCE SURFACE FROM DISK
2150791.657	Test_Phase.SEQUENCE.Word	LOADING RESOURCE SURFACE FROM DISK
2158326.264	Test_Phase.SEQUENCE.Word	LOADING RESOURCE SURFACE FROM DISK
2165757.091	Test_Phase.SEQUENCE.Word	LOADING RESOURCE SURFACE FROM DISK
2173090.249	Test_Phase.SEQUENCE.Word	LOADING RESOURCE SURFACE FROM DISK
2180607.135	Test_Phase.SEQUENCE.Word	LOADING RESOURCE SURFACE FROM DISK
2188040.466	Test_Phase.SEQUENCE.Word	LOADING RESOURCE SURFACE FROM DISK
2195373.593	Test_Phase.SEQUENCE.Word	LOADING RESOURCE SURFACE FROM DISK
2202623.701	Test_Phase.SEQUENCE.Word	LOADING RESOURCE SURFACE FROM DISK
2211090.308	Test_Phase.SEQUENCE.Word	LOADING RESOURCE SURFACE FROM DISK
2218423.595	Test_Phase.SEQUENCE.Word	LOADING RESOURCE SURFACE FROM DISK
2225943.387	Test_Phase.SEQUENCE.Word	LOADING RESOURCE SURFACE FROM DISK
2233257.266	Test_Phase.SEQUENCE.Word	LOADING RESOURCE SURFACE FROM DISK
2240557.151	Test_Phase.SEQUENCE.Word	LOADING RESOURCE SURFACE FROM DISK
2247923.704	Test_Phase.SEQUENCE.Word	LOADING RESOURCE SURFACE FROM DISK
2255207.105	Test_Phase.SEQUENCE.Word	LOADING RESOURCE SURFACE FROM DISK
2262540.295	Test_Phase.SEQUENCE.Word	LOADING RESOURCE SURFACE FROM DISK
2269790.41	Test_Phase.SEQUENCE.Word	LOADING RESOURCE SURFACE FROM DISK
2276940.368	Test_Phase.SEQUENCE.Word	LOADING RESOURCE SURFACE FROM DISK
2284273.641	Test_Phase.SEQUENCE.Word	LOADING RESOURCE SURFACE FROM DISK
2291523.618	Test_Phase.SEQUENCE.Word	LOADING RESOURCE SURFACE FROM DISK
2298823.776	Test_Phase.SEQUENCE.Word	LOADING RESOURCE SURFACE FROM DISK
2305990.336	Test_Phase.SEQUENCE.Word	LOADING RESOURCE SURFACE FROM DISK
2313356.899	Test_Phase.SEQUENCE.Word	LOADING RESOURCE SURFACE FROM DISK
2321756.892	Test_Phase.SEQUENCE.Word	LOADING RESOURCE SURFACE FROM DISK
2329073.6	Test_Phase.SEQUENCE.Word	LOADING RESOURCE SURFACE FROM DISK
2345240.284	Test_Phase.SEQUENCE.Word	LOADING RESOURCE SURFACE FROM DISK
2352173.7	Test_Phase.SEQUENCE.Word	LOADING RESOURCE SURFACE FROM DISK
2360790.229	Test_Phase.SEQUENCE.Word	LOADING RESOURCE SURFACE FROM DISK
2367956.855	Test_Phase.SEQUENCE.Word	LOADING RESOURCE SURFACE FROM DISK
2375190.253	Test_Phase.SEQUENCE.Word	LOADING RESOURCE SURFACE FROM DISK
2382373.582	Test_Phase.SEQUENCE.Word	LOADING RESOURCE SURFACE FROM DISK
2389807.108	Test_Phase.SEQUENCE.Word	LOADING RESOURCE SURFACE FROM DISK
2399323.765	Test_Phase.SEQUENCE.Word	LOADING RESOURCE SURFACE FROM DISK
2415856.936	Test_Phase.SEQUENCE.Word	LOADING RESOURCE SURFACE FROM DISK
2423406.959	Test_Phase.SEQUENCE.Word	LOADING RESOURCE SURFACE FROM DISK
2431291.606	Test_Phase.SEQUENCE.Word	LOADING RESOURCE SURFACE FROM DISK
2438857.06	Test_Phase.SEQUENCE.Word	LOADING RESOURCE SURFACE FROM DISK
2448006.927	Test_Phase.SEQUENCE.Word	LOADING RESOURCE SURFACE FROM DISK
2455206.887	Test_Phase.SEQUENCE.Word	LOADING RESOURCE SURFACE FROM DISK
2462690.199	Test_Phase.SEQUENCE.Word	LOADING RESOURCE SURFACE FROM DISK
2470456.91	Test_Phase.SEQUENCE.Word	LOADING RESOURCE SURFACE FROM DISK
2477806.88	Test_Phase.SEQUENCE.Word	LOADING RESOURCE SURFACE FROM DISK
2493240.223	Test_Phase.SEQUENCE.Word	LOADING RESOURCE SURFACE FROM DISK
2500990.397	Test_Phase.SEQUENCE.Word	LOADING RESOURCE SURFACE FROM DISK
2508357.751	Test_Phase.SEQUENCE.Word	LOADING RESOURCE SURFACE FROM DISK
2516706.937	Test_Phase.SEQUENCE.Word	LOADING RESOURCE SURFACE FROM DISK
2524123.645	Test_Phase.SEQUENCE.Word	LOADING RESOURCE SURFACE FROM DISK
2531706.973	Test_Phase.SEQUENCE.Word	LOADING RESOURCE SURFACE FROM DISK
2539273.718	Test_Phase.SEQUENCE.Word	LOADING RESOURCE SURFACE FROM DISK
2546823.777	Test_Phase.SEQUENCE.Word	LOADING RESOURCE SURFACE FROM DISK
2554123.519	Test_Phase.SEQUENCE.Word	LOADING RESOURCE SURFACE FROM DISK
2561690.426	Test_Phase.SEQUENCE.Word	LOADING RESOURCE SURFACE FROM DISK
2569240.212	Test_Phase.SEQUENCE.Word	LOADING RESOURCE SURFACE FROM DISK
2576856.856	Test_Phase.SEQUENCE.Word	LOADING RESOURCE SURFACE FROM DISK
2584040.518	Test_Phase.SEQUENCE.Word	LOADING RESOURCE SURFACE FROM DISK
2591390.414	Test_Phase.SEQUENCE.Word	LOADING RESOURCE SURFACE FROM DISK
2598606.776	Test_Phase.SEQUENCE.Word	LOADING RESOURCE SURFACE FROM DISK
2606040.258	Test_Phase.SEQUENCE.Word	LOADING RESOURCE SURFACE FROM DISK
2613406.981	Test_Phase.SEQUENCE.Word	LOADING RESOURCE SURFACE FROM DISK
2620740.189	Test_Phase.SEQUENCE.Word	LOADING RESOURCE SURFACE FROM DISK
2628240.385	Test_Phase.SEQUENCE.Word	LOADING RESOURCE SURFACE FROM DISK
2635690.305	Test_Phase.SEQUENCE.Word	LOADING RESOURCE SURFACE FROM DISK
2643306.869	Test_Phase.SEQUENCE.Word	LOADING RESOURCE SURFACE FROM DISK
2651140.154	Test_Phase.SEQUENCE.Word	LOADING RESOURCE SURFACE FROM DISK
2659406.917	Test_Phase.SEQUENCE.Word	LOADING RESOURCE SURFACE FROM DISK
2666756.937	Test_Phase.SEQUENCE.Word	LOADING RESOURCE SURFACE FROM DISK
2673987.082	Test_Phase.SEQUENCE.Word	LOADING RESOURCE SURFACE FROM DISK
2681340.221	Test_Phase.SEQUENCE.Word	LOADING RESOURCE SURFACE FROM DISK
2688540.404	Test_Phase.SEQUENCE.Word	LOADING RESOURCE SURFACE FROM DISK
2695890.244	Test_Phase.SEQUENCE.Word	LOADING RESOURCE SURFACE FROM DISK
2703056.996	Test_Phase.SEQUENCE.Word	LOADING RESOURCE SURFACE FROM DISK
2710423.548	Test_Phase.SEQUENCE.Word	LOADING RESOURCE SURFACE FROM DISK
2717773.559	Test_Phase.SEQUENCE.Word	LOADING RESOURCE SURFACE FROM DISK
2725406.961	Test_Phase.SEQUENCE.Word	LOADING RESOURCE SURFACE FROM DISK
2732607.085	Test_Phase.SEQUENCE.Word	LOADING RESOURCE SURFACE FROM DISK
2740307.153	Test_Phase.SEQUENCE.Word	LOADING RESOURCE SURFACE FROM DISK
2747573.576	Test_Phase.SEQUENCE.Word	LOADING RESOURCE SURFACE FROM DISK
2755607.005	Test_Phase.SEQUENCE.Word	LOADING RESOURCE SURFACE FROM DISK
2762790.493	Test_Phase.SEQUENCE.Word	LOADING RESOURCE SURFACE FROM DISK
2770040.155	Test_Phase.SEQUENCE.Word	LOADING RESOURCE SURFACE FROM DISK
2777306.974	Test_Phase.SEQUENCE.Word	LOADING RESOURCE SURFACE FROM DISK
2785057.098	Test_Phase.SEQUENCE.Word	LOADING RESOURCE SURFACE FROM DISK
2792550.079	Test_Phase.SEQUENCE.Word	LOADING RESOURCE SURFACE FROM DISK
2799690.361	Test_Phase.SEQUENCE.Word	LOADING RESOURCE SURFACE FROM DISK
2806840.342	Test_Phase.SEQUENCE.Word	LOADING RESOURCE SURFACE FROM DISK
2815007.106	Test_Phase.SEQUENCE.Word	LOADING RESOURCE SURFACE FROM DISK
2822427.242	Test_Phase.SEQUENCE.Word	LOADING RESOURCE SURFACE FROM DISK
2829823.897	Test_Phase.SEQUENCE.Word	LOADING RESOURCE SURFACE FROM DISK
2837006.876	Test_Phase.SEQUENCE.Word	LOADING RESOURCE SURFACE FROM DISK
2844466.024	Test_Phase.SEQUENCE.Word	LOADING RESOURCE SURFACE FROM DISK
2852640.185	Test_Phase.SEQUENCE.Word	LOADING RESOURCE SURFACE FROM DISK
2859873.618	Test_Phase.SEQUENCE.Word	LOADING RESOURCE SURFACE FROM DISK
2867123.756	Test_Phase.SEQUENCE.Word	LOADING RESOURCE SURFACE FROM DISK
2874373.618	Test_Phase.SEQUENCE.Word	LOADING RESOURCE SURFACE FROM DISK
2881792.091	Test_Phase.SEQUENCE.Word	LOADING RESOURCE SURFACE FROM DISK
2889907.03	Test_Phase.SEQUENCE.Word	LOADING RESOURCE SURFACE FROM DISK
2898090.339	Test_Phase.SEQUENCE.Word	LOADING RESOURCE SURFACE FROM DISK
2905206.982	Test_Phase.SEQUENCE.Word	LOADING RESOURCE SURFACE FROM DISK
2912690.422	Test_Phase.SEQUENCE.Word	LOADING RESOURCE SURFACE FROM DISK
2920006.904	Test_Phase.SEQUENCE.Word	LOADING RESOURCE SURFACE FROM DISK
2927540.377	Test_Phase.SEQUENCE.Word	LOADING RESOURCE SURFACE FROM DISK
2934773.684	Test_Phase.SEQUENCE.Word	LOADING RESOURCE SURFACE FROM DISK
2942323.743	Test_Phase.SEQUENCE.Word	LOADING RESOURCE SURFACE FROM DISK
2949723.775	Test_Phase.SEQUENCE.Word	LOADING RESOURCE SURFACE FROM DISK
2957040.367	Test_Phase.SEQUENCE.Word	LOADING RESOURCE SURFACE FROM DISK
2964623.589	Test_Phase.SEQUENCE.Word	LOADING RESOURCE SURFACE FROM DISK
2971856.926	Test_Phase.SEQUENCE.Word	LOADING RESOURCE SURFACE FROM DISK
2979673.663	Test_Phase.SEQUENCE.Word	LOADING RESOURCE SURFACE FROM DISK
2986923.6	Test_Phase.SEQUENCE.Word	LOADING RESOURCE SURFACE FROM DISK
2994390.19	Test_Phase.SEQUENCE.Word	LOADING RESOURCE SURFACE FROM DISK
3001673.889	Test_Phase.SEQUENCE.Word	LOADING RESOURCE SURFACE FROM DISK
3009173.614	Test_Phase.SEQUENCE.Word	LOADING RESOURCE SURFACE FROM DISK
3016390.356	Test_Phase.SEQUENCE.Word	LOADING RESOURCE SURFACE FROM DISK
3023606.898	Test_Phase.SEQUENCE.Word	LOADING RESOURCE SURFACE FROM DISK
3031173.645	Test_Phase.SEQUENCE.Word	LOADING RESOURCE SURFACE FROM DISK
3039123.695	Test_Phase.SEQUENCE.Word	LOADING RESOURCE SURFACE FROM DISK
3046423.533	Test_Phase.SEQUENCE.Word	LOADING RESOURCE SURFACE FROM DISK
3053782.953	Test_Phase.SEQUENCE.Word	LOADING RESOURCE SURFACE FROM DISK
3062390.147	Test_Phase.SEQUENCE.Word	LOADING RESOURCE SURFACE FROM DISK
3069773.65	Test_Phase.SEQUENCE.Word	LOADING RESOURCE SURFACE FROM DISK
3077506.875	Test_Phase.SEQUENCE.Word	LOADING RESOURCE SURFACE FROM DISK
3084940.291	Test_Phase.SEQUENCE.Word	LOADING RESOURCE SURFACE FROM DISK
3092514.812	Test_Phase.SEQUENCE.Word	LOADING RESOURCE SURFACE FROM DISK
3100123.64	Test_Phase.SEQUENCE.Word	LOADING RESOURCE SURFACE FROM DISK
3108690.413	Test_Phase.SEQUENCE.Word	LOADING RESOURCE SURFACE FROM DISK
3116123.734	Test_Phase.SEQUENCE.Word	LOADING RESOURCE SURFACE FROM DISK
3123490.384	Test_Phase.SEQUENCE.Word	LOADING RESOURCE SURFACE FROM DISK
3130973.772	Test_Phase.SEQUENCE.Word	LOADING RESOURCE SURFACE FROM DISK
3137890.266	Test_Phase.SEQUENCE.Word	LOADING RESOURCE SURFACE FROM DISK
3145340.191	Test_Phase.SEQUENCE.Word	LOADING RESOURCE SURFACE FROM DISK
3152640.202	Test_Phase.SEQUENCE.Word	LOADING RESOURCE SURFACE FROM DISK
3160143.933	Test_Phase.SEQUENCE.Word	LOADING RESOURCE SURFACE FROM DISK
3168190.431	Test_Phase.SEQUENCE.Word	LOADING RESOURCE SURFACE FROM DISK
3175440.2	Test_Phase.SEQUENCE.Word	LOADING RESOURCE SURFACE FROM DISK
3182806.998	Test_Phase.SEQUENCE.Word	LOADING RESOURCE SURFACE FROM DISK
3190340.302	Test_Phase.SEQUENCE.Word	LOADING RESOURCE SURFACE FROM DISK
3197707.094	Test_Phase.SEQUENCE.Word	LOADING RESOURCE SURFACE FROM DISK
3205306.888	Test_Phase.SEQUENCE.Word	LOADING RESOURCE SURFACE FROM DISK
3212490.315	Test_Phase.SEQUENCE.Word	LOADING RESOURCE SURFACE FROM DISK
3220056.834	Test_Phase.SEQUENCE.Word	LOADING RESOURCE SURFACE FROM DISK
3227540.362	Test_Phase.SEQUENCE.Word	LOADING RESOURCE SURFACE FROM DISK
3235173.627	Test_Phase.SEQUENCE.Word	LOADING RESOURCE SURFACE FROM DISK
3242523.631	Test_Phase.SEQUENCE.Word	LOADING RESOURCE SURFACE FROM DISK
3249990.36	Test_Phase.SEQUENCE.Word	LOADING RESOURCE SURFACE FROM DISK
3257340.249	Test_Phase.SEQUENCE.Word	LOADING RESOURCE SURFACE FROM DISK
3264573.701	Test_Phase.SEQUENCE.Word	LOADING RESOURCE SURFACE FROM DISK
3272140.364	Test_Phase.SEQUENCE.Word	LOADING RESOURCE SURFACE FROM DISK
3279423.847	Test_Phase.SEQUENCE.Word	LOADING RESOURCE SURFACE FROM DISK
3286656.935	Test_Phase.SEQUENCE.Word	LOADING RESOURCE SURFACE FROM DISK
3294023.773	Test_Phase.SEQUENCE.Word	LOADING RESOURCE SURFACE FROM DISK
3301523.949	Test_Phase.SEQUENCE.Word	LOADING RESOURCE SURFACE FROM DISK
3309356.942	Test_Phase.SEQUENCE.Word	LOADING RESOURCE SURFACE FROM DISK
3316823.586	Test_Phase.SEQUENCE.Word	LOADING RESOURCE SURFACE FROM DISK
3323957.043	Test_Phase.SEQUENCE.Word	LOADING RESOURCE SURFACE FROM DISK
3331890.565	Test_Phase.SEQUENCE.Word	LOADING RESOURCE SURFACE FROM DISK
3339073.662	Test_Phase.SEQUENCE.Word	LOADING RESOURCE SURFACE FROM DISK
3346373.627	Test_Phase.SEQUENCE.Word	LOADING RESOURCE SURFACE FROM DISK
3354688.062	Test_Phase.SEQUENCE.Word	LOADING RESOURCE SURFACE FROM DISK
3361873.559	Test_Phase.SEQUENCE.Word	LOADING RESOURCE SURFACE FROM DISK
3369490.297	Test_Phase.SEQUENCE.Word	LOADING RESOURCE SURFACE FROM DISK
3376723.89	Test_Phase.SEQUENCE.Word	LOADING RESOURCE SURFACE FROM DISK
3384590.272	Test_Phase.SEQUENCE.Word	LOADING RESOURCE SURFACE FROM DISK
3391940.205	Test_Phase.SEQUENCE.Word	LOADING RESOURCE SURFACE FROM DISK
3399473.759	Test_Phase.SEQUENCE.Word	LOADING RESOURCE SURFACE FROM DISK
3406940.243	Test_Phase.SEQUENCE.Word	LOADING RESOURCE SURFACE FROM DISK
3414356.846	Test_Phase.SEQUENCE.Word	LOADING RESOURCE SURFACE FROM DISK
3421890.357	Test_Phase.SEQUENCE.Word	LOADING RESOURCE SURFACE FROM DISK
3429173.515	Test_Phase.SEQUENCE.Word	LOADING RESOURCE SURFACE FROM DISK
3436473.522	Test_Phase.SEQUENCE.Word	LOADING RESOURCE SURFACE FROM DISK
3443657.102	Test_Phase.SEQUENCE.Word	LOADING RESOURCE SURFACE FROM DISK
3450959.758	Test_Phase.SEQUENCE.Word	LOADING RESOURCE SURFACE FROM DISK
3458624.042	Test_Phase.SEQUENCE.Word	LOADING RESOURCE SURFACE FROM DISK
3466057.021	Test_Phase.SEQUENCE.Word	LOADING RESOURCE SURFACE FROM DISK
3473290.364	Test_Phase.SEQUENCE.Word	LOADING RESOURCE SURFACE FROM DISK
3480490.325	Test_Phase.SEQUENCE.Word	LOADING RESOURCE SURFACE FROM DISK
3487740.211	Test_Phase.SEQUENCE.Word	LOADING RESOURCE SURFACE FROM DISK
3495007.116	Test_Phase.SEQUENCE.Word	LOADING RESOURCE SURFACE FROM DISK
3502740.344	Test_Phase.SEQUENCE.Word	LOADING RESOURCE SURFACE FROM DISK
3510433.692	Test_Phase.SEQUENCE.Word	LOADING RESOURCE SURFACE FROM DISK
3518306.838	Test_Phase.SEQUENCE.Word	LOADING RESOURCE SURFACE FROM DISK
3526006.824	Test_Phase.SEQUENCE.Word	LOADING RESOURCE SURFACE FROM DISK
3533290.347	Test_Phase.SEQUENCE.Word	LOADING RESOURCE SURFACE FROM DISK
3540706.935	Test_Phase.SEQUENCE.Word	LOADING RESOURCE SURFACE FROM DISK
3549190.251	Test_Phase.SEQUENCE.Word	LOADING RESOURCE SURFACE FROM DISK
3556406.901	Test_Phase.SEQUENCE.Word	LOADING RESOURCE SURFACE FROM DISK
3563690.367	Test_Phase.SEQUENCE.Word	LOADING RESOURCE SURFACE FROM DISK
3571006.983	Test_Phase.SEQUENCE.Word	LOADING RESOURCE SURFACE FROM DISK
3578240.19	Test_Phase.SEQUENCE.Word	LOADING RESOURCE SURFACE FROM DISK
3582178.109	DISPLAY_SCREEN	LOADING RESOURCE SURFACE FROM DISK
