5278.711	DISPLAY_SCREEN[1]	LOADING RESOURCE SURFACE FROM DISK
241197.138	Familiarization_Phase.SEQUENCE.Cue_and_Instruction	LOADING RESOURCE SURFACE FROM DISK
241211.774	Familiarization_Phase.SEQUENCE.Cue_and_Instruction	LOADING RESOURCE SURFACE FROM DISK
247295.662	Familiarization_Phase.SEQUENCE.Cue_and_Instruction	LOADING RESOURCE SURFACE FROM DISK
247311.715	Familiarization_Phase.SEQUENCE.Cue_and_Instruction	LOADING RESOURCE SURFACE FROM DISK
253391.781	Familiarization_Phase.SEQUENCE.Cue_and_Instruction	LOADING RESOURCE SURFACE FROM DISK
253409.241	Familiarization_Phase.SEQUENCE.Cue_and_Instruction	LOADING RESOURCE SURFACE FROM DISK
295796.317	DISPLAY_SCREEN[3]	LOADING RESOURCE SURFACE FROM DISK
370318.865	DISPLAY_SCREEN[5]	LOADING RESOURCE SURFACE FROM DISK
441027.015	Practice_Phase.SEQUENCE.Blink_Screen	LOADING RESOURCE SURFACE FROM DISK
441028.151	Practice_Phase.SEQUENCE.Blink_Screen	flip time is later than desired time. Desired Time=440771 Flip Time=441038 Retrace Rate=16.641, prepareTime=281 flip request time 441027
442257.428	Practice_Phase.SEQUENCE.Practice_Luminance_Cue	LOADING RESOURCE SURFACE FROM DISK
442270.583	Practice_Phase.SEQUENCE.Practice_Luminance_Cue	LOADING RESOURCE SURFACE FROM DISK
442272.272	Practice_Phase.SEQUENCE.Practice_Luminance_Cue	flip time is later than desired time. Desired Time=442238 Flip Time=442288 Retrace Rate=16.641, prepareTime=58 flip request time 442272
442809.985	Practice_Phase.SEQUENCE.DISPLAY_SCREEN	LOADING RESOURCE SURFACE FROM DISK
442812.47	Practice_Phase.SEQUENCE.DISPLAY_SCREEN	flip time is later than desired time. Desired Time=442788 Flip Time=442821 Retrace Rate=16.641, prepareTime=48 flip request time 442811
444341.388	Practice_Phase.SEQUENCE.Practice_Instruction	LOADING RESOURCE SURFACE FROM DISK
444342.841	Practice_Phase.SEQUENCE.Practice_Instruction	flip time is later than desired time. Desired Time=444321 Flip Time=444354 Retrace Rate=16.641, prepareTime=45 flip request time 444342
450917.341	Practice_Phase.SEQUENCE.DISPLAY_SCREEN	LOADING RESOURCE SURFACE FROM DISK
450919.239	Practice_Phase.SEQUENCE.DISPLAY_SCREEN	flip time is later than desired time. Desired Time=450921 Flip Time=450938 Retrace Rate=16.641, prepareTime=22 flip request time 450918
452457.305	Practice_Phase.SEQUENCE.Practice_Instruction	LOADING RESOURCE SURFACE FROM DISK
452458.785	Practice_Phase.SEQUENCE.Practice_Instruction	flip time is later than desired time. Desired Time=452438 Flip Time=452471 Retrace Rate=16.641, prepareTime=45 flip request time 452458
459067.515	Practice_Phase.SEQUENCE.DISPLAY_SCREEN	LOADING RESOURCE SURFACE FROM DISK
459069.397	Practice_Phase.SEQUENCE.DISPLAY_SCREEN	flip time is later than desired time. Desired Time=459038 Flip Time=459088 Retrace Rate=16.641, prepareTime=55 flip request time 459069
460601.426	Practice_Phase.SEQUENCE.Practice_Instruction	LOADING RESOURCE SURFACE FROM DISK
460602.893	Practice_Phase.SEQUENCE.Practice_Instruction	flip time is later than desired time. Desired Time=460588 Flip Time=460621 Retrace Rate=16.641, prepareTime=39 flip request time 460602
467169.407	Practice_Phase.SEQUENCE.DISPLAY_SCREEN	LOADING RESOURCE SURFACE FROM DISK
468708.858	Practice_Phase.SEQUENCE.Practice_Instruction	LOADING RESOURCE SURFACE FROM DISK
468710.472	Practice_Phase.SEQUENCE.Practice_Instruction	flip time is later than desired time. Desired Time=468688 Flip Time=468721 Retrace Rate=16.641, prepareTime=46 flip request time 468710
475269.131	Practice_Phase.SEQUENCE.DISPLAY_SCREEN	LOADING RESOURCE SURFACE FROM DISK
476806.395	Practice_Phase.SEQUENCE.Practice_Instruction	LOADING RESOURCE SURFACE FROM DISK
476807.984	Practice_Phase.SEQUENCE.Practice_Instruction	flip time is later than desired time. Desired Time=476788 Flip Time=476821 Retrace Rate=16.641, prepareTime=44 flip request time 476807
483369.264	Practice_Phase.SEQUENCE.DISPLAY_SCREEN	LOADING RESOURCE SURFACE FROM DISK
484902.531	Practice_Phase.SEQUENCE.Practice_Instruction	LOADING RESOURCE SURFACE FROM DISK
484904.024	Practice_Phase.SEQUENCE.Practice_Instruction	flip time is later than desired time. Desired Time=484888 Flip Time=484921 Retrace Rate=16.641, prepareTime=40 flip request time 484903
491469.38	Practice_Phase.SEQUENCE.DISPLAY_SCREEN	LOADING RESOURCE SURFACE FROM DISK
493006.995	Practice_Phase.SEQUENCE.Practice_Instruction	LOADING RESOURCE SURFACE FROM DISK
493008.5	Practice_Phase.SEQUENCE.Practice_Instruction	flip time is later than desired time. Desired Time=492988 Flip Time=493021 Retrace Rate=16.641, prepareTime=44 flip request time 493008
499569.068	Practice_Phase.SEQUENCE.DISPLAY_SCREEN	LOADING RESOURCE SURFACE FROM DISK
501100.347	Practice_Phase.SEQUENCE.Practice_Instruction	LOADING RESOURCE SURFACE FROM DISK
501101.906	Practice_Phase.SEQUENCE.Practice_Instruction	flip time is later than desired time. Desired Time=501088 Flip Time=501121 Retrace Rate=16.641, prepareTime=38 flip request time 501101
507669.191	Practice_Phase.SEQUENCE.DISPLAY_SCREEN	LOADING RESOURCE SURFACE FROM DISK
509200.044	Practice_Phase.SEQUENCE.Practice_Instruction	LOADING RESOURCE SURFACE FROM DISK
509201.476	Practice_Phase.SEQUENCE.Practice_Instruction	flip time is later than desired time. Desired Time=509188 Flip Time=509221 Retrace Rate=16.641, prepareTime=37 flip request time 509201
513878.169	DISPLAY_SCREEN[2]	LOADING RESOURCE SURFACE FROM DISK
629309.647	Study_Phase.SEQUENCE.Study_Instruction	LOADING RESOURCE SURFACE FROM DISK
636060.685	Study_Phase.SEQUENCE.DISPLAY_SCREEN	LOADING RESOURCE SURFACE FROM DISK
637614.404	Study_Phase.SEQUENCE.Study_Instruction	LOADING RESOURCE SURFACE FROM DISK
645923.941	Study_Phase.SEQUENCE.Study_Instruction	LOADING RESOURCE SURFACE FROM DISK
652677.485	Study_Phase.SEQUENCE.DISPLAY_SCREEN	LOADING RESOURCE SURFACE FROM DISK
654230.149	Study_Phase.SEQUENCE.Study_Instruction	LOADING RESOURCE SURFACE FROM DISK
662522.661	Study_Phase.SEQUENCE.Study_Instruction	LOADING RESOURCE SURFACE FROM DISK
669277.35	Study_Phase.SEQUENCE.DISPLAY_SCREEN	LOADING RESOURCE SURFACE FROM DISK
670824.184	Study_Phase.SEQUENCE.Study_Instruction	LOADING RESOURCE SURFACE FROM DISK
677577.538	Study_Phase.SEQUENCE.DISPLAY_SCREEN	LOADING RESOURCE SURFACE FROM DISK
679134.11	Study_Phase.SEQUENCE.Study_Instruction	LOADING RESOURCE SURFACE FROM DISK
685894.055	Study_Phase.SEQUENCE.DISPLAY_SCREEN	LOADING RESOURCE SURFACE FROM DISK
687445.798	Study_Phase.SEQUENCE.Study_Instruction	LOADING RESOURCE SURFACE FROM DISK
695760.687	Study_Phase.SEQUENCE.Study_Instruction	LOADING RESOURCE SURFACE FROM DISK
702494.238	Study_Phase.SEQUENCE.DISPLAY_SCREEN	LOADING RESOURCE SURFACE FROM DISK
704049.226	Study_Phase.SEQUENCE.Study_Instruction	LOADING RESOURCE SURFACE FROM DISK
712367.13	Study_Phase.SEQUENCE.Study_Instruction	LOADING RESOURCE SURFACE FROM DISK
719110.777	Study_Phase.SEQUENCE.DISPLAY_SCREEN	LOADING RESOURCE SURFACE FROM DISK
720651.328	Study_Phase.SEQUENCE.Study_Instruction	LOADING RESOURCE SURFACE FROM DISK
728959.64	Study_Phase.SEQUENCE.Study_Instruction	LOADING RESOURCE SURFACE FROM DISK
735710.815	Study_Phase.SEQUENCE.DISPLAY_SCREEN	LOADING RESOURCE SURFACE FROM DISK
737266.339	Study_Phase.SEQUENCE.Study_Instruction	LOADING RESOURCE SURFACE FROM DISK
745561.76	Study_Phase.SEQUENCE.Study_Instruction	LOADING RESOURCE SURFACE FROM DISK
753859.163	Study_Phase.SEQUENCE.Study_Instruction	LOADING RESOURCE SURFACE FROM DISK
760594.142	Study_Phase.SEQUENCE.DISPLAY_SCREEN	LOADING RESOURCE SURFACE FROM DISK
762141.499	Study_Phase.SEQUENCE.Study_Instruction	LOADING RESOURCE SURFACE FROM DISK
770408.03	Study_Phase.SEQUENCE.Study_Instruction	LOADING RESOURCE SURFACE FROM DISK
778708.943	Study_Phase.SEQUENCE.Study_Instruction	LOADING RESOURCE SURFACE FROM DISK
785460.816	Study_Phase.SEQUENCE.DISPLAY_SCREEN	LOADING RESOURCE SURFACE FROM DISK
787007.018	Study_Phase.SEQUENCE.Study_Instruction	LOADING RESOURCE SURFACE FROM DISK
795274.177	Study_Phase.SEQUENCE.Study_Instruction	LOADING RESOURCE SURFACE FROM DISK
802027.473	Study_Phase.SEQUENCE.DISPLAY_SCREEN	LOADING RESOURCE SURFACE FROM DISK
803583.918	Study_Phase.SEQUENCE.Study_Instruction	LOADING RESOURCE SURFACE FROM DISK
811895.772	Study_Phase.SEQUENCE.Study_Instruction	LOADING RESOURCE SURFACE FROM DISK
820194.187	Study_Phase.SEQUENCE.Study_Instruction	LOADING RESOURCE SURFACE FROM DISK
826944.18	Study_Phase.SEQUENCE.DISPLAY_SCREEN	LOADING RESOURCE SURFACE FROM DISK
828490.845	Study_Phase.SEQUENCE.Study_Instruction	LOADING RESOURCE SURFACE FROM DISK
836799.489	Study_Phase.SEQUENCE.Study_Instruction	LOADING RESOURCE SURFACE FROM DISK
843560.806	Study_Phase.SEQUENCE.DISPLAY_SCREEN	LOADING RESOURCE SURFACE FROM DISK
845111.363	Study_Phase.SEQUENCE.Study_Instruction	LOADING RESOURCE SURFACE FROM DISK
853412.056	Study_Phase.SEQUENCE.Study_Instruction	LOADING RESOURCE SURFACE FROM DISK
861727.321	Study_Phase.SEQUENCE.Study_Instruction	LOADING RESOURCE SURFACE FROM DISK
870029.622	Study_Phase.SEQUENCE.Study_Instruction	LOADING RESOURCE SURFACE FROM DISK
878349.932	Study_Phase.SEQUENCE.Study_Instruction	LOADING RESOURCE SURFACE FROM DISK
885094.069	Study_Phase.SEQUENCE.DISPLAY_SCREEN	LOADING RESOURCE SURFACE FROM DISK
886608.081	Study_Phase.SEQUENCE.Study_Instruction	LOADING RESOURCE SURFACE FROM DISK
894914.443	Study_Phase.SEQUENCE.Study_Instruction	LOADING RESOURCE SURFACE FROM DISK
903233.341	Study_Phase.SEQUENCE.Study_Instruction	LOADING RESOURCE SURFACE FROM DISK
909993.956	Study_Phase.SEQUENCE.DISPLAY_SCREEN	LOADING RESOURCE SURFACE FROM DISK
911547.742	Study_Phase.SEQUENCE.Study_Instruction	LOADING RESOURCE SURFACE FROM DISK
919824.139	Study_Phase.SEQUENCE.Study_Instruction	LOADING RESOURCE SURFACE FROM DISK
928131.366	Study_Phase.SEQUENCE.Study_Instruction	LOADING RESOURCE SURFACE FROM DISK
934894.233	Study_Phase.SEQUENCE.DISPLAY_SCREEN	LOADING RESOURCE SURFACE FROM DISK
936443.786	Study_Phase.SEQUENCE.Study_Instruction	LOADING RESOURCE SURFACE FROM DISK
943194.059	Study_Phase.SEQUENCE.DISPLAY_SCREEN	LOADING RESOURCE SURFACE FROM DISK
944749.456	Study_Phase.SEQUENCE.Study_Instruction	LOADING RESOURCE SURFACE FROM DISK
953061.395	Study_Phase.SEQUENCE.Study_Instruction	LOADING RESOURCE SURFACE FROM DISK
961347.038	Study_Phase.SEQUENCE.Study_Instruction	LOADING RESOURCE SURFACE FROM DISK
969641.956	Study_Phase.SEQUENCE.Study_Instruction	LOADING RESOURCE SURFACE FROM DISK
977944.268	Study_Phase.SEQUENCE.Study_Instruction	LOADING RESOURCE SURFACE FROM DISK
986229.712	Study_Phase.SEQUENCE.Study_Instruction	LOADING RESOURCE SURFACE FROM DISK
992994.076	Study_Phase.SEQUENCE.DISPLAY_SCREEN	LOADING RESOURCE SURFACE FROM DISK
994546.687	Study_Phase.SEQUENCE.Study_Instruction	LOADING RESOURCE SURFACE FROM DISK
1001310.593	Study_Phase.SEQUENCE.DISPLAY_SCREEN	LOADING RESOURCE SURFACE FROM DISK
1002860.966	Study_Phase.SEQUENCE.Study_Instruction	LOADING RESOURCE SURFACE FROM DISK
1011167.922	Study_Phase.SEQUENCE.Study_Instruction	LOADING RESOURCE SURFACE FROM DISK
1019482.74	Study_Phase.SEQUENCE.Study_Instruction	LOADING RESOURCE SURFACE FROM DISK
1027797.472	Study_Phase.SEQUENCE.Study_Instruction	LOADING RESOURCE SURFACE FROM DISK
1034560.928	Study_Phase.SEQUENCE.DISPLAY_SCREEN	LOADING RESOURCE SURFACE FROM DISK
1036074.816	Study_Phase.SEQUENCE.Study_Instruction	LOADING RESOURCE SURFACE FROM DISK
1044340.87	Study_Phase.SEQUENCE.Study_Instruction	LOADING RESOURCE SURFACE FROM DISK
1052655.185	Study_Phase.SEQUENCE.Study_Instruction	LOADING RESOURCE SURFACE FROM DISK
1059410.694	Study_Phase.SEQUENCE.DISPLAY_SCREEN	LOADING RESOURCE SURFACE FROM DISK
1060966.834	Study_Phase.SEQUENCE.Study_Instruction	LOADING RESOURCE SURFACE FROM DISK
1067727.404	Study_Phase.SEQUENCE.DISPLAY_SCREEN	LOADING RESOURCE SURFACE FROM DISK
1069284.313	Study_Phase.SEQUENCE.Study_Instruction	LOADING RESOURCE SURFACE FROM DISK
1077590.84	Study_Phase.SEQUENCE.Study_Instruction	LOADING RESOURCE SURFACE FROM DISK
1085893.324	Study_Phase.SEQUENCE.Study_Instruction	LOADING RESOURCE SURFACE FROM DISK
1092644.102	Study_Phase.SEQUENCE.DISPLAY_SCREEN	LOADING RESOURCE SURFACE FROM DISK
1094198.864	Study_Phase.SEQUENCE.Study_Instruction	LOADING RESOURCE SURFACE FROM DISK
1102499.341	Study_Phase.SEQUENCE.Study_Instruction	LOADING RESOURCE SURFACE FROM DISK
1109260.879	Study_Phase.SEQUENCE.DISPLAY_SCREEN	LOADING RESOURCE SURFACE FROM DISK
1110774.923	Study_Phase.SEQUENCE.Study_Instruction	LOADING RESOURCE SURFACE FROM DISK
1119082.483	Study_Phase.SEQUENCE.Study_Instruction	LOADING RESOURCE SURFACE FROM DISK
1127400.347	Study_Phase.SEQUENCE.Study_Instruction	LOADING RESOURCE SURFACE FROM DISK
1135712.982	Study_Phase.SEQUENCE.Study_Instruction	LOADING RESOURCE SURFACE FROM DISK
1144006.688	Study_Phase.SEQUENCE.Study_Instruction	LOADING RESOURCE SURFACE FROM DISK
1150760.751	Study_Phase.SEQUENCE.DISPLAY_SCREEN	LOADING RESOURCE SURFACE FROM DISK
1152317.087	Study_Phase.SEQUENCE.Study_Instruction	LOADING RESOURCE SURFACE FROM DISK
1159077.286	Study_Phase.SEQUENCE.DISPLAY_SCREEN	LOADING RESOURCE SURFACE FROM DISK
1160591.479	Study_Phase.SEQUENCE.Study_Instruction	LOADING RESOURCE SURFACE FROM DISK
1168890.74	Study_Phase.SEQUENCE.Study_Instruction	LOADING RESOURCE SURFACE FROM DISK
1177190.753	Study_Phase.SEQUENCE.Study_Instruction	LOADING RESOURCE SURFACE FROM DISK
1183944.015	Study_Phase.SEQUENCE.DISPLAY_SCREEN	LOADING RESOURCE SURFACE FROM DISK
1185491.02	Study_Phase.SEQUENCE.Study_Instruction	LOADING RESOURCE SURFACE FROM DISK
1193797.947	Study_Phase.SEQUENCE.Study_Instruction	LOADING RESOURCE SURFACE FROM DISK
1200560.829	Study_Phase.SEQUENCE.DISPLAY_SCREEN	LOADING RESOURCE SURFACE FROM DISK
1202116.847	Study_Phase.SEQUENCE.Study_Instruction	LOADING RESOURCE SURFACE FROM DISK
1210458.088	Study_Phase.SEQUENCE.Study_Instruction	LOADING RESOURCE SURFACE FROM DISK
1217177.405	Study_Phase.SEQUENCE.DISPLAY_SCREEN	LOADING RESOURCE SURFACE FROM DISK
1218691.425	Study_Phase.SEQUENCE.Study_Instruction	LOADING RESOURCE SURFACE FROM DISK
1226991.341	Study_Phase.SEQUENCE.Study_Instruction	LOADING RESOURCE SURFACE FROM DISK
1235292.616	Study_Phase.SEQUENCE.Study_Instruction	LOADING RESOURCE SURFACE FROM DISK
1243593.162	Study_Phase.SEQUENCE.Study_Instruction	LOADING RESOURCE SURFACE FROM DISK
1250343.992	Study_Phase.SEQUENCE.DISPLAY_SCREEN	LOADING RESOURCE SURFACE FROM DISK
1251899.086	Study_Phase.SEQUENCE.Study_Instruction	LOADING RESOURCE SURFACE FROM DISK
1260214.768	Study_Phase.SEQUENCE.Study_Instruction	LOADING RESOURCE SURFACE FROM DISK
1268526.11	Study_Phase.SEQUENCE.Study_Instruction	LOADING RESOURCE SURFACE FROM DISK
1275277.418	Study_Phase.SEQUENCE.DISPLAY_SCREEN	LOADING RESOURCE SURFACE FROM DISK
1276831.032	Study_Phase.SEQUENCE.Study_Instruction	LOADING RESOURCE SURFACE FROM DISK
1285149.081	Study_Phase.SEQUENCE.Study_Instruction	LOADING RESOURCE SURFACE FROM DISK
1291910.851	Study_Phase.SEQUENCE.DISPLAY_SCREEN	LOADING RESOURCE SURFACE FROM DISK
1293468.031	Study_Phase.SEQUENCE.Study_Instruction	LOADING RESOURCE SURFACE FROM DISK
1301784.578	Study_Phase.SEQUENCE.Study_Instruction	LOADING RESOURCE SURFACE FROM DISK
1308544.2	Study_Phase.SEQUENCE.DISPLAY_SCREEN	LOADING RESOURCE SURFACE FROM DISK
1310101.214	Study_Phase.SEQUENCE.Study_Instruction	LOADING RESOURCE SURFACE FROM DISK
1316843.963	Study_Phase.SEQUENCE.DISPLAY_SCREEN	LOADING RESOURCE SURFACE FROM DISK
1318397.335	Study_Phase.SEQUENCE.Study_Instruction	LOADING RESOURCE SURFACE FROM DISK
1326714.119	Study_Phase.SEQUENCE.Study_Instruction	LOADING RESOURCE SURFACE FROM DISK
1333477.395	Study_Phase.SEQUENCE.DISPLAY_SCREEN	LOADING RESOURCE SURFACE FROM DISK
1335030.481	Study_Phase.SEQUENCE.Study_Instruction	LOADING RESOURCE SURFACE FROM DISK
1341794.087	Study_Phase.SEQUENCE.DISPLAY_SCREEN	LOADING RESOURCE SURFACE FROM DISK
1343343.214	Study_Phase.SEQUENCE.Study_Instruction	LOADING RESOURCE SURFACE FROM DISK
1351633.931	Study_Phase.SEQUENCE.Study_Instruction	LOADING RESOURCE SURFACE FROM DISK
1358394.081	Study_Phase.SEQUENCE.DISPLAY_SCREEN	LOADING RESOURCE SURFACE FROM DISK
1359942.112	Study_Phase.SEQUENCE.Study_Instruction	LOADING RESOURCE SURFACE FROM DISK
1366694.162	Study_Phase.SEQUENCE.DISPLAY_SCREEN	LOADING RESOURCE SURFACE FROM DISK
1368207.937	Study_Phase.SEQUENCE.Study_Instruction	LOADING RESOURCE SURFACE FROM DISK
1376474.91	Study_Phase.SEQUENCE.Study_Instruction	LOADING RESOURCE SURFACE FROM DISK
1384761.761	Study_Phase.SEQUENCE.Study_Instruction	LOADING RESOURCE SURFACE FROM DISK
1391510.717	Study_Phase.SEQUENCE.DISPLAY_SCREEN	LOADING RESOURCE SURFACE FROM DISK
1393064.435	Study_Phase.SEQUENCE.Study_Instruction	LOADING RESOURCE SURFACE FROM DISK
1401340.798	Study_Phase.SEQUENCE.Study_Instruction	LOADING RESOURCE SURFACE FROM DISK
1408094.104	Study_Phase.SEQUENCE.DISPLAY_SCREEN	LOADING RESOURCE SURFACE FROM DISK
1409642.14	Study_Phase.SEQUENCE.Study_Instruction	LOADING RESOURCE SURFACE FROM DISK
1416394.016	Study_Phase.SEQUENCE.DISPLAY_SCREEN	LOADING RESOURCE SURFACE FROM DISK
1417941.706	Study_Phase.SEQUENCE.Study_Instruction	LOADING RESOURCE SURFACE FROM DISK
1426242.878	Study_Phase.SEQUENCE.Study_Instruction	LOADING RESOURCE SURFACE FROM DISK
1434507.5	Study_Phase.SEQUENCE.Study_Instruction	LOADING RESOURCE SURFACE FROM DISK
1441260.865	Study_Phase.SEQUENCE.DISPLAY_SCREEN	LOADING RESOURCE SURFACE FROM DISK
1442808.438	Study_Phase.SEQUENCE.Study_Instruction	LOADING RESOURCE SURFACE FROM DISK
1451091.855	Study_Phase.SEQUENCE.Study_Instruction	LOADING RESOURCE SURFACE FROM DISK
1457844.189	Study_Phase.SEQUENCE.DISPLAY_SCREEN	LOADING RESOURCE SURFACE FROM DISK
1459395.841	Study_Phase.SEQUENCE.Study_Instruction	LOADING RESOURCE SURFACE FROM DISK
1467716.128	Study_Phase.SEQUENCE.Study_Instruction	LOADING RESOURCE SURFACE FROM DISK
1476029.698	Study_Phase.SEQUENCE.Study_Instruction	LOADING RESOURCE SURFACE FROM DISK
1482794.127	Study_Phase.SEQUENCE.DISPLAY_SCREEN	LOADING RESOURCE SURFACE FROM DISK
1484347.116	Study_Phase.SEQUENCE.Study_Instruction	LOADING RESOURCE SURFACE FROM DISK
1492624.744	Study_Phase.SEQUENCE.Study_Instruction	LOADING RESOURCE SURFACE FROM DISK
1499344.008	Study_Phase.SEQUENCE.DISPLAY_SCREEN	LOADING RESOURCE SURFACE FROM DISK
1500858.153	Study_Phase.SEQUENCE.Study_Instruction	LOADING RESOURCE SURFACE FROM DISK
1509130.648	Study_Phase.SEQUENCE.Study_Instruction	LOADING RESOURCE SURFACE FROM DISK
1515894.224	Study_Phase.SEQUENCE.DISPLAY_SCREEN	LOADING RESOURCE SURFACE FROM DISK
1517440.881	Study_Phase.SEQUENCE.Study_Instruction	LOADING RESOURCE SURFACE FROM DISK
1525748.368	Study_Phase.SEQUENCE.Study_Instruction	LOADING RESOURCE SURFACE FROM DISK
1532510.805	Study_Phase.SEQUENCE.DISPLAY_SCREEN	LOADING RESOURCE SURFACE FROM DISK
1534067.846	Study_Phase.SEQUENCE.Study_Instruction	LOADING RESOURCE SURFACE FROM DISK
1540827.319	Study_Phase.SEQUENCE.DISPLAY_SCREEN	LOADING RESOURCE SURFACE FROM DISK
1542383.838	Study_Phase.SEQUENCE.Study_Instruction	LOADING RESOURCE SURFACE FROM DISK
1549144.046	Study_Phase.SEQUENCE.DISPLAY_SCREEN	LOADING RESOURCE SURFACE FROM DISK
1550700.017	Study_Phase.SEQUENCE.Study_Instruction	LOADING RESOURCE SURFACE FROM DISK
1559007.643	Study_Phase.SEQUENCE.Study_Instruction	LOADING RESOURCE SURFACE FROM DISK
1567311.79	Study_Phase.SEQUENCE.Study_Instruction	LOADING RESOURCE SURFACE FROM DISK
1574060.681	Study_Phase.SEQUENCE.DISPLAY_SCREEN	LOADING RESOURCE SURFACE FROM DISK
1575661.649	Study_Phase.SEQUENCE.Study_Instruction	LOADING RESOURCE SURFACE FROM DISK
1582411.145	Study_Phase.SEQUENCE.DISPLAY_SCREEN	LOADING RESOURCE SURFACE FROM DISK
1583965.243	Study_Phase.SEQUENCE.Study_Instruction	LOADING RESOURCE SURFACE FROM DISK
1592279.828	Study_Phase.SEQUENCE.Study_Instruction	LOADING RESOURCE SURFACE FROM DISK
1599044.275	Study_Phase.SEQUENCE.DISPLAY_SCREEN	LOADING RESOURCE SURFACE FROM DISK
1600597.218	Study_Phase.SEQUENCE.Study_Instruction	LOADING RESOURCE SURFACE FROM DISK
1608889.183	Study_Phase.SEQUENCE.Study_Instruction	LOADING RESOURCE SURFACE FROM DISK
1615643.966	Study_Phase.SEQUENCE.DISPLAY_SCREEN	LOADING RESOURCE SURFACE FROM DISK
1617158.079	Study_Phase.SEQUENCE.Study_Instruction	LOADING RESOURCE SURFACE FROM DISK
1621873.528	DISPLAY_SCREEN[7]	LOADING RESOURCE SURFACE FROM DISK
1734979.129	Test_Phase.SEQUENCE.Target_Cue	LOADING RESOURCE SURFACE FROM DISK
1734982.507	Test_Phase.SEQUENCE.Target_Cue	LOADING RESOURCE SURFACE FROM DISK
1737007.429	Test_Phase.SEQUENCE.Word	LOADING RESOURCE SURFACE FROM DISK
1740023.892	Test_Phase.SEQUENCE.Test_Question	LOADING RESOURCE SURFACE FROM DISK
1740066.26	Test_Phase.SEQUENCE.Test_Question	LOADING RESOURCE SURFACE FROM DISK
1740080.601	Test_Phase.SEQUENCE.Test_Question	LOADING RESOURCE SURFACE FROM DISK
1740091.677	Test_Phase.SEQUENCE.Test_Question	LOADING RESOURCE SURFACE FROM DISK
1740093.479	Test_Phase.SEQUENCE.Test_Question	LOADING RESOURCE SURFACE FROM DISK
1740095.34	Test_Phase.SEQUENCE.Test_Question	LOADING RESOURCE SURFACE FROM DISK
1740102.75	Test_Phase.SEQUENCE.Test_Question	LOADING RESOURCE SURFACE FROM DISK
1740114.089	Test_Phase.SEQUENCE.Test_Question	LOADING RESOURCE SURFACE FROM DISK
1740116.074	Test_Phase.SEQUENCE.Test_Question	LOADING RESOURCE SURFACE FROM DISK
1740128.615	Test_Phase.SEQUENCE.Test_Question	LOADING RESOURCE SURFACE FROM DISK
1740142.283	Test_Phase.SEQUENCE.Test_Question	LOADING RESOURCE SURFACE FROM DISK
1740144.154	Test_Phase.SEQUENCE.Test_Question	LOADING RESOURCE SURFACE FROM DISK
1745962.994	Test_Phase.SEQUENCE.Word	LOADING RESOURCE SURFACE FROM DISK
1754432.961	Test_Phase.SEQUENCE.Word	LOADING RESOURCE SURFACE FROM DISK
1762707.641	Test_Phase.SEQUENCE.Word	LOADING RESOURCE SURFACE FROM DISK
1771849.809	Test_Phase.SEQUENCE.Word	LOADING RESOURCE SURFACE FROM DISK
1781457.419	Test_Phase.SEQUENCE.Word	LOADING RESOURCE SURFACE FROM DISK
1790281.829	Test_Phase.SEQUENCE.Word	LOADING RESOURCE SURFACE FROM DISK
1799163.891	Test_Phase.SEQUENCE.Word	LOADING RESOURCE SURFACE FROM DISK
1807090.693	Test_Phase.SEQUENCE.Word	LOADING RESOURCE SURFACE FROM DISK
1818040.792	Test_Phase.SEQUENCE.Word	LOADING RESOURCE SURFACE FROM DISK
1826807.575	Test_Phase.SEQUENCE.Word	LOADING RESOURCE SURFACE FROM DISK
1834840.816	Test_Phase.SEQUENCE.Word	LOADING RESOURCE SURFACE FROM DISK
1842624.288	Test_Phase.SEQUENCE.Word	LOADING RESOURCE SURFACE FROM DISK
1850517.156	Test_Phase.SEQUENCE.Word	LOADING RESOURCE SURFACE FROM DISK
1859274.316	Test_Phase.SEQUENCE.Word	LOADING RESOURCE SURFACE FROM DISK
1867107.374	Test_Phase.SEQUENCE.Word	LOADING RESOURCE SURFACE FROM DISK
1874774.427	Test_Phase.SEQUENCE.Word	LOADING RESOURCE SURFACE FROM DISK
1882378.776	Test_Phase.SEQUENCE.Word	LOADING RESOURCE SURFACE FROM DISK
1890190.857	Test_Phase.SEQUENCE.Word	LOADING RESOURCE SURFACE FROM DISK
1897907.744	Test_Phase.SEQUENCE.Word	LOADING RESOURCE SURFACE FROM DISK
1905850.07	Test_Phase.SEQUENCE.Word	LOADING RESOURCE SURFACE FROM DISK
1913699.22	Test_Phase.SEQUENCE.Word	LOADING RESOURCE SURFACE FROM DISK
1922445.293	Test_Phase.SEQUENCE.Word	LOADING RESOURCE SURFACE FROM DISK
1930298.937	Test_Phase.SEQUENCE.Word	LOADING RESOURCE SURFACE FROM DISK
1939824.225	Test_Phase.SEQUENCE.Word	LOADING RESOURCE SURFACE FROM DISK
1947481.769	Test_Phase.SEQUENCE.Word	LOADING RESOURCE SURFACE FROM DISK
1955724.238	Test_Phase.SEQUENCE.Word	LOADING RESOURCE SURFACE FROM DISK
1965897.679	Test_Phase.SEQUENCE.Word	LOADING RESOURCE SURFACE FROM DISK
1973717.521	Test_Phase.SEQUENCE.Word	LOADING RESOURCE SURFACE FROM DISK
1982423.958	Test_Phase.SEQUENCE.Word	LOADING RESOURCE SURFACE FROM DISK
1992324.101	Test_Phase.SEQUENCE.Word	LOADING RESOURCE SURFACE FROM DISK
2000292.735	Test_Phase.SEQUENCE.Word	LOADING RESOURCE SURFACE FROM DISK
2008040.878	Test_Phase.SEQUENCE.Word	LOADING RESOURCE SURFACE FROM DISK
2015724.058	Test_Phase.SEQUENCE.Word	LOADING RESOURCE SURFACE FROM DISK
2024124.04	Test_Phase.SEQUENCE.Word	LOADING RESOURCE SURFACE FROM DISK
2031824.059	Test_Phase.SEQUENCE.Word	LOADING RESOURCE SURFACE FROM DISK
2039512.892	Test_Phase.SEQUENCE.Word	LOADING RESOURCE SURFACE FROM DISK
2047377.216	Test_Phase.SEQUENCE.Word	LOADING RESOURCE SURFACE FROM DISK
2056190.727	Test_Phase.SEQUENCE.Word	LOADING RESOURCE SURFACE FROM DISK
2064790.872	Test_Phase.SEQUENCE.Word	LOADING RESOURCE SURFACE FROM DISK
2072817.648	Test_Phase.SEQUENCE.Word	LOADING RESOURCE SURFACE FROM DISK
2082924.177	Test_Phase.SEQUENCE.Word	LOADING RESOURCE SURFACE FROM DISK
2090874.167	Test_Phase.SEQUENCE.Word	LOADING RESOURCE SURFACE FROM DISK
2099074.087	Test_Phase.SEQUENCE.Word	LOADING RESOURCE SURFACE FROM DISK
2108240.175	Test_Phase.SEQUENCE.Word	LOADING RESOURCE SURFACE FROM DISK
2116215.891	Test_Phase.SEQUENCE.Word	LOADING RESOURCE SURFACE FROM DISK
2124677.653	Test_Phase.SEQUENCE.Word	LOADING RESOURCE SURFACE FROM DISK
2132590.805	Test_Phase.SEQUENCE.Word	LOADING RESOURCE SURFACE FROM DISK
2140808.261	Test_Phase.SEQUENCE.Word	LOADING RESOURCE SURFACE FROM DISK
2148590.717	Test_Phase.SEQUENCE.Word	LOADING RESOURCE SURFACE FROM DISK
2156509.273	Test_Phase.SEQUENCE.Word	LOADING RESOURCE SURFACE FROM DISK
2164695.245	Test_Phase.SEQUENCE.Word	LOADING RESOURCE SURFACE FROM DISK
2172557.588	Test_Phase.SEQUENCE.Word	LOADING RESOURCE SURFACE FROM DISK
2180390.778	Test_Phase.SEQUENCE.Word	LOADING RESOURCE SURFACE FROM DISK
2188175.321	Test_Phase.SEQUENCE.Word	LOADING RESOURCE SURFACE FROM DISK
2196250.594	Test_Phase.SEQUENCE.Word	LOADING RESOURCE SURFACE FROM DISK
2204408.345	Test_Phase.SEQUENCE.Word	LOADING RESOURCE SURFACE FROM DISK
2212357.655	Test_Phase.SEQUENCE.Word	LOADING RESOURCE SURFACE FROM DISK
2220207.471	Test_Phase.SEQUENCE.Word	LOADING RESOURCE SURFACE FROM DISK
2228174.148	Test_Phase.SEQUENCE.Word	LOADING RESOURCE SURFACE FROM DISK
2235960.201	Test_Phase.SEQUENCE.Word	LOADING RESOURCE SURFACE FROM DISK
2243945.036	Test_Phase.SEQUENCE.Word	LOADING RESOURCE SURFACE FROM DISK
2252395.918	Test_Phase.SEQUENCE.Word	LOADING RESOURCE SURFACE FROM DISK
2260278.496	Test_Phase.SEQUENCE.Word	LOADING RESOURCE SURFACE FROM DISK
2268074.362	Test_Phase.SEQUENCE.Word	LOADING RESOURCE SURFACE FROM DISK
2276140.974	Test_Phase.SEQUENCE.Word	LOADING RESOURCE SURFACE FROM DISK
2284007.441	Test_Phase.SEQUENCE.Word	LOADING RESOURCE SURFACE FROM DISK
2292340.847	Test_Phase.SEQUENCE.Word	LOADING RESOURCE SURFACE FROM DISK
2300327.445	Test_Phase.SEQUENCE.Word	LOADING RESOURCE SURFACE FROM DISK
2308276.704	Test_Phase.SEQUENCE.Word	LOADING RESOURCE SURFACE FROM DISK
2316207.486	Test_Phase.SEQUENCE.Word	LOADING RESOURCE SURFACE FROM DISK
2324190.883	Test_Phase.SEQUENCE.Word	LOADING RESOURCE SURFACE FROM DISK
2332112.41	Test_Phase.SEQUENCE.Word	LOADING RESOURCE SURFACE FROM DISK
2341510.246	Test_Phase.SEQUENCE.Word	LOADING RESOURCE SURFACE FROM DISK
2349290.943	Test_Phase.SEQUENCE.Word	LOADING RESOURCE SURFACE FROM DISK
2357141.119	Test_Phase.SEQUENCE.Word	LOADING RESOURCE SURFACE FROM DISK
2365209.458	Test_Phase.SEQUENCE.Word	LOADING RESOURCE SURFACE FROM DISK
2373143.093	Test_Phase.SEQUENCE.Word	LOADING RESOURCE SURFACE FROM DISK
2381079.778	Test_Phase.SEQUENCE.Word	LOADING RESOURCE SURFACE FROM DISK
2389274.023	Test_Phase.SEQUENCE.Word	LOADING RESOURCE SURFACE FROM DISK
2397274.196	Test_Phase.SEQUENCE.Word	LOADING RESOURCE SURFACE FROM DISK
2405106.965	Test_Phase.SEQUENCE.Word	LOADING RESOURCE SURFACE FROM DISK
2413040.772	Test_Phase.SEQUENCE.Word	LOADING RESOURCE SURFACE FROM DISK
2420878.653	Test_Phase.SEQUENCE.Word	LOADING RESOURCE SURFACE FROM DISK
2429574.187	Test_Phase.SEQUENCE.Word	LOADING RESOURCE SURFACE FROM DISK
2437560.627	Test_Phase.SEQUENCE.Word	LOADING RESOURCE SURFACE FROM DISK
2446241.094	Test_Phase.SEQUENCE.Word	LOADING RESOURCE SURFACE FROM DISK
2454075.35	Test_Phase.SEQUENCE.Word	LOADING RESOURCE SURFACE FROM DISK
2462390.774	Test_Phase.SEQUENCE.Word	LOADING RESOURCE SURFACE FROM DISK
2470124.201	Test_Phase.SEQUENCE.Word	LOADING RESOURCE SURFACE FROM DISK
2477757.677	Test_Phase.SEQUENCE.Word	LOADING RESOURCE SURFACE FROM DISK
2485790.962	Test_Phase.SEQUENCE.Word	LOADING RESOURCE SURFACE FROM DISK
2494074.106	Test_Phase.SEQUENCE.Word	LOADING RESOURCE SURFACE FROM DISK
2501459.281	Test_Phase.SEQUENCE.Word	LOADING RESOURCE SURFACE FROM DISK
2509457.737	Test_Phase.SEQUENCE.Word	LOADING RESOURCE SURFACE FROM DISK
2517290.877	Test_Phase.SEQUENCE.Word	LOADING RESOURCE SURFACE FROM DISK
2526940.835	Test_Phase.SEQUENCE.Word	LOADING RESOURCE SURFACE FROM DISK
2534957.518	Test_Phase.SEQUENCE.Word	LOADING RESOURCE SURFACE FROM DISK
2542674.181	Test_Phase.SEQUENCE.Word	LOADING RESOURCE SURFACE FROM DISK
2550391.033	Test_Phase.SEQUENCE.Word	LOADING RESOURCE SURFACE FROM DISK
2560657.443	Test_Phase.SEQUENCE.Word	LOADING RESOURCE SURFACE FROM DISK
2568513.366	Test_Phase.SEQUENCE.Word	LOADING RESOURCE SURFACE FROM DISK
2576449.511	Test_Phase.SEQUENCE.Word	LOADING RESOURCE SURFACE FROM DISK
2584361.486	Test_Phase.SEQUENCE.Word	LOADING RESOURCE SURFACE FROM DISK
2592662.985	Test_Phase.SEQUENCE.Word	LOADING RESOURCE SURFACE FROM DISK
2600774.154	Test_Phase.SEQUENCE.Word	LOADING RESOURCE SURFACE FROM DISK
2608707.449	Test_Phase.SEQUENCE.Word	LOADING RESOURCE SURFACE FROM DISK
2616590.722	Test_Phase.SEQUENCE.Word	LOADING RESOURCE SURFACE FROM DISK
2626193.372	Test_Phase.SEQUENCE.Word	LOADING RESOURCE SURFACE FROM DISK
2642624.296	Test_Phase.SEQUENCE.Word	LOADING RESOURCE SURFACE FROM DISK
2650257.512	Test_Phase.SEQUENCE.Word	LOADING RESOURCE SURFACE FROM DISK
2657757.591	Test_Phase.SEQUENCE.Word	LOADING RESOURCE SURFACE FROM DISK
2666643.364	Test_Phase.SEQUENCE.Word	LOADING RESOURCE SURFACE FROM DISK
2675667.503	Test_Phase.SEQUENCE.Word	LOADING RESOURCE SURFACE FROM DISK
2683324.153	Test_Phase.SEQUENCE.Word	LOADING RESOURCE SURFACE FROM DISK
2691142.121	Test_Phase.SEQUENCE.Word	LOADING RESOURCE SURFACE FROM DISK
2698981.54	Test_Phase.SEQUENCE.Word	LOADING RESOURCE SURFACE FROM DISK
2707366.697	Test_Phase.SEQUENCE.Word	LOADING RESOURCE SURFACE FROM DISK
2714824.142	Test_Phase.SEQUENCE.Word	LOADING RESOURCE SURFACE FROM DISK
2722691.109	Test_Phase.SEQUENCE.Word	LOADING RESOURCE SURFACE FROM DISK
2730436.404	Test_Phase.SEQUENCE.Word	LOADING RESOURCE SURFACE FROM DISK
2738662.337	Test_Phase.SEQUENCE.Word	LOADING RESOURCE SURFACE FROM DISK
2746978.081	Test_Phase.SEQUENCE.Word	LOADING RESOURCE SURFACE FROM DISK
2754957.61	Test_Phase.SEQUENCE.Word	LOADING RESOURCE SURFACE FROM DISK
2763340.469	Test_Phase.SEQUENCE.Word	LOADING RESOURCE SURFACE FROM DISK
2771299.725	Test_Phase.SEQUENCE.Word	LOADING RESOURCE SURFACE FROM DISK
2779674.105	Test_Phase.SEQUENCE.Word	LOADING RESOURCE SURFACE FROM DISK
2787440.818	Test_Phase.SEQUENCE.Word	LOADING RESOURCE SURFACE FROM DISK
2795140.709	Test_Phase.SEQUENCE.Word	LOADING RESOURCE SURFACE FROM DISK
2803077.82	Test_Phase.SEQUENCE.Word	LOADING RESOURCE SURFACE FROM DISK
2810857.356	Test_Phase.SEQUENCE.Word	LOADING RESOURCE SURFACE FROM DISK
2818862.389	Test_Phase.SEQUENCE.Word	LOADING RESOURCE SURFACE FROM DISK
2827174.101	Test_Phase.SEQUENCE.Word	LOADING RESOURCE SURFACE FROM DISK
2835014.742	Test_Phase.SEQUENCE.Word	LOADING RESOURCE SURFACE FROM DISK
2843163.892	Test_Phase.SEQUENCE.Word	LOADING RESOURCE SURFACE FROM DISK
2851457.458	Test_Phase.SEQUENCE.Word	LOADING RESOURCE SURFACE FROM DISK
2859324.286	Test_Phase.SEQUENCE.Word	LOADING RESOURCE SURFACE FROM DISK
2868730.433	Test_Phase.SEQUENCE.Word	LOADING RESOURCE SURFACE FROM DISK
2876307.37	Test_Phase.SEQUENCE.Word	LOADING RESOURCE SURFACE FROM DISK
2883740.994	Test_Phase.SEQUENCE.Word	LOADING RESOURCE SURFACE FROM DISK
2891262.417	Test_Phase.SEQUENCE.Word	LOADING RESOURCE SURFACE FROM DISK
2898707.599	Test_Phase.SEQUENCE.Word	LOADING RESOURCE SURFACE FROM DISK
2906974.153	Test_Phase.SEQUENCE.Word	LOADING RESOURCE SURFACE FROM DISK
2916190.768	Test_Phase.SEQUENCE.Word	LOADING RESOURCE SURFACE FROM DISK
2924040.752	Test_Phase.SEQUENCE.Word	LOADING RESOURCE SURFACE FROM DISK
2931924.234	Test_Phase.SEQUENCE.Word	LOADING RESOURCE SURFACE FROM DISK
2942707.506	Test_Phase.SEQUENCE.Word	LOADING RESOURCE SURFACE FROM DISK
2950474.346	Test_Phase.SEQUENCE.Word	LOADING RESOURCE SURFACE FROM DISK
2958226.153	Test_Phase.SEQUENCE.Word	LOADING RESOURCE SURFACE FROM DISK
2965941.12	Test_Phase.SEQUENCE.Word	LOADING RESOURCE SURFACE FROM DISK
2974197.164	Test_Phase.SEQUENCE.Word	LOADING RESOURCE SURFACE FROM DISK
2982174.229	Test_Phase.SEQUENCE.Word	LOADING RESOURCE SURFACE FROM DISK
2990068.058	Test_Phase.SEQUENCE.Word	LOADING RESOURCE SURFACE FROM DISK
2997890.681	Test_Phase.SEQUENCE.Word	LOADING RESOURCE SURFACE FROM DISK
3006940.983	Test_Phase.SEQUENCE.Word	LOADING RESOURCE SURFACE FROM DISK
3014490.831	Test_Phase.SEQUENCE.Word	LOADING RESOURCE SURFACE FROM DISK
3022091.079	Test_Phase.SEQUENCE.Word	LOADING RESOURCE SURFACE FROM DISK
3030408.879	Test_Phase.SEQUENCE.Word	LOADING RESOURCE SURFACE FROM DISK
3038257.503	Test_Phase.SEQUENCE.Word	LOADING RESOURCE SURFACE FROM DISK
3046390.926	Test_Phase.SEQUENCE.Word	LOADING RESOURCE SURFACE FROM DISK
3054174.088	Test_Phase.SEQUENCE.Word	LOADING RESOURCE SURFACE FROM DISK
3063824.12	Test_Phase.SEQUENCE.Word	LOADING RESOURCE SURFACE FROM DISK
3071301.095	Test_Phase.SEQUENCE.Word	LOADING RESOURCE SURFACE FROM DISK
3079391.462	Test_Phase.SEQUENCE.Word	LOADING RESOURCE SURFACE FROM DISK
3087724.38	Test_Phase.SEQUENCE.Word	LOADING RESOURCE SURFACE FROM DISK
3095474.155	Test_Phase.SEQUENCE.Word	LOADING RESOURCE SURFACE FROM DISK
3103041.11	Test_Phase.SEQUENCE.Word	LOADING RESOURCE SURFACE FROM DISK
3110807.57	Test_Phase.SEQUENCE.Word	LOADING RESOURCE SURFACE FROM DISK
3118598.518	Test_Phase.SEQUENCE.Word	LOADING RESOURCE SURFACE FROM DISK
3126340.734	Test_Phase.SEQUENCE.Word	LOADING RESOURCE SURFACE FROM DISK
3134040.794	Test_Phase.SEQUENCE.Word	LOADING RESOURCE SURFACE FROM DISK
3141876.026	Test_Phase.SEQUENCE.Word	LOADING RESOURCE SURFACE FROM DISK
3150111.313	Test_Phase.SEQUENCE.Word	LOADING RESOURCE SURFACE FROM DISK
3157990.744	Test_Phase.SEQUENCE.Word	LOADING RESOURCE SURFACE FROM DISK
3166057.557	Test_Phase.SEQUENCE.Word	LOADING RESOURCE SURFACE FROM DISK
3174257.54	Test_Phase.SEQUENCE.Word	LOADING RESOURCE SURFACE FROM DISK
3182331.98	Test_Phase.SEQUENCE.Word	LOADING RESOURCE SURFACE FROM DISK
3190124.169	Test_Phase.SEQUENCE.Word	LOADING RESOURCE SURFACE FROM DISK
3198674.433	Test_Phase.SEQUENCE.Word	LOADING RESOURCE SURFACE FROM DISK
3206840.66	Test_Phase.SEQUENCE.Word	LOADING RESOURCE SURFACE FROM DISK
3215057.559	Test_Phase.SEQUENCE.Word	LOADING RESOURCE SURFACE FROM DISK
3222924.314	Test_Phase.SEQUENCE.Word	LOADING RESOURCE SURFACE FROM DISK
3231307.671	Test_Phase.SEQUENCE.Word	LOADING RESOURCE SURFACE FROM DISK
3239074.46	Test_Phase.SEQUENCE.Word	LOADING RESOURCE SURFACE FROM DISK
3246690.703	Test_Phase.SEQUENCE.Word	LOADING RESOURCE SURFACE FROM DISK
3254324.302	Test_Phase.SEQUENCE.Word	LOADING RESOURCE SURFACE FROM DISK
3262242.418	Test_Phase.SEQUENCE.Word	LOADING RESOURCE SURFACE FROM DISK
3271649.112	Test_Phase.SEQUENCE.Word	LOADING RESOURCE SURFACE FROM DISK
3279290.832	Test_Phase.SEQUENCE.Word	LOADING RESOURCE SURFACE FROM DISK
3286944.834	Test_Phase.SEQUENCE.Word	LOADING RESOURCE SURFACE FROM DISK
3294540.727	Test_Phase.SEQUENCE.Word	LOADING RESOURCE SURFACE FROM DISK
3302158.403	Test_Phase.SEQUENCE.Word	LOADING RESOURCE SURFACE FROM DISK
3309891.124	Test_Phase.SEQUENCE.Word	LOADING RESOURCE SURFACE FROM DISK
3317524.166	Test_Phase.SEQUENCE.Word	LOADING RESOURCE SURFACE FROM DISK
3325174.186	Test_Phase.SEQUENCE.Word	LOADING RESOURCE SURFACE FROM DISK
3332990.878	Test_Phase.SEQUENCE.Word	LOADING RESOURCE SURFACE FROM DISK
3340857.438	Test_Phase.SEQUENCE.Word	LOADING RESOURCE SURFACE FROM DISK
3348474.22	Test_Phase.SEQUENCE.Word	LOADING RESOURCE SURFACE FROM DISK
3356007.417	Test_Phase.SEQUENCE.Word	LOADING RESOURCE SURFACE FROM DISK
3360072.299	DISPLAY_SCREEN	LOADING RESOURCE SURFACE FROM DISK
