5120.925	DISPLAY_SCREEN[1]	LOADING RESOURCE SURFACE FROM DISK
316949.927	Familiarization_Phase.SEQUENCE.Cue_and_Instruction	LOADING RESOURCE SURFACE FROM DISK
316954.152	Familiarization_Phase.SEQUENCE.Cue_and_Instruction	LOADING RESOURCE SURFACE FROM DISK
322986.455	Familiarization_Phase.SEQUENCE.Cue_and_Instruction	LOADING RESOURCE SURFACE FROM DISK
322990.862	Familiarization_Phase.SEQUENCE.Cue_and_Instruction	LOADING RESOURCE SURFACE FROM DISK
329036.844	Familiarization_Phase.SEQUENCE.Cue_and_Instruction	LOADING RESOURCE SURFACE FROM DISK
329041.31	Familiarization_Phase.SEQUENCE.Cue_and_Instruction	LOADING RESOURCE SURFACE FROM DISK
371451.601	DISPLAY_SCREEN[3]	LOADING RESOURCE SURFACE FROM DISK
492755.391	DISPLAY_SCREEN[5]	LOADING RESOURCE SURFACE FROM DISK
539127.219	Practice_Phase.SEQUENCE.Blink_Screen	LOADING RESOURCE SURFACE FROM DISK
540616.689	Practice_Phase.SEQUENCE.Practice_Luminance_Cue	LOADING RESOURCE SURFACE FROM DISK
540620.049	Practice_Phase.SEQUENCE.Practice_Luminance_Cue	LOADING RESOURCE SURFACE FROM DISK
540621.436	Practice_Phase.SEQUENCE.Practice_Luminance_Cue	flip time is later than desired time. Desired Time=540349 Flip Time=540633 Retrace Rate=16.641, prepareTime=296 flip request time 540621
541135.046	Practice_Phase.SEQUENCE.DISPLAY_SCREEN	LOADING RESOURCE SURFACE FROM DISK
541136.944	Practice_Phase.SEQUENCE.DISPLAY_SCREEN	flip time is later than desired time. Desired Time=541133 Flip Time=541149 Retrace Rate=16.641, prepareTime=27 flip request time 541136
542664.898	Practice_Phase.SEQUENCE.Practice_Instruction	LOADING RESOURCE SURFACE FROM DISK
542666.301	Practice_Phase.SEQUENCE.Practice_Instruction	flip time is later than desired time. Desired Time=542649 Flip Time=542683 Retrace Rate=16.641, prepareTime=40 flip request time 542666
549263.835	Practice_Phase.SEQUENCE.DISPLAY_SCREEN	LOADING RESOURCE SURFACE FROM DISK
549265.635	Practice_Phase.SEQUENCE.DISPLAY_SCREEN	flip time is later than desired time. Desired Time=549249 Flip Time=549283 Retrace Rate=16.641, prepareTime=39 flip request time 549265
550797.872	Practice_Phase.SEQUENCE.Practice_Instruction	LOADING RESOURCE SURFACE FROM DISK
550799.244	Practice_Phase.SEQUENCE.Practice_Instruction	flip time is later than desired time. Desired Time=550783 Flip Time=550816 Retrace Rate=16.641, prepareTime=40 flip request time 550799
557404.652	Practice_Phase.SEQUENCE.DISPLAY_SCREEN	LOADING RESOURCE SURFACE FROM DISK
557406.388	Practice_Phase.SEQUENCE.DISPLAY_SCREEN	flip time is later than desired time. Desired Time=557383 Flip Time=557416 Retrace Rate=16.641, prepareTime=47 flip request time 557406
558930.912	Practice_Phase.SEQUENCE.Practice_Instruction	LOADING RESOURCE SURFACE FROM DISK
558932.289	Practice_Phase.SEQUENCE.Practice_Instruction	flip time is later than desired time. Desired Time=558916 Flip Time=558949 Retrace Rate=16.641, prepareTime=40 flip request time 558932
565497.668	Practice_Phase.SEQUENCE.DISPLAY_SCREEN	LOADING RESOURCE SURFACE FROM DISK
566994.734	Practice_Phase.SEQUENCE.Practice_Instruction	LOADING RESOURCE SURFACE FROM DISK
573564.065	Practice_Phase.SEQUENCE.DISPLAY_SCREEN	LOADING RESOURCE SURFACE FROM DISK
575061.39	Practice_Phase.SEQUENCE.Practice_Instruction	LOADING RESOURCE SURFACE FROM DISK
581630.895	Practice_Phase.SEQUENCE.DISPLAY_SCREEN	LOADING RESOURCE SURFACE FROM DISK
583127.877	Practice_Phase.SEQUENCE.Practice_Instruction	LOADING RESOURCE SURFACE FROM DISK
589697.565	Practice_Phase.SEQUENCE.DISPLAY_SCREEN	LOADING RESOURCE SURFACE FROM DISK
591229.986	Practice_Phase.SEQUENCE.Practice_Instruction	LOADING RESOURCE SURFACE FROM DISK
591231.372	Practice_Phase.SEQUENCE.Practice_Instruction	flip time is later than desired time. Desired Time=591216 Flip Time=591249 Retrace Rate=16.641, prepareTime=39 flip request time 591231
597797.445	Practice_Phase.SEQUENCE.DISPLAY_SCREEN	LOADING RESOURCE SURFACE FROM DISK
599294.626	Practice_Phase.SEQUENCE.Practice_Instruction	LOADING RESOURCE SURFACE FROM DISK
605864.188	Practice_Phase.SEQUENCE.DISPLAY_SCREEN	LOADING RESOURCE SURFACE FROM DISK
607396.175	Practice_Phase.SEQUENCE.Practice_Instruction	LOADING RESOURCE SURFACE FROM DISK
607397.574	Practice_Phase.SEQUENCE.Practice_Instruction	flip time is later than desired time. Desired Time=607383 Flip Time=607416 Retrace Rate=16.641, prepareTime=38 flip request time 607397
612070.364	DISPLAY_SCREEN[2]	LOADING RESOURCE SURFACE FROM DISK
734805.874	Study_Phase.SEQUENCE.DISPLAY_SCREEN	LOADING RESOURCE SURFACE FROM DISK
736591.235	Study_Phase.SEQUENCE.Study_Instruction	LOADING RESOURCE SURFACE FROM DISK
744901.974	Study_Phase.SEQUENCE.Study_Instruction	LOADING RESOURCE SURFACE FROM DISK
753170.041	Study_Phase.SEQUENCE.Study_Instruction	LOADING RESOURCE SURFACE FROM DISK
759922.366	Study_Phase.SEQUENCE.DISPLAY_SCREEN	LOADING RESOURCE SURFACE FROM DISK
761473.742	Study_Phase.SEQUENCE.Study_Instruction	LOADING RESOURCE SURFACE FROM DISK
769778.891	Study_Phase.SEQUENCE.Study_Instruction	LOADING RESOURCE SURFACE FROM DISK
776539.134	Study_Phase.SEQUENCE.DISPLAY_SCREEN	LOADING RESOURCE SURFACE FROM DISK
778052.985	Study_Phase.SEQUENCE.Study_Instruction	LOADING RESOURCE SURFACE FROM DISK
786361.98	Study_Phase.SEQUENCE.Study_Instruction	LOADING RESOURCE SURFACE FROM DISK
794636.073	Study_Phase.SEQUENCE.Study_Instruction	LOADING RESOURCE SURFACE FROM DISK
802939.234	Study_Phase.SEQUENCE.Study_Instruction	LOADING RESOURCE SURFACE FROM DISK
811202.587	Study_Phase.SEQUENCE.Study_Instruction	LOADING RESOURCE SURFACE FROM DISK
819452.557	Study_Phase.SEQUENCE.Study_Instruction	LOADING RESOURCE SURFACE FROM DISK
826189.155	Study_Phase.SEQUENCE.DISPLAY_SCREEN	LOADING RESOURCE SURFACE FROM DISK
827744.682	Study_Phase.SEQUENCE.Study_Instruction	LOADING RESOURCE SURFACE FROM DISK
836057.573	Study_Phase.SEQUENCE.Study_Instruction	LOADING RESOURCE SURFACE FROM DISK
844371.284	Study_Phase.SEQUENCE.Study_Instruction	LOADING RESOURCE SURFACE FROM DISK
852619.809	Study_Phase.SEQUENCE.Study_Instruction	LOADING RESOURCE SURFACE FROM DISK
859372.615	Study_Phase.SEQUENCE.DISPLAY_SCREEN	LOADING RESOURCE SURFACE FROM DISK
860925.626	Study_Phase.SEQUENCE.Study_Instruction	LOADING RESOURCE SURFACE FROM DISK
869246.006	Study_Phase.SEQUENCE.Study_Instruction	LOADING RESOURCE SURFACE FROM DISK
876005.8	Study_Phase.SEQUENCE.DISPLAY_SCREEN	LOADING RESOURCE SURFACE FROM DISK
877562.898	Study_Phase.SEQUENCE.Study_Instruction	LOADING RESOURCE SURFACE FROM DISK
884322.656	Study_Phase.SEQUENCE.DISPLAY_SCREEN	LOADING RESOURCE SURFACE FROM DISK
885878.492	Study_Phase.SEQUENCE.Study_Instruction	LOADING RESOURCE SURFACE FROM DISK
892639.196	Study_Phase.SEQUENCE.DISPLAY_SCREEN	LOADING RESOURCE SURFACE FROM DISK
894153.313	Study_Phase.SEQUENCE.Study_Instruction	LOADING RESOURCE SURFACE FROM DISK
900889.136	Study_Phase.SEQUENCE.DISPLAY_SCREEN	LOADING RESOURCE SURFACE FROM DISK
902403.108	Study_Phase.SEQUENCE.Study_Instruction	LOADING RESOURCE SURFACE FROM DISK
910669.231	Study_Phase.SEQUENCE.Study_Instruction	LOADING RESOURCE SURFACE FROM DISK
918969.734	Study_Phase.SEQUENCE.Study_Instruction	LOADING RESOURCE SURFACE FROM DISK
927279.078	Study_Phase.SEQUENCE.Study_Instruction	LOADING RESOURCE SURFACE FROM DISK
935587.134	Study_Phase.SEQUENCE.Study_Instruction	LOADING RESOURCE SURFACE FROM DISK
942322.382	Study_Phase.SEQUENCE.DISPLAY_SCREEN	LOADING RESOURCE SURFACE FROM DISK
943836.444	Study_Phase.SEQUENCE.Study_Instruction	LOADING RESOURCE SURFACE FROM DISK
952121.741	Study_Phase.SEQUENCE.Study_Instruction	LOADING RESOURCE SURFACE FROM DISK
958872.442	Study_Phase.SEQUENCE.DISPLAY_SCREEN	LOADING RESOURCE SURFACE FROM DISK
960423.73	Study_Phase.SEQUENCE.Study_Instruction	LOADING RESOURCE SURFACE FROM DISK
968685.882	Study_Phase.SEQUENCE.Study_Instruction	LOADING RESOURCE SURFACE FROM DISK
976967.668	Study_Phase.SEQUENCE.Study_Instruction	LOADING RESOURCE SURFACE FROM DISK
985236.679	Study_Phase.SEQUENCE.Study_Instruction	LOADING RESOURCE SURFACE FROM DISK
991989.228	Study_Phase.SEQUENCE.DISPLAY_SCREEN	LOADING RESOURCE SURFACE FROM DISK
993503.19	Study_Phase.SEQUENCE.Study_Instruction	LOADING RESOURCE SURFACE FROM DISK
1001787.729	Study_Phase.SEQUENCE.Study_Instruction	LOADING RESOURCE SURFACE FROM DISK
1008539.15	Study_Phase.SEQUENCE.DISPLAY_SCREEN	LOADING RESOURCE SURFACE FROM DISK
1010087.542	Study_Phase.SEQUENCE.Study_Instruction	LOADING RESOURCE SURFACE FROM DISK
1018353.201	Study_Phase.SEQUENCE.Study_Instruction	LOADING RESOURCE SURFACE FROM DISK
1025105.7	Study_Phase.SEQUENCE.DISPLAY_SCREEN	LOADING RESOURCE SURFACE FROM DISK
1026661.013	Study_Phase.SEQUENCE.Study_Instruction	LOADING RESOURCE SURFACE FROM DISK
1034919.193	Study_Phase.SEQUENCE.Study_Instruction	LOADING RESOURCE SURFACE FROM DISK
1041672.499	Study_Phase.SEQUENCE.DISPLAY_SCREEN	LOADING RESOURCE SURFACE FROM DISK
1043228.413	Study_Phase.SEQUENCE.Study_Instruction	LOADING RESOURCE SURFACE FROM DISK
1051542.496	Study_Phase.SEQUENCE.Study_Instruction	LOADING RESOURCE SURFACE FROM DISK
1058305.867	Study_Phase.SEQUENCE.DISPLAY_SCREEN	LOADING RESOURCE SURFACE FROM DISK
1059861.56	Study_Phase.SEQUENCE.Study_Instruction	LOADING RESOURCE SURFACE FROM DISK
1068158.731	Study_Phase.SEQUENCE.Study_Instruction	LOADING RESOURCE SURFACE FROM DISK
1076436.526	Study_Phase.SEQUENCE.Study_Instruction	LOADING RESOURCE SURFACE FROM DISK
1083189.273	Study_Phase.SEQUENCE.DISPLAY_SCREEN	LOADING RESOURCE SURFACE FROM DISK
1084703.224	Study_Phase.SEQUENCE.Study_Instruction	LOADING RESOURCE SURFACE FROM DISK
1092987.481	Study_Phase.SEQUENCE.Study_Instruction	LOADING RESOURCE SURFACE FROM DISK
1101295.426	Study_Phase.SEQUENCE.Study_Instruction	LOADING RESOURCE SURFACE FROM DISK
1109569.214	Study_Phase.SEQUENCE.Study_Instruction	LOADING RESOURCE SURFACE FROM DISK
1117836.001	Study_Phase.SEQUENCE.Study_Instruction	LOADING RESOURCE SURFACE FROM DISK
1124589.189	Study_Phase.SEQUENCE.DISPLAY_SCREEN	LOADING RESOURCE SURFACE FROM DISK
1126116.876	Study_Phase.SEQUENCE.Study_Instruction	LOADING RESOURCE SURFACE FROM DISK
1134425.958	Study_Phase.SEQUENCE.Study_Instruction	LOADING RESOURCE SURFACE FROM DISK
1142738.227	Study_Phase.SEQUENCE.Study_Instruction	LOADING RESOURCE SURFACE FROM DISK
1149489.161	Study_Phase.SEQUENCE.DISPLAY_SCREEN	LOADING RESOURCE SURFACE FROM DISK
1151003.096	Study_Phase.SEQUENCE.Study_Instruction	LOADING RESOURCE SURFACE FROM DISK
1157755.711	Study_Phase.SEQUENCE.DISPLAY_SCREEN	LOADING RESOURCE SURFACE FROM DISK
1159315.144	Study_Phase.SEQUENCE.Study_Instruction	LOADING RESOURCE SURFACE FROM DISK
1167585.986	Study_Phase.SEQUENCE.Study_Instruction	LOADING RESOURCE SURFACE FROM DISK
1175891.942	Study_Phase.SEQUENCE.Study_Instruction	LOADING RESOURCE SURFACE FROM DISK
1184192.542	Study_Phase.SEQUENCE.Study_Instruction	LOADING RESOURCE SURFACE FROM DISK
1190955.905	Study_Phase.SEQUENCE.DISPLAY_SCREEN	LOADING RESOURCE SURFACE FROM DISK
1192515.054	Study_Phase.SEQUENCE.Study_Instruction	LOADING RESOURCE SURFACE FROM DISK
1199272.37	Study_Phase.SEQUENCE.DISPLAY_SCREEN	LOADING RESOURCE SURFACE FROM DISK
1200786.532	Study_Phase.SEQUENCE.Study_Instruction	LOADING RESOURCE SURFACE FROM DISK
1209052.581	Study_Phase.SEQUENCE.Study_Instruction	LOADING RESOURCE SURFACE FROM DISK
1217336.795	Study_Phase.SEQUENCE.Study_Instruction	LOADING RESOURCE SURFACE FROM DISK
1225622.999	Study_Phase.SEQUENCE.Study_Instruction	LOADING RESOURCE SURFACE FROM DISK
1232355.948	Study_Phase.SEQUENCE.DISPLAY_SCREEN	LOADING RESOURCE SURFACE FROM DISK
1233904.959	Study_Phase.SEQUENCE.Study_Instruction	LOADING RESOURCE SURFACE FROM DISK
1242169.259	Study_Phase.SEQUENCE.Study_Instruction	LOADING RESOURCE SURFACE FROM DISK
1248905.874	Study_Phase.SEQUENCE.DISPLAY_SCREEN	LOADING RESOURCE SURFACE FROM DISK
1250459.558	Study_Phase.SEQUENCE.Study_Instruction	LOADING RESOURCE SURFACE FROM DISK
1258775.468	Study_Phase.SEQUENCE.Study_Instruction	LOADING RESOURCE SURFACE FROM DISK
1267052.591	Study_Phase.SEQUENCE.Study_Instruction	LOADING RESOURCE SURFACE FROM DISK
1273805.866	Study_Phase.SEQUENCE.DISPLAY_SCREEN	LOADING RESOURCE SURFACE FROM DISK
1275357.631	Study_Phase.SEQUENCE.Study_Instruction	LOADING RESOURCE SURFACE FROM DISK
1282105.79	Study_Phase.SEQUENCE.DISPLAY_SCREEN	LOADING RESOURCE SURFACE FROM DISK
1283653.56	Study_Phase.SEQUENCE.Study_Instruction	LOADING RESOURCE SURFACE FROM DISK
1290405.765	Study_Phase.SEQUENCE.DISPLAY_SCREEN	LOADING RESOURCE SURFACE FROM DISK
1291955.415	Study_Phase.SEQUENCE.Study_Instruction	LOADING RESOURCE SURFACE FROM DISK
1300254.956	Study_Phase.SEQUENCE.Study_Instruction	LOADING RESOURCE SURFACE FROM DISK
1307005.822	Study_Phase.SEQUENCE.DISPLAY_SCREEN	LOADING RESOURCE SURFACE FROM DISK
1308553.59	Study_Phase.SEQUENCE.Study_Instruction	LOADING RESOURCE SURFACE FROM DISK
1315305.967	Study_Phase.SEQUENCE.DISPLAY_SCREEN	LOADING RESOURCE SURFACE FROM DISK
1316855.665	Study_Phase.SEQUENCE.Study_Instruction	LOADING RESOURCE SURFACE FROM DISK
1325120.093	Study_Phase.SEQUENCE.Study_Instruction	LOADING RESOURCE SURFACE FROM DISK
1331839.18	Study_Phase.SEQUENCE.DISPLAY_SCREEN	LOADING RESOURCE SURFACE FROM DISK
1333353.166	Study_Phase.SEQUENCE.Study_Instruction	LOADING RESOURCE SURFACE FROM DISK
1341656.975	Study_Phase.SEQUENCE.Study_Instruction	LOADING RESOURCE SURFACE FROM DISK
1348405.897	Study_Phase.SEQUENCE.DISPLAY_SCREEN	LOADING RESOURCE SURFACE FROM DISK
1349953.319	Study_Phase.SEQUENCE.Study_Instruction	LOADING RESOURCE SURFACE FROM DISK
1358253.818	Study_Phase.SEQUENCE.Study_Instruction	LOADING RESOURCE SURFACE FROM DISK
1365005.975	Study_Phase.SEQUENCE.DISPLAY_SCREEN	LOADING RESOURCE SURFACE FROM DISK
1366553.147	Study_Phase.SEQUENCE.Study_Instruction	LOADING RESOURCE SURFACE FROM DISK
1374841.582	Study_Phase.SEQUENCE.Study_Instruction	LOADING RESOURCE SURFACE FROM DISK
1383119.272	Study_Phase.SEQUENCE.Study_Instruction	LOADING RESOURCE SURFACE FROM DISK
1389872.512	Study_Phase.SEQUENCE.DISPLAY_SCREEN	LOADING RESOURCE SURFACE FROM DISK
1391386.437	Study_Phase.SEQUENCE.Study_Instruction	LOADING RESOURCE SURFACE FROM DISK
1399674.694	Study_Phase.SEQUENCE.Study_Instruction	LOADING RESOURCE SURFACE FROM DISK
1406439.044	Study_Phase.SEQUENCE.DISPLAY_SCREEN	LOADING RESOURCE SURFACE FROM DISK
1407994.713	Study_Phase.SEQUENCE.Study_Instruction	LOADING RESOURCE SURFACE FROM DISK
1414755.985	Study_Phase.SEQUENCE.DISPLAY_SCREEN	LOADING RESOURCE SURFACE FROM DISK
1416302.667	Study_Phase.SEQUENCE.Study_Instruction	LOADING RESOURCE SURFACE FROM DISK
1423055.739	Study_Phase.SEQUENCE.DISPLAY_SCREEN	LOADING RESOURCE SURFACE FROM DISK
1424605.507	Study_Phase.SEQUENCE.Study_Instruction	LOADING RESOURCE SURFACE FROM DISK
1432906.827	Study_Phase.SEQUENCE.Study_Instruction	LOADING RESOURCE SURFACE FROM DISK
1439655.921	Study_Phase.SEQUENCE.DISPLAY_SCREEN	LOADING RESOURCE SURFACE FROM DISK
1441203.084	Study_Phase.SEQUENCE.Study_Instruction	LOADING RESOURCE SURFACE FROM DISK
1449505.813	Study_Phase.SEQUENCE.Study_Instruction	LOADING RESOURCE SURFACE FROM DISK
1457802.832	Study_Phase.SEQUENCE.Study_Instruction	LOADING RESOURCE SURFACE FROM DISK
1464555.904	Study_Phase.SEQUENCE.DISPLAY_SCREEN	LOADING RESOURCE SURFACE FROM DISK
1466102.887	Study_Phase.SEQUENCE.Study_Instruction	LOADING RESOURCE SURFACE FROM DISK
1474369.29	Study_Phase.SEQUENCE.Study_Instruction	LOADING RESOURCE SURFACE FROM DISK
1482672.04	Study_Phase.SEQUENCE.Study_Instruction	LOADING RESOURCE SURFACE FROM DISK
1490971.306	Study_Phase.SEQUENCE.Study_Instruction	LOADING RESOURCE SURFACE FROM DISK
1497722.375	Study_Phase.SEQUENCE.DISPLAY_SCREEN	LOADING RESOURCE SURFACE FROM DISK
1499236.447	Study_Phase.SEQUENCE.Study_Instruction	LOADING RESOURCE SURFACE FROM DISK
1505989.098	Study_Phase.SEQUENCE.DISPLAY_SCREEN	LOADING RESOURCE SURFACE FROM DISK
1507503.12	Study_Phase.SEQUENCE.Study_Instruction	LOADING RESOURCE SURFACE FROM DISK
1515769.276	Study_Phase.SEQUENCE.Study_Instruction	LOADING RESOURCE SURFACE FROM DISK
1522522.44	Study_Phase.SEQUENCE.DISPLAY_SCREEN	LOADING RESOURCE SURFACE FROM DISK
1524072.016	Study_Phase.SEQUENCE.Study_Instruction	LOADING RESOURCE SURFACE FROM DISK
1532374.564	Study_Phase.SEQUENCE.Study_Instruction	LOADING RESOURCE SURFACE FROM DISK
1539139.187	Study_Phase.SEQUENCE.DISPLAY_SCREEN	LOADING RESOURCE SURFACE FROM DISK
1540688.765	Study_Phase.SEQUENCE.Study_Instruction	LOADING RESOURCE SURFACE FROM DISK
1547439.143	Study_Phase.SEQUENCE.DISPLAY_SCREEN	LOADING RESOURCE SURFACE FROM DISK
1548991.142	Study_Phase.SEQUENCE.Study_Instruction	LOADING RESOURCE SURFACE FROM DISK
1557310.279	Study_Phase.SEQUENCE.Study_Instruction	LOADING RESOURCE SURFACE FROM DISK
1564072.375	Study_Phase.SEQUENCE.DISPLAY_SCREEN	LOADING RESOURCE SURFACE FROM DISK
1565625.716	Study_Phase.SEQUENCE.Study_Instruction	LOADING RESOURCE SURFACE FROM DISK
1573885.885	Study_Phase.SEQUENCE.Study_Instruction	LOADING RESOURCE SURFACE FROM DISK
1582192.116	Study_Phase.SEQUENCE.Study_Instruction	LOADING RESOURCE SURFACE FROM DISK
1588955.858	Study_Phase.SEQUENCE.DISPLAY_SCREEN	LOADING RESOURCE SURFACE FROM DISK
1590469.794	Study_Phase.SEQUENCE.Study_Instruction	LOADING RESOURCE SURFACE FROM DISK
1597222.396	Study_Phase.SEQUENCE.DISPLAY_SCREEN	LOADING RESOURCE SURFACE FROM DISK
1598736.444	Study_Phase.SEQUENCE.Study_Instruction	LOADING RESOURCE SURFACE FROM DISK
1605489.202	Study_Phase.SEQUENCE.DISPLAY_SCREEN	LOADING RESOURCE SURFACE FROM DISK
1607022.745	Study_Phase.SEQUENCE.Study_Instruction	LOADING RESOURCE SURFACE FROM DISK
1615322.095	Study_Phase.SEQUENCE.Study_Instruction	LOADING RESOURCE SURFACE FROM DISK
1623585.905	Study_Phase.SEQUENCE.Study_Instruction	LOADING RESOURCE SURFACE FROM DISK
1631887.075	Study_Phase.SEQUENCE.Study_Instruction	LOADING RESOURCE SURFACE FROM DISK
1638622.457	Study_Phase.SEQUENCE.DISPLAY_SCREEN	LOADING RESOURCE SURFACE FROM DISK
1640178.684	Study_Phase.SEQUENCE.Study_Instruction	LOADING RESOURCE SURFACE FROM DISK
1648496.734	Study_Phase.SEQUENCE.Study_Instruction	LOADING RESOURCE SURFACE FROM DISK
1655255.993	Study_Phase.SEQUENCE.DISPLAY_SCREEN	LOADING RESOURCE SURFACE FROM DISK
1656769.866	Study_Phase.SEQUENCE.Study_Instruction	LOADING RESOURCE SURFACE FROM DISK
1665057.54	Study_Phase.SEQUENCE.Study_Instruction	LOADING RESOURCE SURFACE FROM DISK
1671822.398	Study_Phase.SEQUENCE.DISPLAY_SCREEN	LOADING RESOURCE SURFACE FROM DISK
1673376.983	Study_Phase.SEQUENCE.Study_Instruction	LOADING RESOURCE SURFACE FROM DISK
1681652.883	Study_Phase.SEQUENCE.Study_Instruction	LOADING RESOURCE SURFACE FROM DISK
1688406.016	Study_Phase.SEQUENCE.DISPLAY_SCREEN	LOADING RESOURCE SURFACE FROM DISK
1689919.874	Study_Phase.SEQUENCE.Study_Instruction	LOADING RESOURCE SURFACE FROM DISK
1698220.335	Study_Phase.SEQUENCE.Study_Instruction	LOADING RESOURCE SURFACE FROM DISK
1706528.145	Study_Phase.SEQUENCE.Study_Instruction	LOADING RESOURCE SURFACE FROM DISK
1713289.178	Study_Phase.SEQUENCE.DISPLAY_SCREEN	LOADING RESOURCE SURFACE FROM DISK
1714845.494	Study_Phase.SEQUENCE.Study_Instruction	LOADING RESOURCE SURFACE FROM DISK
1723119.313	Study_Phase.SEQUENCE.Study_Instruction	LOADING RESOURCE SURFACE FROM DISK
1727828.099	DISPLAY_SCREEN[7]	LOADING RESOURCE SURFACE FROM DISK
1851279.452	Test_Phase.SEQUENCE.Target_Cue	LOADING RESOURCE SURFACE FROM DISK
1851289.841	Test_Phase.SEQUENCE.Target_Cue	LOADING RESOURCE SURFACE FROM DISK
1853338.734	Test_Phase.SEQUENCE.Word	LOADING RESOURCE SURFACE FROM DISK
1856352.552	Test_Phase.SEQUENCE.Test_Question	LOADING RESOURCE SURFACE FROM DISK
1856390.786	Test_Phase.SEQUENCE.Test_Question	LOADING RESOURCE SURFACE FROM DISK
1856401.262	Test_Phase.SEQUENCE.Test_Question	LOADING RESOURCE SURFACE FROM DISK
1856403.078	Test_Phase.SEQUENCE.Test_Question	LOADING RESOURCE SURFACE FROM DISK
1856404.956	Test_Phase.SEQUENCE.Test_Question	LOADING RESOURCE SURFACE FROM DISK
1856406.737	Test_Phase.SEQUENCE.Test_Question	LOADING RESOURCE SURFACE FROM DISK
1856408.522	Test_Phase.SEQUENCE.Test_Question	LOADING RESOURCE SURFACE FROM DISK
1856410.277	Test_Phase.SEQUENCE.Test_Question	LOADING RESOURCE SURFACE FROM DISK
1856412.141	Test_Phase.SEQUENCE.Test_Question	LOADING RESOURCE SURFACE FROM DISK
1856413.89	Test_Phase.SEQUENCE.Test_Question	LOADING RESOURCE SURFACE FROM DISK
1856415.783	Test_Phase.SEQUENCE.Test_Question	LOADING RESOURCE SURFACE FROM DISK
1856417.636	Test_Phase.SEQUENCE.Test_Question	LOADING RESOURCE SURFACE FROM DISK
1862486.052	Test_Phase.SEQUENCE.Word	LOADING RESOURCE SURFACE FROM DISK
1871286.398	Test_Phase.SEQUENCE.Word	LOADING RESOURCE SURFACE FROM DISK
1880491.794	Test_Phase.SEQUENCE.Word	LOADING RESOURCE SURFACE FROM DISK
1888077.177	Test_Phase.SEQUENCE.Word	LOADING RESOURCE SURFACE FROM DISK
1895402.714	Test_Phase.SEQUENCE.Word	LOADING RESOURCE SURFACE FROM DISK
1903552.621	Test_Phase.SEQUENCE.Word	LOADING RESOURCE SURFACE FROM DISK
1910843.356	Test_Phase.SEQUENCE.Word	LOADING RESOURCE SURFACE FROM DISK
1918036.107	Test_Phase.SEQUENCE.Word	LOADING RESOURCE SURFACE FROM DISK
1925419.408	Test_Phase.SEQUENCE.Word	LOADING RESOURCE SURFACE FROM DISK
1932869.341	Test_Phase.SEQUENCE.Word	LOADING RESOURCE SURFACE FROM DISK
1940437.301	Test_Phase.SEQUENCE.Word	LOADING RESOURCE SURFACE FROM DISK
1949119.644	Test_Phase.SEQUENCE.Word	LOADING RESOURCE SURFACE FROM DISK
1956286.108	Test_Phase.SEQUENCE.Word	LOADING RESOURCE SURFACE FROM DISK
1963469.487	Test_Phase.SEQUENCE.Word	LOADING RESOURCE SURFACE FROM DISK
1977735.945	Test_Phase.SEQUENCE.Word	LOADING RESOURCE SURFACE FROM DISK
1985735.852	Test_Phase.SEQUENCE.Word	LOADING RESOURCE SURFACE FROM DISK
1994252.562	Test_Phase.SEQUENCE.Word	LOADING RESOURCE SURFACE FROM DISK
2001586.916	Test_Phase.SEQUENCE.Word	LOADING RESOURCE SURFACE FROM DISK
2010111.182	Test_Phase.SEQUENCE.Word	LOADING RESOURCE SURFACE FROM DISK
2018519.312	Test_Phase.SEQUENCE.Word	LOADING RESOURCE SURFACE FROM DISK
2026901.599	Test_Phase.SEQUENCE.Word	LOADING RESOURCE SURFACE FROM DISK
2036469.386	Test_Phase.SEQUENCE.Word	LOADING RESOURCE SURFACE FROM DISK
2043602.692	Test_Phase.SEQUENCE.Word	LOADING RESOURCE SURFACE FROM DISK
2050969.313	Test_Phase.SEQUENCE.Word	LOADING RESOURCE SURFACE FROM DISK
2059302.615	Test_Phase.SEQUENCE.Word	LOADING RESOURCE SURFACE FROM DISK
2066406.534	Test_Phase.SEQUENCE.Word	LOADING RESOURCE SURFACE FROM DISK
2073486.335	Test_Phase.SEQUENCE.Word	LOADING RESOURCE SURFACE FROM DISK
2081036.216	Test_Phase.SEQUENCE.Word	LOADING RESOURCE SURFACE FROM DISK
2088569.231	Test_Phase.SEQUENCE.Word	LOADING RESOURCE SURFACE FROM DISK
2097685.959	Test_Phase.SEQUENCE.Word	LOADING RESOURCE SURFACE FROM DISK
2106836.115	Test_Phase.SEQUENCE.Word	LOADING RESOURCE SURFACE FROM DISK
2114752.806	Test_Phase.SEQUENCE.Word	LOADING RESOURCE SURFACE FROM DISK
2122923.338	Test_Phase.SEQUENCE.Word	LOADING RESOURCE SURFACE FROM DISK
2130151.58	Test_Phase.SEQUENCE.Word	LOADING RESOURCE SURFACE FROM DISK
2138551.734	Test_Phase.SEQUENCE.Word	LOADING RESOURCE SURFACE FROM DISK
2146903.858	Test_Phase.SEQUENCE.Word	LOADING RESOURCE SURFACE FROM DISK
2155271.627	Test_Phase.SEQUENCE.Word	LOADING RESOURCE SURFACE FROM DISK
2162802.55	Test_Phase.SEQUENCE.Word	LOADING RESOURCE SURFACE FROM DISK
2169990.16	Test_Phase.SEQUENCE.Word	LOADING RESOURCE SURFACE FROM DISK
2177902.576	Test_Phase.SEQUENCE.Word	LOADING RESOURCE SURFACE FROM DISK
2185085.967	Test_Phase.SEQUENCE.Word	LOADING RESOURCE SURFACE FROM DISK
2194486.085	Test_Phase.SEQUENCE.Word	LOADING RESOURCE SURFACE FROM DISK
2201626.218	Test_Phase.SEQUENCE.Word	LOADING RESOURCE SURFACE FROM DISK
2210070.801	Test_Phase.SEQUENCE.Word	LOADING RESOURCE SURFACE FROM DISK
2217252.744	Test_Phase.SEQUENCE.Word	LOADING RESOURCE SURFACE FROM DISK
2224523.098	Test_Phase.SEQUENCE.Word	LOADING RESOURCE SURFACE FROM DISK
2231778.3	Test_Phase.SEQUENCE.Word	LOADING RESOURCE SURFACE FROM DISK
2239719.969	Test_Phase.SEQUENCE.Word	LOADING RESOURCE SURFACE FROM DISK
2247143.794	Test_Phase.SEQUENCE.Word	LOADING RESOURCE SURFACE FROM DISK
2255102.603	Test_Phase.SEQUENCE.Word	LOADING RESOURCE SURFACE FROM DISK
2262656.656	Test_Phase.SEQUENCE.Word	LOADING RESOURCE SURFACE FROM DISK
2270456.701	Test_Phase.SEQUENCE.Word	LOADING RESOURCE SURFACE FROM DISK
2277623.865	Test_Phase.SEQUENCE.Word	LOADING RESOURCE SURFACE FROM DISK
2284835.854	Test_Phase.SEQUENCE.Word	LOADING RESOURCE SURFACE FROM DISK
2292219.279	Test_Phase.SEQUENCE.Word	LOADING RESOURCE SURFACE FROM DISK
2300721.032	Test_Phase.SEQUENCE.Word	LOADING RESOURCE SURFACE FROM DISK
2307845.511	Test_Phase.SEQUENCE.Word	LOADING RESOURCE SURFACE FROM DISK
2315797.829	Test_Phase.SEQUENCE.Word	LOADING RESOURCE SURFACE FROM DISK
2324156.373	Test_Phase.SEQUENCE.Word	LOADING RESOURCE SURFACE FROM DISK
2331869.153	Test_Phase.SEQUENCE.Word	LOADING RESOURCE SURFACE FROM DISK
2339943.035	Test_Phase.SEQUENCE.Word	LOADING RESOURCE SURFACE FROM DISK
2350119.24	Test_Phase.SEQUENCE.Word	LOADING RESOURCE SURFACE FROM DISK
2357577.11	Test_Phase.SEQUENCE.Word	LOADING RESOURCE SURFACE FROM DISK
2364931.699	Test_Phase.SEQUENCE.Word	LOADING RESOURCE SURFACE FROM DISK
2372635.865	Test_Phase.SEQUENCE.Word	LOADING RESOURCE SURFACE FROM DISK
2380153.581	Test_Phase.SEQUENCE.Word	LOADING RESOURCE SURFACE FROM DISK
2387720.26	Test_Phase.SEQUENCE.Word	LOADING RESOURCE SURFACE FROM DISK
2395462.366	Test_Phase.SEQUENCE.Word	LOADING RESOURCE SURFACE FROM DISK
2402625.194	Test_Phase.SEQUENCE.Word	LOADING RESOURCE SURFACE FROM DISK
2412052.864	Test_Phase.SEQUENCE.Word	LOADING RESOURCE SURFACE FROM DISK
2422294.081	Test_Phase.SEQUENCE.Word	LOADING RESOURCE SURFACE FROM DISK
2429819.339	Test_Phase.SEQUENCE.Word	LOADING RESOURCE SURFACE FROM DISK
2437606.188	Test_Phase.SEQUENCE.Word	LOADING RESOURCE SURFACE FROM DISK
2445579.365	Test_Phase.SEQUENCE.Word	LOADING RESOURCE SURFACE FROM DISK
2453371.399	Test_Phase.SEQUENCE.Word	LOADING RESOURCE SURFACE FROM DISK
2460402.602	Test_Phase.SEQUENCE.Word	LOADING RESOURCE SURFACE FROM DISK
2467495.805	Test_Phase.SEQUENCE.Word	LOADING RESOURCE SURFACE FROM DISK
2477637.634	Test_Phase.SEQUENCE.Word	LOADING RESOURCE SURFACE FROM DISK
2488039.331	Test_Phase.SEQUENCE.Word	LOADING RESOURCE SURFACE FROM DISK
2496028.099	Test_Phase.SEQUENCE.Word	LOADING RESOURCE SURFACE FROM DISK
2510303.149	Test_Phase.SEQUENCE.Word	LOADING RESOURCE SURFACE FROM DISK
2520939.211	Test_Phase.SEQUENCE.Word	LOADING RESOURCE SURFACE FROM DISK
2529002.593	Test_Phase.SEQUENCE.Word	LOADING RESOURCE SURFACE FROM DISK
2536419.148	Test_Phase.SEQUENCE.Word	LOADING RESOURCE SURFACE FROM DISK
2546704.02	Test_Phase.SEQUENCE.Word	LOADING RESOURCE SURFACE FROM DISK
2553874.601	Test_Phase.SEQUENCE.Word	LOADING RESOURCE SURFACE FROM DISK
2560952.532	Test_Phase.SEQUENCE.Word	LOADING RESOURCE SURFACE FROM DISK
2568055.888	Test_Phase.SEQUENCE.Word	LOADING RESOURCE SURFACE FROM DISK
2576812.156	Test_Phase.SEQUENCE.Word	LOADING RESOURCE SURFACE FROM DISK
2584919.088	Test_Phase.SEQUENCE.Word	LOADING RESOURCE SURFACE FROM DISK
2592069.836	Test_Phase.SEQUENCE.Word	LOADING RESOURCE SURFACE FROM DISK
2599436.716	Test_Phase.SEQUENCE.Word	LOADING RESOURCE SURFACE FROM DISK
2606652.541	Test_Phase.SEQUENCE.Word	LOADING RESOURCE SURFACE FROM DISK
2614209.341	Test_Phase.SEQUENCE.Word	LOADING RESOURCE SURFACE FROM DISK
2621353.485	Test_Phase.SEQUENCE.Word	LOADING RESOURCE SURFACE FROM DISK
2628552.438	Test_Phase.SEQUENCE.Word	LOADING RESOURCE SURFACE FROM DISK
2635657.697	Test_Phase.SEQUENCE.Word	LOADING RESOURCE SURFACE FROM DISK
2642669.147	Test_Phase.SEQUENCE.Word	LOADING RESOURCE SURFACE FROM DISK
2649729.487	Test_Phase.SEQUENCE.Word	LOADING RESOURCE SURFACE FROM DISK
2656797.66	Test_Phase.SEQUENCE.Word	LOADING RESOURCE SURFACE FROM DISK
2663919.091	Test_Phase.SEQUENCE.Word	LOADING RESOURCE SURFACE FROM DISK
2671010.539	Test_Phase.SEQUENCE.Word	LOADING RESOURCE SURFACE FROM DISK
2678185.993	Test_Phase.SEQUENCE.Word	LOADING RESOURCE SURFACE FROM DISK
2685519.554	Test_Phase.SEQUENCE.Word	LOADING RESOURCE SURFACE FROM DISK
2692943.038	Test_Phase.SEQUENCE.Word	LOADING RESOURCE SURFACE FROM DISK
2700054.556	Test_Phase.SEQUENCE.Word	LOADING RESOURCE SURFACE FROM DISK
2707119.305	Test_Phase.SEQUENCE.Word	LOADING RESOURCE SURFACE FROM DISK
2714619.771	Test_Phase.SEQUENCE.Word	LOADING RESOURCE SURFACE FROM DISK
2722819.263	Test_Phase.SEQUENCE.Word	LOADING RESOURCE SURFACE FROM DISK
2730305.402	Test_Phase.SEQUENCE.Word	LOADING RESOURCE SURFACE FROM DISK
2737390.973	Test_Phase.SEQUENCE.Word	LOADING RESOURCE SURFACE FROM DISK
2744507.577	Test_Phase.SEQUENCE.Word	LOADING RESOURCE SURFACE FROM DISK
2751952.608	Test_Phase.SEQUENCE.Word	LOADING RESOURCE SURFACE FROM DISK
2758985.979	Test_Phase.SEQUENCE.Word	LOADING RESOURCE SURFACE FROM DISK
2766019.134	Test_Phase.SEQUENCE.Word	LOADING RESOURCE SURFACE FROM DISK
2773038.572	Test_Phase.SEQUENCE.Word	LOADING RESOURCE SURFACE FROM DISK
2780472.288	Test_Phase.SEQUENCE.Word	LOADING RESOURCE SURFACE FROM DISK
2787519.366	Test_Phase.SEQUENCE.Word	LOADING RESOURCE SURFACE FROM DISK
2795928.034	Test_Phase.SEQUENCE.Word	LOADING RESOURCE SURFACE FROM DISK
2803873.453	Test_Phase.SEQUENCE.Word	LOADING RESOURCE SURFACE FROM DISK
2810952.604	Test_Phase.SEQUENCE.Word	LOADING RESOURCE SURFACE FROM DISK
2818002.821	Test_Phase.SEQUENCE.Word	LOADING RESOURCE SURFACE FROM DISK
2825173.884	Test_Phase.SEQUENCE.Word	LOADING RESOURCE SURFACE FROM DISK
2832186.163	Test_Phase.SEQUENCE.Word	LOADING RESOURCE SURFACE FROM DISK
2839269.294	Test_Phase.SEQUENCE.Word	LOADING RESOURCE SURFACE FROM DISK
2846393.994	Test_Phase.SEQUENCE.Word	LOADING RESOURCE SURFACE FROM DISK
2853590.237	Test_Phase.SEQUENCE.Word	LOADING RESOURCE SURFACE FROM DISK
2861669.443	Test_Phase.SEQUENCE.Word	LOADING RESOURCE SURFACE FROM DISK
2869752.516	Test_Phase.SEQUENCE.Word	LOADING RESOURCE SURFACE FROM DISK
2878112.784	Test_Phase.SEQUENCE.Word	LOADING RESOURCE SURFACE FROM DISK
2885202.74	Test_Phase.SEQUENCE.Word	LOADING RESOURCE SURFACE FROM DISK
2892991.749	Test_Phase.SEQUENCE.Word	LOADING RESOURCE SURFACE FROM DISK
2900335.628	Test_Phase.SEQUENCE.Word	LOADING RESOURCE SURFACE FROM DISK
2907385.763	Test_Phase.SEQUENCE.Word	LOADING RESOURCE SURFACE FROM DISK
2914452.851	Test_Phase.SEQUENCE.Word	LOADING RESOURCE SURFACE FROM DISK
2922068.9	Test_Phase.SEQUENCE.Word	LOADING RESOURCE SURFACE FROM DISK
2929423.567	Test_Phase.SEQUENCE.Word	LOADING RESOURCE SURFACE FROM DISK
2937224.671	Test_Phase.SEQUENCE.Word	LOADING RESOURCE SURFACE FROM DISK
2945636.065	Test_Phase.SEQUENCE.Word	LOADING RESOURCE SURFACE FROM DISK
2952736.282	Test_Phase.SEQUENCE.Word	LOADING RESOURCE SURFACE FROM DISK
2959789.357	Test_Phase.SEQUENCE.Word	LOADING RESOURCE SURFACE FROM DISK
2966859.723	Test_Phase.SEQUENCE.Word	LOADING RESOURCE SURFACE FROM DISK
2974042.922	Test_Phase.SEQUENCE.Word	LOADING RESOURCE SURFACE FROM DISK
2981134.637	Test_Phase.SEQUENCE.Word	LOADING RESOURCE SURFACE FROM DISK
2988187.386	Test_Phase.SEQUENCE.Word	LOADING RESOURCE SURFACE FROM DISK
2995185.898	Test_Phase.SEQUENCE.Word	LOADING RESOURCE SURFACE FROM DISK
3002219.817	Test_Phase.SEQUENCE.Word	LOADING RESOURCE SURFACE FROM DISK
3009252.593	Test_Phase.SEQUENCE.Word	LOADING RESOURCE SURFACE FROM DISK
3016252.464	Test_Phase.SEQUENCE.Word	LOADING RESOURCE SURFACE FROM DISK
3023292.935	Test_Phase.SEQUENCE.Word	LOADING RESOURCE SURFACE FROM DISK
3030419.152	Test_Phase.SEQUENCE.Word	LOADING RESOURCE SURFACE FROM DISK
3037522.064	Test_Phase.SEQUENCE.Word	LOADING RESOURCE SURFACE FROM DISK
3044602.521	Test_Phase.SEQUENCE.Word	LOADING RESOURCE SURFACE FROM DISK
3051588.675	Test_Phase.SEQUENCE.Word	LOADING RESOURCE SURFACE FROM DISK
3058769.254	Test_Phase.SEQUENCE.Word	LOADING RESOURCE SURFACE FROM DISK
3065787.919	Test_Phase.SEQUENCE.Word	LOADING RESOURCE SURFACE FROM DISK
3073069.198	Test_Phase.SEQUENCE.Word	LOADING RESOURCE SURFACE FROM DISK
3080159.012	Test_Phase.SEQUENCE.Word	LOADING RESOURCE SURFACE FROM DISK
3087508.586	Test_Phase.SEQUENCE.Word	LOADING RESOURCE SURFACE FROM DISK
3094341.43	Test_Phase.SEQUENCE.Word	LOADING RESOURCE SURFACE FROM DISK
3101406.326	Test_Phase.SEQUENCE.Word	LOADING RESOURCE SURFACE FROM DISK
3108524.777	Test_Phase.SEQUENCE.Word	LOADING RESOURCE SURFACE FROM DISK
3115605.389	Test_Phase.SEQUENCE.Word	LOADING RESOURCE SURFACE FROM DISK
3122762.723	Test_Phase.SEQUENCE.Word	LOADING RESOURCE SURFACE FROM DISK
3130024.111	Test_Phase.SEQUENCE.Word	LOADING RESOURCE SURFACE FROM DISK
3138019.315	Test_Phase.SEQUENCE.Word	LOADING RESOURCE SURFACE FROM DISK
3145039.1	Test_Phase.SEQUENCE.Word	LOADING RESOURCE SURFACE FROM DISK
3152106.919	Test_Phase.SEQUENCE.Word	LOADING RESOURCE SURFACE FROM DISK
3159228.783	Test_Phase.SEQUENCE.Word	LOADING RESOURCE SURFACE FROM DISK
3166069.43	Test_Phase.SEQUENCE.Word	LOADING RESOURCE SURFACE FROM DISK
3173390.147	Test_Phase.SEQUENCE.Word	LOADING RESOURCE SURFACE FROM DISK
3180486.16	Test_Phase.SEQUENCE.Word	LOADING RESOURCE SURFACE FROM DISK
3187705.351	Test_Phase.SEQUENCE.Word	LOADING RESOURCE SURFACE FROM DISK
3194736.082	Test_Phase.SEQUENCE.Word	LOADING RESOURCE SURFACE FROM DISK
3201838.789	Test_Phase.SEQUENCE.Word	LOADING RESOURCE SURFACE FROM DISK
3209226.772	Test_Phase.SEQUENCE.Word	LOADING RESOURCE SURFACE FROM DISK
3216391.202	Test_Phase.SEQUENCE.Word	LOADING RESOURCE SURFACE FROM DISK
3223492.0	Test_Phase.SEQUENCE.Word	LOADING RESOURCE SURFACE FROM DISK
3230569.337	Test_Phase.SEQUENCE.Word	LOADING RESOURCE SURFACE FROM DISK
3239978.686	Test_Phase.SEQUENCE.Word	LOADING RESOURCE SURFACE FROM DISK
3247122.674	Test_Phase.SEQUENCE.Word	LOADING RESOURCE SURFACE FROM DISK
3254804.786	Test_Phase.SEQUENCE.Word	LOADING RESOURCE SURFACE FROM DISK
3261935.707	Test_Phase.SEQUENCE.Word	LOADING RESOURCE SURFACE FROM DISK
3269557.649	Test_Phase.SEQUENCE.Word	LOADING RESOURCE SURFACE FROM DISK
3276735.745	Test_Phase.SEQUENCE.Word	LOADING RESOURCE SURFACE FROM DISK
3283769.174	Test_Phase.SEQUENCE.Word	LOADING RESOURCE SURFACE FROM DISK
3290824.073	Test_Phase.SEQUENCE.Word	LOADING RESOURCE SURFACE FROM DISK
3297877.21	Test_Phase.SEQUENCE.Word	LOADING RESOURCE SURFACE FROM DISK
3304935.915	Test_Phase.SEQUENCE.Word	LOADING RESOURCE SURFACE FROM DISK
3311955.624	Test_Phase.SEQUENCE.Word	LOADING RESOURCE SURFACE FROM DISK
3319024.224	Test_Phase.SEQUENCE.Word	LOADING RESOURCE SURFACE FROM DISK
3326052.541	Test_Phase.SEQUENCE.Word	LOADING RESOURCE SURFACE FROM DISK
3333256.403	Test_Phase.SEQUENCE.Word	LOADING RESOURCE SURFACE FROM DISK
3340288.546	Test_Phase.SEQUENCE.Word	LOADING RESOURCE SURFACE FROM DISK
3347544.309	Test_Phase.SEQUENCE.Word	LOADING RESOURCE SURFACE FROM DISK
3354661.839	Test_Phase.SEQUENCE.Word	LOADING RESOURCE SURFACE FROM DISK
3361671.58	Test_Phase.SEQUENCE.Word	LOADING RESOURCE SURFACE FROM DISK
3368702.68	Test_Phase.SEQUENCE.Word	LOADING RESOURCE SURFACE FROM DISK
3372491.138	DISPLAY_SCREEN	LOADING RESOURCE SURFACE FROM DISK
