4986.117	DISPLAY_SCREEN[1]	LOADING RESOURCE SURFACE FROM DISK
400081.04	Familiarization_Phase.SEQUENCE.Cue_and_Instruction	LOADING RESOURCE SURFACE FROM DISK
400092.967	Familiarization_Phase.SEQUENCE.Cue_and_Instruction	LOADING RESOURCE SURFACE FROM DISK
406171.966	Familiarization_Phase.SEQUENCE.Cue_and_Instruction	LOADING RESOURCE SURFACE FROM DISK
406184.164	Familiarization_Phase.SEQUENCE.Cue_and_Instruction	LOADING RESOURCE SURFACE FROM DISK
412255.658	Familiarization_Phase.SEQUENCE.Cue_and_Instruction	LOADING RESOURCE SURFACE FROM DISK
412259.918	Familiarization_Phase.SEQUENCE.Cue_and_Instruction	LOADING RESOURCE SURFACE FROM DISK
454385.32	DISPLAY_SCREEN[3]	LOADING RESOURCE SURFACE FROM DISK
500167.385	DISPLAY_SCREEN[5]	LOADING RESOURCE SURFACE FROM DISK
537393.466	Practice_Phase.SEQUENCE.Blink_Screen	LOADING RESOURCE SURFACE FROM DISK
538597.623	Practice_Phase.SEQUENCE.Practice_Luminance_Cue	LOADING RESOURCE SURFACE FROM DISK
538599.678	Practice_Phase.SEQUENCE.Practice_Luminance_Cue	LOADING RESOURCE SURFACE FROM DISK
540597.403	Practice_Phase.SEQUENCE.Practice_Instruction	LOADING RESOURCE SURFACE FROM DISK
540599.595	Practice_Phase.SEQUENCE.Practice_Instruction	LOADING RESOURCE SURFACE FROM DISK
548664.008	Practice_Phase.SEQUENCE.Practice_Instruction	LOADING RESOURCE SURFACE FROM DISK
548666.146	Practice_Phase.SEQUENCE.Practice_Instruction	LOADING RESOURCE SURFACE FROM DISK
556772.045	Practice_Phase.SEQUENCE.Practice_Instruction	LOADING RESOURCE SURFACE FROM DISK
556774.18	Practice_Phase.SEQUENCE.Practice_Instruction	LOADING RESOURCE SURFACE FROM DISK
556775.831	Practice_Phase.SEQUENCE.Practice_Instruction	flip time is later than desired time. Desired Time=556749 Flip Time=556799 Retrace Rate=16.647, prepareTime=50 flip request time 556775
564847.375	Practice_Phase.SEQUENCE.Practice_Instruction	LOADING RESOURCE SURFACE FROM DISK
564849.56	Practice_Phase.SEQUENCE.Practice_Instruction	LOADING RESOURCE SURFACE FROM DISK
572913.869	Practice_Phase.SEQUENCE.Practice_Instruction	LOADING RESOURCE SURFACE FROM DISK
572916.001	Practice_Phase.SEQUENCE.Practice_Instruction	LOADING RESOURCE SURFACE FROM DISK
580980.905	Practice_Phase.SEQUENCE.Practice_Instruction	LOADING RESOURCE SURFACE FROM DISK
580983.006	Practice_Phase.SEQUENCE.Practice_Instruction	LOADING RESOURCE SURFACE FROM DISK
589047.491	Practice_Phase.SEQUENCE.Practice_Instruction	LOADING RESOURCE SURFACE FROM DISK
589049.585	Practice_Phase.SEQUENCE.Practice_Instruction	LOADING RESOURCE SURFACE FROM DISK
597163.993	Practice_Phase.SEQUENCE.Practice_Instruction	LOADING RESOURCE SURFACE FROM DISK
597166.146	Practice_Phase.SEQUENCE.Practice_Instruction	LOADING RESOURCE SURFACE FROM DISK
605230.818	Practice_Phase.SEQUENCE.Practice_Instruction	LOADING RESOURCE SURFACE FROM DISK
605280.052	Practice_Phase.SEQUENCE.Practice_Instruction	LOADING RESOURCE SURFACE FROM DISK
605281.624	Practice_Phase.SEQUENCE.Practice_Instruction	flip time is later than desired time. Desired Time=605249 Flip Time=605299 Retrace Rate=16.647, prepareTime=56 flip request time 605281
609953.452	DISPLAY_SCREEN[2]	LOADING RESOURCE SURFACE FROM DISK
677305.957	Study_Phase.SEQUENCE.Study_Instruction	LOADING RESOURCE SURFACE FROM DISK
677308.017	Study_Phase.SEQUENCE.Study_Instruction	LOADING RESOURCE SURFACE FROM DISK
685568.996	Study_Phase.SEQUENCE.Study_Instruction	LOADING RESOURCE SURFACE FROM DISK
693844.657	Study_Phase.SEQUENCE.Study_Instruction	LOADING RESOURCE SURFACE FROM DISK
702102.487	Study_Phase.SEQUENCE.Study_Instruction	LOADING RESOURCE SURFACE FROM DISK
710356.156	Study_Phase.SEQUENCE.Study_Instruction	LOADING RESOURCE SURFACE FROM DISK
710358.3	Study_Phase.SEQUENCE.Study_Instruction	LOADING RESOURCE SURFACE FROM DISK
718620.05	Study_Phase.SEQUENCE.Study_Instruction	LOADING RESOURCE SURFACE FROM DISK
726872.717	Study_Phase.SEQUENCE.Study_Instruction	LOADING RESOURCE SURFACE FROM DISK
726874.794	Study_Phase.SEQUENCE.Study_Instruction	LOADING RESOURCE SURFACE FROM DISK
735174.348	Study_Phase.SEQUENCE.Study_Instruction	LOADING RESOURCE SURFACE FROM DISK
743439.433	Study_Phase.SEQUENCE.Study_Instruction	LOADING RESOURCE SURFACE FROM DISK
743441.535	Study_Phase.SEQUENCE.Study_Instruction	LOADING RESOURCE SURFACE FROM DISK
751706.04	Study_Phase.SEQUENCE.Study_Instruction	LOADING RESOURCE SURFACE FROM DISK
751708.069	Study_Phase.SEQUENCE.Study_Instruction	LOADING RESOURCE SURFACE FROM DISK
760003.98	Study_Phase.SEQUENCE.Study_Instruction	LOADING RESOURCE SURFACE FROM DISK
768252.418	Study_Phase.SEQUENCE.Study_Instruction	LOADING RESOURCE SURFACE FROM DISK
776506.045	Study_Phase.SEQUENCE.Study_Instruction	LOADING RESOURCE SURFACE FROM DISK
776508.052	Study_Phase.SEQUENCE.Study_Instruction	LOADING RESOURCE SURFACE FROM DISK
784772.859	Study_Phase.SEQUENCE.Study_Instruction	LOADING RESOURCE SURFACE FROM DISK
784774.882	Study_Phase.SEQUENCE.Study_Instruction	LOADING RESOURCE SURFACE FROM DISK
793072.878	Study_Phase.SEQUENCE.Study_Instruction	LOADING RESOURCE SURFACE FROM DISK
801322.747	Study_Phase.SEQUENCE.Study_Instruction	LOADING RESOURCE SURFACE FROM DISK
801324.845	Study_Phase.SEQUENCE.Study_Instruction	LOADING RESOURCE SURFACE FROM DISK
809569.254	Study_Phase.SEQUENCE.Study_Instruction	LOADING RESOURCE SURFACE FROM DISK
817819.0	Study_Phase.SEQUENCE.Study_Instruction	LOADING RESOURCE SURFACE FROM DISK
826102.212	Study_Phase.SEQUENCE.Study_Instruction	LOADING RESOURCE SURFACE FROM DISK
834353.382	Study_Phase.SEQUENCE.Study_Instruction	LOADING RESOURCE SURFACE FROM DISK
842606.239	Study_Phase.SEQUENCE.Study_Instruction	LOADING RESOURCE SURFACE FROM DISK
842608.324	Study_Phase.SEQUENCE.Study_Instruction	LOADING RESOURCE SURFACE FROM DISK
850852.25	Study_Phase.SEQUENCE.Study_Instruction	LOADING RESOURCE SURFACE FROM DISK
859102.304	Study_Phase.SEQUENCE.Study_Instruction	LOADING RESOURCE SURFACE FROM DISK
867353.233	Study_Phase.SEQUENCE.Study_Instruction	LOADING RESOURCE SURFACE FROM DISK
875602.272	Study_Phase.SEQUENCE.Study_Instruction	LOADING RESOURCE SURFACE FROM DISK
883852.546	Study_Phase.SEQUENCE.Study_Instruction	LOADING RESOURCE SURFACE FROM DISK
892106.052	Study_Phase.SEQUENCE.Study_Instruction	LOADING RESOURCE SURFACE FROM DISK
892108.152	Study_Phase.SEQUENCE.Study_Instruction	LOADING RESOURCE SURFACE FROM DISK
900369.919	Study_Phase.SEQUENCE.Study_Instruction	LOADING RESOURCE SURFACE FROM DISK
908619.234	Study_Phase.SEQUENCE.Study_Instruction	LOADING RESOURCE SURFACE FROM DISK
916872.688	Study_Phase.SEQUENCE.Study_Instruction	LOADING RESOURCE SURFACE FROM DISK
916874.892	Study_Phase.SEQUENCE.Study_Instruction	LOADING RESOURCE SURFACE FROM DISK
925176.805	Study_Phase.SEQUENCE.Study_Instruction	LOADING RESOURCE SURFACE FROM DISK
933436.649	Study_Phase.SEQUENCE.Study_Instruction	LOADING RESOURCE SURFACE FROM DISK
941689.379	Study_Phase.SEQUENCE.Study_Instruction	LOADING RESOURCE SURFACE FROM DISK
941691.445	Study_Phase.SEQUENCE.Study_Instruction	LOADING RESOURCE SURFACE FROM DISK
949956.22	Study_Phase.SEQUENCE.Study_Instruction	LOADING RESOURCE SURFACE FROM DISK
950000.623	Study_Phase.SEQUENCE.Study_Instruction	LOADING RESOURCE SURFACE FROM DISK
958253.414	Study_Phase.SEQUENCE.Study_Instruction	LOADING RESOURCE SURFACE FROM DISK
966506.043	Study_Phase.SEQUENCE.Study_Instruction	LOADING RESOURCE SURFACE FROM DISK
966508.149	Study_Phase.SEQUENCE.Study_Instruction	LOADING RESOURCE SURFACE FROM DISK
974768.94	Study_Phase.SEQUENCE.Study_Instruction	LOADING RESOURCE SURFACE FROM DISK
983022.808	Study_Phase.SEQUENCE.Study_Instruction	LOADING RESOURCE SURFACE FROM DISK
983033.156	Study_Phase.SEQUENCE.Study_Instruction	LOADING RESOURCE SURFACE FROM DISK
991286.805	Study_Phase.SEQUENCE.Study_Instruction	LOADING RESOURCE SURFACE FROM DISK
999522.611	Study_Phase.SEQUENCE.Study_Instruction	LOADING RESOURCE SURFACE FROM DISK
999524.635	Study_Phase.SEQUENCE.Study_Instruction	LOADING RESOURCE SURFACE FROM DISK
1007785.703	Study_Phase.SEQUENCE.Study_Instruction	LOADING RESOURCE SURFACE FROM DISK
1016018.922	Study_Phase.SEQUENCE.Study_Instruction	LOADING RESOURCE SURFACE FROM DISK
1024269.99	Study_Phase.SEQUENCE.Study_Instruction	LOADING RESOURCE SURFACE FROM DISK
1032506.207	Study_Phase.SEQUENCE.Study_Instruction	LOADING RESOURCE SURFACE FROM DISK
1032508.3	Study_Phase.SEQUENCE.Study_Instruction	LOADING RESOURCE SURFACE FROM DISK
1040806.757	Study_Phase.SEQUENCE.Study_Instruction	LOADING RESOURCE SURFACE FROM DISK
1049094.091	Study_Phase.SEQUENCE.Study_Instruction	LOADING RESOURCE SURFACE FROM DISK
1057356.043	Study_Phase.SEQUENCE.Study_Instruction	LOADING RESOURCE SURFACE FROM DISK
1057358.117	Study_Phase.SEQUENCE.Study_Instruction	LOADING RESOURCE SURFACE FROM DISK
1065620.143	Study_Phase.SEQUENCE.Study_Instruction	LOADING RESOURCE SURFACE FROM DISK
1073868.95	Study_Phase.SEQUENCE.Study_Instruction	LOADING RESOURCE SURFACE FROM DISK
1082118.951	Study_Phase.SEQUENCE.Study_Instruction	LOADING RESOURCE SURFACE FROM DISK
1090372.701	Study_Phase.SEQUENCE.Study_Instruction	LOADING RESOURCE SURFACE FROM DISK
1090374.762	Study_Phase.SEQUENCE.Study_Instruction	LOADING RESOURCE SURFACE FROM DISK
1098636.885	Study_Phase.SEQUENCE.Study_Instruction	LOADING RESOURCE SURFACE FROM DISK
1106889.507	Study_Phase.SEQUENCE.Study_Instruction	LOADING RESOURCE SURFACE FROM DISK
1106891.729	Study_Phase.SEQUENCE.Study_Instruction	LOADING RESOURCE SURFACE FROM DISK
1115156.568	Study_Phase.SEQUENCE.Study_Instruction	LOADING RESOURCE SURFACE FROM DISK
1115158.676	Study_Phase.SEQUENCE.Study_Instruction	LOADING RESOURCE SURFACE FROM DISK
1123422.616	Study_Phase.SEQUENCE.Study_Instruction	LOADING RESOURCE SURFACE FROM DISK
1123461.661	Study_Phase.SEQUENCE.Study_Instruction	LOADING RESOURCE SURFACE FROM DISK
1131718.942	Study_Phase.SEQUENCE.Study_Instruction	LOADING RESOURCE SURFACE FROM DISK
1139970.081	Study_Phase.SEQUENCE.Study_Instruction	LOADING RESOURCE SURFACE FROM DISK
1148222.739	Study_Phase.SEQUENCE.Study_Instruction	LOADING RESOURCE SURFACE FROM DISK
1148224.895	Study_Phase.SEQUENCE.Study_Instruction	LOADING RESOURCE SURFACE FROM DISK
1156485.634	Study_Phase.SEQUENCE.Study_Instruction	LOADING RESOURCE SURFACE FROM DISK
1164739.458	Study_Phase.SEQUENCE.Study_Instruction	LOADING RESOURCE SURFACE FROM DISK
1164741.584	Study_Phase.SEQUENCE.Study_Instruction	LOADING RESOURCE SURFACE FROM DISK
1172985.594	Study_Phase.SEQUENCE.Study_Instruction	LOADING RESOURCE SURFACE FROM DISK
1181239.395	Study_Phase.SEQUENCE.Study_Instruction	LOADING RESOURCE SURFACE FROM DISK
1181279.786	Study_Phase.SEQUENCE.Study_Instruction	LOADING RESOURCE SURFACE FROM DISK
1189522.491	Study_Phase.SEQUENCE.Study_Instruction	LOADING RESOURCE SURFACE FROM DISK
1189524.575	Study_Phase.SEQUENCE.Study_Instruction	LOADING RESOURCE SURFACE FROM DISK
1197789.473	Study_Phase.SEQUENCE.Study_Instruction	LOADING RESOURCE SURFACE FROM DISK
1197791.674	Study_Phase.SEQUENCE.Study_Instruction	LOADING RESOURCE SURFACE FROM DISK
1206053.348	Study_Phase.SEQUENCE.Study_Instruction	LOADING RESOURCE SURFACE FROM DISK
1214302.387	Study_Phase.SEQUENCE.Study_Instruction	LOADING RESOURCE SURFACE FROM DISK
1222552.292	Study_Phase.SEQUENCE.Study_Instruction	LOADING RESOURCE SURFACE FROM DISK
1230802.338	Study_Phase.SEQUENCE.Study_Instruction	LOADING RESOURCE SURFACE FROM DISK
1239061.555	Study_Phase.SEQUENCE.Study_Instruction	LOADING RESOURCE SURFACE FROM DISK
1247319.049	Study_Phase.SEQUENCE.Study_Instruction	LOADING RESOURCE SURFACE FROM DISK
1255572.673	Study_Phase.SEQUENCE.Study_Instruction	LOADING RESOURCE SURFACE FROM DISK
1255574.747	Study_Phase.SEQUENCE.Study_Instruction	LOADING RESOURCE SURFACE FROM DISK
1263835.541	Study_Phase.SEQUENCE.Study_Instruction	LOADING RESOURCE SURFACE FROM DISK
1272124.297	Study_Phase.SEQUENCE.Study_Instruction	LOADING RESOURCE SURFACE FROM DISK
1280386.667	Study_Phase.SEQUENCE.Study_Instruction	LOADING RESOURCE SURFACE FROM DISK
1288639.537	Study_Phase.SEQUENCE.Study_Instruction	LOADING RESOURCE SURFACE FROM DISK
1288682.163	Study_Phase.SEQUENCE.Study_Instruction	LOADING RESOURCE SURFACE FROM DISK
1296989.322	Study_Phase.SEQUENCE.Study_Instruction	LOADING RESOURCE SURFACE FROM DISK
1297027.647	Study_Phase.SEQUENCE.Study_Instruction	LOADING RESOURCE SURFACE FROM DISK
1305329.134	Study_Phase.SEQUENCE.Study_Instruction	LOADING RESOURCE SURFACE FROM DISK
1313585.614	Study_Phase.SEQUENCE.Study_Instruction	LOADING RESOURCE SURFACE FROM DISK
1321839.7	Study_Phase.SEQUENCE.Study_Instruction	LOADING RESOURCE SURFACE FROM DISK
1321880.94	Study_Phase.SEQUENCE.Study_Instruction	LOADING RESOURCE SURFACE FROM DISK
1330135.706	Study_Phase.SEQUENCE.Study_Instruction	LOADING RESOURCE SURFACE FROM DISK
1338389.448	Study_Phase.SEQUENCE.Study_Instruction	LOADING RESOURCE SURFACE FROM DISK
1338424.29	Study_Phase.SEQUENCE.Study_Instruction	LOADING RESOURCE SURFACE FROM DISK
1346686.869	Study_Phase.SEQUENCE.Study_Instruction	LOADING RESOURCE SURFACE FROM DISK
1354939.483	Study_Phase.SEQUENCE.Study_Instruction	LOADING RESOURCE SURFACE FROM DISK
1354956.612	Study_Phase.SEQUENCE.Study_Instruction	LOADING RESOURCE SURFACE FROM DISK
1363203.323	Study_Phase.SEQUENCE.Study_Instruction	LOADING RESOURCE SURFACE FROM DISK
1371439.403	Study_Phase.SEQUENCE.Study_Instruction	LOADING RESOURCE SURFACE FROM DISK
1371441.473	Study_Phase.SEQUENCE.Study_Instruction	LOADING RESOURCE SURFACE FROM DISK
1379706.187	Study_Phase.SEQUENCE.Study_Instruction	LOADING RESOURCE SURFACE FROM DISK
1379742.842	Study_Phase.SEQUENCE.Study_Instruction	LOADING RESOURCE SURFACE FROM DISK
1388006.079	Study_Phase.SEQUENCE.Study_Instruction	LOADING RESOURCE SURFACE FROM DISK
1388008.204	Study_Phase.SEQUENCE.Study_Instruction	LOADING RESOURCE SURFACE FROM DISK
1396272.936	Study_Phase.SEQUENCE.Study_Instruction	LOADING RESOURCE SURFACE FROM DISK
1396311.505	Study_Phase.SEQUENCE.Study_Instruction	LOADING RESOURCE SURFACE FROM DISK
1404606.386	Study_Phase.SEQUENCE.Study_Instruction	LOADING RESOURCE SURFACE FROM DISK
1412852.519	Study_Phase.SEQUENCE.Study_Instruction	LOADING RESOURCE SURFACE FROM DISK
1421102.26	Study_Phase.SEQUENCE.Study_Instruction	LOADING RESOURCE SURFACE FROM DISK
1429353.408	Study_Phase.SEQUENCE.Study_Instruction	LOADING RESOURCE SURFACE FROM DISK
1437606.032	Study_Phase.SEQUENCE.Study_Instruction	LOADING RESOURCE SURFACE FROM DISK
1437608.08	Study_Phase.SEQUENCE.Study_Instruction	LOADING RESOURCE SURFACE FROM DISK
1445869.905	Study_Phase.SEQUENCE.Study_Instruction	LOADING RESOURCE SURFACE FROM DISK
1454122.795	Study_Phase.SEQUENCE.Study_Instruction	LOADING RESOURCE SURFACE FROM DISK
1454124.867	Study_Phase.SEQUENCE.Study_Instruction	LOADING RESOURCE SURFACE FROM DISK
1462386.539	Study_Phase.SEQUENCE.Study_Instruction	LOADING RESOURCE SURFACE FROM DISK
1470639.53	Study_Phase.SEQUENCE.Study_Instruction	LOADING RESOURCE SURFACE FROM DISK
1470641.64	Study_Phase.SEQUENCE.Study_Instruction	LOADING RESOURCE SURFACE FROM DISK
1478902.344	Study_Phase.SEQUENCE.Study_Instruction	LOADING RESOURCE SURFACE FROM DISK
1487152.265	Study_Phase.SEQUENCE.Study_Instruction	LOADING RESOURCE SURFACE FROM DISK
1495402.351	Study_Phase.SEQUENCE.Study_Instruction	LOADING RESOURCE SURFACE FROM DISK
1503652.331	Study_Phase.SEQUENCE.Study_Instruction	LOADING RESOURCE SURFACE FROM DISK
1511906.593	Study_Phase.SEQUENCE.Study_Instruction	LOADING RESOURCE SURFACE FROM DISK
1511947.813	Study_Phase.SEQUENCE.Study_Instruction	LOADING RESOURCE SURFACE FROM DISK
1520202.853	Study_Phase.SEQUENCE.Study_Instruction	LOADING RESOURCE SURFACE FROM DISK
1528436.769	Study_Phase.SEQUENCE.Study_Instruction	LOADING RESOURCE SURFACE FROM DISK
1536689.131	Study_Phase.SEQUENCE.Study_Instruction	LOADING RESOURCE SURFACE FROM DISK
1536691.158	Study_Phase.SEQUENCE.Study_Instruction	LOADING RESOURCE SURFACE FROM DISK
1544952.285	Study_Phase.SEQUENCE.Study_Instruction	LOADING RESOURCE SURFACE FROM DISK
1553202.35	Study_Phase.SEQUENCE.Study_Instruction	LOADING RESOURCE SURFACE FROM DISK
1561439.409	Study_Phase.SEQUENCE.Study_Instruction	LOADING RESOURCE SURFACE FROM DISK
1561500.693	Study_Phase.SEQUENCE.Study_Instruction	LOADING RESOURCE SURFACE FROM DISK
1569752.31	Study_Phase.SEQUENCE.Study_Instruction	LOADING RESOURCE SURFACE FROM DISK
1578003.39	Study_Phase.SEQUENCE.Study_Instruction	LOADING RESOURCE SURFACE FROM DISK
1586252.315	Study_Phase.SEQUENCE.Study_Instruction	LOADING RESOURCE SURFACE FROM DISK
1594505.99	Study_Phase.SEQUENCE.Study_Instruction	LOADING RESOURCE SURFACE FROM DISK
1594547.99	Study_Phase.SEQUENCE.Study_Instruction	LOADING RESOURCE SURFACE FROM DISK
1602802.311	Study_Phase.SEQUENCE.Study_Instruction	LOADING RESOURCE SURFACE FROM DISK
1611053.208	Study_Phase.SEQUENCE.Study_Instruction	LOADING RESOURCE SURFACE FROM DISK
1619337.904	Study_Phase.SEQUENCE.Study_Instruction	LOADING RESOURCE SURFACE FROM DISK
1627589.53	Study_Phase.SEQUENCE.Study_Instruction	LOADING RESOURCE SURFACE FROM DISK
1627624.426	Study_Phase.SEQUENCE.Study_Instruction	LOADING RESOURCE SURFACE FROM DISK
1635889.273	Study_Phase.SEQUENCE.Study_Instruction	LOADING RESOURCE SURFACE FROM DISK
1635891.345	Study_Phase.SEQUENCE.Study_Instruction	LOADING RESOURCE SURFACE FROM DISK
1644156.036	Study_Phase.SEQUENCE.Study_Instruction	LOADING RESOURCE SURFACE FROM DISK
1644158.102	Study_Phase.SEQUENCE.Study_Instruction	LOADING RESOURCE SURFACE FROM DISK
1652456.316	Study_Phase.SEQUENCE.Study_Instruction	LOADING RESOURCE SURFACE FROM DISK
1660737.197	Study_Phase.SEQUENCE.Study_Instruction	LOADING RESOURCE SURFACE FROM DISK
1665454.663	DISPLAY_SCREEN[7]	LOADING RESOURCE SURFACE FROM DISK
1766568.605	Test_Phase.SEQUENCE.Target_Cue	LOADING RESOURCE SURFACE FROM DISK
1766570.338	Test_Phase.SEQUENCE.Target_Cue	LOADING RESOURCE SURFACE FROM DISK
1768585.722	Test_Phase.SEQUENCE.Word	LOADING RESOURCE SURFACE FROM DISK
1771601.933	Test_Phase.SEQUENCE.Test_Question	LOADING RESOURCE SURFACE FROM DISK
1771603.566	Test_Phase.SEQUENCE.Test_Question	LOADING RESOURCE SURFACE FROM DISK
1771605.346	Test_Phase.SEQUENCE.Test_Question	LOADING RESOURCE SURFACE FROM DISK
1771606.909	Test_Phase.SEQUENCE.Test_Question	LOADING RESOURCE SURFACE FROM DISK
1771608.452	Test_Phase.SEQUENCE.Test_Question	LOADING RESOURCE SURFACE FROM DISK
1771610.068	Test_Phase.SEQUENCE.Test_Question	LOADING RESOURCE SURFACE FROM DISK
1771611.582	Test_Phase.SEQUENCE.Test_Question	LOADING RESOURCE SURFACE FROM DISK
1771613.033	Test_Phase.SEQUENCE.Test_Question	LOADING RESOURCE SURFACE FROM DISK
1771892.112	Test_Phase.SEQUENCE.Test_Question	LOADING RESOURCE SURFACE FROM DISK
1771894.037	Test_Phase.SEQUENCE.Test_Question	LOADING RESOURCE SURFACE FROM DISK
1771895.734	Test_Phase.SEQUENCE.Test_Question	LOADING RESOURCE SURFACE FROM DISK
1771897.484	Test_Phase.SEQUENCE.Test_Question	LOADING RESOURCE SURFACE FROM DISK
1778618.974	Test_Phase.SEQUENCE.Word	LOADING RESOURCE SURFACE FROM DISK
1787785.812	Test_Phase.SEQUENCE.Word	LOADING RESOURCE SURFACE FROM DISK
1795552.553	Test_Phase.SEQUENCE.Word	LOADING RESOURCE SURFACE FROM DISK
1804685.713	Test_Phase.SEQUENCE.Word	LOADING RESOURCE SURFACE FROM DISK
1814502.305	Test_Phase.SEQUENCE.Word	LOADING RESOURCE SURFACE FROM DISK
1823769.117	Test_Phase.SEQUENCE.Word	LOADING RESOURCE SURFACE FROM DISK
1836035.762	Test_Phase.SEQUENCE.Word	LOADING RESOURCE SURFACE FROM DISK
1844219.152	Test_Phase.SEQUENCE.Word	LOADING RESOURCE SURFACE FROM DISK
1852285.769	Test_Phase.SEQUENCE.Word	LOADING RESOURCE SURFACE FROM DISK
1860252.258	Test_Phase.SEQUENCE.Word	LOADING RESOURCE SURFACE FROM DISK
1868052.432	Test_Phase.SEQUENCE.Word	LOADING RESOURCE SURFACE FROM DISK
1876169.079	Test_Phase.SEQUENCE.Word	LOADING RESOURCE SURFACE FROM DISK
1884068.97	Test_Phase.SEQUENCE.Word	LOADING RESOURCE SURFACE FROM DISK
1892502.558	Test_Phase.SEQUENCE.Word	LOADING RESOURCE SURFACE FROM DISK
1900610.71	Test_Phase.SEQUENCE.Word	LOADING RESOURCE SURFACE FROM DISK
1908706.854	Test_Phase.SEQUENCE.Word	LOADING RESOURCE SURFACE FROM DISK
1920052.519	Test_Phase.SEQUENCE.Word	LOADING RESOURCE SURFACE FROM DISK
1927619.007	Test_Phase.SEQUENCE.Word	LOADING RESOURCE SURFACE FROM DISK
1935118.899	Test_Phase.SEQUENCE.Word	LOADING RESOURCE SURFACE FROM DISK
1942235.774	Test_Phase.SEQUENCE.Word	LOADING RESOURCE SURFACE FROM DISK
1950202.267	Test_Phase.SEQUENCE.Word	LOADING RESOURCE SURFACE FROM DISK
1958137.69	Test_Phase.SEQUENCE.Word	LOADING RESOURCE SURFACE FROM DISK
1965502.439	Test_Phase.SEQUENCE.Word	LOADING RESOURCE SURFACE FROM DISK
1973569.148	Test_Phase.SEQUENCE.Word	LOADING RESOURCE SURFACE FROM DISK
1981019.572	Test_Phase.SEQUENCE.Word	LOADING RESOURCE SURFACE FROM DISK
1988235.711	Test_Phase.SEQUENCE.Word	LOADING RESOURCE SURFACE FROM DISK
1996152.426	Test_Phase.SEQUENCE.Word	LOADING RESOURCE SURFACE FROM DISK
2005652.359	Test_Phase.SEQUENCE.Word	LOADING RESOURCE SURFACE FROM DISK
2013569.183	Test_Phase.SEQUENCE.Word	LOADING RESOURCE SURFACE FROM DISK
2021268.61	Test_Phase.SEQUENCE.Word	LOADING RESOURCE SURFACE FROM DISK
2030035.632	Test_Phase.SEQUENCE.Word	LOADING RESOURCE SURFACE FROM DISK
2038019.034	Test_Phase.SEQUENCE.Word	LOADING RESOURCE SURFACE FROM DISK
2054069.162	Test_Phase.SEQUENCE.Word	LOADING RESOURCE SURFACE FROM DISK
2062002.289	Test_Phase.SEQUENCE.Word	LOADING RESOURCE SURFACE FROM DISK
2069785.816	Test_Phase.SEQUENCE.Word	LOADING RESOURCE SURFACE FROM DISK
2077552.258	Test_Phase.SEQUENCE.Word	LOADING RESOURCE SURFACE FROM DISK
2086869.415	Test_Phase.SEQUENCE.Word	LOADING RESOURCE SURFACE FROM DISK
2094507.612	Test_Phase.SEQUENCE.Word	LOADING RESOURCE SURFACE FROM DISK
2102602.682	Test_Phase.SEQUENCE.Word	LOADING RESOURCE SURFACE FROM DISK
2110635.785	Test_Phase.SEQUENCE.Word	LOADING RESOURCE SURFACE FROM DISK
2118795.188	Test_Phase.SEQUENCE.Word	LOADING RESOURCE SURFACE FROM DISK
2126619.037	Test_Phase.SEQUENCE.Word	LOADING RESOURCE SURFACE FROM DISK
2136619.103	Test_Phase.SEQUENCE.Word	LOADING RESOURCE SURFACE FROM DISK
2144902.459	Test_Phase.SEQUENCE.Word	LOADING RESOURCE SURFACE FROM DISK
2153368.927	Test_Phase.SEQUENCE.Word	LOADING RESOURCE SURFACE FROM DISK
2162404.504	Test_Phase.SEQUENCE.Word	LOADING RESOURCE SURFACE FROM DISK
2170069.165	Test_Phase.SEQUENCE.Word	LOADING RESOURCE SURFACE FROM DISK
2178121.559	Test_Phase.SEQUENCE.Word	LOADING RESOURCE SURFACE FROM DISK
2186885.667	Test_Phase.SEQUENCE.Word	LOADING RESOURCE SURFACE FROM DISK
2194523.703	Test_Phase.SEQUENCE.Word	LOADING RESOURCE SURFACE FROM DISK
2202152.386	Test_Phase.SEQUENCE.Word	LOADING RESOURCE SURFACE FROM DISK
2210285.601	Test_Phase.SEQUENCE.Word	LOADING RESOURCE SURFACE FROM DISK
2218902.514	Test_Phase.SEQUENCE.Word	LOADING RESOURCE SURFACE FROM DISK
2226352.278	Test_Phase.SEQUENCE.Word	LOADING RESOURCE SURFACE FROM DISK
2234385.709	Test_Phase.SEQUENCE.Word	LOADING RESOURCE SURFACE FROM DISK
2244685.676	Test_Phase.SEQUENCE.Word	LOADING RESOURCE SURFACE FROM DISK
2253585.725	Test_Phase.SEQUENCE.Word	LOADING RESOURCE SURFACE FROM DISK
2262785.693	Test_Phase.SEQUENCE.Word	LOADING RESOURCE SURFACE FROM DISK
2270835.869	Test_Phase.SEQUENCE.Word	LOADING RESOURCE SURFACE FROM DISK
2279752.478	Test_Phase.SEQUENCE.Word	LOADING RESOURCE SURFACE FROM DISK
2287935.928	Test_Phase.SEQUENCE.Word	LOADING RESOURCE SURFACE FROM DISK
2298002.368	Test_Phase.SEQUENCE.Word	LOADING RESOURCE SURFACE FROM DISK
2306952.344	Test_Phase.SEQUENCE.Word	LOADING RESOURCE SURFACE FROM DISK
2315419.085	Test_Phase.SEQUENCE.Word	LOADING RESOURCE SURFACE FROM DISK
2323069.061	Test_Phase.SEQUENCE.Word	LOADING RESOURCE SURFACE FROM DISK
2331119.049	Test_Phase.SEQUENCE.Word	LOADING RESOURCE SURFACE FROM DISK
2338872.537	Test_Phase.SEQUENCE.Word	LOADING RESOURCE SURFACE FROM DISK
2346652.246	Test_Phase.SEQUENCE.Word	LOADING RESOURCE SURFACE FROM DISK
2354302.506	Test_Phase.SEQUENCE.Word	LOADING RESOURCE SURFACE FROM DISK
2362152.253	Test_Phase.SEQUENCE.Word	LOADING RESOURCE SURFACE FROM DISK
2369852.352	Test_Phase.SEQUENCE.Word	LOADING RESOURCE SURFACE FROM DISK
2378002.346	Test_Phase.SEQUENCE.Word	LOADING RESOURCE SURFACE FROM DISK
2386185.681	Test_Phase.SEQUENCE.Word	LOADING RESOURCE SURFACE FROM DISK
2394902.565	Test_Phase.SEQUENCE.Word	LOADING RESOURCE SURFACE FROM DISK
2403069.015	Test_Phase.SEQUENCE.Word	LOADING RESOURCE SURFACE FROM DISK
2414069.052	Test_Phase.SEQUENCE.Word	LOADING RESOURCE SURFACE FROM DISK
2422224.293	Test_Phase.SEQUENCE.Word	LOADING RESOURCE SURFACE FROM DISK
2429868.925	Test_Phase.SEQUENCE.Word	LOADING RESOURCE SURFACE FROM DISK
2441535.855	Test_Phase.SEQUENCE.Word	LOADING RESOURCE SURFACE FROM DISK
2450474.668	Test_Phase.SEQUENCE.Word	LOADING RESOURCE SURFACE FROM DISK
2458268.926	Test_Phase.SEQUENCE.Word	LOADING RESOURCE SURFACE FROM DISK
2466385.484	Test_Phase.SEQUENCE.Word	LOADING RESOURCE SURFACE FROM DISK
2474035.771	Test_Phase.SEQUENCE.Word	LOADING RESOURCE SURFACE FROM DISK
2481769.007	Test_Phase.SEQUENCE.Word	LOADING RESOURCE SURFACE FROM DISK
2489885.788	Test_Phase.SEQUENCE.Word	LOADING RESOURCE SURFACE FROM DISK
2498469.008	Test_Phase.SEQUENCE.Word	LOADING RESOURCE SURFACE FROM DISK
2506169.004	Test_Phase.SEQUENCE.Word	LOADING RESOURCE SURFACE FROM DISK
2514341.585	Test_Phase.SEQUENCE.Word	LOADING RESOURCE SURFACE FROM DISK
2521652.329	Test_Phase.SEQUENCE.Word	LOADING RESOURCE SURFACE FROM DISK
2529354.1	Test_Phase.SEQUENCE.Word	LOADING RESOURCE SURFACE FROM DISK
2538188.186	Test_Phase.SEQUENCE.Word	LOADING RESOURCE SURFACE FROM DISK
2546519.132	Test_Phase.SEQUENCE.Word	LOADING RESOURCE SURFACE FROM DISK
2556085.849	Test_Phase.SEQUENCE.Word	LOADING RESOURCE SURFACE FROM DISK
2564235.942	Test_Phase.SEQUENCE.Word	LOADING RESOURCE SURFACE FROM DISK
2571719.04	Test_Phase.SEQUENCE.Word	LOADING RESOURCE SURFACE FROM DISK
2579339.667	Test_Phase.SEQUENCE.Word	LOADING RESOURCE SURFACE FROM DISK
2587718.919	Test_Phase.SEQUENCE.Word	LOADING RESOURCE SURFACE FROM DISK
2595635.73	Test_Phase.SEQUENCE.Word	LOADING RESOURCE SURFACE FROM DISK
2604169.0	Test_Phase.SEQUENCE.Word	LOADING RESOURCE SURFACE FROM DISK
2611735.7	Test_Phase.SEQUENCE.Word	LOADING RESOURCE SURFACE FROM DISK
2619352.328	Test_Phase.SEQUENCE.Word	LOADING RESOURCE SURFACE FROM DISK
2628437.934	Test_Phase.SEQUENCE.Word	LOADING RESOURCE SURFACE FROM DISK
2636652.361	Test_Phase.SEQUENCE.Word	LOADING RESOURCE SURFACE FROM DISK
2649788.039	Test_Phase.SEQUENCE.Word	LOADING RESOURCE SURFACE FROM DISK
2657652.425	Test_Phase.SEQUENCE.Word	LOADING RESOURCE SURFACE FROM DISK
2665585.697	Test_Phase.SEQUENCE.Word	LOADING RESOURCE SURFACE FROM DISK
2676702.457	Test_Phase.SEQUENCE.Word	LOADING RESOURCE SURFACE FROM DISK
2688319.011	Test_Phase.SEQUENCE.Word	LOADING RESOURCE SURFACE FROM DISK
2696283.053	Test_Phase.SEQUENCE.Word	LOADING RESOURCE SURFACE FROM DISK
2704652.302	Test_Phase.SEQUENCE.Word	LOADING RESOURCE SURFACE FROM DISK
2712285.791	Test_Phase.SEQUENCE.Word	LOADING RESOURCE SURFACE FROM DISK
2720026.356	Test_Phase.SEQUENCE.Word	LOADING RESOURCE SURFACE FROM DISK
2730590.984	Test_Phase.SEQUENCE.Word	LOADING RESOURCE SURFACE FROM DISK
2738535.745	Test_Phase.SEQUENCE.Word	LOADING RESOURCE SURFACE FROM DISK
2747493.318	Test_Phase.SEQUENCE.Word	LOADING RESOURCE SURFACE FROM DISK
2755235.826	Test_Phase.SEQUENCE.Word	LOADING RESOURCE SURFACE FROM DISK
2764114.138	Test_Phase.SEQUENCE.Word	LOADING RESOURCE SURFACE FROM DISK
2771820.397	Test_Phase.SEQUENCE.Word	LOADING RESOURCE SURFACE FROM DISK
2779635.903	Test_Phase.SEQUENCE.Word	LOADING RESOURCE SURFACE FROM DISK
2789743.303	Test_Phase.SEQUENCE.Word	LOADING RESOURCE SURFACE FROM DISK
2797821.789	Test_Phase.SEQUENCE.Word	LOADING RESOURCE SURFACE FROM DISK
2805985.765	Test_Phase.SEQUENCE.Word	LOADING RESOURCE SURFACE FROM DISK
2815621.66	Test_Phase.SEQUENCE.Word	LOADING RESOURCE SURFACE FROM DISK
2823752.354	Test_Phase.SEQUENCE.Word	LOADING RESOURCE SURFACE FROM DISK
2834552.445	Test_Phase.SEQUENCE.Word	LOADING RESOURCE SURFACE FROM DISK
2846135.564	Test_Phase.SEQUENCE.Word	LOADING RESOURCE SURFACE FROM DISK
2854468.959	Test_Phase.SEQUENCE.Word	LOADING RESOURCE SURFACE FROM DISK
2862102.43	Test_Phase.SEQUENCE.Word	LOADING RESOURCE SURFACE FROM DISK
2871235.659	Test_Phase.SEQUENCE.Word	LOADING RESOURCE SURFACE FROM DISK
2878319.02	Test_Phase.SEQUENCE.Word	LOADING RESOURCE SURFACE FROM DISK
2886219.119	Test_Phase.SEQUENCE.Word	LOADING RESOURCE SURFACE FROM DISK
2893435.682	Test_Phase.SEQUENCE.Word	LOADING RESOURCE SURFACE FROM DISK
2901318.972	Test_Phase.SEQUENCE.Word	LOADING RESOURCE SURFACE FROM DISK
2910076.853	Test_Phase.SEQUENCE.Word	LOADING RESOURCE SURFACE FROM DISK
2920869.082	Test_Phase.SEQUENCE.Word	LOADING RESOURCE SURFACE FROM DISK
2929368.462	Test_Phase.SEQUENCE.Word	LOADING RESOURCE SURFACE FROM DISK
2937885.8	Test_Phase.SEQUENCE.Word	LOADING RESOURCE SURFACE FROM DISK
2949426.321	Test_Phase.SEQUENCE.Word	LOADING RESOURCE SURFACE FROM DISK
2958235.711	Test_Phase.SEQUENCE.Word	LOADING RESOURCE SURFACE FROM DISK
2965919.142	Test_Phase.SEQUENCE.Word	LOADING RESOURCE SURFACE FROM DISK
2977175.449	Test_Phase.SEQUENCE.Word	LOADING RESOURCE SURFACE FROM DISK
2986569.014	Test_Phase.SEQUENCE.Word	LOADING RESOURCE SURFACE FROM DISK
2995352.413	Test_Phase.SEQUENCE.Word	LOADING RESOURCE SURFACE FROM DISK
3003902.451	Test_Phase.SEQUENCE.Word	LOADING RESOURCE SURFACE FROM DISK
3011852.206	Test_Phase.SEQUENCE.Word	LOADING RESOURCE SURFACE FROM DISK
3019637.426	Test_Phase.SEQUENCE.Word	LOADING RESOURCE SURFACE FROM DISK
3027568.866	Test_Phase.SEQUENCE.Word	LOADING RESOURCE SURFACE FROM DISK
3035569.092	Test_Phase.SEQUENCE.Word	LOADING RESOURCE SURFACE FROM DISK
3044069.025	Test_Phase.SEQUENCE.Word	LOADING RESOURCE SURFACE FROM DISK
3052036.447	Test_Phase.SEQUENCE.Word	LOADING RESOURCE SURFACE FROM DISK
3062602.437	Test_Phase.SEQUENCE.Word	LOADING RESOURCE SURFACE FROM DISK
3070737.596	Test_Phase.SEQUENCE.Word	LOADING RESOURCE SURFACE FROM DISK
3078952.408	Test_Phase.SEQUENCE.Word	LOADING RESOURCE SURFACE FROM DISK
3087835.666	Test_Phase.SEQUENCE.Word	LOADING RESOURCE SURFACE FROM DISK
3096223.9	Test_Phase.SEQUENCE.Word	LOADING RESOURCE SURFACE FROM DISK
3104919.043	Test_Phase.SEQUENCE.Word	LOADING RESOURCE SURFACE FROM DISK
3112502.628	Test_Phase.SEQUENCE.Word	LOADING RESOURCE SURFACE FROM DISK
3120452.456	Test_Phase.SEQUENCE.Word	LOADING RESOURCE SURFACE FROM DISK
3129935.675	Test_Phase.SEQUENCE.Word	LOADING RESOURCE SURFACE FROM DISK
3137585.809	Test_Phase.SEQUENCE.Word	LOADING RESOURCE SURFACE FROM DISK
3146161.266	Test_Phase.SEQUENCE.Word	LOADING RESOURCE SURFACE FROM DISK
3154979.086	Test_Phase.SEQUENCE.Word	LOADING RESOURCE SURFACE FROM DISK
3163269.177	Test_Phase.SEQUENCE.Word	LOADING RESOURCE SURFACE FROM DISK
3171385.771	Test_Phase.SEQUENCE.Word	LOADING RESOURCE SURFACE FROM DISK
3179135.732	Test_Phase.SEQUENCE.Word	LOADING RESOURCE SURFACE FROM DISK
3186685.774	Test_Phase.SEQUENCE.Word	LOADING RESOURCE SURFACE FROM DISK
3194335.89	Test_Phase.SEQUENCE.Word	LOADING RESOURCE SURFACE FROM DISK
3202035.721	Test_Phase.SEQUENCE.Word	LOADING RESOURCE SURFACE FROM DISK
3210102.563	Test_Phase.SEQUENCE.Word	LOADING RESOURCE SURFACE FROM DISK
3217870.213	Test_Phase.SEQUENCE.Word	LOADING RESOURCE SURFACE FROM DISK
3225536.051	Test_Phase.SEQUENCE.Word	LOADING RESOURCE SURFACE FROM DISK
3233235.94	Test_Phase.SEQUENCE.Word	LOADING RESOURCE SURFACE FROM DISK
3241386.173	Test_Phase.SEQUENCE.Word	LOADING RESOURCE SURFACE FROM DISK
3249185.847	Test_Phase.SEQUENCE.Word	LOADING RESOURCE SURFACE FROM DISK
3257369.003	Test_Phase.SEQUENCE.Word	LOADING RESOURCE SURFACE FROM DISK
3266285.693	Test_Phase.SEQUENCE.Word	LOADING RESOURCE SURFACE FROM DISK
3275220.895	Test_Phase.SEQUENCE.Word	LOADING RESOURCE SURFACE FROM DISK
3282835.7	Test_Phase.SEQUENCE.Word	LOADING RESOURCE SURFACE FROM DISK
3290818.925	Test_Phase.SEQUENCE.Word	LOADING RESOURCE SURFACE FROM DISK
3299585.909	Test_Phase.SEQUENCE.Word	LOADING RESOURCE SURFACE FROM DISK
3307435.857	Test_Phase.SEQUENCE.Word	LOADING RESOURCE SURFACE FROM DISK
3315402.461	Test_Phase.SEQUENCE.Word	LOADING RESOURCE SURFACE FROM DISK
3323418.931	Test_Phase.SEQUENCE.Word	LOADING RESOURCE SURFACE FROM DISK
3332335.55	Test_Phase.SEQUENCE.Word	LOADING RESOURCE SURFACE FROM DISK
3341669.008	Test_Phase.SEQUENCE.Word	LOADING RESOURCE SURFACE FROM DISK
3349510.029	Test_Phase.SEQUENCE.Word	LOADING RESOURCE SURFACE FROM DISK
3358029.289	Test_Phase.SEQUENCE.Word	LOADING RESOURCE SURFACE FROM DISK
3368235.924	Test_Phase.SEQUENCE.Word	LOADING RESOURCE SURFACE FROM DISK
3375407.154	Test_Phase.SEQUENCE.Word	LOADING RESOURCE SURFACE FROM DISK
3382485.809	Test_Phase.SEQUENCE.Word	LOADING RESOURCE SURFACE FROM DISK
3390778.423	Test_Phase.SEQUENCE.Word	LOADING RESOURCE SURFACE FROM DISK
3399602.459	Test_Phase.SEQUENCE.Word	LOADING RESOURCE SURFACE FROM DISK
3408528.648	Test_Phase.SEQUENCE.Word	LOADING RESOURCE SURFACE FROM DISK
3416202.506	Test_Phase.SEQUENCE.Word	LOADING RESOURCE SURFACE FROM DISK
3423320.139	Test_Phase.SEQUENCE.Word	LOADING RESOURCE SURFACE FROM DISK
3432941.483	Test_Phase.SEQUENCE.Word	LOADING RESOURCE SURFACE FROM DISK
3440635.831	Test_Phase.SEQUENCE.Word	LOADING RESOURCE SURFACE FROM DISK
3449252.333	Test_Phase.SEQUENCE.Word	LOADING RESOURCE SURFACE FROM DISK
3454595.462	DISPLAY_SCREEN	LOADING RESOURCE SURFACE FROM DISK
