4976.514	DISPLAY_SCREEN[1]	LOADING RESOURCE SURFACE FROM DISK
2794824.865	Familiarization_Phase.SEQUENCE.Cue_and_Instruction	LOADING RESOURCE SURFACE FROM DISK
2794829.085	Familiarization_Phase.SEQUENCE.Cue_and_Instruction	LOADING RESOURCE SURFACE FROM DISK
2800883.75	Familiarization_Phase.SEQUENCE.Cue_and_Instruction	LOADING RESOURCE SURFACE FROM DISK
2800888.307	Familiarization_Phase.SEQUENCE.Cue_and_Instruction	LOADING RESOURCE SURFACE FROM DISK
2806933.652	Familiarization_Phase.SEQUENCE.Cue_and_Instruction	LOADING RESOURCE SURFACE FROM DISK
2806938.136	Familiarization_Phase.SEQUENCE.Cue_and_Instruction	LOADING RESOURCE SURFACE FROM DISK
2849348.902	DISPLAY_SCREEN[3]	LOADING RESOURCE SURFACE FROM DISK
2963130.844	DISPLAY_SCREEN[5]	LOADING RESOURCE SURFACE FROM DISK
3014241.742	Practice_Phase.SEQUENCE.Blink_Screen	LOADING RESOURCE SURFACE FROM DISK
3014242.871	Practice_Phase.SEQUENCE.Blink_Screen	flip time is later than desired time. Desired Time=3014230 Flip Time=3014263 Retrace Rate=16.646, prepareTime=37 flip request time 3014242
3015480.942	Practice_Phase.SEQUENCE.Practice_Luminance_Cue	LOADING RESOURCE SURFACE FROM DISK
3015495.852	Practice_Phase.SEQUENCE.Practice_Luminance_Cue	LOADING RESOURCE SURFACE FROM DISK
3015497.451	Practice_Phase.SEQUENCE.Practice_Luminance_Cue	flip time is later than desired time. Desired Time=3015463 Flip Time=3015513 Retrace Rate=16.646, prepareTime=58 flip request time 3015497
3016029.67	Practice_Phase.SEQUENCE.DISPLAY_SCREEN	LOADING RESOURCE SURFACE FROM DISK
3016032.028	Practice_Phase.SEQUENCE.DISPLAY_SCREEN	flip time is later than desired time. Desired Time=3016013 Flip Time=3016046 Retrace Rate=16.646, prepareTime=43 flip request time 3016031
3017562.514	Practice_Phase.SEQUENCE.Practice_Instruction	LOADING RESOURCE SURFACE FROM DISK
3017564.126	Practice_Phase.SEQUENCE.Practice_Instruction	flip time is later than desired time. Desired Time=3017546 Flip Time=3017580 Retrace Rate=16.646, prepareTime=41 flip request time 3017563
3024144.683	Practice_Phase.SEQUENCE.DISPLAY_SCREEN	LOADING RESOURCE SURFACE FROM DISK
3025684.453	Practice_Phase.SEQUENCE.Practice_Instruction	LOADING RESOURCE SURFACE FROM DISK
3025685.989	Practice_Phase.SEQUENCE.Practice_Instruction	flip time is later than desired time. Desired Time=3025663 Flip Time=3025696 Retrace Rate=16.646, prepareTime=46 flip request time 3025685
3032280.128	Practice_Phase.SEQUENCE.DISPLAY_SCREEN	LOADING RESOURCE SURFACE FROM DISK
3032281.923	Practice_Phase.SEQUENCE.DISPLAY_SCREEN	flip time is later than desired time. Desired Time=3032263 Flip Time=3032296 Retrace Rate=16.646, prepareTime=42 flip request time 3032281
3033817.488	Practice_Phase.SEQUENCE.Practice_Instruction	LOADING RESOURCE SURFACE FROM DISK
3033818.866	Practice_Phase.SEQUENCE.Practice_Instruction	flip time is later than desired time. Desired Time=3033796 Flip Time=3033830 Retrace Rate=16.646, prepareTime=46 flip request time 3033818
3040377.87	Practice_Phase.SEQUENCE.DISPLAY_SCREEN	LOADING RESOURCE SURFACE FROM DISK
3041874.655	Practice_Phase.SEQUENCE.Practice_Instruction	LOADING RESOURCE SURFACE FROM DISK
3048444.335	Practice_Phase.SEQUENCE.DISPLAY_SCREEN	LOADING RESOURCE SURFACE FROM DISK
3049941.67	Practice_Phase.SEQUENCE.Practice_Instruction	LOADING RESOURCE SURFACE FROM DISK
3056511.496	Practice_Phase.SEQUENCE.DISPLAY_SCREEN	LOADING RESOURCE SURFACE FROM DISK
3058008.054	Practice_Phase.SEQUENCE.Practice_Instruction	LOADING RESOURCE SURFACE FROM DISK
3064577.972	Practice_Phase.SEQUENCE.DISPLAY_SCREEN	LOADING RESOURCE SURFACE FROM DISK
3066116.587	Practice_Phase.SEQUENCE.Practice_Instruction	LOADING RESOURCE SURFACE FROM DISK
3066118.127	Practice_Phase.SEQUENCE.Practice_Instruction	flip time is later than desired time. Desired Time=3066096 Flip Time=3066130 Retrace Rate=16.646, prepareTime=45 flip request time 3066117
3072677.665	Practice_Phase.SEQUENCE.DISPLAY_SCREEN	LOADING RESOURCE SURFACE FROM DISK
3074174.737	Practice_Phase.SEQUENCE.Practice_Instruction	LOADING RESOURCE SURFACE FROM DISK
3080744.495	Practice_Phase.SEQUENCE.DISPLAY_SCREEN	LOADING RESOURCE SURFACE FROM DISK
3082241.499	Practice_Phase.SEQUENCE.Practice_Instruction	LOADING RESOURCE SURFACE FROM DISK
3086923.637	DISPLAY_SCREEN[2]	LOADING RESOURCE SURFACE FROM DISK
3203552.766	Study_Phase.SEQUENCE.DISPLAY_SCREEN	LOADING RESOURCE SURFACE FROM DISK
3205351.351	Study_Phase.SEQUENCE.Study_Instruction	LOADING RESOURCE SURFACE FROM DISK
3213655.54	Study_Phase.SEQUENCE.Study_Instruction	LOADING RESOURCE SURFACE FROM DISK
3220419.565	Study_Phase.SEQUENCE.DISPLAY_SCREEN	LOADING RESOURCE SURFACE FROM DISK
3221972.852	Study_Phase.SEQUENCE.Study_Instruction	LOADING RESOURCE SURFACE FROM DISK
3228702.758	Study_Phase.SEQUENCE.DISPLAY_SCREEN	LOADING RESOURCE SURFACE FROM DISK
3230216.691	Study_Phase.SEQUENCE.Study_Instruction	LOADING RESOURCE SURFACE FROM DISK
3236969.492	Study_Phase.SEQUENCE.DISPLAY_SCREEN	LOADING RESOURCE SURFACE FROM DISK
3238483.521	Study_Phase.SEQUENCE.Study_Instruction	LOADING RESOURCE SURFACE FROM DISK
3246791.55	Study_Phase.SEQUENCE.Study_Instruction	LOADING RESOURCE SURFACE FROM DISK
3253552.666	Study_Phase.SEQUENCE.DISPLAY_SCREEN	LOADING RESOURCE SURFACE FROM DISK
3255105.185	Study_Phase.SEQUENCE.Study_Instruction	LOADING RESOURCE SURFACE FROM DISK
3263420.782	Study_Phase.SEQUENCE.Study_Instruction	LOADING RESOURCE SURFACE FROM DISK
3271732.748	Study_Phase.SEQUENCE.Study_Instruction	LOADING RESOURCE SURFACE FROM DISK
3278486.258	Study_Phase.SEQUENCE.DISPLAY_SCREEN	LOADING RESOURCE SURFACE FROM DISK
3280034.577	Study_Phase.SEQUENCE.Study_Instruction	LOADING RESOURCE SURFACE FROM DISK
3288299.68	Study_Phase.SEQUENCE.Study_Instruction	LOADING RESOURCE SURFACE FROM DISK
3295036.075	Study_Phase.SEQUENCE.DISPLAY_SCREEN	LOADING RESOURCE SURFACE FROM DISK
3296549.885	Study_Phase.SEQUENCE.Study_Instruction	LOADING RESOURCE SURFACE FROM DISK
3303302.685	Study_Phase.SEQUENCE.DISPLAY_SCREEN	LOADING RESOURCE SURFACE FROM DISK
3304857.909	Study_Phase.SEQUENCE.Study_Instruction	LOADING RESOURCE SURFACE FROM DISK
3311602.727	Study_Phase.SEQUENCE.DISPLAY_SCREEN	LOADING RESOURCE SURFACE FROM DISK
3313154.573	Study_Phase.SEQUENCE.Study_Instruction	LOADING RESOURCE SURFACE FROM DISK
3321433.277	Study_Phase.SEQUENCE.Study_Instruction	LOADING RESOURCE SURFACE FROM DISK
3329724.456	Study_Phase.SEQUENCE.Study_Instruction	LOADING RESOURCE SURFACE FROM DISK
3336486.177	Study_Phase.SEQUENCE.DISPLAY_SCREEN	LOADING RESOURCE SURFACE FROM DISK
3338033.123	Study_Phase.SEQUENCE.Study_Instruction	LOADING RESOURCE SURFACE FROM DISK
3346299.32	Study_Phase.SEQUENCE.Study_Instruction	LOADING RESOURCE SURFACE FROM DISK
3353052.583	Study_Phase.SEQUENCE.DISPLAY_SCREEN	LOADING RESOURCE SURFACE FROM DISK
3354566.83	Study_Phase.SEQUENCE.Study_Instruction	LOADING RESOURCE SURFACE FROM DISK
3362867.345	Study_Phase.SEQUENCE.Study_Instruction	LOADING RESOURCE SURFACE FROM DISK
3369619.581	Study_Phase.SEQUENCE.DISPLAY_SCREEN	LOADING RESOURCE SURFACE FROM DISK
3371174.492	Study_Phase.SEQUENCE.Study_Instruction	LOADING RESOURCE SURFACE FROM DISK
3379488.896	Study_Phase.SEQUENCE.Study_Instruction	LOADING RESOURCE SURFACE FROM DISK
3386252.941	Study_Phase.SEQUENCE.DISPLAY_SCREEN	LOADING RESOURCE SURFACE FROM DISK
3387800.183	Study_Phase.SEQUENCE.Study_Instruction	LOADING RESOURCE SURFACE FROM DISK
3396104.137	Study_Phase.SEQUENCE.Study_Instruction	LOADING RESOURCE SURFACE FROM DISK
3404422.664	Study_Phase.SEQUENCE.Study_Instruction	LOADING RESOURCE SURFACE FROM DISK
3411186.237	Study_Phase.SEQUENCE.DISPLAY_SCREEN	LOADING RESOURCE SURFACE FROM DISK
3412700.122	Study_Phase.SEQUENCE.Study_Instruction	LOADING RESOURCE SURFACE FROM DISK
3421019.25	Study_Phase.SEQUENCE.Study_Instruction	LOADING RESOURCE SURFACE FROM DISK
3427769.377	Study_Phase.SEQUENCE.DISPLAY_SCREEN	LOADING RESOURCE SURFACE FROM DISK
3429283.438	Study_Phase.SEQUENCE.Study_Instruction	LOADING RESOURCE SURFACE FROM DISK
3437583.685	Study_Phase.SEQUENCE.Study_Instruction	LOADING RESOURCE SURFACE FROM DISK
3445893.46	Study_Phase.SEQUENCE.Study_Instruction	LOADING RESOURCE SURFACE FROM DISK
3452652.978	Study_Phase.SEQUENCE.DISPLAY_SCREEN	LOADING RESOURCE SURFACE FROM DISK
3454205.914	Study_Phase.SEQUENCE.Study_Instruction	LOADING RESOURCE SURFACE FROM DISK
3462509.265	Study_Phase.SEQUENCE.Study_Instruction	LOADING RESOURCE SURFACE FROM DISK
3470766.451	Study_Phase.SEQUENCE.Study_Instruction	LOADING RESOURCE SURFACE FROM DISK
3477519.492	Study_Phase.SEQUENCE.DISPLAY_SCREEN	LOADING RESOURCE SURFACE FROM DISK
3479038.667	Study_Phase.SEQUENCE.Study_Instruction	LOADING RESOURCE SURFACE FROM DISK
3487349.53	Study_Phase.SEQUENCE.Study_Instruction	LOADING RESOURCE SURFACE FROM DISK
3495659.822	Study_Phase.SEQUENCE.Study_Instruction	LOADING RESOURCE SURFACE FROM DISK
3503932.676	Study_Phase.SEQUENCE.Study_Instruction	LOADING RESOURCE SURFACE FROM DISK
3512240.342	Study_Phase.SEQUENCE.Study_Instruction	LOADING RESOURCE SURFACE FROM DISK
3519002.627	Study_Phase.SEQUENCE.DISPLAY_SCREEN	LOADING RESOURCE SURFACE FROM DISK
3520516.74	Study_Phase.SEQUENCE.Study_Instruction	LOADING RESOURCE SURFACE FROM DISK
3527269.457	Study_Phase.SEQUENCE.DISPLAY_SCREEN	LOADING RESOURCE SURFACE FROM DISK
3528783.33	Study_Phase.SEQUENCE.Study_Instruction	LOADING RESOURCE SURFACE FROM DISK
3537050.139	Study_Phase.SEQUENCE.Study_Instruction	LOADING RESOURCE SURFACE FROM DISK
3543902.95	Study_Phase.SEQUENCE.DISPLAY_SCREEN	LOADING RESOURCE SURFACE FROM DISK
3545450.331	Study_Phase.SEQUENCE.Study_Instruction	LOADING RESOURCE SURFACE FROM DISK
3552186.036	Study_Phase.SEQUENCE.DISPLAY_SCREEN	LOADING RESOURCE SURFACE FROM DISK
3553700.042	Study_Phase.SEQUENCE.Study_Instruction	LOADING RESOURCE SURFACE FROM DISK
3562003.897	Study_Phase.SEQUENCE.Study_Instruction	LOADING RESOURCE SURFACE FROM DISK
3568752.794	Study_Phase.SEQUENCE.DISPLAY_SCREEN	LOADING RESOURCE SURFACE FROM DISK
3570304.027	Study_Phase.SEQUENCE.Study_Instruction	LOADING RESOURCE SURFACE FROM DISK
3578622.65	Study_Phase.SEQUENCE.Study_Instruction	LOADING RESOURCE SURFACE FROM DISK
3586940.892	Study_Phase.SEQUENCE.Study_Instruction	LOADING RESOURCE SURFACE FROM DISK
3595216.132	Study_Phase.SEQUENCE.Study_Instruction	LOADING RESOURCE SURFACE FROM DISK
3603518.146	Study_Phase.SEQUENCE.Study_Instruction	LOADING RESOURCE SURFACE FROM DISK
3610252.848	Study_Phase.SEQUENCE.DISPLAY_SCREEN	LOADING RESOURCE SURFACE FROM DISK
3611802.124	Study_Phase.SEQUENCE.Study_Instruction	LOADING RESOURCE SURFACE FROM DISK
3620050.11	Study_Phase.SEQUENCE.Study_Instruction	LOADING RESOURCE SURFACE FROM DISK
3628316.289	Study_Phase.SEQUENCE.Study_Instruction	LOADING RESOURCE SURFACE FROM DISK
3635069.423	Study_Phase.SEQUENCE.DISPLAY_SCREEN	LOADING RESOURCE SURFACE FROM DISK
3636625.71	Study_Phase.SEQUENCE.Study_Instruction	LOADING RESOURCE SURFACE FROM DISK
3643385.969	Study_Phase.SEQUENCE.DISPLAY_SCREEN	LOADING RESOURCE SURFACE FROM DISK
3644932.66	Study_Phase.SEQUENCE.Study_Instruction	LOADING RESOURCE SURFACE FROM DISK
3653199.427	Study_Phase.SEQUENCE.Study_Instruction	LOADING RESOURCE SURFACE FROM DISK
3659952.776	Study_Phase.SEQUENCE.DISPLAY_SCREEN	LOADING RESOURCE SURFACE FROM DISK
3661498.885	Study_Phase.SEQUENCE.Study_Instruction	LOADING RESOURCE SURFACE FROM DISK
3669801.312	Study_Phase.SEQUENCE.Study_Instruction	LOADING RESOURCE SURFACE FROM DISK
3678066.786	Study_Phase.SEQUENCE.Study_Instruction	LOADING RESOURCE SURFACE FROM DISK
3684819.561	Study_Phase.SEQUENCE.DISPLAY_SCREEN	LOADING RESOURCE SURFACE FROM DISK
3686333.265	Study_Phase.SEQUENCE.Study_Instruction	LOADING RESOURCE SURFACE FROM DISK
3694631.483	Study_Phase.SEQUENCE.Study_Instruction	LOADING RESOURCE SURFACE FROM DISK
3702935.057	Study_Phase.SEQUENCE.Study_Instruction	LOADING RESOURCE SURFACE FROM DISK
3711199.568	Study_Phase.SEQUENCE.Study_Instruction	LOADING RESOURCE SURFACE FROM DISK
3719481.128	Study_Phase.SEQUENCE.Study_Instruction	LOADING RESOURCE SURFACE FROM DISK
3727789.084	Study_Phase.SEQUENCE.Study_Instruction	LOADING RESOURCE SURFACE FROM DISK
3734552.935	Study_Phase.SEQUENCE.DISPLAY_SCREEN	LOADING RESOURCE SURFACE FROM DISK
3736066.564	Study_Phase.SEQUENCE.Study_Instruction	LOADING RESOURCE SURFACE FROM DISK
3744369.126	Study_Phase.SEQUENCE.Study_Instruction	LOADING RESOURCE SURFACE FROM DISK
3752665.928	Study_Phase.SEQUENCE.Study_Instruction	LOADING RESOURCE SURFACE FROM DISK
3759419.214	Study_Phase.SEQUENCE.DISPLAY_SCREEN	LOADING RESOURCE SURFACE FROM DISK
3760965.911	Study_Phase.SEQUENCE.Study_Instruction	LOADING RESOURCE SURFACE FROM DISK
3769267.089	Study_Phase.SEQUENCE.Study_Instruction	LOADING RESOURCE SURFACE FROM DISK
3777516.57	Study_Phase.SEQUENCE.Study_Instruction	LOADING RESOURCE SURFACE FROM DISK
3785820.296	Study_Phase.SEQUENCE.Study_Instruction	LOADING RESOURCE SURFACE FROM DISK
3792569.365	Study_Phase.SEQUENCE.DISPLAY_SCREEN	LOADING RESOURCE SURFACE FROM DISK
3794118.158	Study_Phase.SEQUENCE.Study_Instruction	LOADING RESOURCE SURFACE FROM DISK
3802383.283	Study_Phase.SEQUENCE.Study_Instruction	LOADING RESOURCE SURFACE FROM DISK
3809136.118	Study_Phase.SEQUENCE.DISPLAY_SCREEN	LOADING RESOURCE SURFACE FROM DISK
3810664.948	Study_Phase.SEQUENCE.Study_Instruction	LOADING RESOURCE SURFACE FROM DISK
3818916.869	Study_Phase.SEQUENCE.Study_Instruction	LOADING RESOURCE SURFACE FROM DISK
3825669.325	Study_Phase.SEQUENCE.DISPLAY_SCREEN	LOADING RESOURCE SURFACE FROM DISK
3827219.946	Study_Phase.SEQUENCE.Study_Instruction	LOADING RESOURCE SURFACE FROM DISK
3835466.349	Study_Phase.SEQUENCE.Study_Instruction	LOADING RESOURCE SURFACE FROM DISK
3843774.605	Study_Phase.SEQUENCE.Study_Instruction	LOADING RESOURCE SURFACE FROM DISK
3850536.039	Study_Phase.SEQUENCE.DISPLAY_SCREEN	LOADING RESOURCE SURFACE FROM DISK
3852050.05	Study_Phase.SEQUENCE.Study_Instruction	LOADING RESOURCE SURFACE FROM DISK
3860356.024	Study_Phase.SEQUENCE.Study_Instruction	LOADING RESOURCE SURFACE FROM DISK
3867119.356	Study_Phase.SEQUENCE.DISPLAY_SCREEN	LOADING RESOURCE SURFACE FROM DISK
3868649.347	Study_Phase.SEQUENCE.Study_Instruction	LOADING RESOURCE SURFACE FROM DISK
3876949.871	Study_Phase.SEQUENCE.Study_Instruction	LOADING RESOURCE SURFACE FROM DISK
3885236.666	Study_Phase.SEQUENCE.Study_Instruction	LOADING RESOURCE SURFACE FROM DISK
3893539.246	Study_Phase.SEQUENCE.Study_Instruction	LOADING RESOURCE SURFACE FROM DISK
3900285.993	Study_Phase.SEQUENCE.DISPLAY_SCREEN	LOADING RESOURCE SURFACE FROM DISK
3901836.527	Study_Phase.SEQUENCE.Study_Instruction	LOADING RESOURCE SURFACE FROM DISK
3908586.291	Study_Phase.SEQUENCE.DISPLAY_SCREEN	LOADING RESOURCE SURFACE FROM DISK
3910137.902	Study_Phase.SEQUENCE.Study_Instruction	LOADING RESOURCE SURFACE FROM DISK
3916902.608	Study_Phase.SEQUENCE.DISPLAY_SCREEN	LOADING RESOURCE SURFACE FROM DISK
3918416.575	Study_Phase.SEQUENCE.Study_Instruction	LOADING RESOURCE SURFACE FROM DISK
3925169.488	Study_Phase.SEQUENCE.DISPLAY_SCREEN	LOADING RESOURCE SURFACE FROM DISK
3926683.372	Study_Phase.SEQUENCE.Study_Instruction	LOADING RESOURCE SURFACE FROM DISK
3933436.077	Study_Phase.SEQUENCE.DISPLAY_SCREEN	LOADING RESOURCE SURFACE FROM DISK
3934983.114	Study_Phase.SEQUENCE.Study_Instruction	LOADING RESOURCE SURFACE FROM DISK
3941719.551	Study_Phase.SEQUENCE.DISPLAY_SCREEN	LOADING RESOURCE SURFACE FROM DISK
3943269.292	Study_Phase.SEQUENCE.Study_Instruction	LOADING RESOURCE SURFACE FROM DISK
3951533.335	Study_Phase.SEQUENCE.Study_Instruction	LOADING RESOURCE SURFACE FROM DISK
3959814.339	Study_Phase.SEQUENCE.Study_Instruction	LOADING RESOURCE SURFACE FROM DISK
3966569.515	Study_Phase.SEQUENCE.DISPLAY_SCREEN	LOADING RESOURCE SURFACE FROM DISK
3968083.388	Study_Phase.SEQUENCE.Study_Instruction	LOADING RESOURCE SURFACE FROM DISK
3974836.283	Study_Phase.SEQUENCE.DISPLAY_SCREEN	LOADING RESOURCE SURFACE FROM DISK
3976392.52	Study_Phase.SEQUENCE.Study_Instruction	LOADING RESOURCE SURFACE FROM DISK
3983152.71	Study_Phase.SEQUENCE.DISPLAY_SCREEN	LOADING RESOURCE SURFACE FROM DISK
3984702.466	Study_Phase.SEQUENCE.Study_Instruction	LOADING RESOURCE SURFACE FROM DISK
3991452.81	Study_Phase.SEQUENCE.DISPLAY_SCREEN	LOADING RESOURCE SURFACE FROM DISK
3993008.733	Study_Phase.SEQUENCE.Study_Instruction	LOADING RESOURCE SURFACE FROM DISK
4001321.476	Study_Phase.SEQUENCE.Study_Instruction	LOADING RESOURCE SURFACE FROM DISK
4008086.11	Study_Phase.SEQUENCE.DISPLAY_SCREEN	LOADING RESOURCE SURFACE FROM DISK
4009637.077	Study_Phase.SEQUENCE.Study_Instruction	LOADING RESOURCE SURFACE FROM DISK
4017950.164	Study_Phase.SEQUENCE.Study_Instruction	LOADING RESOURCE SURFACE FROM DISK
4024702.949	Study_Phase.SEQUENCE.DISPLAY_SCREEN	LOADING RESOURCE SURFACE FROM DISK
4026258.61	Study_Phase.SEQUENCE.Study_Instruction	LOADING RESOURCE SURFACE FROM DISK
4033019.253	Study_Phase.SEQUENCE.DISPLAY_SCREEN	LOADING RESOURCE SURFACE FROM DISK
4034566.372	Study_Phase.SEQUENCE.Study_Instruction	LOADING RESOURCE SURFACE FROM DISK
4042832.94	Study_Phase.SEQUENCE.Study_Instruction	LOADING RESOURCE SURFACE FROM DISK
4051135.977	Study_Phase.SEQUENCE.Study_Instruction	LOADING RESOURCE SURFACE FROM DISK
4059399.963	Study_Phase.SEQUENCE.Study_Instruction	LOADING RESOURCE SURFACE FROM DISK
4066152.844	Study_Phase.SEQUENCE.DISPLAY_SCREEN	LOADING RESOURCE SURFACE FROM DISK
4067666.645	Study_Phase.SEQUENCE.Study_Instruction	LOADING RESOURCE SURFACE FROM DISK
4075967.144	Study_Phase.SEQUENCE.Study_Instruction	LOADING RESOURCE SURFACE FROM DISK
4084266.25	Study_Phase.SEQUENCE.Study_Instruction	LOADING RESOURCE SURFACE FROM DISK
4091002.731	Study_Phase.SEQUENCE.DISPLAY_SCREEN	LOADING RESOURCE SURFACE FROM DISK
4092516.569	Study_Phase.SEQUENCE.Study_Instruction	LOADING RESOURCE SURFACE FROM DISK
4100783.404	Study_Phase.SEQUENCE.Study_Instruction	LOADING RESOURCE SURFACE FROM DISK
4107536.197	Study_Phase.SEQUENCE.DISPLAY_SCREEN	LOADING RESOURCE SURFACE FROM DISK
4109050.165	Study_Phase.SEQUENCE.Study_Instruction	LOADING RESOURCE SURFACE FROM DISK
4117354.318	Study_Phase.SEQUENCE.Study_Instruction	LOADING RESOURCE SURFACE FROM DISK
4125651.0	Study_Phase.SEQUENCE.Study_Instruction	LOADING RESOURCE SURFACE FROM DISK
4132402.658	Study_Phase.SEQUENCE.DISPLAY_SCREEN	LOADING RESOURCE SURFACE FROM DISK
4133949.416	Study_Phase.SEQUENCE.Study_Instruction	LOADING RESOURCE SURFACE FROM DISK
4142251.415	Study_Phase.SEQUENCE.Study_Instruction	LOADING RESOURCE SURFACE FROM DISK
4149002.798	Study_Phase.SEQUENCE.DISPLAY_SCREEN	LOADING RESOURCE SURFACE FROM DISK
4150559.107	Study_Phase.SEQUENCE.Study_Instruction	LOADING RESOURCE SURFACE FROM DISK
4158833.288	Study_Phase.SEQUENCE.Study_Instruction	LOADING RESOURCE SURFACE FROM DISK
4165585.901	Study_Phase.SEQUENCE.DISPLAY_SCREEN	LOADING RESOURCE SURFACE FROM DISK
4167153.747	Study_Phase.SEQUENCE.Study_Instruction	LOADING RESOURCE SURFACE FROM DISK
4175453.064	Study_Phase.SEQUENCE.Study_Instruction	LOADING RESOURCE SURFACE FROM DISK
4183700.121	Study_Phase.SEQUENCE.Study_Instruction	LOADING RESOURCE SURFACE FROM DISK
4191932.784	Study_Phase.SEQUENCE.Study_Instruction	LOADING RESOURCE SURFACE FROM DISK
4196640.938	DISPLAY_SCREEN[7]	LOADING RESOURCE SURFACE FROM DISK
4374988.37	Test_Phase.SEQUENCE.Target_Cue	LOADING RESOURCE SURFACE FROM DISK
4374998.767	Test_Phase.SEQUENCE.Target_Cue	LOADING RESOURCE SURFACE FROM DISK
4380074.37	Test_Phase.SEQUENCE.Test_Question	LOADING RESOURCE SURFACE FROM DISK
4380088.591	Test_Phase.SEQUENCE.Test_Question	LOADING RESOURCE SURFACE FROM DISK
4380099.115	Test_Phase.SEQUENCE.Test_Question	LOADING RESOURCE SURFACE FROM DISK
4380109.907	Test_Phase.SEQUENCE.Test_Question	LOADING RESOURCE SURFACE FROM DISK
4380111.773	Test_Phase.SEQUENCE.Test_Question	LOADING RESOURCE SURFACE FROM DISK
4380113.554	Test_Phase.SEQUENCE.Test_Question	LOADING RESOURCE SURFACE FROM DISK
4380115.503	Test_Phase.SEQUENCE.Test_Question	LOADING RESOURCE SURFACE FROM DISK
4380117.273	Test_Phase.SEQUENCE.Test_Question	LOADING RESOURCE SURFACE FROM DISK
4380119.071	Test_Phase.SEQUENCE.Test_Question	LOADING RESOURCE SURFACE FROM DISK
4380120.807	Test_Phase.SEQUENCE.Test_Question	LOADING RESOURCE SURFACE FROM DISK
4380122.646	Test_Phase.SEQUENCE.Test_Question	LOADING RESOURCE SURFACE FROM DISK
4380124.449	Test_Phase.SEQUENCE.Test_Question	LOADING RESOURCE SURFACE FROM DISK
4390816.089	Test_Phase.SEQUENCE.Word	LOADING RESOURCE SURFACE FROM DISK
4399736.83	Test_Phase.SEQUENCE.Word	LOADING RESOURCE SURFACE FROM DISK
4408216.261	Test_Phase.SEQUENCE.Word	LOADING RESOURCE SURFACE FROM DISK
4416349.446	Test_Phase.SEQUENCE.Word	LOADING RESOURCE SURFACE FROM DISK
4424599.544	Test_Phase.SEQUENCE.Word	LOADING RESOURCE SURFACE FROM DISK
4433266.221	Test_Phase.SEQUENCE.Word	LOADING RESOURCE SURFACE FROM DISK
4441527.826	Test_Phase.SEQUENCE.Word	LOADING RESOURCE SURFACE FROM DISK
4449533.078	Test_Phase.SEQUENCE.Word	LOADING RESOURCE SURFACE FROM DISK
4457488.237	Test_Phase.SEQUENCE.Word	LOADING RESOURCE SURFACE FROM DISK
4466006.642	Test_Phase.SEQUENCE.Word	LOADING RESOURCE SURFACE FROM DISK
4475940.444	Test_Phase.SEQUENCE.Word	LOADING RESOURCE SURFACE FROM DISK
4483876.753	Test_Phase.SEQUENCE.Word	LOADING RESOURCE SURFACE FROM DISK
4492316.552	Test_Phase.SEQUENCE.Word	LOADING RESOURCE SURFACE FROM DISK
4500190.067	Test_Phase.SEQUENCE.Word	LOADING RESOURCE SURFACE FROM DISK
4509616.721	Test_Phase.SEQUENCE.Word	LOADING RESOURCE SURFACE FROM DISK
4517482.952	Test_Phase.SEQUENCE.Word	LOADING RESOURCE SURFACE FROM DISK
4525683.323	Test_Phase.SEQUENCE.Word	LOADING RESOURCE SURFACE FROM DISK
4534782.736	Test_Phase.SEQUENCE.Word	LOADING RESOURCE SURFACE FROM DISK
4543032.816	Test_Phase.SEQUENCE.Word	LOADING RESOURCE SURFACE FROM DISK
4550966.145	Test_Phase.SEQUENCE.Word	LOADING RESOURCE SURFACE FROM DISK
4558966.17	Test_Phase.SEQUENCE.Word	LOADING RESOURCE SURFACE FROM DISK
4567085.033	Test_Phase.SEQUENCE.Word	LOADING RESOURCE SURFACE FROM DISK
4575349.52	Test_Phase.SEQUENCE.Word	LOADING RESOURCE SURFACE FROM DISK
4589990.82	Test_Phase.SEQUENCE.Word	LOADING RESOURCE SURFACE FROM DISK
4597926.435	Test_Phase.SEQUENCE.Word	LOADING RESOURCE SURFACE FROM DISK
4606666.603	Test_Phase.SEQUENCE.Word	LOADING RESOURCE SURFACE FROM DISK
4614799.434	Test_Phase.SEQUENCE.Word	LOADING RESOURCE SURFACE FROM DISK
4621803.285	Test_Phase.SEQUENCE.Word	LOADING RESOURCE SURFACE FROM DISK
4630066.241	Test_Phase.SEQUENCE.Word	LOADING RESOURCE SURFACE FROM DISK
4639582.865	Test_Phase.SEQUENCE.Word	LOADING RESOURCE SURFACE FROM DISK
4647616.322	Test_Phase.SEQUENCE.Word	LOADING RESOURCE SURFACE FROM DISK
4657503.497	Test_Phase.SEQUENCE.Word	LOADING RESOURCE SURFACE FROM DISK
4665682.743	Test_Phase.SEQUENCE.Word	LOADING RESOURCE SURFACE FROM DISK
4673449.603	Test_Phase.SEQUENCE.Word	LOADING RESOURCE SURFACE FROM DISK
4681782.909	Test_Phase.SEQUENCE.Word	LOADING RESOURCE SURFACE FROM DISK
4690499.422	Test_Phase.SEQUENCE.Word	LOADING RESOURCE SURFACE FROM DISK
4698366.174	Test_Phase.SEQUENCE.Word	LOADING RESOURCE SURFACE FROM DISK
4706332.628	Test_Phase.SEQUENCE.Word	LOADING RESOURCE SURFACE FROM DISK
4717503.575	Test_Phase.SEQUENCE.Word	LOADING RESOURCE SURFACE FROM DISK
4726182.767	Test_Phase.SEQUENCE.Word	LOADING RESOURCE SURFACE FROM DISK
4734957.949	Test_Phase.SEQUENCE.Word	LOADING RESOURCE SURFACE FROM DISK
4742899.522	Test_Phase.SEQUENCE.Word	LOADING RESOURCE SURFACE FROM DISK
4757368.507	Test_Phase.SEQUENCE.Word	LOADING RESOURCE SURFACE FROM DISK
4765749.551	Test_Phase.SEQUENCE.Word	LOADING RESOURCE SURFACE FROM DISK
4774066.181	Test_Phase.SEQUENCE.Word	LOADING RESOURCE SURFACE FROM DISK
4781982.849	Test_Phase.SEQUENCE.Word	LOADING RESOURCE SURFACE FROM DISK
4792689.696	Test_Phase.SEQUENCE.Word	LOADING RESOURCE SURFACE FROM DISK
4800482.733	Test_Phase.SEQUENCE.Word	LOADING RESOURCE SURFACE FROM DISK
4808316.035	Test_Phase.SEQUENCE.Word	LOADING RESOURCE SURFACE FROM DISK
4816066.253	Test_Phase.SEQUENCE.Word	LOADING RESOURCE SURFACE FROM DISK
4823699.49	Test_Phase.SEQUENCE.Word	LOADING RESOURCE SURFACE FROM DISK
4831155.368	Test_Phase.SEQUENCE.Word	LOADING RESOURCE SURFACE FROM DISK
4839949.407	Test_Phase.SEQUENCE.Word	LOADING RESOURCE SURFACE FROM DISK
4847249.422	Test_Phase.SEQUENCE.Word	LOADING RESOURCE SURFACE FROM DISK
4854382.835	Test_Phase.SEQUENCE.Word	LOADING RESOURCE SURFACE FROM DISK
4861399.66	Test_Phase.SEQUENCE.Word	LOADING RESOURCE SURFACE FROM DISK
4868466.092	Test_Phase.SEQUENCE.Word	LOADING RESOURCE SURFACE FROM DISK
4875632.744	Test_Phase.SEQUENCE.Word	LOADING RESOURCE SURFACE FROM DISK
4882919.437	Test_Phase.SEQUENCE.Word	LOADING RESOURCE SURFACE FROM DISK
4890264.856	Test_Phase.SEQUENCE.Word	LOADING RESOURCE SURFACE FROM DISK
4897049.445	Test_Phase.SEQUENCE.Word	LOADING RESOURCE SURFACE FROM DISK
4904399.386	Test_Phase.SEQUENCE.Word	LOADING RESOURCE SURFACE FROM DISK
4911704.284	Test_Phase.SEQUENCE.Word	LOADING RESOURCE SURFACE FROM DISK
4918816.29	Test_Phase.SEQUENCE.Word	LOADING RESOURCE SURFACE FROM DISK
4925882.852	Test_Phase.SEQUENCE.Word	LOADING RESOURCE SURFACE FROM DISK
4933516.104	Test_Phase.SEQUENCE.Word	LOADING RESOURCE SURFACE FROM DISK
4940866.235	Test_Phase.SEQUENCE.Word	LOADING RESOURCE SURFACE FROM DISK
4948249.494	Test_Phase.SEQUENCE.Word	LOADING RESOURCE SURFACE FROM DISK
4955640.22	Test_Phase.SEQUENCE.Word	LOADING RESOURCE SURFACE FROM DISK
4963716.365	Test_Phase.SEQUENCE.Word	LOADING RESOURCE SURFACE FROM DISK
4971016.287	Test_Phase.SEQUENCE.Word	LOADING RESOURCE SURFACE FROM DISK
4978799.489	Test_Phase.SEQUENCE.Word	LOADING RESOURCE SURFACE FROM DISK
4992499.775	Test_Phase.SEQUENCE.Word	LOADING RESOURCE SURFACE FROM DISK
4999766.036	Test_Phase.SEQUENCE.Word	LOADING RESOURCE SURFACE FROM DISK
5007099.389	Test_Phase.SEQUENCE.Word	LOADING RESOURCE SURFACE FROM DISK
5014226.355	Test_Phase.SEQUENCE.Word	LOADING RESOURCE SURFACE FROM DISK
5021333.079	Test_Phase.SEQUENCE.Word	LOADING RESOURCE SURFACE FROM DISK
5028916.208	Test_Phase.SEQUENCE.Word	LOADING RESOURCE SURFACE FROM DISK
5036290.945	Test_Phase.SEQUENCE.Word	LOADING RESOURCE SURFACE FROM DISK
5044749.514	Test_Phase.SEQUENCE.Word	LOADING RESOURCE SURFACE FROM DISK
5052858.109	Test_Phase.SEQUENCE.Word	LOADING RESOURCE SURFACE FROM DISK
5060057.276	Test_Phase.SEQUENCE.Word	LOADING RESOURCE SURFACE FROM DISK
5067388.934	Test_Phase.SEQUENCE.Word	LOADING RESOURCE SURFACE FROM DISK
5074432.754	Test_Phase.SEQUENCE.Word	LOADING RESOURCE SURFACE FROM DISK
5081603.017	Test_Phase.SEQUENCE.Word	LOADING RESOURCE SURFACE FROM DISK
5088782.93	Test_Phase.SEQUENCE.Word	LOADING RESOURCE SURFACE FROM DISK
5095899.408	Test_Phase.SEQUENCE.Word	LOADING RESOURCE SURFACE FROM DISK
5103177.2	Test_Phase.SEQUENCE.Word	LOADING RESOURCE SURFACE FROM DISK
5110316.203	Test_Phase.SEQUENCE.Word	LOADING RESOURCE SURFACE FROM DISK
5117749.594	Test_Phase.SEQUENCE.Word	LOADING RESOURCE SURFACE FROM DISK
5124875.796	Test_Phase.SEQUENCE.Word	LOADING RESOURCE SURFACE FROM DISK
5131916.243	Test_Phase.SEQUENCE.Word	LOADING RESOURCE SURFACE FROM DISK
5139099.48	Test_Phase.SEQUENCE.Word	LOADING RESOURCE SURFACE FROM DISK
5148282.749	Test_Phase.SEQUENCE.Word	LOADING RESOURCE SURFACE FROM DISK
5156499.466	Test_Phase.SEQUENCE.Word	LOADING RESOURCE SURFACE FROM DISK
5163332.688	Test_Phase.SEQUENCE.Word	LOADING RESOURCE SURFACE FROM DISK
5170700.028	Test_Phase.SEQUENCE.Word	LOADING RESOURCE SURFACE FROM DISK
5179373.417	Test_Phase.SEQUENCE.Word	LOADING RESOURCE SURFACE FROM DISK
5186487.165	Test_Phase.SEQUENCE.Word	LOADING RESOURCE SURFACE FROM DISK
5193899.417	Test_Phase.SEQUENCE.Word	LOADING RESOURCE SURFACE FROM DISK
5206308.56	Test_Phase.SEQUENCE.Word	LOADING RESOURCE SURFACE FROM DISK
5213472.469	Test_Phase.SEQUENCE.Word	LOADING RESOURCE SURFACE FROM DISK
5220698.884	Test_Phase.SEQUENCE.Word	LOADING RESOURCE SURFACE FROM DISK
5227999.707	Test_Phase.SEQUENCE.Word	LOADING RESOURCE SURFACE FROM DISK
5235208.199	Test_Phase.SEQUENCE.Word	LOADING RESOURCE SURFACE FROM DISK
5246082.684	Test_Phase.SEQUENCE.Word	LOADING RESOURCE SURFACE FROM DISK
5253316.011	Test_Phase.SEQUENCE.Word	LOADING RESOURCE SURFACE FROM DISK
5261741.374	Test_Phase.SEQUENCE.Word	LOADING RESOURCE SURFACE FROM DISK
5270317.574	Test_Phase.SEQUENCE.Word	LOADING RESOURCE SURFACE FROM DISK
5277807.916	Test_Phase.SEQUENCE.Word	LOADING RESOURCE SURFACE FROM DISK
5286156.458	Test_Phase.SEQUENCE.Word	LOADING RESOURCE SURFACE FROM DISK
5296961.191	Test_Phase.SEQUENCE.Word	LOADING RESOURCE SURFACE FROM DISK
5305585.203	Test_Phase.SEQUENCE.Word	LOADING RESOURCE SURFACE FROM DISK
5313932.781	Test_Phase.SEQUENCE.Word	LOADING RESOURCE SURFACE FROM DISK
5321349.691	Test_Phase.SEQUENCE.Word	LOADING RESOURCE SURFACE FROM DISK
5328982.644	Test_Phase.SEQUENCE.Word	LOADING RESOURCE SURFACE FROM DISK
5338115.334	Test_Phase.SEQUENCE.Word	LOADING RESOURCE SURFACE FROM DISK
5345715.45	Test_Phase.SEQUENCE.Word	LOADING RESOURCE SURFACE FROM DISK
5354083.454	Test_Phase.SEQUENCE.Word	LOADING RESOURCE SURFACE FROM DISK
5361289.89	Test_Phase.SEQUENCE.Word	LOADING RESOURCE SURFACE FROM DISK
5368366.077	Test_Phase.SEQUENCE.Word	LOADING RESOURCE SURFACE FROM DISK
5375533.18	Test_Phase.SEQUENCE.Word	LOADING RESOURCE SURFACE FROM DISK
5383289.994	Test_Phase.SEQUENCE.Word	LOADING RESOURCE SURFACE FROM DISK
5390832.948	Test_Phase.SEQUENCE.Word	LOADING RESOURCE SURFACE FROM DISK
5398290.71	Test_Phase.SEQUENCE.Word	LOADING RESOURCE SURFACE FROM DISK
5410322.229	Test_Phase.SEQUENCE.Word	LOADING RESOURCE SURFACE FROM DISK
5417425.916	Test_Phase.SEQUENCE.Word	LOADING RESOURCE SURFACE FROM DISK
5424701.692	Test_Phase.SEQUENCE.Word	LOADING RESOURCE SURFACE FROM DISK
5431852.074	Test_Phase.SEQUENCE.Word	LOADING RESOURCE SURFACE FROM DISK
5442054.867	Test_Phase.SEQUENCE.Word	LOADING RESOURCE SURFACE FROM DISK
5450955.264	Test_Phase.SEQUENCE.Word	LOADING RESOURCE SURFACE FROM DISK
5458585.471	Test_Phase.SEQUENCE.Word	LOADING RESOURCE SURFACE FROM DISK
5466889.424	Test_Phase.SEQUENCE.Word	LOADING RESOURCE SURFACE FROM DISK
5474266.659	Test_Phase.SEQUENCE.Word	LOADING RESOURCE SURFACE FROM DISK
5481901.003	Test_Phase.SEQUENCE.Word	LOADING RESOURCE SURFACE FROM DISK
5489632.815	Test_Phase.SEQUENCE.Word	LOADING RESOURCE SURFACE FROM DISK
5497421.307	Test_Phase.SEQUENCE.Word	LOADING RESOURCE SURFACE FROM DISK
5504570.609	Test_Phase.SEQUENCE.Word	LOADING RESOURCE SURFACE FROM DISK
5514088.774	Test_Phase.SEQUENCE.Word	LOADING RESOURCE SURFACE FROM DISK
5521749.586	Test_Phase.SEQUENCE.Word	LOADING RESOURCE SURFACE FROM DISK
5529151.943	Test_Phase.SEQUENCE.Word	LOADING RESOURCE SURFACE FROM DISK
5536540.573	Test_Phase.SEQUENCE.Word	LOADING RESOURCE SURFACE FROM DISK
5543908.493	Test_Phase.SEQUENCE.Word	LOADING RESOURCE SURFACE FROM DISK
5551170.352	Test_Phase.SEQUENCE.Word	LOADING RESOURCE SURFACE FROM DISK
5560507.202	Test_Phase.SEQUENCE.Word	LOADING RESOURCE SURFACE FROM DISK
5567733.265	Test_Phase.SEQUENCE.Word	LOADING RESOURCE SURFACE FROM DISK
5575143.072	Test_Phase.SEQUENCE.Word	LOADING RESOURCE SURFACE FROM DISK
5583474.75	Test_Phase.SEQUENCE.Word	LOADING RESOURCE SURFACE FROM DISK
5590649.2	Test_Phase.SEQUENCE.Word	LOADING RESOURCE SURFACE FROM DISK
5597965.153	Test_Phase.SEQUENCE.Word	LOADING RESOURCE SURFACE FROM DISK
5605093.918	Test_Phase.SEQUENCE.Word	LOADING RESOURCE SURFACE FROM DISK
5614162.366	Test_Phase.SEQUENCE.Word	LOADING RESOURCE SURFACE FROM DISK
5622299.402	Test_Phase.SEQUENCE.Word	LOADING RESOURCE SURFACE FROM DISK
5630367.686	Test_Phase.SEQUENCE.Word	LOADING RESOURCE SURFACE FROM DISK
5637999.898	Test_Phase.SEQUENCE.Word	LOADING RESOURCE SURFACE FROM DISK
5645982.825	Test_Phase.SEQUENCE.Word	LOADING RESOURCE SURFACE FROM DISK
5653006.265	Test_Phase.SEQUENCE.Word	LOADING RESOURCE SURFACE FROM DISK
5661899.846	Test_Phase.SEQUENCE.Word	LOADING RESOURCE SURFACE FROM DISK
5669546.725	Test_Phase.SEQUENCE.Word	LOADING RESOURCE SURFACE FROM DISK
5676649.683	Test_Phase.SEQUENCE.Word	LOADING RESOURCE SURFACE FROM DISK
5683849.955	Test_Phase.SEQUENCE.Word	LOADING RESOURCE SURFACE FROM DISK
5690966.039	Test_Phase.SEQUENCE.Word	LOADING RESOURCE SURFACE FROM DISK
5698051.717	Test_Phase.SEQUENCE.Word	LOADING RESOURCE SURFACE FROM DISK
5705570.501	Test_Phase.SEQUENCE.Word	LOADING RESOURCE SURFACE FROM DISK
5713102.043	Test_Phase.SEQUENCE.Word	LOADING RESOURCE SURFACE FROM DISK
5720482.93	Test_Phase.SEQUENCE.Word	LOADING RESOURCE SURFACE FROM DISK
5728138.212	Test_Phase.SEQUENCE.Word	LOADING RESOURCE SURFACE FROM DISK
5736752.128	Test_Phase.SEQUENCE.Word	LOADING RESOURCE SURFACE FROM DISK
5745116.581	Test_Phase.SEQUENCE.Word	LOADING RESOURCE SURFACE FROM DISK
5753254.651	Test_Phase.SEQUENCE.Word	LOADING RESOURCE SURFACE FROM DISK
5760756.348	Test_Phase.SEQUENCE.Word	LOADING RESOURCE SURFACE FROM DISK
5768316.083	Test_Phase.SEQUENCE.Word	LOADING RESOURCE SURFACE FROM DISK
5779391.084	Test_Phase.SEQUENCE.Word	LOADING RESOURCE SURFACE FROM DISK
5789474.87	Test_Phase.SEQUENCE.Word	LOADING RESOURCE SURFACE FROM DISK
5796568.139	Test_Phase.SEQUENCE.Word	LOADING RESOURCE SURFACE FROM DISK
5805983.181	Test_Phase.SEQUENCE.Word	LOADING RESOURCE SURFACE FROM DISK
5813849.906	Test_Phase.SEQUENCE.Word	LOADING RESOURCE SURFACE FROM DISK
5821086.035	Test_Phase.SEQUENCE.Word	LOADING RESOURCE SURFACE FROM DISK
5829266.059	Test_Phase.SEQUENCE.Word	LOADING RESOURCE SURFACE FROM DISK
5836999.81	Test_Phase.SEQUENCE.Word	LOADING RESOURCE SURFACE FROM DISK
5845375.857	Test_Phase.SEQUENCE.Word	LOADING RESOURCE SURFACE FROM DISK
5853415.987	Test_Phase.SEQUENCE.Word	LOADING RESOURCE SURFACE FROM DISK
5860599.331	Test_Phase.SEQUENCE.Word	LOADING RESOURCE SURFACE FROM DISK
5869282.886	Test_Phase.SEQUENCE.Word	LOADING RESOURCE SURFACE FROM DISK
5876582.739	Test_Phase.SEQUENCE.Word	LOADING RESOURCE SURFACE FROM DISK
5885732.729	Test_Phase.SEQUENCE.Word	LOADING RESOURCE SURFACE FROM DISK
5893965.642	Test_Phase.SEQUENCE.Word	LOADING RESOURCE SURFACE FROM DISK
5901283.119	Test_Phase.SEQUENCE.Word	LOADING RESOURCE SURFACE FROM DISK
5908594.895	Test_Phase.SEQUENCE.Word	LOADING RESOURCE SURFACE FROM DISK
5916363.309	Test_Phase.SEQUENCE.Word	LOADING RESOURCE SURFACE FROM DISK
5924355.681	Test_Phase.SEQUENCE.Word	LOADING RESOURCE SURFACE FROM DISK
5933099.503	Test_Phase.SEQUENCE.Word	LOADING RESOURCE SURFACE FROM DISK
5940218.23	Test_Phase.SEQUENCE.Word	LOADING RESOURCE SURFACE FROM DISK
5948013.379	Test_Phase.SEQUENCE.Word	LOADING RESOURCE SURFACE FROM DISK
5954818.437	Test_Phase.SEQUENCE.Word	LOADING RESOURCE SURFACE FROM DISK
5962518.914	Test_Phase.SEQUENCE.Word	LOADING RESOURCE SURFACE FROM DISK
5970749.469	Test_Phase.SEQUENCE.Word	LOADING RESOURCE SURFACE FROM DISK
5979602.427	Test_Phase.SEQUENCE.Word	LOADING RESOURCE SURFACE FROM DISK
5987985.159	Test_Phase.SEQUENCE.Word	LOADING RESOURCE SURFACE FROM DISK
5992553.995	DISPLAY_SCREEN	LOADING RESOURCE SURFACE FROM DISK
