5157.877	DISPLAY_SCREEN[1]	LOADING RESOURCE SURFACE FROM DISK
438925.232	Familiarization_Phase.SEQUENCE.Cue_and_Instruction	LOADING RESOURCE SURFACE FROM DISK
438929.39	Familiarization_Phase.SEQUENCE.Cue_and_Instruction	LOADING RESOURCE SURFACE FROM DISK
445007.971	Familiarization_Phase.SEQUENCE.Cue_and_Instruction	LOADING RESOURCE SURFACE FROM DISK
445018.684	Familiarization_Phase.SEQUENCE.Cue_and_Instruction	LOADING RESOURCE SURFACE FROM DISK
451065.92	Familiarization_Phase.SEQUENCE.Cue_and_Instruction	LOADING RESOURCE SURFACE FROM DISK
451070.392	Familiarization_Phase.SEQUENCE.Cue_and_Instruction	LOADING RESOURCE SURFACE FROM DISK
493242.355	DISPLAY_SCREEN[3]	LOADING RESOURCE SURFACE FROM DISK
595195.458	DISPLAY_SCREEN[5]	LOADING RESOURCE SURFACE FROM DISK
708025.372	Practice_Phase.SEQUENCE.Blink_Screen	LOADING RESOURCE SURFACE FROM DISK
708026.458	Practice_Phase.SEQUENCE.Blink_Screen	flip time is later than desired time. Desired Time=707762 Flip Time=708045 Retrace Rate=16.641, prepareTime=288 flip request time 708026
709269.378	Practice_Phase.SEQUENCE.Luminance_Cue[1]	LOADING RESOURCE SURFACE FROM DISK
709283.382	Practice_Phase.SEQUENCE.Luminance_Cue[1]	LOADING RESOURCE SURFACE FROM DISK
709284.968	Practice_Phase.SEQUENCE.Luminance_Cue[1]	flip time is later than desired time. Desired Time=709245 Flip Time=709295 Retrace Rate=16.641, prepareTime=63 flip request time 709284
709841.764	Practice_Phase.SEQUENCE.Practice_Instruction	LOADING RESOURCE SURFACE FROM DISK
709844.249	Practice_Phase.SEQUENCE.Practice_Instruction	LOADING RESOURCE SURFACE FROM DISK
709845.878	Practice_Phase.SEQUENCE.Practice_Instruction	flip time is later than desired time. Desired Time=709795 Flip Time=709862 Retrace Rate=16.641, prepareTime=74 flip request time 709845
713343.612	Practice_Phase.SEQUENCE.Action_cue[1]	LOADING RESOURCE SURFACE FROM DISK
717951.329	Practice_Phase.SEQUENCE.Practice_Instruction	LOADING RESOURCE SURFACE FROM DISK
717969.276	Practice_Phase.SEQUENCE.Practice_Instruction	LOADING RESOURCE SURFACE FROM DISK
717970.784	Practice_Phase.SEQUENCE.Practice_Instruction	flip time is later than desired time. Desired Time=717928 Flip Time=717978 Retrace Rate=16.641, prepareTime=65 flip request time 717970
726063.098	Practice_Phase.SEQUENCE.Practice_Instruction	LOADING RESOURCE SURFACE FROM DISK
726065.732	Practice_Phase.SEQUENCE.Practice_Instruction	LOADING RESOURCE SURFACE FROM DISK
726067.313	Practice_Phase.SEQUENCE.Practice_Instruction	flip time is later than desired time. Desired Time=726045 Flip Time=726078 Retrace Rate=16.641, prepareTime=46 flip request time 726067
734126.684	Practice_Phase.SEQUENCE.Practice_Instruction	LOADING RESOURCE SURFACE FROM DISK
734146.712	Practice_Phase.SEQUENCE.Practice_Instruction	LOADING RESOURCE SURFACE FROM DISK
734148.232	Practice_Phase.SEQUENCE.Practice_Instruction	flip time is later than desired time. Desired Time=734145 Flip Time=734162 Retrace Rate=16.641, prepareTime=26 flip request time 734147
742209.785	Practice_Phase.SEQUENCE.Practice_Instruction	LOADING RESOURCE SURFACE FROM DISK
742212.482	Practice_Phase.SEQUENCE.Practice_Instruction	LOADING RESOURCE SURFACE FROM DISK
750276.734	Practice_Phase.SEQUENCE.Practice_Instruction	LOADING RESOURCE SURFACE FROM DISK
750279.429	Practice_Phase.SEQUENCE.Practice_Instruction	LOADING RESOURCE SURFACE FROM DISK
758343.335	Practice_Phase.SEQUENCE.Practice_Instruction	LOADING RESOURCE SURFACE FROM DISK
758345.842	Practice_Phase.SEQUENCE.Practice_Instruction	LOADING RESOURCE SURFACE FROM DISK
766409.784	Practice_Phase.SEQUENCE.Practice_Instruction	LOADING RESOURCE SURFACE FROM DISK
766445.759	Practice_Phase.SEQUENCE.Practice_Instruction	LOADING RESOURCE SURFACE FROM DISK
766447.375	Practice_Phase.SEQUENCE.Practice_Instruction	flip time is later than desired time. Desired Time=766428 Flip Time=766462 Retrace Rate=16.641, prepareTime=42 flip request time 766447
774510.139	Practice_Phase.SEQUENCE.Practice_Instruction	LOADING RESOURCE SURFACE FROM DISK
774512.761	Practice_Phase.SEQUENCE.Practice_Instruction	LOADING RESOURCE SURFACE FROM DISK
780673.641	DISPLAY_SCREEN[2]	LOADING RESOURCE SURFACE FROM DISK
1195631.977	Study_Phase.SEQUENCE.Study_Instruction	LOADING RESOURCE SURFACE FROM DISK
1203901.945	Study_Phase.SEQUENCE.Study_Instruction	LOADING RESOURCE SURFACE FROM DISK
1203928.715	Study_Phase.SEQUENCE.Study_Instruction	LOADING RESOURCE SURFACE FROM DISK
1212238.458	Study_Phase.SEQUENCE.Study_Instruction	LOADING RESOURCE SURFACE FROM DISK
1220518.665	Study_Phase.SEQUENCE.Study_Instruction	LOADING RESOURCE SURFACE FROM DISK
1220558.47	Study_Phase.SEQUENCE.Study_Instruction	LOADING RESOURCE SURFACE FROM DISK
1228864.667	Study_Phase.SEQUENCE.Study_Instruction	LOADING RESOURCE SURFACE FROM DISK
1237135.478	Study_Phase.SEQUENCE.Study_Instruction	LOADING RESOURCE SURFACE FROM DISK
1237138.132	Study_Phase.SEQUENCE.Study_Instruction	LOADING RESOURCE SURFACE FROM DISK
1245460.167	Study_Phase.SEQUENCE.Study_Instruction	LOADING RESOURCE SURFACE FROM DISK
1253772.708	Study_Phase.SEQUENCE.Study_Instruction	LOADING RESOURCE SURFACE FROM DISK
1262035.243	Study_Phase.SEQUENCE.Study_Instruction	LOADING RESOURCE SURFACE FROM DISK
1262079.431	Study_Phase.SEQUENCE.Study_Instruction	LOADING RESOURCE SURFACE FROM DISK
1270365.312	Study_Phase.SEQUENCE.Study_Instruction	LOADING RESOURCE SURFACE FROM DISK
1278675.29	Study_Phase.SEQUENCE.Study_Instruction	LOADING RESOURCE SURFACE FROM DISK
1286983.674	Study_Phase.SEQUENCE.Study_Instruction	LOADING RESOURCE SURFACE FROM DISK
1295215.326	Study_Phase.SEQUENCE.Study_Instruction	LOADING RESOURCE SURFACE FROM DISK
1303485.374	Study_Phase.SEQUENCE.Study_Instruction	LOADING RESOURCE SURFACE FROM DISK
1303525.858	Study_Phase.SEQUENCE.Study_Instruction	LOADING RESOURCE SURFACE FROM DISK
1311822.511	Study_Phase.SEQUENCE.Study_Instruction	LOADING RESOURCE SURFACE FROM DISK
1320121.457	Study_Phase.SEQUENCE.Study_Instruction	LOADING RESOURCE SURFACE FROM DISK
1328398.694	Study_Phase.SEQUENCE.Study_Instruction	LOADING RESOURCE SURFACE FROM DISK
1336668.655	Study_Phase.SEQUENCE.Study_Instruction	LOADING RESOURCE SURFACE FROM DISK
1336713.479	Study_Phase.SEQUENCE.Study_Instruction	LOADING RESOURCE SURFACE FROM DISK
1344981.875	Study_Phase.SEQUENCE.Study_Instruction	LOADING RESOURCE SURFACE FROM DISK
1353252.071	Study_Phase.SEQUENCE.Study_Instruction	LOADING RESOURCE SURFACE FROM DISK
1353254.63	Study_Phase.SEQUENCE.Study_Instruction	LOADING RESOURCE SURFACE FROM DISK
1361568.147	Study_Phase.SEQUENCE.Study_Instruction	LOADING RESOURCE SURFACE FROM DISK
1369831.791	Study_Phase.SEQUENCE.Study_Instruction	LOADING RESOURCE SURFACE FROM DISK
1378132.284	Study_Phase.SEQUENCE.Study_Instruction	LOADING RESOURCE SURFACE FROM DISK
1386401.84	Study_Phase.SEQUENCE.Study_Instruction	LOADING RESOURCE SURFACE FROM DISK
1386404.437	Study_Phase.SEQUENCE.Study_Instruction	LOADING RESOURCE SURFACE FROM DISK
1394685.42	Study_Phase.SEQUENCE.Study_Instruction	LOADING RESOURCE SURFACE FROM DISK
1394727.0	Study_Phase.SEQUENCE.Study_Instruction	LOADING RESOURCE SURFACE FROM DISK
1403002.091	Study_Phase.SEQUENCE.Study_Instruction	LOADING RESOURCE SURFACE FROM DISK
1403043.951	Study_Phase.SEQUENCE.Study_Instruction	LOADING RESOURCE SURFACE FROM DISK
1411302.265	Study_Phase.SEQUENCE.Study_Instruction	LOADING RESOURCE SURFACE FROM DISK
1411304.841	Study_Phase.SEQUENCE.Study_Instruction	LOADING RESOURCE SURFACE FROM DISK
1419605.344	Study_Phase.SEQUENCE.Study_Instruction	LOADING RESOURCE SURFACE FROM DISK
1427885.394	Study_Phase.SEQUENCE.Study_Instruction	LOADING RESOURCE SURFACE FROM DISK
1427887.991	Study_Phase.SEQUENCE.Study_Instruction	LOADING RESOURCE SURFACE FROM DISK
1436168.638	Study_Phase.SEQUENCE.Study_Instruction	LOADING RESOURCE SURFACE FROM DISK
1436171.14	Study_Phase.SEQUENCE.Study_Instruction	LOADING RESOURCE SURFACE FROM DISK
1444486.3	Study_Phase.SEQUENCE.Study_Instruction	LOADING RESOURCE SURFACE FROM DISK
1452752.073	Study_Phase.SEQUENCE.Study_Instruction	LOADING RESOURCE SURFACE FROM DISK
1452796.489	Study_Phase.SEQUENCE.Study_Instruction	LOADING RESOURCE SURFACE FROM DISK
1461066.783	Study_Phase.SEQUENCE.Study_Instruction	LOADING RESOURCE SURFACE FROM DISK
1469331.847	Study_Phase.SEQUENCE.Study_Instruction	LOADING RESOURCE SURFACE FROM DISK
1477602.138	Study_Phase.SEQUENCE.Study_Instruction	LOADING RESOURCE SURFACE FROM DISK
1477604.637	Study_Phase.SEQUENCE.Study_Instruction	LOADING RESOURCE SURFACE FROM DISK
1485885.391	Study_Phase.SEQUENCE.Study_Instruction	LOADING RESOURCE SURFACE FROM DISK
1485930.549	Study_Phase.SEQUENCE.Study_Instruction	LOADING RESOURCE SURFACE FROM DISK
1494199.637	Study_Phase.SEQUENCE.Study_Instruction	LOADING RESOURCE SURFACE FROM DISK
1502468.654	Study_Phase.SEQUENCE.Study_Instruction	LOADING RESOURCE SURFACE FROM DISK
1502507.933	Study_Phase.SEQUENCE.Study_Instruction	LOADING RESOURCE SURFACE FROM DISK
1510818.599	Study_Phase.SEQUENCE.Study_Instruction	LOADING RESOURCE SURFACE FROM DISK
1519081.967	Study_Phase.SEQUENCE.Study_Instruction	LOADING RESOURCE SURFACE FROM DISK
1527348.562	Study_Phase.SEQUENCE.Study_Instruction	LOADING RESOURCE SURFACE FROM DISK
1535615.302	Study_Phase.SEQUENCE.Study_Instruction	LOADING RESOURCE SURFACE FROM DISK
1543917.003	Study_Phase.SEQUENCE.Study_Instruction	LOADING RESOURCE SURFACE FROM DISK
1552185.354	Study_Phase.SEQUENCE.Study_Instruction	LOADING RESOURCE SURFACE FROM DISK
1552222.472	Study_Phase.SEQUENCE.Study_Instruction	LOADING RESOURCE SURFACE FROM DISK
1560538.632	Study_Phase.SEQUENCE.Study_Instruction	LOADING RESOURCE SURFACE FROM DISK
1568818.595	Study_Phase.SEQUENCE.Study_Instruction	LOADING RESOURCE SURFACE FROM DISK
1568820.985	Study_Phase.SEQUENCE.Study_Instruction	LOADING RESOURCE SURFACE FROM DISK
1577131.658	Study_Phase.SEQUENCE.Study_Instruction	LOADING RESOURCE SURFACE FROM DISK
1585385.307	Study_Phase.SEQUENCE.Study_Instruction	LOADING RESOURCE SURFACE FROM DISK
1585387.928	Study_Phase.SEQUENCE.Study_Instruction	LOADING RESOURCE SURFACE FROM DISK
1593705.354	Study_Phase.SEQUENCE.Study_Instruction	LOADING RESOURCE SURFACE FROM DISK
1602025.84	Study_Phase.SEQUENCE.Study_Instruction	LOADING RESOURCE SURFACE FROM DISK
1610302.04	Study_Phase.SEQUENCE.Study_Instruction	LOADING RESOURCE SURFACE FROM DISK
1610344.841	Study_Phase.SEQUENCE.Study_Instruction	LOADING RESOURCE SURFACE FROM DISK
1618651.811	Study_Phase.SEQUENCE.Study_Instruction	LOADING RESOURCE SURFACE FROM DISK
1627012.379	Study_Phase.SEQUENCE.Study_Instruction	LOADING RESOURCE SURFACE FROM DISK
1635285.228	Study_Phase.SEQUENCE.Study_Instruction	LOADING RESOURCE SURFACE FROM DISK
1635328.293	Study_Phase.SEQUENCE.Study_Instruction	LOADING RESOURCE SURFACE FROM DISK
1643602.158	Study_Phase.SEQUENCE.Study_Instruction	LOADING RESOURCE SURFACE FROM DISK
1643604.754	Study_Phase.SEQUENCE.Study_Instruction	LOADING RESOURCE SURFACE FROM DISK
1651885.358	Study_Phase.SEQUENCE.Study_Instruction	LOADING RESOURCE SURFACE FROM DISK
1651887.966	Study_Phase.SEQUENCE.Study_Instruction	LOADING RESOURCE SURFACE FROM DISK
1660168.629	Study_Phase.SEQUENCE.Study_Instruction	LOADING RESOURCE SURFACE FROM DISK
1660207.845	Study_Phase.SEQUENCE.Study_Instruction	LOADING RESOURCE SURFACE FROM DISK
1668483.113	Study_Phase.SEQUENCE.Study_Instruction	LOADING RESOURCE SURFACE FROM DISK
1676751.992	Study_Phase.SEQUENCE.Study_Instruction	LOADING RESOURCE SURFACE FROM DISK
1676791.124	Study_Phase.SEQUENCE.Study_Instruction	LOADING RESOURCE SURFACE FROM DISK
1685066.321	Study_Phase.SEQUENCE.Study_Instruction	LOADING RESOURCE SURFACE FROM DISK
1693335.181	Study_Phase.SEQUENCE.Study_Instruction	LOADING RESOURCE SURFACE FROM DISK
1693380.304	Study_Phase.SEQUENCE.Study_Instruction	LOADING RESOURCE SURFACE FROM DISK
1701652.183	Study_Phase.SEQUENCE.Study_Instruction	LOADING RESOURCE SURFACE FROM DISK
1701687.548	Study_Phase.SEQUENCE.Study_Instruction	LOADING RESOURCE SURFACE FROM DISK
1709966.367	Study_Phase.SEQUENCE.Study_Instruction	LOADING RESOURCE SURFACE FROM DISK
1718235.595	Study_Phase.SEQUENCE.Study_Instruction	LOADING RESOURCE SURFACE FROM DISK
1718246.425	Study_Phase.SEQUENCE.Study_Instruction	LOADING RESOURCE SURFACE FROM DISK
1726534.118	Study_Phase.SEQUENCE.Study_Instruction	LOADING RESOURCE SURFACE FROM DISK
1734800.053	Study_Phase.SEQUENCE.Study_Instruction	LOADING RESOURCE SURFACE FROM DISK
1743068.735	Study_Phase.SEQUENCE.Study_Instruction	LOADING RESOURCE SURFACE FROM DISK
1743071.136	Study_Phase.SEQUENCE.Study_Instruction	LOADING RESOURCE SURFACE FROM DISK
1751387.574	Study_Phase.SEQUENCE.Study_Instruction	LOADING RESOURCE SURFACE FROM DISK
1759705.725	Study_Phase.SEQUENCE.Study_Instruction	LOADING RESOURCE SURFACE FROM DISK
1767985.452	Study_Phase.SEQUENCE.Study_Instruction	LOADING RESOURCE SURFACE FROM DISK
1768039.213	Study_Phase.SEQUENCE.Study_Instruction	LOADING RESOURCE SURFACE FROM DISK
1776356.14	Study_Phase.SEQUENCE.Study_Instruction	LOADING RESOURCE SURFACE FROM DISK
1784635.535	Study_Phase.SEQUENCE.Study_Instruction	LOADING RESOURCE SURFACE FROM DISK
1784675.282	Study_Phase.SEQUENCE.Study_Instruction	LOADING RESOURCE SURFACE FROM DISK
1792981.783	Study_Phase.SEQUENCE.Study_Instruction	LOADING RESOURCE SURFACE FROM DISK
1801252.141	Study_Phase.SEQUENCE.Study_Instruction	LOADING RESOURCE SURFACE FROM DISK
1801254.584	Study_Phase.SEQUENCE.Study_Instruction	LOADING RESOURCE SURFACE FROM DISK
1809535.429	Study_Phase.SEQUENCE.Study_Instruction	LOADING RESOURCE SURFACE FROM DISK
1809552.819	Study_Phase.SEQUENCE.Study_Instruction	LOADING RESOURCE SURFACE FROM DISK
1817850.519	Study_Phase.SEQUENCE.Study_Instruction	LOADING RESOURCE SURFACE FROM DISK
1826118.87	Study_Phase.SEQUENCE.Study_Instruction	LOADING RESOURCE SURFACE FROM DISK
1826121.302	Study_Phase.SEQUENCE.Study_Instruction	LOADING RESOURCE SURFACE FROM DISK
1834435.034	Study_Phase.SEQUENCE.Study_Instruction	LOADING RESOURCE SURFACE FROM DISK
1842736.536	Study_Phase.SEQUENCE.Study_Instruction	LOADING RESOURCE SURFACE FROM DISK
1851002.232	Study_Phase.SEQUENCE.Study_Instruction	LOADING RESOURCE SURFACE FROM DISK
1851037.095	Study_Phase.SEQUENCE.Study_Instruction	LOADING RESOURCE SURFACE FROM DISK
1859357.78	Study_Phase.SEQUENCE.Study_Instruction	LOADING RESOURCE SURFACE FROM DISK
1867668.768	Study_Phase.SEQUENCE.Study_Instruction	LOADING RESOURCE SURFACE FROM DISK
1875966.136	Study_Phase.SEQUENCE.Study_Instruction	LOADING RESOURCE SURFACE FROM DISK
1884235.367	Study_Phase.SEQUENCE.Study_Instruction	LOADING RESOURCE SURFACE FROM DISK
1884280.37	Study_Phase.SEQUENCE.Study_Instruction	LOADING RESOURCE SURFACE FROM DISK
1892551.84	Study_Phase.SEQUENCE.Study_Instruction	LOADING RESOURCE SURFACE FROM DISK
1892586.277	Study_Phase.SEQUENCE.Study_Instruction	LOADING RESOURCE SURFACE FROM DISK
1900885.447	Study_Phase.SEQUENCE.Study_Instruction	LOADING RESOURCE SURFACE FROM DISK
1909182.226	Study_Phase.SEQUENCE.Study_Instruction	LOADING RESOURCE SURFACE FROM DISK
1917448.582	Study_Phase.SEQUENCE.Study_Instruction	LOADING RESOURCE SURFACE FROM DISK
1925698.537	Study_Phase.SEQUENCE.Study_Instruction	LOADING RESOURCE SURFACE FROM DISK
1934006.208	Study_Phase.SEQUENCE.Study_Instruction	LOADING RESOURCE SURFACE FROM DISK
1942285.397	Study_Phase.SEQUENCE.Study_Instruction	LOADING RESOURCE SURFACE FROM DISK
1942321.329	Study_Phase.SEQUENCE.Study_Instruction	LOADING RESOURCE SURFACE FROM DISK
1950642.033	Study_Phase.SEQUENCE.Study_Instruction	LOADING RESOURCE SURFACE FROM DISK
1958918.522	Study_Phase.SEQUENCE.Study_Instruction	LOADING RESOURCE SURFACE FROM DISK
1958988.794	Study_Phase.SEQUENCE.Study_Instruction	LOADING RESOURCE SURFACE FROM DISK
1967268.81	Study_Phase.SEQUENCE.Study_Instruction	LOADING RESOURCE SURFACE FROM DISK
1967304.053	Study_Phase.SEQUENCE.Study_Instruction	LOADING RESOURCE SURFACE FROM DISK
1975623.407	Study_Phase.SEQUENCE.Study_Instruction	LOADING RESOURCE SURFACE FROM DISK
1983901.985	Study_Phase.SEQUENCE.Study_Instruction	LOADING RESOURCE SURFACE FROM DISK
1983904.457	Study_Phase.SEQUENCE.Study_Instruction	LOADING RESOURCE SURFACE FROM DISK
1992222.947	Study_Phase.SEQUENCE.Study_Instruction	LOADING RESOURCE SURFACE FROM DISK
2000502.036	Study_Phase.SEQUENCE.Study_Instruction	LOADING RESOURCE SURFACE FROM DISK
2000546.363	Study_Phase.SEQUENCE.Study_Instruction	LOADING RESOURCE SURFACE FROM DISK
2008816.32	Study_Phase.SEQUENCE.Study_Instruction	LOADING RESOURCE SURFACE FROM DISK
2017085.363	Study_Phase.SEQUENCE.Study_Instruction	LOADING RESOURCE SURFACE FROM DISK
2017129.707	Study_Phase.SEQUENCE.Study_Instruction	LOADING RESOURCE SURFACE FROM DISK
2025435.94	Study_Phase.SEQUENCE.Study_Instruction	LOADING RESOURCE SURFACE FROM DISK
2033701.991	Study_Phase.SEQUENCE.Study_Instruction	LOADING RESOURCE SURFACE FROM DISK
2033746.285	Study_Phase.SEQUENCE.Study_Instruction	LOADING RESOURCE SURFACE FROM DISK
2042018.771	Study_Phase.SEQUENCE.Study_Instruction	LOADING RESOURCE SURFACE FROM DISK
2042063.121	Study_Phase.SEQUENCE.Study_Instruction	LOADING RESOURCE SURFACE FROM DISK
2050335.261	Study_Phase.SEQUENCE.Study_Instruction	LOADING RESOURCE SURFACE FROM DISK
2050378.973	Study_Phase.SEQUENCE.Study_Instruction	LOADING RESOURCE SURFACE FROM DISK
2058683.183	Study_Phase.SEQUENCE.Study_Instruction	LOADING RESOURCE SURFACE FROM DISK
2066952.273	Study_Phase.SEQUENCE.Study_Instruction	LOADING RESOURCE SURFACE FROM DISK
2066993.758	Study_Phase.SEQUENCE.Study_Instruction	LOADING RESOURCE SURFACE FROM DISK
2075265.125	Study_Phase.SEQUENCE.Study_Instruction	LOADING RESOURCE SURFACE FROM DISK
2083535.65	Study_Phase.SEQUENCE.Study_Instruction	LOADING RESOURCE SURFACE FROM DISK
2083578.739	Study_Phase.SEQUENCE.Study_Instruction	LOADING RESOURCE SURFACE FROM DISK
2091887.939	Study_Phase.SEQUENCE.Study_Instruction	LOADING RESOURCE SURFACE FROM DISK
2100165.202	Study_Phase.SEQUENCE.Study_Instruction	LOADING RESOURCE SURFACE FROM DISK
2108441.941	Study_Phase.SEQUENCE.Study_Instruction	LOADING RESOURCE SURFACE FROM DISK
2116757.771	Study_Phase.SEQUENCE.Study_Instruction	LOADING RESOURCE SURFACE FROM DISK
2125035.296	Study_Phase.SEQUENCE.Study_Instruction	LOADING RESOURCE SURFACE FROM DISK
2125038.077	Study_Phase.SEQUENCE.Study_Instruction	LOADING RESOURCE SURFACE FROM DISK
2133318.788	Study_Phase.SEQUENCE.Study_Instruction	LOADING RESOURCE SURFACE FROM DISK
2133354.219	Study_Phase.SEQUENCE.Study_Instruction	LOADING RESOURCE SURFACE FROM DISK
2141635.284	Study_Phase.SEQUENCE.Study_Instruction	LOADING RESOURCE SURFACE FROM DISK
2141656.759	Study_Phase.SEQUENCE.Study_Instruction	LOADING RESOURCE SURFACE FROM DISK
2149975.027	Study_Phase.SEQUENCE.Study_Instruction	LOADING RESOURCE SURFACE FROM DISK
2158252.021	Study_Phase.SEQUENCE.Study_Instruction	LOADING RESOURCE SURFACE FROM DISK
2158254.884	Study_Phase.SEQUENCE.Study_Instruction	LOADING RESOURCE SURFACE FROM DISK
2166535.633	Study_Phase.SEQUENCE.Study_Instruction	LOADING RESOURCE SURFACE FROM DISK
2166538.31	Study_Phase.SEQUENCE.Study_Instruction	LOADING RESOURCE SURFACE FROM DISK
2174818.69	Study_Phase.SEQUENCE.Study_Instruction	LOADING RESOURCE SURFACE FROM DISK
2174863.2	Study_Phase.SEQUENCE.Study_Instruction	LOADING RESOURCE SURFACE FROM DISK
2183164.903	Study_Phase.SEQUENCE.Study_Instruction	LOADING RESOURCE SURFACE FROM DISK
2189389.13	DISPLAY_SCREEN[7]	LOADING RESOURCE SURFACE FROM DISK
2347849.218	Test_Phase.SEQUENCE.Target_Cue	LOADING RESOURCE SURFACE FROM DISK
2347860.242	Test_Phase.SEQUENCE.Target_Cue	LOADING RESOURCE SURFACE FROM DISK
2349920.634	Test_Phase.SEQUENCE.Word	LOADING RESOURCE SURFACE FROM DISK
2352984.824	Test_Phase.SEQUENCE.Test_Question	LOADING RESOURCE SURFACE FROM DISK
2353001.902	Test_Phase.SEQUENCE.Test_Question	LOADING RESOURCE SURFACE FROM DISK
2353006.979	Test_Phase.SEQUENCE.Test_Question	LOADING RESOURCE SURFACE FROM DISK
2353012.162	Test_Phase.SEQUENCE.Test_Question	LOADING RESOURCE SURFACE FROM DISK
2353014.035	Test_Phase.SEQUENCE.Test_Question	LOADING RESOURCE SURFACE FROM DISK
2353016.234	Test_Phase.SEQUENCE.Test_Question	LOADING RESOURCE SURFACE FROM DISK
2353018.012	Test_Phase.SEQUENCE.Test_Question	LOADING RESOURCE SURFACE FROM DISK
2353034.87	Test_Phase.SEQUENCE.Test_Question	LOADING RESOURCE SURFACE FROM DISK
2353049.145	Test_Phase.SEQUENCE.Test_Question	LOADING RESOURCE SURFACE FROM DISK
2353050.91	Test_Phase.SEQUENCE.Test_Question	LOADING RESOURCE SURFACE FROM DISK
2353052.636	Test_Phase.SEQUENCE.Test_Question	LOADING RESOURCE SURFACE FROM DISK
2353054.322	Test_Phase.SEQUENCE.Test_Question	LOADING RESOURCE SURFACE FROM DISK
2361715.025	Test_Phase.SEQUENCE.Word	LOADING RESOURCE SURFACE FROM DISK
2372792.269	Test_Phase.SEQUENCE.Word	LOADING RESOURCE SURFACE FROM DISK
2381685.742	Test_Phase.SEQUENCE.Word	LOADING RESOURCE SURFACE FROM DISK
2390298.308	Test_Phase.SEQUENCE.Word	LOADING RESOURCE SURFACE FROM DISK
2397923.811	Test_Phase.SEQUENCE.Word	LOADING RESOURCE SURFACE FROM DISK
2405731.653	Test_Phase.SEQUENCE.Word	LOADING RESOURCE SURFACE FROM DISK
2415166.835	Test_Phase.SEQUENCE.Word	LOADING RESOURCE SURFACE FROM DISK
2423781.661	Test_Phase.SEQUENCE.Word	LOADING RESOURCE SURFACE FROM DISK
2431265.104	Test_Phase.SEQUENCE.Word	LOADING RESOURCE SURFACE FROM DISK
2440248.626	Test_Phase.SEQUENCE.Word	LOADING RESOURCE SURFACE FROM DISK
2447935.724	Test_Phase.SEQUENCE.Word	LOADING RESOURCE SURFACE FROM DISK
2455331.852	Test_Phase.SEQUENCE.Word	LOADING RESOURCE SURFACE FROM DISK
2462598.372	Test_Phase.SEQUENCE.Word	LOADING RESOURCE SURFACE FROM DISK
2470015.026	Test_Phase.SEQUENCE.Word	LOADING RESOURCE SURFACE FROM DISK
2478603.59	Test_Phase.SEQUENCE.Word	LOADING RESOURCE SURFACE FROM DISK
2486887.862	Test_Phase.SEQUENCE.Word	LOADING RESOURCE SURFACE FROM DISK
2494981.658	Test_Phase.SEQUENCE.Word	LOADING RESOURCE SURFACE FROM DISK
2503404.371	Test_Phase.SEQUENCE.Word	LOADING RESOURCE SURFACE FROM DISK
2511098.401	Test_Phase.SEQUENCE.Word	LOADING RESOURCE SURFACE FROM DISK
2519865.53	Test_Phase.SEQUENCE.Word	LOADING RESOURCE SURFACE FROM DISK
2528428.486	Test_Phase.SEQUENCE.Word	LOADING RESOURCE SURFACE FROM DISK
2535914.949	Test_Phase.SEQUENCE.Word	LOADING RESOURCE SURFACE FROM DISK
2544231.828	Test_Phase.SEQUENCE.Word	LOADING RESOURCE SURFACE FROM DISK
2552686.958	Test_Phase.SEQUENCE.Word	LOADING RESOURCE SURFACE FROM DISK
2560864.874	Test_Phase.SEQUENCE.Word	LOADING RESOURCE SURFACE FROM DISK
2568051.363	Test_Phase.SEQUENCE.Word	LOADING RESOURCE SURFACE FROM DISK
2575148.664	Test_Phase.SEQUENCE.Word	LOADING RESOURCE SURFACE FROM DISK
2582374.295	Test_Phase.SEQUENCE.Word	LOADING RESOURCE SURFACE FROM DISK
2590020.743	Test_Phase.SEQUENCE.Word	LOADING RESOURCE SURFACE FROM DISK
2597348.379	Test_Phase.SEQUENCE.Word	LOADING RESOURCE SURFACE FROM DISK
2605015.185	Test_Phase.SEQUENCE.Word	LOADING RESOURCE SURFACE FROM DISK
2613715.024	Test_Phase.SEQUENCE.Word	LOADING RESOURCE SURFACE FROM DISK
2621198.433	Test_Phase.SEQUENCE.Word	LOADING RESOURCE SURFACE FROM DISK
2629031.727	Test_Phase.SEQUENCE.Word	LOADING RESOURCE SURFACE FROM DISK
2637986.884	Test_Phase.SEQUENCE.Word	LOADING RESOURCE SURFACE FROM DISK
2646265.555	Test_Phase.SEQUENCE.Word	LOADING RESOURCE SURFACE FROM DISK
2654998.353	Test_Phase.SEQUENCE.Word	LOADING RESOURCE SURFACE FROM DISK
2664183.004	Test_Phase.SEQUENCE.Word	LOADING RESOURCE SURFACE FROM DISK
2672098.552	Test_Phase.SEQUENCE.Word	LOADING RESOURCE SURFACE FROM DISK
2679954.141	Test_Phase.SEQUENCE.Word	LOADING RESOURCE SURFACE FROM DISK
2687434.053	Test_Phase.SEQUENCE.Word	LOADING RESOURCE SURFACE FROM DISK
2695974.888	Test_Phase.SEQUENCE.Word	LOADING RESOURCE SURFACE FROM DISK
2703369.31	Test_Phase.SEQUENCE.Word	LOADING RESOURCE SURFACE FROM DISK
2711898.392	Test_Phase.SEQUENCE.Word	LOADING RESOURCE SURFACE FROM DISK
2719698.493	Test_Phase.SEQUENCE.Word	LOADING RESOURCE SURFACE FROM DISK
2726998.241	Test_Phase.SEQUENCE.Word	LOADING RESOURCE SURFACE FROM DISK
2734831.774	Test_Phase.SEQUENCE.Word	LOADING RESOURCE SURFACE FROM DISK
2742457.725	Test_Phase.SEQUENCE.Word	LOADING RESOURCE SURFACE FROM DISK
2750881.871	Test_Phase.SEQUENCE.Word	LOADING RESOURCE SURFACE FROM DISK
2758398.151	Test_Phase.SEQUENCE.Word	LOADING RESOURCE SURFACE FROM DISK
2766131.56	Test_Phase.SEQUENCE.Word	LOADING RESOURCE SURFACE FROM DISK
2773565.037	Test_Phase.SEQUENCE.Word	LOADING RESOURCE SURFACE FROM DISK
2781148.27	Test_Phase.SEQUENCE.Word	LOADING RESOURCE SURFACE FROM DISK
2789031.679	Test_Phase.SEQUENCE.Word	LOADING RESOURCE SURFACE FROM DISK
2796331.452	Test_Phase.SEQUENCE.Word	LOADING RESOURCE SURFACE FROM DISK
2803716.791	Test_Phase.SEQUENCE.Word	LOADING RESOURCE SURFACE FROM DISK
2811098.401	Test_Phase.SEQUENCE.Word	LOADING RESOURCE SURFACE FROM DISK
2822038.667	Test_Phase.SEQUENCE.Word	LOADING RESOURCE SURFACE FROM DISK
2829585.312	Test_Phase.SEQUENCE.Word	LOADING RESOURCE SURFACE FROM DISK
2837174.493	Test_Phase.SEQUENCE.Word	LOADING RESOURCE SURFACE FROM DISK
2844803.592	Test_Phase.SEQUENCE.Word	LOADING RESOURCE SURFACE FROM DISK
2852081.869	Test_Phase.SEQUENCE.Word	LOADING RESOURCE SURFACE FROM DISK
2859386.786	Test_Phase.SEQUENCE.Word	LOADING RESOURCE SURFACE FROM DISK
2867016.213	Test_Phase.SEQUENCE.Word	LOADING RESOURCE SURFACE FROM DISK
2874653.182	Test_Phase.SEQUENCE.Word	LOADING RESOURCE SURFACE FROM DISK
2882098.012	Test_Phase.SEQUENCE.Word	LOADING RESOURCE SURFACE FROM DISK
2889448.269	Test_Phase.SEQUENCE.Word	LOADING RESOURCE SURFACE FROM DISK
2899181.785	Test_Phase.SEQUENCE.Word	LOADING RESOURCE SURFACE FROM DISK
2906464.976	Test_Phase.SEQUENCE.Word	LOADING RESOURCE SURFACE FROM DISK
2913819.297	Test_Phase.SEQUENCE.Word	LOADING RESOURCE SURFACE FROM DISK
2927948.462	Test_Phase.SEQUENCE.Word	LOADING RESOURCE SURFACE FROM DISK
2944156.049	Test_Phase.SEQUENCE.Word	LOADING RESOURCE SURFACE FROM DISK
2951738.162	Test_Phase.SEQUENCE.Word	LOADING RESOURCE SURFACE FROM DISK
2958965.078	Test_Phase.SEQUENCE.Word	LOADING RESOURCE SURFACE FROM DISK
2966515.29	Test_Phase.SEQUENCE.Word	LOADING RESOURCE SURFACE FROM DISK
2974031.76	Test_Phase.SEQUENCE.Word	LOADING RESOURCE SURFACE FROM DISK
2981281.706	Test_Phase.SEQUENCE.Word	LOADING RESOURCE SURFACE FROM DISK
2988620.636	Test_Phase.SEQUENCE.Word	LOADING RESOURCE SURFACE FROM DISK
2996031.759	Test_Phase.SEQUENCE.Word	LOADING RESOURCE SURFACE FROM DISK
3003448.653	Test_Phase.SEQUENCE.Word	LOADING RESOURCE SURFACE FROM DISK
3011172.775	Test_Phase.SEQUENCE.Word	LOADING RESOURCE SURFACE FROM DISK
3018398.533	Test_Phase.SEQUENCE.Word	LOADING RESOURCE SURFACE FROM DISK
3034748.444	Test_Phase.SEQUENCE.Word	LOADING RESOURCE SURFACE FROM DISK
3041981.746	Test_Phase.SEQUENCE.Word	LOADING RESOURCE SURFACE FROM DISK
3049514.552	Test_Phase.SEQUENCE.Word	LOADING RESOURCE SURFACE FROM DISK
3056941.506	Test_Phase.SEQUENCE.Word	LOADING RESOURCE SURFACE FROM DISK
3064314.992	Test_Phase.SEQUENCE.Word	LOADING RESOURCE SURFACE FROM DISK
3071781.682	Test_Phase.SEQUENCE.Word	LOADING RESOURCE SURFACE FROM DISK
3079298.59	Test_Phase.SEQUENCE.Word	LOADING RESOURCE SURFACE FROM DISK
3087615.224	Test_Phase.SEQUENCE.Word	LOADING RESOURCE SURFACE FROM DISK
3094881.853	Test_Phase.SEQUENCE.Word	LOADING RESOURCE SURFACE FROM DISK
3102436.011	Test_Phase.SEQUENCE.Word	LOADING RESOURCE SURFACE FROM DISK
3110231.749	Test_Phase.SEQUENCE.Word	LOADING RESOURCE SURFACE FROM DISK
3118214.991	Test_Phase.SEQUENCE.Word	LOADING RESOURCE SURFACE FROM DISK
3125684.322	Test_Phase.SEQUENCE.Word	LOADING RESOURCE SURFACE FROM DISK
3134364.986	Test_Phase.SEQUENCE.Word	LOADING RESOURCE SURFACE FROM DISK
3149789.781	Test_Phase.SEQUENCE.Word	LOADING RESOURCE SURFACE FROM DISK
3158845.473	Test_Phase.SEQUENCE.Word	LOADING RESOURCE SURFACE FROM DISK
3167166.862	Test_Phase.SEQUENCE.Word	LOADING RESOURCE SURFACE FROM DISK
3174498.552	Test_Phase.SEQUENCE.Word	LOADING RESOURCE SURFACE FROM DISK
3190048.019	Test_Phase.SEQUENCE.Word	LOADING RESOURCE SURFACE FROM DISK
3197548.558	Test_Phase.SEQUENCE.Word	LOADING RESOURCE SURFACE FROM DISK
3204848.399	Test_Phase.SEQUENCE.Word	LOADING RESOURCE SURFACE FROM DISK
3212281.827	Test_Phase.SEQUENCE.Word	LOADING RESOURCE SURFACE FROM DISK
3219682.557	Test_Phase.SEQUENCE.Word	LOADING RESOURCE SURFACE FROM DISK
3227366.623	Test_Phase.SEQUENCE.Word	LOADING RESOURCE SURFACE FROM DISK
3234885.899	Test_Phase.SEQUENCE.Word	LOADING RESOURCE SURFACE FROM DISK
3243114.98	Test_Phase.SEQUENCE.Word	LOADING RESOURCE SURFACE FROM DISK
3250598.39	Test_Phase.SEQUENCE.Word	LOADING RESOURCE SURFACE FROM DISK
3257948.174	Test_Phase.SEQUENCE.Word	LOADING RESOURCE SURFACE FROM DISK
3265131.574	Test_Phase.SEQUENCE.Word	LOADING RESOURCE SURFACE FROM DISK
3272331.562	Test_Phase.SEQUENCE.Word	LOADING RESOURCE SURFACE FROM DISK
3279545.133	Test_Phase.SEQUENCE.Word	LOADING RESOURCE SURFACE FROM DISK
3286786.482	Test_Phase.SEQUENCE.Word	LOADING RESOURCE SURFACE FROM DISK
3294281.571	Test_Phase.SEQUENCE.Word	LOADING RESOURCE SURFACE FROM DISK
3301857.336	Test_Phase.SEQUENCE.Word	LOADING RESOURCE SURFACE FROM DISK
3309298.223	Test_Phase.SEQUENCE.Word	LOADING RESOURCE SURFACE FROM DISK
3316656.473	Test_Phase.SEQUENCE.Word	LOADING RESOURCE SURFACE FROM DISK
3324349.935	Test_Phase.SEQUENCE.Word	LOADING RESOURCE SURFACE FROM DISK
3331655.384	Test_Phase.SEQUENCE.Word	LOADING RESOURCE SURFACE FROM DISK
3338981.565	Test_Phase.SEQUENCE.Word	LOADING RESOURCE SURFACE FROM DISK
3348281.67	Test_Phase.SEQUENCE.Word	LOADING RESOURCE SURFACE FROM DISK
3355631.97	Test_Phase.SEQUENCE.Word	LOADING RESOURCE SURFACE FROM DISK
3362881.626	Test_Phase.SEQUENCE.Word	LOADING RESOURCE SURFACE FROM DISK
3370481.548	Test_Phase.SEQUENCE.Word	LOADING RESOURCE SURFACE FROM DISK
3377664.921	Test_Phase.SEQUENCE.Word	LOADING RESOURCE SURFACE FROM DISK
3384931.832	Test_Phase.SEQUENCE.Word	LOADING RESOURCE SURFACE FROM DISK
3393704.129	Test_Phase.SEQUENCE.Word	LOADING RESOURCE SURFACE FROM DISK
3400685.651	Test_Phase.SEQUENCE.Word	LOADING RESOURCE SURFACE FROM DISK
3408115.063	Test_Phase.SEQUENCE.Word	LOADING RESOURCE SURFACE FROM DISK
3415448.834	Test_Phase.SEQUENCE.Word	LOADING RESOURCE SURFACE FROM DISK
3422835.779	Test_Phase.SEQUENCE.Word	LOADING RESOURCE SURFACE FROM DISK
3430423.008	Test_Phase.SEQUENCE.Word	LOADING RESOURCE SURFACE FROM DISK
3439048.653	Test_Phase.SEQUENCE.Word	LOADING RESOURCE SURFACE FROM DISK
3447331.697	Test_Phase.SEQUENCE.Word	LOADING RESOURCE SURFACE FROM DISK
3456081.572	Test_Phase.SEQUENCE.Word	LOADING RESOURCE SURFACE FROM DISK
3464098.322	Test_Phase.SEQUENCE.Word	LOADING RESOURCE SURFACE FROM DISK
3471814.991	Test_Phase.SEQUENCE.Word	LOADING RESOURCE SURFACE FROM DISK
3480365.096	Test_Phase.SEQUENCE.Word	LOADING RESOURCE SURFACE FROM DISK
3489081.792	Test_Phase.SEQUENCE.Word	LOADING RESOURCE SURFACE FROM DISK
3496389.099	Test_Phase.SEQUENCE.Word	LOADING RESOURCE SURFACE FROM DISK
3503915.004	Test_Phase.SEQUENCE.Word	LOADING RESOURCE SURFACE FROM DISK
3513548.399	Test_Phase.SEQUENCE.Word	LOADING RESOURCE SURFACE FROM DISK
3522181.561	Test_Phase.SEQUENCE.Word	LOADING RESOURCE SURFACE FROM DISK
3529565.013	Test_Phase.SEQUENCE.Word	LOADING RESOURCE SURFACE FROM DISK
3537634.809	Test_Phase.SEQUENCE.Word	LOADING RESOURCE SURFACE FROM DISK
3545598.415	Test_Phase.SEQUENCE.Word	LOADING RESOURCE SURFACE FROM DISK
3553864.972	Test_Phase.SEQUENCE.Word	LOADING RESOURCE SURFACE FROM DISK
3572481.608	Test_Phase.SEQUENCE.Word	LOADING RESOURCE SURFACE FROM DISK
3580399.914	Test_Phase.SEQUENCE.Word	LOADING RESOURCE SURFACE FROM DISK
3587415.047	Test_Phase.SEQUENCE.Word	LOADING RESOURCE SURFACE FROM DISK
3594991.485	Test_Phase.SEQUENCE.Word	LOADING RESOURCE SURFACE FROM DISK
3602454.717	Test_Phase.SEQUENCE.Word	LOADING RESOURCE SURFACE FROM DISK
3616031.69	Test_Phase.SEQUENCE.Word	LOADING RESOURCE SURFACE FROM DISK
3623615.121	Test_Phase.SEQUENCE.Word	LOADING RESOURCE SURFACE FROM DISK
3631075.147	Test_Phase.SEQUENCE.Word	LOADING RESOURCE SURFACE FROM DISK
3638265.13	Test_Phase.SEQUENCE.Word	LOADING RESOURCE SURFACE FROM DISK
3645515.177	Test_Phase.SEQUENCE.Word	LOADING RESOURCE SURFACE FROM DISK
3652814.967	Test_Phase.SEQUENCE.Word	LOADING RESOURCE SURFACE FROM DISK
3660101.681	Test_Phase.SEQUENCE.Word	LOADING RESOURCE SURFACE FROM DISK
3667401.622	Test_Phase.SEQUENCE.Word	LOADING RESOURCE SURFACE FROM DISK
3674830.864	Test_Phase.SEQUENCE.Word	LOADING RESOURCE SURFACE FROM DISK
3682265.452	Test_Phase.SEQUENCE.Word	LOADING RESOURCE SURFACE FROM DISK
3689698.738	Test_Phase.SEQUENCE.Word	LOADING RESOURCE SURFACE FROM DISK
3696848.359	Test_Phase.SEQUENCE.Word	LOADING RESOURCE SURFACE FROM DISK
3704119.911	Test_Phase.SEQUENCE.Word	LOADING RESOURCE SURFACE FROM DISK
3712800.406	Test_Phase.SEQUENCE.Word	LOADING RESOURCE SURFACE FROM DISK
3720081.604	Test_Phase.SEQUENCE.Word	LOADING RESOURCE SURFACE FROM DISK
3727515.114	Test_Phase.SEQUENCE.Word	LOADING RESOURCE SURFACE FROM DISK
3734904.575	Test_Phase.SEQUENCE.Word	LOADING RESOURCE SURFACE FROM DISK
3743332.144	Test_Phase.SEQUENCE.Word	LOADING RESOURCE SURFACE FROM DISK
3750915.184	Test_Phase.SEQUENCE.Word	LOADING RESOURCE SURFACE FROM DISK
3758389.033	Test_Phase.SEQUENCE.Word	LOADING RESOURCE SURFACE FROM DISK
3765931.548	Test_Phase.SEQUENCE.Word	LOADING RESOURCE SURFACE FROM DISK
3775781.652	Test_Phase.SEQUENCE.Word	LOADING RESOURCE SURFACE FROM DISK
3794331.474	Test_Phase.SEQUENCE.Word	LOADING RESOURCE SURFACE FROM DISK
3801637.432	Test_Phase.SEQUENCE.Word	LOADING RESOURCE SURFACE FROM DISK
3809798.341	Test_Phase.SEQUENCE.Word	LOADING RESOURCE SURFACE FROM DISK
3817931.677	Test_Phase.SEQUENCE.Word	LOADING RESOURCE SURFACE FROM DISK
3825365.076	Test_Phase.SEQUENCE.Word	LOADING RESOURCE SURFACE FROM DISK
3832915.044	Test_Phase.SEQUENCE.Word	LOADING RESOURCE SURFACE FROM DISK
3841634.647	Test_Phase.SEQUENCE.Word	LOADING RESOURCE SURFACE FROM DISK
3850485.748	Test_Phase.SEQUENCE.Word	LOADING RESOURCE SURFACE FROM DISK
3860313.947	Test_Phase.SEQUENCE.Word	LOADING RESOURCE SURFACE FROM DISK
3867998.365	Test_Phase.SEQUENCE.Word	LOADING RESOURCE SURFACE FROM DISK
3875865.187	Test_Phase.SEQUENCE.Word	LOADING RESOURCE SURFACE FROM DISK
3883814.986	Test_Phase.SEQUENCE.Word	LOADING RESOURCE SURFACE FROM DISK
3891302.692	Test_Phase.SEQUENCE.Word	LOADING RESOURCE SURFACE FROM DISK
3898882.083	Test_Phase.SEQUENCE.Word	LOADING RESOURCE SURFACE FROM DISK
3906254.673	Test_Phase.SEQUENCE.Word	LOADING RESOURCE SURFACE FROM DISK
3915522.662	Test_Phase.SEQUENCE.Word	LOADING RESOURCE SURFACE FROM DISK
3923181.688	Test_Phase.SEQUENCE.Word	LOADING RESOURCE SURFACE FROM DISK
3930965.095	Test_Phase.SEQUENCE.Word	LOADING RESOURCE SURFACE FROM DISK
3938798.431	Test_Phase.SEQUENCE.Word	LOADING RESOURCE SURFACE FROM DISK
3946231.927	Test_Phase.SEQUENCE.Word	LOADING RESOURCE SURFACE FROM DISK
3953681.606	Test_Phase.SEQUENCE.Word	LOADING RESOURCE SURFACE FROM DISK
3961042.031	Test_Phase.SEQUENCE.Word	LOADING RESOURCE SURFACE FROM DISK
3968282.022	Test_Phase.SEQUENCE.Word	LOADING RESOURCE SURFACE FROM DISK
3972077.32	DISPLAY_SCREEN	LOADING RESOURCE SURFACE FROM DISK
