5175.496	DISPLAY_SCREEN[1]	LOADING RESOURCE SURFACE FROM DISK
186921.429	Familiarization_Phase.SEQUENCE.Cue_and_Instruction	LOADING RESOURCE SURFACE FROM DISK
186930.932	Familiarization_Phase.SEQUENCE.Cue_and_Instruction	LOADING RESOURCE SURFACE FROM DISK
193023.547	Familiarization_Phase.SEQUENCE.Cue_and_Instruction	LOADING RESOURCE SURFACE FROM DISK
193035.693	Familiarization_Phase.SEQUENCE.Cue_and_Instruction	LOADING RESOURCE SURFACE FROM DISK
199118.298	Familiarization_Phase.SEQUENCE.Cue_and_Instruction	LOADING RESOURCE SURFACE FROM DISK
199135.001	Familiarization_Phase.SEQUENCE.Cue_and_Instruction	LOADING RESOURCE SURFACE FROM DISK
241544.949	DISPLAY_SCREEN[3]	LOADING RESOURCE SURFACE FROM DISK
321122.089	DISPLAY_SCREEN[5]	LOADING RESOURCE SURFACE FROM DISK
394308.536	Practice_Phase.SEQUENCE.Blink_Screen	LOADING RESOURCE SURFACE FROM DISK
394309.558	Practice_Phase.SEQUENCE.Blink_Screen	flip time is later than desired time. Desired Time=394293 Flip Time=394326 Retrace Rate=16.641, prepareTime=40 flip request time 394309
395543.916	Practice_Phase.SEQUENCE.Practice_Luminance_Cue	LOADING RESOURCE SURFACE FROM DISK
395546.406	Practice_Phase.SEQUENCE.Practice_Luminance_Cue	LOADING RESOURCE SURFACE FROM DISK
395548.179	Practice_Phase.SEQUENCE.Practice_Luminance_Cue	flip time is later than desired time. Desired Time=395526 Flip Time=395560 Retrace Rate=16.641, prepareTime=45 flip request time 395547
397541.507	Practice_Phase.SEQUENCE.Practice_Instruction	LOADING RESOURCE SURFACE FROM DISK
397543.869	Practice_Phase.SEQUENCE.Practice_Instruction	LOADING RESOURCE SURFACE FROM DISK
405634.068	Practice_Phase.SEQUENCE.Practice_Instruction	LOADING RESOURCE SURFACE FROM DISK
405641.596	Practice_Phase.SEQUENCE.Practice_Instruction	LOADING RESOURCE SURFACE FROM DISK
405643.149	Practice_Phase.SEQUENCE.Practice_Instruction	flip time is later than desired time. Desired Time=405626 Flip Time=405660 Retrace Rate=16.641, prepareTime=40 flip request time 405642
413743.031	Practice_Phase.SEQUENCE.Practice_Instruction	LOADING RESOURCE SURFACE FROM DISK
413752.398	Practice_Phase.SEQUENCE.Practice_Instruction	LOADING RESOURCE SURFACE FROM DISK
413754.021	Practice_Phase.SEQUENCE.Practice_Instruction	flip time is later than desired time. Desired Time=413726 Flip Time=413776 Retrace Rate=16.641, prepareTime=51 flip request time 413753
421824.661	Practice_Phase.SEQUENCE.Practice_Instruction	LOADING RESOURCE SURFACE FROM DISK
421827.076	Practice_Phase.SEQUENCE.Practice_Instruction	LOADING RESOURCE SURFACE FROM DISK
429891.287	Practice_Phase.SEQUENCE.Practice_Instruction	LOADING RESOURCE SURFACE FROM DISK
429929.735	Practice_Phase.SEQUENCE.Practice_Instruction	LOADING RESOURCE SURFACE FROM DISK
429931.367	Practice_Phase.SEQUENCE.Practice_Instruction	flip time is later than desired time. Desired Time=429910 Flip Time=429943 Retrace Rate=16.641, prepareTime=45 flip request time 429931
437991.207	Practice_Phase.SEQUENCE.Practice_Instruction	LOADING RESOURCE SURFACE FROM DISK
438029.421	Practice_Phase.SEQUENCE.Practice_Instruction	LOADING RESOURCE SURFACE FROM DISK
438031.015	Practice_Phase.SEQUENCE.Practice_Instruction	flip time is later than desired time. Desired Time=438010 Flip Time=438043 Retrace Rate=16.641, prepareTime=45 flip request time 438030
446091.489	Practice_Phase.SEQUENCE.Practice_Instruction	LOADING RESOURCE SURFACE FROM DISK
446093.976	Practice_Phase.SEQUENCE.Practice_Instruction	LOADING RESOURCE SURFACE FROM DISK
454157.96	Practice_Phase.SEQUENCE.Practice_Instruction	LOADING RESOURCE SURFACE FROM DISK
454195.694	Practice_Phase.SEQUENCE.Practice_Instruction	LOADING RESOURCE SURFACE FROM DISK
454197.398	Practice_Phase.SEQUENCE.Practice_Instruction	flip time is later than desired time. Desired Time=454176 Flip Time=454210 Retrace Rate=16.641, prepareTime=44 flip request time 454197
462257.836	Practice_Phase.SEQUENCE.Practice_Instruction	LOADING RESOURCE SURFACE FROM DISK
462260.23	Practice_Phase.SEQUENCE.Practice_Instruction	LOADING RESOURCE SURFACE FROM DISK
466931.043	DISPLAY_SCREEN[2]	LOADING RESOURCE SURFACE FROM DISK
550273.838	Study_Phase.SEQUENCE.Study_Instruction	LOADING RESOURCE SURFACE FROM DISK
558570.551	Study_Phase.SEQUENCE.Study_Instruction	LOADING RESOURCE SURFACE FROM DISK
566829.85	Study_Phase.SEQUENCE.Study_Instruction	LOADING RESOURCE SURFACE FROM DISK
575083.101	Study_Phase.SEQUENCE.Study_Instruction	LOADING RESOURCE SURFACE FROM DISK
575122.592	Study_Phase.SEQUENCE.Study_Instruction	LOADING RESOURCE SURFACE FROM DISK
583433.113	Study_Phase.SEQUENCE.Study_Instruction	LOADING RESOURCE SURFACE FROM DISK
583477.935	Study_Phase.SEQUENCE.Study_Instruction	LOADING RESOURCE SURFACE FROM DISK
591766.979	Study_Phase.SEQUENCE.Study_Instruction	LOADING RESOURCE SURFACE FROM DISK
600016.497	Study_Phase.SEQUENCE.Study_Instruction	LOADING RESOURCE SURFACE FROM DISK
600051.941	Study_Phase.SEQUENCE.Study_Instruction	LOADING RESOURCE SURFACE FROM DISK
608335.88	Study_Phase.SEQUENCE.Study_Instruction	LOADING RESOURCE SURFACE FROM DISK
616599.908	Study_Phase.SEQUENCE.Study_Instruction	LOADING RESOURCE SURFACE FROM DISK
616641.486	Study_Phase.SEQUENCE.Study_Instruction	LOADING RESOURCE SURFACE FROM DISK
624899.806	Study_Phase.SEQUENCE.Study_Instruction	LOADING RESOURCE SURFACE FROM DISK
624902.123	Study_Phase.SEQUENCE.Study_Instruction	LOADING RESOURCE SURFACE FROM DISK
633173.853	Study_Phase.SEQUENCE.Study_Instruction	LOADING RESOURCE SURFACE FROM DISK
641468.292	Study_Phase.SEQUENCE.Study_Instruction	LOADING RESOURCE SURFACE FROM DISK
649733.322	Study_Phase.SEQUENCE.Study_Instruction	LOADING RESOURCE SURFACE FROM DISK
649770.801	Study_Phase.SEQUENCE.Study_Instruction	LOADING RESOURCE SURFACE FROM DISK
658030.71	Study_Phase.SEQUENCE.Study_Instruction	LOADING RESOURCE SURFACE FROM DISK
666297.974	Study_Phase.SEQUENCE.Study_Instruction	LOADING RESOURCE SURFACE FROM DISK
674550.007	Study_Phase.SEQUENCE.Study_Instruction	LOADING RESOURCE SURFACE FROM DISK
674587.176	Study_Phase.SEQUENCE.Study_Instruction	LOADING RESOURCE SURFACE FROM DISK
682864.321	Study_Phase.SEQUENCE.Study_Instruction	LOADING RESOURCE SURFACE FROM DISK
691116.563	Study_Phase.SEQUENCE.Study_Instruction	LOADING RESOURCE SURFACE FROM DISK
691159.186	Study_Phase.SEQUENCE.Study_Instruction	LOADING RESOURCE SURFACE FROM DISK
699451.735	Study_Phase.SEQUENCE.Study_Instruction	LOADING RESOURCE SURFACE FROM DISK
707749.215	Study_Phase.SEQUENCE.Study_Instruction	LOADING RESOURCE SURFACE FROM DISK
716000.059	Study_Phase.SEQUENCE.Study_Instruction	LOADING RESOURCE SURFACE FROM DISK
716046.018	Study_Phase.SEQUENCE.Study_Instruction	LOADING RESOURCE SURFACE FROM DISK
724321.135	Study_Phase.SEQUENCE.Study_Instruction	LOADING RESOURCE SURFACE FROM DISK
732618.442	Study_Phase.SEQUENCE.Study_Instruction	LOADING RESOURCE SURFACE FROM DISK
740883.197	Study_Phase.SEQUENCE.Study_Instruction	LOADING RESOURCE SURFACE FROM DISK
740917.651	Study_Phase.SEQUENCE.Study_Instruction	LOADING RESOURCE SURFACE FROM DISK
749166.638	Study_Phase.SEQUENCE.Study_Instruction	LOADING RESOURCE SURFACE FROM DISK
749169.027	Study_Phase.SEQUENCE.Study_Instruction	LOADING RESOURCE SURFACE FROM DISK
757464.043	Study_Phase.SEQUENCE.Study_Instruction	LOADING RESOURCE SURFACE FROM DISK
765716.575	Study_Phase.SEQUENCE.Study_Instruction	LOADING RESOURCE SURFACE FROM DISK
765718.965	Study_Phase.SEQUENCE.Study_Instruction	LOADING RESOURCE SURFACE FROM DISK
773949.83	Study_Phase.SEQUENCE.Study_Instruction	LOADING RESOURCE SURFACE FROM DISK
773994.622	Study_Phase.SEQUENCE.Study_Instruction	LOADING RESOURCE SURFACE FROM DISK
782233.27	Study_Phase.SEQUENCE.Study_Instruction	LOADING RESOURCE SURFACE FROM DISK
782291.733	Study_Phase.SEQUENCE.Study_Instruction	LOADING RESOURCE SURFACE FROM DISK
790549.869	Study_Phase.SEQUENCE.Study_Instruction	LOADING RESOURCE SURFACE FROM DISK
790595.63	Study_Phase.SEQUENCE.Study_Instruction	LOADING RESOURCE SURFACE FROM DISK
798849.773	Study_Phase.SEQUENCE.Study_Instruction	LOADING RESOURCE SURFACE FROM DISK
798893.77	Study_Phase.SEQUENCE.Study_Instruction	LOADING RESOURCE SURFACE FROM DISK
807147.501	Study_Phase.SEQUENCE.Study_Instruction	LOADING RESOURCE SURFACE FROM DISK
815383.437	Study_Phase.SEQUENCE.Study_Instruction	LOADING RESOURCE SURFACE FROM DISK
815426.145	Study_Phase.SEQUENCE.Study_Instruction	LOADING RESOURCE SURFACE FROM DISK
823687.09	Study_Phase.SEQUENCE.Study_Instruction	LOADING RESOURCE SURFACE FROM DISK
831949.919	Study_Phase.SEQUENCE.Study_Instruction	LOADING RESOURCE SURFACE FROM DISK
831989.561	Study_Phase.SEQUENCE.Study_Instruction	LOADING RESOURCE SURFACE FROM DISK
840272.163	Study_Phase.SEQUENCE.Study_Instruction	LOADING RESOURCE SURFACE FROM DISK
848553.195	Study_Phase.SEQUENCE.Study_Instruction	LOADING RESOURCE SURFACE FROM DISK
856813.064	Study_Phase.SEQUENCE.Study_Instruction	LOADING RESOURCE SURFACE FROM DISK
865066.774	Study_Phase.SEQUENCE.Study_Instruction	LOADING RESOURCE SURFACE FROM DISK
865069.164	Study_Phase.SEQUENCE.Study_Instruction	LOADING RESOURCE SURFACE FROM DISK
873354.772	Study_Phase.SEQUENCE.Study_Instruction	LOADING RESOURCE SURFACE FROM DISK
881596.404	Study_Phase.SEQUENCE.Study_Instruction	LOADING RESOURCE SURFACE FROM DISK
889833.314	Study_Phase.SEQUENCE.Study_Instruction	LOADING RESOURCE SURFACE FROM DISK
889835.8	Study_Phase.SEQUENCE.Study_Instruction	LOADING RESOURCE SURFACE FROM DISK
898133.931	Study_Phase.SEQUENCE.Study_Instruction	LOADING RESOURCE SURFACE FROM DISK
906421.903	Study_Phase.SEQUENCE.Study_Instruction	LOADING RESOURCE SURFACE FROM DISK
914649.896	Study_Phase.SEQUENCE.Study_Instruction	LOADING RESOURCE SURFACE FROM DISK
914692.035	Study_Phase.SEQUENCE.Study_Instruction	LOADING RESOURCE SURFACE FROM DISK
922949.838	Study_Phase.SEQUENCE.Study_Instruction	LOADING RESOURCE SURFACE FROM DISK
922986.6	Study_Phase.SEQUENCE.Study_Instruction	LOADING RESOURCE SURFACE FROM DISK
931288.338	Study_Phase.SEQUENCE.Study_Instruction	LOADING RESOURCE SURFACE FROM DISK
939549.719	Study_Phase.SEQUENCE.Study_Instruction	LOADING RESOURCE SURFACE FROM DISK
939585.9	Study_Phase.SEQUENCE.Study_Instruction	LOADING RESOURCE SURFACE FROM DISK
947847.34	Study_Phase.SEQUENCE.Study_Instruction	LOADING RESOURCE SURFACE FROM DISK
956100.04	Study_Phase.SEQUENCE.Study_Instruction	LOADING RESOURCE SURFACE FROM DISK
956143.503	Study_Phase.SEQUENCE.Study_Instruction	LOADING RESOURCE SURFACE FROM DISK
964429.742	Study_Phase.SEQUENCE.Study_Instruction	LOADING RESOURCE SURFACE FROM DISK
972715.492	Study_Phase.SEQUENCE.Study_Instruction	LOADING RESOURCE SURFACE FROM DISK
980966.479	Study_Phase.SEQUENCE.Study_Instruction	LOADING RESOURCE SURFACE FROM DISK
980968.845	Study_Phase.SEQUENCE.Study_Instruction	LOADING RESOURCE SURFACE FROM DISK
989233.071	Study_Phase.SEQUENCE.Study_Instruction	LOADING RESOURCE SURFACE FROM DISK
989275.591	Study_Phase.SEQUENCE.Study_Instruction	LOADING RESOURCE SURFACE FROM DISK
997569.314	Study_Phase.SEQUENCE.Study_Instruction	LOADING RESOURCE SURFACE FROM DISK
1005833.082	Study_Phase.SEQUENCE.Study_Instruction	LOADING RESOURCE SURFACE FROM DISK
1005875.551	Study_Phase.SEQUENCE.Study_Instruction	LOADING RESOURCE SURFACE FROM DISK
1014114.215	Study_Phase.SEQUENCE.Study_Instruction	LOADING RESOURCE SURFACE FROM DISK
1022366.663	Study_Phase.SEQUENCE.Study_Instruction	LOADING RESOURCE SURFACE FROM DISK
1022369.202	Study_Phase.SEQUENCE.Study_Instruction	LOADING RESOURCE SURFACE FROM DISK
1030663.492	Study_Phase.SEQUENCE.Study_Instruction	LOADING RESOURCE SURFACE FROM DISK
1038948.761	Study_Phase.SEQUENCE.Study_Instruction	LOADING RESOURCE SURFACE FROM DISK
1047199.812	Study_Phase.SEQUENCE.Study_Instruction	LOADING RESOURCE SURFACE FROM DISK
1047202.182	Study_Phase.SEQUENCE.Study_Instruction	LOADING RESOURCE SURFACE FROM DISK
1055466.731	Study_Phase.SEQUENCE.Study_Instruction	LOADING RESOURCE SURFACE FROM DISK
1055473.62	Study_Phase.SEQUENCE.Study_Instruction	LOADING RESOURCE SURFACE FROM DISK
1063770.83	Study_Phase.SEQUENCE.Study_Instruction	LOADING RESOURCE SURFACE FROM DISK
1072033.2	Study_Phase.SEQUENCE.Study_Instruction	LOADING RESOURCE SURFACE FROM DISK
1072072.896	Study_Phase.SEQUENCE.Study_Instruction	LOADING RESOURCE SURFACE FROM DISK
1080333.457	Study_Phase.SEQUENCE.Study_Instruction	LOADING RESOURCE SURFACE FROM DISK
1080357.497	Study_Phase.SEQUENCE.Study_Instruction	LOADING RESOURCE SURFACE FROM DISK
1088652.645	Study_Phase.SEQUENCE.Study_Instruction	LOADING RESOURCE SURFACE FROM DISK
1096949.888	Study_Phase.SEQUENCE.Study_Instruction	LOADING RESOURCE SURFACE FROM DISK
1105199.903	Study_Phase.SEQUENCE.Study_Instruction	LOADING RESOURCE SURFACE FROM DISK
1105202.223	Study_Phase.SEQUENCE.Study_Instruction	LOADING RESOURCE SURFACE FROM DISK
1113480.336	Study_Phase.SEQUENCE.Study_Instruction	LOADING RESOURCE SURFACE FROM DISK
1121772.114	Study_Phase.SEQUENCE.Study_Instruction	LOADING RESOURCE SURFACE FROM DISK
1130033.013	Study_Phase.SEQUENCE.Study_Instruction	LOADING RESOURCE SURFACE FROM DISK
1130035.314	Study_Phase.SEQUENCE.Study_Instruction	LOADING RESOURCE SURFACE FROM DISK
1138337.01	Study_Phase.SEQUENCE.Study_Instruction	LOADING RESOURCE SURFACE FROM DISK
1146661.999	Study_Phase.SEQUENCE.Study_Instruction	LOADING RESOURCE SURFACE FROM DISK
1154936.759	Study_Phase.SEQUENCE.Study_Instruction	LOADING RESOURCE SURFACE FROM DISK
1163200.111	Study_Phase.SEQUENCE.Study_Instruction	LOADING RESOURCE SURFACE FROM DISK
1163236.704	Study_Phase.SEQUENCE.Study_Instruction	LOADING RESOURCE SURFACE FROM DISK
1171499.909	Study_Phase.SEQUENCE.Study_Instruction	LOADING RESOURCE SURFACE FROM DISK
1171502.284	Study_Phase.SEQUENCE.Study_Instruction	LOADING RESOURCE SURFACE FROM DISK
1179805.721	Study_Phase.SEQUENCE.Study_Instruction	LOADING RESOURCE SURFACE FROM DISK
1188066.684	Study_Phase.SEQUENCE.Study_Instruction	LOADING RESOURCE SURFACE FROM DISK
1188105.612	Study_Phase.SEQUENCE.Study_Instruction	LOADING RESOURCE SURFACE FROM DISK
1196366.568	Study_Phase.SEQUENCE.Study_Instruction	LOADING RESOURCE SURFACE FROM DISK
1196410.391	Study_Phase.SEQUENCE.Study_Instruction	LOADING RESOURCE SURFACE FROM DISK
1204699.111	Study_Phase.SEQUENCE.Study_Instruction	LOADING RESOURCE SURFACE FROM DISK
1212949.844	Study_Phase.SEQUENCE.Study_Instruction	LOADING RESOURCE SURFACE FROM DISK
1212993.889	Study_Phase.SEQUENCE.Study_Instruction	LOADING RESOURCE SURFACE FROM DISK
1221280.134	Study_Phase.SEQUENCE.Study_Instruction	LOADING RESOURCE SURFACE FROM DISK
1229533.253	Study_Phase.SEQUENCE.Study_Instruction	LOADING RESOURCE SURFACE FROM DISK
1229535.754	Study_Phase.SEQUENCE.Study_Instruction	LOADING RESOURCE SURFACE FROM DISK
1237831.754	Study_Phase.SEQUENCE.Study_Instruction	LOADING RESOURCE SURFACE FROM DISK
1246083.351	Study_Phase.SEQUENCE.Study_Instruction	LOADING RESOURCE SURFACE FROM DISK
1246125.467	Study_Phase.SEQUENCE.Study_Instruction	LOADING RESOURCE SURFACE FROM DISK
1254383.3	Study_Phase.SEQUENCE.Study_Instruction	LOADING RESOURCE SURFACE FROM DISK
1254422.46	Study_Phase.SEQUENCE.Study_Instruction	LOADING RESOURCE SURFACE FROM DISK
1262683.302	Study_Phase.SEQUENCE.Study_Instruction	LOADING RESOURCE SURFACE FROM DISK
1262691.018	Study_Phase.SEQUENCE.Study_Instruction	LOADING RESOURCE SURFACE FROM DISK
1270983.985	Study_Phase.SEQUENCE.Study_Instruction	LOADING RESOURCE SURFACE FROM DISK
1279233.143	Study_Phase.SEQUENCE.Study_Instruction	LOADING RESOURCE SURFACE FROM DISK
1279235.461	Study_Phase.SEQUENCE.Study_Instruction	LOADING RESOURCE SURFACE FROM DISK
1287535.972	Study_Phase.SEQUENCE.Study_Instruction	LOADING RESOURCE SURFACE FROM DISK
1295800.075	Study_Phase.SEQUENCE.Study_Instruction	LOADING RESOURCE SURFACE FROM DISK
1295851.672	Study_Phase.SEQUENCE.Study_Instruction	LOADING RESOURCE SURFACE FROM DISK
1304152.315	Study_Phase.SEQUENCE.Study_Instruction	LOADING RESOURCE SURFACE FROM DISK
1312416.756	Study_Phase.SEQUENCE.Study_Instruction	LOADING RESOURCE SURFACE FROM DISK
1312454.525	Study_Phase.SEQUENCE.Study_Instruction	LOADING RESOURCE SURFACE FROM DISK
1320716.691	Study_Phase.SEQUENCE.Study_Instruction	LOADING RESOURCE SURFACE FROM DISK
1320751.8	Study_Phase.SEQUENCE.Study_Instruction	LOADING RESOURCE SURFACE FROM DISK
1329020.331	Study_Phase.SEQUENCE.Study_Instruction	LOADING RESOURCE SURFACE FROM DISK
1337283.189	Study_Phase.SEQUENCE.Study_Instruction	LOADING RESOURCE SURFACE FROM DISK
1337327.863	Study_Phase.SEQUENCE.Study_Instruction	LOADING RESOURCE SURFACE FROM DISK
1345583.224	Study_Phase.SEQUENCE.Study_Instruction	LOADING RESOURCE SURFACE FROM DISK
1345639.922	Study_Phase.SEQUENCE.Study_Instruction	LOADING RESOURCE SURFACE FROM DISK
1353933.776	Study_Phase.SEQUENCE.Study_Instruction	LOADING RESOURCE SURFACE FROM DISK
1362179.825	Study_Phase.SEQUENCE.Study_Instruction	LOADING RESOURCE SURFACE FROM DISK
1370433.348	Study_Phase.SEQUENCE.Study_Instruction	LOADING RESOURCE SURFACE FROM DISK
1370468.464	Study_Phase.SEQUENCE.Study_Instruction	LOADING RESOURCE SURFACE FROM DISK
1378762.672	Study_Phase.SEQUENCE.Study_Instruction	LOADING RESOURCE SURFACE FROM DISK
1387016.63	Study_Phase.SEQUENCE.Study_Instruction	LOADING RESOURCE SURFACE FROM DISK
1387060.555	Study_Phase.SEQUENCE.Study_Instruction	LOADING RESOURCE SURFACE FROM DISK
1395316.575	Study_Phase.SEQUENCE.Study_Instruction	LOADING RESOURCE SURFACE FROM DISK
1395355.995	Study_Phase.SEQUENCE.Study_Instruction	LOADING RESOURCE SURFACE FROM DISK
1403597.548	Study_Phase.SEQUENCE.Study_Instruction	LOADING RESOURCE SURFACE FROM DISK
1411849.727	Study_Phase.SEQUENCE.Study_Instruction	LOADING RESOURCE SURFACE FROM DISK
1411887.056	Study_Phase.SEQUENCE.Study_Instruction	LOADING RESOURCE SURFACE FROM DISK
1420149.892	Study_Phase.SEQUENCE.Study_Instruction	LOADING RESOURCE SURFACE FROM DISK
1420195.737	Study_Phase.SEQUENCE.Study_Instruction	LOADING RESOURCE SURFACE FROM DISK
1428446.294	Study_Phase.SEQUENCE.Study_Instruction	LOADING RESOURCE SURFACE FROM DISK
1436736.717	Study_Phase.SEQUENCE.Study_Instruction	LOADING RESOURCE SURFACE FROM DISK
1445033.746	Study_Phase.SEQUENCE.Study_Instruction	LOADING RESOURCE SURFACE FROM DISK
1453283.228	Study_Phase.SEQUENCE.Study_Instruction	LOADING RESOURCE SURFACE FROM DISK
1453338.029	Study_Phase.SEQUENCE.Study_Instruction	LOADING RESOURCE SURFACE FROM DISK
1461619.618	Study_Phase.SEQUENCE.Study_Instruction	LOADING RESOURCE SURFACE FROM DISK
1469883.251	Study_Phase.SEQUENCE.Study_Instruction	LOADING RESOURCE SURFACE FROM DISK
1469919.324	Study_Phase.SEQUENCE.Study_Instruction	LOADING RESOURCE SURFACE FROM DISK
1478213.476	Study_Phase.SEQUENCE.Study_Instruction	LOADING RESOURCE SURFACE FROM DISK
1486466.458	Study_Phase.SEQUENCE.Study_Instruction	LOADING RESOURCE SURFACE FROM DISK
1486503.907	Study_Phase.SEQUENCE.Study_Instruction	LOADING RESOURCE SURFACE FROM DISK
1494800.936	Study_Phase.SEQUENCE.Study_Instruction	LOADING RESOURCE SURFACE FROM DISK
1503066.608	Study_Phase.SEQUENCE.Study_Instruction	LOADING RESOURCE SURFACE FROM DISK
1503139.861	Study_Phase.SEQUENCE.Study_Instruction	LOADING RESOURCE SURFACE FROM DISK
1511400.16	Study_Phase.SEQUENCE.Study_Instruction	LOADING RESOURCE SURFACE FROM DISK
1511445.147	Study_Phase.SEQUENCE.Study_Instruction	LOADING RESOURCE SURFACE FROM DISK
1519736.534	Study_Phase.SEQUENCE.Study_Instruction	LOADING RESOURCE SURFACE FROM DISK
1528039.147	Study_Phase.SEQUENCE.Study_Instruction	LOADING RESOURCE SURFACE FROM DISK
1536321.406	Study_Phase.SEQUENCE.Study_Instruction	LOADING RESOURCE SURFACE FROM DISK
1541037.741	DISPLAY_SCREEN[7]	LOADING RESOURCE SURFACE FROM DISK
1711880.67	Test_Phase.SEQUENCE.Target_Cue	LOADING RESOURCE SURFACE FROM DISK
1711894.161	Test_Phase.SEQUENCE.Target_Cue	LOADING RESOURCE SURFACE FROM DISK
1713942.155	Test_Phase.SEQUENCE.Word	LOADING RESOURCE SURFACE FROM DISK
1716996.494	Test_Phase.SEQUENCE.Test_Question	LOADING RESOURCE SURFACE FROM DISK
1717007.468	Test_Phase.SEQUENCE.Test_Question	LOADING RESOURCE SURFACE FROM DISK
1717013.619	Test_Phase.SEQUENCE.Test_Question	LOADING RESOURCE SURFACE FROM DISK
1717027.507	Test_Phase.SEQUENCE.Test_Question	LOADING RESOURCE SURFACE FROM DISK
1717029.179	Test_Phase.SEQUENCE.Test_Question	LOADING RESOURCE SURFACE FROM DISK
1717030.882	Test_Phase.SEQUENCE.Test_Question	LOADING RESOURCE SURFACE FROM DISK
1717032.612	Test_Phase.SEQUENCE.Test_Question	LOADING RESOURCE SURFACE FROM DISK
1717034.412	Test_Phase.SEQUENCE.Test_Question	LOADING RESOURCE SURFACE FROM DISK
1717036.013	Test_Phase.SEQUENCE.Test_Question	LOADING RESOURCE SURFACE FROM DISK
1717037.595	Test_Phase.SEQUENCE.Test_Question	LOADING RESOURCE SURFACE FROM DISK
1717039.344	Test_Phase.SEQUENCE.Test_Question	LOADING RESOURCE SURFACE FROM DISK
1717041.021	Test_Phase.SEQUENCE.Test_Question	LOADING RESOURCE SURFACE FROM DISK
1724121.129	Test_Phase.SEQUENCE.Word	LOADING RESOURCE SURFACE FROM DISK
1733813.048	Test_Phase.SEQUENCE.Word	LOADING RESOURCE SURFACE FROM DISK
1743196.24	Test_Phase.SEQUENCE.Word	LOADING RESOURCE SURFACE FROM DISK
1752897.993	Test_Phase.SEQUENCE.Word	LOADING RESOURCE SURFACE FROM DISK
1765629.729	Test_Phase.SEQUENCE.Word	LOADING RESOURCE SURFACE FROM DISK
1774093.86	Test_Phase.SEQUENCE.Word	LOADING RESOURCE SURFACE FROM DISK
1783453.154	Test_Phase.SEQUENCE.Word	LOADING RESOURCE SURFACE FROM DISK
1792246.501	Test_Phase.SEQUENCE.Word	LOADING RESOURCE SURFACE FROM DISK
1802412.839	Test_Phase.SEQUENCE.Word	LOADING RESOURCE SURFACE FROM DISK
1811846.285	Test_Phase.SEQUENCE.Word	LOADING RESOURCE SURFACE FROM DISK
1819812.885	Test_Phase.SEQUENCE.Word	LOADING RESOURCE SURFACE FROM DISK
1827846.268	Test_Phase.SEQUENCE.Word	LOADING RESOURCE SURFACE FROM DISK
1836696.332	Test_Phase.SEQUENCE.Word	LOADING RESOURCE SURFACE FROM DISK
1844584.456	Test_Phase.SEQUENCE.Word	LOADING RESOURCE SURFACE FROM DISK
1853346.409	Test_Phase.SEQUENCE.Word	LOADING RESOURCE SURFACE FROM DISK
1862514.783	Test_Phase.SEQUENCE.Word	LOADING RESOURCE SURFACE FROM DISK
1870613.085	Test_Phase.SEQUENCE.Word	LOADING RESOURCE SURFACE FROM DISK
1879996.338	Test_Phase.SEQUENCE.Word	LOADING RESOURCE SURFACE FROM DISK
1888596.16	Test_Phase.SEQUENCE.Word	LOADING RESOURCE SURFACE FROM DISK
1896433.338	Test_Phase.SEQUENCE.Word	LOADING RESOURCE SURFACE FROM DISK
1905929.923	Test_Phase.SEQUENCE.Word	LOADING RESOURCE SURFACE FROM DISK
1914063.001	Test_Phase.SEQUENCE.Word	LOADING RESOURCE SURFACE FROM DISK
1922271.508	Test_Phase.SEQUENCE.Word	LOADING RESOURCE SURFACE FROM DISK
1930262.931	Test_Phase.SEQUENCE.Word	LOADING RESOURCE SURFACE FROM DISK
1938113.22	Test_Phase.SEQUENCE.Word	LOADING RESOURCE SURFACE FROM DISK
1947512.912	Test_Phase.SEQUENCE.Word	LOADING RESOURCE SURFACE FROM DISK
1955596.244	Test_Phase.SEQUENCE.Word	LOADING RESOURCE SURFACE FROM DISK
1964996.193	Test_Phase.SEQUENCE.Word	LOADING RESOURCE SURFACE FROM DISK
1973532.05	Test_Phase.SEQUENCE.Word	LOADING RESOURCE SURFACE FROM DISK
1981755.457	Test_Phase.SEQUENCE.Word	LOADING RESOURCE SURFACE FROM DISK
1990237.578	Test_Phase.SEQUENCE.Word	LOADING RESOURCE SURFACE FROM DISK
1999296.434	Test_Phase.SEQUENCE.Word	LOADING RESOURCE SURFACE FROM DISK
2007989.858	Test_Phase.SEQUENCE.Word	LOADING RESOURCE SURFACE FROM DISK
2016062.855	Test_Phase.SEQUENCE.Word	LOADING RESOURCE SURFACE FROM DISK
2026583.616	Test_Phase.SEQUENCE.Word	LOADING RESOURCE SURFACE FROM DISK
2034619.981	Test_Phase.SEQUENCE.Word	LOADING RESOURCE SURFACE FROM DISK
2044914.199	Test_Phase.SEQUENCE.Word	LOADING RESOURCE SURFACE FROM DISK
2053238.545	Test_Phase.SEQUENCE.Word	LOADING RESOURCE SURFACE FROM DISK
2062262.876	Test_Phase.SEQUENCE.Word	LOADING RESOURCE SURFACE FROM DISK
2071229.515	Test_Phase.SEQUENCE.Word	LOADING RESOURCE SURFACE FROM DISK
2081754.084	Test_Phase.SEQUENCE.Word	LOADING RESOURCE SURFACE FROM DISK
2090362.876	Test_Phase.SEQUENCE.Word	LOADING RESOURCE SURFACE FROM DISK
2098679.549	Test_Phase.SEQUENCE.Word	LOADING RESOURCE SURFACE FROM DISK
2107229.533	Test_Phase.SEQUENCE.Word	LOADING RESOURCE SURFACE FROM DISK
2115996.237	Test_Phase.SEQUENCE.Word	LOADING RESOURCE SURFACE FROM DISK
2124306.051	Test_Phase.SEQUENCE.Word	LOADING RESOURCE SURFACE FROM DISK
2132500.699	Test_Phase.SEQUENCE.Word	LOADING RESOURCE SURFACE FROM DISK
2141896.359	Test_Phase.SEQUENCE.Word	LOADING RESOURCE SURFACE FROM DISK
2150364.337	Test_Phase.SEQUENCE.Word	LOADING RESOURCE SURFACE FROM DISK
2158229.868	Test_Phase.SEQUENCE.Word	LOADING RESOURCE SURFACE FROM DISK
2166796.45	Test_Phase.SEQUENCE.Word	LOADING RESOURCE SURFACE FROM DISK
2176579.565	Test_Phase.SEQUENCE.Word	LOADING RESOURCE SURFACE FROM DISK
2184970.318	Test_Phase.SEQUENCE.Word	LOADING RESOURCE SURFACE FROM DISK
2195229.628	Test_Phase.SEQUENCE.Word	LOADING RESOURCE SURFACE FROM DISK
2203129.566	Test_Phase.SEQUENCE.Word	LOADING RESOURCE SURFACE FROM DISK
2211279.64	Test_Phase.SEQUENCE.Word	LOADING RESOURCE SURFACE FROM DISK
2220914.195	Test_Phase.SEQUENCE.Word	LOADING RESOURCE SURFACE FROM DISK
2229046.333	Test_Phase.SEQUENCE.Word	LOADING RESOURCE SURFACE FROM DISK
2237929.554	Test_Phase.SEQUENCE.Word	LOADING RESOURCE SURFACE FROM DISK
2246170.734	Test_Phase.SEQUENCE.Word	LOADING RESOURCE SURFACE FROM DISK
2254485.513	Test_Phase.SEQUENCE.Word	LOADING RESOURCE SURFACE FROM DISK
2262666.101	Test_Phase.SEQUENCE.Word	LOADING RESOURCE SURFACE FROM DISK
2271696.301	Test_Phase.SEQUENCE.Word	LOADING RESOURCE SURFACE FROM DISK
2279870.056	Test_Phase.SEQUENCE.Word	LOADING RESOURCE SURFACE FROM DISK
2288134.322	Test_Phase.SEQUENCE.Word	LOADING RESOURCE SURFACE FROM DISK
2296179.557	Test_Phase.SEQUENCE.Word	LOADING RESOURCE SURFACE FROM DISK
2304020.439	Test_Phase.SEQUENCE.Word	LOADING RESOURCE SURFACE FROM DISK
2311779.579	Test_Phase.SEQUENCE.Word	LOADING RESOURCE SURFACE FROM DISK
2320129.68	Test_Phase.SEQUENCE.Word	LOADING RESOURCE SURFACE FROM DISK
2328612.951	Test_Phase.SEQUENCE.Word	LOADING RESOURCE SURFACE FROM DISK
2336647.243	Test_Phase.SEQUENCE.Word	LOADING RESOURCE SURFACE FROM DISK
2344784.595	Test_Phase.SEQUENCE.Word	LOADING RESOURCE SURFACE FROM DISK
2352779.683	Test_Phase.SEQUENCE.Word	LOADING RESOURCE SURFACE FROM DISK
2360632.082	Test_Phase.SEQUENCE.Word	LOADING RESOURCE SURFACE FROM DISK
2368613.097	Test_Phase.SEQUENCE.Word	LOADING RESOURCE SURFACE FROM DISK
2376634.226	Test_Phase.SEQUENCE.Word	LOADING RESOURCE SURFACE FROM DISK
2384429.534	Test_Phase.SEQUENCE.Word	LOADING RESOURCE SURFACE FROM DISK
2392472.654	Test_Phase.SEQUENCE.Word	LOADING RESOURCE SURFACE FROM DISK
2401197.45	Test_Phase.SEQUENCE.Word	LOADING RESOURCE SURFACE FROM DISK
2409146.134	Test_Phase.SEQUENCE.Word	LOADING RESOURCE SURFACE FROM DISK
2417171.305	Test_Phase.SEQUENCE.Word	LOADING RESOURCE SURFACE FROM DISK
2425118.917	Test_Phase.SEQUENCE.Word	LOADING RESOURCE SURFACE FROM DISK
2433196.424	Test_Phase.SEQUENCE.Word	LOADING RESOURCE SURFACE FROM DISK
2441262.895	Test_Phase.SEQUENCE.Word	LOADING RESOURCE SURFACE FROM DISK
2449279.619	Test_Phase.SEQUENCE.Word	LOADING RESOURCE SURFACE FROM DISK
2457196.364	Test_Phase.SEQUENCE.Word	LOADING RESOURCE SURFACE FROM DISK
2466682.242	Test_Phase.SEQUENCE.Word	LOADING RESOURCE SURFACE FROM DISK
2474779.471	Test_Phase.SEQUENCE.Word	LOADING RESOURCE SURFACE FROM DISK
2482763.237	Test_Phase.SEQUENCE.Word	LOADING RESOURCE SURFACE FROM DISK
2490339.214	Test_Phase.SEQUENCE.Word	LOADING RESOURCE SURFACE FROM DISK
2498246.195	Test_Phase.SEQUENCE.Word	LOADING RESOURCE SURFACE FROM DISK
2506179.57	Test_Phase.SEQUENCE.Word	LOADING RESOURCE SURFACE FROM DISK
2514482.523	Test_Phase.SEQUENCE.Word	LOADING RESOURCE SURFACE FROM DISK
2522296.296	Test_Phase.SEQUENCE.Word	LOADING RESOURCE SURFACE FROM DISK
2530604.517	Test_Phase.SEQUENCE.Word	LOADING RESOURCE SURFACE FROM DISK
2538499.361	Test_Phase.SEQUENCE.Word	LOADING RESOURCE SURFACE FROM DISK
2546784.254	Test_Phase.SEQUENCE.Word	LOADING RESOURCE SURFACE FROM DISK
2555148.992	Test_Phase.SEQUENCE.Word	LOADING RESOURCE SURFACE FROM DISK
2563913.225	Test_Phase.SEQUENCE.Word	LOADING RESOURCE SURFACE FROM DISK
2571996.201	Test_Phase.SEQUENCE.Word	LOADING RESOURCE SURFACE FROM DISK
2580562.915	Test_Phase.SEQUENCE.Word	LOADING RESOURCE SURFACE FROM DISK
2588429.511	Test_Phase.SEQUENCE.Word	LOADING RESOURCE SURFACE FROM DISK
2597311.595	Test_Phase.SEQUENCE.Word	LOADING RESOURCE SURFACE FROM DISK
2605368.658	Test_Phase.SEQUENCE.Word	LOADING RESOURCE SURFACE FROM DISK
2613179.839	Test_Phase.SEQUENCE.Word	LOADING RESOURCE SURFACE FROM DISK
2623063.142	Test_Phase.SEQUENCE.Word	LOADING RESOURCE SURFACE FROM DISK
2630949.068	Test_Phase.SEQUENCE.Word	LOADING RESOURCE SURFACE FROM DISK
2639096.345	Test_Phase.SEQUENCE.Word	LOADING RESOURCE SURFACE FROM DISK
2647796.348	Test_Phase.SEQUENCE.Word	LOADING RESOURCE SURFACE FROM DISK
2656096.25	Test_Phase.SEQUENCE.Word	LOADING RESOURCE SURFACE FROM DISK
2674479.6	Test_Phase.SEQUENCE.Word	LOADING RESOURCE SURFACE FROM DISK
2682462.946	Test_Phase.SEQUENCE.Word	LOADING RESOURCE SURFACE FROM DISK
2690079.629	Test_Phase.SEQUENCE.Word	LOADING RESOURCE SURFACE FROM DISK
2698230.371	Test_Phase.SEQUENCE.Word	LOADING RESOURCE SURFACE FROM DISK
2706179.444	Test_Phase.SEQUENCE.Word	LOADING RESOURCE SURFACE FROM DISK
2714871.359	Test_Phase.SEQUENCE.Word	LOADING RESOURCE SURFACE FROM DISK
2722712.994	Test_Phase.SEQUENCE.Word	LOADING RESOURCE SURFACE FROM DISK
2730596.289	Test_Phase.SEQUENCE.Word	LOADING RESOURCE SURFACE FROM DISK
2738596.152	Test_Phase.SEQUENCE.Word	LOADING RESOURCE SURFACE FROM DISK
2746634.588	Test_Phase.SEQUENCE.Word	LOADING RESOURCE SURFACE FROM DISK
2754396.246	Test_Phase.SEQUENCE.Word	LOADING RESOURCE SURFACE FROM DISK
2762446.185	Test_Phase.SEQUENCE.Word	LOADING RESOURCE SURFACE FROM DISK
2770918.743	Test_Phase.SEQUENCE.Word	LOADING RESOURCE SURFACE FROM DISK
2778812.847	Test_Phase.SEQUENCE.Word	LOADING RESOURCE SURFACE FROM DISK
2786696.364	Test_Phase.SEQUENCE.Word	LOADING RESOURCE SURFACE FROM DISK
2794787.078	Test_Phase.SEQUENCE.Word	LOADING RESOURCE SURFACE FROM DISK
2803132.808	Test_Phase.SEQUENCE.Word	LOADING RESOURCE SURFACE FROM DISK
2811396.03	Test_Phase.SEQUENCE.Word	LOADING RESOURCE SURFACE FROM DISK
2819248.165	Test_Phase.SEQUENCE.Word	LOADING RESOURCE SURFACE FROM DISK
2827231.26	Test_Phase.SEQUENCE.Word	LOADING RESOURCE SURFACE FROM DISK
2835246.28	Test_Phase.SEQUENCE.Word	LOADING RESOURCE SURFACE FROM DISK
2843379.499	Test_Phase.SEQUENCE.Word	LOADING RESOURCE SURFACE FROM DISK
2852229.626	Test_Phase.SEQUENCE.Word	LOADING RESOURCE SURFACE FROM DISK
2860985.233	Test_Phase.SEQUENCE.Word	LOADING RESOURCE SURFACE FROM DISK
2870629.818	Test_Phase.SEQUENCE.Word	LOADING RESOURCE SURFACE FROM DISK
2878482.221	Test_Phase.SEQUENCE.Word	LOADING RESOURCE SURFACE FROM DISK
2886446.331	Test_Phase.SEQUENCE.Word	LOADING RESOURCE SURFACE FROM DISK
2896079.617	Test_Phase.SEQUENCE.Word	LOADING RESOURCE SURFACE FROM DISK
2903829.554	Test_Phase.SEQUENCE.Word	LOADING RESOURCE SURFACE FROM DISK
2912187.649	Test_Phase.SEQUENCE.Word	LOADING RESOURCE SURFACE FROM DISK
2920112.957	Test_Phase.SEQUENCE.Word	LOADING RESOURCE SURFACE FROM DISK
2928050.734	Test_Phase.SEQUENCE.Word	LOADING RESOURCE SURFACE FROM DISK
2936796.278	Test_Phase.SEQUENCE.Word	LOADING RESOURCE SURFACE FROM DISK
2944819.427	Test_Phase.SEQUENCE.Word	LOADING RESOURCE SURFACE FROM DISK
2952762.947	Test_Phase.SEQUENCE.Word	LOADING RESOURCE SURFACE FROM DISK
2960719.469	Test_Phase.SEQUENCE.Word	LOADING RESOURCE SURFACE FROM DISK
2968546.197	Test_Phase.SEQUENCE.Word	LOADING RESOURCE SURFACE FROM DISK
2976879.512	Test_Phase.SEQUENCE.Word	LOADING RESOURCE SURFACE FROM DISK
2987399.385	Test_Phase.SEQUENCE.Word	LOADING RESOURCE SURFACE FROM DISK
2995279.515	Test_Phase.SEQUENCE.Word	LOADING RESOURCE SURFACE FROM DISK
3003219.119	Test_Phase.SEQUENCE.Word	LOADING RESOURCE SURFACE FROM DISK
3011446.252	Test_Phase.SEQUENCE.Word	LOADING RESOURCE SURFACE FROM DISK
3019633.846	Test_Phase.SEQUENCE.Word	LOADING RESOURCE SURFACE FROM DISK
3027546.638	Test_Phase.SEQUENCE.Word	LOADING RESOURCE SURFACE FROM DISK
3037966.901	Test_Phase.SEQUENCE.Word	LOADING RESOURCE SURFACE FROM DISK
3047012.944	Test_Phase.SEQUENCE.Word	LOADING RESOURCE SURFACE FROM DISK
3055402.626	Test_Phase.SEQUENCE.Word	LOADING RESOURCE SURFACE FROM DISK
3063179.661	Test_Phase.SEQUENCE.Word	LOADING RESOURCE SURFACE FROM DISK
3070996.405	Test_Phase.SEQUENCE.Word	LOADING RESOURCE SURFACE FROM DISK
3078929.488	Test_Phase.SEQUENCE.Word	LOADING RESOURCE SURFACE FROM DISK
3086887.196	Test_Phase.SEQUENCE.Word	LOADING RESOURCE SURFACE FROM DISK
3096112.8	Test_Phase.SEQUENCE.Word	LOADING RESOURCE SURFACE FROM DISK
3104156.039	Test_Phase.SEQUENCE.Word	LOADING RESOURCE SURFACE FROM DISK
3111996.538	Test_Phase.SEQUENCE.Word	LOADING RESOURCE SURFACE FROM DISK
3120803.071	Test_Phase.SEQUENCE.Word	LOADING RESOURCE SURFACE FROM DISK
3128962.801	Test_Phase.SEQUENCE.Word	LOADING RESOURCE SURFACE FROM DISK
3137012.933	Test_Phase.SEQUENCE.Word	LOADING RESOURCE SURFACE FROM DISK
3145030.672	Test_Phase.SEQUENCE.Word	LOADING RESOURCE SURFACE FROM DISK
3152969.257	Test_Phase.SEQUENCE.Word	LOADING RESOURCE SURFACE FROM DISK
3160929.443	Test_Phase.SEQUENCE.Word	LOADING RESOURCE SURFACE FROM DISK
3168796.146	Test_Phase.SEQUENCE.Word	LOADING RESOURCE SURFACE FROM DISK
3176396.3	Test_Phase.SEQUENCE.Word	LOADING RESOURCE SURFACE FROM DISK
3184313.025	Test_Phase.SEQUENCE.Word	LOADING RESOURCE SURFACE FROM DISK
3192179.592	Test_Phase.SEQUENCE.Word	LOADING RESOURCE SURFACE FROM DISK
3199939.358	Test_Phase.SEQUENCE.Word	LOADING RESOURCE SURFACE FROM DISK
3207796.307	Test_Phase.SEQUENCE.Word	LOADING RESOURCE SURFACE FROM DISK
3215496.362	Test_Phase.SEQUENCE.Word	LOADING RESOURCE SURFACE FROM DISK
3223729.624	Test_Phase.SEQUENCE.Word	LOADING RESOURCE SURFACE FROM DISK
3231596.557	Test_Phase.SEQUENCE.Word	LOADING RESOURCE SURFACE FROM DISK
3239618.971	Test_Phase.SEQUENCE.Word	LOADING RESOURCE SURFACE FROM DISK
3247584.138	Test_Phase.SEQUENCE.Word	LOADING RESOURCE SURFACE FROM DISK
3256329.62	Test_Phase.SEQUENCE.Word	LOADING RESOURCE SURFACE FROM DISK
3264179.48	Test_Phase.SEQUENCE.Word	LOADING RESOURCE SURFACE FROM DISK
3272046.256	Test_Phase.SEQUENCE.Word	LOADING RESOURCE SURFACE FROM DISK
3280211.658	Test_Phase.SEQUENCE.Word	LOADING RESOURCE SURFACE FROM DISK
3288729.58	Test_Phase.SEQUENCE.Word	LOADING RESOURCE SURFACE FROM DISK
3297080.228	Test_Phase.SEQUENCE.Word	LOADING RESOURCE SURFACE FROM DISK
3305196.346	Test_Phase.SEQUENCE.Word	LOADING RESOURCE SURFACE FROM DISK
3313363.705	Test_Phase.SEQUENCE.Word	LOADING RESOURCE SURFACE FROM DISK
3321696.599	Test_Phase.SEQUENCE.Word	LOADING RESOURCE SURFACE FROM DISK
3329547.074	Test_Phase.SEQUENCE.Word	LOADING RESOURCE SURFACE FROM DISK
3337346.284	Test_Phase.SEQUENCE.Word	LOADING RESOURCE SURFACE FROM DISK
3345586.13	Test_Phase.SEQUENCE.Word	LOADING RESOURCE SURFACE FROM DISK
3354104.34	Test_Phase.SEQUENCE.Word	LOADING RESOURCE SURFACE FROM DISK
3362396.223	Test_Phase.SEQUENCE.Word	LOADING RESOURCE SURFACE FROM DISK
3370600.611	Test_Phase.SEQUENCE.Word	LOADING RESOURCE SURFACE FROM DISK
3378946.335	Test_Phase.SEQUENCE.Word	LOADING RESOURCE SURFACE FROM DISK
3386846.307	Test_Phase.SEQUENCE.Word	LOADING RESOURCE SURFACE FROM DISK
3391335.414	DISPLAY_SCREEN	LOADING RESOURCE SURFACE FROM DISK
