5386.627	DISPLAY_SCREEN[1]	LOADING RESOURCE SURFACE FROM DISK
1102390.681	Familiarization_Phase.SEQUENCE.Cue_and_Instruction	LOADING RESOURCE SURFACE FROM DISK
1102399.815	Familiarization_Phase.SEQUENCE.Cue_and_Instruction	LOADING RESOURCE SURFACE FROM DISK
1108481.517	Familiarization_Phase.SEQUENCE.Cue_and_Instruction	LOADING RESOURCE SURFACE FROM DISK
1108493.435	Familiarization_Phase.SEQUENCE.Cue_and_Instruction	LOADING RESOURCE SURFACE FROM DISK
1114564.633	Familiarization_Phase.SEQUENCE.Cue_and_Instruction	LOADING RESOURCE SURFACE FROM DISK
1114569.167	Familiarization_Phase.SEQUENCE.Cue_and_Instruction	LOADING RESOURCE SURFACE FROM DISK
1156697.701	DISPLAY_SCREEN[3]	LOADING RESOURCE SURFACE FROM DISK
1261367.8	DISPLAY_SCREEN[5]	LOADING RESOURCE SURFACE FROM DISK
1311999.419	Practice_Phase.SEQUENCE.Blink_Screen	LOADING RESOURCE SURFACE FROM DISK
1312000.453	Practice_Phase.SEQUENCE.Blink_Screen	flip time is later than desired time. Desired Time=1311745 Flip Time=1312011 Retrace Rate=16.641, prepareTime=279 flip request time 1312000
1313234.824	Practice_Phase.SEQUENCE.Practice_Luminance_Cue	LOADING RESOURCE SURFACE FROM DISK
1313241.383	Practice_Phase.SEQUENCE.Practice_Luminance_Cue	LOADING RESOURCE SURFACE FROM DISK
1313242.813	Practice_Phase.SEQUENCE.Practice_Luminance_Cue	flip time is later than desired time. Desired Time=1313211 Flip Time=1313261 Retrace Rate=16.641, prepareTime=55 flip request time 1313242
1315243.099	Practice_Phase.SEQUENCE.Practice_Instruction	LOADING RESOURCE SURFACE FROM DISK
1315245.524	Practice_Phase.SEQUENCE.Practice_Instruction	LOADING RESOURCE SURFACE FROM DISK
1323324.991	Practice_Phase.SEQUENCE.Practice_Instruction	LOADING RESOURCE SURFACE FROM DISK
1323332.36	Practice_Phase.SEQUENCE.Practice_Instruction	LOADING RESOURCE SURFACE FROM DISK
1323333.907	Practice_Phase.SEQUENCE.Practice_Instruction	flip time is later than desired time. Desired Time=1323328 Flip Time=1323345 Retrace Rate=16.641, prepareTime=29 flip request time 1323333
1331434.072	Practice_Phase.SEQUENCE.Practice_Instruction	LOADING RESOURCE SURFACE FROM DISK
1331443.193	Practice_Phase.SEQUENCE.Practice_Instruction	LOADING RESOURCE SURFACE FROM DISK
1331444.707	Practice_Phase.SEQUENCE.Practice_Instruction	flip time is later than desired time. Desired Time=1331411 Flip Time=1331461 Retrace Rate=16.641, prepareTime=57 flip request time 1331444
1339509.567	Practice_Phase.SEQUENCE.Practice_Instruction	LOADING RESOURCE SURFACE FROM DISK
1339512.062	Practice_Phase.SEQUENCE.Practice_Instruction	LOADING RESOURCE SURFACE FROM DISK
1347576.184	Practice_Phase.SEQUENCE.Practice_Instruction	LOADING RESOURCE SURFACE FROM DISK
1347620.525	Practice_Phase.SEQUENCE.Practice_Instruction	LOADING RESOURCE SURFACE FROM DISK
1347622.149	Practice_Phase.SEQUENCE.Practice_Instruction	flip time is later than desired time. Desired Time=1347595 Flip Time=1347645 Retrace Rate=16.641, prepareTime=51 flip request time 1347621
1355692.827	Practice_Phase.SEQUENCE.Practice_Instruction	LOADING RESOURCE SURFACE FROM DISK
1355695.141	Practice_Phase.SEQUENCE.Practice_Instruction	LOADING RESOURCE SURFACE FROM DISK
1363759.558	Practice_Phase.SEQUENCE.Practice_Instruction	LOADING RESOURCE SURFACE FROM DISK
1363762.082	Practice_Phase.SEQUENCE.Practice_Instruction	LOADING RESOURCE SURFACE FROM DISK
1371826.113	Practice_Phase.SEQUENCE.Practice_Instruction	LOADING RESOURCE SURFACE FROM DISK
1371828.55	Practice_Phase.SEQUENCE.Practice_Instruction	LOADING RESOURCE SURFACE FROM DISK
1379892.862	Practice_Phase.SEQUENCE.Practice_Instruction	LOADING RESOURCE SURFACE FROM DISK
1379930.66	Practice_Phase.SEQUENCE.Practice_Instruction	LOADING RESOURCE SURFACE FROM DISK
1379932.275	Practice_Phase.SEQUENCE.Practice_Instruction	flip time is later than desired time. Desired Time=1379911 Flip Time=1379945 Retrace Rate=16.641, prepareTime=44 flip request time 1379932
1384599.583	DISPLAY_SCREEN[2]	LOADING RESOURCE SURFACE FROM DISK
1458467.925	Study_Phase.SEQUENCE.Study_Instruction	LOADING RESOURCE SURFACE FROM DISK
1466718.36	Study_Phase.SEQUENCE.Study_Instruction	LOADING RESOURCE SURFACE FROM DISK
1466758.271	Study_Phase.SEQUENCE.Study_Instruction	LOADING RESOURCE SURFACE FROM DISK
1475018.521	Study_Phase.SEQUENCE.Study_Instruction	LOADING RESOURCE SURFACE FROM DISK
1475055.06	Study_Phase.SEQUENCE.Study_Instruction	LOADING RESOURCE SURFACE FROM DISK
1483318.304	Study_Phase.SEQUENCE.Study_Instruction	LOADING RESOURCE SURFACE FROM DISK
1483358.202	Study_Phase.SEQUENCE.Study_Instruction	LOADING RESOURCE SURFACE FROM DISK
1491618.166	Study_Phase.SEQUENCE.Study_Instruction	LOADING RESOURCE SURFACE FROM DISK
1491620.597	Study_Phase.SEQUENCE.Study_Instruction	LOADING RESOURCE SURFACE FROM DISK
1499923.808	Study_Phase.SEQUENCE.Study_Instruction	LOADING RESOURCE SURFACE FROM DISK
1508184.716	Study_Phase.SEQUENCE.Study_Instruction	LOADING RESOURCE SURFACE FROM DISK
1508223.031	Study_Phase.SEQUENCE.Study_Instruction	LOADING RESOURCE SURFACE FROM DISK
1516521.209	Study_Phase.SEQUENCE.Study_Instruction	LOADING RESOURCE SURFACE FROM DISK
1524784.677	Study_Phase.SEQUENCE.Study_Instruction	LOADING RESOURCE SURFACE FROM DISK
1524826.088	Study_Phase.SEQUENCE.Study_Instruction	LOADING RESOURCE SURFACE FROM DISK
1533165.6	Study_Phase.SEQUENCE.Study_Instruction	LOADING RESOURCE SURFACE FROM DISK
1541447.872	Study_Phase.SEQUENCE.Study_Instruction	LOADING RESOURCE SURFACE FROM DISK
1549701.505	Study_Phase.SEQUENCE.Study_Instruction	LOADING RESOURCE SURFACE FROM DISK
1549747.618	Study_Phase.SEQUENCE.Study_Instruction	LOADING RESOURCE SURFACE FROM DISK
1558001.688	Study_Phase.SEQUENCE.Study_Instruction	LOADING RESOURCE SURFACE FROM DISK
1558004.328	Study_Phase.SEQUENCE.Study_Instruction	LOADING RESOURCE SURFACE FROM DISK
1566268.363	Study_Phase.SEQUENCE.Study_Instruction	LOADING RESOURCE SURFACE FROM DISK
1566324.706	Study_Phase.SEQUENCE.Study_Instruction	LOADING RESOURCE SURFACE FROM DISK
1574619.373	Study_Phase.SEQUENCE.Study_Instruction	LOADING RESOURCE SURFACE FROM DISK
1582868.086	Study_Phase.SEQUENCE.Study_Instruction	LOADING RESOURCE SURFACE FROM DISK
1582910.773	Study_Phase.SEQUENCE.Study_Instruction	LOADING RESOURCE SURFACE FROM DISK
1591168.233	Study_Phase.SEQUENCE.Study_Instruction	LOADING RESOURCE SURFACE FROM DISK
1591206.762	Study_Phase.SEQUENCE.Study_Instruction	LOADING RESOURCE SURFACE FROM DISK
1599506.559	Study_Phase.SEQUENCE.Study_Instruction	LOADING RESOURCE SURFACE FROM DISK
1607801.938	Study_Phase.SEQUENCE.Study_Instruction	LOADING RESOURCE SURFACE FROM DISK
1616051.399	Study_Phase.SEQUENCE.Study_Instruction	LOADING RESOURCE SURFACE FROM DISK
1616053.765	Study_Phase.SEQUENCE.Study_Instruction	LOADING RESOURCE SURFACE FROM DISK
1624318.371	Study_Phase.SEQUENCE.Study_Instruction	LOADING RESOURCE SURFACE FROM DISK
1624359.594	Study_Phase.SEQUENCE.Study_Instruction	LOADING RESOURCE SURFACE FROM DISK
1632614.624	Study_Phase.SEQUENCE.Study_Instruction	LOADING RESOURCE SURFACE FROM DISK
1640886.272	Study_Phase.SEQUENCE.Study_Instruction	LOADING RESOURCE SURFACE FROM DISK
1649180.489	Study_Phase.SEQUENCE.Study_Instruction	LOADING RESOURCE SURFACE FROM DISK
1657471.468	Study_Phase.SEQUENCE.Study_Instruction	LOADING RESOURCE SURFACE FROM DISK
1665734.785	Study_Phase.SEQUENCE.Study_Instruction	LOADING RESOURCE SURFACE FROM DISK
1665769.837	Study_Phase.SEQUENCE.Study_Instruction	LOADING RESOURCE SURFACE FROM DISK
1674048.886	Study_Phase.SEQUENCE.Study_Instruction	LOADING RESOURCE SURFACE FROM DISK
1682335.057	Study_Phase.SEQUENCE.Study_Instruction	LOADING RESOURCE SURFACE FROM DISK
1690584.673	Study_Phase.SEQUENCE.Study_Instruction	LOADING RESOURCE SURFACE FROM DISK
1690628.956	Study_Phase.SEQUENCE.Study_Instruction	LOADING RESOURCE SURFACE FROM DISK
1698915.415	Study_Phase.SEQUENCE.Study_Instruction	LOADING RESOURCE SURFACE FROM DISK
1707206.416	Study_Phase.SEQUENCE.Study_Instruction	LOADING RESOURCE SURFACE FROM DISK
1715468.333	Study_Phase.SEQUENCE.Study_Instruction	LOADING RESOURCE SURFACE FROM DISK
1715510.899	Study_Phase.SEQUENCE.Study_Instruction	LOADING RESOURCE SURFACE FROM DISK
1723768.122	Study_Phase.SEQUENCE.Study_Instruction	LOADING RESOURCE SURFACE FROM DISK
1723804.564	Study_Phase.SEQUENCE.Study_Instruction	LOADING RESOURCE SURFACE FROM DISK
1732068.024	Study_Phase.SEQUENCE.Study_Instruction	LOADING RESOURCE SURFACE FROM DISK
1732112.377	Study_Phase.SEQUENCE.Study_Instruction	LOADING RESOURCE SURFACE FROM DISK
1740390.965	Study_Phase.SEQUENCE.Study_Instruction	LOADING RESOURCE SURFACE FROM DISK
1748691.305	Study_Phase.SEQUENCE.Study_Instruction	LOADING RESOURCE SURFACE FROM DISK
1756951.543	Study_Phase.SEQUENCE.Study_Instruction	LOADING RESOURCE SURFACE FROM DISK
1756988.51	Study_Phase.SEQUENCE.Study_Instruction	LOADING RESOURCE SURFACE FROM DISK
1765248.787	Study_Phase.SEQUENCE.Study_Instruction	LOADING RESOURCE SURFACE FROM DISK
1773501.62	Study_Phase.SEQUENCE.Study_Instruction	LOADING RESOURCE SURFACE FROM DISK
1773561.682	Study_Phase.SEQUENCE.Study_Instruction	LOADING RESOURCE SURFACE FROM DISK
1781818.105	Study_Phase.SEQUENCE.Study_Instruction	LOADING RESOURCE SURFACE FROM DISK
1781862.682	Study_Phase.SEQUENCE.Study_Instruction	LOADING RESOURCE SURFACE FROM DISK
1790117.986	Study_Phase.SEQUENCE.Study_Instruction	LOADING RESOURCE SURFACE FROM DISK
1790153.533	Study_Phase.SEQUENCE.Study_Instruction	LOADING RESOURCE SURFACE FROM DISK
1798418.225	Study_Phase.SEQUENCE.Study_Instruction	LOADING RESOURCE SURFACE FROM DISK
1798461.106	Study_Phase.SEQUENCE.Study_Instruction	LOADING RESOURCE SURFACE FROM DISK
1806758.949	Study_Phase.SEQUENCE.Study_Instruction	LOADING RESOURCE SURFACE FROM DISK
1815047.773	Study_Phase.SEQUENCE.Study_Instruction	LOADING RESOURCE SURFACE FROM DISK
1823297.898	Study_Phase.SEQUENCE.Study_Instruction	LOADING RESOURCE SURFACE FROM DISK
1831586.066	Study_Phase.SEQUENCE.Study_Instruction	LOADING RESOURCE SURFACE FROM DISK
1839834.583	Study_Phase.SEQUENCE.Study_Instruction	LOADING RESOURCE SURFACE FROM DISK
1839879.421	Study_Phase.SEQUENCE.Study_Instruction	LOADING RESOURCE SURFACE FROM DISK
1848169.912	Study_Phase.SEQUENCE.Study_Instruction	LOADING RESOURCE SURFACE FROM DISK
1856471.306	Study_Phase.SEQUENCE.Study_Instruction	LOADING RESOURCE SURFACE FROM DISK
1864767.693	Study_Phase.SEQUENCE.Study_Instruction	LOADING RESOURCE SURFACE FROM DISK
1873041.514	Study_Phase.SEQUENCE.Study_Instruction	LOADING RESOURCE SURFACE FROM DISK
1881301.532	Study_Phase.SEQUENCE.Study_Instruction	LOADING RESOURCE SURFACE FROM DISK
1881303.927	Study_Phase.SEQUENCE.Study_Instruction	LOADING RESOURCE SURFACE FROM DISK
1889565.959	Study_Phase.SEQUENCE.Study_Instruction	LOADING RESOURCE SURFACE FROM DISK
1897818.062	Study_Phase.SEQUENCE.Study_Instruction	LOADING RESOURCE SURFACE FROM DISK
1897820.528	Study_Phase.SEQUENCE.Study_Instruction	LOADING RESOURCE SURFACE FROM DISK
1906081.482	Study_Phase.SEQUENCE.Study_Instruction	LOADING RESOURCE SURFACE FROM DISK
1914368.801	Study_Phase.SEQUENCE.Study_Instruction	LOADING RESOURCE SURFACE FROM DISK
1922618.006	Study_Phase.SEQUENCE.Study_Instruction	LOADING RESOURCE SURFACE FROM DISK
1922632.255	Study_Phase.SEQUENCE.Study_Instruction	LOADING RESOURCE SURFACE FROM DISK
1930923.198	Study_Phase.SEQUENCE.Study_Instruction	LOADING RESOURCE SURFACE FROM DISK
1939184.798	Study_Phase.SEQUENCE.Study_Instruction	LOADING RESOURCE SURFACE FROM DISK
1939223.488	Study_Phase.SEQUENCE.Study_Instruction	LOADING RESOURCE SURFACE FROM DISK
1947522.742	Study_Phase.SEQUENCE.Study_Instruction	LOADING RESOURCE SURFACE FROM DISK
1955784.805	Study_Phase.SEQUENCE.Study_Instruction	LOADING RESOURCE SURFACE FROM DISK
1955819.529	Study_Phase.SEQUENCE.Study_Instruction	LOADING RESOURCE SURFACE FROM DISK
1964121.606	Study_Phase.SEQUENCE.Study_Instruction	LOADING RESOURCE SURFACE FROM DISK
1972368.099	Study_Phase.SEQUENCE.Study_Instruction	LOADING RESOURCE SURFACE FROM DISK
1972407.214	Study_Phase.SEQUENCE.Study_Instruction	LOADING RESOURCE SURFACE FROM DISK
1980699.275	Study_Phase.SEQUENCE.Study_Instruction	LOADING RESOURCE SURFACE FROM DISK
1988951.549	Study_Phase.SEQUENCE.Study_Instruction	LOADING RESOURCE SURFACE FROM DISK
1988988.069	Study_Phase.SEQUENCE.Study_Instruction	LOADING RESOURCE SURFACE FROM DISK
1997251.437	Study_Phase.SEQUENCE.Study_Instruction	LOADING RESOURCE SURFACE FROM DISK
1997291.177	Study_Phase.SEQUENCE.Study_Instruction	LOADING RESOURCE SURFACE FROM DISK
2005549.055	Study_Phase.SEQUENCE.Study_Instruction	LOADING RESOURCE SURFACE FROM DISK
2013801.594	Study_Phase.SEQUENCE.Study_Instruction	LOADING RESOURCE SURFACE FROM DISK
2013826.372	Study_Phase.SEQUENCE.Study_Instruction	LOADING RESOURCE SURFACE FROM DISK
2022118.124	Study_Phase.SEQUENCE.Study_Instruction	LOADING RESOURCE SURFACE FROM DISK
2030406.516	Study_Phase.SEQUENCE.Study_Instruction	LOADING RESOURCE SURFACE FROM DISK
2038668.214	Study_Phase.SEQUENCE.Study_Instruction	LOADING RESOURCE SURFACE FROM DISK
2038670.575	Study_Phase.SEQUENCE.Study_Instruction	LOADING RESOURCE SURFACE FROM DISK
2046974.392	Study_Phase.SEQUENCE.Study_Instruction	LOADING RESOURCE SURFACE FROM DISK
2055234.871	Study_Phase.SEQUENCE.Study_Instruction	LOADING RESOURCE SURFACE FROM DISK
2055272.232	Study_Phase.SEQUENCE.Study_Instruction	LOADING RESOURCE SURFACE FROM DISK
2063534.789	Study_Phase.SEQUENCE.Study_Instruction	LOADING RESOURCE SURFACE FROM DISK
2063575.008	Study_Phase.SEQUENCE.Study_Instruction	LOADING RESOURCE SURFACE FROM DISK
2071871.889	Study_Phase.SEQUENCE.Study_Instruction	LOADING RESOURCE SURFACE FROM DISK
2080174.555	Study_Phase.SEQUENCE.Study_Instruction	LOADING RESOURCE SURFACE FROM DISK
2088434.906	Study_Phase.SEQUENCE.Study_Instruction	LOADING RESOURCE SURFACE FROM DISK
2088437.248	Study_Phase.SEQUENCE.Study_Instruction	LOADING RESOURCE SURFACE FROM DISK
2096737.498	Study_Phase.SEQUENCE.Study_Instruction	LOADING RESOURCE SURFACE FROM DISK
2105001.652	Study_Phase.SEQUENCE.Study_Instruction	LOADING RESOURCE SURFACE FROM DISK
2105040.46	Study_Phase.SEQUENCE.Study_Instruction	LOADING RESOURCE SURFACE FROM DISK
2113301.456	Study_Phase.SEQUENCE.Study_Instruction	LOADING RESOURCE SURFACE FROM DISK
2113337.018	Study_Phase.SEQUENCE.Study_Instruction	LOADING RESOURCE SURFACE FROM DISK
2121598.166	Study_Phase.SEQUENCE.Study_Instruction	LOADING RESOURCE SURFACE FROM DISK
2129851.377	Study_Phase.SEQUENCE.Study_Instruction	LOADING RESOURCE SURFACE FROM DISK
2129853.844	Study_Phase.SEQUENCE.Study_Instruction	LOADING RESOURCE SURFACE FROM DISK
2138147.801	Study_Phase.SEQUENCE.Study_Instruction	LOADING RESOURCE SURFACE FROM DISK
2146401.394	Study_Phase.SEQUENCE.Study_Instruction	LOADING RESOURCE SURFACE FROM DISK
2146441.505	Study_Phase.SEQUENCE.Study_Instruction	LOADING RESOURCE SURFACE FROM DISK
2154701.363	Study_Phase.SEQUENCE.Study_Instruction	LOADING RESOURCE SURFACE FROM DISK
2154703.77	Study_Phase.SEQUENCE.Study_Instruction	LOADING RESOURCE SURFACE FROM DISK
2162965.72	Study_Phase.SEQUENCE.Study_Instruction	LOADING RESOURCE SURFACE FROM DISK
2171218.345	Study_Phase.SEQUENCE.Study_Instruction	LOADING RESOURCE SURFACE FROM DISK
2171262.785	Study_Phase.SEQUENCE.Study_Instruction	LOADING RESOURCE SURFACE FROM DISK
2179518.178	Study_Phase.SEQUENCE.Study_Instruction	LOADING RESOURCE SURFACE FROM DISK
2179520.608	Study_Phase.SEQUENCE.Study_Instruction	LOADING RESOURCE SURFACE FROM DISK
2187784.885	Study_Phase.SEQUENCE.Study_Instruction	LOADING RESOURCE SURFACE FROM DISK
2187825.484	Study_Phase.SEQUENCE.Study_Instruction	LOADING RESOURCE SURFACE FROM DISK
2196067.928	Study_Phase.SEQUENCE.Study_Instruction	LOADING RESOURCE SURFACE FROM DISK
2196103.934	Study_Phase.SEQUENCE.Study_Instruction	LOADING RESOURCE SURFACE FROM DISK
2204398.147	Study_Phase.SEQUENCE.Study_Instruction	LOADING RESOURCE SURFACE FROM DISK
2212690.199	Study_Phase.SEQUENCE.Study_Instruction	LOADING RESOURCE SURFACE FROM DISK
2220951.5	Study_Phase.SEQUENCE.Study_Instruction	LOADING RESOURCE SURFACE FROM DISK
2220953.885	Study_Phase.SEQUENCE.Study_Instruction	LOADING RESOURCE SURFACE FROM DISK
2229239.957	Study_Phase.SEQUENCE.Study_Instruction	LOADING RESOURCE SURFACE FROM DISK
2237501.754	Study_Phase.SEQUENCE.Study_Instruction	LOADING RESOURCE SURFACE FROM DISK
2237546.759	Study_Phase.SEQUENCE.Study_Instruction	LOADING RESOURCE SURFACE FROM DISK
2245801.588	Study_Phase.SEQUENCE.Study_Instruction	LOADING RESOURCE SURFACE FROM DISK
2245804.002	Study_Phase.SEQUENCE.Study_Instruction	LOADING RESOURCE SURFACE FROM DISK
2254107.445	Study_Phase.SEQUENCE.Study_Instruction	LOADING RESOURCE SURFACE FROM DISK
2262399.239	Study_Phase.SEQUENCE.Study_Instruction	LOADING RESOURCE SURFACE FROM DISK
2270651.504	Study_Phase.SEQUENCE.Study_Instruction	LOADING RESOURCE SURFACE FROM DISK
2270690.705	Study_Phase.SEQUENCE.Study_Instruction	LOADING RESOURCE SURFACE FROM DISK
2278951.605	Study_Phase.SEQUENCE.Study_Instruction	LOADING RESOURCE SURFACE FROM DISK
2278986.563	Study_Phase.SEQUENCE.Study_Instruction	LOADING RESOURCE SURFACE FROM DISK
2287281.497	Study_Phase.SEQUENCE.Study_Instruction	LOADING RESOURCE SURFACE FROM DISK
2295532.337	Study_Phase.SEQUENCE.Study_Instruction	LOADING RESOURCE SURFACE FROM DISK
2303784.88	Study_Phase.SEQUENCE.Study_Instruction	LOADING RESOURCE SURFACE FROM DISK
2303787.262	Study_Phase.SEQUENCE.Study_Instruction	LOADING RESOURCE SURFACE FROM DISK
2312049.087	Study_Phase.SEQUENCE.Study_Instruction	LOADING RESOURCE SURFACE FROM DISK
2320301.511	Study_Phase.SEQUENCE.Study_Instruction	LOADING RESOURCE SURFACE FROM DISK
2320341.159	Study_Phase.SEQUENCE.Study_Instruction	LOADING RESOURCE SURFACE FROM DISK
2328599.106	Study_Phase.SEQUENCE.Study_Instruction	LOADING RESOURCE SURFACE FROM DISK
2336851.705	Study_Phase.SEQUENCE.Study_Instruction	LOADING RESOURCE SURFACE FROM DISK
2336854.082	Study_Phase.SEQUENCE.Study_Instruction	LOADING RESOURCE SURFACE FROM DISK
2345118.245	Study_Phase.SEQUENCE.Study_Instruction	LOADING RESOURCE SURFACE FROM DISK
2345162.334	Study_Phase.SEQUENCE.Study_Instruction	LOADING RESOURCE SURFACE FROM DISK
2353446.825	Study_Phase.SEQUENCE.Study_Instruction	LOADING RESOURCE SURFACE FROM DISK
2361684.725	Study_Phase.SEQUENCE.Study_Instruction	LOADING RESOURCE SURFACE FROM DISK
2361687.046	Study_Phase.SEQUENCE.Study_Instruction	LOADING RESOURCE SURFACE FROM DISK
2369985.772	Study_Phase.SEQUENCE.Study_Instruction	LOADING RESOURCE SURFACE FROM DISK
2378269.98	Study_Phase.SEQUENCE.Study_Instruction	LOADING RESOURCE SURFACE FROM DISK
2386518.151	Study_Phase.SEQUENCE.Study_Instruction	LOADING RESOURCE SURFACE FROM DISK
2386552.309	Study_Phase.SEQUENCE.Study_Instruction	LOADING RESOURCE SURFACE FROM DISK
2394849.635	Study_Phase.SEQUENCE.Study_Instruction	LOADING RESOURCE SURFACE FROM DISK
2403101.558	Study_Phase.SEQUENCE.Study_Instruction	LOADING RESOURCE SURFACE FROM DISK
2403103.942	Study_Phase.SEQUENCE.Study_Instruction	LOADING RESOURCE SURFACE FROM DISK
2411351.491	Study_Phase.SEQUENCE.Study_Instruction	LOADING RESOURCE SURFACE FROM DISK
2411353.85	Study_Phase.SEQUENCE.Study_Instruction	LOADING RESOURCE SURFACE FROM DISK
2419614.889	Study_Phase.SEQUENCE.Study_Instruction	LOADING RESOURCE SURFACE FROM DISK
2427902.177	Study_Phase.SEQUENCE.Study_Instruction	LOADING RESOURCE SURFACE FROM DISK
2436182.004	Study_Phase.SEQUENCE.Study_Instruction	LOADING RESOURCE SURFACE FROM DISK
2444431.291	Study_Phase.SEQUENCE.Study_Instruction	LOADING RESOURCE SURFACE FROM DISK
2449154.066	DISPLAY_SCREEN[7]	LOADING RESOURCE SURFACE FROM DISK
2586127.024	Test_Phase.SEQUENCE.Target_Cue	LOADING RESOURCE SURFACE FROM DISK
2586140.533	Test_Phase.SEQUENCE.Target_Cue	LOADING RESOURCE SURFACE FROM DISK
2588164.393	Test_Phase.SEQUENCE.Word	LOADING RESOURCE SURFACE FROM DISK
2591220.607	Test_Phase.SEQUENCE.Test_Question	LOADING RESOURCE SURFACE FROM DISK
2591231.582	Test_Phase.SEQUENCE.Test_Question	LOADING RESOURCE SURFACE FROM DISK
2591233.328	Test_Phase.SEQUENCE.Test_Question	LOADING RESOURCE SURFACE FROM DISK
2591235.144	Test_Phase.SEQUENCE.Test_Question	LOADING RESOURCE SURFACE FROM DISK
2591236.936	Test_Phase.SEQUENCE.Test_Question	LOADING RESOURCE SURFACE FROM DISK
2591238.851	Test_Phase.SEQUENCE.Test_Question	LOADING RESOURCE SURFACE FROM DISK
2591240.729	Test_Phase.SEQUENCE.Test_Question	LOADING RESOURCE SURFACE FROM DISK
2591242.391	Test_Phase.SEQUENCE.Test_Question	LOADING RESOURCE SURFACE FROM DISK
2591244.046	Test_Phase.SEQUENCE.Test_Question	LOADING RESOURCE SURFACE FROM DISK
2591245.676	Test_Phase.SEQUENCE.Test_Question	LOADING RESOURCE SURFACE FROM DISK
2591247.288	Test_Phase.SEQUENCE.Test_Question	LOADING RESOURCE SURFACE FROM DISK
2591248.985	Test_Phase.SEQUENCE.Test_Question	LOADING RESOURCE SURFACE FROM DISK
2600181.451	Test_Phase.SEQUENCE.Word	LOADING RESOURCE SURFACE FROM DISK
2608831.177	Test_Phase.SEQUENCE.Word	LOADING RESOURCE SURFACE FROM DISK
2616314.501	Test_Phase.SEQUENCE.Word	LOADING RESOURCE SURFACE FROM DISK
2624997.815	Test_Phase.SEQUENCE.Word	LOADING RESOURCE SURFACE FROM DISK
2634031.243	Test_Phase.SEQUENCE.Word	LOADING RESOURCE SURFACE FROM DISK
2642864.745	Test_Phase.SEQUENCE.Word	LOADING RESOURCE SURFACE FROM DISK
2651282.145	Test_Phase.SEQUENCE.Word	LOADING RESOURCE SURFACE FROM DISK
2660440.612	Test_Phase.SEQUENCE.Word	LOADING RESOURCE SURFACE FROM DISK
2668447.852	Test_Phase.SEQUENCE.Word	LOADING RESOURCE SURFACE FROM DISK
2676831.266	Test_Phase.SEQUENCE.Word	LOADING RESOURCE SURFACE FROM DISK
2684997.808	Test_Phase.SEQUENCE.Word	LOADING RESOURCE SURFACE FROM DISK
2692881.163	Test_Phase.SEQUENCE.Word	LOADING RESOURCE SURFACE FROM DISK
2700805.916	Test_Phase.SEQUENCE.Word	LOADING RESOURCE SURFACE FROM DISK
2708597.832	Test_Phase.SEQUENCE.Word	LOADING RESOURCE SURFACE FROM DISK
2716364.432	Test_Phase.SEQUENCE.Word	LOADING RESOURCE SURFACE FROM DISK
2724198.194	Test_Phase.SEQUENCE.Word	LOADING RESOURCE SURFACE FROM DISK
2732183.143	Test_Phase.SEQUENCE.Word	LOADING RESOURCE SURFACE FROM DISK
2739781.292	Test_Phase.SEQUENCE.Word	LOADING RESOURCE SURFACE FROM DISK
2748231.516	Test_Phase.SEQUENCE.Word	LOADING RESOURCE SURFACE FROM DISK
2757420.31	Test_Phase.SEQUENCE.Word	LOADING RESOURCE SURFACE FROM DISK
2765467.274	Test_Phase.SEQUENCE.Word	LOADING RESOURCE SURFACE FROM DISK
2773414.73	Test_Phase.SEQUENCE.Word	LOADING RESOURCE SURFACE FROM DISK
2781183.788	Test_Phase.SEQUENCE.Word	LOADING RESOURCE SURFACE FROM DISK
2788931.176	Test_Phase.SEQUENCE.Word	LOADING RESOURCE SURFACE FROM DISK
2796714.549	Test_Phase.SEQUENCE.Word	LOADING RESOURCE SURFACE FROM DISK
2804531.377	Test_Phase.SEQUENCE.Word	LOADING RESOURCE SURFACE FROM DISK
2811717.133	Test_Phase.SEQUENCE.Word	LOADING RESOURCE SURFACE FROM DISK
2819512.897	Test_Phase.SEQUENCE.Word	LOADING RESOURCE SURFACE FROM DISK
2827381.33	Test_Phase.SEQUENCE.Word	LOADING RESOURCE SURFACE FROM DISK
2835414.539	Test_Phase.SEQUENCE.Word	LOADING RESOURCE SURFACE FROM DISK
2843181.148	Test_Phase.SEQUENCE.Word	LOADING RESOURCE SURFACE FROM DISK
2850947.701	Test_Phase.SEQUENCE.Word	LOADING RESOURCE SURFACE FROM DISK
2858914.575	Test_Phase.SEQUENCE.Word	LOADING RESOURCE SURFACE FROM DISK
2866847.876	Test_Phase.SEQUENCE.Word	LOADING RESOURCE SURFACE FROM DISK
2874681.098	Test_Phase.SEQUENCE.Word	LOADING RESOURCE SURFACE FROM DISK
2882358.173	Test_Phase.SEQUENCE.Word	LOADING RESOURCE SURFACE FROM DISK
2890120.167	Test_Phase.SEQUENCE.Word	LOADING RESOURCE SURFACE FROM DISK
2897364.527	Test_Phase.SEQUENCE.Word	LOADING RESOURCE SURFACE FROM DISK
2905981.317	Test_Phase.SEQUENCE.Word	LOADING RESOURCE SURFACE FROM DISK
2914049.294	Test_Phase.SEQUENCE.Word	LOADING RESOURCE SURFACE FROM DISK
2921781.068	Test_Phase.SEQUENCE.Word	LOADING RESOURCE SURFACE FROM DISK
2930631.598	Test_Phase.SEQUENCE.Word	LOADING RESOURCE SURFACE FROM DISK
2938706.055	Test_Phase.SEQUENCE.Word	LOADING RESOURCE SURFACE FROM DISK
2946714.422	Test_Phase.SEQUENCE.Word	LOADING RESOURCE SURFACE FROM DISK
2955214.418	Test_Phase.SEQUENCE.Word	LOADING RESOURCE SURFACE FROM DISK
2964314.509	Test_Phase.SEQUENCE.Word	LOADING RESOURCE SURFACE FROM DISK
2974251.526	Test_Phase.SEQUENCE.Word	LOADING RESOURCE SURFACE FROM DISK
3029131.246	Test_Phase.SEQUENCE.Word	LOADING RESOURCE SURFACE FROM DISK
3038664.765	Test_Phase.SEQUENCE.Word	LOADING RESOURCE SURFACE FROM DISK
3052414.654	Test_Phase.SEQUENCE.Word	LOADING RESOURCE SURFACE FROM DISK
3061197.803	Test_Phase.SEQUENCE.Word	LOADING RESOURCE SURFACE FROM DISK
3072131.214	Test_Phase.SEQUENCE.Word	LOADING RESOURCE SURFACE FROM DISK
3080514.524	Test_Phase.SEQUENCE.Word	LOADING RESOURCE SURFACE FROM DISK
3088467.94	Test_Phase.SEQUENCE.Word	LOADING RESOURCE SURFACE FROM DISK
3096247.935	Test_Phase.SEQUENCE.Word	LOADING RESOURCE SURFACE FROM DISK
3106651.018	Test_Phase.SEQUENCE.Word	LOADING RESOURCE SURFACE FROM DISK
3115547.977	Test_Phase.SEQUENCE.Word	LOADING RESOURCE SURFACE FROM DISK
3123331.225	Test_Phase.SEQUENCE.Word	LOADING RESOURCE SURFACE FROM DISK
3131466.685	Test_Phase.SEQUENCE.Word	LOADING RESOURCE SURFACE FROM DISK
3138847.927	Test_Phase.SEQUENCE.Word	LOADING RESOURCE SURFACE FROM DISK
3146802.313	Test_Phase.SEQUENCE.Word	LOADING RESOURCE SURFACE FROM DISK
3154647.862	Test_Phase.SEQUENCE.Word	LOADING RESOURCE SURFACE FROM DISK
3162999.445	Test_Phase.SEQUENCE.Word	LOADING RESOURCE SURFACE FROM DISK
3169871.19	Test_Phase.SEQUENCE.Word	LOADING RESOURCE SURFACE FROM DISK
3182531.289	Test_Phase.SEQUENCE.Word	LOADING RESOURCE SURFACE FROM DISK
3191987.309	Test_Phase.SEQUENCE.Word	LOADING RESOURCE SURFACE FROM DISK
3201431.631	Test_Phase.SEQUENCE.Word	LOADING RESOURCE SURFACE FROM DISK
3209664.458	Test_Phase.SEQUENCE.Word	LOADING RESOURCE SURFACE FROM DISK
3217214.595	Test_Phase.SEQUENCE.Word	LOADING RESOURCE SURFACE FROM DISK
3225281.168	Test_Phase.SEQUENCE.Word	LOADING RESOURCE SURFACE FROM DISK
3233647.784	Test_Phase.SEQUENCE.Word	LOADING RESOURCE SURFACE FROM DISK
3241947.731	Test_Phase.SEQUENCE.Word	LOADING RESOURCE SURFACE FROM DISK
3249924.304	Test_Phase.SEQUENCE.Word	LOADING RESOURCE SURFACE FROM DISK
3257531.193	Test_Phase.SEQUENCE.Word	LOADING RESOURCE SURFACE FROM DISK
3265148.154	Test_Phase.SEQUENCE.Word	LOADING RESOURCE SURFACE FROM DISK
3273431.331	Test_Phase.SEQUENCE.Word	LOADING RESOURCE SURFACE FROM DISK
3281397.752	Test_Phase.SEQUENCE.Word	LOADING RESOURCE SURFACE FROM DISK
3291397.682	Test_Phase.SEQUENCE.Word	LOADING RESOURCE SURFACE FROM DISK
3299239.368	Test_Phase.SEQUENCE.Word	LOADING RESOURCE SURFACE FROM DISK
3307785.485	Test_Phase.SEQUENCE.Word	LOADING RESOURCE SURFACE FROM DISK
3315698.256	Test_Phase.SEQUENCE.Word	LOADING RESOURCE SURFACE FROM DISK
3323539.008	Test_Phase.SEQUENCE.Word	LOADING RESOURCE SURFACE FROM DISK
3332765.023	Test_Phase.SEQUENCE.Word	LOADING RESOURCE SURFACE FROM DISK
3341847.861	Test_Phase.SEQUENCE.Word	LOADING RESOURCE SURFACE FROM DISK
3349598.56	Test_Phase.SEQUENCE.Word	LOADING RESOURCE SURFACE FROM DISK
3357290.622	Test_Phase.SEQUENCE.Word	LOADING RESOURCE SURFACE FROM DISK
3365281.193	Test_Phase.SEQUENCE.Word	LOADING RESOURCE SURFACE FROM DISK
3373290.04	Test_Phase.SEQUENCE.Word	LOADING RESOURCE SURFACE FROM DISK
3381839.7	Test_Phase.SEQUENCE.Word	LOADING RESOURCE SURFACE FROM DISK
3390347.748	Test_Phase.SEQUENCE.Word	LOADING RESOURCE SURFACE FROM DISK
3398183.454	Test_Phase.SEQUENCE.Word	LOADING RESOURCE SURFACE FROM DISK
3405885.965	Test_Phase.SEQUENCE.Word	LOADING RESOURCE SURFACE FROM DISK
3414304.463	Test_Phase.SEQUENCE.Word	LOADING RESOURCE SURFACE FROM DISK
3422631.338	Test_Phase.SEQUENCE.Word	LOADING RESOURCE SURFACE FROM DISK
3430647.664	Test_Phase.SEQUENCE.Word	LOADING RESOURCE SURFACE FROM DISK
3438497.848	Test_Phase.SEQUENCE.Word	LOADING RESOURCE SURFACE FROM DISK
3446431.155	Test_Phase.SEQUENCE.Word	LOADING RESOURCE SURFACE FROM DISK
3455314.804	Test_Phase.SEQUENCE.Word	LOADING RESOURCE SURFACE FROM DISK
3463047.921	Test_Phase.SEQUENCE.Word	LOADING RESOURCE SURFACE FROM DISK
3471122.921	Test_Phase.SEQUENCE.Word	LOADING RESOURCE SURFACE FROM DISK
3478764.445	Test_Phase.SEQUENCE.Word	LOADING RESOURCE SURFACE FROM DISK
3487481.111	Test_Phase.SEQUENCE.Word	LOADING RESOURCE SURFACE FROM DISK
3503247.77	Test_Phase.SEQUENCE.Word	LOADING RESOURCE SURFACE FROM DISK
3512737.284	Test_Phase.SEQUENCE.Word	LOADING RESOURCE SURFACE FROM DISK
3521664.526	Test_Phase.SEQUENCE.Word	LOADING RESOURCE SURFACE FROM DISK
3529118.126	Test_Phase.SEQUENCE.Word	LOADING RESOURCE SURFACE FROM DISK
3539967.054	Test_Phase.SEQUENCE.Word	LOADING RESOURCE SURFACE FROM DISK
3548931.105	Test_Phase.SEQUENCE.Word	LOADING RESOURCE SURFACE FROM DISK
3556521.941	Test_Phase.SEQUENCE.Word	LOADING RESOURCE SURFACE FROM DISK
3565364.764	Test_Phase.SEQUENCE.Word	LOADING RESOURCE SURFACE FROM DISK
3573397.815	Test_Phase.SEQUENCE.Word	LOADING RESOURCE SURFACE FROM DISK
3581131.351	Test_Phase.SEQUENCE.Word	LOADING RESOURCE SURFACE FROM DISK
3588921.053	Test_Phase.SEQUENCE.Word	LOADING RESOURCE SURFACE FROM DISK
3596693.807	Test_Phase.SEQUENCE.Word	LOADING RESOURCE SURFACE FROM DISK
3604147.877	Test_Phase.SEQUENCE.Word	LOADING RESOURCE SURFACE FROM DISK
3612348.859	Test_Phase.SEQUENCE.Word	LOADING RESOURCE SURFACE FROM DISK
3620464.389	Test_Phase.SEQUENCE.Word	LOADING RESOURCE SURFACE FROM DISK
3628672.731	Test_Phase.SEQUENCE.Word	LOADING RESOURCE SURFACE FROM DISK
3636589.424	Test_Phase.SEQUENCE.Word	LOADING RESOURCE SURFACE FROM DISK
3644964.625	Test_Phase.SEQUENCE.Word	LOADING RESOURCE SURFACE FROM DISK
3653381.151	Test_Phase.SEQUENCE.Word	LOADING RESOURCE SURFACE FROM DISK
3661688.412	Test_Phase.SEQUENCE.Word	LOADING RESOURCE SURFACE FROM DISK
3669514.494	Test_Phase.SEQUENCE.Word	LOADING RESOURCE SURFACE FROM DISK
3677280.556	Test_Phase.SEQUENCE.Word	LOADING RESOURCE SURFACE FROM DISK
3685164.479	Test_Phase.SEQUENCE.Word	LOADING RESOURCE SURFACE FROM DISK
3693162.05	Test_Phase.SEQUENCE.Word	LOADING RESOURCE SURFACE FROM DISK
3701615.332	Test_Phase.SEQUENCE.Word	LOADING RESOURCE SURFACE FROM DISK
3710181.246	Test_Phase.SEQUENCE.Word	LOADING RESOURCE SURFACE FROM DISK
3718072.523	Test_Phase.SEQUENCE.Word	LOADING RESOURCE SURFACE FROM DISK
3726496.821	Test_Phase.SEQUENCE.Word	LOADING RESOURCE SURFACE FROM DISK
3734649.679	Test_Phase.SEQUENCE.Word	LOADING RESOURCE SURFACE FROM DISK
3742164.555	Test_Phase.SEQUENCE.Word	LOADING RESOURCE SURFACE FROM DISK
3749788.398	Test_Phase.SEQUENCE.Word	LOADING RESOURCE SURFACE FROM DISK
3758304.256	Test_Phase.SEQUENCE.Word	LOADING RESOURCE SURFACE FROM DISK
3767105.031	Test_Phase.SEQUENCE.Word	LOADING RESOURCE SURFACE FROM DISK
3774814.683	Test_Phase.SEQUENCE.Word	LOADING RESOURCE SURFACE FROM DISK
3782565.109	Test_Phase.SEQUENCE.Word	LOADING RESOURCE SURFACE FROM DISK
3791131.084	Test_Phase.SEQUENCE.Word	LOADING RESOURCE SURFACE FROM DISK
3799083.977	Test_Phase.SEQUENCE.Word	LOADING RESOURCE SURFACE FROM DISK
3807264.476	Test_Phase.SEQUENCE.Word	LOADING RESOURCE SURFACE FROM DISK
3815181.153	Test_Phase.SEQUENCE.Word	LOADING RESOURCE SURFACE FROM DISK
3823414.712	Test_Phase.SEQUENCE.Word	LOADING RESOURCE SURFACE FROM DISK
3831336.339	Test_Phase.SEQUENCE.Word	LOADING RESOURCE SURFACE FROM DISK
3839064.831	Test_Phase.SEQUENCE.Word	LOADING RESOURCE SURFACE FROM DISK
3847031.12	Test_Phase.SEQUENCE.Word	LOADING RESOURCE SURFACE FROM DISK
3854681.835	Test_Phase.SEQUENCE.Word	LOADING RESOURCE SURFACE FROM DISK
3862190.128	Test_Phase.SEQUENCE.Word	LOADING RESOURCE SURFACE FROM DISK
3871248.099	Test_Phase.SEQUENCE.Word	LOADING RESOURCE SURFACE FROM DISK
3878931.295	Test_Phase.SEQUENCE.Word	LOADING RESOURCE SURFACE FROM DISK
3886914.389	Test_Phase.SEQUENCE.Word	LOADING RESOURCE SURFACE FROM DISK
3894747.815	Test_Phase.SEQUENCE.Word	LOADING RESOURCE SURFACE FROM DISK
3903547.93	Test_Phase.SEQUENCE.Word	LOADING RESOURCE SURFACE FROM DISK
3911930.269	Test_Phase.SEQUENCE.Word	LOADING RESOURCE SURFACE FROM DISK
3919764.503	Test_Phase.SEQUENCE.Word	LOADING RESOURCE SURFACE FROM DISK
3927464.774	Test_Phase.SEQUENCE.Word	LOADING RESOURCE SURFACE FROM DISK
3935314.769	Test_Phase.SEQUENCE.Word	LOADING RESOURCE SURFACE FROM DISK
3943873.035	Test_Phase.SEQUENCE.Word	LOADING RESOURCE SURFACE FROM DISK
3951490.383	Test_Phase.SEQUENCE.Word	LOADING RESOURCE SURFACE FROM DISK
3959831.346	Test_Phase.SEQUENCE.Word	LOADING RESOURCE SURFACE FROM DISK
3967433.53	Test_Phase.SEQUENCE.Word	LOADING RESOURCE SURFACE FROM DISK
3974972.552	Test_Phase.SEQUENCE.Word	LOADING RESOURCE SURFACE FROM DISK
3982847.76	Test_Phase.SEQUENCE.Word	LOADING RESOURCE SURFACE FROM DISK
3991131.114	Test_Phase.SEQUENCE.Word	LOADING RESOURCE SURFACE FROM DISK
3998962.708	Test_Phase.SEQUENCE.Word	LOADING RESOURCE SURFACE FROM DISK
4006831.271	Test_Phase.SEQUENCE.Word	LOADING RESOURCE SURFACE FROM DISK
4014749.597	Test_Phase.SEQUENCE.Word	LOADING RESOURCE SURFACE FROM DISK
4022597.834	Test_Phase.SEQUENCE.Word	LOADING RESOURCE SURFACE FROM DISK
4030381.218	Test_Phase.SEQUENCE.Word	LOADING RESOURCE SURFACE FROM DISK
4037964.466	Test_Phase.SEQUENCE.Word	LOADING RESOURCE SURFACE FROM DISK
4045652.897	Test_Phase.SEQUENCE.Word	LOADING RESOURCE SURFACE FROM DISK
4053547.709	Test_Phase.SEQUENCE.Word	LOADING RESOURCE SURFACE FROM DISK
4061747.792	Test_Phase.SEQUENCE.Word	LOADING RESOURCE SURFACE FROM DISK
4069355.854	Test_Phase.SEQUENCE.Word	LOADING RESOURCE SURFACE FROM DISK
4077281.158	Test_Phase.SEQUENCE.Word	LOADING RESOURCE SURFACE FROM DISK
4085100.563	Test_Phase.SEQUENCE.Word	LOADING RESOURCE SURFACE FROM DISK
4093451.904	Test_Phase.SEQUENCE.Word	LOADING RESOURCE SURFACE FROM DISK
4101115.765	Test_Phase.SEQUENCE.Word	LOADING RESOURCE SURFACE FROM DISK
4109481.523	Test_Phase.SEQUENCE.Word	LOADING RESOURCE SURFACE FROM DISK
4117048.938	Test_Phase.SEQUENCE.Word	LOADING RESOURCE SURFACE FROM DISK
4125234.935	Test_Phase.SEQUENCE.Word	LOADING RESOURCE SURFACE FROM DISK
4133631.154	Test_Phase.SEQUENCE.Word	LOADING RESOURCE SURFACE FROM DISK
4141197.762	Test_Phase.SEQUENCE.Word	LOADING RESOURCE SURFACE FROM DISK
4149370.052	Test_Phase.SEQUENCE.Word	LOADING RESOURCE SURFACE FROM DISK
4157114.51	Test_Phase.SEQUENCE.Word	LOADING RESOURCE SURFACE FROM DISK
4164864.565	Test_Phase.SEQUENCE.Word	LOADING RESOURCE SURFACE FROM DISK
4173666.034	Test_Phase.SEQUENCE.Word	LOADING RESOURCE SURFACE FROM DISK
4181914.522	Test_Phase.SEQUENCE.Word	LOADING RESOURCE SURFACE FROM DISK
4190223.52	Test_Phase.SEQUENCE.Word	LOADING RESOURCE SURFACE FROM DISK
4197822.861	Test_Phase.SEQUENCE.Word	LOADING RESOURCE SURFACE FROM DISK
4205814.584	Test_Phase.SEQUENCE.Word	LOADING RESOURCE SURFACE FROM DISK
4214064.595	Test_Phase.SEQUENCE.Word	LOADING RESOURCE SURFACE FROM DISK
4221798.041	Test_Phase.SEQUENCE.Word	LOADING RESOURCE SURFACE FROM DISK
4229681.133	Test_Phase.SEQUENCE.Word	LOADING RESOURCE SURFACE FROM DISK
4237564.73	Test_Phase.SEQUENCE.Word	LOADING RESOURCE SURFACE FROM DISK
4245997.736	Test_Phase.SEQUENCE.Word	LOADING RESOURCE SURFACE FROM DISK
4253997.745	Test_Phase.SEQUENCE.Word	LOADING RESOURCE SURFACE FROM DISK
4261588.653	Test_Phase.SEQUENCE.Word	LOADING RESOURCE SURFACE FROM DISK
4269287.242	Test_Phase.SEQUENCE.Word	LOADING RESOURCE SURFACE FROM DISK
4273666.797	DISPLAY_SCREEN	LOADING RESOURCE SURFACE FROM DISK
