4703.151	DISPLAY_SCREEN[1]	LOADING RESOURCE SURFACE FROM DISK
260223.891	Familiarization_Phase.SEQUENCE.Cue_and_Instruction	LOADING RESOURCE SURFACE FROM DISK
260228.008	Familiarization_Phase.SEQUENCE.Cue_and_Instruction	LOADING RESOURCE SURFACE FROM DISK
266300.214	Familiarization_Phase.SEQUENCE.Cue_and_Instruction	LOADING RESOURCE SURFACE FROM DISK
266304.559	Familiarization_Phase.SEQUENCE.Cue_and_Instruction	LOADING RESOURCE SURFACE FROM DISK
272384.939	Familiarization_Phase.SEQUENCE.Cue_and_Instruction	LOADING RESOURCE SURFACE FROM DISK
272389.135	Familiarization_Phase.SEQUENCE.Cue_and_Instruction	LOADING RESOURCE SURFACE FROM DISK
314514.833	DISPLAY_SCREEN[3]	LOADING RESOURCE SURFACE FROM DISK
318268.203	DISPLAY_SCREEN[5]	LOADING RESOURCE SURFACE FROM DISK
471896.533	Practice_Phase.SEQUENCE.Blink_Screen	LOADING RESOURCE SURFACE FROM DISK
471897.685	Practice_Phase.SEQUENCE.Blink_Screen	flip time is later than desired time. Desired Time=471879 Flip Time=471912 Retrace Rate=16.643, prepareTime=42 flip request time 471897
473106.393	Practice_Phase.SEQUENCE.Practice_Luminance_Cue	LOADING RESOURCE SURFACE FROM DISK
473122.639	Practice_Phase.SEQUENCE.Practice_Luminance_Cue	LOADING RESOURCE SURFACE FROM DISK
473124.205	Practice_Phase.SEQUENCE.Practice_Luminance_Cue	flip time is later than desired time. Desired Time=473112 Flip Time=473145 Retrace Rate=16.643, prepareTime=36 flip request time 473123
473650.826	Practice_Phase.SEQUENCE.DISPLAY_SCREEN	LOADING RESOURCE SURFACE FROM DISK
473652.89	Practice_Phase.SEQUENCE.DISPLAY_SCREEN	flip time is later than desired time. Desired Time=473645 Flip Time=473662 Retrace Rate=16.643, prepareTime=31 flip request time 473652
475181.965	Practice_Phase.SEQUENCE.Practice_Instruction	LOADING RESOURCE SURFACE FROM DISK
475183.378	Practice_Phase.SEQUENCE.Practice_Instruction	flip time is later than desired time. Desired Time=475162 Flip Time=475195 Retrace Rate=16.643, prepareTime=45 flip request time 475183
481759.87	Practice_Phase.SEQUENCE.DISPLAY_SCREEN	LOADING RESOURCE SURFACE FROM DISK
483295.281	Practice_Phase.SEQUENCE.Practice_Instruction	LOADING RESOURCE SURFACE FROM DISK
483296.762	Practice_Phase.SEQUENCE.Practice_Instruction	flip time is later than desired time. Desired Time=483279 Flip Time=483312 Retrace Rate=16.643, prepareTime=42 flip request time 483296
489860.371	Practice_Phase.SEQUENCE.DISPLAY_SCREEN	LOADING RESOURCE SURFACE FROM DISK
491395.005	Practice_Phase.SEQUENCE.Practice_Instruction	LOADING RESOURCE SURFACE FROM DISK
491396.443	Practice_Phase.SEQUENCE.Practice_Instruction	flip time is later than desired time. Desired Time=491379 Flip Time=491412 Retrace Rate=16.643, prepareTime=41 flip request time 491396
497960.02	Practice_Phase.SEQUENCE.DISPLAY_SCREEN	LOADING RESOURCE SURFACE FROM DISK
499490.334	Practice_Phase.SEQUENCE.Practice_Instruction	LOADING RESOURCE SURFACE FROM DISK
499491.858	Practice_Phase.SEQUENCE.Practice_Instruction	flip time is later than desired time. Desired Time=499479 Flip Time=499512 Retrace Rate=16.643, prepareTime=37 flip request time 499491
506060.207	Practice_Phase.SEQUENCE.DISPLAY_SCREEN	LOADING RESOURCE SURFACE FROM DISK
507600.019	Practice_Phase.SEQUENCE.Practice_Instruction	LOADING RESOURCE SURFACE FROM DISK
507601.465	Practice_Phase.SEQUENCE.Practice_Instruction	flip time is later than desired time. Desired Time=507579 Flip Time=507612 Retrace Rate=16.643, prepareTime=46 flip request time 507601
514160.268	Practice_Phase.SEQUENCE.DISPLAY_SCREEN	LOADING RESOURCE SURFACE FROM DISK
515696.159	Practice_Phase.SEQUENCE.Practice_Instruction	LOADING RESOURCE SURFACE FROM DISK
515697.671	Practice_Phase.SEQUENCE.Practice_Instruction	flip time is later than desired time. Desired Time=515679 Flip Time=515712 Retrace Rate=16.643, prepareTime=42 flip request time 515697
522260.005	Practice_Phase.SEQUENCE.DISPLAY_SCREEN	LOADING RESOURCE SURFACE FROM DISK
523789.526	Practice_Phase.SEQUENCE.Practice_Instruction	LOADING RESOURCE SURFACE FROM DISK
523791.02	Practice_Phase.SEQUENCE.Practice_Instruction	flip time is later than desired time. Desired Time=523779 Flip Time=523812 Retrace Rate=16.643, prepareTime=36 flip request time 523790
530360.18	Practice_Phase.SEQUENCE.DISPLAY_SCREEN	LOADING RESOURCE SURFACE FROM DISK
531894.061	Practice_Phase.SEQUENCE.Practice_Instruction	LOADING RESOURCE SURFACE FROM DISK
531895.549	Practice_Phase.SEQUENCE.Practice_Instruction	flip time is later than desired time. Desired Time=531879 Flip Time=531912 Retrace Rate=16.643, prepareTime=40 flip request time 531895
538460.087	Practice_Phase.SEQUENCE.DISPLAY_SCREEN	LOADING RESOURCE SURFACE FROM DISK
539957.227	Practice_Phase.SEQUENCE.Practice_Instruction	LOADING RESOURCE SURFACE FROM DISK
544638.619	DISPLAY_SCREEN[2]	LOADING RESOURCE SURFACE FROM DISK
751084.993	Study_Phase.SEQUENCE.DISPLAY_SCREEN	LOADING RESOURCE SURFACE FROM DISK
752598.886	Study_Phase.SEQUENCE.Study_Instruction	LOADING RESOURCE SURFACE FROM DISK
759351.972	Study_Phase.SEQUENCE.DISPLAY_SCREEN	LOADING RESOURCE SURFACE FROM DISK
760903.902	Study_Phase.SEQUENCE.Study_Instruction	LOADING RESOURCE SURFACE FROM DISK
769181.532	Study_Phase.SEQUENCE.Study_Instruction	LOADING RESOURCE SURFACE FROM DISK
777448.766	Study_Phase.SEQUENCE.Study_Instruction	LOADING RESOURCE SURFACE FROM DISK
784201.622	Study_Phase.SEQUENCE.DISPLAY_SCREEN	LOADING RESOURCE SURFACE FROM DISK
785715.359	Study_Phase.SEQUENCE.Study_Instruction	LOADING RESOURCE SURFACE FROM DISK
792468.238	Study_Phase.SEQUENCE.DISPLAY_SCREEN	LOADING RESOURCE SURFACE FROM DISK
793982.042	Study_Phase.SEQUENCE.Study_Instruction	LOADING RESOURCE SURFACE FROM DISK
802331.518	Study_Phase.SEQUENCE.Study_Instruction	LOADING RESOURCE SURFACE FROM DISK
809085.075	Study_Phase.SEQUENCE.DISPLAY_SCREEN	LOADING RESOURCE SURFACE FROM DISK
810635.357	Study_Phase.SEQUENCE.Study_Instruction	LOADING RESOURCE SURFACE FROM DISK
817385.006	Study_Phase.SEQUENCE.DISPLAY_SCREEN	LOADING RESOURCE SURFACE FROM DISK
818898.707	Study_Phase.SEQUENCE.Study_Instruction	LOADING RESOURCE SURFACE FROM DISK
827148.284	Study_Phase.SEQUENCE.Study_Instruction	LOADING RESOURCE SURFACE FROM DISK
835431.755	Study_Phase.SEQUENCE.Study_Instruction	LOADING RESOURCE SURFACE FROM DISK
843731.864	Study_Phase.SEQUENCE.Study_Instruction	LOADING RESOURCE SURFACE FROM DISK
850485.165	Study_Phase.SEQUENCE.DISPLAY_SCREEN	LOADING RESOURCE SURFACE FROM DISK
851998.639	Study_Phase.SEQUENCE.Study_Instruction	LOADING RESOURCE SURFACE FROM DISK
860278.043	Study_Phase.SEQUENCE.Study_Instruction	LOADING RESOURCE SURFACE FROM DISK
868548.165	Study_Phase.SEQUENCE.Study_Instruction	LOADING RESOURCE SURFACE FROM DISK
876814.824	Study_Phase.SEQUENCE.Study_Instruction	LOADING RESOURCE SURFACE FROM DISK
883568.464	Study_Phase.SEQUENCE.DISPLAY_SCREEN	LOADING RESOURCE SURFACE FROM DISK
885121.382	Study_Phase.SEQUENCE.Study_Instruction	LOADING RESOURCE SURFACE FROM DISK
891885.08	Study_Phase.SEQUENCE.DISPLAY_SCREEN	LOADING RESOURCE SURFACE FROM DISK
893433.029	Study_Phase.SEQUENCE.Study_Instruction	LOADING RESOURCE SURFACE FROM DISK
901732.053	Study_Phase.SEQUENCE.Study_Instruction	LOADING RESOURCE SURFACE FROM DISK
908468.338	Study_Phase.SEQUENCE.DISPLAY_SCREEN	LOADING RESOURCE SURFACE FROM DISK
909982.042	Study_Phase.SEQUENCE.Study_Instruction	LOADING RESOURCE SURFACE FROM DISK
916735.165	Study_Phase.SEQUENCE.DISPLAY_SCREEN	LOADING RESOURCE SURFACE FROM DISK
918248.709	Study_Phase.SEQUENCE.Study_Instruction	LOADING RESOURCE SURFACE FROM DISK
925001.609	Study_Phase.SEQUENCE.DISPLAY_SCREEN	LOADING RESOURCE SURFACE FROM DISK
926515.398	Study_Phase.SEQUENCE.Study_Instruction	LOADING RESOURCE SURFACE FROM DISK
934818.534	Study_Phase.SEQUENCE.Study_Instruction	LOADING RESOURCE SURFACE FROM DISK
941568.41	Study_Phase.SEQUENCE.DISPLAY_SCREEN	LOADING RESOURCE SURFACE FROM DISK
943114.257	Study_Phase.SEQUENCE.Study_Instruction	LOADING RESOURCE SURFACE FROM DISK
951382.066	Study_Phase.SEQUENCE.Study_Instruction	LOADING RESOURCE SURFACE FROM DISK
959648.099	Study_Phase.SEQUENCE.Study_Instruction	LOADING RESOURCE SURFACE FROM DISK
966401.777	Study_Phase.SEQUENCE.DISPLAY_SCREEN	LOADING RESOURCE SURFACE FROM DISK
967952.254	Study_Phase.SEQUENCE.Study_Instruction	LOADING RESOURCE SURFACE FROM DISK
974701.906	Study_Phase.SEQUENCE.DISPLAY_SCREEN	LOADING RESOURCE SURFACE FROM DISK
976215.515	Study_Phase.SEQUENCE.Study_Instruction	LOADING RESOURCE SURFACE FROM DISK
982968.405	Study_Phase.SEQUENCE.DISPLAY_SCREEN	LOADING RESOURCE SURFACE FROM DISK
984482.196	Study_Phase.SEQUENCE.Study_Instruction	LOADING RESOURCE SURFACE FROM DISK
991235.228	Study_Phase.SEQUENCE.DISPLAY_SCREEN	LOADING RESOURCE SURFACE FROM DISK
992749.022	Study_Phase.SEQUENCE.Study_Instruction	LOADING RESOURCE SURFACE FROM DISK
999501.689	Study_Phase.SEQUENCE.DISPLAY_SCREEN	LOADING RESOURCE SURFACE FROM DISK
1001015.48	Study_Phase.SEQUENCE.Study_Instruction	LOADING RESOURCE SURFACE FROM DISK
1009289.877	Study_Phase.SEQUENCE.Study_Instruction	LOADING RESOURCE SURFACE FROM DISK
1017564.703	Study_Phase.SEQUENCE.Study_Instruction	LOADING RESOURCE SURFACE FROM DISK
1025885.228	Study_Phase.SEQUENCE.Study_Instruction	LOADING RESOURCE SURFACE FROM DISK
1032635.188	Study_Phase.SEQUENCE.DISPLAY_SCREEN	LOADING RESOURCE SURFACE FROM DISK
1034148.626	Study_Phase.SEQUENCE.Study_Instruction	LOADING RESOURCE SURFACE FROM DISK
1040901.773	Study_Phase.SEQUENCE.DISPLAY_SCREEN	LOADING RESOURCE SURFACE FROM DISK
1042449.531	Study_Phase.SEQUENCE.Study_Instruction	LOADING RESOURCE SURFACE FROM DISK
1050698.657	Study_Phase.SEQUENCE.Study_Instruction	LOADING RESOURCE SURFACE FROM DISK
1057451.978	Study_Phase.SEQUENCE.DISPLAY_SCREEN	LOADING RESOURCE SURFACE FROM DISK
1058965.447	Study_Phase.SEQUENCE.Study_Instruction	LOADING RESOURCE SURFACE FROM DISK
1065718.315	Study_Phase.SEQUENCE.DISPLAY_SCREEN	LOADING RESOURCE SURFACE FROM DISK
1067271.218	Study_Phase.SEQUENCE.Study_Instruction	LOADING RESOURCE SURFACE FROM DISK
1075548.833	Study_Phase.SEQUENCE.Study_Instruction	LOADING RESOURCE SURFACE FROM DISK
1082301.789	Study_Phase.SEQUENCE.DISPLAY_SCREEN	LOADING RESOURCE SURFACE FROM DISK
1083848.601	Study_Phase.SEQUENCE.Study_Instruction	LOADING RESOURCE SURFACE FROM DISK
1090601.592	Study_Phase.SEQUENCE.DISPLAY_SCREEN	LOADING RESOURCE SURFACE FROM DISK
1092115.39	Study_Phase.SEQUENCE.Study_Instruction	LOADING RESOURCE SURFACE FROM DISK
1100398.44	Study_Phase.SEQUENCE.Study_Instruction	LOADING RESOURCE SURFACE FROM DISK
1107151.832	Study_Phase.SEQUENCE.DISPLAY_SCREEN	LOADING RESOURCE SURFACE FROM DISK
1108705.778	Study_Phase.SEQUENCE.Study_Instruction	LOADING RESOURCE SURFACE FROM DISK
1116981.405	Study_Phase.SEQUENCE.Study_Instruction	LOADING RESOURCE SURFACE FROM DISK
1125282.22	Study_Phase.SEQUENCE.Study_Instruction	LOADING RESOURCE SURFACE FROM DISK
1132018.483	Study_Phase.SEQUENCE.DISPLAY_SCREEN	LOADING RESOURCE SURFACE FROM DISK
1133531.962	Study_Phase.SEQUENCE.Study_Instruction	LOADING RESOURCE SURFACE FROM DISK
1141840.424	Study_Phase.SEQUENCE.Study_Instruction	LOADING RESOURCE SURFACE FROM DISK
1150115.435	Study_Phase.SEQUENCE.Study_Instruction	LOADING RESOURCE SURFACE FROM DISK
1156868.526	Study_Phase.SEQUENCE.DISPLAY_SCREEN	LOADING RESOURCE SURFACE FROM DISK
1158425.98	Study_Phase.SEQUENCE.Study_Instruction	LOADING RESOURCE SURFACE FROM DISK
1166698.287	Study_Phase.SEQUENCE.Study_Instruction	LOADING RESOURCE SURFACE FROM DISK
1174964.827	Study_Phase.SEQUENCE.Study_Instruction	LOADING RESOURCE SURFACE FROM DISK
1183232.167	Study_Phase.SEQUENCE.Study_Instruction	LOADING RESOURCE SURFACE FROM DISK
1189985.285	Study_Phase.SEQUENCE.DISPLAY_SCREEN	LOADING RESOURCE SURFACE FROM DISK
1191523.522	Study_Phase.SEQUENCE.Study_Instruction	LOADING RESOURCE SURFACE FROM DISK
1199798.269	Study_Phase.SEQUENCE.Study_Instruction	LOADING RESOURCE SURFACE FROM DISK
1208065.644	Study_Phase.SEQUENCE.Study_Instruction	LOADING RESOURCE SURFACE FROM DISK
1214818.358	Study_Phase.SEQUENCE.DISPLAY_SCREEN	LOADING RESOURCE SURFACE FROM DISK
1216366.029	Study_Phase.SEQUENCE.Study_Instruction	LOADING RESOURCE SURFACE FROM DISK
1224668.188	Study_Phase.SEQUENCE.Study_Instruction	LOADING RESOURCE SURFACE FROM DISK
1231418.433	Study_Phase.SEQUENCE.DISPLAY_SCREEN	LOADING RESOURCE SURFACE FROM DISK
1232932.009	Study_Phase.SEQUENCE.Study_Instruction	LOADING RESOURCE SURFACE FROM DISK
1241242.155	Study_Phase.SEQUENCE.Study_Instruction	LOADING RESOURCE SURFACE FROM DISK
1249515.596	Study_Phase.SEQUENCE.Study_Instruction	LOADING RESOURCE SURFACE FROM DISK
1257819.481	Study_Phase.SEQUENCE.Study_Instruction	LOADING RESOURCE SURFACE FROM DISK
1264634.979	Study_Phase.SEQUENCE.DISPLAY_SCREEN	LOADING RESOURCE SURFACE FROM DISK
1266192.377	Study_Phase.SEQUENCE.Study_Instruction	LOADING RESOURCE SURFACE FROM DISK
1274492.333	Study_Phase.SEQUENCE.Study_Instruction	LOADING RESOURCE SURFACE FROM DISK
1282764.989	Study_Phase.SEQUENCE.Study_Instruction	LOADING RESOURCE SURFACE FROM DISK
1289501.536	Study_Phase.SEQUENCE.DISPLAY_SCREEN	LOADING RESOURCE SURFACE FROM DISK
1291015.288	Study_Phase.SEQUENCE.Study_Instruction	LOADING RESOURCE SURFACE FROM DISK
1299281.548	Study_Phase.SEQUENCE.Study_Instruction	LOADING RESOURCE SURFACE FROM DISK
1307592.45	Study_Phase.SEQUENCE.Study_Instruction	LOADING RESOURCE SURFACE FROM DISK
1314351.962	Study_Phase.SEQUENCE.DISPLAY_SCREEN	LOADING RESOURCE SURFACE FROM DISK
1315865.396	Study_Phase.SEQUENCE.Study_Instruction	LOADING RESOURCE SURFACE FROM DISK
1322618.389	Study_Phase.SEQUENCE.DISPLAY_SCREEN	LOADING RESOURCE SURFACE FROM DISK
1324171.796	Study_Phase.SEQUENCE.Study_Instruction	LOADING RESOURCE SURFACE FROM DISK
1332488.5	Study_Phase.SEQUENCE.Study_Instruction	LOADING RESOURCE SURFACE FROM DISK
1340764.816	Study_Phase.SEQUENCE.Study_Instruction	LOADING RESOURCE SURFACE FROM DISK
1349031.478	Study_Phase.SEQUENCE.Study_Instruction	LOADING RESOURCE SURFACE FROM DISK
1355785.08	Study_Phase.SEQUENCE.DISPLAY_SCREEN	LOADING RESOURCE SURFACE FROM DISK
1357298.706	Study_Phase.SEQUENCE.Study_Instruction	LOADING RESOURCE SURFACE FROM DISK
1365564.781	Study_Phase.SEQUENCE.Study_Instruction	LOADING RESOURCE SURFACE FROM DISK
1373815.013	Study_Phase.SEQUENCE.Study_Instruction	LOADING RESOURCE SURFACE FROM DISK
1380568.472	Study_Phase.SEQUENCE.DISPLAY_SCREEN	LOADING RESOURCE SURFACE FROM DISK
1382082.12	Study_Phase.SEQUENCE.Study_Instruction	LOADING RESOURCE SURFACE FROM DISK
1390391.07	Study_Phase.SEQUENCE.Study_Instruction	LOADING RESOURCE SURFACE FROM DISK
1398664.822	Study_Phase.SEQUENCE.Study_Instruction	LOADING RESOURCE SURFACE FROM DISK
1405418.322	Study_Phase.SEQUENCE.DISPLAY_SCREEN	LOADING RESOURCE SURFACE FROM DISK
1406973.255	Study_Phase.SEQUENCE.Study_Instruction	LOADING RESOURCE SURFACE FROM DISK
1415283.355	Study_Phase.SEQUENCE.Study_Instruction	LOADING RESOURCE SURFACE FROM DISK
1422035.081	Study_Phase.SEQUENCE.DISPLAY_SCREEN	LOADING RESOURCE SURFACE FROM DISK
1423585.626	Study_Phase.SEQUENCE.Study_Instruction	LOADING RESOURCE SURFACE FROM DISK
1431884.171	Study_Phase.SEQUENCE.Study_Instruction	LOADING RESOURCE SURFACE FROM DISK
1440187.395	Study_Phase.SEQUENCE.Study_Instruction	LOADING RESOURCE SURFACE FROM DISK
1446951.79	Study_Phase.SEQUENCE.DISPLAY_SCREEN	LOADING RESOURCE SURFACE FROM DISK
1448465.339	Study_Phase.SEQUENCE.Study_Instruction	LOADING RESOURCE SURFACE FROM DISK
1455218.316	Study_Phase.SEQUENCE.DISPLAY_SCREEN	LOADING RESOURCE SURFACE FROM DISK
1456732.025	Study_Phase.SEQUENCE.Study_Instruction	LOADING RESOURCE SURFACE FROM DISK
1464998.709	Study_Phase.SEQUENCE.Study_Instruction	LOADING RESOURCE SURFACE FROM DISK
1473306.37	Study_Phase.SEQUENCE.Study_Instruction	LOADING RESOURCE SURFACE FROM DISK
1480068.601	Study_Phase.SEQUENCE.DISPLAY_SCREEN	LOADING RESOURCE SURFACE FROM DISK
1481582.01	Study_Phase.SEQUENCE.Study_Instruction	LOADING RESOURCE SURFACE FROM DISK
1489848.843	Study_Phase.SEQUENCE.Study_Instruction	LOADING RESOURCE SURFACE FROM DISK
1496618.18	Study_Phase.SEQUENCE.DISPLAY_SCREEN	LOADING RESOURCE SURFACE FROM DISK
1498176.465	Study_Phase.SEQUENCE.Study_Instruction	LOADING RESOURCE SURFACE FROM DISK
1506448.839	Study_Phase.SEQUENCE.Study_Instruction	LOADING RESOURCE SURFACE FROM DISK
1513201.696	Study_Phase.SEQUENCE.DISPLAY_SCREEN	LOADING RESOURCE SURFACE FROM DISK
1514715.299	Study_Phase.SEQUENCE.Study_Instruction	LOADING RESOURCE SURFACE FROM DISK
1522981.402	Study_Phase.SEQUENCE.Study_Instruction	LOADING RESOURCE SURFACE FROM DISK
1531270.41	Study_Phase.SEQUENCE.Study_Instruction	LOADING RESOURCE SURFACE FROM DISK
1539591.98	Study_Phase.SEQUENCE.Study_Instruction	LOADING RESOURCE SURFACE FROM DISK
1546351.92	Study_Phase.SEQUENCE.DISPLAY_SCREEN	LOADING RESOURCE SURFACE FROM DISK
1547865.458	Study_Phase.SEQUENCE.Study_Instruction	LOADING RESOURCE SURFACE FROM DISK
1556168.203	Study_Phase.SEQUENCE.Study_Instruction	LOADING RESOURCE SURFACE FROM DISK
1564469.374	Study_Phase.SEQUENCE.Study_Instruction	LOADING RESOURCE SURFACE FROM DISK
1571235.125	Study_Phase.SEQUENCE.DISPLAY_SCREEN	LOADING RESOURCE SURFACE FROM DISK
1572748.791	Study_Phase.SEQUENCE.Study_Instruction	LOADING RESOURCE SURFACE FROM DISK
1579501.747	Study_Phase.SEQUENCE.DISPLAY_SCREEN	LOADING RESOURCE SURFACE FROM DISK
1581015.375	Study_Phase.SEQUENCE.Study_Instruction	LOADING RESOURCE SURFACE FROM DISK
1589281.567	Study_Phase.SEQUENCE.Study_Instruction	LOADING RESOURCE SURFACE FROM DISK
1596035.232	Study_Phase.SEQUENCE.DISPLAY_SCREEN	LOADING RESOURCE SURFACE FROM DISK
1597548.777	Study_Phase.SEQUENCE.Study_Instruction	LOADING RESOURCE SURFACE FROM DISK
1605857.887	Study_Phase.SEQUENCE.Study_Instruction	LOADING RESOURCE SURFACE FROM DISK
1614154.775	Study_Phase.SEQUENCE.Study_Instruction	LOADING RESOURCE SURFACE FROM DISK
1622468.546	Study_Phase.SEQUENCE.Study_Instruction	LOADING RESOURCE SURFACE FROM DISK
1630775.231	Study_Phase.SEQUENCE.Study_Instruction	LOADING RESOURCE SURFACE FROM DISK
1639062.78	Study_Phase.SEQUENCE.Study_Instruction	LOADING RESOURCE SURFACE FROM DISK
1645818.49	Study_Phase.SEQUENCE.DISPLAY_SCREEN	LOADING RESOURCE SURFACE FROM DISK
1647332.231	Study_Phase.SEQUENCE.Study_Instruction	LOADING RESOURCE SURFACE FROM DISK
1655598.22	Study_Phase.SEQUENCE.Study_Instruction	LOADING RESOURCE SURFACE FROM DISK
1663864.884	Study_Phase.SEQUENCE.Study_Instruction	LOADING RESOURCE SURFACE FROM DISK
1670618.546	Study_Phase.SEQUENCE.DISPLAY_SCREEN	LOADING RESOURCE SURFACE FROM DISK
1672174.794	Study_Phase.SEQUENCE.Study_Instruction	LOADING RESOURCE SURFACE FROM DISK
1680489.567	Study_Phase.SEQUENCE.Study_Instruction	LOADING RESOURCE SURFACE FROM DISK
1688765.472	Study_Phase.SEQUENCE.Study_Instruction	LOADING RESOURCE SURFACE FROM DISK
1695518.283	Study_Phase.SEQUENCE.DISPLAY_SCREEN	LOADING RESOURCE SURFACE FROM DISK
1697074.793	Study_Phase.SEQUENCE.Study_Instruction	LOADING RESOURCE SURFACE FROM DISK
1705348.179	Study_Phase.SEQUENCE.Study_Instruction	LOADING RESOURCE SURFACE FROM DISK
1713614.719	Study_Phase.SEQUENCE.Study_Instruction	LOADING RESOURCE SURFACE FROM DISK
1721882.032	Study_Phase.SEQUENCE.Study_Instruction	LOADING RESOURCE SURFACE FROM DISK
1728635.125	Study_Phase.SEQUENCE.DISPLAY_SCREEN	LOADING RESOURCE SURFACE FROM DISK
1730148.742	Study_Phase.SEQUENCE.Study_Instruction	LOADING RESOURCE SURFACE FROM DISK
1738451.888	Study_Phase.SEQUENCE.Study_Instruction	LOADING RESOURCE SURFACE FROM DISK
1743153.491	DISPLAY_SCREEN[7]	LOADING RESOURCE SURFACE FROM DISK
1870582.85	Test_Phase.SEQUENCE.Target_Cue	LOADING RESOURCE SURFACE FROM DISK
1870595.052	Test_Phase.SEQUENCE.Target_Cue	LOADING RESOURCE SURFACE FROM DISK
1872615.105	Test_Phase.SEQUENCE.Word	LOADING RESOURCE SURFACE FROM DISK
1875665.509	Test_Phase.SEQUENCE.Test_Question	LOADING RESOURCE SURFACE FROM DISK
1875682.448	Test_Phase.SEQUENCE.Test_Question	LOADING RESOURCE SURFACE FROM DISK
1875696.707	Test_Phase.SEQUENCE.Test_Question	LOADING RESOURCE SURFACE FROM DISK
1875707.797	Test_Phase.SEQUENCE.Test_Question	LOADING RESOURCE SURFACE FROM DISK
1875709.654	Test_Phase.SEQUENCE.Test_Question	LOADING RESOURCE SURFACE FROM DISK
1875711.439	Test_Phase.SEQUENCE.Test_Question	LOADING RESOURCE SURFACE FROM DISK
1875718.89	Test_Phase.SEQUENCE.Test_Question	LOADING RESOURCE SURFACE FROM DISK
1875730.275	Test_Phase.SEQUENCE.Test_Question	LOADING RESOURCE SURFACE FROM DISK
1875740.595	Test_Phase.SEQUENCE.Test_Question	LOADING RESOURCE SURFACE FROM DISK
1875755.865	Test_Phase.SEQUENCE.Test_Question	LOADING RESOURCE SURFACE FROM DISK
1875769.558	Test_Phase.SEQUENCE.Test_Question	LOADING RESOURCE SURFACE FROM DISK
1875771.275	Test_Phase.SEQUENCE.Test_Question	LOADING RESOURCE SURFACE FROM DISK
1883265.313	Test_Phase.SEQUENCE.Word	LOADING RESOURCE SURFACE FROM DISK
1891465.022	Test_Phase.SEQUENCE.Word	LOADING RESOURCE SURFACE FROM DISK
1899931.844	Test_Phase.SEQUENCE.Word	LOADING RESOURCE SURFACE FROM DISK
1907166.079	Test_Phase.SEQUENCE.Word	LOADING RESOURCE SURFACE FROM DISK
1914531.827	Test_Phase.SEQUENCE.Word	LOADING RESOURCE SURFACE FROM DISK
1922698.487	Test_Phase.SEQUENCE.Word	LOADING RESOURCE SURFACE FROM DISK
1932481.923	Test_Phase.SEQUENCE.Word	LOADING RESOURCE SURFACE FROM DISK
1943348.432	Test_Phase.SEQUENCE.Word	LOADING RESOURCE SURFACE FROM DISK
1951581.776	Test_Phase.SEQUENCE.Word	LOADING RESOURCE SURFACE FROM DISK
1961556.064	Test_Phase.SEQUENCE.Word	LOADING RESOURCE SURFACE FROM DISK
1971615.019	Test_Phase.SEQUENCE.Word	LOADING RESOURCE SURFACE FROM DISK
1980398.465	Test_Phase.SEQUENCE.Word	LOADING RESOURCE SURFACE FROM DISK
1989898.479	Test_Phase.SEQUENCE.Word	LOADING RESOURCE SURFACE FROM DISK
1998109.072	Test_Phase.SEQUENCE.Word	LOADING RESOURCE SURFACE FROM DISK
2006123.659	Test_Phase.SEQUENCE.Word	LOADING RESOURCE SURFACE FROM DISK
2014581.735	Test_Phase.SEQUENCE.Word	LOADING RESOURCE SURFACE FROM DISK
2022548.652	Test_Phase.SEQUENCE.Word	LOADING RESOURCE SURFACE FROM DISK
2031698.462	Test_Phase.SEQUENCE.Word	LOADING RESOURCE SURFACE FROM DISK
2039831.988	Test_Phase.SEQUENCE.Word	LOADING RESOURCE SURFACE FROM DISK
2047848.532	Test_Phase.SEQUENCE.Word	LOADING RESOURCE SURFACE FROM DISK
2055748.569	Test_Phase.SEQUENCE.Word	LOADING RESOURCE SURFACE FROM DISK
2065381.797	Test_Phase.SEQUENCE.Word	LOADING RESOURCE SURFACE FROM DISK
2073715.085	Test_Phase.SEQUENCE.Word	LOADING RESOURCE SURFACE FROM DISK
2081865.216	Test_Phase.SEQUENCE.Word	LOADING RESOURCE SURFACE FROM DISK
2090585.429	Test_Phase.SEQUENCE.Word	LOADING RESOURCE SURFACE FROM DISK
2098848.676	Test_Phase.SEQUENCE.Word	LOADING RESOURCE SURFACE FROM DISK
2106831.709	Test_Phase.SEQUENCE.Word	LOADING RESOURCE SURFACE FROM DISK
2114831.909	Test_Phase.SEQUENCE.Word	LOADING RESOURCE SURFACE FROM DISK
2122798.535	Test_Phase.SEQUENCE.Word	LOADING RESOURCE SURFACE FROM DISK
2130476.049	Test_Phase.SEQUENCE.Word	LOADING RESOURCE SURFACE FROM DISK
2138665.103	Test_Phase.SEQUENCE.Word	LOADING RESOURCE SURFACE FROM DISK
2148215.217	Test_Phase.SEQUENCE.Word	LOADING RESOURCE SURFACE FROM DISK
2156415.078	Test_Phase.SEQUENCE.Word	LOADING RESOURCE SURFACE FROM DISK
2164315.002	Test_Phase.SEQUENCE.Word	LOADING RESOURCE SURFACE FROM DISK
2172415.169	Test_Phase.SEQUENCE.Word	LOADING RESOURCE SURFACE FROM DISK
2180032.383	Test_Phase.SEQUENCE.Word	LOADING RESOURCE SURFACE FROM DISK
2188498.471	Test_Phase.SEQUENCE.Word	LOADING RESOURCE SURFACE FROM DISK
2196538.122	Test_Phase.SEQUENCE.Word	LOADING RESOURCE SURFACE FROM DISK
2204765.014	Test_Phase.SEQUENCE.Word	LOADING RESOURCE SURFACE FROM DISK
2212998.47	Test_Phase.SEQUENCE.Word	LOADING RESOURCE SURFACE FROM DISK
2221100.952	Test_Phase.SEQUENCE.Word	LOADING RESOURCE SURFACE FROM DISK
2229904.91	Test_Phase.SEQUENCE.Word	LOADING RESOURCE SURFACE FROM DISK
2237998.548	Test_Phase.SEQUENCE.Word	LOADING RESOURCE SURFACE FROM DISK
2245981.759	Test_Phase.SEQUENCE.Word	LOADING RESOURCE SURFACE FROM DISK
2253665.075	Test_Phase.SEQUENCE.Word	LOADING RESOURCE SURFACE FROM DISK
2261481.719	Test_Phase.SEQUENCE.Word	LOADING RESOURCE SURFACE FROM DISK
2269715.283	Test_Phase.SEQUENCE.Word	LOADING RESOURCE SURFACE FROM DISK
2277798.488	Test_Phase.SEQUENCE.Word	LOADING RESOURCE SURFACE FROM DISK
2285898.461	Test_Phase.SEQUENCE.Word	LOADING RESOURCE SURFACE FROM DISK
2295165.206	Test_Phase.SEQUENCE.Word	LOADING RESOURCE SURFACE FROM DISK
2303065.083	Test_Phase.SEQUENCE.Word	LOADING RESOURCE SURFACE FROM DISK
2311638.152	Test_Phase.SEQUENCE.Word	LOADING RESOURCE SURFACE FROM DISK
2319598.56	Test_Phase.SEQUENCE.Word	LOADING RESOURCE SURFACE FROM DISK
2327131.722	Test_Phase.SEQUENCE.Word	LOADING RESOURCE SURFACE FROM DISK
2335165.121	Test_Phase.SEQUENCE.Word	LOADING RESOURCE SURFACE FROM DISK
2342848.544	Test_Phase.SEQUENCE.Word	LOADING RESOURCE SURFACE FROM DISK
2350131.841	Test_Phase.SEQUENCE.Word	LOADING RESOURCE SURFACE FROM DISK
2358000.531	Test_Phase.SEQUENCE.Word	LOADING RESOURCE SURFACE FROM DISK
2365731.989	Test_Phase.SEQUENCE.Word	LOADING RESOURCE SURFACE FROM DISK
2374065.143	Test_Phase.SEQUENCE.Word	LOADING RESOURCE SURFACE FROM DISK
2383441.561	Test_Phase.SEQUENCE.Word	LOADING RESOURCE SURFACE FROM DISK
2391131.887	Test_Phase.SEQUENCE.Word	LOADING RESOURCE SURFACE FROM DISK
2399431.885	Test_Phase.SEQUENCE.Word	LOADING RESOURCE SURFACE FROM DISK
2407599.566	Test_Phase.SEQUENCE.Word	LOADING RESOURCE SURFACE FROM DISK
2415248.589	Test_Phase.SEQUENCE.Word	LOADING RESOURCE SURFACE FROM DISK
2423731.743	Test_Phase.SEQUENCE.Word	LOADING RESOURCE SURFACE FROM DISK
2432165.119	Test_Phase.SEQUENCE.Word	LOADING RESOURCE SURFACE FROM DISK
2439515.16	Test_Phase.SEQUENCE.Word	LOADING RESOURCE SURFACE FROM DISK
2447248.469	Test_Phase.SEQUENCE.Word	LOADING RESOURCE SURFACE FROM DISK
2454885.827	Test_Phase.SEQUENCE.Word	LOADING RESOURCE SURFACE FROM DISK
2462598.572	Test_Phase.SEQUENCE.Word	LOADING RESOURCE SURFACE FROM DISK
2470581.993	Test_Phase.SEQUENCE.Word	LOADING RESOURCE SURFACE FROM DISK
2478365.214	Test_Phase.SEQUENCE.Word	LOADING RESOURCE SURFACE FROM DISK
2487048.368	Test_Phase.SEQUENCE.Word	LOADING RESOURCE SURFACE FROM DISK
2494882.14	Test_Phase.SEQUENCE.Word	LOADING RESOURCE SURFACE FROM DISK
2502598.49	Test_Phase.SEQUENCE.Word	LOADING RESOURCE SURFACE FROM DISK
2510631.909	Test_Phase.SEQUENCE.Word	LOADING RESOURCE SURFACE FROM DISK
2518581.991	Test_Phase.SEQUENCE.Word	LOADING RESOURCE SURFACE FROM DISK
2525781.774	Test_Phase.SEQUENCE.Word	LOADING RESOURCE SURFACE FROM DISK
2533831.742	Test_Phase.SEQUENCE.Word	LOADING RESOURCE SURFACE FROM DISK
2541615.249	Test_Phase.SEQUENCE.Word	LOADING RESOURCE SURFACE FROM DISK
2549398.369	Test_Phase.SEQUENCE.Word	LOADING RESOURCE SURFACE FROM DISK
2557432.036	Test_Phase.SEQUENCE.Word	LOADING RESOURCE SURFACE FROM DISK
2565565.017	Test_Phase.SEQUENCE.Word	LOADING RESOURCE SURFACE FROM DISK
2573681.882	Test_Phase.SEQUENCE.Word	LOADING RESOURCE SURFACE FROM DISK
2581731.771	Test_Phase.SEQUENCE.Word	LOADING RESOURCE SURFACE FROM DISK
2589565.017	Test_Phase.SEQUENCE.Word	LOADING RESOURCE SURFACE FROM DISK
2597298.51	Test_Phase.SEQUENCE.Word	LOADING RESOURCE SURFACE FROM DISK
2605015.245	Test_Phase.SEQUENCE.Word	LOADING RESOURCE SURFACE FROM DISK
2612675.055	Test_Phase.SEQUENCE.Word	LOADING RESOURCE SURFACE FROM DISK
2620398.399	Test_Phase.SEQUENCE.Word	LOADING RESOURCE SURFACE FROM DISK
2629898.405	Test_Phase.SEQUENCE.Word	LOADING RESOURCE SURFACE FROM DISK
2637931.907	Test_Phase.SEQUENCE.Word	LOADING RESOURCE SURFACE FROM DISK
2646315.061	Test_Phase.SEQUENCE.Word	LOADING RESOURCE SURFACE FROM DISK
2654619.353	Test_Phase.SEQUENCE.Word	LOADING RESOURCE SURFACE FROM DISK
2662715.092	Test_Phase.SEQUENCE.Word	LOADING RESOURCE SURFACE FROM DISK
2671057.309	Test_Phase.SEQUENCE.Word	LOADING RESOURCE SURFACE FROM DISK
2679148.591	Test_Phase.SEQUENCE.Word	LOADING RESOURCE SURFACE FROM DISK
2688470.855	Test_Phase.SEQUENCE.Word	LOADING RESOURCE SURFACE FROM DISK
2696215.23	Test_Phase.SEQUENCE.Word	LOADING RESOURCE SURFACE FROM DISK
2704915.143	Test_Phase.SEQUENCE.Word	LOADING RESOURCE SURFACE FROM DISK
2712536.468	Test_Phase.SEQUENCE.Word	LOADING RESOURCE SURFACE FROM DISK
2720365.085	Test_Phase.SEQUENCE.Word	LOADING RESOURCE SURFACE FROM DISK
2728615.077	Test_Phase.SEQUENCE.Word	LOADING RESOURCE SURFACE FROM DISK
2736731.724	Test_Phase.SEQUENCE.Word	LOADING RESOURCE SURFACE FROM DISK
2744898.56	Test_Phase.SEQUENCE.Word	LOADING RESOURCE SURFACE FROM DISK
2752901.949	Test_Phase.SEQUENCE.Word	LOADING RESOURCE SURFACE FROM DISK
2760965.141	Test_Phase.SEQUENCE.Word	LOADING RESOURCE SURFACE FROM DISK
2770166.834	Test_Phase.SEQUENCE.Word	LOADING RESOURCE SURFACE FROM DISK
2778865.267	Test_Phase.SEQUENCE.Word	LOADING RESOURCE SURFACE FROM DISK
2787233.324	Test_Phase.SEQUENCE.Word	LOADING RESOURCE SURFACE FROM DISK
2795448.907	Test_Phase.SEQUENCE.Word	LOADING RESOURCE SURFACE FROM DISK
2803415.054	Test_Phase.SEQUENCE.Word	LOADING RESOURCE SURFACE FROM DISK
2811339.526	Test_Phase.SEQUENCE.Word	LOADING RESOURCE SURFACE FROM DISK
2819281.921	Test_Phase.SEQUENCE.Word	LOADING RESOURCE SURFACE FROM DISK
2827364.986	Test_Phase.SEQUENCE.Word	LOADING RESOURCE SURFACE FROM DISK
2835930.229	Test_Phase.SEQUENCE.Word	LOADING RESOURCE SURFACE FROM DISK
2843898.403	Test_Phase.SEQUENCE.Word	LOADING RESOURCE SURFACE FROM DISK
2851616.959	Test_Phase.SEQUENCE.Word	LOADING RESOURCE SURFACE FROM DISK
2859348.54	Test_Phase.SEQUENCE.Word	LOADING RESOURCE SURFACE FROM DISK
2867071.898	Test_Phase.SEQUENCE.Word	LOADING RESOURCE SURFACE FROM DISK
2874265.395	Test_Phase.SEQUENCE.Word	LOADING RESOURCE SURFACE FROM DISK
2882215.022	Test_Phase.SEQUENCE.Word	LOADING RESOURCE SURFACE FROM DISK
2890051.574	Test_Phase.SEQUENCE.Word	LOADING RESOURCE SURFACE FROM DISK
2898165.243	Test_Phase.SEQUENCE.Word	LOADING RESOURCE SURFACE FROM DISK
2905765.005	Test_Phase.SEQUENCE.Word	LOADING RESOURCE SURFACE FROM DISK
2913419.309	Test_Phase.SEQUENCE.Word	LOADING RESOURCE SURFACE FROM DISK
2922065.079	Test_Phase.SEQUENCE.Word	LOADING RESOURCE SURFACE FROM DISK
2930182.239	Test_Phase.SEQUENCE.Word	LOADING RESOURCE SURFACE FROM DISK
2938031.737	Test_Phase.SEQUENCE.Word	LOADING RESOURCE SURFACE FROM DISK
2946165.143	Test_Phase.SEQUENCE.Word	LOADING RESOURCE SURFACE FROM DISK
2953431.952	Test_Phase.SEQUENCE.Word	LOADING RESOURCE SURFACE FROM DISK
2961698.557	Test_Phase.SEQUENCE.Word	LOADING RESOURCE SURFACE FROM DISK
2969747.604	Test_Phase.SEQUENCE.Word	LOADING RESOURCE SURFACE FROM DISK
2977372.036	Test_Phase.SEQUENCE.Word	LOADING RESOURCE SURFACE FROM DISK
2985481.929	Test_Phase.SEQUENCE.Word	LOADING RESOURCE SURFACE FROM DISK
2993348.572	Test_Phase.SEQUENCE.Word	LOADING RESOURCE SURFACE FROM DISK
3000948.39	Test_Phase.SEQUENCE.Word	LOADING RESOURCE SURFACE FROM DISK
3008531.78	Test_Phase.SEQUENCE.Word	LOADING RESOURCE SURFACE FROM DISK
3017537.382	Test_Phase.SEQUENCE.Word	LOADING RESOURCE SURFACE FROM DISK
3025781.901	Test_Phase.SEQUENCE.Word	LOADING RESOURCE SURFACE FROM DISK
3034198.673	Test_Phase.SEQUENCE.Word	LOADING RESOURCE SURFACE FROM DISK
3041559.227	Test_Phase.SEQUENCE.Word	LOADING RESOURCE SURFACE FROM DISK
3050080.752	Test_Phase.SEQUENCE.Word	LOADING RESOURCE SURFACE FROM DISK
3058056.75	Test_Phase.SEQUENCE.Word	LOADING RESOURCE SURFACE FROM DISK
3065915.06	Test_Phase.SEQUENCE.Word	LOADING RESOURCE SURFACE FROM DISK
3074156.109	Test_Phase.SEQUENCE.Word	LOADING RESOURCE SURFACE FROM DISK
3091715.159	Test_Phase.SEQUENCE.Word	LOADING RESOURCE SURFACE FROM DISK
3100031.863	Test_Phase.SEQUENCE.Word	LOADING RESOURCE SURFACE FROM DISK
3107848.375	Test_Phase.SEQUENCE.Word	LOADING RESOURCE SURFACE FROM DISK
3116442.46	Test_Phase.SEQUENCE.Word	LOADING RESOURCE SURFACE FROM DISK
3124481.956	Test_Phase.SEQUENCE.Word	LOADING RESOURCE SURFACE FROM DISK
3132837.441	Test_Phase.SEQUENCE.Word	LOADING RESOURCE SURFACE FROM DISK
3140865.036	Test_Phase.SEQUENCE.Word	LOADING RESOURCE SURFACE FROM DISK
3148614.982	Test_Phase.SEQUENCE.Word	LOADING RESOURCE SURFACE FROM DISK
3156498.441	Test_Phase.SEQUENCE.Word	LOADING RESOURCE SURFACE FROM DISK
3164265.005	Test_Phase.SEQUENCE.Word	LOADING RESOURCE SURFACE FROM DISK
3172055.83	Test_Phase.SEQUENCE.Word	LOADING RESOURCE SURFACE FROM DISK
3179806.12	Test_Phase.SEQUENCE.Word	LOADING RESOURCE SURFACE FROM DISK
3187500.347	Test_Phase.SEQUENCE.Word	LOADING RESOURCE SURFACE FROM DISK
3195081.957	Test_Phase.SEQUENCE.Word	LOADING RESOURCE SURFACE FROM DISK
3203131.837	Test_Phase.SEQUENCE.Word	LOADING RESOURCE SURFACE FROM DISK
3210971.507	Test_Phase.SEQUENCE.Word	LOADING RESOURCE SURFACE FROM DISK
3218172.905	Test_Phase.SEQUENCE.Word	LOADING RESOURCE SURFACE FROM DISK
3226218.866	Test_Phase.SEQUENCE.Word	LOADING RESOURCE SURFACE FROM DISK
3234274.305	Test_Phase.SEQUENCE.Word	LOADING RESOURCE SURFACE FROM DISK
3242264.995	Test_Phase.SEQUENCE.Word	LOADING RESOURCE SURFACE FROM DISK
3250298.517	Test_Phase.SEQUENCE.Word	LOADING RESOURCE SURFACE FROM DISK
3259148.561	Test_Phase.SEQUENCE.Word	LOADING RESOURCE SURFACE FROM DISK
3267217.06	Test_Phase.SEQUENCE.Word	LOADING RESOURCE SURFACE FROM DISK
3275484.549	Test_Phase.SEQUENCE.Word	LOADING RESOURCE SURFACE FROM DISK
3283782.087	Test_Phase.SEQUENCE.Word	LOADING RESOURCE SURFACE FROM DISK
3291915.067	Test_Phase.SEQUENCE.Word	LOADING RESOURCE SURFACE FROM DISK
3299731.793	Test_Phase.SEQUENCE.Word	LOADING RESOURCE SURFACE FROM DISK
3306987.655	Test_Phase.SEQUENCE.Word	LOADING RESOURCE SURFACE FROM DISK
3314865.162	Test_Phase.SEQUENCE.Word	LOADING RESOURCE SURFACE FROM DISK
3322881.876	Test_Phase.SEQUENCE.Word	LOADING RESOURCE SURFACE FROM DISK
3331194.037	Test_Phase.SEQUENCE.Word	LOADING RESOURCE SURFACE FROM DISK
3339550.887	Test_Phase.SEQUENCE.Word	LOADING RESOURCE SURFACE FROM DISK
3347118.115	Test_Phase.SEQUENCE.Word	LOADING RESOURCE SURFACE FROM DISK
3355448.554	Test_Phase.SEQUENCE.Word	LOADING RESOURCE SURFACE FROM DISK
3363765.165	Test_Phase.SEQUENCE.Word	LOADING RESOURCE SURFACE FROM DISK
3371848.529	Test_Phase.SEQUENCE.Word	LOADING RESOURCE SURFACE FROM DISK
3379898.406	Test_Phase.SEQUENCE.Word	LOADING RESOURCE SURFACE FROM DISK
3387915.189	Test_Phase.SEQUENCE.Word	LOADING RESOURCE SURFACE FROM DISK
3395781.812	Test_Phase.SEQUENCE.Word	LOADING RESOURCE SURFACE FROM DISK
3403398.497	Test_Phase.SEQUENCE.Word	LOADING RESOURCE SURFACE FROM DISK
3411265.381	Test_Phase.SEQUENCE.Word	LOADING RESOURCE SURFACE FROM DISK
3418891.001	Test_Phase.SEQUENCE.Word	LOADING RESOURCE SURFACE FROM DISK
3426481.805	Test_Phase.SEQUENCE.Word	LOADING RESOURCE SURFACE FROM DISK
3434215.191	Test_Phase.SEQUENCE.Word	LOADING RESOURCE SURFACE FROM DISK
3442415.083	Test_Phase.SEQUENCE.Word	LOADING RESOURCE SURFACE FROM DISK
3450790.113	Test_Phase.SEQUENCE.Word	LOADING RESOURCE SURFACE FROM DISK
3459282.047	Test_Phase.SEQUENCE.Word	LOADING RESOURCE SURFACE FROM DISK
3468468.696	Test_Phase.SEQUENCE.Word	LOADING RESOURCE SURFACE FROM DISK
3477523.333	Test_Phase.SEQUENCE.Word	LOADING RESOURCE SURFACE FROM DISK
3485531.752	Test_Phase.SEQUENCE.Word	LOADING RESOURCE SURFACE FROM DISK
3493182.044	Test_Phase.SEQUENCE.Word	LOADING RESOURCE SURFACE FROM DISK
3497235.959	DISPLAY_SCREEN	LOADING RESOURCE SURFACE FROM DISK
