4746.569	DISPLAY_SCREEN[1]	LOADING RESOURCE SURFACE FROM DISK
260123.73	Familiarization_Phase.SEQUENCE.Cue_and_Instruction	LOADING RESOURCE SURFACE FROM DISK
260135.507	Familiarization_Phase.SEQUENCE.Cue_and_Instruction	LOADING RESOURCE SURFACE FROM DISK
266214.591	Familiarization_Phase.SEQUENCE.Cue_and_Instruction	LOADING RESOURCE SURFACE FROM DISK
266218.684	Familiarization_Phase.SEQUENCE.Cue_and_Instruction	LOADING RESOURCE SURFACE FROM DISK
272297.818	Familiarization_Phase.SEQUENCE.Cue_and_Instruction	LOADING RESOURCE SURFACE FROM DISK
272301.964	Familiarization_Phase.SEQUENCE.Cue_and_Instruction	LOADING RESOURCE SURFACE FROM DISK
314429.84	DISPLAY_SCREEN[3]	LOADING RESOURCE SURFACE FROM DISK
399491.312	DISPLAY_SCREEN[5]	LOADING RESOURCE SURFACE FROM DISK
455721.223	Practice_Phase.SEQUENCE.Blink_Screen	LOADING RESOURCE SURFACE FROM DISK
456925.212	Practice_Phase.SEQUENCE.Practice_Luminance_Cue	LOADING RESOURCE SURFACE FROM DISK
456927.382	Practice_Phase.SEQUENCE.Practice_Luminance_Cue	LOADING RESOURCE SURFACE FROM DISK
458925.211	Practice_Phase.SEQUENCE.Practice_Instruction	LOADING RESOURCE SURFACE FROM DISK
458927.418	Practice_Phase.SEQUENCE.Practice_Instruction	LOADING RESOURCE SURFACE FROM DISK
467008.296	Practice_Phase.SEQUENCE.Practice_Instruction	LOADING RESOURCE SURFACE FROM DISK
467010.57	Practice_Phase.SEQUENCE.Practice_Instruction	LOADING RESOURCE SURFACE FROM DISK
475112.604	Practice_Phase.SEQUENCE.Practice_Instruction	LOADING RESOURCE SURFACE FROM DISK
475114.759	Practice_Phase.SEQUENCE.Practice_Instruction	LOADING RESOURCE SURFACE FROM DISK
475116.562	Practice_Phase.SEQUENCE.Practice_Instruction	flip time is later than desired time. Desired Time=475094 Flip Time=475127 Retrace Rate=16.641, prepareTime=46 flip request time 475116
483174.983	Practice_Phase.SEQUENCE.Practice_Instruction	LOADING RESOURCE SURFACE FROM DISK
483177.005	Practice_Phase.SEQUENCE.Practice_Instruction	LOADING RESOURCE SURFACE FROM DISK
491241.647	Practice_Phase.SEQUENCE.Practice_Instruction	LOADING RESOURCE SURFACE FROM DISK
491243.88	Practice_Phase.SEQUENCE.Practice_Instruction	LOADING RESOURCE SURFACE FROM DISK
499308.483	Practice_Phase.SEQUENCE.Practice_Instruction	LOADING RESOURCE SURFACE FROM DISK
499310.62	Practice_Phase.SEQUENCE.Practice_Instruction	LOADING RESOURCE SURFACE FROM DISK
507358.357	Practice_Phase.SEQUENCE.Practice_Instruction	LOADING RESOURCE SURFACE FROM DISK
507360.509	Practice_Phase.SEQUENCE.Practice_Instruction	LOADING RESOURCE SURFACE FROM DISK
515425.04	Practice_Phase.SEQUENCE.Practice_Instruction	LOADING RESOURCE SURFACE FROM DISK
515427.28	Practice_Phase.SEQUENCE.Practice_Instruction	LOADING RESOURCE SURFACE FROM DISK
523491.892	Practice_Phase.SEQUENCE.Practice_Instruction	LOADING RESOURCE SURFACE FROM DISK
523494.009	Practice_Phase.SEQUENCE.Practice_Instruction	LOADING RESOURCE SURFACE FROM DISK
528154.549	DISPLAY_SCREEN[2]	LOADING RESOURCE SURFACE FROM DISK
613397.906	Study_Phase.SEQUENCE.Study_Instruction	LOADING RESOURCE SURFACE FROM DISK
621646.791	Study_Phase.SEQUENCE.Study_Instruction	LOADING RESOURCE SURFACE FROM DISK
629900.408	Study_Phase.SEQUENCE.Study_Instruction	LOADING RESOURCE SURFACE FROM DISK
629902.496	Study_Phase.SEQUENCE.Study_Instruction	LOADING RESOURCE SURFACE FROM DISK
638163.342	Study_Phase.SEQUENCE.Study_Instruction	LOADING RESOURCE SURFACE FROM DISK
646417.238	Study_Phase.SEQUENCE.Study_Instruction	LOADING RESOURCE SURFACE FROM DISK
646419.318	Study_Phase.SEQUENCE.Study_Instruction	LOADING RESOURCE SURFACE FROM DISK
654680.099	Study_Phase.SEQUENCE.Study_Instruction	LOADING RESOURCE SURFACE FROM DISK
662929.976	Study_Phase.SEQUENCE.Study_Instruction	LOADING RESOURCE SURFACE FROM DISK
671164.406	Study_Phase.SEQUENCE.Study_Instruction	LOADING RESOURCE SURFACE FROM DISK
679417.221	Study_Phase.SEQUENCE.Study_Instruction	LOADING RESOURCE SURFACE FROM DISK
679460.549	Study_Phase.SEQUENCE.Study_Instruction	LOADING RESOURCE SURFACE FROM DISK
687717.161	Study_Phase.SEQUENCE.Study_Instruction	LOADING RESOURCE SURFACE FROM DISK
687719.254	Study_Phase.SEQUENCE.Study_Instruction	LOADING RESOURCE SURFACE FROM DISK
695946.596	Study_Phase.SEQUENCE.Study_Instruction	LOADING RESOURCE SURFACE FROM DISK
704197.738	Study_Phase.SEQUENCE.Study_Instruction	LOADING RESOURCE SURFACE FROM DISK
712450.339	Study_Phase.SEQUENCE.Study_Instruction	LOADING RESOURCE SURFACE FROM DISK
712452.409	Study_Phase.SEQUENCE.Study_Instruction	LOADING RESOURCE SURFACE FROM DISK
720700.456	Study_Phase.SEQUENCE.Study_Instruction	LOADING RESOURCE SURFACE FROM DISK
720702.504	Study_Phase.SEQUENCE.Study_Instruction	LOADING RESOURCE SURFACE FROM DISK
728963.5	Study_Phase.SEQUENCE.Study_Instruction	LOADING RESOURCE SURFACE FROM DISK
737213.371	Study_Phase.SEQUENCE.Study_Instruction	LOADING RESOURCE SURFACE FROM DISK
745447.573	Study_Phase.SEQUENCE.Study_Instruction	LOADING RESOURCE SURFACE FROM DISK
753700.338	Study_Phase.SEQUENCE.Study_Instruction	LOADING RESOURCE SURFACE FROM DISK
753702.377	Study_Phase.SEQUENCE.Study_Instruction	LOADING RESOURCE SURFACE FROM DISK
761963.34	Study_Phase.SEQUENCE.Study_Instruction	LOADING RESOURCE SURFACE FROM DISK
770200.59	Study_Phase.SEQUENCE.Study_Instruction	LOADING RESOURCE SURFACE FROM DISK
770202.674	Study_Phase.SEQUENCE.Study_Instruction	LOADING RESOURCE SURFACE FROM DISK
778464.456	Study_Phase.SEQUENCE.Study_Instruction	LOADING RESOURCE SURFACE FROM DISK
786696.693	Study_Phase.SEQUENCE.Study_Instruction	LOADING RESOURCE SURFACE FROM DISK
794950.699	Study_Phase.SEQUENCE.Study_Instruction	LOADING RESOURCE SURFACE FROM DISK
794952.855	Study_Phase.SEQUENCE.Study_Instruction	LOADING RESOURCE SURFACE FROM DISK
803213.511	Study_Phase.SEQUENCE.Study_Instruction	LOADING RESOURCE SURFACE FROM DISK
811467.043	Study_Phase.SEQUENCE.Study_Instruction	LOADING RESOURCE SURFACE FROM DISK
811469.199	Study_Phase.SEQUENCE.Study_Instruction	LOADING RESOURCE SURFACE FROM DISK
819733.891	Study_Phase.SEQUENCE.Study_Instruction	LOADING RESOURCE SURFACE FROM DISK
819736.122	Study_Phase.SEQUENCE.Study_Instruction	LOADING RESOURCE SURFACE FROM DISK
827996.704	Study_Phase.SEQUENCE.Study_Instruction	LOADING RESOURCE SURFACE FROM DISK
836247.968	Study_Phase.SEQUENCE.Study_Instruction	LOADING RESOURCE SURFACE FROM DISK
844500.256	Study_Phase.SEQUENCE.Study_Instruction	LOADING RESOURCE SURFACE FROM DISK
844502.383	Study_Phase.SEQUENCE.Study_Instruction	LOADING RESOURCE SURFACE FROM DISK
852763.571	Study_Phase.SEQUENCE.Study_Instruction	LOADING RESOURCE SURFACE FROM DISK
861017.502	Study_Phase.SEQUENCE.Study_Instruction	LOADING RESOURCE SURFACE FROM DISK
861019.631	Study_Phase.SEQUENCE.Study_Instruction	LOADING RESOURCE SURFACE FROM DISK
869281.181	Study_Phase.SEQUENCE.Study_Instruction	LOADING RESOURCE SURFACE FROM DISK
877530.073	Study_Phase.SEQUENCE.Study_Instruction	LOADING RESOURCE SURFACE FROM DISK
885780.084	Study_Phase.SEQUENCE.Study_Instruction	LOADING RESOURCE SURFACE FROM DISK
894064.552	Study_Phase.SEQUENCE.Study_Instruction	LOADING RESOURCE SURFACE FROM DISK
902317.258	Study_Phase.SEQUENCE.Study_Instruction	LOADING RESOURCE SURFACE FROM DISK
902319.335	Study_Phase.SEQUENCE.Study_Instruction	LOADING RESOURCE SURFACE FROM DISK
910613.871	Study_Phase.SEQUENCE.Study_Instruction	LOADING RESOURCE SURFACE FROM DISK
918866.933	Study_Phase.SEQUENCE.Study_Instruction	LOADING RESOURCE SURFACE FROM DISK
918868.975	Study_Phase.SEQUENCE.Study_Instruction	LOADING RESOURCE SURFACE FROM DISK
927130.016	Study_Phase.SEQUENCE.Study_Instruction	LOADING RESOURCE SURFACE FROM DISK
935383.818	Study_Phase.SEQUENCE.Study_Instruction	LOADING RESOURCE SURFACE FROM DISK
935385.9	Study_Phase.SEQUENCE.Study_Instruction	LOADING RESOURCE SURFACE FROM DISK
943650.448	Study_Phase.SEQUENCE.Study_Instruction	LOADING RESOURCE SURFACE FROM DISK
943652.485	Study_Phase.SEQUENCE.Study_Instruction	LOADING RESOURCE SURFACE FROM DISK
951913.493	Study_Phase.SEQUENCE.Study_Instruction	LOADING RESOURCE SURFACE FROM DISK
960163.523	Study_Phase.SEQUENCE.Study_Instruction	LOADING RESOURCE SURFACE FROM DISK
968414.43	Study_Phase.SEQUENCE.Study_Instruction	LOADING RESOURCE SURFACE FROM DISK
976667.265	Study_Phase.SEQUENCE.Study_Instruction	LOADING RESOURCE SURFACE FROM DISK
976669.399	Study_Phase.SEQUENCE.Study_Instruction	LOADING RESOURCE SURFACE FROM DISK
984930.23	Study_Phase.SEQUENCE.Study_Instruction	LOADING RESOURCE SURFACE FROM DISK
993179.957	Study_Phase.SEQUENCE.Study_Instruction	LOADING RESOURCE SURFACE FROM DISK
1001433.817	Study_Phase.SEQUENCE.Study_Instruction	LOADING RESOURCE SURFACE FROM DISK
1001435.858	Study_Phase.SEQUENCE.Study_Instruction	LOADING RESOURCE SURFACE FROM DISK
1009700.477	Study_Phase.SEQUENCE.Study_Instruction	LOADING RESOURCE SURFACE FROM DISK
1009702.567	Study_Phase.SEQUENCE.Study_Instruction	LOADING RESOURCE SURFACE FROM DISK
1017963.412	Study_Phase.SEQUENCE.Study_Instruction	LOADING RESOURCE SURFACE FROM DISK
1026214.532	Study_Phase.SEQUENCE.Study_Instruction	LOADING RESOURCE SURFACE FROM DISK
1034467.349	Study_Phase.SEQUENCE.Study_Instruction	LOADING RESOURCE SURFACE FROM DISK
1034469.487	Study_Phase.SEQUENCE.Study_Instruction	LOADING RESOURCE SURFACE FROM DISK
1042731.058	Study_Phase.SEQUENCE.Study_Instruction	LOADING RESOURCE SURFACE FROM DISK
1050983.624	Study_Phase.SEQUENCE.Study_Instruction	LOADING RESOURCE SURFACE FROM DISK
1050985.652	Study_Phase.SEQUENCE.Study_Instruction	LOADING RESOURCE SURFACE FROM DISK
1059250.311	Study_Phase.SEQUENCE.Study_Instruction	LOADING RESOURCE SURFACE FROM DISK
1059252.345	Study_Phase.SEQUENCE.Study_Instruction	LOADING RESOURCE SURFACE FROM DISK
1067514.29	Study_Phase.SEQUENCE.Study_Instruction	LOADING RESOURCE SURFACE FROM DISK
1075763.365	Study_Phase.SEQUENCE.Study_Instruction	LOADING RESOURCE SURFACE FROM DISK
1084000.435	Study_Phase.SEQUENCE.Study_Instruction	LOADING RESOURCE SURFACE FROM DISK
1084002.618	Study_Phase.SEQUENCE.Study_Instruction	LOADING RESOURCE SURFACE FROM DISK
1092263.27	Study_Phase.SEQUENCE.Study_Instruction	LOADING RESOURCE SURFACE FROM DISK
1100513.563	Study_Phase.SEQUENCE.Study_Instruction	LOADING RESOURCE SURFACE FROM DISK
1108764.394	Study_Phase.SEQUENCE.Study_Instruction	LOADING RESOURCE SURFACE FROM DISK
1117017.241	Study_Phase.SEQUENCE.Study_Instruction	LOADING RESOURCE SURFACE FROM DISK
1117019.344	Study_Phase.SEQUENCE.Study_Instruction	LOADING RESOURCE SURFACE FROM DISK
1125264.295	Study_Phase.SEQUENCE.Study_Instruction	LOADING RESOURCE SURFACE FROM DISK
1133513.396	Study_Phase.SEQUENCE.Study_Instruction	LOADING RESOURCE SURFACE FROM DISK
1141766.918	Study_Phase.SEQUENCE.Study_Instruction	LOADING RESOURCE SURFACE FROM DISK
1141768.983	Study_Phase.SEQUENCE.Study_Instruction	LOADING RESOURCE SURFACE FROM DISK
1150030.099	Study_Phase.SEQUENCE.Study_Instruction	LOADING RESOURCE SURFACE FROM DISK
1158283.868	Study_Phase.SEQUENCE.Study_Instruction	LOADING RESOURCE SURFACE FROM DISK
1158285.984	Study_Phase.SEQUENCE.Study_Instruction	LOADING RESOURCE SURFACE FROM DISK
1166546.698	Study_Phase.SEQUENCE.Study_Instruction	LOADING RESOURCE SURFACE FROM DISK
1174800.412	Study_Phase.SEQUENCE.Study_Instruction	LOADING RESOURCE SURFACE FROM DISK
1174802.499	Study_Phase.SEQUENCE.Study_Instruction	LOADING RESOURCE SURFACE FROM DISK
1183067.124	Study_Phase.SEQUENCE.Study_Instruction	LOADING RESOURCE SURFACE FROM DISK
1183069.168	Study_Phase.SEQUENCE.Study_Instruction	LOADING RESOURCE SURFACE FROM DISK
1191333.738	Study_Phase.SEQUENCE.Study_Instruction	LOADING RESOURCE SURFACE FROM DISK
1191335.809	Study_Phase.SEQUENCE.Study_Instruction	LOADING RESOURCE SURFACE FROM DISK
1199597.019	Study_Phase.SEQUENCE.Study_Instruction	LOADING RESOURCE SURFACE FROM DISK
1207846.748	Study_Phase.SEQUENCE.Study_Instruction	LOADING RESOURCE SURFACE FROM DISK
1216097.678	Study_Phase.SEQUENCE.Study_Instruction	LOADING RESOURCE SURFACE FROM DISK
1224346.631	Study_Phase.SEQUENCE.Study_Instruction	LOADING RESOURCE SURFACE FROM DISK
1232600.488	Study_Phase.SEQUENCE.Study_Instruction	LOADING RESOURCE SURFACE FROM DISK
1232640.328	Study_Phase.SEQUENCE.Study_Instruction	LOADING RESOURCE SURFACE FROM DISK
1240900.471	Study_Phase.SEQUENCE.Study_Instruction	LOADING RESOURCE SURFACE FROM DISK
1240902.526	Study_Phase.SEQUENCE.Study_Instruction	LOADING RESOURCE SURFACE FROM DISK
1249167.104	Study_Phase.SEQUENCE.Study_Instruction	LOADING RESOURCE SURFACE FROM DISK
1249169.197	Study_Phase.SEQUENCE.Study_Instruction	LOADING RESOURCE SURFACE FROM DISK
1257414.223	Study_Phase.SEQUENCE.Study_Instruction	LOADING RESOURCE SURFACE FROM DISK
1265667.137	Study_Phase.SEQUENCE.Study_Instruction	LOADING RESOURCE SURFACE FROM DISK
1265669.18	Study_Phase.SEQUENCE.Study_Instruction	LOADING RESOURCE SURFACE FROM DISK
1273931.024	Study_Phase.SEQUENCE.Study_Instruction	LOADING RESOURCE SURFACE FROM DISK
1282183.543	Study_Phase.SEQUENCE.Study_Instruction	LOADING RESOURCE SURFACE FROM DISK
1282222.208	Study_Phase.SEQUENCE.Study_Instruction	LOADING RESOURCE SURFACE FROM DISK
1290480.0	Study_Phase.SEQUENCE.Study_Instruction	LOADING RESOURCE SURFACE FROM DISK
1298733.748	Study_Phase.SEQUENCE.Study_Instruction	LOADING RESOURCE SURFACE FROM DISK
1298735.786	Study_Phase.SEQUENCE.Study_Instruction	LOADING RESOURCE SURFACE FROM DISK
1307000.42	Study_Phase.SEQUENCE.Study_Instruction	LOADING RESOURCE SURFACE FROM DISK
1307002.515	Study_Phase.SEQUENCE.Study_Instruction	LOADING RESOURCE SURFACE FROM DISK
1315263.28	Study_Phase.SEQUENCE.Study_Instruction	LOADING RESOURCE SURFACE FROM DISK
1323514.422	Study_Phase.SEQUENCE.Study_Instruction	LOADING RESOURCE SURFACE FROM DISK
1331763.413	Study_Phase.SEQUENCE.Study_Instruction	LOADING RESOURCE SURFACE FROM DISK
1339996.627	Study_Phase.SEQUENCE.Study_Instruction	LOADING RESOURCE SURFACE FROM DISK
1348250.28	Study_Phase.SEQUENCE.Study_Instruction	LOADING RESOURCE SURFACE FROM DISK
1348252.322	Study_Phase.SEQUENCE.Study_Instruction	LOADING RESOURCE SURFACE FROM DISK
1356514.515	Study_Phase.SEQUENCE.Study_Instruction	LOADING RESOURCE SURFACE FROM DISK
1364767.309	Study_Phase.SEQUENCE.Study_Instruction	LOADING RESOURCE SURFACE FROM DISK
1364769.605	Study_Phase.SEQUENCE.Study_Instruction	LOADING RESOURCE SURFACE FROM DISK
1373033.658	Study_Phase.SEQUENCE.Study_Instruction	LOADING RESOURCE SURFACE FROM DISK
1373035.811	Study_Phase.SEQUENCE.Study_Instruction	LOADING RESOURCE SURFACE FROM DISK
1381297.718	Study_Phase.SEQUENCE.Study_Instruction	LOADING RESOURCE SURFACE FROM DISK
1389550.541	Study_Phase.SEQUENCE.Study_Instruction	LOADING RESOURCE SURFACE FROM DISK
1389552.646	Study_Phase.SEQUENCE.Study_Instruction	LOADING RESOURCE SURFACE FROM DISK
1397817.106	Study_Phase.SEQUENCE.Study_Instruction	LOADING RESOURCE SURFACE FROM DISK
1397819.192	Study_Phase.SEQUENCE.Study_Instruction	LOADING RESOURCE SURFACE FROM DISK
1406063.272	Study_Phase.SEQUENCE.Study_Instruction	LOADING RESOURCE SURFACE FROM DISK
1414317.216	Study_Phase.SEQUENCE.Study_Instruction	LOADING RESOURCE SURFACE FROM DISK
1414319.325	Study_Phase.SEQUENCE.Study_Instruction	LOADING RESOURCE SURFACE FROM DISK
1422583.722	Study_Phase.SEQUENCE.Study_Instruction	LOADING RESOURCE SURFACE FROM DISK
1422585.809	Study_Phase.SEQUENCE.Study_Instruction	LOADING RESOURCE SURFACE FROM DISK
1430847.758	Study_Phase.SEQUENCE.Study_Instruction	LOADING RESOURCE SURFACE FROM DISK
1439100.573	Study_Phase.SEQUENCE.Study_Instruction	LOADING RESOURCE SURFACE FROM DISK
1439136.955	Study_Phase.SEQUENCE.Study_Instruction	LOADING RESOURCE SURFACE FROM DISK
1447400.522	Study_Phase.SEQUENCE.Study_Instruction	LOADING RESOURCE SURFACE FROM DISK
1447402.616	Study_Phase.SEQUENCE.Study_Instruction	LOADING RESOURCE SURFACE FROM DISK
1455647.623	Study_Phase.SEQUENCE.Study_Instruction	LOADING RESOURCE SURFACE FROM DISK
1463883.831	Study_Phase.SEQUENCE.Study_Instruction	LOADING RESOURCE SURFACE FROM DISK
1463885.982	Study_Phase.SEQUENCE.Study_Instruction	LOADING RESOURCE SURFACE FROM DISK
1472146.656	Study_Phase.SEQUENCE.Study_Instruction	LOADING RESOURCE SURFACE FROM DISK
1480396.869	Study_Phase.SEQUENCE.Study_Instruction	LOADING RESOURCE SURFACE FROM DISK
1488647.804	Study_Phase.SEQUENCE.Study_Instruction	LOADING RESOURCE SURFACE FROM DISK
1496896.785	Study_Phase.SEQUENCE.Study_Instruction	LOADING RESOURCE SURFACE FROM DISK
1505150.349	Study_Phase.SEQUENCE.Study_Instruction	LOADING RESOURCE SURFACE FROM DISK
1505152.375	Study_Phase.SEQUENCE.Study_Instruction	LOADING RESOURCE SURFACE FROM DISK
1513417.081	Study_Phase.SEQUENCE.Study_Instruction	LOADING RESOURCE SURFACE FROM DISK
1513419.218	Study_Phase.SEQUENCE.Study_Instruction	LOADING RESOURCE SURFACE FROM DISK
1521680.192	Study_Phase.SEQUENCE.Study_Instruction	LOADING RESOURCE SURFACE FROM DISK
1529933.745	Study_Phase.SEQUENCE.Study_Instruction	LOADING RESOURCE SURFACE FROM DISK
1529935.8	Study_Phase.SEQUENCE.Study_Instruction	LOADING RESOURCE SURFACE FROM DISK
1538197.582	Study_Phase.SEQUENCE.Study_Instruction	LOADING RESOURCE SURFACE FROM DISK
1546450.44	Study_Phase.SEQUENCE.Study_Instruction	LOADING RESOURCE SURFACE FROM DISK
1546452.518	Study_Phase.SEQUENCE.Study_Instruction	LOADING RESOURCE SURFACE FROM DISK
1554713.315	Study_Phase.SEQUENCE.Study_Instruction	LOADING RESOURCE SURFACE FROM DISK
1562964.345	Study_Phase.SEQUENCE.Study_Instruction	LOADING RESOURCE SURFACE FROM DISK
1571196.678	Study_Phase.SEQUENCE.Study_Instruction	LOADING RESOURCE SURFACE FROM DISK
1579446.692	Study_Phase.SEQUENCE.Study_Instruction	LOADING RESOURCE SURFACE FROM DISK
1587696.642	Study_Phase.SEQUENCE.Study_Instruction	LOADING RESOURCE SURFACE FROM DISK
1595946.78	Study_Phase.SEQUENCE.Study_Instruction	LOADING RESOURCE SURFACE FROM DISK
1600671.511	DISPLAY_SCREEN[7]	LOADING RESOURCE SURFACE FROM DISK
1715796.369	Test_Phase.SEQUENCE.Target_Cue	LOADING RESOURCE SURFACE FROM DISK
1715798.16	Test_Phase.SEQUENCE.Target_Cue	LOADING RESOURCE SURFACE FROM DISK
1717813.495	Test_Phase.SEQUENCE.Word	LOADING RESOURCE SURFACE FROM DISK
1720829.67	Test_Phase.SEQUENCE.Test_Question	LOADING RESOURCE SURFACE FROM DISK
1720831.274	Test_Phase.SEQUENCE.Test_Question	LOADING RESOURCE SURFACE FROM DISK
1720832.9	Test_Phase.SEQUENCE.Test_Question	LOADING RESOURCE SURFACE FROM DISK
1720834.513	Test_Phase.SEQUENCE.Test_Question	LOADING RESOURCE SURFACE FROM DISK
1720836.001	Test_Phase.SEQUENCE.Test_Question	LOADING RESOURCE SURFACE FROM DISK
1720837.567	Test_Phase.SEQUENCE.Test_Question	LOADING RESOURCE SURFACE FROM DISK
1720839.077	Test_Phase.SEQUENCE.Test_Question	LOADING RESOURCE SURFACE FROM DISK
1720840.609	Test_Phase.SEQUENCE.Test_Question	LOADING RESOURCE SURFACE FROM DISK
1720842.083	Test_Phase.SEQUENCE.Test_Question	LOADING RESOURCE SURFACE FROM DISK
1720843.592	Test_Phase.SEQUENCE.Test_Question	LOADING RESOURCE SURFACE FROM DISK
1720845.139	Test_Phase.SEQUENCE.Test_Question	LOADING RESOURCE SURFACE FROM DISK
1720846.618	Test_Phase.SEQUENCE.Test_Question	LOADING RESOURCE SURFACE FROM DISK
1728380.178	Test_Phase.SEQUENCE.Word	LOADING RESOURCE SURFACE FROM DISK
1740646.715	Test_Phase.SEQUENCE.Word	LOADING RESOURCE SURFACE FROM DISK
1749213.505	Test_Phase.SEQUENCE.Word	LOADING RESOURCE SURFACE FROM DISK
1758446.732	Test_Phase.SEQUENCE.Word	LOADING RESOURCE SURFACE FROM DISK
1769396.89	Test_Phase.SEQUENCE.Word	LOADING RESOURCE SURFACE FROM DISK
1778880.148	Test_Phase.SEQUENCE.Word	LOADING RESOURCE SURFACE FROM DISK
1786713.413	Test_Phase.SEQUENCE.Word	LOADING RESOURCE SURFACE FROM DISK
1796980.074	Test_Phase.SEQUENCE.Word	LOADING RESOURCE SURFACE FROM DISK
1805780.255	Test_Phase.SEQUENCE.Word	LOADING RESOURCE SURFACE FROM DISK
1813830.217	Test_Phase.SEQUENCE.Word	LOADING RESOURCE SURFACE FROM DISK
1821963.553	Test_Phase.SEQUENCE.Word	LOADING RESOURCE SURFACE FROM DISK
1830413.621	Test_Phase.SEQUENCE.Word	LOADING RESOURCE SURFACE FROM DISK
1839630.25	Test_Phase.SEQUENCE.Word	LOADING RESOURCE SURFACE FROM DISK
1848996.621	Test_Phase.SEQUENCE.Word	LOADING RESOURCE SURFACE FROM DISK
1857763.691	Test_Phase.SEQUENCE.Word	LOADING RESOURCE SURFACE FROM DISK
1868263.323	Test_Phase.SEQUENCE.Word	LOADING RESOURCE SURFACE FROM DISK
1877880.211	Test_Phase.SEQUENCE.Word	LOADING RESOURCE SURFACE FROM DISK
1887430.108	Test_Phase.SEQUENCE.Word	LOADING RESOURCE SURFACE FROM DISK
1895496.881	Test_Phase.SEQUENCE.Word	LOADING RESOURCE SURFACE FROM DISK
1906630.381	Test_Phase.SEQUENCE.Word	LOADING RESOURCE SURFACE FROM DISK
1916430.182	Test_Phase.SEQUENCE.Word	LOADING RESOURCE SURFACE FROM DISK
1924813.634	Test_Phase.SEQUENCE.Word	LOADING RESOURCE SURFACE FROM DISK
1933946.797	Test_Phase.SEQUENCE.Word	LOADING RESOURCE SURFACE FROM DISK
1942313.341	Test_Phase.SEQUENCE.Word	LOADING RESOURCE SURFACE FROM DISK
1950846.874	Test_Phase.SEQUENCE.Word	LOADING RESOURCE SURFACE FROM DISK
1958763.424	Test_Phase.SEQUENCE.Word	LOADING RESOURCE SURFACE FROM DISK
1967096.889	Test_Phase.SEQUENCE.Word	LOADING RESOURCE SURFACE FROM DISK
1975313.484	Test_Phase.SEQUENCE.Word	LOADING RESOURCE SURFACE FROM DISK
1983222.995	Test_Phase.SEQUENCE.Word	LOADING RESOURCE SURFACE FROM DISK
1991896.769	Test_Phase.SEQUENCE.Word	LOADING RESOURCE SURFACE FROM DISK
1999896.94	Test_Phase.SEQUENCE.Word	LOADING RESOURCE SURFACE FROM DISK
2008396.978	Test_Phase.SEQUENCE.Word	LOADING RESOURCE SURFACE FROM DISK
2016430.321	Test_Phase.SEQUENCE.Word	LOADING RESOURCE SURFACE FROM DISK
2024363.518	Test_Phase.SEQUENCE.Word	LOADING RESOURCE SURFACE FROM DISK
2032547.011	Test_Phase.SEQUENCE.Word	LOADING RESOURCE SURFACE FROM DISK
2040580.15	Test_Phase.SEQUENCE.Word	LOADING RESOURCE SURFACE FROM DISK
2048713.395	Test_Phase.SEQUENCE.Word	LOADING RESOURCE SURFACE FROM DISK
2056696.816	Test_Phase.SEQUENCE.Word	LOADING RESOURCE SURFACE FROM DISK
2065346.847	Test_Phase.SEQUENCE.Word	LOADING RESOURCE SURFACE FROM DISK
2073796.726	Test_Phase.SEQUENCE.Word	LOADING RESOURCE SURFACE FROM DISK
2082680.42	Test_Phase.SEQUENCE.Word	LOADING RESOURCE SURFACE FROM DISK
2091613.421	Test_Phase.SEQUENCE.Word	LOADING RESOURCE SURFACE FROM DISK
2100163.359	Test_Phase.SEQUENCE.Word	LOADING RESOURCE SURFACE FROM DISK
2108346.796	Test_Phase.SEQUENCE.Word	LOADING RESOURCE SURFACE FROM DISK
2116546.939	Test_Phase.SEQUENCE.Word	LOADING RESOURCE SURFACE FROM DISK
2124446.708	Test_Phase.SEQUENCE.Word	LOADING RESOURCE SURFACE FROM DISK
2132580.204	Test_Phase.SEQUENCE.Word	LOADING RESOURCE SURFACE FROM DISK
2142396.775	Test_Phase.SEQUENCE.Word	LOADING RESOURCE SURFACE FROM DISK
2151980.19	Test_Phase.SEQUENCE.Word	LOADING RESOURCE SURFACE FROM DISK
2160030.179	Test_Phase.SEQUENCE.Word	LOADING RESOURCE SURFACE FROM DISK
2168963.435	Test_Phase.SEQUENCE.Word	LOADING RESOURCE SURFACE FROM DISK
2177063.448	Test_Phase.SEQUENCE.Word	LOADING RESOURCE SURFACE FROM DISK
2186966.765	Test_Phase.SEQUENCE.Word	LOADING RESOURCE SURFACE FROM DISK
2195346.975	Test_Phase.SEQUENCE.Word	LOADING RESOURCE SURFACE FROM DISK
2203663.548	Test_Phase.SEQUENCE.Word	LOADING RESOURCE SURFACE FROM DISK
2212313.435	Test_Phase.SEQUENCE.Word	LOADING RESOURCE SURFACE FROM DISK
2220830.075	Test_Phase.SEQUENCE.Word	LOADING RESOURCE SURFACE FROM DISK
2230680.913	Test_Phase.SEQUENCE.Word	LOADING RESOURCE SURFACE FROM DISK
2238930.229	Test_Phase.SEQUENCE.Word	LOADING RESOURCE SURFACE FROM DISK
2247130.181	Test_Phase.SEQUENCE.Word	LOADING RESOURCE SURFACE FROM DISK
2255096.906	Test_Phase.SEQUENCE.Word	LOADING RESOURCE SURFACE FROM DISK
2267680.176	Test_Phase.SEQUENCE.Word	LOADING RESOURCE SURFACE FROM DISK
2276113.415	Test_Phase.SEQUENCE.Word	LOADING RESOURCE SURFACE FROM DISK
2285096.824	Test_Phase.SEQUENCE.Word	LOADING RESOURCE SURFACE FROM DISK
2293330.08	Test_Phase.SEQUENCE.Word	LOADING RESOURCE SURFACE FROM DISK
2302146.969	Test_Phase.SEQUENCE.Word	LOADING RESOURCE SURFACE FROM DISK
2310046.703	Test_Phase.SEQUENCE.Word	LOADING RESOURCE SURFACE FROM DISK
2318780.147	Test_Phase.SEQUENCE.Word	LOADING RESOURCE SURFACE FROM DISK
2329080.44	Test_Phase.SEQUENCE.Word	LOADING RESOURCE SURFACE FROM DISK
2337163.349	Test_Phase.SEQUENCE.Word	LOADING RESOURCE SURFACE FROM DISK
2347446.849	Test_Phase.SEQUENCE.Word	LOADING RESOURCE SURFACE FROM DISK
2356896.966	Test_Phase.SEQUENCE.Word	LOADING RESOURCE SURFACE FROM DISK
2365263.311	Test_Phase.SEQUENCE.Word	LOADING RESOURCE SURFACE FROM DISK
2374046.66	Test_Phase.SEQUENCE.Word	LOADING RESOURCE SURFACE FROM DISK
2382846.655	Test_Phase.SEQUENCE.Word	LOADING RESOURCE SURFACE FROM DISK
2391730.169	Test_Phase.SEQUENCE.Word	LOADING RESOURCE SURFACE FROM DISK
2400346.847	Test_Phase.SEQUENCE.Word	LOADING RESOURCE SURFACE FROM DISK
2409863.571	Test_Phase.SEQUENCE.Word	LOADING RESOURCE SURFACE FROM DISK
2418880.1	Test_Phase.SEQUENCE.Word	LOADING RESOURCE SURFACE FROM DISK
2429596.828	Test_Phase.SEQUENCE.Word	LOADING RESOURCE SURFACE FROM DISK
2438596.76	Test_Phase.SEQUENCE.Word	LOADING RESOURCE SURFACE FROM DISK
2446780.07	Test_Phase.SEQUENCE.Word	LOADING RESOURCE SURFACE FROM DISK
2455730.155	Test_Phase.SEQUENCE.Word	LOADING RESOURCE SURFACE FROM DISK
2463996.816	Test_Phase.SEQUENCE.Word	LOADING RESOURCE SURFACE FROM DISK
2472330.264	Test_Phase.SEQUENCE.Word	LOADING RESOURCE SURFACE FROM DISK
2483746.851	Test_Phase.SEQUENCE.Word	LOADING RESOURCE SURFACE FROM DISK
2493463.738	Test_Phase.SEQUENCE.Word	LOADING RESOURCE SURFACE FROM DISK
2501730.334	Test_Phase.SEQUENCE.Word	LOADING RESOURCE SURFACE FROM DISK
2509780.239	Test_Phase.SEQUENCE.Word	LOADING RESOURCE SURFACE FROM DISK
2518130.179	Test_Phase.SEQUENCE.Word	LOADING RESOURCE SURFACE FROM DISK
2526396.786	Test_Phase.SEQUENCE.Word	LOADING RESOURCE SURFACE FROM DISK
2536530.225	Test_Phase.SEQUENCE.Word	LOADING RESOURCE SURFACE FROM DISK
2544530.245	Test_Phase.SEQUENCE.Word	LOADING RESOURCE SURFACE FROM DISK
2552846.873	Test_Phase.SEQUENCE.Word	LOADING RESOURCE SURFACE FROM DISK
2563896.856	Test_Phase.SEQUENCE.Word	LOADING RESOURCE SURFACE FROM DISK
2572213.576	Test_Phase.SEQUENCE.Word	LOADING RESOURCE SURFACE FROM DISK
2581196.912	Test_Phase.SEQUENCE.Word	LOADING RESOURCE SURFACE FROM DISK
2589280.131	Test_Phase.SEQUENCE.Word	LOADING RESOURCE SURFACE FROM DISK
2597413.406	Test_Phase.SEQUENCE.Word	LOADING RESOURCE SURFACE FROM DISK
2606546.807	Test_Phase.SEQUENCE.Word	LOADING RESOURCE SURFACE FROM DISK
2614580.106	Test_Phase.SEQUENCE.Word	LOADING RESOURCE SURFACE FROM DISK
2623080.093	Test_Phase.SEQUENCE.Word	LOADING RESOURCE SURFACE FROM DISK
2631163.313	Test_Phase.SEQUENCE.Word	LOADING RESOURCE SURFACE FROM DISK
2641446.85	Test_Phase.SEQUENCE.Word	LOADING RESOURCE SURFACE FROM DISK
2649630.07	Test_Phase.SEQUENCE.Word	LOADING RESOURCE SURFACE FROM DISK
2657796.819	Test_Phase.SEQUENCE.Word	LOADING RESOURCE SURFACE FROM DISK
2668163.386	Test_Phase.SEQUENCE.Word	LOADING RESOURCE SURFACE FROM DISK
2676296.72	Test_Phase.SEQUENCE.Word	LOADING RESOURCE SURFACE FROM DISK
2684796.859	Test_Phase.SEQUENCE.Word	LOADING RESOURCE SURFACE FROM DISK
2693063.4	Test_Phase.SEQUENCE.Word	LOADING RESOURCE SURFACE FROM DISK
2704530.307	Test_Phase.SEQUENCE.Word	LOADING RESOURCE SURFACE FROM DISK
2712513.755	Test_Phase.SEQUENCE.Word	LOADING RESOURCE SURFACE FROM DISK
2720563.561	Test_Phase.SEQUENCE.Word	LOADING RESOURCE SURFACE FROM DISK
2728463.384	Test_Phase.SEQUENCE.Word	LOADING RESOURCE SURFACE FROM DISK
2736330.014	Test_Phase.SEQUENCE.Word	LOADING RESOURCE SURFACE FROM DISK
2745063.288	Test_Phase.SEQUENCE.Word	LOADING RESOURCE SURFACE FROM DISK
2753230.189	Test_Phase.SEQUENCE.Word	LOADING RESOURCE SURFACE FROM DISK
2761996.91	Test_Phase.SEQUENCE.Word	LOADING RESOURCE SURFACE FROM DISK
2770046.72	Test_Phase.SEQUENCE.Word	LOADING RESOURCE SURFACE FROM DISK
2778380.203	Test_Phase.SEQUENCE.Word	LOADING RESOURCE SURFACE FROM DISK
2789113.427	Test_Phase.SEQUENCE.Word	LOADING RESOURCE SURFACE FROM DISK
2797313.896	Test_Phase.SEQUENCE.Word	LOADING RESOURCE SURFACE FROM DISK
2808446.919	Test_Phase.SEQUENCE.Word	LOADING RESOURCE SURFACE FROM DISK
2819246.92	Test_Phase.SEQUENCE.Word	LOADING RESOURCE SURFACE FROM DISK
2828080.231	Test_Phase.SEQUENCE.Word	LOADING RESOURCE SURFACE FROM DISK
2836430.252	Test_Phase.SEQUENCE.Word	LOADING RESOURCE SURFACE FROM DISK
2844346.684	Test_Phase.SEQUENCE.Word	LOADING RESOURCE SURFACE FROM DISK
2853047.21	Test_Phase.SEQUENCE.Word	LOADING RESOURCE SURFACE FROM DISK
2861296.856	Test_Phase.SEQUENCE.Word	LOADING RESOURCE SURFACE FROM DISK
2869596.87	Test_Phase.SEQUENCE.Word	LOADING RESOURCE SURFACE FROM DISK
2877746.793	Test_Phase.SEQUENCE.Word	LOADING RESOURCE SURFACE FROM DISK
2886796.928	Test_Phase.SEQUENCE.Word	LOADING RESOURCE SURFACE FROM DISK
2894646.843	Test_Phase.SEQUENCE.Word	LOADING RESOURCE SURFACE FROM DISK
2902596.613	Test_Phase.SEQUENCE.Word	LOADING RESOURCE SURFACE FROM DISK
2912746.703	Test_Phase.SEQUENCE.Word	LOADING RESOURCE SURFACE FROM DISK
2920880.216	Test_Phase.SEQUENCE.Word	LOADING RESOURCE SURFACE FROM DISK
2930496.989	Test_Phase.SEQUENCE.Word	LOADING RESOURCE SURFACE FROM DISK
2941230.267	Test_Phase.SEQUENCE.Word	LOADING RESOURCE SURFACE FROM DISK
2950596.653	Test_Phase.SEQUENCE.Word	LOADING RESOURCE SURFACE FROM DISK
2960880.169	Test_Phase.SEQUENCE.Word	LOADING RESOURCE SURFACE FROM DISK
2971713.597	Test_Phase.SEQUENCE.Word	LOADING RESOURCE SURFACE FROM DISK
2979630.288	Test_Phase.SEQUENCE.Word	LOADING RESOURCE SURFACE FROM DISK
2988130.443	Test_Phase.SEQUENCE.Word	LOADING RESOURCE SURFACE FROM DISK
2996030.134	Test_Phase.SEQUENCE.Word	LOADING RESOURCE SURFACE FROM DISK
3004096.817	Test_Phase.SEQUENCE.Word	LOADING RESOURCE SURFACE FROM DISK
3013413.486	Test_Phase.SEQUENCE.Word	LOADING RESOURCE SURFACE FROM DISK
3021713.298	Test_Phase.SEQUENCE.Word	LOADING RESOURCE SURFACE FROM DISK
3030147.011	Test_Phase.SEQUENCE.Word	LOADING RESOURCE SURFACE FROM DISK
3038346.742	Test_Phase.SEQUENCE.Word	LOADING RESOURCE SURFACE FROM DISK
3046480.183	Test_Phase.SEQUENCE.Word	LOADING RESOURCE SURFACE FROM DISK
3054363.328	Test_Phase.SEQUENCE.Word	LOADING RESOURCE SURFACE FROM DISK
3062813.283	Test_Phase.SEQUENCE.Word	LOADING RESOURCE SURFACE FROM DISK
3070796.902	Test_Phase.SEQUENCE.Word	LOADING RESOURCE SURFACE FROM DISK
3079480.243	Test_Phase.SEQUENCE.Word	LOADING RESOURCE SURFACE FROM DISK
3089313.637	Test_Phase.SEQUENCE.Word	LOADING RESOURCE SURFACE FROM DISK
3098646.733	Test_Phase.SEQUENCE.Word	LOADING RESOURCE SURFACE FROM DISK
3106946.968	Test_Phase.SEQUENCE.Word	LOADING RESOURCE SURFACE FROM DISK
3115613.398	Test_Phase.SEQUENCE.Word	LOADING RESOURCE SURFACE FROM DISK
3123480.217	Test_Phase.SEQUENCE.Word	LOADING RESOURCE SURFACE FROM DISK
3135630.25	Test_Phase.SEQUENCE.Word	LOADING RESOURCE SURFACE FROM DISK
3144463.358	Test_Phase.SEQUENCE.Word	LOADING RESOURCE SURFACE FROM DISK
3152780.294	Test_Phase.SEQUENCE.Word	LOADING RESOURCE SURFACE FROM DISK
3161330.138	Test_Phase.SEQUENCE.Word	LOADING RESOURCE SURFACE FROM DISK
3169446.872	Test_Phase.SEQUENCE.Word	LOADING RESOURCE SURFACE FROM DISK
3177346.827	Test_Phase.SEQUENCE.Word	LOADING RESOURCE SURFACE FROM DISK
3185380.164	Test_Phase.SEQUENCE.Word	LOADING RESOURCE SURFACE FROM DISK
3194096.835	Test_Phase.SEQUENCE.Word	LOADING RESOURCE SURFACE FROM DISK
3202413.648	Test_Phase.SEQUENCE.Word	LOADING RESOURCE SURFACE FROM DISK
3210546.655	Test_Phase.SEQUENCE.Word	LOADING RESOURCE SURFACE FROM DISK
3218930.072	Test_Phase.SEQUENCE.Word	LOADING RESOURCE SURFACE FROM DISK
3229096.864	Test_Phase.SEQUENCE.Word	LOADING RESOURCE SURFACE FROM DISK
3238796.871	Test_Phase.SEQUENCE.Word	LOADING RESOURCE SURFACE FROM DISK
3246846.666	Test_Phase.SEQUENCE.Word	LOADING RESOURCE SURFACE FROM DISK
3256330.264	Test_Phase.SEQUENCE.Word	LOADING RESOURCE SURFACE FROM DISK
3264413.323	Test_Phase.SEQUENCE.Word	LOADING RESOURCE SURFACE FROM DISK
3272446.887	Test_Phase.SEQUENCE.Word	LOADING RESOURCE SURFACE FROM DISK
3280546.841	Test_Phase.SEQUENCE.Word	LOADING RESOURCE SURFACE FROM DISK
3288430.137	Test_Phase.SEQUENCE.Word	LOADING RESOURCE SURFACE FROM DISK
3296446.741	Test_Phase.SEQUENCE.Word	LOADING RESOURCE SURFACE FROM DISK
3304180.029	Test_Phase.SEQUENCE.Word	LOADING RESOURCE SURFACE FROM DISK
3313497.017	Test_Phase.SEQUENCE.Word	LOADING RESOURCE SURFACE FROM DISK
3321679.878	Test_Phase.SEQUENCE.Word	LOADING RESOURCE SURFACE FROM DISK
3329663.357	Test_Phase.SEQUENCE.Word	LOADING RESOURCE SURFACE FROM DISK
3339696.734	Test_Phase.SEQUENCE.Word	LOADING RESOURCE SURFACE FROM DISK
3347930.116	Test_Phase.SEQUENCE.Word	LOADING RESOURCE SURFACE FROM DISK
3355796.705	Test_Phase.SEQUENCE.Word	LOADING RESOURCE SURFACE FROM DISK
3363696.768	Test_Phase.SEQUENCE.Word	LOADING RESOURCE SURFACE FROM DISK
3372246.866	Test_Phase.SEQUENCE.Word	LOADING RESOURCE SURFACE FROM DISK
3380396.873	Test_Phase.SEQUENCE.Word	LOADING RESOURCE SURFACE FROM DISK
3388313.59	Test_Phase.SEQUENCE.Word	LOADING RESOURCE SURFACE FROM DISK
3397780.117	Test_Phase.SEQUENCE.Word	LOADING RESOURCE SURFACE FROM DISK
3416413.497	Test_Phase.SEQUENCE.Word	LOADING RESOURCE SURFACE FROM DISK
3425446.668	Test_Phase.SEQUENCE.Word	LOADING RESOURCE SURFACE FROM DISK
3433396.849	Test_Phase.SEQUENCE.Word	LOADING RESOURCE SURFACE FROM DISK
3442563.379	Test_Phase.SEQUENCE.Word	LOADING RESOURCE SURFACE FROM DISK
3451163.563	Test_Phase.SEQUENCE.Word	LOADING RESOURCE SURFACE FROM DISK
3458913.66	Test_Phase.SEQUENCE.Word	LOADING RESOURCE SURFACE FROM DISK
3467013.442	Test_Phase.SEQUENCE.Word	LOADING RESOURCE SURFACE FROM DISK
3475340.495	DISPLAY_SCREEN	LOADING RESOURCE SURFACE FROM DISK
