5356.391	DISPLAY_SCREEN[1]	LOADING RESOURCE SURFACE FROM DISK
264396.336	Familiarization_Phase.SEQUENCE.Cue_and_Instruction	LOADING RESOURCE SURFACE FROM DISK
264406.285	Familiarization_Phase.SEQUENCE.Cue_and_Instruction	LOADING RESOURCE SURFACE FROM DISK
270483.566	Familiarization_Phase.SEQUENCE.Cue_and_Instruction	LOADING RESOURCE SURFACE FROM DISK
270499.877	Familiarization_Phase.SEQUENCE.Cue_and_Instruction	LOADING RESOURCE SURFACE FROM DISK
276546.6	Familiarization_Phase.SEQUENCE.Cue_and_Instruction	LOADING RESOURCE SURFACE FROM DISK
276586.106	Familiarization_Phase.SEQUENCE.Cue_and_Instruction	LOADING RESOURCE SURFACE FROM DISK
318993.171	DISPLAY_SCREEN[3]	LOADING RESOURCE SURFACE FROM DISK
322675.812	DISPLAY_SCREEN[5]	LOADING RESOURCE SURFACE FROM DISK
480214.952	Practice_Phase.SEQUENCE.Blink_Screen	LOADING RESOURCE SURFACE FROM DISK
480216.081	Practice_Phase.SEQUENCE.Blink_Screen	flip time is later than desired time. Desired Time=479959 Flip Time=480225 Retrace Rate=16.641, prepareTime=281 flip request time 480215
481444.917	Practice_Phase.SEQUENCE.Practice_Luminance_Cue	LOADING RESOURCE SURFACE FROM DISK
481462.759	Practice_Phase.SEQUENCE.Practice_Luminance_Cue	LOADING RESOURCE SURFACE FROM DISK
481464.157	Practice_Phase.SEQUENCE.Practice_Luminance_Cue	flip time is later than desired time. Desired Time=481425 Flip Time=481475 Retrace Rate=16.641, prepareTime=62 flip request time 481464
481997.504	Practice_Phase.SEQUENCE.DISPLAY_SCREEN	LOADING RESOURCE SURFACE FROM DISK
481999.506	Practice_Phase.SEQUENCE.DISPLAY_SCREEN	flip time is later than desired time. Desired Time=481975 Flip Time=482009 Retrace Rate=16.641, prepareTime=48 flip request time 481999
483522.733	Practice_Phase.SEQUENCE.Practice_Instruction	LOADING RESOURCE SURFACE FROM DISK
483524.042	Practice_Phase.SEQUENCE.Practice_Instruction	flip time is later than desired time. Desired Time=483509 Flip Time=483542 Retrace Rate=16.641, prepareTime=39 flip request time 483523
490090.582	Practice_Phase.SEQUENCE.DISPLAY_SCREEN	LOADING RESOURCE SURFACE FROM DISK
491622.412	Practice_Phase.SEQUENCE.Practice_Instruction	LOADING RESOURCE SURFACE FROM DISK
491623.758	Practice_Phase.SEQUENCE.Practice_Instruction	flip time is later than desired time. Desired Time=491609 Flip Time=491642 Retrace Rate=16.641, prepareTime=38 flip request time 491623
498232.737	Practice_Phase.SEQUENCE.DISPLAY_SCREEN	LOADING RESOURCE SURFACE FROM DISK
498234.418	Practice_Phase.SEQUENCE.DISPLAY_SCREEN	flip time is later than desired time. Desired Time=498209 Flip Time=498242 Retrace Rate=16.641, prepareTime=49 flip request time 498234
499720.697	Practice_Phase.SEQUENCE.Practice_Instruction	LOADING RESOURCE SURFACE FROM DISK
506290.297	Practice_Phase.SEQUENCE.DISPLAY_SCREEN	LOADING RESOURCE SURFACE FROM DISK
507787.278	Practice_Phase.SEQUENCE.Practice_Instruction	LOADING RESOURCE SURFACE FROM DISK
514356.784	Practice_Phase.SEQUENCE.DISPLAY_SCREEN	LOADING RESOURCE SURFACE FROM DISK
515893.726	Practice_Phase.SEQUENCE.Practice_Instruction	LOADING RESOURCE SURFACE FROM DISK
515895.159	Practice_Phase.SEQUENCE.Practice_Instruction	flip time is later than desired time. Desired Time=515875 Flip Time=515909 Retrace Rate=16.641, prepareTime=43 flip request time 515895
522457.197	Practice_Phase.SEQUENCE.DISPLAY_SCREEN	LOADING RESOURCE SURFACE FROM DISK
523968.446	Practice_Phase.SEQUENCE.Practice_Instruction	LOADING RESOURCE SURFACE FROM DISK
523969.944	Practice_Phase.SEQUENCE.Practice_Instruction	flip time is later than desired time. Desired Time=523975 Flip Time=523992 Retrace Rate=16.641, prepareTime=18 flip request time 523969
530540.397	Practice_Phase.SEQUENCE.DISPLAY_SCREEN	LOADING RESOURCE SURFACE FROM DISK
532072.092	Practice_Phase.SEQUENCE.Practice_Instruction	LOADING RESOURCE SURFACE FROM DISK
532073.448	Practice_Phase.SEQUENCE.Practice_Instruction	flip time is later than desired time. Desired Time=532059 Flip Time=532092 Retrace Rate=16.641, prepareTime=38 flip request time 532073
538640.381	Practice_Phase.SEQUENCE.DISPLAY_SCREEN	LOADING RESOURCE SURFACE FROM DISK
540176.56	Practice_Phase.SEQUENCE.Practice_Instruction	LOADING RESOURCE SURFACE FROM DISK
540177.969	Practice_Phase.SEQUENCE.Practice_Instruction	flip time is later than desired time. Desired Time=540159 Flip Time=540192 Retrace Rate=16.641, prepareTime=42 flip request time 540177
546740.341	Practice_Phase.SEQUENCE.DISPLAY_SCREEN	LOADING RESOURCE SURFACE FROM DISK
548276.258	Practice_Phase.SEQUENCE.Practice_Instruction	LOADING RESOURCE SURFACE FROM DISK
548277.593	Practice_Phase.SEQUENCE.Practice_Instruction	flip time is later than desired time. Desired Time=548259 Flip Time=548292 Retrace Rate=16.641, prepareTime=42 flip request time 548277
552952.122	DISPLAY_SCREEN[2]	LOADING RESOURCE SURFACE FROM DISK
657348.596	Study_Phase.SEQUENCE.DISPLAY_SCREEN	LOADING RESOURCE SURFACE FROM DISK
658878.611	Study_Phase.SEQUENCE.Study_Instruction	LOADING RESOURCE SURFACE FROM DISK
667188.042	Study_Phase.SEQUENCE.Study_Instruction	LOADING RESOURCE SURFACE FROM DISK
673931.832	Study_Phase.SEQUENCE.DISPLAY_SCREEN	LOADING RESOURCE SURFACE FROM DISK
675479.503	Study_Phase.SEQUENCE.Study_Instruction	LOADING RESOURCE SURFACE FROM DISK
682231.919	Study_Phase.SEQUENCE.DISPLAY_SCREEN	LOADING RESOURCE SURFACE FROM DISK
683785.779	Study_Phase.SEQUENCE.Study_Instruction	LOADING RESOURCE SURFACE FROM DISK
692098.327	Study_Phase.SEQUENCE.Study_Instruction	LOADING RESOURCE SURFACE FROM DISK
698848.61	Study_Phase.SEQUENCE.DISPLAY_SCREEN	LOADING RESOURCE SURFACE FROM DISK
700402.591	Study_Phase.SEQUENCE.Study_Instruction	LOADING RESOURCE SURFACE FROM DISK
708645.834	Study_Phase.SEQUENCE.Study_Instruction	LOADING RESOURCE SURFACE FROM DISK
716878.663	Study_Phase.SEQUENCE.Study_Instruction	LOADING RESOURCE SURFACE FROM DISK
725163.382	Study_Phase.SEQUENCE.Study_Instruction	LOADING RESOURCE SURFACE FROM DISK
731898.634	Study_Phase.SEQUENCE.DISPLAY_SCREEN	LOADING RESOURCE SURFACE FROM DISK
733450.73	Study_Phase.SEQUENCE.Study_Instruction	LOADING RESOURCE SURFACE FROM DISK
741762.455	Study_Phase.SEQUENCE.Study_Instruction	LOADING RESOURCE SURFACE FROM DISK
748515.421	Study_Phase.SEQUENCE.DISPLAY_SCREEN	LOADING RESOURCE SURFACE FROM DISK
750029.226	Study_Phase.SEQUENCE.Study_Instruction	LOADING RESOURCE SURFACE FROM DISK
756781.825	Study_Phase.SEQUENCE.DISPLAY_SCREEN	LOADING RESOURCE SURFACE FROM DISK
758296.011	Study_Phase.SEQUENCE.Study_Instruction	LOADING RESOURCE SURFACE FROM DISK
765048.732	Study_Phase.SEQUENCE.DISPLAY_SCREEN	LOADING RESOURCE SURFACE FROM DISK
766562.7	Study_Phase.SEQUENCE.Study_Instruction	LOADING RESOURCE SURFACE FROM DISK
774829.352	Study_Phase.SEQUENCE.Study_Instruction	LOADING RESOURCE SURFACE FROM DISK
781565.252	Study_Phase.SEQUENCE.DISPLAY_SCREEN	LOADING RESOURCE SURFACE FROM DISK
783079.221	Study_Phase.SEQUENCE.Study_Instruction	LOADING RESOURCE SURFACE FROM DISK
791371.166	Study_Phase.SEQUENCE.Study_Instruction	LOADING RESOURCE SURFACE FROM DISK
798131.9	Study_Phase.SEQUENCE.DISPLAY_SCREEN	LOADING RESOURCE SURFACE FROM DISK
799681.863	Study_Phase.SEQUENCE.Study_Instruction	LOADING RESOURCE SURFACE FROM DISK
806431.833	Study_Phase.SEQUENCE.DISPLAY_SCREEN	LOADING RESOURCE SURFACE FROM DISK
807945.854	Study_Phase.SEQUENCE.Study_Instruction	LOADING RESOURCE SURFACE FROM DISK
814698.461	Study_Phase.SEQUENCE.DISPLAY_SCREEN	LOADING RESOURCE SURFACE FROM DISK
816241.457	Study_Phase.SEQUENCE.Study_Instruction	LOADING RESOURCE SURFACE FROM DISK
824553.191	Study_Phase.SEQUENCE.Study_Instruction	LOADING RESOURCE SURFACE FROM DISK
831315.049	Study_Phase.SEQUENCE.DISPLAY_SCREEN	LOADING RESOURCE SURFACE FROM DISK
832872.127	Study_Phase.SEQUENCE.Study_Instruction	LOADING RESOURCE SURFACE FROM DISK
839632.122	Study_Phase.SEQUENCE.DISPLAY_SCREEN	LOADING RESOURCE SURFACE FROM DISK
841146.064	Study_Phase.SEQUENCE.Study_Instruction	LOADING RESOURCE SURFACE FROM DISK
847898.604	Study_Phase.SEQUENCE.DISPLAY_SCREEN	LOADING RESOURCE SURFACE FROM DISK
849446.418	Study_Phase.SEQUENCE.Study_Instruction	LOADING RESOURCE SURFACE FROM DISK
857749.449	Study_Phase.SEQUENCE.Study_Instruction	LOADING RESOURCE SURFACE FROM DISK
866034.906	Study_Phase.SEQUENCE.Study_Instruction	LOADING RESOURCE SURFACE FROM DISK
874312.659	Study_Phase.SEQUENCE.Study_Instruction	LOADING RESOURCE SURFACE FROM DISK
882614.098	Study_Phase.SEQUENCE.Study_Instruction	LOADING RESOURCE SURFACE FROM DISK
889365.278	Study_Phase.SEQUENCE.DISPLAY_SCREEN	LOADING RESOURCE SURFACE FROM DISK
890914.401	Study_Phase.SEQUENCE.Study_Instruction	LOADING RESOURCE SURFACE FROM DISK
897665.014	Study_Phase.SEQUENCE.DISPLAY_SCREEN	LOADING RESOURCE SURFACE FROM DISK
899221.326	Study_Phase.SEQUENCE.Study_Instruction	LOADING RESOURCE SURFACE FROM DISK
907533.844	Study_Phase.SEQUENCE.Study_Instruction	LOADING RESOURCE SURFACE FROM DISK
914298.609	Study_Phase.SEQUENCE.DISPLAY_SCREEN	LOADING RESOURCE SURFACE FROM DISK
915833.345	Study_Phase.SEQUENCE.Study_Instruction	LOADING RESOURCE SURFACE FROM DISK
924155.09	Study_Phase.SEQUENCE.Study_Instruction	LOADING RESOURCE SURFACE FROM DISK
932462.785	Study_Phase.SEQUENCE.Study_Instruction	LOADING RESOURCE SURFACE FROM DISK
939215.323	Study_Phase.SEQUENCE.DISPLAY_SCREEN	LOADING RESOURCE SURFACE FROM DISK
940729.389	Study_Phase.SEQUENCE.Study_Instruction	LOADING RESOURCE SURFACE FROM DISK
949030.698	Study_Phase.SEQUENCE.Study_Instruction	LOADING RESOURCE SURFACE FROM DISK
955781.927	Study_Phase.SEQUENCE.DISPLAY_SCREEN	LOADING RESOURCE SURFACE FROM DISK
957329.429	Study_Phase.SEQUENCE.Study_Instruction	LOADING RESOURCE SURFACE FROM DISK
965611.532	Study_Phase.SEQUENCE.Study_Instruction	LOADING RESOURCE SURFACE FROM DISK
972365.244	Study_Phase.SEQUENCE.DISPLAY_SCREEN	LOADING RESOURCE SURFACE FROM DISK
973920.237	Study_Phase.SEQUENCE.Study_Instruction	LOADING RESOURCE SURFACE FROM DISK
982195.932	Study_Phase.SEQUENCE.Study_Instruction	LOADING RESOURCE SURFACE FROM DISK
988948.439	Study_Phase.SEQUENCE.DISPLAY_SCREEN	LOADING RESOURCE SURFACE FROM DISK
990509.958	Study_Phase.SEQUENCE.Study_Instruction	LOADING RESOURCE SURFACE FROM DISK
998818.978	Study_Phase.SEQUENCE.Study_Instruction	LOADING RESOURCE SURFACE FROM DISK
1005582.114	Study_Phase.SEQUENCE.DISPLAY_SCREEN	LOADING RESOURCE SURFACE FROM DISK
1007134.759	Study_Phase.SEQUENCE.Study_Instruction	LOADING RESOURCE SURFACE FROM DISK
1015454.064	Study_Phase.SEQUENCE.Study_Instruction	LOADING RESOURCE SURFACE FROM DISK
1023729.276	Study_Phase.SEQUENCE.Study_Instruction	LOADING RESOURCE SURFACE FROM DISK
1032034.412	Study_Phase.SEQUENCE.Study_Instruction	LOADING RESOURCE SURFACE FROM DISK
1038798.681	Study_Phase.SEQUENCE.DISPLAY_SCREEN	LOADING RESOURCE SURFACE FROM DISK
1040355.644	Study_Phase.SEQUENCE.Study_Instruction	LOADING RESOURCE SURFACE FROM DISK
1048666.242	Study_Phase.SEQUENCE.Study_Instruction	LOADING RESOURCE SURFACE FROM DISK
1056977.776	Study_Phase.SEQUENCE.Study_Instruction	LOADING RESOURCE SURFACE FROM DISK
1063731.821	Study_Phase.SEQUENCE.DISPLAY_SCREEN	LOADING RESOURCE SURFACE FROM DISK
1065285.724	Study_Phase.SEQUENCE.Study_Instruction	LOADING RESOURCE SURFACE FROM DISK
1073562.649	Study_Phase.SEQUENCE.Study_Instruction	LOADING RESOURCE SURFACE FROM DISK
1080315.085	Study_Phase.SEQUENCE.DISPLAY_SCREEN	LOADING RESOURCE SURFACE FROM DISK
1081865.699	Study_Phase.SEQUENCE.Study_Instruction	LOADING RESOURCE SURFACE FROM DISK
1088615.324	Study_Phase.SEQUENCE.DISPLAY_SCREEN	LOADING RESOURCE SURFACE FROM DISK
1090167.811	Study_Phase.SEQUENCE.Study_Instruction	LOADING RESOURCE SURFACE FROM DISK
1098481.376	Study_Phase.SEQUENCE.Study_Instruction	LOADING RESOURCE SURFACE FROM DISK
1106785.17	Study_Phase.SEQUENCE.Study_Instruction	LOADING RESOURCE SURFACE FROM DISK
1115061.963	Study_Phase.SEQUENCE.Study_Instruction	LOADING RESOURCE SURFACE FROM DISK
1123371.103	Study_Phase.SEQUENCE.Study_Instruction	LOADING RESOURCE SURFACE FROM DISK
1131645.347	Study_Phase.SEQUENCE.Study_Instruction	LOADING RESOURCE SURFACE FROM DISK
1138398.396	Study_Phase.SEQUENCE.DISPLAY_SCREEN	LOADING RESOURCE SURFACE FROM DISK
1139912.599	Study_Phase.SEQUENCE.Study_Instruction	LOADING RESOURCE SURFACE FROM DISK
1148214.991	Study_Phase.SEQUENCE.Study_Instruction	LOADING RESOURCE SURFACE FROM DISK
1156497.726	Study_Phase.SEQUENCE.Study_Instruction	LOADING RESOURCE SURFACE FROM DISK
1163231.846	Study_Phase.SEQUENCE.DISPLAY_SCREEN	LOADING RESOURCE SURFACE FROM DISK
1164745.939	Study_Phase.SEQUENCE.Study_Instruction	LOADING RESOURCE SURFACE FROM DISK
1173052.978	Study_Phase.SEQUENCE.Study_Instruction	LOADING RESOURCE SURFACE FROM DISK
1179815.22	Study_Phase.SEQUENCE.DISPLAY_SCREEN	LOADING RESOURCE SURFACE FROM DISK
1181371.36	Study_Phase.SEQUENCE.Study_Instruction	LOADING RESOURCE SURFACE FROM DISK
1189679.491	Study_Phase.SEQUENCE.Study_Instruction	LOADING RESOURCE SURFACE FROM DISK
1196431.902	Study_Phase.SEQUENCE.DISPLAY_SCREEN	LOADING RESOURCE SURFACE FROM DISK
1197946.056	Study_Phase.SEQUENCE.Study_Instruction	LOADING RESOURCE SURFACE FROM DISK
1206236.603	Study_Phase.SEQUENCE.Study_Instruction	LOADING RESOURCE SURFACE FROM DISK
1212965.398	Study_Phase.SEQUENCE.DISPLAY_SCREEN	LOADING RESOURCE SURFACE FROM DISK
1214515.628	Study_Phase.SEQUENCE.Study_Instruction	LOADING RESOURCE SURFACE FROM DISK
1222805.567	Study_Phase.SEQUENCE.Study_Instruction	LOADING RESOURCE SURFACE FROM DISK
1229565.058	Study_Phase.SEQUENCE.DISPLAY_SCREEN	LOADING RESOURCE SURFACE FROM DISK
1231111.877	Study_Phase.SEQUENCE.Study_Instruction	LOADING RESOURCE SURFACE FROM DISK
1237865.297	Study_Phase.SEQUENCE.DISPLAY_SCREEN	LOADING RESOURCE SURFACE FROM DISK
1239412.724	Study_Phase.SEQUENCE.Study_Instruction	LOADING RESOURCE SURFACE FROM DISK
1246165.067	Study_Phase.SEQUENCE.DISPLAY_SCREEN	LOADING RESOURCE SURFACE FROM DISK
1247719.075	Study_Phase.SEQUENCE.Study_Instruction	LOADING RESOURCE SURFACE FROM DISK
1255995.319	Study_Phase.SEQUENCE.Study_Instruction	LOADING RESOURCE SURFACE FROM DISK
1264302.345	Study_Phase.SEQUENCE.Study_Instruction	LOADING RESOURCE SURFACE FROM DISK
1271065.289	Study_Phase.SEQUENCE.DISPLAY_SCREEN	LOADING RESOURCE SURFACE FROM DISK
1272591.184	Study_Phase.SEQUENCE.Study_Instruction	LOADING RESOURCE SURFACE FROM DISK
1280862.164	Study_Phase.SEQUENCE.Study_Instruction	LOADING RESOURCE SURFACE FROM DISK
1287615.209	Study_Phase.SEQUENCE.DISPLAY_SCREEN	LOADING RESOURCE SURFACE FROM DISK
1289166.041	Study_Phase.SEQUENCE.Study_Instruction	LOADING RESOURCE SURFACE FROM DISK
1297588.388	Study_Phase.SEQUENCE.Study_Instruction	LOADING RESOURCE SURFACE FROM DISK
1305898.155	Study_Phase.SEQUENCE.Study_Instruction	LOADING RESOURCE SURFACE FROM DISK
1314198.105	Study_Phase.SEQUENCE.Study_Instruction	LOADING RESOURCE SURFACE FROM DISK
1322502.222	Study_Phase.SEQUENCE.Study_Instruction	LOADING RESOURCE SURFACE FROM DISK
1329265.362	Study_Phase.SEQUENCE.DISPLAY_SCREEN	LOADING RESOURCE SURFACE FROM DISK
1330821.776	Study_Phase.SEQUENCE.Study_Instruction	LOADING RESOURCE SURFACE FROM DISK
1339096.007	Study_Phase.SEQUENCE.Study_Instruction	LOADING RESOURCE SURFACE FROM DISK
1345848.511	Study_Phase.SEQUENCE.DISPLAY_SCREEN	LOADING RESOURCE SURFACE FROM DISK
1347362.703	Study_Phase.SEQUENCE.Study_Instruction	LOADING RESOURCE SURFACE FROM DISK
1355636.363	Study_Phase.SEQUENCE.Study_Instruction	LOADING RESOURCE SURFACE FROM DISK
1362382.091	Study_Phase.SEQUENCE.DISPLAY_SCREEN	LOADING RESOURCE SURFACE FROM DISK
1363929.912	Study_Phase.SEQUENCE.Study_Instruction	LOADING RESOURCE SURFACE FROM DISK
1370681.803	Study_Phase.SEQUENCE.DISPLAY_SCREEN	LOADING RESOURCE SURFACE FROM DISK
1372232.565	Study_Phase.SEQUENCE.Study_Instruction	LOADING RESOURCE SURFACE FROM DISK
1378982.08	Study_Phase.SEQUENCE.DISPLAY_SCREEN	LOADING RESOURCE SURFACE FROM DISK
1380531.843	Study_Phase.SEQUENCE.Study_Instruction	LOADING RESOURCE SURFACE FROM DISK
1388831.944	Study_Phase.SEQUENCE.Study_Instruction	LOADING RESOURCE SURFACE FROM DISK
1395581.902	Study_Phase.SEQUENCE.DISPLAY_SCREEN	LOADING RESOURCE SURFACE FROM DISK
1397133.258	Study_Phase.SEQUENCE.Study_Instruction	LOADING RESOURCE SURFACE FROM DISK
1405412.685	Study_Phase.SEQUENCE.Study_Instruction	LOADING RESOURCE SURFACE FROM DISK
1412165.302	Study_Phase.SEQUENCE.DISPLAY_SCREEN	LOADING RESOURCE SURFACE FROM DISK
1413719.599	Study_Phase.SEQUENCE.Study_Instruction	LOADING RESOURCE SURFACE FROM DISK
1422031.802	Study_Phase.SEQUENCE.Study_Instruction	LOADING RESOURCE SURFACE FROM DISK
1430329.484	Study_Phase.SEQUENCE.Study_Instruction	LOADING RESOURCE SURFACE FROM DISK
1437081.804	Study_Phase.SEQUENCE.DISPLAY_SCREEN	LOADING RESOURCE SURFACE FROM DISK
1438595.969	Study_Phase.SEQUENCE.Study_Instruction	LOADING RESOURCE SURFACE FROM DISK
1446898.506	Study_Phase.SEQUENCE.Study_Instruction	LOADING RESOURCE SURFACE FROM DISK
1453648.769	Study_Phase.SEQUENCE.DISPLAY_SCREEN	LOADING RESOURCE SURFACE FROM DISK
1455194.974	Study_Phase.SEQUENCE.Study_Instruction	LOADING RESOURCE SURFACE FROM DISK
1463504.486	Study_Phase.SEQUENCE.Study_Instruction	LOADING RESOURCE SURFACE FROM DISK
1470248.506	Study_Phase.SEQUENCE.DISPLAY_SCREEN	LOADING RESOURCE SURFACE FROM DISK
1471797.015	Study_Phase.SEQUENCE.Study_Instruction	LOADING RESOURCE SURFACE FROM DISK
1478532.042	Study_Phase.SEQUENCE.DISPLAY_SCREEN	LOADING RESOURCE SURFACE FROM DISK
1480079.692	Study_Phase.SEQUENCE.Study_Instruction	LOADING RESOURCE SURFACE FROM DISK
1488385.782	Study_Phase.SEQUENCE.Study_Instruction	LOADING RESOURCE SURFACE FROM DISK
1495132.047	Study_Phase.SEQUENCE.DISPLAY_SCREEN	LOADING RESOURCE SURFACE FROM DISK
1496685.678	Study_Phase.SEQUENCE.Study_Instruction	LOADING RESOURCE SURFACE FROM DISK
1505003.041	Study_Phase.SEQUENCE.Study_Instruction	LOADING RESOURCE SURFACE FROM DISK
1511765.21	Study_Phase.SEQUENCE.DISPLAY_SCREEN	LOADING RESOURCE SURFACE FROM DISK
1513315.672	Study_Phase.SEQUENCE.Study_Instruction	LOADING RESOURCE SURFACE FROM DISK
1521617.751	Study_Phase.SEQUENCE.Study_Instruction	LOADING RESOURCE SURFACE FROM DISK
1528381.795	Study_Phase.SEQUENCE.DISPLAY_SCREEN	LOADING RESOURCE SURFACE FROM DISK
1529936.926	Study_Phase.SEQUENCE.Study_Instruction	LOADING RESOURCE SURFACE FROM DISK
1538250.282	Study_Phase.SEQUENCE.Study_Instruction	LOADING RESOURCE SURFACE FROM DISK
1545015.3	Study_Phase.SEQUENCE.DISPLAY_SCREEN	LOADING RESOURCE SURFACE FROM DISK
1546604.079	Study_Phase.SEQUENCE.Study_Instruction	LOADING RESOURCE SURFACE FROM DISK
1553365.329	Study_Phase.SEQUENCE.DISPLAY_SCREEN	LOADING RESOURCE SURFACE FROM DISK
1554916.803	Study_Phase.SEQUENCE.Study_Instruction	LOADING RESOURCE SURFACE FROM DISK
1561665.067	Study_Phase.SEQUENCE.DISPLAY_SCREEN	LOADING RESOURCE SURFACE FROM DISK
1563214.24	Study_Phase.SEQUENCE.Study_Instruction	LOADING RESOURCE SURFACE FROM DISK
1571522.119	Study_Phase.SEQUENCE.Study_Instruction	LOADING RESOURCE SURFACE FROM DISK
1578281.764	Study_Phase.SEQUENCE.DISPLAY_SCREEN	LOADING RESOURCE SURFACE FROM DISK
1579835.876	Study_Phase.SEQUENCE.Study_Instruction	LOADING RESOURCE SURFACE FROM DISK
1588146.696	Study_Phase.SEQUENCE.Study_Instruction	LOADING RESOURCE SURFACE FROM DISK
1596430.611	Study_Phase.SEQUENCE.Study_Instruction	LOADING RESOURCE SURFACE FROM DISK
1603181.931	Study_Phase.SEQUENCE.DISPLAY_SCREEN	LOADING RESOURCE SURFACE FROM DISK
1604735.239	Study_Phase.SEQUENCE.Study_Instruction	LOADING RESOURCE SURFACE FROM DISK
1613047.982	Study_Phase.SEQUENCE.Study_Instruction	LOADING RESOURCE SURFACE FROM DISK
1621279.31	Study_Phase.SEQUENCE.Study_Instruction	LOADING RESOURCE SURFACE FROM DISK
1628031.692	Study_Phase.SEQUENCE.DISPLAY_SCREEN	LOADING RESOURCE SURFACE FROM DISK
1629580.111	Study_Phase.SEQUENCE.Study_Instruction	LOADING RESOURCE SURFACE FROM DISK
1637845.322	Study_Phase.SEQUENCE.Study_Instruction	LOADING RESOURCE SURFACE FROM DISK
1646112.569	Study_Phase.SEQUENCE.Study_Instruction	LOADING RESOURCE SURFACE FROM DISK
1650827.146	DISPLAY_SCREEN[7]	LOADING RESOURCE SURFACE FROM DISK
1834522.72	Test_Phase.SEQUENCE.Target_Cue	LOADING RESOURCE SURFACE FROM DISK
1834524.649	Test_Phase.SEQUENCE.Target_Cue	LOADING RESOURCE SURFACE FROM DISK
1836545.194	Test_Phase.SEQUENCE.Word	LOADING RESOURCE SURFACE FROM DISK
1839597.539	Test_Phase.SEQUENCE.Test_Question	LOADING RESOURCE SURFACE FROM DISK
1839606.296	Test_Phase.SEQUENCE.Test_Question	LOADING RESOURCE SURFACE FROM DISK
1839620.653	Test_Phase.SEQUENCE.Test_Question	LOADING RESOURCE SURFACE FROM DISK
1839630.472	Test_Phase.SEQUENCE.Test_Question	LOADING RESOURCE SURFACE FROM DISK
1839632.233	Test_Phase.SEQUENCE.Test_Question	LOADING RESOURCE SURFACE FROM DISK
1839633.982	Test_Phase.SEQUENCE.Test_Question	LOADING RESOURCE SURFACE FROM DISK
1839635.854	Test_Phase.SEQUENCE.Test_Question	LOADING RESOURCE SURFACE FROM DISK
1839643.06	Test_Phase.SEQUENCE.Test_Question	LOADING RESOURCE SURFACE FROM DISK
1839653.439	Test_Phase.SEQUENCE.Test_Question	LOADING RESOURCE SURFACE FROM DISK
1839655.31	Test_Phase.SEQUENCE.Test_Question	LOADING RESOURCE SURFACE FROM DISK
1839671.236	Test_Phase.SEQUENCE.Test_Question	LOADING RESOURCE SURFACE FROM DISK
1839673.127	Test_Phase.SEQUENCE.Test_Question	LOADING RESOURCE SURFACE FROM DISK
1846095.25	Test_Phase.SEQUENCE.Word	LOADING RESOURCE SURFACE FROM DISK
1854045.273	Test_Phase.SEQUENCE.Word	LOADING RESOURCE SURFACE FROM DISK
1861551.496	Test_Phase.SEQUENCE.Word	LOADING RESOURCE SURFACE FROM DISK
1870612.227	Test_Phase.SEQUENCE.Word	LOADING RESOURCE SURFACE FROM DISK
1879204.594	Test_Phase.SEQUENCE.Word	LOADING RESOURCE SURFACE FROM DISK
1887811.943	Test_Phase.SEQUENCE.Word	LOADING RESOURCE SURFACE FROM DISK
1896745.285	Test_Phase.SEQUENCE.Word	LOADING RESOURCE SURFACE FROM DISK
1906680.681	Test_Phase.SEQUENCE.Word	LOADING RESOURCE SURFACE FROM DISK
1914628.981	Test_Phase.SEQUENCE.Word	LOADING RESOURCE SURFACE FROM DISK
1921961.851	Test_Phase.SEQUENCE.Word	LOADING RESOURCE SURFACE FROM DISK
1929461.888	Test_Phase.SEQUENCE.Word	LOADING RESOURCE SURFACE FROM DISK
1936940.656	Test_Phase.SEQUENCE.Word	LOADING RESOURCE SURFACE FROM DISK
1944395.28	Test_Phase.SEQUENCE.Word	LOADING RESOURCE SURFACE FROM DISK
1951678.54	Test_Phase.SEQUENCE.Word	LOADING RESOURCE SURFACE FROM DISK
1959045.401	Test_Phase.SEQUENCE.Word	LOADING RESOURCE SURFACE FROM DISK
1966495.347	Test_Phase.SEQUENCE.Word	LOADING RESOURCE SURFACE FROM DISK
1973765.858	Test_Phase.SEQUENCE.Word	LOADING RESOURCE SURFACE FROM DISK
1981178.623	Test_Phase.SEQUENCE.Word	LOADING RESOURCE SURFACE FROM DISK
1988661.884	Test_Phase.SEQUENCE.Word	LOADING RESOURCE SURFACE FROM DISK
1996112.024	Test_Phase.SEQUENCE.Word	LOADING RESOURCE SURFACE FROM DISK
2003878.485	Test_Phase.SEQUENCE.Word	LOADING RESOURCE SURFACE FROM DISK
2011311.887	Test_Phase.SEQUENCE.Word	LOADING RESOURCE SURFACE FROM DISK
2018695.297	Test_Phase.SEQUENCE.Word	LOADING RESOURCE SURFACE FROM DISK
2026533.701	Test_Phase.SEQUENCE.Word	LOADING RESOURCE SURFACE FROM DISK
2033763.266	Test_Phase.SEQUENCE.Word	LOADING RESOURCE SURFACE FROM DISK
2041828.679	Test_Phase.SEQUENCE.Word	LOADING RESOURCE SURFACE FROM DISK
2049861.973	Test_Phase.SEQUENCE.Word	LOADING RESOURCE SURFACE FROM DISK
2059061.989	Test_Phase.SEQUENCE.Word	LOADING RESOURCE SURFACE FROM DISK
2066717.09	Test_Phase.SEQUENCE.Word	LOADING RESOURCE SURFACE FROM DISK
2074784.487	Test_Phase.SEQUENCE.Word	LOADING RESOURCE SURFACE FROM DISK
2083961.954	Test_Phase.SEQUENCE.Word	LOADING RESOURCE SURFACE FROM DISK
2092683.259	Test_Phase.SEQUENCE.Word	LOADING RESOURCE SURFACE FROM DISK
2101030.517	Test_Phase.SEQUENCE.Word	LOADING RESOURCE SURFACE FROM DISK
2108928.605	Test_Phase.SEQUENCE.Word	LOADING RESOURCE SURFACE FROM DISK
2116697.21	Test_Phase.SEQUENCE.Word	LOADING RESOURCE SURFACE FROM DISK
2124678.657	Test_Phase.SEQUENCE.Word	LOADING RESOURCE SURFACE FROM DISK
2132079.066	Test_Phase.SEQUENCE.Word	LOADING RESOURCE SURFACE FROM DISK
2139478.775	Test_Phase.SEQUENCE.Word	LOADING RESOURCE SURFACE FROM DISK
2148029.279	Test_Phase.SEQUENCE.Word	LOADING RESOURCE SURFACE FROM DISK
2158628.92	Test_Phase.SEQUENCE.Word	LOADING RESOURCE SURFACE FROM DISK
2166270.517	Test_Phase.SEQUENCE.Word	LOADING RESOURCE SURFACE FROM DISK
2174445.493	Test_Phase.SEQUENCE.Word	LOADING RESOURCE SURFACE FROM DISK
2183136.065	Test_Phase.SEQUENCE.Word	LOADING RESOURCE SURFACE FROM DISK
2190595.37	Test_Phase.SEQUENCE.Word	LOADING RESOURCE SURFACE FROM DISK
2197845.269	Test_Phase.SEQUENCE.Word	LOADING RESOURCE SURFACE FROM DISK
2205136.821	Test_Phase.SEQUENCE.Word	LOADING RESOURCE SURFACE FROM DISK
2212511.857	Test_Phase.SEQUENCE.Word	LOADING RESOURCE SURFACE FROM DISK
2220978.686	Test_Phase.SEQUENCE.Word	LOADING RESOURCE SURFACE FROM DISK
2228912.157	Test_Phase.SEQUENCE.Word	LOADING RESOURCE SURFACE FROM DISK
2236278.741	Test_Phase.SEQUENCE.Word	LOADING RESOURCE SURFACE FROM DISK
2243745.221	Test_Phase.SEQUENCE.Word	LOADING RESOURCE SURFACE FROM DISK
2252068.743	Test_Phase.SEQUENCE.Word	LOADING RESOURCE SURFACE FROM DISK
2260895.794	Test_Phase.SEQUENCE.Word	LOADING RESOURCE SURFACE FROM DISK
2268512.071	Test_Phase.SEQUENCE.Word	LOADING RESOURCE SURFACE FROM DISK
2276679.437	Test_Phase.SEQUENCE.Word	LOADING RESOURCE SURFACE FROM DISK
2284495.222	Test_Phase.SEQUENCE.Word	LOADING RESOURCE SURFACE FROM DISK
2292195.393	Test_Phase.SEQUENCE.Word	LOADING RESOURCE SURFACE FROM DISK
2299428.513	Test_Phase.SEQUENCE.Word	LOADING RESOURCE SURFACE FROM DISK
2306695.321	Test_Phase.SEQUENCE.Word	LOADING RESOURCE SURFACE FROM DISK
2313955.359	Test_Phase.SEQUENCE.Word	LOADING RESOURCE SURFACE FROM DISK
2321245.491	Test_Phase.SEQUENCE.Word	LOADING RESOURCE SURFACE FROM DISK
2328711.843	Test_Phase.SEQUENCE.Word	LOADING RESOURCE SURFACE FROM DISK
2336478.646	Test_Phase.SEQUENCE.Word	LOADING RESOURCE SURFACE FROM DISK
2344188.424	Test_Phase.SEQUENCE.Word	LOADING RESOURCE SURFACE FROM DISK
2352395.331	Test_Phase.SEQUENCE.Word	LOADING RESOURCE SURFACE FROM DISK
2360852.848	Test_Phase.SEQUENCE.Word	LOADING RESOURCE SURFACE FROM DISK
2368161.938	Test_Phase.SEQUENCE.Word	LOADING RESOURCE SURFACE FROM DISK
2375374.485	Test_Phase.SEQUENCE.Word	LOADING RESOURCE SURFACE FROM DISK
2383362.03	Test_Phase.SEQUENCE.Word	LOADING RESOURCE SURFACE FROM DISK
2390562.04	Test_Phase.SEQUENCE.Word	LOADING RESOURCE SURFACE FROM DISK
2398414.814	Test_Phase.SEQUENCE.Word	LOADING RESOURCE SURFACE FROM DISK
2407412.245	Test_Phase.SEQUENCE.Word	LOADING RESOURCE SURFACE FROM DISK
2414788.619	Test_Phase.SEQUENCE.Word	LOADING RESOURCE SURFACE FROM DISK
2422802.051	Test_Phase.SEQUENCE.Word	LOADING RESOURCE SURFACE FROM DISK
2430128.495	Test_Phase.SEQUENCE.Word	LOADING RESOURCE SURFACE FROM DISK
2437511.897	Test_Phase.SEQUENCE.Word	LOADING RESOURCE SURFACE FROM DISK
2444850.99	Test_Phase.SEQUENCE.Word	LOADING RESOURCE SURFACE FROM DISK
2452612.052	Test_Phase.SEQUENCE.Word	LOADING RESOURCE SURFACE FROM DISK
2459845.205	Test_Phase.SEQUENCE.Word	LOADING RESOURCE SURFACE FROM DISK
2467428.88	Test_Phase.SEQUENCE.Word	LOADING RESOURCE SURFACE FROM DISK
2475695.281	Test_Phase.SEQUENCE.Word	LOADING RESOURCE SURFACE FROM DISK
2483595.307	Test_Phase.SEQUENCE.Word	LOADING RESOURCE SURFACE FROM DISK
2492616.164	Test_Phase.SEQUENCE.Word	LOADING RESOURCE SURFACE FROM DISK
2500412.025	Test_Phase.SEQUENCE.Word	LOADING RESOURCE SURFACE FROM DISK
2509378.636	Test_Phase.SEQUENCE.Word	LOADING RESOURCE SURFACE FROM DISK
2517095.239	Test_Phase.SEQUENCE.Word	LOADING RESOURCE SURFACE FROM DISK
2524528.886	Test_Phase.SEQUENCE.Word	LOADING RESOURCE SURFACE FROM DISK
2533412.211	Test_Phase.SEQUENCE.Word	LOADING RESOURCE SURFACE FROM DISK
2541461.773	Test_Phase.SEQUENCE.Word	LOADING RESOURCE SURFACE FROM DISK
2549828.666	Test_Phase.SEQUENCE.Word	LOADING RESOURCE SURFACE FROM DISK
2558528.577	Test_Phase.SEQUENCE.Word	LOADING RESOURCE SURFACE FROM DISK
2565795.558	Test_Phase.SEQUENCE.Word	LOADING RESOURCE SURFACE FROM DISK
2575245.39	Test_Phase.SEQUENCE.Word	LOADING RESOURCE SURFACE FROM DISK
2582545.299	Test_Phase.SEQUENCE.Word	LOADING RESOURCE SURFACE FROM DISK
2590828.786	Test_Phase.SEQUENCE.Word	LOADING RESOURCE SURFACE FROM DISK
2600035.567	Test_Phase.SEQUENCE.Word	LOADING RESOURCE SURFACE FROM DISK
2607828.695	Test_Phase.SEQUENCE.Word	LOADING RESOURCE SURFACE FROM DISK
2615428.781	Test_Phase.SEQUENCE.Word	LOADING RESOURCE SURFACE FROM DISK
2623128.87	Test_Phase.SEQUENCE.Word	LOADING RESOURCE SURFACE FROM DISK
2630778.638	Test_Phase.SEQUENCE.Word	LOADING RESOURCE SURFACE FROM DISK
2638414.036	Test_Phase.SEQUENCE.Word	LOADING RESOURCE SURFACE FROM DISK
2646945.256	Test_Phase.SEQUENCE.Word	LOADING RESOURCE SURFACE FROM DISK
2655054.31	Test_Phase.SEQUENCE.Word	LOADING RESOURCE SURFACE FROM DISK
2662895.298	Test_Phase.SEQUENCE.Word	LOADING RESOURCE SURFACE FROM DISK
2671761.968	Test_Phase.SEQUENCE.Word	LOADING RESOURCE SURFACE FROM DISK
2679635.71	Test_Phase.SEQUENCE.Word	LOADING RESOURCE SURFACE FROM DISK
2687595.237	Test_Phase.SEQUENCE.Word	LOADING RESOURCE SURFACE FROM DISK
2695811.821	Test_Phase.SEQUENCE.Word	LOADING RESOURCE SURFACE FROM DISK
2703695.357	Test_Phase.SEQUENCE.Word	LOADING RESOURCE SURFACE FROM DISK
2711360.133	Test_Phase.SEQUENCE.Word	LOADING RESOURCE SURFACE FROM DISK
2719429.785	Test_Phase.SEQUENCE.Word	LOADING RESOURCE SURFACE FROM DISK
2726963.141	Test_Phase.SEQUENCE.Word	LOADING RESOURCE SURFACE FROM DISK
2734712.374	Test_Phase.SEQUENCE.Word	LOADING RESOURCE SURFACE FROM DISK
2744030.862	Test_Phase.SEQUENCE.Word	LOADING RESOURCE SURFACE FROM DISK
2751362.137	Test_Phase.SEQUENCE.Word	LOADING RESOURCE SURFACE FROM DISK
2759062.397	Test_Phase.SEQUENCE.Word	LOADING RESOURCE SURFACE FROM DISK
2766885.646	Test_Phase.SEQUENCE.Word	LOADING RESOURCE SURFACE FROM DISK
2775430.081	Test_Phase.SEQUENCE.Word	LOADING RESOURCE SURFACE FROM DISK
2785334.277	Test_Phase.SEQUENCE.Word	LOADING RESOURCE SURFACE FROM DISK
2793228.673	Test_Phase.SEQUENCE.Word	LOADING RESOURCE SURFACE FROM DISK
2801678.699	Test_Phase.SEQUENCE.Word	LOADING RESOURCE SURFACE FROM DISK
2810095.311	Test_Phase.SEQUENCE.Word	LOADING RESOURCE SURFACE FROM DISK
2819295.45	Test_Phase.SEQUENCE.Word	LOADING RESOURCE SURFACE FROM DISK
2826795.235	Test_Phase.SEQUENCE.Word	LOADING RESOURCE SURFACE FROM DISK
2834463.431	Test_Phase.SEQUENCE.Word	LOADING RESOURCE SURFACE FROM DISK
2842550.457	Test_Phase.SEQUENCE.Word	LOADING RESOURCE SURFACE FROM DISK
2850828.873	Test_Phase.SEQUENCE.Word	LOADING RESOURCE SURFACE FROM DISK
2859228.577	Test_Phase.SEQUENCE.Word	LOADING RESOURCE SURFACE FROM DISK
2867315.804	Test_Phase.SEQUENCE.Word	LOADING RESOURCE SURFACE FROM DISK
2875962.202	Test_Phase.SEQUENCE.Word	LOADING RESOURCE SURFACE FROM DISK
2885745.105	Test_Phase.SEQUENCE.Word	LOADING RESOURCE SURFACE FROM DISK
2893645.573	Test_Phase.SEQUENCE.Word	LOADING RESOURCE SURFACE FROM DISK
2901412.33	Test_Phase.SEQUENCE.Word	LOADING RESOURCE SURFACE FROM DISK
2909315.652	Test_Phase.SEQUENCE.Word	LOADING RESOURCE SURFACE FROM DISK
2917449.792	Test_Phase.SEQUENCE.Word	LOADING RESOURCE SURFACE FROM DISK
2925315.778	Test_Phase.SEQUENCE.Word	LOADING RESOURCE SURFACE FROM DISK
2933145.511	Test_Phase.SEQUENCE.Word	LOADING RESOURCE SURFACE FROM DISK
2941312.324	Test_Phase.SEQUENCE.Word	LOADING RESOURCE SURFACE FROM DISK
2949230.272	Test_Phase.SEQUENCE.Word	LOADING RESOURCE SURFACE FROM DISK
2957862.019	Test_Phase.SEQUENCE.Word	LOADING RESOURCE SURFACE FROM DISK
2965661.989	Test_Phase.SEQUENCE.Word	LOADING RESOURCE SURFACE FROM DISK
2973945.321	Test_Phase.SEQUENCE.Word	LOADING RESOURCE SURFACE FROM DISK
2982232.992	Test_Phase.SEQUENCE.Word	LOADING RESOURCE SURFACE FROM DISK
2989901.05	Test_Phase.SEQUENCE.Word	LOADING RESOURCE SURFACE FROM DISK
2997795.405	Test_Phase.SEQUENCE.Word	LOADING RESOURCE SURFACE FROM DISK
3005512.286	Test_Phase.SEQUENCE.Word	LOADING RESOURCE SURFACE FROM DISK
3013178.628	Test_Phase.SEQUENCE.Word	LOADING RESOURCE SURFACE FROM DISK
3021428.502	Test_Phase.SEQUENCE.Word	LOADING RESOURCE SURFACE FROM DISK
3029395.246	Test_Phase.SEQUENCE.Word	LOADING RESOURCE SURFACE FROM DISK
3037533.652	Test_Phase.SEQUENCE.Word	LOADING RESOURCE SURFACE FROM DISK
3045495.455	Test_Phase.SEQUENCE.Word	LOADING RESOURCE SURFACE FROM DISK
3053730.167	Test_Phase.SEQUENCE.Word	LOADING RESOURCE SURFACE FROM DISK
3061628.578	Test_Phase.SEQUENCE.Word	LOADING RESOURCE SURFACE FROM DISK
3069412.092	Test_Phase.SEQUENCE.Word	LOADING RESOURCE SURFACE FROM DISK
3077295.377	Test_Phase.SEQUENCE.Word	LOADING RESOURCE SURFACE FROM DISK
3085188.878	Test_Phase.SEQUENCE.Word	LOADING RESOURCE SURFACE FROM DISK
3093595.394	Test_Phase.SEQUENCE.Word	LOADING RESOURCE SURFACE FROM DISK
3101562.148	Test_Phase.SEQUENCE.Word	LOADING RESOURCE SURFACE FROM DISK
3109161.99	Test_Phase.SEQUENCE.Word	LOADING RESOURCE SURFACE FROM DISK
3117181.349	Test_Phase.SEQUENCE.Word	LOADING RESOURCE SURFACE FROM DISK
3124931.321	Test_Phase.SEQUENCE.Word	LOADING RESOURCE SURFACE FROM DISK
3132947.453	Test_Phase.SEQUENCE.Word	LOADING RESOURCE SURFACE FROM DISK
3141178.573	Test_Phase.SEQUENCE.Word	LOADING RESOURCE SURFACE FROM DISK
3148878.651	Test_Phase.SEQUENCE.Word	LOADING RESOURCE SURFACE FROM DISK
3156649.827	Test_Phase.SEQUENCE.Word	LOADING RESOURCE SURFACE FROM DISK
3165745.216	Test_Phase.SEQUENCE.Word	LOADING RESOURCE SURFACE FROM DISK
3173701.992	Test_Phase.SEQUENCE.Word	LOADING RESOURCE SURFACE FROM DISK
3182051.635	Test_Phase.SEQUENCE.Word	LOADING RESOURCE SURFACE FROM DISK
3189995.295	Test_Phase.SEQUENCE.Word	LOADING RESOURCE SURFACE FROM DISK
3198761.848	Test_Phase.SEQUENCE.Word	LOADING RESOURCE SURFACE FROM DISK
3207595.33	Test_Phase.SEQUENCE.Word	LOADING RESOURCE SURFACE FROM DISK
3215525.426	Test_Phase.SEQUENCE.Word	LOADING RESOURCE SURFACE FROM DISK
3223193.977	Test_Phase.SEQUENCE.Word	LOADING RESOURCE SURFACE FROM DISK
3231711.944	Test_Phase.SEQUENCE.Word	LOADING RESOURCE SURFACE FROM DISK
3239395.465	Test_Phase.SEQUENCE.Word	LOADING RESOURCE SURFACE FROM DISK
3247085.543	Test_Phase.SEQUENCE.Word	LOADING RESOURCE SURFACE FROM DISK
3254850.082	Test_Phase.SEQUENCE.Word	LOADING RESOURCE SURFACE FROM DISK
3262912.011	Test_Phase.SEQUENCE.Word	LOADING RESOURCE SURFACE FROM DISK
3279736.465	Test_Phase.SEQUENCE.Word	LOADING RESOURCE SURFACE FROM DISK
3288545.309	Test_Phase.SEQUENCE.Word	LOADING RESOURCE SURFACE FROM DISK
3297745.586	Test_Phase.SEQUENCE.Word	LOADING RESOURCE SURFACE FROM DISK
3305928.683	Test_Phase.SEQUENCE.Word	LOADING RESOURCE SURFACE FROM DISK
3314401.04	Test_Phase.SEQUENCE.Word	LOADING RESOURCE SURFACE FROM DISK
3322812.004	Test_Phase.SEQUENCE.Word	LOADING RESOURCE SURFACE FROM DISK
3330916.006	Test_Phase.SEQUENCE.Word	LOADING RESOURCE SURFACE FROM DISK
3339578.595	Test_Phase.SEQUENCE.Word	LOADING RESOURCE SURFACE FROM DISK
3347479.001	Test_Phase.SEQUENCE.Word	LOADING RESOURCE SURFACE FROM DISK
3355695.347	Test_Phase.SEQUENCE.Word	LOADING RESOURCE SURFACE FROM DISK
3363768.264	Test_Phase.SEQUENCE.Word	LOADING RESOURCE SURFACE FROM DISK
3371895.444	Test_Phase.SEQUENCE.Word	LOADING RESOURCE SURFACE FROM DISK
3379762.019	Test_Phase.SEQUENCE.Word	LOADING RESOURCE SURFACE FROM DISK
3387711.316	Test_Phase.SEQUENCE.Word	LOADING RESOURCE SURFACE FROM DISK
3396042.578	Test_Phase.SEQUENCE.Word	LOADING RESOURCE SURFACE FROM DISK
3404863.194	Test_Phase.SEQUENCE.Word	LOADING RESOURCE SURFACE FROM DISK
3413328.591	Test_Phase.SEQUENCE.Word	LOADING RESOURCE SURFACE FROM DISK
3421495.362	Test_Phase.SEQUENCE.Word	LOADING RESOURCE SURFACE FROM DISK
3429612.097	Test_Phase.SEQUENCE.Word	LOADING RESOURCE SURFACE FROM DISK
3437399.722	Test_Phase.SEQUENCE.Word	LOADING RESOURCE SURFACE FROM DISK
3441944.854	DISPLAY_SCREEN	LOADING RESOURCE SURFACE FROM DISK
