5008.866	DISPLAY_SCREEN[1]	LOADING RESOURCE SURFACE FROM DISK
784335.154	Familiarization_Phase.SEQUENCE.Cue_and_Instruction	LOADING RESOURCE SURFACE FROM DISK
784346.914	Familiarization_Phase.SEQUENCE.Cue_and_Instruction	LOADING RESOURCE SURFACE FROM DISK
790425.996	Familiarization_Phase.SEQUENCE.Cue_and_Instruction	LOADING RESOURCE SURFACE FROM DISK
790438.125	Familiarization_Phase.SEQUENCE.Cue_and_Instruction	LOADING RESOURCE SURFACE FROM DISK
796520.664	Familiarization_Phase.SEQUENCE.Cue_and_Instruction	LOADING RESOURCE SURFACE FROM DISK
796524.995	Familiarization_Phase.SEQUENCE.Cue_and_Instruction	LOADING RESOURCE SURFACE FROM DISK
838936.303	DISPLAY_SCREEN[3]	LOADING RESOURCE SURFACE FROM DISK
935946.264	DISPLAY_SCREEN[5]	LOADING RESOURCE SURFACE FROM DISK
983461.031	Practice_Phase.SEQUENCE.Blink_Screen	LOADING RESOURCE SURFACE FROM DISK
983462.138	Practice_Phase.SEQUENCE.Blink_Screen	flip time is later than desired time. Desired Time=983197 Flip Time=983480 Retrace Rate=16.914, prepareTime=289 flip request time 983461
984702.282	Practice_Phase.SEQUENCE.Practice_Luminance_Cue	LOADING RESOURCE SURFACE FROM DISK
984704.664	Practice_Phase.SEQUENCE.Practice_Luminance_Cue	LOADING RESOURCE SURFACE FROM DISK
984706.138	Practice_Phase.SEQUENCE.Practice_Luminance_Cue	flip time is later than desired time. Desired Time=984680 Flip Time=984714 Retrace Rate=16.914, prepareTime=50 flip request time 984705
986748.36	Practice_Phase.SEQUENCE.Practice_Instruction	LOADING RESOURCE SURFACE FROM DISK
986755.742	Practice_Phase.SEQUENCE.Practice_Instruction	LOADING RESOURCE SURFACE FROM DISK
986757.253	Practice_Phase.SEQUENCE.Practice_Instruction	flip time is later than desired time. Desired Time=986714 Flip Time=986780 Retrace Rate=16.914, prepareTime=67 flip request time 986757
994881.848	Practice_Phase.SEQUENCE.Practice_Instruction	LOADING RESOURCE SURFACE FROM DISK
994888.766	Practice_Phase.SEQUENCE.Practice_Instruction	LOADING RESOURCE SURFACE FROM DISK
994890.324	Practice_Phase.SEQUENCE.Practice_Instruction	flip time is later than desired time. Desired Time=994864 Flip Time=994914 Retrace Rate=16.914, prepareTime=50 flip request time 994890
1002961.699	Practice_Phase.SEQUENCE.Practice_Instruction	LOADING RESOURCE SURFACE FROM DISK
1002999.63	Practice_Phase.SEQUENCE.Practice_Instruction	LOADING RESOURCE SURFACE FROM DISK
1003001.296	Practice_Phase.SEQUENCE.Practice_Instruction	flip time is later than desired time. Desired Time=1002980 Flip Time=1003014 Retrace Rate=16.914, prepareTime=45 flip request time 1003001
1011061.416	Practice_Phase.SEQUENCE.Practice_Instruction	LOADING RESOURCE SURFACE FROM DISK
1011132.872	Practice_Phase.SEQUENCE.Practice_Instruction	LOADING RESOURCE SURFACE FROM DISK
1011134.399	Practice_Phase.SEQUENCE.Practice_Instruction	flip time is later than desired time. Desired Time=1011080 Flip Time=1011147 Retrace Rate=16.914, prepareTime=78 flip request time 1011134
1019194.425	Practice_Phase.SEQUENCE.Practice_Instruction	LOADING RESOURCE SURFACE FROM DISK
1019196.977	Practice_Phase.SEQUENCE.Practice_Instruction	LOADING RESOURCE SURFACE FROM DISK
1027261.562	Practice_Phase.SEQUENCE.Practice_Instruction	LOADING RESOURCE SURFACE FROM DISK
1027263.887	Practice_Phase.SEQUENCE.Practice_Instruction	LOADING RESOURCE SURFACE FROM DISK
1035327.949	Practice_Phase.SEQUENCE.Practice_Instruction	LOADING RESOURCE SURFACE FROM DISK
1035354.245	Practice_Phase.SEQUENCE.Practice_Instruction	LOADING RESOURCE SURFACE FROM DISK
1035355.824	Practice_Phase.SEQUENCE.Practice_Instruction	flip time is later than desired time. Desired Time=1035347 Flip Time=1035364 Retrace Rate=16.914, prepareTime=33 flip request time 1035355
1043411.302	Practice_Phase.SEQUENCE.Practice_Instruction	LOADING RESOURCE SURFACE FROM DISK
1043454.086	Practice_Phase.SEQUENCE.Practice_Instruction	LOADING RESOURCE SURFACE FROM DISK
1043455.687	Practice_Phase.SEQUENCE.Practice_Instruction	flip time is later than desired time. Desired Time=1043430 Flip Time=1043464 Retrace Rate=16.914, prepareTime=49 flip request time 1043455
1051511.303	Practice_Phase.SEQUENCE.Practice_Instruction	LOADING RESOURCE SURFACE FROM DISK
1051513.65	Practice_Phase.SEQUENCE.Practice_Instruction	LOADING RESOURCE SURFACE FROM DISK
1056182.759	DISPLAY_SCREEN[2]	LOADING RESOURCE SURFACE FROM DISK
1176386.958	Study_Phase.SEQUENCE.Study_Instruction	LOADING RESOURCE SURFACE FROM DISK
1176661.496	Study_Phase.SEQUENCE.Study_Instruction	LOADING RESOURCE SURFACE FROM DISK
1184949.814	Study_Phase.SEQUENCE.Study_Instruction	LOADING RESOURCE SURFACE FROM DISK
1193187.082	Study_Phase.SEQUENCE.Study_Instruction	LOADING RESOURCE SURFACE FROM DISK
1193228.048	Study_Phase.SEQUENCE.Study_Instruction	LOADING RESOURCE SURFACE FROM DISK
1201486.997	Study_Phase.SEQUENCE.Study_Instruction	LOADING RESOURCE SURFACE FROM DISK
1201530.513	Study_Phase.SEQUENCE.Study_Instruction	LOADING RESOURCE SURFACE FROM DISK
1209808.04	Study_Phase.SEQUENCE.Study_Instruction	LOADING RESOURCE SURFACE FROM DISK
1218079.625	Study_Phase.SEQUENCE.Study_Instruction	LOADING RESOURCE SURFACE FROM DISK
1226371.302	Study_Phase.SEQUENCE.Study_Instruction	LOADING RESOURCE SURFACE FROM DISK
1234658.536	Study_Phase.SEQUENCE.Study_Instruction	LOADING RESOURCE SURFACE FROM DISK
1242951.62	Study_Phase.SEQUENCE.Study_Instruction	LOADING RESOURCE SURFACE FROM DISK
1251236.896	Study_Phase.SEQUENCE.Study_Instruction	LOADING RESOURCE SURFACE FROM DISK
1259487.084	Study_Phase.SEQUENCE.Study_Instruction	LOADING RESOURCE SURFACE FROM DISK
1259522.875	Study_Phase.SEQUENCE.Study_Instruction	LOADING RESOURCE SURFACE FROM DISK
1267824.387	Study_Phase.SEQUENCE.Study_Instruction	LOADING RESOURCE SURFACE FROM DISK
1276184.208	Study_Phase.SEQUENCE.Study_Instruction	LOADING RESOURCE SURFACE FROM DISK
1284465.931	Study_Phase.SEQUENCE.Study_Instruction	LOADING RESOURCE SURFACE FROM DISK
1292723.727	Study_Phase.SEQUENCE.Study_Instruction	LOADING RESOURCE SURFACE FROM DISK
1300987.14	Study_Phase.SEQUENCE.Study_Instruction	LOADING RESOURCE SURFACE FROM DISK
1301030.035	Study_Phase.SEQUENCE.Study_Instruction	LOADING RESOURCE SURFACE FROM DISK
1309287.211	Study_Phase.SEQUENCE.Study_Instruction	LOADING RESOURCE SURFACE FROM DISK
1309348.724	Study_Phase.SEQUENCE.Study_Instruction	LOADING RESOURCE SURFACE FROM DISK
1317603.671	Study_Phase.SEQUENCE.Study_Instruction	LOADING RESOURCE SURFACE FROM DISK
1317644.674	Study_Phase.SEQUENCE.Study_Instruction	LOADING RESOURCE SURFACE FROM DISK
1325942.603	Study_Phase.SEQUENCE.Study_Instruction	LOADING RESOURCE SURFACE FROM DISK
1334220.719	Study_Phase.SEQUENCE.Study_Instruction	LOADING RESOURCE SURFACE FROM DISK
1342470.248	Study_Phase.SEQUENCE.Study_Instruction	LOADING RESOURCE SURFACE FROM DISK
1342507.665	Study_Phase.SEQUENCE.Study_Instruction	LOADING RESOURCE SURFACE FROM DISK
1350770.732	Study_Phase.SEQUENCE.Study_Instruction	LOADING RESOURCE SURFACE FROM DISK
1350806.203	Study_Phase.SEQUENCE.Study_Instruction	LOADING RESOURCE SURFACE FROM DISK
1359102.741	Study_Phase.SEQUENCE.Study_Instruction	LOADING RESOURCE SURFACE FROM DISK
1367374.552	Study_Phase.SEQUENCE.Study_Instruction	LOADING RESOURCE SURFACE FROM DISK
1375670.936	Study_Phase.SEQUENCE.Study_Instruction	LOADING RESOURCE SURFACE FROM DISK
1383951.826	Study_Phase.SEQUENCE.Study_Instruction	LOADING RESOURCE SURFACE FROM DISK
1392203.831	Study_Phase.SEQUENCE.Study_Instruction	LOADING RESOURCE SURFACE FROM DISK
1392239.893	Study_Phase.SEQUENCE.Study_Instruction	LOADING RESOURCE SURFACE FROM DISK
1400532.538	Study_Phase.SEQUENCE.Study_Instruction	LOADING RESOURCE SURFACE FROM DISK
1408815.618	Study_Phase.SEQUENCE.Study_Instruction	LOADING RESOURCE SURFACE FROM DISK
1417103.995	Study_Phase.SEQUENCE.Study_Instruction	LOADING RESOURCE SURFACE FROM DISK
1425390.692	Study_Phase.SEQUENCE.Study_Instruction	LOADING RESOURCE SURFACE FROM DISK
1433683.613	Study_Phase.SEQUENCE.Study_Instruction	LOADING RESOURCE SURFACE FROM DISK
1441920.462	Study_Phase.SEQUENCE.Study_Instruction	LOADING RESOURCE SURFACE FROM DISK
1441963.818	Study_Phase.SEQUENCE.Study_Instruction	LOADING RESOURCE SURFACE FROM DISK
1450217.927	Study_Phase.SEQUENCE.Study_Instruction	LOADING RESOURCE SURFACE FROM DISK
1458470.368	Study_Phase.SEQUENCE.Study_Instruction	LOADING RESOURCE SURFACE FROM DISK
1458515.966	Study_Phase.SEQUENCE.Study_Instruction	LOADING RESOURCE SURFACE FROM DISK
1466802.136	Study_Phase.SEQUENCE.Study_Instruction	LOADING RESOURCE SURFACE FROM DISK
1475090.855	Study_Phase.SEQUENCE.Study_Instruction	LOADING RESOURCE SURFACE FROM DISK
1483353.776	Study_Phase.SEQUENCE.Study_Instruction	LOADING RESOURCE SURFACE FROM DISK
1483356.137	Study_Phase.SEQUENCE.Study_Instruction	LOADING RESOURCE SURFACE FROM DISK
1491681.84	Study_Phase.SEQUENCE.Study_Instruction	LOADING RESOURCE SURFACE FROM DISK
1499976.303	Study_Phase.SEQUENCE.Study_Instruction	LOADING RESOURCE SURFACE FROM DISK
1508237.067	Study_Phase.SEQUENCE.Study_Instruction	LOADING RESOURCE SURFACE FROM DISK
1508275.935	Study_Phase.SEQUENCE.Study_Instruction	LOADING RESOURCE SURFACE FROM DISK
1516577.514	Study_Phase.SEQUENCE.Study_Instruction	LOADING RESOURCE SURFACE FROM DISK
1524836.814	Study_Phase.SEQUENCE.Study_Instruction	LOADING RESOURCE SURFACE FROM DISK
1524872.013	Study_Phase.SEQUENCE.Study_Instruction	LOADING RESOURCE SURFACE FROM DISK
1533137.02	Study_Phase.SEQUENCE.Study_Instruction	LOADING RESOURCE SURFACE FROM DISK
1533179.106	Study_Phase.SEQUENCE.Study_Instruction	LOADING RESOURCE SURFACE FROM DISK
1541437.254	Study_Phase.SEQUENCE.Study_Instruction	LOADING RESOURCE SURFACE FROM DISK
1541472.35	Study_Phase.SEQUENCE.Study_Instruction	LOADING RESOURCE SURFACE FROM DISK
1549737.179	Study_Phase.SEQUENCE.Study_Instruction	LOADING RESOURCE SURFACE FROM DISK
1549771.856	Study_Phase.SEQUENCE.Study_Instruction	LOADING RESOURCE SURFACE FROM DISK
1558049.009	Study_Phase.SEQUENCE.Study_Instruction	LOADING RESOURCE SURFACE FROM DISK
1566339.756	Study_Phase.SEQUENCE.Study_Instruction	LOADING RESOURCE SURFACE FROM DISK
1574603.744	Study_Phase.SEQUENCE.Study_Instruction	LOADING RESOURCE SURFACE FROM DISK
1574644.517	Study_Phase.SEQUENCE.Study_Instruction	LOADING RESOURCE SURFACE FROM DISK
1582937.353	Study_Phase.SEQUENCE.Study_Instruction	LOADING RESOURCE SURFACE FROM DISK
1591170.219	Study_Phase.SEQUENCE.Study_Instruction	LOADING RESOURCE SURFACE FROM DISK
1591209.375	Study_Phase.SEQUENCE.Study_Instruction	LOADING RESOURCE SURFACE FROM DISK
1599509.442	Study_Phase.SEQUENCE.Study_Instruction	LOADING RESOURCE SURFACE FROM DISK
1607770.469	Study_Phase.SEQUENCE.Study_Instruction	LOADING RESOURCE SURFACE FROM DISK
1607814.545	Study_Phase.SEQUENCE.Study_Instruction	LOADING RESOURCE SURFACE FROM DISK
1616102.547	Study_Phase.SEQUENCE.Study_Instruction	LOADING RESOURCE SURFACE FROM DISK
1624383.459	Study_Phase.SEQUENCE.Study_Instruction	LOADING RESOURCE SURFACE FROM DISK
1632669.245	Study_Phase.SEQUENCE.Study_Instruction	LOADING RESOURCE SURFACE FROM DISK
1640971.335	Study_Phase.SEQUENCE.Study_Instruction	LOADING RESOURCE SURFACE FROM DISK
1649237.235	Study_Phase.SEQUENCE.Study_Instruction	LOADING RESOURCE SURFACE FROM DISK
1649282.079	Study_Phase.SEQUENCE.Study_Instruction	LOADING RESOURCE SURFACE FROM DISK
1657571.312	Study_Phase.SEQUENCE.Study_Instruction	LOADING RESOURCE SURFACE FROM DISK
1665866.683	Study_Phase.SEQUENCE.Study_Instruction	LOADING RESOURCE SURFACE FROM DISK
1674120.638	Study_Phase.SEQUENCE.Study_Instruction	LOADING RESOURCE SURFACE FROM DISK
1674155.775	Study_Phase.SEQUENCE.Study_Instruction	LOADING RESOURCE SURFACE FROM DISK
1682420.246	Study_Phase.SEQUENCE.Study_Instruction	LOADING RESOURCE SURFACE FROM DISK
1682461.965	Study_Phase.SEQUENCE.Study_Instruction	LOADING RESOURCE SURFACE FROM DISK
1690755.257	Study_Phase.SEQUENCE.Study_Instruction	LOADING RESOURCE SURFACE FROM DISK
1699003.709	Study_Phase.SEQUENCE.Study_Instruction	LOADING RESOURCE SURFACE FROM DISK
1699030.794	Study_Phase.SEQUENCE.Study_Instruction	LOADING RESOURCE SURFACE FROM DISK
1707286.981	Study_Phase.SEQUENCE.Study_Instruction	LOADING RESOURCE SURFACE FROM DISK
1707332.059	Study_Phase.SEQUENCE.Study_Instruction	LOADING RESOURCE SURFACE FROM DISK
1715619.17	Study_Phase.SEQUENCE.Study_Instruction	LOADING RESOURCE SURFACE FROM DISK
1723905.037	Study_Phase.SEQUENCE.Study_Instruction	LOADING RESOURCE SURFACE FROM DISK
1732170.262	Study_Phase.SEQUENCE.Study_Instruction	LOADING RESOURCE SURFACE FROM DISK
1732209.676	Study_Phase.SEQUENCE.Study_Instruction	LOADING RESOURCE SURFACE FROM DISK
1740468.128	Study_Phase.SEQUENCE.Study_Instruction	LOADING RESOURCE SURFACE FROM DISK
1748716.964	Study_Phase.SEQUENCE.Study_Instruction	LOADING RESOURCE SURFACE FROM DISK
1756937.168	Study_Phase.SEQUENCE.Study_Instruction	LOADING RESOURCE SURFACE FROM DISK
1756972.864	Study_Phase.SEQUENCE.Study_Instruction	LOADING RESOURCE SURFACE FROM DISK
1765276.26	Study_Phase.SEQUENCE.Study_Instruction	LOADING RESOURCE SURFACE FROM DISK
1773537.145	Study_Phase.SEQUENCE.Study_Instruction	LOADING RESOURCE SURFACE FROM DISK
1773579.302	Study_Phase.SEQUENCE.Study_Instruction	LOADING RESOURCE SURFACE FROM DISK
1781820.139	Study_Phase.SEQUENCE.Study_Instruction	LOADING RESOURCE SURFACE FROM DISK
1781861.152	Study_Phase.SEQUENCE.Study_Instruction	LOADING RESOURCE SURFACE FROM DISK
1790238.907	Study_Phase.SEQUENCE.Study_Instruction	LOADING RESOURCE SURFACE FROM DISK
1798487.13	Study_Phase.SEQUENCE.Study_Instruction	LOADING RESOURCE SURFACE FROM DISK
1798523.089	Study_Phase.SEQUENCE.Study_Instruction	LOADING RESOURCE SURFACE FROM DISK
1806786.802	Study_Phase.SEQUENCE.Study_Instruction	LOADING RESOURCE SURFACE FROM DISK
1806830.002	Study_Phase.SEQUENCE.Study_Instruction	LOADING RESOURCE SURFACE FROM DISK
1815084.772	Study_Phase.SEQUENCE.Study_Instruction	LOADING RESOURCE SURFACE FROM DISK
1823337.463	Study_Phase.SEQUENCE.Study_Instruction	LOADING RESOURCE SURFACE FROM DISK
1823382.063	Study_Phase.SEQUENCE.Study_Instruction	LOADING RESOURCE SURFACE FROM DISK
1831676.401	Study_Phase.SEQUENCE.Study_Instruction	LOADING RESOURCE SURFACE FROM DISK
1839967.836	Study_Phase.SEQUENCE.Study_Instruction	LOADING RESOURCE SURFACE FROM DISK
1848227.849	Study_Phase.SEQUENCE.Study_Instruction	LOADING RESOURCE SURFACE FROM DISK
1856487.334	Study_Phase.SEQUENCE.Study_Instruction	LOADING RESOURCE SURFACE FROM DISK
1856526.821	Study_Phase.SEQUENCE.Study_Instruction	LOADING RESOURCE SURFACE FROM DISK
1864787.266	Study_Phase.SEQUENCE.Study_Instruction	LOADING RESOURCE SURFACE FROM DISK
1864824.745	Study_Phase.SEQUENCE.Study_Instruction	LOADING RESOURCE SURFACE FROM DISK
1873087.012	Study_Phase.SEQUENCE.Study_Instruction	LOADING RESOURCE SURFACE FROM DISK
1873089.341	Study_Phase.SEQUENCE.Study_Instruction	LOADING RESOURCE SURFACE FROM DISK
1881385.724	Study_Phase.SEQUENCE.Study_Instruction	LOADING RESOURCE SURFACE FROM DISK
1889677.77	Study_Phase.SEQUENCE.Study_Instruction	LOADING RESOURCE SURFACE FROM DISK
1897937.076	Study_Phase.SEQUENCE.Study_Instruction	LOADING RESOURCE SURFACE FROM DISK
1897979.718	Study_Phase.SEQUENCE.Study_Instruction	LOADING RESOURCE SURFACE FROM DISK
1906234.55	Study_Phase.SEQUENCE.Study_Instruction	LOADING RESOURCE SURFACE FROM DISK
1914487.22	Study_Phase.SEQUENCE.Study_Instruction	LOADING RESOURCE SURFACE FROM DISK
1914529.742	Study_Phase.SEQUENCE.Study_Instruction	LOADING RESOURCE SURFACE FROM DISK
1922787.002	Study_Phase.SEQUENCE.Study_Instruction	LOADING RESOURCE SURFACE FROM DISK
1922798.814	Study_Phase.SEQUENCE.Study_Instruction	LOADING RESOURCE SURFACE FROM DISK
1931092.584	Study_Phase.SEQUENCE.Study_Instruction	LOADING RESOURCE SURFACE FROM DISK
1939381.454	Study_Phase.SEQUENCE.Study_Instruction	LOADING RESOURCE SURFACE FROM DISK
1947637.143	Study_Phase.SEQUENCE.Study_Instruction	LOADING RESOURCE SURFACE FROM DISK
1947678.07	Study_Phase.SEQUENCE.Study_Instruction	LOADING RESOURCE SURFACE FROM DISK
1955958.914	Study_Phase.SEQUENCE.Study_Instruction	LOADING RESOURCE SURFACE FROM DISK
1964257.746	Study_Phase.SEQUENCE.Study_Instruction	LOADING RESOURCE SURFACE FROM DISK
1972552.186	Study_Phase.SEQUENCE.Study_Instruction	LOADING RESOURCE SURFACE FROM DISK
1980840.331	Study_Phase.SEQUENCE.Study_Instruction	LOADING RESOURCE SURFACE FROM DISK
1989140.943	Study_Phase.SEQUENCE.Study_Instruction	LOADING RESOURCE SURFACE FROM DISK
1997403.643	Study_Phase.SEQUENCE.Study_Instruction	LOADING RESOURCE SURFACE FROM DISK
1997442.542	Study_Phase.SEQUENCE.Study_Instruction	LOADING RESOURCE SURFACE FROM DISK
2005687.379	Study_Phase.SEQUENCE.Study_Instruction	LOADING RESOURCE SURFACE FROM DISK
2005729.778	Study_Phase.SEQUENCE.Study_Instruction	LOADING RESOURCE SURFACE FROM DISK
2013987.19	Study_Phase.SEQUENCE.Study_Instruction	LOADING RESOURCE SURFACE FROM DISK
2014030.944	Study_Phase.SEQUENCE.Study_Instruction	LOADING RESOURCE SURFACE FROM DISK
2022309.302	Study_Phase.SEQUENCE.Study_Instruction	LOADING RESOURCE SURFACE FROM DISK
2030598.632	Study_Phase.SEQUENCE.Study_Instruction	LOADING RESOURCE SURFACE FROM DISK
2038884.016	Study_Phase.SEQUENCE.Study_Instruction	LOADING RESOURCE SURFACE FROM DISK
2047137.155	Study_Phase.SEQUENCE.Study_Instruction	LOADING RESOURCE SURFACE FROM DISK
2047180.783	Study_Phase.SEQUENCE.Study_Instruction	LOADING RESOURCE SURFACE FROM DISK
2055475.07	Study_Phase.SEQUENCE.Study_Instruction	LOADING RESOURCE SURFACE FROM DISK
2063736.925	Study_Phase.SEQUENCE.Study_Instruction	LOADING RESOURCE SURFACE FROM DISK
2063777.365	Study_Phase.SEQUENCE.Study_Instruction	LOADING RESOURCE SURFACE FROM DISK
2072070.575	Study_Phase.SEQUENCE.Study_Instruction	LOADING RESOURCE SURFACE FROM DISK
2080320.682	Study_Phase.SEQUENCE.Study_Instruction	LOADING RESOURCE SURFACE FROM DISK
2080364.798	Study_Phase.SEQUENCE.Study_Instruction	LOADING RESOURCE SURFACE FROM DISK
2088695.732	Study_Phase.SEQUENCE.Study_Instruction	LOADING RESOURCE SURFACE FROM DISK
2096984.277	Study_Phase.SEQUENCE.Study_Instruction	LOADING RESOURCE SURFACE FROM DISK
2105220.506	Study_Phase.SEQUENCE.Study_Instruction	LOADING RESOURCE SURFACE FROM DISK
2105261.859	Study_Phase.SEQUENCE.Study_Instruction	LOADING RESOURCE SURFACE FROM DISK
2113559.296	Study_Phase.SEQUENCE.Study_Instruction	LOADING RESOURCE SURFACE FROM DISK
2121820.188	Study_Phase.SEQUENCE.Study_Instruction	LOADING RESOURCE SURFACE FROM DISK
2121858.171	Study_Phase.SEQUENCE.Study_Instruction	LOADING RESOURCE SURFACE FROM DISK
2130153.42	Study_Phase.SEQUENCE.Study_Instruction	LOADING RESOURCE SURFACE FROM DISK
2138387.175	Study_Phase.SEQUENCE.Study_Instruction	LOADING RESOURCE SURFACE FROM DISK
2138432.485	Study_Phase.SEQUENCE.Study_Instruction	LOADING RESOURCE SURFACE FROM DISK
2146683.453	Study_Phase.SEQUENCE.Study_Instruction	LOADING RESOURCE SURFACE FROM DISK
2154936.793	Study_Phase.SEQUENCE.Study_Instruction	LOADING RESOURCE SURFACE FROM DISK
2154974.603	Study_Phase.SEQUENCE.Study_Instruction	LOADING RESOURCE SURFACE FROM DISK
2163269.159	Study_Phase.SEQUENCE.Study_Instruction	LOADING RESOURCE SURFACE FROM DISK
2167980.291	DISPLAY_SCREEN[7]	LOADING RESOURCE SURFACE FROM DISK
2280936.244	Test_Phase.SEQUENCE.Target_Cue	LOADING RESOURCE SURFACE FROM DISK
2280937.95	Test_Phase.SEQUENCE.Target_Cue	LOADING RESOURCE SURFACE FROM DISK
2282966.646	Test_Phase.SEQUENCE.Word	LOADING RESOURCE SURFACE FROM DISK
2285983.175	Test_Phase.SEQUENCE.Test_Question	LOADING RESOURCE SURFACE FROM DISK
2286022.264	Test_Phase.SEQUENCE.Test_Question	LOADING RESOURCE SURFACE FROM DISK
2286031.222	Test_Phase.SEQUENCE.Test_Question	LOADING RESOURCE SURFACE FROM DISK
2286042.288	Test_Phase.SEQUENCE.Test_Question	LOADING RESOURCE SURFACE FROM DISK
2286057.101	Test_Phase.SEQUENCE.Test_Question	LOADING RESOURCE SURFACE FROM DISK
2286058.813	Test_Phase.SEQUENCE.Test_Question	LOADING RESOURCE SURFACE FROM DISK
2286062.412	Test_Phase.SEQUENCE.Test_Question	LOADING RESOURCE SURFACE FROM DISK
2286064.097	Test_Phase.SEQUENCE.Test_Question	LOADING RESOURCE SURFACE FROM DISK
2286065.731	Test_Phase.SEQUENCE.Test_Question	LOADING RESOURCE SURFACE FROM DISK
2286067.421	Test_Phase.SEQUENCE.Test_Question	LOADING RESOURCE SURFACE FROM DISK
2286069.0	Test_Phase.SEQUENCE.Test_Question	LOADING RESOURCE SURFACE FROM DISK
2286070.636	Test_Phase.SEQUENCE.Test_Question	LOADING RESOURCE SURFACE FROM DISK
2292973.033	Test_Phase.SEQUENCE.Word	LOADING RESOURCE SURFACE FROM DISK
2300958.123	Test_Phase.SEQUENCE.Word	LOADING RESOURCE SURFACE FROM DISK
2310300.131	Test_Phase.SEQUENCE.Word	LOADING RESOURCE SURFACE FROM DISK
2320132.327	Test_Phase.SEQUENCE.Word	LOADING RESOURCE SURFACE FROM DISK
2333766.814	Test_Phase.SEQUENCE.Word	LOADING RESOURCE SURFACE FROM DISK
2342066.861	Test_Phase.SEQUENCE.Word	LOADING RESOURCE SURFACE FROM DISK
2350239.757	Test_Phase.SEQUENCE.Word	LOADING RESOURCE SURFACE FROM DISK
2358875.676	Test_Phase.SEQUENCE.Word	LOADING RESOURCE SURFACE FROM DISK
2367952.858	Test_Phase.SEQUENCE.Word	LOADING RESOURCE SURFACE FROM DISK
2378283.433	Test_Phase.SEQUENCE.Word	LOADING RESOURCE SURFACE FROM DISK
2388533.357	Test_Phase.SEQUENCE.Word	LOADING RESOURCE SURFACE FROM DISK
2398125.376	Test_Phase.SEQUENCE.Word	LOADING RESOURCE SURFACE FROM DISK
2407166.872	Test_Phase.SEQUENCE.Word	LOADING RESOURCE SURFACE FROM DISK
2415005.435	Test_Phase.SEQUENCE.Word	LOADING RESOURCE SURFACE FROM DISK
2423583.42	Test_Phase.SEQUENCE.Word	LOADING RESOURCE SURFACE FROM DISK
2436749.989	Test_Phase.SEQUENCE.Word	LOADING RESOURCE SURFACE FROM DISK
2448433.488	Test_Phase.SEQUENCE.Word	LOADING RESOURCE SURFACE FROM DISK
2457833.357	Test_Phase.SEQUENCE.Word	LOADING RESOURCE SURFACE FROM DISK
2465633.256	Test_Phase.SEQUENCE.Word	LOADING RESOURCE SURFACE FROM DISK
2475466.631	Test_Phase.SEQUENCE.Word	LOADING RESOURCE SURFACE FROM DISK
2483700.148	Test_Phase.SEQUENCE.Word	LOADING RESOURCE SURFACE FROM DISK
2491816.855	Test_Phase.SEQUENCE.Word	LOADING RESOURCE SURFACE FROM DISK
2499860.053	Test_Phase.SEQUENCE.Word	LOADING RESOURCE SURFACE FROM DISK
2507366.794	Test_Phase.SEQUENCE.Word	LOADING RESOURCE SURFACE FROM DISK
2515690.883	Test_Phase.SEQUENCE.Word	LOADING RESOURCE SURFACE FROM DISK
2523516.966	Test_Phase.SEQUENCE.Word	LOADING RESOURCE SURFACE FROM DISK
2533390.812	Test_Phase.SEQUENCE.Word	LOADING RESOURCE SURFACE FROM DISK
2542081.942	Test_Phase.SEQUENCE.Word	LOADING RESOURCE SURFACE FROM DISK
2551536.154	Test_Phase.SEQUENCE.Word	LOADING RESOURCE SURFACE FROM DISK
2560200.26	Test_Phase.SEQUENCE.Word	LOADING RESOURCE SURFACE FROM DISK
2567851.978	Test_Phase.SEQUENCE.Word	LOADING RESOURCE SURFACE FROM DISK
2576033.292	Test_Phase.SEQUENCE.Word	LOADING RESOURCE SURFACE FROM DISK
2584275.029	Test_Phase.SEQUENCE.Word	LOADING RESOURCE SURFACE FROM DISK
2594116.44	Test_Phase.SEQUENCE.Word	LOADING RESOURCE SURFACE FROM DISK
2602603.886	Test_Phase.SEQUENCE.Word	LOADING RESOURCE SURFACE FROM DISK
2610816.745	Test_Phase.SEQUENCE.Word	LOADING RESOURCE SURFACE FROM DISK
2620550.093	Test_Phase.SEQUENCE.Word	LOADING RESOURCE SURFACE FROM DISK
2628733.451	Test_Phase.SEQUENCE.Word	LOADING RESOURCE SURFACE FROM DISK
2636716.767	Test_Phase.SEQUENCE.Word	LOADING RESOURCE SURFACE FROM DISK
2644716.763	Test_Phase.SEQUENCE.Word	LOADING RESOURCE SURFACE FROM DISK
2652558.35	Test_Phase.SEQUENCE.Word	LOADING RESOURCE SURFACE FROM DISK
2661166.793	Test_Phase.SEQUENCE.Word	LOADING RESOURCE SURFACE FROM DISK
2669176.11	Test_Phase.SEQUENCE.Word	LOADING RESOURCE SURFACE FROM DISK
2677683.489	Test_Phase.SEQUENCE.Word	LOADING RESOURCE SURFACE FROM DISK
2685416.969	Test_Phase.SEQUENCE.Word	LOADING RESOURCE SURFACE FROM DISK
2697466.693	Test_Phase.SEQUENCE.Word	LOADING RESOURCE SURFACE FROM DISK
2705183.195	Test_Phase.SEQUENCE.Word	LOADING RESOURCE SURFACE FROM DISK
2712916.692	Test_Phase.SEQUENCE.Word	LOADING RESOURCE SURFACE FROM DISK
2720533.267	Test_Phase.SEQUENCE.Word	LOADING RESOURCE SURFACE FROM DISK
2728241.489	Test_Phase.SEQUENCE.Word	LOADING RESOURCE SURFACE FROM DISK
2736816.629	Test_Phase.SEQUENCE.Word	LOADING RESOURCE SURFACE FROM DISK
2745000.137	Test_Phase.SEQUENCE.Word	LOADING RESOURCE SURFACE FROM DISK
2753133.307	Test_Phase.SEQUENCE.Word	LOADING RESOURCE SURFACE FROM DISK
2761600.014	Test_Phase.SEQUENCE.Word	LOADING RESOURCE SURFACE FROM DISK
2768970.653	Test_Phase.SEQUENCE.Word	LOADING RESOURCE SURFACE FROM DISK
2776282.215	Test_Phase.SEQUENCE.Word	LOADING RESOURCE SURFACE FROM DISK
2784516.782	Test_Phase.SEQUENCE.Word	LOADING RESOURCE SURFACE FROM DISK
2792216.687	Test_Phase.SEQUENCE.Word	LOADING RESOURCE SURFACE FROM DISK
2800266.774	Test_Phase.SEQUENCE.Word	LOADING RESOURCE SURFACE FROM DISK
2808528.774	Test_Phase.SEQUENCE.Word	LOADING RESOURCE SURFACE FROM DISK
2818333.448	Test_Phase.SEQUENCE.Word	LOADING RESOURCE SURFACE FROM DISK
2826533.401	Test_Phase.SEQUENCE.Word	LOADING RESOURCE SURFACE FROM DISK
2834766.618	Test_Phase.SEQUENCE.Word	LOADING RESOURCE SURFACE FROM DISK
2844650.138	Test_Phase.SEQUENCE.Word	LOADING RESOURCE SURFACE FROM DISK
2852616.794	Test_Phase.SEQUENCE.Word	LOADING RESOURCE SURFACE FROM DISK
2861033.403	Test_Phase.SEQUENCE.Word	LOADING RESOURCE SURFACE FROM DISK
2869474.024	Test_Phase.SEQUENCE.Word	LOADING RESOURCE SURFACE FROM DISK
2881633.336	Test_Phase.SEQUENCE.Word	LOADING RESOURCE SURFACE FROM DISK
2889333.254	Test_Phase.SEQUENCE.Word	LOADING RESOURCE SURFACE FROM DISK
2897099.932	Test_Phase.SEQUENCE.Word	LOADING RESOURCE SURFACE FROM DISK
2905000.154	Test_Phase.SEQUENCE.Word	LOADING RESOURCE SURFACE FROM DISK
2913267.68	Test_Phase.SEQUENCE.Word	LOADING RESOURCE SURFACE FROM DISK
2921250.019	Test_Phase.SEQUENCE.Word	LOADING RESOURCE SURFACE FROM DISK
2929560.568	Test_Phase.SEQUENCE.Word	LOADING RESOURCE SURFACE FROM DISK
2937885.819	Test_Phase.SEQUENCE.Word	LOADING RESOURCE SURFACE FROM DISK
2945150.206	Test_Phase.SEQUENCE.Word	LOADING RESOURCE SURFACE FROM DISK
2952533.237	Test_Phase.SEQUENCE.Word	LOADING RESOURCE SURFACE FROM DISK
2959750.102	Test_Phase.SEQUENCE.Word	LOADING RESOURCE SURFACE FROM DISK
2967933.43	Test_Phase.SEQUENCE.Word	LOADING RESOURCE SURFACE FROM DISK
2975575.987	Test_Phase.SEQUENCE.Word	LOADING RESOURCE SURFACE FROM DISK
2984102.968	Test_Phase.SEQUENCE.Word	LOADING RESOURCE SURFACE FROM DISK
2992666.66	Test_Phase.SEQUENCE.Word	LOADING RESOURCE SURFACE FROM DISK
3001399.983	Test_Phase.SEQUENCE.Word	LOADING RESOURCE SURFACE FROM DISK
3009632.844	Test_Phase.SEQUENCE.Word	LOADING RESOURCE SURFACE FROM DISK
3019516.971	Test_Phase.SEQUENCE.Word	LOADING RESOURCE SURFACE FROM DISK
3027866.742	Test_Phase.SEQUENCE.Word	LOADING RESOURCE SURFACE FROM DISK
3037550.031	Test_Phase.SEQUENCE.Word	LOADING RESOURCE SURFACE FROM DISK
3045300.111	Test_Phase.SEQUENCE.Word	LOADING RESOURCE SURFACE FROM DISK
3054783.352	Test_Phase.SEQUENCE.Word	LOADING RESOURCE SURFACE FROM DISK
3062150.053	Test_Phase.SEQUENCE.Word	LOADING RESOURCE SURFACE FROM DISK
3070349.96	Test_Phase.SEQUENCE.Word	LOADING RESOURCE SURFACE FROM DISK
3078950.278	Test_Phase.SEQUENCE.Word	LOADING RESOURCE SURFACE FROM DISK
3086716.935	Test_Phase.SEQUENCE.Word	LOADING RESOURCE SURFACE FROM DISK
3096300.108	Test_Phase.SEQUENCE.Word	LOADING RESOURCE SURFACE FROM DISK
3112802.299	Test_Phase.SEQUENCE.Word	LOADING RESOURCE SURFACE FROM DISK
3121616.664	Test_Phase.SEQUENCE.Word	LOADING RESOURCE SURFACE FROM DISK
3129750.015	Test_Phase.SEQUENCE.Word	LOADING RESOURCE SURFACE FROM DISK
3137733.326	Test_Phase.SEQUENCE.Word	LOADING RESOURCE SURFACE FROM DISK
3147933.475	Test_Phase.SEQUENCE.Word	LOADING RESOURCE SURFACE FROM DISK
3155683.181	Test_Phase.SEQUENCE.Word	LOADING RESOURCE SURFACE FROM DISK
3163749.978	Test_Phase.SEQUENCE.Word	LOADING RESOURCE SURFACE FROM DISK
3172916.829	Test_Phase.SEQUENCE.Word	LOADING RESOURCE SURFACE FROM DISK
3180350.286	Test_Phase.SEQUENCE.Word	LOADING RESOURCE SURFACE FROM DISK
3188186.351	Test_Phase.SEQUENCE.Word	LOADING RESOURCE SURFACE FROM DISK
3196502.976	Test_Phase.SEQUENCE.Word	LOADING RESOURCE SURFACE FROM DISK
3204149.947	Test_Phase.SEQUENCE.Word	LOADING RESOURCE SURFACE FROM DISK
3217833.374	Test_Phase.SEQUENCE.Word	LOADING RESOURCE SURFACE FROM DISK
3225283.448	Test_Phase.SEQUENCE.Word	LOADING RESOURCE SURFACE FROM DISK
3233083.394	Test_Phase.SEQUENCE.Word	LOADING RESOURCE SURFACE FROM DISK
3241123.679	Test_Phase.SEQUENCE.Word	LOADING RESOURCE SURFACE FROM DISK
3248736.197	Test_Phase.SEQUENCE.Word	LOADING RESOURCE SURFACE FROM DISK
3256333.483	Test_Phase.SEQUENCE.Word	LOADING RESOURCE SURFACE FROM DISK
3264350.396	Test_Phase.SEQUENCE.Word	LOADING RESOURCE SURFACE FROM DISK
3271966.802	Test_Phase.SEQUENCE.Word	LOADING RESOURCE SURFACE FROM DISK
3279775.199	Test_Phase.SEQUENCE.Word	LOADING RESOURCE SURFACE FROM DISK
3287433.303	Test_Phase.SEQUENCE.Word	LOADING RESOURCE SURFACE FROM DISK
3295468.576	Test_Phase.SEQUENCE.Word	LOADING RESOURCE SURFACE FROM DISK
3304433.461	Test_Phase.SEQUENCE.Word	LOADING RESOURCE SURFACE FROM DISK
3315957.04	Test_Phase.SEQUENCE.Word	LOADING RESOURCE SURFACE FROM DISK
3323870.278	Test_Phase.SEQUENCE.Word	LOADING RESOURCE SURFACE FROM DISK
3331750.011	Test_Phase.SEQUENCE.Word	LOADING RESOURCE SURFACE FROM DISK
3339416.588	Test_Phase.SEQUENCE.Word	LOADING RESOURCE SURFACE FROM DISK
3347139.431	Test_Phase.SEQUENCE.Word	LOADING RESOURCE SURFACE FROM DISK
3355949.992	Test_Phase.SEQUENCE.Word	LOADING RESOURCE SURFACE FROM DISK
3363533.41	Test_Phase.SEQUENCE.Word	LOADING RESOURCE SURFACE FROM DISK
3375019.148	Test_Phase.SEQUENCE.Word	LOADING RESOURCE SURFACE FROM DISK
3385185.501	Test_Phase.SEQUENCE.Word	LOADING RESOURCE SURFACE FROM DISK
3393219.063	Test_Phase.SEQUENCE.Word	LOADING RESOURCE SURFACE FROM DISK
3400623.622	Test_Phase.SEQUENCE.Word	LOADING RESOURCE SURFACE FROM DISK
3408883.562	Test_Phase.SEQUENCE.Word	LOADING RESOURCE SURFACE FROM DISK
3418366.759	Test_Phase.SEQUENCE.Word	LOADING RESOURCE SURFACE FROM DISK
3427100.015	Test_Phase.SEQUENCE.Word	LOADING RESOURCE SURFACE FROM DISK
3434775.015	Test_Phase.SEQUENCE.Word	LOADING RESOURCE SURFACE FROM DISK
3443210.922	Test_Phase.SEQUENCE.Word	LOADING RESOURCE SURFACE FROM DISK
3450883.417	Test_Phase.SEQUENCE.Word	LOADING RESOURCE SURFACE FROM DISK
3460183.34	Test_Phase.SEQUENCE.Word	LOADING RESOURCE SURFACE FROM DISK
3469416.882	Test_Phase.SEQUENCE.Word	LOADING RESOURCE SURFACE FROM DISK
3477666.678	Test_Phase.SEQUENCE.Word	LOADING RESOURCE SURFACE FROM DISK
3485382.996	Test_Phase.SEQUENCE.Word	LOADING RESOURCE SURFACE FROM DISK
3494218.186	Test_Phase.SEQUENCE.Word	LOADING RESOURCE SURFACE FROM DISK
3502050.174	Test_Phase.SEQUENCE.Word	LOADING RESOURCE SURFACE FROM DISK
3509700.137	Test_Phase.SEQUENCE.Word	LOADING RESOURCE SURFACE FROM DISK
3517152.766	Test_Phase.SEQUENCE.Word	LOADING RESOURCE SURFACE FROM DISK
3525116.898	Test_Phase.SEQUENCE.Word	LOADING RESOURCE SURFACE FROM DISK
3532733.383	Test_Phase.SEQUENCE.Word	LOADING RESOURCE SURFACE FROM DISK
3540350.171	Test_Phase.SEQUENCE.Word	LOADING RESOURCE SURFACE FROM DISK
3547966.804	Test_Phase.SEQUENCE.Word	LOADING RESOURCE SURFACE FROM DISK
3557000.148	Test_Phase.SEQUENCE.Word	LOADING RESOURCE SURFACE FROM DISK
3564621.132	Test_Phase.SEQUENCE.Word	LOADING RESOURCE SURFACE FROM DISK
3574337.701	Test_Phase.SEQUENCE.Word	LOADING RESOURCE SURFACE FROM DISK
3581800.109	Test_Phase.SEQUENCE.Word	LOADING RESOURCE SURFACE FROM DISK
3589433.301	Test_Phase.SEQUENCE.Word	LOADING RESOURCE SURFACE FROM DISK
3598366.855	Test_Phase.SEQUENCE.Word	LOADING RESOURCE SURFACE FROM DISK
3606756.648	Test_Phase.SEQUENCE.Word	LOADING RESOURCE SURFACE FROM DISK
3614867.021	Test_Phase.SEQUENCE.Word	LOADING RESOURCE SURFACE FROM DISK
3622141.921	Test_Phase.SEQUENCE.Word	LOADING RESOURCE SURFACE FROM DISK
3629700.092	Test_Phase.SEQUENCE.Word	LOADING RESOURCE SURFACE FROM DISK
3637575.879	Test_Phase.SEQUENCE.Word	LOADING RESOURCE SURFACE FROM DISK
3645400.086	Test_Phase.SEQUENCE.Word	LOADING RESOURCE SURFACE FROM DISK
3653116.177	Test_Phase.SEQUENCE.Word	LOADING RESOURCE SURFACE FROM DISK
3660868.012	Test_Phase.SEQUENCE.Word	LOADING RESOURCE SURFACE FROM DISK
3671466.651	Test_Phase.SEQUENCE.Word	LOADING RESOURCE SURFACE FROM DISK
3679299.098	Test_Phase.SEQUENCE.Word	LOADING RESOURCE SURFACE FROM DISK
3688053.499	Test_Phase.SEQUENCE.Word	LOADING RESOURCE SURFACE FROM DISK
3696433.669	Test_Phase.SEQUENCE.Word	LOADING RESOURCE SURFACE FROM DISK
3704183.661	Test_Phase.SEQUENCE.Word	LOADING RESOURCE SURFACE FROM DISK
3712218.815	Test_Phase.SEQUENCE.Word	LOADING RESOURCE SURFACE FROM DISK
3722454.943	Test_Phase.SEQUENCE.Word	LOADING RESOURCE SURFACE FROM DISK
3730300.317	Test_Phase.SEQUENCE.Word	LOADING RESOURCE SURFACE FROM DISK
3738057.428	Test_Phase.SEQUENCE.Word	LOADING RESOURCE SURFACE FROM DISK
3745905.062	Test_Phase.SEQUENCE.Word	LOADING RESOURCE SURFACE FROM DISK
3753685.574	Test_Phase.SEQUENCE.Word	LOADING RESOURCE SURFACE FROM DISK
3762600.762	Test_Phase.SEQUENCE.Word	LOADING RESOURCE SURFACE FROM DISK
3770333.457	Test_Phase.SEQUENCE.Word	LOADING RESOURCE SURFACE FROM DISK
3778049.883	Test_Phase.SEQUENCE.Word	LOADING RESOURCE SURFACE FROM DISK
3785842.617	Test_Phase.SEQUENCE.Word	LOADING RESOURCE SURFACE FROM DISK
3794999.872	Test_Phase.SEQUENCE.Word	LOADING RESOURCE SURFACE FROM DISK
3802699.962	Test_Phase.SEQUENCE.Word	LOADING RESOURCE SURFACE FROM DISK
3810874.506	Test_Phase.SEQUENCE.Word	LOADING RESOURCE SURFACE FROM DISK
3819892.147	Test_Phase.SEQUENCE.Word	LOADING RESOURCE SURFACE FROM DISK
3829606.846	Test_Phase.SEQUENCE.Word	LOADING RESOURCE SURFACE FROM DISK
3837633.347	Test_Phase.SEQUENCE.Word	LOADING RESOURCE SURFACE FROM DISK
3845559.962	Test_Phase.SEQUENCE.Word	LOADING RESOURCE SURFACE FROM DISK
3854953.942	Test_Phase.SEQUENCE.Word	LOADING RESOURCE SURFACE FROM DISK
3863366.842	Test_Phase.SEQUENCE.Word	LOADING RESOURCE SURFACE FROM DISK
3871208.93	Test_Phase.SEQUENCE.Word	LOADING RESOURCE SURFACE FROM DISK
3879366.699	Test_Phase.SEQUENCE.Word	LOADING RESOURCE SURFACE FROM DISK
3886750.189	Test_Phase.SEQUENCE.Word	LOADING RESOURCE SURFACE FROM DISK
3894675.111	Test_Phase.SEQUENCE.Word	LOADING RESOURCE SURFACE FROM DISK
3903366.734	Test_Phase.SEQUENCE.Word	LOADING RESOURCE SURFACE FROM DISK
3911849.97	Test_Phase.SEQUENCE.Word	LOADING RESOURCE SURFACE FROM DISK
3919609.049	Test_Phase.SEQUENCE.Word	LOADING RESOURCE SURFACE FROM DISK
3928374.285	Test_Phase.SEQUENCE.Word	LOADING RESOURCE SURFACE FROM DISK
3936016.668	Test_Phase.SEQUENCE.Word	LOADING RESOURCE SURFACE FROM DISK
3944417.913	Test_Phase.SEQUENCE.Word	LOADING RESOURCE SURFACE FROM DISK
3953751.313	Test_Phase.SEQUENCE.Word	LOADING RESOURCE SURFACE FROM DISK
3962616.806	Test_Phase.SEQUENCE.Word	LOADING RESOURCE SURFACE FROM DISK
3970716.793	Test_Phase.SEQUENCE.Word	LOADING RESOURCE SURFACE FROM DISK
3975182.539	DISPLAY_SCREEN	LOADING RESOURCE SURFACE FROM DISK
