5224.656	DISPLAY_SCREEN[1]	LOADING RESOURCE SURFACE FROM DISK
103202.616	Familiarization_Phase.SEQUENCE.Cue_and_Instruction	LOADING RESOURCE SURFACE FROM DISK
103206.802	Familiarization_Phase.SEQUENCE.Cue_and_Instruction	LOADING RESOURCE SURFACE FROM DISK
109296.989	Familiarization_Phase.SEQUENCE.Cue_and_Instruction	LOADING RESOURCE SURFACE FROM DISK
109307.402	Familiarization_Phase.SEQUENCE.Cue_and_Instruction	LOADING RESOURCE SURFACE FROM DISK
115394.512	Familiarization_Phase.SEQUENCE.Cue_and_Instruction	LOADING RESOURCE SURFACE FROM DISK
115406.723	Familiarization_Phase.SEQUENCE.Cue_and_Instruction	LOADING RESOURCE SURFACE FROM DISK
157820.035	DISPLAY_SCREEN[3]	LOADING RESOURCE SURFACE FROM DISK
255417.779	DISPLAY_SCREEN[5]	LOADING RESOURCE SURFACE FROM DISK
331415.489	Practice_Phase.SEQUENCE.Blink_Screen	LOADING RESOURCE SURFACE FROM DISK
331416.591	Practice_Phase.SEQUENCE.Blink_Screen	flip time is later than desired time. Desired Time=331399 Flip Time=331432 Retrace Rate=16.641, prepareTime=41 flip request time 331416
332648.575	Practice_Phase.SEQUENCE.Luminance_Cue[1]	LOADING RESOURCE SURFACE FROM DISK
332662.429	Practice_Phase.SEQUENCE.Luminance_Cue[1]	LOADING RESOURCE SURFACE FROM DISK
332664.094	Practice_Phase.SEQUENCE.Luminance_Cue[1]	flip time is later than desired time. Desired Time=332632 Flip Time=332682 Retrace Rate=16.641, prepareTime=55 flip request time 332663
333173.207	Practice_Phase.SEQUENCE.Practice_Instruction	LOADING RESOURCE SURFACE FROM DISK
333176.048	Practice_Phase.SEQUENCE.Practice_Instruction	LOADING RESOURCE SURFACE FROM DISK
333177.776	Practice_Phase.SEQUENCE.Practice_Instruction	flip time is later than desired time. Desired Time=333182 Flip Time=333199 Retrace Rate=16.641, prepareTime=19 flip request time 333177
336680.87	Practice_Phase.SEQUENCE.Action_cue[1]	LOADING RESOURCE SURFACE FROM DISK
341333.447	Practice_Phase.SEQUENCE.Practice_Instruction	LOADING RESOURCE SURFACE FROM DISK
341348.324	Practice_Phase.SEQUENCE.Practice_Instruction	LOADING RESOURCE SURFACE FROM DISK
341350.027	Practice_Phase.SEQUENCE.Practice_Instruction	flip time is later than desired time. Desired Time=341316 Flip Time=341366 Retrace Rate=16.641, prepareTime=58 flip request time 341349
349414.386	Practice_Phase.SEQUENCE.Practice_Instruction	LOADING RESOURCE SURFACE FROM DISK
349416.982	Practice_Phase.SEQUENCE.Practice_Instruction	LOADING RESOURCE SURFACE FROM DISK
357480.554	Practice_Phase.SEQUENCE.Practice_Instruction	LOADING RESOURCE SURFACE FROM DISK
357525.744	Practice_Phase.SEQUENCE.Practice_Instruction	LOADING RESOURCE SURFACE FROM DISK
357527.438	Practice_Phase.SEQUENCE.Practice_Instruction	flip time is later than desired time. Desired Time=357499 Flip Time=357549 Retrace Rate=16.641, prepareTime=52 flip request time 357527
365597.167	Practice_Phase.SEQUENCE.Practice_Instruction	LOADING RESOURCE SURFACE FROM DISK
365600.003	Practice_Phase.SEQUENCE.Practice_Instruction	LOADING RESOURCE SURFACE FROM DISK
373664.128	Practice_Phase.SEQUENCE.Practice_Instruction	LOADING RESOURCE SURFACE FROM DISK
373666.984	Practice_Phase.SEQUENCE.Practice_Instruction	LOADING RESOURCE SURFACE FROM DISK
381730.504	Practice_Phase.SEQUENCE.Practice_Instruction	LOADING RESOURCE SURFACE FROM DISK
381769.405	Practice_Phase.SEQUENCE.Practice_Instruction	LOADING RESOURCE SURFACE FROM DISK
381771.007	Practice_Phase.SEQUENCE.Practice_Instruction	flip time is later than desired time. Desired Time=381749 Flip Time=381782 Retrace Rate=16.641, prepareTime=45 flip request time 381770
389830.593	Practice_Phase.SEQUENCE.Practice_Instruction	LOADING RESOURCE SURFACE FROM DISK
389833.32	Practice_Phase.SEQUENCE.Practice_Instruction	LOADING RESOURCE SURFACE FROM DISK
397897.207	Practice_Phase.SEQUENCE.Practice_Instruction	LOADING RESOURCE SURFACE FROM DISK
397899.872	Practice_Phase.SEQUENCE.Practice_Instruction	LOADING RESOURCE SURFACE FROM DISK
404061.647	DISPLAY_SCREEN[2]	LOADING RESOURCE SURFACE FROM DISK
548422.594	Study_Phase.SEQUENCE.Study_Instruction	LOADING RESOURCE SURFACE FROM DISK
548709.618	Study_Phase.SEQUENCE.Study_Instruction	LOADING RESOURCE SURFACE FROM DISK
557007.536	Study_Phase.SEQUENCE.Study_Instruction	LOADING RESOURCE SURFACE FROM DISK
565326.826	Study_Phase.SEQUENCE.Study_Instruction	LOADING RESOURCE SURFACE FROM DISK
573589.382	Study_Phase.SEQUENCE.Study_Instruction	LOADING RESOURCE SURFACE FROM DISK
573591.899	Study_Phase.SEQUENCE.Study_Instruction	LOADING RESOURCE SURFACE FROM DISK
581892.104	Study_Phase.SEQUENCE.Study_Instruction	LOADING RESOURCE SURFACE FROM DISK
590160.944	Study_Phase.SEQUENCE.Study_Instruction	LOADING RESOURCE SURFACE FROM DISK
598453.391	Study_Phase.SEQUENCE.Study_Instruction	LOADING RESOURCE SURFACE FROM DISK
606758.045	Study_Phase.SEQUENCE.Study_Instruction	LOADING RESOURCE SURFACE FROM DISK
615022.507	Study_Phase.SEQUENCE.Study_Instruction	LOADING RESOURCE SURFACE FROM DISK
615024.984	Study_Phase.SEQUENCE.Study_Instruction	LOADING RESOURCE SURFACE FROM DISK
623335.062	Study_Phase.SEQUENCE.Study_Instruction	LOADING RESOURCE SURFACE FROM DISK
631585.789	Study_Phase.SEQUENCE.Study_Instruction	LOADING RESOURCE SURFACE FROM DISK
639856.123	Study_Phase.SEQUENCE.Study_Instruction	LOADING RESOURCE SURFACE FROM DISK
639858.753	Study_Phase.SEQUENCE.Study_Instruction	LOADING RESOURCE SURFACE FROM DISK
648136.785	Study_Phase.SEQUENCE.Study_Instruction	LOADING RESOURCE SURFACE FROM DISK
656405.743	Study_Phase.SEQUENCE.Study_Instruction	LOADING RESOURCE SURFACE FROM DISK
656449.938	Study_Phase.SEQUENCE.Study_Instruction	LOADING RESOURCE SURFACE FROM DISK
664722.609	Study_Phase.SEQUENCE.Study_Instruction	LOADING RESOURCE SURFACE FROM DISK
664767.453	Study_Phase.SEQUENCE.Study_Instruction	LOADING RESOURCE SURFACE FROM DISK
673039.561	Study_Phase.SEQUENCE.Study_Instruction	LOADING RESOURCE SURFACE FROM DISK
673042.348	Study_Phase.SEQUENCE.Study_Instruction	LOADING RESOURCE SURFACE FROM DISK
681319.054	Study_Phase.SEQUENCE.Study_Instruction	LOADING RESOURCE SURFACE FROM DISK
689586.879	Study_Phase.SEQUENCE.Study_Instruction	LOADING RESOURCE SURFACE FROM DISK
697855.899	Study_Phase.SEQUENCE.Study_Instruction	LOADING RESOURCE SURFACE FROM DISK
697897.508	Study_Phase.SEQUENCE.Study_Instruction	LOADING RESOURCE SURFACE FROM DISK
706172.447	Study_Phase.SEQUENCE.Study_Instruction	LOADING RESOURCE SURFACE FROM DISK
706175.236	Study_Phase.SEQUENCE.Study_Instruction	LOADING RESOURCE SURFACE FROM DISK
714439.387	Study_Phase.SEQUENCE.Study_Instruction	LOADING RESOURCE SURFACE FROM DISK
714454.396	Study_Phase.SEQUENCE.Study_Instruction	LOADING RESOURCE SURFACE FROM DISK
722754.05	Study_Phase.SEQUENCE.Study_Instruction	LOADING RESOURCE SURFACE FROM DISK
731022.608	Study_Phase.SEQUENCE.Study_Instruction	LOADING RESOURCE SURFACE FROM DISK
731025.302	Study_Phase.SEQUENCE.Study_Instruction	LOADING RESOURCE SURFACE FROM DISK
739303.429	Study_Phase.SEQUENCE.Study_Instruction	LOADING RESOURCE SURFACE FROM DISK
747572.452	Study_Phase.SEQUENCE.Study_Instruction	LOADING RESOURCE SURFACE FROM DISK
747615.312	Study_Phase.SEQUENCE.Study_Instruction	LOADING RESOURCE SURFACE FROM DISK
755920.419	Study_Phase.SEQUENCE.Study_Instruction	LOADING RESOURCE SURFACE FROM DISK
764189.233	Study_Phase.SEQUENCE.Study_Instruction	LOADING RESOURCE SURFACE FROM DISK
764191.747	Study_Phase.SEQUENCE.Study_Instruction	LOADING RESOURCE SURFACE FROM DISK
772513.187	Study_Phase.SEQUENCE.Study_Instruction	LOADING RESOURCE SURFACE FROM DISK
780785.704	Study_Phase.SEQUENCE.Study_Instruction	LOADING RESOURCE SURFACE FROM DISK
789055.744	Study_Phase.SEQUENCE.Study_Instruction	LOADING RESOURCE SURFACE FROM DISK
789096.795	Study_Phase.SEQUENCE.Study_Instruction	LOADING RESOURCE SURFACE FROM DISK
797372.511	Study_Phase.SEQUENCE.Study_Instruction	LOADING RESOURCE SURFACE FROM DISK
797375.178	Study_Phase.SEQUENCE.Study_Instruction	LOADING RESOURCE SURFACE FROM DISK
805690.889	Study_Phase.SEQUENCE.Study_Instruction	LOADING RESOURCE SURFACE FROM DISK
813952.414	Study_Phase.SEQUENCE.Study_Instruction	LOADING RESOURCE SURFACE FROM DISK
822240.658	Study_Phase.SEQUENCE.Study_Instruction	LOADING RESOURCE SURFACE FROM DISK
830539.52	Study_Phase.SEQUENCE.Study_Instruction	LOADING RESOURCE SURFACE FROM DISK
838844.614	Study_Phase.SEQUENCE.Study_Instruction	LOADING RESOURCE SURFACE FROM DISK
847156.602	Study_Phase.SEQUENCE.Study_Instruction	LOADING RESOURCE SURFACE FROM DISK
855422.421	Study_Phase.SEQUENCE.Study_Instruction	LOADING RESOURCE SURFACE FROM DISK
855425.026	Study_Phase.SEQUENCE.Study_Instruction	LOADING RESOURCE SURFACE FROM DISK
863729.269	Study_Phase.SEQUENCE.Study_Instruction	LOADING RESOURCE SURFACE FROM DISK
872005.955	Study_Phase.SEQUENCE.Study_Instruction	LOADING RESOURCE SURFACE FROM DISK
872043.944	Study_Phase.SEQUENCE.Study_Instruction	LOADING RESOURCE SURFACE FROM DISK
880322.586	Study_Phase.SEQUENCE.Study_Instruction	LOADING RESOURCE SURFACE FROM DISK
880362.26	Study_Phase.SEQUENCE.Study_Instruction	LOADING RESOURCE SURFACE FROM DISK
888639.18	Study_Phase.SEQUENCE.Study_Instruction	LOADING RESOURCE SURFACE FROM DISK
888641.81	Study_Phase.SEQUENCE.Study_Instruction	LOADING RESOURCE SURFACE FROM DISK
896952.921	Study_Phase.SEQUENCE.Study_Instruction	LOADING RESOURCE SURFACE FROM DISK
905220.245	Study_Phase.SEQUENCE.Study_Instruction	LOADING RESOURCE SURFACE FROM DISK
913489.259	Study_Phase.SEQUENCE.Study_Instruction	LOADING RESOURCE SURFACE FROM DISK
913535.311	Study_Phase.SEQUENCE.Study_Instruction	LOADING RESOURCE SURFACE FROM DISK
921814.026	Study_Phase.SEQUENCE.Study_Instruction	LOADING RESOURCE SURFACE FROM DISK
930123.385	Study_Phase.SEQUENCE.Study_Instruction	LOADING RESOURCE SURFACE FROM DISK
938389.545	Study_Phase.SEQUENCE.Study_Instruction	LOADING RESOURCE SURFACE FROM DISK
938425.055	Study_Phase.SEQUENCE.Study_Instruction	LOADING RESOURCE SURFACE FROM DISK
946702.783	Study_Phase.SEQUENCE.Study_Instruction	LOADING RESOURCE SURFACE FROM DISK
955007.443	Study_Phase.SEQUENCE.Study_Instruction	LOADING RESOURCE SURFACE FROM DISK
963289.298	Study_Phase.SEQUENCE.Study_Instruction	LOADING RESOURCE SURFACE FROM DISK
963325.464	Study_Phase.SEQUENCE.Study_Instruction	LOADING RESOURCE SURFACE FROM DISK
971636.366	Study_Phase.SEQUENCE.Study_Instruction	LOADING RESOURCE SURFACE FROM DISK
979906.024	Study_Phase.SEQUENCE.Study_Instruction	LOADING RESOURCE SURFACE FROM DISK
979936.378	Study_Phase.SEQUENCE.Study_Instruction	LOADING RESOURCE SURFACE FROM DISK
988236.061	Study_Phase.SEQUENCE.Study_Instruction	LOADING RESOURCE SURFACE FROM DISK
996523.296	Study_Phase.SEQUENCE.Study_Instruction	LOADING RESOURCE SURFACE FROM DISK
1004805.998	Study_Phase.SEQUENCE.Study_Instruction	LOADING RESOURCE SURFACE FROM DISK
1004849.953	Study_Phase.SEQUENCE.Study_Instruction	LOADING RESOURCE SURFACE FROM DISK
1013152.338	Study_Phase.SEQUENCE.Study_Instruction	LOADING RESOURCE SURFACE FROM DISK
1021455.7	Study_Phase.SEQUENCE.Study_Instruction	LOADING RESOURCE SURFACE FROM DISK
1029722.46	Study_Phase.SEQUENCE.Study_Instruction	LOADING RESOURCE SURFACE FROM DISK
1029760.394	Study_Phase.SEQUENCE.Study_Instruction	LOADING RESOURCE SURFACE FROM DISK
1038036.931	Study_Phase.SEQUENCE.Study_Instruction	LOADING RESOURCE SURFACE FROM DISK
1046305.759	Study_Phase.SEQUENCE.Study_Instruction	LOADING RESOURCE SURFACE FROM DISK
1046351.163	Study_Phase.SEQUENCE.Study_Instruction	LOADING RESOURCE SURFACE FROM DISK
1054656.949	Study_Phase.SEQUENCE.Study_Instruction	LOADING RESOURCE SURFACE FROM DISK
1062939.028	Study_Phase.SEQUENCE.Study_Instruction	LOADING RESOURCE SURFACE FROM DISK
1062982.905	Study_Phase.SEQUENCE.Study_Instruction	LOADING RESOURCE SURFACE FROM DISK
1071284.981	Study_Phase.SEQUENCE.Study_Instruction	LOADING RESOURCE SURFACE FROM DISK
1079555.937	Study_Phase.SEQUENCE.Study_Instruction	LOADING RESOURCE SURFACE FROM DISK
1079597.553	Study_Phase.SEQUENCE.Study_Instruction	LOADING RESOURCE SURFACE FROM DISK
1087853.643	Study_Phase.SEQUENCE.Study_Instruction	LOADING RESOURCE SURFACE FROM DISK
1096122.671	Study_Phase.SEQUENCE.Study_Instruction	LOADING RESOURCE SURFACE FROM DISK
1096164.305	Study_Phase.SEQUENCE.Study_Instruction	LOADING RESOURCE SURFACE FROM DISK
1104439.057	Study_Phase.SEQUENCE.Study_Instruction	LOADING RESOURCE SURFACE FROM DISK
1104485.94	Study_Phase.SEQUENCE.Study_Instruction	LOADING RESOURCE SURFACE FROM DISK
1112755.943	Study_Phase.SEQUENCE.Study_Instruction	LOADING RESOURCE SURFACE FROM DISK
1112797.39	Study_Phase.SEQUENCE.Study_Instruction	LOADING RESOURCE SURFACE FROM DISK
1121053.791	Study_Phase.SEQUENCE.Study_Instruction	LOADING RESOURCE SURFACE FROM DISK
1129322.43	Study_Phase.SEQUENCE.Study_Instruction	LOADING RESOURCE SURFACE FROM DISK
1129324.955	Study_Phase.SEQUENCE.Study_Instruction	LOADING RESOURCE SURFACE FROM DISK
1137585.852	Study_Phase.SEQUENCE.Study_Instruction	LOADING RESOURCE SURFACE FROM DISK
1145885.763	Study_Phase.SEQUENCE.Study_Instruction	LOADING RESOURCE SURFACE FROM DISK
1154152.374	Study_Phase.SEQUENCE.Study_Instruction	LOADING RESOURCE SURFACE FROM DISK
1162457.523	Study_Phase.SEQUENCE.Study_Instruction	LOADING RESOURCE SURFACE FROM DISK
1170768.88	Study_Phase.SEQUENCE.Study_Instruction	LOADING RESOURCE SURFACE FROM DISK
1179036.871	Study_Phase.SEQUENCE.Study_Instruction	LOADING RESOURCE SURFACE FROM DISK
1187339.474	Study_Phase.SEQUENCE.Study_Instruction	LOADING RESOURCE SURFACE FROM DISK
1195645.562	Study_Phase.SEQUENCE.Study_Instruction	LOADING RESOURCE SURFACE FROM DISK
1203922.558	Study_Phase.SEQUENCE.Study_Instruction	LOADING RESOURCE SURFACE FROM DISK
1203961.605	Study_Phase.SEQUENCE.Study_Instruction	LOADING RESOURCE SURFACE FROM DISK
1212269.307	Study_Phase.SEQUENCE.Study_Instruction	LOADING RESOURCE SURFACE FROM DISK
1220574.522	Study_Phase.SEQUENCE.Study_Instruction	LOADING RESOURCE SURFACE FROM DISK
1228855.895	Study_Phase.SEQUENCE.Study_Instruction	LOADING RESOURCE SURFACE FROM DISK
1228895.539	Study_Phase.SEQUENCE.Study_Instruction	LOADING RESOURCE SURFACE FROM DISK
1237172.579	Study_Phase.SEQUENCE.Study_Instruction	LOADING RESOURCE SURFACE FROM DISK
1237175.859	Study_Phase.SEQUENCE.Study_Instruction	LOADING RESOURCE SURFACE FROM DISK
1245453.608	Study_Phase.SEQUENCE.Study_Instruction	LOADING RESOURCE SURFACE FROM DISK
1253722.925	Study_Phase.SEQUENCE.Study_Instruction	LOADING RESOURCE SURFACE FROM DISK
1253757.523	Study_Phase.SEQUENCE.Study_Instruction	LOADING RESOURCE SURFACE FROM DISK
1262070.561	Study_Phase.SEQUENCE.Study_Instruction	LOADING RESOURCE SURFACE FROM DISK
1270378.851	Study_Phase.SEQUENCE.Study_Instruction	LOADING RESOURCE SURFACE FROM DISK
1278652.444	Study_Phase.SEQUENCE.Study_Instruction	LOADING RESOURCE SURFACE FROM DISK
1286922.439	Study_Phase.SEQUENCE.Study_Instruction	LOADING RESOURCE SURFACE FROM DISK
1286964.606	Study_Phase.SEQUENCE.Study_Instruction	LOADING RESOURCE SURFACE FROM DISK
1295239.219	Study_Phase.SEQUENCE.Study_Instruction	LOADING RESOURCE SURFACE FROM DISK
1295281.327	Study_Phase.SEQUENCE.Study_Instruction	LOADING RESOURCE SURFACE FROM DISK
1303553.538	Study_Phase.SEQUENCE.Study_Instruction	LOADING RESOURCE SURFACE FROM DISK
1311857.733	Study_Phase.SEQUENCE.Study_Instruction	LOADING RESOURCE SURFACE FROM DISK
1320122.693	Study_Phase.SEQUENCE.Study_Instruction	LOADING RESOURCE SURFACE FROM DISK
1320125.14	Study_Phase.SEQUENCE.Study_Instruction	LOADING RESOURCE SURFACE FROM DISK
1328402.408	Study_Phase.SEQUENCE.Study_Instruction	LOADING RESOURCE SURFACE FROM DISK
1336670.177	Study_Phase.SEQUENCE.Study_Instruction	LOADING RESOURCE SURFACE FROM DISK
1344976.853	Study_Phase.SEQUENCE.Study_Instruction	LOADING RESOURCE SURFACE FROM DISK
1353268.466	Study_Phase.SEQUENCE.Study_Instruction	LOADING RESOURCE SURFACE FROM DISK
1361577.784	Study_Phase.SEQUENCE.Study_Instruction	LOADING RESOURCE SURFACE FROM DISK
1369856.128	Study_Phase.SEQUENCE.Study_Instruction	LOADING RESOURCE SURFACE FROM DISK
1369899.727	Study_Phase.SEQUENCE.Study_Instruction	LOADING RESOURCE SURFACE FROM DISK
1378172.687	Study_Phase.SEQUENCE.Study_Instruction	LOADING RESOURCE SURFACE FROM DISK
1378213.201	Study_Phase.SEQUENCE.Study_Instruction	LOADING RESOURCE SURFACE FROM DISK
1386522.628	Study_Phase.SEQUENCE.Study_Instruction	LOADING RESOURCE SURFACE FROM DISK
1394786.891	Study_Phase.SEQUENCE.Study_Instruction	LOADING RESOURCE SURFACE FROM DISK
1403115.516	Study_Phase.SEQUENCE.Study_Instruction	LOADING RESOURCE SURFACE FROM DISK
1411389.39	Study_Phase.SEQUENCE.Study_Instruction	LOADING RESOURCE SURFACE FROM DISK
1411391.894	Study_Phase.SEQUENCE.Study_Instruction	LOADING RESOURCE SURFACE FROM DISK
1419670.178	Study_Phase.SEQUENCE.Study_Instruction	LOADING RESOURCE SURFACE FROM DISK
1427976.168	Study_Phase.SEQUENCE.Study_Instruction	LOADING RESOURCE SURFACE FROM DISK
1436255.638	Study_Phase.SEQUENCE.Study_Instruction	LOADING RESOURCE SURFACE FROM DISK
1436299.79	Study_Phase.SEQUENCE.Study_Instruction	LOADING RESOURCE SURFACE FROM DISK
1444609.232	Study_Phase.SEQUENCE.Study_Instruction	LOADING RESOURCE SURFACE FROM DISK
1452889.281	Study_Phase.SEQUENCE.Study_Instruction	LOADING RESOURCE SURFACE FROM DISK
1452891.752	Study_Phase.SEQUENCE.Study_Instruction	LOADING RESOURCE SURFACE FROM DISK
1461187.811	Study_Phase.SEQUENCE.Study_Instruction	LOADING RESOURCE SURFACE FROM DISK
1469487.971	Study_Phase.SEQUENCE.Study_Instruction	LOADING RESOURCE SURFACE FROM DISK
1477739.197	Study_Phase.SEQUENCE.Study_Instruction	LOADING RESOURCE SURFACE FROM DISK
1477779.161	Study_Phase.SEQUENCE.Study_Instruction	LOADING RESOURCE SURFACE FROM DISK
1486087.186	Study_Phase.SEQUENCE.Study_Instruction	LOADING RESOURCE SURFACE FROM DISK
1494389.466	Study_Phase.SEQUENCE.Study_Instruction	LOADING RESOURCE SURFACE FROM DISK
1502655.743	Study_Phase.SEQUENCE.Study_Instruction	LOADING RESOURCE SURFACE FROM DISK
1502698.036	Study_Phase.SEQUENCE.Study_Instruction	LOADING RESOURCE SURFACE FROM DISK
1510955.833	Study_Phase.SEQUENCE.Study_Instruction	LOADING RESOURCE SURFACE FROM DISK
1511010.176	Study_Phase.SEQUENCE.Study_Instruction	LOADING RESOURCE SURFACE FROM DISK
1519286.705	Study_Phase.SEQUENCE.Study_Instruction	LOADING RESOURCE SURFACE FROM DISK
1527555.85	Study_Phase.SEQUENCE.Study_Instruction	LOADING RESOURCE SURFACE FROM DISK
1527595.779	Study_Phase.SEQUENCE.Study_Instruction	LOADING RESOURCE SURFACE FROM DISK
1535907.769	Study_Phase.SEQUENCE.Study_Instruction	LOADING RESOURCE SURFACE FROM DISK
1542142.094	DISPLAY_SCREEN[7]	LOADING RESOURCE SURFACE FROM DISK
1707869.336	Test_Phase.SEQUENCE.Target_Cue	LOADING RESOURCE SURFACE FROM DISK
1707875.902	Test_Phase.SEQUENCE.Target_Cue	LOADING RESOURCE SURFACE FROM DISK
1709902.361	Test_Phase.SEQUENCE.Word	LOADING RESOURCE SURFACE FROM DISK
1712960.514	Test_Phase.SEQUENCE.Test_Question	LOADING RESOURCE SURFACE FROM DISK
1712977.567	Test_Phase.SEQUENCE.Test_Question	LOADING RESOURCE SURFACE FROM DISK
1712982.654	Test_Phase.SEQUENCE.Test_Question	LOADING RESOURCE SURFACE FROM DISK
1712987.874	Test_Phase.SEQUENCE.Test_Question	LOADING RESOURCE SURFACE FROM DISK
1712989.728	Test_Phase.SEQUENCE.Test_Question	LOADING RESOURCE SURFACE FROM DISK
1712991.584	Test_Phase.SEQUENCE.Test_Question	LOADING RESOURCE SURFACE FROM DISK
1712993.367	Test_Phase.SEQUENCE.Test_Question	LOADING RESOURCE SURFACE FROM DISK
1713010.629	Test_Phase.SEQUENCE.Test_Question	LOADING RESOURCE SURFACE FROM DISK
1713024.866	Test_Phase.SEQUENCE.Test_Question	LOADING RESOURCE SURFACE FROM DISK
1713026.795	Test_Phase.SEQUENCE.Test_Question	LOADING RESOURCE SURFACE FROM DISK
1713028.572	Test_Phase.SEQUENCE.Test_Question	LOADING RESOURCE SURFACE FROM DISK
1713030.399	Test_Phase.SEQUENCE.Test_Question	LOADING RESOURCE SURFACE FROM DISK
1719985.657	Test_Phase.SEQUENCE.Word	LOADING RESOURCE SURFACE FROM DISK
1728335.789	Test_Phase.SEQUENCE.Word	LOADING RESOURCE SURFACE FROM DISK
1735919.1	Test_Phase.SEQUENCE.Word	LOADING RESOURCE SURFACE FROM DISK
1743269.422	Test_Phase.SEQUENCE.Word	LOADING RESOURCE SURFACE FROM DISK
1751168.719	Test_Phase.SEQUENCE.Word	LOADING RESOURCE SURFACE FROM DISK
1758252.22	Test_Phase.SEQUENCE.Word	LOADING RESOURCE SURFACE FROM DISK
1765676.518	Test_Phase.SEQUENCE.Word	LOADING RESOURCE SURFACE FROM DISK
1772919.043	Test_Phase.SEQUENCE.Word	LOADING RESOURCE SURFACE FROM DISK
1780019.029	Test_Phase.SEQUENCE.Word	LOADING RESOURCE SURFACE FROM DISK
1787502.277	Test_Phase.SEQUENCE.Word	LOADING RESOURCE SURFACE FROM DISK
1795129.256	Test_Phase.SEQUENCE.Word	LOADING RESOURCE SURFACE FROM DISK
1802335.468	Test_Phase.SEQUENCE.Word	LOADING RESOURCE SURFACE FROM DISK
1809390.936	Test_Phase.SEQUENCE.Word	LOADING RESOURCE SURFACE FROM DISK
1816635.602	Test_Phase.SEQUENCE.Word	LOADING RESOURCE SURFACE FROM DISK
1823768.864	Test_Phase.SEQUENCE.Word	LOADING RESOURCE SURFACE FROM DISK
1831902.194	Test_Phase.SEQUENCE.Word	LOADING RESOURCE SURFACE FROM DISK
1838969.221	Test_Phase.SEQUENCE.Word	LOADING RESOURCE SURFACE FROM DISK
1846452.1	Test_Phase.SEQUENCE.Word	LOADING RESOURCE SURFACE FROM DISK
1853606.467	Test_Phase.SEQUENCE.Word	LOADING RESOURCE SURFACE FROM DISK
1860802.326	Test_Phase.SEQUENCE.Word	LOADING RESOURCE SURFACE FROM DISK
1868385.572	Test_Phase.SEQUENCE.Word	LOADING RESOURCE SURFACE FROM DISK
1875602.18	Test_Phase.SEQUENCE.Word	LOADING RESOURCE SURFACE FROM DISK
1882685.645	Test_Phase.SEQUENCE.Word	LOADING RESOURCE SURFACE FROM DISK
1890085.547	Test_Phase.SEQUENCE.Word	LOADING RESOURCE SURFACE FROM DISK
1897252.361	Test_Phase.SEQUENCE.Word	LOADING RESOURCE SURFACE FROM DISK
1905735.526	Test_Phase.SEQUENCE.Word	LOADING RESOURCE SURFACE FROM DISK
1913302.241	Test_Phase.SEQUENCE.Word	LOADING RESOURCE SURFACE FROM DISK
1920622.586	Test_Phase.SEQUENCE.Word	LOADING RESOURCE SURFACE FROM DISK
1927652.245	Test_Phase.SEQUENCE.Word	LOADING RESOURCE SURFACE FROM DISK
1934652.542	Test_Phase.SEQUENCE.Word	LOADING RESOURCE SURFACE FROM DISK
1941939.109	Test_Phase.SEQUENCE.Word	LOADING RESOURCE SURFACE FROM DISK
1949019.231	Test_Phase.SEQUENCE.Word	LOADING RESOURCE SURFACE FROM DISK
1956624.429	Test_Phase.SEQUENCE.Word	LOADING RESOURCE SURFACE FROM DISK
1963718.877	Test_Phase.SEQUENCE.Word	LOADING RESOURCE SURFACE FROM DISK
1970752.197	Test_Phase.SEQUENCE.Word	LOADING RESOURCE SURFACE FROM DISK
1977835.548	Test_Phase.SEQUENCE.Word	LOADING RESOURCE SURFACE FROM DISK
1984874.399	Test_Phase.SEQUENCE.Word	LOADING RESOURCE SURFACE FROM DISK
1991935.524	Test_Phase.SEQUENCE.Word	LOADING RESOURCE SURFACE FROM DISK
1999035.741	Test_Phase.SEQUENCE.Word	LOADING RESOURCE SURFACE FROM DISK
2006103.342	Test_Phase.SEQUENCE.Word	LOADING RESOURCE SURFACE FROM DISK
2013085.45	Test_Phase.SEQUENCE.Word	LOADING RESOURCE SURFACE FROM DISK
2020678.234	Test_Phase.SEQUENCE.Word	LOADING RESOURCE SURFACE FROM DISK
2027741.754	Test_Phase.SEQUENCE.Word	LOADING RESOURCE SURFACE FROM DISK
2034868.769	Test_Phase.SEQUENCE.Word	LOADING RESOURCE SURFACE FROM DISK
2041668.977	Test_Phase.SEQUENCE.Word	LOADING RESOURCE SURFACE FROM DISK
2048869.062	Test_Phase.SEQUENCE.Word	LOADING RESOURCE SURFACE FROM DISK
2056185.793	Test_Phase.SEQUENCE.Word	LOADING RESOURCE SURFACE FROM DISK
2063402.719	Test_Phase.SEQUENCE.Word	LOADING RESOURCE SURFACE FROM DISK
2070435.815	Test_Phase.SEQUENCE.Word	LOADING RESOURCE SURFACE FROM DISK
2077469.003	Test_Phase.SEQUENCE.Word	LOADING RESOURCE SURFACE FROM DISK
2084552.455	Test_Phase.SEQUENCE.Word	LOADING RESOURCE SURFACE FROM DISK
2093386.044	Test_Phase.SEQUENCE.Word	LOADING RESOURCE SURFACE FROM DISK
2100335.728	Test_Phase.SEQUENCE.Word	LOADING RESOURCE SURFACE FROM DISK
2107502.347	Test_Phase.SEQUENCE.Word	LOADING RESOURCE SURFACE FROM DISK
2114285.751	Test_Phase.SEQUENCE.Word	LOADING RESOURCE SURFACE FROM DISK
2121343.319	Test_Phase.SEQUENCE.Word	LOADING RESOURCE SURFACE FROM DISK
2128557.515	Test_Phase.SEQUENCE.Word	LOADING RESOURCE SURFACE FROM DISK
2135568.777	Test_Phase.SEQUENCE.Word	LOADING RESOURCE SURFACE FROM DISK
2142669.557	Test_Phase.SEQUENCE.Word	LOADING RESOURCE SURFACE FROM DISK
2149735.797	Test_Phase.SEQUENCE.Word	LOADING RESOURCE SURFACE FROM DISK
2156752.164	Test_Phase.SEQUENCE.Word	LOADING RESOURCE SURFACE FROM DISK
2164761.042	Test_Phase.SEQUENCE.Word	LOADING RESOURCE SURFACE FROM DISK
2171985.618	Test_Phase.SEQUENCE.Word	LOADING RESOURCE SURFACE FROM DISK
2179068.928	Test_Phase.SEQUENCE.Word	LOADING RESOURCE SURFACE FROM DISK
2186169.006	Test_Phase.SEQUENCE.Word	LOADING RESOURCE SURFACE FROM DISK
2193102.517	Test_Phase.SEQUENCE.Word	LOADING RESOURCE SURFACE FROM DISK
2200168.856	Test_Phase.SEQUENCE.Word	LOADING RESOURCE SURFACE FROM DISK
2207185.524	Test_Phase.SEQUENCE.Word	LOADING RESOURCE SURFACE FROM DISK
2214718.842	Test_Phase.SEQUENCE.Word	LOADING RESOURCE SURFACE FROM DISK
2222541.324	Test_Phase.SEQUENCE.Word	LOADING RESOURCE SURFACE FROM DISK
2229985.816	Test_Phase.SEQUENCE.Word	LOADING RESOURCE SURFACE FROM DISK
2238652.136	Test_Phase.SEQUENCE.Word	LOADING RESOURCE SURFACE FROM DISK
2246573.546	Test_Phase.SEQUENCE.Word	LOADING RESOURCE SURFACE FROM DISK
2253735.594	Test_Phase.SEQUENCE.Word	LOADING RESOURCE SURFACE FROM DISK
2260502.874	Test_Phase.SEQUENCE.Word	LOADING RESOURCE SURFACE FROM DISK
2267585.584	Test_Phase.SEQUENCE.Word	LOADING RESOURCE SURFACE FROM DISK
2274685.573	Test_Phase.SEQUENCE.Word	LOADING RESOURCE SURFACE FROM DISK
2284318.846	Test_Phase.SEQUENCE.Word	LOADING RESOURCE SURFACE FROM DISK
2291502.526	Test_Phase.SEQUENCE.Word	LOADING RESOURCE SURFACE FROM DISK
2298915.139	Test_Phase.SEQUENCE.Word	LOADING RESOURCE SURFACE FROM DISK
2307538.105	Test_Phase.SEQUENCE.Word	LOADING RESOURCE SURFACE FROM DISK
2316068.995	Test_Phase.SEQUENCE.Word	LOADING RESOURCE SURFACE FROM DISK
2323568.703	Test_Phase.SEQUENCE.Word	LOADING RESOURCE SURFACE FROM DISK
2330368.75	Test_Phase.SEQUENCE.Word	LOADING RESOURCE SURFACE FROM DISK
2337402.352	Test_Phase.SEQUENCE.Word	LOADING RESOURCE SURFACE FROM DISK
2344236.955	Test_Phase.SEQUENCE.Word	LOADING RESOURCE SURFACE FROM DISK
2351368.905	Test_Phase.SEQUENCE.Word	LOADING RESOURCE SURFACE FROM DISK
2358552.345	Test_Phase.SEQUENCE.Word	LOADING RESOURCE SURFACE FROM DISK
2365752.395	Test_Phase.SEQUENCE.Word	LOADING RESOURCE SURFACE FROM DISK
2372618.873	Test_Phase.SEQUENCE.Word	LOADING RESOURCE SURFACE FROM DISK
2379894.239	Test_Phase.SEQUENCE.Word	LOADING RESOURCE SURFACE FROM DISK
2387035.825	Test_Phase.SEQUENCE.Word	LOADING RESOURCE SURFACE FROM DISK
2394185.442	Test_Phase.SEQUENCE.Word	LOADING RESOURCE SURFACE FROM DISK
2401211.901	Test_Phase.SEQUENCE.Word	LOADING RESOURCE SURFACE FROM DISK
2409085.661	Test_Phase.SEQUENCE.Word	LOADING RESOURCE SURFACE FROM DISK
2418252.476	Test_Phase.SEQUENCE.Word	LOADING RESOURCE SURFACE FROM DISK
2425422.288	Test_Phase.SEQUENCE.Word	LOADING RESOURCE SURFACE FROM DISK
2432585.583	Test_Phase.SEQUENCE.Word	LOADING RESOURCE SURFACE FROM DISK
2439935.752	Test_Phase.SEQUENCE.Word	LOADING RESOURCE SURFACE FROM DISK
2446902.053	Test_Phase.SEQUENCE.Word	LOADING RESOURCE SURFACE FROM DISK
2454035.465	Test_Phase.SEQUENCE.Word	LOADING RESOURCE SURFACE FROM DISK
2461219.061	Test_Phase.SEQUENCE.Word	LOADING RESOURCE SURFACE FROM DISK
2468485.434	Test_Phase.SEQUENCE.Word	LOADING RESOURCE SURFACE FROM DISK
2475878.173	Test_Phase.SEQUENCE.Word	LOADING RESOURCE SURFACE FROM DISK
2483054.294	Test_Phase.SEQUENCE.Word	LOADING RESOURCE SURFACE FROM DISK
2490002.083	Test_Phase.SEQUENCE.Word	LOADING RESOURCE SURFACE FROM DISK
2497058.36	Test_Phase.SEQUENCE.Word	LOADING RESOURCE SURFACE FROM DISK
2503975.011	Test_Phase.SEQUENCE.Word	LOADING RESOURCE SURFACE FROM DISK
2511135.567	Test_Phase.SEQUENCE.Word	LOADING RESOURCE SURFACE FROM DISK
2518319.036	Test_Phase.SEQUENCE.Word	LOADING RESOURCE SURFACE FROM DISK
2525376.471	Test_Phase.SEQUENCE.Word	LOADING RESOURCE SURFACE FROM DISK
2541424.787	Test_Phase.SEQUENCE.Word	LOADING RESOURCE SURFACE FROM DISK
2548202.169	Test_Phase.SEQUENCE.Word	LOADING RESOURCE SURFACE FROM DISK
2555002.308	Test_Phase.SEQUENCE.Word	LOADING RESOURCE SURFACE FROM DISK
2562122.692	Test_Phase.SEQUENCE.Word	LOADING RESOURCE SURFACE FROM DISK
2568918.934	Test_Phase.SEQUENCE.Word	LOADING RESOURCE SURFACE FROM DISK
2575902.228	Test_Phase.SEQUENCE.Word	LOADING RESOURCE SURFACE FROM DISK
2582802.404	Test_Phase.SEQUENCE.Word	LOADING RESOURCE SURFACE FROM DISK
2589923.704	Test_Phase.SEQUENCE.Word	LOADING RESOURCE SURFACE FROM DISK
2597035.418	Test_Phase.SEQUENCE.Word	LOADING RESOURCE SURFACE FROM DISK
2604637.869	Test_Phase.SEQUENCE.Word	LOADING RESOURCE SURFACE FROM DISK
2612395.814	Test_Phase.SEQUENCE.Word	LOADING RESOURCE SURFACE FROM DISK
2619552.707	Test_Phase.SEQUENCE.Word	LOADING RESOURCE SURFACE FROM DISK
2626919.178	Test_Phase.SEQUENCE.Word	LOADING RESOURCE SURFACE FROM DISK
2633968.944	Test_Phase.SEQUENCE.Word	LOADING RESOURCE SURFACE FROM DISK
2641103.238	Test_Phase.SEQUENCE.Word	LOADING RESOURCE SURFACE FROM DISK
2649306.527	Test_Phase.SEQUENCE.Word	LOADING RESOURCE SURFACE FROM DISK
2656318.841	Test_Phase.SEQUENCE.Word	LOADING RESOURCE SURFACE FROM DISK
2663318.906	Test_Phase.SEQUENCE.Word	LOADING RESOURCE SURFACE FROM DISK
2670552.193	Test_Phase.SEQUENCE.Word	LOADING RESOURCE SURFACE FROM DISK
2677426.602	Test_Phase.SEQUENCE.Word	LOADING RESOURCE SURFACE FROM DISK
2684502.358	Test_Phase.SEQUENCE.Word	LOADING RESOURCE SURFACE FROM DISK
2693852.095	Test_Phase.SEQUENCE.Word	LOADING RESOURCE SURFACE FROM DISK
2701054.011	Test_Phase.SEQUENCE.Word	LOADING RESOURCE SURFACE FROM DISK
2709019.052	Test_Phase.SEQUENCE.Word	LOADING RESOURCE SURFACE FROM DISK
2716119.138	Test_Phase.SEQUENCE.Word	LOADING RESOURCE SURFACE FROM DISK
2724268.878	Test_Phase.SEQUENCE.Word	LOADING RESOURCE SURFACE FROM DISK
2731387.694	Test_Phase.SEQUENCE.Word	LOADING RESOURCE SURFACE FROM DISK
2738502.169	Test_Phase.SEQUENCE.Word	LOADING RESOURCE SURFACE FROM DISK
2746556.964	Test_Phase.SEQUENCE.Word	LOADING RESOURCE SURFACE FROM DISK
2754902.247	Test_Phase.SEQUENCE.Word	LOADING RESOURCE SURFACE FROM DISK
2761968.836	Test_Phase.SEQUENCE.Word	LOADING RESOURCE SURFACE FROM DISK
2769002.209	Test_Phase.SEQUENCE.Word	LOADING RESOURCE SURFACE FROM DISK
2776001.99	Test_Phase.SEQUENCE.Word	LOADING RESOURCE SURFACE FROM DISK
2783177.85	Test_Phase.SEQUENCE.Word	LOADING RESOURCE SURFACE FROM DISK
2790352.395	Test_Phase.SEQUENCE.Word	LOADING RESOURCE SURFACE FROM DISK
2797135.767	Test_Phase.SEQUENCE.Word	LOADING RESOURCE SURFACE FROM DISK
2804168.732	Test_Phase.SEQUENCE.Word	LOADING RESOURCE SURFACE FROM DISK
2811220.69	Test_Phase.SEQUENCE.Word	LOADING RESOURCE SURFACE FROM DISK
2818135.658	Test_Phase.SEQUENCE.Word	LOADING RESOURCE SURFACE FROM DISK
2825352.079	Test_Phase.SEQUENCE.Word	LOADING RESOURCE SURFACE FROM DISK
2833069.114	Test_Phase.SEQUENCE.Word	LOADING RESOURCE SURFACE FROM DISK
2840202.169	Test_Phase.SEQUENCE.Word	LOADING RESOURCE SURFACE FROM DISK
2847627.314	Test_Phase.SEQUENCE.Word	LOADING RESOURCE SURFACE FROM DISK
2854972.06	Test_Phase.SEQUENCE.Word	LOADING RESOURCE SURFACE FROM DISK
2862145.462	Test_Phase.SEQUENCE.Word	LOADING RESOURCE SURFACE FROM DISK
2869502.082	Test_Phase.SEQUENCE.Word	LOADING RESOURCE SURFACE FROM DISK
2876909.252	Test_Phase.SEQUENCE.Word	LOADING RESOURCE SURFACE FROM DISK
2884802.241	Test_Phase.SEQUENCE.Word	LOADING RESOURCE SURFACE FROM DISK
2891874.305	Test_Phase.SEQUENCE.Word	LOADING RESOURCE SURFACE FROM DISK
2899368.809	Test_Phase.SEQUENCE.Word	LOADING RESOURCE SURFACE FROM DISK
2908642.264	Test_Phase.SEQUENCE.Word	LOADING RESOURCE SURFACE FROM DISK
2915702.108	Test_Phase.SEQUENCE.Word	LOADING RESOURCE SURFACE FROM DISK
2922702.212	Test_Phase.SEQUENCE.Word	LOADING RESOURCE SURFACE FROM DISK
2929702.252	Test_Phase.SEQUENCE.Word	LOADING RESOURCE SURFACE FROM DISK
2936768.883	Test_Phase.SEQUENCE.Word	LOADING RESOURCE SURFACE FROM DISK
2943752.137	Test_Phase.SEQUENCE.Word	LOADING RESOURCE SURFACE FROM DISK
2950807.996	Test_Phase.SEQUENCE.Word	LOADING RESOURCE SURFACE FROM DISK
2957602.22	Test_Phase.SEQUENCE.Word	LOADING RESOURCE SURFACE FROM DISK
2964467.817	Test_Phase.SEQUENCE.Word	LOADING RESOURCE SURFACE FROM DISK
2971269.041	Test_Phase.SEQUENCE.Word	LOADING RESOURCE SURFACE FROM DISK
2978385.573	Test_Phase.SEQUENCE.Word	LOADING RESOURCE SURFACE FROM DISK
2985652.806	Test_Phase.SEQUENCE.Word	LOADING RESOURCE SURFACE FROM DISK
2992756.342	Test_Phase.SEQUENCE.Word	LOADING RESOURCE SURFACE FROM DISK
3000018.846	Test_Phase.SEQUENCE.Word	LOADING RESOURCE SURFACE FROM DISK
3006918.819	Test_Phase.SEQUENCE.Word	LOADING RESOURCE SURFACE FROM DISK
3013952.213	Test_Phase.SEQUENCE.Word	LOADING RESOURCE SURFACE FROM DISK
3021035.5	Test_Phase.SEQUENCE.Word	LOADING RESOURCE SURFACE FROM DISK
3027859.324	Test_Phase.SEQUENCE.Word	LOADING RESOURCE SURFACE FROM DISK
3034960.398	Test_Phase.SEQUENCE.Word	LOADING RESOURCE SURFACE FROM DISK
3042304.783	Test_Phase.SEQUENCE.Word	LOADING RESOURCE SURFACE FROM DISK
3049618.922	Test_Phase.SEQUENCE.Word	LOADING RESOURCE SURFACE FROM DISK
3056959.388	Test_Phase.SEQUENCE.Word	LOADING RESOURCE SURFACE FROM DISK
3063835.599	Test_Phase.SEQUENCE.Word	LOADING RESOURCE SURFACE FROM DISK
3070602.286	Test_Phase.SEQUENCE.Word	LOADING RESOURCE SURFACE FROM DISK
3077485.679	Test_Phase.SEQUENCE.Word	LOADING RESOURCE SURFACE FROM DISK
3085426.378	Test_Phase.SEQUENCE.Word	LOADING RESOURCE SURFACE FROM DISK
3092453.877	Test_Phase.SEQUENCE.Word	LOADING RESOURCE SURFACE FROM DISK
3099235.828	Test_Phase.SEQUENCE.Word	LOADING RESOURCE SURFACE FROM DISK
3106218.762	Test_Phase.SEQUENCE.Word	LOADING RESOURCE SURFACE FROM DISK
3113285.464	Test_Phase.SEQUENCE.Word	LOADING RESOURCE SURFACE FROM DISK
3120513.0	Test_Phase.SEQUENCE.Word	LOADING RESOURCE SURFACE FROM DISK
3127762.012	Test_Phase.SEQUENCE.Word	LOADING RESOURCE SURFACE FROM DISK
3136652.209	Test_Phase.SEQUENCE.Word	LOADING RESOURCE SURFACE FROM DISK
3144902.124	Test_Phase.SEQUENCE.Word	LOADING RESOURCE SURFACE FROM DISK
3152068.814	Test_Phase.SEQUENCE.Word	LOADING RESOURCE SURFACE FROM DISK
3159408.107	Test_Phase.SEQUENCE.Word	LOADING RESOURCE SURFACE FROM DISK
3166418.746	Test_Phase.SEQUENCE.Word	LOADING RESOURCE SURFACE FROM DISK
3170079.861	DISPLAY_SCREEN	LOADING RESOURCE SURFACE FROM DISK
