4729.47	DISPLAY_SCREEN[1]	LOADING RESOURCE SURFACE FROM DISK
1687348.109	Familiarization_Phase.SEQUENCE.Cue_and_Instruction	LOADING RESOURCE SURFACE FROM DISK
1687364.238	Familiarization_Phase.SEQUENCE.Cue_and_Instruction	LOADING RESOURCE SURFACE FROM DISK
1693457.971	Familiarization_Phase.SEQUENCE.Cue_and_Instruction	LOADING RESOURCE SURFACE FROM DISK
1693474.151	Familiarization_Phase.SEQUENCE.Cue_and_Instruction	LOADING RESOURCE SURFACE FROM DISK
1699535.463	Familiarization_Phase.SEQUENCE.Cue_and_Instruction	LOADING RESOURCE SURFACE FROM DISK
1699540.059	Familiarization_Phase.SEQUENCE.Cue_and_Instruction	LOADING RESOURCE SURFACE FROM DISK
1741707.507	DISPLAY_SCREEN[3]	LOADING RESOURCE SURFACE FROM DISK
1743780.15	DISPLAY_SCREEN[5]	LOADING RESOURCE SURFACE FROM DISK
1897318.901	Practice_Phase.SEQUENCE.Blink_Screen	LOADING RESOURCE SURFACE FROM DISK
1898561.65	Practice_Phase.SEQUENCE.Practice_Luminance_Cue	LOADING RESOURCE SURFACE FROM DISK
1898564.02	Practice_Phase.SEQUENCE.Practice_Luminance_Cue	LOADING RESOURCE SURFACE FROM DISK
1898565.455	Practice_Phase.SEQUENCE.Practice_Luminance_Cue	flip time is later than desired time. Desired Time=1898541 Flip Time=1898574 Retrace Rate=16.643, prepareTime=48 flip request time 1898565
1899056.069	Practice_Phase.SEQUENCE.DISPLAY_SCREEN	LOADING RESOURCE SURFACE FROM DISK
1900597.532	Practice_Phase.SEQUENCE.Practice_Instruction	LOADING RESOURCE SURFACE FROM DISK
1900598.932	Practice_Phase.SEQUENCE.Practice_Instruction	flip time is later than desired time. Desired Time=1900574 Flip Time=1900608 Retrace Rate=16.643, prepareTime=48 flip request time 1900598
1907155.988	Practice_Phase.SEQUENCE.DISPLAY_SCREEN	LOADING RESOURCE SURFACE FROM DISK
1908697.209	Practice_Phase.SEQUENCE.Practice_Instruction	LOADING RESOURCE SURFACE FROM DISK
1908698.506	Practice_Phase.SEQUENCE.Practice_Instruction	flip time is later than desired time. Desired Time=1908674 Flip Time=1908708 Retrace Rate=16.643, prepareTime=47 flip request time 1908698
1915293.984	Practice_Phase.SEQUENCE.DISPLAY_SCREEN	LOADING RESOURCE SURFACE FROM DISK
1915295.819	Practice_Phase.SEQUENCE.DISPLAY_SCREEN	flip time is later than desired time. Desired Time=1915274 Flip Time=1915308 Retrace Rate=16.643, prepareTime=45 flip request time 1915295
1916786.452	Practice_Phase.SEQUENCE.Practice_Instruction	LOADING RESOURCE SURFACE FROM DISK
1923356.163	Practice_Phase.SEQUENCE.DISPLAY_SCREEN	LOADING RESOURCE SURFACE FROM DISK
1924896.841	Practice_Phase.SEQUENCE.Practice_Instruction	LOADING RESOURCE SURFACE FROM DISK
1924898.241	Practice_Phase.SEQUENCE.Practice_Instruction	flip time is later than desired time. Desired Time=1924874 Flip Time=1924908 Retrace Rate=16.643, prepareTime=47 flip request time 1924898
1931455.888	Practice_Phase.SEQUENCE.DISPLAY_SCREEN	LOADING RESOURCE SURFACE FROM DISK
1932999.668	Practice_Phase.SEQUENCE.Practice_Instruction	LOADING RESOURCE SURFACE FROM DISK
1933001.0	Practice_Phase.SEQUENCE.Practice_Instruction	flip time is later than desired time. Desired Time=1932974 Flip Time=1933024 Retrace Rate=16.643, prepareTime=50 flip request time 1933000
1939572.618	Practice_Phase.SEQUENCE.DISPLAY_SCREEN	LOADING RESOURCE SURFACE FROM DISK
1941107.342	Practice_Phase.SEQUENCE.Practice_Instruction	LOADING RESOURCE SURFACE FROM DISK
1941108.782	Practice_Phase.SEQUENCE.Practice_Instruction	flip time is later than desired time. Desired Time=1941091 Flip Time=1941124 Retrace Rate=16.643, prepareTime=41 flip request time 1941108
1947672.588	Practice_Phase.SEQUENCE.DISPLAY_SCREEN	LOADING RESOURCE SURFACE FROM DISK
1949169.696	Practice_Phase.SEQUENCE.Practice_Instruction	LOADING RESOURCE SURFACE FROM DISK
1955739.452	Practice_Phase.SEQUENCE.DISPLAY_SCREEN	LOADING RESOURCE SURFACE FROM DISK
1957273.643	Practice_Phase.SEQUENCE.Practice_Instruction	LOADING RESOURCE SURFACE FROM DISK
1957275.16	Practice_Phase.SEQUENCE.Practice_Instruction	flip time is later than desired time. Desired Time=1957258 Flip Time=1957291 Retrace Rate=16.643, prepareTime=41 flip request time 1957274
1963839.317	Practice_Phase.SEQUENCE.DISPLAY_SCREEN	LOADING RESOURCE SURFACE FROM DISK
1965336.437	Practice_Phase.SEQUENCE.Practice_Instruction	LOADING RESOURCE SURFACE FROM DISK
1970011.012	DISPLAY_SCREEN[2]	LOADING RESOURCE SURFACE FROM DISK
2068894.676	Study_Phase.SEQUENCE.Study_Instruction	LOADING RESOURCE SURFACE FROM DISK
2075647.627	Study_Phase.SEQUENCE.DISPLAY_SCREEN	LOADING RESOURCE SURFACE FROM DISK
2077205.747	Study_Phase.SEQUENCE.Study_Instruction	LOADING RESOURCE SURFACE FROM DISK
2085478.296	Study_Phase.SEQUENCE.Study_Instruction	LOADING RESOURCE SURFACE FROM DISK
2093744.082	Study_Phase.SEQUENCE.Study_Instruction	LOADING RESOURCE SURFACE FROM DISK
2100497.759	Study_Phase.SEQUENCE.DISPLAY_SCREEN	LOADING RESOURCE SURFACE FROM DISK
2102011.363	Study_Phase.SEQUENCE.Study_Instruction	LOADING RESOURCE SURFACE FROM DISK
2108764.235	Study_Phase.SEQUENCE.DISPLAY_SCREEN	LOADING RESOURCE SURFACE FROM DISK
2110318.233	Study_Phase.SEQUENCE.Study_Instruction	LOADING RESOURCE SURFACE FROM DISK
2118594.043	Study_Phase.SEQUENCE.Study_Instruction	LOADING RESOURCE SURFACE FROM DISK
2126861.021	Study_Phase.SEQUENCE.Study_Instruction	LOADING RESOURCE SURFACE FROM DISK
2135163.268	Study_Phase.SEQUENCE.Study_Instruction	LOADING RESOURCE SURFACE FROM DISK
2143427.81	Study_Phase.SEQUENCE.Study_Instruction	LOADING RESOURCE SURFACE FROM DISK
2151739.087	Study_Phase.SEQUENCE.Study_Instruction	LOADING RESOURCE SURFACE FROM DISK
2158497.575	Study_Phase.SEQUENCE.DISPLAY_SCREEN	LOADING RESOURCE SURFACE FROM DISK
2160011.285	Study_Phase.SEQUENCE.Study_Instruction	LOADING RESOURCE SURFACE FROM DISK
2168278.033	Study_Phase.SEQUENCE.Study_Instruction	LOADING RESOURCE SURFACE FROM DISK
2175030.981	Study_Phase.SEQUENCE.DISPLAY_SCREEN	LOADING RESOURCE SURFACE FROM DISK
2176544.624	Study_Phase.SEQUENCE.Study_Instruction	LOADING RESOURCE SURFACE FROM DISK
2183280.82	Study_Phase.SEQUENCE.DISPLAY_SCREEN	LOADING RESOURCE SURFACE FROM DISK
2184835.088	Study_Phase.SEQUENCE.Study_Instruction	LOADING RESOURCE SURFACE FROM DISK
2191597.674	Study_Phase.SEQUENCE.DISPLAY_SCREEN	LOADING RESOURCE SURFACE FROM DISK
2193111.209	Study_Phase.SEQUENCE.Study_Instruction	LOADING RESOURCE SURFACE FROM DISK
2199864.168	Study_Phase.SEQUENCE.DISPLAY_SCREEN	LOADING RESOURCE SURFACE FROM DISK
2201420.753	Study_Phase.SEQUENCE.Study_Instruction	LOADING RESOURCE SURFACE FROM DISK
2208180.976	Study_Phase.SEQUENCE.DISPLAY_SCREEN	LOADING RESOURCE SURFACE FROM DISK
2209694.47	Study_Phase.SEQUENCE.Study_Instruction	LOADING RESOURCE SURFACE FROM DISK
2217944.111	Study_Phase.SEQUENCE.Study_Instruction	LOADING RESOURCE SURFACE FROM DISK
2226211.289	Study_Phase.SEQUENCE.Study_Instruction	LOADING RESOURCE SURFACE FROM DISK
2234477.478	Study_Phase.SEQUENCE.Study_Instruction	LOADING RESOURCE SURFACE FROM DISK
2241230.938	Study_Phase.SEQUENCE.DISPLAY_SCREEN	LOADING RESOURCE SURFACE FROM DISK
2242790.282	Study_Phase.SEQUENCE.Study_Instruction	LOADING RESOURCE SURFACE FROM DISK
2251061.633	Study_Phase.SEQUENCE.Study_Instruction	LOADING RESOURCE SURFACE FROM DISK
2257814.156	Study_Phase.SEQUENCE.DISPLAY_SCREEN	LOADING RESOURCE SURFACE FROM DISK
2259327.923	Study_Phase.SEQUENCE.Study_Instruction	LOADING RESOURCE SURFACE FROM DISK
2267594.004	Study_Phase.SEQUENCE.Study_Instruction	LOADING RESOURCE SURFACE FROM DISK
2275906.049	Study_Phase.SEQUENCE.Study_Instruction	LOADING RESOURCE SURFACE FROM DISK
2284200.488	Study_Phase.SEQUENCE.Study_Instruction	LOADING RESOURCE SURFACE FROM DISK
2292477.407	Study_Phase.SEQUENCE.Study_Instruction	LOADING RESOURCE SURFACE FROM DISK
2299230.978	Study_Phase.SEQUENCE.DISPLAY_SCREEN	LOADING RESOURCE SURFACE FROM DISK
2300744.543	Study_Phase.SEQUENCE.Study_Instruction	LOADING RESOURCE SURFACE FROM DISK
2309010.675	Study_Phase.SEQUENCE.Study_Instruction	LOADING RESOURCE SURFACE FROM DISK
2317300.121	Study_Phase.SEQUENCE.Study_Instruction	LOADING RESOURCE SURFACE FROM DISK
2325577.715	Study_Phase.SEQUENCE.Study_Instruction	LOADING RESOURCE SURFACE FROM DISK
2332330.824	Study_Phase.SEQUENCE.DISPLAY_SCREEN	LOADING RESOURCE SURFACE FROM DISK
2333886.125	Study_Phase.SEQUENCE.Study_Instruction	LOADING RESOURCE SURFACE FROM DISK
2342161.58	Study_Phase.SEQUENCE.Study_Instruction	LOADING RESOURCE SURFACE FROM DISK
2348914.229	Study_Phase.SEQUENCE.DISPLAY_SCREEN	LOADING RESOURCE SURFACE FROM DISK
2350475.55	Study_Phase.SEQUENCE.Study_Instruction	LOADING RESOURCE SURFACE FROM DISK
2358744.632	Study_Phase.SEQUENCE.Study_Instruction	LOADING RESOURCE SURFACE FROM DISK
2367010.726	Study_Phase.SEQUENCE.Study_Instruction	LOADING RESOURCE SURFACE FROM DISK
2375298.097	Study_Phase.SEQUENCE.Study_Instruction	LOADING RESOURCE SURFACE FROM DISK
2383560.687	Study_Phase.SEQUENCE.Study_Instruction	LOADING RESOURCE SURFACE FROM DISK
2391870.137	Study_Phase.SEQUENCE.Study_Instruction	LOADING RESOURCE SURFACE FROM DISK
2398631.038	Study_Phase.SEQUENCE.DISPLAY_SCREEN	LOADING RESOURCE SURFACE FROM DISK
2400144.571	Study_Phase.SEQUENCE.Study_Instruction	LOADING RESOURCE SURFACE FROM DISK
2408394.053	Study_Phase.SEQUENCE.Study_Instruction	LOADING RESOURCE SURFACE FROM DISK
2415147.368	Study_Phase.SEQUENCE.DISPLAY_SCREEN	LOADING RESOURCE SURFACE FROM DISK
2416661.21	Study_Phase.SEQUENCE.Study_Instruction	LOADING RESOURCE SURFACE FROM DISK
2424927.339	Study_Phase.SEQUENCE.Study_Instruction	LOADING RESOURCE SURFACE FROM DISK
2431680.842	Study_Phase.SEQUENCE.DISPLAY_SCREEN	LOADING RESOURCE SURFACE FROM DISK
2433203.384	Study_Phase.SEQUENCE.Study_Instruction	LOADING RESOURCE SURFACE FROM DISK
2441460.754	Study_Phase.SEQUENCE.Study_Instruction	LOADING RESOURCE SURFACE FROM DISK
2448214.037	Study_Phase.SEQUENCE.DISPLAY_SCREEN	LOADING RESOURCE SURFACE FROM DISK
2449727.834	Study_Phase.SEQUENCE.Study_Instruction	LOADING RESOURCE SURFACE FROM DISK
2458036.764	Study_Phase.SEQUENCE.Study_Instruction	LOADING RESOURCE SURFACE FROM DISK
2466356.95	Study_Phase.SEQUENCE.Study_Instruction	LOADING RESOURCE SURFACE FROM DISK
2473114.377	Study_Phase.SEQUENCE.DISPLAY_SCREEN	LOADING RESOURCE SURFACE FROM DISK
2474671.448	Study_Phase.SEQUENCE.Study_Instruction	LOADING RESOURCE SURFACE FROM DISK
2482986.798	Study_Phase.SEQUENCE.Study_Instruction	LOADING RESOURCE SURFACE FROM DISK
2489730.818	Study_Phase.SEQUENCE.DISPLAY_SCREEN	LOADING RESOURCE SURFACE FROM DISK
2491244.892	Study_Phase.SEQUENCE.Study_Instruction	LOADING RESOURCE SURFACE FROM DISK
2499548.96	Study_Phase.SEQUENCE.Study_Instruction	LOADING RESOURCE SURFACE FROM DISK
2507827.374	Study_Phase.SEQUENCE.Study_Instruction	LOADING RESOURCE SURFACE FROM DISK
2514564.444	Study_Phase.SEQUENCE.DISPLAY_SCREEN	LOADING RESOURCE SURFACE FROM DISK
2516078.018	Study_Phase.SEQUENCE.Study_Instruction	LOADING RESOURCE SURFACE FROM DISK
2524360.098	Study_Phase.SEQUENCE.Study_Instruction	LOADING RESOURCE SURFACE FROM DISK
2532628.17	Study_Phase.SEQUENCE.Study_Instruction	LOADING RESOURCE SURFACE FROM DISK
2539364.472	Study_Phase.SEQUENCE.DISPLAY_SCREEN	LOADING RESOURCE SURFACE FROM DISK
2540915.397	Study_Phase.SEQUENCE.Study_Instruction	LOADING RESOURCE SURFACE FROM DISK
2549178.304	Study_Phase.SEQUENCE.Study_Instruction	LOADING RESOURCE SURFACE FROM DISK
2555914.187	Study_Phase.SEQUENCE.DISPLAY_SCREEN	LOADING RESOURCE SURFACE FROM DISK
2557463.797	Study_Phase.SEQUENCE.Study_Instruction	LOADING RESOURCE SURFACE FROM DISK
2564214.292	Study_Phase.SEQUENCE.DISPLAY_SCREEN	LOADING RESOURCE SURFACE FROM DISK
2565768.727	Study_Phase.SEQUENCE.Study_Instruction	LOADING RESOURCE SURFACE FROM DISK
2572530.907	Study_Phase.SEQUENCE.DISPLAY_SCREEN	LOADING RESOURCE SURFACE FROM DISK
2574044.634	Study_Phase.SEQUENCE.Study_Instruction	LOADING RESOURCE SURFACE FROM DISK
2580797.73	Study_Phase.SEQUENCE.DISPLAY_SCREEN	LOADING RESOURCE SURFACE FROM DISK
2582311.168	Study_Phase.SEQUENCE.Study_Instruction	LOADING RESOURCE SURFACE FROM DISK
2589064.311	Study_Phase.SEQUENCE.DISPLAY_SCREEN	LOADING RESOURCE SURFACE FROM DISK
2590615.161	Study_Phase.SEQUENCE.Study_Instruction	LOADING RESOURCE SURFACE FROM DISK
2598878.08	Study_Phase.SEQUENCE.Study_Instruction	LOADING RESOURCE SURFACE FROM DISK
2605631.028	Study_Phase.SEQUENCE.DISPLAY_SCREEN	LOADING RESOURCE SURFACE FROM DISK
2607144.452	Study_Phase.SEQUENCE.Study_Instruction	LOADING RESOURCE SURFACE FROM DISK
2613897.509	Study_Phase.SEQUENCE.DISPLAY_SCREEN	LOADING RESOURCE SURFACE FROM DISK
2615411.275	Study_Phase.SEQUENCE.Study_Instruction	LOADING RESOURCE SURFACE FROM DISK
2623777.164	Study_Phase.SEQUENCE.Study_Instruction	LOADING RESOURCE SURFACE FROM DISK
2632044.215	Study_Phase.SEQUENCE.Study_Instruction	LOADING RESOURCE SURFACE FROM DISK
2638797.656	Study_Phase.SEQUENCE.DISPLAY_SCREEN	LOADING RESOURCE SURFACE FROM DISK
2640356.287	Study_Phase.SEQUENCE.Study_Instruction	LOADING RESOURCE SURFACE FROM DISK
2647114.017	Study_Phase.SEQUENCE.DISPLAY_SCREEN	LOADING RESOURCE SURFACE FROM DISK
2648666.842	Study_Phase.SEQUENCE.Study_Instruction	LOADING RESOURCE SURFACE FROM DISK
2655430.949	Study_Phase.SEQUENCE.DISPLAY_SCREEN	LOADING RESOURCE SURFACE FROM DISK
2656990.176	Study_Phase.SEQUENCE.Study_Instruction	LOADING RESOURCE SURFACE FROM DISK
2663747.627	Study_Phase.SEQUENCE.DISPLAY_SCREEN	LOADING RESOURCE SURFACE FROM DISK
2665306.077	Study_Phase.SEQUENCE.Study_Instruction	LOADING RESOURCE SURFACE FROM DISK
2673561.348	Study_Phase.SEQUENCE.Study_Instruction	LOADING RESOURCE SURFACE FROM DISK
2680314.297	Study_Phase.SEQUENCE.DISPLAY_SCREEN	LOADING RESOURCE SURFACE FROM DISK
2681828.117	Study_Phase.SEQUENCE.Study_Instruction	LOADING RESOURCE SURFACE FROM DISK
2690120.181	Study_Phase.SEQUENCE.Study_Instruction	LOADING RESOURCE SURFACE FROM DISK
2696880.984	Study_Phase.SEQUENCE.DISPLAY_SCREEN	LOADING RESOURCE SURFACE FROM DISK
2698394.652	Study_Phase.SEQUENCE.Study_Instruction	LOADING RESOURCE SURFACE FROM DISK
2706677.447	Study_Phase.SEQUENCE.Study_Instruction	LOADING RESOURCE SURFACE FROM DISK
2714988.194	Study_Phase.SEQUENCE.Study_Instruction	LOADING RESOURCE SURFACE FROM DISK
2721747.615	Study_Phase.SEQUENCE.DISPLAY_SCREEN	LOADING RESOURCE SURFACE FROM DISK
2723261.15	Study_Phase.SEQUENCE.Study_Instruction	LOADING RESOURCE SURFACE FROM DISK
2730014.371	Study_Phase.SEQUENCE.DISPLAY_SCREEN	LOADING RESOURCE SURFACE FROM DISK
2731528.041	Study_Phase.SEQUENCE.Study_Instruction	LOADING RESOURCE SURFACE FROM DISK
2738264.127	Study_Phase.SEQUENCE.DISPLAY_SCREEN	LOADING RESOURCE SURFACE FROM DISK
2739777.885	Study_Phase.SEQUENCE.Study_Instruction	LOADING RESOURCE SURFACE FROM DISK
2748044.544	Study_Phase.SEQUENCE.Study_Instruction	LOADING RESOURCE SURFACE FROM DISK
2756353.113	Study_Phase.SEQUENCE.Study_Instruction	LOADING RESOURCE SURFACE FROM DISK
2764627.353	Study_Phase.SEQUENCE.Study_Instruction	LOADING RESOURCE SURFACE FROM DISK
2771381.0	Study_Phase.SEQUENCE.DISPLAY_SCREEN	LOADING RESOURCE SURFACE FROM DISK
2772894.621	Study_Phase.SEQUENCE.Study_Instruction	LOADING RESOURCE SURFACE FROM DISK
2781198.192	Study_Phase.SEQUENCE.Study_Instruction	LOADING RESOURCE SURFACE FROM DISK
2789460.737	Study_Phase.SEQUENCE.Study_Instruction	LOADING RESOURCE SURFACE FROM DISK
2797727.901	Study_Phase.SEQUENCE.Study_Instruction	LOADING RESOURCE SURFACE FROM DISK
2804480.945	Study_Phase.SEQUENCE.DISPLAY_SCREEN	LOADING RESOURCE SURFACE FROM DISK
2805994.577	Study_Phase.SEQUENCE.Study_Instruction	LOADING RESOURCE SURFACE FROM DISK
2814261.319	Study_Phase.SEQUENCE.Study_Instruction	LOADING RESOURCE SURFACE FROM DISK
2821014.237	Study_Phase.SEQUENCE.DISPLAY_SCREEN	LOADING RESOURCE SURFACE FROM DISK
2822527.818	Study_Phase.SEQUENCE.Study_Instruction	LOADING RESOURCE SURFACE FROM DISK
2829280.808	Study_Phase.SEQUENCE.DISPLAY_SCREEN	LOADING RESOURCE SURFACE FROM DISK
2830794.554	Study_Phase.SEQUENCE.Study_Instruction	LOADING RESOURCE SURFACE FROM DISK
2837547.446	Study_Phase.SEQUENCE.DISPLAY_SCREEN	LOADING RESOURCE SURFACE FROM DISK
2839107.518	Study_Phase.SEQUENCE.Study_Instruction	LOADING RESOURCE SURFACE FROM DISK
2847377.36	Study_Phase.SEQUENCE.Study_Instruction	LOADING RESOURCE SURFACE FROM DISK
2855644.652	Study_Phase.SEQUENCE.Study_Instruction	LOADING RESOURCE SURFACE FROM DISK
2863950.528	Study_Phase.SEQUENCE.Study_Instruction	LOADING RESOURCE SURFACE FROM DISK
2870714.419	Study_Phase.SEQUENCE.DISPLAY_SCREEN	LOADING RESOURCE SURFACE FROM DISK
2872266.168	Study_Phase.SEQUENCE.Study_Instruction	LOADING RESOURCE SURFACE FROM DISK
2879030.821	Study_Phase.SEQUENCE.DISPLAY_SCREEN	LOADING RESOURCE SURFACE FROM DISK
2880544.523	Study_Phase.SEQUENCE.Study_Instruction	LOADING RESOURCE SURFACE FROM DISK
2888859.371	Study_Phase.SEQUENCE.Study_Instruction	LOADING RESOURCE SURFACE FROM DISK
2895614.082	Study_Phase.SEQUENCE.DISPLAY_SCREEN	LOADING RESOURCE SURFACE FROM DISK
2897127.986	Study_Phase.SEQUENCE.Study_Instruction	LOADING RESOURCE SURFACE FROM DISK
2905436.727	Study_Phase.SEQUENCE.Study_Instruction	LOADING RESOURCE SURFACE FROM DISK
2912197.657	Study_Phase.SEQUENCE.DISPLAY_SCREEN	LOADING RESOURCE SURFACE FROM DISK
2913711.425	Study_Phase.SEQUENCE.Study_Instruction	LOADING RESOURCE SURFACE FROM DISK
2922013.384	Study_Phase.SEQUENCE.Study_Instruction	LOADING RESOURCE SURFACE FROM DISK
2928764.325	Study_Phase.SEQUENCE.DISPLAY_SCREEN	LOADING RESOURCE SURFACE FROM DISK
2930277.873	Study_Phase.SEQUENCE.Study_Instruction	LOADING RESOURCE SURFACE FROM DISK
2936997.74	Study_Phase.SEQUENCE.DISPLAY_SCREEN	LOADING RESOURCE SURFACE FROM DISK
2938511.321	Study_Phase.SEQUENCE.Study_Instruction	LOADING RESOURCE SURFACE FROM DISK
2945264.318	Study_Phase.SEQUENCE.DISPLAY_SCREEN	LOADING RESOURCE SURFACE FROM DISK
2946814.813	Study_Phase.SEQUENCE.Study_Instruction	LOADING RESOURCE SURFACE FROM DISK
2955078.363	Study_Phase.SEQUENCE.Study_Instruction	LOADING RESOURCE SURFACE FROM DISK
2963344.051	Study_Phase.SEQUENCE.Study_Instruction	LOADING RESOURCE SURFACE FROM DISK
2970080.859	Study_Phase.SEQUENCE.DISPLAY_SCREEN	LOADING RESOURCE SURFACE FROM DISK
2971630.975	Study_Phase.SEQUENCE.Study_Instruction	LOADING RESOURCE SURFACE FROM DISK
2979935.076	Study_Phase.SEQUENCE.Study_Instruction	LOADING RESOURCE SURFACE FROM DISK
2986697.486	Study_Phase.SEQUENCE.DISPLAY_SCREEN	LOADING RESOURCE SURFACE FROM DISK
2988211.266	Study_Phase.SEQUENCE.Study_Instruction	LOADING RESOURCE SURFACE FROM DISK
2996477.958	Study_Phase.SEQUENCE.Study_Instruction	LOADING RESOURCE SURFACE FROM DISK
3003230.968	Study_Phase.SEQUENCE.DISPLAY_SCREEN	LOADING RESOURCE SURFACE FROM DISK
3004788.79	Study_Phase.SEQUENCE.Study_Instruction	LOADING RESOURCE SURFACE FROM DISK
3011547.722	Study_Phase.SEQUENCE.DISPLAY_SCREEN	LOADING RESOURCE SURFACE FROM DISK
3013061.264	Study_Phase.SEQUENCE.Study_Instruction	LOADING RESOURCE SURFACE FROM DISK
3019797.622	Study_Phase.SEQUENCE.DISPLAY_SCREEN	LOADING RESOURCE SURFACE FROM DISK
3021311.289	Study_Phase.SEQUENCE.Study_Instruction	LOADING RESOURCE SURFACE FROM DISK
3029577.971	Study_Phase.SEQUENCE.Study_Instruction	LOADING RESOURCE SURFACE FROM DISK
3036330.813	Study_Phase.SEQUENCE.DISPLAY_SCREEN	LOADING RESOURCE SURFACE FROM DISK
3037890.415	Study_Phase.SEQUENCE.Study_Instruction	LOADING RESOURCE SURFACE FROM DISK
3046161.33	Study_Phase.SEQUENCE.Study_Instruction	LOADING RESOURCE SURFACE FROM DISK
3052914.274	Study_Phase.SEQUENCE.DISPLAY_SCREEN	LOADING RESOURCE SURFACE FROM DISK
3054427.858	Study_Phase.SEQUENCE.Study_Instruction	LOADING RESOURCE SURFACE FROM DISK
3059143.504	DISPLAY_SCREEN[7]	LOADING RESOURCE SURFACE FROM DISK
3184893.698	Test_Phase.SEQUENCE.Target_Cue	LOADING RESOURCE SURFACE FROM DISK
3184895.294	Test_Phase.SEQUENCE.Target_Cue	LOADING RESOURCE SURFACE FROM DISK
3186910.898	Test_Phase.SEQUENCE.Word	LOADING RESOURCE SURFACE FROM DISK
3189927.197	Test_Phase.SEQUENCE.Test_Question	LOADING RESOURCE SURFACE FROM DISK
3189928.874	Test_Phase.SEQUENCE.Test_Question	LOADING RESOURCE SURFACE FROM DISK
3189930.464	Test_Phase.SEQUENCE.Test_Question	LOADING RESOURCE SURFACE FROM DISK
3189931.996	Test_Phase.SEQUENCE.Test_Question	LOADING RESOURCE SURFACE FROM DISK
3189972.125	Test_Phase.SEQUENCE.Test_Question	LOADING RESOURCE SURFACE FROM DISK
3189981.988	Test_Phase.SEQUENCE.Test_Question	LOADING RESOURCE SURFACE FROM DISK
3189983.959	Test_Phase.SEQUENCE.Test_Question	LOADING RESOURCE SURFACE FROM DISK
3189993.964	Test_Phase.SEQUENCE.Test_Question	LOADING RESOURCE SURFACE FROM DISK
3189996.772	Test_Phase.SEQUENCE.Test_Question	LOADING RESOURCE SURFACE FROM DISK
3189998.752	Test_Phase.SEQUENCE.Test_Question	LOADING RESOURCE SURFACE FROM DISK
3190012.159	Test_Phase.SEQUENCE.Test_Question	LOADING RESOURCE SURFACE FROM DISK
3190014.016	Test_Phase.SEQUENCE.Test_Question	LOADING RESOURCE SURFACE FROM DISK
3196127.472	Test_Phase.SEQUENCE.Word	LOADING RESOURCE SURFACE FROM DISK
3204473.891	Test_Phase.SEQUENCE.Word	LOADING RESOURCE SURFACE FROM DISK
3213827.713	Test_Phase.SEQUENCE.Word	LOADING RESOURCE SURFACE FROM DISK
3222004.044	Test_Phase.SEQUENCE.Word	LOADING RESOURCE SURFACE FROM DISK
3230094.466	Test_Phase.SEQUENCE.Word	LOADING RESOURCE SURFACE FROM DISK
3238031.262	Test_Phase.SEQUENCE.Word	LOADING RESOURCE SURFACE FROM DISK
3246194.462	Test_Phase.SEQUENCE.Word	LOADING RESOURCE SURFACE FROM DISK
3254249.351	Test_Phase.SEQUENCE.Word	LOADING RESOURCE SURFACE FROM DISK
3262261.411	Test_Phase.SEQUENCE.Word	LOADING RESOURCE SURFACE FROM DISK
3270377.556	Test_Phase.SEQUENCE.Word	LOADING RESOURCE SURFACE FROM DISK
3278469.621	Test_Phase.SEQUENCE.Word	LOADING RESOURCE SURFACE FROM DISK
3286144.73	Test_Phase.SEQUENCE.Word	LOADING RESOURCE SURFACE FROM DISK
3294413.205	Test_Phase.SEQUENCE.Word	LOADING RESOURCE SURFACE FROM DISK
3302177.676	Test_Phase.SEQUENCE.Word	LOADING RESOURCE SURFACE FROM DISK
3309794.345	Test_Phase.SEQUENCE.Word	LOADING RESOURCE SURFACE FROM DISK
3317644.383	Test_Phase.SEQUENCE.Word	LOADING RESOURCE SURFACE FROM DISK
3325411.143	Test_Phase.SEQUENCE.Word	LOADING RESOURCE SURFACE FROM DISK
3333129.55	Test_Phase.SEQUENCE.Word	LOADING RESOURCE SURFACE FROM DISK
3341061.196	Test_Phase.SEQUENCE.Word	LOADING RESOURCE SURFACE FROM DISK
3348844.124	Test_Phase.SEQUENCE.Word	LOADING RESOURCE SURFACE FROM DISK
3356360.866	Test_Phase.SEQUENCE.Word	LOADING RESOURCE SURFACE FROM DISK
3364294.315	Test_Phase.SEQUENCE.Word	LOADING RESOURCE SURFACE FROM DISK
3372583.918	Test_Phase.SEQUENCE.Word	LOADING RESOURCE SURFACE FROM DISK
3380601.113	Test_Phase.SEQUENCE.Word	LOADING RESOURCE SURFACE FROM DISK
3388561.351	Test_Phase.SEQUENCE.Word	LOADING RESOURCE SURFACE FROM DISK
3396510.959	Test_Phase.SEQUENCE.Word	LOADING RESOURCE SURFACE FROM DISK
3404521.88	Test_Phase.SEQUENCE.Word	LOADING RESOURCE SURFACE FROM DISK
3412244.603	Test_Phase.SEQUENCE.Word	LOADING RESOURCE SURFACE FROM DISK
3420027.613	Test_Phase.SEQUENCE.Word	LOADING RESOURCE SURFACE FROM DISK
3427494.316	Test_Phase.SEQUENCE.Word	LOADING RESOURCE SURFACE FROM DISK
3435074.482	Test_Phase.SEQUENCE.Word	LOADING RESOURCE SURFACE FROM DISK
3442778.337	Test_Phase.SEQUENCE.Word	LOADING RESOURCE SURFACE FROM DISK
3450377.662	Test_Phase.SEQUENCE.Word	LOADING RESOURCE SURFACE FROM DISK
3458094.394	Test_Phase.SEQUENCE.Word	LOADING RESOURCE SURFACE FROM DISK
3465744.424	Test_Phase.SEQUENCE.Word	LOADING RESOURCE SURFACE FROM DISK
3473685.284	Test_Phase.SEQUENCE.Word	LOADING RESOURCE SURFACE FROM DISK
3481327.808	Test_Phase.SEQUENCE.Word	LOADING RESOURCE SURFACE FROM DISK
3488943.952	Test_Phase.SEQUENCE.Word	LOADING RESOURCE SURFACE FROM DISK
3496860.894	Test_Phase.SEQUENCE.Word	LOADING RESOURCE SURFACE FROM DISK
3504461.337	Test_Phase.SEQUENCE.Word	LOADING RESOURCE SURFACE FROM DISK
3512111.03	Test_Phase.SEQUENCE.Word	LOADING RESOURCE SURFACE FROM DISK
3519839.185	Test_Phase.SEQUENCE.Word	LOADING RESOURCE SURFACE FROM DISK
3527394.219	Test_Phase.SEQUENCE.Word	LOADING RESOURCE SURFACE FROM DISK
3535502.649	Test_Phase.SEQUENCE.Word	LOADING RESOURCE SURFACE FROM DISK
3543110.861	Test_Phase.SEQUENCE.Word	LOADING RESOURCE SURFACE FROM DISK
3550760.857	Test_Phase.SEQUENCE.Word	LOADING RESOURCE SURFACE FROM DISK
3558539.808	Test_Phase.SEQUENCE.Word	LOADING RESOURCE SURFACE FROM DISK
3566294.34	Test_Phase.SEQUENCE.Word	LOADING RESOURCE SURFACE FROM DISK
3574061.49	Test_Phase.SEQUENCE.Word	LOADING RESOURCE SURFACE FROM DISK
3582571.776	Test_Phase.SEQUENCE.Word	LOADING RESOURCE SURFACE FROM DISK
3590894.442	Test_Phase.SEQUENCE.Word	LOADING RESOURCE SURFACE FROM DISK
3598977.704	Test_Phase.SEQUENCE.Word	LOADING RESOURCE SURFACE FROM DISK
3606610.92	Test_Phase.SEQUENCE.Word	LOADING RESOURCE SURFACE FROM DISK
3614313.196	Test_Phase.SEQUENCE.Word	LOADING RESOURCE SURFACE FROM DISK
3621901.371	Test_Phase.SEQUENCE.Word	LOADING RESOURCE SURFACE FROM DISK
3629394.359	Test_Phase.SEQUENCE.Word	LOADING RESOURCE SURFACE FROM DISK
3637244.489	Test_Phase.SEQUENCE.Word	LOADING RESOURCE SURFACE FROM DISK
3644960.971	Test_Phase.SEQUENCE.Word	LOADING RESOURCE SURFACE FROM DISK
3652761.139	Test_Phase.SEQUENCE.Word	LOADING RESOURCE SURFACE FROM DISK
3660944.4	Test_Phase.SEQUENCE.Word	LOADING RESOURCE SURFACE FROM DISK
3669756.128	Test_Phase.SEQUENCE.Word	LOADING RESOURCE SURFACE FROM DISK
3677644.322	Test_Phase.SEQUENCE.Word	LOADING RESOURCE SURFACE FROM DISK
3685360.846	Test_Phase.SEQUENCE.Word	LOADING RESOURCE SURFACE FROM DISK
3692977.886	Test_Phase.SEQUENCE.Word	LOADING RESOURCE SURFACE FROM DISK
3700677.691	Test_Phase.SEQUENCE.Word	LOADING RESOURCE SURFACE FROM DISK
3708861.074	Test_Phase.SEQUENCE.Word	LOADING RESOURCE SURFACE FROM DISK
3716427.692	Test_Phase.SEQUENCE.Word	LOADING RESOURCE SURFACE FROM DISK
3724344.252	Test_Phase.SEQUENCE.Word	LOADING RESOURCE SURFACE FROM DISK
3732077.805	Test_Phase.SEQUENCE.Word	LOADING RESOURCE SURFACE FROM DISK
3739761.132	Test_Phase.SEQUENCE.Word	LOADING RESOURCE SURFACE FROM DISK
3747961.112	Test_Phase.SEQUENCE.Word	LOADING RESOURCE SURFACE FROM DISK
3755560.985	Test_Phase.SEQUENCE.Word	LOADING RESOURCE SURFACE FROM DISK
3763161.072	Test_Phase.SEQUENCE.Word	LOADING RESOURCE SURFACE FROM DISK
3770644.454	Test_Phase.SEQUENCE.Word	LOADING RESOURCE SURFACE FROM DISK
3779110.969	Test_Phase.SEQUENCE.Word	LOADING RESOURCE SURFACE FROM DISK
3786794.268	Test_Phase.SEQUENCE.Word	LOADING RESOURCE SURFACE FROM DISK
3794411.077	Test_Phase.SEQUENCE.Word	LOADING RESOURCE SURFACE FROM DISK
3802210.955	Test_Phase.SEQUENCE.Word	LOADING RESOURCE SURFACE FROM DISK
3809777.574	Test_Phase.SEQUENCE.Word	LOADING RESOURCE SURFACE FROM DISK
3817647.669	Test_Phase.SEQUENCE.Word	LOADING RESOURCE SURFACE FROM DISK
3825294.441	Test_Phase.SEQUENCE.Word	LOADING RESOURCE SURFACE FROM DISK
3833077.782	Test_Phase.SEQUENCE.Word	LOADING RESOURCE SURFACE FROM DISK
3840794.472	Test_Phase.SEQUENCE.Word	LOADING RESOURCE SURFACE FROM DISK
3848927.578	Test_Phase.SEQUENCE.Word	LOADING RESOURCE SURFACE FROM DISK
3856864.915	Test_Phase.SEQUENCE.Word	LOADING RESOURCE SURFACE FROM DISK
3865260.891	Test_Phase.SEQUENCE.Word	LOADING RESOURCE SURFACE FROM DISK
3873377.622	Test_Phase.SEQUENCE.Word	LOADING RESOURCE SURFACE FROM DISK
3881538.101	Test_Phase.SEQUENCE.Word	LOADING RESOURCE SURFACE FROM DISK
3889603.396	Test_Phase.SEQUENCE.Word	LOADING RESOURCE SURFACE FROM DISK
3897994.665	Test_Phase.SEQUENCE.Word	LOADING RESOURCE SURFACE FROM DISK
3905950.843	Test_Phase.SEQUENCE.Word	LOADING RESOURCE SURFACE FROM DISK
3913994.236	Test_Phase.SEQUENCE.Word	LOADING RESOURCE SURFACE FROM DISK
3921794.321	Test_Phase.SEQUENCE.Word	LOADING RESOURCE SURFACE FROM DISK
3929577.839	Test_Phase.SEQUENCE.Word	LOADING RESOURCE SURFACE FROM DISK
3938094.457	Test_Phase.SEQUENCE.Word	LOADING RESOURCE SURFACE FROM DISK
3945848.664	Test_Phase.SEQUENCE.Word	LOADING RESOURCE SURFACE FROM DISK
3953627.595	Test_Phase.SEQUENCE.Word	LOADING RESOURCE SURFACE FROM DISK
3961486.369	Test_Phase.SEQUENCE.Word	LOADING RESOURCE SURFACE FROM DISK
3969311.134	Test_Phase.SEQUENCE.Word	LOADING RESOURCE SURFACE FROM DISK
3977049.418	Test_Phase.SEQUENCE.Word	LOADING RESOURCE SURFACE FROM DISK
3985144.412	Test_Phase.SEQUENCE.Word	LOADING RESOURCE SURFACE FROM DISK
3992994.292	Test_Phase.SEQUENCE.Word	LOADING RESOURCE SURFACE FROM DISK
4001044.354	Test_Phase.SEQUENCE.Word	LOADING RESOURCE SURFACE FROM DISK
4008661.022	Test_Phase.SEQUENCE.Word	LOADING RESOURCE SURFACE FROM DISK
4016321.11	Test_Phase.SEQUENCE.Word	LOADING RESOURCE SURFACE FROM DISK
4024980.109	Test_Phase.SEQUENCE.Word	LOADING RESOURCE SURFACE FROM DISK
4032877.834	Test_Phase.SEQUENCE.Word	LOADING RESOURCE SURFACE FROM DISK
4041010.944	Test_Phase.SEQUENCE.Word	LOADING RESOURCE SURFACE FROM DISK
4048661.06	Test_Phase.SEQUENCE.Word	LOADING RESOURCE SURFACE FROM DISK
4057211.168	Test_Phase.SEQUENCE.Word	LOADING RESOURCE SURFACE FROM DISK
4065184.205	Test_Phase.SEQUENCE.Word	LOADING RESOURCE SURFACE FROM DISK
4073331.21	Test_Phase.SEQUENCE.Word	LOADING RESOURCE SURFACE FROM DISK
4081011.155	Test_Phase.SEQUENCE.Word	LOADING RESOURCE SURFACE FROM DISK
4088532.216	Test_Phase.SEQUENCE.Word	LOADING RESOURCE SURFACE FROM DISK
4096383.196	Test_Phase.SEQUENCE.Word	LOADING RESOURCE SURFACE FROM DISK
4104777.661	Test_Phase.SEQUENCE.Word	LOADING RESOURCE SURFACE FROM DISK
4112460.949	Test_Phase.SEQUENCE.Word	LOADING RESOURCE SURFACE FROM DISK
4120227.831	Test_Phase.SEQUENCE.Word	LOADING RESOURCE SURFACE FROM DISK
4128004.727	Test_Phase.SEQUENCE.Word	LOADING RESOURCE SURFACE FROM DISK
4135477.664	Test_Phase.SEQUENCE.Word	LOADING RESOURCE SURFACE FROM DISK
4143644.271	Test_Phase.SEQUENCE.Word	LOADING RESOURCE SURFACE FROM DISK
4151094.342	Test_Phase.SEQUENCE.Word	LOADING RESOURCE SURFACE FROM DISK
4158651.886	Test_Phase.SEQUENCE.Word	LOADING RESOURCE SURFACE FROM DISK
4167011.051	Test_Phase.SEQUENCE.Word	LOADING RESOURCE SURFACE FROM DISK
4174627.713	Test_Phase.SEQUENCE.Word	LOADING RESOURCE SURFACE FROM DISK
4182468.32	Test_Phase.SEQUENCE.Word	LOADING RESOURCE SURFACE FROM DISK
4190311.044	Test_Phase.SEQUENCE.Word	LOADING RESOURCE SURFACE FROM DISK
4205956.48	Test_Phase.SEQUENCE.Word	LOADING RESOURCE SURFACE FROM DISK
4213518.253	Test_Phase.SEQUENCE.Word	LOADING RESOURCE SURFACE FROM DISK
4221744.399	Test_Phase.SEQUENCE.Word	LOADING RESOURCE SURFACE FROM DISK
4229984.308	Test_Phase.SEQUENCE.Word	LOADING RESOURCE SURFACE FROM DISK
4237568.946	Test_Phase.SEQUENCE.Word	LOADING RESOURCE SURFACE FROM DISK
4245511.113	Test_Phase.SEQUENCE.Word	LOADING RESOURCE SURFACE FROM DISK
4253244.177	Test_Phase.SEQUENCE.Word	LOADING RESOURCE SURFACE FROM DISK
4260950.207	Test_Phase.SEQUENCE.Word	LOADING RESOURCE SURFACE FROM DISK
4268660.969	Test_Phase.SEQUENCE.Word	LOADING RESOURCE SURFACE FROM DISK
4276377.802	Test_Phase.SEQUENCE.Word	LOADING RESOURCE SURFACE FROM DISK
4283961.122	Test_Phase.SEQUENCE.Word	LOADING RESOURCE SURFACE FROM DISK
4291444.296	Test_Phase.SEQUENCE.Word	LOADING RESOURCE SURFACE FROM DISK
4299192.453	Test_Phase.SEQUENCE.Word	LOADING RESOURCE SURFACE FROM DISK
4306948.037	Test_Phase.SEQUENCE.Word	LOADING RESOURCE SURFACE FROM DISK
4314970.418	Test_Phase.SEQUENCE.Word	LOADING RESOURCE SURFACE FROM DISK
4322805.085	Test_Phase.SEQUENCE.Word	LOADING RESOURCE SURFACE FROM DISK
4330381.675	Test_Phase.SEQUENCE.Word	LOADING RESOURCE SURFACE FROM DISK
4337527.707	Test_Phase.SEQUENCE.Word	LOADING RESOURCE SURFACE FROM DISK
4345189.93	Test_Phase.SEQUENCE.Word	LOADING RESOURCE SURFACE FROM DISK
4352735.563	Test_Phase.SEQUENCE.Word	LOADING RESOURCE SURFACE FROM DISK
4360523.383	Test_Phase.SEQUENCE.Word	LOADING RESOURCE SURFACE FROM DISK
4368394.292	Test_Phase.SEQUENCE.Word	LOADING RESOURCE SURFACE FROM DISK
4376288.902	Test_Phase.SEQUENCE.Word	LOADING RESOURCE SURFACE FROM DISK
4383861.089	Test_Phase.SEQUENCE.Word	LOADING RESOURCE SURFACE FROM DISK
4391581.022	Test_Phase.SEQUENCE.Word	LOADING RESOURCE SURFACE FROM DISK
4399289.569	Test_Phase.SEQUENCE.Word	LOADING RESOURCE SURFACE FROM DISK
4407094.301	Test_Phase.SEQUENCE.Word	LOADING RESOURCE SURFACE FROM DISK
4414827.688	Test_Phase.SEQUENCE.Word	LOADING RESOURCE SURFACE FROM DISK
4422677.796	Test_Phase.SEQUENCE.Word	LOADING RESOURCE SURFACE FROM DISK
4430390.786	Test_Phase.SEQUENCE.Word	LOADING RESOURCE SURFACE FROM DISK
4437444.476	Test_Phase.SEQUENCE.Word	LOADING RESOURCE SURFACE FROM DISK
4445127.753	Test_Phase.SEQUENCE.Word	LOADING RESOURCE SURFACE FROM DISK
4452932.879	Test_Phase.SEQUENCE.Word	LOADING RESOURCE SURFACE FROM DISK
4460444.261	Test_Phase.SEQUENCE.Word	LOADING RESOURCE SURFACE FROM DISK
4468161.006	Test_Phase.SEQUENCE.Word	LOADING RESOURCE SURFACE FROM DISK
4475794.212	Test_Phase.SEQUENCE.Word	LOADING RESOURCE SURFACE FROM DISK
4484433.559	Test_Phase.SEQUENCE.Word	LOADING RESOURCE SURFACE FROM DISK
4492137.547	Test_Phase.SEQUENCE.Word	LOADING RESOURCE SURFACE FROM DISK
4499710.984	Test_Phase.SEQUENCE.Word	LOADING RESOURCE SURFACE FROM DISK
4507708.082	Test_Phase.SEQUENCE.Word	LOADING RESOURCE SURFACE FROM DISK
4515611.274	Test_Phase.SEQUENCE.Word	LOADING RESOURCE SURFACE FROM DISK
4523177.985	Test_Phase.SEQUENCE.Word	LOADING RESOURCE SURFACE FROM DISK
4530677.588	Test_Phase.SEQUENCE.Word	LOADING RESOURCE SURFACE FROM DISK
4538011.093	Test_Phase.SEQUENCE.Word	LOADING RESOURCE SURFACE FROM DISK
4545727.871	Test_Phase.SEQUENCE.Word	LOADING RESOURCE SURFACE FROM DISK
4554406.889	Test_Phase.SEQUENCE.Word	LOADING RESOURCE SURFACE FROM DISK
4562127.792	Test_Phase.SEQUENCE.Word	LOADING RESOURCE SURFACE FROM DISK
4569777.614	Test_Phase.SEQUENCE.Word	LOADING RESOURCE SURFACE FROM DISK
4577438.834	Test_Phase.SEQUENCE.Word	LOADING RESOURCE SURFACE FROM DISK
4585277.639	Test_Phase.SEQUENCE.Word	LOADING RESOURCE SURFACE FROM DISK
4592973.29	Test_Phase.SEQUENCE.Word	LOADING RESOURCE SURFACE FROM DISK
4600527.815	Test_Phase.SEQUENCE.Word	LOADING RESOURCE SURFACE FROM DISK
4608227.783	Test_Phase.SEQUENCE.Word	LOADING RESOURCE SURFACE FROM DISK
4615627.564	Test_Phase.SEQUENCE.Word	LOADING RESOURCE SURFACE FROM DISK
4623527.853	Test_Phase.SEQUENCE.Word	LOADING RESOURCE SURFACE FROM DISK
4631177.741	Test_Phase.SEQUENCE.Word	LOADING RESOURCE SURFACE FROM DISK
4638977.567	Test_Phase.SEQUENCE.Word	LOADING RESOURCE SURFACE FROM DISK
4646560.944	Test_Phase.SEQUENCE.Word	LOADING RESOURCE SURFACE FROM DISK
4654194.108	Test_Phase.SEQUENCE.Word	LOADING RESOURCE SURFACE FROM DISK
4661927.423	Test_Phase.SEQUENCE.Word	LOADING RESOURCE SURFACE FROM DISK
4670061.119	Test_Phase.SEQUENCE.Word	LOADING RESOURCE SURFACE FROM DISK
4677880.462	Test_Phase.SEQUENCE.Word	LOADING RESOURCE SURFACE FROM DISK
4685465.688	Test_Phase.SEQUENCE.Word	LOADING RESOURCE SURFACE FROM DISK
4693135.647	Test_Phase.SEQUENCE.Word	LOADING RESOURCE SURFACE FROM DISK
4700982.005	Test_Phase.SEQUENCE.Word	LOADING RESOURCE SURFACE FROM DISK
4708444.202	Test_Phase.SEQUENCE.Word	LOADING RESOURCE SURFACE FROM DISK
4716094.406	Test_Phase.SEQUENCE.Word	LOADING RESOURCE SURFACE FROM DISK
4723948.513	Test_Phase.SEQUENCE.Word	LOADING RESOURCE SURFACE FROM DISK
4731100.729	Test_Phase.SEQUENCE.Word	LOADING RESOURCE SURFACE FROM DISK
4738560.883	Test_Phase.SEQUENCE.Word	LOADING RESOURCE SURFACE FROM DISK
4746361.065	Test_Phase.SEQUENCE.Word	LOADING RESOURCE SURFACE FROM DISK
4750315.428	DISPLAY_SCREEN	LOADING RESOURCE SURFACE FROM DISK
