4857.844	DISPLAY_SCREEN[1]	LOADING RESOURCE SURFACE FROM DISK
1221972.954	Familiarization_Phase.SEQUENCE.Cue_and_Instruction	LOADING RESOURCE SURFACE FROM DISK
1221975.856	Familiarization_Phase.SEQUENCE.Cue_and_Instruction	LOADING RESOURCE SURFACE FROM DISK
1228028.814	Familiarization_Phase.SEQUENCE.Cue_and_Instruction	LOADING RESOURCE SURFACE FROM DISK
1228031.741	Familiarization_Phase.SEQUENCE.Cue_and_Instruction	LOADING RESOURCE SURFACE FROM DISK
1234364.303	Familiarization_Phase.SEQUENCE.Cue_and_Instruction	LOADING RESOURCE SURFACE FROM DISK
1234367.014	Familiarization_Phase.SEQUENCE.Cue_and_Instruction	LOADING RESOURCE SURFACE FROM DISK
1276582.865	DISPLAY_SCREEN[3]	LOADING RESOURCE SURFACE FROM DISK
1282720.876	DISPLAY_SCREEN[5]	LOADING RESOURCE SURFACE FROM DISK
1349390.097	Practice_Phase.SEQUENCE.Blink_Screen	LOADING RESOURCE SURFACE FROM DISK
1351165.482	Practice_Phase.SEQUENCE.Practice_Luminance_Cue	LOADING RESOURCE SURFACE FROM DISK
1351167.425	Practice_Phase.SEQUENCE.Practice_Luminance_Cue	LOADING RESOURCE SURFACE FROM DISK
1351168.948	Practice_Phase.SEQUENCE.Practice_Luminance_Cue	flip time is later than desired time. Desired Time=1350612 Flip Time=1351179 Retrace Rate=16.641, prepareTime=581 flip request time 1351168
1353162.701	Practice_Phase.SEQUENCE.Practice_Instruction	LOADING RESOURCE SURFACE FROM DISK
1353164.602	Practice_Phase.SEQUENCE.Practice_Instruction	LOADING RESOURCE SURFACE FROM DISK
1361246.535	Practice_Phase.SEQUENCE.Practice_Instruction	LOADING RESOURCE SURFACE FROM DISK
1361248.397	Practice_Phase.SEQUENCE.Practice_Instruction	LOADING RESOURCE SURFACE FROM DISK
1369352.293	Practice_Phase.SEQUENCE.Practice_Instruction	LOADING RESOURCE SURFACE FROM DISK
1369354.175	Practice_Phase.SEQUENCE.Practice_Instruction	LOADING RESOURCE SURFACE FROM DISK
1369355.713	Practice_Phase.SEQUENCE.Practice_Instruction	flip time is later than desired time. Desired Time=1369329 Flip Time=1369379 Retrace Rate=16.641, prepareTime=51 flip request time 1369355
1377429.515	Practice_Phase.SEQUENCE.Practice_Instruction	LOADING RESOURCE SURFACE FROM DISK
1377431.383	Practice_Phase.SEQUENCE.Practice_Instruction	LOADING RESOURCE SURFACE FROM DISK
1385496.076	Practice_Phase.SEQUENCE.Practice_Instruction	LOADING RESOURCE SURFACE FROM DISK
1385498.016	Practice_Phase.SEQUENCE.Practice_Instruction	LOADING RESOURCE SURFACE FROM DISK
1393562.87	Practice_Phase.SEQUENCE.Practice_Instruction	LOADING RESOURCE SURFACE FROM DISK
1393564.761	Practice_Phase.SEQUENCE.Practice_Instruction	LOADING RESOURCE SURFACE FROM DISK
1401629.499	Practice_Phase.SEQUENCE.Practice_Instruction	LOADING RESOURCE SURFACE FROM DISK
1401631.822	Practice_Phase.SEQUENCE.Practice_Instruction	LOADING RESOURCE SURFACE FROM DISK
1409696.147	Practice_Phase.SEQUENCE.Practice_Instruction	LOADING RESOURCE SURFACE FROM DISK
1409738.182	Practice_Phase.SEQUENCE.Practice_Instruction	LOADING RESOURCE SURFACE FROM DISK
1409739.77	Practice_Phase.SEQUENCE.Practice_Instruction	flip time is later than desired time. Desired Time=1409712 Flip Time=1409762 Retrace Rate=16.641, prepareTime=52 flip request time 1409739
1417812.928	Practice_Phase.SEQUENCE.Practice_Instruction	LOADING RESOURCE SURFACE FROM DISK
1417815.409	Practice_Phase.SEQUENCE.Practice_Instruction	LOADING RESOURCE SURFACE FROM DISK
1422475.447	DISPLAY_SCREEN[2]	LOADING RESOURCE SURFACE FROM DISK
1591965.979	Study_Phase.SEQUENCE.Study_Instruction	LOADING RESOURCE SURFACE FROM DISK
1600271.78	Study_Phase.SEQUENCE.Study_Instruction	LOADING RESOURCE SURFACE FROM DISK
1600273.61	Study_Phase.SEQUENCE.Study_Instruction	LOADING RESOURCE SURFACE FROM DISK
1608571.866	Study_Phase.SEQUENCE.Study_Instruction	LOADING RESOURCE SURFACE FROM DISK
1608573.689	Study_Phase.SEQUENCE.Study_Instruction	LOADING RESOURCE SURFACE FROM DISK
1616866.151	Study_Phase.SEQUENCE.Study_Instruction	LOADING RESOURCE SURFACE FROM DISK
1625165.623	Study_Phase.SEQUENCE.Study_Instruction	LOADING RESOURCE SURFACE FROM DISK
1633465.599	Study_Phase.SEQUENCE.Study_Instruction	LOADING RESOURCE SURFACE FROM DISK
1641772.085	Study_Phase.SEQUENCE.Study_Instruction	LOADING RESOURCE SURFACE FROM DISK
1641774.07	Study_Phase.SEQUENCE.Study_Instruction	LOADING RESOURCE SURFACE FROM DISK
1650065.92	Study_Phase.SEQUENCE.Study_Instruction	LOADING RESOURCE SURFACE FROM DISK
1658371.926	Study_Phase.SEQUENCE.Study_Instruction	LOADING RESOURCE SURFACE FROM DISK
1658373.761	Study_Phase.SEQUENCE.Study_Instruction	LOADING RESOURCE SURFACE FROM DISK
1666665.844	Study_Phase.SEQUENCE.Study_Instruction	LOADING RESOURCE SURFACE FROM DISK
1674971.829	Study_Phase.SEQUENCE.Study_Instruction	LOADING RESOURCE SURFACE FROM DISK
1674973.632	Study_Phase.SEQUENCE.Study_Instruction	LOADING RESOURCE SURFACE FROM DISK
1683265.88	Study_Phase.SEQUENCE.Study_Instruction	LOADING RESOURCE SURFACE FROM DISK
1691571.918	Study_Phase.SEQUENCE.Study_Instruction	LOADING RESOURCE SURFACE FROM DISK
1691573.791	Study_Phase.SEQUENCE.Study_Instruction	LOADING RESOURCE SURFACE FROM DISK
1699865.993	Study_Phase.SEQUENCE.Study_Instruction	LOADING RESOURCE SURFACE FROM DISK
1708171.816	Study_Phase.SEQUENCE.Study_Instruction	LOADING RESOURCE SURFACE FROM DISK
1708173.914	Study_Phase.SEQUENCE.Study_Instruction	LOADING RESOURCE SURFACE FROM DISK
1716455.423	Study_Phase.SEQUENCE.Study_Instruction	LOADING RESOURCE SURFACE FROM DISK
1716457.317	Study_Phase.SEQUENCE.Study_Instruction	LOADING RESOURCE SURFACE FROM DISK
1724748.851	Study_Phase.SEQUENCE.Study_Instruction	LOADING RESOURCE SURFACE FROM DISK
1733055.413	Study_Phase.SEQUENCE.Study_Instruction	LOADING RESOURCE SURFACE FROM DISK
1733057.537	Study_Phase.SEQUENCE.Study_Instruction	LOADING RESOURCE SURFACE FROM DISK
1741355.342	Study_Phase.SEQUENCE.Study_Instruction	LOADING RESOURCE SURFACE FROM DISK
1741357.31	Study_Phase.SEQUENCE.Study_Instruction	LOADING RESOURCE SURFACE FROM DISK
1749632.495	Study_Phase.SEQUENCE.Study_Instruction	LOADING RESOURCE SURFACE FROM DISK
1757938.522	Study_Phase.SEQUENCE.Study_Instruction	LOADING RESOURCE SURFACE FROM DISK
1757977.386	Study_Phase.SEQUENCE.Study_Instruction	LOADING RESOURCE SURFACE FROM DISK
1766265.496	Study_Phase.SEQUENCE.Study_Instruction	LOADING RESOURCE SURFACE FROM DISK
1774566.019	Study_Phase.SEQUENCE.Study_Instruction	LOADING RESOURCE SURFACE FROM DISK
1782872.017	Study_Phase.SEQUENCE.Study_Instruction	LOADING RESOURCE SURFACE FROM DISK
1782910.31	Study_Phase.SEQUENCE.Study_Instruction	LOADING RESOURCE SURFACE FROM DISK
1791205.08	Study_Phase.SEQUENCE.Study_Instruction	LOADING RESOURCE SURFACE FROM DISK
1791206.934	Study_Phase.SEQUENCE.Study_Instruction	LOADING RESOURCE SURFACE FROM DISK
1799505.309	Study_Phase.SEQUENCE.Study_Instruction	LOADING RESOURCE SURFACE FROM DISK
1799507.204	Study_Phase.SEQUENCE.Study_Instruction	LOADING RESOURCE SURFACE FROM DISK
1807805.257	Study_Phase.SEQUENCE.Study_Instruction	LOADING RESOURCE SURFACE FROM DISK
1807807.096	Study_Phase.SEQUENCE.Study_Instruction	LOADING RESOURCE SURFACE FROM DISK
1816099.408	Study_Phase.SEQUENCE.Study_Instruction	LOADING RESOURCE SURFACE FROM DISK
1824405.296	Study_Phase.SEQUENCE.Study_Instruction	LOADING RESOURCE SURFACE FROM DISK
1824407.21	Study_Phase.SEQUENCE.Study_Instruction	LOADING RESOURCE SURFACE FROM DISK
1832699.251	Study_Phase.SEQUENCE.Study_Instruction	LOADING RESOURCE SURFACE FROM DISK
1841005.288	Study_Phase.SEQUENCE.Study_Instruction	LOADING RESOURCE SURFACE FROM DISK
1841007.274	Study_Phase.SEQUENCE.Study_Instruction	LOADING RESOURCE SURFACE FROM DISK
1849323.914	Study_Phase.SEQUENCE.Study_Instruction	LOADING RESOURCE SURFACE FROM DISK
1857622.157	Study_Phase.SEQUENCE.Study_Instruction	LOADING RESOURCE SURFACE FROM DISK
1857662.13	Study_Phase.SEQUENCE.Study_Instruction	LOADING RESOURCE SURFACE FROM DISK
1865985.726	Study_Phase.SEQUENCE.Study_Instruction	LOADING RESOURCE SURFACE FROM DISK
1874265.641	Study_Phase.SEQUENCE.Study_Instruction	LOADING RESOURCE SURFACE FROM DISK
1882571.977	Study_Phase.SEQUENCE.Study_Instruction	LOADING RESOURCE SURFACE FROM DISK
1882574.019	Study_Phase.SEQUENCE.Study_Instruction	LOADING RESOURCE SURFACE FROM DISK
1890865.87	Study_Phase.SEQUENCE.Study_Instruction	LOADING RESOURCE SURFACE FROM DISK
1899171.81	Study_Phase.SEQUENCE.Study_Instruction	LOADING RESOURCE SURFACE FROM DISK
1899173.643	Study_Phase.SEQUENCE.Study_Instruction	LOADING RESOURCE SURFACE FROM DISK
1907465.403	Study_Phase.SEQUENCE.Study_Instruction	LOADING RESOURCE SURFACE FROM DISK
1915765.442	Study_Phase.SEQUENCE.Study_Instruction	LOADING RESOURCE SURFACE FROM DISK
1924066.136	Study_Phase.SEQUENCE.Study_Instruction	LOADING RESOURCE SURFACE FROM DISK
1932355.512	Study_Phase.SEQUENCE.Study_Instruction	LOADING RESOURCE SURFACE FROM DISK
1932357.417	Study_Phase.SEQUENCE.Study_Instruction	LOADING RESOURCE SURFACE FROM DISK
1940649.276	Study_Phase.SEQUENCE.Study_Instruction	LOADING RESOURCE SURFACE FROM DISK
1948955.438	Study_Phase.SEQUENCE.Study_Instruction	LOADING RESOURCE SURFACE FROM DISK
1948957.274	Study_Phase.SEQUENCE.Study_Instruction	LOADING RESOURCE SURFACE FROM DISK
1957255.172	Study_Phase.SEQUENCE.Study_Instruction	LOADING RESOURCE SURFACE FROM DISK
1957257.019	Study_Phase.SEQUENCE.Study_Instruction	LOADING RESOURCE SURFACE FROM DISK
1965548.746	Study_Phase.SEQUENCE.Study_Instruction	LOADING RESOURCE SURFACE FROM DISK
1973855.244	Study_Phase.SEQUENCE.Study_Instruction	LOADING RESOURCE SURFACE FROM DISK
1973857.08	Study_Phase.SEQUENCE.Study_Instruction	LOADING RESOURCE SURFACE FROM DISK
1982155.074	Study_Phase.SEQUENCE.Study_Instruction	LOADING RESOURCE SURFACE FROM DISK
1982156.934	Study_Phase.SEQUENCE.Study_Instruction	LOADING RESOURCE SURFACE FROM DISK
1990448.825	Study_Phase.SEQUENCE.Study_Instruction	LOADING RESOURCE SURFACE FROM DISK
1998755.216	Study_Phase.SEQUENCE.Study_Instruction	LOADING RESOURCE SURFACE FROM DISK
1998757.077	Study_Phase.SEQUENCE.Study_Instruction	LOADING RESOURCE SURFACE FROM DISK
2007049.27	Study_Phase.SEQUENCE.Study_Instruction	LOADING RESOURCE SURFACE FROM DISK
2015355.202	Study_Phase.SEQUENCE.Study_Instruction	LOADING RESOURCE SURFACE FROM DISK
2015357.04	Study_Phase.SEQUENCE.Study_Instruction	LOADING RESOURCE SURFACE FROM DISK
2023655.293	Study_Phase.SEQUENCE.Study_Instruction	LOADING RESOURCE SURFACE FROM DISK
2023657.153	Study_Phase.SEQUENCE.Study_Instruction	LOADING RESOURCE SURFACE FROM DISK
2031949.277	Study_Phase.SEQUENCE.Study_Instruction	LOADING RESOURCE SURFACE FROM DISK
2040248.826	Study_Phase.SEQUENCE.Study_Instruction	LOADING RESOURCE SURFACE FROM DISK
2048555.183	Study_Phase.SEQUENCE.Study_Instruction	LOADING RESOURCE SURFACE FROM DISK
2048557.127	Study_Phase.SEQUENCE.Study_Instruction	LOADING RESOURCE SURFACE FROM DISK
2056832.109	Study_Phase.SEQUENCE.Study_Instruction	LOADING RESOURCE SURFACE FROM DISK
2065138.82	Study_Phase.SEQUENCE.Study_Instruction	LOADING RESOURCE SURFACE FROM DISK
2065140.691	Study_Phase.SEQUENCE.Study_Instruction	LOADING RESOURCE SURFACE FROM DISK
2073438.449	Study_Phase.SEQUENCE.Study_Instruction	LOADING RESOURCE SURFACE FROM DISK
2073440.294	Study_Phase.SEQUENCE.Study_Instruction	LOADING RESOURCE SURFACE FROM DISK
2081721.924	Study_Phase.SEQUENCE.Study_Instruction	LOADING RESOURCE SURFACE FROM DISK
2081723.803	Study_Phase.SEQUENCE.Study_Instruction	LOADING RESOURCE SURFACE FROM DISK
2090056.201	Study_Phase.SEQUENCE.Study_Instruction	LOADING RESOURCE SURFACE FROM DISK
2098355.097	Study_Phase.SEQUENCE.Study_Instruction	LOADING RESOURCE SURFACE FROM DISK
2098394.545	Study_Phase.SEQUENCE.Study_Instruction	LOADING RESOURCE SURFACE FROM DISK
2106722.733	Study_Phase.SEQUENCE.Study_Instruction	LOADING RESOURCE SURFACE FROM DISK
2115015.435	Study_Phase.SEQUENCE.Study_Instruction	LOADING RESOURCE SURFACE FROM DISK
2123315.865	Study_Phase.SEQUENCE.Study_Instruction	LOADING RESOURCE SURFACE FROM DISK
2131621.837	Study_Phase.SEQUENCE.Study_Instruction	LOADING RESOURCE SURFACE FROM DISK
2131623.693	Study_Phase.SEQUENCE.Study_Instruction	LOADING RESOURCE SURFACE FROM DISK
2139915.819	Study_Phase.SEQUENCE.Study_Instruction	LOADING RESOURCE SURFACE FROM DISK
2148257.822	Study_Phase.SEQUENCE.Study_Instruction	LOADING RESOURCE SURFACE FROM DISK
2156555.378	Study_Phase.SEQUENCE.Study_Instruction	LOADING RESOURCE SURFACE FROM DISK
2156596.44	Study_Phase.SEQUENCE.Study_Instruction	LOADING RESOURCE SURFACE FROM DISK
2164919.09	Study_Phase.SEQUENCE.Study_Instruction	LOADING RESOURCE SURFACE FROM DISK
2173198.825	Study_Phase.SEQUENCE.Study_Instruction	LOADING RESOURCE SURFACE FROM DISK
2181498.782	Study_Phase.SEQUENCE.Study_Instruction	LOADING RESOURCE SURFACE FROM DISK
2189798.798	Study_Phase.SEQUENCE.Study_Instruction	LOADING RESOURCE SURFACE FROM DISK
2198098.724	Study_Phase.SEQUENCE.Study_Instruction	LOADING RESOURCE SURFACE FROM DISK
2206399.334	Study_Phase.SEQUENCE.Study_Instruction	LOADING RESOURCE SURFACE FROM DISK
2214705.141	Study_Phase.SEQUENCE.Study_Instruction	LOADING RESOURCE SURFACE FROM DISK
2214706.982	Study_Phase.SEQUENCE.Study_Instruction	LOADING RESOURCE SURFACE FROM DISK
2222999.483	Study_Phase.SEQUENCE.Study_Instruction	LOADING RESOURCE SURFACE FROM DISK
2231305.295	Study_Phase.SEQUENCE.Study_Instruction	LOADING RESOURCE SURFACE FROM DISK
2231307.178	Study_Phase.SEQUENCE.Study_Instruction	LOADING RESOURCE SURFACE FROM DISK
2239599.379	Study_Phase.SEQUENCE.Study_Instruction	LOADING RESOURCE SURFACE FROM DISK
2247905.18	Study_Phase.SEQUENCE.Study_Instruction	LOADING RESOURCE SURFACE FROM DISK
2247943.761	Study_Phase.SEQUENCE.Study_Instruction	LOADING RESOURCE SURFACE FROM DISK
2256273.621	Study_Phase.SEQUENCE.Study_Instruction	LOADING RESOURCE SURFACE FROM DISK
2264565.596	Study_Phase.SEQUENCE.Study_Instruction	LOADING RESOURCE SURFACE FROM DISK
2272865.478	Study_Phase.SEQUENCE.Study_Instruction	LOADING RESOURCE SURFACE FROM DISK
2281172.111	Study_Phase.SEQUENCE.Study_Instruction	LOADING RESOURCE SURFACE FROM DISK
2281174.046	Study_Phase.SEQUENCE.Study_Instruction	LOADING RESOURCE SURFACE FROM DISK
2289465.51	Study_Phase.SEQUENCE.Study_Instruction	LOADING RESOURCE SURFACE FROM DISK
2297765.57	Study_Phase.SEQUENCE.Study_Instruction	LOADING RESOURCE SURFACE FROM DISK
2306071.725	Study_Phase.SEQUENCE.Study_Instruction	LOADING RESOURCE SURFACE FROM DISK
2306073.65	Study_Phase.SEQUENCE.Study_Instruction	LOADING RESOURCE SURFACE FROM DISK
2314365.936	Study_Phase.SEQUENCE.Study_Instruction	LOADING RESOURCE SURFACE FROM DISK
2322665.541	Study_Phase.SEQUENCE.Study_Instruction	LOADING RESOURCE SURFACE FROM DISK
2330971.788	Study_Phase.SEQUENCE.Study_Instruction	LOADING RESOURCE SURFACE FROM DISK
2330973.638	Study_Phase.SEQUENCE.Study_Instruction	LOADING RESOURCE SURFACE FROM DISK
2339266.287	Study_Phase.SEQUENCE.Study_Instruction	LOADING RESOURCE SURFACE FROM DISK
2347571.822	Study_Phase.SEQUENCE.Study_Instruction	LOADING RESOURCE SURFACE FROM DISK
2347573.708	Study_Phase.SEQUENCE.Study_Instruction	LOADING RESOURCE SURFACE FROM DISK
2355866.057	Study_Phase.SEQUENCE.Study_Instruction	LOADING RESOURCE SURFACE FROM DISK
2364171.832	Study_Phase.SEQUENCE.Study_Instruction	LOADING RESOURCE SURFACE FROM DISK
2364173.817	Study_Phase.SEQUENCE.Study_Instruction	LOADING RESOURCE SURFACE FROM DISK
2372482.639	Study_Phase.SEQUENCE.Study_Instruction	LOADING RESOURCE SURFACE FROM DISK
2380788.596	Study_Phase.SEQUENCE.Study_Instruction	LOADING RESOURCE SURFACE FROM DISK
2380790.452	Study_Phase.SEQUENCE.Study_Instruction	LOADING RESOURCE SURFACE FROM DISK
2389082.742	Study_Phase.SEQUENCE.Study_Instruction	LOADING RESOURCE SURFACE FROM DISK
2397388.369	Study_Phase.SEQUENCE.Study_Instruction	LOADING RESOURCE SURFACE FROM DISK
2397390.425	Study_Phase.SEQUENCE.Study_Instruction	LOADING RESOURCE SURFACE FROM DISK
2405688.605	Study_Phase.SEQUENCE.Study_Instruction	LOADING RESOURCE SURFACE FROM DISK
2405690.47	Study_Phase.SEQUENCE.Study_Instruction	LOADING RESOURCE SURFACE FROM DISK
2413982.57	Study_Phase.SEQUENCE.Study_Instruction	LOADING RESOURCE SURFACE FROM DISK
2422288.771	Study_Phase.SEQUENCE.Study_Instruction	LOADING RESOURCE SURFACE FROM DISK
2422290.62	Study_Phase.SEQUENCE.Study_Instruction	LOADING RESOURCE SURFACE FROM DISK
2430582.185	Study_Phase.SEQUENCE.Study_Instruction	LOADING RESOURCE SURFACE FROM DISK
2438882.09	Study_Phase.SEQUENCE.Study_Instruction	LOADING RESOURCE SURFACE FROM DISK
2447182.289	Study_Phase.SEQUENCE.Study_Instruction	LOADING RESOURCE SURFACE FROM DISK
2455482.768	Study_Phase.SEQUENCE.Study_Instruction	LOADING RESOURCE SURFACE FROM DISK
2463788.475	Study_Phase.SEQUENCE.Study_Instruction	LOADING RESOURCE SURFACE FROM DISK
2463790.445	Study_Phase.SEQUENCE.Study_Instruction	LOADING RESOURCE SURFACE FROM DISK
2472082.287	Study_Phase.SEQUENCE.Study_Instruction	LOADING RESOURCE SURFACE FROM DISK
2480388.941	Study_Phase.SEQUENCE.Study_Instruction	LOADING RESOURCE SURFACE FROM DISK
2480390.827	Study_Phase.SEQUENCE.Study_Instruction	LOADING RESOURCE SURFACE FROM DISK
2488688.754	Study_Phase.SEQUENCE.Study_Instruction	LOADING RESOURCE SURFACE FROM DISK
2488690.607	Study_Phase.SEQUENCE.Study_Instruction	LOADING RESOURCE SURFACE FROM DISK
2496982.163	Study_Phase.SEQUENCE.Study_Instruction	LOADING RESOURCE SURFACE FROM DISK
2505288.576	Study_Phase.SEQUENCE.Study_Instruction	LOADING RESOURCE SURFACE FROM DISK
2505329.924	Study_Phase.SEQUENCE.Study_Instruction	LOADING RESOURCE SURFACE FROM DISK
2513622.039	Study_Phase.SEQUENCE.Study_Instruction	LOADING RESOURCE SURFACE FROM DISK
2513663.397	Study_Phase.SEQUENCE.Study_Instruction	LOADING RESOURCE SURFACE FROM DISK
2521955.343	Study_Phase.SEQUENCE.Study_Instruction	LOADING RESOURCE SURFACE FROM DISK
2521957.829	Study_Phase.SEQUENCE.Study_Instruction	LOADING RESOURCE SURFACE FROM DISK
2530249.289	Study_Phase.SEQUENCE.Study_Instruction	LOADING RESOURCE SURFACE FROM DISK
2538555.255	Study_Phase.SEQUENCE.Study_Instruction	LOADING RESOURCE SURFACE FROM DISK
2538557.206	Study_Phase.SEQUENCE.Study_Instruction	LOADING RESOURCE SURFACE FROM DISK
2546832.125	Study_Phase.SEQUENCE.Study_Instruction	LOADING RESOURCE SURFACE FROM DISK
2555132.189	Study_Phase.SEQUENCE.Study_Instruction	LOADING RESOURCE SURFACE FROM DISK
2563438.634	Study_Phase.SEQUENCE.Study_Instruction	LOADING RESOURCE SURFACE FROM DISK
2563440.454	Study_Phase.SEQUENCE.Study_Instruction	LOADING RESOURCE SURFACE FROM DISK
2571738.681	Study_Phase.SEQUENCE.Study_Instruction	LOADING RESOURCE SURFACE FROM DISK
2571740.549	Study_Phase.SEQUENCE.Study_Instruction	LOADING RESOURCE SURFACE FROM DISK
2580039.249	Study_Phase.SEQUENCE.Study_Instruction	LOADING RESOURCE SURFACE FROM DISK
2580084.265	Study_Phase.SEQUENCE.Study_Instruction	LOADING RESOURCE SURFACE FROM DISK
2584805.779	DISPLAY_SCREEN[7]	LOADING RESOURCE SURFACE FROM DISK
2910648.426	Test_Phase.SEQUENCE.Target_Cue	LOADING RESOURCE SURFACE FROM DISK
2910650.083	Test_Phase.SEQUENCE.Target_Cue	LOADING RESOURCE SURFACE FROM DISK
2912682.351	Test_Phase.SEQUENCE.Word	LOADING RESOURCE SURFACE FROM DISK
2915715.217	Test_Phase.SEQUENCE.Test_Question	LOADING RESOURCE SURFACE FROM DISK
2915717.119	Test_Phase.SEQUENCE.Test_Question	LOADING RESOURCE SURFACE FROM DISK
2915718.942	Test_Phase.SEQUENCE.Test_Question	LOADING RESOURCE SURFACE FROM DISK
2915720.725	Test_Phase.SEQUENCE.Test_Question	LOADING RESOURCE SURFACE FROM DISK
2915722.5	Test_Phase.SEQUENCE.Test_Question	LOADING RESOURCE SURFACE FROM DISK
2915724.317	Test_Phase.SEQUENCE.Test_Question	LOADING RESOURCE SURFACE FROM DISK
2915726.325	Test_Phase.SEQUENCE.Test_Question	LOADING RESOURCE SURFACE FROM DISK
2915727.953	Test_Phase.SEQUENCE.Test_Question	LOADING RESOURCE SURFACE FROM DISK
2915729.635	Test_Phase.SEQUENCE.Test_Question	LOADING RESOURCE SURFACE FROM DISK
2915731.332	Test_Phase.SEQUENCE.Test_Question	LOADING RESOURCE SURFACE FROM DISK
2915733.001	Test_Phase.SEQUENCE.Test_Question	LOADING RESOURCE SURFACE FROM DISK
2915734.64	Test_Phase.SEQUENCE.Test_Question	LOADING RESOURCE SURFACE FROM DISK
2949682.251	Test_Phase.SEQUENCE.Word	LOADING RESOURCE SURFACE FROM DISK
2962748.953	Test_Phase.SEQUENCE.Word	LOADING RESOURCE SURFACE FROM DISK
2975449.154	Test_Phase.SEQUENCE.Word	LOADING RESOURCE SURFACE FROM DISK
2990165.713	Test_Phase.SEQUENCE.Word	LOADING RESOURCE SURFACE FROM DISK
3001932.265	Test_Phase.SEQUENCE.Word	LOADING RESOURCE SURFACE FROM DISK
3010898.829	Test_Phase.SEQUENCE.Word	LOADING RESOURCE SURFACE FROM DISK
3020668.028	Test_Phase.SEQUENCE.Word	LOADING RESOURCE SURFACE FROM DISK
3031915.476	Test_Phase.SEQUENCE.Word	LOADING RESOURCE SURFACE FROM DISK
3043715.688	Test_Phase.SEQUENCE.Word	LOADING RESOURCE SURFACE FROM DISK
3052399.163	Test_Phase.SEQUENCE.Word	LOADING RESOURCE SURFACE FROM DISK
3060665.841	Test_Phase.SEQUENCE.Word	LOADING RESOURCE SURFACE FROM DISK
3069199.004	Test_Phase.SEQUENCE.Word	LOADING RESOURCE SURFACE FROM DISK
3076648.762	Test_Phase.SEQUENCE.Word	LOADING RESOURCE SURFACE FROM DISK
3084515.758	Test_Phase.SEQUENCE.Word	LOADING RESOURCE SURFACE FROM DISK
3091982.471	Test_Phase.SEQUENCE.Word	LOADING RESOURCE SURFACE FROM DISK
3099632.409	Test_Phase.SEQUENCE.Word	LOADING RESOURCE SURFACE FROM DISK
3110515.546	Test_Phase.SEQUENCE.Word	LOADING RESOURCE SURFACE FROM DISK
3118799.213	Test_Phase.SEQUENCE.Word	LOADING RESOURCE SURFACE FROM DISK
3126799.156	Test_Phase.SEQUENCE.Word	LOADING RESOURCE SURFACE FROM DISK
3134965.71	Test_Phase.SEQUENCE.Word	LOADING RESOURCE SURFACE FROM DISK
3142982.454	Test_Phase.SEQUENCE.Word	LOADING RESOURCE SURFACE FROM DISK
3150632.251	Test_Phase.SEQUENCE.Word	LOADING RESOURCE SURFACE FROM DISK
3158015.754	Test_Phase.SEQUENCE.Word	LOADING RESOURCE SURFACE FROM DISK
3165989.104	Test_Phase.SEQUENCE.Word	LOADING RESOURCE SURFACE FROM DISK
3174233.483	Test_Phase.SEQUENCE.Word	LOADING RESOURCE SURFACE FROM DISK
3181602.773	Test_Phase.SEQUENCE.Word	LOADING RESOURCE SURFACE FROM DISK
3189132.167	Test_Phase.SEQUENCE.Word	LOADING RESOURCE SURFACE FROM DISK
3199282.408	Test_Phase.SEQUENCE.Word	LOADING RESOURCE SURFACE FROM DISK
3207465.666	Test_Phase.SEQUENCE.Word	LOADING RESOURCE SURFACE FROM DISK
3215015.459	Test_Phase.SEQUENCE.Word	LOADING RESOURCE SURFACE FROM DISK
3223315.669	Test_Phase.SEQUENCE.Word	LOADING RESOURCE SURFACE FROM DISK
3230748.914	Test_Phase.SEQUENCE.Word	LOADING RESOURCE SURFACE FROM DISK
3237882.418	Test_Phase.SEQUENCE.Word	LOADING RESOURCE SURFACE FROM DISK
3245549.015	Test_Phase.SEQUENCE.Word	LOADING RESOURCE SURFACE FROM DISK
3253415.594	Test_Phase.SEQUENCE.Word	LOADING RESOURCE SURFACE FROM DISK
3260638.867	Test_Phase.SEQUENCE.Word	LOADING RESOURCE SURFACE FROM DISK
3268839.762	Test_Phase.SEQUENCE.Word	LOADING RESOURCE SURFACE FROM DISK
3277499.041	Test_Phase.SEQUENCE.Word	LOADING RESOURCE SURFACE FROM DISK
3284732.198	Test_Phase.SEQUENCE.Word	LOADING RESOURCE SURFACE FROM DISK
3291982.365	Test_Phase.SEQUENCE.Word	LOADING RESOURCE SURFACE FROM DISK
3299165.68	Test_Phase.SEQUENCE.Word	LOADING RESOURCE SURFACE FROM DISK
3306632.161	Test_Phase.SEQUENCE.Word	LOADING RESOURCE SURFACE FROM DISK
3315549.087	Test_Phase.SEQUENCE.Word	LOADING RESOURCE SURFACE FROM DISK
3322832.152	Test_Phase.SEQUENCE.Word	LOADING RESOURCE SURFACE FROM DISK
3330749.04	Test_Phase.SEQUENCE.Word	LOADING RESOURCE SURFACE FROM DISK
3338015.553	Test_Phase.SEQUENCE.Word	LOADING RESOURCE SURFACE FROM DISK
3345232.187	Test_Phase.SEQUENCE.Word	LOADING RESOURCE SURFACE FROM DISK
3352299.014	Test_Phase.SEQUENCE.Word	LOADING RESOURCE SURFACE FROM DISK
3359432.348	Test_Phase.SEQUENCE.Word	LOADING RESOURCE SURFACE FROM DISK
3366882.308	Test_Phase.SEQUENCE.Word	LOADING RESOURCE SURFACE FROM DISK
3374882.596	Test_Phase.SEQUENCE.Word	LOADING RESOURCE SURFACE FROM DISK
3382065.53	Test_Phase.SEQUENCE.Word	LOADING RESOURCE SURFACE FROM DISK
3389299.04	Test_Phase.SEQUENCE.Word	LOADING RESOURCE SURFACE FROM DISK
3397799.099	Test_Phase.SEQUENCE.Word	LOADING RESOURCE SURFACE FROM DISK
3404982.3	Test_Phase.SEQUENCE.Word	LOADING RESOURCE SURFACE FROM DISK
3412299.114	Test_Phase.SEQUENCE.Word	LOADING RESOURCE SURFACE FROM DISK
3419499.044	Test_Phase.SEQUENCE.Word	LOADING RESOURCE SURFACE FROM DISK
3429449.031	Test_Phase.SEQUENCE.Word	LOADING RESOURCE SURFACE FROM DISK
3437415.589	Test_Phase.SEQUENCE.Word	LOADING RESOURCE SURFACE FROM DISK
3444682.14	Test_Phase.SEQUENCE.Word	LOADING RESOURCE SURFACE FROM DISK
3452549.141	Test_Phase.SEQUENCE.Word	LOADING RESOURCE SURFACE FROM DISK
3461532.265	Test_Phase.SEQUENCE.Word	LOADING RESOURCE SURFACE FROM DISK
3468899.042	Test_Phase.SEQUENCE.Word	LOADING RESOURCE SURFACE FROM DISK
3476015.828	Test_Phase.SEQUENCE.Word	LOADING RESOURCE SURFACE FROM DISK
3483899.165	Test_Phase.SEQUENCE.Word	LOADING RESOURCE SURFACE FROM DISK
3492615.717	Test_Phase.SEQUENCE.Word	LOADING RESOURCE SURFACE FROM DISK
3500268.3	Test_Phase.SEQUENCE.Word	LOADING RESOURCE SURFACE FROM DISK
3509051.132	Test_Phase.SEQUENCE.Word	LOADING RESOURCE SURFACE FROM DISK
3516965.986	Test_Phase.SEQUENCE.Word	LOADING RESOURCE SURFACE FROM DISK
3524832.27	Test_Phase.SEQUENCE.Word	LOADING RESOURCE SURFACE FROM DISK
3533982.303	Test_Phase.SEQUENCE.Word	LOADING RESOURCE SURFACE FROM DISK
3541515.591	Test_Phase.SEQUENCE.Word	LOADING RESOURCE SURFACE FROM DISK
3548949.125	Test_Phase.SEQUENCE.Word	LOADING RESOURCE SURFACE FROM DISK
3556551.571	Test_Phase.SEQUENCE.Word	LOADING RESOURCE SURFACE FROM DISK
3565465.712	Test_Phase.SEQUENCE.Word	LOADING RESOURCE SURFACE FROM DISK
3572682.304	Test_Phase.SEQUENCE.Word	LOADING RESOURCE SURFACE FROM DISK
3579815.761	Test_Phase.SEQUENCE.Word	LOADING RESOURCE SURFACE FROM DISK
3586949.052	Test_Phase.SEQUENCE.Word	LOADING RESOURCE SURFACE FROM DISK
3594399.006	Test_Phase.SEQUENCE.Word	LOADING RESOURCE SURFACE FROM DISK
3602299.279	Test_Phase.SEQUENCE.Word	LOADING RESOURCE SURFACE FROM DISK
3613015.594	Test_Phase.SEQUENCE.Word	LOADING RESOURCE SURFACE FROM DISK
3622015.594	Test_Phase.SEQUENCE.Word	LOADING RESOURCE SURFACE FROM DISK
3630582.31	Test_Phase.SEQUENCE.Word	LOADING RESOURCE SURFACE FROM DISK
3637832.085	Test_Phase.SEQUENCE.Word	LOADING RESOURCE SURFACE FROM DISK
3645615.769	Test_Phase.SEQUENCE.Word	LOADING RESOURCE SURFACE FROM DISK
3653182.324	Test_Phase.SEQUENCE.Word	LOADING RESOURCE SURFACE FROM DISK
3660515.73	Test_Phase.SEQUENCE.Word	LOADING RESOURCE SURFACE FROM DISK
3668515.767	Test_Phase.SEQUENCE.Word	LOADING RESOURCE SURFACE FROM DISK
3680298.911	Test_Phase.SEQUENCE.Word	LOADING RESOURCE SURFACE FROM DISK
3688699.229	Test_Phase.SEQUENCE.Word	LOADING RESOURCE SURFACE FROM DISK
3696232.168	Test_Phase.SEQUENCE.Word	LOADING RESOURCE SURFACE FROM DISK
3703449.296	Test_Phase.SEQUENCE.Word	LOADING RESOURCE SURFACE FROM DISK
3711232.176	Test_Phase.SEQUENCE.Word	LOADING RESOURCE SURFACE FROM DISK
3718748.838	Test_Phase.SEQUENCE.Word	LOADING RESOURCE SURFACE FROM DISK
3729549.032	Test_Phase.SEQUENCE.Word	LOADING RESOURCE SURFACE FROM DISK
3736665.658	Test_Phase.SEQUENCE.Word	LOADING RESOURCE SURFACE FROM DISK
3744082.249	Test_Phase.SEQUENCE.Word	LOADING RESOURCE SURFACE FROM DISK
3751299.28	Test_Phase.SEQUENCE.Word	LOADING RESOURCE SURFACE FROM DISK
3758432.049	Test_Phase.SEQUENCE.Word	LOADING RESOURCE SURFACE FROM DISK
3765565.666	Test_Phase.SEQUENCE.Word	LOADING RESOURCE SURFACE FROM DISK
3773599.015	Test_Phase.SEQUENCE.Word	LOADING RESOURCE SURFACE FROM DISK
3782949.143	Test_Phase.SEQUENCE.Word	LOADING RESOURCE SURFACE FROM DISK
3790865.478	Test_Phase.SEQUENCE.Word	LOADING RESOURCE SURFACE FROM DISK
3800265.628	Test_Phase.SEQUENCE.Word	LOADING RESOURCE SURFACE FROM DISK
3809365.518	Test_Phase.SEQUENCE.Word	LOADING RESOURCE SURFACE FROM DISK
3818465.696	Test_Phase.SEQUENCE.Word	LOADING RESOURCE SURFACE FROM DISK
3825815.604	Test_Phase.SEQUENCE.Word	LOADING RESOURCE SURFACE FROM DISK
3833132.297	Test_Phase.SEQUENCE.Word	LOADING RESOURCE SURFACE FROM DISK
3841199.04	Test_Phase.SEQUENCE.Word	LOADING RESOURCE SURFACE FROM DISK
3850399.168	Test_Phase.SEQUENCE.Word	LOADING RESOURCE SURFACE FROM DISK
3857615.743	Test_Phase.SEQUENCE.Word	LOADING RESOURCE SURFACE FROM DISK
3864848.843	Test_Phase.SEQUENCE.Word	LOADING RESOURCE SURFACE FROM DISK
3872815.768	Test_Phase.SEQUENCE.Word	LOADING RESOURCE SURFACE FROM DISK
3880099.103	Test_Phase.SEQUENCE.Word	LOADING RESOURCE SURFACE FROM DISK
3888515.872	Test_Phase.SEQUENCE.Word	LOADING RESOURCE SURFACE FROM DISK
3896799.018	Test_Phase.SEQUENCE.Word	LOADING RESOURCE SURFACE FROM DISK
3913198.988	Test_Phase.SEQUENCE.Word	LOADING RESOURCE SURFACE FROM DISK
3922682.415	Test_Phase.SEQUENCE.Word	LOADING RESOURCE SURFACE FROM DISK
3929848.924	Test_Phase.SEQUENCE.Word	LOADING RESOURCE SURFACE FROM DISK
3937015.956	Test_Phase.SEQUENCE.Word	LOADING RESOURCE SURFACE FROM DISK
3945152.013	Test_Phase.SEQUENCE.Word	LOADING RESOURCE SURFACE FROM DISK
3952832.276	Test_Phase.SEQUENCE.Word	LOADING RESOURCE SURFACE FROM DISK
3960048.915	Test_Phase.SEQUENCE.Word	LOADING RESOURCE SURFACE FROM DISK
3968465.65	Test_Phase.SEQUENCE.Word	LOADING RESOURCE SURFACE FROM DISK
3977098.917	Test_Phase.SEQUENCE.Word	LOADING RESOURCE SURFACE FROM DISK
3985982.173	Test_Phase.SEQUENCE.Word	LOADING RESOURCE SURFACE FROM DISK
3994032.175	Test_Phase.SEQUENCE.Word	LOADING RESOURCE SURFACE FROM DISK
4002549.109	Test_Phase.SEQUENCE.Word	LOADING RESOURCE SURFACE FROM DISK
4009649.086	Test_Phase.SEQUENCE.Word	LOADING RESOURCE SURFACE FROM DISK
4017265.691	Test_Phase.SEQUENCE.Word	LOADING RESOURCE SURFACE FROM DISK
4024399.217	Test_Phase.SEQUENCE.Word	LOADING RESOURCE SURFACE FROM DISK
4031783.143	Test_Phase.SEQUENCE.Word	LOADING RESOURCE SURFACE FROM DISK
4040199.096	Test_Phase.SEQUENCE.Word	LOADING RESOURCE SURFACE FROM DISK
4047749.149	Test_Phase.SEQUENCE.Word	LOADING RESOURCE SURFACE FROM DISK
4055232.201	Test_Phase.SEQUENCE.Word	LOADING RESOURCE SURFACE FROM DISK
4062299.163	Test_Phase.SEQUENCE.Word	LOADING RESOURCE SURFACE FROM DISK
4069699.208	Test_Phase.SEQUENCE.Word	LOADING RESOURCE SURFACE FROM DISK
4076882.573	Test_Phase.SEQUENCE.Word	LOADING RESOURCE SURFACE FROM DISK
4084735.166	Test_Phase.SEQUENCE.Word	LOADING RESOURCE SURFACE FROM DISK
4091899.078	Test_Phase.SEQUENCE.Word	LOADING RESOURCE SURFACE FROM DISK
4099691.05	Test_Phase.SEQUENCE.Word	LOADING RESOURCE SURFACE FROM DISK
4107332.389	Test_Phase.SEQUENCE.Word	LOADING RESOURCE SURFACE FROM DISK
4116099.147	Test_Phase.SEQUENCE.Word	LOADING RESOURCE SURFACE FROM DISK
4123348.928	Test_Phase.SEQUENCE.Word	LOADING RESOURCE SURFACE FROM DISK
4130365.799	Test_Phase.SEQUENCE.Word	LOADING RESOURCE SURFACE FROM DISK
4138765.841	Test_Phase.SEQUENCE.Word	LOADING RESOURCE SURFACE FROM DISK
4146149.198	Test_Phase.SEQUENCE.Word	LOADING RESOURCE SURFACE FROM DISK
4153382.369	Test_Phase.SEQUENCE.Word	LOADING RESOURCE SURFACE FROM DISK
4160732.429	Test_Phase.SEQUENCE.Word	LOADING RESOURCE SURFACE FROM DISK
4168115.633	Test_Phase.SEQUENCE.Word	LOADING RESOURCE SURFACE FROM DISK
4175949.085	Test_Phase.SEQUENCE.Word	LOADING RESOURCE SURFACE FROM DISK
4183049.076	Test_Phase.SEQUENCE.Word	LOADING RESOURCE SURFACE FROM DISK
4190215.585	Test_Phase.SEQUENCE.Word	LOADING RESOURCE SURFACE FROM DISK
4197315.72	Test_Phase.SEQUENCE.Word	LOADING RESOURCE SURFACE FROM DISK
4204865.62	Test_Phase.SEQUENCE.Word	LOADING RESOURCE SURFACE FROM DISK
4212232.195	Test_Phase.SEQUENCE.Word	LOADING RESOURCE SURFACE FROM DISK
4219265.554	Test_Phase.SEQUENCE.Word	LOADING RESOURCE SURFACE FROM DISK
4226365.628	Test_Phase.SEQUENCE.Word	LOADING RESOURCE SURFACE FROM DISK
4233732.445	Test_Phase.SEQUENCE.Word	LOADING RESOURCE SURFACE FROM DISK
4240815.917	Test_Phase.SEQUENCE.Word	LOADING RESOURCE SURFACE FROM DISK
4247915.616	Test_Phase.SEQUENCE.Word	LOADING RESOURCE SURFACE FROM DISK
4255032.417	Test_Phase.SEQUENCE.Word	LOADING RESOURCE SURFACE FROM DISK
4262118.891	Test_Phase.SEQUENCE.Word	LOADING RESOURCE SURFACE FROM DISK
4269349.115	Test_Phase.SEQUENCE.Word	LOADING RESOURCE SURFACE FROM DISK
4276865.872	Test_Phase.SEQUENCE.Word	LOADING RESOURCE SURFACE FROM DISK
4283932.083	Test_Phase.SEQUENCE.Word	LOADING RESOURCE SURFACE FROM DISK
4291048.892	Test_Phase.SEQUENCE.Word	LOADING RESOURCE SURFACE FROM DISK
4298449.047	Test_Phase.SEQUENCE.Word	LOADING RESOURCE SURFACE FROM DISK
4305565.674	Test_Phase.SEQUENCE.Word	LOADING RESOURCE SURFACE FROM DISK
4313249.027	Test_Phase.SEQUENCE.Word	LOADING RESOURCE SURFACE FROM DISK
4321515.579	Test_Phase.SEQUENCE.Word	LOADING RESOURCE SURFACE FROM DISK
4329249.072	Test_Phase.SEQUENCE.Word	LOADING RESOURCE SURFACE FROM DISK
4337565.485	Test_Phase.SEQUENCE.Word	LOADING RESOURCE SURFACE FROM DISK
4344732.424	Test_Phase.SEQUENCE.Word	LOADING RESOURCE SURFACE FROM DISK
4351849.062	Test_Phase.SEQUENCE.Word	LOADING RESOURCE SURFACE FROM DISK
4358998.914	Test_Phase.SEQUENCE.Word	LOADING RESOURCE SURFACE FROM DISK
4366082.468	Test_Phase.SEQUENCE.Word	LOADING RESOURCE SURFACE FROM DISK
4373382.226	Test_Phase.SEQUENCE.Word	LOADING RESOURCE SURFACE FROM DISK
4380582.325	Test_Phase.SEQUENCE.Word	LOADING RESOURCE SURFACE FROM DISK
4387965.722	Test_Phase.SEQUENCE.Word	LOADING RESOURCE SURFACE FROM DISK
4395382.284	Test_Phase.SEQUENCE.Word	LOADING RESOURCE SURFACE FROM DISK
4403398.835	Test_Phase.SEQUENCE.Word	LOADING RESOURCE SURFACE FROM DISK
4413332.232	Test_Phase.SEQUENCE.Word	LOADING RESOURCE SURFACE FROM DISK
4420748.776	Test_Phase.SEQUENCE.Word	LOADING RESOURCE SURFACE FROM DISK
4427815.744	Test_Phase.SEQUENCE.Word	LOADING RESOURCE SURFACE FROM DISK
4434915.861	Test_Phase.SEQUENCE.Word	LOADING RESOURCE SURFACE FROM DISK
4442032.294	Test_Phase.SEQUENCE.Word	LOADING RESOURCE SURFACE FROM DISK
4449665.59	Test_Phase.SEQUENCE.Word	LOADING RESOURCE SURFACE FROM DISK
4456815.784	Test_Phase.SEQUENCE.Word	LOADING RESOURCE SURFACE FROM DISK
4464148.874	Test_Phase.SEQUENCE.Word	LOADING RESOURCE SURFACE FROM DISK
4471482.346	Test_Phase.SEQUENCE.Word	LOADING RESOURCE SURFACE FROM DISK
4478448.939	Test_Phase.SEQUENCE.Word	LOADING RESOURCE SURFACE FROM DISK
4485932.329	Test_Phase.SEQUENCE.Word	LOADING RESOURCE SURFACE FROM DISK
4493099.111	Test_Phase.SEQUENCE.Word	LOADING RESOURCE SURFACE FROM DISK
4501049.291	Test_Phase.SEQUENCE.Word	LOADING RESOURCE SURFACE FROM DISK
4508765.663	Test_Phase.SEQUENCE.Word	LOADING RESOURCE SURFACE FROM DISK
4516849.155	Test_Phase.SEQUENCE.Word	LOADING RESOURCE SURFACE FROM DISK
4523982.387	Test_Phase.SEQUENCE.Word	LOADING RESOURCE SURFACE FROM DISK
4527568.958	DISPLAY_SCREEN	LOADING RESOURCE SURFACE FROM DISK
