5009.767	DISPLAY_SCREEN[1]	LOADING RESOURCE SURFACE FROM DISK
132211.667	Familiarization_Phase.SEQUENCE.Cue_and_Instruction	LOADING RESOURCE SURFACE FROM DISK
132215.977	Familiarization_Phase.SEQUENCE.Cue_and_Instruction	LOADING RESOURCE SURFACE FROM DISK
138254.448	Familiarization_Phase.SEQUENCE.Cue_and_Instruction	LOADING RESOURCE SURFACE FROM DISK
138259.153	Familiarization_Phase.SEQUENCE.Cue_and_Instruction	LOADING RESOURCE SURFACE FROM DISK
144305.163	Familiarization_Phase.SEQUENCE.Cue_and_Instruction	LOADING RESOURCE SURFACE FROM DISK
144309.673	Familiarization_Phase.SEQUENCE.Cue_and_Instruction	LOADING RESOURCE SURFACE FROM DISK
186491.092	DISPLAY_SCREEN[3]	LOADING RESOURCE SURFACE FROM DISK
190540.975	DISPLAY_SCREEN[5]	LOADING RESOURCE SURFACE FROM DISK
328305.509	Practice_Phase.SEQUENCE.Blink_Screen	LOADING RESOURCE SURFACE FROM DISK
329524.072	Practice_Phase.SEQUENCE.Practice_Luminance_Cue	LOADING RESOURCE SURFACE FROM DISK
329527.396	Practice_Phase.SEQUENCE.Practice_Luminance_Cue	LOADING RESOURCE SURFACE FROM DISK
329528.899	Practice_Phase.SEQUENCE.Practice_Luminance_Cue	flip time is later than desired time. Desired Time=329517 Flip Time=329551 Retrace Rate=16.638, prepareTime=35 flip request time 329528
330032.461	Practice_Phase.SEQUENCE.DISPLAY_SCREEN	LOADING RESOURCE SURFACE FROM DISK
331529.583	Practice_Phase.SEQUENCE.Practice_Instruction	LOADING RESOURCE SURFACE FROM DISK
338099.395	Practice_Phase.SEQUENCE.DISPLAY_SCREEN	LOADING RESOURCE SURFACE FROM DISK
339595.957	Practice_Phase.SEQUENCE.Practice_Instruction	LOADING RESOURCE SURFACE FROM DISK
346200.851	Practice_Phase.SEQUENCE.DISPLAY_SCREEN	LOADING RESOURCE SURFACE FROM DISK
346202.685	Practice_Phase.SEQUENCE.DISPLAY_SCREEN	flip time is later than desired time. Desired Time=346184 Flip Time=346217 Retrace Rate=16.638, prepareTime=42 flip request time 346202
347738.254	Practice_Phase.SEQUENCE.Practice_Instruction	LOADING RESOURCE SURFACE FROM DISK
347739.647	Practice_Phase.SEQUENCE.Practice_Instruction	flip time is later than desired time. Desired Time=347717 Flip Time=347751 Retrace Rate=16.638, prepareTime=46 flip request time 347739
354299.057	Practice_Phase.SEQUENCE.DISPLAY_SCREEN	LOADING RESOURCE SURFACE FROM DISK
355796.169	Practice_Phase.SEQUENCE.Practice_Instruction	LOADING RESOURCE SURFACE FROM DISK
362365.662	Practice_Phase.SEQUENCE.DISPLAY_SCREEN	LOADING RESOURCE SURFACE FROM DISK
363904.544	Practice_Phase.SEQUENCE.Practice_Instruction	LOADING RESOURCE SURFACE FROM DISK
363905.979	Practice_Phase.SEQUENCE.Practice_Instruction	flip time is later than desired time. Desired Time=363884 Flip Time=363917 Retrace Rate=16.638, prepareTime=45 flip request time 363905
370465.893	Practice_Phase.SEQUENCE.DISPLAY_SCREEN	LOADING RESOURCE SURFACE FROM DISK
372026.452	Practice_Phase.SEQUENCE.Practice_Instruction	LOADING RESOURCE SURFACE FROM DISK
372027.823	Practice_Phase.SEQUENCE.Practice_Instruction	flip time is later than desired time. Desired Time=371984 Flip Time=372051 Retrace Rate=16.638, prepareTime=67 flip request time 372027
378599.053	Practice_Phase.SEQUENCE.DISPLAY_SCREEN	LOADING RESOURCE SURFACE FROM DISK
380096.06	Practice_Phase.SEQUENCE.Practice_Instruction	LOADING RESOURCE SURFACE FROM DISK
386665.639	Practice_Phase.SEQUENCE.DISPLAY_SCREEN	LOADING RESOURCE SURFACE FROM DISK
388162.831	Practice_Phase.SEQUENCE.Practice_Instruction	LOADING RESOURCE SURFACE FROM DISK
394732.541	Practice_Phase.SEQUENCE.DISPLAY_SCREEN	LOADING RESOURCE SURFACE FROM DISK
396270.24	Practice_Phase.SEQUENCE.Practice_Instruction	LOADING RESOURCE SURFACE FROM DISK
396271.6	Practice_Phase.SEQUENCE.Practice_Instruction	flip time is later than desired time. Desired Time=396251 Flip Time=396284 Retrace Rate=16.638, prepareTime=44 flip request time 396271
400944.413	DISPLAY_SCREEN[2]	LOADING RESOURCE SURFACE FROM DISK
507523.84	Study_Phase.SEQUENCE.DISPLAY_SCREEN	LOADING RESOURCE SURFACE FROM DISK
509076.998	Study_Phase.SEQUENCE.Study_Instruction	LOADING RESOURCE SURFACE FROM DISK
517394.665	Study_Phase.SEQUENCE.Study_Instruction	LOADING RESOURCE SURFACE FROM DISK
525671.248	Study_Phase.SEQUENCE.Study_Instruction	LOADING RESOURCE SURFACE FROM DISK
532424.146	Study_Phase.SEQUENCE.DISPLAY_SCREEN	LOADING RESOURCE SURFACE FROM DISK
533981.421	Study_Phase.SEQUENCE.Study_Instruction	LOADING RESOURCE SURFACE FROM DISK
540724.039	Study_Phase.SEQUENCE.DISPLAY_SCREEN	LOADING RESOURCE SURFACE FROM DISK
542278.776	Study_Phase.SEQUENCE.Study_Instruction	LOADING RESOURCE SURFACE FROM DISK
550590.579	Study_Phase.SEQUENCE.Study_Instruction	LOADING RESOURCE SURFACE FROM DISK
557340.765	Study_Phase.SEQUENCE.DISPLAY_SCREEN	LOADING RESOURCE SURFACE FROM DISK
558889.134	Study_Phase.SEQUENCE.Study_Instruction	LOADING RESOURCE SURFACE FROM DISK
567154.723	Study_Phase.SEQUENCE.Study_Instruction	LOADING RESOURCE SURFACE FROM DISK
575461.681	Study_Phase.SEQUENCE.Study_Instruction	LOADING RESOURCE SURFACE FROM DISK
582223.884	Study_Phase.SEQUENCE.DISPLAY_SCREEN	LOADING RESOURCE SURFACE FROM DISK
583737.855	Study_Phase.SEQUENCE.Study_Instruction	LOADING RESOURCE SURFACE FROM DISK
592004.66	Study_Phase.SEQUENCE.Study_Instruction	LOADING RESOURCE SURFACE FROM DISK
600314.362	Study_Phase.SEQUENCE.Study_Instruction	LOADING RESOURCE SURFACE FROM DISK
608587.496	Study_Phase.SEQUENCE.Study_Instruction	LOADING RESOURCE SURFACE FROM DISK
615340.695	Study_Phase.SEQUENCE.DISPLAY_SCREEN	LOADING RESOURCE SURFACE FROM DISK
616888.311	Study_Phase.SEQUENCE.Study_Instruction	LOADING RESOURCE SURFACE FROM DISK
623640.542	Study_Phase.SEQUENCE.DISPLAY_SCREEN	LOADING RESOURCE SURFACE FROM DISK
625154.707	Study_Phase.SEQUENCE.Study_Instruction	LOADING RESOURCE SURFACE FROM DISK
633455.796	Study_Phase.SEQUENCE.Study_Instruction	LOADING RESOURCE SURFACE FROM DISK
641720.688	Study_Phase.SEQUENCE.Study_Instruction	LOADING RESOURCE SURFACE FROM DISK
648473.856	Study_Phase.SEQUENCE.DISPLAY_SCREEN	LOADING RESOURCE SURFACE FROM DISK
650022.008	Study_Phase.SEQUENCE.Study_Instruction	LOADING RESOURCE SURFACE FROM DISK
658277.191	Study_Phase.SEQUENCE.Study_Instruction	LOADING RESOURCE SURFACE FROM DISK
665040.507	Study_Phase.SEQUENCE.DISPLAY_SCREEN	LOADING RESOURCE SURFACE FROM DISK
666589.848	Study_Phase.SEQUENCE.Study_Instruction	LOADING RESOURCE SURFACE FROM DISK
673340.769	Study_Phase.SEQUENCE.DISPLAY_SCREEN	LOADING RESOURCE SURFACE FROM DISK
674896.269	Study_Phase.SEQUENCE.Study_Instruction	LOADING RESOURCE SURFACE FROM DISK
683170.703	Study_Phase.SEQUENCE.Study_Instruction	LOADING RESOURCE SURFACE FROM DISK
691477.309	Study_Phase.SEQUENCE.Study_Instruction	LOADING RESOURCE SURFACE FROM DISK
698240.68	Study_Phase.SEQUENCE.DISPLAY_SCREEN	LOADING RESOURCE SURFACE FROM DISK
699754.697	Study_Phase.SEQUENCE.Study_Instruction	LOADING RESOURCE SURFACE FROM DISK
708053.425	Study_Phase.SEQUENCE.Study_Instruction	LOADING RESOURCE SURFACE FROM DISK
714790.531	Study_Phase.SEQUENCE.DISPLAY_SCREEN	LOADING RESOURCE SURFACE FROM DISK
716340.433	Study_Phase.SEQUENCE.Study_Instruction	LOADING RESOURCE SURFACE FROM DISK
724641.96	Study_Phase.SEQUENCE.Study_Instruction	LOADING RESOURCE SURFACE FROM DISK
732942.535	Study_Phase.SEQUENCE.Study_Instruction	LOADING RESOURCE SURFACE FROM DISK
741221.357	Study_Phase.SEQUENCE.Study_Instruction	LOADING RESOURCE SURFACE FROM DISK
747973.978	Study_Phase.SEQUENCE.DISPLAY_SCREEN	LOADING RESOURCE SURFACE FROM DISK
749529.551	Study_Phase.SEQUENCE.Study_Instruction	LOADING RESOURCE SURFACE FROM DISK
756290.758	Study_Phase.SEQUENCE.DISPLAY_SCREEN	LOADING RESOURCE SURFACE FROM DISK
757841.044	Study_Phase.SEQUENCE.Study_Instruction	LOADING RESOURCE SURFACE FROM DISK
766104.587	Study_Phase.SEQUENCE.Study_Instruction	LOADING RESOURCE SURFACE FROM DISK
772840.674	Study_Phase.SEQUENCE.DISPLAY_SCREEN	LOADING RESOURCE SURFACE FROM DISK
774354.738	Study_Phase.SEQUENCE.Study_Instruction	LOADING RESOURCE SURFACE FROM DISK
782662.739	Study_Phase.SEQUENCE.Study_Instruction	LOADING RESOURCE SURFACE FROM DISK
790937.882	Study_Phase.SEQUENCE.Study_Instruction	LOADING RESOURCE SURFACE FROM DISK
799243.455	Study_Phase.SEQUENCE.Study_Instruction	LOADING RESOURCE SURFACE FROM DISK
806007.399	Study_Phase.SEQUENCE.DISPLAY_SCREEN	LOADING RESOURCE SURFACE FROM DISK
807562.649	Study_Phase.SEQUENCE.Study_Instruction	LOADING RESOURCE SURFACE FROM DISK
815879.439	Study_Phase.SEQUENCE.Study_Instruction	LOADING RESOURCE SURFACE FROM DISK
822640.701	Study_Phase.SEQUENCE.DISPLAY_SCREEN	LOADING RESOURCE SURFACE FROM DISK
824192.792	Study_Phase.SEQUENCE.Study_Instruction	LOADING RESOURCE SURFACE FROM DISK
832504.713	Study_Phase.SEQUENCE.Study_Instruction	LOADING RESOURCE SURFACE FROM DISK
839257.297	Study_Phase.SEQUENCE.DISPLAY_SCREEN	LOADING RESOURCE SURFACE FROM DISK
840827.174	Study_Phase.SEQUENCE.Study_Instruction	LOADING RESOURCE SURFACE FROM DISK
849142.7	Study_Phase.SEQUENCE.Study_Instruction	LOADING RESOURCE SURFACE FROM DISK
857420.901	Study_Phase.SEQUENCE.Study_Instruction	LOADING RESOURCE SURFACE FROM DISK
865687.961	Study_Phase.SEQUENCE.Study_Instruction	LOADING RESOURCE SURFACE FROM DISK
873995.861	Study_Phase.SEQUENCE.Study_Instruction	LOADING RESOURCE SURFACE FROM DISK
880757.236	Study_Phase.SEQUENCE.DISPLAY_SCREEN	LOADING RESOURCE SURFACE FROM DISK
882313.072	Study_Phase.SEQUENCE.Study_Instruction	LOADING RESOURCE SURFACE FROM DISK
890587.449	Study_Phase.SEQUENCE.Study_Instruction	LOADING RESOURCE SURFACE FROM DISK
897340.622	Study_Phase.SEQUENCE.DISPLAY_SCREEN	LOADING RESOURCE SURFACE FROM DISK
898870.175	Study_Phase.SEQUENCE.Study_Instruction	LOADING RESOURCE SURFACE FROM DISK
905623.863	Study_Phase.SEQUENCE.DISPLAY_SCREEN	LOADING RESOURCE SURFACE FROM DISK
907137.999	Study_Phase.SEQUENCE.Study_Instruction	LOADING RESOURCE SURFACE FROM DISK
913890.781	Study_Phase.SEQUENCE.DISPLAY_SCREEN	LOADING RESOURCE SURFACE FROM DISK
915447.106	Study_Phase.SEQUENCE.Study_Instruction	LOADING RESOURCE SURFACE FROM DISK
922207.288	Study_Phase.SEQUENCE.DISPLAY_SCREEN	LOADING RESOURCE SURFACE FROM DISK
923754.827	Study_Phase.SEQUENCE.Study_Instruction	LOADING RESOURCE SURFACE FROM DISK
932057.542	Study_Phase.SEQUENCE.Study_Instruction	LOADING RESOURCE SURFACE FROM DISK
938807.408	Study_Phase.SEQUENCE.DISPLAY_SCREEN	LOADING RESOURCE SURFACE FROM DISK
940355.395	Study_Phase.SEQUENCE.Study_Instruction	LOADING RESOURCE SURFACE FROM DISK
948620.801	Study_Phase.SEQUENCE.Study_Instruction	LOADING RESOURCE SURFACE FROM DISK
956887.382	Study_Phase.SEQUENCE.Study_Instruction	LOADING RESOURCE SURFACE FROM DISK
965192.974	Study_Phase.SEQUENCE.Study_Instruction	LOADING RESOURCE SURFACE FROM DISK
971957.546	Study_Phase.SEQUENCE.DISPLAY_SCREEN	LOADING RESOURCE SURFACE FROM DISK
973509.968	Study_Phase.SEQUENCE.Study_Instruction	LOADING RESOURCE SURFACE FROM DISK
981809.739	Study_Phase.SEQUENCE.Study_Instruction	LOADING RESOURCE SURFACE FROM DISK
990111.244	Study_Phase.SEQUENCE.Study_Instruction	LOADING RESOURCE SURFACE FROM DISK
996873.913	Study_Phase.SEQUENCE.DISPLAY_SCREEN	LOADING RESOURCE SURFACE FROM DISK
998423.396	Study_Phase.SEQUENCE.Study_Instruction	LOADING RESOURCE SURFACE FROM DISK
1005174.05	Study_Phase.SEQUENCE.DISPLAY_SCREEN	LOADING RESOURCE SURFACE FROM DISK
1006698.229	Study_Phase.SEQUENCE.Study_Instruction	LOADING RESOURCE SURFACE FROM DISK
1015013.664	Study_Phase.SEQUENCE.Study_Instruction	LOADING RESOURCE SURFACE FROM DISK
1021773.938	Study_Phase.SEQUENCE.DISPLAY_SCREEN	LOADING RESOURCE SURFACE FROM DISK
1023323.165	Study_Phase.SEQUENCE.Study_Instruction	LOADING RESOURCE SURFACE FROM DISK
1031570.769	Study_Phase.SEQUENCE.Study_Instruction	LOADING RESOURCE SURFACE FROM DISK
1038324.035	Study_Phase.SEQUENCE.DISPLAY_SCREEN	LOADING RESOURCE SURFACE FROM DISK
1039838.101	Study_Phase.SEQUENCE.Study_Instruction	LOADING RESOURCE SURFACE FROM DISK
1046590.761	Study_Phase.SEQUENCE.DISPLAY_SCREEN	LOADING RESOURCE SURFACE FROM DISK
1048104.606	Study_Phase.SEQUENCE.Study_Instruction	LOADING RESOURCE SURFACE FROM DISK
1054857.477	Study_Phase.SEQUENCE.DISPLAY_SCREEN	LOADING RESOURCE SURFACE FROM DISK
1056404.188	Study_Phase.SEQUENCE.Study_Instruction	LOADING RESOURCE SURFACE FROM DISK
1064709.032	Study_Phase.SEQUENCE.Study_Instruction	LOADING RESOURCE SURFACE FROM DISK
1072987.466	Study_Phase.SEQUENCE.Study_Instruction	LOADING RESOURCE SURFACE FROM DISK
1079740.598	Study_Phase.SEQUENCE.DISPLAY_SCREEN	LOADING RESOURCE SURFACE FROM DISK
1081316.335	Study_Phase.SEQUENCE.Study_Instruction	LOADING RESOURCE SURFACE FROM DISK
1089628.318	Study_Phase.SEQUENCE.Study_Instruction	LOADING RESOURCE SURFACE FROM DISK
1097904.721	Study_Phase.SEQUENCE.Study_Instruction	LOADING RESOURCE SURFACE FROM DISK
1104657.308	Study_Phase.SEQUENCE.DISPLAY_SCREEN	LOADING RESOURCE SURFACE FROM DISK
1106171.411	Study_Phase.SEQUENCE.Study_Instruction	LOADING RESOURCE SURFACE FROM DISK
1114471.777	Study_Phase.SEQUENCE.Study_Instruction	LOADING RESOURCE SURFACE FROM DISK
1122771.037	Study_Phase.SEQUENCE.Study_Instruction	LOADING RESOURCE SURFACE FROM DISK
1131073.698	Study_Phase.SEQUENCE.Study_Instruction	LOADING RESOURCE SURFACE FROM DISK
1137824.088	Study_Phase.SEQUENCE.DISPLAY_SCREEN	LOADING RESOURCE SURFACE FROM DISK
1139379.232	Study_Phase.SEQUENCE.Study_Instruction	LOADING RESOURCE SURFACE FROM DISK
1147693.172	Study_Phase.SEQUENCE.Study_Instruction	LOADING RESOURCE SURFACE FROM DISK
1154457.201	Study_Phase.SEQUENCE.DISPLAY_SCREEN	LOADING RESOURCE SURFACE FROM DISK
1156013.919	Study_Phase.SEQUENCE.Study_Instruction	LOADING RESOURCE SURFACE FROM DISK
1162774.122	Study_Phase.SEQUENCE.DISPLAY_SCREEN	LOADING RESOURCE SURFACE FROM DISK
1164326.42	Study_Phase.SEQUENCE.Study_Instruction	LOADING RESOURCE SURFACE FROM DISK
1172639.73	Study_Phase.SEQUENCE.Study_Instruction	LOADING RESOURCE SURFACE FROM DISK
1179390.487	Study_Phase.SEQUENCE.DISPLAY_SCREEN	LOADING RESOURCE SURFACE FROM DISK
1180904.693	Study_Phase.SEQUENCE.Study_Instruction	LOADING RESOURCE SURFACE FROM DISK
1187657.504	Study_Phase.SEQUENCE.DISPLAY_SCREEN	LOADING RESOURCE SURFACE FROM DISK
1189171.241	Study_Phase.SEQUENCE.Study_Instruction	LOADING RESOURCE SURFACE FROM DISK
1195924.068	Study_Phase.SEQUENCE.DISPLAY_SCREEN	LOADING RESOURCE SURFACE FROM DISK
1197438.027	Study_Phase.SEQUENCE.Study_Instruction	LOADING RESOURCE SURFACE FROM DISK
1205742.439	Study_Phase.SEQUENCE.Study_Instruction	LOADING RESOURCE SURFACE FROM DISK
1212507.386	Study_Phase.SEQUENCE.DISPLAY_SCREEN	LOADING RESOURCE SURFACE FROM DISK
1214021.223	Study_Phase.SEQUENCE.Study_Instruction	LOADING RESOURCE SURFACE FROM DISK
1220757.373	Study_Phase.SEQUENCE.DISPLAY_SCREEN	LOADING RESOURCE SURFACE FROM DISK
1222305.752	Study_Phase.SEQUENCE.Study_Instruction	LOADING RESOURCE SURFACE FROM DISK
1230612.547	Study_Phase.SEQUENCE.Study_Instruction	LOADING RESOURCE SURFACE FROM DISK
1238925.887	Study_Phase.SEQUENCE.Study_Instruction	LOADING RESOURCE SURFACE FROM DISK
1245690.702	Study_Phase.SEQUENCE.DISPLAY_SCREEN	LOADING RESOURCE SURFACE FROM DISK
1247204.561	Study_Phase.SEQUENCE.Study_Instruction	LOADING RESOURCE SURFACE FROM DISK
1255514.046	Study_Phase.SEQUENCE.Study_Instruction	LOADING RESOURCE SURFACE FROM DISK
1263821.778	Study_Phase.SEQUENCE.Study_Instruction	LOADING RESOURCE SURFACE FROM DISK
1270574.045	Study_Phase.SEQUENCE.DISPLAY_SCREEN	LOADING RESOURCE SURFACE FROM DISK
1272123.138	Study_Phase.SEQUENCE.Study_Instruction	LOADING RESOURCE SURFACE FROM DISK
1280401.659	Study_Phase.SEQUENCE.Study_Instruction	LOADING RESOURCE SURFACE FROM DISK
1287157.246	Study_Phase.SEQUENCE.DISPLAY_SCREEN	LOADING RESOURCE SURFACE FROM DISK
1288689.933	Study_Phase.SEQUENCE.Study_Instruction	LOADING RESOURCE SURFACE FROM DISK
1295440.708	Study_Phase.SEQUENCE.DISPLAY_SCREEN	LOADING RESOURCE SURFACE FROM DISK
1296991.642	Study_Phase.SEQUENCE.Study_Instruction	LOADING RESOURCE SURFACE FROM DISK
1305254.552	Study_Phase.SEQUENCE.Study_Instruction	LOADING RESOURCE SURFACE FROM DISK
1313520.765	Study_Phase.SEQUENCE.Study_Instruction	LOADING RESOURCE SURFACE FROM DISK
1320274.012	Study_Phase.SEQUENCE.DISPLAY_SCREEN	LOADING RESOURCE SURFACE FROM DISK
1321823.363	Study_Phase.SEQUENCE.Study_Instruction	LOADING RESOURCE SURFACE FROM DISK
1330087.311	Study_Phase.SEQUENCE.Study_Instruction	LOADING RESOURCE SURFACE FROM DISK
1336840.862	Study_Phase.SEQUENCE.DISPLAY_SCREEN	LOADING RESOURCE SURFACE FROM DISK
1338354.742	Study_Phase.SEQUENCE.Study_Instruction	LOADING RESOURCE SURFACE FROM DISK
1346620.683	Study_Phase.SEQUENCE.Study_Instruction	LOADING RESOURCE SURFACE FROM DISK
1354923.436	Study_Phase.SEQUENCE.Study_Instruction	LOADING RESOURCE SURFACE FROM DISK
1363188.01	Study_Phase.SEQUENCE.Study_Instruction	LOADING RESOURCE SURFACE FROM DISK
1371486.224	Study_Phase.SEQUENCE.Study_Instruction	LOADING RESOURCE SURFACE FROM DISK
1379795.946	Study_Phase.SEQUENCE.Study_Instruction	LOADING RESOURCE SURFACE FROM DISK
1386623.966	Study_Phase.SEQUENCE.DISPLAY_SCREEN	LOADING RESOURCE SURFACE FROM DISK
1388176.98	Study_Phase.SEQUENCE.Study_Instruction	LOADING RESOURCE SURFACE FROM DISK
1396472.962	Study_Phase.SEQUENCE.Study_Instruction	LOADING RESOURCE SURFACE FROM DISK
1403224.145	Study_Phase.SEQUENCE.DISPLAY_SCREEN	LOADING RESOURCE SURFACE FROM DISK
1404738.001	Study_Phase.SEQUENCE.Study_Instruction	LOADING RESOURCE SURFACE FROM DISK
1413041.749	Study_Phase.SEQUENCE.Study_Instruction	LOADING RESOURCE SURFACE FROM DISK
1421304.543	Study_Phase.SEQUENCE.Study_Instruction	LOADING RESOURCE SURFACE FROM DISK
1428040.799	Study_Phase.SEQUENCE.DISPLAY_SCREEN	LOADING RESOURCE SURFACE FROM DISK
1429587.052	Study_Phase.SEQUENCE.Study_Instruction	LOADING RESOURCE SURFACE FROM DISK
1436340.703	Study_Phase.SEQUENCE.DISPLAY_SCREEN	LOADING RESOURCE SURFACE FROM DISK
1437854.992	Study_Phase.SEQUENCE.Study_Instruction	LOADING RESOURCE SURFACE FROM DISK
1444607.508	Study_Phase.SEQUENCE.DISPLAY_SCREEN	LOADING RESOURCE SURFACE FROM DISK
1446160.734	Study_Phase.SEQUENCE.Study_Instruction	LOADING RESOURCE SURFACE FROM DISK
1454475.066	Study_Phase.SEQUENCE.Study_Instruction	LOADING RESOURCE SURFACE FROM DISK
1461224.112	Study_Phase.SEQUENCE.DISPLAY_SCREEN	LOADING RESOURCE SURFACE FROM DISK
1462737.918	Study_Phase.SEQUENCE.Study_Instruction	LOADING RESOURCE SURFACE FROM DISK
1471039.72	Study_Phase.SEQUENCE.Study_Instruction	LOADING RESOURCE SURFACE FROM DISK
1477790.823	Study_Phase.SEQUENCE.DISPLAY_SCREEN	LOADING RESOURCE SURFACE FROM DISK
1479348.295	Study_Phase.SEQUENCE.Study_Instruction	LOADING RESOURCE SURFACE FROM DISK
1486090.724	Study_Phase.SEQUENCE.DISPLAY_SCREEN	LOADING RESOURCE SURFACE FROM DISK
1487640.813	Study_Phase.SEQUENCE.Study_Instruction	LOADING RESOURCE SURFACE FROM DISK
1494390.618	Study_Phase.SEQUENCE.DISPLAY_SCREEN	LOADING RESOURCE SURFACE FROM DISK
1495904.658	Study_Phase.SEQUENCE.Study_Instruction	LOADING RESOURCE SURFACE FROM DISK
1500626.484	DISPLAY_SCREEN[7]	LOADING RESOURCE SURFACE FROM DISK
1616800.391	Test_Phase.SEQUENCE.Target_Cue	LOADING RESOURCE SURFACE FROM DISK
1616810.802	Test_Phase.SEQUENCE.Target_Cue	LOADING RESOURCE SURFACE FROM DISK
1618837.585	Test_Phase.SEQUENCE.Word	LOADING RESOURCE SURFACE FROM DISK
1621886.373	Test_Phase.SEQUENCE.Test_Question	LOADING RESOURCE SURFACE FROM DISK
1621900.615	Test_Phase.SEQUENCE.Test_Question	LOADING RESOURCE SURFACE FROM DISK
1621911.083	Test_Phase.SEQUENCE.Test_Question	LOADING RESOURCE SURFACE FROM DISK
1621912.906	Test_Phase.SEQUENCE.Test_Question	LOADING RESOURCE SURFACE FROM DISK
1621914.689	Test_Phase.SEQUENCE.Test_Question	LOADING RESOURCE SURFACE FROM DISK
1621916.501	Test_Phase.SEQUENCE.Test_Question	LOADING RESOURCE SURFACE FROM DISK
1621918.382	Test_Phase.SEQUENCE.Test_Question	LOADING RESOURCE SURFACE FROM DISK
1621920.117	Test_Phase.SEQUENCE.Test_Question	LOADING RESOURCE SURFACE FROM DISK
1621921.91	Test_Phase.SEQUENCE.Test_Question	LOADING RESOURCE SURFACE FROM DISK
1621923.687	Test_Phase.SEQUENCE.Test_Question	LOADING RESOURCE SURFACE FROM DISK
1621925.475	Test_Phase.SEQUENCE.Test_Question	LOADING RESOURCE SURFACE FROM DISK
1621927.273	Test_Phase.SEQUENCE.Test_Question	LOADING RESOURCE SURFACE FROM DISK
1631454.186	Test_Phase.SEQUENCE.Word	LOADING RESOURCE SURFACE FROM DISK
1639271.053	Test_Phase.SEQUENCE.Word	LOADING RESOURCE SURFACE FROM DISK
1647690.592	Test_Phase.SEQUENCE.Word	LOADING RESOURCE SURFACE FROM DISK
1657212.307	Test_Phase.SEQUENCE.Word	LOADING RESOURCE SURFACE FROM DISK
1664370.789	Test_Phase.SEQUENCE.Word	LOADING RESOURCE SURFACE FROM DISK
1672087.265	Test_Phase.SEQUENCE.Word	LOADING RESOURCE SURFACE FROM DISK
1680119.945	Test_Phase.SEQUENCE.Word	LOADING RESOURCE SURFACE FROM DISK
1687487.41	Test_Phase.SEQUENCE.Word	LOADING RESOURCE SURFACE FROM DISK
1696437.363	Test_Phase.SEQUENCE.Word	LOADING RESOURCE SURFACE FROM DISK
1704370.833	Test_Phase.SEQUENCE.Word	LOADING RESOURCE SURFACE FROM DISK
1713854.134	Test_Phase.SEQUENCE.Word	LOADING RESOURCE SURFACE FROM DISK
1721937.435	Test_Phase.SEQUENCE.Word	LOADING RESOURCE SURFACE FROM DISK
1730020.681	Test_Phase.SEQUENCE.Word	LOADING RESOURCE SURFACE FROM DISK
1737687.3	Test_Phase.SEQUENCE.Word	LOADING RESOURCE SURFACE FROM DISK
1744970.674	Test_Phase.SEQUENCE.Word	LOADING RESOURCE SURFACE FROM DISK
1752354.215	Test_Phase.SEQUENCE.Word	LOADING RESOURCE SURFACE FROM DISK
1759554.129	Test_Phase.SEQUENCE.Word	LOADING RESOURCE SURFACE FROM DISK
1767920.641	Test_Phase.SEQUENCE.Word	LOADING RESOURCE SURFACE FROM DISK
1775287.134	Test_Phase.SEQUENCE.Word	LOADING RESOURCE SURFACE FROM DISK
1783304.232	Test_Phase.SEQUENCE.Word	LOADING RESOURCE SURFACE FROM DISK
1793554.054	Test_Phase.SEQUENCE.Word	LOADING RESOURCE SURFACE FROM DISK
1802054.047	Test_Phase.SEQUENCE.Word	LOADING RESOURCE SURFACE FROM DISK
1809387.377	Test_Phase.SEQUENCE.Word	LOADING RESOURCE SURFACE FROM DISK
1818854.134	Test_Phase.SEQUENCE.Word	LOADING RESOURCE SURFACE FROM DISK
1826652.029	Test_Phase.SEQUENCE.Word	LOADING RESOURCE SURFACE FROM DISK
1835520.748	Test_Phase.SEQUENCE.Word	LOADING RESOURCE SURFACE FROM DISK
1844661.628	Test_Phase.SEQUENCE.Word	LOADING RESOURCE SURFACE FROM DISK
1851853.879	Test_Phase.SEQUENCE.Word	LOADING RESOURCE SURFACE FROM DISK
1859337.463	Test_Phase.SEQUENCE.Word	LOADING RESOURCE SURFACE FROM DISK
1866270.717	Test_Phase.SEQUENCE.Word	LOADING RESOURCE SURFACE FROM DISK
1873603.988	Test_Phase.SEQUENCE.Word	LOADING RESOURCE SURFACE FROM DISK
1881729.211	Test_Phase.SEQUENCE.Word	LOADING RESOURCE SURFACE FROM DISK
1893380.248	Test_Phase.SEQUENCE.Word	LOADING RESOURCE SURFACE FROM DISK
1900854.01	Test_Phase.SEQUENCE.Word	LOADING RESOURCE SURFACE FROM DISK
1909924.013	Test_Phase.SEQUENCE.Word	LOADING RESOURCE SURFACE FROM DISK
1917759.126	Test_Phase.SEQUENCE.Word	LOADING RESOURCE SURFACE FROM DISK
1927970.637	Test_Phase.SEQUENCE.Word	LOADING RESOURCE SURFACE FROM DISK
1935237.359	Test_Phase.SEQUENCE.Word	LOADING RESOURCE SURFACE FROM DISK
1945159.162	Test_Phase.SEQUENCE.Word	LOADING RESOURCE SURFACE FROM DISK
1952636.037	Test_Phase.SEQUENCE.Word	LOADING RESOURCE SURFACE FROM DISK
1960355.758	Test_Phase.SEQUENCE.Word	LOADING RESOURCE SURFACE FROM DISK
1968579.582	Test_Phase.SEQUENCE.Word	LOADING RESOURCE SURFACE FROM DISK
1976359.201	Test_Phase.SEQUENCE.Word	LOADING RESOURCE SURFACE FROM DISK
1983676.491	Test_Phase.SEQUENCE.Word	LOADING RESOURCE SURFACE FROM DISK
1991255.967	Test_Phase.SEQUENCE.Word	LOADING RESOURCE SURFACE FROM DISK
1998637.447	Test_Phase.SEQUENCE.Word	LOADING RESOURCE SURFACE FROM DISK
2007887.32	Test_Phase.SEQUENCE.Word	LOADING RESOURCE SURFACE FROM DISK
2015278.631	Test_Phase.SEQUENCE.Word	LOADING RESOURCE SURFACE FROM DISK
2023922.189	Test_Phase.SEQUENCE.Word	LOADING RESOURCE SURFACE FROM DISK
2031654.336	Test_Phase.SEQUENCE.Word	LOADING RESOURCE SURFACE FROM DISK
2039093.882	Test_Phase.SEQUENCE.Word	LOADING RESOURCE SURFACE FROM DISK
2046511.153	Test_Phase.SEQUENCE.Word	LOADING RESOURCE SURFACE FROM DISK
2053970.813	Test_Phase.SEQUENCE.Word	LOADING RESOURCE SURFACE FROM DISK
2060954.628	Test_Phase.SEQUENCE.Word	LOADING RESOURCE SURFACE FROM DISK
2068320.629	Test_Phase.SEQUENCE.Word	LOADING RESOURCE SURFACE FROM DISK
2076413.746	Test_Phase.SEQUENCE.Word	LOADING RESOURCE SURFACE FROM DISK
2083537.303	Test_Phase.SEQUENCE.Word	LOADING RESOURCE SURFACE FROM DISK
2091190.161	Test_Phase.SEQUENCE.Word	LOADING RESOURCE SURFACE FROM DISK
2099953.95	Test_Phase.SEQUENCE.Word	LOADING RESOURCE SURFACE FROM DISK
2107187.605	Test_Phase.SEQUENCE.Word	LOADING RESOURCE SURFACE FROM DISK
2114470.788	Test_Phase.SEQUENCE.Word	LOADING RESOURCE SURFACE FROM DISK
2121320.635	Test_Phase.SEQUENCE.Word	LOADING RESOURCE SURFACE FROM DISK
2129637.182	Test_Phase.SEQUENCE.Word	LOADING RESOURCE SURFACE FROM DISK
2137176.633	Test_Phase.SEQUENCE.Word	LOADING RESOURCE SURFACE FROM DISK
2144837.804	Test_Phase.SEQUENCE.Word	LOADING RESOURCE SURFACE FROM DISK
2156420.985	Test_Phase.SEQUENCE.Word	LOADING RESOURCE SURFACE FROM DISK
2163553.407	Test_Phase.SEQUENCE.Word	LOADING RESOURCE SURFACE FROM DISK
2170937.615	Test_Phase.SEQUENCE.Word	LOADING RESOURCE SURFACE FROM DISK
2178737.323	Test_Phase.SEQUENCE.Word	LOADING RESOURCE SURFACE FROM DISK
2186170.836	Test_Phase.SEQUENCE.Word	LOADING RESOURCE SURFACE FROM DISK
2193337.302	Test_Phase.SEQUENCE.Word	LOADING RESOURCE SURFACE FROM DISK
2200620.676	Test_Phase.SEQUENCE.Word	LOADING RESOURCE SURFACE FROM DISK
2215029.138	Test_Phase.SEQUENCE.Word	LOADING RESOURCE SURFACE FROM DISK
2223006.707	Test_Phase.SEQUENCE.Word	LOADING RESOURCE SURFACE FROM DISK
2230987.348	Test_Phase.SEQUENCE.Word	LOADING RESOURCE SURFACE FROM DISK
2239337.879	Test_Phase.SEQUENCE.Word	LOADING RESOURCE SURFACE FROM DISK
2246437.33	Test_Phase.SEQUENCE.Word	LOADING RESOURCE SURFACE FROM DISK
2253836.56	Test_Phase.SEQUENCE.Word	LOADING RESOURCE SURFACE FROM DISK
2260703.95	Test_Phase.SEQUENCE.Word	LOADING RESOURCE SURFACE FROM DISK
2267853.872	Test_Phase.SEQUENCE.Word	LOADING RESOURCE SURFACE FROM DISK
2275570.814	Test_Phase.SEQUENCE.Word	LOADING RESOURCE SURFACE FROM DISK
2283356.819	Test_Phase.SEQUENCE.Word	LOADING RESOURCE SURFACE FROM DISK
2290570.795	Test_Phase.SEQUENCE.Word	LOADING RESOURCE SURFACE FROM DISK
2297737.508	Test_Phase.SEQUENCE.Word	LOADING RESOURCE SURFACE FROM DISK
2305104.013	Test_Phase.SEQUENCE.Word	LOADING RESOURCE SURFACE FROM DISK
2312393.231	Test_Phase.SEQUENCE.Word	LOADING RESOURCE SURFACE FROM DISK
2319737.324	Test_Phase.SEQUENCE.Word	LOADING RESOURCE SURFACE FROM DISK
2326854.059	Test_Phase.SEQUENCE.Word	LOADING RESOURCE SURFACE FROM DISK
2336354.067	Test_Phase.SEQUENCE.Word	LOADING RESOURCE SURFACE FROM DISK
2344871.608	Test_Phase.SEQUENCE.Word	LOADING RESOURCE SURFACE FROM DISK
2354237.46	Test_Phase.SEQUENCE.Word	LOADING RESOURCE SURFACE FROM DISK
2361653.922	Test_Phase.SEQUENCE.Word	LOADING RESOURCE SURFACE FROM DISK
2369956.65	Test_Phase.SEQUENCE.Word	LOADING RESOURCE SURFACE FROM DISK
2378820.53	Test_Phase.SEQUENCE.Word	LOADING RESOURCE SURFACE FROM DISK
2387153.985	Test_Phase.SEQUENCE.Word	LOADING RESOURCE SURFACE FROM DISK
2395604.506	Test_Phase.SEQUENCE.Word	LOADING RESOURCE SURFACE FROM DISK
2402978.821	Test_Phase.SEQUENCE.Word	LOADING RESOURCE SURFACE FROM DISK
2410237.475	Test_Phase.SEQUENCE.Word	LOADING RESOURCE SURFACE FROM DISK
2417373.915	Test_Phase.SEQUENCE.Word	LOADING RESOURCE SURFACE FROM DISK
2426404.072	Test_Phase.SEQUENCE.Word	LOADING RESOURCE SURFACE FROM DISK
2436776.193	Test_Phase.SEQUENCE.Word	LOADING RESOURCE SURFACE FROM DISK
2445070.7	Test_Phase.SEQUENCE.Word	LOADING RESOURCE SURFACE FROM DISK
2454354.133	Test_Phase.SEQUENCE.Word	LOADING RESOURCE SURFACE FROM DISK
2467237.235	Test_Phase.SEQUENCE.Word	LOADING RESOURCE SURFACE FROM DISK
2475754.073	Test_Phase.SEQUENCE.Word	LOADING RESOURCE SURFACE FROM DISK
2483120.782	Test_Phase.SEQUENCE.Word	LOADING RESOURCE SURFACE FROM DISK
2490387.398	Test_Phase.SEQUENCE.Word	LOADING RESOURCE SURFACE FROM DISK
2497487.305	Test_Phase.SEQUENCE.Word	LOADING RESOURCE SURFACE FROM DISK
2504461.987	Test_Phase.SEQUENCE.Word	LOADING RESOURCE SURFACE FROM DISK
2512587.582	Test_Phase.SEQUENCE.Word	LOADING RESOURCE SURFACE FROM DISK
2522420.711	Test_Phase.SEQUENCE.Word	LOADING RESOURCE SURFACE FROM DISK
2530304.843	Test_Phase.SEQUENCE.Word	LOADING RESOURCE SURFACE FROM DISK
2543504.389	Test_Phase.SEQUENCE.Word	LOADING RESOURCE SURFACE FROM DISK
2550570.676	Test_Phase.SEQUENCE.Word	LOADING RESOURCE SURFACE FROM DISK
2557720.79	Test_Phase.SEQUENCE.Word	LOADING RESOURCE SURFACE FROM DISK
2564869.408	Test_Phase.SEQUENCE.Word	LOADING RESOURCE SURFACE FROM DISK
2572287.308	Test_Phase.SEQUENCE.Word	LOADING RESOURCE SURFACE FROM DISK
2579604.129	Test_Phase.SEQUENCE.Word	LOADING RESOURCE SURFACE FROM DISK
2588501.972	Test_Phase.SEQUENCE.Word	LOADING RESOURCE SURFACE FROM DISK
2595787.367	Test_Phase.SEQUENCE.Word	LOADING RESOURCE SURFACE FROM DISK
2603187.625	Test_Phase.SEQUENCE.Word	LOADING RESOURCE SURFACE FROM DISK
2610804.045	Test_Phase.SEQUENCE.Word	LOADING RESOURCE SURFACE FROM DISK
2624186.575	Test_Phase.SEQUENCE.Word	LOADING RESOURCE SURFACE FROM DISK
2632737.701	Test_Phase.SEQUENCE.Word	LOADING RESOURCE SURFACE FROM DISK
2640039.954	Test_Phase.SEQUENCE.Word	LOADING RESOURCE SURFACE FROM DISK
2647270.6	Test_Phase.SEQUENCE.Word	LOADING RESOURCE SURFACE FROM DISK
2654554.267	Test_Phase.SEQUENCE.Word	LOADING RESOURCE SURFACE FROM DISK
2663470.915	Test_Phase.SEQUENCE.Word	LOADING RESOURCE SURFACE FROM DISK
2670893.691	Test_Phase.SEQUENCE.Word	LOADING RESOURCE SURFACE FROM DISK
2678403.973	Test_Phase.SEQUENCE.Word	LOADING RESOURCE SURFACE FROM DISK
2685823.95	Test_Phase.SEQUENCE.Word	LOADING RESOURCE SURFACE FROM DISK
2693587.657	Test_Phase.SEQUENCE.Word	LOADING RESOURCE SURFACE FROM DISK
2706170.104	Test_Phase.SEQUENCE.Word	LOADING RESOURCE SURFACE FROM DISK
2713854.13	Test_Phase.SEQUENCE.Word	LOADING RESOURCE SURFACE FROM DISK
2721379.667	Test_Phase.SEQUENCE.Word	LOADING RESOURCE SURFACE FROM DISK
2732084.42	Test_Phase.SEQUENCE.Word	LOADING RESOURCE SURFACE FROM DISK
2741820.616	Test_Phase.SEQUENCE.Word	LOADING RESOURCE SURFACE FROM DISK
2749087.449	Test_Phase.SEQUENCE.Word	LOADING RESOURCE SURFACE FROM DISK
2758337.436	Test_Phase.SEQUENCE.Word	LOADING RESOURCE SURFACE FROM DISK
2766037.397	Test_Phase.SEQUENCE.Word	LOADING RESOURCE SURFACE FROM DISK
2775787.355	Test_Phase.SEQUENCE.Word	LOADING RESOURCE SURFACE FROM DISK
2783110.523	Test_Phase.SEQUENCE.Word	LOADING RESOURCE SURFACE FROM DISK
2790721.073	Test_Phase.SEQUENCE.Word	LOADING RESOURCE SURFACE FROM DISK
2798237.343	Test_Phase.SEQUENCE.Word	LOADING RESOURCE SURFACE FROM DISK
2807670.605	Test_Phase.SEQUENCE.Word	LOADING RESOURCE SURFACE FROM DISK
2814787.439	Test_Phase.SEQUENCE.Word	LOADING RESOURCE SURFACE FROM DISK
2823137.393	Test_Phase.SEQUENCE.Word	LOADING RESOURCE SURFACE FROM DISK
2833270.651	Test_Phase.SEQUENCE.Word	LOADING RESOURCE SURFACE FROM DISK
2841287.387	Test_Phase.SEQUENCE.Word	LOADING RESOURCE SURFACE FROM DISK
2851620.627	Test_Phase.SEQUENCE.Word	LOADING RESOURCE SURFACE FROM DISK
2859486.359	Test_Phase.SEQUENCE.Word	LOADING RESOURCE SURFACE FROM DISK
2870124.537	Test_Phase.SEQUENCE.Word	LOADING RESOURCE SURFACE FROM DISK
2877921.051	Test_Phase.SEQUENCE.Word	LOADING RESOURCE SURFACE FROM DISK
2885537.384	Test_Phase.SEQUENCE.Word	LOADING RESOURCE SURFACE FROM DISK
2892837.363	Test_Phase.SEQUENCE.Word	LOADING RESOURCE SURFACE FROM DISK
2900020.852	Test_Phase.SEQUENCE.Word	LOADING RESOURCE SURFACE FROM DISK
2909162.215	Test_Phase.SEQUENCE.Word	LOADING RESOURCE SURFACE FROM DISK
2919437.575	Test_Phase.SEQUENCE.Word	LOADING RESOURCE SURFACE FROM DISK
2926945.79	Test_Phase.SEQUENCE.Word	LOADING RESOURCE SURFACE FROM DISK
2934461.618	Test_Phase.SEQUENCE.Word	LOADING RESOURCE SURFACE FROM DISK
2942037.271	Test_Phase.SEQUENCE.Word	LOADING RESOURCE SURFACE FROM DISK
2949587.68	Test_Phase.SEQUENCE.Word	LOADING RESOURCE SURFACE FROM DISK
2959627.989	Test_Phase.SEQUENCE.Word	LOADING RESOURCE SURFACE FROM DISK
2969235.939	Test_Phase.SEQUENCE.Word	LOADING RESOURCE SURFACE FROM DISK
2976304.115	Test_Phase.SEQUENCE.Word	LOADING RESOURCE SURFACE FROM DISK
2983487.425	Test_Phase.SEQUENCE.Word	LOADING RESOURCE SURFACE FROM DISK
2991370.786	Test_Phase.SEQUENCE.Word	LOADING RESOURCE SURFACE FROM DISK
3000990.199	Test_Phase.SEQUENCE.Word	LOADING RESOURCE SURFACE FROM DISK
3010487.43	Test_Phase.SEQUENCE.Word	LOADING RESOURCE SURFACE FROM DISK
3018171.32	Test_Phase.SEQUENCE.Word	LOADING RESOURCE SURFACE FROM DISK
3025504.355	Test_Phase.SEQUENCE.Word	LOADING RESOURCE SURFACE FROM DISK
3033563.721	Test_Phase.SEQUENCE.Word	LOADING RESOURCE SURFACE FROM DISK
3041953.871	Test_Phase.SEQUENCE.Word	LOADING RESOURCE SURFACE FROM DISK
3049304.078	Test_Phase.SEQUENCE.Word	LOADING RESOURCE SURFACE FROM DISK
3059037.404	Test_Phase.SEQUENCE.Word	LOADING RESOURCE SURFACE FROM DISK
3067420.674	Test_Phase.SEQUENCE.Word	LOADING RESOURCE SURFACE FROM DISK
3074974.485	Test_Phase.SEQUENCE.Word	LOADING RESOURCE SURFACE FROM DISK
3082690.347	Test_Phase.SEQUENCE.Word	LOADING RESOURCE SURFACE FROM DISK
3091456.477	Test_Phase.SEQUENCE.Word	LOADING RESOURCE SURFACE FROM DISK
3100220.832	Test_Phase.SEQUENCE.Word	LOADING RESOURCE SURFACE FROM DISK
3107470.653	Test_Phase.SEQUENCE.Word	LOADING RESOURCE SURFACE FROM DISK
3114887.681	Test_Phase.SEQUENCE.Word	LOADING RESOURCE SURFACE FROM DISK
3123520.633	Test_Phase.SEQUENCE.Word	LOADING RESOURCE SURFACE FROM DISK
3131144.26	Test_Phase.SEQUENCE.Word	LOADING RESOURCE SURFACE FROM DISK
3138303.919	Test_Phase.SEQUENCE.Word	LOADING RESOURCE SURFACE FROM DISK
3145552.601	Test_Phase.SEQUENCE.Word	LOADING RESOURCE SURFACE FROM DISK
3152854.251	Test_Phase.SEQUENCE.Word	LOADING RESOURCE SURFACE FROM DISK
3160237.274	Test_Phase.SEQUENCE.Word	LOADING RESOURCE SURFACE FROM DISK
3168387.689	Test_Phase.SEQUENCE.Word	LOADING RESOURCE SURFACE FROM DISK
3175720.862	Test_Phase.SEQUENCE.Word	LOADING RESOURCE SURFACE FROM DISK
3183087.387	Test_Phase.SEQUENCE.Word	LOADING RESOURCE SURFACE FROM DISK
3191070.933	Test_Phase.SEQUENCE.Word	LOADING RESOURCE SURFACE FROM DISK
3200509.829	Test_Phase.SEQUENCE.Word	LOADING RESOURCE SURFACE FROM DISK
3211063.561	Test_Phase.SEQUENCE.Word	LOADING RESOURCE SURFACE FROM DISK
3218754.087	Test_Phase.SEQUENCE.Word	LOADING RESOURCE SURFACE FROM DISK
3226107.239	Test_Phase.SEQUENCE.Word	LOADING RESOURCE SURFACE FROM DISK
3235586.187	Test_Phase.SEQUENCE.Word	LOADING RESOURCE SURFACE FROM DISK
3243420.767	Test_Phase.SEQUENCE.Word	LOADING RESOURCE SURFACE FROM DISK
3248420.741	DISPLAY_SCREEN	LOADING RESOURCE SURFACE FROM DISK
