4818.89	DISPLAY_SCREEN[1]	LOADING RESOURCE SURFACE FROM DISK
448457.012	Familiarization_Phase.SEQUENCE.Cue_and_Instruction	LOADING RESOURCE SURFACE FROM DISK
448461.19	Familiarization_Phase.SEQUENCE.Cue_and_Instruction	LOADING RESOURCE SURFACE FROM DISK
454493.779	Familiarization_Phase.SEQUENCE.Cue_and_Instruction	LOADING RESOURCE SURFACE FROM DISK
454498.304	Familiarization_Phase.SEQUENCE.Cue_and_Instruction	LOADING RESOURCE SURFACE FROM DISK
460826.152	Familiarization_Phase.SEQUENCE.Cue_and_Instruction	LOADING RESOURCE SURFACE FROM DISK
460830.326	Familiarization_Phase.SEQUENCE.Cue_and_Instruction	LOADING RESOURCE SURFACE FROM DISK
502959.928	DISPLAY_SCREEN[3]	LOADING RESOURCE SURFACE FROM DISK
643903.251	DISPLAY_SCREEN[5]	LOADING RESOURCE SURFACE FROM DISK
802668.24	Practice_Phase.SEQUENCE.Blink_Screen	LOADING RESOURCE SURFACE FROM DISK
803872.08	Practice_Phase.SEQUENCE.Practice_Luminance_Cue	LOADING RESOURCE SURFACE FROM DISK
803874.485	Practice_Phase.SEQUENCE.Practice_Luminance_Cue	LOADING RESOURCE SURFACE FROM DISK
804371.686	Practice_Phase.SEQUENCE.DISPLAY_SCREEN	LOADING RESOURCE SURFACE FROM DISK
805868.932	Practice_Phase.SEQUENCE.Practice_Instruction	LOADING RESOURCE SURFACE FROM DISK
812455.027	Practice_Phase.SEQUENCE.DISPLAY_SCREEN	LOADING RESOURCE SURFACE FROM DISK
813952.048	Practice_Phase.SEQUENCE.Practice_Instruction	LOADING RESOURCE SURFACE FROM DISK
820560.015	Practice_Phase.SEQUENCE.DISPLAY_SCREEN	LOADING RESOURCE SURFACE FROM DISK
820561.97	Practice_Phase.SEQUENCE.DISPLAY_SCREEN	flip time is later than desired time. Desired Time=820540 Flip Time=820574 Retrace Rate=16.641, prepareTime=45 flip request time 820561
822052.097	Practice_Phase.SEQUENCE.Practice_Instruction	LOADING RESOURCE SURFACE FROM DISK
828621.973	Practice_Phase.SEQUENCE.DISPLAY_SCREEN	LOADING RESOURCE SURFACE FROM DISK
830118.526	Practice_Phase.SEQUENCE.Practice_Instruction	LOADING RESOURCE SURFACE FROM DISK
836688.704	Practice_Phase.SEQUENCE.DISPLAY_SCREEN	LOADING RESOURCE SURFACE FROM DISK
838185.333	Practice_Phase.SEQUENCE.Practice_Instruction	LOADING RESOURCE SURFACE FROM DISK
844755.312	Practice_Phase.SEQUENCE.DISPLAY_SCREEN	LOADING RESOURCE SURFACE FROM DISK
846285.532	Practice_Phase.SEQUENCE.Practice_Instruction	LOADING RESOURCE SURFACE FROM DISK
846286.969	Practice_Phase.SEQUENCE.Practice_Instruction	flip time is later than desired time. Desired Time=846274 Flip Time=846307 Retrace Rate=16.641, prepareTime=36 flip request time 846286
852857.677	Practice_Phase.SEQUENCE.DISPLAY_SCREEN	LOADING RESOURCE SURFACE FROM DISK
854396.45	Practice_Phase.SEQUENCE.Practice_Instruction	LOADING RESOURCE SURFACE FROM DISK
854397.889	Practice_Phase.SEQUENCE.Practice_Instruction	flip time is later than desired time. Desired Time=854374 Flip Time=854407 Retrace Rate=16.641, prepareTime=47 flip request time 854397
860955.3	Practice_Phase.SEQUENCE.DISPLAY_SCREEN	LOADING RESOURCE SURFACE FROM DISK
862452.273	Practice_Phase.SEQUENCE.Practice_Instruction	LOADING RESOURCE SURFACE FROM DISK
869021.868	Practice_Phase.SEQUENCE.DISPLAY_SCREEN	LOADING RESOURCE SURFACE FROM DISK
870519.158	Practice_Phase.SEQUENCE.Practice_Instruction	LOADING RESOURCE SURFACE FROM DISK
875184.637	DISPLAY_SCREEN[2]	LOADING RESOURCE SURFACE FROM DISK
1019897.001	Study_Phase.SEQUENCE.DISPLAY_SCREEN	LOADING RESOURCE SURFACE FROM DISK
1021410.749	Study_Phase.SEQUENCE.Study_Instruction	LOADING RESOURCE SURFACE FROM DISK
1028163.571	Study_Phase.SEQUENCE.DISPLAY_SCREEN	LOADING RESOURCE SURFACE FROM DISK
1029677.358	Study_Phase.SEQUENCE.Study_Instruction	LOADING RESOURCE SURFACE FROM DISK
1037943.519	Study_Phase.SEQUENCE.Study_Instruction	LOADING RESOURCE SURFACE FROM DISK
1046210.146	Study_Phase.SEQUENCE.Study_Instruction	LOADING RESOURCE SURFACE FROM DISK
1054516.549	Study_Phase.SEQUENCE.Study_Instruction	LOADING RESOURCE SURFACE FROM DISK
1061263.594	Study_Phase.SEQUENCE.DISPLAY_SCREEN	LOADING RESOURCE SURFACE FROM DISK
1062777.361	Study_Phase.SEQUENCE.Study_Instruction	LOADING RESOURCE SURFACE FROM DISK
1071043.915	Study_Phase.SEQUENCE.Study_Instruction	LOADING RESOURCE SURFACE FROM DISK
1079293.283	Study_Phase.SEQUENCE.Study_Instruction	LOADING RESOURCE SURFACE FROM DISK
1086030.223	Study_Phase.SEQUENCE.DISPLAY_SCREEN	LOADING RESOURCE SURFACE FROM DISK
1087543.954	Study_Phase.SEQUENCE.Study_Instruction	LOADING RESOURCE SURFACE FROM DISK
1094297.067	Study_Phase.SEQUENCE.DISPLAY_SCREEN	LOADING RESOURCE SURFACE FROM DISK
1095810.657	Study_Phase.SEQUENCE.Study_Instruction	LOADING RESOURCE SURFACE FROM DISK
1104077.499	Study_Phase.SEQUENCE.Study_Instruction	LOADING RESOURCE SURFACE FROM DISK
1112343.454	Study_Phase.SEQUENCE.Study_Instruction	LOADING RESOURCE SURFACE FROM DISK
1120610.095	Study_Phase.SEQUENCE.Study_Instruction	LOADING RESOURCE SURFACE FROM DISK
1128876.881	Study_Phase.SEQUENCE.Study_Instruction	LOADING RESOURCE SURFACE FROM DISK
1135630.305	Study_Phase.SEQUENCE.DISPLAY_SCREEN	LOADING RESOURCE SURFACE FROM DISK
1137143.901	Study_Phase.SEQUENCE.Study_Instruction	LOADING RESOURCE SURFACE FROM DISK
1145410.141	Study_Phase.SEQUENCE.Study_Instruction	LOADING RESOURCE SURFACE FROM DISK
1152146.626	Study_Phase.SEQUENCE.DISPLAY_SCREEN	LOADING RESOURCE SURFACE FROM DISK
1153660.537	Study_Phase.SEQUENCE.Study_Instruction	LOADING RESOURCE SURFACE FROM DISK
1160413.401	Study_Phase.SEQUENCE.DISPLAY_SCREEN	LOADING RESOURCE SURFACE FROM DISK
1161927.255	Study_Phase.SEQUENCE.Study_Instruction	LOADING RESOURCE SURFACE FROM DISK
1170193.962	Study_Phase.SEQUENCE.Study_Instruction	LOADING RESOURCE SURFACE FROM DISK
1176946.651	Study_Phase.SEQUENCE.DISPLAY_SCREEN	LOADING RESOURCE SURFACE FROM DISK
1178460.503	Study_Phase.SEQUENCE.Study_Instruction	LOADING RESOURCE SURFACE FROM DISK
1185213.42	Study_Phase.SEQUENCE.DISPLAY_SCREEN	LOADING RESOURCE SURFACE FROM DISK
1186727.272	Study_Phase.SEQUENCE.Study_Instruction	LOADING RESOURCE SURFACE FROM DISK
1193480.063	Study_Phase.SEQUENCE.DISPLAY_SCREEN	LOADING RESOURCE SURFACE FROM DISK
1194993.857	Study_Phase.SEQUENCE.Study_Instruction	LOADING RESOURCE SURFACE FROM DISK
1203260.561	Study_Phase.SEQUENCE.Study_Instruction	LOADING RESOURCE SURFACE FROM DISK
1211526.655	Study_Phase.SEQUENCE.Study_Instruction	LOADING RESOURCE SURFACE FROM DISK
1218263.638	Study_Phase.SEQUENCE.DISPLAY_SCREEN	LOADING RESOURCE SURFACE FROM DISK
1219810.956	Study_Phase.SEQUENCE.Study_Instruction	LOADING RESOURCE SURFACE FROM DISK
1228060.553	Study_Phase.SEQUENCE.Study_Instruction	LOADING RESOURCE SURFACE FROM DISK
1234813.365	Study_Phase.SEQUENCE.DISPLAY_SCREEN	LOADING RESOURCE SURFACE FROM DISK
1236327.186	Study_Phase.SEQUENCE.Study_Instruction	LOADING RESOURCE SURFACE FROM DISK
1244593.367	Study_Phase.SEQUENCE.Study_Instruction	LOADING RESOURCE SURFACE FROM DISK
1251346.921	Study_Phase.SEQUENCE.DISPLAY_SCREEN	LOADING RESOURCE SURFACE FROM DISK
1252860.64	Study_Phase.SEQUENCE.Study_Instruction	LOADING RESOURCE SURFACE FROM DISK
1261177.327	Study_Phase.SEQUENCE.Study_Instruction	LOADING RESOURCE SURFACE FROM DISK
1269443.327	Study_Phase.SEQUENCE.Study_Instruction	LOADING RESOURCE SURFACE FROM DISK
1277710.066	Study_Phase.SEQUENCE.Study_Instruction	LOADING RESOURCE SURFACE FROM DISK
1285960.089	Study_Phase.SEQUENCE.Study_Instruction	LOADING RESOURCE SURFACE FROM DISK
1292696.989	Study_Phase.SEQUENCE.DISPLAY_SCREEN	LOADING RESOURCE SURFACE FROM DISK
1294210.671	Study_Phase.SEQUENCE.Study_Instruction	LOADING RESOURCE SURFACE FROM DISK
1302476.751	Study_Phase.SEQUENCE.Study_Instruction	LOADING RESOURCE SURFACE FROM DISK
1310743.453	Study_Phase.SEQUENCE.Study_Instruction	LOADING RESOURCE SURFACE FROM DISK
1318993.929	Study_Phase.SEQUENCE.Study_Instruction	LOADING RESOURCE SURFACE FROM DISK
1327259.914	Study_Phase.SEQUENCE.Study_Instruction	LOADING RESOURCE SURFACE FROM DISK
1334013.533	Study_Phase.SEQUENCE.DISPLAY_SCREEN	LOADING RESOURCE SURFACE FROM DISK
1335527.182	Study_Phase.SEQUENCE.Study_Instruction	LOADING RESOURCE SURFACE FROM DISK
1343793.905	Study_Phase.SEQUENCE.Study_Instruction	LOADING RESOURCE SURFACE FROM DISK
1350546.91	Study_Phase.SEQUENCE.DISPLAY_SCREEN	LOADING RESOURCE SURFACE FROM DISK
1352060.614	Study_Phase.SEQUENCE.Study_Instruction	LOADING RESOURCE SURFACE FROM DISK
1358813.401	Study_Phase.SEQUENCE.DISPLAY_SCREEN	LOADING RESOURCE SURFACE FROM DISK
1360362.05	Study_Phase.SEQUENCE.Study_Instruction	LOADING RESOURCE SURFACE FROM DISK
1368626.626	Study_Phase.SEQUENCE.Study_Instruction	LOADING RESOURCE SURFACE FROM DISK
1375380.184	Study_Phase.SEQUENCE.DISPLAY_SCREEN	LOADING RESOURCE SURFACE FROM DISK
1376893.92	Study_Phase.SEQUENCE.Study_Instruction	LOADING RESOURCE SURFACE FROM DISK
1383613.343	Study_Phase.SEQUENCE.DISPLAY_SCREEN	LOADING RESOURCE SURFACE FROM DISK
1385161.309	Study_Phase.SEQUENCE.Study_Instruction	LOADING RESOURCE SURFACE FROM DISK
1393410.089	Study_Phase.SEQUENCE.Study_Instruction	LOADING RESOURCE SURFACE FROM DISK
1400163.736	Study_Phase.SEQUENCE.DISPLAY_SCREEN	LOADING RESOURCE SURFACE FROM DISK
1401677.329	Study_Phase.SEQUENCE.Study_Instruction	LOADING RESOURCE SURFACE FROM DISK
1409943.417	Study_Phase.SEQUENCE.Study_Instruction	LOADING RESOURCE SURFACE FROM DISK
1416696.916	Study_Phase.SEQUENCE.DISPLAY_SCREEN	LOADING RESOURCE SURFACE FROM DISK
1418210.659	Study_Phase.SEQUENCE.Study_Instruction	LOADING RESOURCE SURFACE FROM DISK
1424963.762	Study_Phase.SEQUENCE.DISPLAY_SCREEN	LOADING RESOURCE SURFACE FROM DISK
1426477.299	Study_Phase.SEQUENCE.Study_Instruction	LOADING RESOURCE SURFACE FROM DISK
1434727.276	Study_Phase.SEQUENCE.Study_Instruction	LOADING RESOURCE SURFACE FROM DISK
1441480.112	Study_Phase.SEQUENCE.DISPLAY_SCREEN	LOADING RESOURCE SURFACE FROM DISK
1442993.906	Study_Phase.SEQUENCE.Study_Instruction	LOADING RESOURCE SURFACE FROM DISK
1449746.792	Study_Phase.SEQUENCE.DISPLAY_SCREEN	LOADING RESOURCE SURFACE FROM DISK
1451260.477	Study_Phase.SEQUENCE.Study_Instruction	LOADING RESOURCE SURFACE FROM DISK
1458013.656	Study_Phase.SEQUENCE.DISPLAY_SCREEN	LOADING RESOURCE SURFACE FROM DISK
1459527.2	Study_Phase.SEQUENCE.Study_Instruction	LOADING RESOURCE SURFACE FROM DISK
1467793.266	Study_Phase.SEQUENCE.Study_Instruction	LOADING RESOURCE SURFACE FROM DISK
1474530.263	Study_Phase.SEQUENCE.DISPLAY_SCREEN	LOADING RESOURCE SURFACE FROM DISK
1476043.979	Study_Phase.SEQUENCE.Study_Instruction	LOADING RESOURCE SURFACE FROM DISK
1484310.56	Study_Phase.SEQUENCE.Study_Instruction	LOADING RESOURCE SURFACE FROM DISK
1492560.621	Study_Phase.SEQUENCE.Study_Instruction	LOADING RESOURCE SURFACE FROM DISK
1499313.515	Study_Phase.SEQUENCE.DISPLAY_SCREEN	LOADING RESOURCE SURFACE FROM DISK
1500827.138	Study_Phase.SEQUENCE.Study_Instruction	LOADING RESOURCE SURFACE FROM DISK
1507580.195	Study_Phase.SEQUENCE.DISPLAY_SCREEN	LOADING RESOURCE SURFACE FROM DISK
1509093.809	Study_Phase.SEQUENCE.Study_Instruction	LOADING RESOURCE SURFACE FROM DISK
1515830.251	Study_Phase.SEQUENCE.DISPLAY_SCREEN	LOADING RESOURCE SURFACE FROM DISK
1517343.81	Study_Phase.SEQUENCE.Study_Instruction	LOADING RESOURCE SURFACE FROM DISK
1524080.114	Study_Phase.SEQUENCE.DISPLAY_SCREEN	LOADING RESOURCE SURFACE FROM DISK
1525593.793	Study_Phase.SEQUENCE.Study_Instruction	LOADING RESOURCE SURFACE FROM DISK
1532346.992	Study_Phase.SEQUENCE.DISPLAY_SCREEN	LOADING RESOURCE SURFACE FROM DISK
1533860.529	Study_Phase.SEQUENCE.Study_Instruction	LOADING RESOURCE SURFACE FROM DISK
1542126.617	Study_Phase.SEQUENCE.Study_Instruction	LOADING RESOURCE SURFACE FROM DISK
1550393.978	Study_Phase.SEQUENCE.Study_Instruction	LOADING RESOURCE SURFACE FROM DISK
1558660.028	Study_Phase.SEQUENCE.Study_Instruction	LOADING RESOURCE SURFACE FROM DISK
1565413.667	Study_Phase.SEQUENCE.DISPLAY_SCREEN	LOADING RESOURCE SURFACE FROM DISK
1566927.074	Study_Phase.SEQUENCE.Study_Instruction	LOADING RESOURCE SURFACE FROM DISK
1573680.225	Study_Phase.SEQUENCE.DISPLAY_SCREEN	LOADING RESOURCE SURFACE FROM DISK
1575193.878	Study_Phase.SEQUENCE.Study_Instruction	LOADING RESOURCE SURFACE FROM DISK
1583426.78	Study_Phase.SEQUENCE.Study_Instruction	LOADING RESOURCE SURFACE FROM DISK
1591693.49	Study_Phase.SEQUENCE.Study_Instruction	LOADING RESOURCE SURFACE FROM DISK
1599960.018	Study_Phase.SEQUENCE.Study_Instruction	LOADING RESOURCE SURFACE FROM DISK
1606713.614	Study_Phase.SEQUENCE.DISPLAY_SCREEN	LOADING RESOURCE SURFACE FROM DISK
1608227.313	Study_Phase.SEQUENCE.Study_Instruction	LOADING RESOURCE SURFACE FROM DISK
1614980.224	Study_Phase.SEQUENCE.DISPLAY_SCREEN	LOADING RESOURCE SURFACE FROM DISK
1616493.943	Study_Phase.SEQUENCE.Study_Instruction	LOADING RESOURCE SURFACE FROM DISK
1624798.217	Study_Phase.SEQUENCE.Study_Instruction	LOADING RESOURCE SURFACE FROM DISK
1633060.017	Study_Phase.SEQUENCE.Study_Instruction	LOADING RESOURCE SURFACE FROM DISK
1641326.742	Study_Phase.SEQUENCE.Study_Instruction	LOADING RESOURCE SURFACE FROM DISK
1649593.791	Study_Phase.SEQUENCE.Study_Instruction	LOADING RESOURCE SURFACE FROM DISK
1656346.947	Study_Phase.SEQUENCE.DISPLAY_SCREEN	LOADING RESOURCE SURFACE FROM DISK
1657860.581	Study_Phase.SEQUENCE.Study_Instruction	LOADING RESOURCE SURFACE FROM DISK
1666109.998	Study_Phase.SEQUENCE.Study_Instruction	LOADING RESOURCE SURFACE FROM DISK
1672863.491	Study_Phase.SEQUENCE.DISPLAY_SCREEN	LOADING RESOURCE SURFACE FROM DISK
1674377.243	Study_Phase.SEQUENCE.Study_Instruction	LOADING RESOURCE SURFACE FROM DISK
1682643.942	Study_Phase.SEQUENCE.Study_Instruction	LOADING RESOURCE SURFACE FROM DISK
1689396.913	Study_Phase.SEQUENCE.DISPLAY_SCREEN	LOADING RESOURCE SURFACE FROM DISK
1690910.427	Study_Phase.SEQUENCE.Study_Instruction	LOADING RESOURCE SURFACE FROM DISK
1697663.484	Study_Phase.SEQUENCE.DISPLAY_SCREEN	LOADING RESOURCE SURFACE FROM DISK
1699177.115	Study_Phase.SEQUENCE.Study_Instruction	LOADING RESOURCE SURFACE FROM DISK
1707477.615	Study_Phase.SEQUENCE.Study_Instruction	LOADING RESOURCE SURFACE FROM DISK
1715710.437	Study_Phase.SEQUENCE.Study_Instruction	LOADING RESOURCE SURFACE FROM DISK
1723976.611	Study_Phase.SEQUENCE.Study_Instruction	LOADING RESOURCE SURFACE FROM DISK
1730730.228	Study_Phase.SEQUENCE.DISPLAY_SCREEN	LOADING RESOURCE SURFACE FROM DISK
1732244.152	Study_Phase.SEQUENCE.Study_Instruction	LOADING RESOURCE SURFACE FROM DISK
1738963.334	Study_Phase.SEQUENCE.DISPLAY_SCREEN	LOADING RESOURCE SURFACE FROM DISK
1740477.382	Study_Phase.SEQUENCE.Study_Instruction	LOADING RESOURCE SURFACE FROM DISK
1748743.937	Study_Phase.SEQUENCE.Study_Instruction	LOADING RESOURCE SURFACE FROM DISK
1755496.811	Study_Phase.SEQUENCE.DISPLAY_SCREEN	LOADING RESOURCE SURFACE FROM DISK
1757010.42	Study_Phase.SEQUENCE.Study_Instruction	LOADING RESOURCE SURFACE FROM DISK
1765277.265	Study_Phase.SEQUENCE.Study_Instruction	LOADING RESOURCE SURFACE FROM DISK
1773543.222	Study_Phase.SEQUENCE.Study_Instruction	LOADING RESOURCE SURFACE FROM DISK
1780296.723	Study_Phase.SEQUENCE.DISPLAY_SCREEN	LOADING RESOURCE SURFACE FROM DISK
1781810.539	Study_Phase.SEQUENCE.Study_Instruction	LOADING RESOURCE SURFACE FROM DISK
1788563.599	Study_Phase.SEQUENCE.DISPLAY_SCREEN	LOADING RESOURCE SURFACE FROM DISK
1790077.229	Study_Phase.SEQUENCE.Study_Instruction	LOADING RESOURCE SURFACE FROM DISK
1798343.349	Study_Phase.SEQUENCE.Study_Instruction	LOADING RESOURCE SURFACE FROM DISK
1805096.71	Study_Phase.SEQUENCE.DISPLAY_SCREEN	LOADING RESOURCE SURFACE FROM DISK
1806610.559	Study_Phase.SEQUENCE.Study_Instruction	LOADING RESOURCE SURFACE FROM DISK
1814877.277	Study_Phase.SEQUENCE.Study_Instruction	LOADING RESOURCE SURFACE FROM DISK
1821613.583	Study_Phase.SEQUENCE.DISPLAY_SCREEN	LOADING RESOURCE SURFACE FROM DISK
1823127.272	Study_Phase.SEQUENCE.Study_Instruction	LOADING RESOURCE SURFACE FROM DISK
1829880.242	Study_Phase.SEQUENCE.DISPLAY_SCREEN	LOADING RESOURCE SURFACE FROM DISK
1831393.875	Study_Phase.SEQUENCE.Study_Instruction	LOADING RESOURCE SURFACE FROM DISK
1839660.037	Study_Phase.SEQUENCE.Study_Instruction	LOADING RESOURCE SURFACE FROM DISK
1847910.6	Study_Phase.SEQUENCE.Study_Instruction	LOADING RESOURCE SURFACE FROM DISK
1856176.692	Study_Phase.SEQUENCE.Study_Instruction	LOADING RESOURCE SURFACE FROM DISK
1862930.099	Study_Phase.SEQUENCE.DISPLAY_SCREEN	LOADING RESOURCE SURFACE FROM DISK
1864443.729	Study_Phase.SEQUENCE.Study_Instruction	LOADING RESOURCE SURFACE FROM DISK
1872710.514	Study_Phase.SEQUENCE.Study_Instruction	LOADING RESOURCE SURFACE FROM DISK
1879463.375	Study_Phase.SEQUENCE.DISPLAY_SCREEN	LOADING RESOURCE SURFACE FROM DISK
1880977.294	Study_Phase.SEQUENCE.Study_Instruction	LOADING RESOURCE SURFACE FROM DISK
1889243.962	Study_Phase.SEQUENCE.Study_Instruction	LOADING RESOURCE SURFACE FROM DISK
1895996.724	Study_Phase.SEQUENCE.DISPLAY_SCREEN	LOADING RESOURCE SURFACE FROM DISK
1897510.394	Study_Phase.SEQUENCE.Study_Instruction	LOADING RESOURCE SURFACE FROM DISK
1905777.185	Study_Phase.SEQUENCE.Study_Instruction	LOADING RESOURCE SURFACE FROM DISK
1912530.113	Study_Phase.SEQUENCE.DISPLAY_SCREEN	LOADING RESOURCE SURFACE FROM DISK
1914043.834	Study_Phase.SEQUENCE.Study_Instruction	LOADING RESOURCE SURFACE FROM DISK
1922309.912	Study_Phase.SEQUENCE.Study_Instruction	LOADING RESOURCE SURFACE FROM DISK
1930560.048	Study_Phase.SEQUENCE.Study_Instruction	LOADING RESOURCE SURFACE FROM DISK
1938810.024	Study_Phase.SEQUENCE.Study_Instruction	LOADING RESOURCE SURFACE FROM DISK
1947077.159	Study_Phase.SEQUENCE.Study_Instruction	LOADING RESOURCE SURFACE FROM DISK
1953830.261	Study_Phase.SEQUENCE.DISPLAY_SCREEN	LOADING RESOURCE SURFACE FROM DISK
1955343.811	Study_Phase.SEQUENCE.Study_Instruction	LOADING RESOURCE SURFACE FROM DISK
1963610.009	Study_Phase.SEQUENCE.Study_Instruction	LOADING RESOURCE SURFACE FROM DISK
1970363.558	Study_Phase.SEQUENCE.DISPLAY_SCREEN	LOADING RESOURCE SURFACE FROM DISK
1971877.115	Study_Phase.SEQUENCE.Study_Instruction	LOADING RESOURCE SURFACE FROM DISK
1980143.851	Study_Phase.SEQUENCE.Study_Instruction	LOADING RESOURCE SURFACE FROM DISK
1988410.026	Study_Phase.SEQUENCE.Study_Instruction	LOADING RESOURCE SURFACE FROM DISK
1996676.708	Study_Phase.SEQUENCE.Study_Instruction	LOADING RESOURCE SURFACE FROM DISK
2004943.317	Study_Phase.SEQUENCE.Study_Instruction	LOADING RESOURCE SURFACE FROM DISK
2009650.514	DISPLAY_SCREEN[7]	LOADING RESOURCE SURFACE FROM DISK
2313993.072	Test_Phase.SEQUENCE.Target_Cue	LOADING RESOURCE SURFACE FROM DISK
2313994.635	Test_Phase.SEQUENCE.Target_Cue	LOADING RESOURCE SURFACE FROM DISK
2316010.025	Test_Phase.SEQUENCE.Word	LOADING RESOURCE SURFACE FROM DISK
2319026.381	Test_Phase.SEQUENCE.Test_Question	LOADING RESOURCE SURFACE FROM DISK
2319028.143	Test_Phase.SEQUENCE.Test_Question	LOADING RESOURCE SURFACE FROM DISK
2319029.929	Test_Phase.SEQUENCE.Test_Question	LOADING RESOURCE SURFACE FROM DISK
2319031.695	Test_Phase.SEQUENCE.Test_Question	LOADING RESOURCE SURFACE FROM DISK
2319033.263	Test_Phase.SEQUENCE.Test_Question	LOADING RESOURCE SURFACE FROM DISK
2319034.951	Test_Phase.SEQUENCE.Test_Question	LOADING RESOURCE SURFACE FROM DISK
2319036.509	Test_Phase.SEQUENCE.Test_Question	LOADING RESOURCE SURFACE FROM DISK
2319038.198	Test_Phase.SEQUENCE.Test_Question	LOADING RESOURCE SURFACE FROM DISK
2319039.784	Test_Phase.SEQUENCE.Test_Question	LOADING RESOURCE SURFACE FROM DISK
2319041.506	Test_Phase.SEQUENCE.Test_Question	LOADING RESOURCE SURFACE FROM DISK
2319043.085	Test_Phase.SEQUENCE.Test_Question	LOADING RESOURCE SURFACE FROM DISK
2319044.631	Test_Phase.SEQUENCE.Test_Question	LOADING RESOURCE SURFACE FROM DISK
2326876.981	Test_Phase.SEQUENCE.Word	LOADING RESOURCE SURFACE FROM DISK
2335577.0	Test_Phase.SEQUENCE.Word	LOADING RESOURCE SURFACE FROM DISK
2344126.977	Test_Phase.SEQUENCE.Word	LOADING RESOURCE SURFACE FROM DISK
2354643.516	Test_Phase.SEQUENCE.Word	LOADING RESOURCE SURFACE FROM DISK
2364227.071	Test_Phase.SEQUENCE.Word	LOADING RESOURCE SURFACE FROM DISK
2373293.85	Test_Phase.SEQUENCE.Word	LOADING RESOURCE SURFACE FROM DISK
2383326.996	Test_Phase.SEQUENCE.Word	LOADING RESOURCE SURFACE FROM DISK
2391426.925	Test_Phase.SEQUENCE.Word	LOADING RESOURCE SURFACE FROM DISK
2399760.246	Test_Phase.SEQUENCE.Word	LOADING RESOURCE SURFACE FROM DISK
2410793.683	Test_Phase.SEQUENCE.Word	LOADING RESOURCE SURFACE FROM DISK
2420526.928	Test_Phase.SEQUENCE.Word	LOADING RESOURCE SURFACE FROM DISK
2428760.478	Test_Phase.SEQUENCE.Word	LOADING RESOURCE SURFACE FROM DISK
2437060.404	Test_Phase.SEQUENCE.Word	LOADING RESOURCE SURFACE FROM DISK
2446493.633	Test_Phase.SEQUENCE.Word	LOADING RESOURCE SURFACE FROM DISK
2455610.242	Test_Phase.SEQUENCE.Word	LOADING RESOURCE SURFACE FROM DISK
2464093.602	Test_Phase.SEQUENCE.Word	LOADING RESOURCE SURFACE FROM DISK
2472043.555	Test_Phase.SEQUENCE.Word	LOADING RESOURCE SURFACE FROM DISK
2480126.812	Test_Phase.SEQUENCE.Word	LOADING RESOURCE SURFACE FROM DISK
2488877.097	Test_Phase.SEQUENCE.Word	LOADING RESOURCE SURFACE FROM DISK
2496943.565	Test_Phase.SEQUENCE.Word	LOADING RESOURCE SURFACE FROM DISK
2505543.605	Test_Phase.SEQUENCE.Word	LOADING RESOURCE SURFACE FROM DISK
2513527.121	Test_Phase.SEQUENCE.Word	LOADING RESOURCE SURFACE FROM DISK
2522426.867	Test_Phase.SEQUENCE.Word	LOADING RESOURCE SURFACE FROM DISK
2532810.188	Test_Phase.SEQUENCE.Word	LOADING RESOURCE SURFACE FROM DISK
2542510.235	Test_Phase.SEQUENCE.Word	LOADING RESOURCE SURFACE FROM DISK
2553027.084	Test_Phase.SEQUENCE.Word	LOADING RESOURCE SURFACE FROM DISK
2561212.503	Test_Phase.SEQUENCE.Word	LOADING RESOURCE SURFACE FROM DISK
2569160.267	Test_Phase.SEQUENCE.Word	LOADING RESOURCE SURFACE FROM DISK
2577426.937	Test_Phase.SEQUENCE.Word	LOADING RESOURCE SURFACE FROM DISK
2586410.193	Test_Phase.SEQUENCE.Word	LOADING RESOURCE SURFACE FROM DISK
2594543.564	Test_Phase.SEQUENCE.Word	LOADING RESOURCE SURFACE FROM DISK
2602610.303	Test_Phase.SEQUENCE.Word	LOADING RESOURCE SURFACE FROM DISK
2610627.109	Test_Phase.SEQUENCE.Word	LOADING RESOURCE SURFACE FROM DISK
2618676.867	Test_Phase.SEQUENCE.Word	LOADING RESOURCE SURFACE FROM DISK
2626860.378	Test_Phase.SEQUENCE.Word	LOADING RESOURCE SURFACE FROM DISK
2635526.86	Test_Phase.SEQUENCE.Word	LOADING RESOURCE SURFACE FROM DISK
2643893.475	Test_Phase.SEQUENCE.Word	LOADING RESOURCE SURFACE FROM DISK
2652593.555	Test_Phase.SEQUENCE.Word	LOADING RESOURCE SURFACE FROM DISK
2660676.909	Test_Phase.SEQUENCE.Word	LOADING RESOURCE SURFACE FROM DISK
2668910.27	Test_Phase.SEQUENCE.Word	LOADING RESOURCE SURFACE FROM DISK
2676910.394	Test_Phase.SEQUENCE.Word	LOADING RESOURCE SURFACE FROM DISK
2685426.957	Test_Phase.SEQUENCE.Word	LOADING RESOURCE SURFACE FROM DISK
2693743.545	Test_Phase.SEQUENCE.Word	LOADING RESOURCE SURFACE FROM DISK
2702860.41	Test_Phase.SEQUENCE.Word	LOADING RESOURCE SURFACE FROM DISK
2711493.521	Test_Phase.SEQUENCE.Word	LOADING RESOURCE SURFACE FROM DISK
2721376.944	Test_Phase.SEQUENCE.Word	LOADING RESOURCE SURFACE FROM DISK
2729576.945	Test_Phase.SEQUENCE.Word	LOADING RESOURCE SURFACE FROM DISK
2738393.619	Test_Phase.SEQUENCE.Word	LOADING RESOURCE SURFACE FROM DISK
2746410.194	Test_Phase.SEQUENCE.Word	LOADING RESOURCE SURFACE FROM DISK
2754910.269	Test_Phase.SEQUENCE.Word	LOADING RESOURCE SURFACE FROM DISK
2762976.916	Test_Phase.SEQUENCE.Word	LOADING RESOURCE SURFACE FROM DISK
2770510.426	Test_Phase.SEQUENCE.Word	LOADING RESOURCE SURFACE FROM DISK
2778393.574	Test_Phase.SEQUENCE.Word	LOADING RESOURCE SURFACE FROM DISK
2786376.936	Test_Phase.SEQUENCE.Word	LOADING RESOURCE SURFACE FROM DISK
2795026.959	Test_Phase.SEQUENCE.Word	LOADING RESOURCE SURFACE FROM DISK
2803593.492	Test_Phase.SEQUENCE.Word	LOADING RESOURCE SURFACE FROM DISK
2811226.836	Test_Phase.SEQUENCE.Word	LOADING RESOURCE SURFACE FROM DISK
2820143.55	Test_Phase.SEQUENCE.Word	LOADING RESOURCE SURFACE FROM DISK
2828076.996	Test_Phase.SEQUENCE.Word	LOADING RESOURCE SURFACE FROM DISK
2836376.966	Test_Phase.SEQUENCE.Word	LOADING RESOURCE SURFACE FROM DISK
2844760.54	Test_Phase.SEQUENCE.Word	LOADING RESOURCE SURFACE FROM DISK
2853510.338	Test_Phase.SEQUENCE.Word	LOADING RESOURCE SURFACE FROM DISK
2861827.13	Test_Phase.SEQUENCE.Word	LOADING RESOURCE SURFACE FROM DISK
2870276.8	Test_Phase.SEQUENCE.Word	LOADING RESOURCE SURFACE FROM DISK
2878976.992	Test_Phase.SEQUENCE.Word	LOADING RESOURCE SURFACE FROM DISK
2887710.154	Test_Phase.SEQUENCE.Word	LOADING RESOURCE SURFACE FROM DISK
2895393.62	Test_Phase.SEQUENCE.Word	LOADING RESOURCE SURFACE FROM DISK
2903410.349	Test_Phase.SEQUENCE.Word	LOADING RESOURCE SURFACE FROM DISK
2911943.461	Test_Phase.SEQUENCE.Word	LOADING RESOURCE SURFACE FROM DISK
2920210.269	Test_Phase.SEQUENCE.Word	LOADING RESOURCE SURFACE FROM DISK
2937093.693	Test_Phase.SEQUENCE.Word	LOADING RESOURCE SURFACE FROM DISK
2945443.667	Test_Phase.SEQUENCE.Word	LOADING RESOURCE SURFACE FROM DISK
2953743.684	Test_Phase.SEQUENCE.Word	LOADING RESOURCE SURFACE FROM DISK
2961793.655	Test_Phase.SEQUENCE.Word	LOADING RESOURCE SURFACE FROM DISK
2969693.462	Test_Phase.SEQUENCE.Word	LOADING RESOURCE SURFACE FROM DISK
2977627.025	Test_Phase.SEQUENCE.Word	LOADING RESOURCE SURFACE FROM DISK
2987226.924	Test_Phase.SEQUENCE.Word	LOADING RESOURCE SURFACE FROM DISK
2994826.981	Test_Phase.SEQUENCE.Word	LOADING RESOURCE SURFACE FROM DISK
3003076.939	Test_Phase.SEQUENCE.Word	LOADING RESOURCE SURFACE FROM DISK
3011060.415	Test_Phase.SEQUENCE.Word	LOADING RESOURCE SURFACE FROM DISK
3019060.296	Test_Phase.SEQUENCE.Word	LOADING RESOURCE SURFACE FROM DISK
3028293.638	Test_Phase.SEQUENCE.Word	LOADING RESOURCE SURFACE FROM DISK
3036343.847	Test_Phase.SEQUENCE.Word	LOADING RESOURCE SURFACE FROM DISK
3045560.676	Test_Phase.SEQUENCE.Word	LOADING RESOURCE SURFACE FROM DISK
3053126.894	Test_Phase.SEQUENCE.Word	LOADING RESOURCE SURFACE FROM DISK
3061293.793	Test_Phase.SEQUENCE.Word	LOADING RESOURCE SURFACE FROM DISK
3069393.574	Test_Phase.SEQUENCE.Word	LOADING RESOURCE SURFACE FROM DISK
3077343.718	Test_Phase.SEQUENCE.Word	LOADING RESOURCE SURFACE FROM DISK
3085827.188	Test_Phase.SEQUENCE.Word	LOADING RESOURCE SURFACE FROM DISK
3094393.65	Test_Phase.SEQUENCE.Word	LOADING RESOURCE SURFACE FROM DISK
3102143.673	Test_Phase.SEQUENCE.Word	LOADING RESOURCE SURFACE FROM DISK
3110410.272	Test_Phase.SEQUENCE.Word	LOADING RESOURCE SURFACE FROM DISK
3118027.004	Test_Phase.SEQUENCE.Word	LOADING RESOURCE SURFACE FROM DISK
3125910.432	Test_Phase.SEQUENCE.Word	LOADING RESOURCE SURFACE FROM DISK
3133443.821	Test_Phase.SEQUENCE.Word	LOADING RESOURCE SURFACE FROM DISK
3142060.417	Test_Phase.SEQUENCE.Word	LOADING RESOURCE SURFACE FROM DISK
3149810.216	Test_Phase.SEQUENCE.Word	LOADING RESOURCE SURFACE FROM DISK
3157426.899	Test_Phase.SEQUENCE.Word	LOADING RESOURCE SURFACE FROM DISK
3164993.784	Test_Phase.SEQUENCE.Word	LOADING RESOURCE SURFACE FROM DISK
3173227.004	Test_Phase.SEQUENCE.Word	LOADING RESOURCE SURFACE FROM DISK
3180727.024	Test_Phase.SEQUENCE.Word	LOADING RESOURCE SURFACE FROM DISK
3188727.075	Test_Phase.SEQUENCE.Word	LOADING RESOURCE SURFACE FROM DISK
3196793.441	Test_Phase.SEQUENCE.Word	LOADING RESOURCE SURFACE FROM DISK
3204710.265	Test_Phase.SEQUENCE.Word	LOADING RESOURCE SURFACE FROM DISK
3212643.822	Test_Phase.SEQUENCE.Word	LOADING RESOURCE SURFACE FROM DISK
3221043.771	Test_Phase.SEQUENCE.Word	LOADING RESOURCE SURFACE FROM DISK
3228610.371	Test_Phase.SEQUENCE.Word	LOADING RESOURCE SURFACE FROM DISK
3236326.889	Test_Phase.SEQUENCE.Word	LOADING RESOURCE SURFACE FROM DISK
3244343.699	Test_Phase.SEQUENCE.Word	LOADING RESOURCE SURFACE FROM DISK
3251893.691	Test_Phase.SEQUENCE.Word	LOADING RESOURCE SURFACE FROM DISK
3259693.7	Test_Phase.SEQUENCE.Word	LOADING RESOURCE SURFACE FROM DISK
3267360.152	Test_Phase.SEQUENCE.Word	LOADING RESOURCE SURFACE FROM DISK
3275293.651	Test_Phase.SEQUENCE.Word	LOADING RESOURCE SURFACE FROM DISK
3284326.879	Test_Phase.SEQUENCE.Word	LOADING RESOURCE SURFACE FROM DISK
3292026.941	Test_Phase.SEQUENCE.Word	LOADING RESOURCE SURFACE FROM DISK
3299776.927	Test_Phase.SEQUENCE.Word	LOADING RESOURCE SURFACE FROM DISK
3307410.149	Test_Phase.SEQUENCE.Word	LOADING RESOURCE SURFACE FROM DISK
3316127.031	Test_Phase.SEQUENCE.Word	LOADING RESOURCE SURFACE FROM DISK
3324143.589	Test_Phase.SEQUENCE.Word	LOADING RESOURCE SURFACE FROM DISK
3331676.925	Test_Phase.SEQUENCE.Word	LOADING RESOURCE SURFACE FROM DISK
3339577.055	Test_Phase.SEQUENCE.Word	LOADING RESOURCE SURFACE FROM DISK
3347143.523	Test_Phase.SEQUENCE.Word	LOADING RESOURCE SURFACE FROM DISK
3355610.197	Test_Phase.SEQUENCE.Word	LOADING RESOURCE SURFACE FROM DISK
3363026.953	Test_Phase.SEQUENCE.Word	LOADING RESOURCE SURFACE FROM DISK
3371110.21	Test_Phase.SEQUENCE.Word	LOADING RESOURCE SURFACE FROM DISK
3378576.856	Test_Phase.SEQUENCE.Word	LOADING RESOURCE SURFACE FROM DISK
3386593.664	Test_Phase.SEQUENCE.Word	LOADING RESOURCE SURFACE FROM DISK
3394093.879	Test_Phase.SEQUENCE.Word	LOADING RESOURCE SURFACE FROM DISK
3402027.052	Test_Phase.SEQUENCE.Word	LOADING RESOURCE SURFACE FROM DISK
3411110.136	Test_Phase.SEQUENCE.Word	LOADING RESOURCE SURFACE FROM DISK
3419176.952	Test_Phase.SEQUENCE.Word	LOADING RESOURCE SURFACE FROM DISK
3427076.919	Test_Phase.SEQUENCE.Word	LOADING RESOURCE SURFACE FROM DISK
3434693.54	Test_Phase.SEQUENCE.Word	LOADING RESOURCE SURFACE FROM DISK
3442126.764	Test_Phase.SEQUENCE.Word	LOADING RESOURCE SURFACE FROM DISK
3449576.957	Test_Phase.SEQUENCE.Word	LOADING RESOURCE SURFACE FROM DISK
3458443.608	Test_Phase.SEQUENCE.Word	LOADING RESOURCE SURFACE FROM DISK
3465944.17	Test_Phase.SEQUENCE.Word	LOADING RESOURCE SURFACE FROM DISK
3475693.69	Test_Phase.SEQUENCE.Word	LOADING RESOURCE SURFACE FROM DISK
3484393.641	Test_Phase.SEQUENCE.Word	LOADING RESOURCE SURFACE FROM DISK
3492510.348	Test_Phase.SEQUENCE.Word	LOADING RESOURCE SURFACE FROM DISK
3500010.197	Test_Phase.SEQUENCE.Word	LOADING RESOURCE SURFACE FROM DISK
3507777.044	Test_Phase.SEQUENCE.Word	LOADING RESOURCE SURFACE FROM DISK
3515543.815	Test_Phase.SEQUENCE.Word	LOADING RESOURCE SURFACE FROM DISK
3523193.439	Test_Phase.SEQUENCE.Word	LOADING RESOURCE SURFACE FROM DISK
3530777.046	Test_Phase.SEQUENCE.Word	LOADING RESOURCE SURFACE FROM DISK
3538327.182	Test_Phase.SEQUENCE.Word	LOADING RESOURCE SURFACE FROM DISK
3546060.304	Test_Phase.SEQUENCE.Word	LOADING RESOURCE SURFACE FROM DISK
3554660.311	Test_Phase.SEQUENCE.Word	LOADING RESOURCE SURFACE FROM DISK
3563277.168	Test_Phase.SEQUENCE.Word	LOADING RESOURCE SURFACE FROM DISK
3571260.215	Test_Phase.SEQUENCE.Word	LOADING RESOURCE SURFACE FROM DISK
3578893.795	Test_Phase.SEQUENCE.Word	LOADING RESOURCE SURFACE FROM DISK
3586693.399	Test_Phase.SEQUENCE.Word	LOADING RESOURCE SURFACE FROM DISK
3594210.35	Test_Phase.SEQUENCE.Word	LOADING RESOURCE SURFACE FROM DISK
3601776.979	Test_Phase.SEQUENCE.Word	LOADING RESOURCE SURFACE FROM DISK
3609543.649	Test_Phase.SEQUENCE.Word	LOADING RESOURCE SURFACE FROM DISK
3618161.01	Test_Phase.SEQUENCE.Word	LOADING RESOURCE SURFACE FROM DISK
3625676.953	Test_Phase.SEQUENCE.Word	LOADING RESOURCE SURFACE FROM DISK
3633860.252	Test_Phase.SEQUENCE.Word	LOADING RESOURCE SURFACE FROM DISK
3642227.031	Test_Phase.SEQUENCE.Word	LOADING RESOURCE SURFACE FROM DISK
3650676.9	Test_Phase.SEQUENCE.Word	LOADING RESOURCE SURFACE FROM DISK
3659326.979	Test_Phase.SEQUENCE.Word	LOADING RESOURCE SURFACE FROM DISK
3666960.379	Test_Phase.SEQUENCE.Word	LOADING RESOURCE SURFACE FROM DISK
3674893.732	Test_Phase.SEQUENCE.Word	LOADING RESOURCE SURFACE FROM DISK
3682460.322	Test_Phase.SEQUENCE.Word	LOADING RESOURCE SURFACE FROM DISK
3690093.69	Test_Phase.SEQUENCE.Word	LOADING RESOURCE SURFACE FROM DISK
3697577.019	Test_Phase.SEQUENCE.Word	LOADING RESOURCE SURFACE FROM DISK
3705393.619	Test_Phase.SEQUENCE.Word	LOADING RESOURCE SURFACE FROM DISK
3712860.172	Test_Phase.SEQUENCE.Word	LOADING RESOURCE SURFACE FROM DISK
3720710.292	Test_Phase.SEQUENCE.Word	LOADING RESOURCE SURFACE FROM DISK
3728543.586	Test_Phase.SEQUENCE.Word	LOADING RESOURCE SURFACE FROM DISK
3736477.003	Test_Phase.SEQUENCE.Word	LOADING RESOURCE SURFACE FROM DISK
3744060.312	Test_Phase.SEQUENCE.Word	LOADING RESOURCE SURFACE FROM DISK
3751727.0	Test_Phase.SEQUENCE.Word	LOADING RESOURCE SURFACE FROM DISK
3759343.463	Test_Phase.SEQUENCE.Word	LOADING RESOURCE SURFACE FROM DISK
3766793.648	Test_Phase.SEQUENCE.Word	LOADING RESOURCE SURFACE FROM DISK
3775026.941	Test_Phase.SEQUENCE.Word	LOADING RESOURCE SURFACE FROM DISK
3783660.4	Test_Phase.SEQUENCE.Word	LOADING RESOURCE SURFACE FROM DISK
3791410.283	Test_Phase.SEQUENCE.Word	LOADING RESOURCE SURFACE FROM DISK
3799160.412	Test_Phase.SEQUENCE.Word	LOADING RESOURCE SURFACE FROM DISK
3806643.793	Test_Phase.SEQUENCE.Word	LOADING RESOURCE SURFACE FROM DISK
3814193.522	Test_Phase.SEQUENCE.Word	LOADING RESOURCE SURFACE FROM DISK
3822693.522	Test_Phase.SEQUENCE.Word	LOADING RESOURCE SURFACE FROM DISK
3830343.622	Test_Phase.SEQUENCE.Word	LOADING RESOURCE SURFACE FROM DISK
3837943.634	Test_Phase.SEQUENCE.Word	LOADING RESOURCE SURFACE FROM DISK
3845610.217	Test_Phase.SEQUENCE.Word	LOADING RESOURCE SURFACE FROM DISK
3853127.055	Test_Phase.SEQUENCE.Word	LOADING RESOURCE SURFACE FROM DISK
3860960.337	Test_Phase.SEQUENCE.Word	LOADING RESOURCE SURFACE FROM DISK
3868860.367	Test_Phase.SEQUENCE.Word	LOADING RESOURCE SURFACE FROM DISK
3876560.176	Test_Phase.SEQUENCE.Word	LOADING RESOURCE SURFACE FROM DISK
3884602.092	Test_Phase.SEQUENCE.Word	LOADING RESOURCE SURFACE FROM DISK
3892526.921	Test_Phase.SEQUENCE.Word	LOADING RESOURCE SURFACE FROM DISK
3900443.551	Test_Phase.SEQUENCE.Word	LOADING RESOURCE SURFACE FROM DISK
3908893.613	Test_Phase.SEQUENCE.Word	LOADING RESOURCE SURFACE FROM DISK
3916543.575	Test_Phase.SEQUENCE.Word	LOADING RESOURCE SURFACE FROM DISK
3924210.074	Test_Phase.SEQUENCE.Word	LOADING RESOURCE SURFACE FROM DISK
3931843.574	Test_Phase.SEQUENCE.Word	LOADING RESOURCE SURFACE FROM DISK
3939593.699	Test_Phase.SEQUENCE.Word	LOADING RESOURCE SURFACE FROM DISK
3947260.265	Test_Phase.SEQUENCE.Word	LOADING RESOURCE SURFACE FROM DISK
3951469.432	DISPLAY_SCREEN	LOADING RESOURCE SURFACE FROM DISK
