4570.873	DISPLAY_SCREEN[1]	LOADING RESOURCE SURFACE FROM DISK
1062828.102	Familiarization_Phase.SEQUENCE.Cue_and_Instruction	LOADING RESOURCE SURFACE FROM DISK
1062838.202	Familiarization_Phase.SEQUENCE.Cue_and_Instruction	LOADING RESOURCE SURFACE FROM DISK
1068874.237	Familiarization_Phase.SEQUENCE.Cue_and_Instruction	LOADING RESOURCE SURFACE FROM DISK
1068878.844	Familiarization_Phase.SEQUENCE.Cue_and_Instruction	LOADING RESOURCE SURFACE FROM DISK
1074924.866	Familiarization_Phase.SEQUENCE.Cue_and_Instruction	LOADING RESOURCE SURFACE FROM DISK
1075208.782	Familiarization_Phase.SEQUENCE.Cue_and_Instruction	LOADING RESOURCE SURFACE FROM DISK
1117613.906	DISPLAY_SCREEN[3]	LOADING RESOURCE SURFACE FROM DISK
1234714.329	DISPLAY_SCREEN[5]	LOADING RESOURCE SURFACE FROM DISK
1285352.369	Practice_Phase.SEQUENCE.Blink_Screen	LOADING RESOURCE SURFACE FROM DISK
1285353.527	Practice_Phase.SEQUENCE.Blink_Screen	flip time is later than desired time. Desired Time=1285087 Flip Time=1285371 Retrace Rate=16.638, prepareTime=290 flip request time 1285353
1286594.775	Practice_Phase.SEQUENCE.Practice_Luminance_Cue	LOADING RESOURCE SURFACE FROM DISK
1286605.624	Practice_Phase.SEQUENCE.Practice_Luminance_Cue	LOADING RESOURCE SURFACE FROM DISK
1286607.328	Practice_Phase.SEQUENCE.Practice_Luminance_Cue	flip time is later than desired time. Desired Time=1286571 Flip Time=1286621 Retrace Rate=16.638, prepareTime=60 flip request time 1286607
1287146.902	Practice_Phase.SEQUENCE.DISPLAY_SCREEN	LOADING RESOURCE SURFACE FROM DISK
1287149.09	Practice_Phase.SEQUENCE.DISPLAY_SCREEN	flip time is later than desired time. Desired Time=1287121 Flip Time=1287171 Retrace Rate=16.638, prepareTime=52 flip request time 1287148
1288687.798	Practice_Phase.SEQUENCE.Practice_Instruction	LOADING RESOURCE SURFACE FROM DISK
1288689.304	Practice_Phase.SEQUENCE.Practice_Instruction	flip time is later than desired time. Desired Time=1288671 Flip Time=1288704 Retrace Rate=16.638, prepareTime=42 flip request time 1288689
1295291.511	Practice_Phase.SEQUENCE.DISPLAY_SCREEN	LOADING RESOURCE SURFACE FROM DISK
1295293.345	Practice_Phase.SEQUENCE.DISPLAY_SCREEN	flip time is later than desired time. Desired Time=1295287 Flip Time=1295304 Retrace Rate=16.638, prepareTime=29 flip request time 1295293
1296820.838	Practice_Phase.SEQUENCE.Practice_Instruction	LOADING RESOURCE SURFACE FROM DISK
1296822.363	Practice_Phase.SEQUENCE.Practice_Instruction	flip time is later than desired time. Desired Time=1296804 Flip Time=1296837 Retrace Rate=16.638, prepareTime=42 flip request time 1296822
1303433.133	Practice_Phase.SEQUENCE.DISPLAY_SCREEN	LOADING RESOURCE SURFACE FROM DISK
1303435.024	Practice_Phase.SEQUENCE.DISPLAY_SCREEN	flip time is later than desired time. Desired Time=1303404 Flip Time=1303454 Retrace Rate=16.638, prepareTime=54 flip request time 1303434
1304976.053	Practice_Phase.SEQUENCE.Practice_Instruction	LOADING RESOURCE SURFACE FROM DISK
1304977.512	Practice_Phase.SEQUENCE.Practice_Instruction	flip time is later than desired time. Desired Time=1304954 Flip Time=1304987 Retrace Rate=16.638, prepareTime=47 flip request time 1304977
1311535.512	Practice_Phase.SEQUENCE.DISPLAY_SCREEN	LOADING RESOURCE SURFACE FROM DISK
1313032.745	Practice_Phase.SEQUENCE.Practice_Instruction	LOADING RESOURCE SURFACE FROM DISK
1319602.114	Practice_Phase.SEQUENCE.DISPLAY_SCREEN	LOADING RESOURCE SURFACE FROM DISK
1321136.616	Practice_Phase.SEQUENCE.Practice_Instruction	LOADING RESOURCE SURFACE FROM DISK
1321138.185	Practice_Phase.SEQUENCE.Practice_Instruction	flip time is later than desired time. Desired Time=1321121 Flip Time=1321154 Retrace Rate=16.638, prepareTime=41 flip request time 1321137
1327702.123	Practice_Phase.SEQUENCE.DISPLAY_SCREEN	LOADING RESOURCE SURFACE FROM DISK
1329242.018	Practice_Phase.SEQUENCE.Practice_Instruction	LOADING RESOURCE SURFACE FROM DISK
1329243.425	Practice_Phase.SEQUENCE.Practice_Instruction	flip time is later than desired time. Desired Time=1329221 Flip Time=1329254 Retrace Rate=16.638, prepareTime=46 flip request time 1329243
1335802.278	Practice_Phase.SEQUENCE.DISPLAY_SCREEN	LOADING RESOURCE SURFACE FROM DISK
1337339.0	Practice_Phase.SEQUENCE.Practice_Instruction	LOADING RESOURCE SURFACE FROM DISK
1337340.392	Practice_Phase.SEQUENCE.Practice_Instruction	flip time is later than desired time. Desired Time=1337321 Flip Time=1337354 Retrace Rate=16.638, prepareTime=43 flip request time 1337340
1343902.274	Practice_Phase.SEQUENCE.DISPLAY_SCREEN	LOADING RESOURCE SURFACE FROM DISK
1345399.153	Practice_Phase.SEQUENCE.Practice_Instruction	LOADING RESOURCE SURFACE FROM DISK
1351968.849	Practice_Phase.SEQUENCE.DISPLAY_SCREEN	LOADING RESOURCE SURFACE FROM DISK
1353466.008	Practice_Phase.SEQUENCE.Practice_Instruction	LOADING RESOURCE SURFACE FROM DISK
1358139.437	DISPLAY_SCREEN[2]	LOADING RESOURCE SURFACE FROM DISK
1451977.149	Study_Phase.SEQUENCE.DISPLAY_SCREEN	LOADING RESOURCE SURFACE FROM DISK
1453533.109	Study_Phase.SEQUENCE.Study_Instruction	LOADING RESOURCE SURFACE FROM DISK
1460293.675	Study_Phase.SEQUENCE.DISPLAY_SCREEN	LOADING RESOURCE SURFACE FROM DISK
1461842.968	Study_Phase.SEQUENCE.Study_Instruction	LOADING RESOURCE SURFACE FROM DISK
1470145.867	Study_Phase.SEQUENCE.Study_Instruction	LOADING RESOURCE SURFACE FROM DISK
1478407.899	Study_Phase.SEQUENCE.Study_Instruction	LOADING RESOURCE SURFACE FROM DISK
1486718.264	Study_Phase.SEQUENCE.Study_Instruction	LOADING RESOURCE SURFACE FROM DISK
1493477.058	Study_Phase.SEQUENCE.DISPLAY_SCREEN	LOADING RESOURCE SURFACE FROM DISK
1495030.122	Study_Phase.SEQUENCE.Study_Instruction	LOADING RESOURCE SURFACE FROM DISK
1503344.63	Study_Phase.SEQUENCE.Study_Instruction	LOADING RESOURCE SURFACE FROM DISK
1510093.834	Study_Phase.SEQUENCE.DISPLAY_SCREEN	LOADING RESOURCE SURFACE FROM DISK
1511650.341	Study_Phase.SEQUENCE.Study_Instruction	LOADING RESOURCE SURFACE FROM DISK
1519970.462	Study_Phase.SEQUENCE.Study_Instruction	LOADING RESOURCE SURFACE FROM DISK
1528284.183	Study_Phase.SEQUENCE.Study_Instruction	LOADING RESOURCE SURFACE FROM DISK
1536602.522	Study_Phase.SEQUENCE.Study_Instruction	LOADING RESOURCE SURFACE FROM DISK
1544914.876	Study_Phase.SEQUENCE.Study_Instruction	LOADING RESOURCE SURFACE FROM DISK
1551677.146	Study_Phase.SEQUENCE.DISPLAY_SCREEN	LOADING RESOURCE SURFACE FROM DISK
1553228.077	Study_Phase.SEQUENCE.Study_Instruction	LOADING RESOURCE SURFACE FROM DISK
1559960.427	Study_Phase.SEQUENCE.DISPLAY_SCREEN	LOADING RESOURCE SURFACE FROM DISK
1561511.283	Study_Phase.SEQUENCE.Study_Instruction	LOADING RESOURCE SURFACE FROM DISK
1569819.421	Study_Phase.SEQUENCE.Study_Instruction	LOADING RESOURCE SURFACE FROM DISK
1576576.972	Study_Phase.SEQUENCE.DISPLAY_SCREEN	LOADING RESOURCE SURFACE FROM DISK
1578135.986	Study_Phase.SEQUENCE.Study_Instruction	LOADING RESOURCE SURFACE FROM DISK
1586452.327	Study_Phase.SEQUENCE.Study_Instruction	LOADING RESOURCE SURFACE FROM DISK
1593210.57	Study_Phase.SEQUENCE.DISPLAY_SCREEN	LOADING RESOURCE SURFACE FROM DISK
1594767.03	Study_Phase.SEQUENCE.Study_Instruction	LOADING RESOURCE SURFACE FROM DISK
1603081.555	Study_Phase.SEQUENCE.Study_Instruction	LOADING RESOURCE SURFACE FROM DISK
1609843.821	Study_Phase.SEQUENCE.DISPLAY_SCREEN	LOADING RESOURCE SURFACE FROM DISK
1611395.974	Study_Phase.SEQUENCE.Study_Instruction	LOADING RESOURCE SURFACE FROM DISK
1619717.978	Study_Phase.SEQUENCE.Study_Instruction	LOADING RESOURCE SURFACE FROM DISK
1628037.515	Study_Phase.SEQUENCE.Study_Instruction	LOADING RESOURCE SURFACE FROM DISK
1636348.092	Study_Phase.SEQUENCE.Study_Instruction	LOADING RESOURCE SURFACE FROM DISK
1643110.571	Study_Phase.SEQUENCE.DISPLAY_SCREEN	LOADING RESOURCE SURFACE FROM DISK
1644624.446	Study_Phase.SEQUENCE.Study_Instruction	LOADING RESOURCE SURFACE FROM DISK
1652935.885	Study_Phase.SEQUENCE.Study_Instruction	LOADING RESOURCE SURFACE FROM DISK
1661248.111	Study_Phase.SEQUENCE.Study_Instruction	LOADING RESOURCE SURFACE FROM DISK
1668010.515	Study_Phase.SEQUENCE.DISPLAY_SCREEN	LOADING RESOURCE SURFACE FROM DISK
1669524.427	Study_Phase.SEQUENCE.Study_Instruction	LOADING RESOURCE SURFACE FROM DISK
1677825.109	Study_Phase.SEQUENCE.Study_Instruction	LOADING RESOURCE SURFACE FROM DISK
1684577.036	Study_Phase.SEQUENCE.DISPLAY_SCREEN	LOADING RESOURCE SURFACE FROM DISK
1686134.375	Study_Phase.SEQUENCE.Study_Instruction	LOADING RESOURCE SURFACE FROM DISK
1694445.122	Study_Phase.SEQUENCE.Study_Instruction	LOADING RESOURCE SURFACE FROM DISK
1701193.948	Study_Phase.SEQUENCE.DISPLAY_SCREEN	LOADING RESOURCE SURFACE FROM DISK
1702750.259	Study_Phase.SEQUENCE.Study_Instruction	LOADING RESOURCE SURFACE FROM DISK
1709510.611	Study_Phase.SEQUENCE.DISPLAY_SCREEN	LOADING RESOURCE SURFACE FROM DISK
1711024.41	Study_Phase.SEQUENCE.Study_Instruction	LOADING RESOURCE SURFACE FROM DISK
1717777.334	Study_Phase.SEQUENCE.DISPLAY_SCREEN	LOADING RESOURCE SURFACE FROM DISK
1719310.511	Study_Phase.SEQUENCE.Study_Instruction	LOADING RESOURCE SURFACE FROM DISK
1726060.244	Study_Phase.SEQUENCE.DISPLAY_SCREEN	LOADING RESOURCE SURFACE FROM DISK
1727574.335	Study_Phase.SEQUENCE.Study_Instruction	LOADING RESOURCE SURFACE FROM DISK
1735880.6	Study_Phase.SEQUENCE.Study_Instruction	LOADING RESOURCE SURFACE FROM DISK
1742643.82	Study_Phase.SEQUENCE.DISPLAY_SCREEN	LOADING RESOURCE SURFACE FROM DISK
1744157.831	Study_Phase.SEQUENCE.Study_Instruction	LOADING RESOURCE SURFACE FROM DISK
1752469.781	Study_Phase.SEQUENCE.Study_Instruction	LOADING RESOURCE SURFACE FROM DISK
1759227.064	Study_Phase.SEQUENCE.DISPLAY_SCREEN	LOADING RESOURCE SURFACE FROM DISK
1760777.753	Study_Phase.SEQUENCE.Study_Instruction	LOADING RESOURCE SURFACE FROM DISK
1767527.249	Study_Phase.SEQUENCE.DISPLAY_SCREEN	LOADING RESOURCE SURFACE FROM DISK
1769077.701	Study_Phase.SEQUENCE.Study_Instruction	LOADING RESOURCE SURFACE FROM DISK
1777379.926	Study_Phase.SEQUENCE.Study_Instruction	LOADING RESOURCE SURFACE FROM DISK
1784143.807	Study_Phase.SEQUENCE.DISPLAY_SCREEN	LOADING RESOURCE SURFACE FROM DISK
1785700.112	Study_Phase.SEQUENCE.Study_Instruction	LOADING RESOURCE SURFACE FROM DISK
1794021.208	Study_Phase.SEQUENCE.Study_Instruction	LOADING RESOURCE SURFACE FROM DISK
1802329.759	Study_Phase.SEQUENCE.Study_Instruction	LOADING RESOURCE SURFACE FROM DISK
1809093.937	Study_Phase.SEQUENCE.DISPLAY_SCREEN	LOADING RESOURCE SURFACE FROM DISK
1810643.592	Study_Phase.SEQUENCE.Study_Instruction	LOADING RESOURCE SURFACE FROM DISK
1818953.084	Study_Phase.SEQUENCE.Study_Instruction	LOADING RESOURCE SURFACE FROM DISK
1827269.665	Study_Phase.SEQUENCE.Study_Instruction	LOADING RESOURCE SURFACE FROM DISK
1834026.939	Study_Phase.SEQUENCE.DISPLAY_SCREEN	LOADING RESOURCE SURFACE FROM DISK
1835586.552	Study_Phase.SEQUENCE.Study_Instruction	LOADING RESOURCE SURFACE FROM DISK
1842343.888	Study_Phase.SEQUENCE.DISPLAY_SCREEN	LOADING RESOURCE SURFACE FROM DISK
1843898.02	Study_Phase.SEQUENCE.Study_Instruction	LOADING RESOURCE SURFACE FROM DISK
1852200.283	Study_Phase.SEQUENCE.Study_Instruction	LOADING RESOURCE SURFACE FROM DISK
1858960.391	Study_Phase.SEQUENCE.DISPLAY_SCREEN	LOADING RESOURCE SURFACE FROM DISK
1860474.52	Study_Phase.SEQUENCE.Study_Instruction	LOADING RESOURCE SURFACE FROM DISK
1868740.482	Study_Phase.SEQUENCE.Study_Instruction	LOADING RESOURCE SURFACE FROM DISK
1877050.269	Study_Phase.SEQUENCE.Study_Instruction	LOADING RESOURCE SURFACE FROM DISK
1885369.516	Study_Phase.SEQUENCE.Study_Instruction	LOADING RESOURCE SURFACE FROM DISK
1893678.801	Study_Phase.SEQUENCE.Study_Instruction	LOADING RESOURCE SURFACE FROM DISK
1900443.836	Study_Phase.SEQUENCE.DISPLAY_SCREEN	LOADING RESOURCE SURFACE FROM DISK
1901995.163	Study_Phase.SEQUENCE.Study_Instruction	LOADING RESOURCE SURFACE FROM DISK
1910315.013	Study_Phase.SEQUENCE.Study_Instruction	LOADING RESOURCE SURFACE FROM DISK
1918630.43	Study_Phase.SEQUENCE.Study_Instruction	LOADING RESOURCE SURFACE FROM DISK
1925376.888	Study_Phase.SEQUENCE.DISPLAY_SCREEN	LOADING RESOURCE SURFACE FROM DISK
1926891.036	Study_Phase.SEQUENCE.Study_Instruction	LOADING RESOURCE SURFACE FROM DISK
1935199.367	Study_Phase.SEQUENCE.Study_Instruction	LOADING RESOURCE SURFACE FROM DISK
1941927.297	Study_Phase.SEQUENCE.DISPLAY_SCREEN	LOADING RESOURCE SURFACE FROM DISK
1943484.143	Study_Phase.SEQUENCE.Study_Instruction	LOADING RESOURCE SURFACE FROM DISK
1951757.18	Study_Phase.SEQUENCE.Study_Instruction	LOADING RESOURCE SURFACE FROM DISK
1960067.681	Study_Phase.SEQUENCE.Study_Instruction	LOADING RESOURCE SURFACE FROM DISK
1968381.39	Study_Phase.SEQUENCE.Study_Instruction	LOADING RESOURCE SURFACE FROM DISK
1976703.9	Study_Phase.SEQUENCE.Study_Instruction	LOADING RESOURCE SURFACE FROM DISK
1984995.284	Study_Phase.SEQUENCE.Study_Instruction	LOADING RESOURCE SURFACE FROM DISK
1991760.561	Study_Phase.SEQUENCE.DISPLAY_SCREEN	LOADING RESOURCE SURFACE FROM DISK
1993314.478	Study_Phase.SEQUENCE.Study_Instruction	LOADING RESOURCE SURFACE FROM DISK
2000076.885	Study_Phase.SEQUENCE.DISPLAY_SCREEN	LOADING RESOURCE SURFACE FROM DISK
2001627.896	Study_Phase.SEQUENCE.Study_Instruction	LOADING RESOURCE SURFACE FROM DISK
2009934.144	Study_Phase.SEQUENCE.Study_Instruction	LOADING RESOURCE SURFACE FROM DISK
2018207.777	Study_Phase.SEQUENCE.Study_Instruction	LOADING RESOURCE SURFACE FROM DISK
2026513.564	Study_Phase.SEQUENCE.Study_Instruction	LOADING RESOURCE SURFACE FROM DISK
2033277.269	Study_Phase.SEQUENCE.DISPLAY_SCREEN	LOADING RESOURCE SURFACE FROM DISK
2034810.692	Study_Phase.SEQUENCE.Study_Instruction	LOADING RESOURCE SURFACE FROM DISK
2043121.941	Study_Phase.SEQUENCE.Study_Instruction	LOADING RESOURCE SURFACE FROM DISK
2049877.251	Study_Phase.SEQUENCE.DISPLAY_SCREEN	LOADING RESOURCE SURFACE FROM DISK
2051435.818	Study_Phase.SEQUENCE.Study_Instruction	LOADING RESOURCE SURFACE FROM DISK
2059707.901	Study_Phase.SEQUENCE.Study_Instruction	LOADING RESOURCE SURFACE FROM DISK
2066460.543	Study_Phase.SEQUENCE.DISPLAY_SCREEN	LOADING RESOURCE SURFACE FROM DISK
2067974.552	Study_Phase.SEQUENCE.Study_Instruction	LOADING RESOURCE SURFACE FROM DISK
2074727.118	Study_Phase.SEQUENCE.DISPLAY_SCREEN	LOADING RESOURCE SURFACE FROM DISK
2076279.072	Study_Phase.SEQUENCE.Study_Instruction	LOADING RESOURCE SURFACE FROM DISK
2084601.341	Study_Phase.SEQUENCE.Study_Instruction	LOADING RESOURCE SURFACE FROM DISK
2091360.492	Study_Phase.SEQUENCE.DISPLAY_SCREEN	LOADING RESOURCE SURFACE FROM DISK
2092914.506	Study_Phase.SEQUENCE.Study_Instruction	LOADING RESOURCE SURFACE FROM DISK
2099677.217	Study_Phase.SEQUENCE.DISPLAY_SCREEN	LOADING RESOURCE SURFACE FROM DISK
2101232.96	Study_Phase.SEQUENCE.Study_Instruction	LOADING RESOURCE SURFACE FROM DISK
2109533.514	Study_Phase.SEQUENCE.Study_Instruction	LOADING RESOURCE SURFACE FROM DISK
2116293.785	Study_Phase.SEQUENCE.DISPLAY_SCREEN	LOADING RESOURCE SURFACE FROM DISK
2117844.462	Study_Phase.SEQUENCE.Study_Instruction	LOADING RESOURCE SURFACE FROM DISK
2126107.238	Study_Phase.SEQUENCE.Study_Instruction	LOADING RESOURCE SURFACE FROM DISK
2132860.659	Study_Phase.SEQUENCE.DISPLAY_SCREEN	LOADING RESOURCE SURFACE FROM DISK
2134418.81	Study_Phase.SEQUENCE.Study_Instruction	LOADING RESOURCE SURFACE FROM DISK
2142729.248	Study_Phase.SEQUENCE.Study_Instruction	LOADING RESOURCE SURFACE FROM DISK
2151054.214	Study_Phase.SEQUENCE.Study_Instruction	LOADING RESOURCE SURFACE FROM DISK
2157810.571	Study_Phase.SEQUENCE.DISPLAY_SCREEN	LOADING RESOURCE SURFACE FROM DISK
2159366.068	Study_Phase.SEQUENCE.Study_Instruction	LOADING RESOURCE SURFACE FROM DISK
2166126.979	Study_Phase.SEQUENCE.DISPLAY_SCREEN	LOADING RESOURCE SURFACE FROM DISK
2167684.743	Study_Phase.SEQUENCE.Study_Instruction	LOADING RESOURCE SURFACE FROM DISK
2175997.035	Study_Phase.SEQUENCE.Study_Instruction	LOADING RESOURCE SURFACE FROM DISK
2184274.452	Study_Phase.SEQUENCE.Study_Instruction	LOADING RESOURCE SURFACE FROM DISK
2191027.074	Study_Phase.SEQUENCE.DISPLAY_SCREEN	LOADING RESOURCE SURFACE FROM DISK
2192584.844	Study_Phase.SEQUENCE.Study_Instruction	LOADING RESOURCE SURFACE FROM DISK
2200900.889	Study_Phase.SEQUENCE.Study_Instruction	LOADING RESOURCE SURFACE FROM DISK
2207643.791	Study_Phase.SEQUENCE.DISPLAY_SCREEN	LOADING RESOURCE SURFACE FROM DISK
2209157.822	Study_Phase.SEQUENCE.Study_Instruction	LOADING RESOURCE SURFACE FROM DISK
2217471.494	Study_Phase.SEQUENCE.Study_Instruction	LOADING RESOURCE SURFACE FROM DISK
2225740.564	Study_Phase.SEQUENCE.Study_Instruction	LOADING RESOURCE SURFACE FROM DISK
2232477.12	Study_Phase.SEQUENCE.DISPLAY_SCREEN	LOADING RESOURCE SURFACE FROM DISK
2234035.221	Study_Phase.SEQUENCE.Study_Instruction	LOADING RESOURCE SURFACE FROM DISK
2242307.202	Study_Phase.SEQUENCE.Study_Instruction	LOADING RESOURCE SURFACE FROM DISK
2250616.752	Study_Phase.SEQUENCE.Study_Instruction	LOADING RESOURCE SURFACE FROM DISK
2257377.048	Study_Phase.SEQUENCE.DISPLAY_SCREEN	LOADING RESOURCE SURFACE FROM DISK
2258914.792	Study_Phase.SEQUENCE.Study_Instruction	LOADING RESOURCE SURFACE FROM DISK
2267232.89	Study_Phase.SEQUENCE.Study_Instruction	LOADING RESOURCE SURFACE FROM DISK
2275519.41	Study_Phase.SEQUENCE.Study_Instruction	LOADING RESOURCE SURFACE FROM DISK
2282277.241	Study_Phase.SEQUENCE.DISPLAY_SCREEN	LOADING RESOURCE SURFACE FROM DISK
2283791.017	Study_Phase.SEQUENCE.Study_Instruction	LOADING RESOURCE SURFACE FROM DISK
2292104.715	Study_Phase.SEQUENCE.Study_Instruction	LOADING RESOURCE SURFACE FROM DISK
2300357.202	Study_Phase.SEQUENCE.Study_Instruction	LOADING RESOURCE SURFACE FROM DISK
2308623.939	Study_Phase.SEQUENCE.Study_Instruction	LOADING RESOURCE SURFACE FROM DISK
2316891.237	Study_Phase.SEQUENCE.Study_Instruction	LOADING RESOURCE SURFACE FROM DISK
2323643.769	Study_Phase.SEQUENCE.DISPLAY_SCREEN	LOADING RESOURCE SURFACE FROM DISK
2325192.373	Study_Phase.SEQUENCE.Study_Instruction	LOADING RESOURCE SURFACE FROM DISK
2331943.977	Study_Phase.SEQUENCE.DISPLAY_SCREEN	LOADING RESOURCE SURFACE FROM DISK
2333457.779	Study_Phase.SEQUENCE.Study_Instruction	LOADING RESOURCE SURFACE FROM DISK
2341745.655	Study_Phase.SEQUENCE.Study_Instruction	LOADING RESOURCE SURFACE FROM DISK
2350058.918	Study_Phase.SEQUENCE.Study_Instruction	LOADING RESOURCE SURFACE FROM DISK
2356810.465	Study_Phase.SEQUENCE.DISPLAY_SCREEN	LOADING RESOURCE SURFACE FROM DISK
2358361.281	Study_Phase.SEQUENCE.Study_Instruction	LOADING RESOURCE SURFACE FROM DISK
2365110.478	Study_Phase.SEQUENCE.DISPLAY_SCREEN	LOADING RESOURCE SURFACE FROM DISK
2366668.443	Study_Phase.SEQUENCE.Study_Instruction	LOADING RESOURCE SURFACE FROM DISK
2374941.255	Study_Phase.SEQUENCE.Study_Instruction	LOADING RESOURCE SURFACE FROM DISK
2381693.865	Study_Phase.SEQUENCE.DISPLAY_SCREEN	LOADING RESOURCE SURFACE FROM DISK
2383248.433	Study_Phase.SEQUENCE.Study_Instruction	LOADING RESOURCE SURFACE FROM DISK
2391560.353	Study_Phase.SEQUENCE.Study_Instruction	LOADING RESOURCE SURFACE FROM DISK
2399865.908	Study_Phase.SEQUENCE.Study_Instruction	LOADING RESOURCE SURFACE FROM DISK
2408187.399	Study_Phase.SEQUENCE.Study_Instruction	LOADING RESOURCE SURFACE FROM DISK
2414927.157	Study_Phase.SEQUENCE.DISPLAY_SCREEN	LOADING RESOURCE SURFACE FROM DISK
2416478.769	Study_Phase.SEQUENCE.Study_Instruction	LOADING RESOURCE SURFACE FROM DISK
2423243.701	Study_Phase.SEQUENCE.DISPLAY_SCREEN	LOADING RESOURCE SURFACE FROM DISK
2424757.607	Study_Phase.SEQUENCE.Study_Instruction	LOADING RESOURCE SURFACE FROM DISK
2433024.725	Study_Phase.SEQUENCE.Study_Instruction	LOADING RESOURCE SURFACE FROM DISK
2439777.165	Study_Phase.SEQUENCE.DISPLAY_SCREEN	LOADING RESOURCE SURFACE FROM DISK
2441331.974	Study_Phase.SEQUENCE.Study_Instruction	LOADING RESOURCE SURFACE FROM DISK
2446053.319	DISPLAY_SCREEN[7]	LOADING RESOURCE SURFACE FROM DISK
2602971.271	Test_Phase.SEQUENCE.Target_Cue	LOADING RESOURCE SURFACE FROM DISK
2602973.189	Test_Phase.SEQUENCE.Target_Cue	LOADING RESOURCE SURFACE FROM DISK
2604990.543	Test_Phase.SEQUENCE.Word	LOADING RESOURCE SURFACE FROM DISK
2608046.106	Test_Phase.SEQUENCE.Test_Question	LOADING RESOURCE SURFACE FROM DISK
2608055.404	Test_Phase.SEQUENCE.Test_Question	LOADING RESOURCE SURFACE FROM DISK
2608065.601	Test_Phase.SEQUENCE.Test_Question	LOADING RESOURCE SURFACE FROM DISK
2608080.298	Test_Phase.SEQUENCE.Test_Question	LOADING RESOURCE SURFACE FROM DISK
2608082.183	Test_Phase.SEQUENCE.Test_Question	LOADING RESOURCE SURFACE FROM DISK
2608084.026	Test_Phase.SEQUENCE.Test_Question	LOADING RESOURCE SURFACE FROM DISK
2608085.914	Test_Phase.SEQUENCE.Test_Question	LOADING RESOURCE SURFACE FROM DISK
2608094.715	Test_Phase.SEQUENCE.Test_Question	LOADING RESOURCE SURFACE FROM DISK
2608096.47	Test_Phase.SEQUENCE.Test_Question	LOADING RESOURCE SURFACE FROM DISK
2608098.226	Test_Phase.SEQUENCE.Test_Question	LOADING RESOURCE SURFACE FROM DISK
2608105.094	Test_Phase.SEQUENCE.Test_Question	LOADING RESOURCE SURFACE FROM DISK
2608106.838	Test_Phase.SEQUENCE.Test_Question	LOADING RESOURCE SURFACE FROM DISK
2614366.62	Test_Phase.SEQUENCE.Word	LOADING RESOURCE SURFACE FROM DISK
2625307.44	Test_Phase.SEQUENCE.Word	LOADING RESOURCE SURFACE FROM DISK
2633616.787	Test_Phase.SEQUENCE.Word	LOADING RESOURCE SURFACE FROM DISK
2641990.435	Test_Phase.SEQUENCE.Word	LOADING RESOURCE SURFACE FROM DISK
2650073.945	Test_Phase.SEQUENCE.Word	LOADING RESOURCE SURFACE FROM DISK
2658673.938	Test_Phase.SEQUENCE.Word	LOADING RESOURCE SURFACE FROM DISK
2670384.126	Test_Phase.SEQUENCE.Word	LOADING RESOURCE SURFACE FROM DISK
2680713.568	Test_Phase.SEQUENCE.Word	LOADING RESOURCE SURFACE FROM DISK
2690740.592	Test_Phase.SEQUENCE.Word	LOADING RESOURCE SURFACE FROM DISK
2698624.043	Test_Phase.SEQUENCE.Word	LOADING RESOURCE SURFACE FROM DISK
2706190.409	Test_Phase.SEQUENCE.Word	LOADING RESOURCE SURFACE FROM DISK
2713990.55	Test_Phase.SEQUENCE.Word	LOADING RESOURCE SURFACE FROM DISK
2725073.938	Test_Phase.SEQUENCE.Word	LOADING RESOURCE SURFACE FROM DISK
2733123.867	Test_Phase.SEQUENCE.Word	LOADING RESOURCE SURFACE FROM DISK
2741223.447	Test_Phase.SEQUENCE.Word	LOADING RESOURCE SURFACE FROM DISK
2750340.623	Test_Phase.SEQUENCE.Word	LOADING RESOURCE SURFACE FROM DISK
2759907.208	Test_Phase.SEQUENCE.Word	LOADING RESOURCE SURFACE FROM DISK
2767307.203	Test_Phase.SEQUENCE.Word	LOADING RESOURCE SURFACE FROM DISK
2776769.571	Test_Phase.SEQUENCE.Word	LOADING RESOURCE SURFACE FROM DISK
2785310.884	Test_Phase.SEQUENCE.Word	LOADING RESOURCE SURFACE FROM DISK
2793507.162	Test_Phase.SEQUENCE.Word	LOADING RESOURCE SURFACE FROM DISK
2802299.746	Test_Phase.SEQUENCE.Word	LOADING RESOURCE SURFACE FROM DISK
2811957.199	Test_Phase.SEQUENCE.Word	LOADING RESOURCE SURFACE FROM DISK
2820140.43	Test_Phase.SEQUENCE.Word	LOADING RESOURCE SURFACE FROM DISK
2828205.196	Test_Phase.SEQUENCE.Word	LOADING RESOURCE SURFACE FROM DISK
2836290.324	Test_Phase.SEQUENCE.Word	LOADING RESOURCE SURFACE FROM DISK
2844240.848	Test_Phase.SEQUENCE.Word	LOADING RESOURCE SURFACE FROM DISK
2854064.369	Test_Phase.SEQUENCE.Word	LOADING RESOURCE SURFACE FROM DISK
2862173.806	Test_Phase.SEQUENCE.Word	LOADING RESOURCE SURFACE FROM DISK
2870207.13	Test_Phase.SEQUENCE.Word	LOADING RESOURCE SURFACE FROM DISK
2879680.162	Test_Phase.SEQUENCE.Word	LOADING RESOURCE SURFACE FROM DISK
2888173.711	Test_Phase.SEQUENCE.Word	LOADING RESOURCE SURFACE FROM DISK
2896407.47	Test_Phase.SEQUENCE.Word	LOADING RESOURCE SURFACE FROM DISK
2904640.418	Test_Phase.SEQUENCE.Word	LOADING RESOURCE SURFACE FROM DISK
2915540.392	Test_Phase.SEQUENCE.Word	LOADING RESOURCE SURFACE FROM DISK
2923440.571	Test_Phase.SEQUENCE.Word	LOADING RESOURCE SURFACE FROM DISK
2930623.741	Test_Phase.SEQUENCE.Word	LOADING RESOURCE SURFACE FROM DISK
2938773.793	Test_Phase.SEQUENCE.Word	LOADING RESOURCE SURFACE FROM DISK
2946640.721	Test_Phase.SEQUENCE.Word	LOADING RESOURCE SURFACE FROM DISK
2954540.482	Test_Phase.SEQUENCE.Word	LOADING RESOURCE SURFACE FROM DISK
2962023.924	Test_Phase.SEQUENCE.Word	LOADING RESOURCE SURFACE FROM DISK
2971323.943	Test_Phase.SEQUENCE.Word	LOADING RESOURCE SURFACE FROM DISK
2979790.482	Test_Phase.SEQUENCE.Word	LOADING RESOURCE SURFACE FROM DISK
2987904.468	Test_Phase.SEQUENCE.Word	LOADING RESOURCE SURFACE FROM DISK
2996157.266	Test_Phase.SEQUENCE.Word	LOADING RESOURCE SURFACE FROM DISK
3004090.599	Test_Phase.SEQUENCE.Word	LOADING RESOURCE SURFACE FROM DISK
3012348.39	Test_Phase.SEQUENCE.Word	LOADING RESOURCE SURFACE FROM DISK
3020312.579	Test_Phase.SEQUENCE.Word	LOADING RESOURCE SURFACE FROM DISK
3028390.622	Test_Phase.SEQUENCE.Word	LOADING RESOURCE SURFACE FROM DISK
3036307.083	Test_Phase.SEQUENCE.Word	LOADING RESOURCE SURFACE FROM DISK
3044061.4	Test_Phase.SEQUENCE.Word	LOADING RESOURCE SURFACE FROM DISK
3051323.872	Test_Phase.SEQUENCE.Word	LOADING RESOURCE SURFACE FROM DISK
3060573.781	Test_Phase.SEQUENCE.Word	LOADING RESOURCE SURFACE FROM DISK
3067757.17	Test_Phase.SEQUENCE.Word	LOADING RESOURCE SURFACE FROM DISK
3075173.726	Test_Phase.SEQUENCE.Word	LOADING RESOURCE SURFACE FROM DISK
3084273.979	Test_Phase.SEQUENCE.Word	LOADING RESOURCE SURFACE FROM DISK
3091623.814	Test_Phase.SEQUENCE.Word	LOADING RESOURCE SURFACE FROM DISK
3100123.968	Test_Phase.SEQUENCE.Word	LOADING RESOURCE SURFACE FROM DISK
3108073.905	Test_Phase.SEQUENCE.Word	LOADING RESOURCE SURFACE FROM DISK
3115512.576	Test_Phase.SEQUENCE.Word	LOADING RESOURCE SURFACE FROM DISK
3124163.172	Test_Phase.SEQUENCE.Word	LOADING RESOURCE SURFACE FROM DISK
3132223.852	Test_Phase.SEQUENCE.Word	LOADING RESOURCE SURFACE FROM DISK
3140207.215	Test_Phase.SEQUENCE.Word	LOADING RESOURCE SURFACE FROM DISK
3148740.522	Test_Phase.SEQUENCE.Word	LOADING RESOURCE SURFACE FROM DISK
3156507.371	Test_Phase.SEQUENCE.Word	LOADING RESOURCE SURFACE FROM DISK
3164240.74	Test_Phase.SEQUENCE.Word	LOADING RESOURCE SURFACE FROM DISK
3173074.069	Test_Phase.SEQUENCE.Word	LOADING RESOURCE SURFACE FROM DISK
3180507.506	Test_Phase.SEQUENCE.Word	LOADING RESOURCE SURFACE FROM DISK
3188323.834	Test_Phase.SEQUENCE.Word	LOADING RESOURCE SURFACE FROM DISK
3197798.777	Test_Phase.SEQUENCE.Word	LOADING RESOURCE SURFACE FROM DISK
3206407.311	Test_Phase.SEQUENCE.Word	LOADING RESOURCE SURFACE FROM DISK
3216990.405	Test_Phase.SEQUENCE.Word	LOADING RESOURCE SURFACE FROM DISK
3233040.515	Test_Phase.SEQUENCE.Word	LOADING RESOURCE SURFACE FROM DISK
3240623.968	Test_Phase.SEQUENCE.Word	LOADING RESOURCE SURFACE FROM DISK
3248940.523	Test_Phase.SEQUENCE.Word	LOADING RESOURCE SURFACE FROM DISK
3256649.06	Test_Phase.SEQUENCE.Word	LOADING RESOURCE SURFACE FROM DISK
3265057.156	Test_Phase.SEQUENCE.Word	LOADING RESOURCE SURFACE FROM DISK
3273023.792	Test_Phase.SEQUENCE.Word	LOADING RESOURCE SURFACE FROM DISK
3282328.042	Test_Phase.SEQUENCE.Word	LOADING RESOURCE SURFACE FROM DISK
3289757.331	Test_Phase.SEQUENCE.Word	LOADING RESOURCE SURFACE FROM DISK
3297597.405	Test_Phase.SEQUENCE.Word	LOADING RESOURCE SURFACE FROM DISK
3305673.873	Test_Phase.SEQUENCE.Word	LOADING RESOURCE SURFACE FROM DISK
3313381.909	Test_Phase.SEQUENCE.Word	LOADING RESOURCE SURFACE FROM DISK
3321486.212	Test_Phase.SEQUENCE.Word	LOADING RESOURCE SURFACE FROM DISK
3328747.049	Test_Phase.SEQUENCE.Word	LOADING RESOURCE SURFACE FROM DISK
3336590.45	Test_Phase.SEQUENCE.Word	LOADING RESOURCE SURFACE FROM DISK
3344181.822	Test_Phase.SEQUENCE.Word	LOADING RESOURCE SURFACE FROM DISK
3351490.775	Test_Phase.SEQUENCE.Word	LOADING RESOURCE SURFACE FROM DISK
3359624.002	Test_Phase.SEQUENCE.Word	LOADING RESOURCE SURFACE FROM DISK
3367174.022	Test_Phase.SEQUENCE.Word	LOADING RESOURCE SURFACE FROM DISK
3374840.452	Test_Phase.SEQUENCE.Word	LOADING RESOURCE SURFACE FROM DISK
3386007.188	Test_Phase.SEQUENCE.Word	LOADING RESOURCE SURFACE FROM DISK
3393869.84	Test_Phase.SEQUENCE.Word	LOADING RESOURCE SURFACE FROM DISK
3401640.327	Test_Phase.SEQUENCE.Word	LOADING RESOURCE SURFACE FROM DISK
3409173.837	Test_Phase.SEQUENCE.Word	LOADING RESOURCE SURFACE FROM DISK
3417035.491	Test_Phase.SEQUENCE.Word	LOADING RESOURCE SURFACE FROM DISK
3431802.726	Test_Phase.SEQUENCE.Word	LOADING RESOURCE SURFACE FROM DISK
3439173.928	Test_Phase.SEQUENCE.Word	LOADING RESOURCE SURFACE FROM DISK
3446701.653	Test_Phase.SEQUENCE.Word	LOADING RESOURCE SURFACE FROM DISK
3454657.575	Test_Phase.SEQUENCE.Word	LOADING RESOURCE SURFACE FROM DISK
3461885.694	Test_Phase.SEQUENCE.Word	LOADING RESOURCE SURFACE FROM DISK
3469878.456	Test_Phase.SEQUENCE.Word	LOADING RESOURCE SURFACE FROM DISK
3477874.007	Test_Phase.SEQUENCE.Word	LOADING RESOURCE SURFACE FROM DISK
3485507.384	Test_Phase.SEQUENCE.Word	LOADING RESOURCE SURFACE FROM DISK
3495968.997	Test_Phase.SEQUENCE.Word	LOADING RESOURCE SURFACE FROM DISK
3504057.364	Test_Phase.SEQUENCE.Word	LOADING RESOURCE SURFACE FROM DISK
3512573.819	Test_Phase.SEQUENCE.Word	LOADING RESOURCE SURFACE FROM DISK
3520057.116	Test_Phase.SEQUENCE.Word	LOADING RESOURCE SURFACE FROM DISK
3527523.754	Test_Phase.SEQUENCE.Word	LOADING RESOURCE SURFACE FROM DISK
3535290.879	Test_Phase.SEQUENCE.Word	LOADING RESOURCE SURFACE FROM DISK
3543507.29	Test_Phase.SEQUENCE.Word	LOADING RESOURCE SURFACE FROM DISK
3550607.078	Test_Phase.SEQUENCE.Word	LOADING RESOURCE SURFACE FROM DISK
3558057.228	Test_Phase.SEQUENCE.Word	LOADING RESOURCE SURFACE FROM DISK
3566040.412	Test_Phase.SEQUENCE.Word	LOADING RESOURCE SURFACE FROM DISK
3574623.739	Test_Phase.SEQUENCE.Word	LOADING RESOURCE SURFACE FROM DISK
3582529.791	Test_Phase.SEQUENCE.Word	LOADING RESOURCE SURFACE FROM DISK
3590290.576	Test_Phase.SEQUENCE.Word	LOADING RESOURCE SURFACE FROM DISK
3597690.597	Test_Phase.SEQUENCE.Word	LOADING RESOURCE SURFACE FROM DISK
3605745.894	Test_Phase.SEQUENCE.Word	LOADING RESOURCE SURFACE FROM DISK
3613690.548	Test_Phase.SEQUENCE.Word	LOADING RESOURCE SURFACE FROM DISK
3621261.876	Test_Phase.SEQUENCE.Word	LOADING RESOURCE SURFACE FROM DISK
3629317.477	Test_Phase.SEQUENCE.Word	LOADING RESOURCE SURFACE FROM DISK
3636757.597	Test_Phase.SEQUENCE.Word	LOADING RESOURCE SURFACE FROM DISK
3644681.249	Test_Phase.SEQUENCE.Word	LOADING RESOURCE SURFACE FROM DISK
3654257.25	Test_Phase.SEQUENCE.Word	LOADING RESOURCE SURFACE FROM DISK
3661890.814	Test_Phase.SEQUENCE.Word	LOADING RESOURCE SURFACE FROM DISK
3670057.234	Test_Phase.SEQUENCE.Word	LOADING RESOURCE SURFACE FROM DISK
3677407.228	Test_Phase.SEQUENCE.Word	LOADING RESOURCE SURFACE FROM DISK
3685021.954	Test_Phase.SEQUENCE.Word	LOADING RESOURCE SURFACE FROM DISK
3693223.732	Test_Phase.SEQUENCE.Word	LOADING RESOURCE SURFACE FROM DISK
3701015.072	Test_Phase.SEQUENCE.Word	LOADING RESOURCE SURFACE FROM DISK
3708740.311	Test_Phase.SEQUENCE.Word	LOADING RESOURCE SURFACE FROM DISK
3718740.356	Test_Phase.SEQUENCE.Word	LOADING RESOURCE SURFACE FROM DISK
3725915.655	Test_Phase.SEQUENCE.Word	LOADING RESOURCE SURFACE FROM DISK
3733382.082	Test_Phase.SEQUENCE.Word	LOADING RESOURCE SURFACE FROM DISK
3740557.137	Test_Phase.SEQUENCE.Word	LOADING RESOURCE SURFACE FROM DISK
3748082.815	Test_Phase.SEQUENCE.Word	LOADING RESOURCE SURFACE FROM DISK
3755157.611	Test_Phase.SEQUENCE.Word	LOADING RESOURCE SURFACE FROM DISK
3763939.533	Test_Phase.SEQUENCE.Word	LOADING RESOURCE SURFACE FROM DISK
3771715.641	Test_Phase.SEQUENCE.Word	LOADING RESOURCE SURFACE FROM DISK
3779407.262	Test_Phase.SEQUENCE.Word	LOADING RESOURCE SURFACE FROM DISK
3788240.616	Test_Phase.SEQUENCE.Word	LOADING RESOURCE SURFACE FROM DISK
3795867.03	Test_Phase.SEQUENCE.Word	LOADING RESOURCE SURFACE FROM DISK
3803807.103	Test_Phase.SEQUENCE.Word	LOADING RESOURCE SURFACE FROM DISK
3811357.192	Test_Phase.SEQUENCE.Word	LOADING RESOURCE SURFACE FROM DISK
3819240.467	Test_Phase.SEQUENCE.Word	LOADING RESOURCE SURFACE FROM DISK
3826407.246	Test_Phase.SEQUENCE.Word	LOADING RESOURCE SURFACE FROM DISK
3833709.059	Test_Phase.SEQUENCE.Word	LOADING RESOURCE SURFACE FROM DISK
3840873.864	Test_Phase.SEQUENCE.Word	LOADING RESOURCE SURFACE FROM DISK
3848453.914	Test_Phase.SEQUENCE.Word	LOADING RESOURCE SURFACE FROM DISK
3855597.728	Test_Phase.SEQUENCE.Word	LOADING RESOURCE SURFACE FROM DISK
3865373.854	Test_Phase.SEQUENCE.Word	LOADING RESOURCE SURFACE FROM DISK
3872457.135	Test_Phase.SEQUENCE.Word	LOADING RESOURCE SURFACE FROM DISK
3880378.821	Test_Phase.SEQUENCE.Word	LOADING RESOURCE SURFACE FROM DISK
3888062.347	Test_Phase.SEQUENCE.Word	LOADING RESOURCE SURFACE FROM DISK
3895548.633	Test_Phase.SEQUENCE.Word	LOADING RESOURCE SURFACE FROM DISK
3903140.754	Test_Phase.SEQUENCE.Word	LOADING RESOURCE SURFACE FROM DISK
3910794.529	Test_Phase.SEQUENCE.Word	LOADING RESOURCE SURFACE FROM DISK
3918157.164	Test_Phase.SEQUENCE.Word	LOADING RESOURCE SURFACE FROM DISK
3925284.519	Test_Phase.SEQUENCE.Word	LOADING RESOURCE SURFACE FROM DISK
3933473.648	Test_Phase.SEQUENCE.Word	LOADING RESOURCE SURFACE FROM DISK
3941040.627	Test_Phase.SEQUENCE.Word	LOADING RESOURCE SURFACE FROM DISK
3949729.837	Test_Phase.SEQUENCE.Word	LOADING RESOURCE SURFACE FROM DISK
3957107.193	Test_Phase.SEQUENCE.Word	LOADING RESOURCE SURFACE FROM DISK
3965307.559	Test_Phase.SEQUENCE.Word	LOADING RESOURCE SURFACE FROM DISK
3973173.857	Test_Phase.SEQUENCE.Word	LOADING RESOURCE SURFACE FROM DISK
3980793.667	Test_Phase.SEQUENCE.Word	LOADING RESOURCE SURFACE FROM DISK
3988747.712	Test_Phase.SEQUENCE.Word	LOADING RESOURCE SURFACE FROM DISK
3996633.295	Test_Phase.SEQUENCE.Word	LOADING RESOURCE SURFACE FROM DISK
4004157.072	Test_Phase.SEQUENCE.Word	LOADING RESOURCE SURFACE FROM DISK
4012495.299	Test_Phase.SEQUENCE.Word	LOADING RESOURCE SURFACE FROM DISK
4020473.739	Test_Phase.SEQUENCE.Word	LOADING RESOURCE SURFACE FROM DISK
4028074.919	Test_Phase.SEQUENCE.Word	LOADING RESOURCE SURFACE FROM DISK
4036735.101	Test_Phase.SEQUENCE.Word	LOADING RESOURCE SURFACE FROM DISK
4044137.263	Test_Phase.SEQUENCE.Word	LOADING RESOURCE SURFACE FROM DISK
4052740.535	Test_Phase.SEQUENCE.Word	LOADING RESOURCE SURFACE FROM DISK
4060826.437	Test_Phase.SEQUENCE.Word	LOADING RESOURCE SURFACE FROM DISK
4068290.366	Test_Phase.SEQUENCE.Word	LOADING RESOURCE SURFACE FROM DISK
4076573.893	Test_Phase.SEQUENCE.Word	LOADING RESOURCE SURFACE FROM DISK
4084216.359	Test_Phase.SEQUENCE.Word	LOADING RESOURCE SURFACE FROM DISK
4091923.968	Test_Phase.SEQUENCE.Word	LOADING RESOURCE SURFACE FROM DISK
4099746.61	Test_Phase.SEQUENCE.Word	LOADING RESOURCE SURFACE FROM DISK
4107390.416	Test_Phase.SEQUENCE.Word	LOADING RESOURCE SURFACE FROM DISK
4114723.883	Test_Phase.SEQUENCE.Word	LOADING RESOURCE SURFACE FROM DISK
4122173.878	Test_Phase.SEQUENCE.Word	LOADING RESOURCE SURFACE FROM DISK
4130268.963	Test_Phase.SEQUENCE.Word	LOADING RESOURCE SURFACE FROM DISK
4137890.431	Test_Phase.SEQUENCE.Word	LOADING RESOURCE SURFACE FROM DISK
4147557.29	Test_Phase.SEQUENCE.Word	LOADING RESOURCE SURFACE FROM DISK
4154757.287	Test_Phase.SEQUENCE.Word	LOADING RESOURCE SURFACE FROM DISK
4163140.388	Test_Phase.SEQUENCE.Word	LOADING RESOURCE SURFACE FROM DISK
4171266.455	Test_Phase.SEQUENCE.Word	LOADING RESOURCE SURFACE FROM DISK
4179497.365	Test_Phase.SEQUENCE.Word	LOADING RESOURCE SURFACE FROM DISK
4187240.419	Test_Phase.SEQUENCE.Word	LOADING RESOURCE SURFACE FROM DISK
4194990.469	Test_Phase.SEQUENCE.Word	LOADING RESOURCE SURFACE FROM DISK
4202190.458	Test_Phase.SEQUENCE.Word	LOADING RESOURCE SURFACE FROM DISK
4210402.281	Test_Phase.SEQUENCE.Word	LOADING RESOURCE SURFACE FROM DISK
4218273.777	Test_Phase.SEQUENCE.Word	LOADING RESOURCE SURFACE FROM DISK
4227767.916	Test_Phase.SEQUENCE.Word	LOADING RESOURCE SURFACE FROM DISK
4232411.855	DISPLAY_SCREEN	LOADING RESOURCE SURFACE FROM DISK
