5202.509	DISPLAY_SCREEN[1]	LOADING RESOURCE SURFACE FROM DISK
89748.235	Familiarization_Phase.SEQUENCE.Cue_and_Instruction	LOADING RESOURCE SURFACE FROM DISK
89752.601	Familiarization_Phase.SEQUENCE.Cue_and_Instruction	LOADING RESOURCE SURFACE FROM DISK
95804.477	Familiarization_Phase.SEQUENCE.Cue_and_Instruction	LOADING RESOURCE SURFACE FROM DISK
95809.172	Familiarization_Phase.SEQUENCE.Cue_and_Instruction	LOADING RESOURCE SURFACE FROM DISK
101856.395	Familiarization_Phase.SEQUENCE.Cue_and_Instruction	LOADING RESOURCE SURFACE FROM DISK
101861.16	Familiarization_Phase.SEQUENCE.Cue_and_Instruction	LOADING RESOURCE SURFACE FROM DISK
144276.001	DISPLAY_SCREEN[3]	LOADING RESOURCE SURFACE FROM DISK
534075.375	DISPLAY_SCREEN[5]	LOADING RESOURCE SURFACE FROM DISK
588818.22	Practice_Phase.SEQUENCE.Blink_Screen	LOADING RESOURCE SURFACE FROM DISK
588819.209	Practice_Phase.SEQUENCE.Blink_Screen	flip time is later than desired time. Desired Time=588552 Flip Time=588835 Retrace Rate=16.641, prepareTime=291 flip request time 588819
590051.386	Practice_Phase.SEQUENCE.Luminance_Cue[1]	LOADING RESOURCE SURFACE FROM DISK
590065.175	Practice_Phase.SEQUENCE.Luminance_Cue[1]	LOADING RESOURCE SURFACE FROM DISK
590066.554	Practice_Phase.SEQUENCE.Luminance_Cue[1]	flip time is later than desired time. Desired Time=590035 Flip Time=590085 Retrace Rate=16.641, prepareTime=55 flip request time 590066
590608.127	Practice_Phase.SEQUENCE.Practice_Instruction	LOADING RESOURCE SURFACE FROM DISK
590610.83	Practice_Phase.SEQUENCE.Practice_Instruction	LOADING RESOURCE SURFACE FROM DISK
590612.262	Practice_Phase.SEQUENCE.Practice_Instruction	flip time is later than desired time. Desired Time=590585 Flip Time=590635 Retrace Rate=16.641, prepareTime=51 flip request time 590612
594116.991	Practice_Phase.SEQUENCE.Action_cue[1]	LOADING RESOURCE SURFACE FROM DISK
598721.32	Practice_Phase.SEQUENCE.Practice_Instruction	LOADING RESOURCE SURFACE FROM DISK
598723.954	Practice_Phase.SEQUENCE.Practice_Instruction	LOADING RESOURCE SURFACE FROM DISK
598725.387	Practice_Phase.SEQUENCE.Practice_Instruction	flip time is later than desired time. Desired Time=598702 Flip Time=598735 Retrace Rate=16.641, prepareTime=47 flip request time 598725
606822.783	Practice_Phase.SEQUENCE.Practice_Instruction	LOADING RESOURCE SURFACE FROM DISK
606825.531	Practice_Phase.SEQUENCE.Practice_Instruction	LOADING RESOURCE SURFACE FROM DISK
606826.949	Practice_Phase.SEQUENCE.Practice_Instruction	flip time is later than desired time. Desired Time=606802 Flip Time=606835 Retrace Rate=16.641, prepareTime=49 flip request time 606826
614883.315	Practice_Phase.SEQUENCE.Practice_Instruction	LOADING RESOURCE SURFACE FROM DISK
614886.18	Practice_Phase.SEQUENCE.Practice_Instruction	LOADING RESOURCE SURFACE FROM DISK
622950.028	Practice_Phase.SEQUENCE.Practice_Instruction	LOADING RESOURCE SURFACE FROM DISK
622952.73	Practice_Phase.SEQUENCE.Practice_Instruction	LOADING RESOURCE SURFACE FROM DISK
631016.702	Practice_Phase.SEQUENCE.Practice_Instruction	LOADING RESOURCE SURFACE FROM DISK
631027.881	Practice_Phase.SEQUENCE.Practice_Instruction	LOADING RESOURCE SURFACE FROM DISK
631029.314	Practice_Phase.SEQUENCE.Practice_Instruction	flip time is later than desired time. Desired Time=631035 Flip Time=631052 Retrace Rate=16.641, prepareTime=18 flip request time 631029
639100.117	Practice_Phase.SEQUENCE.Practice_Instruction	LOADING RESOURCE SURFACE FROM DISK
639102.781	Practice_Phase.SEQUENCE.Practice_Instruction	LOADING RESOURCE SURFACE FROM DISK
647166.657	Practice_Phase.SEQUENCE.Practice_Instruction	LOADING RESOURCE SURFACE FROM DISK
647169.388	Practice_Phase.SEQUENCE.Practice_Instruction	LOADING RESOURCE SURFACE FROM DISK
655233.446	Practice_Phase.SEQUENCE.Practice_Instruction	LOADING RESOURCE SURFACE FROM DISK
655236.143	Practice_Phase.SEQUENCE.Practice_Instruction	LOADING RESOURCE SURFACE FROM DISK
661399.718	DISPLAY_SCREEN[2]	LOADING RESOURCE SURFACE FROM DISK
926325.579	Study_Phase.SEQUENCE.Study_Instruction	LOADING RESOURCE SURFACE FROM DISK
926620.96	Study_Phase.SEQUENCE.Study_Instruction	LOADING RESOURCE SURFACE FROM DISK
934892.411	Study_Phase.SEQUENCE.Study_Instruction	LOADING RESOURCE SURFACE FROM DISK
934920.346	Study_Phase.SEQUENCE.Study_Instruction	LOADING RESOURCE SURFACE FROM DISK
943375.434	Study_Phase.SEQUENCE.Study_Instruction	LOADING RESOURCE SURFACE FROM DISK
943414.339	Study_Phase.SEQUENCE.Study_Instruction	LOADING RESOURCE SURFACE FROM DISK
951692.099	Study_Phase.SEQUENCE.Study_Instruction	LOADING RESOURCE SURFACE FROM DISK
951694.731	Study_Phase.SEQUENCE.Study_Instruction	LOADING RESOURCE SURFACE FROM DISK
960013.239	Study_Phase.SEQUENCE.Study_Instruction	LOADING RESOURCE SURFACE FROM DISK
968288.675	Study_Phase.SEQUENCE.Study_Instruction	LOADING RESOURCE SURFACE FROM DISK
976555.228	Study_Phase.SEQUENCE.Study_Instruction	LOADING RESOURCE SURFACE FROM DISK
984825.333	Study_Phase.SEQUENCE.Study_Instruction	LOADING RESOURCE SURFACE FROM DISK
984828.033	Study_Phase.SEQUENCE.Study_Instruction	LOADING RESOURCE SURFACE FROM DISK
993149.954	Study_Phase.SEQUENCE.Study_Instruction	LOADING RESOURCE SURFACE FROM DISK
1001425.61	Study_Phase.SEQUENCE.Study_Instruction	LOADING RESOURCE SURFACE FROM DISK
1001465.465	Study_Phase.SEQUENCE.Study_Instruction	LOADING RESOURCE SURFACE FROM DISK
1009757.059	Study_Phase.SEQUENCE.Study_Instruction	LOADING RESOURCE SURFACE FROM DISK
1018008.812	Study_Phase.SEQUENCE.Study_Instruction	LOADING RESOURCE SURFACE FROM DISK
1018058.016	Study_Phase.SEQUENCE.Study_Instruction	LOADING RESOURCE SURFACE FROM DISK
1026361.493	Study_Phase.SEQUENCE.Study_Instruction	LOADING RESOURCE SURFACE FROM DISK
1034642.503	Study_Phase.SEQUENCE.Study_Instruction	LOADING RESOURCE SURFACE FROM DISK
1034682.351	Study_Phase.SEQUENCE.Study_Instruction	LOADING RESOURCE SURFACE FROM DISK
1042956.477	Study_Phase.SEQUENCE.Study_Instruction	LOADING RESOURCE SURFACE FROM DISK
1051225.322	Study_Phase.SEQUENCE.Study_Instruction	LOADING RESOURCE SURFACE FROM DISK
1051260.747	Study_Phase.SEQUENCE.Study_Instruction	LOADING RESOURCE SURFACE FROM DISK
1059578.871	Study_Phase.SEQUENCE.Study_Instruction	LOADING RESOURCE SURFACE FROM DISK
1067858.899	Study_Phase.SEQUENCE.Study_Instruction	LOADING RESOURCE SURFACE FROM DISK
1067861.589	Study_Phase.SEQUENCE.Study_Instruction	LOADING RESOURCE SURFACE FROM DISK
1076121.962	Study_Phase.SEQUENCE.Study_Instruction	LOADING RESOURCE SURFACE FROM DISK
1084430.901	Study_Phase.SEQUENCE.Study_Instruction	LOADING RESOURCE SURFACE FROM DISK
1092708.699	Study_Phase.SEQUENCE.Study_Instruction	LOADING RESOURCE SURFACE FROM DISK
1092711.45	Study_Phase.SEQUENCE.Study_Instruction	LOADING RESOURCE SURFACE FROM DISK
1101030.715	Study_Phase.SEQUENCE.Study_Instruction	LOADING RESOURCE SURFACE FROM DISK
1109325.379	Study_Phase.SEQUENCE.Study_Instruction	LOADING RESOURCE SURFACE FROM DISK
1109363.358	Study_Phase.SEQUENCE.Study_Instruction	LOADING RESOURCE SURFACE FROM DISK
1117664.872	Study_Phase.SEQUENCE.Study_Instruction	LOADING RESOURCE SURFACE FROM DISK
1125981.549	Study_Phase.SEQUENCE.Study_Instruction	LOADING RESOURCE SURFACE FROM DISK
1134291.347	Study_Phase.SEQUENCE.Study_Instruction	LOADING RESOURCE SURFACE FROM DISK
1142558.88	Study_Phase.SEQUENCE.Study_Instruction	LOADING RESOURCE SURFACE FROM DISK
1142599.586	Study_Phase.SEQUENCE.Study_Instruction	LOADING RESOURCE SURFACE FROM DISK
1150871.869	Study_Phase.SEQUENCE.Study_Instruction	LOADING RESOURCE SURFACE FROM DISK
1159138.667	Study_Phase.SEQUENCE.Study_Instruction	LOADING RESOURCE SURFACE FROM DISK
1167418.383	Study_Phase.SEQUENCE.Study_Instruction	LOADING RESOURCE SURFACE FROM DISK
1175692.021	Study_Phase.SEQUENCE.Study_Instruction	LOADING RESOURCE SURFACE FROM DISK
1175737.976	Study_Phase.SEQUENCE.Study_Instruction	LOADING RESOURCE SURFACE FROM DISK
1184042.44	Study_Phase.SEQUENCE.Study_Instruction	LOADING RESOURCE SURFACE FROM DISK
1192309.02	Study_Phase.SEQUENCE.Study_Instruction	LOADING RESOURCE SURFACE FROM DISK
1192311.674	Study_Phase.SEQUENCE.Study_Instruction	LOADING RESOURCE SURFACE FROM DISK
1200626.879	Study_Phase.SEQUENCE.Study_Instruction	LOADING RESOURCE SURFACE FROM DISK
1208939.256	Study_Phase.SEQUENCE.Study_Instruction	LOADING RESOURCE SURFACE FROM DISK
1217208.672	Study_Phase.SEQUENCE.Study_Instruction	LOADING RESOURCE SURFACE FROM DISK
1217211.221	Study_Phase.SEQUENCE.Study_Instruction	LOADING RESOURCE SURFACE FROM DISK
1225488.685	Study_Phase.SEQUENCE.Study_Instruction	LOADING RESOURCE SURFACE FROM DISK
1233791.663	Study_Phase.SEQUENCE.Study_Instruction	LOADING RESOURCE SURFACE FROM DISK
1242094.489	Study_Phase.SEQUENCE.Study_Instruction	LOADING RESOURCE SURFACE FROM DISK
1250375.786	Study_Phase.SEQUENCE.Study_Instruction	LOADING RESOURCE SURFACE FROM DISK
1250415.353	Study_Phase.SEQUENCE.Study_Instruction	LOADING RESOURCE SURFACE FROM DISK
1258726.712	Study_Phase.SEQUENCE.Study_Instruction	LOADING RESOURCE SURFACE FROM DISK
1267008.952	Study_Phase.SEQUENCE.Study_Instruction	LOADING RESOURCE SURFACE FROM DISK
1267045.693	Study_Phase.SEQUENCE.Study_Instruction	LOADING RESOURCE SURFACE FROM DISK
1275321.892	Study_Phase.SEQUENCE.Study_Instruction	LOADING RESOURCE SURFACE FROM DISK
1283589.968	Study_Phase.SEQUENCE.Study_Instruction	LOADING RESOURCE SURFACE FROM DISK
1291858.69	Study_Phase.SEQUENCE.Study_Instruction	LOADING RESOURCE SURFACE FROM DISK
1291899.012	Study_Phase.SEQUENCE.Study_Instruction	LOADING RESOURCE SURFACE FROM DISK
1300175.539	Study_Phase.SEQUENCE.Study_Instruction	LOADING RESOURCE SURFACE FROM DISK
1300220.133	Study_Phase.SEQUENCE.Study_Instruction	LOADING RESOURCE SURFACE FROM DISK
1308528.647	Study_Phase.SEQUENCE.Study_Instruction	LOADING RESOURCE SURFACE FROM DISK
1316808.756	Study_Phase.SEQUENCE.Study_Instruction	LOADING RESOURCE SURFACE FROM DISK
1316811.282	Study_Phase.SEQUENCE.Study_Instruction	LOADING RESOURCE SURFACE FROM DISK
1325092.156	Study_Phase.SEQUENCE.Study_Instruction	LOADING RESOURCE SURFACE FROM DISK
1325135.351	Study_Phase.SEQUENCE.Study_Instruction	LOADING RESOURCE SURFACE FROM DISK
1333408.681	Study_Phase.SEQUENCE.Study_Instruction	LOADING RESOURCE SURFACE FROM DISK
1333452.433	Study_Phase.SEQUENCE.Study_Instruction	LOADING RESOURCE SURFACE FROM DISK
1341723.218	Study_Phase.SEQUENCE.Study_Instruction	LOADING RESOURCE SURFACE FROM DISK
1349992.022	Study_Phase.SEQUENCE.Study_Instruction	LOADING RESOURCE SURFACE FROM DISK
1350033.908	Study_Phase.SEQUENCE.Study_Instruction	LOADING RESOURCE SURFACE FROM DISK
1358306.496	Study_Phase.SEQUENCE.Study_Instruction	LOADING RESOURCE SURFACE FROM DISK
1366571.801	Study_Phase.SEQUENCE.Study_Instruction	LOADING RESOURCE SURFACE FROM DISK
1374842.152	Study_Phase.SEQUENCE.Study_Instruction	LOADING RESOURCE SURFACE FROM DISK
1374844.882	Study_Phase.SEQUENCE.Study_Instruction	LOADING RESOURCE SURFACE FROM DISK
1383125.649	Study_Phase.SEQUENCE.Study_Instruction	LOADING RESOURCE SURFACE FROM DISK
1383168.922	Study_Phase.SEQUENCE.Study_Instruction	LOADING RESOURCE SURFACE FROM DISK
1391442.381	Study_Phase.SEQUENCE.Study_Instruction	LOADING RESOURCE SURFACE FROM DISK
1391484.322	Study_Phase.SEQUENCE.Study_Instruction	LOADING RESOURCE SURFACE FROM DISK
1399787.927	Study_Phase.SEQUENCE.Study_Instruction	LOADING RESOURCE SURFACE FROM DISK
1408058.863	Study_Phase.SEQUENCE.Study_Instruction	LOADING RESOURCE SURFACE FROM DISK
1408082.2	Study_Phase.SEQUENCE.Study_Instruction	LOADING RESOURCE SURFACE FROM DISK
1416390.632	Study_Phase.SEQUENCE.Study_Instruction	LOADING RESOURCE SURFACE FROM DISK
1424658.929	Study_Phase.SEQUENCE.Study_Instruction	LOADING RESOURCE SURFACE FROM DISK
1424698.551	Study_Phase.SEQUENCE.Study_Instruction	LOADING RESOURCE SURFACE FROM DISK
1432971.99	Study_Phase.SEQUENCE.Study_Instruction	LOADING RESOURCE SURFACE FROM DISK
1441276.53	Study_Phase.SEQUENCE.Study_Instruction	LOADING RESOURCE SURFACE FROM DISK
1449573.093	Study_Phase.SEQUENCE.Study_Instruction	LOADING RESOURCE SURFACE FROM DISK
1457881.157	Study_Phase.SEQUENCE.Study_Instruction	LOADING RESOURCE SURFACE FROM DISK
1466158.759	Study_Phase.SEQUENCE.Study_Instruction	LOADING RESOURCE SURFACE FROM DISK
1466197.684	Study_Phase.SEQUENCE.Study_Instruction	LOADING RESOURCE SURFACE FROM DISK
1474513.537	Study_Phase.SEQUENCE.Study_Instruction	LOADING RESOURCE SURFACE FROM DISK
1482832.334	Study_Phase.SEQUENCE.Study_Instruction	LOADING RESOURCE SURFACE FROM DISK
1491108.886	Study_Phase.SEQUENCE.Study_Instruction	LOADING RESOURCE SURFACE FROM DISK
1491151.36	Study_Phase.SEQUENCE.Study_Instruction	LOADING RESOURCE SURFACE FROM DISK
1499447.426	Study_Phase.SEQUENCE.Study_Instruction	LOADING RESOURCE SURFACE FROM DISK
1507725.534	Study_Phase.SEQUENCE.Study_Instruction	LOADING RESOURCE SURFACE FROM DISK
1507762.852	Study_Phase.SEQUENCE.Study_Instruction	LOADING RESOURCE SURFACE FROM DISK
1516042.278	Study_Phase.SEQUENCE.Study_Instruction	LOADING RESOURCE SURFACE FROM DISK
1516045.015	Study_Phase.SEQUENCE.Study_Instruction	LOADING RESOURCE SURFACE FROM DISK
1524325.373	Study_Phase.SEQUENCE.Study_Instruction	LOADING RESOURCE SURFACE FROM DISK
1524328.088	Study_Phase.SEQUENCE.Study_Instruction	LOADING RESOURCE SURFACE FROM DISK
1532644.677	Study_Phase.SEQUENCE.Study_Instruction	LOADING RESOURCE SURFACE FROM DISK
1540925.524	Study_Phase.SEQUENCE.Study_Instruction	LOADING RESOURCE SURFACE FROM DISK
1540963.08	Study_Phase.SEQUENCE.Study_Instruction	LOADING RESOURCE SURFACE FROM DISK
1549277.079	Study_Phase.SEQUENCE.Study_Instruction	LOADING RESOURCE SURFACE FROM DISK
1557559.109	Study_Phase.SEQUENCE.Study_Instruction	LOADING RESOURCE SURFACE FROM DISK
1557561.897	Study_Phase.SEQUENCE.Study_Instruction	LOADING RESOURCE SURFACE FROM DISK
1565872.967	Study_Phase.SEQUENCE.Study_Instruction	LOADING RESOURCE SURFACE FROM DISK
1574142.207	Study_Phase.SEQUENCE.Study_Instruction	LOADING RESOURCE SURFACE FROM DISK
1574144.887	Study_Phase.SEQUENCE.Study_Instruction	LOADING RESOURCE SURFACE FROM DISK
1582471.404	Study_Phase.SEQUENCE.Study_Instruction	LOADING RESOURCE SURFACE FROM DISK
1590742.27	Study_Phase.SEQUENCE.Study_Instruction	LOADING RESOURCE SURFACE FROM DISK
1590781.217	Study_Phase.SEQUENCE.Study_Instruction	LOADING RESOURCE SURFACE FROM DISK
1599093.591	Study_Phase.SEQUENCE.Study_Instruction	LOADING RESOURCE SURFACE FROM DISK
1607375.493	Study_Phase.SEQUENCE.Study_Instruction	LOADING RESOURCE SURFACE FROM DISK
1607420.207	Study_Phase.SEQUENCE.Study_Instruction	LOADING RESOURCE SURFACE FROM DISK
1615725.776	Study_Phase.SEQUENCE.Study_Instruction	LOADING RESOURCE SURFACE FROM DISK
1623992.041	Study_Phase.SEQUENCE.Study_Instruction	LOADING RESOURCE SURFACE FROM DISK
1624031.567	Study_Phase.SEQUENCE.Study_Instruction	LOADING RESOURCE SURFACE FROM DISK
1632326.54	Study_Phase.SEQUENCE.Study_Instruction	LOADING RESOURCE SURFACE FROM DISK
1640592.222	Study_Phase.SEQUENCE.Study_Instruction	LOADING RESOURCE SURFACE FROM DISK
1640594.869	Study_Phase.SEQUENCE.Study_Instruction	LOADING RESOURCE SURFACE FROM DISK
1648893.755	Study_Phase.SEQUENCE.Study_Instruction	LOADING RESOURCE SURFACE FROM DISK
1657212.876	Study_Phase.SEQUENCE.Study_Instruction	LOADING RESOURCE SURFACE FROM DISK
1665488.706	Study_Phase.SEQUENCE.Study_Instruction	LOADING RESOURCE SURFACE FROM DISK
1673799.416	Study_Phase.SEQUENCE.Study_Instruction	LOADING RESOURCE SURFACE FROM DISK
1682075.416	Study_Phase.SEQUENCE.Study_Instruction	LOADING RESOURCE SURFACE FROM DISK
1682110.635	Study_Phase.SEQUENCE.Study_Instruction	LOADING RESOURCE SURFACE FROM DISK
1690405.129	Study_Phase.SEQUENCE.Study_Instruction	LOADING RESOURCE SURFACE FROM DISK
1698691.054	Study_Phase.SEQUENCE.Study_Instruction	LOADING RESOURCE SURFACE FROM DISK
1706925.424	Study_Phase.SEQUENCE.Study_Instruction	LOADING RESOURCE SURFACE FROM DISK
1706939.877	Study_Phase.SEQUENCE.Study_Instruction	LOADING RESOURCE SURFACE FROM DISK
1715243.944	Study_Phase.SEQUENCE.Study_Instruction	LOADING RESOURCE SURFACE FROM DISK
1723525.593	Study_Phase.SEQUENCE.Study_Instruction	LOADING RESOURCE SURFACE FROM DISK
1723528.425	Study_Phase.SEQUENCE.Study_Instruction	LOADING RESOURCE SURFACE FROM DISK
1731843.25	Study_Phase.SEQUENCE.Study_Instruction	LOADING RESOURCE SURFACE FROM DISK
1740125.536	Study_Phase.SEQUENCE.Study_Instruction	LOADING RESOURCE SURFACE FROM DISK
1740167.203	Study_Phase.SEQUENCE.Study_Instruction	LOADING RESOURCE SURFACE FROM DISK
1748442.041	Study_Phase.SEQUENCE.Study_Instruction	LOADING RESOURCE SURFACE FROM DISK
1748485.105	Study_Phase.SEQUENCE.Study_Instruction	LOADING RESOURCE SURFACE FROM DISK
1756756.564	Study_Phase.SEQUENCE.Study_Instruction	LOADING RESOURCE SURFACE FROM DISK
1765025.552	Study_Phase.SEQUENCE.Study_Instruction	LOADING RESOURCE SURFACE FROM DISK
1765028.109	Study_Phase.SEQUENCE.Study_Instruction	LOADING RESOURCE SURFACE FROM DISK
1773348.718	Study_Phase.SEQUENCE.Study_Instruction	LOADING RESOURCE SURFACE FROM DISK
1781625.342	Study_Phase.SEQUENCE.Study_Instruction	LOADING RESOURCE SURFACE FROM DISK
1781628.105	Study_Phase.SEQUENCE.Study_Instruction	LOADING RESOURCE SURFACE FROM DISK
1789908.832	Study_Phase.SEQUENCE.Study_Instruction	LOADING RESOURCE SURFACE FROM DISK
1789911.469	Study_Phase.SEQUENCE.Study_Instruction	LOADING RESOURCE SURFACE FROM DISK
1798192.075	Study_Phase.SEQUENCE.Study_Instruction	LOADING RESOURCE SURFACE FROM DISK
1798236.16	Study_Phase.SEQUENCE.Study_Instruction	LOADING RESOURCE SURFACE FROM DISK
1806540.57	Study_Phase.SEQUENCE.Study_Instruction	LOADING RESOURCE SURFACE FROM DISK
1814808.9	Study_Phase.SEQUENCE.Study_Instruction	LOADING RESOURCE SURFACE FROM DISK
1814811.543	Study_Phase.SEQUENCE.Study_Instruction	LOADING RESOURCE SURFACE FROM DISK
1823106.097	Study_Phase.SEQUENCE.Study_Instruction	LOADING RESOURCE SURFACE FROM DISK
1831406.831	Study_Phase.SEQUENCE.Study_Instruction	LOADING RESOURCE SURFACE FROM DISK
1839675.501	Study_Phase.SEQUENCE.Study_Instruction	LOADING RESOURCE SURFACE FROM DISK
1839714.352	Study_Phase.SEQUENCE.Study_Instruction	LOADING RESOURCE SURFACE FROM DISK
1848030.331	Study_Phase.SEQUENCE.Study_Instruction	LOADING RESOURCE SURFACE FROM DISK
1856308.965	Study_Phase.SEQUENCE.Study_Instruction	LOADING RESOURCE SURFACE FROM DISK
1856311.539	Study_Phase.SEQUENCE.Study_Instruction	LOADING RESOURCE SURFACE FROM DISK
1864628.514	Study_Phase.SEQUENCE.Study_Instruction	LOADING RESOURCE SURFACE FROM DISK
1872888.663	Study_Phase.SEQUENCE.Study_Instruction	LOADING RESOURCE SURFACE FROM DISK
1881155.407	Study_Phase.SEQUENCE.Study_Instruction	LOADING RESOURCE SURFACE FROM DISK
1889465.635	Study_Phase.SEQUENCE.Study_Instruction	LOADING RESOURCE SURFACE FROM DISK
1897742.355	Study_Phase.SEQUENCE.Study_Instruction	LOADING RESOURCE SURFACE FROM DISK
1897782.577	Study_Phase.SEQUENCE.Study_Instruction	LOADING RESOURCE SURFACE FROM DISK
1906092.043	Study_Phase.SEQUENCE.Study_Instruction	LOADING RESOURCE SURFACE FROM DISK
1914355.298	Study_Phase.SEQUENCE.Study_Instruction	LOADING RESOURCE SURFACE FROM DISK
1920590.579	DISPLAY_SCREEN[7]	LOADING RESOURCE SURFACE FROM DISK
2268217.673	Test_Phase.SEQUENCE.Target_Cue	LOADING RESOURCE SURFACE FROM DISK
2268226.534	Test_Phase.SEQUENCE.Target_Cue	LOADING RESOURCE SURFACE FROM DISK
2270255.102	Test_Phase.SEQUENCE.Word	LOADING RESOURCE SURFACE FROM DISK
2273308.844	Test_Phase.SEQUENCE.Test_Question	LOADING RESOURCE SURFACE FROM DISK
2273325.887	Test_Phase.SEQUENCE.Test_Question	LOADING RESOURCE SURFACE FROM DISK
2273331.019	Test_Phase.SEQUENCE.Test_Question	LOADING RESOURCE SURFACE FROM DISK
2273336.161	Test_Phase.SEQUENCE.Test_Question	LOADING RESOURCE SURFACE FROM DISK
2273338.089	Test_Phase.SEQUENCE.Test_Question	LOADING RESOURCE SURFACE FROM DISK
2273340.148	Test_Phase.SEQUENCE.Test_Question	LOADING RESOURCE SURFACE FROM DISK
2273341.991	Test_Phase.SEQUENCE.Test_Question	LOADING RESOURCE SURFACE FROM DISK
2273358.91	Test_Phase.SEQUENCE.Test_Question	LOADING RESOURCE SURFACE FROM DISK
2273373.183	Test_Phase.SEQUENCE.Test_Question	LOADING RESOURCE SURFACE FROM DISK
2273374.96	Test_Phase.SEQUENCE.Test_Question	LOADING RESOURCE SURFACE FROM DISK
2273376.741	Test_Phase.SEQUENCE.Test_Question	LOADING RESOURCE SURFACE FROM DISK
2273378.562	Test_Phase.SEQUENCE.Test_Question	LOADING RESOURCE SURFACE FROM DISK
2281514.441	Test_Phase.SEQUENCE.Word	LOADING RESOURCE SURFACE FROM DISK
2289571.717	Test_Phase.SEQUENCE.Word	LOADING RESOURCE SURFACE FROM DISK
2297938.653	Test_Phase.SEQUENCE.Word	LOADING RESOURCE SURFACE FROM DISK
2307065.154	Test_Phase.SEQUENCE.Word	LOADING RESOURCE SURFACE FROM DISK
2315655.169	Test_Phase.SEQUENCE.Word	LOADING RESOURCE SURFACE FROM DISK
2324238.426	Test_Phase.SEQUENCE.Word	LOADING RESOURCE SURFACE FROM DISK
2333124.529	Test_Phase.SEQUENCE.Word	LOADING RESOURCE SURFACE FROM DISK
2341621.842	Test_Phase.SEQUENCE.Word	LOADING RESOURCE SURFACE FROM DISK
2350295.071	Test_Phase.SEQUENCE.Word	LOADING RESOURCE SURFACE FROM DISK
2359355.475	Test_Phase.SEQUENCE.Word	LOADING RESOURCE SURFACE FROM DISK
2367705.005	Test_Phase.SEQUENCE.Word	LOADING RESOURCE SURFACE FROM DISK
2376739.572	Test_Phase.SEQUENCE.Word	LOADING RESOURCE SURFACE FROM DISK
2385038.38	Test_Phase.SEQUENCE.Word	LOADING RESOURCE SURFACE FROM DISK
2393171.787	Test_Phase.SEQUENCE.Word	LOADING RESOURCE SURFACE FROM DISK
2400854.967	Test_Phase.SEQUENCE.Word	LOADING RESOURCE SURFACE FROM DISK
2408410.953	Test_Phase.SEQUENCE.Word	LOADING RESOURCE SURFACE FROM DISK
2417121.709	Test_Phase.SEQUENCE.Word	LOADING RESOURCE SURFACE FROM DISK
2425294.705	Test_Phase.SEQUENCE.Word	LOADING RESOURCE SURFACE FROM DISK
2434188.423	Test_Phase.SEQUENCE.Word	LOADING RESOURCE SURFACE FROM DISK
2443046.233	Test_Phase.SEQUENCE.Word	LOADING RESOURCE SURFACE FROM DISK
2460688.505	Test_Phase.SEQUENCE.Word	LOADING RESOURCE SURFACE FROM DISK
2469705.059	Test_Phase.SEQUENCE.Word	LOADING RESOURCE SURFACE FROM DISK
2477971.715	Test_Phase.SEQUENCE.Word	LOADING RESOURCE SURFACE FROM DISK
2486355.492	Test_Phase.SEQUENCE.Word	LOADING RESOURCE SURFACE FROM DISK
2494888.405	Test_Phase.SEQUENCE.Word	LOADING RESOURCE SURFACE FROM DISK
2502914.808	Test_Phase.SEQUENCE.Word	LOADING RESOURCE SURFACE FROM DISK
2511754.984	Test_Phase.SEQUENCE.Word	LOADING RESOURCE SURFACE FROM DISK
2520855.043	Test_Phase.SEQUENCE.Word	LOADING RESOURCE SURFACE FROM DISK
2529210.888	Test_Phase.SEQUENCE.Word	LOADING RESOURCE SURFACE FROM DISK
2537054.992	Test_Phase.SEQUENCE.Word	LOADING RESOURCE SURFACE FROM DISK
2545304.97	Test_Phase.SEQUENCE.Word	LOADING RESOURCE SURFACE FROM DISK
2553771.766	Test_Phase.SEQUENCE.Word	LOADING RESOURCE SURFACE FROM DISK
2562105.039	Test_Phase.SEQUENCE.Word	LOADING RESOURCE SURFACE FROM DISK
2570055.296	Test_Phase.SEQUENCE.Word	LOADING RESOURCE SURFACE FROM DISK
2578588.432	Test_Phase.SEQUENCE.Word	LOADING RESOURCE SURFACE FROM DISK
2586940.655	Test_Phase.SEQUENCE.Word	LOADING RESOURCE SURFACE FROM DISK
2595171.762	Test_Phase.SEQUENCE.Word	LOADING RESOURCE SURFACE FROM DISK
2603738.598	Test_Phase.SEQUENCE.Word	LOADING RESOURCE SURFACE FROM DISK
2611771.895	Test_Phase.SEQUENCE.Word	LOADING RESOURCE SURFACE FROM DISK
2619605.139	Test_Phase.SEQUENCE.Word	LOADING RESOURCE SURFACE FROM DISK
2627459.757	Test_Phase.SEQUENCE.Word	LOADING RESOURCE SURFACE FROM DISK
2635355.244	Test_Phase.SEQUENCE.Word	LOADING RESOURCE SURFACE FROM DISK
2643605.091	Test_Phase.SEQUENCE.Word	LOADING RESOURCE SURFACE FROM DISK
2651471.701	Test_Phase.SEQUENCE.Word	LOADING RESOURCE SURFACE FROM DISK
2658904.932	Test_Phase.SEQUENCE.Word	LOADING RESOURCE SURFACE FROM DISK
2666874.301	Test_Phase.SEQUENCE.Word	LOADING RESOURCE SURFACE FROM DISK
2675838.44	Test_Phase.SEQUENCE.Word	LOADING RESOURCE SURFACE FROM DISK
2684105.065	Test_Phase.SEQUENCE.Word	LOADING RESOURCE SURFACE FROM DISK
2692455.218	Test_Phase.SEQUENCE.Word	LOADING RESOURCE SURFACE FROM DISK
2700114.795	Test_Phase.SEQUENCE.Word	LOADING RESOURCE SURFACE FROM DISK
2708344.464	Test_Phase.SEQUENCE.Word	LOADING RESOURCE SURFACE FROM DISK
2716805.013	Test_Phase.SEQUENCE.Word	LOADING RESOURCE SURFACE FROM DISK
2724821.731	Test_Phase.SEQUENCE.Word	LOADING RESOURCE SURFACE FROM DISK
2733405.707	Test_Phase.SEQUENCE.Word	LOADING RESOURCE SURFACE FROM DISK
2741712.066	Test_Phase.SEQUENCE.Word	LOADING RESOURCE SURFACE FROM DISK
2749205.014	Test_Phase.SEQUENCE.Word	LOADING RESOURCE SURFACE FROM DISK
2757444.432	Test_Phase.SEQUENCE.Word	LOADING RESOURCE SURFACE FROM DISK
2765640.034	Test_Phase.SEQUENCE.Word	LOADING RESOURCE SURFACE FROM DISK
2774610.989	Test_Phase.SEQUENCE.Word	LOADING RESOURCE SURFACE FROM DISK
2782004.987	Test_Phase.SEQUENCE.Word	LOADING RESOURCE SURFACE FROM DISK
2790421.75	Test_Phase.SEQUENCE.Word	LOADING RESOURCE SURFACE FROM DISK
2798405.129	Test_Phase.SEQUENCE.Word	LOADING RESOURCE SURFACE FROM DISK
2806814.909	Test_Phase.SEQUENCE.Word	LOADING RESOURCE SURFACE FROM DISK
2815138.369	Test_Phase.SEQUENCE.Word	LOADING RESOURCE SURFACE FROM DISK
2823255.113	Test_Phase.SEQUENCE.Word	LOADING RESOURCE SURFACE FROM DISK
2831278.981	Test_Phase.SEQUENCE.Word	LOADING RESOURCE SURFACE FROM DISK
2838830.41	Test_Phase.SEQUENCE.Word	LOADING RESOURCE SURFACE FROM DISK
2846295.643	Test_Phase.SEQUENCE.Word	LOADING RESOURCE SURFACE FROM DISK
2854705.204	Test_Phase.SEQUENCE.Word	LOADING RESOURCE SURFACE FROM DISK
2862526.97	Test_Phase.SEQUENCE.Word	LOADING RESOURCE SURFACE FROM DISK
2870756.555	Test_Phase.SEQUENCE.Word	LOADING RESOURCE SURFACE FROM DISK
2878281.496	Test_Phase.SEQUENCE.Word	LOADING RESOURCE SURFACE FROM DISK
2885955.151	Test_Phase.SEQUENCE.Word	LOADING RESOURCE SURFACE FROM DISK
2893305.003	Test_Phase.SEQUENCE.Word	LOADING RESOURCE SURFACE FROM DISK
2901897.969	Test_Phase.SEQUENCE.Word	LOADING RESOURCE SURFACE FROM DISK
2909306.031	Test_Phase.SEQUENCE.Word	LOADING RESOURCE SURFACE FROM DISK
2916765.991	Test_Phase.SEQUENCE.Word	LOADING RESOURCE SURFACE FROM DISK
2924588.293	Test_Phase.SEQUENCE.Word	LOADING RESOURCE SURFACE FROM DISK
2932921.946	Test_Phase.SEQUENCE.Word	LOADING RESOURCE SURFACE FROM DISK
2941355.219	Test_Phase.SEQUENCE.Word	LOADING RESOURCE SURFACE FROM DISK
2949429.494	Test_Phase.SEQUENCE.Word	LOADING RESOURCE SURFACE FROM DISK
2958329.376	Test_Phase.SEQUENCE.Word	LOADING RESOURCE SURFACE FROM DISK
2966381.103	Test_Phase.SEQUENCE.Word	LOADING RESOURCE SURFACE FROM DISK
2974388.448	Test_Phase.SEQUENCE.Word	LOADING RESOURCE SURFACE FROM DISK
2981764.606	Test_Phase.SEQUENCE.Word	LOADING RESOURCE SURFACE FROM DISK
2989729.541	Test_Phase.SEQUENCE.Word	LOADING RESOURCE SURFACE FROM DISK
2998109.686	Test_Phase.SEQUENCE.Word	LOADING RESOURCE SURFACE FROM DISK
3005471.736	Test_Phase.SEQUENCE.Word	LOADING RESOURCE SURFACE FROM DISK
3013643.024	Test_Phase.SEQUENCE.Word	LOADING RESOURCE SURFACE FROM DISK
3021880.381	Test_Phase.SEQUENCE.Word	LOADING RESOURCE SURFACE FROM DISK
3030055.314	Test_Phase.SEQUENCE.Word	LOADING RESOURCE SURFACE FROM DISK
3040288.29	Test_Phase.SEQUENCE.Word	LOADING RESOURCE SURFACE FROM DISK
3049138.46	Test_Phase.SEQUENCE.Word	LOADING RESOURCE SURFACE FROM DISK
3056888.386	Test_Phase.SEQUENCE.Word	LOADING RESOURCE SURFACE FROM DISK
3065125.488	Test_Phase.SEQUENCE.Word	LOADING RESOURCE SURFACE FROM DISK
3073221.861	Test_Phase.SEQUENCE.Word	LOADING RESOURCE SURFACE FROM DISK
3082840.418	Test_Phase.SEQUENCE.Word	LOADING RESOURCE SURFACE FROM DISK
3091139.871	Test_Phase.SEQUENCE.Word	LOADING RESOURCE SURFACE FROM DISK
3099121.826	Test_Phase.SEQUENCE.Word	LOADING RESOURCE SURFACE FROM DISK
3107871.67	Test_Phase.SEQUENCE.Word	LOADING RESOURCE SURFACE FROM DISK
3115782.2	Test_Phase.SEQUENCE.Word	LOADING RESOURCE SURFACE FROM DISK
3123988.448	Test_Phase.SEQUENCE.Word	LOADING RESOURCE SURFACE FROM DISK
3133005.071	Test_Phase.SEQUENCE.Word	LOADING RESOURCE SURFACE FROM DISK
3141055.108	Test_Phase.SEQUENCE.Word	LOADING RESOURCE SURFACE FROM DISK
3149172.177	Test_Phase.SEQUENCE.Word	LOADING RESOURCE SURFACE FROM DISK
3156871.728	Test_Phase.SEQUENCE.Word	LOADING RESOURCE SURFACE FROM DISK
3166280.573	Test_Phase.SEQUENCE.Word	LOADING RESOURCE SURFACE FROM DISK
3174071.747	Test_Phase.SEQUENCE.Word	LOADING RESOURCE SURFACE FROM DISK
3182005.188	Test_Phase.SEQUENCE.Word	LOADING RESOURCE SURFACE FROM DISK
3190405.228	Test_Phase.SEQUENCE.Word	LOADING RESOURCE SURFACE FROM DISK
3198071.728	Test_Phase.SEQUENCE.Word	LOADING RESOURCE SURFACE FROM DISK
3205821.778	Test_Phase.SEQUENCE.Word	LOADING RESOURCE SURFACE FROM DISK
3213988.425	Test_Phase.SEQUENCE.Word	LOADING RESOURCE SURFACE FROM DISK
3222205.103	Test_Phase.SEQUENCE.Word	LOADING RESOURCE SURFACE FROM DISK
3230441.084	Test_Phase.SEQUENCE.Word	LOADING RESOURCE SURFACE FROM DISK
3238188.336	Test_Phase.SEQUENCE.Word	LOADING RESOURCE SURFACE FROM DISK
3246338.51	Test_Phase.SEQUENCE.Word	LOADING RESOURCE SURFACE FROM DISK
3255555.059	Test_Phase.SEQUENCE.Word	LOADING RESOURCE SURFACE FROM DISK
3265638.498	Test_Phase.SEQUENCE.Word	LOADING RESOURCE SURFACE FROM DISK
3273571.829	Test_Phase.SEQUENCE.Word	LOADING RESOURCE SURFACE FROM DISK
3282490.439	Test_Phase.SEQUENCE.Word	LOADING RESOURCE SURFACE FROM DISK
3290788.382	Test_Phase.SEQUENCE.Word	LOADING RESOURCE SURFACE FROM DISK
3299196.523	Test_Phase.SEQUENCE.Word	LOADING RESOURCE SURFACE FROM DISK
3307396.367	Test_Phase.SEQUENCE.Word	LOADING RESOURCE SURFACE FROM DISK
3315606.333	Test_Phase.SEQUENCE.Word	LOADING RESOURCE SURFACE FROM DISK
3323821.662	Test_Phase.SEQUENCE.Word	LOADING RESOURCE SURFACE FROM DISK
3333231.005	Test_Phase.SEQUENCE.Word	LOADING RESOURCE SURFACE FROM DISK
3342194.734	Test_Phase.SEQUENCE.Word	LOADING RESOURCE SURFACE FROM DISK
3350294.351	Test_Phase.SEQUENCE.Word	LOADING RESOURCE SURFACE FROM DISK
3358405.003	Test_Phase.SEQUENCE.Word	LOADING RESOURCE SURFACE FROM DISK
3367026.334	Test_Phase.SEQUENCE.Word	LOADING RESOURCE SURFACE FROM DISK
3375505.166	Test_Phase.SEQUENCE.Word	LOADING RESOURCE SURFACE FROM DISK
3383838.273	Test_Phase.SEQUENCE.Word	LOADING RESOURCE SURFACE FROM DISK
3392171.812	Test_Phase.SEQUENCE.Word	LOADING RESOURCE SURFACE FROM DISK
3400562.5	Test_Phase.SEQUENCE.Word	LOADING RESOURCE SURFACE FROM DISK
3408492.117	Test_Phase.SEQUENCE.Word	LOADING RESOURCE SURFACE FROM DISK
3416341.446	Test_Phase.SEQUENCE.Word	LOADING RESOURCE SURFACE FROM DISK
3426910.124	Test_Phase.SEQUENCE.Word	LOADING RESOURCE SURFACE FROM DISK
3436208.295	Test_Phase.SEQUENCE.Word	LOADING RESOURCE SURFACE FROM DISK
3444356.384	Test_Phase.SEQUENCE.Word	LOADING RESOURCE SURFACE FROM DISK
3452104.934	Test_Phase.SEQUENCE.Word	LOADING RESOURCE SURFACE FROM DISK
3460789.699	Test_Phase.SEQUENCE.Word	LOADING RESOURCE SURFACE FROM DISK
3468788.705	Test_Phase.SEQUENCE.Word	LOADING RESOURCE SURFACE FROM DISK
3477304.938	Test_Phase.SEQUENCE.Word	LOADING RESOURCE SURFACE FROM DISK
3485241.905	Test_Phase.SEQUENCE.Word	LOADING RESOURCE SURFACE FROM DISK
3496338.357	Test_Phase.SEQUENCE.Word	LOADING RESOURCE SURFACE FROM DISK
3504589.527	Test_Phase.SEQUENCE.Word	LOADING RESOURCE SURFACE FROM DISK
3512911.453	Test_Phase.SEQUENCE.Word	LOADING RESOURCE SURFACE FROM DISK
3521538.302	Test_Phase.SEQUENCE.Word	LOADING RESOURCE SURFACE FROM DISK
3529771.96	Test_Phase.SEQUENCE.Word	LOADING RESOURCE SURFACE FROM DISK
3537637.765	Test_Phase.SEQUENCE.Word	LOADING RESOURCE SURFACE FROM DISK
3545532.49	Test_Phase.SEQUENCE.Word	LOADING RESOURCE SURFACE FROM DISK
3553525.084	Test_Phase.SEQUENCE.Word	LOADING RESOURCE SURFACE FROM DISK
3561571.766	Test_Phase.SEQUENCE.Word	LOADING RESOURCE SURFACE FROM DISK
3569565.525	Test_Phase.SEQUENCE.Word	LOADING RESOURCE SURFACE FROM DISK
3577808.738	Test_Phase.SEQUENCE.Word	LOADING RESOURCE SURFACE FROM DISK
3586822.224	Test_Phase.SEQUENCE.Word	LOADING RESOURCE SURFACE FROM DISK
3595555.045	Test_Phase.SEQUENCE.Word	LOADING RESOURCE SURFACE FROM DISK
3603543.826	Test_Phase.SEQUENCE.Word	LOADING RESOURCE SURFACE FROM DISK
3611254.999	Test_Phase.SEQUENCE.Word	LOADING RESOURCE SURFACE FROM DISK
3619480.324	Test_Phase.SEQUENCE.Word	LOADING RESOURCE SURFACE FROM DISK
3627863.984	Test_Phase.SEQUENCE.Word	LOADING RESOURCE SURFACE FROM DISK
3637423.503	Test_Phase.SEQUENCE.Word	LOADING RESOURCE SURFACE FROM DISK
3646138.699	Test_Phase.SEQUENCE.Word	LOADING RESOURCE SURFACE FROM DISK
3653921.592	Test_Phase.SEQUENCE.Word	LOADING RESOURCE SURFACE FROM DISK
3662065.811	Test_Phase.SEQUENCE.Word	LOADING RESOURCE SURFACE FROM DISK
3670221.812	Test_Phase.SEQUENCE.Word	LOADING RESOURCE SURFACE FROM DISK
3678488.679	Test_Phase.SEQUENCE.Word	LOADING RESOURCE SURFACE FROM DISK
3687105.202	Test_Phase.SEQUENCE.Word	LOADING RESOURCE SURFACE FROM DISK
3694957.928	Test_Phase.SEQUENCE.Word	LOADING RESOURCE SURFACE FROM DISK
3702888.347	Test_Phase.SEQUENCE.Word	LOADING RESOURCE SURFACE FROM DISK
3712004.863	Test_Phase.SEQUENCE.Word	LOADING RESOURCE SURFACE FROM DISK
3722181.747	Test_Phase.SEQUENCE.Word	LOADING RESOURCE SURFACE FROM DISK
3730322.041	Test_Phase.SEQUENCE.Word	LOADING RESOURCE SURFACE FROM DISK
3738238.372	Test_Phase.SEQUENCE.Word	LOADING RESOURCE SURFACE FROM DISK
3746405.033	Test_Phase.SEQUENCE.Word	LOADING RESOURCE SURFACE FROM DISK
3754597.24	Test_Phase.SEQUENCE.Word	LOADING RESOURCE SURFACE FROM DISK
3762371.801	Test_Phase.SEQUENCE.Word	LOADING RESOURCE SURFACE FROM DISK
3770512.989	Test_Phase.SEQUENCE.Word	LOADING RESOURCE SURFACE FROM DISK
3778622.522	Test_Phase.SEQUENCE.Word	LOADING RESOURCE SURFACE FROM DISK
3786714.19	Test_Phase.SEQUENCE.Word	LOADING RESOURCE SURFACE FROM DISK
3796855.036	Test_Phase.SEQUENCE.Word	LOADING RESOURCE SURFACE FROM DISK
3807700.805	Test_Phase.SEQUENCE.Word	LOADING RESOURCE SURFACE FROM DISK
3815821.692	Test_Phase.SEQUENCE.Word	LOADING RESOURCE SURFACE FROM DISK
3824012.01	Test_Phase.SEQUENCE.Word	LOADING RESOURCE SURFACE FROM DISK
3832104.927	Test_Phase.SEQUENCE.Word	LOADING RESOURCE SURFACE FROM DISK
3840038.611	Test_Phase.SEQUENCE.Word	LOADING RESOURCE SURFACE FROM DISK
3847788.274	Test_Phase.SEQUENCE.Word	LOADING RESOURCE SURFACE FROM DISK
3855844.891	Test_Phase.SEQUENCE.Word	LOADING RESOURCE SURFACE FROM DISK
3863772.001	Test_Phase.SEQUENCE.Word	LOADING RESOURCE SURFACE FROM DISK
3872941.419	Test_Phase.SEQUENCE.Word	LOADING RESOURCE SURFACE FROM DISK
3881177.022	Test_Phase.SEQUENCE.Word	LOADING RESOURCE SURFACE FROM DISK
3889108.985	Test_Phase.SEQUENCE.Word	LOADING RESOURCE SURFACE FROM DISK
3897255.307	Test_Phase.SEQUENCE.Word	LOADING RESOURCE SURFACE FROM DISK
3905654.919	Test_Phase.SEQUENCE.Word	LOADING RESOURCE SURFACE FROM DISK
3913355.028	Test_Phase.SEQUENCE.Word	LOADING RESOURCE SURFACE FROM DISK
3921173.196	Test_Phase.SEQUENCE.Word	LOADING RESOURCE SURFACE FROM DISK
3928371.761	Test_Phase.SEQUENCE.Word	LOADING RESOURCE SURFACE FROM DISK
3933232.531	DISPLAY_SCREEN	LOADING RESOURCE SURFACE FROM DISK
4334066.881	DISPLAY_SCREEN	CONNECTION TO EYELINK TRACKER LOST
