4753.403	DISPLAY_SCREEN[1]	LOADING RESOURCE SURFACE FROM DISK
1727770.404	Familiarization_Phase.SEQUENCE.Cue_and_Instruction	LOADING RESOURCE SURFACE FROM DISK
1727782.849	Familiarization_Phase.SEQUENCE.Cue_and_Instruction	LOADING RESOURCE SURFACE FROM DISK
1733869.004	Familiarization_Phase.SEQUENCE.Cue_and_Instruction	LOADING RESOURCE SURFACE FROM DISK
1733882.622	Familiarization_Phase.SEQUENCE.Cue_and_Instruction	LOADING RESOURCE SURFACE FROM DISK
1739927.158	Familiarization_Phase.SEQUENCE.Cue_and_Instruction	LOADING RESOURCE SURFACE FROM DISK
1739971.432	Familiarization_Phase.SEQUENCE.Cue_and_Instruction	LOADING RESOURCE SURFACE FROM DISK
1782092.665	DISPLAY_SCREEN[3]	LOADING RESOURCE SURFACE FROM DISK
1784996.18	DISPLAY_SCREEN[5]	LOADING RESOURCE SURFACE FROM DISK
2256250.741	Practice_Phase.SEQUENCE.Blink_Screen	LOADING RESOURCE SURFACE FROM DISK
2257454.841	Practice_Phase.SEQUENCE.Practice_Luminance_Cue	LOADING RESOURCE SURFACE FROM DISK
2257457.183	Practice_Phase.SEQUENCE.Practice_Luminance_Cue	LOADING RESOURCE SURFACE FROM DISK
2257954.887	Practice_Phase.SEQUENCE.DISPLAY_SCREEN	LOADING RESOURCE SURFACE FROM DISK
2259451.178	Practice_Phase.SEQUENCE.Practice_Instruction	LOADING RESOURCE SURFACE FROM DISK
2266040.128	Practice_Phase.SEQUENCE.DISPLAY_SCREEN	LOADING RESOURCE SURFACE FROM DISK
2266042.092	Practice_Phase.SEQUENCE.DISPLAY_SCREEN	flip time is later than desired time. Desired Time=2266040 Flip Time=2266056 Retrace Rate=16.641, prepareTime=26 flip request time 2266041
2267534.471	Practice_Phase.SEQUENCE.Practice_Instruction	LOADING RESOURCE SURFACE FROM DISK
2274142.273	Practice_Phase.SEQUENCE.DISPLAY_SCREEN	LOADING RESOURCE SURFACE FROM DISK
2274144.195	Practice_Phase.SEQUENCE.DISPLAY_SCREEN	flip time is later than desired time. Desired Time=2274123 Flip Time=2274156 Retrace Rate=16.641, prepareTime=45 flip request time 2274143
2275634.558	Practice_Phase.SEQUENCE.Practice_Instruction	LOADING RESOURCE SURFACE FROM DISK
2282204.549	Practice_Phase.SEQUENCE.DISPLAY_SCREEN	LOADING RESOURCE SURFACE FROM DISK
2283701.388	Practice_Phase.SEQUENCE.Practice_Instruction	LOADING RESOURCE SURFACE FROM DISK
2290271.175	Practice_Phase.SEQUENCE.DISPLAY_SCREEN	LOADING RESOURCE SURFACE FROM DISK
2291767.973	Practice_Phase.SEQUENCE.Practice_Instruction	LOADING RESOURCE SURFACE FROM DISK
2298337.994	Practice_Phase.SEQUENCE.DISPLAY_SCREEN	LOADING RESOURCE SURFACE FROM DISK
2299834.523	Practice_Phase.SEQUENCE.Practice_Instruction	LOADING RESOURCE SURFACE FROM DISK
2306404.568	Practice_Phase.SEQUENCE.DISPLAY_SCREEN	LOADING RESOURCE SURFACE FROM DISK
2307901.25	Practice_Phase.SEQUENCE.Practice_Instruction	LOADING RESOURCE SURFACE FROM DISK
2314471.037	Practice_Phase.SEQUENCE.DISPLAY_SCREEN	LOADING RESOURCE SURFACE FROM DISK
2315968.15	Practice_Phase.SEQUENCE.Practice_Instruction	LOADING RESOURCE SURFACE FROM DISK
2322537.998	Practice_Phase.SEQUENCE.DISPLAY_SCREEN	LOADING RESOURCE SURFACE FROM DISK
2324034.415	Practice_Phase.SEQUENCE.Practice_Instruction	LOADING RESOURCE SURFACE FROM DISK
2328700.611	DISPLAY_SCREEN[2]	LOADING RESOURCE SURFACE FROM DISK
2610179.579	Study_Phase.SEQUENCE.DISPLAY_SCREEN	LOADING RESOURCE SURFACE FROM DISK
2611693.091	Study_Phase.SEQUENCE.Study_Instruction	LOADING RESOURCE SURFACE FROM DISK
2619959.864	Study_Phase.SEQUENCE.Study_Instruction	LOADING RESOURCE SURFACE FROM DISK
2628225.915	Study_Phase.SEQUENCE.Study_Instruction	LOADING RESOURCE SURFACE FROM DISK
2634979.514	Study_Phase.SEQUENCE.DISPLAY_SCREEN	LOADING RESOURCE SURFACE FROM DISK
2636493.187	Study_Phase.SEQUENCE.Study_Instruction	LOADING RESOURCE SURFACE FROM DISK
2644759.283	Study_Phase.SEQUENCE.Study_Instruction	LOADING RESOURCE SURFACE FROM DISK
2651512.825	Study_Phase.SEQUENCE.DISPLAY_SCREEN	LOADING RESOURCE SURFACE FROM DISK
2653026.631	Study_Phase.SEQUENCE.Study_Instruction	LOADING RESOURCE SURFACE FROM DISK
2659779.574	Study_Phase.SEQUENCE.DISPLAY_SCREEN	LOADING RESOURCE SURFACE FROM DISK
2661293.221	Study_Phase.SEQUENCE.Study_Instruction	LOADING RESOURCE SURFACE FROM DISK
2668046.066	Study_Phase.SEQUENCE.DISPLAY_SCREEN	LOADING RESOURCE SURFACE FROM DISK
2669602.336	Study_Phase.SEQUENCE.Study_Instruction	LOADING RESOURCE SURFACE FROM DISK
2677875.963	Study_Phase.SEQUENCE.Study_Instruction	LOADING RESOURCE SURFACE FROM DISK
2686126.515	Study_Phase.SEQUENCE.Study_Instruction	LOADING RESOURCE SURFACE FROM DISK
2692879.493	Study_Phase.SEQUENCE.DISPLAY_SCREEN	LOADING RESOURCE SURFACE FROM DISK
2694393.184	Study_Phase.SEQUENCE.Study_Instruction	LOADING RESOURCE SURFACE FROM DISK
2702626.045	Study_Phase.SEQUENCE.Study_Instruction	LOADING RESOURCE SURFACE FROM DISK
2709379.672	Study_Phase.SEQUENCE.DISPLAY_SCREEN	LOADING RESOURCE SURFACE FROM DISK
2710935.238	Study_Phase.SEQUENCE.Study_Instruction	LOADING RESOURCE SURFACE FROM DISK
2719209.806	Study_Phase.SEQUENCE.Study_Instruction	LOADING RESOURCE SURFACE FROM DISK
2725929.425	Study_Phase.SEQUENCE.DISPLAY_SCREEN	LOADING RESOURCE SURFACE FROM DISK
2727443.126	Study_Phase.SEQUENCE.Study_Instruction	LOADING RESOURCE SURFACE FROM DISK
2734196.18	Study_Phase.SEQUENCE.DISPLAY_SCREEN	LOADING RESOURCE SURFACE FROM DISK
2735709.736	Study_Phase.SEQUENCE.Study_Instruction	LOADING RESOURCE SURFACE FROM DISK
2824662.922	Study_Phase.SEQUENCE.DISPLAY_SCREEN	LOADING RESOURCE SURFACE FROM DISK
2826176.515	Study_Phase.SEQUENCE.Study_Instruction	LOADING RESOURCE SURFACE FROM DISK
2834425.876	Study_Phase.SEQUENCE.Study_Instruction	LOADING RESOURCE SURFACE FROM DISK
2842693.065	Study_Phase.SEQUENCE.Study_Instruction	LOADING RESOURCE SURFACE FROM DISK
2849446.031	Study_Phase.SEQUENCE.DISPLAY_SCREEN	LOADING RESOURCE SURFACE FROM DISK
2850959.852	Study_Phase.SEQUENCE.Study_Instruction	LOADING RESOURCE SURFACE FROM DISK
2859225.89	Study_Phase.SEQUENCE.Study_Instruction	LOADING RESOURCE SURFACE FROM DISK
2867492.6	Study_Phase.SEQUENCE.Study_Instruction	LOADING RESOURCE SURFACE FROM DISK
2874246.142	Study_Phase.SEQUENCE.DISPLAY_SCREEN	LOADING RESOURCE SURFACE FROM DISK
2875759.876	Study_Phase.SEQUENCE.Study_Instruction	LOADING RESOURCE SURFACE FROM DISK
2882496.206	Study_Phase.SEQUENCE.DISPLAY_SCREEN	LOADING RESOURCE SURFACE FROM DISK
2884009.959	Study_Phase.SEQUENCE.Study_Instruction	LOADING RESOURCE SURFACE FROM DISK
2890762.95	Study_Phase.SEQUENCE.DISPLAY_SCREEN	LOADING RESOURCE SURFACE FROM DISK
2892337.115	Study_Phase.SEQUENCE.Study_Instruction	LOADING RESOURCE SURFACE FROM DISK
2900610.006	Study_Phase.SEQUENCE.Study_Instruction	LOADING RESOURCE SURFACE FROM DISK
2907362.972	Study_Phase.SEQUENCE.DISPLAY_SCREEN	LOADING RESOURCE SURFACE FROM DISK
2908920.649	Study_Phase.SEQUENCE.Study_Instruction	LOADING RESOURCE SURFACE FROM DISK
2917229.726	Study_Phase.SEQUENCE.Study_Instruction	LOADING RESOURCE SURFACE FROM DISK
2925493.507	Study_Phase.SEQUENCE.Study_Instruction	LOADING RESOURCE SURFACE FROM DISK
2932246.199	Study_Phase.SEQUENCE.DISPLAY_SCREEN	LOADING RESOURCE SURFACE FROM DISK
2933759.838	Study_Phase.SEQUENCE.Study_Instruction	LOADING RESOURCE SURFACE FROM DISK
2942026.51	Study_Phase.SEQUENCE.Study_Instruction	LOADING RESOURCE SURFACE FROM DISK
2948779.448	Study_Phase.SEQUENCE.DISPLAY_SCREEN	LOADING RESOURCE SURFACE FROM DISK
2950293.295	Study_Phase.SEQUENCE.Study_Instruction	LOADING RESOURCE SURFACE FROM DISK
2958559.21	Study_Phase.SEQUENCE.Study_Instruction	LOADING RESOURCE SURFACE FROM DISK
2965296.139	Study_Phase.SEQUENCE.DISPLAY_SCREEN	LOADING RESOURCE SURFACE FROM DISK
2966809.699	Study_Phase.SEQUENCE.Study_Instruction	LOADING RESOURCE SURFACE FROM DISK
2975076.51	Study_Phase.SEQUENCE.Study_Instruction	LOADING RESOURCE SURFACE FROM DISK
2983361.308	Study_Phase.SEQUENCE.Study_Instruction	LOADING RESOURCE SURFACE FROM DISK
2990112.932	Study_Phase.SEQUENCE.DISPLAY_SCREEN	LOADING RESOURCE SURFACE FROM DISK
2991626.524	Study_Phase.SEQUENCE.Study_Instruction	LOADING RESOURCE SURFACE FROM DISK
2998379.429	Study_Phase.SEQUENCE.DISPLAY_SCREEN	LOADING RESOURCE SURFACE FROM DISK
2999893.235	Study_Phase.SEQUENCE.Study_Instruction	LOADING RESOURCE SURFACE FROM DISK
3008159.168	Study_Phase.SEQUENCE.Study_Instruction	LOADING RESOURCE SURFACE FROM DISK
3014913.036	Study_Phase.SEQUENCE.DISPLAY_SCREEN	LOADING RESOURCE SURFACE FROM DISK
3016426.576	Study_Phase.SEQUENCE.Study_Instruction	LOADING RESOURCE SURFACE FROM DISK
3024692.622	Study_Phase.SEQUENCE.Study_Instruction	LOADING RESOURCE SURFACE FROM DISK
3032992.861	Study_Phase.SEQUENCE.Study_Instruction	LOADING RESOURCE SURFACE FROM DISK
3041292.723	Study_Phase.SEQUENCE.Study_Instruction	LOADING RESOURCE SURFACE FROM DISK
3049559.344	Study_Phase.SEQUENCE.Study_Instruction	LOADING RESOURCE SURFACE FROM DISK
3057809.272	Study_Phase.SEQUENCE.Study_Instruction	LOADING RESOURCE SURFACE FROM DISK
3066075.848	Study_Phase.SEQUENCE.Study_Instruction	LOADING RESOURCE SURFACE FROM DISK
3072829.583	Study_Phase.SEQUENCE.DISPLAY_SCREEN	LOADING RESOURCE SURFACE FROM DISK
3074343.101	Study_Phase.SEQUENCE.Study_Instruction	LOADING RESOURCE SURFACE FROM DISK
3082609.224	Study_Phase.SEQUENCE.Study_Instruction	LOADING RESOURCE SURFACE FROM DISK
3090876.502	Study_Phase.SEQUENCE.Study_Instruction	LOADING RESOURCE SURFACE FROM DISK
3099142.625	Study_Phase.SEQUENCE.Study_Instruction	LOADING RESOURCE SURFACE FROM DISK
3105895.987	Study_Phase.SEQUENCE.DISPLAY_SCREEN	LOADING RESOURCE SURFACE FROM DISK
3107409.778	Study_Phase.SEQUENCE.Study_Instruction	LOADING RESOURCE SURFACE FROM DISK
3115675.937	Study_Phase.SEQUENCE.Study_Instruction	LOADING RESOURCE SURFACE FROM DISK
3122429.572	Study_Phase.SEQUENCE.DISPLAY_SCREEN	LOADING RESOURCE SURFACE FROM DISK
3123943.091	Study_Phase.SEQUENCE.Study_Instruction	LOADING RESOURCE SURFACE FROM DISK
3130696.097	Study_Phase.SEQUENCE.DISPLAY_SCREEN	LOADING RESOURCE SURFACE FROM DISK
3132209.974	Study_Phase.SEQUENCE.Study_Instruction	LOADING RESOURCE SURFACE FROM DISK
3138946.333	Study_Phase.SEQUENCE.DISPLAY_SCREEN	LOADING RESOURCE SURFACE FROM DISK
3140459.905	Study_Phase.SEQUENCE.Study_Instruction	LOADING RESOURCE SURFACE FROM DISK
3148709.863	Study_Phase.SEQUENCE.Study_Instruction	LOADING RESOURCE SURFACE FROM DISK
3155462.765	Study_Phase.SEQUENCE.DISPLAY_SCREEN	LOADING RESOURCE SURFACE FROM DISK
3157009.895	Study_Phase.SEQUENCE.Study_Instruction	LOADING RESOURCE SURFACE FROM DISK
3165260.312	Study_Phase.SEQUENCE.Study_Instruction	LOADING RESOURCE SURFACE FROM DISK
3172012.999	Study_Phase.SEQUENCE.DISPLAY_SCREEN	LOADING RESOURCE SURFACE FROM DISK
3173526.533	Study_Phase.SEQUENCE.Study_Instruction	LOADING RESOURCE SURFACE FROM DISK
3181827.987	Study_Phase.SEQUENCE.Study_Instruction	LOADING RESOURCE SURFACE FROM DISK
3188579.515	Study_Phase.SEQUENCE.DISPLAY_SCREEN	LOADING RESOURCE SURFACE FROM DISK
3190093.118	Study_Phase.SEQUENCE.Study_Instruction	LOADING RESOURCE SURFACE FROM DISK
3198359.402	Study_Phase.SEQUENCE.Study_Instruction	LOADING RESOURCE SURFACE FROM DISK
3206626.017	Study_Phase.SEQUENCE.Study_Instruction	LOADING RESOURCE SURFACE FROM DISK
3214892.688	Study_Phase.SEQUENCE.Study_Instruction	LOADING RESOURCE SURFACE FROM DISK
3223159.337	Study_Phase.SEQUENCE.Study_Instruction	LOADING RESOURCE SURFACE FROM DISK
3231426.583	Study_Phase.SEQUENCE.Study_Instruction	LOADING RESOURCE SURFACE FROM DISK
3238179.568	Study_Phase.SEQUENCE.DISPLAY_SCREEN	LOADING RESOURCE SURFACE FROM DISK
3239693.165	Study_Phase.SEQUENCE.Study_Instruction	LOADING RESOURCE SURFACE FROM DISK
3247994.107	Study_Phase.SEQUENCE.Study_Instruction	LOADING RESOURCE SURFACE FROM DISK
3254746.114	Study_Phase.SEQUENCE.DISPLAY_SCREEN	LOADING RESOURCE SURFACE FROM DISK
3256260.132	Study_Phase.SEQUENCE.Study_Instruction	LOADING RESOURCE SURFACE FROM DISK
3264526.513	Study_Phase.SEQUENCE.Study_Instruction	LOADING RESOURCE SURFACE FROM DISK
3271279.658	Study_Phase.SEQUENCE.DISPLAY_SCREEN	LOADING RESOURCE SURFACE FROM DISK
3272830.938	Study_Phase.SEQUENCE.Study_Instruction	LOADING RESOURCE SURFACE FROM DISK
3281109.386	Study_Phase.SEQUENCE.Study_Instruction	LOADING RESOURCE SURFACE FROM DISK
3287862.936	Study_Phase.SEQUENCE.DISPLAY_SCREEN	LOADING RESOURCE SURFACE FROM DISK
3289376.639	Study_Phase.SEQUENCE.Study_Instruction	LOADING RESOURCE SURFACE FROM DISK
3297643.22	Study_Phase.SEQUENCE.Study_Instruction	LOADING RESOURCE SURFACE FROM DISK
3304396.344	Study_Phase.SEQUENCE.DISPLAY_SCREEN	LOADING RESOURCE SURFACE FROM DISK
3305909.829	Study_Phase.SEQUENCE.Study_Instruction	LOADING RESOURCE SURFACE FROM DISK
3312662.837	Study_Phase.SEQUENCE.DISPLAY_SCREEN	LOADING RESOURCE SURFACE FROM DISK
3314176.622	Study_Phase.SEQUENCE.Study_Instruction	LOADING RESOURCE SURFACE FROM DISK
3320912.789	Study_Phase.SEQUENCE.DISPLAY_SCREEN	LOADING RESOURCE SURFACE FROM DISK
3322426.384	Study_Phase.SEQUENCE.Study_Instruction	LOADING RESOURCE SURFACE FROM DISK
3330675.963	Study_Phase.SEQUENCE.Study_Instruction	LOADING RESOURCE SURFACE FROM DISK
3337429.441	Study_Phase.SEQUENCE.DISPLAY_SCREEN	LOADING RESOURCE SURFACE FROM DISK
3338943.199	Study_Phase.SEQUENCE.Study_Instruction	LOADING RESOURCE SURFACE FROM DISK
3345696.331	Study_Phase.SEQUENCE.DISPLAY_SCREEN	LOADING RESOURCE SURFACE FROM DISK
3347209.851	Study_Phase.SEQUENCE.Study_Instruction	LOADING RESOURCE SURFACE FROM DISK
3355516.345	Study_Phase.SEQUENCE.Study_Instruction	LOADING RESOURCE SURFACE FROM DISK
3363859.322	Study_Phase.SEQUENCE.Study_Instruction	LOADING RESOURCE SURFACE FROM DISK
3370579.315	Study_Phase.SEQUENCE.DISPLAY_SCREEN	LOADING RESOURCE SURFACE FROM DISK
3372093.174	Study_Phase.SEQUENCE.Study_Instruction	LOADING RESOURCE SURFACE FROM DISK
3380359.73	Study_Phase.SEQUENCE.Study_Instruction	LOADING RESOURCE SURFACE FROM DISK
3387112.784	Study_Phase.SEQUENCE.DISPLAY_SCREEN	LOADING RESOURCE SURFACE FROM DISK
3388626.391	Study_Phase.SEQUENCE.Study_Instruction	LOADING RESOURCE SURFACE FROM DISK
3395379.508	Study_Phase.SEQUENCE.DISPLAY_SCREEN	LOADING RESOURCE SURFACE FROM DISK
3396893.062	Study_Phase.SEQUENCE.Study_Instruction	LOADING RESOURCE SURFACE FROM DISK
3405159.404	Study_Phase.SEQUENCE.Study_Instruction	LOADING RESOURCE SURFACE FROM DISK
3413426.658	Study_Phase.SEQUENCE.Study_Instruction	LOADING RESOURCE SURFACE FROM DISK
3420179.405	Study_Phase.SEQUENCE.DISPLAY_SCREEN	LOADING RESOURCE SURFACE FROM DISK
3421693.218	Study_Phase.SEQUENCE.Study_Instruction	LOADING RESOURCE SURFACE FROM DISK
3429959.798	Study_Phase.SEQUENCE.Study_Instruction	LOADING RESOURCE SURFACE FROM DISK
3436712.614	Study_Phase.SEQUENCE.DISPLAY_SCREEN	LOADING RESOURCE SURFACE FROM DISK
3438270.143	Study_Phase.SEQUENCE.Study_Instruction	LOADING RESOURCE SURFACE FROM DISK
3446543.204	Study_Phase.SEQUENCE.Study_Instruction	LOADING RESOURCE SURFACE FROM DISK
3453296.226	Study_Phase.SEQUENCE.DISPLAY_SCREEN	LOADING RESOURCE SURFACE FROM DISK
3454809.773	Study_Phase.SEQUENCE.Study_Instruction	LOADING RESOURCE SURFACE FROM DISK
3463114.602	Study_Phase.SEQUENCE.Study_Instruction	LOADING RESOURCE SURFACE FROM DISK
3471392.637	Study_Phase.SEQUENCE.Study_Instruction	LOADING RESOURCE SURFACE FROM DISK
3478146.158	Study_Phase.SEQUENCE.DISPLAY_SCREEN	LOADING RESOURCE SURFACE FROM DISK
3479659.855	Study_Phase.SEQUENCE.Study_Instruction	LOADING RESOURCE SURFACE FROM DISK
3487909.817	Study_Phase.SEQUENCE.Study_Instruction	LOADING RESOURCE SURFACE FROM DISK
3496175.965	Study_Phase.SEQUENCE.Study_Instruction	LOADING RESOURCE SURFACE FROM DISK
3504442.716	Study_Phase.SEQUENCE.Study_Instruction	LOADING RESOURCE SURFACE FROM DISK
3512743.994	Study_Phase.SEQUENCE.Study_Instruction	LOADING RESOURCE SURFACE FROM DISK
3519496.026	Study_Phase.SEQUENCE.DISPLAY_SCREEN	LOADING RESOURCE SURFACE FROM DISK
3521009.726	Study_Phase.SEQUENCE.Study_Instruction	LOADING RESOURCE SURFACE FROM DISK
3529276.619	Study_Phase.SEQUENCE.Study_Instruction	LOADING RESOURCE SURFACE FROM DISK
3536012.902	Study_Phase.SEQUENCE.DISPLAY_SCREEN	LOADING RESOURCE SURFACE FROM DISK
3537526.49	Study_Phase.SEQUENCE.Study_Instruction	LOADING RESOURCE SURFACE FROM DISK
3544279.748	Study_Phase.SEQUENCE.DISPLAY_SCREEN	LOADING RESOURCE SURFACE FROM DISK
3545793.287	Study_Phase.SEQUENCE.Study_Instruction	LOADING RESOURCE SURFACE FROM DISK
3554059.986	Study_Phase.SEQUENCE.Study_Instruction	LOADING RESOURCE SURFACE FROM DISK
3562309.182	Study_Phase.SEQUENCE.Study_Instruction	LOADING RESOURCE SURFACE FROM DISK
3569062.612	Study_Phase.SEQUENCE.DISPLAY_SCREEN	LOADING RESOURCE SURFACE FROM DISK
3570576.42	Study_Phase.SEQUENCE.Study_Instruction	LOADING RESOURCE SURFACE FROM DISK
3578843.184	Study_Phase.SEQUENCE.Study_Instruction	LOADING RESOURCE SURFACE FROM DISK
3587109.213	Study_Phase.SEQUENCE.Study_Instruction	LOADING RESOURCE SURFACE FROM DISK
3595375.944	Study_Phase.SEQUENCE.Study_Instruction	LOADING RESOURCE SURFACE FROM DISK
3602129.514	Study_Phase.SEQUENCE.DISPLAY_SCREEN	LOADING RESOURCE SURFACE FROM DISK
3603643.135	Study_Phase.SEQUENCE.Study_Instruction	LOADING RESOURCE SURFACE FROM DISK
3611909.235	Study_Phase.SEQUENCE.Study_Instruction	LOADING RESOURCE SURFACE FROM DISK
3620176.603	Study_Phase.SEQUENCE.Study_Instruction	LOADING RESOURCE SURFACE FROM DISK
3626896.191	Study_Phase.SEQUENCE.DISPLAY_SCREEN	LOADING RESOURCE SURFACE FROM DISK
3628409.776	Study_Phase.SEQUENCE.Study_Instruction	LOADING RESOURCE SURFACE FROM DISK
3635162.619	Study_Phase.SEQUENCE.DISPLAY_SCREEN	LOADING RESOURCE SURFACE FROM DISK
3636676.426	Study_Phase.SEQUENCE.Study_Instruction	LOADING RESOURCE SURFACE FROM DISK
3643429.616	Study_Phase.SEQUENCE.DISPLAY_SCREEN	LOADING RESOURCE SURFACE FROM DISK
3644943.027	Study_Phase.SEQUENCE.Study_Instruction	LOADING RESOURCE SURFACE FROM DISK
3653209.744	Study_Phase.SEQUENCE.Study_Instruction	LOADING RESOURCE SURFACE FROM DISK
3659962.886	Study_Phase.SEQUENCE.DISPLAY_SCREEN	LOADING RESOURCE SURFACE FROM DISK
3661476.353	Study_Phase.SEQUENCE.Study_Instruction	LOADING RESOURCE SURFACE FROM DISK
3669743.116	Study_Phase.SEQUENCE.Study_Instruction	LOADING RESOURCE SURFACE FROM DISK
3674454.764	DISPLAY_SCREEN[7]	LOADING RESOURCE SURFACE FROM DISK
3856659.162	Test_Phase.SEQUENCE.Target_Cue	LOADING RESOURCE SURFACE FROM DISK
3856660.811	Test_Phase.SEQUENCE.Target_Cue	LOADING RESOURCE SURFACE FROM DISK
3858676.259	Test_Phase.SEQUENCE.Word	LOADING RESOURCE SURFACE FROM DISK
3861692.324	Test_Phase.SEQUENCE.Test_Question	LOADING RESOURCE SURFACE FROM DISK
3861693.971	Test_Phase.SEQUENCE.Test_Question	LOADING RESOURCE SURFACE FROM DISK
3861695.705	Test_Phase.SEQUENCE.Test_Question	LOADING RESOURCE SURFACE FROM DISK
3861697.331	Test_Phase.SEQUENCE.Test_Question	LOADING RESOURCE SURFACE FROM DISK
3861698.953	Test_Phase.SEQUENCE.Test_Question	LOADING RESOURCE SURFACE FROM DISK
3861700.6	Test_Phase.SEQUENCE.Test_Question	LOADING RESOURCE SURFACE FROM DISK
3861702.249	Test_Phase.SEQUENCE.Test_Question	LOADING RESOURCE SURFACE FROM DISK
3861703.828	Test_Phase.SEQUENCE.Test_Question	LOADING RESOURCE SURFACE FROM DISK
3861705.373	Test_Phase.SEQUENCE.Test_Question	LOADING RESOURCE SURFACE FROM DISK
3861707.154	Test_Phase.SEQUENCE.Test_Question	LOADING RESOURCE SURFACE FROM DISK
3861708.703	Test_Phase.SEQUENCE.Test_Question	LOADING RESOURCE SURFACE FROM DISK
3861710.293	Test_Phase.SEQUENCE.Test_Question	LOADING RESOURCE SURFACE FROM DISK
3867359.495	Test_Phase.SEQUENCE.Word	LOADING RESOURCE SURFACE FROM DISK
3875026.251	Test_Phase.SEQUENCE.Word	LOADING RESOURCE SURFACE FROM DISK
3882242.899	Test_Phase.SEQUENCE.Word	LOADING RESOURCE SURFACE FROM DISK
3890559.524	Test_Phase.SEQUENCE.Word	LOADING RESOURCE SURFACE FROM DISK
3898059.53	Test_Phase.SEQUENCE.Word	LOADING RESOURCE SURFACE FROM DISK
3907109.408	Test_Phase.SEQUENCE.Word	LOADING RESOURCE SURFACE FROM DISK
3915376.326	Test_Phase.SEQUENCE.Word	LOADING RESOURCE SURFACE FROM DISK
3923526.156	Test_Phase.SEQUENCE.Word	LOADING RESOURCE SURFACE FROM DISK
3932409.527	Test_Phase.SEQUENCE.Word	LOADING RESOURCE SURFACE FROM DISK
3940192.984	Test_Phase.SEQUENCE.Word	LOADING RESOURCE SURFACE FROM DISK
3947976.057	Test_Phase.SEQUENCE.Word	LOADING RESOURCE SURFACE FROM DISK
3956342.971	Test_Phase.SEQUENCE.Word	LOADING RESOURCE SURFACE FROM DISK
3964859.384	Test_Phase.SEQUENCE.Word	LOADING RESOURCE SURFACE FROM DISK
3971976.245	Test_Phase.SEQUENCE.Word	LOADING RESOURCE SURFACE FROM DISK
3979526.154	Test_Phase.SEQUENCE.Word	LOADING RESOURCE SURFACE FROM DISK
3987076.264	Test_Phase.SEQUENCE.Word	LOADING RESOURCE SURFACE FROM DISK
3995192.907	Test_Phase.SEQUENCE.Word	LOADING RESOURCE SURFACE FROM DISK
4002892.805	Test_Phase.SEQUENCE.Word	LOADING RESOURCE SURFACE FROM DISK
4012409.367	Test_Phase.SEQUENCE.Word	LOADING RESOURCE SURFACE FROM DISK
4020076.293	Test_Phase.SEQUENCE.Word	LOADING RESOURCE SURFACE FROM DISK
4027642.834	Test_Phase.SEQUENCE.Word	LOADING RESOURCE SURFACE FROM DISK
4035926.323	Test_Phase.SEQUENCE.Word	LOADING RESOURCE SURFACE FROM DISK
4043176.17	Test_Phase.SEQUENCE.Word	LOADING RESOURCE SURFACE FROM DISK
4054359.625	Test_Phase.SEQUENCE.Word	LOADING RESOURCE SURFACE FROM DISK
4062326.342	Test_Phase.SEQUENCE.Word	LOADING RESOURCE SURFACE FROM DISK
4070093.022	Test_Phase.SEQUENCE.Word	LOADING RESOURCE SURFACE FROM DISK
4077176.217	Test_Phase.SEQUENCE.Word	LOADING RESOURCE SURFACE FROM DISK
4092300.713	Test_Phase.SEQUENCE.Word	LOADING RESOURCE SURFACE FROM DISK
4100326.141	Test_Phase.SEQUENCE.Word	LOADING RESOURCE SURFACE FROM DISK
4107609.59	Test_Phase.SEQUENCE.Word	LOADING RESOURCE SURFACE FROM DISK
4114892.898	Test_Phase.SEQUENCE.Word	LOADING RESOURCE SURFACE FROM DISK
4123459.564	Test_Phase.SEQUENCE.Word	LOADING RESOURCE SURFACE FROM DISK
4131659.696	Test_Phase.SEQUENCE.Word	LOADING RESOURCE SURFACE FROM DISK
4139776.198	Test_Phase.SEQUENCE.Word	LOADING RESOURCE SURFACE FROM DISK
4147726.073	Test_Phase.SEQUENCE.Word	LOADING RESOURCE SURFACE FROM DISK
4154992.863	Test_Phase.SEQUENCE.Word	LOADING RESOURCE SURFACE FROM DISK
4162192.954	Test_Phase.SEQUENCE.Word	LOADING RESOURCE SURFACE FROM DISK
4169676.421	Test_Phase.SEQUENCE.Word	LOADING RESOURCE SURFACE FROM DISK
4177676.411	Test_Phase.SEQUENCE.Word	LOADING RESOURCE SURFACE FROM DISK
4184959.455	Test_Phase.SEQUENCE.Word	LOADING RESOURCE SURFACE FROM DISK
4193914.384	Test_Phase.SEQUENCE.Word	LOADING RESOURCE SURFACE FROM DISK
4201426.342	Test_Phase.SEQUENCE.Word	LOADING RESOURCE SURFACE FROM DISK
4209592.857	Test_Phase.SEQUENCE.Word	LOADING RESOURCE SURFACE FROM DISK
4216976.233	Test_Phase.SEQUENCE.Word	LOADING RESOURCE SURFACE FROM DISK
4225043.034	Test_Phase.SEQUENCE.Word	LOADING RESOURCE SURFACE FROM DISK
4232534.865	Test_Phase.SEQUENCE.Word	LOADING RESOURCE SURFACE FROM DISK
4240409.548	Test_Phase.SEQUENCE.Word	LOADING RESOURCE SURFACE FROM DISK
4247876.233	Test_Phase.SEQUENCE.Word	LOADING RESOURCE SURFACE FROM DISK
4255126.436	Test_Phase.SEQUENCE.Word	LOADING RESOURCE SURFACE FROM DISK
4263393.047	Test_Phase.SEQUENCE.Word	LOADING RESOURCE SURFACE FROM DISK
4272309.502	Test_Phase.SEQUENCE.Word	LOADING RESOURCE SURFACE FROM DISK
4280109.436	Test_Phase.SEQUENCE.Word	LOADING RESOURCE SURFACE FROM DISK
4287359.527	Test_Phase.SEQUENCE.Word	LOADING RESOURCE SURFACE FROM DISK
4295226.154	Test_Phase.SEQUENCE.Word	LOADING RESOURCE SURFACE FROM DISK
4303109.478	Test_Phase.SEQUENCE.Word	LOADING RESOURCE SURFACE FROM DISK
4310743.0	Test_Phase.SEQUENCE.Word	LOADING RESOURCE SURFACE FROM DISK
4317943.008	Test_Phase.SEQUENCE.Word	LOADING RESOURCE SURFACE FROM DISK
4326126.16	Test_Phase.SEQUENCE.Word	LOADING RESOURCE SURFACE FROM DISK
4334042.846	Test_Phase.SEQUENCE.Word	LOADING RESOURCE SURFACE FROM DISK
4342426.301	Test_Phase.SEQUENCE.Word	LOADING RESOURCE SURFACE FROM DISK
4349809.44	Test_Phase.SEQUENCE.Word	LOADING RESOURCE SURFACE FROM DISK
4358359.552	Test_Phase.SEQUENCE.Word	LOADING RESOURCE SURFACE FROM DISK
4366517.933	Test_Phase.SEQUENCE.Word	LOADING RESOURCE SURFACE FROM DISK
4373643.17	Test_Phase.SEQUENCE.Word	LOADING RESOURCE SURFACE FROM DISK
4382159.522	Test_Phase.SEQUENCE.Word	LOADING RESOURCE SURFACE FROM DISK
4389376.318	Test_Phase.SEQUENCE.Word	LOADING RESOURCE SURFACE FROM DISK
4396776.09	Test_Phase.SEQUENCE.Word	LOADING RESOURCE SURFACE FROM DISK
4404326.278	Test_Phase.SEQUENCE.Word	LOADING RESOURCE SURFACE FROM DISK
4412526.292	Test_Phase.SEQUENCE.Word	LOADING RESOURCE SURFACE FROM DISK
4421009.396	Test_Phase.SEQUENCE.Word	LOADING RESOURCE SURFACE FROM DISK
4428142.848	Test_Phase.SEQUENCE.Word	LOADING RESOURCE SURFACE FROM DISK
4435609.471	Test_Phase.SEQUENCE.Word	LOADING RESOURCE SURFACE FROM DISK
4442926.15	Test_Phase.SEQUENCE.Word	LOADING RESOURCE SURFACE FROM DISK
4450926.225	Test_Phase.SEQUENCE.Word	LOADING RESOURCE SURFACE FROM DISK
4458842.946	Test_Phase.SEQUENCE.Word	LOADING RESOURCE SURFACE FROM DISK
4466226.237	Test_Phase.SEQUENCE.Word	LOADING RESOURCE SURFACE FROM DISK
4473542.776	Test_Phase.SEQUENCE.Word	LOADING RESOURCE SURFACE FROM DISK
4480759.547	Test_Phase.SEQUENCE.Word	LOADING RESOURCE SURFACE FROM DISK
4489242.716	Test_Phase.SEQUENCE.Word	LOADING RESOURCE SURFACE FROM DISK
4497383.41	Test_Phase.SEQUENCE.Word	LOADING RESOURCE SURFACE FROM DISK
4504759.415	Test_Phase.SEQUENCE.Word	LOADING RESOURCE SURFACE FROM DISK
4513259.532	Test_Phase.SEQUENCE.Word	LOADING RESOURCE SURFACE FROM DISK
4521292.97	Test_Phase.SEQUENCE.Word	LOADING RESOURCE SURFACE FROM DISK
4529259.638	Test_Phase.SEQUENCE.Word	LOADING RESOURCE SURFACE FROM DISK
4536859.484	Test_Phase.SEQUENCE.Word	LOADING RESOURCE SURFACE FROM DISK
4545959.491	Test_Phase.SEQUENCE.Word	LOADING RESOURCE SURFACE FROM DISK
4553292.939	Test_Phase.SEQUENCE.Word	LOADING RESOURCE SURFACE FROM DISK
4560642.858	Test_Phase.SEQUENCE.Word	LOADING RESOURCE SURFACE FROM DISK
4568692.864	Test_Phase.SEQUENCE.Word	LOADING RESOURCE SURFACE FROM DISK
4576309.66	Test_Phase.SEQUENCE.Word	LOADING RESOURCE SURFACE FROM DISK
4584126.119	Test_Phase.SEQUENCE.Word	LOADING RESOURCE SURFACE FROM DISK
4591959.564	Test_Phase.SEQUENCE.Word	LOADING RESOURCE SURFACE FROM DISK
4599342.976	Test_Phase.SEQUENCE.Word	LOADING RESOURCE SURFACE FROM DISK
4607709.439	Test_Phase.SEQUENCE.Word	LOADING RESOURCE SURFACE FROM DISK
4614876.088	Test_Phase.SEQUENCE.Word	LOADING RESOURCE SURFACE FROM DISK
4622293.006	Test_Phase.SEQUENCE.Word	LOADING RESOURCE SURFACE FROM DISK
4629426.188	Test_Phase.SEQUENCE.Word	LOADING RESOURCE SURFACE FROM DISK
4638359.573	Test_Phase.SEQUENCE.Word	LOADING RESOURCE SURFACE FROM DISK
4646759.408	Test_Phase.SEQUENCE.Word	LOADING RESOURCE SURFACE FROM DISK
4653959.428	Test_Phase.SEQUENCE.Word	LOADING RESOURCE SURFACE FROM DISK
4661892.842	Test_Phase.SEQUENCE.Word	LOADING RESOURCE SURFACE FROM DISK
4669309.468	Test_Phase.SEQUENCE.Word	LOADING RESOURCE SURFACE FROM DISK
4676476.232	Test_Phase.SEQUENCE.Word	LOADING RESOURCE SURFACE FROM DISK
4684759.489	Test_Phase.SEQUENCE.Word	LOADING RESOURCE SURFACE FROM DISK
4692626.223	Test_Phase.SEQUENCE.Word	LOADING RESOURCE SURFACE FROM DISK
4699776.356	Test_Phase.SEQUENCE.Word	LOADING RESOURCE SURFACE FROM DISK
4707892.993	Test_Phase.SEQUENCE.Word	LOADING RESOURCE SURFACE FROM DISK
4716126.3	Test_Phase.SEQUENCE.Word	LOADING RESOURCE SURFACE FROM DISK
4723342.866	Test_Phase.SEQUENCE.Word	LOADING RESOURCE SURFACE FROM DISK
4730676.144	Test_Phase.SEQUENCE.Word	LOADING RESOURCE SURFACE FROM DISK
4738076.242	Test_Phase.SEQUENCE.Word	LOADING RESOURCE SURFACE FROM DISK
4745543.277	Test_Phase.SEQUENCE.Word	LOADING RESOURCE SURFACE FROM DISK
4753209.433	Test_Phase.SEQUENCE.Word	LOADING RESOURCE SURFACE FROM DISK
4762226.292	Test_Phase.SEQUENCE.Word	LOADING RESOURCE SURFACE FROM DISK
4770026.29	Test_Phase.SEQUENCE.Word	LOADING RESOURCE SURFACE FROM DISK
4777226.4	Test_Phase.SEQUENCE.Word	LOADING RESOURCE SURFACE FROM DISK
4784559.43	Test_Phase.SEQUENCE.Word	LOADING RESOURCE SURFACE FROM DISK
4791759.446	Test_Phase.SEQUENCE.Word	LOADING RESOURCE SURFACE FROM DISK
4798959.527	Test_Phase.SEQUENCE.Word	LOADING RESOURCE SURFACE FROM DISK
4806409.454	Test_Phase.SEQUENCE.Word	LOADING RESOURCE SURFACE FROM DISK
4813892.851	Test_Phase.SEQUENCE.Word	LOADING RESOURCE SURFACE FROM DISK
4821159.387	Test_Phase.SEQUENCE.Word	LOADING RESOURCE SURFACE FROM DISK
4828992.962	Test_Phase.SEQUENCE.Word	LOADING RESOURCE SURFACE FROM DISK
4836692.917	Test_Phase.SEQUENCE.Word	LOADING RESOURCE SURFACE FROM DISK
4843876.191	Test_Phase.SEQUENCE.Word	LOADING RESOURCE SURFACE FROM DISK
4851026.227	Test_Phase.SEQUENCE.Word	LOADING RESOURCE SURFACE FROM DISK
4858842.688	Test_Phase.SEQUENCE.Word	LOADING RESOURCE SURFACE FROM DISK
4865943.038	Test_Phase.SEQUENCE.Word	LOADING RESOURCE SURFACE FROM DISK
4873292.94	Test_Phase.SEQUENCE.Word	LOADING RESOURCE SURFACE FROM DISK
4881326.172	Test_Phase.SEQUENCE.Word	LOADING RESOURCE SURFACE FROM DISK
4889643.043	Test_Phase.SEQUENCE.Word	LOADING RESOURCE SURFACE FROM DISK
4897716.346	Test_Phase.SEQUENCE.Word	LOADING RESOURCE SURFACE FROM DISK
4905743.03	Test_Phase.SEQUENCE.Word	LOADING RESOURCE SURFACE FROM DISK
4913592.861	Test_Phase.SEQUENCE.Word	LOADING RESOURCE SURFACE FROM DISK
4920693.057	Test_Phase.SEQUENCE.Word	LOADING RESOURCE SURFACE FROM DISK
4927926.445	Test_Phase.SEQUENCE.Word	LOADING RESOURCE SURFACE FROM DISK
4935892.986	Test_Phase.SEQUENCE.Word	LOADING RESOURCE SURFACE FROM DISK
4943109.479	Test_Phase.SEQUENCE.Word	LOADING RESOURCE SURFACE FROM DISK
4951209.576	Test_Phase.SEQUENCE.Word	LOADING RESOURCE SURFACE FROM DISK
4958459.422	Test_Phase.SEQUENCE.Word	LOADING RESOURCE SURFACE FROM DISK
4966292.75	Test_Phase.SEQUENCE.Word	LOADING RESOURCE SURFACE FROM DISK
4975011.267	Test_Phase.SEQUENCE.Word	LOADING RESOURCE SURFACE FROM DISK
4983668.925	Test_Phase.SEQUENCE.Word	LOADING RESOURCE SURFACE FROM DISK
4991592.865	Test_Phase.SEQUENCE.Word	LOADING RESOURCE SURFACE FROM DISK
4999126.462	Test_Phase.SEQUENCE.Word	LOADING RESOURCE SURFACE FROM DISK
5006526.146	Test_Phase.SEQUENCE.Word	LOADING RESOURCE SURFACE FROM DISK
5014059.514	Test_Phase.SEQUENCE.Word	LOADING RESOURCE SURFACE FROM DISK
5020999.117	Test_Phase.SEQUENCE.Word	LOADING RESOURCE SURFACE FROM DISK
5028276.182	Test_Phase.SEQUENCE.Word	LOADING RESOURCE SURFACE FROM DISK
5035359.473	Test_Phase.SEQUENCE.Word	LOADING RESOURCE SURFACE FROM DISK
5043676.187	Test_Phase.SEQUENCE.Word	LOADING RESOURCE SURFACE FROM DISK
5051426.302	Test_Phase.SEQUENCE.Word	LOADING RESOURCE SURFACE FROM DISK
5058659.448	Test_Phase.SEQUENCE.Word	LOADING RESOURCE SURFACE FROM DISK
5065726.37	Test_Phase.SEQUENCE.Word	LOADING RESOURCE SURFACE FROM DISK
5072892.857	Test_Phase.SEQUENCE.Word	LOADING RESOURCE SURFACE FROM DISK
5082459.477	Test_Phase.SEQUENCE.Word	LOADING RESOURCE SURFACE FROM DISK
5089773.124	Test_Phase.SEQUENCE.Word	LOADING RESOURCE SURFACE FROM DISK
5097276.197	Test_Phase.SEQUENCE.Word	LOADING RESOURCE SURFACE FROM DISK
5105476.155	Test_Phase.SEQUENCE.Word	LOADING RESOURCE SURFACE FROM DISK
5113676.319	Test_Phase.SEQUENCE.Word	LOADING RESOURCE SURFACE FROM DISK
5120942.966	Test_Phase.SEQUENCE.Word	LOADING RESOURCE SURFACE FROM DISK
5128026.221	Test_Phase.SEQUENCE.Word	LOADING RESOURCE SURFACE FROM DISK
5135276.299	Test_Phase.SEQUENCE.Word	LOADING RESOURCE SURFACE FROM DISK
5142809.417	Test_Phase.SEQUENCE.Word	LOADING RESOURCE SURFACE FROM DISK
5149942.924	Test_Phase.SEQUENCE.Word	LOADING RESOURCE SURFACE FROM DISK
5157842.883	Test_Phase.SEQUENCE.Word	LOADING RESOURCE SURFACE FROM DISK
5164976.185	Test_Phase.SEQUENCE.Word	LOADING RESOURCE SURFACE FROM DISK
5173009.567	Test_Phase.SEQUENCE.Word	LOADING RESOURCE SURFACE FROM DISK
5181176.081	Test_Phase.SEQUENCE.Word	LOADING RESOURCE SURFACE FROM DISK
5188467.628	Test_Phase.SEQUENCE.Word	LOADING RESOURCE SURFACE FROM DISK
5195659.573	Test_Phase.SEQUENCE.Word	LOADING RESOURCE SURFACE FROM DISK
5202759.489	Test_Phase.SEQUENCE.Word	LOADING RESOURCE SURFACE FROM DISK
5210326.741	Test_Phase.SEQUENCE.Word	LOADING RESOURCE SURFACE FROM DISK
5217526.396	Test_Phase.SEQUENCE.Word	LOADING RESOURCE SURFACE FROM DISK
5225376.404	Test_Phase.SEQUENCE.Word	LOADING RESOURCE SURFACE FROM DISK
5232459.691	Test_Phase.SEQUENCE.Word	LOADING RESOURCE SURFACE FROM DISK
5240476.234	Test_Phase.SEQUENCE.Word	LOADING RESOURCE SURFACE FROM DISK
5249126.1	Test_Phase.SEQUENCE.Word	LOADING RESOURCE SURFACE FROM DISK
5256276.329	Test_Phase.SEQUENCE.Word	LOADING RESOURCE SURFACE FROM DISK
5263342.838	Test_Phase.SEQUENCE.Word	LOADING RESOURCE SURFACE FROM DISK
5270609.563	Test_Phase.SEQUENCE.Word	LOADING RESOURCE SURFACE FROM DISK
5278242.806	Test_Phase.SEQUENCE.Word	LOADING RESOURCE SURFACE FROM DISK
5286126.342	Test_Phase.SEQUENCE.Word	LOADING RESOURCE SURFACE FROM DISK
5293309.485	Test_Phase.SEQUENCE.Word	LOADING RESOURCE SURFACE FROM DISK
5300409.912	Test_Phase.SEQUENCE.Word	LOADING RESOURCE SURFACE FROM DISK
5307792.84	Test_Phase.SEQUENCE.Word	LOADING RESOURCE SURFACE FROM DISK
5314959.484	Test_Phase.SEQUENCE.Word	LOADING RESOURCE SURFACE FROM DISK
5322142.852	Test_Phase.SEQUENCE.Word	LOADING RESOURCE SURFACE FROM DISK
5329326.012	Test_Phase.SEQUENCE.Word	LOADING RESOURCE SURFACE FROM DISK
5337609.506	Test_Phase.SEQUENCE.Word	LOADING RESOURCE SURFACE FROM DISK
5345159.435	Test_Phase.SEQUENCE.Word	LOADING RESOURCE SURFACE FROM DISK
5353126.296	Test_Phase.SEQUENCE.Word	LOADING RESOURCE SURFACE FROM DISK
5361726.163	Test_Phase.SEQUENCE.Word	LOADING RESOURCE SURFACE FROM DISK
5368876.353	Test_Phase.SEQUENCE.Word	LOADING RESOURCE SURFACE FROM DISK
5376309.606	Test_Phase.SEQUENCE.Word	LOADING RESOURCE SURFACE FROM DISK
5383642.789	Test_Phase.SEQUENCE.Word	LOADING RESOURCE SURFACE FROM DISK
5390909.471	Test_Phase.SEQUENCE.Word	LOADING RESOURCE SURFACE FROM DISK
5399442.973	Test_Phase.SEQUENCE.Word	LOADING RESOURCE SURFACE FROM DISK
5403182.443	DISPLAY_SCREEN	LOADING RESOURCE SURFACE FROM DISK
