5491.268	DISPLAY_SCREEN[1]	LOADING RESOURCE SURFACE FROM DISK
237031.683	Familiarization_Phase.SEQUENCE.Cue_and_Instruction	LOADING RESOURCE SURFACE FROM DISK
237041.532	Familiarization_Phase.SEQUENCE.Cue_and_Instruction	LOADING RESOURCE SURFACE FROM DISK
243114.284	Familiarization_Phase.SEQUENCE.Cue_and_Instruction	LOADING RESOURCE SURFACE FROM DISK
243125.079	Familiarization_Phase.SEQUENCE.Cue_and_Instruction	LOADING RESOURCE SURFACE FROM DISK
249165.451	Familiarization_Phase.SEQUENCE.Cue_and_Instruction	LOADING RESOURCE SURFACE FROM DISK
249175.073	Familiarization_Phase.SEQUENCE.Cue_and_Instruction	LOADING RESOURCE SURFACE FROM DISK
291582.139	DISPLAY_SCREEN[3]	LOADING RESOURCE SURFACE FROM DISK
396668.389	DISPLAY_SCREEN[5]	LOADING RESOURCE SURFACE FROM DISK
495898.678	Practice_Phase.SEQUENCE.Blink_Screen	LOADING RESOURCE SURFACE FROM DISK
495899.716	Practice_Phase.SEQUENCE.Blink_Screen	flip time is later than desired time. Desired Time=495878 Flip Time=495911 Retrace Rate=16.635, prepareTime=45 flip request time 495899
497131.633	Practice_Phase.SEQUENCE.Luminance_Cue[1]	LOADING RESOURCE SURFACE FROM DISK
497145.611	Practice_Phase.SEQUENCE.Luminance_Cue[1]	LOADING RESOURCE SURFACE FROM DISK
497147.116	Practice_Phase.SEQUENCE.Luminance_Cue[1]	flip time is later than desired time. Desired Time=497111 Flip Time=497161 Retrace Rate=16.635, prepareTime=59 flip request time 497146
497648.033	Practice_Phase.SEQUENCE.Practice_Instruction	LOADING RESOURCE SURFACE FROM DISK
497665.16	Practice_Phase.SEQUENCE.Practice_Instruction	LOADING RESOURCE SURFACE FROM DISK
497666.807	Practice_Phase.SEQUENCE.Practice_Instruction	flip time is later than desired time. Desired Time=497661 Flip Time=497678 Retrace Rate=16.635, prepareTime=29 flip request time 497666
501160.025	Practice_Phase.SEQUENCE.Action_cue[1]	LOADING RESOURCE SURFACE FROM DISK
505734.584	Practice_Phase.SEQUENCE.Practice_Instruction	LOADING RESOURCE SURFACE FROM DISK
505787.071	Practice_Phase.SEQUENCE.Practice_Instruction	LOADING RESOURCE SURFACE FROM DISK
505788.64	Practice_Phase.SEQUENCE.Practice_Instruction	flip time is later than desired time. Desired Time=505745 Flip Time=505811 Retrace Rate=16.635, prepareTime=67 flip request time 505788
513903.106	Practice_Phase.SEQUENCE.Practice_Instruction	LOADING RESOURCE SURFACE FROM DISK
513905.649	Practice_Phase.SEQUENCE.Practice_Instruction	LOADING RESOURCE SURFACE FROM DISK
513907.179	Practice_Phase.SEQUENCE.Practice_Instruction	flip time is later than desired time. Desired Time=513878 Flip Time=513928 Retrace Rate=16.635, prepareTime=52 flip request time 513906
521976.448	Practice_Phase.SEQUENCE.Practice_Instruction	LOADING RESOURCE SURFACE FROM DISK
521979.082	Practice_Phase.SEQUENCE.Practice_Instruction	LOADING RESOURCE SURFACE FROM DISK
530042.823	Practice_Phase.SEQUENCE.Practice_Instruction	LOADING RESOURCE SURFACE FROM DISK
530045.526	Practice_Phase.SEQUENCE.Practice_Instruction	LOADING RESOURCE SURFACE FROM DISK
538109.635	Practice_Phase.SEQUENCE.Practice_Instruction	LOADING RESOURCE SURFACE FROM DISK
538119.358	Practice_Phase.SEQUENCE.Practice_Instruction	LOADING RESOURCE SURFACE FROM DISK
538120.848	Practice_Phase.SEQUENCE.Practice_Instruction	flip time is later than desired time. Desired Time=538128 Flip Time=538145 Retrace Rate=16.635, prepareTime=16 flip request time 538120
546192.886	Practice_Phase.SEQUENCE.Practice_Instruction	LOADING RESOURCE SURFACE FROM DISK
546195.54	Practice_Phase.SEQUENCE.Practice_Instruction	LOADING RESOURCE SURFACE FROM DISK
554259.613	Practice_Phase.SEQUENCE.Practice_Instruction	LOADING RESOURCE SURFACE FROM DISK
554262.288	Practice_Phase.SEQUENCE.Practice_Instruction	LOADING RESOURCE SURFACE FROM DISK
562326.053	Practice_Phase.SEQUENCE.Practice_Instruction	LOADING RESOURCE SURFACE FROM DISK
562328.76	Practice_Phase.SEQUENCE.Practice_Instruction	LOADING RESOURCE SURFACE FROM DISK
568489.639	DISPLAY_SCREEN[2]	LOADING RESOURCE SURFACE FROM DISK
979434.945	Study_Phase.SEQUENCE.Study_Instruction	LOADING RESOURCE SURFACE FROM DISK
979725.834	Study_Phase.SEQUENCE.Study_Instruction	LOADING RESOURCE SURFACE FROM DISK
988018.463	Study_Phase.SEQUENCE.Study_Instruction	LOADING RESOURCE SURFACE FROM DISK
988041.583	Study_Phase.SEQUENCE.Study_Instruction	LOADING RESOURCE SURFACE FROM DISK
996318.271	Study_Phase.SEQUENCE.Study_Instruction	LOADING RESOURCE SURFACE FROM DISK
996356.189	Study_Phase.SEQUENCE.Study_Instruction	LOADING RESOURCE SURFACE FROM DISK
1004667.384	Study_Phase.SEQUENCE.Study_Instruction	LOADING RESOURCE SURFACE FROM DISK
1012935.153	Study_Phase.SEQUENCE.Study_Instruction	LOADING RESOURCE SURFACE FROM DISK
1012971.595	Study_Phase.SEQUENCE.Study_Instruction	LOADING RESOURCE SURFACE FROM DISK
1021288.0	Study_Phase.SEQUENCE.Study_Instruction	LOADING RESOURCE SURFACE FROM DISK
1029564.872	Study_Phase.SEQUENCE.Study_Instruction	LOADING RESOURCE SURFACE FROM DISK
1037834.879	Study_Phase.SEQUENCE.Study_Instruction	LOADING RESOURCE SURFACE FROM DISK
1037898.075	Study_Phase.SEQUENCE.Study_Instruction	LOADING RESOURCE SURFACE FROM DISK
1046165.989	Study_Phase.SEQUENCE.Study_Instruction	LOADING RESOURCE SURFACE FROM DISK
1054471.553	Study_Phase.SEQUENCE.Study_Instruction	LOADING RESOURCE SURFACE FROM DISK
1062751.435	Study_Phase.SEQUENCE.Study_Instruction	LOADING RESOURCE SURFACE FROM DISK
1062796.321	Study_Phase.SEQUENCE.Study_Instruction	LOADING RESOURCE SURFACE FROM DISK
1071075.436	Study_Phase.SEQUENCE.Study_Instruction	LOADING RESOURCE SURFACE FROM DISK
1079334.981	Study_Phase.SEQUENCE.Study_Instruction	LOADING RESOURCE SURFACE FROM DISK
1079370.133	Study_Phase.SEQUENCE.Study_Instruction	LOADING RESOURCE SURFACE FROM DISK
1087632.964	Study_Phase.SEQUENCE.Study_Instruction	LOADING RESOURCE SURFACE FROM DISK
1095901.548	Study_Phase.SEQUENCE.Study_Instruction	LOADING RESOURCE SURFACE FROM DISK
1095943.52	Study_Phase.SEQUENCE.Study_Instruction	LOADING RESOURCE SURFACE FROM DISK
1104181.538	Study_Phase.SEQUENCE.Study_Instruction	LOADING RESOURCE SURFACE FROM DISK
1112451.518	Study_Phase.SEQUENCE.Study_Instruction	LOADING RESOURCE SURFACE FROM DISK
1112489.485	Study_Phase.SEQUENCE.Study_Instruction	LOADING RESOURCE SURFACE FROM DISK
1120765.984	Study_Phase.SEQUENCE.Study_Instruction	LOADING RESOURCE SURFACE FROM DISK
1129034.823	Study_Phase.SEQUENCE.Study_Instruction	LOADING RESOURCE SURFACE FROM DISK
1129095.336	Study_Phase.SEQUENCE.Study_Instruction	LOADING RESOURCE SURFACE FROM DISK
1137385.398	Study_Phase.SEQUENCE.Study_Instruction	LOADING RESOURCE SURFACE FROM DISK
1145651.721	Study_Phase.SEQUENCE.Study_Instruction	LOADING RESOURCE SURFACE FROM DISK
1145654.132	Study_Phase.SEQUENCE.Study_Instruction	LOADING RESOURCE SURFACE FROM DISK
1153934.998	Study_Phase.SEQUENCE.Study_Instruction	LOADING RESOURCE SURFACE FROM DISK
1153990.032	Study_Phase.SEQUENCE.Study_Instruction	LOADING RESOURCE SURFACE FROM DISK
1162251.628	Study_Phase.SEQUENCE.Study_Instruction	LOADING RESOURCE SURFACE FROM DISK
1162290.291	Study_Phase.SEQUENCE.Study_Instruction	LOADING RESOURCE SURFACE FROM DISK
1170600.959	Study_Phase.SEQUENCE.Study_Instruction	LOADING RESOURCE SURFACE FROM DISK
1178906.718	Study_Phase.SEQUENCE.Study_Instruction	LOADING RESOURCE SURFACE FROM DISK
1187168.324	Study_Phase.SEQUENCE.Study_Instruction	LOADING RESOURCE SURFACE FROM DISK
1187170.816	Study_Phase.SEQUENCE.Study_Instruction	LOADING RESOURCE SURFACE FROM DISK
1195448.155	Study_Phase.SEQUENCE.Study_Instruction	LOADING RESOURCE SURFACE FROM DISK
1203718.263	Study_Phase.SEQUENCE.Study_Instruction	LOADING RESOURCE SURFACE FROM DISK
1203761.48	Study_Phase.SEQUENCE.Study_Instruction	LOADING RESOURCE SURFACE FROM DISK
1212031.358	Study_Phase.SEQUENCE.Study_Instruction	LOADING RESOURCE SURFACE FROM DISK
1220335.623	Study_Phase.SEQUENCE.Study_Instruction	LOADING RESOURCE SURFACE FROM DISK
1228617.091	Study_Phase.SEQUENCE.Study_Instruction	LOADING RESOURCE SURFACE FROM DISK
1236884.969	Study_Phase.SEQUENCE.Study_Instruction	LOADING RESOURCE SURFACE FROM DISK
1236887.502	Study_Phase.SEQUENCE.Study_Instruction	LOADING RESOURCE SURFACE FROM DISK
1245165.008	Study_Phase.SEQUENCE.Study_Instruction	LOADING RESOURCE SURFACE FROM DISK
1253432.754	Study_Phase.SEQUENCE.Study_Instruction	LOADING RESOURCE SURFACE FROM DISK
1261701.58	Study_Phase.SEQUENCE.Study_Instruction	LOADING RESOURCE SURFACE FROM DISK
1261736.399	Study_Phase.SEQUENCE.Study_Instruction	LOADING RESOURCE SURFACE FROM DISK
1270015.795	Study_Phase.SEQUENCE.Study_Instruction	LOADING RESOURCE SURFACE FROM DISK
1278281.461	Study_Phase.SEQUENCE.Study_Instruction	LOADING RESOURCE SURFACE FROM DISK
1286561.998	Study_Phase.SEQUENCE.Study_Instruction	LOADING RESOURCE SURFACE FROM DISK
1294834.933	Study_Phase.SEQUENCE.Study_Instruction	LOADING RESOURCE SURFACE FROM DISK
1294879.369	Study_Phase.SEQUENCE.Study_Instruction	LOADING RESOURCE SURFACE FROM DISK
1303148.165	Study_Phase.SEQUENCE.Study_Instruction	LOADING RESOURCE SURFACE FROM DISK
1311418.445	Study_Phase.SEQUENCE.Study_Instruction	LOADING RESOURCE SURFACE FROM DISK
1311421.321	Study_Phase.SEQUENCE.Study_Instruction	LOADING RESOURCE SURFACE FROM DISK
1319738.301	Study_Phase.SEQUENCE.Study_Instruction	LOADING RESOURCE SURFACE FROM DISK
1328018.288	Study_Phase.SEQUENCE.Study_Instruction	LOADING RESOURCE SURFACE FROM DISK
1328062.434	Study_Phase.SEQUENCE.Study_Instruction	LOADING RESOURCE SURFACE FROM DISK
1336366.588	Study_Phase.SEQUENCE.Study_Instruction	LOADING RESOURCE SURFACE FROM DISK
1344635.129	Study_Phase.SEQUENCE.Study_Instruction	LOADING RESOURCE SURFACE FROM DISK
1344637.587	Study_Phase.SEQUENCE.Study_Instruction	LOADING RESOURCE SURFACE FROM DISK
1353002.046	Study_Phase.SEQUENCE.Study_Instruction	LOADING RESOURCE SURFACE FROM DISK
1361264.797	Study_Phase.SEQUENCE.Study_Instruction	LOADING RESOURCE SURFACE FROM DISK
1369535.052	Study_Phase.SEQUENCE.Study_Instruction	LOADING RESOURCE SURFACE FROM DISK
1369575.375	Study_Phase.SEQUENCE.Study_Instruction	LOADING RESOURCE SURFACE FROM DISK
1377885.739	Study_Phase.SEQUENCE.Study_Instruction	LOADING RESOURCE SURFACE FROM DISK
1386190.82	Study_Phase.SEQUENCE.Study_Instruction	LOADING RESOURCE SURFACE FROM DISK
1394468.3	Study_Phase.SEQUENCE.Study_Instruction	LOADING RESOURCE SURFACE FROM DISK
1394470.78	Study_Phase.SEQUENCE.Study_Instruction	LOADING RESOURCE SURFACE FROM DISK
1402751.598	Study_Phase.SEQUENCE.Study_Instruction	LOADING RESOURCE SURFACE FROM DISK
1402754.296	Study_Phase.SEQUENCE.Study_Instruction	LOADING RESOURCE SURFACE FROM DISK
1411065.11	Study_Phase.SEQUENCE.Study_Instruction	LOADING RESOURCE SURFACE FROM DISK
1419334.878	Study_Phase.SEQUENCE.Study_Instruction	LOADING RESOURCE SURFACE FROM DISK
1419337.384	Study_Phase.SEQUENCE.Study_Instruction	LOADING RESOURCE SURFACE FROM DISK
1427614.894	Study_Phase.SEQUENCE.Study_Instruction	LOADING RESOURCE SURFACE FROM DISK
1435895.129	Study_Phase.SEQUENCE.Study_Instruction	LOADING RESOURCE SURFACE FROM DISK
1444168.303	Study_Phase.SEQUENCE.Study_Instruction	LOADING RESOURCE SURFACE FROM DISK
1444207.403	Study_Phase.SEQUENCE.Study_Instruction	LOADING RESOURCE SURFACE FROM DISK
1452484.891	Study_Phase.SEQUENCE.Study_Instruction	LOADING RESOURCE SURFACE FROM DISK
1452487.432	Study_Phase.SEQUENCE.Study_Instruction	LOADING RESOURCE SURFACE FROM DISK
1460805.319	Study_Phase.SEQUENCE.Study_Instruction	LOADING RESOURCE SURFACE FROM DISK
1469068.284	Study_Phase.SEQUENCE.Study_Instruction	LOADING RESOURCE SURFACE FROM DISK
1469107.5	Study_Phase.SEQUENCE.Study_Instruction	LOADING RESOURCE SURFACE FROM DISK
1477384.728	Study_Phase.SEQUENCE.Study_Instruction	LOADING RESOURCE SURFACE FROM DISK
1477387.261	Study_Phase.SEQUENCE.Study_Instruction	LOADING RESOURCE SURFACE FROM DISK
1485707.582	Study_Phase.SEQUENCE.Study_Instruction	LOADING RESOURCE SURFACE FROM DISK
1493984.981	Study_Phase.SEQUENCE.Study_Instruction	LOADING RESOURCE SURFACE FROM DISK
1493987.711	Study_Phase.SEQUENCE.Study_Instruction	LOADING RESOURCE SURFACE FROM DISK
1502301.404	Study_Phase.SEQUENCE.Study_Instruction	LOADING RESOURCE SURFACE FROM DISK
1510583.585	Study_Phase.SEQUENCE.Study_Instruction	LOADING RESOURCE SURFACE FROM DISK
1518851.656	Study_Phase.SEQUENCE.Study_Instruction	LOADING RESOURCE SURFACE FROM DISK
1518854.24	Study_Phase.SEQUENCE.Study_Instruction	LOADING RESOURCE SURFACE FROM DISK
1527173.192	Study_Phase.SEQUENCE.Study_Instruction	LOADING RESOURCE SURFACE FROM DISK
1535488.92	Study_Phase.SEQUENCE.Study_Instruction	LOADING RESOURCE SURFACE FROM DISK
1543768.477	Study_Phase.SEQUENCE.Study_Instruction	LOADING RESOURCE SURFACE FROM DISK
1543811.053	Study_Phase.SEQUENCE.Study_Instruction	LOADING RESOURCE SURFACE FROM DISK
1552085.113	Study_Phase.SEQUENCE.Study_Instruction	LOADING RESOURCE SURFACE FROM DISK
1552087.909	Study_Phase.SEQUENCE.Study_Instruction	LOADING RESOURCE SURFACE FROM DISK
1560365.691	Study_Phase.SEQUENCE.Study_Instruction	LOADING RESOURCE SURFACE FROM DISK
1568635.053	Study_Phase.SEQUENCE.Study_Instruction	LOADING RESOURCE SURFACE FROM DISK
1568673.317	Study_Phase.SEQUENCE.Study_Instruction	LOADING RESOURCE SURFACE FROM DISK
1576984.81	Study_Phase.SEQUENCE.Study_Instruction	LOADING RESOURCE SURFACE FROM DISK
1585263.792	Study_Phase.SEQUENCE.Study_Instruction	LOADING RESOURCE SURFACE FROM DISK
1593565.973	Study_Phase.SEQUENCE.Study_Instruction	LOADING RESOURCE SURFACE FROM DISK
1601869.311	Study_Phase.SEQUENCE.Study_Instruction	LOADING RESOURCE SURFACE FROM DISK
1610180.47	Study_Phase.SEQUENCE.Study_Instruction	LOADING RESOURCE SURFACE FROM DISK
1618435.073	Study_Phase.SEQUENCE.Study_Instruction	LOADING RESOURCE SURFACE FROM DISK
1618458.577	Study_Phase.SEQUENCE.Study_Instruction	LOADING RESOURCE SURFACE FROM DISK
1626732.817	Study_Phase.SEQUENCE.Study_Instruction	LOADING RESOURCE SURFACE FROM DISK
1635001.801	Study_Phase.SEQUENCE.Study_Instruction	LOADING RESOURCE SURFACE FROM DISK
1635064.625	Study_Phase.SEQUENCE.Study_Instruction	LOADING RESOURCE SURFACE FROM DISK
1643368.305	Study_Phase.SEQUENCE.Study_Instruction	LOADING RESOURCE SURFACE FROM DISK
1651705.441	Study_Phase.SEQUENCE.Study_Instruction	LOADING RESOURCE SURFACE FROM DISK
1659985.193	Study_Phase.SEQUENCE.Study_Instruction	LOADING RESOURCE SURFACE FROM DISK
1659987.667	Study_Phase.SEQUENCE.Study_Instruction	LOADING RESOURCE SURFACE FROM DISK
1668291.334	Study_Phase.SEQUENCE.Study_Instruction	LOADING RESOURCE SURFACE FROM DISK
1676568.438	Study_Phase.SEQUENCE.Study_Instruction	LOADING RESOURCE SURFACE FROM DISK
1676629.536	Study_Phase.SEQUENCE.Study_Instruction	LOADING RESOURCE SURFACE FROM DISK
1684938.21	Study_Phase.SEQUENCE.Study_Instruction	LOADING RESOURCE SURFACE FROM DISK
1693218.219	Study_Phase.SEQUENCE.Study_Instruction	LOADING RESOURCE SURFACE FROM DISK
1693256.231	Study_Phase.SEQUENCE.Study_Instruction	LOADING RESOURCE SURFACE FROM DISK
1701532.653	Study_Phase.SEQUENCE.Study_Instruction	LOADING RESOURCE SURFACE FROM DISK
1709834.969	Study_Phase.SEQUENCE.Study_Instruction	LOADING RESOURCE SURFACE FROM DISK
1718101.633	Study_Phase.SEQUENCE.Study_Instruction	LOADING RESOURCE SURFACE FROM DISK
1718104.222	Study_Phase.SEQUENCE.Study_Instruction	LOADING RESOURCE SURFACE FROM DISK
1726384.987	Study_Phase.SEQUENCE.Study_Instruction	LOADING RESOURCE SURFACE FROM DISK
1726387.597	Study_Phase.SEQUENCE.Study_Instruction	LOADING RESOURCE SURFACE FROM DISK
1734668.303	Study_Phase.SEQUENCE.Study_Instruction	LOADING RESOURCE SURFACE FROM DISK
1734708.854	Study_Phase.SEQUENCE.Study_Instruction	LOADING RESOURCE SURFACE FROM DISK
1743018.517	Study_Phase.SEQUENCE.Study_Instruction	LOADING RESOURCE SURFACE FROM DISK
1751315.795	Study_Phase.SEQUENCE.Study_Instruction	LOADING RESOURCE SURFACE FROM DISK
1759599.215	Study_Phase.SEQUENCE.Study_Instruction	LOADING RESOURCE SURFACE FROM DISK
1767899.61	Study_Phase.SEQUENCE.Study_Instruction	LOADING RESOURCE SURFACE FROM DISK
1776164.872	Study_Phase.SEQUENCE.Study_Instruction	LOADING RESOURCE SURFACE FROM DISK
1784434.789	Study_Phase.SEQUENCE.Study_Instruction	LOADING RESOURCE SURFACE FROM DISK
1784473.984	Study_Phase.SEQUENCE.Study_Instruction	LOADING RESOURCE SURFACE FROM DISK
1792748.158	Study_Phase.SEQUENCE.Study_Instruction	LOADING RESOURCE SURFACE FROM DISK
1801018.483	Study_Phase.SEQUENCE.Study_Instruction	LOADING RESOURCE SURFACE FROM DISK
1801058.649	Study_Phase.SEQUENCE.Study_Instruction	LOADING RESOURCE SURFACE FROM DISK
1809331.401	Study_Phase.SEQUENCE.Study_Instruction	LOADING RESOURCE SURFACE FROM DISK
1817584.874	Study_Phase.SEQUENCE.Study_Instruction	LOADING RESOURCE SURFACE FROM DISK
1817641.341	Study_Phase.SEQUENCE.Study_Instruction	LOADING RESOURCE SURFACE FROM DISK
1825899.322	Study_Phase.SEQUENCE.Study_Instruction	LOADING RESOURCE SURFACE FROM DISK
1834168.271	Study_Phase.SEQUENCE.Study_Instruction	LOADING RESOURCE SURFACE FROM DISK
1834209.813	Study_Phase.SEQUENCE.Study_Instruction	LOADING RESOURCE SURFACE FROM DISK
1842515.612	Study_Phase.SEQUENCE.Study_Instruction	LOADING RESOURCE SURFACE FROM DISK
1850781.434	Study_Phase.SEQUENCE.Study_Instruction	LOADING RESOURCE SURFACE FROM DISK
1859051.661	Study_Phase.SEQUENCE.Study_Instruction	LOADING RESOURCE SURFACE FROM DISK
1859094.058	Study_Phase.SEQUENCE.Study_Instruction	LOADING RESOURCE SURFACE FROM DISK
1867366.034	Study_Phase.SEQUENCE.Study_Instruction	LOADING RESOURCE SURFACE FROM DISK
1875631.496	Study_Phase.SEQUENCE.Study_Instruction	LOADING RESOURCE SURFACE FROM DISK
1883901.555	Study_Phase.SEQUENCE.Study_Instruction	LOADING RESOURCE SURFACE FROM DISK
1883942.689	Study_Phase.SEQUENCE.Study_Instruction	LOADING RESOURCE SURFACE FROM DISK
1892258.674	Study_Phase.SEQUENCE.Study_Instruction	LOADING RESOURCE SURFACE FROM DISK
1900535.0	Study_Phase.SEQUENCE.Study_Instruction	LOADING RESOURCE SURFACE FROM DISK
1900570.892	Study_Phase.SEQUENCE.Study_Instruction	LOADING RESOURCE SURFACE FROM DISK
1908849.247	Study_Phase.SEQUENCE.Study_Instruction	LOADING RESOURCE SURFACE FROM DISK
1917118.041	Study_Phase.SEQUENCE.Study_Instruction	LOADING RESOURCE SURFACE FROM DISK
1917152.891	Study_Phase.SEQUENCE.Study_Instruction	LOADING RESOURCE SURFACE FROM DISK
1925449.835	Study_Phase.SEQUENCE.Study_Instruction	LOADING RESOURCE SURFACE FROM DISK
1933714.829	Study_Phase.SEQUENCE.Study_Instruction	LOADING RESOURCE SURFACE FROM DISK
1942000.762	Study_Phase.SEQUENCE.Study_Instruction	LOADING RESOURCE SURFACE FROM DISK
1950268.192	Study_Phase.SEQUENCE.Study_Instruction	LOADING RESOURCE SURFACE FROM DISK
1950310.797	Study_Phase.SEQUENCE.Study_Instruction	LOADING RESOURCE SURFACE FROM DISK
1958564.878	Study_Phase.SEQUENCE.Study_Instruction	LOADING RESOURCE SURFACE FROM DISK
1966831.539	Study_Phase.SEQUENCE.Study_Instruction	LOADING RESOURCE SURFACE FROM DISK
1973056.052	DISPLAY_SCREEN[7]	LOADING RESOURCE SURFACE FROM DISK
2169631.183	Test_Phase.SEQUENCE.Target_Cue	LOADING RESOURCE SURFACE FROM DISK
2169637.701	Test_Phase.SEQUENCE.Target_Cue	LOADING RESOURCE SURFACE FROM DISK
2171701.975	Test_Phase.SEQUENCE.Word	LOADING RESOURCE SURFACE FROM DISK
2174755.649	Test_Phase.SEQUENCE.Test_Question	LOADING RESOURCE SURFACE FROM DISK
2174772.706	Test_Phase.SEQUENCE.Test_Question	LOADING RESOURCE SURFACE FROM DISK
2174777.804	Test_Phase.SEQUENCE.Test_Question	LOADING RESOURCE SURFACE FROM DISK
2174782.951	Test_Phase.SEQUENCE.Test_Question	LOADING RESOURCE SURFACE FROM DISK
2174784.8	Test_Phase.SEQUENCE.Test_Question	LOADING RESOURCE SURFACE FROM DISK
2174786.789	Test_Phase.SEQUENCE.Test_Question	LOADING RESOURCE SURFACE FROM DISK
2174788.602	Test_Phase.SEQUENCE.Test_Question	LOADING RESOURCE SURFACE FROM DISK
2174805.723	Test_Phase.SEQUENCE.Test_Question	LOADING RESOURCE SURFACE FROM DISK
2174820.024	Test_Phase.SEQUENCE.Test_Question	LOADING RESOURCE SURFACE FROM DISK
2174821.879	Test_Phase.SEQUENCE.Test_Question	LOADING RESOURCE SURFACE FROM DISK
2174823.59	Test_Phase.SEQUENCE.Test_Question	LOADING RESOURCE SURFACE FROM DISK
2174825.362	Test_Phase.SEQUENCE.Test_Question	LOADING RESOURCE SURFACE FROM DISK
2181297.945	Test_Phase.SEQUENCE.Word	LOADING RESOURCE SURFACE FROM DISK
2189864.64	Test_Phase.SEQUENCE.Word	LOADING RESOURCE SURFACE FROM DISK
2197147.913	Test_Phase.SEQUENCE.Word	LOADING RESOURCE SURFACE FROM DISK
2204581.251	Test_Phase.SEQUENCE.Word	LOADING RESOURCE SURFACE FROM DISK
2212748.075	Test_Phase.SEQUENCE.Word	LOADING RESOURCE SURFACE FROM DISK
2220522.189	Test_Phase.SEQUENCE.Word	LOADING RESOURCE SURFACE FROM DISK
2227814.935	Test_Phase.SEQUENCE.Word	LOADING RESOURCE SURFACE FROM DISK
2235631.261	Test_Phase.SEQUENCE.Word	LOADING RESOURCE SURFACE FROM DISK
2245231.417	Test_Phase.SEQUENCE.Word	LOADING RESOURCE SURFACE FROM DISK
2252989.369	Test_Phase.SEQUENCE.Word	LOADING RESOURCE SURFACE FROM DISK
2260748.012	Test_Phase.SEQUENCE.Word	LOADING RESOURCE SURFACE FROM DISK
2268398.179	Test_Phase.SEQUENCE.Word	LOADING RESOURCE SURFACE FROM DISK
2276798.646	Test_Phase.SEQUENCE.Word	LOADING RESOURCE SURFACE FROM DISK
2285138.303	Test_Phase.SEQUENCE.Word	LOADING RESOURCE SURFACE FROM DISK
2292447.908	Test_Phase.SEQUENCE.Word	LOADING RESOURCE SURFACE FROM DISK
2301698.073	Test_Phase.SEQUENCE.Word	LOADING RESOURCE SURFACE FROM DISK
2309747.993	Test_Phase.SEQUENCE.Word	LOADING RESOURCE SURFACE FROM DISK
2317531.285	Test_Phase.SEQUENCE.Word	LOADING RESOURCE SURFACE FROM DISK
2325381.514	Test_Phase.SEQUENCE.Word	LOADING RESOURCE SURFACE FROM DISK
2333618.014	Test_Phase.SEQUENCE.Word	LOADING RESOURCE SURFACE FROM DISK
2341814.759	Test_Phase.SEQUENCE.Word	LOADING RESOURCE SURFACE FROM DISK
2350025.103	Test_Phase.SEQUENCE.Word	LOADING RESOURCE SURFACE FROM DISK
2358364.669	Test_Phase.SEQUENCE.Word	LOADING RESOURCE SURFACE FROM DISK
2366214.653	Test_Phase.SEQUENCE.Word	LOADING RESOURCE SURFACE FROM DISK
2373738.024	Test_Phase.SEQUENCE.Word	LOADING RESOURCE SURFACE FROM DISK
2381934.997	Test_Phase.SEQUENCE.Word	LOADING RESOURCE SURFACE FROM DISK
2389547.924	Test_Phase.SEQUENCE.Word	LOADING RESOURCE SURFACE FROM DISK
2397789.34	Test_Phase.SEQUENCE.Word	LOADING RESOURCE SURFACE FROM DISK
2405931.257	Test_Phase.SEQUENCE.Word	LOADING RESOURCE SURFACE FROM DISK
2414081.277	Test_Phase.SEQUENCE.Word	LOADING RESOURCE SURFACE FROM DISK
2422555.254	Test_Phase.SEQUENCE.Word	LOADING RESOURCE SURFACE FROM DISK
2430364.762	Test_Phase.SEQUENCE.Word	LOADING RESOURCE SURFACE FROM DISK
2438531.692	Test_Phase.SEQUENCE.Word	LOADING RESOURCE SURFACE FROM DISK
2448031.536	Test_Phase.SEQUENCE.Word	LOADING RESOURCE SURFACE FROM DISK
2456331.311	Test_Phase.SEQUENCE.Word	LOADING RESOURCE SURFACE FROM DISK
2464422.07	Test_Phase.SEQUENCE.Word	LOADING RESOURCE SURFACE FROM DISK
2472214.739	Test_Phase.SEQUENCE.Word	LOADING RESOURCE SURFACE FROM DISK
2480098.004	Test_Phase.SEQUENCE.Word	LOADING RESOURCE SURFACE FROM DISK
2488550.953	Test_Phase.SEQUENCE.Word	LOADING RESOURCE SURFACE FROM DISK
2496281.427	Test_Phase.SEQUENCE.Word	LOADING RESOURCE SURFACE FROM DISK
2504081.205	Test_Phase.SEQUENCE.Word	LOADING RESOURCE SURFACE FROM DISK
2512202.936	Test_Phase.SEQUENCE.Word	LOADING RESOURCE SURFACE FROM DISK
2519947.685	Test_Phase.SEQUENCE.Word	LOADING RESOURCE SURFACE FROM DISK
2527933.189	Test_Phase.SEQUENCE.Word	LOADING RESOURCE SURFACE FROM DISK
2536014.72	Test_Phase.SEQUENCE.Word	LOADING RESOURCE SURFACE FROM DISK
2543764.757	Test_Phase.SEQUENCE.Word	LOADING RESOURCE SURFACE FROM DISK
2552049.888	Test_Phase.SEQUENCE.Word	LOADING RESOURCE SURFACE FROM DISK
2559714.745	Test_Phase.SEQUENCE.Word	LOADING RESOURCE SURFACE FROM DISK
2567614.629	Test_Phase.SEQUENCE.Word	LOADING RESOURCE SURFACE FROM DISK
2575732.434	Test_Phase.SEQUENCE.Word	LOADING RESOURCE SURFACE FROM DISK
2583622.95	Test_Phase.SEQUENCE.Word	LOADING RESOURCE SURFACE FROM DISK
2591531.273	Test_Phase.SEQUENCE.Word	LOADING RESOURCE SURFACE FROM DISK
2599481.787	Test_Phase.SEQUENCE.Word	LOADING RESOURCE SURFACE FROM DISK
2607448.058	Test_Phase.SEQUENCE.Word	LOADING RESOURCE SURFACE FROM DISK
2615531.335	Test_Phase.SEQUENCE.Word	LOADING RESOURCE SURFACE FROM DISK
2623631.299	Test_Phase.SEQUENCE.Word	LOADING RESOURCE SURFACE FROM DISK
2631592.086	Test_Phase.SEQUENCE.Word	LOADING RESOURCE SURFACE FROM DISK
2640093.283	Test_Phase.SEQUENCE.Word	LOADING RESOURCE SURFACE FROM DISK
2648098.043	Test_Phase.SEQUENCE.Word	LOADING RESOURCE SURFACE FROM DISK
2655914.909	Test_Phase.SEQUENCE.Word	LOADING RESOURCE SURFACE FROM DISK
2663998.247	Test_Phase.SEQUENCE.Word	LOADING RESOURCE SURFACE FROM DISK
2672147.93	Test_Phase.SEQUENCE.Word	LOADING RESOURCE SURFACE FROM DISK
2680298.026	Test_Phase.SEQUENCE.Word	LOADING RESOURCE SURFACE FROM DISK
2688591.684	Test_Phase.SEQUENCE.Word	LOADING RESOURCE SURFACE FROM DISK
2696197.853	Test_Phase.SEQUENCE.Word	LOADING RESOURCE SURFACE FROM DISK
2704164.691	Test_Phase.SEQUENCE.Word	LOADING RESOURCE SURFACE FROM DISK
2711831.345	Test_Phase.SEQUENCE.Word	LOADING RESOURCE SURFACE FROM DISK
2719664.55	Test_Phase.SEQUENCE.Word	LOADING RESOURCE SURFACE FROM DISK
2727464.81	Test_Phase.SEQUENCE.Word	LOADING RESOURCE SURFACE FROM DISK
2735105.401	Test_Phase.SEQUENCE.Word	LOADING RESOURCE SURFACE FROM DISK
2742781.284	Test_Phase.SEQUENCE.Word	LOADING RESOURCE SURFACE FROM DISK
2750857.363	Test_Phase.SEQUENCE.Word	LOADING RESOURCE SURFACE FROM DISK
2758631.251	Test_Phase.SEQUENCE.Word	LOADING RESOURCE SURFACE FROM DISK
2766688.372	Test_Phase.SEQUENCE.Word	LOADING RESOURCE SURFACE FROM DISK
2774447.993	Test_Phase.SEQUENCE.Word	LOADING RESOURCE SURFACE FROM DISK
2782631.346	Test_Phase.SEQUENCE.Word	LOADING RESOURCE SURFACE FROM DISK
2790267.904	Test_Phase.SEQUENCE.Word	LOADING RESOURCE SURFACE FROM DISK
2798381.333	Test_Phase.SEQUENCE.Word	LOADING RESOURCE SURFACE FROM DISK
2806337.476	Test_Phase.SEQUENCE.Word	LOADING RESOURCE SURFACE FROM DISK
2814247.935	Test_Phase.SEQUENCE.Word	LOADING RESOURCE SURFACE FROM DISK
2822225.59	Test_Phase.SEQUENCE.Word	LOADING RESOURCE SURFACE FROM DISK
2830131.628	Test_Phase.SEQUENCE.Word	LOADING RESOURCE SURFACE FROM DISK
2838254.776	Test_Phase.SEQUENCE.Word	LOADING RESOURCE SURFACE FROM DISK
2845998.02	Test_Phase.SEQUENCE.Word	LOADING RESOURCE SURFACE FROM DISK
2854052.542	Test_Phase.SEQUENCE.Word	LOADING RESOURCE SURFACE FROM DISK
2861831.409	Test_Phase.SEQUENCE.Word	LOADING RESOURCE SURFACE FROM DISK
2870114.729	Test_Phase.SEQUENCE.Word	LOADING RESOURCE SURFACE FROM DISK
2877731.519	Test_Phase.SEQUENCE.Word	LOADING RESOURCE SURFACE FROM DISK
2885564.778	Test_Phase.SEQUENCE.Word	LOADING RESOURCE SURFACE FROM DISK
2893147.896	Test_Phase.SEQUENCE.Word	LOADING RESOURCE SURFACE FROM DISK
2901172.663	Test_Phase.SEQUENCE.Word	LOADING RESOURCE SURFACE FROM DISK
2909140.243	Test_Phase.SEQUENCE.Word	LOADING RESOURCE SURFACE FROM DISK
2916997.737	Test_Phase.SEQUENCE.Word	LOADING RESOURCE SURFACE FROM DISK
2924897.97	Test_Phase.SEQUENCE.Word	LOADING RESOURCE SURFACE FROM DISK
2932681.334	Test_Phase.SEQUENCE.Word	LOADING RESOURCE SURFACE FROM DISK
2940531.318	Test_Phase.SEQUENCE.Word	LOADING RESOURCE SURFACE FROM DISK
2948331.785	Test_Phase.SEQUENCE.Word	LOADING RESOURCE SURFACE FROM DISK
2956231.129	Test_Phase.SEQUENCE.Word	LOADING RESOURCE SURFACE FROM DISK
2964047.761	Test_Phase.SEQUENCE.Word	LOADING RESOURCE SURFACE FROM DISK
2972664.691	Test_Phase.SEQUENCE.Word	LOADING RESOURCE SURFACE FROM DISK
2980814.862	Test_Phase.SEQUENCE.Word	LOADING RESOURCE SURFACE FROM DISK
2988664.033	Test_Phase.SEQUENCE.Word	LOADING RESOURCE SURFACE FROM DISK
2996531.19	Test_Phase.SEQUENCE.Word	LOADING RESOURCE SURFACE FROM DISK
3004147.92	Test_Phase.SEQUENCE.Word	LOADING RESOURCE SURFACE FROM DISK
3012514.718	Test_Phase.SEQUENCE.Word	LOADING RESOURCE SURFACE FROM DISK
3020481.255	Test_Phase.SEQUENCE.Word	LOADING RESOURCE SURFACE FROM DISK
3028240.3	Test_Phase.SEQUENCE.Word	LOADING RESOURCE SURFACE FROM DISK
3035797.806	Test_Phase.SEQUENCE.Word	LOADING RESOURCE SURFACE FROM DISK
3043964.517	Test_Phase.SEQUENCE.Word	LOADING RESOURCE SURFACE FROM DISK
3051980.196	Test_Phase.SEQUENCE.Word	LOADING RESOURCE SURFACE FROM DISK
3059767.732	Test_Phase.SEQUENCE.Word	LOADING RESOURCE SURFACE FROM DISK
3067697.822	Test_Phase.SEQUENCE.Word	LOADING RESOURCE SURFACE FROM DISK
3075856.714	Test_Phase.SEQUENCE.Word	LOADING RESOURCE SURFACE FROM DISK
3083581.49	Test_Phase.SEQUENCE.Word	LOADING RESOURCE SURFACE FROM DISK
3091647.815	Test_Phase.SEQUENCE.Word	LOADING RESOURCE SURFACE FROM DISK
3099355.538	Test_Phase.SEQUENCE.Word	LOADING RESOURCE SURFACE FROM DISK
3107278.87	Test_Phase.SEQUENCE.Word	LOADING RESOURCE SURFACE FROM DISK
3114981.298	Test_Phase.SEQUENCE.Word	LOADING RESOURCE SURFACE FROM DISK
3122922.234	Test_Phase.SEQUENCE.Word	LOADING RESOURCE SURFACE FROM DISK
3131214.827	Test_Phase.SEQUENCE.Word	LOADING RESOURCE SURFACE FROM DISK
3139431.242	Test_Phase.SEQUENCE.Word	LOADING RESOURCE SURFACE FROM DISK
3147364.705	Test_Phase.SEQUENCE.Word	LOADING RESOURCE SURFACE FROM DISK
3155598.062	Test_Phase.SEQUENCE.Word	LOADING RESOURCE SURFACE FROM DISK
3164031.161	Test_Phase.SEQUENCE.Word	LOADING RESOURCE SURFACE FROM DISK
3172064.601	Test_Phase.SEQUENCE.Word	LOADING RESOURCE SURFACE FROM DISK
3179948.12	Test_Phase.SEQUENCE.Word	LOADING RESOURCE SURFACE FROM DISK
3187967.082	Test_Phase.SEQUENCE.Word	LOADING RESOURCE SURFACE FROM DISK
3196015.161	Test_Phase.SEQUENCE.Word	LOADING RESOURCE SURFACE FROM DISK
3204187.15	Test_Phase.SEQUENCE.Word	LOADING RESOURCE SURFACE FROM DISK
3212231.273	Test_Phase.SEQUENCE.Word	LOADING RESOURCE SURFACE FROM DISK
3220024.792	Test_Phase.SEQUENCE.Word	LOADING RESOURCE SURFACE FROM DISK
3228131.394	Test_Phase.SEQUENCE.Word	LOADING RESOURCE SURFACE FROM DISK
3236314.672	Test_Phase.SEQUENCE.Word	LOADING RESOURCE SURFACE FROM DISK
3244217.163	Test_Phase.SEQUENCE.Word	LOADING RESOURCE SURFACE FROM DISK
3252031.206	Test_Phase.SEQUENCE.Word	LOADING RESOURCE SURFACE FROM DISK
3260051.751	Test_Phase.SEQUENCE.Word	LOADING RESOURCE SURFACE FROM DISK
3268014.652	Test_Phase.SEQUENCE.Word	LOADING RESOURCE SURFACE FROM DISK
3276374.136	Test_Phase.SEQUENCE.Word	LOADING RESOURCE SURFACE FROM DISK
3284531.519	Test_Phase.SEQUENCE.Word	LOADING RESOURCE SURFACE FROM DISK
3292531.588	Test_Phase.SEQUENCE.Word	LOADING RESOURCE SURFACE FROM DISK
3300938.802	Test_Phase.SEQUENCE.Word	LOADING RESOURCE SURFACE FROM DISK
3309014.534	Test_Phase.SEQUENCE.Word	LOADING RESOURCE SURFACE FROM DISK
3316948.002	Test_Phase.SEQUENCE.Word	LOADING RESOURCE SURFACE FROM DISK
3325098.031	Test_Phase.SEQUENCE.Word	LOADING RESOURCE SURFACE FROM DISK
3333197.998	Test_Phase.SEQUENCE.Word	LOADING RESOURCE SURFACE FROM DISK
3341231.432	Test_Phase.SEQUENCE.Word	LOADING RESOURCE SURFACE FROM DISK
3349414.502	Test_Phase.SEQUENCE.Word	LOADING RESOURCE SURFACE FROM DISK
3357381.246	Test_Phase.SEQUENCE.Word	LOADING RESOURCE SURFACE FROM DISK
3365414.739	Test_Phase.SEQUENCE.Word	LOADING RESOURCE SURFACE FROM DISK
3373431.272	Test_Phase.SEQUENCE.Word	LOADING RESOURCE SURFACE FROM DISK
3381384.642	Test_Phase.SEQUENCE.Word	LOADING RESOURCE SURFACE FROM DISK
3389264.707	Test_Phase.SEQUENCE.Word	LOADING RESOURCE SURFACE FROM DISK
3397239.458	Test_Phase.SEQUENCE.Word	LOADING RESOURCE SURFACE FROM DISK
3405291.519	Test_Phase.SEQUENCE.Word	LOADING RESOURCE SURFACE FROM DISK
3413231.814	Test_Phase.SEQUENCE.Word	LOADING RESOURCE SURFACE FROM DISK
3421467.454	Test_Phase.SEQUENCE.Word	LOADING RESOURCE SURFACE FROM DISK
3429581.207	Test_Phase.SEQUENCE.Word	LOADING RESOURCE SURFACE FROM DISK
3437514.889	Test_Phase.SEQUENCE.Word	LOADING RESOURCE SURFACE FROM DISK
3445981.262	Test_Phase.SEQUENCE.Word	LOADING RESOURCE SURFACE FROM DISK
3454053.582	Test_Phase.SEQUENCE.Word	LOADING RESOURCE SURFACE FROM DISK
3461905.733	Test_Phase.SEQUENCE.Word	LOADING RESOURCE SURFACE FROM DISK
3469681.352	Test_Phase.SEQUENCE.Word	LOADING RESOURCE SURFACE FROM DISK
3477709.825	Test_Phase.SEQUENCE.Word	LOADING RESOURCE SURFACE FROM DISK
3486297.952	Test_Phase.SEQUENCE.Word	LOADING RESOURCE SURFACE FROM DISK
3494131.347	Test_Phase.SEQUENCE.Word	LOADING RESOURCE SURFACE FROM DISK
3502314.721	Test_Phase.SEQUENCE.Word	LOADING RESOURCE SURFACE FROM DISK
3510470.112	Test_Phase.SEQUENCE.Word	LOADING RESOURCE SURFACE FROM DISK
3518465.058	Test_Phase.SEQUENCE.Word	LOADING RESOURCE SURFACE FROM DISK
3526047.937	Test_Phase.SEQUENCE.Word	LOADING RESOURCE SURFACE FROM DISK
3534119.526	Test_Phase.SEQUENCE.Word	LOADING RESOURCE SURFACE FROM DISK
3542131.3	Test_Phase.SEQUENCE.Word	LOADING RESOURCE SURFACE FROM DISK
3550121.237	Test_Phase.SEQUENCE.Word	LOADING RESOURCE SURFACE FROM DISK
3558583.103	Test_Phase.SEQUENCE.Word	LOADING RESOURCE SURFACE FROM DISK
3566521.016	Test_Phase.SEQUENCE.Word	LOADING RESOURCE SURFACE FROM DISK
3574669.056	Test_Phase.SEQUENCE.Word	LOADING RESOURCE SURFACE FROM DISK
3582888.198	Test_Phase.SEQUENCE.Word	LOADING RESOURCE SURFACE FROM DISK
3591868.821	Test_Phase.SEQUENCE.Word	LOADING RESOURCE SURFACE FROM DISK
3599852.342	Test_Phase.SEQUENCE.Word	LOADING RESOURCE SURFACE FROM DISK
3607923.775	Test_Phase.SEQUENCE.Word	LOADING RESOURCE SURFACE FROM DISK
3615790.19	Test_Phase.SEQUENCE.Word	LOADING RESOURCE SURFACE FROM DISK
3623798.099	Test_Phase.SEQUENCE.Word	LOADING RESOURCE SURFACE FROM DISK
3634131.31	Test_Phase.SEQUENCE.Word	LOADING RESOURCE SURFACE FROM DISK
3642282.619	Test_Phase.SEQUENCE.Word	LOADING RESOURCE SURFACE FROM DISK
3650381.32	Test_Phase.SEQUENCE.Word	LOADING RESOURCE SURFACE FROM DISK
3658338.174	Test_Phase.SEQUENCE.Word	LOADING RESOURCE SURFACE FROM DISK
3666203.984	Test_Phase.SEQUENCE.Word	LOADING RESOURCE SURFACE FROM DISK
3674114.861	Test_Phase.SEQUENCE.Word	LOADING RESOURCE SURFACE FROM DISK
3682132.475	Test_Phase.SEQUENCE.Word	LOADING RESOURCE SURFACE FROM DISK
3690116.423	Test_Phase.SEQUENCE.Word	LOADING RESOURCE SURFACE FROM DISK
3705781.562	Test_Phase.SEQUENCE.Word	LOADING RESOURCE SURFACE FROM DISK
3713734.402	Test_Phase.SEQUENCE.Word	LOADING RESOURCE SURFACE FROM DISK
3721931.327	Test_Phase.SEQUENCE.Word	LOADING RESOURCE SURFACE FROM DISK
3729903.926	Test_Phase.SEQUENCE.Word	LOADING RESOURCE SURFACE FROM DISK
3737840.794	Test_Phase.SEQUENCE.Word	LOADING RESOURCE SURFACE FROM DISK
3745788.371	Test_Phase.SEQUENCE.Word	LOADING RESOURCE SURFACE FROM DISK
3753581.319	Test_Phase.SEQUENCE.Word	LOADING RESOURCE SURFACE FROM DISK
3761564.736	Test_Phase.SEQUENCE.Word	LOADING RESOURCE SURFACE FROM DISK
3769548.663	Test_Phase.SEQUENCE.Word	LOADING RESOURCE SURFACE FROM DISK
3773992.208	DISPLAY_SCREEN	LOADING RESOURCE SURFACE FROM DISK
