5425.268	DISPLAY_SCREEN[1]	LOADING RESOURCE SURFACE FROM DISK
539945.705	Familiarization_Phase.SEQUENCE.Cue_and_Instruction	LOADING RESOURCE SURFACE FROM DISK
539950.061	Familiarization_Phase.SEQUENCE.Cue_and_Instruction	LOADING RESOURCE SURFACE FROM DISK
545993.718	Familiarization_Phase.SEQUENCE.Cue_and_Instruction	LOADING RESOURCE SURFACE FROM DISK
545998.379	Familiarization_Phase.SEQUENCE.Cue_and_Instruction	LOADING RESOURCE SURFACE FROM DISK
552044.084	Familiarization_Phase.SEQUENCE.Cue_and_Instruction	LOADING RESOURCE SURFACE FROM DISK
552048.72	Familiarization_Phase.SEQUENCE.Cue_and_Instruction	LOADING RESOURCE SURFACE FROM DISK
594217.671	DISPLAY_SCREEN[3]	LOADING RESOURCE SURFACE FROM DISK
748180.214	DISPLAY_SCREEN[5]	LOADING RESOURCE SURFACE FROM DISK
808089.635	Practice_Phase.SEQUENCE.Blink_Screen	LOADING RESOURCE SURFACE FROM DISK
808090.666	Practice_Phase.SEQUENCE.Blink_Screen	flip time is later than desired time. Desired Time=807823 Flip Time=808106 Retrace Rate=16.646, prepareTime=292 flip request time 808090
809322.93	Practice_Phase.SEQUENCE.Luminance_Cue[1]	LOADING RESOURCE SURFACE FROM DISK
809336.56	Practice_Phase.SEQUENCE.Luminance_Cue[1]	LOADING RESOURCE SURFACE FROM DISK
809338.097	Practice_Phase.SEQUENCE.Luminance_Cue[1]	flip time is later than desired time. Desired Time=809306 Flip Time=809356 Retrace Rate=16.646, prepareTime=56 flip request time 809337
809901.743	Practice_Phase.SEQUENCE.Practice_Instruction	LOADING RESOURCE SURFACE FROM DISK
809904.281	Practice_Phase.SEQUENCE.Practice_Instruction	LOADING RESOURCE SURFACE FROM DISK
809905.775	Practice_Phase.SEQUENCE.Practice_Instruction	flip time is later than desired time. Desired Time=809856 Flip Time=809923 Retrace Rate=16.646, prepareTime=73 flip request time 809905
813404.667	Practice_Phase.SEQUENCE.Action_cue[1]	LOADING RESOURCE SURFACE FROM DISK
818015.129	Practice_Phase.SEQUENCE.Practice_Instruction	LOADING RESOURCE SURFACE FROM DISK
818017.803	Practice_Phase.SEQUENCE.Practice_Instruction	LOADING RESOURCE SURFACE FROM DISK
818019.299	Practice_Phase.SEQUENCE.Practice_Instruction	flip time is later than desired time. Desired Time=817989 Flip Time=818039 Retrace Rate=16.646, prepareTime=53 flip request time 818019
826127.36	Practice_Phase.SEQUENCE.Practice_Instruction	LOADING RESOURCE SURFACE FROM DISK
826130.112	Practice_Phase.SEQUENCE.Practice_Instruction	LOADING RESOURCE SURFACE FROM DISK
826131.739	Practice_Phase.SEQUENCE.Practice_Instruction	flip time is later than desired time. Desired Time=826106 Flip Time=826156 Retrace Rate=16.646, prepareTime=49 flip request time 826131
834204.259	Practice_Phase.SEQUENCE.Practice_Instruction	LOADING RESOURCE SURFACE FROM DISK
834244.301	Practice_Phase.SEQUENCE.Practice_Instruction	LOADING RESOURCE SURFACE FROM DISK
834245.806	Practice_Phase.SEQUENCE.Practice_Instruction	flip time is later than desired time. Desired Time=834223 Flip Time=834256 Retrace Rate=16.646, prepareTime=47 flip request time 834245
842304.165	Practice_Phase.SEQUENCE.Practice_Instruction	LOADING RESOURCE SURFACE FROM DISK
842306.886	Practice_Phase.SEQUENCE.Practice_Instruction	LOADING RESOURCE SURFACE FROM DISK
850371.104	Practice_Phase.SEQUENCE.Practice_Instruction	LOADING RESOURCE SURFACE FROM DISK
850373.778	Practice_Phase.SEQUENCE.Practice_Instruction	LOADING RESOURCE SURFACE FROM DISK
858437.656	Practice_Phase.SEQUENCE.Practice_Instruction	LOADING RESOURCE SURFACE FROM DISK
858476.829	Practice_Phase.SEQUENCE.Practice_Instruction	LOADING RESOURCE SURFACE FROM DISK
858478.303	Practice_Phase.SEQUENCE.Practice_Instruction	flip time is later than desired time. Desired Time=858456 Flip Time=858489 Retrace Rate=16.646, prepareTime=46 flip request time 858478
866537.568	Practice_Phase.SEQUENCE.Practice_Instruction	LOADING RESOURCE SURFACE FROM DISK
866576.664	Practice_Phase.SEQUENCE.Practice_Instruction	LOADING RESOURCE SURFACE FROM DISK
866578.235	Practice_Phase.SEQUENCE.Practice_Instruction	flip time is later than desired time. Desired Time=866556 Flip Time=866589 Retrace Rate=16.646, prepareTime=46 flip request time 866577
874637.799	Practice_Phase.SEQUENCE.Practice_Instruction	LOADING RESOURCE SURFACE FROM DISK
874640.553	Practice_Phase.SEQUENCE.Practice_Instruction	LOADING RESOURCE SURFACE FROM DISK
880801.655	DISPLAY_SCREEN[2]	LOADING RESOURCE SURFACE FROM DISK
1279563.196	Study_Phase.SEQUENCE.Study_Instruction	LOADING RESOURCE SURFACE FROM DISK
1279843.758	Study_Phase.SEQUENCE.Study_Instruction	LOADING RESOURCE SURFACE FROM DISK
1288113.112	Study_Phase.SEQUENCE.Study_Instruction	LOADING RESOURCE SURFACE FROM DISK
1288115.975	Study_Phase.SEQUENCE.Study_Instruction	LOADING RESOURCE SURFACE FROM DISK
1296396.642	Study_Phase.SEQUENCE.Study_Instruction	LOADING RESOURCE SURFACE FROM DISK
1296437.156	Study_Phase.SEQUENCE.Study_Instruction	LOADING RESOURCE SURFACE FROM DISK
1304713.242	Study_Phase.SEQUENCE.Study_Instruction	LOADING RESOURCE SURFACE FROM DISK
1304715.945	Study_Phase.SEQUENCE.Study_Instruction	LOADING RESOURCE SURFACE FROM DISK
1313002.688	Study_Phase.SEQUENCE.Study_Instruction	LOADING RESOURCE SURFACE FROM DISK
1321319.623	Study_Phase.SEQUENCE.Study_Instruction	LOADING RESOURCE SURFACE FROM DISK
1329635.856	Study_Phase.SEQUENCE.Study_Instruction	LOADING RESOURCE SURFACE FROM DISK
1337912.983	Study_Phase.SEQUENCE.Study_Instruction	LOADING RESOURCE SURFACE FROM DISK
1337951.071	Study_Phase.SEQUENCE.Study_Instruction	LOADING RESOURCE SURFACE FROM DISK
1346295.052	Study_Phase.SEQUENCE.Study_Instruction	LOADING RESOURCE SURFACE FROM DISK
1354563.304	Study_Phase.SEQUENCE.Study_Instruction	LOADING RESOURCE SURFACE FROM DISK
1354599.377	Study_Phase.SEQUENCE.Study_Instruction	LOADING RESOURCE SURFACE FROM DISK
1362913.291	Study_Phase.SEQUENCE.Study_Instruction	LOADING RESOURCE SURFACE FROM DISK
1371179.709	Study_Phase.SEQUENCE.Study_Instruction	LOADING RESOURCE SURFACE FROM DISK
1371225.328	Study_Phase.SEQUENCE.Study_Instruction	LOADING RESOURCE SURFACE FROM DISK
1379528.838	Study_Phase.SEQUENCE.Study_Instruction	LOADING RESOURCE SURFACE FROM DISK
1387796.572	Study_Phase.SEQUENCE.Study_Instruction	LOADING RESOURCE SURFACE FROM DISK
1387838.622	Study_Phase.SEQUENCE.Study_Instruction	LOADING RESOURCE SURFACE FROM DISK
1396148.665	Study_Phase.SEQUENCE.Study_Instruction	LOADING RESOURCE SURFACE FROM DISK
1404429.971	Study_Phase.SEQUENCE.Study_Instruction	LOADING RESOURCE SURFACE FROM DISK
1404472.567	Study_Phase.SEQUENCE.Study_Instruction	LOADING RESOURCE SURFACE FROM DISK
1412790.654	Study_Phase.SEQUENCE.Study_Instruction	LOADING RESOURCE SURFACE FROM DISK
1421062.875	Study_Phase.SEQUENCE.Study_Instruction	LOADING RESOURCE SURFACE FROM DISK
1421105.914	Study_Phase.SEQUENCE.Study_Instruction	LOADING RESOURCE SURFACE FROM DISK
1429410.588	Study_Phase.SEQUENCE.Study_Instruction	LOADING RESOURCE SURFACE FROM DISK
1437709.384	Study_Phase.SEQUENCE.Study_Instruction	LOADING RESOURCE SURFACE FROM DISK
1445963.364	Study_Phase.SEQUENCE.Study_Instruction	LOADING RESOURCE SURFACE FROM DISK
1445966.109	Study_Phase.SEQUENCE.Study_Instruction	LOADING RESOURCE SURFACE FROM DISK
1454275.892	Study_Phase.SEQUENCE.Study_Instruction	LOADING RESOURCE SURFACE FROM DISK
1462563.158	Study_Phase.SEQUENCE.Study_Instruction	LOADING RESOURCE SURFACE FROM DISK
1462608.558	Study_Phase.SEQUENCE.Study_Instruction	LOADING RESOURCE SURFACE FROM DISK
1470921.144	Study_Phase.SEQUENCE.Study_Instruction	LOADING RESOURCE SURFACE FROM DISK
1479192.903	Study_Phase.SEQUENCE.Study_Instruction	LOADING RESOURCE SURFACE FROM DISK
1487503.218	Study_Phase.SEQUENCE.Study_Instruction	LOADING RESOURCE SURFACE FROM DISK
1495779.761	Study_Phase.SEQUENCE.Study_Instruction	LOADING RESOURCE SURFACE FROM DISK
1495822.575	Study_Phase.SEQUENCE.Study_Instruction	LOADING RESOURCE SURFACE FROM DISK
1504092.939	Study_Phase.SEQUENCE.Study_Instruction	LOADING RESOURCE SURFACE FROM DISK
1512393.122	Study_Phase.SEQUENCE.Study_Instruction	LOADING RESOURCE SURFACE FROM DISK
1520696.957	Study_Phase.SEQUENCE.Study_Instruction	LOADING RESOURCE SURFACE FROM DISK
1528963.143	Study_Phase.SEQUENCE.Study_Instruction	LOADING RESOURCE SURFACE FROM DISK
1529005.456	Study_Phase.SEQUENCE.Study_Instruction	LOADING RESOURCE SURFACE FROM DISK
1537309.936	Study_Phase.SEQUENCE.Study_Instruction	LOADING RESOURCE SURFACE FROM DISK
1545579.932	Study_Phase.SEQUENCE.Study_Instruction	LOADING RESOURCE SURFACE FROM DISK
1545619.279	Study_Phase.SEQUENCE.Study_Instruction	LOADING RESOURCE SURFACE FROM DISK
1553916.588	Study_Phase.SEQUENCE.Study_Instruction	LOADING RESOURCE SURFACE FROM DISK
1562228.988	Study_Phase.SEQUENCE.Study_Instruction	LOADING RESOURCE SURFACE FROM DISK
1570496.476	Study_Phase.SEQUENCE.Study_Instruction	LOADING RESOURCE SURFACE FROM DISK
1570499.052	Study_Phase.SEQUENCE.Study_Instruction	LOADING RESOURCE SURFACE FROM DISK
1578776.207	Study_Phase.SEQUENCE.Study_Instruction	LOADING RESOURCE SURFACE FROM DISK
1587081.407	Study_Phase.SEQUENCE.Study_Instruction	LOADING RESOURCE SURFACE FROM DISK
1595395.334	Study_Phase.SEQUENCE.Study_Instruction	LOADING RESOURCE SURFACE FROM DISK
1603646.372	Study_Phase.SEQUENCE.Study_Instruction	LOADING RESOURCE SURFACE FROM DISK
1603648.894	Study_Phase.SEQUENCE.Study_Instruction	LOADING RESOURCE SURFACE FROM DISK
1611927.291	Study_Phase.SEQUENCE.Study_Instruction	LOADING RESOURCE SURFACE FROM DISK
1620196.36	Study_Phase.SEQUENCE.Study_Instruction	LOADING RESOURCE SURFACE FROM DISK
1620235.431	Study_Phase.SEQUENCE.Study_Instruction	LOADING RESOURCE SURFACE FROM DISK
1628543.274	Study_Phase.SEQUENCE.Study_Instruction	LOADING RESOURCE SURFACE FROM DISK
1636849.426	Study_Phase.SEQUENCE.Study_Instruction	LOADING RESOURCE SURFACE FROM DISK
1645129.862	Study_Phase.SEQUENCE.Study_Instruction	LOADING RESOURCE SURFACE FROM DISK
1645166.585	Study_Phase.SEQUENCE.Study_Instruction	LOADING RESOURCE SURFACE FROM DISK
1653446.447	Study_Phase.SEQUENCE.Study_Instruction	LOADING RESOURCE SURFACE FROM DISK
1653487.701	Study_Phase.SEQUENCE.Study_Instruction	LOADING RESOURCE SURFACE FROM DISK
1661796.254	Study_Phase.SEQUENCE.Study_Instruction	LOADING RESOURCE SURFACE FROM DISK
1670063.037	Study_Phase.SEQUENCE.Study_Instruction	LOADING RESOURCE SURFACE FROM DISK
1670108.952	Study_Phase.SEQUENCE.Study_Instruction	LOADING RESOURCE SURFACE FROM DISK
1678379.996	Study_Phase.SEQUENCE.Study_Instruction	LOADING RESOURCE SURFACE FROM DISK
1678425.222	Study_Phase.SEQUENCE.Study_Instruction	LOADING RESOURCE SURFACE FROM DISK
1686696.522	Study_Phase.SEQUENCE.Study_Instruction	LOADING RESOURCE SURFACE FROM DISK
1686764.541	Study_Phase.SEQUENCE.Study_Instruction	LOADING RESOURCE SURFACE FROM DISK
1695044.272	Study_Phase.SEQUENCE.Study_Instruction	LOADING RESOURCE SURFACE FROM DISK
1703313.269	Study_Phase.SEQUENCE.Study_Instruction	LOADING RESOURCE SURFACE FROM DISK
1703368.231	Study_Phase.SEQUENCE.Study_Instruction	LOADING RESOURCE SURFACE FROM DISK
1711680.38	Study_Phase.SEQUENCE.Study_Instruction	LOADING RESOURCE SURFACE FROM DISK
1719984.466	Study_Phase.SEQUENCE.Study_Instruction	LOADING RESOURCE SURFACE FROM DISK
1728263.012	Study_Phase.SEQUENCE.Study_Instruction	LOADING RESOURCE SURFACE FROM DISK
1728265.628	Study_Phase.SEQUENCE.Study_Instruction	LOADING RESOURCE SURFACE FROM DISK
1736546.576	Study_Phase.SEQUENCE.Study_Instruction	LOADING RESOURCE SURFACE FROM DISK
1736592.219	Study_Phase.SEQUENCE.Study_Instruction	LOADING RESOURCE SURFACE FROM DISK
1744863.35	Study_Phase.SEQUENCE.Study_Instruction	LOADING RESOURCE SURFACE FROM DISK
1744865.941	Study_Phase.SEQUENCE.Study_Instruction	LOADING RESOURCE SURFACE FROM DISK
1753177.843	Study_Phase.SEQUENCE.Study_Instruction	LOADING RESOURCE SURFACE FROM DISK
1761446.239	Study_Phase.SEQUENCE.Study_Instruction	LOADING RESOURCE SURFACE FROM DISK
1761483.257	Study_Phase.SEQUENCE.Study_Instruction	LOADING RESOURCE SURFACE FROM DISK
1769802.747	Study_Phase.SEQUENCE.Study_Instruction	LOADING RESOURCE SURFACE FROM DISK
1778046.437	Study_Phase.SEQUENCE.Study_Instruction	LOADING RESOURCE SURFACE FROM DISK
1778088.48	Study_Phase.SEQUENCE.Study_Instruction	LOADING RESOURCE SURFACE FROM DISK
1786398.384	Study_Phase.SEQUENCE.Study_Instruction	LOADING RESOURCE SURFACE FROM DISK
1794710.941	Study_Phase.SEQUENCE.Study_Instruction	LOADING RESOURCE SURFACE FROM DISK
1803018.635	Study_Phase.SEQUENCE.Study_Instruction	LOADING RESOURCE SURFACE FROM DISK
1811337.821	Study_Phase.SEQUENCE.Study_Instruction	LOADING RESOURCE SURFACE FROM DISK
1819612.885	Study_Phase.SEQUENCE.Study_Instruction	LOADING RESOURCE SURFACE FROM DISK
1819654.35	Study_Phase.SEQUENCE.Study_Instruction	LOADING RESOURCE SURFACE FROM DISK
1827959.09	Study_Phase.SEQUENCE.Study_Instruction	LOADING RESOURCE SURFACE FROM DISK
1836266.762	Study_Phase.SEQUENCE.Study_Instruction	LOADING RESOURCE SURFACE FROM DISK
1844546.261	Study_Phase.SEQUENCE.Study_Instruction	LOADING RESOURCE SURFACE FROM DISK
1844585.861	Study_Phase.SEQUENCE.Study_Instruction	LOADING RESOURCE SURFACE FROM DISK
1852860.794	Study_Phase.SEQUENCE.Study_Instruction	LOADING RESOURCE SURFACE FROM DISK
1861129.975	Study_Phase.SEQUENCE.Study_Instruction	LOADING RESOURCE SURFACE FROM DISK
1861175.115	Study_Phase.SEQUENCE.Study_Instruction	LOADING RESOURCE SURFACE FROM DISK
1869446.362	Study_Phase.SEQUENCE.Study_Instruction	LOADING RESOURCE SURFACE FROM DISK
1869449.167	Study_Phase.SEQUENCE.Study_Instruction	LOADING RESOURCE SURFACE FROM DISK
1877729.971	Study_Phase.SEQUENCE.Study_Instruction	LOADING RESOURCE SURFACE FROM DISK
1877732.717	Study_Phase.SEQUENCE.Study_Instruction	LOADING RESOURCE SURFACE FROM DISK
1886045.886	Study_Phase.SEQUENCE.Study_Instruction	LOADING RESOURCE SURFACE FROM DISK
1894313.157	Study_Phase.SEQUENCE.Study_Instruction	LOADING RESOURCE SURFACE FROM DISK
1894353.231	Study_Phase.SEQUENCE.Study_Instruction	LOADING RESOURCE SURFACE FROM DISK
1902667.193	Study_Phase.SEQUENCE.Study_Instruction	LOADING RESOURCE SURFACE FROM DISK
1910946.617	Study_Phase.SEQUENCE.Study_Instruction	LOADING RESOURCE SURFACE FROM DISK
1910949.5	Study_Phase.SEQUENCE.Study_Instruction	LOADING RESOURCE SURFACE FROM DISK
1919263.106	Study_Phase.SEQUENCE.Study_Instruction	LOADING RESOURCE SURFACE FROM DISK
1927529.698	Study_Phase.SEQUENCE.Study_Instruction	LOADING RESOURCE SURFACE FROM DISK
1927532.208	Study_Phase.SEQUENCE.Study_Instruction	LOADING RESOURCE SURFACE FROM DISK
1935810.622	Study_Phase.SEQUENCE.Study_Instruction	LOADING RESOURCE SURFACE FROM DISK
1944079.758	Study_Phase.SEQUENCE.Study_Instruction	LOADING RESOURCE SURFACE FROM DISK
1944104.683	Study_Phase.SEQUENCE.Study_Instruction	LOADING RESOURCE SURFACE FROM DISK
1952417.137	Study_Phase.SEQUENCE.Study_Instruction	LOADING RESOURCE SURFACE FROM DISK
1960696.407	Study_Phase.SEQUENCE.Study_Instruction	LOADING RESOURCE SURFACE FROM DISK
1960699.031	Study_Phase.SEQUENCE.Study_Instruction	LOADING RESOURCE SURFACE FROM DISK
1968977.437	Study_Phase.SEQUENCE.Study_Instruction	LOADING RESOURCE SURFACE FROM DISK
1977246.485	Study_Phase.SEQUENCE.Study_Instruction	LOADING RESOURCE SURFACE FROM DISK
1977288.447	Study_Phase.SEQUENCE.Study_Instruction	LOADING RESOURCE SURFACE FROM DISK
1985594.511	Study_Phase.SEQUENCE.Study_Instruction	LOADING RESOURCE SURFACE FROM DISK
1993863.168	Study_Phase.SEQUENCE.Study_Instruction	LOADING RESOURCE SURFACE FROM DISK
1993907.802	Study_Phase.SEQUENCE.Study_Instruction	LOADING RESOURCE SURFACE FROM DISK
2002176.285	Study_Phase.SEQUENCE.Study_Instruction	LOADING RESOURCE SURFACE FROM DISK
2010491.93	Study_Phase.SEQUENCE.Study_Instruction	LOADING RESOURCE SURFACE FROM DISK
2018798.507	Study_Phase.SEQUENCE.Study_Instruction	LOADING RESOURCE SURFACE FROM DISK
2027200.746	Study_Phase.SEQUENCE.Study_Instruction	LOADING RESOURCE SURFACE FROM DISK
2035479.874	Study_Phase.SEQUENCE.Study_Instruction	LOADING RESOURCE SURFACE FROM DISK
2035545.365	Study_Phase.SEQUENCE.Study_Instruction	LOADING RESOURCE SURFACE FROM DISK
2043850.895	Study_Phase.SEQUENCE.Study_Instruction	LOADING RESOURCE SURFACE FROM DISK
2052159.075	Study_Phase.SEQUENCE.Study_Instruction	LOADING RESOURCE SURFACE FROM DISK
2060429.626	Study_Phase.SEQUENCE.Study_Instruction	LOADING RESOURCE SURFACE FROM DISK
2060432.151	Study_Phase.SEQUENCE.Study_Instruction	LOADING RESOURCE SURFACE FROM DISK
2068745.261	Study_Phase.SEQUENCE.Study_Instruction	LOADING RESOURCE SURFACE FROM DISK
2077013.117	Study_Phase.SEQUENCE.Study_Instruction	LOADING RESOURCE SURFACE FROM DISK
2077015.799	Study_Phase.SEQUENCE.Study_Instruction	LOADING RESOURCE SURFACE FROM DISK
2085333.505	Study_Phase.SEQUENCE.Study_Instruction	LOADING RESOURCE SURFACE FROM DISK
2093612.943	Study_Phase.SEQUENCE.Study_Instruction	LOADING RESOURCE SURFACE FROM DISK
2093615.608	Study_Phase.SEQUENCE.Study_Instruction	LOADING RESOURCE SURFACE FROM DISK
2101896.676	Study_Phase.SEQUENCE.Study_Instruction	LOADING RESOURCE SURFACE FROM DISK
2101942.043	Study_Phase.SEQUENCE.Study_Instruction	LOADING RESOURCE SURFACE FROM DISK
2110210.827	Study_Phase.SEQUENCE.Study_Instruction	LOADING RESOURCE SURFACE FROM DISK
2118479.749	Study_Phase.SEQUENCE.Study_Instruction	LOADING RESOURCE SURFACE FROM DISK
2118482.285	Study_Phase.SEQUENCE.Study_Instruction	LOADING RESOURCE SURFACE FROM DISK
2126783.445	Study_Phase.SEQUENCE.Study_Instruction	LOADING RESOURCE SURFACE FROM DISK
2135063.209	Study_Phase.SEQUENCE.Study_Instruction	LOADING RESOURCE SURFACE FROM DISK
2135177.068	Study_Phase.SEQUENCE.Study_Instruction	LOADING RESOURCE SURFACE FROM DISK
2143446.671	Study_Phase.SEQUENCE.Study_Instruction	LOADING RESOURCE SURFACE FROM DISK
2143492.962	Study_Phase.SEQUENCE.Study_Instruction	LOADING RESOURCE SURFACE FROM DISK
2151746.296	Study_Phase.SEQUENCE.Study_Instruction	LOADING RESOURCE SURFACE FROM DISK
2151748.895	Study_Phase.SEQUENCE.Study_Instruction	LOADING RESOURCE SURFACE FROM DISK
2160064.237	Study_Phase.SEQUENCE.Study_Instruction	LOADING RESOURCE SURFACE FROM DISK
2168346.587	Study_Phase.SEQUENCE.Study_Instruction	LOADING RESOURCE SURFACE FROM DISK
2168349.131	Study_Phase.SEQUENCE.Study_Instruction	LOADING RESOURCE SURFACE FROM DISK
2176626.062	Study_Phase.SEQUENCE.Study_Instruction	LOADING RESOURCE SURFACE FROM DISK
2184930.495	Study_Phase.SEQUENCE.Study_Instruction	LOADING RESOURCE SURFACE FROM DISK
2193213.084	Study_Phase.SEQUENCE.Study_Instruction	LOADING RESOURCE SURFACE FROM DISK
2193249.182	Study_Phase.SEQUENCE.Study_Instruction	LOADING RESOURCE SURFACE FROM DISK
2201565.164	Study_Phase.SEQUENCE.Study_Instruction	LOADING RESOURCE SURFACE FROM DISK
2209846.627	Study_Phase.SEQUENCE.Study_Instruction	LOADING RESOURCE SURFACE FROM DISK
2209854.526	Study_Phase.SEQUENCE.Study_Instruction	LOADING RESOURCE SURFACE FROM DISK
2218163.353	Study_Phase.SEQUENCE.Study_Instruction	LOADING RESOURCE SURFACE FROM DISK
2226464.055	Study_Phase.SEQUENCE.Study_Instruction	LOADING RESOURCE SURFACE FROM DISK
2234775.075	Study_Phase.SEQUENCE.Study_Instruction	LOADING RESOURCE SURFACE FROM DISK
2243067.151	Study_Phase.SEQUENCE.Study_Instruction	LOADING RESOURCE SURFACE FROM DISK
2251346.452	Study_Phase.SEQUENCE.Study_Instruction	LOADING RESOURCE SURFACE FROM DISK
2251384.066	Study_Phase.SEQUENCE.Study_Instruction	LOADING RESOURCE SURFACE FROM DISK
2259693.578	Study_Phase.SEQUENCE.Study_Instruction	LOADING RESOURCE SURFACE FROM DISK
2267994.514	Study_Phase.SEQUENCE.Study_Instruction	LOADING RESOURCE SURFACE FROM DISK
2274225.44	DISPLAY_SCREEN[7]	LOADING RESOURCE SURFACE FROM DISK
2605086.549	Test_Phase.SEQUENCE.Target_Cue	LOADING RESOURCE SURFACE FROM DISK
2605106.545	Test_Phase.SEQUENCE.Target_Cue	LOADING RESOURCE SURFACE FROM DISK
2607126.072	Test_Phase.SEQUENCE.Word	LOADING RESOURCE SURFACE FROM DISK
2610177.708	Test_Phase.SEQUENCE.Test_Question	LOADING RESOURCE SURFACE FROM DISK
2610194.807	Test_Phase.SEQUENCE.Test_Question	LOADING RESOURCE SURFACE FROM DISK
2610199.914	Test_Phase.SEQUENCE.Test_Question	LOADING RESOURCE SURFACE FROM DISK
2610205.077	Test_Phase.SEQUENCE.Test_Question	LOADING RESOURCE SURFACE FROM DISK
2610207.01	Test_Phase.SEQUENCE.Test_Question	LOADING RESOURCE SURFACE FROM DISK
2610208.938	Test_Phase.SEQUENCE.Test_Question	LOADING RESOURCE SURFACE FROM DISK
2610210.799	Test_Phase.SEQUENCE.Test_Question	LOADING RESOURCE SURFACE FROM DISK
2610227.825	Test_Phase.SEQUENCE.Test_Question	LOADING RESOURCE SURFACE FROM DISK
2610242.056	Test_Phase.SEQUENCE.Test_Question	LOADING RESOURCE SURFACE FROM DISK
2610244.039	Test_Phase.SEQUENCE.Test_Question	LOADING RESOURCE SURFACE FROM DISK
2610245.878	Test_Phase.SEQUENCE.Test_Question	LOADING RESOURCE SURFACE FROM DISK
2610247.823	Test_Phase.SEQUENCE.Test_Question	LOADING RESOURCE SURFACE FROM DISK
2632160.66	Test_Phase.SEQUENCE.Word	LOADING RESOURCE SURFACE FROM DISK
2641975.878	Test_Phase.SEQUENCE.Word	LOADING RESOURCE SURFACE FROM DISK
2652875.959	Test_Phase.SEQUENCE.Word	LOADING RESOURCE SURFACE FROM DISK
2661866.844	Test_Phase.SEQUENCE.Word	LOADING RESOURCE SURFACE FROM DISK
2670842.63	Test_Phase.SEQUENCE.Word	LOADING RESOURCE SURFACE FROM DISK
2680292.589	Test_Phase.SEQUENCE.Word	LOADING RESOURCE SURFACE FROM DISK
2694081.595	Test_Phase.SEQUENCE.Word	LOADING RESOURCE SURFACE FROM DISK
2703709.313	Test_Phase.SEQUENCE.Word	LOADING RESOURCE SURFACE FROM DISK
2713252.092	Test_Phase.SEQUENCE.Word	LOADING RESOURCE SURFACE FROM DISK
2724009.351	Test_Phase.SEQUENCE.Word	LOADING RESOURCE SURFACE FROM DISK
2734009.148	Test_Phase.SEQUENCE.Word	LOADING RESOURCE SURFACE FROM DISK
2743263.16	Test_Phase.SEQUENCE.Word	LOADING RESOURCE SURFACE FROM DISK
2753309.41	Test_Phase.SEQUENCE.Word	LOADING RESOURCE SURFACE FROM DISK
2764992.67	Test_Phase.SEQUENCE.Word	LOADING RESOURCE SURFACE FROM DISK
2773742.804	Test_Phase.SEQUENCE.Word	LOADING RESOURCE SURFACE FROM DISK
2782378.748	Test_Phase.SEQUENCE.Word	LOADING RESOURCE SURFACE FROM DISK
2791025.832	Test_Phase.SEQUENCE.Word	LOADING RESOURCE SURFACE FROM DISK
2800651.439	Test_Phase.SEQUENCE.Word	LOADING RESOURCE SURFACE FROM DISK
2811359.456	Test_Phase.SEQUENCE.Word	LOADING RESOURCE SURFACE FROM DISK
2822136.142	Test_Phase.SEQUENCE.Word	LOADING RESOURCE SURFACE FROM DISK
2847533.741	Test_Phase.SEQUENCE.Word	LOADING RESOURCE SURFACE FROM DISK
2856242.892	Test_Phase.SEQUENCE.Word	LOADING RESOURCE SURFACE FROM DISK
2865309.302	Test_Phase.SEQUENCE.Word	LOADING RESOURCE SURFACE FROM DISK
2873345.249	Test_Phase.SEQUENCE.Word	LOADING RESOURCE SURFACE FROM DISK
2885093.559	Test_Phase.SEQUENCE.Word	LOADING RESOURCE SURFACE FROM DISK
2894393.02	Test_Phase.SEQUENCE.Word	LOADING RESOURCE SURFACE FROM DISK
2902242.638	Test_Phase.SEQUENCE.Word	LOADING RESOURCE SURFACE FROM DISK
2909742.578	Test_Phase.SEQUENCE.Word	LOADING RESOURCE SURFACE FROM DISK
2919478.183	Test_Phase.SEQUENCE.Word	LOADING RESOURCE SURFACE FROM DISK
2930042.532	Test_Phase.SEQUENCE.Word	LOADING RESOURCE SURFACE FROM DISK
2938659.399	Test_Phase.SEQUENCE.Word	LOADING RESOURCE SURFACE FROM DISK
2947392.664	Test_Phase.SEQUENCE.Word	LOADING RESOURCE SURFACE FROM DISK
2956042.825	Test_Phase.SEQUENCE.Word	LOADING RESOURCE SURFACE FROM DISK
2964792.575	Test_Phase.SEQUENCE.Word	LOADING RESOURCE SURFACE FROM DISK
2973809.379	Test_Phase.SEQUENCE.Word	LOADING RESOURCE SURFACE FROM DISK
2983452.369	Test_Phase.SEQUENCE.Word	LOADING RESOURCE SURFACE FROM DISK
2991809.265	Test_Phase.SEQUENCE.Word	LOADING RESOURCE SURFACE FROM DISK
2999892.888	Test_Phase.SEQUENCE.Word	LOADING RESOURCE SURFACE FROM DISK
3007909.174	Test_Phase.SEQUENCE.Word	LOADING RESOURCE SURFACE FROM DISK
3016442.546	Test_Phase.SEQUENCE.Word	LOADING RESOURCE SURFACE FROM DISK
3025749.23	Test_Phase.SEQUENCE.Word	LOADING RESOURCE SURFACE FROM DISK
3035042.723	Test_Phase.SEQUENCE.Word	LOADING RESOURCE SURFACE FROM DISK
3044159.414	Test_Phase.SEQUENCE.Word	LOADING RESOURCE SURFACE FROM DISK
3052609.078	Test_Phase.SEQUENCE.Word	LOADING RESOURCE SURFACE FROM DISK
3060459.43	Test_Phase.SEQUENCE.Word	LOADING RESOURCE SURFACE FROM DISK
3068730.361	Test_Phase.SEQUENCE.Word	LOADING RESOURCE SURFACE FROM DISK
3077409.344	Test_Phase.SEQUENCE.Word	LOADING RESOURCE SURFACE FROM DISK
3085992.921	Test_Phase.SEQUENCE.Word	LOADING RESOURCE SURFACE FROM DISK
3094492.828	Test_Phase.SEQUENCE.Word	LOADING RESOURCE SURFACE FROM DISK
3103159.708	Test_Phase.SEQUENCE.Word	LOADING RESOURCE SURFACE FROM DISK
3110944.988	Test_Phase.SEQUENCE.Word	LOADING RESOURCE SURFACE FROM DISK
3118292.898	Test_Phase.SEQUENCE.Word	LOADING RESOURCE SURFACE FROM DISK
3127642.556	Test_Phase.SEQUENCE.Word	LOADING RESOURCE SURFACE FROM DISK
3136061.806	Test_Phase.SEQUENCE.Word	LOADING RESOURCE SURFACE FROM DISK
3144212.548	Test_Phase.SEQUENCE.Word	LOADING RESOURCE SURFACE FROM DISK
3152809.412	Test_Phase.SEQUENCE.Word	LOADING RESOURCE SURFACE FROM DISK
3160926.451	Test_Phase.SEQUENCE.Word	LOADING RESOURCE SURFACE FROM DISK
3169626.353	Test_Phase.SEQUENCE.Word	LOADING RESOURCE SURFACE FROM DISK
3177767.055	Test_Phase.SEQUENCE.Word	LOADING RESOURCE SURFACE FROM DISK
3186359.378	Test_Phase.SEQUENCE.Word	LOADING RESOURCE SURFACE FROM DISK
3194566.362	Test_Phase.SEQUENCE.Word	LOADING RESOURCE SURFACE FROM DISK
3202789.087	Test_Phase.SEQUENCE.Word	LOADING RESOURCE SURFACE FROM DISK
3210148.793	Test_Phase.SEQUENCE.Word	LOADING RESOURCE SURFACE FROM DISK
3218826.193	Test_Phase.SEQUENCE.Word	LOADING RESOURCE SURFACE FROM DISK
3228809.267	Test_Phase.SEQUENCE.Word	LOADING RESOURCE SURFACE FROM DISK
3236768.389	Test_Phase.SEQUENCE.Word	LOADING RESOURCE SURFACE FROM DISK
3244797.604	Test_Phase.SEQUENCE.Word	LOADING RESOURCE SURFACE FROM DISK
3253696.135	Test_Phase.SEQUENCE.Word	LOADING RESOURCE SURFACE FROM DISK
3261842.73	Test_Phase.SEQUENCE.Word	LOADING RESOURCE SURFACE FROM DISK
3269849.654	Test_Phase.SEQUENCE.Word	LOADING RESOURCE SURFACE FROM DISK
3278268.185	Test_Phase.SEQUENCE.Word	LOADING RESOURCE SURFACE FROM DISK
3288576.334	Test_Phase.SEQUENCE.Word	LOADING RESOURCE SURFACE FROM DISK
3299125.99	Test_Phase.SEQUENCE.Word	LOADING RESOURCE SURFACE FROM DISK
3307442.799	Test_Phase.SEQUENCE.Word	LOADING RESOURCE SURFACE FROM DISK
3315664.939	Test_Phase.SEQUENCE.Word	LOADING RESOURCE SURFACE FROM DISK
3323839.663	Test_Phase.SEQUENCE.Word	LOADING RESOURCE SURFACE FROM DISK
3331832.928	Test_Phase.SEQUENCE.Word	LOADING RESOURCE SURFACE FROM DISK
3340026.081	Test_Phase.SEQUENCE.Word	LOADING RESOURCE SURFACE FROM DISK
3349226.114	Test_Phase.SEQUENCE.Word	LOADING RESOURCE SURFACE FROM DISK
3357392.722	Test_Phase.SEQUENCE.Word	LOADING RESOURCE SURFACE FROM DISK
3365651.943	Test_Phase.SEQUENCE.Word	LOADING RESOURCE SURFACE FROM DISK
3373663.059	Test_Phase.SEQUENCE.Word	LOADING RESOURCE SURFACE FROM DISK
3382459.453	Test_Phase.SEQUENCE.Word	LOADING RESOURCE SURFACE FROM DISK
3390509.259	Test_Phase.SEQUENCE.Word	LOADING RESOURCE SURFACE FROM DISK
3398498.219	Test_Phase.SEQUENCE.Word	LOADING RESOURCE SURFACE FROM DISK
3406863.145	Test_Phase.SEQUENCE.Word	LOADING RESOURCE SURFACE FROM DISK
3416843.277	Test_Phase.SEQUENCE.Word	LOADING RESOURCE SURFACE FROM DISK
3426342.561	Test_Phase.SEQUENCE.Word	LOADING RESOURCE SURFACE FROM DISK
3434326.216	Test_Phase.SEQUENCE.Word	LOADING RESOURCE SURFACE FROM DISK
3445613.808	Test_Phase.SEQUENCE.Word	LOADING RESOURCE SURFACE FROM DISK
3454209.184	Test_Phase.SEQUENCE.Word	LOADING RESOURCE SURFACE FROM DISK
3462026.157	Test_Phase.SEQUENCE.Word	LOADING RESOURCE SURFACE FROM DISK
3470159.211	Test_Phase.SEQUENCE.Word	LOADING RESOURCE SURFACE FROM DISK
3479309.245	Test_Phase.SEQUENCE.Word	LOADING RESOURCE SURFACE FROM DISK
3486558.976	Test_Phase.SEQUENCE.Word	LOADING RESOURCE SURFACE FROM DISK
3494325.93	Test_Phase.SEQUENCE.Word	LOADING RESOURCE SURFACE FROM DISK
3503385.147	Test_Phase.SEQUENCE.Word	LOADING RESOURCE SURFACE FROM DISK
3511684.569	Test_Phase.SEQUENCE.Word	LOADING RESOURCE SURFACE FROM DISK
3520109.275	Test_Phase.SEQUENCE.Word	LOADING RESOURCE SURFACE FROM DISK
3527926.029	Test_Phase.SEQUENCE.Word	LOADING RESOURCE SURFACE FROM DISK
3535982.419	Test_Phase.SEQUENCE.Word	LOADING RESOURCE SURFACE FROM DISK
3543825.977	Test_Phase.SEQUENCE.Word	LOADING RESOURCE SURFACE FROM DISK
3551859.468	Test_Phase.SEQUENCE.Word	LOADING RESOURCE SURFACE FROM DISK
3559726.03	Test_Phase.SEQUENCE.Word	LOADING RESOURCE SURFACE FROM DISK
3568075.966	Test_Phase.SEQUENCE.Word	LOADING RESOURCE SURFACE FROM DISK
3575326.121	Test_Phase.SEQUENCE.Word	LOADING RESOURCE SURFACE FROM DISK
3583476.262	Test_Phase.SEQUENCE.Word	LOADING RESOURCE SURFACE FROM DISK
3590642.616	Test_Phase.SEQUENCE.Word	LOADING RESOURCE SURFACE FROM DISK
3599192.54	Test_Phase.SEQUENCE.Word	LOADING RESOURCE SURFACE FROM DISK
3607742.586	Test_Phase.SEQUENCE.Word	LOADING RESOURCE SURFACE FROM DISK
3615075.971	Test_Phase.SEQUENCE.Word	LOADING RESOURCE SURFACE FROM DISK
3622875.568	Test_Phase.SEQUENCE.Word	LOADING RESOURCE SURFACE FROM DISK
3630676.217	Test_Phase.SEQUENCE.Word	LOADING RESOURCE SURFACE FROM DISK
3638742.785	Test_Phase.SEQUENCE.Word	LOADING RESOURCE SURFACE FROM DISK
3646452.665	Test_Phase.SEQUENCE.Word	LOADING RESOURCE SURFACE FROM DISK
3655709.291	Test_Phase.SEQUENCE.Word	LOADING RESOURCE SURFACE FROM DISK
3664109.133	Test_Phase.SEQUENCE.Word	LOADING RESOURCE SURFACE FROM DISK
3672409.168	Test_Phase.SEQUENCE.Word	LOADING RESOURCE SURFACE FROM DISK
3680392.687	Test_Phase.SEQUENCE.Word	LOADING RESOURCE SURFACE FROM DISK
3688092.524	Test_Phase.SEQUENCE.Word	LOADING RESOURCE SURFACE FROM DISK
3695235.462	Test_Phase.SEQUENCE.Word	LOADING RESOURCE SURFACE FROM DISK
3703276.013	Test_Phase.SEQUENCE.Word	LOADING RESOURCE SURFACE FROM DISK
3711219.414	Test_Phase.SEQUENCE.Word	LOADING RESOURCE SURFACE FROM DISK
3718363.718	Test_Phase.SEQUENCE.Word	LOADING RESOURCE SURFACE FROM DISK
3725562.58	Test_Phase.SEQUENCE.Word	LOADING RESOURCE SURFACE FROM DISK
3734876.006	Test_Phase.SEQUENCE.Word	LOADING RESOURCE SURFACE FROM DISK
3742565.112	Test_Phase.SEQUENCE.Word	LOADING RESOURCE SURFACE FROM DISK
3749775.964	Test_Phase.SEQUENCE.Word	LOADING RESOURCE SURFACE FROM DISK
3758128.478	Test_Phase.SEQUENCE.Word	LOADING RESOURCE SURFACE FROM DISK
3765926.056	Test_Phase.SEQUENCE.Word	LOADING RESOURCE SURFACE FROM DISK
3773838.279	Test_Phase.SEQUENCE.Word	LOADING RESOURCE SURFACE FROM DISK
3781059.381	Test_Phase.SEQUENCE.Word	LOADING RESOURCE SURFACE FROM DISK
3788716.907	Test_Phase.SEQUENCE.Word	LOADING RESOURCE SURFACE FROM DISK
3796975.959	Test_Phase.SEQUENCE.Word	LOADING RESOURCE SURFACE FROM DISK
3804985.617	Test_Phase.SEQUENCE.Word	LOADING RESOURCE SURFACE FROM DISK
3813093.005	Test_Phase.SEQUENCE.Word	LOADING RESOURCE SURFACE FROM DISK
3821131.229	Test_Phase.SEQUENCE.Word	LOADING RESOURCE SURFACE FROM DISK
3829299.995	Test_Phase.SEQUENCE.Word	LOADING RESOURCE SURFACE FROM DISK
3838798.116	Test_Phase.SEQUENCE.Word	LOADING RESOURCE SURFACE FROM DISK
3846812.978	Test_Phase.SEQUENCE.Word	LOADING RESOURCE SURFACE FROM DISK
3855776.043	Test_Phase.SEQUENCE.Word	LOADING RESOURCE SURFACE FROM DISK
3863679.521	Test_Phase.SEQUENCE.Word	LOADING RESOURCE SURFACE FROM DISK
3871580.31	Test_Phase.SEQUENCE.Word	LOADING RESOURCE SURFACE FROM DISK
3878642.91	Test_Phase.SEQUENCE.Word	LOADING RESOURCE SURFACE FROM DISK
3886265.183	Test_Phase.SEQUENCE.Word	LOADING RESOURCE SURFACE FROM DISK
3893595.058	Test_Phase.SEQUENCE.Word	LOADING RESOURCE SURFACE FROM DISK
3901579.588	Test_Phase.SEQUENCE.Word	LOADING RESOURCE SURFACE FROM DISK
3909312.646	Test_Phase.SEQUENCE.Word	LOADING RESOURCE SURFACE FROM DISK
3917503.304	Test_Phase.SEQUENCE.Word	LOADING RESOURCE SURFACE FROM DISK
3929825.995	Test_Phase.SEQUENCE.Word	LOADING RESOURCE SURFACE FROM DISK
3937960.97	Test_Phase.SEQUENCE.Word	LOADING RESOURCE SURFACE FROM DISK
3945766.874	Test_Phase.SEQUENCE.Word	LOADING RESOURCE SURFACE FROM DISK
3956048.314	Test_Phase.SEQUENCE.Word	LOADING RESOURCE SURFACE FROM DISK
3963792.799	Test_Phase.SEQUENCE.Word	LOADING RESOURCE SURFACE FROM DISK
3971844.357	Test_Phase.SEQUENCE.Word	LOADING RESOURCE SURFACE FROM DISK
3980209.577	Test_Phase.SEQUENCE.Word	LOADING RESOURCE SURFACE FROM DISK
3988265.227	Test_Phase.SEQUENCE.Word	LOADING RESOURCE SURFACE FROM DISK
3995942.55	Test_Phase.SEQUENCE.Word	LOADING RESOURCE SURFACE FROM DISK
4003600.493	Test_Phase.SEQUENCE.Word	LOADING RESOURCE SURFACE FROM DISK
4012826.148	Test_Phase.SEQUENCE.Word	LOADING RESOURCE SURFACE FROM DISK
4020648.143	Test_Phase.SEQUENCE.Word	LOADING RESOURCE SURFACE FROM DISK
4028398.455	Test_Phase.SEQUENCE.Word	LOADING RESOURCE SURFACE FROM DISK
4037626.443	Test_Phase.SEQUENCE.Word	LOADING RESOURCE SURFACE FROM DISK
4044689.06	Test_Phase.SEQUENCE.Word	LOADING RESOURCE SURFACE FROM DISK
4053352.095	Test_Phase.SEQUENCE.Word	LOADING RESOURCE SURFACE FROM DISK
4061609.608	Test_Phase.SEQUENCE.Word	LOADING RESOURCE SURFACE FROM DISK
4068842.744	Test_Phase.SEQUENCE.Word	LOADING RESOURCE SURFACE FROM DISK
4078612.518	Test_Phase.SEQUENCE.Word	LOADING RESOURCE SURFACE FROM DISK
4086684.178	Test_Phase.SEQUENCE.Word	LOADING RESOURCE SURFACE FROM DISK
4094681.315	Test_Phase.SEQUENCE.Word	LOADING RESOURCE SURFACE FROM DISK
4101709.179	Test_Phase.SEQUENCE.Word	LOADING RESOURCE SURFACE FROM DISK
4109842.673	Test_Phase.SEQUENCE.Word	LOADING RESOURCE SURFACE FROM DISK
4116949.723	Test_Phase.SEQUENCE.Word	LOADING RESOURCE SURFACE FROM DISK
4124726.021	Test_Phase.SEQUENCE.Word	LOADING RESOURCE SURFACE FROM DISK
4132226.12	Test_Phase.SEQUENCE.Word	LOADING RESOURCE SURFACE FROM DISK
4139875.99	Test_Phase.SEQUENCE.Word	LOADING RESOURCE SURFACE FROM DISK
4147509.747	Test_Phase.SEQUENCE.Word	LOADING RESOURCE SURFACE FROM DISK
4155059.454	Test_Phase.SEQUENCE.Word	LOADING RESOURCE SURFACE FROM DISK
4162458.823	Test_Phase.SEQUENCE.Word	LOADING RESOURCE SURFACE FROM DISK
4170709.512	Test_Phase.SEQUENCE.Word	LOADING RESOURCE SURFACE FROM DISK
4178293.444	Test_Phase.SEQUENCE.Word	LOADING RESOURCE SURFACE FROM DISK
4186042.589	Test_Phase.SEQUENCE.Word	LOADING RESOURCE SURFACE FROM DISK
4195102.413	Test_Phase.SEQUENCE.Word	LOADING RESOURCE SURFACE FROM DISK
4202901.466	Test_Phase.SEQUENCE.Word	LOADING RESOURCE SURFACE FROM DISK
4210342.898	Test_Phase.SEQUENCE.Word	LOADING RESOURCE SURFACE FROM DISK
4217792.631	Test_Phase.SEQUENCE.Word	LOADING RESOURCE SURFACE FROM DISK
4224809.447	Test_Phase.SEQUENCE.Word	LOADING RESOURCE SURFACE FROM DISK
4231875.998	Test_Phase.SEQUENCE.Word	LOADING RESOURCE SURFACE FROM DISK
4239468.826	Test_Phase.SEQUENCE.Word	LOADING RESOURCE SURFACE FROM DISK
4247026.025	Test_Phase.SEQUENCE.Word	LOADING RESOURCE SURFACE FROM DISK
4254965.459	Test_Phase.SEQUENCE.Word	LOADING RESOURCE SURFACE FROM DISK
4263101.054	Test_Phase.SEQUENCE.Word	LOADING RESOURCE SURFACE FROM DISK
4270166.418	Test_Phase.SEQUENCE.Word	LOADING RESOURCE SURFACE FROM DISK
4277376.039	Test_Phase.SEQUENCE.Word	LOADING RESOURCE SURFACE FROM DISK
4284892.673	Test_Phase.SEQUENCE.Word	LOADING RESOURCE SURFACE FROM DISK
4292809.471	Test_Phase.SEQUENCE.Word	LOADING RESOURCE SURFACE FROM DISK
4300164.023	Test_Phase.SEQUENCE.Word	LOADING RESOURCE SURFACE FROM DISK
4307809.403	Test_Phase.SEQUENCE.Word	LOADING RESOURCE SURFACE FROM DISK
4311334.534	DISPLAY_SCREEN	LOADING RESOURCE SURFACE FROM DISK
