4964.389	DISPLAY_SCREEN[1]	LOADING RESOURCE SURFACE FROM DISK
113846.346	Familiarization_Phase.SEQUENCE.Cue_and_Instruction	LOADING RESOURCE SURFACE FROM DISK
113858.014	Familiarization_Phase.SEQUENCE.Cue_and_Instruction	LOADING RESOURCE SURFACE FROM DISK
119925.978	Familiarization_Phase.SEQUENCE.Cue_and_Instruction	LOADING RESOURCE SURFACE FROM DISK
119938.082	Familiarization_Phase.SEQUENCE.Cue_and_Instruction	LOADING RESOURCE SURFACE FROM DISK
126009.243	Familiarization_Phase.SEQUENCE.Cue_and_Instruction	LOADING RESOURCE SURFACE FROM DISK
126015.156	Familiarization_Phase.SEQUENCE.Cue_and_Instruction	LOADING RESOURCE SURFACE FROM DISK
168180.705	DISPLAY_SCREEN[3]	LOADING RESOURCE SURFACE FROM DISK
237680.517	DISPLAY_SCREEN[5]	LOADING RESOURCE SURFACE FROM DISK
380547.644	Practice_Phase.SEQUENCE.Blink_Screen	LOADING RESOURCE SURFACE FROM DISK
380548.835	Practice_Phase.SEQUENCE.Blink_Screen	flip time is later than desired time. Desired Time=380288 Flip Time=380572 Retrace Rate=16.641, prepareTime=284 flip request time 380548
381788.787	Practice_Phase.SEQUENCE.Practice_Luminance_Cue	LOADING RESOURCE SURFACE FROM DISK
381802.652	Practice_Phase.SEQUENCE.Practice_Luminance_Cue	LOADING RESOURCE SURFACE FROM DISK
381804.237	Practice_Phase.SEQUENCE.Practice_Luminance_Cue	flip time is later than desired time. Desired Time=381772 Flip Time=381822 Retrace Rate=16.641, prepareTime=56 flip request time 381803
383846.02	Practice_Phase.SEQUENCE.Practice_Instruction	LOADING RESOURCE SURFACE FROM DISK
383853.468	Practice_Phase.SEQUENCE.Practice_Instruction	LOADING RESOURCE SURFACE FROM DISK
383855.075	Practice_Phase.SEQUENCE.Practice_Instruction	flip time is later than desired time. Desired Time=383822 Flip Time=383872 Retrace Rate=16.641, prepareTime=57 flip request time 383854
391979.715	Practice_Phase.SEQUENCE.Practice_Instruction	LOADING RESOURCE SURFACE FROM DISK
391986.529	Practice_Phase.SEQUENCE.Practice_Instruction	LOADING RESOURCE SURFACE FROM DISK
391988.126	Practice_Phase.SEQUENCE.Practice_Instruction	flip time is later than desired time. Desired Time=391938 Flip Time=392005 Retrace Rate=16.641, prepareTime=73 flip request time 391987
400088.057	Practice_Phase.SEQUENCE.Practice_Instruction	LOADING RESOURCE SURFACE FROM DISK
400097.304	Practice_Phase.SEQUENCE.Practice_Instruction	LOADING RESOURCE SURFACE FROM DISK
400098.862	Practice_Phase.SEQUENCE.Practice_Instruction	flip time is later than desired time. Desired Time=400072 Flip Time=400122 Retrace Rate=16.641, prepareTime=51 flip request time 400098
408169.786	Practice_Phase.SEQUENCE.Practice_Instruction	LOADING RESOURCE SURFACE FROM DISK
408172.173	Practice_Phase.SEQUENCE.Practice_Instruction	LOADING RESOURCE SURFACE FROM DISK
416236.478	Practice_Phase.SEQUENCE.Practice_Instruction	LOADING RESOURCE SURFACE FROM DISK
416238.877	Practice_Phase.SEQUENCE.Practice_Instruction	LOADING RESOURCE SURFACE FROM DISK
424303.074	Practice_Phase.SEQUENCE.Practice_Instruction	LOADING RESOURCE SURFACE FROM DISK
424341.028	Practice_Phase.SEQUENCE.Practice_Instruction	LOADING RESOURCE SURFACE FROM DISK
424342.66	Practice_Phase.SEQUENCE.Practice_Instruction	flip time is later than desired time. Desired Time=424322 Flip Time=424355 Retrace Rate=16.641, prepareTime=44 flip request time 424342
432386.413	Practice_Phase.SEQUENCE.Practice_Instruction	LOADING RESOURCE SURFACE FROM DISK
432429.708	Practice_Phase.SEQUENCE.Practice_Instruction	LOADING RESOURCE SURFACE FROM DISK
432431.27	Practice_Phase.SEQUENCE.Practice_Instruction	flip time is later than desired time. Desired Time=432405 Flip Time=432455 Retrace Rate=16.641, prepareTime=50 flip request time 432430
440503.001	Practice_Phase.SEQUENCE.Practice_Instruction	LOADING RESOURCE SURFACE FROM DISK
440505.344	Practice_Phase.SEQUENCE.Practice_Instruction	LOADING RESOURCE SURFACE FROM DISK
448569.749	Practice_Phase.SEQUENCE.Practice_Instruction	LOADING RESOURCE SURFACE FROM DISK
448572.096	Practice_Phase.SEQUENCE.Practice_Instruction	LOADING RESOURCE SURFACE FROM DISK
453247.116	DISPLAY_SCREEN[2]	LOADING RESOURCE SURFACE FROM DISK
546395.089	Study_Phase.SEQUENCE.Study_Instruction	LOADING RESOURCE SURFACE FROM DISK
546437.149	Study_Phase.SEQUENCE.Study_Instruction	LOADING RESOURCE SURFACE FROM DISK
554695.022	Study_Phase.SEQUENCE.Study_Instruction	LOADING RESOURCE SURFACE FROM DISK
554731.451	Study_Phase.SEQUENCE.Study_Instruction	LOADING RESOURCE SURFACE FROM DISK
563030.12	Study_Phase.SEQUENCE.Study_Instruction	LOADING RESOURCE SURFACE FROM DISK
571291.83	Study_Phase.SEQUENCE.Study_Instruction	LOADING RESOURCE SURFACE FROM DISK
579580.064	Study_Phase.SEQUENCE.Study_Instruction	LOADING RESOURCE SURFACE FROM DISK
587845.037	Study_Phase.SEQUENCE.Study_Instruction	LOADING RESOURCE SURFACE FROM DISK
587888.584	Study_Phase.SEQUENCE.Study_Instruction	LOADING RESOURCE SURFACE FROM DISK
596145.015	Study_Phase.SEQUENCE.Study_Instruction	LOADING RESOURCE SURFACE FROM DISK
596184.313	Study_Phase.SEQUENCE.Study_Instruction	LOADING RESOURCE SURFACE FROM DISK
604477.323	Study_Phase.SEQUENCE.Study_Instruction	LOADING RESOURCE SURFACE FROM DISK
612725.082	Study_Phase.SEQUENCE.Study_Instruction	LOADING RESOURCE SURFACE FROM DISK
621038.07	Study_Phase.SEQUENCE.Study_Instruction	LOADING RESOURCE SURFACE FROM DISK
629332.072	Study_Phase.SEQUENCE.Study_Instruction	LOADING RESOURCE SURFACE FROM DISK
637595.053	Study_Phase.SEQUENCE.Study_Instruction	LOADING RESOURCE SURFACE FROM DISK
637634.438	Study_Phase.SEQUENCE.Study_Instruction	LOADING RESOURCE SURFACE FROM DISK
645931.564	Study_Phase.SEQUENCE.Study_Instruction	LOADING RESOURCE SURFACE FROM DISK
654225.705	Study_Phase.SEQUENCE.Study_Instruction	LOADING RESOURCE SURFACE FROM DISK
662510.571	Study_Phase.SEQUENCE.Study_Instruction	LOADING RESOURCE SURFACE FROM DISK
670761.707	Study_Phase.SEQUENCE.Study_Instruction	LOADING RESOURCE SURFACE FROM DISK
670803.517	Study_Phase.SEQUENCE.Study_Instruction	LOADING RESOURCE SURFACE FROM DISK
679099.992	Study_Phase.SEQUENCE.Study_Instruction	LOADING RESOURCE SURFACE FROM DISK
687361.776	Study_Phase.SEQUENCE.Study_Instruction	LOADING RESOURCE SURFACE FROM DISK
687364.116	Study_Phase.SEQUENCE.Study_Instruction	LOADING RESOURCE SURFACE FROM DISK
695628.591	Study_Phase.SEQUENCE.Study_Instruction	LOADING RESOURCE SURFACE FROM DISK
695668.795	Study_Phase.SEQUENCE.Study_Instruction	LOADING RESOURCE SURFACE FROM DISK
703928.321	Study_Phase.SEQUENCE.Study_Instruction	LOADING RESOURCE SURFACE FROM DISK
703962.932	Study_Phase.SEQUENCE.Study_Instruction	LOADING RESOURCE SURFACE FROM DISK
712228.419	Study_Phase.SEQUENCE.Study_Instruction	LOADING RESOURCE SURFACE FROM DISK
712264.777	Study_Phase.SEQUENCE.Study_Instruction	LOADING RESOURCE SURFACE FROM DISK
720528.139	Study_Phase.SEQUENCE.Study_Instruction	LOADING RESOURCE SURFACE FROM DISK
720564.168	Study_Phase.SEQUENCE.Study_Instruction	LOADING RESOURCE SURFACE FROM DISK
728862.406	Study_Phase.SEQUENCE.Study_Instruction	LOADING RESOURCE SURFACE FROM DISK
737128.362	Study_Phase.SEQUENCE.Study_Instruction	LOADING RESOURCE SURFACE FROM DISK
737173.258	Study_Phase.SEQUENCE.Study_Instruction	LOADING RESOURCE SURFACE FROM DISK
745428.463	Study_Phase.SEQUENCE.Study_Instruction	LOADING RESOURCE SURFACE FROM DISK
745467.444	Study_Phase.SEQUENCE.Study_Instruction	LOADING RESOURCE SURFACE FROM DISK
753764.193	Study_Phase.SEQUENCE.Study_Instruction	LOADING RESOURCE SURFACE FROM DISK
762028.468	Study_Phase.SEQUENCE.Study_Instruction	LOADING RESOURCE SURFACE FROM DISK
762063.848	Study_Phase.SEQUENCE.Study_Instruction	LOADING RESOURCE SURFACE FROM DISK
770366.572	Study_Phase.SEQUENCE.Study_Instruction	LOADING RESOURCE SURFACE FROM DISK
778628.316	Study_Phase.SEQUENCE.Study_Instruction	LOADING RESOURCE SURFACE FROM DISK
778630.707	Study_Phase.SEQUENCE.Study_Instruction	LOADING RESOURCE SURFACE FROM DISK
786935.597	Study_Phase.SEQUENCE.Study_Instruction	LOADING RESOURCE SURFACE FROM DISK
795195.07	Study_Phase.SEQUENCE.Study_Instruction	LOADING RESOURCE SURFACE FROM DISK
795239.043	Study_Phase.SEQUENCE.Study_Instruction	LOADING RESOURCE SURFACE FROM DISK
803526.399	Study_Phase.SEQUENCE.Study_Instruction	LOADING RESOURCE SURFACE FROM DISK
811778.4	Study_Phase.SEQUENCE.Study_Instruction	LOADING RESOURCE SURFACE FROM DISK
811870.78	Study_Phase.SEQUENCE.Study_Instruction	LOADING RESOURCE SURFACE FROM DISK
820128.447	Study_Phase.SEQUENCE.Study_Instruction	LOADING RESOURCE SURFACE FROM DISK
820170.039	Study_Phase.SEQUENCE.Study_Instruction	LOADING RESOURCE SURFACE FROM DISK
828424.91	Study_Phase.SEQUENCE.Study_Instruction	LOADING RESOURCE SURFACE FROM DISK
836692.119	Study_Phase.SEQUENCE.Study_Instruction	LOADING RESOURCE SURFACE FROM DISK
844941.404	Study_Phase.SEQUENCE.Study_Instruction	LOADING RESOURCE SURFACE FROM DISK
853195.251	Study_Phase.SEQUENCE.Study_Instruction	LOADING RESOURCE SURFACE FROM DISK
853235.543	Study_Phase.SEQUENCE.Study_Instruction	LOADING RESOURCE SURFACE FROM DISK
861495.038	Study_Phase.SEQUENCE.Study_Instruction	LOADING RESOURCE SURFACE FROM DISK
861535.404	Study_Phase.SEQUENCE.Study_Instruction	LOADING RESOURCE SURFACE FROM DISK
869795.19	Study_Phase.SEQUENCE.Study_Instruction	LOADING RESOURCE SURFACE FROM DISK
869838.39	Study_Phase.SEQUENCE.Study_Instruction	LOADING RESOURCE SURFACE FROM DISK
878095.163	Study_Phase.SEQUENCE.Study_Instruction	LOADING RESOURCE SURFACE FROM DISK
878134.896	Study_Phase.SEQUENCE.Study_Instruction	LOADING RESOURCE SURFACE FROM DISK
886432.339	Study_Phase.SEQUENCE.Study_Instruction	LOADING RESOURCE SURFACE FROM DISK
894694.957	Study_Phase.SEQUENCE.Study_Instruction	LOADING RESOURCE SURFACE FROM DISK
894739.879	Study_Phase.SEQUENCE.Study_Instruction	LOADING RESOURCE SURFACE FROM DISK
903026.382	Study_Phase.SEQUENCE.Study_Instruction	LOADING RESOURCE SURFACE FROM DISK
911274.864	Study_Phase.SEQUENCE.Study_Instruction	LOADING RESOURCE SURFACE FROM DISK
919564.405	Study_Phase.SEQUENCE.Study_Instruction	LOADING RESOURCE SURFACE FROM DISK
927828.466	Study_Phase.SEQUENCE.Study_Instruction	LOADING RESOURCE SURFACE FROM DISK
927869.017	Study_Phase.SEQUENCE.Study_Instruction	LOADING RESOURCE SURFACE FROM DISK
936163.782	Study_Phase.SEQUENCE.Study_Instruction	LOADING RESOURCE SURFACE FROM DISK
944428.465	Study_Phase.SEQUENCE.Study_Instruction	LOADING RESOURCE SURFACE FROM DISK
944463.001	Study_Phase.SEQUENCE.Study_Instruction	LOADING RESOURCE SURFACE FROM DISK
952768.844	Study_Phase.SEQUENCE.Study_Instruction	LOADING RESOURCE SURFACE FROM DISK
961028.269	Study_Phase.SEQUENCE.Study_Instruction	LOADING RESOURCE SURFACE FROM DISK
961038.848	Study_Phase.SEQUENCE.Study_Instruction	LOADING RESOURCE SURFACE FROM DISK
969331.851	Study_Phase.SEQUENCE.Study_Instruction	LOADING RESOURCE SURFACE FROM DISK
977592.064	Study_Phase.SEQUENCE.Study_Instruction	LOADING RESOURCE SURFACE FROM DISK
985909.121	Study_Phase.SEQUENCE.Study_Instruction	LOADING RESOURCE SURFACE FROM DISK
994198.671	Study_Phase.SEQUENCE.Study_Instruction	LOADING RESOURCE SURFACE FROM DISK
1002461.786	Study_Phase.SEQUENCE.Study_Instruction	LOADING RESOURCE SURFACE FROM DISK
1002506.543	Study_Phase.SEQUENCE.Study_Instruction	LOADING RESOURCE SURFACE FROM DISK
1010761.779	Study_Phase.SEQUENCE.Study_Instruction	LOADING RESOURCE SURFACE FROM DISK
1010799.371	Study_Phase.SEQUENCE.Study_Instruction	LOADING RESOURCE SURFACE FROM DISK
1019061.845	Study_Phase.SEQUENCE.Study_Instruction	LOADING RESOURCE SURFACE FROM DISK
1019105.866	Study_Phase.SEQUENCE.Study_Instruction	LOADING RESOURCE SURFACE FROM DISK
1027391.532	Study_Phase.SEQUENCE.Study_Instruction	LOADING RESOURCE SURFACE FROM DISK
1035641.629	Study_Phase.SEQUENCE.Study_Instruction	LOADING RESOURCE SURFACE FROM DISK
1043917.043	Study_Phase.SEQUENCE.Study_Instruction	LOADING RESOURCE SURFACE FROM DISK
1052215.315	Study_Phase.SEQUENCE.Study_Instruction	LOADING RESOURCE SURFACE FROM DISK
1060478.391	Study_Phase.SEQUENCE.Study_Instruction	LOADING RESOURCE SURFACE FROM DISK
1060515.338	Study_Phase.SEQUENCE.Study_Instruction	LOADING RESOURCE SURFACE FROM DISK
1068778.548	Study_Phase.SEQUENCE.Study_Instruction	LOADING RESOURCE SURFACE FROM DISK
1068820.095	Study_Phase.SEQUENCE.Study_Instruction	LOADING RESOURCE SURFACE FROM DISK
1077092.904	Study_Phase.SEQUENCE.Study_Instruction	LOADING RESOURCE SURFACE FROM DISK
1085339.094	Study_Phase.SEQUENCE.Study_Instruction	LOADING RESOURCE SURFACE FROM DISK
1093595.042	Study_Phase.SEQUENCE.Study_Instruction	LOADING RESOURCE SURFACE FROM DISK
1093638.188	Study_Phase.SEQUENCE.Study_Instruction	LOADING RESOURCE SURFACE FROM DISK
1101916.115	Study_Phase.SEQUENCE.Study_Instruction	LOADING RESOURCE SURFACE FROM DISK
1110178.392	Study_Phase.SEQUENCE.Study_Instruction	LOADING RESOURCE SURFACE FROM DISK
1110219.335	Study_Phase.SEQUENCE.Study_Instruction	LOADING RESOURCE SURFACE FROM DISK
1118507.63	Study_Phase.SEQUENCE.Study_Instruction	LOADING RESOURCE SURFACE FROM DISK
1126791.027	Study_Phase.SEQUENCE.Study_Instruction	LOADING RESOURCE SURFACE FROM DISK
1135045.05	Study_Phase.SEQUENCE.Study_Instruction	LOADING RESOURCE SURFACE FROM DISK
1135086.824	Study_Phase.SEQUENCE.Study_Instruction	LOADING RESOURCE SURFACE FROM DISK
1143344.926	Study_Phase.SEQUENCE.Study_Instruction	LOADING RESOURCE SURFACE FROM DISK
1143381.183	Study_Phase.SEQUENCE.Study_Instruction	LOADING RESOURCE SURFACE FROM DISK
1151680.786	Study_Phase.SEQUENCE.Study_Instruction	LOADING RESOURCE SURFACE FROM DISK
1159945.145	Study_Phase.SEQUENCE.Study_Instruction	LOADING RESOURCE SURFACE FROM DISK
1159984.49	Study_Phase.SEQUENCE.Study_Instruction	LOADING RESOURCE SURFACE FROM DISK
1168242.721	Study_Phase.SEQUENCE.Study_Instruction	LOADING RESOURCE SURFACE FROM DISK
1176516.514	Study_Phase.SEQUENCE.Study_Instruction	LOADING RESOURCE SURFACE FROM DISK
1184774.939	Study_Phase.SEQUENCE.Study_Instruction	LOADING RESOURCE SURFACE FROM DISK
1193063.353	Study_Phase.SEQUENCE.Study_Instruction	LOADING RESOURCE SURFACE FROM DISK
1201328.286	Study_Phase.SEQUENCE.Study_Instruction	LOADING RESOURCE SURFACE FROM DISK
1201330.753	Study_Phase.SEQUENCE.Study_Instruction	LOADING RESOURCE SURFACE FROM DISK
1209632.405	Study_Phase.SEQUENCE.Study_Instruction	LOADING RESOURCE SURFACE FROM DISK
1217932.492	Study_Phase.SEQUENCE.Study_Instruction	LOADING RESOURCE SURFACE FROM DISK
1226225.718	Study_Phase.SEQUENCE.Study_Instruction	LOADING RESOURCE SURFACE FROM DISK
1234478.368	Study_Phase.SEQUENCE.Study_Instruction	LOADING RESOURCE SURFACE FROM DISK
1234515.399	Study_Phase.SEQUENCE.Study_Instruction	LOADING RESOURCE SURFACE FROM DISK
1242817.841	Study_Phase.SEQUENCE.Study_Instruction	LOADING RESOURCE SURFACE FROM DISK
1251108.825	Study_Phase.SEQUENCE.Study_Instruction	LOADING RESOURCE SURFACE FROM DISK
1259400.199	Study_Phase.SEQUENCE.Study_Instruction	LOADING RESOURCE SURFACE FROM DISK
1267661.808	Study_Phase.SEQUENCE.Study_Instruction	LOADING RESOURCE SURFACE FROM DISK
1267705.939	Study_Phase.SEQUENCE.Study_Instruction	LOADING RESOURCE SURFACE FROM DISK
1275999.437	Study_Phase.SEQUENCE.Study_Instruction	LOADING RESOURCE SURFACE FROM DISK
1284261.602	Study_Phase.SEQUENCE.Study_Instruction	LOADING RESOURCE SURFACE FROM DISK
1284304.851	Study_Phase.SEQUENCE.Study_Instruction	LOADING RESOURCE SURFACE FROM DISK
1292586.691	Study_Phase.SEQUENCE.Study_Instruction	LOADING RESOURCE SURFACE FROM DISK
1300874.189	Study_Phase.SEQUENCE.Study_Instruction	LOADING RESOURCE SURFACE FROM DISK
1309165.528	Study_Phase.SEQUENCE.Study_Instruction	LOADING RESOURCE SURFACE FROM DISK
1317428.308	Study_Phase.SEQUENCE.Study_Instruction	LOADING RESOURCE SURFACE FROM DISK
1317464.856	Study_Phase.SEQUENCE.Study_Instruction	LOADING RESOURCE SURFACE FROM DISK
1325778.698	Study_Phase.SEQUENCE.Study_Instruction	LOADING RESOURCE SURFACE FROM DISK
1334061.836	Study_Phase.SEQUENCE.Study_Instruction	LOADING RESOURCE SURFACE FROM DISK
1342325.755	Study_Phase.SEQUENCE.Study_Instruction	LOADING RESOURCE SURFACE FROM DISK
1350615.875	Study_Phase.SEQUENCE.Study_Instruction	LOADING RESOURCE SURFACE FROM DISK
1358878.393	Study_Phase.SEQUENCE.Study_Instruction	LOADING RESOURCE SURFACE FROM DISK
1358921.214	Study_Phase.SEQUENCE.Study_Instruction	LOADING RESOURCE SURFACE FROM DISK
1367215.38	Study_Phase.SEQUENCE.Study_Instruction	LOADING RESOURCE SURFACE FROM DISK
1375478.492	Study_Phase.SEQUENCE.Study_Instruction	LOADING RESOURCE SURFACE FROM DISK
1375517.354	Study_Phase.SEQUENCE.Study_Instruction	LOADING RESOURCE SURFACE FROM DISK
1383778.449	Study_Phase.SEQUENCE.Study_Instruction	LOADING RESOURCE SURFACE FROM DISK
1383780.84	Study_Phase.SEQUENCE.Study_Instruction	LOADING RESOURCE SURFACE FROM DISK
1392041.705	Study_Phase.SEQUENCE.Study_Instruction	LOADING RESOURCE SURFACE FROM DISK
1400295.075	Study_Phase.SEQUENCE.Study_Instruction	LOADING RESOURCE SURFACE FROM DISK
1400330.867	Study_Phase.SEQUENCE.Study_Instruction	LOADING RESOURCE SURFACE FROM DISK
1408592.599	Study_Phase.SEQUENCE.Study_Instruction	LOADING RESOURCE SURFACE FROM DISK
1416811.838	Study_Phase.SEQUENCE.Study_Instruction	LOADING RESOURCE SURFACE FROM DISK
1416869.179	Study_Phase.SEQUENCE.Study_Instruction	LOADING RESOURCE SURFACE FROM DISK
1425128.357	Study_Phase.SEQUENCE.Study_Instruction	LOADING RESOURCE SURFACE FROM DISK
1425164.008	Study_Phase.SEQUENCE.Study_Instruction	LOADING RESOURCE SURFACE FROM DISK
1433425.871	Study_Phase.SEQUENCE.Study_Instruction	LOADING RESOURCE SURFACE FROM DISK
1441678.728	Study_Phase.SEQUENCE.Study_Instruction	LOADING RESOURCE SURFACE FROM DISK
1441681.11	Study_Phase.SEQUENCE.Study_Instruction	LOADING RESOURCE SURFACE FROM DISK
1449974.837	Study_Phase.SEQUENCE.Study_Instruction	LOADING RESOURCE SURFACE FROM DISK
1458228.386	Study_Phase.SEQUENCE.Study_Instruction	LOADING RESOURCE SURFACE FROM DISK
1458271.563	Study_Phase.SEQUENCE.Study_Instruction	LOADING RESOURCE SURFACE FROM DISK
1466595.076	Study_Phase.SEQUENCE.Study_Instruction	LOADING RESOURCE SURFACE FROM DISK
1474879.734	Study_Phase.SEQUENCE.Study_Instruction	LOADING RESOURCE SURFACE FROM DISK
1483128.389	Study_Phase.SEQUENCE.Study_Instruction	LOADING RESOURCE SURFACE FROM DISK
1483170.394	Study_Phase.SEQUENCE.Study_Instruction	LOADING RESOURCE SURFACE FROM DISK
1491428.465	Study_Phase.SEQUENCE.Study_Instruction	LOADING RESOURCE SURFACE FROM DISK
1491430.835	Study_Phase.SEQUENCE.Study_Instruction	LOADING RESOURCE SURFACE FROM DISK
1499678.406	Study_Phase.SEQUENCE.Study_Instruction	LOADING RESOURCE SURFACE FROM DISK
1499680.827	Study_Phase.SEQUENCE.Study_Instruction	LOADING RESOURCE SURFACE FROM DISK
1507978.364	Study_Phase.SEQUENCE.Study_Instruction	LOADING RESOURCE SURFACE FROM DISK
1516264.294	Study_Phase.SEQUENCE.Study_Instruction	LOADING RESOURCE SURFACE FROM DISK
1524528.473	Study_Phase.SEQUENCE.Study_Instruction	LOADING RESOURCE SURFACE FROM DISK
1524530.869	Study_Phase.SEQUENCE.Study_Instruction	LOADING RESOURCE SURFACE FROM DISK
1532794.96	Study_Phase.SEQUENCE.Study_Instruction	LOADING RESOURCE SURFACE FROM DISK
1532854.929	Study_Phase.SEQUENCE.Study_Instruction	LOADING RESOURCE SURFACE FROM DISK
1537578.017	DISPLAY_SCREEN[7]	LOADING RESOURCE SURFACE FROM DISK
1658966.965	Test_Phase.SEQUENCE.Target_Cue	LOADING RESOURCE SURFACE FROM DISK
1658968.74	Test_Phase.SEQUENCE.Target_Cue	LOADING RESOURCE SURFACE FROM DISK
1660991.851	Test_Phase.SEQUENCE.Word	LOADING RESOURCE SURFACE FROM DISK
1664008.009	Test_Phase.SEQUENCE.Test_Question	LOADING RESOURCE SURFACE FROM DISK
1664052.973	Test_Phase.SEQUENCE.Test_Question	LOADING RESOURCE SURFACE FROM DISK
1664061.946	Test_Phase.SEQUENCE.Test_Question	LOADING RESOURCE SURFACE FROM DISK
1664073.007	Test_Phase.SEQUENCE.Test_Question	LOADING RESOURCE SURFACE FROM DISK
1664087.812	Test_Phase.SEQUENCE.Test_Question	LOADING RESOURCE SURFACE FROM DISK
1664089.595	Test_Phase.SEQUENCE.Test_Question	LOADING RESOURCE SURFACE FROM DISK
1664093.121	Test_Phase.SEQUENCE.Test_Question	LOADING RESOURCE SURFACE FROM DISK
1664094.846	Test_Phase.SEQUENCE.Test_Question	LOADING RESOURCE SURFACE FROM DISK
1664096.504	Test_Phase.SEQUENCE.Test_Question	LOADING RESOURCE SURFACE FROM DISK
1664098.156	Test_Phase.SEQUENCE.Test_Question	LOADING RESOURCE SURFACE FROM DISK
1664099.702	Test_Phase.SEQUENCE.Test_Question	LOADING RESOURCE SURFACE FROM DISK
1664101.335	Test_Phase.SEQUENCE.Test_Question	LOADING RESOURCE SURFACE FROM DISK
1673674.826	Test_Phase.SEQUENCE.Word	LOADING RESOURCE SURFACE FROM DISK
1682581.274	Test_Phase.SEQUENCE.Word	LOADING RESOURCE SURFACE FROM DISK
1692716.657	Test_Phase.SEQUENCE.Word	LOADING RESOURCE SURFACE FROM DISK
1701041.422	Test_Phase.SEQUENCE.Word	LOADING RESOURCE SURFACE FROM DISK
1711458.029	Test_Phase.SEQUENCE.Word	LOADING RESOURCE SURFACE FROM DISK
1720824.686	Test_Phase.SEQUENCE.Word	LOADING RESOURCE SURFACE FROM DISK
1730335.022	Test_Phase.SEQUENCE.Word	LOADING RESOURCE SURFACE FROM DISK
1738192.307	Test_Phase.SEQUENCE.Word	LOADING RESOURCE SURFACE FROM DISK
1747148.84	Test_Phase.SEQUENCE.Word	LOADING RESOURCE SURFACE FROM DISK
1755341.331	Test_Phase.SEQUENCE.Word	LOADING RESOURCE SURFACE FROM DISK
1764616.62	Test_Phase.SEQUENCE.Word	LOADING RESOURCE SURFACE FROM DISK
1773174.664	Test_Phase.SEQUENCE.Word	LOADING RESOURCE SURFACE FROM DISK
1781258.212	Test_Phase.SEQUENCE.Word	LOADING RESOURCE SURFACE FROM DISK
1789274.598	Test_Phase.SEQUENCE.Word	LOADING RESOURCE SURFACE FROM DISK
1797593.22	Test_Phase.SEQUENCE.Word	LOADING RESOURCE SURFACE FROM DISK
1806001.213	Test_Phase.SEQUENCE.Word	LOADING RESOURCE SURFACE FROM DISK
1814108.28	Test_Phase.SEQUENCE.Word	LOADING RESOURCE SURFACE FROM DISK
1822624.678	Test_Phase.SEQUENCE.Word	LOADING RESOURCE SURFACE FROM DISK
1831087.151	Test_Phase.SEQUENCE.Word	LOADING RESOURCE SURFACE FROM DISK
1840295.078	Test_Phase.SEQUENCE.Word	LOADING RESOURCE SURFACE FROM DISK
1847525.052	Test_Phase.SEQUENCE.Word	LOADING RESOURCE SURFACE FROM DISK
1855424.69	Test_Phase.SEQUENCE.Word	LOADING RESOURCE SURFACE FROM DISK
1863360.468	Test_Phase.SEQUENCE.Word	LOADING RESOURCE SURFACE FROM DISK
1871274.845	Test_Phase.SEQUENCE.Word	LOADING RESOURCE SURFACE FROM DISK
1879566.793	Test_Phase.SEQUENCE.Word	LOADING RESOURCE SURFACE FROM DISK
1888058.181	Test_Phase.SEQUENCE.Word	LOADING RESOURCE SURFACE FROM DISK
1896158.217	Test_Phase.SEQUENCE.Word	LOADING RESOURCE SURFACE FROM DISK
1904310.323	Test_Phase.SEQUENCE.Word	LOADING RESOURCE SURFACE FROM DISK
1912718.198	Test_Phase.SEQUENCE.Word	LOADING RESOURCE SURFACE FROM DISK
1920774.757	Test_Phase.SEQUENCE.Word	LOADING RESOURCE SURFACE FROM DISK
1928791.83	Test_Phase.SEQUENCE.Word	LOADING RESOURCE SURFACE FROM DISK
1938441.54	Test_Phase.SEQUENCE.Word	LOADING RESOURCE SURFACE FROM DISK
1946508.111	Test_Phase.SEQUENCE.Word	LOADING RESOURCE SURFACE FROM DISK
1955274.836	Test_Phase.SEQUENCE.Word	LOADING RESOURCE SURFACE FROM DISK
1963590.978	Test_Phase.SEQUENCE.Word	LOADING RESOURCE SURFACE FROM DISK
1971858.003	Test_Phase.SEQUENCE.Word	LOADING RESOURCE SURFACE FROM DISK
1980158.178	Test_Phase.SEQUENCE.Word	LOADING RESOURCE SURFACE FROM DISK
1988824.79	Test_Phase.SEQUENCE.Word	LOADING RESOURCE SURFACE FROM DISK
1998058.214	Test_Phase.SEQUENCE.Word	LOADING RESOURCE SURFACE FROM DISK
2006243.005	Test_Phase.SEQUENCE.Word	LOADING RESOURCE SURFACE FROM DISK
2016941.498	Test_Phase.SEQUENCE.Word	LOADING RESOURCE SURFACE FROM DISK
2028041.694	Test_Phase.SEQUENCE.Word	LOADING RESOURCE SURFACE FROM DISK
2036333.779	Test_Phase.SEQUENCE.Word	LOADING RESOURCE SURFACE FROM DISK
2044577.301	Test_Phase.SEQUENCE.Word	LOADING RESOURCE SURFACE FROM DISK
2052615.923	Test_Phase.SEQUENCE.Word	LOADING RESOURCE SURFACE FROM DISK
2060458.225	Test_Phase.SEQUENCE.Word	LOADING RESOURCE SURFACE FROM DISK
2068807.236	Test_Phase.SEQUENCE.Word	LOADING RESOURCE SURFACE FROM DISK
2076698.363	Test_Phase.SEQUENCE.Word	LOADING RESOURCE SURFACE FROM DISK
2085017.073	Test_Phase.SEQUENCE.Word	LOADING RESOURCE SURFACE FROM DISK
2093724.749	Test_Phase.SEQUENCE.Word	LOADING RESOURCE SURFACE FROM DISK
2102890.372	Test_Phase.SEQUENCE.Word	LOADING RESOURCE SURFACE FROM DISK
2110974.878	Test_Phase.SEQUENCE.Word	LOADING RESOURCE SURFACE FROM DISK
2119107.999	Test_Phase.SEQUENCE.Word	LOADING RESOURCE SURFACE FROM DISK
2127148.993	Test_Phase.SEQUENCE.Word	LOADING RESOURCE SURFACE FROM DISK
2135257.968	Test_Phase.SEQUENCE.Word	LOADING RESOURCE SURFACE FROM DISK
2144346.865	Test_Phase.SEQUENCE.Word	LOADING RESOURCE SURFACE FROM DISK
2152257.934	Test_Phase.SEQUENCE.Word	LOADING RESOURCE SURFACE FROM DISK
2160081.522	Test_Phase.SEQUENCE.Word	LOADING RESOURCE SURFACE FROM DISK
2168408.004	Test_Phase.SEQUENCE.Word	LOADING RESOURCE SURFACE FROM DISK
2177208.03	Test_Phase.SEQUENCE.Word	LOADING RESOURCE SURFACE FROM DISK
2185834.204	Test_Phase.SEQUENCE.Word	LOADING RESOURCE SURFACE FROM DISK
2193824.913	Test_Phase.SEQUENCE.Word	LOADING RESOURCE SURFACE FROM DISK
2202234.006	Test_Phase.SEQUENCE.Word	LOADING RESOURCE SURFACE FROM DISK
2211024.47	Test_Phase.SEQUENCE.Word	LOADING RESOURCE SURFACE FROM DISK
2219091.639	Test_Phase.SEQUENCE.Word	LOADING RESOURCE SURFACE FROM DISK
2229050.676	Test_Phase.SEQUENCE.Word	LOADING RESOURCE SURFACE FROM DISK
2237291.431	Test_Phase.SEQUENCE.Word	LOADING RESOURCE SURFACE FROM DISK
2245526.03	Test_Phase.SEQUENCE.Word	LOADING RESOURCE SURFACE FROM DISK
2253734.176	Test_Phase.SEQUENCE.Word	LOADING RESOURCE SURFACE FROM DISK
2261424.575	Test_Phase.SEQUENCE.Word	LOADING RESOURCE SURFACE FROM DISK
2268880.585	Test_Phase.SEQUENCE.Word	LOADING RESOURCE SURFACE FROM DISK
2279380.323	Test_Phase.SEQUENCE.Word	LOADING RESOURCE SURFACE FROM DISK
2287608.02	Test_Phase.SEQUENCE.Word	LOADING RESOURCE SURFACE FROM DISK
2295624.852	Test_Phase.SEQUENCE.Word	LOADING RESOURCE SURFACE FROM DISK
2303741.359	Test_Phase.SEQUENCE.Word	LOADING RESOURCE SURFACE FROM DISK
2311775.001	Test_Phase.SEQUENCE.Word	LOADING RESOURCE SURFACE FROM DISK
2320624.623	Test_Phase.SEQUENCE.Word	LOADING RESOURCE SURFACE FROM DISK
2328808.146	Test_Phase.SEQUENCE.Word	LOADING RESOURCE SURFACE FROM DISK
2336774.81	Test_Phase.SEQUENCE.Word	LOADING RESOURCE SURFACE FROM DISK
2345776.695	Test_Phase.SEQUENCE.Word	LOADING RESOURCE SURFACE FROM DISK
2353617.457	Test_Phase.SEQUENCE.Word	LOADING RESOURCE SURFACE FROM DISK
2361678.66	Test_Phase.SEQUENCE.Word	LOADING RESOURCE SURFACE FROM DISK
2369808.034	Test_Phase.SEQUENCE.Word	LOADING RESOURCE SURFACE FROM DISK
2378178.172	Test_Phase.SEQUENCE.Word	LOADING RESOURCE SURFACE FROM DISK
2387308.151	Test_Phase.SEQUENCE.Word	LOADING RESOURCE SURFACE FROM DISK
2395858.019	Test_Phase.SEQUENCE.Word	LOADING RESOURCE SURFACE FROM DISK
2404334.931	Test_Phase.SEQUENCE.Word	LOADING RESOURCE SURFACE FROM DISK
2412641.401	Test_Phase.SEQUENCE.Word	LOADING RESOURCE SURFACE FROM DISK
2420609.009	Test_Phase.SEQUENCE.Word	LOADING RESOURCE SURFACE FROM DISK
2429091.442	Test_Phase.SEQUENCE.Word	LOADING RESOURCE SURFACE FROM DISK
2436745.609	Test_Phase.SEQUENCE.Word	LOADING RESOURCE SURFACE FROM DISK
2444008.012	Test_Phase.SEQUENCE.Word	LOADING RESOURCE SURFACE FROM DISK
2451483.786	Test_Phase.SEQUENCE.Word	LOADING RESOURCE SURFACE FROM DISK
2459308.021	Test_Phase.SEQUENCE.Word	LOADING RESOURCE SURFACE FROM DISK
2466591.599	Test_Phase.SEQUENCE.Word	LOADING RESOURCE SURFACE FROM DISK
2474674.842	Test_Phase.SEQUENCE.Word	LOADING RESOURCE SURFACE FROM DISK
2482024.812	Test_Phase.SEQUENCE.Word	LOADING RESOURCE SURFACE FROM DISK
2490274.47	Test_Phase.SEQUENCE.Word	LOADING RESOURCE SURFACE FROM DISK
2497341.515	Test_Phase.SEQUENCE.Word	LOADING RESOURCE SURFACE FROM DISK
2504682.237	Test_Phase.SEQUENCE.Word	LOADING RESOURCE SURFACE FROM DISK
2512659.988	Test_Phase.SEQUENCE.Word	LOADING RESOURCE SURFACE FROM DISK
2521564.989	Test_Phase.SEQUENCE.Word	LOADING RESOURCE SURFACE FROM DISK
2530041.288	Test_Phase.SEQUENCE.Word	LOADING RESOURCE SURFACE FROM DISK
2538524.866	Test_Phase.SEQUENCE.Word	LOADING RESOURCE SURFACE FROM DISK
2546568.795	Test_Phase.SEQUENCE.Word	LOADING RESOURCE SURFACE FROM DISK
2556215.961	Test_Phase.SEQUENCE.Word	LOADING RESOURCE SURFACE FROM DISK
2564658.253	Test_Phase.SEQUENCE.Word	LOADING RESOURCE SURFACE FROM DISK
2572801.528	Test_Phase.SEQUENCE.Word	LOADING RESOURCE SURFACE FROM DISK
2581124.953	Test_Phase.SEQUENCE.Word	LOADING RESOURCE SURFACE FROM DISK
2590179.069	Test_Phase.SEQUENCE.Word	LOADING RESOURCE SURFACE FROM DISK
2598078.298	Test_Phase.SEQUENCE.Word	LOADING RESOURCE SURFACE FROM DISK
2606091.558	Test_Phase.SEQUENCE.Word	LOADING RESOURCE SURFACE FROM DISK
2613891.402	Test_Phase.SEQUENCE.Word	LOADING RESOURCE SURFACE FROM DISK
2622128.689	Test_Phase.SEQUENCE.Word	LOADING RESOURCE SURFACE FROM DISK
2629724.806	Test_Phase.SEQUENCE.Word	LOADING RESOURCE SURFACE FROM DISK
2637957.985	Test_Phase.SEQUENCE.Word	LOADING RESOURCE SURFACE FROM DISK
2645908.171	Test_Phase.SEQUENCE.Word	LOADING RESOURCE SURFACE FROM DISK
2654091.32	Test_Phase.SEQUENCE.Word	LOADING RESOURCE SURFACE FROM DISK
2661857.306	Test_Phase.SEQUENCE.Word	LOADING RESOURCE SURFACE FROM DISK
2670074.742	Test_Phase.SEQUENCE.Word	LOADING RESOURCE SURFACE FROM DISK
2678141.527	Test_Phase.SEQUENCE.Word	LOADING RESOURCE SURFACE FROM DISK
2686196.052	Test_Phase.SEQUENCE.Word	LOADING RESOURCE SURFACE FROM DISK
2694195.564	Test_Phase.SEQUENCE.Word	LOADING RESOURCE SURFACE FROM DISK
2701992.403	Test_Phase.SEQUENCE.Word	LOADING RESOURCE SURFACE FROM DISK
2709974.849	Test_Phase.SEQUENCE.Word	LOADING RESOURCE SURFACE FROM DISK
2717891.305	Test_Phase.SEQUENCE.Word	LOADING RESOURCE SURFACE FROM DISK
2725774.826	Test_Phase.SEQUENCE.Word	LOADING RESOURCE SURFACE FROM DISK
2733608.145	Test_Phase.SEQUENCE.Word	LOADING RESOURCE SURFACE FROM DISK
2741477.418	Test_Phase.SEQUENCE.Word	LOADING RESOURCE SURFACE FROM DISK
2749241.532	Test_Phase.SEQUENCE.Word	LOADING RESOURCE SURFACE FROM DISK
2757427.122	Test_Phase.SEQUENCE.Word	LOADING RESOURCE SURFACE FROM DISK
2766341.451	Test_Phase.SEQUENCE.Word	LOADING RESOURCE SURFACE FROM DISK
2774174.73	Test_Phase.SEQUENCE.Word	LOADING RESOURCE SURFACE FROM DISK
2782812.422	Test_Phase.SEQUENCE.Word	LOADING RESOURCE SURFACE FROM DISK
2790724.623	Test_Phase.SEQUENCE.Word	LOADING RESOURCE SURFACE FROM DISK
2798874.572	Test_Phase.SEQUENCE.Word	LOADING RESOURCE SURFACE FROM DISK
2807274.842	Test_Phase.SEQUENCE.Word	LOADING RESOURCE SURFACE FROM DISK
2817357.954	Test_Phase.SEQUENCE.Word	LOADING RESOURCE SURFACE FROM DISK
2825340.612	Test_Phase.SEQUENCE.Word	LOADING RESOURCE SURFACE FROM DISK
2833891.529	Test_Phase.SEQUENCE.Word	LOADING RESOURCE SURFACE FROM DISK
2842108.065	Test_Phase.SEQUENCE.Word	LOADING RESOURCE SURFACE FROM DISK
2850041.394	Test_Phase.SEQUENCE.Word	LOADING RESOURCE SURFACE FROM DISK
2858134.553	Test_Phase.SEQUENCE.Word	LOADING RESOURCE SURFACE FROM DISK
2866008.302	Test_Phase.SEQUENCE.Word	LOADING RESOURCE SURFACE FROM DISK
2874212.758	Test_Phase.SEQUENCE.Word	LOADING RESOURCE SURFACE FROM DISK
2882443.328	Test_Phase.SEQUENCE.Word	LOADING RESOURCE SURFACE FROM DISK
2890123.953	Test_Phase.SEQUENCE.Word	LOADING RESOURCE SURFACE FROM DISK
2898161.21	Test_Phase.SEQUENCE.Word	LOADING RESOURCE SURFACE FROM DISK
2906512.978	Test_Phase.SEQUENCE.Word	LOADING RESOURCE SURFACE FROM DISK
2914991.401	Test_Phase.SEQUENCE.Word	LOADING RESOURCE SURFACE FROM DISK
2923324.605	Test_Phase.SEQUENCE.Word	LOADING RESOURCE SURFACE FROM DISK
2931826.85	Test_Phase.SEQUENCE.Word	LOADING RESOURCE SURFACE FROM DISK
2939779.226	Test_Phase.SEQUENCE.Word	LOADING RESOURCE SURFACE FROM DISK
2947891.693	Test_Phase.SEQUENCE.Word	LOADING RESOURCE SURFACE FROM DISK
2955829.202	Test_Phase.SEQUENCE.Word	LOADING RESOURCE SURFACE FROM DISK
2964008.359	Test_Phase.SEQUENCE.Word	LOADING RESOURCE SURFACE FROM DISK
2972329.418	Test_Phase.SEQUENCE.Word	LOADING RESOURCE SURFACE FROM DISK
2980341.513	Test_Phase.SEQUENCE.Word	LOADING RESOURCE SURFACE FROM DISK
2988424.98	Test_Phase.SEQUENCE.Word	LOADING RESOURCE SURFACE FROM DISK
2996691.48	Test_Phase.SEQUENCE.Word	LOADING RESOURCE SURFACE FROM DISK
3004917.019	Test_Phase.SEQUENCE.Word	LOADING RESOURCE SURFACE FROM DISK
3012907.891	Test_Phase.SEQUENCE.Word	LOADING RESOURCE SURFACE FROM DISK
3029441.399	Test_Phase.SEQUENCE.Word	LOADING RESOURCE SURFACE FROM DISK
3037708.284	Test_Phase.SEQUENCE.Word	LOADING RESOURCE SURFACE FROM DISK
3045458.108	Test_Phase.SEQUENCE.Word	LOADING RESOURCE SURFACE FROM DISK
3053534.246	Test_Phase.SEQUENCE.Word	LOADING RESOURCE SURFACE FROM DISK
3061519.87	Test_Phase.SEQUENCE.Word	LOADING RESOURCE SURFACE FROM DISK
3069400.258	Test_Phase.SEQUENCE.Word	LOADING RESOURCE SURFACE FROM DISK
3077596.981	Test_Phase.SEQUENCE.Word	LOADING RESOURCE SURFACE FROM DISK
3086313.398	Test_Phase.SEQUENCE.Word	LOADING RESOURCE SURFACE FROM DISK
3094341.504	Test_Phase.SEQUENCE.Word	LOADING RESOURCE SURFACE FROM DISK
3101591.53	Test_Phase.SEQUENCE.Word	LOADING RESOURCE SURFACE FROM DISK
3110348.83	Test_Phase.SEQUENCE.Word	LOADING RESOURCE SURFACE FROM DISK
3118317.787	Test_Phase.SEQUENCE.Word	LOADING RESOURCE SURFACE FROM DISK
3126062.559	Test_Phase.SEQUENCE.Word	LOADING RESOURCE SURFACE FROM DISK
3133824.548	Test_Phase.SEQUENCE.Word	LOADING RESOURCE SURFACE FROM DISK
3141657.951	Test_Phase.SEQUENCE.Word	LOADING RESOURCE SURFACE FROM DISK
3149474.552	Test_Phase.SEQUENCE.Word	LOADING RESOURCE SURFACE FROM DISK
3157180.72	Test_Phase.SEQUENCE.Word	LOADING RESOURCE SURFACE FROM DISK
3165290.692	Test_Phase.SEQUENCE.Word	LOADING RESOURCE SURFACE FROM DISK
3173124.95	Test_Phase.SEQUENCE.Word	LOADING RESOURCE SURFACE FROM DISK
3181029.938	Test_Phase.SEQUENCE.Word	LOADING RESOURCE SURFACE FROM DISK
3188791.415	Test_Phase.SEQUENCE.Word	LOADING RESOURCE SURFACE FROM DISK
3196324.294	Test_Phase.SEQUENCE.Word	LOADING RESOURCE SURFACE FROM DISK
3204441.375	Test_Phase.SEQUENCE.Word	LOADING RESOURCE SURFACE FROM DISK
3212408.149	Test_Phase.SEQUENCE.Word	LOADING RESOURCE SURFACE FROM DISK
3220325.28	Test_Phase.SEQUENCE.Word	LOADING RESOURCE SURFACE FROM DISK
3228708.049	Test_Phase.SEQUENCE.Word	LOADING RESOURCE SURFACE FROM DISK
3236558.19	Test_Phase.SEQUENCE.Word	LOADING RESOURCE SURFACE FROM DISK
3244624.62	Test_Phase.SEQUENCE.Word	LOADING RESOURCE SURFACE FROM DISK
3252927.379	Test_Phase.SEQUENCE.Word	LOADING RESOURCE SURFACE FROM DISK
3260874.798	Test_Phase.SEQUENCE.Word	LOADING RESOURCE SURFACE FROM DISK
3269065.227	Test_Phase.SEQUENCE.Word	LOADING RESOURCE SURFACE FROM DISK
3277124.785	Test_Phase.SEQUENCE.Word	LOADING RESOURCE SURFACE FROM DISK
3284177.383	Test_Phase.SEQUENCE.Word	LOADING RESOURCE SURFACE FROM DISK
3291741.391	Test_Phase.SEQUENCE.Word	LOADING RESOURCE SURFACE FROM DISK
3299624.865	Test_Phase.SEQUENCE.Word	LOADING RESOURCE SURFACE FROM DISK
3306774.611	Test_Phase.SEQUENCE.Word	LOADING RESOURCE SURFACE FROM DISK
3310369.247	DISPLAY_SCREEN	LOADING RESOURCE SURFACE FROM DISK
