5099.837	DISPLAY_SCREEN[1]	LOADING RESOURCE SURFACE FROM DISK
1389390.85	Familiarization_Phase.SEQUENCE.Cue_and_Instruction	LOADING RESOURCE SURFACE FROM DISK
1389408.668	Familiarization_Phase.SEQUENCE.Cue_and_Instruction	LOADING RESOURCE SURFACE FROM DISK
1395528.708	Familiarization_Phase.SEQUENCE.Cue_and_Instruction	LOADING RESOURCE SURFACE FROM DISK
1395535.657	Familiarization_Phase.SEQUENCE.Cue_and_Instruction	LOADING RESOURCE SURFACE FROM DISK
1401585.086	Familiarization_Phase.SEQUENCE.Cue_and_Instruction	LOADING RESOURCE SURFACE FROM DISK
1401623.705	Familiarization_Phase.SEQUENCE.Cue_and_Instruction	LOADING RESOURCE SURFACE FROM DISK
1443889.457	DISPLAY_SCREEN[3]	LOADING RESOURCE SURFACE FROM DISK
1452193.6	DISPLAY_SCREEN[5]	LOADING RESOURCE SURFACE FROM DISK
1621843.294	Practice_Phase.SEQUENCE.Blink_Screen	LOADING RESOURCE SURFACE FROM DISK
1621844.326	Practice_Phase.SEQUENCE.Blink_Screen	flip time is later than desired time. Desired Time=1621585 Flip Time=1621868 Retrace Rate=16.639, prepareTime=283 flip request time 1621844
1623091.192	Practice_Phase.SEQUENCE.Practice_Luminance_Cue	LOADING RESOURCE SURFACE FROM DISK
1623093.507	Practice_Phase.SEQUENCE.Practice_Luminance_Cue	LOADING RESOURCE SURFACE FROM DISK
1623095.168	Practice_Phase.SEQUENCE.Practice_Luminance_Cue	flip time is later than desired time. Desired Time=1623068 Flip Time=1623118 Retrace Rate=16.639, prepareTime=51 flip request time 1623094
1625102.277	Practice_Phase.SEQUENCE.Practice_Instruction	LOADING RESOURCE SURFACE FROM DISK
1625104.536	Practice_Phase.SEQUENCE.Practice_Instruction	LOADING RESOURCE SURFACE FROM DISK
1633222.488	Practice_Phase.SEQUENCE.Practice_Instruction	LOADING RESOURCE SURFACE FROM DISK
1633224.669	Practice_Phase.SEQUENCE.Practice_Instruction	LOADING RESOURCE SURFACE FROM DISK
1633226.305	Practice_Phase.SEQUENCE.Practice_Instruction	flip time is later than desired time. Desired Time=1633201 Flip Time=1633235 Retrace Rate=16.639, prepareTime=49 flip request time 1633226
1641286.293	Practice_Phase.SEQUENCE.Practice_Instruction	LOADING RESOURCE SURFACE FROM DISK
1641288.432	Practice_Phase.SEQUENCE.Practice_Instruction	LOADING RESOURCE SURFACE FROM DISK
1649352.175	Practice_Phase.SEQUENCE.Practice_Instruction	LOADING RESOURCE SURFACE FROM DISK
1649354.386	Practice_Phase.SEQUENCE.Practice_Instruction	LOADING RESOURCE SURFACE FROM DISK
1657418.679	Practice_Phase.SEQUENCE.Practice_Instruction	LOADING RESOURCE SURFACE FROM DISK
1657421.039	Practice_Phase.SEQUENCE.Practice_Instruction	LOADING RESOURCE SURFACE FROM DISK
1665485.602	Practice_Phase.SEQUENCE.Practice_Instruction	LOADING RESOURCE SURFACE FROM DISK
1665487.911	Practice_Phase.SEQUENCE.Practice_Instruction	LOADING RESOURCE SURFACE FROM DISK
1673552.188	Practice_Phase.SEQUENCE.Practice_Instruction	LOADING RESOURCE SURFACE FROM DISK
1673554.62	Practice_Phase.SEQUENCE.Practice_Instruction	LOADING RESOURCE SURFACE FROM DISK
1681618.932	Practice_Phase.SEQUENCE.Practice_Instruction	LOADING RESOURCE SURFACE FROM DISK
1681621.158	Practice_Phase.SEQUENCE.Practice_Instruction	LOADING RESOURCE SURFACE FROM DISK
1689685.556	Practice_Phase.SEQUENCE.Practice_Instruction	LOADING RESOURCE SURFACE FROM DISK
1689741.343	Practice_Phase.SEQUENCE.Practice_Instruction	LOADING RESOURCE SURFACE FROM DISK
1689742.915	Practice_Phase.SEQUENCE.Practice_Instruction	flip time is later than desired time. Desired Time=1689701 Flip Time=1689751 Retrace Rate=16.639, prepareTime=65 flip request time 1689742
1694406.129	DISPLAY_SCREEN[2]	LOADING RESOURCE SURFACE FROM DISK
1734294.288	Study_Phase.SEQUENCE.Study_Instruction	LOADING RESOURCE SURFACE FROM DISK
1734569.429	Study_Phase.SEQUENCE.Study_Instruction	LOADING RESOURCE SURFACE FROM DISK
1742855.685	Study_Phase.SEQUENCE.Study_Instruction	LOADING RESOURCE SURFACE FROM DISK
1751161.483	Study_Phase.SEQUENCE.Study_Instruction	LOADING RESOURCE SURFACE FROM DISK
1751202.555	Study_Phase.SEQUENCE.Study_Instruction	LOADING RESOURCE SURFACE FROM DISK
1759494.573	Study_Phase.SEQUENCE.Study_Instruction	LOADING RESOURCE SURFACE FROM DISK
1759535.331	Study_Phase.SEQUENCE.Study_Instruction	LOADING RESOURCE SURFACE FROM DISK
1767822.037	Study_Phase.SEQUENCE.Study_Instruction	LOADING RESOURCE SURFACE FROM DISK
1776127.491	Study_Phase.SEQUENCE.Study_Instruction	LOADING RESOURCE SURFACE FROM DISK
1776163.86	Study_Phase.SEQUENCE.Study_Instruction	LOADING RESOURCE SURFACE FROM DISK
1784577.877	Study_Phase.SEQUENCE.Study_Instruction	LOADING RESOURCE SURFACE FROM DISK
1792911.642	Study_Phase.SEQUENCE.Study_Instruction	LOADING RESOURCE SURFACE FROM DISK
1801205.1	Study_Phase.SEQUENCE.Study_Instruction	LOADING RESOURCE SURFACE FROM DISK
1809547.875	Study_Phase.SEQUENCE.Study_Instruction	LOADING RESOURCE SURFACE FROM DISK
1817876.284	Study_Phase.SEQUENCE.Study_Instruction	LOADING RESOURCE SURFACE FROM DISK
1826242.084	Study_Phase.SEQUENCE.Study_Instruction	LOADING RESOURCE SURFACE FROM DISK
1834521.646	Study_Phase.SEQUENCE.Study_Instruction	LOADING RESOURCE SURFACE FROM DISK
1842827.998	Study_Phase.SEQUENCE.Study_Instruction	LOADING RESOURCE SURFACE FROM DISK
1842855.239	Study_Phase.SEQUENCE.Study_Instruction	LOADING RESOURCE SURFACE FROM DISK
1851171.882	Study_Phase.SEQUENCE.Study_Instruction	LOADING RESOURCE SURFACE FROM DISK
1859455.226	Study_Phase.SEQUENCE.Study_Instruction	LOADING RESOURCE SURFACE FROM DISK
1867755.052	Study_Phase.SEQUENCE.Study_Instruction	LOADING RESOURCE SURFACE FROM DISK
1876061.836	Study_Phase.SEQUENCE.Study_Instruction	LOADING RESOURCE SURFACE FROM DISK
1876102.685	Study_Phase.SEQUENCE.Study_Instruction	LOADING RESOURCE SURFACE FROM DISK
1884388.702	Study_Phase.SEQUENCE.Study_Instruction	LOADING RESOURCE SURFACE FROM DISK
1892694.377	Study_Phase.SEQUENCE.Study_Instruction	LOADING RESOURCE SURFACE FROM DISK
1892735.561	Study_Phase.SEQUENCE.Study_Instruction	LOADING RESOURCE SURFACE FROM DISK
1901063.513	Study_Phase.SEQUENCE.Study_Instruction	LOADING RESOURCE SURFACE FROM DISK
1909360.944	Study_Phase.SEQUENCE.Study_Instruction	LOADING RESOURCE SURFACE FROM DISK
1909397.189	Study_Phase.SEQUENCE.Study_Instruction	LOADING RESOURCE SURFACE FROM DISK
1917688.789	Study_Phase.SEQUENCE.Study_Instruction	LOADING RESOURCE SURFACE FROM DISK
1925994.585	Study_Phase.SEQUENCE.Study_Instruction	LOADING RESOURCE SURFACE FROM DISK
1926039.077	Study_Phase.SEQUENCE.Study_Instruction	LOADING RESOURCE SURFACE FROM DISK
1934361.749	Study_Phase.SEQUENCE.Study_Instruction	LOADING RESOURCE SURFACE FROM DISK
1942680.208	Study_Phase.SEQUENCE.Study_Instruction	LOADING RESOURCE SURFACE FROM DISK
1950977.661	Study_Phase.SEQUENCE.Study_Instruction	LOADING RESOURCE SURFACE FROM DISK
1951016.271	Study_Phase.SEQUENCE.Study_Instruction	LOADING RESOURCE SURFACE FROM DISK
1959315.683	Study_Phase.SEQUENCE.Study_Instruction	LOADING RESOURCE SURFACE FROM DISK
1967645.492	Study_Phase.SEQUENCE.Study_Instruction	LOADING RESOURCE SURFACE FROM DISK
1975938.276	Study_Phase.SEQUENCE.Study_Instruction	LOADING RESOURCE SURFACE FROM DISK
1984244.112	Study_Phase.SEQUENCE.Study_Instruction	LOADING RESOURCE SURFACE FROM DISK
1984282.877	Study_Phase.SEQUENCE.Study_Instruction	LOADING RESOURCE SURFACE FROM DISK
1992594.66	Study_Phase.SEQUENCE.Study_Instruction	LOADING RESOURCE SURFACE FROM DISK
1992638.664	Study_Phase.SEQUENCE.Study_Instruction	LOADING RESOURCE SURFACE FROM DISK
2000942.938	Study_Phase.SEQUENCE.Study_Instruction	LOADING RESOURCE SURFACE FROM DISK
2009244.216	Study_Phase.SEQUENCE.Study_Instruction	LOADING RESOURCE SURFACE FROM DISK
2009279.517	Study_Phase.SEQUENCE.Study_Instruction	LOADING RESOURCE SURFACE FROM DISK
2017577.602	Study_Phase.SEQUENCE.Study_Instruction	LOADING RESOURCE SURFACE FROM DISK
2017620.346	Study_Phase.SEQUENCE.Study_Instruction	LOADING RESOURCE SURFACE FROM DISK
2025943.474	Study_Phase.SEQUENCE.Study_Instruction	LOADING RESOURCE SURFACE FROM DISK
2034244.246	Study_Phase.SEQUENCE.Study_Instruction	LOADING RESOURCE SURFACE FROM DISK
2034280.713	Study_Phase.SEQUENCE.Study_Instruction	LOADING RESOURCE SURFACE FROM DISK
2042571.869	Study_Phase.SEQUENCE.Study_Instruction	LOADING RESOURCE SURFACE FROM DISK
2050891.0	Study_Phase.SEQUENCE.Study_Instruction	LOADING RESOURCE SURFACE FROM DISK
2059177.507	Study_Phase.SEQUENCE.Study_Instruction	LOADING RESOURCE SURFACE FROM DISK
2059218.895	Study_Phase.SEQUENCE.Study_Instruction	LOADING RESOURCE SURFACE FROM DISK
2067511.298	Study_Phase.SEQUENCE.Study_Instruction	LOADING RESOURCE SURFACE FROM DISK
2067524.656	Study_Phase.SEQUENCE.Study_Instruction	LOADING RESOURCE SURFACE FROM DISK
2075845.002	Study_Phase.SEQUENCE.Study_Instruction	LOADING RESOURCE SURFACE FROM DISK
2084173.531	Study_Phase.SEQUENCE.Study_Instruction	LOADING RESOURCE SURFACE FROM DISK
2092496.188	Study_Phase.SEQUENCE.Study_Instruction	LOADING RESOURCE SURFACE FROM DISK
2100794.555	Study_Phase.SEQUENCE.Study_Instruction	LOADING RESOURCE SURFACE FROM DISK
2100796.815	Study_Phase.SEQUENCE.Study_Instruction	LOADING RESOURCE SURFACE FROM DISK
2109094.64	Study_Phase.SEQUENCE.Study_Instruction	LOADING RESOURCE SURFACE FROM DISK
2109104.346	Study_Phase.SEQUENCE.Study_Instruction	LOADING RESOURCE SURFACE FROM DISK
2117394.441	Study_Phase.SEQUENCE.Study_Instruction	LOADING RESOURCE SURFACE FROM DISK
2117430.03	Study_Phase.SEQUENCE.Study_Instruction	LOADING RESOURCE SURFACE FROM DISK
2125760.706	Study_Phase.SEQUENCE.Study_Instruction	LOADING RESOURCE SURFACE FROM DISK
2134061.193	Study_Phase.SEQUENCE.Study_Instruction	LOADING RESOURCE SURFACE FROM DISK
2134097.981	Study_Phase.SEQUENCE.Study_Instruction	LOADING RESOURCE SURFACE FROM DISK
2142421.146	Study_Phase.SEQUENCE.Study_Instruction	LOADING RESOURCE SURFACE FROM DISK
2150711.019	Study_Phase.SEQUENCE.Study_Instruction	LOADING RESOURCE SURFACE FROM DISK
2150753.672	Study_Phase.SEQUENCE.Study_Instruction	LOADING RESOURCE SURFACE FROM DISK
2159072.594	Study_Phase.SEQUENCE.Study_Instruction	LOADING RESOURCE SURFACE FROM DISK
2167354.925	Study_Phase.SEQUENCE.Study_Instruction	LOADING RESOURCE SURFACE FROM DISK
2175661.043	Study_Phase.SEQUENCE.Study_Instruction	LOADING RESOURCE SURFACE FROM DISK
2175699.387	Study_Phase.SEQUENCE.Study_Instruction	LOADING RESOURCE SURFACE FROM DISK
2183988.16	Study_Phase.SEQUENCE.Study_Instruction	LOADING RESOURCE SURFACE FROM DISK
2192294.482	Study_Phase.SEQUENCE.Study_Instruction	LOADING RESOURCE SURFACE FROM DISK
2192336.583	Study_Phase.SEQUENCE.Study_Instruction	LOADING RESOURCE SURFACE FROM DISK
2200627.919	Study_Phase.SEQUENCE.Study_Instruction	LOADING RESOURCE SURFACE FROM DISK
2200691.267	Study_Phase.SEQUENCE.Study_Instruction	LOADING RESOURCE SURFACE FROM DISK
2208977.579	Study_Phase.SEQUENCE.Study_Instruction	LOADING RESOURCE SURFACE FROM DISK
2209019.057	Study_Phase.SEQUENCE.Study_Instruction	LOADING RESOURCE SURFACE FROM DISK
2217339.947	Study_Phase.SEQUENCE.Study_Instruction	LOADING RESOURCE SURFACE FROM DISK
2225621.908	Study_Phase.SEQUENCE.Study_Instruction	LOADING RESOURCE SURFACE FROM DISK
2233927.981	Study_Phase.SEQUENCE.Study_Instruction	LOADING RESOURCE SURFACE FROM DISK
2233964.015	Study_Phase.SEQUENCE.Study_Instruction	LOADING RESOURCE SURFACE FROM DISK
2242255.394	Study_Phase.SEQUENCE.Study_Instruction	LOADING RESOURCE SURFACE FROM DISK
2250560.919	Study_Phase.SEQUENCE.Study_Instruction	LOADING RESOURCE SURFACE FROM DISK
2250604.842	Study_Phase.SEQUENCE.Study_Instruction	LOADING RESOURCE SURFACE FROM DISK
2258888.656	Study_Phase.SEQUENCE.Study_Instruction	LOADING RESOURCE SURFACE FROM DISK
2267194.202	Study_Phase.SEQUENCE.Study_Instruction	LOADING RESOURCE SURFACE FROM DISK
2267228.958	Study_Phase.SEQUENCE.Study_Instruction	LOADING RESOURCE SURFACE FROM DISK
2275521.521	Study_Phase.SEQUENCE.Study_Instruction	LOADING RESOURCE SURFACE FROM DISK
2283827.841	Study_Phase.SEQUENCE.Study_Instruction	LOADING RESOURCE SURFACE FROM DISK
2283871.087	Study_Phase.SEQUENCE.Study_Instruction	LOADING RESOURCE SURFACE FROM DISK
2292188.941	Study_Phase.SEQUENCE.Study_Instruction	LOADING RESOURCE SURFACE FROM DISK
2300477.57	Study_Phase.SEQUENCE.Study_Instruction	LOADING RESOURCE SURFACE FROM DISK
2300516.533	Study_Phase.SEQUENCE.Study_Instruction	LOADING RESOURCE SURFACE FROM DISK
2308810.913	Study_Phase.SEQUENCE.Study_Instruction	LOADING RESOURCE SURFACE FROM DISK
2308845.301	Study_Phase.SEQUENCE.Study_Instruction	LOADING RESOURCE SURFACE FROM DISK
2317138.723	Study_Phase.SEQUENCE.Study_Instruction	LOADING RESOURCE SURFACE FROM DISK
2325444.349	Study_Phase.SEQUENCE.Study_Instruction	LOADING RESOURCE SURFACE FROM DISK
2325483.41	Study_Phase.SEQUENCE.Study_Instruction	LOADING RESOURCE SURFACE FROM DISK
2333811.593	Study_Phase.SEQUENCE.Study_Instruction	LOADING RESOURCE SURFACE FROM DISK
2342138.861	Study_Phase.SEQUENCE.Study_Instruction	LOADING RESOURCE SURFACE FROM DISK
2350437.441	Study_Phase.SEQUENCE.Study_Instruction	LOADING RESOURCE SURFACE FROM DISK
2358727.974	Study_Phase.SEQUENCE.Study_Instruction	LOADING RESOURCE SURFACE FROM DISK
2358765.248	Study_Phase.SEQUENCE.Study_Instruction	LOADING RESOURCE SURFACE FROM DISK
2367054.883	Study_Phase.SEQUENCE.Study_Instruction	LOADING RESOURCE SURFACE FROM DISK
2375361.333	Study_Phase.SEQUENCE.Study_Instruction	LOADING RESOURCE SURFACE FROM DISK
2375400.84	Study_Phase.SEQUENCE.Study_Instruction	LOADING RESOURCE SURFACE FROM DISK
2383726.976	Study_Phase.SEQUENCE.Study_Instruction	LOADING RESOURCE SURFACE FROM DISK
2392011.335	Study_Phase.SEQUENCE.Study_Instruction	LOADING RESOURCE SURFACE FROM DISK
2392013.565	Study_Phase.SEQUENCE.Study_Instruction	LOADING RESOURCE SURFACE FROM DISK
2400310.886	Study_Phase.SEQUENCE.Study_Instruction	LOADING RESOURCE SURFACE FROM DISK
2400355.78	Study_Phase.SEQUENCE.Study_Instruction	LOADING RESOURCE SURFACE FROM DISK
2408638.155	Study_Phase.SEQUENCE.Study_Instruction	LOADING RESOURCE SURFACE FROM DISK
2416974.896	Study_Phase.SEQUENCE.Study_Instruction	LOADING RESOURCE SURFACE FROM DISK
2425260.981	Study_Phase.SEQUENCE.Study_Instruction	LOADING RESOURCE SURFACE FROM DISK
2425302.426	Study_Phase.SEQUENCE.Study_Instruction	LOADING RESOURCE SURFACE FROM DISK
2433621.285	Study_Phase.SEQUENCE.Study_Instruction	LOADING RESOURCE SURFACE FROM DISK
2441910.896	Study_Phase.SEQUENCE.Study_Instruction	LOADING RESOURCE SURFACE FROM DISK
2441946.197	Study_Phase.SEQUENCE.Study_Instruction	LOADING RESOURCE SURFACE FROM DISK
2450244.34	Study_Phase.SEQUENCE.Study_Instruction	LOADING RESOURCE SURFACE FROM DISK
2450288.39	Study_Phase.SEQUENCE.Study_Instruction	LOADING RESOURCE SURFACE FROM DISK
2458612.693	Study_Phase.SEQUENCE.Study_Instruction	LOADING RESOURCE SURFACE FROM DISK
2466910.846	Study_Phase.SEQUENCE.Study_Instruction	LOADING RESOURCE SURFACE FROM DISK
2466951.737	Study_Phase.SEQUENCE.Study_Instruction	LOADING RESOURCE SURFACE FROM DISK
2475279.248	Study_Phase.SEQUENCE.Study_Instruction	LOADING RESOURCE SURFACE FROM DISK
2483577.711	Study_Phase.SEQUENCE.Study_Instruction	LOADING RESOURCE SURFACE FROM DISK
2483622.2	Study_Phase.SEQUENCE.Study_Instruction	LOADING RESOURCE SURFACE FROM DISK
2491894.598	Study_Phase.SEQUENCE.Study_Instruction	LOADING RESOURCE SURFACE FROM DISK
2491896.953	Study_Phase.SEQUENCE.Study_Instruction	LOADING RESOURCE SURFACE FROM DISK
2500203.555	Study_Phase.SEQUENCE.Study_Instruction	LOADING RESOURCE SURFACE FROM DISK
2508494.16	Study_Phase.SEQUENCE.Study_Instruction	LOADING RESOURCE SURFACE FROM DISK
2508535.62	Study_Phase.SEQUENCE.Study_Instruction	LOADING RESOURCE SURFACE FROM DISK
2516864.398	Study_Phase.SEQUENCE.Study_Instruction	LOADING RESOURCE SURFACE FROM DISK
2525161.312	Study_Phase.SEQUENCE.Study_Instruction	LOADING RESOURCE SURFACE FROM DISK
2525202.089	Study_Phase.SEQUENCE.Study_Instruction	LOADING RESOURCE SURFACE FROM DISK
2533494.268	Study_Phase.SEQUENCE.Study_Instruction	LOADING RESOURCE SURFACE FROM DISK
2533530.188	Study_Phase.SEQUENCE.Study_Instruction	LOADING RESOURCE SURFACE FROM DISK
2541853.967	Study_Phase.SEQUENCE.Study_Instruction	LOADING RESOURCE SURFACE FROM DISK
2550127.581	Study_Phase.SEQUENCE.Study_Instruction	LOADING RESOURCE SURFACE FROM DISK
2550164.841	Study_Phase.SEQUENCE.Study_Instruction	LOADING RESOURCE SURFACE FROM DISK
2558461.28	Study_Phase.SEQUENCE.Study_Instruction	LOADING RESOURCE SURFACE FROM DISK
2558503.318	Study_Phase.SEQUENCE.Study_Instruction	LOADING RESOURCE SURFACE FROM DISK
2566794.109	Study_Phase.SEQUENCE.Study_Instruction	LOADING RESOURCE SURFACE FROM DISK
2566836.817	Study_Phase.SEQUENCE.Study_Instruction	LOADING RESOURCE SURFACE FROM DISK
2575156.118	Study_Phase.SEQUENCE.Study_Instruction	LOADING RESOURCE SURFACE FROM DISK
2583438.375	Study_Phase.SEQUENCE.Study_Instruction	LOADING RESOURCE SURFACE FROM DISK
2591744.343	Study_Phase.SEQUENCE.Study_Instruction	LOADING RESOURCE SURFACE FROM DISK
2591784.889	Study_Phase.SEQUENCE.Study_Instruction	LOADING RESOURCE SURFACE FROM DISK
2600113.632	Study_Phase.SEQUENCE.Study_Instruction	LOADING RESOURCE SURFACE FROM DISK
2608444.914	Study_Phase.SEQUENCE.Study_Instruction	LOADING RESOURCE SURFACE FROM DISK
2616721.495	Study_Phase.SEQUENCE.Study_Instruction	LOADING RESOURCE SURFACE FROM DISK
2625062.078	Study_Phase.SEQUENCE.Study_Instruction	LOADING RESOURCE SURFACE FROM DISK
2633393.413	Study_Phase.SEQUENCE.Study_Instruction	LOADING RESOURCE SURFACE FROM DISK
2641725.718	Study_Phase.SEQUENCE.Study_Instruction	LOADING RESOURCE SURFACE FROM DISK
2650047.463	Study_Phase.SEQUENCE.Study_Instruction	LOADING RESOURCE SURFACE FROM DISK
2658344.751	Study_Phase.SEQUENCE.Study_Instruction	LOADING RESOURCE SURFACE FROM DISK
2658388.269	Study_Phase.SEQUENCE.Study_Instruction	LOADING RESOURCE SURFACE FROM DISK
2666710.738	Study_Phase.SEQUENCE.Study_Instruction	LOADING RESOURCE SURFACE FROM DISK
2675010.965	Study_Phase.SEQUENCE.Study_Instruction	LOADING RESOURCE SURFACE FROM DISK
2675047.721	Study_Phase.SEQUENCE.Study_Instruction	LOADING RESOURCE SURFACE FROM DISK
2683377.734	Study_Phase.SEQUENCE.Study_Instruction	LOADING RESOURCE SURFACE FROM DISK
2691708.643	Study_Phase.SEQUENCE.Study_Instruction	LOADING RESOURCE SURFACE FROM DISK
2699994.364	Study_Phase.SEQUENCE.Study_Instruction	LOADING RESOURCE SURFACE FROM DISK
2700038.161	Study_Phase.SEQUENCE.Study_Instruction	LOADING RESOURCE SURFACE FROM DISK
2708359.688	Study_Phase.SEQUENCE.Study_Instruction	LOADING RESOURCE SURFACE FROM DISK
2716644.274	Study_Phase.SEQUENCE.Study_Instruction	LOADING RESOURCE SURFACE FROM DISK
2716678.689	Study_Phase.SEQUENCE.Study_Instruction	LOADING RESOURCE SURFACE FROM DISK
2724977.947	Study_Phase.SEQUENCE.Study_Instruction	LOADING RESOURCE SURFACE FROM DISK
2725017.537	Study_Phase.SEQUENCE.Study_Instruction	LOADING RESOURCE SURFACE FROM DISK
2729745.936	DISPLAY_SCREEN[7]	LOADING RESOURCE SURFACE FROM DISK
2920545.88	Test_Phase.SEQUENCE.Target_Cue	LOADING RESOURCE SURFACE FROM DISK
2920558.244	Test_Phase.SEQUENCE.Target_Cue	LOADING RESOURCE SURFACE FROM DISK
2922571.741	Test_Phase.SEQUENCE.Word	LOADING RESOURCE SURFACE FROM DISK
2925644.741	Test_Phase.SEQUENCE.Test_Question	LOADING RESOURCE SURFACE FROM DISK
2925650.707	Test_Phase.SEQUENCE.Test_Question	LOADING RESOURCE SURFACE FROM DISK
2925656.761	Test_Phase.SEQUENCE.Test_Question	LOADING RESOURCE SURFACE FROM DISK
2925670.329	Test_Phase.SEQUENCE.Test_Question	LOADING RESOURCE SURFACE FROM DISK
2925672.47	Test_Phase.SEQUENCE.Test_Question	LOADING RESOURCE SURFACE FROM DISK
2925674.772	Test_Phase.SEQUENCE.Test_Question	LOADING RESOURCE SURFACE FROM DISK
2925676.977	Test_Phase.SEQUENCE.Test_Question	LOADING RESOURCE SURFACE FROM DISK
2925678.943	Test_Phase.SEQUENCE.Test_Question	LOADING RESOURCE SURFACE FROM DISK
2925680.896	Test_Phase.SEQUENCE.Test_Question	LOADING RESOURCE SURFACE FROM DISK
2925682.864	Test_Phase.SEQUENCE.Test_Question	LOADING RESOURCE SURFACE FROM DISK
2925684.82	Test_Phase.SEQUENCE.Test_Question	LOADING RESOURCE SURFACE FROM DISK
2925686.862	Test_Phase.SEQUENCE.Test_Question	LOADING RESOURCE SURFACE FROM DISK
2933022.9	Test_Phase.SEQUENCE.Word	LOADING RESOURCE SURFACE FROM DISK
2940474.804	Test_Phase.SEQUENCE.Word	LOADING RESOURCE SURFACE FROM DISK
2947821.721	Test_Phase.SEQUENCE.Word	LOADING RESOURCE SURFACE FROM DISK
2956188.14	Test_Phase.SEQUENCE.Word	LOADING RESOURCE SURFACE FROM DISK
2963554.913	Test_Phase.SEQUENCE.Word	LOADING RESOURCE SURFACE FROM DISK
2971238.204	Test_Phase.SEQUENCE.Word	LOADING RESOURCE SURFACE FROM DISK
2979587.992	Test_Phase.SEQUENCE.Word	LOADING RESOURCE SURFACE FROM DISK
2988821.093	Test_Phase.SEQUENCE.Word	LOADING RESOURCE SURFACE FROM DISK
2996171.647	Test_Phase.SEQUENCE.Word	LOADING RESOURCE SURFACE FROM DISK
3004260.336	Test_Phase.SEQUENCE.Word	LOADING RESOURCE SURFACE FROM DISK
3012871.375	Test_Phase.SEQUENCE.Word	LOADING RESOURCE SURFACE FROM DISK
3020988.15	Test_Phase.SEQUENCE.Word	LOADING RESOURCE SURFACE FROM DISK
3029354.975	Test_Phase.SEQUENCE.Word	LOADING RESOURCE SURFACE FROM DISK
3037221.342	Test_Phase.SEQUENCE.Word	LOADING RESOURCE SURFACE FROM DISK
3045738.097	Test_Phase.SEQUENCE.Word	LOADING RESOURCE SURFACE FROM DISK
3053643.922	Test_Phase.SEQUENCE.Word	LOADING RESOURCE SURFACE FROM DISK
3062292.851	Test_Phase.SEQUENCE.Word	LOADING RESOURCE SURFACE FROM DISK
3070104.671	Test_Phase.SEQUENCE.Word	LOADING RESOURCE SURFACE FROM DISK
3079321.385	Test_Phase.SEQUENCE.Word	LOADING RESOURCE SURFACE FROM DISK
3087204.857	Test_Phase.SEQUENCE.Word	LOADING RESOURCE SURFACE FROM DISK
3095104.892	Test_Phase.SEQUENCE.Word	LOADING RESOURCE SURFACE FROM DISK
3102923.325	Test_Phase.SEQUENCE.Word	LOADING RESOURCE SURFACE FROM DISK
3110591.76	Test_Phase.SEQUENCE.Word	LOADING RESOURCE SURFACE FROM DISK
3117954.911	Test_Phase.SEQUENCE.Word	LOADING RESOURCE SURFACE FROM DISK
3125328.295	Test_Phase.SEQUENCE.Word	LOADING RESOURCE SURFACE FROM DISK
3132908.489	Test_Phase.SEQUENCE.Word	LOADING RESOURCE SURFACE FROM DISK
3141244.226	Test_Phase.SEQUENCE.Word	LOADING RESOURCE SURFACE FROM DISK
3148855.434	Test_Phase.SEQUENCE.Word	LOADING RESOURCE SURFACE FROM DISK
3157304.693	Test_Phase.SEQUENCE.Word	LOADING RESOURCE SURFACE FROM DISK
3165344.653	Test_Phase.SEQUENCE.Word	LOADING RESOURCE SURFACE FROM DISK
3173971.981	Test_Phase.SEQUENCE.Word	LOADING RESOURCE SURFACE FROM DISK
3183355.887	Test_Phase.SEQUENCE.Word	LOADING RESOURCE SURFACE FROM DISK
3192354.414	Test_Phase.SEQUENCE.Word	LOADING RESOURCE SURFACE FROM DISK
3201071.631	Test_Phase.SEQUENCE.Word	LOADING RESOURCE SURFACE FROM DISK
3208838.111	Test_Phase.SEQUENCE.Word	LOADING RESOURCE SURFACE FROM DISK
3218054.672	Test_Phase.SEQUENCE.Word	LOADING RESOURCE SURFACE FROM DISK
3225772.161	Test_Phase.SEQUENCE.Word	LOADING RESOURCE SURFACE FROM DISK
3233204.762	Test_Phase.SEQUENCE.Word	LOADING RESOURCE SURFACE FROM DISK
3241038.164	Test_Phase.SEQUENCE.Word	LOADING RESOURCE SURFACE FROM DISK
3249151.946	Test_Phase.SEQUENCE.Word	LOADING RESOURCE SURFACE FROM DISK
3256837.967	Test_Phase.SEQUENCE.Word	LOADING RESOURCE SURFACE FROM DISK
3264372.023	Test_Phase.SEQUENCE.Word	LOADING RESOURCE SURFACE FROM DISK
3272038.166	Test_Phase.SEQUENCE.Word	LOADING RESOURCE SURFACE FROM DISK
3280707.007	Test_Phase.SEQUENCE.Word	LOADING RESOURCE SURFACE FROM DISK
3289521.39	Test_Phase.SEQUENCE.Word	LOADING RESOURCE SURFACE FROM DISK
3296888.364	Test_Phase.SEQUENCE.Word	LOADING RESOURCE SURFACE FROM DISK
3304971.712	Test_Phase.SEQUENCE.Word	LOADING RESOURCE SURFACE FROM DISK
3312321.465	Test_Phase.SEQUENCE.Word	LOADING RESOURCE SURFACE FROM DISK
3320238.125	Test_Phase.SEQUENCE.Word	LOADING RESOURCE SURFACE FROM DISK
3328960.728	Test_Phase.SEQUENCE.Word	LOADING RESOURCE SURFACE FROM DISK
3336321.533	Test_Phase.SEQUENCE.Word	LOADING RESOURCE SURFACE FROM DISK
3344271.319	Test_Phase.SEQUENCE.Word	LOADING RESOURCE SURFACE FROM DISK
3352026.594	Test_Phase.SEQUENCE.Word	LOADING RESOURCE SURFACE FROM DISK
3359221.495	Test_Phase.SEQUENCE.Word	LOADING RESOURCE SURFACE FROM DISK
3367004.836	Test_Phase.SEQUENCE.Word	LOADING RESOURCE SURFACE FROM DISK
3374614.879	Test_Phase.SEQUENCE.Word	LOADING RESOURCE SURFACE FROM DISK
3382254.708	Test_Phase.SEQUENCE.Word	LOADING RESOURCE SURFACE FROM DISK
3391938.077	Test_Phase.SEQUENCE.Word	LOADING RESOURCE SURFACE FROM DISK
3399188.183	Test_Phase.SEQUENCE.Word	LOADING RESOURCE SURFACE FROM DISK
3406587.989	Test_Phase.SEQUENCE.Word	LOADING RESOURCE SURFACE FROM DISK
3414954.889	Test_Phase.SEQUENCE.Word	LOADING RESOURCE SURFACE FROM DISK
3422296.008	Test_Phase.SEQUENCE.Word	LOADING RESOURCE SURFACE FROM DISK
3430704.762	Test_Phase.SEQUENCE.Word	LOADING RESOURCE SURFACE FROM DISK
3439105.031	Test_Phase.SEQUENCE.Word	LOADING RESOURCE SURFACE FROM DISK
3447404.957	Test_Phase.SEQUENCE.Word	LOADING RESOURCE SURFACE FROM DISK
3454879.851	Test_Phase.SEQUENCE.Word	LOADING RESOURCE SURFACE FROM DISK
3464054.839	Test_Phase.SEQUENCE.Word	LOADING RESOURCE SURFACE FROM DISK
3473154.852	Test_Phase.SEQUENCE.Word	LOADING RESOURCE SURFACE FROM DISK
3480338.061	Test_Phase.SEQUENCE.Word	LOADING RESOURCE SURFACE FROM DISK
3487621.374	Test_Phase.SEQUENCE.Word	LOADING RESOURCE SURFACE FROM DISK
3495059.199	Test_Phase.SEQUENCE.Word	LOADING RESOURCE SURFACE FROM DISK
3502661.201	Test_Phase.SEQUENCE.Word	LOADING RESOURCE SURFACE FROM DISK
3510104.705	Test_Phase.SEQUENCE.Word	LOADING RESOURCE SURFACE FROM DISK
3518088.004	Test_Phase.SEQUENCE.Word	LOADING RESOURCE SURFACE FROM DISK
3525471.3	Test_Phase.SEQUENCE.Word	LOADING RESOURCE SURFACE FROM DISK
3533104.77	Test_Phase.SEQUENCE.Word	LOADING RESOURCE SURFACE FROM DISK
3540488.028	Test_Phase.SEQUENCE.Word	LOADING RESOURCE SURFACE FROM DISK
3548654.745	Test_Phase.SEQUENCE.Word	LOADING RESOURCE SURFACE FROM DISK
3556654.215	Test_Phase.SEQUENCE.Word	LOADING RESOURCE SURFACE FROM DISK
3563821.472	Test_Phase.SEQUENCE.Word	LOADING RESOURCE SURFACE FROM DISK
3571110.094	Test_Phase.SEQUENCE.Word	LOADING RESOURCE SURFACE FROM DISK
3579104.996	Test_Phase.SEQUENCE.Word	LOADING RESOURCE SURFACE FROM DISK
3587693.87	Test_Phase.SEQUENCE.Word	LOADING RESOURCE SURFACE FROM DISK
3596621.469	Test_Phase.SEQUENCE.Word	LOADING RESOURCE SURFACE FROM DISK
3604908.735	Test_Phase.SEQUENCE.Word	LOADING RESOURCE SURFACE FROM DISK
3612404.742	Test_Phase.SEQUENCE.Word	LOADING RESOURCE SURFACE FROM DISK
3621604.827	Test_Phase.SEQUENCE.Word	LOADING RESOURCE SURFACE FROM DISK
3629564.003	Test_Phase.SEQUENCE.Word	LOADING RESOURCE SURFACE FROM DISK
3638821.461	Test_Phase.SEQUENCE.Word	LOADING RESOURCE SURFACE FROM DISK
3646373.605	Test_Phase.SEQUENCE.Word	LOADING RESOURCE SURFACE FROM DISK
3653523.094	Test_Phase.SEQUENCE.Word	LOADING RESOURCE SURFACE FROM DISK
3661388.912	Test_Phase.SEQUENCE.Word	LOADING RESOURCE SURFACE FROM DISK
3669588.058	Test_Phase.SEQUENCE.Word	LOADING RESOURCE SURFACE FROM DISK
3676804.737	Test_Phase.SEQUENCE.Word	LOADING RESOURCE SURFACE FROM DISK
3684054.769	Test_Phase.SEQUENCE.Word	LOADING RESOURCE SURFACE FROM DISK
3699281.916	Test_Phase.SEQUENCE.Word	LOADING RESOURCE SURFACE FROM DISK
3709571.977	Test_Phase.SEQUENCE.Word	LOADING RESOURCE SURFACE FROM DISK
3717071.979	Test_Phase.SEQUENCE.Word	LOADING RESOURCE SURFACE FROM DISK
3724388.129	Test_Phase.SEQUENCE.Word	LOADING RESOURCE SURFACE FROM DISK
3732588.328	Test_Phase.SEQUENCE.Word	LOADING RESOURCE SURFACE FROM DISK
3741970.78	Test_Phase.SEQUENCE.Word	LOADING RESOURCE SURFACE FROM DISK
3749171.34	Test_Phase.SEQUENCE.Word	LOADING RESOURCE SURFACE FROM DISK
3757492.641	Test_Phase.SEQUENCE.Word	LOADING RESOURCE SURFACE FROM DISK
3765238.228	Test_Phase.SEQUENCE.Word	LOADING RESOURCE SURFACE FROM DISK
3773254.635	Test_Phase.SEQUENCE.Word	LOADING RESOURCE SURFACE FROM DISK
3782487.136	Test_Phase.SEQUENCE.Word	LOADING RESOURCE SURFACE FROM DISK
3790804.548	Test_Phase.SEQUENCE.Word	LOADING RESOURCE SURFACE FROM DISK
3801104.762	Test_Phase.SEQUENCE.Word	LOADING RESOURCE SURFACE FROM DISK
3808304.714	Test_Phase.SEQUENCE.Word	LOADING RESOURCE SURFACE FROM DISK
3815438.194	Test_Phase.SEQUENCE.Word	LOADING RESOURCE SURFACE FROM DISK
3824173.967	Test_Phase.SEQUENCE.Word	LOADING RESOURCE SURFACE FROM DISK
3832488.1	Test_Phase.SEQUENCE.Word	LOADING RESOURCE SURFACE FROM DISK
3839856.739	Test_Phase.SEQUENCE.Word	LOADING RESOURCE SURFACE FROM DISK
3847654.393	Test_Phase.SEQUENCE.Word	LOADING RESOURCE SURFACE FROM DISK
3854721.628	Test_Phase.SEQUENCE.Word	LOADING RESOURCE SURFACE FROM DISK
3862071.63	Test_Phase.SEQUENCE.Word	LOADING RESOURCE SURFACE FROM DISK
3869293.095	Test_Phase.SEQUENCE.Word	LOADING RESOURCE SURFACE FROM DISK
3876705.117	Test_Phase.SEQUENCE.Word	LOADING RESOURCE SURFACE FROM DISK
3883788.244	Test_Phase.SEQUENCE.Word	LOADING RESOURCE SURFACE FROM DISK
3891743.697	Test_Phase.SEQUENCE.Word	LOADING RESOURCE SURFACE FROM DISK
3899992.805	Test_Phase.SEQUENCE.Word	LOADING RESOURCE SURFACE FROM DISK
3908679.046	Test_Phase.SEQUENCE.Word	LOADING RESOURCE SURFACE FROM DISK
3916287.36	Test_Phase.SEQUENCE.Word	LOADING RESOURCE SURFACE FROM DISK
3924141.127	Test_Phase.SEQUENCE.Word	LOADING RESOURCE SURFACE FROM DISK
3932778.007	Test_Phase.SEQUENCE.Word	LOADING RESOURCE SURFACE FROM DISK
3940971.547	Test_Phase.SEQUENCE.Word	LOADING RESOURCE SURFACE FROM DISK
3949130.21	Test_Phase.SEQUENCE.Word	LOADING RESOURCE SURFACE FROM DISK
3956463.483	Test_Phase.SEQUENCE.Word	LOADING RESOURCE SURFACE FROM DISK
3964238.501	Test_Phase.SEQUENCE.Word	LOADING RESOURCE SURFACE FROM DISK
3971756.394	Test_Phase.SEQUENCE.Word	LOADING RESOURCE SURFACE FROM DISK
3979788.321	Test_Phase.SEQUENCE.Word	LOADING RESOURCE SURFACE FROM DISK
3988062.345	Test_Phase.SEQUENCE.Word	LOADING RESOURCE SURFACE FROM DISK
3995888.066	Test_Phase.SEQUENCE.Word	LOADING RESOURCE SURFACE FROM DISK
4003288.176	Test_Phase.SEQUENCE.Word	LOADING RESOURCE SURFACE FROM DISK
4010738.096	Test_Phase.SEQUENCE.Word	LOADING RESOURCE SURFACE FROM DISK
4018771.372	Test_Phase.SEQUENCE.Word	LOADING RESOURCE SURFACE FROM DISK
4026504.807	Test_Phase.SEQUENCE.Word	LOADING RESOURCE SURFACE FROM DISK
4034334.347	Test_Phase.SEQUENCE.Word	LOADING RESOURCE SURFACE FROM DISK
4041504.884	Test_Phase.SEQUENCE.Word	LOADING RESOURCE SURFACE FROM DISK
4049655.509	Test_Phase.SEQUENCE.Word	LOADING RESOURCE SURFACE FROM DISK
4056904.726	Test_Phase.SEQUENCE.Word	LOADING RESOURCE SURFACE FROM DISK
4065274.019	Test_Phase.SEQUENCE.Word	LOADING RESOURCE SURFACE FROM DISK
4072878.795	Test_Phase.SEQUENCE.Word	LOADING RESOURCE SURFACE FROM DISK
4080888.218	Test_Phase.SEQUENCE.Word	LOADING RESOURCE SURFACE FROM DISK
4088126.269	Test_Phase.SEQUENCE.Word	LOADING RESOURCE SURFACE FROM DISK
4095963.519	Test_Phase.SEQUENCE.Word	LOADING RESOURCE SURFACE FROM DISK
4103346.434	Test_Phase.SEQUENCE.Word	LOADING RESOURCE SURFACE FROM DISK
4111832.923	Test_Phase.SEQUENCE.Word	LOADING RESOURCE SURFACE FROM DISK
4119908.868	Test_Phase.SEQUENCE.Word	LOADING RESOURCE SURFACE FROM DISK
4128288.579	Test_Phase.SEQUENCE.Word	LOADING RESOURCE SURFACE FROM DISK
4136254.894	Test_Phase.SEQUENCE.Word	LOADING RESOURCE SURFACE FROM DISK
4144129.687	Test_Phase.SEQUENCE.Word	LOADING RESOURCE SURFACE FROM DISK
4151838.055	Test_Phase.SEQUENCE.Word	LOADING RESOURCE SURFACE FROM DISK
4161708.344	Test_Phase.SEQUENCE.Word	LOADING RESOURCE SURFACE FROM DISK
4168838.348	Test_Phase.SEQUENCE.Word	LOADING RESOURCE SURFACE FROM DISK
4177404.712	Test_Phase.SEQUENCE.Word	LOADING RESOURCE SURFACE FROM DISK
4185206.877	Test_Phase.SEQUENCE.Word	LOADING RESOURCE SURFACE FROM DISK
4193921.321	Test_Phase.SEQUENCE.Word	LOADING RESOURCE SURFACE FROM DISK
4202064.712	Test_Phase.SEQUENCE.Word	LOADING RESOURCE SURFACE FROM DISK
4210004.852	Test_Phase.SEQUENCE.Word	LOADING RESOURCE SURFACE FROM DISK
4218891.377	Test_Phase.SEQUENCE.Word	LOADING RESOURCE SURFACE FROM DISK
4226129.161	Test_Phase.SEQUENCE.Word	LOADING RESOURCE SURFACE FROM DISK
4234238.062	Test_Phase.SEQUENCE.Word	LOADING RESOURCE SURFACE FROM DISK
4241454.804	Test_Phase.SEQUENCE.Word	LOADING RESOURCE SURFACE FROM DISK
4248604.753	Test_Phase.SEQUENCE.Word	LOADING RESOURCE SURFACE FROM DISK
4255838.059	Test_Phase.SEQUENCE.Word	LOADING RESOURCE SURFACE FROM DISK
4263141.795	Test_Phase.SEQUENCE.Word	LOADING RESOURCE SURFACE FROM DISK
4271160.461	Test_Phase.SEQUENCE.Word	LOADING RESOURCE SURFACE FROM DISK
4279730.864	Test_Phase.SEQUENCE.Word	LOADING RESOURCE SURFACE FROM DISK
4290316.418	Test_Phase.SEQUENCE.Word	LOADING RESOURCE SURFACE FROM DISK
4299604.8	Test_Phase.SEQUENCE.Word	LOADING RESOURCE SURFACE FROM DISK
4306773.984	Test_Phase.SEQUENCE.Word	LOADING RESOURCE SURFACE FROM DISK
4315054.678	Test_Phase.SEQUENCE.Word	LOADING RESOURCE SURFACE FROM DISK
4323925.082	Test_Phase.SEQUENCE.Word	LOADING RESOURCE SURFACE FROM DISK
4331907.145	Test_Phase.SEQUENCE.Word	LOADING RESOURCE SURFACE FROM DISK
4339371.412	Test_Phase.SEQUENCE.Word	LOADING RESOURCE SURFACE FROM DISK
4348009.168	Test_Phase.SEQUENCE.Word	LOADING RESOURCE SURFACE FROM DISK
4356104.724	Test_Phase.SEQUENCE.Word	LOADING RESOURCE SURFACE FROM DISK
4364438.193	Test_Phase.SEQUENCE.Word	LOADING RESOURCE SURFACE FROM DISK
4371554.895	Test_Phase.SEQUENCE.Word	LOADING RESOURCE SURFACE FROM DISK
4378661.946	Test_Phase.SEQUENCE.Word	LOADING RESOURCE SURFACE FROM DISK
4386014.41	Test_Phase.SEQUENCE.Word	LOADING RESOURCE SURFACE FROM DISK
4393288.096	Test_Phase.SEQUENCE.Word	LOADING RESOURCE SURFACE FROM DISK
4400605.797	Test_Phase.SEQUENCE.Word	LOADING RESOURCE SURFACE FROM DISK
4407738.512	Test_Phase.SEQUENCE.Word	LOADING RESOURCE SURFACE FROM DISK
4415088.159	Test_Phase.SEQUENCE.Word	LOADING RESOURCE SURFACE FROM DISK
4422226.21	Test_Phase.SEQUENCE.Word	LOADING RESOURCE SURFACE FROM DISK
4429355.135	Test_Phase.SEQUENCE.Word	LOADING RESOURCE SURFACE FROM DISK
4436555.123	Test_Phase.SEQUENCE.Word	LOADING RESOURCE SURFACE FROM DISK
4443892.391	Test_Phase.SEQUENCE.Word	LOADING RESOURCE SURFACE FROM DISK
4451173.959	Test_Phase.SEQUENCE.Word	LOADING RESOURCE SURFACE FROM DISK
4459689.935	Test_Phase.SEQUENCE.Word	LOADING RESOURCE SURFACE FROM DISK
4468079.506	Test_Phase.SEQUENCE.Word	LOADING RESOURCE SURFACE FROM DISK
4476045.827	Test_Phase.SEQUENCE.Word	LOADING RESOURCE SURFACE FROM DISK
4483521.471	Test_Phase.SEQUENCE.Word	LOADING RESOURCE SURFACE FROM DISK
4491538.128	Test_Phase.SEQUENCE.Word	LOADING RESOURCE SURFACE FROM DISK
4498699.068	Test_Phase.SEQUENCE.Word	LOADING RESOURCE SURFACE FROM DISK
4507071.573	Test_Phase.SEQUENCE.Word	LOADING RESOURCE SURFACE FROM DISK
4510668.747	DISPLAY_SCREEN	LOADING RESOURCE SURFACE FROM DISK
