5013.539	DISPLAY_SCREEN[1]	LOADING RESOURCE SURFACE FROM DISK
119213.17	Familiarization_Phase.SEQUENCE.Cue_and_Instruction	LOADING RESOURCE SURFACE FROM DISK
119217.593	Familiarization_Phase.SEQUENCE.Cue_and_Instruction	LOADING RESOURCE SURFACE FROM DISK
125279.383	Familiarization_Phase.SEQUENCE.Cue_and_Instruction	LOADING RESOURCE SURFACE FROM DISK
125284.435	Familiarization_Phase.SEQUENCE.Cue_and_Instruction	LOADING RESOURCE SURFACE FROM DISK
131331.732	Familiarization_Phase.SEQUENCE.Cue_and_Instruction	LOADING RESOURCE SURFACE FROM DISK
131336.302	Familiarization_Phase.SEQUENCE.Cue_and_Instruction	LOADING RESOURCE SURFACE FROM DISK
173519.499	DISPLAY_SCREEN[3]	LOADING RESOURCE SURFACE FROM DISK
265728.46	DISPLAY_SCREEN[5]	LOADING RESOURCE SURFACE FROM DISK
315538.265	Practice_Phase.SEQUENCE.Blink_Screen	LOADING RESOURCE SURFACE FROM DISK
315539.327	Practice_Phase.SEQUENCE.Blink_Screen	flip time is later than desired time. Desired Time=315278 Flip Time=315561 Retrace Rate=16.641, prepareTime=285 flip request time 315539
316782.272	Practice_Phase.SEQUENCE.Luminance_Cue[1]	LOADING RESOURCE SURFACE FROM DISK
316796.307	Practice_Phase.SEQUENCE.Luminance_Cue[1]	LOADING RESOURCE SURFACE FROM DISK
316797.725	Practice_Phase.SEQUENCE.Luminance_Cue[1]	flip time is later than desired time. Desired Time=316761 Flip Time=316811 Retrace Rate=16.641, prepareTime=60 flip request time 316797
317343.573	Practice_Phase.SEQUENCE.Practice_Instruction	LOADING RESOURCE SURFACE FROM DISK
317356.202	Practice_Phase.SEQUENCE.Practice_Instruction	LOADING RESOURCE SURFACE FROM DISK
317357.707	Practice_Phase.SEQUENCE.Practice_Instruction	flip time is later than desired time. Desired Time=317311 Flip Time=317378 Retrace Rate=16.641, prepareTime=70 flip request time 317357
320881.782	Practice_Phase.SEQUENCE.Action_cue[1]	LOADING RESOURCE SURFACE FROM DISK
320883.673	Practice_Phase.SEQUENCE.Action_cue[1]	flip time is later than desired time. Desired Time=320878 Flip Time=320894 Retrace Rate=16.641, prepareTime=29 flip request time 320883
325475.377	Practice_Phase.SEQUENCE.Practice_Instruction	LOADING RESOURCE SURFACE FROM DISK
325493.274	Practice_Phase.SEQUENCE.Practice_Instruction	LOADING RESOURCE SURFACE FROM DISK
325494.753	Practice_Phase.SEQUENCE.Practice_Instruction	flip time is later than desired time. Desired Time=325461 Flip Time=325511 Retrace Rate=16.641, prepareTime=57 flip request time 325494
333559.738	Practice_Phase.SEQUENCE.Practice_Instruction	LOADING RESOURCE SURFACE FROM DISK
333562.41	Practice_Phase.SEQUENCE.Practice_Instruction	LOADING RESOURCE SURFACE FROM DISK
341626.009	Practice_Phase.SEQUENCE.Practice_Instruction	LOADING RESOURCE SURFACE FROM DISK
341628.641	Practice_Phase.SEQUENCE.Practice_Instruction	LOADING RESOURCE SURFACE FROM DISK
349692.666	Practice_Phase.SEQUENCE.Practice_Instruction	LOADING RESOURCE SURFACE FROM DISK
349695.396	Practice_Phase.SEQUENCE.Practice_Instruction	LOADING RESOURCE SURFACE FROM DISK
357759.516	Practice_Phase.SEQUENCE.Practice_Instruction	LOADING RESOURCE SURFACE FROM DISK
357770.077	Practice_Phase.SEQUENCE.Practice_Instruction	LOADING RESOURCE SURFACE FROM DISK
357771.564	Practice_Phase.SEQUENCE.Practice_Instruction	flip time is later than desired time. Desired Time=357778 Flip Time=357794 Retrace Rate=16.641, prepareTime=17 flip request time 357771
365842.87	Practice_Phase.SEQUENCE.Practice_Instruction	LOADING RESOURCE SURFACE FROM DISK
365845.501	Practice_Phase.SEQUENCE.Practice_Instruction	LOADING RESOURCE SURFACE FROM DISK
373909.244	Practice_Phase.SEQUENCE.Practice_Instruction	LOADING RESOURCE SURFACE FROM DISK
373911.848	Practice_Phase.SEQUENCE.Practice_Instruction	LOADING RESOURCE SURFACE FROM DISK
381975.998	Practice_Phase.SEQUENCE.Practice_Instruction	LOADING RESOURCE SURFACE FROM DISK
382036.104	Practice_Phase.SEQUENCE.Practice_Instruction	LOADING RESOURCE SURFACE FROM DISK
382037.496	Practice_Phase.SEQUENCE.Practice_Instruction	flip time is later than desired time. Desired Time=381994 Flip Time=382061 Retrace Rate=16.641, prepareTime=66 flip request time 382037
388205.633	DISPLAY_SCREEN[2]	LOADING RESOURCE SURFACE FROM DISK
464921.143	Study_Phase.SEQUENCE.Study_Instruction	LOADING RESOURCE SURFACE FROM DISK
473201.669	Study_Phase.SEQUENCE.Study_Instruction	LOADING RESOURCE SURFACE FROM DISK
473244.803	Study_Phase.SEQUENCE.Study_Instruction	LOADING RESOURCE SURFACE FROM DISK
481517.879	Study_Phase.SEQUENCE.Study_Instruction	LOADING RESOURCE SURFACE FROM DISK
481520.548	Study_Phase.SEQUENCE.Study_Instruction	LOADING RESOURCE SURFACE FROM DISK
489839.157	Study_Phase.SEQUENCE.Study_Instruction	LOADING RESOURCE SURFACE FROM DISK
498114.494	Study_Phase.SEQUENCE.Study_Instruction	LOADING RESOURCE SURFACE FROM DISK
506429.593	Study_Phase.SEQUENCE.Study_Instruction	LOADING RESOURCE SURFACE FROM DISK
514697.99	Study_Phase.SEQUENCE.Study_Instruction	LOADING RESOURCE SURFACE FROM DISK
522964.409	Study_Phase.SEQUENCE.Study_Instruction	LOADING RESOURCE SURFACE FROM DISK
531234.785	Study_Phase.SEQUENCE.Study_Instruction	LOADING RESOURCE SURFACE FROM DISK
531272.075	Study_Phase.SEQUENCE.Study_Instruction	LOADING RESOURCE SURFACE FROM DISK
539534.472	Study_Phase.SEQUENCE.Study_Instruction	LOADING RESOURCE SURFACE FROM DISK
539537.091	Study_Phase.SEQUENCE.Study_Instruction	LOADING RESOURCE SURFACE FROM DISK
547814.784	Study_Phase.SEQUENCE.Study_Instruction	LOADING RESOURCE SURFACE FROM DISK
556082.312	Study_Phase.SEQUENCE.Study_Instruction	LOADING RESOURCE SURFACE FROM DISK
564351.496	Study_Phase.SEQUENCE.Study_Instruction	LOADING RESOURCE SURFACE FROM DISK
564393.74	Study_Phase.SEQUENCE.Study_Instruction	LOADING RESOURCE SURFACE FROM DISK
572667.947	Study_Phase.SEQUENCE.Study_Instruction	LOADING RESOURCE SURFACE FROM DISK
572709.962	Study_Phase.SEQUENCE.Study_Instruction	LOADING RESOURCE SURFACE FROM DISK
581016.581	Study_Phase.SEQUENCE.Study_Instruction	LOADING RESOURCE SURFACE FROM DISK
589281.251	Study_Phase.SEQUENCE.Study_Instruction	LOADING RESOURCE SURFACE FROM DISK
597609.27	Study_Phase.SEQUENCE.Study_Instruction	LOADING RESOURCE SURFACE FROM DISK
605884.807	Study_Phase.SEQUENCE.Study_Instruction	LOADING RESOURCE SURFACE FROM DISK
605919.851	Study_Phase.SEQUENCE.Study_Instruction	LOADING RESOURCE SURFACE FROM DISK
614245.145	Study_Phase.SEQUENCE.Study_Instruction	LOADING RESOURCE SURFACE FROM DISK
622517.814	Study_Phase.SEQUENCE.Study_Instruction	LOADING RESOURCE SURFACE FROM DISK
622539.76	Study_Phase.SEQUENCE.Study_Instruction	LOADING RESOURCE SURFACE FROM DISK
630859.015	Study_Phase.SEQUENCE.Study_Instruction	LOADING RESOURCE SURFACE FROM DISK
639134.693	Study_Phase.SEQUENCE.Study_Instruction	LOADING RESOURCE SURFACE FROM DISK
639137.103	Study_Phase.SEQUENCE.Study_Instruction	LOADING RESOURCE SURFACE FROM DISK
647414.503	Study_Phase.SEQUENCE.Study_Instruction	LOADING RESOURCE SURFACE FROM DISK
655651.409	Study_Phase.SEQUENCE.Study_Instruction	LOADING RESOURCE SURFACE FROM DISK
655691.4	Study_Phase.SEQUENCE.Study_Instruction	LOADING RESOURCE SURFACE FROM DISK
663934.685	Study_Phase.SEQUENCE.Study_Instruction	LOADING RESOURCE SURFACE FROM DISK
663974.284	Study_Phase.SEQUENCE.Study_Instruction	LOADING RESOURCE SURFACE FROM DISK
672284.053	Study_Phase.SEQUENCE.Study_Instruction	LOADING RESOURCE SURFACE FROM DISK
680567.368	Study_Phase.SEQUENCE.Study_Instruction	LOADING RESOURCE SURFACE FROM DISK
688818.067	Study_Phase.SEQUENCE.Study_Instruction	LOADING RESOURCE SURFACE FROM DISK
688856.946	Study_Phase.SEQUENCE.Study_Instruction	LOADING RESOURCE SURFACE FROM DISK
697167.012	Study_Phase.SEQUENCE.Study_Instruction	LOADING RESOURCE SURFACE FROM DISK
705434.901	Study_Phase.SEQUENCE.Study_Instruction	LOADING RESOURCE SURFACE FROM DISK
705501.373	Study_Phase.SEQUENCE.Study_Instruction	LOADING RESOURCE SURFACE FROM DISK
713767.87	Study_Phase.SEQUENCE.Study_Instruction	LOADING RESOURCE SURFACE FROM DISK
713812.721	Study_Phase.SEQUENCE.Study_Instruction	LOADING RESOURCE SURFACE FROM DISK
722121.446	Study_Phase.SEQUENCE.Study_Instruction	LOADING RESOURCE SURFACE FROM DISK
730398.888	Study_Phase.SEQUENCE.Study_Instruction	LOADING RESOURCE SURFACE FROM DISK
738667.791	Study_Phase.SEQUENCE.Study_Instruction	LOADING RESOURCE SURFACE FROM DISK
738670.173	Study_Phase.SEQUENCE.Study_Instruction	LOADING RESOURCE SURFACE FROM DISK
746951.533	Study_Phase.SEQUENCE.Study_Instruction	LOADING RESOURCE SURFACE FROM DISK
746986.264	Study_Phase.SEQUENCE.Study_Instruction	LOADING RESOURCE SURFACE FROM DISK
755264.582	Study_Phase.SEQUENCE.Study_Instruction	LOADING RESOURCE SURFACE FROM DISK
763534.569	Study_Phase.SEQUENCE.Study_Instruction	LOADING RESOURCE SURFACE FROM DISK
763537.234	Study_Phase.SEQUENCE.Study_Instruction	LOADING RESOURCE SURFACE FROM DISK
771857.313	Study_Phase.SEQUENCE.Study_Instruction	LOADING RESOURCE SURFACE FROM DISK
780134.673	Study_Phase.SEQUENCE.Study_Instruction	LOADING RESOURCE SURFACE FROM DISK
780198.753	Study_Phase.SEQUENCE.Study_Instruction	LOADING RESOURCE SURFACE FROM DISK
788464.707	Study_Phase.SEQUENCE.Study_Instruction	LOADING RESOURCE SURFACE FROM DISK
796731.257	Study_Phase.SEQUENCE.Study_Instruction	LOADING RESOURCE SURFACE FROM DISK
805001.418	Study_Phase.SEQUENCE.Study_Instruction	LOADING RESOURCE SURFACE FROM DISK
805042.15	Study_Phase.SEQUENCE.Study_Instruction	LOADING RESOURCE SURFACE FROM DISK
813315.526	Study_Phase.SEQUENCE.Study_Instruction	LOADING RESOURCE SURFACE FROM DISK
821581.248	Study_Phase.SEQUENCE.Study_Instruction	LOADING RESOURCE SURFACE FROM DISK
829851.541	Study_Phase.SEQUENCE.Study_Instruction	LOADING RESOURCE SURFACE FROM DISK
829854.034	Study_Phase.SEQUENCE.Study_Instruction	LOADING RESOURCE SURFACE FROM DISK
838175.036	Study_Phase.SEQUENCE.Study_Instruction	LOADING RESOURCE SURFACE FROM DISK
846447.931	Study_Phase.SEQUENCE.Study_Instruction	LOADING RESOURCE SURFACE FROM DISK
854701.246	Study_Phase.SEQUENCE.Study_Instruction	LOADING RESOURCE SURFACE FROM DISK
854703.722	Study_Phase.SEQUENCE.Study_Instruction	LOADING RESOURCE SURFACE FROM DISK
862967.922	Study_Phase.SEQUENCE.Study_Instruction	LOADING RESOURCE SURFACE FROM DISK
863009.762	Study_Phase.SEQUENCE.Study_Instruction	LOADING RESOURCE SURFACE FROM DISK
871281.397	Study_Phase.SEQUENCE.Study_Instruction	LOADING RESOURCE SURFACE FROM DISK
879594.72	Study_Phase.SEQUENCE.Study_Instruction	LOADING RESOURCE SURFACE FROM DISK
887868.18	Study_Phase.SEQUENCE.Study_Instruction	LOADING RESOURCE SURFACE FROM DISK
887870.814	Study_Phase.SEQUENCE.Study_Instruction	LOADING RESOURCE SURFACE FROM DISK
896147.799	Study_Phase.SEQUENCE.Study_Instruction	LOADING RESOURCE SURFACE FROM DISK
904454.42	Study_Phase.SEQUENCE.Study_Instruction	LOADING RESOURCE SURFACE FROM DISK
912734.62	Study_Phase.SEQUENCE.Study_Instruction	LOADING RESOURCE SURFACE FROM DISK
912771.746	Study_Phase.SEQUENCE.Study_Instruction	LOADING RESOURCE SURFACE FROM DISK
921066.396	Study_Phase.SEQUENCE.Study_Instruction	LOADING RESOURCE SURFACE FROM DISK
929365.305	Study_Phase.SEQUENCE.Study_Instruction	LOADING RESOURCE SURFACE FROM DISK
937618.033	Study_Phase.SEQUENCE.Study_Instruction	LOADING RESOURCE SURFACE FROM DISK
937658.964	Study_Phase.SEQUENCE.Study_Instruction	LOADING RESOURCE SURFACE FROM DISK
945934.821	Study_Phase.SEQUENCE.Study_Instruction	LOADING RESOURCE SURFACE FROM DISK
945937.476	Study_Phase.SEQUENCE.Study_Instruction	LOADING RESOURCE SURFACE FROM DISK
954253.408	Study_Phase.SEQUENCE.Study_Instruction	LOADING RESOURCE SURFACE FROM DISK
962534.841	Study_Phase.SEQUENCE.Study_Instruction	LOADING RESOURCE SURFACE FROM DISK
962572.519	Study_Phase.SEQUENCE.Study_Instruction	LOADING RESOURCE SURFACE FROM DISK
970884.295	Study_Phase.SEQUENCE.Study_Instruction	LOADING RESOURCE SURFACE FROM DISK
979151.366	Study_Phase.SEQUENCE.Study_Instruction	LOADING RESOURCE SURFACE FROM DISK
979153.876	Study_Phase.SEQUENCE.Study_Instruction	LOADING RESOURCE SURFACE FROM DISK
987471.696	Study_Phase.SEQUENCE.Study_Instruction	LOADING RESOURCE SURFACE FROM DISK
995790.07	Study_Phase.SEQUENCE.Study_Instruction	LOADING RESOURCE SURFACE FROM DISK
1004051.294	Study_Phase.SEQUENCE.Study_Instruction	LOADING RESOURCE SURFACE FROM DISK
1004089.941	Study_Phase.SEQUENCE.Study_Instruction	LOADING RESOURCE SURFACE FROM DISK
1012368.302	Study_Phase.SEQUENCE.Study_Instruction	LOADING RESOURCE SURFACE FROM DISK
1012406.968	Study_Phase.SEQUENCE.Study_Instruction	LOADING RESOURCE SURFACE FROM DISK
1020684.78	Study_Phase.SEQUENCE.Study_Instruction	LOADING RESOURCE SURFACE FROM DISK
1020722.718	Study_Phase.SEQUENCE.Study_Instruction	LOADING RESOURCE SURFACE FROM DISK
1029099.339	Study_Phase.SEQUENCE.Study_Instruction	LOADING RESOURCE SURFACE FROM DISK
1037368.077	Study_Phase.SEQUENCE.Study_Instruction	LOADING RESOURCE SURFACE FROM DISK
1037412.54	Study_Phase.SEQUENCE.Study_Instruction	LOADING RESOURCE SURFACE FROM DISK
1045721.614	Study_Phase.SEQUENCE.Study_Instruction	LOADING RESOURCE SURFACE FROM DISK
1053997.794	Study_Phase.SEQUENCE.Study_Instruction	LOADING RESOURCE SURFACE FROM DISK
1062267.854	Study_Phase.SEQUENCE.Study_Instruction	LOADING RESOURCE SURFACE FROM DISK
1062308.44	Study_Phase.SEQUENCE.Study_Instruction	LOADING RESOURCE SURFACE FROM DISK
1070584.669	Study_Phase.SEQUENCE.Study_Instruction	LOADING RESOURCE SURFACE FROM DISK
1070603.728	Study_Phase.SEQUENCE.Study_Instruction	LOADING RESOURCE SURFACE FROM DISK
1078883.756	Study_Phase.SEQUENCE.Study_Instruction	LOADING RESOURCE SURFACE FROM DISK
1087151.417	Study_Phase.SEQUENCE.Study_Instruction	LOADING RESOURCE SURFACE FROM DISK
1087187.623	Study_Phase.SEQUENCE.Study_Instruction	LOADING RESOURCE SURFACE FROM DISK
1095468.141	Study_Phase.SEQUENCE.Study_Instruction	LOADING RESOURCE SURFACE FROM DISK
1095502.779	Study_Phase.SEQUENCE.Study_Instruction	LOADING RESOURCE SURFACE FROM DISK
1103751.504	Study_Phase.SEQUENCE.Study_Instruction	LOADING RESOURCE SURFACE FROM DISK
1103793.875	Study_Phase.SEQUENCE.Study_Instruction	LOADING RESOURCE SURFACE FROM DISK
1112102.002	Study_Phase.SEQUENCE.Study_Instruction	LOADING RESOURCE SURFACE FROM DISK
1120368.188	Study_Phase.SEQUENCE.Study_Instruction	LOADING RESOURCE SURFACE FROM DISK
1120403.875	Study_Phase.SEQUENCE.Study_Instruction	LOADING RESOURCE SURFACE FROM DISK
1128681.302	Study_Phase.SEQUENCE.Study_Instruction	LOADING RESOURCE SURFACE FROM DISK
1136990.765	Study_Phase.SEQUENCE.Study_Instruction	LOADING RESOURCE SURFACE FROM DISK
1145268.185	Study_Phase.SEQUENCE.Study_Instruction	LOADING RESOURCE SURFACE FROM DISK
1145307.313	Study_Phase.SEQUENCE.Study_Instruction	LOADING RESOURCE SURFACE FROM DISK
1153584.668	Study_Phase.SEQUENCE.Study_Instruction	LOADING RESOURCE SURFACE FROM DISK
1153587.231	Study_Phase.SEQUENCE.Study_Instruction	LOADING RESOURCE SURFACE FROM DISK
1161907.114	Study_Phase.SEQUENCE.Study_Instruction	LOADING RESOURCE SURFACE FROM DISK
1170184.565	Study_Phase.SEQUENCE.Study_Instruction	LOADING RESOURCE SURFACE FROM DISK
1170186.89	Study_Phase.SEQUENCE.Study_Instruction	LOADING RESOURCE SURFACE FROM DISK
1178468.045	Study_Phase.SEQUENCE.Study_Instruction	LOADING RESOURCE SURFACE FROM DISK
1178505.288	Study_Phase.SEQUENCE.Study_Instruction	LOADING RESOURCE SURFACE FROM DISK
1186782.226	Study_Phase.SEQUENCE.Study_Instruction	LOADING RESOURCE SURFACE FROM DISK
1195089.178	Study_Phase.SEQUENCE.Study_Instruction	LOADING RESOURCE SURFACE FROM DISK
1203368.026	Study_Phase.SEQUENCE.Study_Instruction	LOADING RESOURCE SURFACE FROM DISK
1203412.082	Study_Phase.SEQUENCE.Study_Instruction	LOADING RESOURCE SURFACE FROM DISK
1211716.789	Study_Phase.SEQUENCE.Study_Instruction	LOADING RESOURCE SURFACE FROM DISK
1219984.779	Study_Phase.SEQUENCE.Study_Instruction	LOADING RESOURCE SURFACE FROM DISK
1219987.318	Study_Phase.SEQUENCE.Study_Instruction	LOADING RESOURCE SURFACE FROM DISK
1228308.646	Study_Phase.SEQUENCE.Study_Instruction	LOADING RESOURCE SURFACE FROM DISK
1236584.762	Study_Phase.SEQUENCE.Study_Instruction	LOADING RESOURCE SURFACE FROM DISK
1236614.144	Study_Phase.SEQUENCE.Study_Instruction	LOADING RESOURCE SURFACE FROM DISK
1244916.557	Study_Phase.SEQUENCE.Study_Instruction	LOADING RESOURCE SURFACE FROM DISK
1253184.738	Study_Phase.SEQUENCE.Study_Instruction	LOADING RESOURCE SURFACE FROM DISK
1253227.515	Study_Phase.SEQUENCE.Study_Instruction	LOADING RESOURCE SURFACE FROM DISK
1261532.69	Study_Phase.SEQUENCE.Study_Instruction	LOADING RESOURCE SURFACE FROM DISK
1269798.129	Study_Phase.SEQUENCE.Study_Instruction	LOADING RESOURCE SURFACE FROM DISK
1278051.363	Study_Phase.SEQUENCE.Study_Instruction	LOADING RESOURCE SURFACE FROM DISK
1278094.369	Study_Phase.SEQUENCE.Study_Instruction	LOADING RESOURCE SURFACE FROM DISK
1286389.771	Study_Phase.SEQUENCE.Study_Instruction	LOADING RESOURCE SURFACE FROM DISK
1294704.913	Study_Phase.SEQUENCE.Study_Instruction	LOADING RESOURCE SURFACE FROM DISK
1302984.81	Study_Phase.SEQUENCE.Study_Instruction	LOADING RESOURCE SURFACE FROM DISK
1303023.394	Study_Phase.SEQUENCE.Study_Instruction	LOADING RESOURCE SURFACE FROM DISK
1311301.302	Study_Phase.SEQUENCE.Study_Instruction	LOADING RESOURCE SURFACE FROM DISK
1311325.741	Study_Phase.SEQUENCE.Study_Instruction	LOADING RESOURCE SURFACE FROM DISK
1319601.43	Study_Phase.SEQUENCE.Study_Instruction	LOADING RESOURCE SURFACE FROM DISK
1319603.989	Study_Phase.SEQUENCE.Study_Instruction	LOADING RESOURCE SURFACE FROM DISK
1327884.585	Study_Phase.SEQUENCE.Study_Instruction	LOADING RESOURCE SURFACE FROM DISK
1327926.564	Study_Phase.SEQUENCE.Study_Instruction	LOADING RESOURCE SURFACE FROM DISK
1336233.226	Study_Phase.SEQUENCE.Study_Instruction	LOADING RESOURCE SURFACE FROM DISK
1344537.112	Study_Phase.SEQUENCE.Study_Instruction	LOADING RESOURCE SURFACE FROM DISK
1352818.233	Study_Phase.SEQUENCE.Study_Instruction	LOADING RESOURCE SURFACE FROM DISK
1352820.822	Study_Phase.SEQUENCE.Study_Instruction	LOADING RESOURCE SURFACE FROM DISK
1361101.466	Study_Phase.SEQUENCE.Study_Instruction	LOADING RESOURCE SURFACE FROM DISK
1361143.824	Study_Phase.SEQUENCE.Study_Instruction	LOADING RESOURCE SURFACE FROM DISK
1369456.617	Study_Phase.SEQUENCE.Study_Instruction	LOADING RESOURCE SURFACE FROM DISK
1377718.291	Study_Phase.SEQUENCE.Study_Instruction	LOADING RESOURCE SURFACE FROM DISK
1377760.64	Study_Phase.SEQUENCE.Study_Instruction	LOADING RESOURCE SURFACE FROM DISK
1386066.312	Study_Phase.SEQUENCE.Study_Instruction	LOADING RESOURCE SURFACE FROM DISK
1394331.347	Study_Phase.SEQUENCE.Study_Instruction	LOADING RESOURCE SURFACE FROM DISK
1402626.62	Study_Phase.SEQUENCE.Study_Instruction	LOADING RESOURCE SURFACE FROM DISK
1410897.813	Study_Phase.SEQUENCE.Study_Instruction	LOADING RESOURCE SURFACE FROM DISK
1419131.353	Study_Phase.SEQUENCE.Study_Instruction	LOADING RESOURCE SURFACE FROM DISK
1427401.429	Study_Phase.SEQUENCE.Study_Instruction	LOADING RESOURCE SURFACE FROM DISK
1427403.853	Study_Phase.SEQUENCE.Study_Instruction	LOADING RESOURCE SURFACE FROM DISK
1435721.591	Study_Phase.SEQUENCE.Study_Instruction	LOADING RESOURCE SURFACE FROM DISK
1443998.97	Study_Phase.SEQUENCE.Study_Instruction	LOADING RESOURCE SURFACE FROM DISK
1452267.922	Study_Phase.SEQUENCE.Study_Instruction	LOADING RESOURCE SURFACE FROM DISK
1452303.808	Study_Phase.SEQUENCE.Study_Instruction	LOADING RESOURCE SURFACE FROM DISK
1458538.027	DISPLAY_SCREEN[7]	LOADING RESOURCE SURFACE FROM DISK
1588862.74	Test_Phase.SEQUENCE.Target_Cue	LOADING RESOURCE SURFACE FROM DISK
1588873.747	Test_Phase.SEQUENCE.Target_Cue	LOADING RESOURCE SURFACE FROM DISK
1590897.779	Test_Phase.SEQUENCE.Word	LOADING RESOURCE SURFACE FROM DISK
1593953.889	Test_Phase.SEQUENCE.Test_Question	LOADING RESOURCE SURFACE FROM DISK
1593970.903	Test_Phase.SEQUENCE.Test_Question	LOADING RESOURCE SURFACE FROM DISK
1593976.003	Test_Phase.SEQUENCE.Test_Question	LOADING RESOURCE SURFACE FROM DISK
1593981.182	Test_Phase.SEQUENCE.Test_Question	LOADING RESOURCE SURFACE FROM DISK
1593983.005	Test_Phase.SEQUENCE.Test_Question	LOADING RESOURCE SURFACE FROM DISK
1593984.755	Test_Phase.SEQUENCE.Test_Question	LOADING RESOURCE SURFACE FROM DISK
1593986.561	Test_Phase.SEQUENCE.Test_Question	LOADING RESOURCE SURFACE FROM DISK
1594003.922	Test_Phase.SEQUENCE.Test_Question	LOADING RESOURCE SURFACE FROM DISK
1594018.219	Test_Phase.SEQUENCE.Test_Question	LOADING RESOURCE SURFACE FROM DISK
1594020.055	Test_Phase.SEQUENCE.Test_Question	LOADING RESOURCE SURFACE FROM DISK
1594021.879	Test_Phase.SEQUENCE.Test_Question	LOADING RESOURCE SURFACE FROM DISK
1594023.553	Test_Phase.SEQUENCE.Test_Question	LOADING RESOURCE SURFACE FROM DISK
1624631.208	Test_Phase.SEQUENCE.Word	LOADING RESOURCE SURFACE FROM DISK
1635297.743	Test_Phase.SEQUENCE.Word	LOADING RESOURCE SURFACE FROM DISK
1643447.71	Test_Phase.SEQUENCE.Word	LOADING RESOURCE SURFACE FROM DISK
1651964.327	Test_Phase.SEQUENCE.Word	LOADING RESOURCE SURFACE FROM DISK
1659335.722	Test_Phase.SEQUENCE.Word	LOADING RESOURCE SURFACE FROM DISK
1666565.099	Test_Phase.SEQUENCE.Word	LOADING RESOURCE SURFACE FROM DISK
1674014.329	Test_Phase.SEQUENCE.Word	LOADING RESOURCE SURFACE FROM DISK
1682086.032	Test_Phase.SEQUENCE.Word	LOADING RESOURCE SURFACE FROM DISK
1692097.772	Test_Phase.SEQUENCE.Word	LOADING RESOURCE SURFACE FROM DISK
1700514.284	Test_Phase.SEQUENCE.Word	LOADING RESOURCE SURFACE FROM DISK
1707923.619	Test_Phase.SEQUENCE.Word	LOADING RESOURCE SURFACE FROM DISK
1715381.092	Test_Phase.SEQUENCE.Word	LOADING RESOURCE SURFACE FROM DISK
1722481.442	Test_Phase.SEQUENCE.Word	LOADING RESOURCE SURFACE FROM DISK
1729548.106	Test_Phase.SEQUENCE.Word	LOADING RESOURCE SURFACE FROM DISK
1737781.079	Test_Phase.SEQUENCE.Word	LOADING RESOURCE SURFACE FROM DISK
1744998.685	Test_Phase.SEQUENCE.Word	LOADING RESOURCE SURFACE FROM DISK
1753081.02	Test_Phase.SEQUENCE.Word	LOADING RESOURCE SURFACE FROM DISK
1760531.164	Test_Phase.SEQUENCE.Word	LOADING RESOURCE SURFACE FROM DISK
1770047.617	Test_Phase.SEQUENCE.Word	LOADING RESOURCE SURFACE FROM DISK
1777991.576	Test_Phase.SEQUENCE.Word	LOADING RESOURCE SURFACE FROM DISK
1785597.948	Test_Phase.SEQUENCE.Word	LOADING RESOURCE SURFACE FROM DISK
1792597.814	Test_Phase.SEQUENCE.Word	LOADING RESOURCE SURFACE FROM DISK
1800047.849	Test_Phase.SEQUENCE.Word	LOADING RESOURCE SURFACE FROM DISK
1807764.607	Test_Phase.SEQUENCE.Word	LOADING RESOURCE SURFACE FROM DISK
1814947.954	Test_Phase.SEQUENCE.Word	LOADING RESOURCE SURFACE FROM DISK
1823732.363	Test_Phase.SEQUENCE.Word	LOADING RESOURCE SURFACE FROM DISK
1830764.469	Test_Phase.SEQUENCE.Word	LOADING RESOURCE SURFACE FROM DISK
1837781.456	Test_Phase.SEQUENCE.Word	LOADING RESOURCE SURFACE FROM DISK
1844797.953	Test_Phase.SEQUENCE.Word	LOADING RESOURCE SURFACE FROM DISK
1852014.313	Test_Phase.SEQUENCE.Word	LOADING RESOURCE SURFACE FROM DISK
1859064.2	Test_Phase.SEQUENCE.Word	LOADING RESOURCE SURFACE FROM DISK
1867586.093	Test_Phase.SEQUENCE.Word	LOADING RESOURCE SURFACE FROM DISK
1875364.638	Test_Phase.SEQUENCE.Word	LOADING RESOURCE SURFACE FROM DISK
1882662.107	Test_Phase.SEQUENCE.Word	LOADING RESOURCE SURFACE FROM DISK
1890097.742	Test_Phase.SEQUENCE.Word	LOADING RESOURCE SURFACE FROM DISK
1897447.63	Test_Phase.SEQUENCE.Word	LOADING RESOURCE SURFACE FROM DISK
1904514.179	Test_Phase.SEQUENCE.Word	LOADING RESOURCE SURFACE FROM DISK
1911597.759	Test_Phase.SEQUENCE.Word	LOADING RESOURCE SURFACE FROM DISK
1918914.424	Test_Phase.SEQUENCE.Word	LOADING RESOURCE SURFACE FROM DISK
1926072.931	Test_Phase.SEQUENCE.Word	LOADING RESOURCE SURFACE FROM DISK
1933781.203	Test_Phase.SEQUENCE.Word	LOADING RESOURCE SURFACE FROM DISK
1940914.36	Test_Phase.SEQUENCE.Word	LOADING RESOURCE SURFACE FROM DISK
1947956.918	Test_Phase.SEQUENCE.Word	LOADING RESOURCE SURFACE FROM DISK
1964214.344	Test_Phase.SEQUENCE.Word	LOADING RESOURCE SURFACE FROM DISK
1971321.606	Test_Phase.SEQUENCE.Word	LOADING RESOURCE SURFACE FROM DISK
1978564.447	Test_Phase.SEQUENCE.Word	LOADING RESOURCE SURFACE FROM DISK
1985788.363	Test_Phase.SEQUENCE.Word	LOADING RESOURCE SURFACE FROM DISK
1992897.624	Test_Phase.SEQUENCE.Word	LOADING RESOURCE SURFACE FROM DISK
2000381.046	Test_Phase.SEQUENCE.Word	LOADING RESOURCE SURFACE FROM DISK
2007466.134	Test_Phase.SEQUENCE.Word	LOADING RESOURCE SURFACE FROM DISK
2014531.205	Test_Phase.SEQUENCE.Word	LOADING RESOURCE SURFACE FROM DISK
2021597.68	Test_Phase.SEQUENCE.Word	LOADING RESOURCE SURFACE FROM DISK
2028724.335	Test_Phase.SEQUENCE.Word	LOADING RESOURCE SURFACE FROM DISK
2035764.341	Test_Phase.SEQUENCE.Word	LOADING RESOURCE SURFACE FROM DISK
2042914.402	Test_Phase.SEQUENCE.Word	LOADING RESOURCE SURFACE FROM DISK
2050471.391	Test_Phase.SEQUENCE.Word	LOADING RESOURCE SURFACE FROM DISK
2057781.094	Test_Phase.SEQUENCE.Word	LOADING RESOURCE SURFACE FROM DISK
2064897.671	Test_Phase.SEQUENCE.Word	LOADING RESOURCE SURFACE FROM DISK
2072347.956	Test_Phase.SEQUENCE.Word	LOADING RESOURCE SURFACE FROM DISK
2079364.585	Test_Phase.SEQUENCE.Word	LOADING RESOURCE SURFACE FROM DISK
2086680.977	Test_Phase.SEQUENCE.Word	LOADING RESOURCE SURFACE FROM DISK
2093731.093	Test_Phase.SEQUENCE.Word	LOADING RESOURCE SURFACE FROM DISK
2101514.459	Test_Phase.SEQUENCE.Word	LOADING RESOURCE SURFACE FROM DISK
2108564.46	Test_Phase.SEQUENCE.Word	LOADING RESOURCE SURFACE FROM DISK
2115715.693	Test_Phase.SEQUENCE.Word	LOADING RESOURCE SURFACE FROM DISK
2122747.884	Test_Phase.SEQUENCE.Word	LOADING RESOURCE SURFACE FROM DISK
2130231.066	Test_Phase.SEQUENCE.Word	LOADING RESOURCE SURFACE FROM DISK
2137614.193	Test_Phase.SEQUENCE.Word	LOADING RESOURCE SURFACE FROM DISK
2145072.278	Test_Phase.SEQUENCE.Word	LOADING RESOURCE SURFACE FROM DISK
2152114.401	Test_Phase.SEQUENCE.Word	LOADING RESOURCE SURFACE FROM DISK
2159180.962	Test_Phase.SEQUENCE.Word	LOADING RESOURCE SURFACE FROM DISK
2166664.195	Test_Phase.SEQUENCE.Word	LOADING RESOURCE SURFACE FROM DISK
2175747.742	Test_Phase.SEQUENCE.Word	LOADING RESOURCE SURFACE FROM DISK
2182814.133	Test_Phase.SEQUENCE.Word	LOADING RESOURCE SURFACE FROM DISK
2189822.717	Test_Phase.SEQUENCE.Word	LOADING RESOURCE SURFACE FROM DISK
2196870.944	Test_Phase.SEQUENCE.Word	LOADING RESOURCE SURFACE FROM DISK
2205964.323	Test_Phase.SEQUENCE.Word	LOADING RESOURCE SURFACE FROM DISK
2212897.582	Test_Phase.SEQUENCE.Word	LOADING RESOURCE SURFACE FROM DISK
2220031.007	Test_Phase.SEQUENCE.Word	LOADING RESOURCE SURFACE FROM DISK
2227047.715	Test_Phase.SEQUENCE.Word	LOADING RESOURCE SURFACE FROM DISK
2234438.75	Test_Phase.SEQUENCE.Word	LOADING RESOURCE SURFACE FROM DISK
2241916.252	Test_Phase.SEQUENCE.Word	LOADING RESOURCE SURFACE FROM DISK
2249085.723	Test_Phase.SEQUENCE.Word	LOADING RESOURCE SURFACE FROM DISK
2256131.005	Test_Phase.SEQUENCE.Word	LOADING RESOURCE SURFACE FROM DISK
2263147.697	Test_Phase.SEQUENCE.Word	LOADING RESOURCE SURFACE FROM DISK
2270323.912	Test_Phase.SEQUENCE.Word	LOADING RESOURCE SURFACE FROM DISK
2278651.192	Test_Phase.SEQUENCE.Word	LOADING RESOURCE SURFACE FROM DISK
2285981.033	Test_Phase.SEQUENCE.Word	LOADING RESOURCE SURFACE FROM DISK
2293180.989	Test_Phase.SEQUENCE.Word	LOADING RESOURCE SURFACE FROM DISK
2300450.883	Test_Phase.SEQUENCE.Word	LOADING RESOURCE SURFACE FROM DISK
2307464.703	Test_Phase.SEQUENCE.Word	LOADING RESOURCE SURFACE FROM DISK
2314531.178	Test_Phase.SEQUENCE.Word	LOADING RESOURCE SURFACE FROM DISK
2321597.748	Test_Phase.SEQUENCE.Word	LOADING RESOURCE SURFACE FROM DISK
2328797.675	Test_Phase.SEQUENCE.Word	LOADING RESOURCE SURFACE FROM DISK
2335831.148	Test_Phase.SEQUENCE.Word	LOADING RESOURCE SURFACE FROM DISK
2343536.841	Test_Phase.SEQUENCE.Word	LOADING RESOURCE SURFACE FROM DISK
2352097.606	Test_Phase.SEQUENCE.Word	LOADING RESOURCE SURFACE FROM DISK
2359164.627	Test_Phase.SEQUENCE.Word	LOADING RESOURCE SURFACE FROM DISK
2366147.732	Test_Phase.SEQUENCE.Word	LOADING RESOURCE SURFACE FROM DISK
2373331.068	Test_Phase.SEQUENCE.Word	LOADING RESOURCE SURFACE FROM DISK
2380363.99	Test_Phase.SEQUENCE.Word	LOADING RESOURCE SURFACE FROM DISK
2387502.225	Test_Phase.SEQUENCE.Word	LOADING RESOURCE SURFACE FROM DISK
2394514.375	Test_Phase.SEQUENCE.Word	LOADING RESOURCE SURFACE FROM DISK
2401798.032	Test_Phase.SEQUENCE.Word	LOADING RESOURCE SURFACE FROM DISK
2408764.372	Test_Phase.SEQUENCE.Word	LOADING RESOURCE SURFACE FROM DISK
2417464.275	Test_Phase.SEQUENCE.Word	LOADING RESOURCE SURFACE FROM DISK
2424531.2	Test_Phase.SEQUENCE.Word	LOADING RESOURCE SURFACE FROM DISK
2431614.312	Test_Phase.SEQUENCE.Word	LOADING RESOURCE SURFACE FROM DISK
2438672.666	Test_Phase.SEQUENCE.Word	LOADING RESOURCE SURFACE FROM DISK
2446697.645	Test_Phase.SEQUENCE.Word	LOADING RESOURCE SURFACE FROM DISK
2453740.347	Test_Phase.SEQUENCE.Word	LOADING RESOURCE SURFACE FROM DISK
2460838.898	Test_Phase.SEQUENCE.Word	LOADING RESOURCE SURFACE FROM DISK
2467864.276	Test_Phase.SEQUENCE.Word	LOADING RESOURCE SURFACE FROM DISK
2474947.689	Test_Phase.SEQUENCE.Word	LOADING RESOURCE SURFACE FROM DISK
2481914.416	Test_Phase.SEQUENCE.Word	LOADING RESOURCE SURFACE FROM DISK
2488997.989	Test_Phase.SEQUENCE.Word	LOADING RESOURCE SURFACE FROM DISK
2497481.134	Test_Phase.SEQUENCE.Word	LOADING RESOURCE SURFACE FROM DISK
2504647.693	Test_Phase.SEQUENCE.Word	LOADING RESOURCE SURFACE FROM DISK
2511780.855	Test_Phase.SEQUENCE.Word	LOADING RESOURCE SURFACE FROM DISK
2518814.235	Test_Phase.SEQUENCE.Word	LOADING RESOURCE SURFACE FROM DISK
2525798.055	Test_Phase.SEQUENCE.Word	LOADING RESOURCE SURFACE FROM DISK
2532920.667	Test_Phase.SEQUENCE.Word	LOADING RESOURCE SURFACE FROM DISK
2539981.192	Test_Phase.SEQUENCE.Word	LOADING RESOURCE SURFACE FROM DISK
2547332.005	Test_Phase.SEQUENCE.Word	LOADING RESOURCE SURFACE FROM DISK
2555464.642	Test_Phase.SEQUENCE.Word	LOADING RESOURCE SURFACE FROM DISK
2562481.096	Test_Phase.SEQUENCE.Word	LOADING RESOURCE SURFACE FROM DISK
2569864.309	Test_Phase.SEQUENCE.Word	LOADING RESOURCE SURFACE FROM DISK
2576681.554	Test_Phase.SEQUENCE.Word	LOADING RESOURCE SURFACE FROM DISK
2584914.36	Test_Phase.SEQUENCE.Word	LOADING RESOURCE SURFACE FROM DISK
2591947.701	Test_Phase.SEQUENCE.Word	LOADING RESOURCE SURFACE FROM DISK
2599549.276	Test_Phase.SEQUENCE.Word	LOADING RESOURCE SURFACE FROM DISK
2606547.708	Test_Phase.SEQUENCE.Word	LOADING RESOURCE SURFACE FROM DISK
2613684.042	Test_Phase.SEQUENCE.Word	LOADING RESOURCE SURFACE FROM DISK
2620764.432	Test_Phase.SEQUENCE.Word	LOADING RESOURCE SURFACE FROM DISK
2627530.972	Test_Phase.SEQUENCE.Word	LOADING RESOURCE SURFACE FROM DISK
2634514.171	Test_Phase.SEQUENCE.Word	LOADING RESOURCE SURFACE FROM DISK
2641514.341	Test_Phase.SEQUENCE.Word	LOADING RESOURCE SURFACE FROM DISK
2649931.136	Test_Phase.SEQUENCE.Word	LOADING RESOURCE SURFACE FROM DISK
2657081.253	Test_Phase.SEQUENCE.Word	LOADING RESOURCE SURFACE FROM DISK
2664647.522	Test_Phase.SEQUENCE.Word	LOADING RESOURCE SURFACE FROM DISK
2671747.555	Test_Phase.SEQUENCE.Word	LOADING RESOURCE SURFACE FROM DISK
2678916.581	Test_Phase.SEQUENCE.Word	LOADING RESOURCE SURFACE FROM DISK
2687381.374	Test_Phase.SEQUENCE.Word	LOADING RESOURCE SURFACE FROM DISK
2694397.752	Test_Phase.SEQUENCE.Word	LOADING RESOURCE SURFACE FROM DISK
2701364.297	Test_Phase.SEQUENCE.Word	LOADING RESOURCE SURFACE FROM DISK
2709187.595	Test_Phase.SEQUENCE.Word	LOADING RESOURCE SURFACE FROM DISK
2716197.922	Test_Phase.SEQUENCE.Word	LOADING RESOURCE SURFACE FROM DISK
2723250.11	Test_Phase.SEQUENCE.Word	LOADING RESOURCE SURFACE FROM DISK
2730231.087	Test_Phase.SEQUENCE.Word	LOADING RESOURCE SURFACE FROM DISK
2737664.654	Test_Phase.SEQUENCE.Word	LOADING RESOURCE SURFACE FROM DISK
2744680.612	Test_Phase.SEQUENCE.Word	LOADING RESOURCE SURFACE FROM DISK
2751964.304	Test_Phase.SEQUENCE.Word	LOADING RESOURCE SURFACE FROM DISK
2758997.683	Test_Phase.SEQUENCE.Word	LOADING RESOURCE SURFACE FROM DISK
2765981.128	Test_Phase.SEQUENCE.Word	LOADING RESOURCE SURFACE FROM DISK
2772985.675	Test_Phase.SEQUENCE.Word	LOADING RESOURCE SURFACE FROM DISK
2781356.771	Test_Phase.SEQUENCE.Word	LOADING RESOURCE SURFACE FROM DISK
2788597.956	Test_Phase.SEQUENCE.Word	LOADING RESOURCE SURFACE FROM DISK
2795531.278	Test_Phase.SEQUENCE.Word	LOADING RESOURCE SURFACE FROM DISK
2802564.855	Test_Phase.SEQUENCE.Word	LOADING RESOURCE SURFACE FROM DISK
2810981.11	Test_Phase.SEQUENCE.Word	LOADING RESOURCE SURFACE FROM DISK
2817947.875	Test_Phase.SEQUENCE.Word	LOADING RESOURCE SURFACE FROM DISK
2825039.982	Test_Phase.SEQUENCE.Word	LOADING RESOURCE SURFACE FROM DISK
2832781.334	Test_Phase.SEQUENCE.Word	LOADING RESOURCE SURFACE FROM DISK
2840288.805	Test_Phase.SEQUENCE.Word	LOADING RESOURCE SURFACE FROM DISK
2847310.716	Test_Phase.SEQUENCE.Word	LOADING RESOURCE SURFACE FROM DISK
2854647.727	Test_Phase.SEQUENCE.Word	LOADING RESOURCE SURFACE FROM DISK
2861686.614	Test_Phase.SEQUENCE.Word	LOADING RESOURCE SURFACE FROM DISK
2868787.486	Test_Phase.SEQUENCE.Word	LOADING RESOURCE SURFACE FROM DISK
2875856.612	Test_Phase.SEQUENCE.Word	LOADING RESOURCE SURFACE FROM DISK
2882898.523	Test_Phase.SEQUENCE.Word	LOADING RESOURCE SURFACE FROM DISK
2889880.962	Test_Phase.SEQUENCE.Word	LOADING RESOURCE SURFACE FROM DISK
2897114.774	Test_Phase.SEQUENCE.Word	LOADING RESOURCE SURFACE FROM DISK
2904647.052	Test_Phase.SEQUENCE.Word	LOADING RESOURCE SURFACE FROM DISK
2911714.356	Test_Phase.SEQUENCE.Word	LOADING RESOURCE SURFACE FROM DISK
2918714.523	Test_Phase.SEQUENCE.Word	LOADING RESOURCE SURFACE FROM DISK
2925681.248	Test_Phase.SEQUENCE.Word	LOADING RESOURCE SURFACE FROM DISK
2932630.996	Test_Phase.SEQUENCE.Word	LOADING RESOURCE SURFACE FROM DISK
2940114.33	Test_Phase.SEQUENCE.Word	LOADING RESOURCE SURFACE FROM DISK
2947286.919	Test_Phase.SEQUENCE.Word	LOADING RESOURCE SURFACE FROM DISK
2954431.337	Test_Phase.SEQUENCE.Word	LOADING RESOURCE SURFACE FROM DISK
2961681.019	Test_Phase.SEQUENCE.Word	LOADING RESOURCE SURFACE FROM DISK
2968864.362	Test_Phase.SEQUENCE.Word	LOADING RESOURCE SURFACE FROM DISK
2976030.937	Test_Phase.SEQUENCE.Word	LOADING RESOURCE SURFACE FROM DISK
2983201.717	Test_Phase.SEQUENCE.Word	LOADING RESOURCE SURFACE FROM DISK
2990831.094	Test_Phase.SEQUENCE.Word	LOADING RESOURCE SURFACE FROM DISK
2997931.21	Test_Phase.SEQUENCE.Word	LOADING RESOURCE SURFACE FROM DISK
3004966.341	Test_Phase.SEQUENCE.Word	LOADING RESOURCE SURFACE FROM DISK
3012055.38	Test_Phase.SEQUENCE.Word	LOADING RESOURCE SURFACE FROM DISK
3019464.419	Test_Phase.SEQUENCE.Word	LOADING RESOURCE SURFACE FROM DISK
3026481.121	Test_Phase.SEQUENCE.Word	LOADING RESOURCE SURFACE FROM DISK
3034838.29	Test_Phase.SEQUENCE.Word	LOADING RESOURCE SURFACE FROM DISK
3042448.261	Test_Phase.SEQUENCE.Word	LOADING RESOURCE SURFACE FROM DISK
3049614.38	Test_Phase.SEQUENCE.Word	LOADING RESOURCE SURFACE FROM DISK
3056647.761	Test_Phase.SEQUENCE.Word	LOADING RESOURCE SURFACE FROM DISK
3063681.177	Test_Phase.SEQUENCE.Word	LOADING RESOURCE SURFACE FROM DISK
3070897.772	Test_Phase.SEQUENCE.Word	LOADING RESOURCE SURFACE FROM DISK
3078116.931	Test_Phase.SEQUENCE.Word	LOADING RESOURCE SURFACE FROM DISK
3085237.595	Test_Phase.SEQUENCE.Word	LOADING RESOURCE SURFACE FROM DISK
3090270.765	DISPLAY_SCREEN	LOADING RESOURCE SURFACE FROM DISK
