4998.754	DISPLAY_SCREEN[1]	LOADING RESOURCE SURFACE FROM DISK
310150.358	Familiarization_Phase.SEQUENCE.Cue_and_Instruction	LOADING RESOURCE SURFACE FROM DISK
310154.638	Familiarization_Phase.SEQUENCE.Cue_and_Instruction	LOADING RESOURCE SURFACE FROM DISK
316202.685	Familiarization_Phase.SEQUENCE.Cue_and_Instruction	LOADING RESOURCE SURFACE FROM DISK
316207.295	Familiarization_Phase.SEQUENCE.Cue_and_Instruction	LOADING RESOURCE SURFACE FROM DISK
322517.189	Familiarization_Phase.SEQUENCE.Cue_and_Instruction	LOADING RESOURCE SURFACE FROM DISK
322521.717	Familiarization_Phase.SEQUENCE.Cue_and_Instruction	LOADING RESOURCE SURFACE FROM DISK
364691.581	DISPLAY_SCREEN[3]	LOADING RESOURCE SURFACE FROM DISK
544254.663	DISPLAY_SCREEN[5]	LOADING RESOURCE SURFACE FROM DISK
810343.552	Practice_Phase.SEQUENCE.Blink_Screen	LOADING RESOURCE SURFACE FROM DISK
811825.046	Practice_Phase.SEQUENCE.Practice_Luminance_Cue	LOADING RESOURCE SURFACE FROM DISK
811840.432	Practice_Phase.SEQUENCE.Practice_Luminance_Cue	LOADING RESOURCE SURFACE FROM DISK
811841.828	Practice_Phase.SEQUENCE.Practice_Luminance_Cue	flip time is later than desired time. Desired Time=811566 Flip Time=811866 Retrace Rate=16.645, prepareTime=300 flip request time 811841
812377.325	Practice_Phase.SEQUENCE.DISPLAY_SCREEN	LOADING RESOURCE SURFACE FROM DISK
812379.504	Practice_Phase.SEQUENCE.DISPLAY_SCREEN	flip time is later than desired time. Desired Time=812366 Flip Time=812399 Retrace Rate=16.645, prepareTime=37 flip request time 812379
813877.389	Practice_Phase.SEQUENCE.Practice_Instruction	LOADING RESOURCE SURFACE FROM DISK
820495.119	Practice_Phase.SEQUENCE.DISPLAY_SCREEN	LOADING RESOURCE SURFACE FROM DISK
820496.936	Practice_Phase.SEQUENCE.DISPLAY_SCREEN	flip time is later than desired time. Desired Time=820466 Flip Time=820516 Retrace Rate=16.645, prepareTime=54 flip request time 820496
821994.047	Practice_Phase.SEQUENCE.Practice_Instruction	LOADING RESOURCE SURFACE FROM DISK
828564.074	Practice_Phase.SEQUENCE.DISPLAY_SCREEN	LOADING RESOURCE SURFACE FROM DISK
830060.661	Practice_Phase.SEQUENCE.Practice_Instruction	LOADING RESOURCE SURFACE FROM DISK
836630.784	Practice_Phase.SEQUENCE.DISPLAY_SCREEN	LOADING RESOURCE SURFACE FROM DISK
838127.38	Practice_Phase.SEQUENCE.Practice_Instruction	LOADING RESOURCE SURFACE FROM DISK
844697.302	Practice_Phase.SEQUENCE.DISPLAY_SCREEN	LOADING RESOURCE SURFACE FROM DISK
846194.211	Practice_Phase.SEQUENCE.Practice_Instruction	LOADING RESOURCE SURFACE FROM DISK
852764.196	Practice_Phase.SEQUENCE.DISPLAY_SCREEN	LOADING RESOURCE SURFACE FROM DISK
854260.774	Practice_Phase.SEQUENCE.Practice_Instruction	LOADING RESOURCE SURFACE FROM DISK
860830.79	Practice_Phase.SEQUENCE.DISPLAY_SCREEN	LOADING RESOURCE SURFACE FROM DISK
862327.516	Practice_Phase.SEQUENCE.Practice_Instruction	LOADING RESOURCE SURFACE FROM DISK
868897.185	Practice_Phase.SEQUENCE.DISPLAY_SCREEN	LOADING RESOURCE SURFACE FROM DISK
870393.997	Practice_Phase.SEQUENCE.Practice_Instruction	LOADING RESOURCE SURFACE FROM DISK
876964.065	Practice_Phase.SEQUENCE.DISPLAY_SCREEN	LOADING RESOURCE SURFACE FROM DISK
878460.977	Practice_Phase.SEQUENCE.Practice_Instruction	LOADING RESOURCE SURFACE FROM DISK
883140.901	DISPLAY_SCREEN[2]	LOADING RESOURCE SURFACE FROM DISK
1008420.841	Study_Phase.SEQUENCE.Study_Instruction	LOADING RESOURCE SURFACE FROM DISK
1015172.313	Study_Phase.SEQUENCE.DISPLAY_SCREEN	LOADING RESOURCE SURFACE FROM DISK
1016686.253	Study_Phase.SEQUENCE.Study_Instruction	LOADING RESOURCE SURFACE FROM DISK
1024987.0	Study_Phase.SEQUENCE.Study_Instruction	LOADING RESOURCE SURFACE FROM DISK
1031739.046	Study_Phase.SEQUENCE.DISPLAY_SCREEN	LOADING RESOURCE SURFACE FROM DISK
1033296.032	Study_Phase.SEQUENCE.Study_Instruction	LOADING RESOURCE SURFACE FROM DISK
1040055.457	Study_Phase.SEQUENCE.DISPLAY_SCREEN	LOADING RESOURCE SURFACE FROM DISK
1041569.339	Study_Phase.SEQUENCE.Study_Instruction	LOADING RESOURCE SURFACE FROM DISK
1048322.32	Study_Phase.SEQUENCE.DISPLAY_SCREEN	LOADING RESOURCE SURFACE FROM DISK
1049852.624	Study_Phase.SEQUENCE.Study_Instruction	LOADING RESOURCE SURFACE FROM DISK
1058153.045	Study_Phase.SEQUENCE.Study_Instruction	LOADING RESOURCE SURFACE FROM DISK
1066419.084	Study_Phase.SEQUENCE.Study_Instruction	LOADING RESOURCE SURFACE FROM DISK
1073172.164	Study_Phase.SEQUENCE.DISPLAY_SCREEN	LOADING RESOURCE SURFACE FROM DISK
1074727.63	Study_Phase.SEQUENCE.Study_Instruction	LOADING RESOURCE SURFACE FROM DISK
1083038.749	Study_Phase.SEQUENCE.Study_Instruction	LOADING RESOURCE SURFACE FROM DISK
1091336.124	Study_Phase.SEQUENCE.Study_Instruction	LOADING RESOURCE SURFACE FROM DISK
1099642.92	Study_Phase.SEQUENCE.Study_Instruction	LOADING RESOURCE SURFACE FROM DISK
1106405.576	Study_Phase.SEQUENCE.DISPLAY_SCREEN	LOADING RESOURCE SURFACE FROM DISK
1107919.441	Study_Phase.SEQUENCE.Study_Instruction	LOADING RESOURCE SURFACE FROM DISK
1116185.336	Study_Phase.SEQUENCE.Study_Instruction	LOADING RESOURCE SURFACE FROM DISK
1122938.886	Study_Phase.SEQUENCE.DISPLAY_SCREEN	LOADING RESOURCE SURFACE FROM DISK
1124462.568	Study_Phase.SEQUENCE.Study_Instruction	LOADING RESOURCE SURFACE FROM DISK
1132772.065	Study_Phase.SEQUENCE.Study_Instruction	LOADING RESOURCE SURFACE FROM DISK
1141017.532	Study_Phase.SEQUENCE.Study_Instruction	LOADING RESOURCE SURFACE FROM DISK
1147772.234	Study_Phase.SEQUENCE.DISPLAY_SCREEN	LOADING RESOURCE SURFACE FROM DISK
1149327.7	Study_Phase.SEQUENCE.Study_Instruction	LOADING RESOURCE SURFACE FROM DISK
1157602.272	Study_Phase.SEQUENCE.Study_Instruction	LOADING RESOURCE SURFACE FROM DISK
1165889.878	Study_Phase.SEQUENCE.Study_Instruction	LOADING RESOURCE SURFACE FROM DISK
1174159.763	Study_Phase.SEQUENCE.Study_Instruction	LOADING RESOURCE SURFACE FROM DISK
1180922.275	Study_Phase.SEQUENCE.DISPLAY_SCREEN	LOADING RESOURCE SURFACE FROM DISK
1182472.163	Study_Phase.SEQUENCE.Study_Instruction	LOADING RESOURCE SURFACE FROM DISK
1189222.209	Study_Phase.SEQUENCE.DISPLAY_SCREEN	LOADING RESOURCE SURFACE FROM DISK
1190736.268	Study_Phase.SEQUENCE.Study_Instruction	LOADING RESOURCE SURFACE FROM DISK
1199002.825	Study_Phase.SEQUENCE.Study_Instruction	LOADING RESOURCE SURFACE FROM DISK
1207302.496	Study_Phase.SEQUENCE.Study_Instruction	LOADING RESOURCE SURFACE FROM DISK
1214055.719	Study_Phase.SEQUENCE.DISPLAY_SCREEN	LOADING RESOURCE SURFACE FROM DISK
1215569.48	Study_Phase.SEQUENCE.Study_Instruction	LOADING RESOURCE SURFACE FROM DISK
1223879.327	Study_Phase.SEQUENCE.Study_Instruction	LOADING RESOURCE SURFACE FROM DISK
1230638.997	Study_Phase.SEQUENCE.DISPLAY_SCREEN	LOADING RESOURCE SURFACE FROM DISK
1232191.377	Study_Phase.SEQUENCE.Study_Instruction	LOADING RESOURCE SURFACE FROM DISK
1240485.442	Study_Phase.SEQUENCE.Study_Instruction	LOADING RESOURCE SURFACE FROM DISK
1248752.288	Study_Phase.SEQUENCE.Study_Instruction	LOADING RESOURCE SURFACE FROM DISK
1255489.091	Study_Phase.SEQUENCE.DISPLAY_SCREEN	LOADING RESOURCE SURFACE FROM DISK
1257058.398	Study_Phase.SEQUENCE.Study_Instruction	LOADING RESOURCE SURFACE FROM DISK
1263822.309	Study_Phase.SEQUENCE.DISPLAY_SCREEN	LOADING RESOURCE SURFACE FROM DISK
1265379.619	Study_Phase.SEQUENCE.Study_Instruction	LOADING RESOURCE SURFACE FROM DISK
1272138.979	Study_Phase.SEQUENCE.DISPLAY_SCREEN	LOADING RESOURCE SURFACE FROM DISK
1273690.926	Study_Phase.SEQUENCE.Study_Instruction	LOADING RESOURCE SURFACE FROM DISK
1281968.925	Study_Phase.SEQUENCE.Study_Instruction	LOADING RESOURCE SURFACE FROM DISK
1290241.274	Study_Phase.SEQUENCE.Study_Instruction	LOADING RESOURCE SURFACE FROM DISK
1298519.347	Study_Phase.SEQUENCE.Study_Instruction	LOADING RESOURCE SURFACE FROM DISK
1305272.269	Study_Phase.SEQUENCE.DISPLAY_SCREEN	LOADING RESOURCE SURFACE FROM DISK
1306822.967	Study_Phase.SEQUENCE.Study_Instruction	LOADING RESOURCE SURFACE FROM DISK
1315086.356	Study_Phase.SEQUENCE.Study_Instruction	LOADING RESOURCE SURFACE FROM DISK
1323391.077	Study_Phase.SEQUENCE.Study_Instruction	LOADING RESOURCE SURFACE FROM DISK
1330138.852	Study_Phase.SEQUENCE.DISPLAY_SCREEN	LOADING RESOURCE SURFACE FROM DISK
1331688.613	Study_Phase.SEQUENCE.Study_Instruction	LOADING RESOURCE SURFACE FROM DISK
1339986.4	Study_Phase.SEQUENCE.Study_Instruction	LOADING RESOURCE SURFACE FROM DISK
1348276.454	Study_Phase.SEQUENCE.Study_Instruction	LOADING RESOURCE SURFACE FROM DISK
1356587.007	Study_Phase.SEQUENCE.Study_Instruction	LOADING RESOURCE SURFACE FROM DISK
1363338.887	Study_Phase.SEQUENCE.DISPLAY_SCREEN	LOADING RESOURCE SURFACE FROM DISK
1364852.908	Study_Phase.SEQUENCE.Study_Instruction	LOADING RESOURCE SURFACE FROM DISK
1373085.587	Study_Phase.SEQUENCE.Study_Instruction	LOADING RESOURCE SURFACE FROM DISK
1379839.112	Study_Phase.SEQUENCE.DISPLAY_SCREEN	LOADING RESOURCE SURFACE FROM DISK
1381387.116	Study_Phase.SEQUENCE.Study_Instruction	LOADING RESOURCE SURFACE FROM DISK
1389668.84	Study_Phase.SEQUENCE.Study_Instruction	LOADING RESOURCE SURFACE FROM DISK
1397973.67	Study_Phase.SEQUENCE.Study_Instruction	LOADING RESOURCE SURFACE FROM DISK
1406272.138	Study_Phase.SEQUENCE.Study_Instruction	LOADING RESOURCE SURFACE FROM DISK
1413022.336	Study_Phase.SEQUENCE.DISPLAY_SCREEN	LOADING RESOURCE SURFACE FROM DISK
1414574.319	Study_Phase.SEQUENCE.Study_Instruction	LOADING RESOURCE SURFACE FROM DISK
1422885.411	Study_Phase.SEQUENCE.Study_Instruction	LOADING RESOURCE SURFACE FROM DISK
1429638.946	Study_Phase.SEQUENCE.DISPLAY_SCREEN	LOADING RESOURCE SURFACE FROM DISK
1431196.123	Study_Phase.SEQUENCE.Study_Instruction	LOADING RESOURCE SURFACE FROM DISK
1437955.599	Study_Phase.SEQUENCE.DISPLAY_SCREEN	LOADING RESOURCE SURFACE FROM DISK
1439469.553	Study_Phase.SEQUENCE.Study_Instruction	LOADING RESOURCE SURFACE FROM DISK
1447736.083	Study_Phase.SEQUENCE.Study_Instruction	LOADING RESOURCE SURFACE FROM DISK
1454488.836	Study_Phase.SEQUENCE.DISPLAY_SCREEN	LOADING RESOURCE SURFACE FROM DISK
1456002.969	Study_Phase.SEQUENCE.Study_Instruction	LOADING RESOURCE SURFACE FROM DISK
1464304.043	Study_Phase.SEQUENCE.Study_Instruction	LOADING RESOURCE SURFACE FROM DISK
1472568.831	Study_Phase.SEQUENCE.Study_Instruction	LOADING RESOURCE SURFACE FROM DISK
1479322.348	Study_Phase.SEQUENCE.DISPLAY_SCREEN	LOADING RESOURCE SURFACE FROM DISK
1480871.334	Study_Phase.SEQUENCE.Study_Instruction	LOADING RESOURCE SURFACE FROM DISK
1489135.923	Study_Phase.SEQUENCE.Study_Instruction	LOADING RESOURCE SURFACE FROM DISK
1497441.506	Study_Phase.SEQUENCE.Study_Instruction	LOADING RESOURCE SURFACE FROM DISK
1505760.125	Study_Phase.SEQUENCE.Study_Instruction	LOADING RESOURCE SURFACE FROM DISK
1514070.658	Study_Phase.SEQUENCE.Study_Instruction	LOADING RESOURCE SURFACE FROM DISK
1520822.462	Study_Phase.SEQUENCE.DISPLAY_SCREEN	LOADING RESOURCE SURFACE FROM DISK
1522370.571	Study_Phase.SEQUENCE.Study_Instruction	LOADING RESOURCE SURFACE FROM DISK
1529122.277	Study_Phase.SEQUENCE.DISPLAY_SCREEN	LOADING RESOURCE SURFACE FROM DISK
1530659.302	Study_Phase.SEQUENCE.Study_Instruction	LOADING RESOURCE SURFACE FROM DISK
1538967.772	Study_Phase.SEQUENCE.Study_Instruction	LOADING RESOURCE SURFACE FROM DISK
1545722.366	Study_Phase.SEQUENCE.DISPLAY_SCREEN	LOADING RESOURCE SURFACE FROM DISK
1547236.15	Study_Phase.SEQUENCE.Study_Instruction	LOADING RESOURCE SURFACE FROM DISK
1555536.506	Study_Phase.SEQUENCE.Study_Instruction	LOADING RESOURCE SURFACE FROM DISK
1562288.989	Study_Phase.SEQUENCE.DISPLAY_SCREEN	LOADING RESOURCE SURFACE FROM DISK
1563841.433	Study_Phase.SEQUENCE.Study_Instruction	LOADING RESOURCE SURFACE FROM DISK
1570605.695	Study_Phase.SEQUENCE.DISPLAY_SCREEN	LOADING RESOURCE SURFACE FROM DISK
1572119.453	Study_Phase.SEQUENCE.Study_Instruction	LOADING RESOURCE SURFACE FROM DISK
1580411.376	Study_Phase.SEQUENCE.Study_Instruction	LOADING RESOURCE SURFACE FROM DISK
1588685.983	Study_Phase.SEQUENCE.Study_Instruction	LOADING RESOURCE SURFACE FROM DISK
1595438.828	Study_Phase.SEQUENCE.DISPLAY_SCREEN	LOADING RESOURCE SURFACE FROM DISK
1596991.462	Study_Phase.SEQUENCE.Study_Instruction	LOADING RESOURCE SURFACE FROM DISK
1605269.501	Study_Phase.SEQUENCE.Study_Instruction	LOADING RESOURCE SURFACE FROM DISK
1613535.703	Study_Phase.SEQUENCE.Study_Instruction	LOADING RESOURCE SURFACE FROM DISK
1620288.908	Study_Phase.SEQUENCE.DISPLAY_SCREEN	LOADING RESOURCE SURFACE FROM DISK
1621846.404	Study_Phase.SEQUENCE.Study_Instruction	LOADING RESOURCE SURFACE FROM DISK
1630156.114	Study_Phase.SEQUENCE.Study_Instruction	LOADING RESOURCE SURFACE FROM DISK
1638456.146	Study_Phase.SEQUENCE.Study_Instruction	LOADING RESOURCE SURFACE FROM DISK
1645205.829	Study_Phase.SEQUENCE.DISPLAY_SCREEN	LOADING RESOURCE SURFACE FROM DISK
1646755.62	Study_Phase.SEQUENCE.Study_Instruction	LOADING RESOURCE SURFACE FROM DISK
1655055.394	Study_Phase.SEQUENCE.Study_Instruction	LOADING RESOURCE SURFACE FROM DISK
1663319.628	Study_Phase.SEQUENCE.Study_Instruction	LOADING RESOURCE SURFACE FROM DISK
1671585.666	Study_Phase.SEQUENCE.Study_Instruction	LOADING RESOURCE SURFACE FROM DISK
1678338.715	Study_Phase.SEQUENCE.DISPLAY_SCREEN	LOADING RESOURCE SURFACE FROM DISK
1679852.871	Study_Phase.SEQUENCE.Study_Instruction	LOADING RESOURCE SURFACE FROM DISK
1688152.968	Study_Phase.SEQUENCE.Study_Instruction	LOADING RESOURCE SURFACE FROM DISK
1694905.722	Study_Phase.SEQUENCE.DISPLAY_SCREEN	LOADING RESOURCE SURFACE FROM DISK
1696453.937	Study_Phase.SEQUENCE.Study_Instruction	LOADING RESOURCE SURFACE FROM DISK
1703205.635	Study_Phase.SEQUENCE.DISPLAY_SCREEN	LOADING RESOURCE SURFACE FROM DISK
1704719.585	Study_Phase.SEQUENCE.Study_Instruction	LOADING RESOURCE SURFACE FROM DISK
1711472.393	Study_Phase.SEQUENCE.DISPLAY_SCREEN	LOADING RESOURCE SURFACE FROM DISK
1712985.887	Study_Phase.SEQUENCE.Study_Instruction	LOADING RESOURCE SURFACE FROM DISK
1721295.297	Study_Phase.SEQUENCE.Study_Instruction	LOADING RESOURCE SURFACE FROM DISK
1729608.066	Study_Phase.SEQUENCE.Study_Instruction	LOADING RESOURCE SURFACE FROM DISK
1736372.284	Study_Phase.SEQUENCE.DISPLAY_SCREEN	LOADING RESOURCE SURFACE FROM DISK
1737923.237	Study_Phase.SEQUENCE.Study_Instruction	LOADING RESOURCE SURFACE FROM DISK
1746186.0	Study_Phase.SEQUENCE.Study_Instruction	LOADING RESOURCE SURFACE FROM DISK
1752939.214	Study_Phase.SEQUENCE.DISPLAY_SCREEN	LOADING RESOURCE SURFACE FROM DISK
1754485.566	Study_Phase.SEQUENCE.Study_Instruction	LOADING RESOURCE SURFACE FROM DISK
1761238.812	Study_Phase.SEQUENCE.DISPLAY_SCREEN	LOADING RESOURCE SURFACE FROM DISK
1762785.193	Study_Phase.SEQUENCE.Study_Instruction	LOADING RESOURCE SURFACE FROM DISK
1771094.497	Study_Phase.SEQUENCE.Study_Instruction	LOADING RESOURCE SURFACE FROM DISK
1779407.794	Study_Phase.SEQUENCE.Study_Instruction	LOADING RESOURCE SURFACE FROM DISK
1786155.715	Study_Phase.SEQUENCE.DISPLAY_SCREEN	LOADING RESOURCE SURFACE FROM DISK
1787669.716	Study_Phase.SEQUENCE.Study_Instruction	LOADING RESOURCE SURFACE FROM DISK
1795970.701	Study_Phase.SEQUENCE.Study_Instruction	LOADING RESOURCE SURFACE FROM DISK
1804236.127	Study_Phase.SEQUENCE.Study_Instruction	LOADING RESOURCE SURFACE FROM DISK
1810989.022	Study_Phase.SEQUENCE.DISPLAY_SCREEN	LOADING RESOURCE SURFACE FROM DISK
1812538.11	Study_Phase.SEQUENCE.Study_Instruction	LOADING RESOURCE SURFACE FROM DISK
1820802.679	Study_Phase.SEQUENCE.Study_Instruction	LOADING RESOURCE SURFACE FROM DISK
1827555.523	Study_Phase.SEQUENCE.DISPLAY_SCREEN	LOADING RESOURCE SURFACE FROM DISK
1829105.492	Study_Phase.SEQUENCE.Study_Instruction	LOADING RESOURCE SURFACE FROM DISK
1837405.402	Study_Phase.SEQUENCE.Study_Instruction	LOADING RESOURCE SURFACE FROM DISK
1845715.183	Study_Phase.SEQUENCE.Study_Instruction	LOADING RESOURCE SURFACE FROM DISK
1852472.314	Study_Phase.SEQUENCE.DISPLAY_SCREEN	LOADING RESOURCE SURFACE FROM DISK
1854024.903	Study_Phase.SEQUENCE.Study_Instruction	LOADING RESOURCE SURFACE FROM DISK
1862302.181	Study_Phase.SEQUENCE.Study_Instruction	LOADING RESOURCE SURFACE FROM DISK
1869055.718	Study_Phase.SEQUENCE.DISPLAY_SCREEN	LOADING RESOURCE SURFACE FROM DISK
1870569.407	Study_Phase.SEQUENCE.Study_Instruction	LOADING RESOURCE SURFACE FROM DISK
1877322.209	Study_Phase.SEQUENCE.DISPLAY_SCREEN	LOADING RESOURCE SURFACE FROM DISK
1878870.438	Study_Phase.SEQUENCE.Study_Instruction	LOADING RESOURCE SURFACE FROM DISK
1885605.573	Study_Phase.SEQUENCE.DISPLAY_SCREEN	LOADING RESOURCE SURFACE FROM DISK
1887156.563	Study_Phase.SEQUENCE.Study_Instruction	LOADING RESOURCE SURFACE FROM DISK
1893905.746	Study_Phase.SEQUENCE.DISPLAY_SCREEN	LOADING RESOURCE SURFACE FROM DISK
1895419.35	Study_Phase.SEQUENCE.Study_Instruction	LOADING RESOURCE SURFACE FROM DISK
1902172.495	Study_Phase.SEQUENCE.DISPLAY_SCREEN	LOADING RESOURCE SURFACE FROM DISK
1903724.58	Study_Phase.SEQUENCE.Study_Instruction	LOADING RESOURCE SURFACE FROM DISK
1912041.134	Study_Phase.SEQUENCE.Study_Instruction	LOADING RESOURCE SURFACE FROM DISK
1920342.362	Study_Phase.SEQUENCE.Study_Instruction	LOADING RESOURCE SURFACE FROM DISK
1928619.423	Study_Phase.SEQUENCE.Study_Instruction	LOADING RESOURCE SURFACE FROM DISK
1935372.263	Study_Phase.SEQUENCE.DISPLAY_SCREEN	LOADING RESOURCE SURFACE FROM DISK
1936924.566	Study_Phase.SEQUENCE.Study_Instruction	LOADING RESOURCE SURFACE FROM DISK
1945203.057	Study_Phase.SEQUENCE.Study_Instruction	LOADING RESOURCE SURFACE FROM DISK
1951955.894	Study_Phase.SEQUENCE.DISPLAY_SCREEN	LOADING RESOURCE SURFACE FROM DISK
1953511.331	Study_Phase.SEQUENCE.Study_Instruction	LOADING RESOURCE SURFACE FROM DISK
1961821.766	Study_Phase.SEQUENCE.Study_Instruction	LOADING RESOURCE SURFACE FROM DISK
1970120.497	Study_Phase.SEQUENCE.Study_Instruction	LOADING RESOURCE SURFACE FROM DISK
1978419.854	Study_Phase.SEQUENCE.Study_Instruction	LOADING RESOURCE SURFACE FROM DISK
1986724.557	Study_Phase.SEQUENCE.Study_Instruction	LOADING RESOURCE SURFACE FROM DISK
1993489.028	Study_Phase.SEQUENCE.DISPLAY_SCREEN	LOADING RESOURCE SURFACE FROM DISK
1995044.333	Study_Phase.SEQUENCE.Study_Instruction	LOADING RESOURCE SURFACE FROM DISK
1999758.634	DISPLAY_SCREEN[7]	LOADING RESOURCE SURFACE FROM DISK
2273718.436	Test_Phase.SEQUENCE.Target_Cue	LOADING RESOURCE SURFACE FROM DISK
2273720.169	Test_Phase.SEQUENCE.Target_Cue	LOADING RESOURCE SURFACE FROM DISK
2275756.087	Test_Phase.SEQUENCE.Word	LOADING RESOURCE SURFACE FROM DISK
2278768.568	Test_Phase.SEQUENCE.Test_Question	LOADING RESOURCE SURFACE FROM DISK
2278810.079	Test_Phase.SEQUENCE.Test_Question	LOADING RESOURCE SURFACE FROM DISK
2278811.916	Test_Phase.SEQUENCE.Test_Question	LOADING RESOURCE SURFACE FROM DISK
2278813.638	Test_Phase.SEQUENCE.Test_Question	LOADING RESOURCE SURFACE FROM DISK
2278815.26	Test_Phase.SEQUENCE.Test_Question	LOADING RESOURCE SURFACE FROM DISK
2278817.084	Test_Phase.SEQUENCE.Test_Question	LOADING RESOURCE SURFACE FROM DISK
2278818.699	Test_Phase.SEQUENCE.Test_Question	LOADING RESOURCE SURFACE FROM DISK
2278820.361	Test_Phase.SEQUENCE.Test_Question	LOADING RESOURCE SURFACE FROM DISK
2278822.06	Test_Phase.SEQUENCE.Test_Question	LOADING RESOURCE SURFACE FROM DISK
2278823.734	Test_Phase.SEQUENCE.Test_Question	LOADING RESOURCE SURFACE FROM DISK
2278825.395	Test_Phase.SEQUENCE.Test_Question	LOADING RESOURCE SURFACE FROM DISK
2278826.997	Test_Phase.SEQUENCE.Test_Question	LOADING RESOURCE SURFACE FROM DISK
2287002.431	Test_Phase.SEQUENCE.Word	LOADING RESOURCE SURFACE FROM DISK
2295655.38	Test_Phase.SEQUENCE.Word	LOADING RESOURCE SURFACE FROM DISK
2303618.885	Test_Phase.SEQUENCE.Word	LOADING RESOURCE SURFACE FROM DISK
2310956.091	Test_Phase.SEQUENCE.Word	LOADING RESOURCE SURFACE FROM DISK
2318585.778	Test_Phase.SEQUENCE.Word	LOADING RESOURCE SURFACE FROM DISK
2326269.067	Test_Phase.SEQUENCE.Word	LOADING RESOURCE SURFACE FROM DISK
2333852.676	Test_Phase.SEQUENCE.Word	LOADING RESOURCE SURFACE FROM DISK
2341869.093	Test_Phase.SEQUENCE.Word	LOADING RESOURCE SURFACE FROM DISK
2349719.125	Test_Phase.SEQUENCE.Word	LOADING RESOURCE SURFACE FROM DISK
2357752.39	Test_Phase.SEQUENCE.Word	LOADING RESOURCE SURFACE FROM DISK
2365242.757	Test_Phase.SEQUENCE.Word	LOADING RESOURCE SURFACE FROM DISK
2372825.807	Test_Phase.SEQUENCE.Word	LOADING RESOURCE SURFACE FROM DISK
2380819.139	Test_Phase.SEQUENCE.Word	LOADING RESOURCE SURFACE FROM DISK
2389442.807	Test_Phase.SEQUENCE.Word	LOADING RESOURCE SURFACE FROM DISK
2396519.095	Test_Phase.SEQUENCE.Word	LOADING RESOURCE SURFACE FROM DISK
2403769.039	Test_Phase.SEQUENCE.Word	LOADING RESOURCE SURFACE FROM DISK
2410919.149	Test_Phase.SEQUENCE.Word	LOADING RESOURCE SURFACE FROM DISK
2418035.684	Test_Phase.SEQUENCE.Word	LOADING RESOURCE SURFACE FROM DISK
2425119.003	Test_Phase.SEQUENCE.Word	LOADING RESOURCE SURFACE FROM DISK
2432252.815	Test_Phase.SEQUENCE.Word	LOADING RESOURCE SURFACE FROM DISK
2439352.371	Test_Phase.SEQUENCE.Word	LOADING RESOURCE SURFACE FROM DISK
2446452.359	Test_Phase.SEQUENCE.Word	LOADING RESOURCE SURFACE FROM DISK
2454552.336	Test_Phase.SEQUENCE.Word	LOADING RESOURCE SURFACE FROM DISK
2461619.076	Test_Phase.SEQUENCE.Word	LOADING RESOURCE SURFACE FROM DISK
2468669.144	Test_Phase.SEQUENCE.Word	LOADING RESOURCE SURFACE FROM DISK
2476705.631	Test_Phase.SEQUENCE.Word	LOADING RESOURCE SURFACE FROM DISK
2483835.863	Test_Phase.SEQUENCE.Word	LOADING RESOURCE SURFACE FROM DISK
2490919.155	Test_Phase.SEQUENCE.Word	LOADING RESOURCE SURFACE FROM DISK
2497985.815	Test_Phase.SEQUENCE.Word	LOADING RESOURCE SURFACE FROM DISK
2506135.679	Test_Phase.SEQUENCE.Word	LOADING RESOURCE SURFACE FROM DISK
2513185.754	Test_Phase.SEQUENCE.Word	LOADING RESOURCE SURFACE FROM DISK
2521272.563	Test_Phase.SEQUENCE.Word	LOADING RESOURCE SURFACE FROM DISK
2528425.998	Test_Phase.SEQUENCE.Word	LOADING RESOURCE SURFACE FROM DISK
2536252.49	Test_Phase.SEQUENCE.Word	LOADING RESOURCE SURFACE FROM DISK
2543485.864	Test_Phase.SEQUENCE.Word	LOADING RESOURCE SURFACE FROM DISK
2550560.21	Test_Phase.SEQUENCE.Word	LOADING RESOURCE SURFACE FROM DISK
2557702.492	Test_Phase.SEQUENCE.Word	LOADING RESOURCE SURFACE FROM DISK
2564752.37	Test_Phase.SEQUENCE.Word	LOADING RESOURCE SURFACE FROM DISK
2572402.437	Test_Phase.SEQUENCE.Word	LOADING RESOURCE SURFACE FROM DISK
2580685.759	Test_Phase.SEQUENCE.Word	LOADING RESOURCE SURFACE FROM DISK
2587852.328	Test_Phase.SEQUENCE.Word	LOADING RESOURCE SURFACE FROM DISK
2595002.427	Test_Phase.SEQUENCE.Word	LOADING RESOURCE SURFACE FROM DISK
2602289.97	Test_Phase.SEQUENCE.Word	LOADING RESOURCE SURFACE FROM DISK
2609568.88	Test_Phase.SEQUENCE.Word	LOADING RESOURCE SURFACE FROM DISK
2616718.913	Test_Phase.SEQUENCE.Word	LOADING RESOURCE SURFACE FROM DISK
2623752.58	Test_Phase.SEQUENCE.Word	LOADING RESOURCE SURFACE FROM DISK
2630785.753	Test_Phase.SEQUENCE.Word	LOADING RESOURCE SURFACE FROM DISK
2638010.548	Test_Phase.SEQUENCE.Word	LOADING RESOURCE SURFACE FROM DISK
2645085.675	Test_Phase.SEQUENCE.Word	LOADING RESOURCE SURFACE FROM DISK
2652222.728	Test_Phase.SEQUENCE.Word	LOADING RESOURCE SURFACE FROM DISK
2659245.561	Test_Phase.SEQUENCE.Word	LOADING RESOURCE SURFACE FROM DISK
2666735.688	Test_Phase.SEQUENCE.Word	LOADING RESOURCE SURFACE FROM DISK
2674752.407	Test_Phase.SEQUENCE.Word	LOADING RESOURCE SURFACE FROM DISK
2681902.35	Test_Phase.SEQUENCE.Word	LOADING RESOURCE SURFACE FROM DISK
2689002.24	Test_Phase.SEQUENCE.Word	LOADING RESOURCE SURFACE FROM DISK
2696142.947	Test_Phase.SEQUENCE.Word	LOADING RESOURCE SURFACE FROM DISK
2706019.072	Test_Phase.SEQUENCE.Word	LOADING RESOURCE SURFACE FROM DISK
2713269.027	Test_Phase.SEQUENCE.Word	LOADING RESOURCE SURFACE FROM DISK
2720319.211	Test_Phase.SEQUENCE.Word	LOADING RESOURCE SURFACE FROM DISK
2727476.118	Test_Phase.SEQUENCE.Word	LOADING RESOURCE SURFACE FROM DISK
2734852.4	Test_Phase.SEQUENCE.Word	LOADING RESOURCE SURFACE FROM DISK
2741969.173	Test_Phase.SEQUENCE.Word	LOADING RESOURCE SURFACE FROM DISK
2749119.095	Test_Phase.SEQUENCE.Word	LOADING RESOURCE SURFACE FROM DISK
2756268.875	Test_Phase.SEQUENCE.Word	LOADING RESOURCE SURFACE FROM DISK
2763419.103	Test_Phase.SEQUENCE.Word	LOADING RESOURCE SURFACE FROM DISK
2770502.491	Test_Phase.SEQUENCE.Word	LOADING RESOURCE SURFACE FROM DISK
2777752.394	Test_Phase.SEQUENCE.Word	LOADING RESOURCE SURFACE FROM DISK
2784852.503	Test_Phase.SEQUENCE.Word	LOADING RESOURCE SURFACE FROM DISK
2792128.595	Test_Phase.SEQUENCE.Word	LOADING RESOURCE SURFACE FROM DISK
2799306.605	Test_Phase.SEQUENCE.Word	LOADING RESOURCE SURFACE FROM DISK
2806652.642	Test_Phase.SEQUENCE.Word	LOADING RESOURCE SURFACE FROM DISK
2813752.495	Test_Phase.SEQUENCE.Word	LOADING RESOURCE SURFACE FROM DISK
2820918.93	Test_Phase.SEQUENCE.Word	LOADING RESOURCE SURFACE FROM DISK
2828606.055	Test_Phase.SEQUENCE.Word	LOADING RESOURCE SURFACE FROM DISK
2835968.933	Test_Phase.SEQUENCE.Word	LOADING RESOURCE SURFACE FROM DISK
2843519.168	Test_Phase.SEQUENCE.Word	LOADING RESOURCE SURFACE FROM DISK
2850935.672	Test_Phase.SEQUENCE.Word	LOADING RESOURCE SURFACE FROM DISK
2858185.777	Test_Phase.SEQUENCE.Word	LOADING RESOURCE SURFACE FROM DISK
2865352.422	Test_Phase.SEQUENCE.Word	LOADING RESOURCE SURFACE FROM DISK
2874249.493	Test_Phase.SEQUENCE.Word	LOADING RESOURCE SURFACE FROM DISK
2881669.245	Test_Phase.SEQUENCE.Word	LOADING RESOURCE SURFACE FROM DISK
2888737.298	Test_Phase.SEQUENCE.Word	LOADING RESOURCE SURFACE FROM DISK
2895819.105	Test_Phase.SEQUENCE.Word	LOADING RESOURCE SURFACE FROM DISK
2903018.996	Test_Phase.SEQUENCE.Word	LOADING RESOURCE SURFACE FROM DISK
2910502.597	Test_Phase.SEQUENCE.Word	LOADING RESOURCE SURFACE FROM DISK
2918003.353	Test_Phase.SEQUENCE.Word	LOADING RESOURCE SURFACE FROM DISK
2925685.928	Test_Phase.SEQUENCE.Word	LOADING RESOURCE SURFACE FROM DISK
2932803.043	Test_Phase.SEQUENCE.Word	LOADING RESOURCE SURFACE FROM DISK
2939885.911	Test_Phase.SEQUENCE.Word	LOADING RESOURCE SURFACE FROM DISK
2946985.638	Test_Phase.SEQUENCE.Word	LOADING RESOURCE SURFACE FROM DISK
2954190.414	Test_Phase.SEQUENCE.Word	LOADING RESOURCE SURFACE FROM DISK
2961369.112	Test_Phase.SEQUENCE.Word	LOADING RESOURCE SURFACE FROM DISK
2968619.044	Test_Phase.SEQUENCE.Word	LOADING RESOURCE SURFACE FROM DISK
2975669.068	Test_Phase.SEQUENCE.Word	LOADING RESOURCE SURFACE FROM DISK
2982752.288	Test_Phase.SEQUENCE.Word	LOADING RESOURCE SURFACE FROM DISK
2989869.014	Test_Phase.SEQUENCE.Word	LOADING RESOURCE SURFACE FROM DISK
2997069.219	Test_Phase.SEQUENCE.Word	LOADING RESOURCE SURFACE FROM DISK
3004235.921	Test_Phase.SEQUENCE.Word	LOADING RESOURCE SURFACE FROM DISK
3011369.13	Test_Phase.SEQUENCE.Word	LOADING RESOURCE SURFACE FROM DISK
3018635.813	Test_Phase.SEQUENCE.Word	LOADING RESOURCE SURFACE FROM DISK
3025719.04	Test_Phase.SEQUENCE.Word	LOADING RESOURCE SURFACE FROM DISK
3032975.678	Test_Phase.SEQUENCE.Word	LOADING RESOURCE SURFACE FROM DISK
3040575.956	Test_Phase.SEQUENCE.Word	LOADING RESOURCE SURFACE FROM DISK
3047819.16	Test_Phase.SEQUENCE.Word	LOADING RESOURCE SURFACE FROM DISK
3054935.836	Test_Phase.SEQUENCE.Word	LOADING RESOURCE SURFACE FROM DISK
3062840.663	Test_Phase.SEQUENCE.Word	LOADING RESOURCE SURFACE FROM DISK
3070102.38	Test_Phase.SEQUENCE.Word	LOADING RESOURCE SURFACE FROM DISK
3077219.221	Test_Phase.SEQUENCE.Word	LOADING RESOURCE SURFACE FROM DISK
3085052.464	Test_Phase.SEQUENCE.Word	LOADING RESOURCE SURFACE FROM DISK
3092502.545	Test_Phase.SEQUENCE.Word	LOADING RESOURCE SURFACE FROM DISK
3099835.781	Test_Phase.SEQUENCE.Word	LOADING RESOURCE SURFACE FROM DISK
3106935.838	Test_Phase.SEQUENCE.Word	LOADING RESOURCE SURFACE FROM DISK
3114068.914	Test_Phase.SEQUENCE.Word	LOADING RESOURCE SURFACE FROM DISK
3121769.122	Test_Phase.SEQUENCE.Word	LOADING RESOURCE SURFACE FROM DISK
3129095.346	Test_Phase.SEQUENCE.Word	LOADING RESOURCE SURFACE FROM DISK
3136235.689	Test_Phase.SEQUENCE.Word	LOADING RESOURCE SURFACE FROM DISK
3143319.137	Test_Phase.SEQUENCE.Word	LOADING RESOURCE SURFACE FROM DISK
3150616.61	Test_Phase.SEQUENCE.Word	LOADING RESOURCE SURFACE FROM DISK
3158035.665	Test_Phase.SEQUENCE.Word	LOADING RESOURCE SURFACE FROM DISK
3165152.437	Test_Phase.SEQUENCE.Word	LOADING RESOURCE SURFACE FROM DISK
3172371.966	Test_Phase.SEQUENCE.Word	LOADING RESOURCE SURFACE FROM DISK
3179702.426	Test_Phase.SEQUENCE.Word	LOADING RESOURCE SURFACE FROM DISK
3186952.643	Test_Phase.SEQUENCE.Word	LOADING RESOURCE SURFACE FROM DISK
3194168.94	Test_Phase.SEQUENCE.Word	LOADING RESOURCE SURFACE FROM DISK
3201292.48	Test_Phase.SEQUENCE.Word	LOADING RESOURCE SURFACE FROM DISK
3208426.729	Test_Phase.SEQUENCE.Word	LOADING RESOURCE SURFACE FROM DISK
3215619.032	Test_Phase.SEQUENCE.Word	LOADING RESOURCE SURFACE FROM DISK
3222925.125	Test_Phase.SEQUENCE.Word	LOADING RESOURCE SURFACE FROM DISK
3230085.76	Test_Phase.SEQUENCE.Word	LOADING RESOURCE SURFACE FROM DISK
3237172.543	Test_Phase.SEQUENCE.Word	LOADING RESOURCE SURFACE FROM DISK
3244268.912	Test_Phase.SEQUENCE.Word	LOADING RESOURCE SURFACE FROM DISK
3251668.973	Test_Phase.SEQUENCE.Word	LOADING RESOURCE SURFACE FROM DISK
3258735.873	Test_Phase.SEQUENCE.Word	LOADING RESOURCE SURFACE FROM DISK
3265935.876	Test_Phase.SEQUENCE.Word	LOADING RESOURCE SURFACE FROM DISK
3273055.03	Test_Phase.SEQUENCE.Word	LOADING RESOURCE SURFACE FROM DISK
3280119.196	Test_Phase.SEQUENCE.Word	LOADING RESOURCE SURFACE FROM DISK
3287235.875	Test_Phase.SEQUENCE.Word	LOADING RESOURCE SURFACE FROM DISK
3295369.049	Test_Phase.SEQUENCE.Word	LOADING RESOURCE SURFACE FROM DISK
3302668.959	Test_Phase.SEQUENCE.Word	LOADING RESOURCE SURFACE FROM DISK
3310223.839	Test_Phase.SEQUENCE.Word	LOADING RESOURCE SURFACE FROM DISK
3317402.647	Test_Phase.SEQUENCE.Word	LOADING RESOURCE SURFACE FROM DISK
3324519.256	Test_Phase.SEQUENCE.Word	LOADING RESOURCE SURFACE FROM DISK
3331637.848	Test_Phase.SEQUENCE.Word	LOADING RESOURCE SURFACE FROM DISK
3338819.058	Test_Phase.SEQUENCE.Word	LOADING RESOURCE SURFACE FROM DISK
3345924.163	Test_Phase.SEQUENCE.Word	LOADING RESOURCE SURFACE FROM DISK
3353824.766	Test_Phase.SEQUENCE.Word	LOADING RESOURCE SURFACE FROM DISK
3360869.081	Test_Phase.SEQUENCE.Word	LOADING RESOURCE SURFACE FROM DISK
3369152.317	Test_Phase.SEQUENCE.Word	LOADING RESOURCE SURFACE FROM DISK
3376302.367	Test_Phase.SEQUENCE.Word	LOADING RESOURCE SURFACE FROM DISK
3383460.544	Test_Phase.SEQUENCE.Word	LOADING RESOURCE SURFACE FROM DISK
3390620.351	Test_Phase.SEQUENCE.Word	LOADING RESOURCE SURFACE FROM DISK
3397819.061	Test_Phase.SEQUENCE.Word	LOADING RESOURCE SURFACE FROM DISK
3406019.946	Test_Phase.SEQUENCE.Word	LOADING RESOURCE SURFACE FROM DISK
3413385.391	Test_Phase.SEQUENCE.Word	LOADING RESOURCE SURFACE FROM DISK
3420497.45	Test_Phase.SEQUENCE.Word	LOADING RESOURCE SURFACE FROM DISK
3427619.07	Test_Phase.SEQUENCE.Word	LOADING RESOURCE SURFACE FROM DISK
3434707.516	Test_Phase.SEQUENCE.Word	LOADING RESOURCE SURFACE FROM DISK
3441819.157	Test_Phase.SEQUENCE.Word	LOADING RESOURCE SURFACE FROM DISK
3448935.932	Test_Phase.SEQUENCE.Word	LOADING RESOURCE SURFACE FROM DISK
3456051.881	Test_Phase.SEQUENCE.Word	LOADING RESOURCE SURFACE FROM DISK
3463152.406	Test_Phase.SEQUENCE.Word	LOADING RESOURCE SURFACE FROM DISK
3470219.122	Test_Phase.SEQUENCE.Word	LOADING RESOURCE SURFACE FROM DISK
3477252.261	Test_Phase.SEQUENCE.Word	LOADING RESOURCE SURFACE FROM DISK
3485002.333	Test_Phase.SEQUENCE.Word	LOADING RESOURCE SURFACE FROM DISK
3492035.707	Test_Phase.SEQUENCE.Word	LOADING RESOURCE SURFACE FROM DISK
3499052.435	Test_Phase.SEQUENCE.Word	LOADING RESOURCE SURFACE FROM DISK
3506168.882	Test_Phase.SEQUENCE.Word	LOADING RESOURCE SURFACE FROM DISK
3513202.657	Test_Phase.SEQUENCE.Word	LOADING RESOURCE SURFACE FROM DISK
3520335.688	Test_Phase.SEQUENCE.Word	LOADING RESOURCE SURFACE FROM DISK
3527369.124	Test_Phase.SEQUENCE.Word	LOADING RESOURCE SURFACE FROM DISK
3534535.871	Test_Phase.SEQUENCE.Word	LOADING RESOURCE SURFACE FROM DISK
3541552.471	Test_Phase.SEQUENCE.Word	LOADING RESOURCE SURFACE FROM DISK
3548643.226	Test_Phase.SEQUENCE.Word	LOADING RESOURCE SURFACE FROM DISK
3555469.064	Test_Phase.SEQUENCE.Word	LOADING RESOURCE SURFACE FROM DISK
3562552.274	Test_Phase.SEQUENCE.Word	LOADING RESOURCE SURFACE FROM DISK
3569685.719	Test_Phase.SEQUENCE.Word	LOADING RESOURCE SURFACE FROM DISK
3576735.561	Test_Phase.SEQUENCE.Word	LOADING RESOURCE SURFACE FROM DISK
3583775.21	Test_Phase.SEQUENCE.Word	LOADING RESOURCE SURFACE FROM DISK
3590869.011	Test_Phase.SEQUENCE.Word	LOADING RESOURCE SURFACE FROM DISK
3598002.569	Test_Phase.SEQUENCE.Word	LOADING RESOURCE SURFACE FROM DISK
3605353.609	Test_Phase.SEQUENCE.Word	LOADING RESOURCE SURFACE FROM DISK
3612435.814	Test_Phase.SEQUENCE.Word	LOADING RESOURCE SURFACE FROM DISK
3626603.611	Test_Phase.SEQUENCE.Word	LOADING RESOURCE SURFACE FROM DISK
3633684.954	Test_Phase.SEQUENCE.Word	LOADING RESOURCE SURFACE FROM DISK
3640702.375	Test_Phase.SEQUENCE.Word	LOADING RESOURCE SURFACE FROM DISK
3647885.786	Test_Phase.SEQUENCE.Word	LOADING RESOURCE SURFACE FROM DISK
3654952.434	Test_Phase.SEQUENCE.Word	LOADING RESOURCE SURFACE FROM DISK
3661952.347	Test_Phase.SEQUENCE.Word	LOADING RESOURCE SURFACE FROM DISK
3669335.309	Test_Phase.SEQUENCE.Word	LOADING RESOURCE SURFACE FROM DISK
3676445.307	Test_Phase.SEQUENCE.Word	LOADING RESOURCE SURFACE FROM DISK
3683540.757	Test_Phase.SEQUENCE.Word	LOADING RESOURCE SURFACE FROM DISK
3690502.928	Test_Phase.SEQUENCE.Word	LOADING RESOURCE SURFACE FROM DISK
3697810.708	Test_Phase.SEQUENCE.Word	LOADING RESOURCE SURFACE FROM DISK
3704985.589	Test_Phase.SEQUENCE.Word	LOADING RESOURCE SURFACE FROM DISK
3712052.32	Test_Phase.SEQUENCE.Word	LOADING RESOURCE SURFACE FROM DISK
3719069.266	Test_Phase.SEQUENCE.Word	LOADING RESOURCE SURFACE FROM DISK
3726154.488	Test_Phase.SEQUENCE.Word	LOADING RESOURCE SURFACE FROM DISK
3733210.526	Test_Phase.SEQUENCE.Word	LOADING RESOURCE SURFACE FROM DISK
3736752.715	DISPLAY_SCREEN	LOADING RESOURCE SURFACE FROM DISK
