5343.124	DISPLAY_SCREEN[1]	LOADING RESOURCE SURFACE FROM DISK
270862.168	Familiarization_Phase.SEQUENCE.Cue_and_Instruction	LOADING RESOURCE SURFACE FROM DISK
270866.47	Familiarization_Phase.SEQUENCE.Cue_and_Instruction	LOADING RESOURCE SURFACE FROM DISK
276906.195	Familiarization_Phase.SEQUENCE.Cue_and_Instruction	LOADING RESOURCE SURFACE FROM DISK
276910.61	Familiarization_Phase.SEQUENCE.Cue_and_Instruction	LOADING RESOURCE SURFACE FROM DISK
282956.485	Familiarization_Phase.SEQUENCE.Cue_and_Instruction	LOADING RESOURCE SURFACE FROM DISK
282960.84	Familiarization_Phase.SEQUENCE.Cue_and_Instruction	LOADING RESOURCE SURFACE FROM DISK
325130.578	DISPLAY_SCREEN[3]	LOADING RESOURCE SURFACE FROM DISK
433201.333	DISPLAY_SCREEN[5]	LOADING RESOURCE SURFACE FROM DISK
544932.26	Practice_Phase.SEQUENCE.Blink_Screen	LOADING RESOURCE SURFACE FROM DISK
544933.342	Practice_Phase.SEQUENCE.Blink_Screen	flip time is later than desired time. Desired Time=544919 Flip Time=544952 Retrace Rate=16.641, prepareTime=38 flip request time 544933
546171.43	Practice_Phase.SEQUENCE.Practice_Luminance_Cue	LOADING RESOURCE SURFACE FROM DISK
546174.041	Practice_Phase.SEQUENCE.Practice_Luminance_Cue	LOADING RESOURCE SURFACE FROM DISK
546175.655	Practice_Phase.SEQUENCE.Practice_Luminance_Cue	flip time is later than desired time. Desired Time=546152 Flip Time=546186 Retrace Rate=16.641, prepareTime=47 flip request time 546175
546709.234	Practice_Phase.SEQUENCE.DISPLAY_SCREEN	LOADING RESOURCE SURFACE FROM DISK
546711.077	Practice_Phase.SEQUENCE.DISPLAY_SCREEN	flip time is later than desired time. Desired Time=546686 Flip Time=546719 Retrace Rate=16.641, prepareTime=49 flip request time 546710
548197.699	Practice_Phase.SEQUENCE.Practice_Instruction	LOADING RESOURCE SURFACE FROM DISK
554810.423	Practice_Phase.SEQUENCE.DISPLAY_SCREEN	LOADING RESOURCE SURFACE FROM DISK
554812.184	Practice_Phase.SEQUENCE.DISPLAY_SCREEN	flip time is later than desired time. Desired Time=554786 Flip Time=554836 Retrace Rate=16.641, prepareTime=50 flip request time 554811
556374.896	Practice_Phase.SEQUENCE.Practice_Instruction	LOADING RESOURCE SURFACE FROM DISK
556376.229	Practice_Phase.SEQUENCE.Practice_Instruction	flip time is later than desired time. Desired Time=556336 Flip Time=556386 Retrace Rate=16.641, prepareTime=64 flip request time 556376
562948.533	Practice_Phase.SEQUENCE.DISPLAY_SCREEN	LOADING RESOURCE SURFACE FROM DISK
562950.252	Practice_Phase.SEQUENCE.DISPLAY_SCREEN	flip time is later than desired time. Desired Time=562952 Flip Time=562969 Retrace Rate=16.641, prepareTime=21 flip request time 562950
564485.698	Practice_Phase.SEQUENCE.Practice_Instruction	LOADING RESOURCE SURFACE FROM DISK
564487.008	Practice_Phase.SEQUENCE.Practice_Instruction	flip time is later than desired time. Desired Time=564469 Flip Time=564502 Retrace Rate=16.641, prepareTime=41 flip request time 564486
571050.665	Practice_Phase.SEQUENCE.DISPLAY_SCREEN	LOADING RESOURCE SURFACE FROM DISK
572547.495	Practice_Phase.SEQUENCE.Practice_Instruction	LOADING RESOURCE SURFACE FROM DISK
579117.229	Practice_Phase.SEQUENCE.DISPLAY_SCREEN	LOADING RESOURCE SURFACE FROM DISK
580614.336	Practice_Phase.SEQUENCE.Practice_Instruction	LOADING RESOURCE SURFACE FROM DISK
587183.94	Practice_Phase.SEQUENCE.DISPLAY_SCREEN	LOADING RESOURCE SURFACE FROM DISK
588680.987	Practice_Phase.SEQUENCE.Practice_Instruction	LOADING RESOURCE SURFACE FROM DISK
595250.581	Practice_Phase.SEQUENCE.DISPLAY_SCREEN	LOADING RESOURCE SURFACE FROM DISK
596784.736	Practice_Phase.SEQUENCE.Practice_Instruction	LOADING RESOURCE SURFACE FROM DISK
596786.156	Practice_Phase.SEQUENCE.Practice_Instruction	flip time is later than desired time. Desired Time=596769 Flip Time=596802 Retrace Rate=16.641, prepareTime=40 flip request time 596785
603350.608	Practice_Phase.SEQUENCE.DISPLAY_SCREEN	LOADING RESOURCE SURFACE FROM DISK
604847.557	Practice_Phase.SEQUENCE.Practice_Instruction	LOADING RESOURCE SURFACE FROM DISK
611417.496	Practice_Phase.SEQUENCE.DISPLAY_SCREEN	LOADING RESOURCE SURFACE FROM DISK
612950.919	Practice_Phase.SEQUENCE.Practice_Instruction	LOADING RESOURCE SURFACE FROM DISK
612952.35	Practice_Phase.SEQUENCE.Practice_Instruction	flip time is later than desired time. Desired Time=612936 Flip Time=612969 Retrace Rate=16.641, prepareTime=40 flip request time 612952
617625.04	DISPLAY_SCREEN[2]	LOADING RESOURCE SURFACE FROM DISK
763809.045	Study_Phase.SEQUENCE.DISPLAY_SCREEN	LOADING RESOURCE SURFACE FROM DISK
765606.833	Study_Phase.SEQUENCE.Study_Instruction	LOADING RESOURCE SURFACE FROM DISK
773898.162	Study_Phase.SEQUENCE.Study_Instruction	LOADING RESOURCE SURFACE FROM DISK
780658.816	Study_Phase.SEQUENCE.DISPLAY_SCREEN	LOADING RESOURCE SURFACE FROM DISK
782206.524	Study_Phase.SEQUENCE.Study_Instruction	LOADING RESOURCE SURFACE FROM DISK
788959.096	Study_Phase.SEQUENCE.DISPLAY_SCREEN	LOADING RESOURCE SURFACE FROM DISK
790474.019	Study_Phase.SEQUENCE.Study_Instruction	LOADING RESOURCE SURFACE FROM DISK
798774.273	Study_Phase.SEQUENCE.Study_Instruction	LOADING RESOURCE SURFACE FROM DISK
805525.593	Study_Phase.SEQUENCE.DISPLAY_SCREEN	LOADING RESOURCE SURFACE FROM DISK
807079.512	Study_Phase.SEQUENCE.Study_Instruction	LOADING RESOURCE SURFACE FROM DISK
815459.709	Study_Phase.SEQUENCE.Study_Instruction	LOADING RESOURCE SURFACE FROM DISK
823760.214	Study_Phase.SEQUENCE.Study_Instruction	LOADING RESOURCE SURFACE FROM DISK
832022.361	Study_Phase.SEQUENCE.Study_Instruction	LOADING RESOURCE SURFACE FROM DISK
840331.337	Study_Phase.SEQUENCE.Study_Instruction	LOADING RESOURCE SURFACE FROM DISK
848646.825	Study_Phase.SEQUENCE.Study_Instruction	LOADING RESOURCE SURFACE FROM DISK
856956.242	Study_Phase.SEQUENCE.Study_Instruction	LOADING RESOURCE SURFACE FROM DISK
865247.597	Study_Phase.SEQUENCE.Study_Instruction	LOADING RESOURCE SURFACE FROM DISK
872008.779	Study_Phase.SEQUENCE.DISPLAY_SCREEN	LOADING RESOURCE SURFACE FROM DISK
873522.813	Study_Phase.SEQUENCE.Study_Instruction	LOADING RESOURCE SURFACE FROM DISK
881788.991	Study_Phase.SEQUENCE.Study_Instruction	LOADING RESOURCE SURFACE FROM DISK
890056.378	Study_Phase.SEQUENCE.Study_Instruction	LOADING RESOURCE SURFACE FROM DISK
898356.905	Study_Phase.SEQUENCE.Study_Instruction	LOADING RESOURCE SURFACE FROM DISK
905108.959	Study_Phase.SEQUENCE.DISPLAY_SCREEN	LOADING RESOURCE SURFACE FROM DISK
906664.292	Study_Phase.SEQUENCE.Study_Instruction	LOADING RESOURCE SURFACE FROM DISK
914939.589	Study_Phase.SEQUENCE.Study_Instruction	LOADING RESOURCE SURFACE FROM DISK
921692.091	Study_Phase.SEQUENCE.DISPLAY_SCREEN	LOADING RESOURCE SURFACE FROM DISK
923220.25	Study_Phase.SEQUENCE.Study_Instruction	LOADING RESOURCE SURFACE FROM DISK
931522.937	Study_Phase.SEQUENCE.Study_Instruction	LOADING RESOURCE SURFACE FROM DISK
938275.58	Study_Phase.SEQUENCE.DISPLAY_SCREEN	LOADING RESOURCE SURFACE FROM DISK
939789.569	Study_Phase.SEQUENCE.Study_Instruction	LOADING RESOURCE SURFACE FROM DISK
948090.093	Study_Phase.SEQUENCE.Study_Instruction	LOADING RESOURCE SURFACE FROM DISK
954842.177	Study_Phase.SEQUENCE.DISPLAY_SCREEN	LOADING RESOURCE SURFACE FROM DISK
956397.435	Study_Phase.SEQUENCE.Study_Instruction	LOADING RESOURCE SURFACE FROM DISK
964672.424	Study_Phase.SEQUENCE.Study_Instruction	LOADING RESOURCE SURFACE FROM DISK
972973.682	Study_Phase.SEQUENCE.Study_Instruction	LOADING RESOURCE SURFACE FROM DISK
979708.912	Study_Phase.SEQUENCE.DISPLAY_SCREEN	LOADING RESOURCE SURFACE FROM DISK
981222.887	Study_Phase.SEQUENCE.Study_Instruction	LOADING RESOURCE SURFACE FROM DISK
989529.788	Study_Phase.SEQUENCE.Study_Instruction	LOADING RESOURCE SURFACE FROM DISK
997806.178	Study_Phase.SEQUENCE.Study_Instruction	LOADING RESOURCE SURFACE FROM DISK
1006114.449	Study_Phase.SEQUENCE.Study_Instruction	LOADING RESOURCE SURFACE FROM DISK
1012877.877	Study_Phase.SEQUENCE.DISPLAY_SCREEN	LOADING RESOURCE SURFACE FROM DISK
1014475.831	Study_Phase.SEQUENCE.Study_Instruction	LOADING RESOURCE SURFACE FROM DISK
1021225.683	Study_Phase.SEQUENCE.DISPLAY_SCREEN	LOADING RESOURCE SURFACE FROM DISK
1022775.788	Study_Phase.SEQUENCE.Study_Instruction	LOADING RESOURCE SURFACE FROM DISK
1031039.686	Study_Phase.SEQUENCE.Study_Instruction	LOADING RESOURCE SURFACE FROM DISK
1037792.377	Study_Phase.SEQUENCE.DISPLAY_SCREEN	LOADING RESOURCE SURFACE FROM DISK
1039340.737	Study_Phase.SEQUENCE.Study_Instruction	LOADING RESOURCE SURFACE FROM DISK
1046075.579	Study_Phase.SEQUENCE.DISPLAY_SCREEN	LOADING RESOURCE SURFACE FROM DISK
1047627.118	Study_Phase.SEQUENCE.Study_Instruction	LOADING RESOURCE SURFACE FROM DISK
1055906.122	Study_Phase.SEQUENCE.Study_Instruction	LOADING RESOURCE SURFACE FROM DISK
1062658.944	Study_Phase.SEQUENCE.DISPLAY_SCREEN	LOADING RESOURCE SURFACE FROM DISK
1064206.696	Study_Phase.SEQUENCE.Study_Instruction	LOADING RESOURCE SURFACE FROM DISK
1072515.619	Study_Phase.SEQUENCE.Study_Instruction	LOADING RESOURCE SURFACE FROM DISK
1080826.96	Study_Phase.SEQUENCE.Study_Instruction	LOADING RESOURCE SURFACE FROM DISK
1087592.335	Study_Phase.SEQUENCE.DISPLAY_SCREEN	LOADING RESOURCE SURFACE FROM DISK
1089147.052	Study_Phase.SEQUENCE.Study_Instruction	LOADING RESOURCE SURFACE FROM DISK
1095892.262	Study_Phase.SEQUENCE.DISPLAY_SCREEN	LOADING RESOURCE SURFACE FROM DISK
1097439.751	Study_Phase.SEQUENCE.Study_Instruction	LOADING RESOURCE SURFACE FROM DISK
1105747.839	Study_Phase.SEQUENCE.Study_Instruction	LOADING RESOURCE SURFACE FROM DISK
1114022.254	Study_Phase.SEQUENCE.Study_Instruction	LOADING RESOURCE SURFACE FROM DISK
1122289.084	Study_Phase.SEQUENCE.Study_Instruction	LOADING RESOURCE SURFACE FROM DISK
1129042.193	Study_Phase.SEQUENCE.DISPLAY_SCREEN	LOADING RESOURCE SURFACE FROM DISK
1130556.262	Study_Phase.SEQUENCE.Study_Instruction	LOADING RESOURCE SURFACE FROM DISK
1137308.776	Study_Phase.SEQUENCE.DISPLAY_SCREEN	LOADING RESOURCE SURFACE FROM DISK
1138865.651	Study_Phase.SEQUENCE.Study_Instruction	LOADING RESOURCE SURFACE FROM DISK
1145625.526	Study_Phase.SEQUENCE.DISPLAY_SCREEN	LOADING RESOURCE SURFACE FROM DISK
1147139.556	Study_Phase.SEQUENCE.Study_Instruction	LOADING RESOURCE SURFACE FROM DISK
1155445.807	Study_Phase.SEQUENCE.Study_Instruction	LOADING RESOURCE SURFACE FROM DISK
1162208.953	Study_Phase.SEQUENCE.DISPLAY_SCREEN	LOADING RESOURCE SURFACE FROM DISK
1163758.868	Study_Phase.SEQUENCE.Study_Instruction	LOADING RESOURCE SURFACE FROM DISK
1172058.418	Study_Phase.SEQUENCE.Study_Instruction	LOADING RESOURCE SURFACE FROM DISK
1178808.904	Study_Phase.SEQUENCE.DISPLAY_SCREEN	LOADING RESOURCE SURFACE FROM DISK
1180356.417	Study_Phase.SEQUENCE.Study_Instruction	LOADING RESOURCE SURFACE FROM DISK
1188622.289	Study_Phase.SEQUENCE.Study_Instruction	LOADING RESOURCE SURFACE FROM DISK
1196922.89	Study_Phase.SEQUENCE.Study_Instruction	LOADING RESOURCE SURFACE FROM DISK
1203675.513	Study_Phase.SEQUENCE.DISPLAY_SCREEN	LOADING RESOURCE SURFACE FROM DISK
1205189.509	Study_Phase.SEQUENCE.Study_Instruction	LOADING RESOURCE SURFACE FROM DISK
1213455.628	Study_Phase.SEQUENCE.Study_Instruction	LOADING RESOURCE SURFACE FROM DISK
1220208.955	Study_Phase.SEQUENCE.DISPLAY_SCREEN	LOADING RESOURCE SURFACE FROM DISK
1221722.924	Study_Phase.SEQUENCE.Study_Instruction	LOADING RESOURCE SURFACE FROM DISK
1228475.503	Study_Phase.SEQUENCE.DISPLAY_SCREEN	LOADING RESOURCE SURFACE FROM DISK
1230030.119	Study_Phase.SEQUENCE.Study_Instruction	LOADING RESOURCE SURFACE FROM DISK
1236792.37	Study_Phase.SEQUENCE.DISPLAY_SCREEN	LOADING RESOURCE SURFACE FROM DISK
1238345.152	Study_Phase.SEQUENCE.Study_Instruction	LOADING RESOURCE SURFACE FROM DISK
1246623.075	Study_Phase.SEQUENCE.Study_Instruction	LOADING RESOURCE SURFACE FROM DISK
1254936.726	Study_Phase.SEQUENCE.Study_Instruction	LOADING RESOURCE SURFACE FROM DISK
1261692.233	Study_Phase.SEQUENCE.DISPLAY_SCREEN	LOADING RESOURCE SURFACE FROM DISK
1263245.441	Study_Phase.SEQUENCE.Study_Instruction	LOADING RESOURCE SURFACE FROM DISK
1271522.811	Study_Phase.SEQUENCE.Study_Instruction	LOADING RESOURCE SURFACE FROM DISK
1278259.004	Study_Phase.SEQUENCE.DISPLAY_SCREEN	LOADING RESOURCE SURFACE FROM DISK
1279810.416	Study_Phase.SEQUENCE.Study_Instruction	LOADING RESOURCE SURFACE FROM DISK
1288106.235	Study_Phase.SEQUENCE.Study_Instruction	LOADING RESOURCE SURFACE FROM DISK
1294859.049	Study_Phase.SEQUENCE.DISPLAY_SCREEN	LOADING RESOURCE SURFACE FROM DISK
1296410.616	Study_Phase.SEQUENCE.Study_Instruction	LOADING RESOURCE SURFACE FROM DISK
1304672.567	Study_Phase.SEQUENCE.Study_Instruction	LOADING RESOURCE SURFACE FROM DISK
1311425.483	Study_Phase.SEQUENCE.DISPLAY_SCREEN	LOADING RESOURCE SURFACE FROM DISK
1312952.756	Study_Phase.SEQUENCE.Study_Instruction	LOADING RESOURCE SURFACE FROM DISK
1321272.563	Study_Phase.SEQUENCE.Study_Instruction	LOADING RESOURCE SURFACE FROM DISK
1328025.499	Study_Phase.SEQUENCE.DISPLAY_SCREEN	LOADING RESOURCE SURFACE FROM DISK
1329576.009	Study_Phase.SEQUENCE.Study_Instruction	LOADING RESOURCE SURFACE FROM DISK
1336325.316	Study_Phase.SEQUENCE.DISPLAY_SCREEN	LOADING RESOURCE SURFACE FROM DISK
1337839.468	Study_Phase.SEQUENCE.Study_Instruction	LOADING RESOURCE SURFACE FROM DISK
1346148.414	Study_Phase.SEQUENCE.Study_Instruction	LOADING RESOURCE SURFACE FROM DISK
1352908.952	Study_Phase.SEQUENCE.DISPLAY_SCREEN	LOADING RESOURCE SURFACE FROM DISK
1354464.866	Study_Phase.SEQUENCE.Study_Instruction	LOADING RESOURCE SURFACE FROM DISK
1362739.074	Study_Phase.SEQUENCE.Study_Instruction	LOADING RESOURCE SURFACE FROM DISK
1371042.643	Study_Phase.SEQUENCE.Study_Instruction	LOADING RESOURCE SURFACE FROM DISK
1379341.167	Study_Phase.SEQUENCE.Study_Instruction	LOADING RESOURCE SURFACE FROM DISK
1386092.243	Study_Phase.SEQUENCE.DISPLAY_SCREEN	LOADING RESOURCE SURFACE FROM DISK
1387648.292	Study_Phase.SEQUENCE.Study_Instruction	LOADING RESOURCE SURFACE FROM DISK
1395959.399	Study_Phase.SEQUENCE.Study_Instruction	LOADING RESOURCE SURFACE FROM DISK
1402708.994	Study_Phase.SEQUENCE.DISPLAY_SCREEN	LOADING RESOURCE SURFACE FROM DISK
1404250.644	Study_Phase.SEQUENCE.Study_Instruction	LOADING RESOURCE SURFACE FROM DISK
1412565.538	Study_Phase.SEQUENCE.Study_Instruction	LOADING RESOURCE SURFACE FROM DISK
1419292.184	Study_Phase.SEQUENCE.DISPLAY_SCREEN	LOADING RESOURCE SURFACE FROM DISK
1420806.128	Study_Phase.SEQUENCE.Study_Instruction	LOADING RESOURCE SURFACE FROM DISK
1427542.457	Study_Phase.SEQUENCE.DISPLAY_SCREEN	LOADING RESOURCE SURFACE FROM DISK
1429094.553	Study_Phase.SEQUENCE.Study_Instruction	LOADING RESOURCE SURFACE FROM DISK
1437406.264	Study_Phase.SEQUENCE.Study_Instruction	LOADING RESOURCE SURFACE FROM DISK
1445691.104	Study_Phase.SEQUENCE.Study_Instruction	LOADING RESOURCE SURFACE FROM DISK
1452442.126	Study_Phase.SEQUENCE.DISPLAY_SCREEN	LOADING RESOURCE SURFACE FROM DISK
1453994.163	Study_Phase.SEQUENCE.Study_Instruction	LOADING RESOURCE SURFACE FROM DISK
1462272.89	Study_Phase.SEQUENCE.Study_Instruction	LOADING RESOURCE SURFACE FROM DISK
1469025.723	Study_Phase.SEQUENCE.DISPLAY_SCREEN	LOADING RESOURCE SURFACE FROM DISK
1470578.475	Study_Phase.SEQUENCE.Study_Instruction	LOADING RESOURCE SURFACE FROM DISK
1477342.243	Study_Phase.SEQUENCE.DISPLAY_SCREEN	LOADING RESOURCE SURFACE FROM DISK
1478868.916	Study_Phase.SEQUENCE.Study_Instruction	LOADING RESOURCE SURFACE FROM DISK
1487177.431	Study_Phase.SEQUENCE.Study_Instruction	LOADING RESOURCE SURFACE FROM DISK
1493942.339	Study_Phase.SEQUENCE.DISPLAY_SCREEN	LOADING RESOURCE SURFACE FROM DISK
1495491.634	Study_Phase.SEQUENCE.Study_Instruction	LOADING RESOURCE SURFACE FROM DISK
1503795.148	Study_Phase.SEQUENCE.Study_Instruction	LOADING RESOURCE SURFACE FROM DISK
1510542.227	Study_Phase.SEQUENCE.DISPLAY_SCREEN	LOADING RESOURCE SURFACE FROM DISK
1512092.618	Study_Phase.SEQUENCE.Study_Instruction	LOADING RESOURCE SURFACE FROM DISK
1518842.155	Study_Phase.SEQUENCE.DISPLAY_SCREEN	LOADING RESOURCE SURFACE FROM DISK
1520356.201	Study_Phase.SEQUENCE.Study_Instruction	LOADING RESOURCE SURFACE FROM DISK
1528664.648	Study_Phase.SEQUENCE.Study_Instruction	LOADING RESOURCE SURFACE FROM DISK
1535425.73	Study_Phase.SEQUENCE.DISPLAY_SCREEN	LOADING RESOURCE SURFACE FROM DISK
1536939.463	Study_Phase.SEQUENCE.Study_Instruction	LOADING RESOURCE SURFACE FROM DISK
1545244.698	Study_Phase.SEQUENCE.Study_Instruction	LOADING RESOURCE SURFACE FROM DISK
1552008.894	Study_Phase.SEQUENCE.DISPLAY_SCREEN	LOADING RESOURCE SURFACE FROM DISK
1553522.976	Study_Phase.SEQUENCE.Study_Instruction	LOADING RESOURCE SURFACE FROM DISK
1560275.605	Study_Phase.SEQUENCE.DISPLAY_SCREEN	LOADING RESOURCE SURFACE FROM DISK
1561821.925	Study_Phase.SEQUENCE.Study_Instruction	LOADING RESOURCE SURFACE FROM DISK
1570089.675	Study_Phase.SEQUENCE.Study_Instruction	LOADING RESOURCE SURFACE FROM DISK
1576842.297	Study_Phase.SEQUENCE.DISPLAY_SCREEN	LOADING RESOURCE SURFACE FROM DISK
1578389.927	Study_Phase.SEQUENCE.Study_Instruction	LOADING RESOURCE SURFACE FROM DISK
1585158.813	Study_Phase.SEQUENCE.DISPLAY_SCREEN	LOADING RESOURCE SURFACE FROM DISK
1586708.451	Study_Phase.SEQUENCE.Study_Instruction	LOADING RESOURCE SURFACE FROM DISK
1593458.945	Study_Phase.SEQUENCE.DISPLAY_SCREEN	LOADING RESOURCE SURFACE FROM DISK
1595010.307	Study_Phase.SEQUENCE.Study_Instruction	LOADING RESOURCE SURFACE FROM DISK
1603328.203	Study_Phase.SEQUENCE.Study_Instruction	LOADING RESOURCE SURFACE FROM DISK
1611605.712	Study_Phase.SEQUENCE.Study_Instruction	LOADING RESOURCE SURFACE FROM DISK
1618358.92	Study_Phase.SEQUENCE.DISPLAY_SCREEN	LOADING RESOURCE SURFACE FROM DISK
1619910.746	Study_Phase.SEQUENCE.Study_Instruction	LOADING RESOURCE SURFACE FROM DISK
1628155.559	Study_Phase.SEQUENCE.Study_Instruction	LOADING RESOURCE SURFACE FROM DISK
1636422.304	Study_Phase.SEQUENCE.Study_Instruction	LOADING RESOURCE SURFACE FROM DISK
1644722.012	Study_Phase.SEQUENCE.Study_Instruction	LOADING RESOURCE SURFACE FROM DISK
1652989.003	Study_Phase.SEQUENCE.Study_Instruction	LOADING RESOURCE SURFACE FROM DISK
1661295.994	Study_Phase.SEQUENCE.Study_Instruction	LOADING RESOURCE SURFACE FROM DISK
1669556.447	Study_Phase.SEQUENCE.Study_Instruction	LOADING RESOURCE SURFACE FROM DISK
1677863.994	Study_Phase.SEQUENCE.Study_Instruction	LOADING RESOURCE SURFACE FROM DISK
1684625.431	Study_Phase.SEQUENCE.DISPLAY_SCREEN	LOADING RESOURCE SURFACE FROM DISK
1686139.49	Study_Phase.SEQUENCE.Study_Instruction	LOADING RESOURCE SURFACE FROM DISK
1694449.334	Study_Phase.SEQUENCE.Study_Instruction	LOADING RESOURCE SURFACE FROM DISK
1701209.209	Study_Phase.SEQUENCE.DISPLAY_SCREEN	LOADING RESOURCE SURFACE FROM DISK
1702761.611	Study_Phase.SEQUENCE.Study_Instruction	LOADING RESOURCE SURFACE FROM DISK
1711073.353	Study_Phase.SEQUENCE.Study_Instruction	LOADING RESOURCE SURFACE FROM DISK
1719382.459	Study_Phase.SEQUENCE.Study_Instruction	LOADING RESOURCE SURFACE FROM DISK
1726142.318	Study_Phase.SEQUENCE.DISPLAY_SCREEN	LOADING RESOURCE SURFACE FROM DISK
1727697.524	Study_Phase.SEQUENCE.Study_Instruction	LOADING RESOURCE SURFACE FROM DISK
1736006.962	Study_Phase.SEQUENCE.Study_Instruction	LOADING RESOURCE SURFACE FROM DISK
1742758.785	Study_Phase.SEQUENCE.DISPLAY_SCREEN	LOADING RESOURCE SURFACE FROM DISK
1744272.884	Study_Phase.SEQUENCE.Study_Instruction	LOADING RESOURCE SURFACE FROM DISK
1751025.523	Study_Phase.SEQUENCE.DISPLAY_SCREEN	LOADING RESOURCE SURFACE FROM DISK
1752577.379	Study_Phase.SEQUENCE.Study_Instruction	LOADING RESOURCE SURFACE FROM DISK
1757296.807	DISPLAY_SCREEN[7]	LOADING RESOURCE SURFACE FROM DISK
2007606.594	Test_Phase.SEQUENCE.Target_Cue	LOADING RESOURCE SURFACE FROM DISK
2007617.042	Test_Phase.SEQUENCE.Target_Cue	LOADING RESOURCE SURFACE FROM DISK
2009639.014	Test_Phase.SEQUENCE.Word	LOADING RESOURCE SURFACE FROM DISK
2012692.617	Test_Phase.SEQUENCE.Test_Question	LOADING RESOURCE SURFACE FROM DISK
2012706.865	Test_Phase.SEQUENCE.Test_Question	LOADING RESOURCE SURFACE FROM DISK
2012717.358	Test_Phase.SEQUENCE.Test_Question	LOADING RESOURCE SURFACE FROM DISK
2012719.194	Test_Phase.SEQUENCE.Test_Question	LOADING RESOURCE SURFACE FROM DISK
2012720.953	Test_Phase.SEQUENCE.Test_Question	LOADING RESOURCE SURFACE FROM DISK
2012722.82	Test_Phase.SEQUENCE.Test_Question	LOADING RESOURCE SURFACE FROM DISK
2012724.694	Test_Phase.SEQUENCE.Test_Question	LOADING RESOURCE SURFACE FROM DISK
2012726.373	Test_Phase.SEQUENCE.Test_Question	LOADING RESOURCE SURFACE FROM DISK
2012728.146	Test_Phase.SEQUENCE.Test_Question	LOADING RESOURCE SURFACE FROM DISK
2012729.891	Test_Phase.SEQUENCE.Test_Question	LOADING RESOURCE SURFACE FROM DISK
2012731.642	Test_Phase.SEQUENCE.Test_Question	LOADING RESOURCE SURFACE FROM DISK
2012733.453	Test_Phase.SEQUENCE.Test_Question	LOADING RESOURCE SURFACE FROM DISK
2020439.275	Test_Phase.SEQUENCE.Word	LOADING RESOURCE SURFACE FROM DISK
2028489.402	Test_Phase.SEQUENCE.Word	LOADING RESOURCE SURFACE FROM DISK
2035755.739	Test_Phase.SEQUENCE.Word	LOADING RESOURCE SURFACE FROM DISK
2043488.967	Test_Phase.SEQUENCE.Word	LOADING RESOURCE SURFACE FROM DISK
2050805.794	Test_Phase.SEQUENCE.Word	LOADING RESOURCE SURFACE FROM DISK
2059405.616	Test_Phase.SEQUENCE.Word	LOADING RESOURCE SURFACE FROM DISK
2066622.489	Test_Phase.SEQUENCE.Word	LOADING RESOURCE SURFACE FROM DISK
2073957.963	Test_Phase.SEQUENCE.Word	LOADING RESOURCE SURFACE FROM DISK
2081522.377	Test_Phase.SEQUENCE.Word	LOADING RESOURCE SURFACE FROM DISK
2088622.166	Test_Phase.SEQUENCE.Word	LOADING RESOURCE SURFACE FROM DISK
2097355.712	Test_Phase.SEQUENCE.Word	LOADING RESOURCE SURFACE FROM DISK
2104588.908	Test_Phase.SEQUENCE.Word	LOADING RESOURCE SURFACE FROM DISK
2111855.616	Test_Phase.SEQUENCE.Word	LOADING RESOURCE SURFACE FROM DISK
2119188.995	Test_Phase.SEQUENCE.Word	LOADING RESOURCE SURFACE FROM DISK
2126639.106	Test_Phase.SEQUENCE.Word	LOADING RESOURCE SURFACE FROM DISK
2133692.111	Test_Phase.SEQUENCE.Word	LOADING RESOURCE SURFACE FROM DISK
2140839.228	Test_Phase.SEQUENCE.Word	LOADING RESOURCE SURFACE FROM DISK
2147972.16	Test_Phase.SEQUENCE.Word	LOADING RESOURCE SURFACE FROM DISK
2155022.333	Test_Phase.SEQUENCE.Word	LOADING RESOURCE SURFACE FROM DISK
2162122.537	Test_Phase.SEQUENCE.Word	LOADING RESOURCE SURFACE FROM DISK
2169205.572	Test_Phase.SEQUENCE.Word	LOADING RESOURCE SURFACE FROM DISK
2176925.506	Test_Phase.SEQUENCE.Word	LOADING RESOURCE SURFACE FROM DISK
2184038.402	Test_Phase.SEQUENCE.Word	LOADING RESOURCE SURFACE FROM DISK
2191189.058	Test_Phase.SEQUENCE.Word	LOADING RESOURCE SURFACE FROM DISK
2198277.127	Test_Phase.SEQUENCE.Word	LOADING RESOURCE SURFACE FROM DISK
2205490.899	Test_Phase.SEQUENCE.Word	LOADING RESOURCE SURFACE FROM DISK
2212601.322	Test_Phase.SEQUENCE.Word	LOADING RESOURCE SURFACE FROM DISK
2220047.088	Test_Phase.SEQUENCE.Word	LOADING RESOURCE SURFACE FROM DISK
2228005.684	Test_Phase.SEQUENCE.Word	LOADING RESOURCE SURFACE FROM DISK
2235905.686	Test_Phase.SEQUENCE.Word	LOADING RESOURCE SURFACE FROM DISK
2243089.206	Test_Phase.SEQUENCE.Word	LOADING RESOURCE SURFACE FROM DISK
2250291.527	Test_Phase.SEQUENCE.Word	LOADING RESOURCE SURFACE FROM DISK
2257922.467	Test_Phase.SEQUENCE.Word	LOADING RESOURCE SURFACE FROM DISK
2265072.447	Test_Phase.SEQUENCE.Word	LOADING RESOURCE SURFACE FROM DISK
2272122.357	Test_Phase.SEQUENCE.Word	LOADING RESOURCE SURFACE FROM DISK
2279839.081	Test_Phase.SEQUENCE.Word	LOADING RESOURCE SURFACE FROM DISK
2286888.251	Test_Phase.SEQUENCE.Word	LOADING RESOURCE SURFACE FROM DISK
2293939.101	Test_Phase.SEQUENCE.Word	LOADING RESOURCE SURFACE FROM DISK
2301255.701	Test_Phase.SEQUENCE.Word	LOADING RESOURCE SURFACE FROM DISK
2310276.617	Test_Phase.SEQUENCE.Word	LOADING RESOURCE SURFACE FROM DISK
2317372.282	Test_Phase.SEQUENCE.Word	LOADING RESOURCE SURFACE FROM DISK
2325315.397	Test_Phase.SEQUENCE.Word	LOADING RESOURCE SURFACE FROM DISK
2332388.88	Test_Phase.SEQUENCE.Word	LOADING RESOURCE SURFACE FROM DISK
2339443.016	Test_Phase.SEQUENCE.Word	LOADING RESOURCE SURFACE FROM DISK
2346605.703	Test_Phase.SEQUENCE.Word	LOADING RESOURCE SURFACE FROM DISK
2353705.829	Test_Phase.SEQUENCE.Word	LOADING RESOURCE SURFACE FROM DISK
2360822.206	Test_Phase.SEQUENCE.Word	LOADING RESOURCE SURFACE FROM DISK
2367922.377	Test_Phase.SEQUENCE.Word	LOADING RESOURCE SURFACE FROM DISK
2374922.634	Test_Phase.SEQUENCE.Word	LOADING RESOURCE SURFACE FROM DISK
2381963.494	Test_Phase.SEQUENCE.Word	LOADING RESOURCE SURFACE FROM DISK
2389055.878	Test_Phase.SEQUENCE.Word	LOADING RESOURCE SURFACE FROM DISK
2396088.926	Test_Phase.SEQUENCE.Word	LOADING RESOURCE SURFACE FROM DISK
2403105.804	Test_Phase.SEQUENCE.Word	LOADING RESOURCE SURFACE FROM DISK
2410122.478	Test_Phase.SEQUENCE.Word	LOADING RESOURCE SURFACE FROM DISK
2417155.591	Test_Phase.SEQUENCE.Word	LOADING RESOURCE SURFACE FROM DISK
2424206.661	Test_Phase.SEQUENCE.Word	LOADING RESOURCE SURFACE FROM DISK
2431205.57	Test_Phase.SEQUENCE.Word	LOADING RESOURCE SURFACE FROM DISK
2438222.331	Test_Phase.SEQUENCE.Word	LOADING RESOURCE SURFACE FROM DISK
2445222.249	Test_Phase.SEQUENCE.Word	LOADING RESOURCE SURFACE FROM DISK
2452255.71	Test_Phase.SEQUENCE.Word	LOADING RESOURCE SURFACE FROM DISK
2459355.646	Test_Phase.SEQUENCE.Word	LOADING RESOURCE SURFACE FROM DISK
2466391.483	Test_Phase.SEQUENCE.Word	LOADING RESOURCE SURFACE FROM DISK
2473472.381	Test_Phase.SEQUENCE.Word	LOADING RESOURCE SURFACE FROM DISK
2480488.957	Test_Phase.SEQUENCE.Word	LOADING RESOURCE SURFACE FROM DISK
2487522.265	Test_Phase.SEQUENCE.Word	LOADING RESOURCE SURFACE FROM DISK
2494593.377	Test_Phase.SEQUENCE.Word	LOADING RESOURCE SURFACE FROM DISK
2502122.414	Test_Phase.SEQUENCE.Word	LOADING RESOURCE SURFACE FROM DISK
2509338.939	Test_Phase.SEQUENCE.Word	LOADING RESOURCE SURFACE FROM DISK
2518338.987	Test_Phase.SEQUENCE.Word	LOADING RESOURCE SURFACE FROM DISK
2525411.256	Test_Phase.SEQUENCE.Word	LOADING RESOURCE SURFACE FROM DISK
2532675.577	Test_Phase.SEQUENCE.Word	LOADING RESOURCE SURFACE FROM DISK
2539756.846	Test_Phase.SEQUENCE.Word	LOADING RESOURCE SURFACE FROM DISK
2547605.659	Test_Phase.SEQUENCE.Word	LOADING RESOURCE SURFACE FROM DISK
2554655.813	Test_Phase.SEQUENCE.Word	LOADING RESOURCE SURFACE FROM DISK
2561672.422	Test_Phase.SEQUENCE.Word	LOADING RESOURCE SURFACE FROM DISK
2568688.965	Test_Phase.SEQUENCE.Word	LOADING RESOURCE SURFACE FROM DISK
2576039.066	Test_Phase.SEQUENCE.Word	LOADING RESOURCE SURFACE FROM DISK
2583272.476	Test_Phase.SEQUENCE.Word	LOADING RESOURCE SURFACE FROM DISK
2590280.098	Test_Phase.SEQUENCE.Word	LOADING RESOURCE SURFACE FROM DISK
2597289.095	Test_Phase.SEQUENCE.Word	LOADING RESOURCE SURFACE FROM DISK
2604280.602	Test_Phase.SEQUENCE.Word	LOADING RESOURCE SURFACE FROM DISK
2611622.3	Test_Phase.SEQUENCE.Word	LOADING RESOURCE SURFACE FROM DISK
2618722.044	Test_Phase.SEQUENCE.Word	LOADING RESOURCE SURFACE FROM DISK
2625722.328	Test_Phase.SEQUENCE.Word	LOADING RESOURCE SURFACE FROM DISK
2632774.038	Test_Phase.SEQUENCE.Word	LOADING RESOURCE SURFACE FROM DISK
2639824.714	Test_Phase.SEQUENCE.Word	LOADING RESOURCE SURFACE FROM DISK
2647031.12	Test_Phase.SEQUENCE.Word	LOADING RESOURCE SURFACE FROM DISK
2654739.307	Test_Phase.SEQUENCE.Word	LOADING RESOURCE SURFACE FROM DISK
2661755.668	Test_Phase.SEQUENCE.Word	LOADING RESOURCE SURFACE FROM DISK
2668810.19	Test_Phase.SEQUENCE.Word	LOADING RESOURCE SURFACE FROM DISK
2675855.907	Test_Phase.SEQUENCE.Word	LOADING RESOURCE SURFACE FROM DISK
2682889.414	Test_Phase.SEQUENCE.Word	LOADING RESOURCE SURFACE FROM DISK
2689905.823	Test_Phase.SEQUENCE.Word	LOADING RESOURCE SURFACE FROM DISK
2696988.903	Test_Phase.SEQUENCE.Word	LOADING RESOURCE SURFACE FROM DISK
2704188.883	Test_Phase.SEQUENCE.Word	LOADING RESOURCE SURFACE FROM DISK
2718296.923	Test_Phase.SEQUENCE.Word	LOADING RESOURCE SURFACE FROM DISK
2725398.455	Test_Phase.SEQUENCE.Word	LOADING RESOURCE SURFACE FROM DISK
2732597.745	Test_Phase.SEQUENCE.Word	LOADING RESOURCE SURFACE FROM DISK
2739822.257	Test_Phase.SEQUENCE.Word	LOADING RESOURCE SURFACE FROM DISK
2746839.06	Test_Phase.SEQUENCE.Word	LOADING RESOURCE SURFACE FROM DISK
2753872.174	Test_Phase.SEQUENCE.Word	LOADING RESOURCE SURFACE FROM DISK
2760889.009	Test_Phase.SEQUENCE.Word	LOADING RESOURCE SURFACE FROM DISK
2768063.725	Test_Phase.SEQUENCE.Word	LOADING RESOURCE SURFACE FROM DISK
2775222.214	Test_Phase.SEQUENCE.Word	LOADING RESOURCE SURFACE FROM DISK
2782282.928	Test_Phase.SEQUENCE.Word	LOADING RESOURCE SURFACE FROM DISK
2789514.305	Test_Phase.SEQUENCE.Word	LOADING RESOURCE SURFACE FROM DISK
2796572.191	Test_Phase.SEQUENCE.Word	LOADING RESOURCE SURFACE FROM DISK
2803605.73	Test_Phase.SEQUENCE.Word	LOADING RESOURCE SURFACE FROM DISK
2810888.998	Test_Phase.SEQUENCE.Word	LOADING RESOURCE SURFACE FROM DISK
2817888.934	Test_Phase.SEQUENCE.Word	LOADING RESOURCE SURFACE FROM DISK
2824948.369	Test_Phase.SEQUENCE.Word	LOADING RESOURCE SURFACE FROM DISK
2832022.129	Test_Phase.SEQUENCE.Word	LOADING RESOURCE SURFACE FROM DISK
2839122.281	Test_Phase.SEQUENCE.Word	LOADING RESOURCE SURFACE FROM DISK
2846180.571	Test_Phase.SEQUENCE.Word	LOADING RESOURCE SURFACE FROM DISK
2853772.309	Test_Phase.SEQUENCE.Word	LOADING RESOURCE SURFACE FROM DISK
2860822.31	Test_Phase.SEQUENCE.Word	LOADING RESOURCE SURFACE FROM DISK
2867856.94	Test_Phase.SEQUENCE.Word	LOADING RESOURCE SURFACE FROM DISK
2874944.769	Test_Phase.SEQUENCE.Word	LOADING RESOURCE SURFACE FROM DISK
2881988.993	Test_Phase.SEQUENCE.Word	LOADING RESOURCE SURFACE FROM DISK
2889081.895	Test_Phase.SEQUENCE.Word	LOADING RESOURCE SURFACE FROM DISK
2896156.102	Test_Phase.SEQUENCE.Word	LOADING RESOURCE SURFACE FROM DISK
2903205.945	Test_Phase.SEQUENCE.Word	LOADING RESOURCE SURFACE FROM DISK
2910314.711	Test_Phase.SEQUENCE.Word	LOADING RESOURCE SURFACE FROM DISK
2917772.323	Test_Phase.SEQUENCE.Word	LOADING RESOURCE SURFACE FROM DISK
2925089.242	Test_Phase.SEQUENCE.Word	LOADING RESOURCE SURFACE FROM DISK
2932239.037	Test_Phase.SEQUENCE.Word	LOADING RESOURCE SURFACE FROM DISK
2939346.549	Test_Phase.SEQUENCE.Word	LOADING RESOURCE SURFACE FROM DISK
2946372.546	Test_Phase.SEQUENCE.Word	LOADING RESOURCE SURFACE FROM DISK
2953389.268	Test_Phase.SEQUENCE.Word	LOADING RESOURCE SURFACE FROM DISK
2960455.917	Test_Phase.SEQUENCE.Word	LOADING RESOURCE SURFACE FROM DISK
2967555.648	Test_Phase.SEQUENCE.Word	LOADING RESOURCE SURFACE FROM DISK
2974612.088	Test_Phase.SEQUENCE.Word	LOADING RESOURCE SURFACE FROM DISK
2981705.837	Test_Phase.SEQUENCE.Word	LOADING RESOURCE SURFACE FROM DISK
2988722.339	Test_Phase.SEQUENCE.Word	LOADING RESOURCE SURFACE FROM DISK
2995705.687	Test_Phase.SEQUENCE.Word	LOADING RESOURCE SURFACE FROM DISK
3002766.064	Test_Phase.SEQUENCE.Word	LOADING RESOURCE SURFACE FROM DISK
3009755.779	Test_Phase.SEQUENCE.Word	LOADING RESOURCE SURFACE FROM DISK
3016773.752	Test_Phase.SEQUENCE.Word	LOADING RESOURCE SURFACE FROM DISK
3023772.39	Test_Phase.SEQUENCE.Word	LOADING RESOURCE SURFACE FROM DISK
3030788.977	Test_Phase.SEQUENCE.Word	LOADING RESOURCE SURFACE FROM DISK
3037855.752	Test_Phase.SEQUENCE.Word	LOADING RESOURCE SURFACE FROM DISK
3044936.927	Test_Phase.SEQUENCE.Word	LOADING RESOURCE SURFACE FROM DISK
3051972.162	Test_Phase.SEQUENCE.Word	LOADING RESOURCE SURFACE FROM DISK
3059138.952	Test_Phase.SEQUENCE.Word	LOADING RESOURCE SURFACE FROM DISK
3066226.071	Test_Phase.SEQUENCE.Word	LOADING RESOURCE SURFACE FROM DISK
3073315.822	Test_Phase.SEQUENCE.Word	LOADING RESOURCE SURFACE FROM DISK
3080396.641	Test_Phase.SEQUENCE.Word	LOADING RESOURCE SURFACE FROM DISK
3087529.386	Test_Phase.SEQUENCE.Word	LOADING RESOURCE SURFACE FROM DISK
3094522.474	Test_Phase.SEQUENCE.Word	LOADING RESOURCE SURFACE FROM DISK
3102189.201	Test_Phase.SEQUENCE.Word	LOADING RESOURCE SURFACE FROM DISK
3109205.603	Test_Phase.SEQUENCE.Word	LOADING RESOURCE SURFACE FROM DISK
3116392.514	Test_Phase.SEQUENCE.Word	LOADING RESOURCE SURFACE FROM DISK
3123438.884	Test_Phase.SEQUENCE.Word	LOADING RESOURCE SURFACE FROM DISK
3130505.744	Test_Phase.SEQUENCE.Word	LOADING RESOURCE SURFACE FROM DISK
3137547.824	Test_Phase.SEQUENCE.Word	LOADING RESOURCE SURFACE FROM DISK
3144624.538	Test_Phase.SEQUENCE.Word	LOADING RESOURCE SURFACE FROM DISK
3151693.671	Test_Phase.SEQUENCE.Word	LOADING RESOURCE SURFACE FROM DISK
3158739.309	Test_Phase.SEQUENCE.Word	LOADING RESOURCE SURFACE FROM DISK
3165814.32	Test_Phase.SEQUENCE.Word	LOADING RESOURCE SURFACE FROM DISK
3172890.235	Test_Phase.SEQUENCE.Word	LOADING RESOURCE SURFACE FROM DISK
3179966.094	Test_Phase.SEQUENCE.Word	LOADING RESOURCE SURFACE FROM DISK
3187292.956	Test_Phase.SEQUENCE.Word	LOADING RESOURCE SURFACE FROM DISK
3194305.801	Test_Phase.SEQUENCE.Word	LOADING RESOURCE SURFACE FROM DISK
3201372.507	Test_Phase.SEQUENCE.Word	LOADING RESOURCE SURFACE FROM DISK
3208622.125	Test_Phase.SEQUENCE.Word	LOADING RESOURCE SURFACE FROM DISK
3215622.428	Test_Phase.SEQUENCE.Word	LOADING RESOURCE SURFACE FROM DISK
3222659.236	Test_Phase.SEQUENCE.Word	LOADING RESOURCE SURFACE FROM DISK
3230054.436	Test_Phase.SEQUENCE.Word	LOADING RESOURCE SURFACE FROM DISK
3237115.045	Test_Phase.SEQUENCE.Word	LOADING RESOURCE SURFACE FROM DISK
3244255.944	Test_Phase.SEQUENCE.Word	LOADING RESOURCE SURFACE FROM DISK
3251272.336	Test_Phase.SEQUENCE.Word	LOADING RESOURCE SURFACE FROM DISK
3258424.916	Test_Phase.SEQUENCE.Word	LOADING RESOURCE SURFACE FROM DISK
3265472.273	Test_Phase.SEQUENCE.Word	LOADING RESOURCE SURFACE FROM DISK
3272523.335	Test_Phase.SEQUENCE.Word	LOADING RESOURCE SURFACE FROM DISK
3279705.694	Test_Phase.SEQUENCE.Word	LOADING RESOURCE SURFACE FROM DISK
3286805.694	Test_Phase.SEQUENCE.Word	LOADING RESOURCE SURFACE FROM DISK
3293861.109	Test_Phase.SEQUENCE.Word	LOADING RESOURCE SURFACE FROM DISK
3300922.223	Test_Phase.SEQUENCE.Word	LOADING RESOURCE SURFACE FROM DISK
3307938.938	Test_Phase.SEQUENCE.Word	LOADING RESOURCE SURFACE FROM DISK
3314955.66	Test_Phase.SEQUENCE.Word	LOADING RESOURCE SURFACE FROM DISK
3322014.561	Test_Phase.SEQUENCE.Word	LOADING RESOURCE SURFACE FROM DISK
3329075.907	Test_Phase.SEQUENCE.Word	LOADING RESOURCE SURFACE FROM DISK
3336089.086	Test_Phase.SEQUENCE.Word	LOADING RESOURCE SURFACE FROM DISK
3343089.244	Test_Phase.SEQUENCE.Word	LOADING RESOURCE SURFACE FROM DISK
3350239.343	Test_Phase.SEQUENCE.Word	LOADING RESOURCE SURFACE FROM DISK
3357322.287	Test_Phase.SEQUENCE.Word	LOADING RESOURCE SURFACE FROM DISK
3364377.684	Test_Phase.SEQUENCE.Word	LOADING RESOURCE SURFACE FROM DISK
3371572.731	Test_Phase.SEQUENCE.Word	LOADING RESOURCE SURFACE FROM DISK
3378812.338	Test_Phase.SEQUENCE.Word	LOADING RESOURCE SURFACE FROM DISK
3386221.693	Test_Phase.SEQUENCE.Word	LOADING RESOURCE SURFACE FROM DISK
3393773.249	Test_Phase.SEQUENCE.Word	LOADING RESOURCE SURFACE FROM DISK
3400805.743	Test_Phase.SEQUENCE.Word	LOADING RESOURCE SURFACE FROM DISK
3407897.732	Test_Phase.SEQUENCE.Word	LOADING RESOURCE SURFACE FROM DISK
3414975.182	Test_Phase.SEQUENCE.Word	LOADING RESOURCE SURFACE FROM DISK
3422438.889	Test_Phase.SEQUENCE.Word	LOADING RESOURCE SURFACE FROM DISK
3429922.361	Test_Phase.SEQUENCE.Word	LOADING RESOURCE SURFACE FROM DISK
3437429.917	Test_Phase.SEQUENCE.Word	LOADING RESOURCE SURFACE FROM DISK
3444505.762	Test_Phase.SEQUENCE.Word	LOADING RESOURCE SURFACE FROM DISK
3448021.2	DISPLAY_SCREEN	LOADING RESOURCE SURFACE FROM DISK
