5009.751	DISPLAY_SCREEN[1]	LOADING RESOURCE SURFACE FROM DISK
5005143.586	Familiarization_Phase.SEQUENCE.Cue_and_Instruction	LOADING RESOURCE SURFACE FROM DISK
5005159.549	Familiarization_Phase.SEQUENCE.Cue_and_Instruction	LOADING RESOURCE SURFACE FROM DISK
5011203.935	Familiarization_Phase.SEQUENCE.Cue_and_Instruction	LOADING RESOURCE SURFACE FROM DISK
5011208.684	Familiarization_Phase.SEQUENCE.Cue_and_Instruction	LOADING RESOURCE SURFACE FROM DISK
5017254.459	Familiarization_Phase.SEQUENCE.Cue_and_Instruction	LOADING RESOURCE SURFACE FROM DISK
5017259.158	Familiarization_Phase.SEQUENCE.Cue_and_Instruction	LOADING RESOURCE SURFACE FROM DISK
5059669.404	DISPLAY_SCREEN[3]	LOADING RESOURCE SURFACE FROM DISK
5063375.32	DISPLAY_SCREEN[5]	LOADING RESOURCE SURFACE FROM DISK
5212324.112	Practice_Phase.SEQUENCE.Blink_Screen	LOADING RESOURCE SURFACE FROM DISK
5212325.276	Practice_Phase.SEQUENCE.Blink_Screen	flip time is later than desired time. Desired Time=5212067 Flip Time=5212333 Retrace Rate=16.641, prepareTime=282 flip request time 5212324
5213557.129	Practice_Phase.SEQUENCE.Practice_Luminance_Cue	LOADING RESOURCE SURFACE FROM DISK
5213559.639	Practice_Phase.SEQUENCE.Practice_Luminance_Cue	LOADING RESOURCE SURFACE FROM DISK
5213561.225	Practice_Phase.SEQUENCE.Practice_Luminance_Cue	flip time is later than desired time. Desired Time=5213533 Flip Time=5213583 Retrace Rate=16.641, prepareTime=51 flip request time 5213560
5214104.449	Practice_Phase.SEQUENCE.DISPLAY_SCREEN	LOADING RESOURCE SURFACE FROM DISK
5214106.439	Practice_Phase.SEQUENCE.DISPLAY_SCREEN	flip time is later than desired time. Desired Time=5214083 Flip Time=5214117 Retrace Rate=16.641, prepareTime=46 flip request time 5214106
5215637.255	Practice_Phase.SEQUENCE.Practice_Instruction	LOADING RESOURCE SURFACE FROM DISK
5215638.663	Practice_Phase.SEQUENCE.Practice_Instruction	flip time is later than desired time. Desired Time=5215617 Flip Time=5215650 Retrace Rate=16.641, prepareTime=45 flip request time 5215638
5222216.994	Practice_Phase.SEQUENCE.DISPLAY_SCREEN	LOADING RESOURCE SURFACE FROM DISK
5222218.809	Practice_Phase.SEQUENCE.DISPLAY_SCREEN	flip time is later than desired time. Desired Time=5222217 Flip Time=5222233 Retrace Rate=16.641, prepareTime=25 flip request time 5222218
5223770.3	Practice_Phase.SEQUENCE.Practice_Instruction	LOADING RESOURCE SURFACE FROM DISK
5223771.831	Practice_Phase.SEQUENCE.Practice_Instruction	flip time is later than desired time. Desired Time=5223733 Flip Time=5223783 Retrace Rate=16.641, prepareTime=62 flip request time 5223771
5230367.29	Practice_Phase.SEQUENCE.DISPLAY_SCREEN	LOADING RESOURCE SURFACE FROM DISK
5230369.175	Practice_Phase.SEQUENCE.DISPLAY_SCREEN	flip time is later than desired time. Desired Time=5230350 Flip Time=5230383 Retrace Rate=16.641, prepareTime=42 flip request time 5230368
5231861.986	Practice_Phase.SEQUENCE.Practice_Instruction	LOADING RESOURCE SURFACE FROM DISK
5238431.892	Practice_Phase.SEQUENCE.DISPLAY_SCREEN	LOADING RESOURCE SURFACE FROM DISK
5239928.631	Practice_Phase.SEQUENCE.Practice_Instruction	LOADING RESOURCE SURFACE FROM DISK
5246498.476	Practice_Phase.SEQUENCE.DISPLAY_SCREEN	LOADING RESOURCE SURFACE FROM DISK
5248028.312	Practice_Phase.SEQUENCE.Practice_Instruction	LOADING RESOURCE SURFACE FROM DISK
5248029.914	Practice_Phase.SEQUENCE.Practice_Instruction	flip time is later than desired time. Desired Time=5248017 Flip Time=5248050 Retrace Rate=16.641, prepareTime=36 flip request time 5248029
5254598.468	Practice_Phase.SEQUENCE.DISPLAY_SCREEN	LOADING RESOURCE SURFACE FROM DISK
5256136.025	Practice_Phase.SEQUENCE.Practice_Instruction	LOADING RESOURCE SURFACE FROM DISK
5256137.485	Practice_Phase.SEQUENCE.Practice_Instruction	flip time is later than desired time. Desired Time=5256117 Flip Time=5256150 Retrace Rate=16.641, prepareTime=44 flip request time 5256137
5262698.527	Practice_Phase.SEQUENCE.DISPLAY_SCREEN	LOADING RESOURCE SURFACE FROM DISK
5264195.333	Practice_Phase.SEQUENCE.Practice_Instruction	LOADING RESOURCE SURFACE FROM DISK
5270765.054	Practice_Phase.SEQUENCE.DISPLAY_SCREEN	LOADING RESOURCE SURFACE FROM DISK
5272261.966	Practice_Phase.SEQUENCE.Practice_Instruction	LOADING RESOURCE SURFACE FROM DISK
5278831.768	Practice_Phase.SEQUENCE.DISPLAY_SCREEN	LOADING RESOURCE SURFACE FROM DISK
5280368.746	Practice_Phase.SEQUENCE.Practice_Instruction	LOADING RESOURCE SURFACE FROM DISK
5280370.293	Practice_Phase.SEQUENCE.Practice_Instruction	flip time is later than desired time. Desired Time=5280350 Flip Time=5280383 Retrace Rate=16.641, prepareTime=44 flip request time 5280370
5285039.686	DISPLAY_SCREEN[2]	LOADING RESOURCE SURFACE FROM DISK
5496023.578	Study_Phase.SEQUENCE.DISPLAY_SCREEN	LOADING RESOURCE SURFACE FROM DISK
5497819.436	Study_Phase.SEQUENCE.Study_Instruction	LOADING RESOURCE SURFACE FROM DISK
5506120.79	Study_Phase.SEQUENCE.Study_Instruction	LOADING RESOURCE SURFACE FROM DISK
5514423.016	Study_Phase.SEQUENCE.Study_Instruction	LOADING RESOURCE SURFACE FROM DISK
5521173.267	Study_Phase.SEQUENCE.DISPLAY_SCREEN	LOADING RESOURCE SURFACE FROM DISK
5522687.393	Study_Phase.SEQUENCE.Study_Instruction	LOADING RESOURCE SURFACE FROM DISK
5529423.154	Study_Phase.SEQUENCE.DISPLAY_SCREEN	LOADING RESOURCE SURFACE FROM DISK
5530974.606	Study_Phase.SEQUENCE.Study_Instruction	LOADING RESOURCE SURFACE FROM DISK
5537739.989	Study_Phase.SEQUENCE.DISPLAY_SCREEN	LOADING RESOURCE SURFACE FROM DISK
5539253.959	Study_Phase.SEQUENCE.Study_Instruction	LOADING RESOURCE SURFACE FROM DISK
5547554.521	Study_Phase.SEQUENCE.Study_Instruction	LOADING RESOURCE SURFACE FROM DISK
5554306.67	Study_Phase.SEQUENCE.DISPLAY_SCREEN	LOADING RESOURCE SURFACE FROM DISK
5555820.638	Study_Phase.SEQUENCE.Study_Instruction	LOADING RESOURCE SURFACE FROM DISK
5564129.189	Study_Phase.SEQUENCE.Study_Instruction	LOADING RESOURCE SURFACE FROM DISK
5570856.77	Study_Phase.SEQUENCE.DISPLAY_SCREEN	LOADING RESOURCE SURFACE FROM DISK
5572384.96	Study_Phase.SEQUENCE.Study_Instruction	LOADING RESOURCE SURFACE FROM DISK
5580663.202	Study_Phase.SEQUENCE.Study_Instruction	LOADING RESOURCE SURFACE FROM DISK
5588974.746	Study_Phase.SEQUENCE.Study_Instruction	LOADING RESOURCE SURFACE FROM DISK
5597295.538	Study_Phase.SEQUENCE.Study_Instruction	LOADING RESOURCE SURFACE FROM DISK
5605609.079	Study_Phase.SEQUENCE.Study_Instruction	LOADING RESOURCE SURFACE FROM DISK
5612373.301	Study_Phase.SEQUENCE.DISPLAY_SCREEN	LOADING RESOURCE SURFACE FROM DISK
5613887.396	Study_Phase.SEQUENCE.Study_Instruction	LOADING RESOURCE SURFACE FROM DISK
5622192.389	Study_Phase.SEQUENCE.Study_Instruction	LOADING RESOURCE SURFACE FROM DISK
5630507.341	Study_Phase.SEQUENCE.Study_Instruction	LOADING RESOURCE SURFACE FROM DISK
5637256.614	Study_Phase.SEQUENCE.DISPLAY_SCREEN	LOADING RESOURCE SURFACE FROM DISK
5638805.475	Study_Phase.SEQUENCE.Study_Instruction	LOADING RESOURCE SURFACE FROM DISK
5645556.821	Study_Phase.SEQUENCE.DISPLAY_SCREEN	LOADING RESOURCE SURFACE FROM DISK
5647109.023	Study_Phase.SEQUENCE.Study_Instruction	LOADING RESOURCE SURFACE FROM DISK
5653873.233	Study_Phase.SEQUENCE.DISPLAY_SCREEN	LOADING RESOURCE SURFACE FROM DISK
5655428.379	Study_Phase.SEQUENCE.Study_Instruction	LOADING RESOURCE SURFACE FROM DISK
5663737.319	Study_Phase.SEQUENCE.Study_Instruction	LOADING RESOURCE SURFACE FROM DISK
5672028.561	Study_Phase.SEQUENCE.Study_Instruction	LOADING RESOURCE SURFACE FROM DISK
5680337.364	Study_Phase.SEQUENCE.Study_Instruction	LOADING RESOURCE SURFACE FROM DISK
5687089.818	Study_Phase.SEQUENCE.DISPLAY_SCREEN	LOADING RESOURCE SURFACE FROM DISK
5688603.996	Study_Phase.SEQUENCE.Study_Instruction	LOADING RESOURCE SURFACE FROM DISK
5696911.188	Study_Phase.SEQUENCE.Study_Instruction	LOADING RESOURCE SURFACE FROM DISK
5703673.147	Study_Phase.SEQUENCE.DISPLAY_SCREEN	LOADING RESOURCE SURFACE FROM DISK
5705225.739	Study_Phase.SEQUENCE.Study_Instruction	LOADING RESOURCE SURFACE FROM DISK
5713538.042	Study_Phase.SEQUENCE.Study_Instruction	LOADING RESOURCE SURFACE FROM DISK
5721844.096	Study_Phase.SEQUENCE.Study_Instruction	LOADING RESOURCE SURFACE FROM DISK
5730157.798	Study_Phase.SEQUENCE.Study_Instruction	LOADING RESOURCE SURFACE FROM DISK
5736923.111	Study_Phase.SEQUENCE.DISPLAY_SCREEN	LOADING RESOURCE SURFACE FROM DISK
5738478.828	Study_Phase.SEQUENCE.Study_Instruction	LOADING RESOURCE SURFACE FROM DISK
5746793.494	Study_Phase.SEQUENCE.Study_Instruction	LOADING RESOURCE SURFACE FROM DISK
5755112.854	Study_Phase.SEQUENCE.Study_Instruction	LOADING RESOURCE SURFACE FROM DISK
5761873.167	Study_Phase.SEQUENCE.DISPLAY_SCREEN	LOADING RESOURCE SURFACE FROM DISK
5763424.638	Study_Phase.SEQUENCE.Study_Instruction	LOADING RESOURCE SURFACE FROM DISK
5771703.921	Study_Phase.SEQUENCE.Study_Instruction	LOADING RESOURCE SURFACE FROM DISK
5779970.07	Study_Phase.SEQUENCE.Study_Instruction	LOADING RESOURCE SURFACE FROM DISK
5788279.815	Study_Phase.SEQUENCE.Study_Instruction	LOADING RESOURCE SURFACE FROM DISK
5795039.917	Study_Phase.SEQUENCE.DISPLAY_SCREEN	LOADING RESOURCE SURFACE FROM DISK
5796589.746	Study_Phase.SEQUENCE.Study_Instruction	LOADING RESOURCE SURFACE FROM DISK
5803323.145	Study_Phase.SEQUENCE.DISPLAY_SCREEN	LOADING RESOURCE SURFACE FROM DISK
5804872.427	Study_Phase.SEQUENCE.Study_Instruction	LOADING RESOURCE SURFACE FROM DISK
5811623.128	Study_Phase.SEQUENCE.DISPLAY_SCREEN	LOADING RESOURCE SURFACE FROM DISK
5813181.737	Study_Phase.SEQUENCE.Study_Instruction	LOADING RESOURCE SURFACE FROM DISK
5819939.88	Study_Phase.SEQUENCE.DISPLAY_SCREEN	LOADING RESOURCE SURFACE FROM DISK
5821487.53	Study_Phase.SEQUENCE.Study_Instruction	LOADING RESOURCE SURFACE FROM DISK
5829790.771	Study_Phase.SEQUENCE.Study_Instruction	LOADING RESOURCE SURFACE FROM DISK
5836539.96	Study_Phase.SEQUENCE.DISPLAY_SCREEN	LOADING RESOURCE SURFACE FROM DISK
5838088.676	Study_Phase.SEQUENCE.Study_Instruction	LOADING RESOURCE SURFACE FROM DISK
5844839.947	Study_Phase.SEQUENCE.DISPLAY_SCREEN	LOADING RESOURCE SURFACE FROM DISK
5846387.275	Study_Phase.SEQUENCE.Study_Instruction	LOADING RESOURCE SURFACE FROM DISK
5854653.469	Study_Phase.SEQUENCE.Study_Instruction	LOADING RESOURCE SURFACE FROM DISK
5862954.035	Study_Phase.SEQUENCE.Study_Instruction	LOADING RESOURCE SURFACE FROM DISK
5871255.016	Study_Phase.SEQUENCE.Study_Instruction	LOADING RESOURCE SURFACE FROM DISK
5879555.838	Study_Phase.SEQUENCE.Study_Instruction	LOADING RESOURCE SURFACE FROM DISK
5886306.694	Study_Phase.SEQUENCE.DISPLAY_SCREEN	LOADING RESOURCE SURFACE FROM DISK
5887853.822	Study_Phase.SEQUENCE.Study_Instruction	LOADING RESOURCE SURFACE FROM DISK
5896154.171	Study_Phase.SEQUENCE.Study_Instruction	LOADING RESOURCE SURFACE FROM DISK
5904463.121	Study_Phase.SEQUENCE.Study_Instruction	LOADING RESOURCE SURFACE FROM DISK
5911223.494	Study_Phase.SEQUENCE.DISPLAY_SCREEN	LOADING RESOURCE SURFACE FROM DISK
5912737.361	Study_Phase.SEQUENCE.Study_Instruction	LOADING RESOURCE SURFACE FROM DISK
5921004.073	Study_Phase.SEQUENCE.Study_Instruction	LOADING RESOURCE SURFACE FROM DISK
5929286.043	Study_Phase.SEQUENCE.Study_Instruction	LOADING RESOURCE SURFACE FROM DISK
5936039.937	Study_Phase.SEQUENCE.DISPLAY_SCREEN	LOADING RESOURCE SURFACE FROM DISK
5937595.498	Study_Phase.SEQUENCE.Study_Instruction	LOADING RESOURCE SURFACE FROM DISK
5944356.405	Study_Phase.SEQUENCE.DISPLAY_SCREEN	LOADING RESOURCE SURFACE FROM DISK
5945906.237	Study_Phase.SEQUENCE.Study_Instruction	LOADING RESOURCE SURFACE FROM DISK
5952656.57	Study_Phase.SEQUENCE.DISPLAY_SCREEN	LOADING RESOURCE SURFACE FROM DISK
5954170.611	Study_Phase.SEQUENCE.Study_Instruction	LOADING RESOURCE SURFACE FROM DISK
5962403.227	Study_Phase.SEQUENCE.Study_Instruction	LOADING RESOURCE SURFACE FROM DISK
5970705.252	Study_Phase.SEQUENCE.Study_Instruction	LOADING RESOURCE SURFACE FROM DISK
5979005.902	Study_Phase.SEQUENCE.Study_Instruction	LOADING RESOURCE SURFACE FROM DISK
5985756.555	Study_Phase.SEQUENCE.DISPLAY_SCREEN	LOADING RESOURCE SURFACE FROM DISK
5987304.865	Study_Phase.SEQUENCE.Study_Instruction	LOADING RESOURCE SURFACE FROM DISK
5995605.562	Study_Phase.SEQUENCE.Study_Instruction	LOADING RESOURCE SURFACE FROM DISK
6002356.806	Study_Phase.SEQUENCE.DISPLAY_SCREEN	LOADING RESOURCE SURFACE FROM DISK
6003870.667	Study_Phase.SEQUENCE.Study_Instruction	LOADING RESOURCE SURFACE FROM DISK
6012120.74	Study_Phase.SEQUENCE.Study_Instruction	LOADING RESOURCE SURFACE FROM DISK
6018873.297	Study_Phase.SEQUENCE.DISPLAY_SCREEN	LOADING RESOURCE SURFACE FROM DISK
6020427.011	Study_Phase.SEQUENCE.Study_Instruction	LOADING RESOURCE SURFACE FROM DISK
6028738.675	Study_Phase.SEQUENCE.Study_Instruction	LOADING RESOURCE SURFACE FROM DISK
6035489.943	Study_Phase.SEQUENCE.DISPLAY_SCREEN	LOADING RESOURCE SURFACE FROM DISK
6037003.713	Study_Phase.SEQUENCE.Study_Instruction	LOADING RESOURCE SURFACE FROM DISK
6043756.707	Study_Phase.SEQUENCE.DISPLAY_SCREEN	LOADING RESOURCE SURFACE FROM DISK
6045314.146	Study_Phase.SEQUENCE.Study_Instruction	LOADING RESOURCE SURFACE FROM DISK
6053605.138	Study_Phase.SEQUENCE.Study_Instruction	LOADING RESOURCE SURFACE FROM DISK
6061905.222	Study_Phase.SEQUENCE.Study_Instruction	LOADING RESOURCE SURFACE FROM DISK
6070170.041	Study_Phase.SEQUENCE.Study_Instruction	LOADING RESOURCE SURFACE FROM DISK
6078471.694	Study_Phase.SEQUENCE.Study_Instruction	LOADING RESOURCE SURFACE FROM DISK
6086769.453	Study_Phase.SEQUENCE.Study_Instruction	LOADING RESOURCE SURFACE FROM DISK
6093523.356	Study_Phase.SEQUENCE.DISPLAY_SCREEN	LOADING RESOURCE SURFACE FROM DISK
6095069.61	Study_Phase.SEQUENCE.Study_Instruction	LOADING RESOURCE SURFACE FROM DISK
6103337.34	Study_Phase.SEQUENCE.Study_Instruction	LOADING RESOURCE SURFACE FROM DISK
6110073.187	Study_Phase.SEQUENCE.DISPLAY_SCREEN	LOADING RESOURCE SURFACE FROM DISK
6111620.509	Study_Phase.SEQUENCE.Study_Instruction	LOADING RESOURCE SURFACE FROM DISK
6119958.334	Study_Phase.SEQUENCE.Study_Instruction	LOADING RESOURCE SURFACE FROM DISK
6128236.589	Study_Phase.SEQUENCE.Study_Instruction	LOADING RESOURCE SURFACE FROM DISK
6136503.739	Study_Phase.SEQUENCE.Study_Instruction	LOADING RESOURCE SURFACE FROM DISK
6143256.611	Study_Phase.SEQUENCE.DISPLAY_SCREEN	LOADING RESOURCE SURFACE FROM DISK
6144780.342	Study_Phase.SEQUENCE.Study_Instruction	LOADING RESOURCE SURFACE FROM DISK
6153093.633	Study_Phase.SEQUENCE.Study_Instruction	LOADING RESOURCE SURFACE FROM DISK
6161411.141	Study_Phase.SEQUENCE.Study_Instruction	LOADING RESOURCE SURFACE FROM DISK
6168173.37	Study_Phase.SEQUENCE.DISPLAY_SCREEN	LOADING RESOURCE SURFACE FROM DISK
6169710.231	Study_Phase.SEQUENCE.Study_Instruction	LOADING RESOURCE SURFACE FROM DISK
6178023.727	Study_Phase.SEQUENCE.Study_Instruction	LOADING RESOURCE SURFACE FROM DISK
6184773.056	Study_Phase.SEQUENCE.DISPLAY_SCREEN	LOADING RESOURCE SURFACE FROM DISK
6186320.919	Study_Phase.SEQUENCE.Study_Instruction	LOADING RESOURCE SURFACE FROM DISK
6194587.197	Study_Phase.SEQUENCE.Study_Instruction	LOADING RESOURCE SURFACE FROM DISK
6201339.706	Study_Phase.SEQUENCE.DISPLAY_SCREEN	LOADING RESOURCE SURFACE FROM DISK
6202874.009	Study_Phase.SEQUENCE.Study_Instruction	LOADING RESOURCE SURFACE FROM DISK
6211155.384	Study_Phase.SEQUENCE.Study_Instruction	LOADING RESOURCE SURFACE FROM DISK
6217873.037	Study_Phase.SEQUENCE.DISPLAY_SCREEN	LOADING RESOURCE SURFACE FROM DISK
6219422.03	Study_Phase.SEQUENCE.Study_Instruction	LOADING RESOURCE SURFACE FROM DISK
6227729.006	Study_Phase.SEQUENCE.Study_Instruction	LOADING RESOURCE SURFACE FROM DISK
6234489.951	Study_Phase.SEQUENCE.DISPLAY_SCREEN	LOADING RESOURCE SURFACE FROM DISK
6236063.861	Study_Phase.SEQUENCE.Study_Instruction	LOADING RESOURCE SURFACE FROM DISK
6242823.159	Study_Phase.SEQUENCE.DISPLAY_SCREEN	LOADING RESOURCE SURFACE FROM DISK
6244374.917	Study_Phase.SEQUENCE.Study_Instruction	LOADING RESOURCE SURFACE FROM DISK
6251139.82	Study_Phase.SEQUENCE.DISPLAY_SCREEN	LOADING RESOURCE SURFACE FROM DISK
6252692.826	Study_Phase.SEQUENCE.Study_Instruction	LOADING RESOURCE SURFACE FROM DISK
6259506.615	Study_Phase.SEQUENCE.DISPLAY_SCREEN	LOADING RESOURCE SURFACE FROM DISK
6261063.562	Study_Phase.SEQUENCE.Study_Instruction	LOADING RESOURCE SURFACE FROM DISK
6269373.937	Study_Phase.SEQUENCE.Study_Instruction	LOADING RESOURCE SURFACE FROM DISK
6276123.171	Study_Phase.SEQUENCE.DISPLAY_SCREEN	LOADING RESOURCE SURFACE FROM DISK
6277675.863	Study_Phase.SEQUENCE.Study_Instruction	LOADING RESOURCE SURFACE FROM DISK
6285995.723	Study_Phase.SEQUENCE.Study_Instruction	LOADING RESOURCE SURFACE FROM DISK
6294280.604	Study_Phase.SEQUENCE.Study_Instruction	LOADING RESOURCE SURFACE FROM DISK
6301039.861	Study_Phase.SEQUENCE.DISPLAY_SCREEN	LOADING RESOURCE SURFACE FROM DISK
6302587.686	Study_Phase.SEQUENCE.Study_Instruction	LOADING RESOURCE SURFACE FROM DISK
6310837.515	Study_Phase.SEQUENCE.Study_Instruction	LOADING RESOURCE SURFACE FROM DISK
6317573.214	Study_Phase.SEQUENCE.DISPLAY_SCREEN	LOADING RESOURCE SURFACE FROM DISK
6319087.304	Study_Phase.SEQUENCE.Study_Instruction	LOADING RESOURCE SURFACE FROM DISK
6325823.291	Study_Phase.SEQUENCE.DISPLAY_SCREEN	LOADING RESOURCE SURFACE FROM DISK
6327373.563	Study_Phase.SEQUENCE.Study_Instruction	LOADING RESOURCE SURFACE FROM DISK
6335636.786	Study_Phase.SEQUENCE.Study_Instruction	LOADING RESOURCE SURFACE FROM DISK
6343938.302	Study_Phase.SEQUENCE.Study_Instruction	LOADING RESOURCE SURFACE FROM DISK
6352203.326	Study_Phase.SEQUENCE.Study_Instruction	LOADING RESOURCE SURFACE FROM DISK
6360510.635	Study_Phase.SEQUENCE.Study_Instruction	LOADING RESOURCE SURFACE FROM DISK
6368806.246	Study_Phase.SEQUENCE.Study_Instruction	LOADING RESOURCE SURFACE FROM DISK
6375539.895	Study_Phase.SEQUENCE.DISPLAY_SCREEN	LOADING RESOURCE SURFACE FROM DISK
6377053.925	Study_Phase.SEQUENCE.Study_Instruction	LOADING RESOURCE SURFACE FROM DISK
6385355.425	Study_Phase.SEQUENCE.Study_Instruction	LOADING RESOURCE SURFACE FROM DISK
6393659.222	Study_Phase.SEQUENCE.Study_Instruction	LOADING RESOURCE SURFACE FROM DISK
6402053.689	Study_Phase.SEQUENCE.Study_Instruction	LOADING RESOURCE SURFACE FROM DISK
6408806.497	Study_Phase.SEQUENCE.DISPLAY_SCREEN	LOADING RESOURCE SURFACE FROM DISK
6410362.934	Study_Phase.SEQUENCE.Study_Instruction	LOADING RESOURCE SURFACE FROM DISK
6418679.951	Study_Phase.SEQUENCE.Study_Instruction	LOADING RESOURCE SURFACE FROM DISK
6426994.09	Study_Phase.SEQUENCE.Study_Instruction	LOADING RESOURCE SURFACE FROM DISK
6433756.489	Study_Phase.SEQUENCE.DISPLAY_SCREEN	LOADING RESOURCE SURFACE FROM DISK
6435303.022	Study_Phase.SEQUENCE.Study_Instruction	LOADING RESOURCE SURFACE FROM DISK
6442056.754	Study_Phase.SEQUENCE.DISPLAY_SCREEN	LOADING RESOURCE SURFACE FROM DISK
6443614.746	Study_Phase.SEQUENCE.Study_Instruction	LOADING RESOURCE SURFACE FROM DISK
6450356.738	Study_Phase.SEQUENCE.DISPLAY_SCREEN	LOADING RESOURCE SURFACE FROM DISK
6451909.153	Study_Phase.SEQUENCE.Study_Instruction	LOADING RESOURCE SURFACE FROM DISK
6460222.216	Study_Phase.SEQUENCE.Study_Instruction	LOADING RESOURCE SURFACE FROM DISK
6468522.383	Study_Phase.SEQUENCE.Study_Instruction	LOADING RESOURCE SURFACE FROM DISK
6475273.352	Study_Phase.SEQUENCE.DISPLAY_SCREEN	LOADING RESOURCE SURFACE FROM DISK
6476825.666	Study_Phase.SEQUENCE.Study_Instruction	LOADING RESOURCE SURFACE FROM DISK
6485145.374	Study_Phase.SEQUENCE.Study_Instruction	LOADING RESOURCE SURFACE FROM DISK
6489859.759	DISPLAY_SCREEN[7]	LOADING RESOURCE SURFACE FROM DISK
6635012.428	Test_Phase.SEQUENCE.Target_Cue	LOADING RESOURCE SURFACE FROM DISK
6635014.503	Test_Phase.SEQUENCE.Target_Cue	LOADING RESOURCE SURFACE FROM DISK
6637036.796	Test_Phase.SEQUENCE.Word	LOADING RESOURCE SURFACE FROM DISK
6640053.118	Test_Phase.SEQUENCE.Test_Question	LOADING RESOURCE SURFACE FROM DISK
6640095.418	Test_Phase.SEQUENCE.Test_Question	LOADING RESOURCE SURFACE FROM DISK
6640107.991	Test_Phase.SEQUENCE.Test_Question	LOADING RESOURCE SURFACE FROM DISK
6640116.668	Test_Phase.SEQUENCE.Test_Question	LOADING RESOURCE SURFACE FROM DISK
6640130.066	Test_Phase.SEQUENCE.Test_Question	LOADING RESOURCE SURFACE FROM DISK
6640131.99	Test_Phase.SEQUENCE.Test_Question	LOADING RESOURCE SURFACE FROM DISK
6640133.767	Test_Phase.SEQUENCE.Test_Question	LOADING RESOURCE SURFACE FROM DISK
6640135.533	Test_Phase.SEQUENCE.Test_Question	LOADING RESOURCE SURFACE FROM DISK
6640143.617	Test_Phase.SEQUENCE.Test_Question	LOADING RESOURCE SURFACE FROM DISK
6640145.443	Test_Phase.SEQUENCE.Test_Question	LOADING RESOURCE SURFACE FROM DISK
6640159.004	Test_Phase.SEQUENCE.Test_Question	LOADING RESOURCE SURFACE FROM DISK
6640160.811	Test_Phase.SEQUENCE.Test_Question	LOADING RESOURCE SURFACE FROM DISK
6645686.527	Test_Phase.SEQUENCE.Word	LOADING RESOURCE SURFACE FROM DISK
6654403.548	Test_Phase.SEQUENCE.Word	LOADING RESOURCE SURFACE FROM DISK
6662296.734	Test_Phase.SEQUENCE.Word	LOADING RESOURCE SURFACE FROM DISK
6671453.944	Test_Phase.SEQUENCE.Word	LOADING RESOURCE SURFACE FROM DISK
6679836.623	Test_Phase.SEQUENCE.Word	LOADING RESOURCE SURFACE FROM DISK
6688706.125	Test_Phase.SEQUENCE.Word	LOADING RESOURCE SURFACE FROM DISK
6696720.078	Test_Phase.SEQUENCE.Word	LOADING RESOURCE SURFACE FROM DISK
6704753.378	Test_Phase.SEQUENCE.Word	LOADING RESOURCE SURFACE FROM DISK
6712820.417	Test_Phase.SEQUENCE.Word	LOADING RESOURCE SURFACE FROM DISK
6721653.233	Test_Phase.SEQUENCE.Word	LOADING RESOURCE SURFACE FROM DISK
6730486.635	Test_Phase.SEQUENCE.Word	LOADING RESOURCE SURFACE FROM DISK
6739036.455	Test_Phase.SEQUENCE.Word	LOADING RESOURCE SURFACE FROM DISK
6747086.705	Test_Phase.SEQUENCE.Word	LOADING RESOURCE SURFACE FROM DISK
6754959.315	Test_Phase.SEQUENCE.Word	LOADING RESOURCE SURFACE FROM DISK
6763020.173	Test_Phase.SEQUENCE.Word	LOADING RESOURCE SURFACE FROM DISK
6772036.674	Test_Phase.SEQUENCE.Word	LOADING RESOURCE SURFACE FROM DISK
6779986.685	Test_Phase.SEQUENCE.Word	LOADING RESOURCE SURFACE FROM DISK
6788769.988	Test_Phase.SEQUENCE.Word	LOADING RESOURCE SURFACE FROM DISK
6798136.568	Test_Phase.SEQUENCE.Word	LOADING RESOURCE SURFACE FROM DISK
6807369.929	Test_Phase.SEQUENCE.Word	LOADING RESOURCE SURFACE FROM DISK
6815536.587	Test_Phase.SEQUENCE.Word	LOADING RESOURCE SURFACE FROM DISK
6824223.331	Test_Phase.SEQUENCE.Word	LOADING RESOURCE SURFACE FROM DISK
6831995.096	Test_Phase.SEQUENCE.Word	LOADING RESOURCE SURFACE FROM DISK
6839936.557	Test_Phase.SEQUENCE.Word	LOADING RESOURCE SURFACE FROM DISK
6847970.01	Test_Phase.SEQUENCE.Word	LOADING RESOURCE SURFACE FROM DISK
6855786.742	Test_Phase.SEQUENCE.Word	LOADING RESOURCE SURFACE FROM DISK
6863570.23	Test_Phase.SEQUENCE.Word	LOADING RESOURCE SURFACE FROM DISK
6871936.577	Test_Phase.SEQUENCE.Word	LOADING RESOURCE SURFACE FROM DISK
6879836.647	Test_Phase.SEQUENCE.Word	LOADING RESOURCE SURFACE FROM DISK
6888120.137	Test_Phase.SEQUENCE.Word	LOADING RESOURCE SURFACE FROM DISK
6896003.377	Test_Phase.SEQUENCE.Word	LOADING RESOURCE SURFACE FROM DISK
6904339.329	Test_Phase.SEQUENCE.Word	LOADING RESOURCE SURFACE FROM DISK
6912153.226	Test_Phase.SEQUENCE.Word	LOADING RESOURCE SURFACE FROM DISK
6919936.576	Test_Phase.SEQUENCE.Word	LOADING RESOURCE SURFACE FROM DISK
6929445.205	Test_Phase.SEQUENCE.Word	LOADING RESOURCE SURFACE FROM DISK
6937369.949	Test_Phase.SEQUENCE.Word	LOADING RESOURCE SURFACE FROM DISK
6945836.694	Test_Phase.SEQUENCE.Word	LOADING RESOURCE SURFACE FROM DISK
6953986.483	Test_Phase.SEQUENCE.Word	LOADING RESOURCE SURFACE FROM DISK
6962069.916	Test_Phase.SEQUENCE.Word	LOADING RESOURCE SURFACE FROM DISK
6970041.935	Test_Phase.SEQUENCE.Word	LOADING RESOURCE SURFACE FROM DISK
6977770.347	Test_Phase.SEQUENCE.Word	LOADING RESOURCE SURFACE FROM DISK
6985653.488	Test_Phase.SEQUENCE.Word	LOADING RESOURCE SURFACE FROM DISK
6994341.3	Test_Phase.SEQUENCE.Word	LOADING RESOURCE SURFACE FROM DISK
7002453.59	Test_Phase.SEQUENCE.Word	LOADING RESOURCE SURFACE FROM DISK
7011320.259	Test_Phase.SEQUENCE.Word	LOADING RESOURCE SURFACE FROM DISK
7018985.852	Test_Phase.SEQUENCE.Word	LOADING RESOURCE SURFACE FROM DISK
7026707.469	Test_Phase.SEQUENCE.Word	LOADING RESOURCE SURFACE FROM DISK
7034969.984	Test_Phase.SEQUENCE.Word	LOADING RESOURCE SURFACE FROM DISK
7042936.646	Test_Phase.SEQUENCE.Word	LOADING RESOURCE SURFACE FROM DISK
7051941.565	Test_Phase.SEQUENCE.Word	LOADING RESOURCE SURFACE FROM DISK
7059703.358	Test_Phase.SEQUENCE.Word	LOADING RESOURCE SURFACE FROM DISK
7068736.588	Test_Phase.SEQUENCE.Word	LOADING RESOURCE SURFACE FROM DISK
7076637.847	Test_Phase.SEQUENCE.Word	LOADING RESOURCE SURFACE FROM DISK
7084504.637	Test_Phase.SEQUENCE.Word	LOADING RESOURCE SURFACE FROM DISK
7092153.305	Test_Phase.SEQUENCE.Word	LOADING RESOURCE SURFACE FROM DISK
7100370.833	Test_Phase.SEQUENCE.Word	LOADING RESOURCE SURFACE FROM DISK
7109126.59	Test_Phase.SEQUENCE.Word	LOADING RESOURCE SURFACE FROM DISK
7117411.227	Test_Phase.SEQUENCE.Word	LOADING RESOURCE SURFACE FROM DISK
7126869.969	Test_Phase.SEQUENCE.Word	LOADING RESOURCE SURFACE FROM DISK
7134770.046	Test_Phase.SEQUENCE.Word	LOADING RESOURCE SURFACE FROM DISK
7142586.508	Test_Phase.SEQUENCE.Word	LOADING RESOURCE SURFACE FROM DISK
7150859.181	Test_Phase.SEQUENCE.Word	LOADING RESOURCE SURFACE FROM DISK
7160170.395	Test_Phase.SEQUENCE.Word	LOADING RESOURCE SURFACE FROM DISK
7167870.221	Test_Phase.SEQUENCE.Word	LOADING RESOURCE SURFACE FROM DISK
7175720.219	Test_Phase.SEQUENCE.Word	LOADING RESOURCE SURFACE FROM DISK
7183570.175	Test_Phase.SEQUENCE.Word	LOADING RESOURCE SURFACE FROM DISK
7191547.572	Test_Phase.SEQUENCE.Word	LOADING RESOURCE SURFACE FROM DISK
7199403.324	Test_Phase.SEQUENCE.Word	LOADING RESOURCE SURFACE FROM DISK
7207046.284	Test_Phase.SEQUENCE.Word	LOADING RESOURCE SURFACE FROM DISK
7214846.259	Test_Phase.SEQUENCE.Word	LOADING RESOURCE SURFACE FROM DISK
7223602.472	Test_Phase.SEQUENCE.Word	LOADING RESOURCE SURFACE FROM DISK
7233136.544	Test_Phase.SEQUENCE.Word	LOADING RESOURCE SURFACE FROM DISK
7240890.853	Test_Phase.SEQUENCE.Word	LOADING RESOURCE SURFACE FROM DISK
7249320.077	Test_Phase.SEQUENCE.Word	LOADING RESOURCE SURFACE FROM DISK
7257553.425	Test_Phase.SEQUENCE.Word	LOADING RESOURCE SURFACE FROM DISK
7265277.645	Test_Phase.SEQUENCE.Word	LOADING RESOURCE SURFACE FROM DISK
7273187.125	Test_Phase.SEQUENCE.Word	LOADING RESOURCE SURFACE FROM DISK
7282170.028	Test_Phase.SEQUENCE.Word	LOADING RESOURCE SURFACE FROM DISK
7289920.119	Test_Phase.SEQUENCE.Word	LOADING RESOURCE SURFACE FROM DISK
7297702.679	Test_Phase.SEQUENCE.Word	LOADING RESOURCE SURFACE FROM DISK
7305606.883	Test_Phase.SEQUENCE.Word	LOADING RESOURCE SURFACE FROM DISK
7313277.678	Test_Phase.SEQUENCE.Word	LOADING RESOURCE SURFACE FROM DISK
7320855.368	Test_Phase.SEQUENCE.Word	LOADING RESOURCE SURFACE FROM DISK
7329053.552	Test_Phase.SEQUENCE.Word	LOADING RESOURCE SURFACE FROM DISK
7337036.663	Test_Phase.SEQUENCE.Word	LOADING RESOURCE SURFACE FROM DISK
7344642.237	Test_Phase.SEQUENCE.Word	LOADING RESOURCE SURFACE FROM DISK
7352742.736	Test_Phase.SEQUENCE.Word	LOADING RESOURCE SURFACE FROM DISK
7360453.287	Test_Phase.SEQUENCE.Word	LOADING RESOURCE SURFACE FROM DISK
7368020.094	Test_Phase.SEQUENCE.Word	LOADING RESOURCE SURFACE FROM DISK
7375761.141	Test_Phase.SEQUENCE.Word	LOADING RESOURCE SURFACE FROM DISK
7383969.963	Test_Phase.SEQUENCE.Word	LOADING RESOURCE SURFACE FROM DISK
7392036.534	Test_Phase.SEQUENCE.Word	LOADING RESOURCE SURFACE FROM DISK
7399971.585	Test_Phase.SEQUENCE.Word	LOADING RESOURCE SURFACE FROM DISK
7408486.61	Test_Phase.SEQUENCE.Word	LOADING RESOURCE SURFACE FROM DISK
7416486.572	Test_Phase.SEQUENCE.Word	LOADING RESOURCE SURFACE FROM DISK
7424136.681	Test_Phase.SEQUENCE.Word	LOADING RESOURCE SURFACE FROM DISK
7441853.343	Test_Phase.SEQUENCE.Word	LOADING RESOURCE SURFACE FROM DISK
7449703.474	Test_Phase.SEQUENCE.Word	LOADING RESOURCE SURFACE FROM DISK
7458086.736	Test_Phase.SEQUENCE.Word	LOADING RESOURCE SURFACE FROM DISK
7466020.112	Test_Phase.SEQUENCE.Word	LOADING RESOURCE SURFACE FROM DISK
7473836.625	Test_Phase.SEQUENCE.Word	LOADING RESOURCE SURFACE FROM DISK
7481920.037	Test_Phase.SEQUENCE.Word	LOADING RESOURCE SURFACE FROM DISK
7489745.927	Test_Phase.SEQUENCE.Word	LOADING RESOURCE SURFACE FROM DISK
7497773.463	Test_Phase.SEQUENCE.Word	LOADING RESOURCE SURFACE FROM DISK
7506209.44	Test_Phase.SEQUENCE.Word	LOADING RESOURCE SURFACE FROM DISK
7515136.7	Test_Phase.SEQUENCE.Word	LOADING RESOURCE SURFACE FROM DISK
7523103.825	Test_Phase.SEQUENCE.Word	LOADING RESOURCE SURFACE FROM DISK
7531246.042	Test_Phase.SEQUENCE.Word	LOADING RESOURCE SURFACE FROM DISK
7539603.569	Test_Phase.SEQUENCE.Word	LOADING RESOURCE SURFACE FROM DISK
7547569.984	Test_Phase.SEQUENCE.Word	LOADING RESOURCE SURFACE FROM DISK
7556020.243	Test_Phase.SEQUENCE.Word	LOADING RESOURCE SURFACE FROM DISK
7564278.531	Test_Phase.SEQUENCE.Word	LOADING RESOURCE SURFACE FROM DISK
7572103.37	Test_Phase.SEQUENCE.Word	LOADING RESOURCE SURFACE FROM DISK
7580636.545	Test_Phase.SEQUENCE.Word	LOADING RESOURCE SURFACE FROM DISK
7588569.96	Test_Phase.SEQUENCE.Word	LOADING RESOURCE SURFACE FROM DISK
7596419.999	Test_Phase.SEQUENCE.Word	LOADING RESOURCE SURFACE FROM DISK
7604103.322	Test_Phase.SEQUENCE.Word	LOADING RESOURCE SURFACE FROM DISK
7611453.551	Test_Phase.SEQUENCE.Word	LOADING RESOURCE SURFACE FROM DISK
7619321.348	Test_Phase.SEQUENCE.Word	LOADING RESOURCE SURFACE FROM DISK
7627303.695	Test_Phase.SEQUENCE.Word	LOADING RESOURCE SURFACE FROM DISK
7635253.249	Test_Phase.SEQUENCE.Word	LOADING RESOURCE SURFACE FROM DISK
7642987.539	Test_Phase.SEQUENCE.Word	LOADING RESOURCE SURFACE FROM DISK
7651120.062	Test_Phase.SEQUENCE.Word	LOADING RESOURCE SURFACE FROM DISK
7660810.863	Test_Phase.SEQUENCE.Word	LOADING RESOURCE SURFACE FROM DISK
7670053.359	Test_Phase.SEQUENCE.Word	LOADING RESOURCE SURFACE FROM DISK
7677836.677	Test_Phase.SEQUENCE.Word	LOADING RESOURCE SURFACE FROM DISK
7685920.029	Test_Phase.SEQUENCE.Word	LOADING RESOURCE SURFACE FROM DISK
7693603.272	Test_Phase.SEQUENCE.Word	LOADING RESOURCE SURFACE FROM DISK
7701421.264	Test_Phase.SEQUENCE.Word	LOADING RESOURCE SURFACE FROM DISK
7709720.007	Test_Phase.SEQUENCE.Word	LOADING RESOURCE SURFACE FROM DISK
7718219.947	Test_Phase.SEQUENCE.Word	LOADING RESOURCE SURFACE FROM DISK
7727786.802	Test_Phase.SEQUENCE.Word	LOADING RESOURCE SURFACE FROM DISK
7735729.15	Test_Phase.SEQUENCE.Word	LOADING RESOURCE SURFACE FROM DISK
7743720.172	Test_Phase.SEQUENCE.Word	LOADING RESOURCE SURFACE FROM DISK
7751729.051	Test_Phase.SEQUENCE.Word	LOADING RESOURCE SURFACE FROM DISK
7759836.695	Test_Phase.SEQUENCE.Word	LOADING RESOURCE SURFACE FROM DISK
7767786.503	Test_Phase.SEQUENCE.Word	LOADING RESOURCE SURFACE FROM DISK
7776775.512	Test_Phase.SEQUENCE.Word	LOADING RESOURCE SURFACE FROM DISK
7785219.96	Test_Phase.SEQUENCE.Word	LOADING RESOURCE SURFACE FROM DISK
7793153.216	Test_Phase.SEQUENCE.Word	LOADING RESOURCE SURFACE FROM DISK
7802006.957	Test_Phase.SEQUENCE.Word	LOADING RESOURCE SURFACE FROM DISK
7810103.647	Test_Phase.SEQUENCE.Word	LOADING RESOURCE SURFACE FROM DISK
7820170.243	Test_Phase.SEQUENCE.Word	LOADING RESOURCE SURFACE FROM DISK
7828403.772	Test_Phase.SEQUENCE.Word	LOADING RESOURCE SURFACE FROM DISK
7837142.334	Test_Phase.SEQUENCE.Word	LOADING RESOURCE SURFACE FROM DISK
7845170.127	Test_Phase.SEQUENCE.Word	LOADING RESOURCE SURFACE FROM DISK
7853293.366	Test_Phase.SEQUENCE.Word	LOADING RESOURCE SURFACE FROM DISK
7861553.877	Test_Phase.SEQUENCE.Word	LOADING RESOURCE SURFACE FROM DISK
7869686.543	Test_Phase.SEQUENCE.Word	LOADING RESOURCE SURFACE FROM DISK
7877636.687	Test_Phase.SEQUENCE.Word	LOADING RESOURCE SURFACE FROM DISK
7885386.539	Test_Phase.SEQUENCE.Word	LOADING RESOURCE SURFACE FROM DISK
7894261.229	Test_Phase.SEQUENCE.Word	LOADING RESOURCE SURFACE FROM DISK
7902203.644	Test_Phase.SEQUENCE.Word	LOADING RESOURCE SURFACE FROM DISK
7911236.01	Test_Phase.SEQUENCE.Word	LOADING RESOURCE SURFACE FROM DISK
7918978.827	Test_Phase.SEQUENCE.Word	LOADING RESOURCE SURFACE FROM DISK
7926656.851	Test_Phase.SEQUENCE.Word	LOADING RESOURCE SURFACE FROM DISK
7934520.339	Test_Phase.SEQUENCE.Word	LOADING RESOURCE SURFACE FROM DISK
7942386.685	Test_Phase.SEQUENCE.Word	LOADING RESOURCE SURFACE FROM DISK
7950607.838	Test_Phase.SEQUENCE.Word	LOADING RESOURCE SURFACE FROM DISK
7958370.126	Test_Phase.SEQUENCE.Word	LOADING RESOURCE SURFACE FROM DISK
7966086.657	Test_Phase.SEQUENCE.Word	LOADING RESOURCE SURFACE FROM DISK
7974928.058	Test_Phase.SEQUENCE.Word	LOADING RESOURCE SURFACE FROM DISK
7982520.061	Test_Phase.SEQUENCE.Word	LOADING RESOURCE SURFACE FROM DISK
7990556.521	Test_Phase.SEQUENCE.Word	LOADING RESOURCE SURFACE FROM DISK
7997653.56	Test_Phase.SEQUENCE.Word	LOADING RESOURCE SURFACE FROM DISK
8006452.941	Test_Phase.SEQUENCE.Word	LOADING RESOURCE SURFACE FROM DISK
8014503.611	Test_Phase.SEQUENCE.Word	LOADING RESOURCE SURFACE FROM DISK
8022469.999	Test_Phase.SEQUENCE.Word	LOADING RESOURCE SURFACE FROM DISK
8031953.472	Test_Phase.SEQUENCE.Word	LOADING RESOURCE SURFACE FROM DISK
8039893.773	Test_Phase.SEQUENCE.Word	LOADING RESOURCE SURFACE FROM DISK
8048170.202	Test_Phase.SEQUENCE.Word	LOADING RESOURCE SURFACE FROM DISK
8056403.45	Test_Phase.SEQUENCE.Word	LOADING RESOURCE SURFACE FROM DISK
8064825.357	Test_Phase.SEQUENCE.Word	LOADING RESOURCE SURFACE FROM DISK
8072803.306	Test_Phase.SEQUENCE.Word	LOADING RESOURCE SURFACE FROM DISK
8082403.568	Test_Phase.SEQUENCE.Word	LOADING RESOURCE SURFACE FROM DISK
8090336.57	Test_Phase.SEQUENCE.Word	LOADING RESOURCE SURFACE FROM DISK
8099336.816	Test_Phase.SEQUENCE.Word	LOADING RESOURCE SURFACE FROM DISK
8107720.077	Test_Phase.SEQUENCE.Word	LOADING RESOURCE SURFACE FROM DISK
8115370.157	Test_Phase.SEQUENCE.Word	LOADING RESOURCE SURFACE FROM DISK
8125120.089	Test_Phase.SEQUENCE.Word	LOADING RESOURCE SURFACE FROM DISK
8132970.079	Test_Phase.SEQUENCE.Word	LOADING RESOURCE SURFACE FROM DISK
8143586.552	Test_Phase.SEQUENCE.Word	LOADING RESOURCE SURFACE FROM DISK
8152960.397	Test_Phase.SEQUENCE.Word	LOADING RESOURCE SURFACE FROM DISK
8160753.271	Test_Phase.SEQUENCE.Word	LOADING RESOURCE SURFACE FROM DISK
8169136.675	Test_Phase.SEQUENCE.Word	LOADING RESOURCE SURFACE FROM DISK
8177320.31	Test_Phase.SEQUENCE.Word	LOADING RESOURCE SURFACE FROM DISK
8185703.672	Test_Phase.SEQUENCE.Word	LOADING RESOURCE SURFACE FROM DISK
8193753.407	Test_Phase.SEQUENCE.Word	LOADING RESOURCE SURFACE FROM DISK
8202013.177	Test_Phase.SEQUENCE.Word	LOADING RESOURCE SURFACE FROM DISK
8209911.754	Test_Phase.SEQUENCE.Word	LOADING RESOURCE SURFACE FROM DISK
8218373.332	Test_Phase.SEQUENCE.Word	LOADING RESOURCE SURFACE FROM DISK
8226688.182	Test_Phase.SEQUENCE.Word	LOADING RESOURCE SURFACE FROM DISK
8236203.319	Test_Phase.SEQUENCE.Word	LOADING RESOURCE SURFACE FROM DISK
8244170.233	Test_Phase.SEQUENCE.Word	LOADING RESOURCE SURFACE FROM DISK
8252041.893	Test_Phase.SEQUENCE.Word	LOADING RESOURCE SURFACE FROM DISK
8260769.981	Test_Phase.SEQUENCE.Word	LOADING RESOURCE SURFACE FROM DISK
8269189.719	Test_Phase.SEQUENCE.Word	LOADING RESOURCE SURFACE FROM DISK
8277253.281	Test_Phase.SEQUENCE.Word	LOADING RESOURCE SURFACE FROM DISK
8281471.293	DISPLAY_SCREEN	LOADING RESOURCE SURFACE FROM DISK
