5578.623	DISPLAY_SCREEN[1]	LOADING RESOURCE SURFACE FROM DISK
528232.047	Familiarization_Phase.SEQUENCE.Cue_and_Instruction	LOADING RESOURCE SURFACE FROM DISK
528244.508	Familiarization_Phase.SEQUENCE.Cue_and_Instruction	LOADING RESOURCE SURFACE FROM DISK
534330.749	Familiarization_Phase.SEQUENCE.Cue_and_Instruction	LOADING RESOURCE SURFACE FROM DISK
534344.275	Familiarization_Phase.SEQUENCE.Cue_and_Instruction	LOADING RESOURCE SURFACE FROM DISK
540426.413	Familiarization_Phase.SEQUENCE.Cue_and_Instruction	LOADING RESOURCE SURFACE FROM DISK
540444.256	Familiarization_Phase.SEQUENCE.Cue_and_Instruction	LOADING RESOURCE SURFACE FROM DISK
583086.748	DISPLAY_SCREEN[3]	LOADING RESOURCE SURFACE FROM DISK
587967.195	DISPLAY_SCREEN[5]	LOADING RESOURCE SURFACE FROM DISK
730215.684	Practice_Phase.SEQUENCE.Blink_Screen	LOADING RESOURCE SURFACE FROM DISK
730216.689	Practice_Phase.SEQUENCE.Blink_Screen	flip time is later than desired time. Desired Time=730202 Flip Time=730235 Retrace Rate=16.647, prepareTime=38 flip request time 730216
731459.072	Practice_Phase.SEQUENCE.Practice_Luminance_Cue	LOADING RESOURCE SURFACE FROM DISK
731475.064	Practice_Phase.SEQUENCE.Practice_Luminance_Cue	LOADING RESOURCE SURFACE FROM DISK
731476.53	Practice_Phase.SEQUENCE.Practice_Luminance_Cue	flip time is later than desired time. Desired Time=731435 Flip Time=731485 Retrace Rate=16.647, prepareTime=65 flip request time 731476
732003.554	Practice_Phase.SEQUENCE.DISPLAY_SCREEN	LOADING RESOURCE SURFACE FROM DISK
732005.494	Practice_Phase.SEQUENCE.DISPLAY_SCREEN	flip time is later than desired time. Desired Time=731985 Flip Time=732019 Retrace Rate=16.647, prepareTime=44 flip request time 732005
733534.415	Practice_Phase.SEQUENCE.Practice_Instruction	LOADING RESOURCE SURFACE FROM DISK
733535.7	Practice_Phase.SEQUENCE.Practice_Instruction	flip time is later than desired time. Desired Time=733519 Flip Time=733552 Retrace Rate=16.647, prepareTime=40 flip request time 733535
740111.356	Practice_Phase.SEQUENCE.DISPLAY_SCREEN	LOADING RESOURCE SURFACE FROM DISK
740113.152	Practice_Phase.SEQUENCE.DISPLAY_SCREEN	flip time is later than desired time. Desired Time=740119 Flip Time=740135 Retrace Rate=16.647, prepareTime=18 flip request time 740113
741647.674	Practice_Phase.SEQUENCE.Practice_Instruction	LOADING RESOURCE SURFACE FROM DISK
741649.126	Practice_Phase.SEQUENCE.Practice_Instruction	flip time is later than desired time. Desired Time=741635 Flip Time=741669 Retrace Rate=16.647, prepareTime=37 flip request time 741648
748258.066	Practice_Phase.SEQUENCE.DISPLAY_SCREEN	LOADING RESOURCE SURFACE FROM DISK
748259.846	Practice_Phase.SEQUENCE.DISPLAY_SCREEN	flip time is later than desired time. Desired Time=748235 Flip Time=748269 Retrace Rate=16.647, prepareTime=48 flip request time 748259
749780.716	Practice_Phase.SEQUENCE.Practice_Instruction	LOADING RESOURCE SURFACE FROM DISK
749782.089	Practice_Phase.SEQUENCE.Practice_Instruction	flip time is later than desired time. Desired Time=749769 Flip Time=749802 Retrace Rate=16.647, prepareTime=37 flip request time 749781
756350.225	Practice_Phase.SEQUENCE.DISPLAY_SCREEN	LOADING RESOURCE SURFACE FROM DISK
757887.148	Practice_Phase.SEQUENCE.Practice_Instruction	LOADING RESOURCE SURFACE FROM DISK
757888.548	Practice_Phase.SEQUENCE.Practice_Instruction	flip time is later than desired time. Desired Time=757869 Flip Time=757902 Retrace Rate=16.647, prepareTime=43 flip request time 757888
764450.296	Practice_Phase.SEQUENCE.DISPLAY_SCREEN	LOADING RESOURCE SURFACE FROM DISK
765985.709	Practice_Phase.SEQUENCE.Practice_Instruction	LOADING RESOURCE SURFACE FROM DISK
765987.211	Practice_Phase.SEQUENCE.Practice_Instruction	flip time is later than desired time. Desired Time=765969 Flip Time=766002 Retrace Rate=16.647, prepareTime=42 flip request time 765987
772550.386	Practice_Phase.SEQUENCE.DISPLAY_SCREEN	LOADING RESOURCE SURFACE FROM DISK
774081.814	Practice_Phase.SEQUENCE.Practice_Instruction	LOADING RESOURCE SURFACE FROM DISK
774083.187	Practice_Phase.SEQUENCE.Practice_Instruction	flip time is later than desired time. Desired Time=774069 Flip Time=774102 Retrace Rate=16.647, prepareTime=38 flip request time 774083
780650.247	Practice_Phase.SEQUENCE.DISPLAY_SCREEN	LOADING RESOURCE SURFACE FROM DISK
782186.279	Practice_Phase.SEQUENCE.Practice_Instruction	LOADING RESOURCE SURFACE FROM DISK
782187.772	Practice_Phase.SEQUENCE.Practice_Instruction	flip time is later than desired time. Desired Time=782169 Flip Time=782202 Retrace Rate=16.647, prepareTime=42 flip request time 782187
788750.181	Practice_Phase.SEQUENCE.DISPLAY_SCREEN	LOADING RESOURCE SURFACE FROM DISK
790290.81	Practice_Phase.SEQUENCE.Practice_Instruction	LOADING RESOURCE SURFACE FROM DISK
790292.282	Practice_Phase.SEQUENCE.Practice_Instruction	flip time is later than desired time. Desired Time=790269 Flip Time=790302 Retrace Rate=16.647, prepareTime=47 flip request time 790292
796850.312	Practice_Phase.SEQUENCE.DISPLAY_SCREEN	LOADING RESOURCE SURFACE FROM DISK
798347.285	Practice_Phase.SEQUENCE.Practice_Instruction	LOADING RESOURCE SURFACE FROM DISK
803024.238	DISPLAY_SCREEN[2]	LOADING RESOURCE SURFACE FROM DISK
974291.968	Study_Phase.SEQUENCE.DISPLAY_SCREEN	LOADING RESOURCE SURFACE FROM DISK
976088.85	Study_Phase.SEQUENCE.Study_Instruction	LOADING RESOURCE SURFACE FROM DISK
984389.924	Study_Phase.SEQUENCE.Study_Instruction	LOADING RESOURCE SURFACE FROM DISK
992680.472	Study_Phase.SEQUENCE.Study_Instruction	LOADING RESOURCE SURFACE FROM DISK
999441.938	Study_Phase.SEQUENCE.DISPLAY_SCREEN	LOADING RESOURCE SURFACE FROM DISK
1000997.464	Study_Phase.SEQUENCE.Study_Instruction	LOADING RESOURCE SURFACE FROM DISK
1007758.96	Study_Phase.SEQUENCE.DISPLAY_SCREEN	LOADING RESOURCE SURFACE FROM DISK
1009307.097	Study_Phase.SEQUENCE.Study_Instruction	LOADING RESOURCE SURFACE FROM DISK
1016058.649	Study_Phase.SEQUENCE.DISPLAY_SCREEN	LOADING RESOURCE SURFACE FROM DISK
1017612.974	Study_Phase.SEQUENCE.Study_Instruction	LOADING RESOURCE SURFACE FROM DISK
1025931.004	Study_Phase.SEQUENCE.Study_Instruction	LOADING RESOURCE SURFACE FROM DISK
1034242.95	Study_Phase.SEQUENCE.Study_Instruction	LOADING RESOURCE SURFACE FROM DISK
1040991.773	Study_Phase.SEQUENCE.DISPLAY_SCREEN	LOADING RESOURCE SURFACE FROM DISK
1042542.436	Study_Phase.SEQUENCE.Study_Instruction	LOADING RESOURCE SURFACE FROM DISK
1050842.856	Study_Phase.SEQUENCE.Study_Instruction	LOADING RESOURCE SURFACE FROM DISK
1057592.127	Study_Phase.SEQUENCE.DISPLAY_SCREEN	LOADING RESOURCE SURFACE FROM DISK
1059140.411	Study_Phase.SEQUENCE.Study_Instruction	LOADING RESOURCE SURFACE FROM DISK
1067435.292	Study_Phase.SEQUENCE.Study_Instruction	LOADING RESOURCE SURFACE FROM DISK
1074191.922	Study_Phase.SEQUENCE.DISPLAY_SCREEN	LOADING RESOURCE SURFACE FROM DISK
1075740.447	Study_Phase.SEQUENCE.Study_Instruction	LOADING RESOURCE SURFACE FROM DISK
1082492.201	Study_Phase.SEQUENCE.DISPLAY_SCREEN	LOADING RESOURCE SURFACE FROM DISK
1084019.659	Study_Phase.SEQUENCE.Study_Instruction	LOADING RESOURCE SURFACE FROM DISK
1092327.216	Study_Phase.SEQUENCE.Study_Instruction	LOADING RESOURCE SURFACE FROM DISK
1100642.035	Study_Phase.SEQUENCE.Study_Instruction	LOADING RESOURCE SURFACE FROM DISK
1107391.822	Study_Phase.SEQUENCE.DISPLAY_SCREEN	LOADING RESOURCE SURFACE FROM DISK
1108948.693	Study_Phase.SEQUENCE.Study_Instruction	LOADING RESOURCE SURFACE FROM DISK
1117241.118	Study_Phase.SEQUENCE.Study_Instruction	LOADING RESOURCE SURFACE FROM DISK
1125505.891	Study_Phase.SEQUENCE.Study_Instruction	LOADING RESOURCE SURFACE FROM DISK
1132241.918	Study_Phase.SEQUENCE.DISPLAY_SCREEN	LOADING RESOURCE SURFACE FROM DISK
1133795.443	Study_Phase.SEQUENCE.Study_Instruction	LOADING RESOURCE SURFACE FROM DISK
1142072.644	Study_Phase.SEQUENCE.Study_Instruction	LOADING RESOURCE SURFACE FROM DISK
1148825.266	Study_Phase.SEQUENCE.DISPLAY_SCREEN	LOADING RESOURCE SURFACE FROM DISK
1150372.71	Study_Phase.SEQUENCE.Study_Instruction	LOADING RESOURCE SURFACE FROM DISK
1158639.175	Study_Phase.SEQUENCE.Study_Instruction	LOADING RESOURCE SURFACE FROM DISK
1165391.76	Study_Phase.SEQUENCE.DISPLAY_SCREEN	LOADING RESOURCE SURFACE FROM DISK
1166939.846	Study_Phase.SEQUENCE.Study_Instruction	LOADING RESOURCE SURFACE FROM DISK
1173691.854	Study_Phase.SEQUENCE.DISPLAY_SCREEN	LOADING RESOURCE SURFACE FROM DISK
1175230.018	Study_Phase.SEQUENCE.Study_Instruction	LOADING RESOURCE SURFACE FROM DISK
1181991.803	Study_Phase.SEQUENCE.DISPLAY_SCREEN	LOADING RESOURCE SURFACE FROM DISK
1183538.718	Study_Phase.SEQUENCE.Study_Instruction	LOADING RESOURCE SURFACE FROM DISK
1191845.36	Study_Phase.SEQUENCE.Study_Instruction	LOADING RESOURCE SURFACE FROM DISK
1198608.697	Study_Phase.SEQUENCE.DISPLAY_SCREEN	LOADING RESOURCE SURFACE FROM DISK
1200161.889	Study_Phase.SEQUENCE.Study_Instruction	LOADING RESOURCE SURFACE FROM DISK
1208481.262	Study_Phase.SEQUENCE.Study_Instruction	LOADING RESOURCE SURFACE FROM DISK
1215241.887	Study_Phase.SEQUENCE.DISPLAY_SCREEN	LOADING RESOURCE SURFACE FROM DISK
1216792.986	Study_Phase.SEQUENCE.Study_Instruction	LOADING RESOURCE SURFACE FROM DISK
1225105.571	Study_Phase.SEQUENCE.Study_Instruction	LOADING RESOURCE SURFACE FROM DISK
1231858.433	Study_Phase.SEQUENCE.DISPLAY_SCREEN	LOADING RESOURCE SURFACE FROM DISK
1233404.744	Study_Phase.SEQUENCE.Study_Instruction	LOADING RESOURCE SURFACE FROM DISK
1241688.136	Study_Phase.SEQUENCE.Study_Instruction	LOADING RESOURCE SURFACE FROM DISK
1248442.02	Study_Phase.SEQUENCE.DISPLAY_SCREEN	LOADING RESOURCE SURFACE FROM DISK
1249992.207	Study_Phase.SEQUENCE.Study_Instruction	LOADING RESOURCE SURFACE FROM DISK
1258271.159	Study_Phase.SEQUENCE.Study_Instruction	LOADING RESOURCE SURFACE FROM DISK
1266558.297	Study_Phase.SEQUENCE.Study_Instruction	LOADING RESOURCE SURFACE FROM DISK
1273291.691	Study_Phase.SEQUENCE.DISPLAY_SCREEN	LOADING RESOURCE SURFACE FROM DISK
1274840.965	Study_Phase.SEQUENCE.Study_Instruction	LOADING RESOURCE SURFACE FROM DISK
1283146.033	Study_Phase.SEQUENCE.Study_Instruction	LOADING RESOURCE SURFACE FROM DISK
1291457.886	Study_Phase.SEQUENCE.Study_Instruction	LOADING RESOURCE SURFACE FROM DISK
1299756.577	Study_Phase.SEQUENCE.Study_Instruction	LOADING RESOURCE SURFACE FROM DISK
1308059.004	Study_Phase.SEQUENCE.Study_Instruction	LOADING RESOURCE SURFACE FROM DISK
1316322.156	Study_Phase.SEQUENCE.Study_Instruction	LOADING RESOURCE SURFACE FROM DISK
1323075.28	Study_Phase.SEQUENCE.DISPLAY_SCREEN	LOADING RESOURCE SURFACE FROM DISK
1324638.023	Study_Phase.SEQUENCE.Study_Instruction	LOADING RESOURCE SURFACE FROM DISK
1332943.366	Study_Phase.SEQUENCE.Study_Instruction	LOADING RESOURCE SURFACE FROM DISK
1339675.348	Study_Phase.SEQUENCE.DISPLAY_SCREEN	LOADING RESOURCE SURFACE FROM DISK
1341224.405	Study_Phase.SEQUENCE.Study_Instruction	LOADING RESOURCE SURFACE FROM DISK
1347975.097	Study_Phase.SEQUENCE.DISPLAY_SCREEN	LOADING RESOURCE SURFACE FROM DISK
1349529.433	Study_Phase.SEQUENCE.Study_Instruction	LOADING RESOURCE SURFACE FROM DISK
1356292.101	Study_Phase.SEQUENCE.DISPLAY_SCREEN	LOADING RESOURCE SURFACE FROM DISK
1357841.821	Study_Phase.SEQUENCE.Study_Instruction	LOADING RESOURCE SURFACE FROM DISK
1366142.673	Study_Phase.SEQUENCE.Study_Instruction	LOADING RESOURCE SURFACE FROM DISK
1374442.643	Study_Phase.SEQUENCE.Study_Instruction	LOADING RESOURCE SURFACE FROM DISK
1381225.03	Study_Phase.SEQUENCE.DISPLAY_SCREEN	LOADING RESOURCE SURFACE FROM DISK
1382776.072	Study_Phase.SEQUENCE.Study_Instruction	LOADING RESOURCE SURFACE FROM DISK
1389508.689	Study_Phase.SEQUENCE.DISPLAY_SCREEN	LOADING RESOURCE SURFACE FROM DISK
1391061.826	Study_Phase.SEQUENCE.Study_Instruction	LOADING RESOURCE SURFACE FROM DISK
1397825.09	Study_Phase.SEQUENCE.DISPLAY_SCREEN	LOADING RESOURCE SURFACE FROM DISK
1399375.357	Study_Phase.SEQUENCE.Study_Instruction	LOADING RESOURCE SURFACE FROM DISK
1407678.212	Study_Phase.SEQUENCE.Study_Instruction	LOADING RESOURCE SURFACE FROM DISK
1415996.344	Study_Phase.SEQUENCE.Study_Instruction	LOADING RESOURCE SURFACE FROM DISK
1422758.425	Study_Phase.SEQUENCE.DISPLAY_SCREEN	LOADING RESOURCE SURFACE FROM DISK
1424308.248	Study_Phase.SEQUENCE.Study_Instruction	LOADING RESOURCE SURFACE FROM DISK
1432604.559	Study_Phase.SEQUENCE.Study_Instruction	LOADING RESOURCE SURFACE FROM DISK
1440872.018	Study_Phase.SEQUENCE.Study_Instruction	LOADING RESOURCE SURFACE FROM DISK
1449156.251	Study_Phase.SEQUENCE.Study_Instruction	LOADING RESOURCE SURFACE FROM DISK
1455891.97	Study_Phase.SEQUENCE.DISPLAY_SCREEN	LOADING RESOURCE SURFACE FROM DISK
1457442.982	Study_Phase.SEQUENCE.Study_Instruction	LOADING RESOURCE SURFACE FROM DISK
1464175.181	Study_Phase.SEQUENCE.DISPLAY_SCREEN	LOADING RESOURCE SURFACE FROM DISK
1465729.794	Study_Phase.SEQUENCE.Study_Instruction	LOADING RESOURCE SURFACE FROM DISK
1472491.78	Study_Phase.SEQUENCE.DISPLAY_SCREEN	LOADING RESOURCE SURFACE FROM DISK
1474027.043	Study_Phase.SEQUENCE.Study_Instruction	LOADING RESOURCE SURFACE FROM DISK
1482348.929	Study_Phase.SEQUENCE.Study_Instruction	LOADING RESOURCE SURFACE FROM DISK
1490622.584	Study_Phase.SEQUENCE.Study_Instruction	LOADING RESOURCE SURFACE FROM DISK
1497375.222	Study_Phase.SEQUENCE.DISPLAY_SCREEN	LOADING RESOURCE SURFACE FROM DISK
1498926.13	Study_Phase.SEQUENCE.Study_Instruction	LOADING RESOURCE SURFACE FROM DISK
1505675.053	Study_Phase.SEQUENCE.DISPLAY_SCREEN	LOADING RESOURCE SURFACE FROM DISK
1507250.166	Study_Phase.SEQUENCE.Study_Instruction	LOADING RESOURCE SURFACE FROM DISK
1515558.873	Study_Phase.SEQUENCE.Study_Instruction	LOADING RESOURCE SURFACE FROM DISK
1523921.727	Study_Phase.SEQUENCE.Study_Instruction	LOADING RESOURCE SURFACE FROM DISK
1532224.111	Study_Phase.SEQUENCE.Study_Instruction	LOADING RESOURCE SURFACE FROM DISK
1540529.158	Study_Phase.SEQUENCE.Study_Instruction	LOADING RESOURCE SURFACE FROM DISK
1547291.913	Study_Phase.SEQUENCE.DISPLAY_SCREEN	LOADING RESOURCE SURFACE FROM DISK
1548840.807	Study_Phase.SEQUENCE.Study_Instruction	LOADING RESOURCE SURFACE FROM DISK
1557139.659	Study_Phase.SEQUENCE.Study_Instruction	LOADING RESOURCE SURFACE FROM DISK
1565427.242	Study_Phase.SEQUENCE.Study_Instruction	LOADING RESOURCE SURFACE FROM DISK
1573731.272	Study_Phase.SEQUENCE.Study_Instruction	LOADING RESOURCE SURFACE FROM DISK
1582045.479	Study_Phase.SEQUENCE.Study_Instruction	LOADING RESOURCE SURFACE FROM DISK
1590361.11	Study_Phase.SEQUENCE.Study_Instruction	LOADING RESOURCE SURFACE FROM DISK
1598671.671	Study_Phase.SEQUENCE.Study_Instruction	LOADING RESOURCE SURFACE FROM DISK
1606979.619	Study_Phase.SEQUENCE.Study_Instruction	LOADING RESOURCE SURFACE FROM DISK
1613741.91	Study_Phase.SEQUENCE.DISPLAY_SCREEN	LOADING RESOURCE SURFACE FROM DISK
1615255.898	Study_Phase.SEQUENCE.Study_Instruction	LOADING RESOURCE SURFACE FROM DISK
1622008.68	Study_Phase.SEQUENCE.DISPLAY_SCREEN	LOADING RESOURCE SURFACE FROM DISK
1623522.743	Study_Phase.SEQUENCE.Study_Instruction	LOADING RESOURCE SURFACE FROM DISK
1631827.091	Study_Phase.SEQUENCE.Study_Instruction	LOADING RESOURCE SURFACE FROM DISK
1638591.898	Study_Phase.SEQUENCE.DISPLAY_SCREEN	LOADING RESOURCE SURFACE FROM DISK
1640145.273	Study_Phase.SEQUENCE.Study_Instruction	LOADING RESOURCE SURFACE FROM DISK
1646908.454	Study_Phase.SEQUENCE.DISPLAY_SCREEN	LOADING RESOURCE SURFACE FROM DISK
1648465.105	Study_Phase.SEQUENCE.Study_Instruction	LOADING RESOURCE SURFACE FROM DISK
1656773.882	Study_Phase.SEQUENCE.Study_Instruction	LOADING RESOURCE SURFACE FROM DISK
1665073.596	Study_Phase.SEQUENCE.Study_Instruction	LOADING RESOURCE SURFACE FROM DISK
1671808.562	Study_Phase.SEQUENCE.DISPLAY_SCREEN	LOADING RESOURCE SURFACE FROM DISK
1673365.616	Study_Phase.SEQUENCE.Study_Instruction	LOADING RESOURCE SURFACE FROM DISK
1681674.354	Study_Phase.SEQUENCE.Study_Instruction	LOADING RESOURCE SURFACE FROM DISK
1688425.177	Study_Phase.SEQUENCE.DISPLAY_SCREEN	LOADING RESOURCE SURFACE FROM DISK
1689977.879	Study_Phase.SEQUENCE.Study_Instruction	LOADING RESOURCE SURFACE FROM DISK
1698295.694	Study_Phase.SEQUENCE.Study_Instruction	LOADING RESOURCE SURFACE FROM DISK
1706610.157	Study_Phase.SEQUENCE.Study_Instruction	LOADING RESOURCE SURFACE FROM DISK
1713375.203	Study_Phase.SEQUENCE.DISPLAY_SCREEN	LOADING RESOURCE SURFACE FROM DISK
1714946.611	Study_Phase.SEQUENCE.Study_Instruction	LOADING RESOURCE SURFACE FROM DISK
1723255.947	Study_Phase.SEQUENCE.Study_Instruction	LOADING RESOURCE SURFACE FROM DISK
1729975.164	Study_Phase.SEQUENCE.DISPLAY_SCREEN	LOADING RESOURCE SURFACE FROM DISK
1731522.862	Study_Phase.SEQUENCE.Study_Instruction	LOADING RESOURCE SURFACE FROM DISK
1739823.884	Study_Phase.SEQUENCE.Study_Instruction	LOADING RESOURCE SURFACE FROM DISK
1748129.524	Study_Phase.SEQUENCE.Study_Instruction	LOADING RESOURCE SURFACE FROM DISK
1756443.023	Study_Phase.SEQUENCE.Study_Instruction	LOADING RESOURCE SURFACE FROM DISK
1763191.954	Study_Phase.SEQUENCE.DISPLAY_SCREEN	LOADING RESOURCE SURFACE FROM DISK
1764738.775	Study_Phase.SEQUENCE.Study_Instruction	LOADING RESOURCE SURFACE FROM DISK
1771492.051	Study_Phase.SEQUENCE.DISPLAY_SCREEN	LOADING RESOURCE SURFACE FROM DISK
1773044.204	Study_Phase.SEQUENCE.Study_Instruction	LOADING RESOURCE SURFACE FROM DISK
1781362.569	Study_Phase.SEQUENCE.Study_Instruction	LOADING RESOURCE SURFACE FROM DISK
1788125.217	Study_Phase.SEQUENCE.DISPLAY_SCREEN	LOADING RESOURCE SURFACE FROM DISK
1789682.169	Study_Phase.SEQUENCE.Study_Instruction	LOADING RESOURCE SURFACE FROM DISK
1796441.985	Study_Phase.SEQUENCE.DISPLAY_SCREEN	LOADING RESOURCE SURFACE FROM DISK
1797997.135	Study_Phase.SEQUENCE.Study_Instruction	LOADING RESOURCE SURFACE FROM DISK
1806328.568	Study_Phase.SEQUENCE.Study_Instruction	LOADING RESOURCE SURFACE FROM DISK
1813091.959	Study_Phase.SEQUENCE.DISPLAY_SCREEN	LOADING RESOURCE SURFACE FROM DISK
1814644.575	Study_Phase.SEQUENCE.Study_Instruction	LOADING RESOURCE SURFACE FROM DISK
1821408.464	Study_Phase.SEQUENCE.DISPLAY_SCREEN	LOADING RESOURCE SURFACE FROM DISK
1822995.761	Study_Phase.SEQUENCE.Study_Instruction	LOADING RESOURCE SURFACE FROM DISK
1831306.108	Study_Phase.SEQUENCE.Study_Instruction	LOADING RESOURCE SURFACE FROM DISK
1838058.378	Study_Phase.SEQUENCE.DISPLAY_SCREEN	LOADING RESOURCE SURFACE FROM DISK
1839605.402	Study_Phase.SEQUENCE.Study_Instruction	LOADING RESOURCE SURFACE FROM DISK
1846358.626	Study_Phase.SEQUENCE.DISPLAY_SCREEN	LOADING RESOURCE SURFACE FROM DISK
1847915.114	Study_Phase.SEQUENCE.Study_Instruction	LOADING RESOURCE SURFACE FROM DISK
1854675.176	Study_Phase.SEQUENCE.DISPLAY_SCREEN	LOADING RESOURCE SURFACE FROM DISK
1856228.342	Study_Phase.SEQUENCE.Study_Instruction	LOADING RESOURCE SURFACE FROM DISK
1862991.92	Study_Phase.SEQUENCE.DISPLAY_SCREEN	LOADING RESOURCE SURFACE FROM DISK
1864548.651	Study_Phase.SEQUENCE.Study_Instruction	LOADING RESOURCE SURFACE FROM DISK
1872862.594	Study_Phase.SEQUENCE.Study_Instruction	LOADING RESOURCE SURFACE FROM DISK
1879625.168	Study_Phase.SEQUENCE.DISPLAY_SCREEN	LOADING RESOURCE SURFACE FROM DISK
1881171.652	Study_Phase.SEQUENCE.Study_Instruction	LOADING RESOURCE SURFACE FROM DISK
1889438.752	Study_Phase.SEQUENCE.Study_Instruction	LOADING RESOURCE SURFACE FROM DISK
1897739.727	Study_Phase.SEQUENCE.Study_Instruction	LOADING RESOURCE SURFACE FROM DISK
1906023.987	Study_Phase.SEQUENCE.Study_Instruction	LOADING RESOURCE SURFACE FROM DISK
1912775.314	Study_Phase.SEQUENCE.DISPLAY_SCREEN	LOADING RESOURCE SURFACE FROM DISK
1914289.103	Study_Phase.SEQUENCE.Study_Instruction	LOADING RESOURCE SURFACE FROM DISK
1922572.772	Study_Phase.SEQUENCE.Study_Instruction	LOADING RESOURCE SURFACE FROM DISK
1930880.036	Study_Phase.SEQUENCE.Study_Instruction	LOADING RESOURCE SURFACE FROM DISK
1939191.048	Study_Phase.SEQUENCE.Study_Instruction	LOADING RESOURCE SURFACE FROM DISK
1947560.087	Study_Phase.SEQUENCE.Study_Instruction	LOADING RESOURCE SURFACE FROM DISK
1954308.597	Study_Phase.SEQUENCE.DISPLAY_SCREEN	LOADING RESOURCE SURFACE FROM DISK
1955837.21	Study_Phase.SEQUENCE.Study_Instruction	LOADING RESOURCE SURFACE FROM DISK
1964133.106	Study_Phase.SEQUENCE.Study_Instruction	LOADING RESOURCE SURFACE FROM DISK
1968851.281	DISPLAY_SCREEN[7]	LOADING RESOURCE SURFACE FROM DISK
2124420.842	Test_Phase.SEQUENCE.Target_Cue	LOADING RESOURCE SURFACE FROM DISK
2124433.065	Test_Phase.SEQUENCE.Target_Cue	LOADING RESOURCE SURFACE FROM DISK
2126455.37	Test_Phase.SEQUENCE.Word	LOADING RESOURCE SURFACE FROM DISK
2129514.619	Test_Phase.SEQUENCE.Test_Question	LOADING RESOURCE SURFACE FROM DISK
2129531.548	Test_Phase.SEQUENCE.Test_Question	LOADING RESOURCE SURFACE FROM DISK
2129545.843	Test_Phase.SEQUENCE.Test_Question	LOADING RESOURCE SURFACE FROM DISK
2129556.885	Test_Phase.SEQUENCE.Test_Question	LOADING RESOURCE SURFACE FROM DISK
2129564.783	Test_Phase.SEQUENCE.Test_Question	LOADING RESOURCE SURFACE FROM DISK
2129566.637	Test_Phase.SEQUENCE.Test_Question	LOADING RESOURCE SURFACE FROM DISK
2129568.481	Test_Phase.SEQUENCE.Test_Question	LOADING RESOURCE SURFACE FROM DISK
2129579.427	Test_Phase.SEQUENCE.Test_Question	LOADING RESOURCE SURFACE FROM DISK
2129581.39	Test_Phase.SEQUENCE.Test_Question	LOADING RESOURCE SURFACE FROM DISK
2129593.84	Test_Phase.SEQUENCE.Test_Question	LOADING RESOURCE SURFACE FROM DISK
2129607.54	Test_Phase.SEQUENCE.Test_Question	LOADING RESOURCE SURFACE FROM DISK
2129609.315	Test_Phase.SEQUENCE.Test_Question	LOADING RESOURCE SURFACE FROM DISK
2149355.486	Test_Phase.SEQUENCE.Word	LOADING RESOURCE SURFACE FROM DISK
2158938.628	Test_Phase.SEQUENCE.Word	LOADING RESOURCE SURFACE FROM DISK
2168708.332	Test_Phase.SEQUENCE.Word	LOADING RESOURCE SURFACE FROM DISK
2178638.686	Test_Phase.SEQUENCE.Word	LOADING RESOURCE SURFACE FROM DISK
2189374.494	Test_Phase.SEQUENCE.Word	LOADING RESOURCE SURFACE FROM DISK
2197905.133	Test_Phase.SEQUENCE.Word	LOADING RESOURCE SURFACE FROM DISK
2209027.802	Test_Phase.SEQUENCE.Word	LOADING RESOURCE SURFACE FROM DISK
2218521.935	Test_Phase.SEQUENCE.Word	LOADING RESOURCE SURFACE FROM DISK
2228322.243	Test_Phase.SEQUENCE.Word	LOADING RESOURCE SURFACE FROM DISK
2239588.876	Test_Phase.SEQUENCE.Word	LOADING RESOURCE SURFACE FROM DISK
2249122.102	Test_Phase.SEQUENCE.Word	LOADING RESOURCE SURFACE FROM DISK
2257871.908	Test_Phase.SEQUENCE.Word	LOADING RESOURCE SURFACE FROM DISK
2266921.817	Test_Phase.SEQUENCE.Word	LOADING RESOURCE SURFACE FROM DISK
2275155.196	Test_Phase.SEQUENCE.Word	LOADING RESOURCE SURFACE FROM DISK
2286455.29	Test_Phase.SEQUENCE.Word	LOADING RESOURCE SURFACE FROM DISK
2296379.568	Test_Phase.SEQUENCE.Word	LOADING RESOURCE SURFACE FROM DISK
2306222.513	Test_Phase.SEQUENCE.Word	LOADING RESOURCE SURFACE FROM DISK
2315271.974	Test_Phase.SEQUENCE.Word	LOADING RESOURCE SURFACE FROM DISK
2324245.282	Test_Phase.SEQUENCE.Word	LOADING RESOURCE SURFACE FROM DISK
2333100.737	Test_Phase.SEQUENCE.Word	LOADING RESOURCE SURFACE FROM DISK
2342598.028	Test_Phase.SEQUENCE.Word	LOADING RESOURCE SURFACE FROM DISK
2351491.861	Test_Phase.SEQUENCE.Word	LOADING RESOURCE SURFACE FROM DISK
2361138.548	Test_Phase.SEQUENCE.Word	LOADING RESOURCE SURFACE FROM DISK
2372421.989	Test_Phase.SEQUENCE.Word	LOADING RESOURCE SURFACE FROM DISK
2381471.772	Test_Phase.SEQUENCE.Word	LOADING RESOURCE SURFACE FROM DISK
2390038.622	Test_Phase.SEQUENCE.Word	LOADING RESOURCE SURFACE FROM DISK
2398288.075	Test_Phase.SEQUENCE.Word	LOADING RESOURCE SURFACE FROM DISK
2406813.261	Test_Phase.SEQUENCE.Word	LOADING RESOURCE SURFACE FROM DISK
2415906.655	Test_Phase.SEQUENCE.Word	LOADING RESOURCE SURFACE FROM DISK
2424772.105	Test_Phase.SEQUENCE.Word	LOADING RESOURCE SURFACE FROM DISK
2433955.602	Test_Phase.SEQUENCE.Word	LOADING RESOURCE SURFACE FROM DISK
2442228.436	Test_Phase.SEQUENCE.Word	LOADING RESOURCE SURFACE FROM DISK
2451197.486	Test_Phase.SEQUENCE.Word	LOADING RESOURCE SURFACE FROM DISK
2458638.73	Test_Phase.SEQUENCE.Word	LOADING RESOURCE SURFACE FROM DISK
2467588.639	Test_Phase.SEQUENCE.Word	LOADING RESOURCE SURFACE FROM DISK
2478005.307	Test_Phase.SEQUENCE.Word	LOADING RESOURCE SURFACE FROM DISK
2486521.89	Test_Phase.SEQUENCE.Word	LOADING RESOURCE SURFACE FROM DISK
2495614.976	Test_Phase.SEQUENCE.Word	LOADING RESOURCE SURFACE FROM DISK
2503941.041	Test_Phase.SEQUENCE.Word	LOADING RESOURCE SURFACE FROM DISK
2511389.269	Test_Phase.SEQUENCE.Word	LOADING RESOURCE SURFACE FROM DISK
2519288.63	Test_Phase.SEQUENCE.Word	LOADING RESOURCE SURFACE FROM DISK
2527130.476	Test_Phase.SEQUENCE.Word	LOADING RESOURCE SURFACE FROM DISK
2534505.233	Test_Phase.SEQUENCE.Word	LOADING RESOURCE SURFACE FROM DISK
2542572.098	Test_Phase.SEQUENCE.Word	LOADING RESOURCE SURFACE FROM DISK
2549755.229	Test_Phase.SEQUENCE.Word	LOADING RESOURCE SURFACE FROM DISK
2559272.123	Test_Phase.SEQUENCE.Word	LOADING RESOURCE SURFACE FROM DISK
2567438.742	Test_Phase.SEQUENCE.Word	LOADING RESOURCE SURFACE FROM DISK
2575855.286	Test_Phase.SEQUENCE.Word	LOADING RESOURCE SURFACE FROM DISK
2583239.6	Test_Phase.SEQUENCE.Word	LOADING RESOURCE SURFACE FROM DISK
2592243.559	Test_Phase.SEQUENCE.Word	LOADING RESOURCE SURFACE FROM DISK
2600649.746	Test_Phase.SEQUENCE.Word	LOADING RESOURCE SURFACE FROM DISK
2608521.908	Test_Phase.SEQUENCE.Word	LOADING RESOURCE SURFACE FROM DISK
2616388.583	Test_Phase.SEQUENCE.Word	LOADING RESOURCE SURFACE FROM DISK
2624421.807	Test_Phase.SEQUENCE.Word	LOADING RESOURCE SURFACE FROM DISK
2632338.524	Test_Phase.SEQUENCE.Word	LOADING RESOURCE SURFACE FROM DISK
2639856.681	Test_Phase.SEQUENCE.Word	LOADING RESOURCE SURFACE FROM DISK
2650059.711	Test_Phase.SEQUENCE.Word	LOADING RESOURCE SURFACE FROM DISK
2657538.753	Test_Phase.SEQUENCE.Word	LOADING RESOURCE SURFACE FROM DISK
2669424.244	Test_Phase.SEQUENCE.Word	LOADING RESOURCE SURFACE FROM DISK
2677155.363	Test_Phase.SEQUENCE.Word	LOADING RESOURCE SURFACE FROM DISK
2689488.653	Test_Phase.SEQUENCE.Word	LOADING RESOURCE SURFACE FROM DISK
2699305.205	Test_Phase.SEQUENCE.Word	LOADING RESOURCE SURFACE FROM DISK
2709505.329	Test_Phase.SEQUENCE.Word	LOADING RESOURCE SURFACE FROM DISK
2717455.264	Test_Phase.SEQUENCE.Word	LOADING RESOURCE SURFACE FROM DISK
2725438.754	Test_Phase.SEQUENCE.Word	LOADING RESOURCE SURFACE FROM DISK
2733288.55	Test_Phase.SEQUENCE.Word	LOADING RESOURCE SURFACE FROM DISK
2740638.726	Test_Phase.SEQUENCE.Word	LOADING RESOURCE SURFACE FROM DISK
2749521.927	Test_Phase.SEQUENCE.Word	LOADING RESOURCE SURFACE FROM DISK
2757021.751	Test_Phase.SEQUENCE.Word	LOADING RESOURCE SURFACE FROM DISK
2764421.93	Test_Phase.SEQUENCE.Word	LOADING RESOURCE SURFACE FROM DISK
2773238.595	Test_Phase.SEQUENCE.Word	LOADING RESOURCE SURFACE FROM DISK
2780409.098	Test_Phase.SEQUENCE.Word	LOADING RESOURCE SURFACE FROM DISK
2788480.863	Test_Phase.SEQUENCE.Word	LOADING RESOURCE SURFACE FROM DISK
2795774.076	Test_Phase.SEQUENCE.Word	LOADING RESOURCE SURFACE FROM DISK
2802921.942	Test_Phase.SEQUENCE.Word	LOADING RESOURCE SURFACE FROM DISK
2811706.1	Test_Phase.SEQUENCE.Word	LOADING RESOURCE SURFACE FROM DISK
2821688.891	Test_Phase.SEQUENCE.Word	LOADING RESOURCE SURFACE FROM DISK
2830432.439	Test_Phase.SEQUENCE.Word	LOADING RESOURCE SURFACE FROM DISK
2838561.56	Test_Phase.SEQUENCE.Word	LOADING RESOURCE SURFACE FROM DISK
2846340.741	Test_Phase.SEQUENCE.Word	LOADING RESOURCE SURFACE FROM DISK
2854605.479	Test_Phase.SEQUENCE.Word	LOADING RESOURCE SURFACE FROM DISK
2861821.804	Test_Phase.SEQUENCE.Word	LOADING RESOURCE SURFACE FROM DISK
2869122.108	Test_Phase.SEQUENCE.Word	LOADING RESOURCE SURFACE FROM DISK
2876464.318	Test_Phase.SEQUENCE.Word	LOADING RESOURCE SURFACE FROM DISK
2884238.675	Test_Phase.SEQUENCE.Word	LOADING RESOURCE SURFACE FROM DISK
2892275.83	Test_Phase.SEQUENCE.Word	LOADING RESOURCE SURFACE FROM DISK
2901847.096	Test_Phase.SEQUENCE.Word	LOADING RESOURCE SURFACE FROM DISK
2914784.293	Test_Phase.SEQUENCE.Word	LOADING RESOURCE SURFACE FROM DISK
2924271.972	Test_Phase.SEQUENCE.Word	LOADING RESOURCE SURFACE FROM DISK
2932144.184	Test_Phase.SEQUENCE.Word	LOADING RESOURCE SURFACE FROM DISK
2939528.505	Test_Phase.SEQUENCE.Word	LOADING RESOURCE SURFACE FROM DISK
2947888.783	Test_Phase.SEQUENCE.Word	LOADING RESOURCE SURFACE FROM DISK
2959305.194	Test_Phase.SEQUENCE.Word	LOADING RESOURCE SURFACE FROM DISK
2966688.535	Test_Phase.SEQUENCE.Word	LOADING RESOURCE SURFACE FROM DISK
2976421.825	Test_Phase.SEQUENCE.Word	LOADING RESOURCE SURFACE FROM DISK
2983880.945	Test_Phase.SEQUENCE.Word	LOADING RESOURCE SURFACE FROM DISK
2991805.101	Test_Phase.SEQUENCE.Word	LOADING RESOURCE SURFACE FROM DISK
2999055.468	Test_Phase.SEQUENCE.Word	LOADING RESOURCE SURFACE FROM DISK
3007121.841	Test_Phase.SEQUENCE.Word	LOADING RESOURCE SURFACE FROM DISK
3015022.064	Test_Phase.SEQUENCE.Word	LOADING RESOURCE SURFACE FROM DISK
3022482.857	Test_Phase.SEQUENCE.Word	LOADING RESOURCE SURFACE FROM DISK
3030055.204	Test_Phase.SEQUENCE.Word	LOADING RESOURCE SURFACE FROM DISK
3038138.539	Test_Phase.SEQUENCE.Word	LOADING RESOURCE SURFACE FROM DISK
3045255.203	Test_Phase.SEQUENCE.Word	LOADING RESOURCE SURFACE FROM DISK
3052821.989	Test_Phase.SEQUENCE.Word	LOADING RESOURCE SURFACE FROM DISK
3060271.954	Test_Phase.SEQUENCE.Word	LOADING RESOURCE SURFACE FROM DISK
3067679.105	Test_Phase.SEQUENCE.Word	LOADING RESOURCE SURFACE FROM DISK
3074858.084	Test_Phase.SEQUENCE.Word	LOADING RESOURCE SURFACE FROM DISK
3083957.623	Test_Phase.SEQUENCE.Word	LOADING RESOURCE SURFACE FROM DISK
3091305.357	Test_Phase.SEQUENCE.Word	LOADING RESOURCE SURFACE FROM DISK
3098644.016	Test_Phase.SEQUENCE.Word	LOADING RESOURCE SURFACE FROM DISK
3106305.337	Test_Phase.SEQUENCE.Word	LOADING RESOURCE SURFACE FROM DISK
3114038.581	Test_Phase.SEQUENCE.Word	LOADING RESOURCE SURFACE FROM DISK
3122238.458	Test_Phase.SEQUENCE.Word	LOADING RESOURCE SURFACE FROM DISK
3129538.831	Test_Phase.SEQUENCE.Word	LOADING RESOURCE SURFACE FROM DISK
3136838.504	Test_Phase.SEQUENCE.Word	LOADING RESOURCE SURFACE FROM DISK
3144389.808	Test_Phase.SEQUENCE.Word	LOADING RESOURCE SURFACE FROM DISK
3151738.652	Test_Phase.SEQUENCE.Word	LOADING RESOURCE SURFACE FROM DISK
3162338.656	Test_Phase.SEQUENCE.Word	LOADING RESOURCE SURFACE FROM DISK
3170329.064	Test_Phase.SEQUENCE.Word	LOADING RESOURCE SURFACE FROM DISK
3178120.953	Test_Phase.SEQUENCE.Word	LOADING RESOURCE SURFACE FROM DISK
3185455.443	Test_Phase.SEQUENCE.Word	LOADING RESOURCE SURFACE FROM DISK
3192821.979	Test_Phase.SEQUENCE.Word	LOADING RESOURCE SURFACE FROM DISK
3199875.849	Test_Phase.SEQUENCE.Word	LOADING RESOURCE SURFACE FROM DISK
3208705.457	Test_Phase.SEQUENCE.Word	LOADING RESOURCE SURFACE FROM DISK
3215855.464	Test_Phase.SEQUENCE.Word	LOADING RESOURCE SURFACE FROM DISK
3224231.734	Test_Phase.SEQUENCE.Word	LOADING RESOURCE SURFACE FROM DISK
3231438.979	Test_Phase.SEQUENCE.Word	LOADING RESOURCE SURFACE FROM DISK
3239671.875	Test_Phase.SEQUENCE.Word	LOADING RESOURCE SURFACE FROM DISK
3247005.25	Test_Phase.SEQUENCE.Word	LOADING RESOURCE SURFACE FROM DISK
3254944.187	Test_Phase.SEQUENCE.Word	LOADING RESOURCE SURFACE FROM DISK
3262196.107	Test_Phase.SEQUENCE.Word	LOADING RESOURCE SURFACE FROM DISK
3269838.3	Test_Phase.SEQUENCE.Word	LOADING RESOURCE SURFACE FROM DISK
3276983.071	Test_Phase.SEQUENCE.Word	LOADING RESOURCE SURFACE FROM DISK
3284088.73	Test_Phase.SEQUENCE.Word	LOADING RESOURCE SURFACE FROM DISK
3291472.203	Test_Phase.SEQUENCE.Word	LOADING RESOURCE SURFACE FROM DISK
3298706.606	Test_Phase.SEQUENCE.Word	LOADING RESOURCE SURFACE FROM DISK
3306341.181	Test_Phase.SEQUENCE.Word	LOADING RESOURCE SURFACE FROM DISK
3314105.251	Test_Phase.SEQUENCE.Word	LOADING RESOURCE SURFACE FROM DISK
3321326.813	Test_Phase.SEQUENCE.Word	LOADING RESOURCE SURFACE FROM DISK
3328538.811	Test_Phase.SEQUENCE.Word	LOADING RESOURCE SURFACE FROM DISK
3336138.654	Test_Phase.SEQUENCE.Word	LOADING RESOURCE SURFACE FROM DISK
3343172.015	Test_Phase.SEQUENCE.Word	LOADING RESOURCE SURFACE FROM DISK
3350355.257	Test_Phase.SEQUENCE.Word	LOADING RESOURCE SURFACE FROM DISK
3357371.942	Test_Phase.SEQUENCE.Word	LOADING RESOURCE SURFACE FROM DISK
3364555.173	Test_Phase.SEQUENCE.Word	LOADING RESOURCE SURFACE FROM DISK
3373091.057	Test_Phase.SEQUENCE.Word	LOADING RESOURCE SURFACE FROM DISK
3380690.482	Test_Phase.SEQUENCE.Word	LOADING RESOURCE SURFACE FROM DISK
3389069.607	Test_Phase.SEQUENCE.Word	LOADING RESOURCE SURFACE FROM DISK
3399312.834	Test_Phase.SEQUENCE.Word	LOADING RESOURCE SURFACE FROM DISK
3406538.583	Test_Phase.SEQUENCE.Word	LOADING RESOURCE SURFACE FROM DISK
3413711.489	Test_Phase.SEQUENCE.Word	LOADING RESOURCE SURFACE FROM DISK
3420855.291	Test_Phase.SEQUENCE.Word	LOADING RESOURCE SURFACE FROM DISK
3429555.264	Test_Phase.SEQUENCE.Word	LOADING RESOURCE SURFACE FROM DISK
3438855.896	Test_Phase.SEQUENCE.Word	LOADING RESOURCE SURFACE FROM DISK
3449131.603	Test_Phase.SEQUENCE.Word	LOADING RESOURCE SURFACE FROM DISK
3458905.268	Test_Phase.SEQUENCE.Word	LOADING RESOURCE SURFACE FROM DISK
3466157.157	Test_Phase.SEQUENCE.Word	LOADING RESOURCE SURFACE FROM DISK
3473905.241	Test_Phase.SEQUENCE.Word	LOADING RESOURCE SURFACE FROM DISK
3481555.418	Test_Phase.SEQUENCE.Word	LOADING RESOURCE SURFACE FROM DISK
3488828.084	Test_Phase.SEQUENCE.Word	LOADING RESOURCE SURFACE FROM DISK
3496311.702	Test_Phase.SEQUENCE.Word	LOADING RESOURCE SURFACE FROM DISK
3514455.24	Test_Phase.SEQUENCE.Word	LOADING RESOURCE SURFACE FROM DISK
3525021.838	Test_Phase.SEQUENCE.Word	LOADING RESOURCE SURFACE FROM DISK
3534005.264	Test_Phase.SEQUENCE.Word	LOADING RESOURCE SURFACE FROM DISK
3541455.291	Test_Phase.SEQUENCE.Word	LOADING RESOURCE SURFACE FROM DISK
3549071.534	Test_Phase.SEQUENCE.Word	LOADING RESOURCE SURFACE FROM DISK
3556862.687	Test_Phase.SEQUENCE.Word	LOADING RESOURCE SURFACE FROM DISK
3564342.66	Test_Phase.SEQUENCE.Word	LOADING RESOURCE SURFACE FROM DISK
3571405.371	Test_Phase.SEQUENCE.Word	LOADING RESOURCE SURFACE FROM DISK
3578579.487	Test_Phase.SEQUENCE.Word	LOADING RESOURCE SURFACE FROM DISK
3586671.811	Test_Phase.SEQUENCE.Word	LOADING RESOURCE SURFACE FROM DISK
3595205.271	Test_Phase.SEQUENCE.Word	LOADING RESOURCE SURFACE FROM DISK
3602531.59	Test_Phase.SEQUENCE.Word	LOADING RESOURCE SURFACE FROM DISK
3609738.513	Test_Phase.SEQUENCE.Word	LOADING RESOURCE SURFACE FROM DISK
3617005.527	Test_Phase.SEQUENCE.Word	LOADING RESOURCE SURFACE FROM DISK
3626641.545	Test_Phase.SEQUENCE.Word	LOADING RESOURCE SURFACE FROM DISK
3634238.573	Test_Phase.SEQUENCE.Word	LOADING RESOURCE SURFACE FROM DISK
3642813.348	Test_Phase.SEQUENCE.Word	LOADING RESOURCE SURFACE FROM DISK
3649926.849	Test_Phase.SEQUENCE.Word	LOADING RESOURCE SURFACE FROM DISK
3660725.594	Test_Phase.SEQUENCE.Word	LOADING RESOURCE SURFACE FROM DISK
3667805.216	Test_Phase.SEQUENCE.Word	LOADING RESOURCE SURFACE FROM DISK
3675471.964	Test_Phase.SEQUENCE.Word	LOADING RESOURCE SURFACE FROM DISK
3682488.66	Test_Phase.SEQUENCE.Word	LOADING RESOURCE SURFACE FROM DISK
3689689.826	Test_Phase.SEQUENCE.Word	LOADING RESOURCE SURFACE FROM DISK
3696747.49	Test_Phase.SEQUENCE.Word	LOADING RESOURCE SURFACE FROM DISK
3703692.064	Test_Phase.SEQUENCE.Word	LOADING RESOURCE SURFACE FROM DISK
3715709.588	Test_Phase.SEQUENCE.Word	LOADING RESOURCE SURFACE FROM DISK
3722881.965	Test_Phase.SEQUENCE.Word	LOADING RESOURCE SURFACE FROM DISK
3730096.059	Test_Phase.SEQUENCE.Word	LOADING RESOURCE SURFACE FROM DISK
3737246.708	Test_Phase.SEQUENCE.Word	LOADING RESOURCE SURFACE FROM DISK
3744355.476	Test_Phase.SEQUENCE.Word	LOADING RESOURCE SURFACE FROM DISK
3752421.804	Test_Phase.SEQUENCE.Word	LOADING RESOURCE SURFACE FROM DISK
3759788.758	Test_Phase.SEQUENCE.Word	LOADING RESOURCE SURFACE FROM DISK
3766855.253	Test_Phase.SEQUENCE.Word	LOADING RESOURCE SURFACE FROM DISK
3774321.87	Test_Phase.SEQUENCE.Word	LOADING RESOURCE SURFACE FROM DISK
3782488.73	Test_Phase.SEQUENCE.Word	LOADING RESOURCE SURFACE FROM DISK
3792308.297	Test_Phase.SEQUENCE.Word	LOADING RESOURCE SURFACE FROM DISK
3798425.686	DISPLAY_SCREEN	LOADING RESOURCE SURFACE FROM DISK
