5191.226	DISPLAY_SCREEN[1]	LOADING RESOURCE SURFACE FROM DISK
76658.763	Familiarization_Phase.SEQUENCE.Cue_and_Instruction	LOADING RESOURCE SURFACE FROM DISK
76663.053	Familiarization_Phase.SEQUENCE.Cue_and_Instruction	LOADING RESOURCE SURFACE FROM DISK
82741.84	Familiarization_Phase.SEQUENCE.Cue_and_Instruction	LOADING RESOURCE SURFACE FROM DISK
82752.521	Familiarization_Phase.SEQUENCE.Cue_and_Instruction	LOADING RESOURCE SURFACE FROM DISK
88828.335	Familiarization_Phase.SEQUENCE.Cue_and_Instruction	LOADING RESOURCE SURFACE FROM DISK
88840.679	Familiarization_Phase.SEQUENCE.Cue_and_Instruction	LOADING RESOURCE SURFACE FROM DISK
131242.983	DISPLAY_SCREEN[3]	LOADING RESOURCE SURFACE FROM DISK
236018.155	DISPLAY_SCREEN[5]	LOADING RESOURCE SURFACE FROM DISK
276816.833	Practice_Phase.SEQUENCE.Blink_Screen	LOADING RESOURCE SURFACE FROM DISK
276818.045	Practice_Phase.SEQUENCE.Blink_Screen	flip time is later than desired time. Desired Time=276554 Flip Time=276837 Retrace Rate=16.641, prepareTime=288 flip request time 276817
278061.277	Practice_Phase.SEQUENCE.Luminance_Cue[1]	LOADING RESOURCE SURFACE FROM DISK
278063.721	Practice_Phase.SEQUENCE.Luminance_Cue[1]	LOADING RESOURCE SURFACE FROM DISK
278065.247	Practice_Phase.SEQUENCE.Luminance_Cue[1]	flip time is later than desired time. Desired Time=278037 Flip Time=278087 Retrace Rate=16.641, prepareTime=51 flip request time 278064
278568.734	Practice_Phase.SEQUENCE.Practice_Instruction	LOADING RESOURCE SURFACE FROM DISK
278571.309	Practice_Phase.SEQUENCE.Practice_Instruction	LOADING RESOURCE SURFACE FROM DISK
282068.876	Practice_Phase.SEQUENCE.Action_cue[1]	LOADING RESOURCE SURFACE FROM DISK
286640.509	Practice_Phase.SEQUENCE.Practice_Instruction	LOADING RESOURCE SURFACE FROM DISK
286643.142	Practice_Phase.SEQUENCE.Practice_Instruction	LOADING RESOURCE SURFACE FROM DISK
294743.706	Practice_Phase.SEQUENCE.Practice_Instruction	LOADING RESOURCE SURFACE FROM DISK
294746.285	Practice_Phase.SEQUENCE.Practice_Instruction	LOADING RESOURCE SURFACE FROM DISK
294747.961	Practice_Phase.SEQUENCE.Practice_Instruction	flip time is later than desired time. Desired Time=294720 Flip Time=294770 Retrace Rate=16.641, prepareTime=51 flip request time 294747
302818.67	Practice_Phase.SEQUENCE.Practice_Instruction	LOADING RESOURCE SURFACE FROM DISK
302860.608	Practice_Phase.SEQUENCE.Practice_Instruction	LOADING RESOURCE SURFACE FROM DISK
302862.269	Practice_Phase.SEQUENCE.Practice_Instruction	flip time is later than desired time. Desired Time=302837 Flip Time=302870 Retrace Rate=16.641, prepareTime=49 flip request time 302862
310918.608	Practice_Phase.SEQUENCE.Practice_Instruction	LOADING RESOURCE SURFACE FROM DISK
310960.276	Practice_Phase.SEQUENCE.Practice_Instruction	LOADING RESOURCE SURFACE FROM DISK
310961.979	Practice_Phase.SEQUENCE.Practice_Instruction	flip time is later than desired time. Desired Time=310937 Flip Time=310970 Retrace Rate=16.641, prepareTime=48 flip request time 310961
319018.704	Practice_Phase.SEQUENCE.Practice_Instruction	LOADING RESOURCE SURFACE FROM DISK
319021.648	Practice_Phase.SEQUENCE.Practice_Instruction	LOADING RESOURCE SURFACE FROM DISK
327085.379	Practice_Phase.SEQUENCE.Practice_Instruction	LOADING RESOURCE SURFACE FROM DISK
327126.45	Practice_Phase.SEQUENCE.Practice_Instruction	LOADING RESOURCE SURFACE FROM DISK
327127.972	Practice_Phase.SEQUENCE.Practice_Instruction	flip time is later than desired time. Desired Time=327104 Flip Time=327137 Retrace Rate=16.641, prepareTime=48 flip request time 327127
335185.2	Practice_Phase.SEQUENCE.Practice_Instruction	LOADING RESOURCE SURFACE FROM DISK
335226.284	Practice_Phase.SEQUENCE.Practice_Instruction	LOADING RESOURCE SURFACE FROM DISK
335227.924	Practice_Phase.SEQUENCE.Practice_Instruction	flip time is later than desired time. Desired Time=335204 Flip Time=335237 Retrace Rate=16.641, prepareTime=47 flip request time 335227
343285.156	Practice_Phase.SEQUENCE.Practice_Instruction	LOADING RESOURCE SURFACE FROM DISK
343287.928	Practice_Phase.SEQUENCE.Practice_Instruction	LOADING RESOURCE SURFACE FROM DISK
349450.631	DISPLAY_SCREEN[2]	LOADING RESOURCE SURFACE FROM DISK
444360.574	Study_Phase.SEQUENCE.Study_Instruction	LOADING RESOURCE SURFACE FROM DISK
444397.237	Study_Phase.SEQUENCE.Study_Instruction	LOADING RESOURCE SURFACE FROM DISK
452677.281	Study_Phase.SEQUENCE.Study_Instruction	LOADING RESOURCE SURFACE FROM DISK
452702.611	Study_Phase.SEQUENCE.Study_Instruction	LOADING RESOURCE SURFACE FROM DISK
461007.137	Study_Phase.SEQUENCE.Study_Instruction	LOADING RESOURCE SURFACE FROM DISK
469274.977	Study_Phase.SEQUENCE.Study_Instruction	LOADING RESOURCE SURFACE FROM DISK
477543.773	Study_Phase.SEQUENCE.Study_Instruction	LOADING RESOURCE SURFACE FROM DISK
477588.936	Study_Phase.SEQUENCE.Study_Instruction	LOADING RESOURCE SURFACE FROM DISK
485875.027	Study_Phase.SEQUENCE.Study_Instruction	LOADING RESOURCE SURFACE FROM DISK
494144.051	Study_Phase.SEQUENCE.Study_Instruction	LOADING RESOURCE SURFACE FROM DISK
494146.769	Study_Phase.SEQUENCE.Study_Instruction	LOADING RESOURCE SURFACE FROM DISK
502457.331	Study_Phase.SEQUENCE.Study_Instruction	LOADING RESOURCE SURFACE FROM DISK
510760.274	Study_Phase.SEQUENCE.Study_Instruction	LOADING RESOURCE SURFACE FROM DISK
519027.332	Study_Phase.SEQUENCE.Study_Instruction	LOADING RESOURCE SURFACE FROM DISK
519029.844	Study_Phase.SEQUENCE.Study_Instruction	LOADING RESOURCE SURFACE FROM DISK
527290.516	Study_Phase.SEQUENCE.Study_Instruction	LOADING RESOURCE SURFACE FROM DISK
535540.477	Study_Phase.SEQUENCE.Study_Instruction	LOADING RESOURCE SURFACE FROM DISK
543810.926	Study_Phase.SEQUENCE.Study_Instruction	LOADING RESOURCE SURFACE FROM DISK
543848.358	Study_Phase.SEQUENCE.Study_Instruction	LOADING RESOURCE SURFACE FROM DISK
552159.385	Study_Phase.SEQUENCE.Study_Instruction	LOADING RESOURCE SURFACE FROM DISK
560410.754	Study_Phase.SEQUENCE.Study_Instruction	LOADING RESOURCE SURFACE FROM DISK
560413.24	Study_Phase.SEQUENCE.Study_Instruction	LOADING RESOURCE SURFACE FROM DISK
568710.956	Study_Phase.SEQUENCE.Study_Instruction	LOADING RESOURCE SURFACE FROM DISK
576977.245	Study_Phase.SEQUENCE.Study_Instruction	LOADING RESOURCE SURFACE FROM DISK
577013.531	Study_Phase.SEQUENCE.Study_Instruction	LOADING RESOURCE SURFACE FROM DISK
585294.191	Study_Phase.SEQUENCE.Study_Instruction	LOADING RESOURCE SURFACE FROM DISK
585296.816	Study_Phase.SEQUENCE.Study_Instruction	LOADING RESOURCE SURFACE FROM DISK
593575.028	Study_Phase.SEQUENCE.Study_Instruction	LOADING RESOURCE SURFACE FROM DISK
601843.891	Study_Phase.SEQUENCE.Study_Instruction	LOADING RESOURCE SURFACE FROM DISK
601884.608	Study_Phase.SEQUENCE.Study_Instruction	LOADING RESOURCE SURFACE FROM DISK
610192.836	Study_Phase.SEQUENCE.Study_Instruction	LOADING RESOURCE SURFACE FROM DISK
618460.607	Study_Phase.SEQUENCE.Study_Instruction	LOADING RESOURCE SURFACE FROM DISK
618463.082	Study_Phase.SEQUENCE.Study_Instruction	LOADING RESOURCE SURFACE FROM DISK
626762.715	Study_Phase.SEQUENCE.Study_Instruction	LOADING RESOURCE SURFACE FROM DISK
635083.569	Study_Phase.SEQUENCE.Study_Instruction	LOADING RESOURCE SURFACE FROM DISK
643360.715	Study_Phase.SEQUENCE.Study_Instruction	LOADING RESOURCE SURFACE FROM DISK
643400.929	Study_Phase.SEQUENCE.Study_Instruction	LOADING RESOURCE SURFACE FROM DISK
651675.052	Study_Phase.SEQUENCE.Study_Instruction	LOADING RESOURCE SURFACE FROM DISK
659979.441	Study_Phase.SEQUENCE.Study_Instruction	LOADING RESOURCE SURFACE FROM DISK
668257.258	Study_Phase.SEQUENCE.Study_Instruction	LOADING RESOURCE SURFACE FROM DISK
676523.986	Study_Phase.SEQUENCE.Study_Instruction	LOADING RESOURCE SURFACE FROM DISK
684793.854	Study_Phase.SEQUENCE.Study_Instruction	LOADING RESOURCE SURFACE FROM DISK
684796.25	Study_Phase.SEQUENCE.Study_Instruction	LOADING RESOURCE SURFACE FROM DISK
693127.33	Study_Phase.SEQUENCE.Study_Instruction	LOADING RESOURCE SURFACE FROM DISK
693170.069	Study_Phase.SEQUENCE.Study_Instruction	LOADING RESOURCE SURFACE FROM DISK
701483.047	Study_Phase.SEQUENCE.Study_Instruction	LOADING RESOURCE SURFACE FROM DISK
709757.204	Study_Phase.SEQUENCE.Study_Instruction	LOADING RESOURCE SURFACE FROM DISK
718060.823	Study_Phase.SEQUENCE.Study_Instruction	LOADING RESOURCE SURFACE FROM DISK
726327.669	Study_Phase.SEQUENCE.Study_Instruction	LOADING RESOURCE SURFACE FROM DISK
726365.689	Study_Phase.SEQUENCE.Study_Instruction	LOADING RESOURCE SURFACE FROM DISK
734640.745	Study_Phase.SEQUENCE.Study_Instruction	LOADING RESOURCE SURFACE FROM DISK
742908.306	Study_Phase.SEQUENCE.Study_Instruction	LOADING RESOURCE SURFACE FROM DISK
751177.429	Study_Phase.SEQUENCE.Study_Instruction	LOADING RESOURCE SURFACE FROM DISK
751215.669	Study_Phase.SEQUENCE.Study_Instruction	LOADING RESOURCE SURFACE FROM DISK
759531.544	Study_Phase.SEQUENCE.Study_Instruction	LOADING RESOURCE SURFACE FROM DISK
767807.14	Study_Phase.SEQUENCE.Study_Instruction	LOADING RESOURCE SURFACE FROM DISK
776073.835	Study_Phase.SEQUENCE.Study_Instruction	LOADING RESOURCE SURFACE FROM DISK
784340.522	Study_Phase.SEQUENCE.Study_Instruction	LOADING RESOURCE SURFACE FROM DISK
792607.111	Study_Phase.SEQUENCE.Study_Instruction	LOADING RESOURCE SURFACE FROM DISK
800873.883	Study_Phase.SEQUENCE.Study_Instruction	LOADING RESOURCE SURFACE FROM DISK
809173.762	Study_Phase.SEQUENCE.Study_Instruction	LOADING RESOURCE SURFACE FROM DISK
817443.982	Study_Phase.SEQUENCE.Study_Instruction	LOADING RESOURCE SURFACE FROM DISK
817446.371	Study_Phase.SEQUENCE.Study_Instruction	LOADING RESOURCE SURFACE FROM DISK
825727.238	Study_Phase.SEQUENCE.Study_Instruction	LOADING RESOURCE SURFACE FROM DISK
825768.186	Study_Phase.SEQUENCE.Study_Instruction	LOADING RESOURCE SURFACE FROM DISK
834044.216	Study_Phase.SEQUENCE.Study_Instruction	LOADING RESOURCE SURFACE FROM DISK
834082.876	Study_Phase.SEQUENCE.Study_Instruction	LOADING RESOURCE SURFACE FROM DISK
842357.177	Study_Phase.SEQUENCE.Study_Instruction	LOADING RESOURCE SURFACE FROM DISK
850627.241	Study_Phase.SEQUENCE.Study_Instruction	LOADING RESOURCE SURFACE FROM DISK
850629.781	Study_Phase.SEQUENCE.Study_Instruction	LOADING RESOURCE SURFACE FROM DISK
858910.649	Study_Phase.SEQUENCE.Study_Instruction	LOADING RESOURCE SURFACE FROM DISK
858913.383	Study_Phase.SEQUENCE.Study_Instruction	LOADING RESOURCE SURFACE FROM DISK
867193.971	Study_Phase.SEQUENCE.Study_Instruction	LOADING RESOURCE SURFACE FROM DISK
867196.556	Study_Phase.SEQUENCE.Study_Instruction	LOADING RESOURCE SURFACE FROM DISK
875474.954	Study_Phase.SEQUENCE.Study_Instruction	LOADING RESOURCE SURFACE FROM DISK
883743.984	Study_Phase.SEQUENCE.Study_Instruction	LOADING RESOURCE SURFACE FROM DISK
883788.753	Study_Phase.SEQUENCE.Study_Instruction	LOADING RESOURCE SURFACE FROM DISK
892060.693	Study_Phase.SEQUENCE.Study_Instruction	LOADING RESOURCE SURFACE FROM DISK
892097.138	Study_Phase.SEQUENCE.Study_Instruction	LOADING RESOURCE SURFACE FROM DISK
900377.232	Study_Phase.SEQUENCE.Study_Instruction	LOADING RESOURCE SURFACE FROM DISK
900414.798	Study_Phase.SEQUENCE.Study_Instruction	LOADING RESOURCE SURFACE FROM DISK
908694.133	Study_Phase.SEQUENCE.Study_Instruction	LOADING RESOURCE SURFACE FROM DISK
908696.737	Study_Phase.SEQUENCE.Study_Instruction	LOADING RESOURCE SURFACE FROM DISK
916977.177	Study_Phase.SEQUENCE.Study_Instruction	LOADING RESOURCE SURFACE FROM DISK
916979.709	Study_Phase.SEQUENCE.Study_Instruction	LOADING RESOURCE SURFACE FROM DISK
925260.808	Study_Phase.SEQUENCE.Study_Instruction	LOADING RESOURCE SURFACE FROM DISK
925263.393	Study_Phase.SEQUENCE.Study_Instruction	LOADING RESOURCE SURFACE FROM DISK
933558.559	Study_Phase.SEQUENCE.Study_Instruction	LOADING RESOURCE SURFACE FROM DISK
941823.839	Study_Phase.SEQUENCE.Study_Instruction	LOADING RESOURCE SURFACE FROM DISK
950127.268	Study_Phase.SEQUENCE.Study_Instruction	LOADING RESOURCE SURFACE FROM DISK
958425.72	Study_Phase.SEQUENCE.Study_Instruction	LOADING RESOURCE SURFACE FROM DISK
966677.271	Study_Phase.SEQUENCE.Study_Instruction	LOADING RESOURCE SURFACE FROM DISK
966679.822	Study_Phase.SEQUENCE.Study_Instruction	LOADING RESOURCE SURFACE FROM DISK
974960.644	Study_Phase.SEQUENCE.Study_Instruction	LOADING RESOURCE SURFACE FROM DISK
974963.247	Study_Phase.SEQUENCE.Study_Instruction	LOADING RESOURCE SURFACE FROM DISK
983241.623	Study_Phase.SEQUENCE.Study_Instruction	LOADING RESOURCE SURFACE FROM DISK
991507.168	Study_Phase.SEQUENCE.Study_Instruction	LOADING RESOURCE SURFACE FROM DISK
999777.555	Study_Phase.SEQUENCE.Study_Instruction	LOADING RESOURCE SURFACE FROM DISK
999780.088	Study_Phase.SEQUENCE.Study_Instruction	LOADING RESOURCE SURFACE FROM DISK
1008057.391	Study_Phase.SEQUENCE.Study_Instruction	LOADING RESOURCE SURFACE FROM DISK
1016308.105	Study_Phase.SEQUENCE.Study_Instruction	LOADING RESOURCE SURFACE FROM DISK
1024660.67	Study_Phase.SEQUENCE.Study_Instruction	LOADING RESOURCE SURFACE FROM DISK
1024698.544	Study_Phase.SEQUENCE.Study_Instruction	LOADING RESOURCE SURFACE FROM DISK
1032977.486	Study_Phase.SEQUENCE.Study_Instruction	LOADING RESOURCE SURFACE FROM DISK
1032980.108	Study_Phase.SEQUENCE.Study_Instruction	LOADING RESOURCE SURFACE FROM DISK
1041241.761	Study_Phase.SEQUENCE.Study_Instruction	LOADING RESOURCE SURFACE FROM DISK
1049507.232	Study_Phase.SEQUENCE.Study_Instruction	LOADING RESOURCE SURFACE FROM DISK
1057777.378	Study_Phase.SEQUENCE.Study_Instruction	LOADING RESOURCE SURFACE FROM DISK
1057779.864	Study_Phase.SEQUENCE.Study_Instruction	LOADING RESOURCE SURFACE FROM DISK
1066041.856	Study_Phase.SEQUENCE.Study_Instruction	LOADING RESOURCE SURFACE FROM DISK
1074293.971	Study_Phase.SEQUENCE.Study_Instruction	LOADING RESOURCE SURFACE FROM DISK
1074335.285	Study_Phase.SEQUENCE.Study_Instruction	LOADING RESOURCE SURFACE FROM DISK
1082647.695	Study_Phase.SEQUENCE.Study_Instruction	LOADING RESOURCE SURFACE FROM DISK
1090927.447	Study_Phase.SEQUENCE.Study_Instruction	LOADING RESOURCE SURFACE FROM DISK
1090965.14	Study_Phase.SEQUENCE.Study_Instruction	LOADING RESOURCE SURFACE FROM DISK
1099276.081	Study_Phase.SEQUENCE.Study_Instruction	LOADING RESOURCE SURFACE FROM DISK
1107577.744	Study_Phase.SEQUENCE.Study_Instruction	LOADING RESOURCE SURFACE FROM DISK
1115843.988	Study_Phase.SEQUENCE.Study_Instruction	LOADING RESOURCE SURFACE FROM DISK
1115846.455	Study_Phase.SEQUENCE.Study_Instruction	LOADING RESOURCE SURFACE FROM DISK
1124127.311	Study_Phase.SEQUENCE.Study_Instruction	LOADING RESOURCE SURFACE FROM DISK
1124130.101	Study_Phase.SEQUENCE.Study_Instruction	LOADING RESOURCE SURFACE FROM DISK
1132410.787	Study_Phase.SEQUENCE.Study_Instruction	LOADING RESOURCE SURFACE FROM DISK
1132455.538	Study_Phase.SEQUENCE.Study_Instruction	LOADING RESOURCE SURFACE FROM DISK
1140724.017	Study_Phase.SEQUENCE.Study_Instruction	LOADING RESOURCE SURFACE FROM DISK
1149024.438	Study_Phase.SEQUENCE.Study_Instruction	LOADING RESOURCE SURFACE FROM DISK
1157331.598	Study_Phase.SEQUENCE.Study_Instruction	LOADING RESOURCE SURFACE FROM DISK
1165610.582	Study_Phase.SEQUENCE.Study_Instruction	LOADING RESOURCE SURFACE FROM DISK
1165613.091	Study_Phase.SEQUENCE.Study_Instruction	LOADING RESOURCE SURFACE FROM DISK
1173894.188	Study_Phase.SEQUENCE.Study_Instruction	LOADING RESOURCE SURFACE FROM DISK
1173930.078	Study_Phase.SEQUENCE.Study_Instruction	LOADING RESOURCE SURFACE FROM DISK
1182193.955	Study_Phase.SEQUENCE.Study_Instruction	LOADING RESOURCE SURFACE FROM DISK
1182196.483	Study_Phase.SEQUENCE.Study_Instruction	LOADING RESOURCE SURFACE FROM DISK
1190475.094	Study_Phase.SEQUENCE.Study_Instruction	LOADING RESOURCE SURFACE FROM DISK
1198783.575	Study_Phase.SEQUENCE.Study_Instruction	LOADING RESOURCE SURFACE FROM DISK
1207060.71	Study_Phase.SEQUENCE.Study_Instruction	LOADING RESOURCE SURFACE FROM DISK
1207098.019	Study_Phase.SEQUENCE.Study_Instruction	LOADING RESOURCE SURFACE FROM DISK
1215414.472	Study_Phase.SEQUENCE.Study_Instruction	LOADING RESOURCE SURFACE FROM DISK
1223691.783	Study_Phase.SEQUENCE.Study_Instruction	LOADING RESOURCE SURFACE FROM DISK
1231960.634	Study_Phase.SEQUENCE.Study_Instruction	LOADING RESOURCE SURFACE FROM DISK
1232004.552	Study_Phase.SEQUENCE.Study_Instruction	LOADING RESOURCE SURFACE FROM DISK
1240277.201	Study_Phase.SEQUENCE.Study_Instruction	LOADING RESOURCE SURFACE FROM DISK
1240279.866	Study_Phase.SEQUENCE.Study_Instruction	LOADING RESOURCE SURFACE FROM DISK
1248557.388	Study_Phase.SEQUENCE.Study_Instruction	LOADING RESOURCE SURFACE FROM DISK
1256866.368	Study_Phase.SEQUENCE.Study_Instruction	LOADING RESOURCE SURFACE FROM DISK
1265144.021	Study_Phase.SEQUENCE.Study_Instruction	LOADING RESOURCE SURFACE FROM DISK
1265193.122	Study_Phase.SEQUENCE.Study_Instruction	LOADING RESOURCE SURFACE FROM DISK
1273460.648	Study_Phase.SEQUENCE.Study_Instruction	LOADING RESOURCE SURFACE FROM DISK
1273502.737	Study_Phase.SEQUENCE.Study_Instruction	LOADING RESOURCE SURFACE FROM DISK
1281760.522	Study_Phase.SEQUENCE.Study_Instruction	LOADING RESOURCE SURFACE FROM DISK
1281763.121	Study_Phase.SEQUENCE.Study_Instruction	LOADING RESOURCE SURFACE FROM DISK
1290083.783	Study_Phase.SEQUENCE.Study_Instruction	LOADING RESOURCE SURFACE FROM DISK
1298357.349	Study_Phase.SEQUENCE.Study_Instruction	LOADING RESOURCE SURFACE FROM DISK
1306624.951	Study_Phase.SEQUENCE.Study_Instruction	LOADING RESOURCE SURFACE FROM DISK
1314890.639	Study_Phase.SEQUENCE.Study_Instruction	LOADING RESOURCE SURFACE FROM DISK
1323160.75	Study_Phase.SEQUENCE.Study_Instruction	LOADING RESOURCE SURFACE FROM DISK
1323202.87	Study_Phase.SEQUENCE.Study_Instruction	LOADING RESOURCE SURFACE FROM DISK
1331512.118	Study_Phase.SEQUENCE.Study_Instruction	LOADING RESOURCE SURFACE FROM DISK
1339794.086	Study_Phase.SEQUENCE.Study_Instruction	LOADING RESOURCE SURFACE FROM DISK
1339796.713	Study_Phase.SEQUENCE.Study_Instruction	LOADING RESOURCE SURFACE FROM DISK
1348077.43	Study_Phase.SEQUENCE.Study_Instruction	LOADING RESOURCE SURFACE FROM DISK
1348121.764	Study_Phase.SEQUENCE.Study_Instruction	LOADING RESOURCE SURFACE FROM DISK
1356394.288	Study_Phase.SEQUENCE.Study_Instruction	LOADING RESOURCE SURFACE FROM DISK
1356397.12	Study_Phase.SEQUENCE.Study_Instruction	LOADING RESOURCE SURFACE FROM DISK
1364675.268	Study_Phase.SEQUENCE.Study_Instruction	LOADING RESOURCE SURFACE FROM DISK
1372944.174	Study_Phase.SEQUENCE.Study_Instruction	LOADING RESOURCE SURFACE FROM DISK
1372946.66	Study_Phase.SEQUENCE.Study_Instruction	LOADING RESOURCE SURFACE FROM DISK
1381260.989	Study_Phase.SEQUENCE.Study_Instruction	LOADING RESOURCE SURFACE FROM DISK
1389566.834	Study_Phase.SEQUENCE.Study_Instruction	LOADING RESOURCE SURFACE FROM DISK
1397841.704	Study_Phase.SEQUENCE.Study_Instruction	LOADING RESOURCE SURFACE FROM DISK
1406105.499	Study_Phase.SEQUENCE.Study_Instruction	LOADING RESOURCE SURFACE FROM DISK
1414413.823	Study_Phase.SEQUENCE.Study_Instruction	LOADING RESOURCE SURFACE FROM DISK
1422677.198	Study_Phase.SEQUENCE.Study_Instruction	LOADING RESOURCE SURFACE FROM DISK
1422679.816	Study_Phase.SEQUENCE.Study_Instruction	LOADING RESOURCE SURFACE FROM DISK
1430999.214	Study_Phase.SEQUENCE.Study_Instruction	LOADING RESOURCE SURFACE FROM DISK
1437249.659	DISPLAY_SCREEN[7]	LOADING RESOURCE SURFACE FROM DISK
1625184.179	Test_Phase.SEQUENCE.Target_Cue	LOADING RESOURCE SURFACE FROM DISK
1625187.249	Test_Phase.SEQUENCE.Target_Cue	LOADING RESOURCE SURFACE FROM DISK
1627207.003	Test_Phase.SEQUENCE.Word	LOADING RESOURCE SURFACE FROM DISK
1630260.748	Test_Phase.SEQUENCE.Test_Question	LOADING RESOURCE SURFACE FROM DISK
1630267.581	Test_Phase.SEQUENCE.Test_Question	LOADING RESOURCE SURFACE FROM DISK
1630272.722	Test_Phase.SEQUENCE.Test_Question	LOADING RESOURCE SURFACE FROM DISK
1630277.831	Test_Phase.SEQUENCE.Test_Question	LOADING RESOURCE SURFACE FROM DISK
1630279.573	Test_Phase.SEQUENCE.Test_Question	LOADING RESOURCE SURFACE FROM DISK
1630281.264	Test_Phase.SEQUENCE.Test_Question	LOADING RESOURCE SURFACE FROM DISK
1630283.142	Test_Phase.SEQUENCE.Test_Question	LOADING RESOURCE SURFACE FROM DISK
1630284.985	Test_Phase.SEQUENCE.Test_Question	LOADING RESOURCE SURFACE FROM DISK
1630286.741	Test_Phase.SEQUENCE.Test_Question	LOADING RESOURCE SURFACE FROM DISK
1630288.571	Test_Phase.SEQUENCE.Test_Question	LOADING RESOURCE SURFACE FROM DISK
1630290.438	Test_Phase.SEQUENCE.Test_Question	LOADING RESOURCE SURFACE FROM DISK
1630292.252	Test_Phase.SEQUENCE.Test_Question	LOADING RESOURCE SURFACE FROM DISK
1635240.215	Test_Phase.SEQUENCE.Word	LOADING RESOURCE SURFACE FROM DISK
1644440.481	Test_Phase.SEQUENCE.Word	LOADING RESOURCE SURFACE FROM DISK
1652206.806	Test_Phase.SEQUENCE.Word	LOADING RESOURCE SURFACE FROM DISK
1659607.059	Test_Phase.SEQUENCE.Word	LOADING RESOURCE SURFACE FROM DISK
1668623.663	Test_Phase.SEQUENCE.Word	LOADING RESOURCE SURFACE FROM DISK
1676340.277	Test_Phase.SEQUENCE.Word	LOADING RESOURCE SURFACE FROM DISK
1684044.193	Test_Phase.SEQUENCE.Word	LOADING RESOURCE SURFACE FROM DISK
1692007.016	Test_Phase.SEQUENCE.Word	LOADING RESOURCE SURFACE FROM DISK
1699273.657	Test_Phase.SEQUENCE.Word	LOADING RESOURCE SURFACE FROM DISK
1707224.019	Test_Phase.SEQUENCE.Word	LOADING RESOURCE SURFACE FROM DISK
1715327.662	Test_Phase.SEQUENCE.Word	LOADING RESOURCE SURFACE FROM DISK
1722665.613	Test_Phase.SEQUENCE.Word	LOADING RESOURCE SURFACE FROM DISK
1730107.306	Test_Phase.SEQUENCE.Word	LOADING RESOURCE SURFACE FROM DISK
1737556.872	Test_Phase.SEQUENCE.Word	LOADING RESOURCE SURFACE FROM DISK
1744973.693	Test_Phase.SEQUENCE.Word	LOADING RESOURCE SURFACE FROM DISK
1753123.928	Test_Phase.SEQUENCE.Word	LOADING RESOURCE SURFACE FROM DISK
1760440.455	Test_Phase.SEQUENCE.Word	LOADING RESOURCE SURFACE FROM DISK
1767844.367	Test_Phase.SEQUENCE.Word	LOADING RESOURCE SURFACE FROM DISK
1776223.725	Test_Phase.SEQUENCE.Word	LOADING RESOURCE SURFACE FROM DISK
1783757.148	Test_Phase.SEQUENCE.Word	LOADING RESOURCE SURFACE FROM DISK
1791263.099	Test_Phase.SEQUENCE.Word	LOADING RESOURCE SURFACE FROM DISK
1798763.292	Test_Phase.SEQUENCE.Word	LOADING RESOURCE SURFACE FROM DISK
1806307.035	Test_Phase.SEQUENCE.Word	LOADING RESOURCE SURFACE FROM DISK
1815640.518	Test_Phase.SEQUENCE.Word	LOADING RESOURCE SURFACE FROM DISK
1823173.806	Test_Phase.SEQUENCE.Word	LOADING RESOURCE SURFACE FROM DISK
1831313.086	Test_Phase.SEQUENCE.Word	LOADING RESOURCE SURFACE FROM DISK
1839040.506	Test_Phase.SEQUENCE.Word	LOADING RESOURCE SURFACE FROM DISK
1846957.149	Test_Phase.SEQUENCE.Word	LOADING RESOURCE SURFACE FROM DISK
1854611.51	Test_Phase.SEQUENCE.Word	LOADING RESOURCE SURFACE FROM DISK
1861940.368	Test_Phase.SEQUENCE.Word	LOADING RESOURCE SURFACE FROM DISK
1869990.327	Test_Phase.SEQUENCE.Word	LOADING RESOURCE SURFACE FROM DISK
1878373.763	Test_Phase.SEQUENCE.Word	LOADING RESOURCE SURFACE FROM DISK
1886357.025	Test_Phase.SEQUENCE.Word	LOADING RESOURCE SURFACE FROM DISK
1894548.157	Test_Phase.SEQUENCE.Word	LOADING RESOURCE SURFACE FROM DISK
1903157.139	Test_Phase.SEQUENCE.Word	LOADING RESOURCE SURFACE FROM DISK
1911523.992	Test_Phase.SEQUENCE.Word	LOADING RESOURCE SURFACE FROM DISK
1919173.622	Test_Phase.SEQUENCE.Word	LOADING RESOURCE SURFACE FROM DISK
1927573.944	Test_Phase.SEQUENCE.Word	LOADING RESOURCE SURFACE FROM DISK
1934856.955	Test_Phase.SEQUENCE.Word	LOADING RESOURCE SURFACE FROM DISK
1942890.227	Test_Phase.SEQUENCE.Word	LOADING RESOURCE SURFACE FROM DISK
1950957.133	Test_Phase.SEQUENCE.Word	LOADING RESOURCE SURFACE FROM DISK
1958240.359	Test_Phase.SEQUENCE.Word	LOADING RESOURCE SURFACE FROM DISK
1967307.031	Test_Phase.SEQUENCE.Word	LOADING RESOURCE SURFACE FROM DISK
1975385.227	Test_Phase.SEQUENCE.Word	LOADING RESOURCE SURFACE FROM DISK
1982692.226	Test_Phase.SEQUENCE.Word	LOADING RESOURCE SURFACE FROM DISK
1991295.484	Test_Phase.SEQUENCE.Word	LOADING RESOURCE SURFACE FROM DISK
1999073.822	Test_Phase.SEQUENCE.Word	LOADING RESOURCE SURFACE FROM DISK
2006741.163	Test_Phase.SEQUENCE.Word	LOADING RESOURCE SURFACE FROM DISK
2015044.561	Test_Phase.SEQUENCE.Word	LOADING RESOURCE SURFACE FROM DISK
2023390.34	Test_Phase.SEQUENCE.Word	LOADING RESOURCE SURFACE FROM DISK
2032206.914	Test_Phase.SEQUENCE.Word	LOADING RESOURCE SURFACE FROM DISK
2041123.827	Test_Phase.SEQUENCE.Word	LOADING RESOURCE SURFACE FROM DISK
2049640.309	Test_Phase.SEQUENCE.Word	LOADING RESOURCE SURFACE FROM DISK
2057716.556	Test_Phase.SEQUENCE.Word	LOADING RESOURCE SURFACE FROM DISK
2064956.952	Test_Phase.SEQUENCE.Word	LOADING RESOURCE SURFACE FROM DISK
2072257.053	Test_Phase.SEQUENCE.Word	LOADING RESOURCE SURFACE FROM DISK
2079923.639	Test_Phase.SEQUENCE.Word	LOADING RESOURCE SURFACE FROM DISK
2087216.776	Test_Phase.SEQUENCE.Word	LOADING RESOURCE SURFACE FROM DISK
2095240.291	Test_Phase.SEQUENCE.Word	LOADING RESOURCE SURFACE FROM DISK
2103373.574	Test_Phase.SEQUENCE.Word	LOADING RESOURCE SURFACE FROM DISK
2111057.001	Test_Phase.SEQUENCE.Word	LOADING RESOURCE SURFACE FROM DISK
2119541.398	Test_Phase.SEQUENCE.Word	LOADING RESOURCE SURFACE FROM DISK
2127443.224	Test_Phase.SEQUENCE.Word	LOADING RESOURCE SURFACE FROM DISK
2135673.607	Test_Phase.SEQUENCE.Word	LOADING RESOURCE SURFACE FROM DISK
2143874.027	Test_Phase.SEQUENCE.Word	LOADING RESOURCE SURFACE FROM DISK
2153250.77	Test_Phase.SEQUENCE.Word	LOADING RESOURCE SURFACE FROM DISK
2161858.651	Test_Phase.SEQUENCE.Word	LOADING RESOURCE SURFACE FROM DISK
2170257.231	Test_Phase.SEQUENCE.Word	LOADING RESOURCE SURFACE FROM DISK
2182273.971	Test_Phase.SEQUENCE.Word	LOADING RESOURCE SURFACE FROM DISK
2189962.99	Test_Phase.SEQUENCE.Word	LOADING RESOURCE SURFACE FROM DISK
2197357.528	Test_Phase.SEQUENCE.Word	LOADING RESOURCE SURFACE FROM DISK
2206356.958	Test_Phase.SEQUENCE.Word	LOADING RESOURCE SURFACE FROM DISK
2214807.289	Test_Phase.SEQUENCE.Word	LOADING RESOURCE SURFACE FROM DISK
2222073.707	Test_Phase.SEQUENCE.Word	LOADING RESOURCE SURFACE FROM DISK
2230550.462	Test_Phase.SEQUENCE.Word	LOADING RESOURCE SURFACE FROM DISK
2238620.048	Test_Phase.SEQUENCE.Word	LOADING RESOURCE SURFACE FROM DISK
2246990.289	Test_Phase.SEQUENCE.Word	LOADING RESOURCE SURFACE FROM DISK
2258640.348	Test_Phase.SEQUENCE.Word	LOADING RESOURCE SURFACE FROM DISK
2266606.959	Test_Phase.SEQUENCE.Word	LOADING RESOURCE SURFACE FROM DISK
2276575.389	Test_Phase.SEQUENCE.Word	LOADING RESOURCE SURFACE FROM DISK
2284357.019	Test_Phase.SEQUENCE.Word	LOADING RESOURCE SURFACE FROM DISK
2292849.566	Test_Phase.SEQUENCE.Word	LOADING RESOURCE SURFACE FROM DISK
2301140.651	Test_Phase.SEQUENCE.Word	LOADING RESOURCE SURFACE FROM DISK
2309890.329	Test_Phase.SEQUENCE.Word	LOADING RESOURCE SURFACE FROM DISK
2318456.901	Test_Phase.SEQUENCE.Word	LOADING RESOURCE SURFACE FROM DISK
2326290.263	Test_Phase.SEQUENCE.Word	LOADING RESOURCE SURFACE FROM DISK
2333979.886	Test_Phase.SEQUENCE.Word	LOADING RESOURCE SURFACE FROM DISK
2342030.264	Test_Phase.SEQUENCE.Word	LOADING RESOURCE SURFACE FROM DISK
2349473.784	Test_Phase.SEQUENCE.Word	LOADING RESOURCE SURFACE FROM DISK
2358557.942	Test_Phase.SEQUENCE.Word	LOADING RESOURCE SURFACE FROM DISK
2366390.367	Test_Phase.SEQUENCE.Word	LOADING RESOURCE SURFACE FROM DISK
2374773.809	Test_Phase.SEQUENCE.Word	LOADING RESOURCE SURFACE FROM DISK
2384273.67	Test_Phase.SEQUENCE.Word	LOADING RESOURCE SURFACE FROM DISK
2393223.673	Test_Phase.SEQUENCE.Word	LOADING RESOURCE SURFACE FROM DISK
2401473.827	Test_Phase.SEQUENCE.Word	LOADING RESOURCE SURFACE FROM DISK
2409723.71	Test_Phase.SEQUENCE.Word	LOADING RESOURCE SURFACE FROM DISK
2417981.566	Test_Phase.SEQUENCE.Word	LOADING RESOURCE SURFACE FROM DISK
2425831.702	Test_Phase.SEQUENCE.Word	LOADING RESOURCE SURFACE FROM DISK
2434749.065	Test_Phase.SEQUENCE.Word	LOADING RESOURCE SURFACE FROM DISK
2444257.073	Test_Phase.SEQUENCE.Word	LOADING RESOURCE SURFACE FROM DISK
2454873.563	Test_Phase.SEQUENCE.Word	LOADING RESOURCE SURFACE FROM DISK
2462890.214	Test_Phase.SEQUENCE.Word	LOADING RESOURCE SURFACE FROM DISK
2471023.565	Test_Phase.SEQUENCE.Word	LOADING RESOURCE SURFACE FROM DISK
2478640.471	Test_Phase.SEQUENCE.Word	LOADING RESOURCE SURFACE FROM DISK
2487773.649	Test_Phase.SEQUENCE.Word	LOADING RESOURCE SURFACE FROM DISK
2495523.813	Test_Phase.SEQUENCE.Word	LOADING RESOURCE SURFACE FROM DISK
2503865.426	Test_Phase.SEQUENCE.Word	LOADING RESOURCE SURFACE FROM DISK
2511307.08	Test_Phase.SEQUENCE.Word	LOADING RESOURCE SURFACE FROM DISK
2518874.698	Test_Phase.SEQUENCE.Word	LOADING RESOURCE SURFACE FROM DISK
2528593.841	Test_Phase.SEQUENCE.Word	LOADING RESOURCE SURFACE FROM DISK
2536156.882	Test_Phase.SEQUENCE.Word	LOADING RESOURCE SURFACE FROM DISK
2546453.839	Test_Phase.SEQUENCE.Word	LOADING RESOURCE SURFACE FROM DISK
2556273.707	Test_Phase.SEQUENCE.Word	LOADING RESOURCE SURFACE FROM DISK
2563750.187	Test_Phase.SEQUENCE.Word	LOADING RESOURCE SURFACE FROM DISK
2570957.056	Test_Phase.SEQUENCE.Word	LOADING RESOURCE SURFACE FROM DISK
2580361.713	Test_Phase.SEQUENCE.Word	LOADING RESOURCE SURFACE FROM DISK
2587723.8	Test_Phase.SEQUENCE.Word	LOADING RESOURCE SURFACE FROM DISK
2595240.542	Test_Phase.SEQUENCE.Word	LOADING RESOURCE SURFACE FROM DISK
2603557.274	Test_Phase.SEQUENCE.Word	LOADING RESOURCE SURFACE FROM DISK
2612798.293	Test_Phase.SEQUENCE.Word	LOADING RESOURCE SURFACE FROM DISK
2621373.569	Test_Phase.SEQUENCE.Word	LOADING RESOURCE SURFACE FROM DISK
2631023.744	Test_Phase.SEQUENCE.Word	LOADING RESOURCE SURFACE FROM DISK
2639556.839	Test_Phase.SEQUENCE.Word	LOADING RESOURCE SURFACE FROM DISK
2650147.001	Test_Phase.SEQUENCE.Word	LOADING RESOURCE SURFACE FROM DISK
2658123.916	Test_Phase.SEQUENCE.Word	LOADING RESOURCE SURFACE FROM DISK
2666838.076	Test_Phase.SEQUENCE.Word	LOADING RESOURCE SURFACE FROM DISK
2675190.353	Test_Phase.SEQUENCE.Word	LOADING RESOURCE SURFACE FROM DISK
2685306.888	Test_Phase.SEQUENCE.Word	LOADING RESOURCE SURFACE FROM DISK
2692566.553	Test_Phase.SEQUENCE.Word	LOADING RESOURCE SURFACE FROM DISK
2700207.357	Test_Phase.SEQUENCE.Word	LOADING RESOURCE SURFACE FROM DISK
2708551.052	Test_Phase.SEQUENCE.Word	LOADING RESOURCE SURFACE FROM DISK
2716806.864	Test_Phase.SEQUENCE.Word	LOADING RESOURCE SURFACE FROM DISK
2724790.628	Test_Phase.SEQUENCE.Word	LOADING RESOURCE SURFACE FROM DISK
2732994.477	Test_Phase.SEQUENCE.Word	LOADING RESOURCE SURFACE FROM DISK
2741024.016	Test_Phase.SEQUENCE.Word	LOADING RESOURCE SURFACE FROM DISK
2749756.905	Test_Phase.SEQUENCE.Word	LOADING RESOURCE SURFACE FROM DISK
2758240.304	Test_Phase.SEQUENCE.Word	LOADING RESOURCE SURFACE FROM DISK
2766777.284	Test_Phase.SEQUENCE.Word	LOADING RESOURCE SURFACE FROM DISK
2775324.053	Test_Phase.SEQUENCE.Word	LOADING RESOURCE SURFACE FROM DISK
2783557.062	Test_Phase.SEQUENCE.Word	LOADING RESOURCE SURFACE FROM DISK
2791925.549	Test_Phase.SEQUENCE.Word	LOADING RESOURCE SURFACE FROM DISK
2800340.284	Test_Phase.SEQUENCE.Word	LOADING RESOURCE SURFACE FROM DISK
2808874.082	Test_Phase.SEQUENCE.Word	LOADING RESOURCE SURFACE FROM DISK
2818540.324	Test_Phase.SEQUENCE.Word	LOADING RESOURCE SURFACE FROM DISK
2829273.729	Test_Phase.SEQUENCE.Word	LOADING RESOURCE SURFACE FROM DISK
2837523.71	Test_Phase.SEQUENCE.Word	LOADING RESOURCE SURFACE FROM DISK
2845935.09	Test_Phase.SEQUENCE.Word	LOADING RESOURCE SURFACE FROM DISK
2853262.888	Test_Phase.SEQUENCE.Word	LOADING RESOURCE SURFACE FROM DISK
2861507.141	Test_Phase.SEQUENCE.Word	LOADING RESOURCE SURFACE FROM DISK
2870640.174	Test_Phase.SEQUENCE.Word	LOADING RESOURCE SURFACE FROM DISK
2878523.76	Test_Phase.SEQUENCE.Word	LOADING RESOURCE SURFACE FROM DISK
2886815.877	Test_Phase.SEQUENCE.Word	LOADING RESOURCE SURFACE FROM DISK
2895240.212	Test_Phase.SEQUENCE.Word	LOADING RESOURCE SURFACE FROM DISK
2904290.328	Test_Phase.SEQUENCE.Word	LOADING RESOURCE SURFACE FROM DISK
2912456.99	Test_Phase.SEQUENCE.Word	LOADING RESOURCE SURFACE FROM DISK
2920460.543	Test_Phase.SEQUENCE.Word	LOADING RESOURCE SURFACE FROM DISK
2928407.25	Test_Phase.SEQUENCE.Word	LOADING RESOURCE SURFACE FROM DISK
2936357.009	Test_Phase.SEQUENCE.Word	LOADING RESOURCE SURFACE FROM DISK
2944557.078	Test_Phase.SEQUENCE.Word	LOADING RESOURCE SURFACE FROM DISK
2953373.701	Test_Phase.SEQUENCE.Word	LOADING RESOURCE SURFACE FROM DISK
2962198.746	Test_Phase.SEQUENCE.Word	LOADING RESOURCE SURFACE FROM DISK
2970490.37	Test_Phase.SEQUENCE.Word	LOADING RESOURCE SURFACE FROM DISK
2980113.378	Test_Phase.SEQUENCE.Word	LOADING RESOURCE SURFACE FROM DISK
2988590.721	Test_Phase.SEQUENCE.Word	LOADING RESOURCE SURFACE FROM DISK
2997307.03	Test_Phase.SEQUENCE.Word	LOADING RESOURCE SURFACE FROM DISK
3010329.593	Test_Phase.SEQUENCE.Word	LOADING RESOURCE SURFACE FROM DISK
3018473.983	Test_Phase.SEQUENCE.Word	LOADING RESOURCE SURFACE FROM DISK
3027207.556	Test_Phase.SEQUENCE.Word	LOADING RESOURCE SURFACE FROM DISK
3037090.839	Test_Phase.SEQUENCE.Word	LOADING RESOURCE SURFACE FROM DISK
3046423.792	Test_Phase.SEQUENCE.Word	LOADING RESOURCE SURFACE FROM DISK
3053778.1	Test_Phase.SEQUENCE.Word	LOADING RESOURCE SURFACE FROM DISK
3064140.499	Test_Phase.SEQUENCE.Word	LOADING RESOURCE SURFACE FROM DISK
3073540.364	Test_Phase.SEQUENCE.Word	LOADING RESOURCE SURFACE FROM DISK
3081715.297	Test_Phase.SEQUENCE.Word	LOADING RESOURCE SURFACE FROM DISK
3090225.176	Test_Phase.SEQUENCE.Word	LOADING RESOURCE SURFACE FROM DISK
3098477.016	Test_Phase.SEQUENCE.Word	LOADING RESOURCE SURFACE FROM DISK
3107057.2	Test_Phase.SEQUENCE.Word	LOADING RESOURCE SURFACE FROM DISK
3116370.885	Test_Phase.SEQUENCE.Word	LOADING RESOURCE SURFACE FROM DISK
3126293.938	Test_Phase.SEQUENCE.Word	LOADING RESOURCE SURFACE FROM DISK
3138456.902	Test_Phase.SEQUENCE.Word	LOADING RESOURCE SURFACE FROM DISK
3154690.664	Test_Phase.SEQUENCE.Word	LOADING RESOURCE SURFACE FROM DISK
3163857.057	Test_Phase.SEQUENCE.Word	LOADING RESOURCE SURFACE FROM DISK
3172996.14	Test_Phase.SEQUENCE.Word	LOADING RESOURCE SURFACE FROM DISK
3180907.148	Test_Phase.SEQUENCE.Word	LOADING RESOURCE SURFACE FROM DISK
3189796.59	Test_Phase.SEQUENCE.Word	LOADING RESOURCE SURFACE FROM DISK
3197794.843	Test_Phase.SEQUENCE.Word	LOADING RESOURCE SURFACE FROM DISK
3205040.561	Test_Phase.SEQUENCE.Word	LOADING RESOURCE SURFACE FROM DISK
3212606.878	Test_Phase.SEQUENCE.Word	LOADING RESOURCE SURFACE FROM DISK
3220260.387	Test_Phase.SEQUENCE.Word	LOADING RESOURCE SURFACE FROM DISK
3227840.538	Test_Phase.SEQUENCE.Word	LOADING RESOURCE SURFACE FROM DISK
3235223.875	Test_Phase.SEQUENCE.Word	LOADING RESOURCE SURFACE FROM DISK
3242457.019	Test_Phase.SEQUENCE.Word	LOADING RESOURCE SURFACE FROM DISK
3250290.271	Test_Phase.SEQUENCE.Word	LOADING RESOURCE SURFACE FROM DISK
3258011.301	Test_Phase.SEQUENCE.Word	LOADING RESOURCE SURFACE FROM DISK
3267023.662	Test_Phase.SEQUENCE.Word	LOADING RESOURCE SURFACE FROM DISK
3275306.922	Test_Phase.SEQUENCE.Word	LOADING RESOURCE SURFACE FROM DISK
3282891.197	Test_Phase.SEQUENCE.Word	LOADING RESOURCE SURFACE FROM DISK
3290273.874	Test_Phase.SEQUENCE.Word	LOADING RESOURCE SURFACE FROM DISK
3294905.428	DISPLAY_SCREEN	LOADING RESOURCE SURFACE FROM DISK
