4686.786	DISPLAY_SCREEN[1]	LOADING RESOURCE SURFACE FROM DISK
326401.689	Familiarization_Phase.SEQUENCE.Cue_and_Instruction	LOADING RESOURCE SURFACE FROM DISK
326405.902	Familiarization_Phase.SEQUENCE.Cue_and_Instruction	LOADING RESOURCE SURFACE FROM DISK
332480.853	Familiarization_Phase.SEQUENCE.Cue_and_Instruction	LOADING RESOURCE SURFACE FROM DISK
332485.228	Familiarization_Phase.SEQUENCE.Cue_and_Instruction	LOADING RESOURCE SURFACE FROM DISK
338519.206	Familiarization_Phase.SEQUENCE.Cue_and_Instruction	LOADING RESOURCE SURFACE FROM DISK
338523.463	Familiarization_Phase.SEQUENCE.Cue_and_Instruction	LOADING RESOURCE SURFACE FROM DISK
380652.073	DISPLAY_SCREEN[3]	LOADING RESOURCE SURFACE FROM DISK
493122.712	DISPLAY_SCREEN[5]	LOADING RESOURCE SURFACE FROM DISK
533660.18	Practice_Phase.SEQUENCE.Blink_Screen	LOADING RESOURCE SURFACE FROM DISK
534864.281	Practice_Phase.SEQUENCE.Practice_Luminance_Cue	LOADING RESOURCE SURFACE FROM DISK
534866.5	Practice_Phase.SEQUENCE.Practice_Luminance_Cue	LOADING RESOURCE SURFACE FROM DISK
535363.98	Practice_Phase.SEQUENCE.DISPLAY_SCREEN	LOADING RESOURCE SURFACE FROM DISK
536860.712	Practice_Phase.SEQUENCE.Practice_Instruction	LOADING RESOURCE SURFACE FROM DISK
543430.672	Practice_Phase.SEQUENCE.DISPLAY_SCREEN	LOADING RESOURCE SURFACE FROM DISK
544927.196	Practice_Phase.SEQUENCE.Practice_Instruction	LOADING RESOURCE SURFACE FROM DISK
551497.371	Practice_Phase.SEQUENCE.DISPLAY_SCREEN	LOADING RESOURCE SURFACE FROM DISK
552994.015	Practice_Phase.SEQUENCE.Practice_Instruction	LOADING RESOURCE SURFACE FROM DISK
559563.759	Practice_Phase.SEQUENCE.DISPLAY_SCREEN	LOADING RESOURCE SURFACE FROM DISK
561060.855	Practice_Phase.SEQUENCE.Practice_Instruction	LOADING RESOURCE SURFACE FROM DISK
567630.417	Practice_Phase.SEQUENCE.DISPLAY_SCREEN	LOADING RESOURCE SURFACE FROM DISK
569127.505	Practice_Phase.SEQUENCE.Practice_Instruction	LOADING RESOURCE SURFACE FROM DISK
575680.512	Practice_Phase.SEQUENCE.DISPLAY_SCREEN	LOADING RESOURCE SURFACE FROM DISK
577177.29	Practice_Phase.SEQUENCE.Practice_Instruction	LOADING RESOURCE SURFACE FROM DISK
583747.228	Practice_Phase.SEQUENCE.DISPLAY_SCREEN	LOADING RESOURCE SURFACE FROM DISK
585274.705	Practice_Phase.SEQUENCE.Practice_Instruction	LOADING RESOURCE SURFACE FROM DISK
585276.204	Practice_Phase.SEQUENCE.Practice_Instruction	flip time is later than desired time. Desired Time=585266 Flip Time=585299 Retrace Rate=16.645, prepareTime=34 flip request time 585276
591847.275	Practice_Phase.SEQUENCE.DISPLAY_SCREEN	LOADING RESOURCE SURFACE FROM DISK
593344.075	Practice_Phase.SEQUENCE.Practice_Instruction	LOADING RESOURCE SURFACE FROM DISK
599914.089	Practice_Phase.SEQUENCE.DISPLAY_SCREEN	LOADING RESOURCE SURFACE FROM DISK
601410.652	Practice_Phase.SEQUENCE.Practice_Instruction	LOADING RESOURCE SURFACE FROM DISK
606076.632	DISPLAY_SCREEN[2]	LOADING RESOURCE SURFACE FROM DISK
703721.652	Study_Phase.SEQUENCE.Study_Instruction	LOADING RESOURCE SURFACE FROM DISK
710472.293	Study_Phase.SEQUENCE.DISPLAY_SCREEN	LOADING RESOURCE SURFACE FROM DISK
712031.01	Study_Phase.SEQUENCE.Study_Instruction	LOADING RESOURCE SURFACE FROM DISK
720341.831	Study_Phase.SEQUENCE.Study_Instruction	LOADING RESOURCE SURFACE FROM DISK
727105.444	Study_Phase.SEQUENCE.DISPLAY_SCREEN	LOADING RESOURCE SURFACE FROM DISK
728652.971	Study_Phase.SEQUENCE.Study_Instruction	LOADING RESOURCE SURFACE FROM DISK
736961.742	Study_Phase.SEQUENCE.Study_Instruction	LOADING RESOURCE SURFACE FROM DISK
743722.241	Study_Phase.SEQUENCE.DISPLAY_SCREEN	LOADING RESOURCE SURFACE FROM DISK
745273.262	Study_Phase.SEQUENCE.Study_Instruction	LOADING RESOURCE SURFACE FROM DISK
752022.136	Study_Phase.SEQUENCE.DISPLAY_SCREEN	LOADING RESOURCE SURFACE FROM DISK
753573.439	Study_Phase.SEQUENCE.Study_Instruction	LOADING RESOURCE SURFACE FROM DISK
761835.742	Study_Phase.SEQUENCE.Study_Instruction	LOADING RESOURCE SURFACE FROM DISK
768588.796	Study_Phase.SEQUENCE.DISPLAY_SCREEN	LOADING RESOURCE SURFACE FROM DISK
770140.373	Study_Phase.SEQUENCE.Study_Instruction	LOADING RESOURCE SURFACE FROM DISK
778418.913	Study_Phase.SEQUENCE.Study_Instruction	LOADING RESOURCE SURFACE FROM DISK
786726.783	Study_Phase.SEQUENCE.Study_Instruction	LOADING RESOURCE SURFACE FROM DISK
794985.584	Study_Phase.SEQUENCE.Study_Instruction	LOADING RESOURCE SURFACE FROM DISK
801739.043	Study_Phase.SEQUENCE.DISPLAY_SCREEN	LOADING RESOURCE SURFACE FROM DISK
803296.034	Study_Phase.SEQUENCE.Study_Instruction	LOADING RESOURCE SURFACE FROM DISK
811569.63	Study_Phase.SEQUENCE.Study_Instruction	LOADING RESOURCE SURFACE FROM DISK
818322.367	Study_Phase.SEQUENCE.DISPLAY_SCREEN	LOADING RESOURCE SURFACE FROM DISK
819871.208	Study_Phase.SEQUENCE.Study_Instruction	LOADING RESOURCE SURFACE FROM DISK
828136.333	Study_Phase.SEQUENCE.Study_Instruction	LOADING RESOURCE SURFACE FROM DISK
836402.457	Study_Phase.SEQUENCE.Study_Instruction	LOADING RESOURCE SURFACE FROM DISK
843155.448	Study_Phase.SEQUENCE.DISPLAY_SCREEN	LOADING RESOURCE SURFACE FROM DISK
844669.481	Study_Phase.SEQUENCE.Study_Instruction	LOADING RESOURCE SURFACE FROM DISK
851422.311	Study_Phase.SEQUENCE.DISPLAY_SCREEN	LOADING RESOURCE SURFACE FROM DISK
852972.143	Study_Phase.SEQUENCE.Study_Instruction	LOADING RESOURCE SURFACE FROM DISK
861271.933	Study_Phase.SEQUENCE.Study_Instruction	LOADING RESOURCE SURFACE FROM DISK
869535.503	Study_Phase.SEQUENCE.Study_Instruction	LOADING RESOURCE SURFACE FROM DISK
877802.312	Study_Phase.SEQUENCE.Study_Instruction	LOADING RESOURCE SURFACE FROM DISK
886069.574	Study_Phase.SEQUENCE.Study_Instruction	LOADING RESOURCE SURFACE FROM DISK
892822.157	Study_Phase.SEQUENCE.DISPLAY_SCREEN	LOADING RESOURCE SURFACE FROM DISK
894370.651	Study_Phase.SEQUENCE.Study_Instruction	LOADING RESOURCE SURFACE FROM DISK
901122.158	Study_Phase.SEQUENCE.DISPLAY_SCREEN	LOADING RESOURCE SURFACE FROM DISK
902668.481	Study_Phase.SEQUENCE.Study_Instruction	LOADING RESOURCE SURFACE FROM DISK
910968.46	Study_Phase.SEQUENCE.Study_Instruction	LOADING RESOURCE SURFACE FROM DISK
917722.344	Study_Phase.SEQUENCE.DISPLAY_SCREEN	LOADING RESOURCE SURFACE FROM DISK
919276.455	Study_Phase.SEQUENCE.Study_Instruction	LOADING RESOURCE SURFACE FROM DISK
926038.871	Study_Phase.SEQUENCE.DISPLAY_SCREEN	LOADING RESOURCE SURFACE FROM DISK
927590.794	Study_Phase.SEQUENCE.Study_Instruction	LOADING RESOURCE SURFACE FROM DISK
935901.869	Study_Phase.SEQUENCE.Study_Instruction	LOADING RESOURCE SURFACE FROM DISK
942655.729	Study_Phase.SEQUENCE.DISPLAY_SCREEN	LOADING RESOURCE SURFACE FROM DISK
944203.739	Study_Phase.SEQUENCE.Study_Instruction	LOADING RESOURCE SURFACE FROM DISK
952502.073	Study_Phase.SEQUENCE.Study_Instruction	LOADING RESOURCE SURFACE FROM DISK
960810.239	Study_Phase.SEQUENCE.Study_Instruction	LOADING RESOURCE SURFACE FROM DISK
969068.99	Study_Phase.SEQUENCE.Study_Instruction	LOADING RESOURCE SURFACE FROM DISK
977375.071	Study_Phase.SEQUENCE.Study_Instruction	LOADING RESOURCE SURFACE FROM DISK
985687.739	Study_Phase.SEQUENCE.Study_Instruction	LOADING RESOURCE SURFACE FROM DISK
992422.404	Study_Phase.SEQUENCE.DISPLAY_SCREEN	LOADING RESOURCE SURFACE FROM DISK
993978.46	Study_Phase.SEQUENCE.Study_Instruction	LOADING RESOURCE SURFACE FROM DISK
1000738.825	Study_Phase.SEQUENCE.DISPLAY_SCREEN	LOADING RESOURCE SURFACE FROM DISK
1002288.499	Study_Phase.SEQUENCE.Study_Instruction	LOADING RESOURCE SURFACE FROM DISK
1010587.242	Study_Phase.SEQUENCE.Study_Instruction	LOADING RESOURCE SURFACE FROM DISK
1018888.44	Study_Phase.SEQUENCE.Study_Instruction	LOADING RESOURCE SURFACE FROM DISK
1025639.12	Study_Phase.SEQUENCE.DISPLAY_SCREEN	LOADING RESOURCE SURFACE FROM DISK
1027152.921	Study_Phase.SEQUENCE.Study_Instruction	LOADING RESOURCE SURFACE FROM DISK
1035419.573	Study_Phase.SEQUENCE.Study_Instruction	LOADING RESOURCE SURFACE FROM DISK
1042172.119	Study_Phase.SEQUENCE.DISPLAY_SCREEN	LOADING RESOURCE SURFACE FROM DISK
1043723.37	Study_Phase.SEQUENCE.Study_Instruction	LOADING RESOURCE SURFACE FROM DISK
1052029.696	Study_Phase.SEQUENCE.Study_Instruction	LOADING RESOURCE SURFACE FROM DISK
1060341.903	Study_Phase.SEQUENCE.Study_Instruction	LOADING RESOURCE SURFACE FROM DISK
1067105.413	Study_Phase.SEQUENCE.DISPLAY_SCREEN	LOADING RESOURCE SURFACE FROM DISK
1068632.225	Study_Phase.SEQUENCE.Study_Instruction	LOADING RESOURCE SURFACE FROM DISK
1075389.001	Study_Phase.SEQUENCE.DISPLAY_SCREEN	LOADING RESOURCE SURFACE FROM DISK
1076937.132	Study_Phase.SEQUENCE.Study_Instruction	LOADING RESOURCE SURFACE FROM DISK
1083688.953	Study_Phase.SEQUENCE.DISPLAY_SCREEN	LOADING RESOURCE SURFACE FROM DISK
1085241.865	Study_Phase.SEQUENCE.Study_Instruction	LOADING RESOURCE SURFACE FROM DISK
1093519.106	Study_Phase.SEQUENCE.Study_Instruction	LOADING RESOURCE SURFACE FROM DISK
1100272.378	Study_Phase.SEQUENCE.DISPLAY_SCREEN	LOADING RESOURCE SURFACE FROM DISK
1101805.833	Study_Phase.SEQUENCE.Study_Instruction	LOADING RESOURCE SURFACE FROM DISK
1110105.424	Study_Phase.SEQUENCE.Study_Instruction	LOADING RESOURCE SURFACE FROM DISK
1116855.441	Study_Phase.SEQUENCE.DISPLAY_SCREEN	LOADING RESOURCE SURFACE FROM DISK
1118405.793	Study_Phase.SEQUENCE.Study_Instruction	LOADING RESOURCE SURFACE FROM DISK
1126669.43	Study_Phase.SEQUENCE.Study_Instruction	LOADING RESOURCE SURFACE FROM DISK
1133422.206	Study_Phase.SEQUENCE.DISPLAY_SCREEN	LOADING RESOURCE SURFACE FROM DISK
1134977.532	Study_Phase.SEQUENCE.Study_Instruction	LOADING RESOURCE SURFACE FROM DISK
1143391.314	Study_Phase.SEQUENCE.Study_Instruction	LOADING RESOURCE SURFACE FROM DISK
1150122.372	Study_Phase.SEQUENCE.DISPLAY_SCREEN	LOADING RESOURCE SURFACE FROM DISK
1151670.677	Study_Phase.SEQUENCE.Study_Instruction	LOADING RESOURCE SURFACE FROM DISK
1158422.325	Study_Phase.SEQUENCE.DISPLAY_SCREEN	LOADING RESOURCE SURFACE FROM DISK
1159971.993	Study_Phase.SEQUENCE.Study_Instruction	LOADING RESOURCE SURFACE FROM DISK
1168270.488	Study_Phase.SEQUENCE.Study_Instruction	LOADING RESOURCE SURFACE FROM DISK
1176518.917	Study_Phase.SEQUENCE.Study_Instruction	LOADING RESOURCE SURFACE FROM DISK
1183272.273	Study_Phase.SEQUENCE.DISPLAY_SCREEN	LOADING RESOURCE SURFACE FROM DISK
1184826.28	Study_Phase.SEQUENCE.Study_Instruction	LOADING RESOURCE SURFACE FROM DISK
1191588.998	Study_Phase.SEQUENCE.DISPLAY_SCREEN	LOADING RESOURCE SURFACE FROM DISK
1193137.023	Study_Phase.SEQUENCE.Study_Instruction	LOADING RESOURCE SURFACE FROM DISK
1201435.937	Study_Phase.SEQUENCE.Study_Instruction	LOADING RESOURCE SURFACE FROM DISK
1208188.914	Study_Phase.SEQUENCE.DISPLAY_SCREEN	LOADING RESOURCE SURFACE FROM DISK
1209742.952	Study_Phase.SEQUENCE.Study_Instruction	LOADING RESOURCE SURFACE FROM DISK
1218046.525	Study_Phase.SEQUENCE.Study_Instruction	LOADING RESOURCE SURFACE FROM DISK
1224805.481	Study_Phase.SEQUENCE.DISPLAY_SCREEN	LOADING RESOURCE SURFACE FROM DISK
1226326.561	Study_Phase.SEQUENCE.Study_Instruction	LOADING RESOURCE SURFACE FROM DISK
1234634.615	Study_Phase.SEQUENCE.Study_Instruction	LOADING RESOURCE SURFACE FROM DISK
1242924.474	Study_Phase.SEQUENCE.Study_Instruction	LOADING RESOURCE SURFACE FROM DISK
1249688.651	Study_Phase.SEQUENCE.DISPLAY_SCREEN	LOADING RESOURCE SURFACE FROM DISK
1251269.258	Study_Phase.SEQUENCE.Study_Instruction	LOADING RESOURCE SURFACE FROM DISK
1259579.286	Study_Phase.SEQUENCE.Study_Instruction	LOADING RESOURCE SURFACE FROM DISK
1266338.848	Study_Phase.SEQUENCE.DISPLAY_SCREEN	LOADING RESOURCE SURFACE FROM DISK
1267889.671	Study_Phase.SEQUENCE.Study_Instruction	LOADING RESOURCE SURFACE FROM DISK
1276152.127	Study_Phase.SEQUENCE.Study_Instruction	LOADING RESOURCE SURFACE FROM DISK
1282905.471	Study_Phase.SEQUENCE.DISPLAY_SCREEN	LOADING RESOURCE SURFACE FROM DISK
1284461.757	Study_Phase.SEQUENCE.Study_Instruction	LOADING RESOURCE SURFACE FROM DISK
1292767.669	Study_Phase.SEQUENCE.Study_Instruction	LOADING RESOURCE SURFACE FROM DISK
1299522.125	Study_Phase.SEQUENCE.DISPLAY_SCREEN	LOADING RESOURCE SURFACE FROM DISK
1301076.816	Study_Phase.SEQUENCE.Study_Instruction	LOADING RESOURCE SURFACE FROM DISK
1307838.943	Study_Phase.SEQUENCE.DISPLAY_SCREEN	LOADING RESOURCE SURFACE FROM DISK
1309376.724	Study_Phase.SEQUENCE.Study_Instruction	LOADING RESOURCE SURFACE FROM DISK
1316122.218	Study_Phase.SEQUENCE.DISPLAY_SCREEN	LOADING RESOURCE SURFACE FROM DISK
1317673.036	Study_Phase.SEQUENCE.Study_Instruction	LOADING RESOURCE SURFACE FROM DISK
1324422.096	Study_Phase.SEQUENCE.DISPLAY_SCREEN	LOADING RESOURCE SURFACE FROM DISK
1325978.086	Study_Phase.SEQUENCE.Study_Instruction	LOADING RESOURCE SURFACE FROM DISK
1334287.337	Study_Phase.SEQUENCE.Study_Instruction	LOADING RESOURCE SURFACE FROM DISK
1342576.796	Study_Phase.SEQUENCE.Study_Instruction	LOADING RESOURCE SURFACE FROM DISK
1350887.17	Study_Phase.SEQUENCE.Study_Instruction	LOADING RESOURCE SURFACE FROM DISK
1357639.037	Study_Phase.SEQUENCE.DISPLAY_SCREEN	LOADING RESOURCE SURFACE FROM DISK
1359187.221	Study_Phase.SEQUENCE.Study_Instruction	LOADING RESOURCE SURFACE FROM DISK
1365938.791	Study_Phase.SEQUENCE.DISPLAY_SCREEN	LOADING RESOURCE SURFACE FROM DISK
1367486.332	Study_Phase.SEQUENCE.Study_Instruction	LOADING RESOURCE SURFACE FROM DISK
1375787.29	Study_Phase.SEQUENCE.Study_Instruction	LOADING RESOURCE SURFACE FROM DISK
1384075.968	Study_Phase.SEQUENCE.Study_Instruction	LOADING RESOURCE SURFACE FROM DISK
1390838.832	Study_Phase.SEQUENCE.DISPLAY_SCREEN	LOADING RESOURCE SURFACE FROM DISK
1392386.501	Study_Phase.SEQUENCE.Study_Instruction	LOADING RESOURCE SURFACE FROM DISK
1400689.664	Study_Phase.SEQUENCE.Study_Instruction	LOADING RESOURCE SURFACE FROM DISK
1407438.789	Study_Phase.SEQUENCE.DISPLAY_SCREEN	LOADING RESOURCE SURFACE FROM DISK
1408986.891	Study_Phase.SEQUENCE.Study_Instruction	LOADING RESOURCE SURFACE FROM DISK
1417252.565	Study_Phase.SEQUENCE.Study_Instruction	LOADING RESOURCE SURFACE FROM DISK
1425562.067	Study_Phase.SEQUENCE.Study_Instruction	LOADING RESOURCE SURFACE FROM DISK
1432322.048	Study_Phase.SEQUENCE.DISPLAY_SCREEN	LOADING RESOURCE SURFACE FROM DISK
1433873.542	Study_Phase.SEQUENCE.Study_Instruction	LOADING RESOURCE SURFACE FROM DISK
1442194.85	Study_Phase.SEQUENCE.Study_Instruction	LOADING RESOURCE SURFACE FROM DISK
1450468.979	Study_Phase.SEQUENCE.Study_Instruction	LOADING RESOURCE SURFACE FROM DISK
1457222.361	Study_Phase.SEQUENCE.DISPLAY_SCREEN	LOADING RESOURCE SURFACE FROM DISK
1458742.286	Study_Phase.SEQUENCE.Study_Instruction	LOADING RESOURCE SURFACE FROM DISK
1467051.89	Study_Phase.SEQUENCE.Study_Instruction	LOADING RESOURCE SURFACE FROM DISK
1475361.919	Study_Phase.SEQUENCE.Study_Instruction	LOADING RESOURCE SURFACE FROM DISK
1483660.542	Study_Phase.SEQUENCE.Study_Instruction	LOADING RESOURCE SURFACE FROM DISK
1490422.233	Study_Phase.SEQUENCE.DISPLAY_SCREEN	LOADING RESOURCE SURFACE FROM DISK
1491974.333	Study_Phase.SEQUENCE.Study_Instruction	LOADING RESOURCE SURFACE FROM DISK
1500252.471	Study_Phase.SEQUENCE.Study_Instruction	LOADING RESOURCE SURFACE FROM DISK
1508518.978	Study_Phase.SEQUENCE.Study_Instruction	LOADING RESOURCE SURFACE FROM DISK
1516801.236	Study_Phase.SEQUENCE.Study_Instruction	LOADING RESOURCE SURFACE FROM DISK
1525102.741	Study_Phase.SEQUENCE.Study_Instruction	LOADING RESOURCE SURFACE FROM DISK
1531855.423	Study_Phase.SEQUENCE.DISPLAY_SCREEN	LOADING RESOURCE SURFACE FROM DISK
1533411.566	Study_Phase.SEQUENCE.Study_Instruction	LOADING RESOURCE SURFACE FROM DISK
1541724.179	Study_Phase.SEQUENCE.Study_Instruction	LOADING RESOURCE SURFACE FROM DISK
1548472.143	Study_Phase.SEQUENCE.DISPLAY_SCREEN	LOADING RESOURCE SURFACE FROM DISK
1550049.199	Study_Phase.SEQUENCE.Study_Instruction	LOADING RESOURCE SURFACE FROM DISK
1556805.618	Study_Phase.SEQUENCE.DISPLAY_SCREEN	LOADING RESOURCE SURFACE FROM DISK
1558358.282	Study_Phase.SEQUENCE.Study_Instruction	LOADING RESOURCE SURFACE FROM DISK
1565122.157	Study_Phase.SEQUENCE.DISPLAY_SCREEN	LOADING RESOURCE SURFACE FROM DISK
1566678.972	Study_Phase.SEQUENCE.Study_Instruction	LOADING RESOURCE SURFACE FROM DISK
1574991.955	Study_Phase.SEQUENCE.Study_Instruction	LOADING RESOURCE SURFACE FROM DISK
1581738.706	Study_Phase.SEQUENCE.DISPLAY_SCREEN	LOADING RESOURCE SURFACE FROM DISK
1583290.661	Study_Phase.SEQUENCE.Study_Instruction	LOADING RESOURCE SURFACE FROM DISK
1591602.02	Study_Phase.SEQUENCE.Study_Instruction	LOADING RESOURCE SURFACE FROM DISK
1599907.346	Study_Phase.SEQUENCE.Study_Instruction	LOADING RESOURCE SURFACE FROM DISK
1606655.635	Study_Phase.SEQUENCE.DISPLAY_SCREEN	LOADING RESOURCE SURFACE FROM DISK
1608179.329	Study_Phase.SEQUENCE.Study_Instruction	LOADING RESOURCE SURFACE FROM DISK
1616494.469	Study_Phase.SEQUENCE.Study_Instruction	LOADING RESOURCE SURFACE FROM DISK
1624769.01	Study_Phase.SEQUENCE.Study_Instruction	LOADING RESOURCE SURFACE FROM DISK
1631522.392	Study_Phase.SEQUENCE.DISPLAY_SCREEN	LOADING RESOURCE SURFACE FROM DISK
1633076.487	Study_Phase.SEQUENCE.Study_Instruction	LOADING RESOURCE SURFACE FROM DISK
1641356.499	Study_Phase.SEQUENCE.Study_Instruction	LOADING RESOURCE SURFACE FROM DISK
1648105.619	Study_Phase.SEQUENCE.DISPLAY_SCREEN	LOADING RESOURCE SURFACE FROM DISK
1649619.567	Study_Phase.SEQUENCE.Study_Instruction	LOADING RESOURCE SURFACE FROM DISK
1657890.878	Study_Phase.SEQUENCE.Study_Instruction	LOADING RESOURCE SURFACE FROM DISK
1666136.371	Study_Phase.SEQUENCE.Study_Instruction	LOADING RESOURCE SURFACE FROM DISK
1674434.524	Study_Phase.SEQUENCE.Study_Instruction	LOADING RESOURCE SURFACE FROM DISK
1681188.815	Study_Phase.SEQUENCE.DISPLAY_SCREEN	LOADING RESOURCE SURFACE FROM DISK
1682702.748	Study_Phase.SEQUENCE.Study_Instruction	LOADING RESOURCE SURFACE FROM DISK
1691009.319	Study_Phase.SEQUENCE.Study_Instruction	LOADING RESOURCE SURFACE FROM DISK
1695725.832	DISPLAY_SCREEN[7]	LOADING RESOURCE SURFACE FROM DISK
1861253.893	Test_Phase.SEQUENCE.Target_Cue	LOADING RESOURCE SURFACE FROM DISK
1861255.755	Test_Phase.SEQUENCE.Target_Cue	LOADING RESOURCE SURFACE FROM DISK
1863269.12	Test_Phase.SEQUENCE.Word	LOADING RESOURCE SURFACE FROM DISK
1866310.569	Test_Phase.SEQUENCE.Test_Question	LOADING RESOURCE SURFACE FROM DISK
1866325.78	Test_Phase.SEQUENCE.Test_Question	LOADING RESOURCE SURFACE FROM DISK
1866338.356	Test_Phase.SEQUENCE.Test_Question	LOADING RESOURCE SURFACE FROM DISK
1866347.041	Test_Phase.SEQUENCE.Test_Question	LOADING RESOURCE SURFACE FROM DISK
1866360.433	Test_Phase.SEQUENCE.Test_Question	LOADING RESOURCE SURFACE FROM DISK
1866362.323	Test_Phase.SEQUENCE.Test_Question	LOADING RESOURCE SURFACE FROM DISK
1866364.192	Test_Phase.SEQUENCE.Test_Question	LOADING RESOURCE SURFACE FROM DISK
1866371.182	Test_Phase.SEQUENCE.Test_Question	LOADING RESOURCE SURFACE FROM DISK
1866373.973	Test_Phase.SEQUENCE.Test_Question	LOADING RESOURCE SURFACE FROM DISK
1866375.764	Test_Phase.SEQUENCE.Test_Question	LOADING RESOURCE SURFACE FROM DISK
1866389.373	Test_Phase.SEQUENCE.Test_Question	LOADING RESOURCE SURFACE FROM DISK
1866391.207	Test_Phase.SEQUENCE.Test_Question	LOADING RESOURCE SURFACE FROM DISK
1870852.263	Test_Phase.SEQUENCE.Word	LOADING RESOURCE SURFACE FROM DISK
1878535.534	Test_Phase.SEQUENCE.Word	LOADING RESOURCE SURFACE FROM DISK
1886102.232	Test_Phase.SEQUENCE.Word	LOADING RESOURCE SURFACE FROM DISK
1893302.225	Test_Phase.SEQUENCE.Word	LOADING RESOURCE SURFACE FROM DISK
1901169.106	Test_Phase.SEQUENCE.Word	LOADING RESOURCE SURFACE FROM DISK
1909322.925	Test_Phase.SEQUENCE.Word	LOADING RESOURCE SURFACE FROM DISK
1917218.799	Test_Phase.SEQUENCE.Word	LOADING RESOURCE SURFACE FROM DISK
1924791.58	Test_Phase.SEQUENCE.Word	LOADING RESOURCE SURFACE FROM DISK
1932326.862	Test_Phase.SEQUENCE.Word	LOADING RESOURCE SURFACE FROM DISK
1939768.865	Test_Phase.SEQUENCE.Word	LOADING RESOURCE SURFACE FROM DISK
1947152.46	Test_Phase.SEQUENCE.Word	LOADING RESOURCE SURFACE FROM DISK
1954568.861	Test_Phase.SEQUENCE.Word	LOADING RESOURCE SURFACE FROM DISK
1961735.9	Test_Phase.SEQUENCE.Word	LOADING RESOURCE SURFACE FROM DISK
1968889.686	Test_Phase.SEQUENCE.Word	LOADING RESOURCE SURFACE FROM DISK
1976269.9	Test_Phase.SEQUENCE.Word	LOADING RESOURCE SURFACE FROM DISK
1983735.574	Test_Phase.SEQUENCE.Word	LOADING RESOURCE SURFACE FROM DISK
1991078.342	Test_Phase.SEQUENCE.Word	LOADING RESOURCE SURFACE FROM DISK
1998318.861	Test_Phase.SEQUENCE.Word	LOADING RESOURCE SURFACE FROM DISK
2006876.838	Test_Phase.SEQUENCE.Word	LOADING RESOURCE SURFACE FROM DISK
2014002.607	Test_Phase.SEQUENCE.Word	LOADING RESOURCE SURFACE FROM DISK
2021452.167	Test_Phase.SEQUENCE.Word	LOADING RESOURCE SURFACE FROM DISK
2028818.787	Test_Phase.SEQUENCE.Word	LOADING RESOURCE SURFACE FROM DISK
2036053.765	Test_Phase.SEQUENCE.Word	LOADING RESOURCE SURFACE FROM DISK
2043377.545	Test_Phase.SEQUENCE.Word	LOADING RESOURCE SURFACE FROM DISK
2050702.254	Test_Phase.SEQUENCE.Word	LOADING RESOURCE SURFACE FROM DISK
2057802.16	Test_Phase.SEQUENCE.Word	LOADING RESOURCE SURFACE FROM DISK
2065169.626	Test_Phase.SEQUENCE.Word	LOADING RESOURCE SURFACE FROM DISK
2072335.893	Test_Phase.SEQUENCE.Word	LOADING RESOURCE SURFACE FROM DISK
2079696.175	Test_Phase.SEQUENCE.Word	LOADING RESOURCE SURFACE FROM DISK
2087109.878	Test_Phase.SEQUENCE.Word	LOADING RESOURCE SURFACE FROM DISK
2094335.5	Test_Phase.SEQUENCE.Word	LOADING RESOURCE SURFACE FROM DISK
2101496.053	Test_Phase.SEQUENCE.Word	LOADING RESOURCE SURFACE FROM DISK
2108753.52	Test_Phase.SEQUENCE.Word	LOADING RESOURCE SURFACE FROM DISK
2115868.888	Test_Phase.SEQUENCE.Word	LOADING RESOURCE SURFACE FROM DISK
2123053.636	Test_Phase.SEQUENCE.Word	LOADING RESOURCE SURFACE FROM DISK
2130284.71	Test_Phase.SEQUENCE.Word	LOADING RESOURCE SURFACE FROM DISK
2137518.809	Test_Phase.SEQUENCE.Word	LOADING RESOURCE SURFACE FROM DISK
2144752.56	Test_Phase.SEQUENCE.Word	LOADING RESOURCE SURFACE FROM DISK
2152219.041	Test_Phase.SEQUENCE.Word	LOADING RESOURCE SURFACE FROM DISK
2159468.948	Test_Phase.SEQUENCE.Word	LOADING RESOURCE SURFACE FROM DISK
2166605.923	Test_Phase.SEQUENCE.Word	LOADING RESOURCE SURFACE FROM DISK
2173835.592	Test_Phase.SEQUENCE.Word	LOADING RESOURCE SURFACE FROM DISK
2181285.706	Test_Phase.SEQUENCE.Word	LOADING RESOURCE SURFACE FROM DISK
2189306.868	Test_Phase.SEQUENCE.Word	LOADING RESOURCE SURFACE FROM DISK
2196618.789	Test_Phase.SEQUENCE.Word	LOADING RESOURCE SURFACE FROM DISK
2203959.239	Test_Phase.SEQUENCE.Word	LOADING RESOURCE SURFACE FROM DISK
2211123.528	Test_Phase.SEQUENCE.Word	LOADING RESOURCE SURFACE FROM DISK
2218517.838	Test_Phase.SEQUENCE.Word	LOADING RESOURCE SURFACE FROM DISK
2225801.153	Test_Phase.SEQUENCE.Word	LOADING RESOURCE SURFACE FROM DISK
2233135.647	Test_Phase.SEQUENCE.Word	LOADING RESOURCE SURFACE FROM DISK
2240502.262	Test_Phase.SEQUENCE.Word	LOADING RESOURCE SURFACE FROM DISK
2247869.078	Test_Phase.SEQUENCE.Word	LOADING RESOURCE SURFACE FROM DISK
2255018.895	Test_Phase.SEQUENCE.Word	LOADING RESOURCE SURFACE FROM DISK
2262218.239	Test_Phase.SEQUENCE.Word	LOADING RESOURCE SURFACE FROM DISK
2269580.295	Test_Phase.SEQUENCE.Word	LOADING RESOURCE SURFACE FROM DISK
2276769.233	Test_Phase.SEQUENCE.Word	LOADING RESOURCE SURFACE FROM DISK
2284002.243	Test_Phase.SEQUENCE.Word	LOADING RESOURCE SURFACE FROM DISK
2291402.332	Test_Phase.SEQUENCE.Word	LOADING RESOURCE SURFACE FROM DISK
2298529.729	Test_Phase.SEQUENCE.Word	LOADING RESOURCE SURFACE FROM DISK
2305835.533	Test_Phase.SEQUENCE.Word	LOADING RESOURCE SURFACE FROM DISK
2313068.95	Test_Phase.SEQUENCE.Word	LOADING RESOURCE SURFACE FROM DISK
2320568.964	Test_Phase.SEQUENCE.Word	LOADING RESOURCE SURFACE FROM DISK
2327885.568	Test_Phase.SEQUENCE.Word	LOADING RESOURCE SURFACE FROM DISK
2335635.501	Test_Phase.SEQUENCE.Word	LOADING RESOURCE SURFACE FROM DISK
2342791.978	Test_Phase.SEQUENCE.Word	LOADING RESOURCE SURFACE FROM DISK
2350042.417	Test_Phase.SEQUENCE.Word	LOADING RESOURCE SURFACE FROM DISK
2357191.488	Test_Phase.SEQUENCE.Word	LOADING RESOURCE SURFACE FROM DISK
2364585.587	Test_Phase.SEQUENCE.Word	LOADING RESOURCE SURFACE FROM DISK
2371777.642	Test_Phase.SEQUENCE.Word	LOADING RESOURCE SURFACE FROM DISK
2378885.852	Test_Phase.SEQUENCE.Word	LOADING RESOURCE SURFACE FROM DISK
2386302.398	Test_Phase.SEQUENCE.Word	LOADING RESOURCE SURFACE FROM DISK
2393469.092	Test_Phase.SEQUENCE.Word	LOADING RESOURCE SURFACE FROM DISK
2400618.895	Test_Phase.SEQUENCE.Word	LOADING RESOURCE SURFACE FROM DISK
2407752.153	Test_Phase.SEQUENCE.Word	LOADING RESOURCE SURFACE FROM DISK
2414919.08	Test_Phase.SEQUENCE.Word	LOADING RESOURCE SURFACE FROM DISK
2422068.826	Test_Phase.SEQUENCE.Word	LOADING RESOURCE SURFACE FROM DISK
2429185.439	Test_Phase.SEQUENCE.Word	LOADING RESOURCE SURFACE FROM DISK
2436385.539	Test_Phase.SEQUENCE.Word	LOADING RESOURCE SURFACE FROM DISK
2443752.958	Test_Phase.SEQUENCE.Word	LOADING RESOURCE SURFACE FROM DISK
2451002.218	Test_Phase.SEQUENCE.Word	LOADING RESOURCE SURFACE FROM DISK
2458325.982	Test_Phase.SEQUENCE.Word	LOADING RESOURCE SURFACE FROM DISK
2467508.785	Test_Phase.SEQUENCE.Word	LOADING RESOURCE SURFACE FROM DISK
2475018.969	Test_Phase.SEQUENCE.Word	LOADING RESOURCE SURFACE FROM DISK
2482492.033	Test_Phase.SEQUENCE.Word	LOADING RESOURCE SURFACE FROM DISK
2489685.584	Test_Phase.SEQUENCE.Word	LOADING RESOURCE SURFACE FROM DISK
2497202.418	Test_Phase.SEQUENCE.Word	LOADING RESOURCE SURFACE FROM DISK
2504308.332	Test_Phase.SEQUENCE.Word	LOADING RESOURCE SURFACE FROM DISK
2511527.502	Test_Phase.SEQUENCE.Word	LOADING RESOURCE SURFACE FROM DISK
2518664.418	Test_Phase.SEQUENCE.Word	LOADING RESOURCE SURFACE FROM DISK
2525819.001	Test_Phase.SEQUENCE.Word	LOADING RESOURCE SURFACE FROM DISK
2532935.55	Test_Phase.SEQUENCE.Word	LOADING RESOURCE SURFACE FROM DISK
2540135.655	Test_Phase.SEQUENCE.Word	LOADING RESOURCE SURFACE FROM DISK
2547385.493	Test_Phase.SEQUENCE.Word	LOADING RESOURCE SURFACE FROM DISK
2554661.699	Test_Phase.SEQUENCE.Word	LOADING RESOURCE SURFACE FROM DISK
2561918.916	Test_Phase.SEQUENCE.Word	LOADING RESOURCE SURFACE FROM DISK
2569364.887	Test_Phase.SEQUENCE.Word	LOADING RESOURCE SURFACE FROM DISK
2576652.126	Test_Phase.SEQUENCE.Word	LOADING RESOURCE SURFACE FROM DISK
2583835.681	Test_Phase.SEQUENCE.Word	LOADING RESOURCE SURFACE FROM DISK
2591152.355	Test_Phase.SEQUENCE.Word	LOADING RESOURCE SURFACE FROM DISK
2598504.1	Test_Phase.SEQUENCE.Word	LOADING RESOURCE SURFACE FROM DISK
2605702.37	Test_Phase.SEQUENCE.Word	LOADING RESOURCE SURFACE FROM DISK
2613135.533	Test_Phase.SEQUENCE.Word	LOADING RESOURCE SURFACE FROM DISK
2620359.81	Test_Phase.SEQUENCE.Word	LOADING RESOURCE SURFACE FROM DISK
2627677.161	Test_Phase.SEQUENCE.Word	LOADING RESOURCE SURFACE FROM DISK
2634968.87	Test_Phase.SEQUENCE.Word	LOADING RESOURCE SURFACE FROM DISK
2642052.415	Test_Phase.SEQUENCE.Word	LOADING RESOURCE SURFACE FROM DISK
2649135.715	Test_Phase.SEQUENCE.Word	LOADING RESOURCE SURFACE FROM DISK
2656202.098	Test_Phase.SEQUENCE.Word	LOADING RESOURCE SURFACE FROM DISK
2663424.247	Test_Phase.SEQUENCE.Word	LOADING RESOURCE SURFACE FROM DISK
2670835.206	Test_Phase.SEQUENCE.Word	LOADING RESOURCE SURFACE FROM DISK
2677918.864	Test_Phase.SEQUENCE.Word	LOADING RESOURCE SURFACE FROM DISK
2685052.387	Test_Phase.SEQUENCE.Word	LOADING RESOURCE SURFACE FROM DISK
2692258.267	Test_Phase.SEQUENCE.Word	LOADING RESOURCE SURFACE FROM DISK
2700035.403	Test_Phase.SEQUENCE.Word	LOADING RESOURCE SURFACE FROM DISK
2707235.559	Test_Phase.SEQUENCE.Word	LOADING RESOURCE SURFACE FROM DISK
2714512.04	Test_Phase.SEQUENCE.Word	LOADING RESOURCE SURFACE FROM DISK
2721722.934	Test_Phase.SEQUENCE.Word	LOADING RESOURCE SURFACE FROM DISK
2728869.091	Test_Phase.SEQUENCE.Word	LOADING RESOURCE SURFACE FROM DISK
2735972.929	Test_Phase.SEQUENCE.Word	LOADING RESOURCE SURFACE FROM DISK
2743202.175	Test_Phase.SEQUENCE.Word	LOADING RESOURCE SURFACE FROM DISK
2750577.461	Test_Phase.SEQUENCE.Word	LOADING RESOURCE SURFACE FROM DISK
2757791.515	Test_Phase.SEQUENCE.Word	LOADING RESOURCE SURFACE FROM DISK
2764985.914	Test_Phase.SEQUENCE.Word	LOADING RESOURCE SURFACE FROM DISK
2772202.225	Test_Phase.SEQUENCE.Word	LOADING RESOURCE SURFACE FROM DISK
2779542.954	Test_Phase.SEQUENCE.Word	LOADING RESOURCE SURFACE FROM DISK
2786676.081	Test_Phase.SEQUENCE.Word	LOADING RESOURCE SURFACE FROM DISK
2794022.456	Test_Phase.SEQUENCE.Word	LOADING RESOURCE SURFACE FROM DISK
2801068.861	Test_Phase.SEQUENCE.Word	LOADING RESOURCE SURFACE FROM DISK
2808185.645	Test_Phase.SEQUENCE.Word	LOADING RESOURCE SURFACE FROM DISK
2815369.023	Test_Phase.SEQUENCE.Word	LOADING RESOURCE SURFACE FROM DISK
2822652.322	Test_Phase.SEQUENCE.Word	LOADING RESOURCE SURFACE FROM DISK
2829885.57	Test_Phase.SEQUENCE.Word	LOADING RESOURCE SURFACE FROM DISK
2837006.672	Test_Phase.SEQUENCE.Word	LOADING RESOURCE SURFACE FROM DISK
2844285.494	Test_Phase.SEQUENCE.Word	LOADING RESOURCE SURFACE FROM DISK
2851459.297	Test_Phase.SEQUENCE.Word	LOADING RESOURCE SURFACE FROM DISK
2858619.056	Test_Phase.SEQUENCE.Word	LOADING RESOURCE SURFACE FROM DISK
2865873.968	Test_Phase.SEQUENCE.Word	LOADING RESOURCE SURFACE FROM DISK
2873674.62	Test_Phase.SEQUENCE.Word	LOADING RESOURCE SURFACE FROM DISK
2882002.566	Test_Phase.SEQUENCE.Word	LOADING RESOURCE SURFACE FROM DISK
2889169.296	Test_Phase.SEQUENCE.Word	LOADING RESOURCE SURFACE FROM DISK
2896269.137	Test_Phase.SEQUENCE.Word	LOADING RESOURCE SURFACE FROM DISK
2903752.082	Test_Phase.SEQUENCE.Word	LOADING RESOURCE SURFACE FROM DISK
2911205.751	Test_Phase.SEQUENCE.Word	LOADING RESOURCE SURFACE FROM DISK
2918385.794	Test_Phase.SEQUENCE.Word	LOADING RESOURCE SURFACE FROM DISK
2925626.114	Test_Phase.SEQUENCE.Word	LOADING RESOURCE SURFACE FROM DISK
2932735.498	Test_Phase.SEQUENCE.Word	LOADING RESOURCE SURFACE FROM DISK
2940136.079	Test_Phase.SEQUENCE.Word	LOADING RESOURCE SURFACE FROM DISK
2947426.158	Test_Phase.SEQUENCE.Word	LOADING RESOURCE SURFACE FROM DISK
2954635.664	Test_Phase.SEQUENCE.Word	LOADING RESOURCE SURFACE FROM DISK
2961872.022	Test_Phase.SEQUENCE.Word	LOADING RESOURCE SURFACE FROM DISK
2968935.537	Test_Phase.SEQUENCE.Word	LOADING RESOURCE SURFACE FROM DISK
2976069.082	Test_Phase.SEQUENCE.Word	LOADING RESOURCE SURFACE FROM DISK
2983419.061	Test_Phase.SEQUENCE.Word	LOADING RESOURCE SURFACE FROM DISK
2998218.845	Test_Phase.SEQUENCE.Word	LOADING RESOURCE SURFACE FROM DISK
3005418.843	Test_Phase.SEQUENCE.Word	LOADING RESOURCE SURFACE FROM DISK
3012569.98	Test_Phase.SEQUENCE.Word	LOADING RESOURCE SURFACE FROM DISK
3019924.063	Test_Phase.SEQUENCE.Word	LOADING RESOURCE SURFACE FROM DISK
3027035.643	Test_Phase.SEQUENCE.Word	LOADING RESOURCE SURFACE FROM DISK
3034279.13	Test_Phase.SEQUENCE.Word	LOADING RESOURCE SURFACE FROM DISK
3041385.607	Test_Phase.SEQUENCE.Word	LOADING RESOURCE SURFACE FROM DISK
3048485.827	Test_Phase.SEQUENCE.Word	LOADING RESOURCE SURFACE FROM DISK
3055837.886	Test_Phase.SEQUENCE.Word	LOADING RESOURCE SURFACE FROM DISK
3063085.561	Test_Phase.SEQUENCE.Word	LOADING RESOURCE SURFACE FROM DISK
3070219.139	Test_Phase.SEQUENCE.Word	LOADING RESOURCE SURFACE FROM DISK
3077302.341	Test_Phase.SEQUENCE.Word	LOADING RESOURCE SURFACE FROM DISK
3084485.593	Test_Phase.SEQUENCE.Word	LOADING RESOURCE SURFACE FROM DISK
3091688.111	Test_Phase.SEQUENCE.Word	LOADING RESOURCE SURFACE FROM DISK
3098902.242	Test_Phase.SEQUENCE.Word	LOADING RESOURCE SURFACE FROM DISK
3106119.086	Test_Phase.SEQUENCE.Word	LOADING RESOURCE SURFACE FROM DISK
3113218.834	Test_Phase.SEQUENCE.Word	LOADING RESOURCE SURFACE FROM DISK
3120487.511	Test_Phase.SEQUENCE.Word	LOADING RESOURCE SURFACE FROM DISK
3127609.468	Test_Phase.SEQUENCE.Word	LOADING RESOURCE SURFACE FROM DISK
3135052.235	Test_Phase.SEQUENCE.Word	LOADING RESOURCE SURFACE FROM DISK
3142452.184	Test_Phase.SEQUENCE.Word	LOADING RESOURCE SURFACE FROM DISK
3149835.483	Test_Phase.SEQUENCE.Word	LOADING RESOURCE SURFACE FROM DISK
3157235.441	Test_Phase.SEQUENCE.Word	LOADING RESOURCE SURFACE FROM DISK
3164354.89	Test_Phase.SEQUENCE.Word	LOADING RESOURCE SURFACE FROM DISK
3171744.148	Test_Phase.SEQUENCE.Word	LOADING RESOURCE SURFACE FROM DISK
3179026.632	Test_Phase.SEQUENCE.Word	LOADING RESOURCE SURFACE FROM DISK
3186285.756	Test_Phase.SEQUENCE.Word	LOADING RESOURCE SURFACE FROM DISK
3193485.54	Test_Phase.SEQUENCE.Word	LOADING RESOURCE SURFACE FROM DISK
3200672.535	Test_Phase.SEQUENCE.Word	LOADING RESOURCE SURFACE FROM DISK
3207886.638	Test_Phase.SEQUENCE.Word	LOADING RESOURCE SURFACE FROM DISK
3215018.956	Test_Phase.SEQUENCE.Word	LOADING RESOURCE SURFACE FROM DISK
3222441.269	Test_Phase.SEQUENCE.Word	LOADING RESOURCE SURFACE FROM DISK
3230402.205	Test_Phase.SEQUENCE.Word	LOADING RESOURCE SURFACE FROM DISK
3237618.8	Test_Phase.SEQUENCE.Word	LOADING RESOURCE SURFACE FROM DISK
3244872.143	Test_Phase.SEQUENCE.Word	LOADING RESOURCE SURFACE FROM DISK
3252302.122	Test_Phase.SEQUENCE.Word	LOADING RESOURCE SURFACE FROM DISK
3259518.967	Test_Phase.SEQUENCE.Word	LOADING RESOURCE SURFACE FROM DISK
3266661.791	Test_Phase.SEQUENCE.Word	LOADING RESOURCE SURFACE FROM DISK
3274018.713	Test_Phase.SEQUENCE.Word	LOADING RESOURCE SURFACE FROM DISK
3281158.863	Test_Phase.SEQUENCE.Word	LOADING RESOURCE SURFACE FROM DISK
3288555.641	Test_Phase.SEQUENCE.Word	LOADING RESOURCE SURFACE FROM DISK
3295669.051	Test_Phase.SEQUENCE.Word	LOADING RESOURCE SURFACE FROM DISK
3302785.466	Test_Phase.SEQUENCE.Word	LOADING RESOURCE SURFACE FROM DISK
3309985.459	Test_Phase.SEQUENCE.Word	LOADING RESOURCE SURFACE FROM DISK
3317595.072	Test_Phase.SEQUENCE.Word	LOADING RESOURCE SURFACE FROM DISK
3321285.193	DISPLAY_SCREEN	LOADING RESOURCE SURFACE FROM DISK
