4880.249	DISPLAY_SCREEN[1]	LOADING RESOURCE SURFACE FROM DISK
578287.52	Familiarization_Phase.SEQUENCE.Cue_and_Instruction	LOADING RESOURCE SURFACE FROM DISK
578291.63	Familiarization_Phase.SEQUENCE.Cue_and_Instruction	LOADING RESOURCE SURFACE FROM DISK
584370.284	Familiarization_Phase.SEQUENCE.Cue_and_Instruction	LOADING RESOURCE SURFACE FROM DISK
584374.743	Familiarization_Phase.SEQUENCE.Cue_and_Instruction	LOADING RESOURCE SURFACE FROM DISK
590445.727	Familiarization_Phase.SEQUENCE.Cue_and_Instruction	LOADING RESOURCE SURFACE FROM DISK
590449.855	Familiarization_Phase.SEQUENCE.Cue_and_Instruction	LOADING RESOURCE SURFACE FROM DISK
632575.357	DISPLAY_SCREEN[3]	LOADING RESOURCE SURFACE FROM DISK
769774.357	DISPLAY_SCREEN[5]	LOADING RESOURCE SURFACE FROM DISK
844533.73	Practice_Phase.SEQUENCE.Blink_Screen	LOADING RESOURCE SURFACE FROM DISK
845737.78	Practice_Phase.SEQUENCE.Luminance_Cue[1]	LOADING RESOURCE SURFACE FROM DISK
845740.252	Practice_Phase.SEQUENCE.Luminance_Cue[1]	LOADING RESOURCE SURFACE FROM DISK
846237.249	Practice_Phase.SEQUENCE.Practice_Instruction	LOADING RESOURCE SURFACE FROM DISK
846239.547	Practice_Phase.SEQUENCE.Practice_Instruction	LOADING RESOURCE SURFACE FROM DISK
849737.394	Practice_Phase.SEQUENCE.Action_cue[1]	LOADING RESOURCE SURFACE FROM DISK
854334.227	Practice_Phase.SEQUENCE.Practice_Instruction	LOADING RESOURCE SURFACE FROM DISK
854336.722	Practice_Phase.SEQUENCE.Practice_Instruction	LOADING RESOURCE SURFACE FROM DISK
854338.2	Practice_Phase.SEQUENCE.Practice_Instruction	flip time is later than desired time. Desired Time=854339 Flip Time=854356 Retrace Rate=16.642, prepareTime=22 flip request time 854337
862404.228	Practice_Phase.SEQUENCE.Practice_Instruction	LOADING RESOURCE SURFACE FROM DISK
862406.623	Practice_Phase.SEQUENCE.Practice_Instruction	LOADING RESOURCE SURFACE FROM DISK
870470.831	Practice_Phase.SEQUENCE.Practice_Instruction	LOADING RESOURCE SURFACE FROM DISK
870473.175	Practice_Phase.SEQUENCE.Practice_Instruction	LOADING RESOURCE SURFACE FROM DISK
878537.207	Practice_Phase.SEQUENCE.Practice_Instruction	LOADING RESOURCE SURFACE FROM DISK
878575.568	Practice_Phase.SEQUENCE.Practice_Instruction	LOADING RESOURCE SURFACE FROM DISK
878577.086	Practice_Phase.SEQUENCE.Practice_Instruction	flip time is later than desired time. Desired Time=878556 Flip Time=878589 Retrace Rate=16.642, prepareTime=45 flip request time 878576
886637.486	Practice_Phase.SEQUENCE.Practice_Instruction	LOADING RESOURCE SURFACE FROM DISK
886653.055	Practice_Phase.SEQUENCE.Practice_Instruction	LOADING RESOURCE SURFACE FROM DISK
886654.68	Practice_Phase.SEQUENCE.Practice_Instruction	flip time is later than desired time. Desired Time=886656 Flip Time=886673 Retrace Rate=16.642, prepareTime=22 flip request time 886654
894720.977	Practice_Phase.SEQUENCE.Practice_Instruction	LOADING RESOURCE SURFACE FROM DISK
894763.952	Practice_Phase.SEQUENCE.Practice_Instruction	LOADING RESOURCE SURFACE FROM DISK
894765.525	Practice_Phase.SEQUENCE.Practice_Instruction	flip time is later than desired time. Desired Time=894739 Flip Time=894789 Retrace Rate=16.642, prepareTime=50 flip request time 894765
902837.16	Practice_Phase.SEQUENCE.Practice_Instruction	LOADING RESOURCE SURFACE FROM DISK
902839.827	Practice_Phase.SEQUENCE.Practice_Instruction	LOADING RESOURCE SURFACE FROM DISK
910904.295	Practice_Phase.SEQUENCE.Practice_Instruction	LOADING RESOURCE SURFACE FROM DISK
910906.857	Practice_Phase.SEQUENCE.Practice_Instruction	LOADING RESOURCE SURFACE FROM DISK
917085.161	DISPLAY_SCREEN[2]	LOADING RESOURCE SURFACE FROM DISK
1170412.871	Study_Phase.SEQUENCE.Study_Instruction	LOADING RESOURCE SURFACE FROM DISK
1170415.08	Study_Phase.SEQUENCE.Study_Instruction	LOADING RESOURCE SURFACE FROM DISK
1178723.691	Study_Phase.SEQUENCE.Study_Instruction	LOADING RESOURCE SURFACE FROM DISK
1186996.141	Study_Phase.SEQUENCE.Study_Instruction	LOADING RESOURCE SURFACE FROM DISK
1186998.421	Study_Phase.SEQUENCE.Study_Instruction	LOADING RESOURCE SURFACE FROM DISK
1195279.47	Study_Phase.SEQUENCE.Study_Instruction	LOADING RESOURCE SURFACE FROM DISK
1195326.685	Study_Phase.SEQUENCE.Study_Instruction	LOADING RESOURCE SURFACE FROM DISK
1203632.481	Study_Phase.SEQUENCE.Study_Instruction	LOADING RESOURCE SURFACE FROM DISK
1211909.288	Study_Phase.SEQUENCE.Study_Instruction	LOADING RESOURCE SURFACE FROM DISK
1220179.381	Study_Phase.SEQUENCE.Study_Instruction	LOADING RESOURCE SURFACE FROM DISK
1220217.25	Study_Phase.SEQUENCE.Study_Instruction	LOADING RESOURCE SURFACE FROM DISK
1228496.295	Study_Phase.SEQUENCE.Study_Instruction	LOADING RESOURCE SURFACE FROM DISK
1228498.981	Study_Phase.SEQUENCE.Study_Instruction	LOADING RESOURCE SURFACE FROM DISK
1236779.491	Study_Phase.SEQUENCE.Study_Instruction	LOADING RESOURCE SURFACE FROM DISK
1236781.824	Study_Phase.SEQUENCE.Study_Instruction	LOADING RESOURCE SURFACE FROM DISK
1245062.814	Study_Phase.SEQUENCE.Study_Instruction	LOADING RESOURCE SURFACE FROM DISK
1245065.072	Study_Phase.SEQUENCE.Study_Instruction	LOADING RESOURCE SURFACE FROM DISK
1253342.333	Study_Phase.SEQUENCE.Study_Instruction	LOADING RESOURCE SURFACE FROM DISK
1261613.026	Study_Phase.SEQUENCE.Study_Instruction	LOADING RESOURCE SURFACE FROM DISK
1261615.336	Study_Phase.SEQUENCE.Study_Instruction	LOADING RESOURCE SURFACE FROM DISK
1269896.029	Study_Phase.SEQUENCE.Study_Instruction	LOADING RESOURCE SURFACE FROM DISK
1269932.176	Study_Phase.SEQUENCE.Study_Instruction	LOADING RESOURCE SURFACE FROM DISK
1278212.678	Study_Phase.SEQUENCE.Study_Instruction	LOADING RESOURCE SURFACE FROM DISK
1278214.896	Study_Phase.SEQUENCE.Study_Instruction	LOADING RESOURCE SURFACE FROM DISK
1286492.321	Study_Phase.SEQUENCE.Study_Instruction	LOADING RESOURCE SURFACE FROM DISK
1294803.733	Study_Phase.SEQUENCE.Study_Instruction	LOADING RESOURCE SURFACE FROM DISK
1303075.931	Study_Phase.SEQUENCE.Study_Instruction	LOADING RESOURCE SURFACE FROM DISK
1311346.086	Study_Phase.SEQUENCE.Study_Instruction	LOADING RESOURCE SURFACE FROM DISK
1311348.228	Study_Phase.SEQUENCE.Study_Instruction	LOADING RESOURCE SURFACE FROM DISK
1319629.57	Study_Phase.SEQUENCE.Study_Instruction	LOADING RESOURCE SURFACE FROM DISK
1319674.746	Study_Phase.SEQUENCE.Study_Instruction	LOADING RESOURCE SURFACE FROM DISK
1327942.528	Study_Phase.SEQUENCE.Study_Instruction	LOADING RESOURCE SURFACE FROM DISK
1336208.986	Study_Phase.SEQUENCE.Study_Instruction	LOADING RESOURCE SURFACE FROM DISK
1344479.497	Study_Phase.SEQUENCE.Study_Instruction	LOADING RESOURCE SURFACE FROM DISK
1344481.899	Study_Phase.SEQUENCE.Study_Instruction	LOADING RESOURCE SURFACE FROM DISK
1352760.659	Study_Phase.SEQUENCE.Study_Instruction	LOADING RESOURCE SURFACE FROM DISK
1361029.49	Study_Phase.SEQUENCE.Study_Instruction	LOADING RESOURCE SURFACE FROM DISK
1361066.632	Study_Phase.SEQUENCE.Study_Instruction	LOADING RESOURCE SURFACE FROM DISK
1369346.144	Study_Phase.SEQUENCE.Study_Instruction	LOADING RESOURCE SURFACE FROM DISK
1369384.123	Study_Phase.SEQUENCE.Study_Instruction	LOADING RESOURCE SURFACE FROM DISK
1377660.4	Study_Phase.SEQUENCE.Study_Instruction	LOADING RESOURCE SURFACE FROM DISK
1385929.406	Study_Phase.SEQUENCE.Study_Instruction	LOADING RESOURCE SURFACE FROM DISK
1385931.662	Study_Phase.SEQUENCE.Study_Instruction	LOADING RESOURCE SURFACE FROM DISK
1394209.149	Study_Phase.SEQUENCE.Study_Instruction	LOADING RESOURCE SURFACE FROM DISK
1402501.261	Study_Phase.SEQUENCE.Study_Instruction	LOADING RESOURCE SURFACE FROM DISK
1410813.087	Study_Phase.SEQUENCE.Study_Instruction	LOADING RESOURCE SURFACE FROM DISK
1419079.533	Study_Phase.SEQUENCE.Study_Instruction	LOADING RESOURCE SURFACE FROM DISK
1419121.105	Study_Phase.SEQUENCE.Study_Instruction	LOADING RESOURCE SURFACE FROM DISK
1427396.255	Study_Phase.SEQUENCE.Study_Instruction	LOADING RESOURCE SURFACE FROM DISK
1427398.554	Study_Phase.SEQUENCE.Study_Instruction	LOADING RESOURCE SURFACE FROM DISK
1435675.731	Study_Phase.SEQUENCE.Study_Instruction	LOADING RESOURCE SURFACE FROM DISK
1443977.319	Study_Phase.SEQUENCE.Study_Instruction	LOADING RESOURCE SURFACE FROM DISK
1452246.199	Study_Phase.SEQUENCE.Study_Instruction	LOADING RESOURCE SURFACE FROM DISK
1452248.325	Study_Phase.SEQUENCE.Study_Instruction	LOADING RESOURCE SURFACE FROM DISK
1460526.824	Study_Phase.SEQUENCE.Study_Instruction	LOADING RESOURCE SURFACE FROM DISK
1468796.214	Study_Phase.SEQUENCE.Study_Instruction	LOADING RESOURCE SURFACE FROM DISK
1468798.387	Study_Phase.SEQUENCE.Study_Instruction	LOADING RESOURCE SURFACE FROM DISK
1477119.821	Study_Phase.SEQUENCE.Study_Instruction	LOADING RESOURCE SURFACE FROM DISK
1485396.139	Study_Phase.SEQUENCE.Study_Instruction	LOADING RESOURCE SURFACE FROM DISK
1485430.879	Study_Phase.SEQUENCE.Study_Instruction	LOADING RESOURCE SURFACE FROM DISK
1493696.287	Study_Phase.SEQUENCE.Study_Instruction	LOADING RESOURCE SURFACE FROM DISK
1493735.526	Study_Phase.SEQUENCE.Study_Instruction	LOADING RESOURCE SURFACE FROM DISK
1502012.826	Study_Phase.SEQUENCE.Study_Instruction	LOADING RESOURCE SURFACE FROM DISK
1502015.136	Study_Phase.SEQUENCE.Study_Instruction	LOADING RESOURCE SURFACE FROM DISK
1510296.071	Study_Phase.SEQUENCE.Study_Instruction	LOADING RESOURCE SURFACE FROM DISK
1510298.354	Study_Phase.SEQUENCE.Study_Instruction	LOADING RESOURCE SURFACE FROM DISK
1518579.522	Study_Phase.SEQUENCE.Study_Instruction	LOADING RESOURCE SURFACE FROM DISK
1518581.905	Study_Phase.SEQUENCE.Study_Instruction	LOADING RESOURCE SURFACE FROM DISK
1526862.781	Study_Phase.SEQUENCE.Study_Instruction	LOADING RESOURCE SURFACE FROM DISK
1526865.062	Study_Phase.SEQUENCE.Study_Instruction	LOADING RESOURCE SURFACE FROM DISK
1535146.004	Study_Phase.SEQUENCE.Study_Instruction	LOADING RESOURCE SURFACE FROM DISK
1535148.378	Study_Phase.SEQUENCE.Study_Instruction	LOADING RESOURCE SURFACE FROM DISK
1543412.834	Study_Phase.SEQUENCE.Study_Instruction	LOADING RESOURCE SURFACE FROM DISK
1543450.999	Study_Phase.SEQUENCE.Study_Instruction	LOADING RESOURCE SURFACE FROM DISK
1551726.811	Study_Phase.SEQUENCE.Study_Instruction	LOADING RESOURCE SURFACE FROM DISK
1559996.086	Study_Phase.SEQUENCE.Study_Instruction	LOADING RESOURCE SURFACE FROM DISK
1559998.26	Study_Phase.SEQUENCE.Study_Instruction	LOADING RESOURCE SURFACE FROM DISK
1568279.538	Study_Phase.SEQUENCE.Study_Instruction	LOADING RESOURCE SURFACE FROM DISK
1568305.827	Study_Phase.SEQUENCE.Study_Instruction	LOADING RESOURCE SURFACE FROM DISK
1576575.721	Study_Phase.SEQUENCE.Study_Instruction	LOADING RESOURCE SURFACE FROM DISK
1584843.666	Study_Phase.SEQUENCE.Study_Instruction	LOADING RESOURCE SURFACE FROM DISK
1593096.17	Study_Phase.SEQUENCE.Study_Instruction	LOADING RESOURCE SURFACE FROM DISK
1593131.738	Study_Phase.SEQUENCE.Study_Instruction	LOADING RESOURCE SURFACE FROM DISK
1601410.233	Study_Phase.SEQUENCE.Study_Instruction	LOADING RESOURCE SURFACE FROM DISK
1609675.916	Study_Phase.SEQUENCE.Study_Instruction	LOADING RESOURCE SURFACE FROM DISK
1617946.225	Study_Phase.SEQUENCE.Study_Instruction	LOADING RESOURCE SURFACE FROM DISK
1617948.359	Study_Phase.SEQUENCE.Study_Instruction	LOADING RESOURCE SURFACE FROM DISK
1626271.83	Study_Phase.SEQUENCE.Study_Instruction	LOADING RESOURCE SURFACE FROM DISK
1634546.08	Study_Phase.SEQUENCE.Study_Instruction	LOADING RESOURCE SURFACE FROM DISK
1634548.266	Study_Phase.SEQUENCE.Study_Instruction	LOADING RESOURCE SURFACE FROM DISK
1642860.197	Study_Phase.SEQUENCE.Study_Instruction	LOADING RESOURCE SURFACE FROM DISK
1651112.729	Study_Phase.SEQUENCE.Study_Instruction	LOADING RESOURCE SURFACE FROM DISK
1651153.68	Study_Phase.SEQUENCE.Study_Instruction	LOADING RESOURCE SURFACE FROM DISK
1659426.978	Study_Phase.SEQUENCE.Study_Instruction	LOADING RESOURCE SURFACE FROM DISK
1667696.355	Study_Phase.SEQUENCE.Study_Instruction	LOADING RESOURCE SURFACE FROM DISK
1667698.574	Study_Phase.SEQUENCE.Study_Instruction	LOADING RESOURCE SURFACE FROM DISK
1675975.705	Study_Phase.SEQUENCE.Study_Instruction	LOADING RESOURCE SURFACE FROM DISK
1684246.284	Study_Phase.SEQUENCE.Study_Instruction	LOADING RESOURCE SURFACE FROM DISK
1684290.62	Study_Phase.SEQUENCE.Study_Instruction	LOADING RESOURCE SURFACE FROM DISK
1692560.21	Study_Phase.SEQUENCE.Study_Instruction	LOADING RESOURCE SURFACE FROM DISK
1700829.47	Study_Phase.SEQUENCE.Study_Instruction	LOADING RESOURCE SURFACE FROM DISK
1700831.674	Study_Phase.SEQUENCE.Study_Instruction	LOADING RESOURCE SURFACE FROM DISK
1709145.453	Study_Phase.SEQUENCE.Study_Instruction	LOADING RESOURCE SURFACE FROM DISK
1717409.423	Study_Phase.SEQUENCE.Study_Instruction	LOADING RESOURCE SURFACE FROM DISK
1725679.474	Study_Phase.SEQUENCE.Study_Instruction	LOADING RESOURCE SURFACE FROM DISK
1725714.976	Study_Phase.SEQUENCE.Study_Instruction	LOADING RESOURCE SURFACE FROM DISK
1733992.367	Study_Phase.SEQUENCE.Study_Instruction	LOADING RESOURCE SURFACE FROM DISK
1742334.38	Study_Phase.SEQUENCE.Study_Instruction	LOADING RESOURCE SURFACE FROM DISK
1750610.282	Study_Phase.SEQUENCE.Study_Instruction	LOADING RESOURCE SURFACE FROM DISK
1758879.332	Study_Phase.SEQUENCE.Study_Instruction	LOADING RESOURCE SURFACE FROM DISK
1758916.304	Study_Phase.SEQUENCE.Study_Instruction	LOADING RESOURCE SURFACE FROM DISK
1767193.514	Study_Phase.SEQUENCE.Study_Instruction	LOADING RESOURCE SURFACE FROM DISK
1775466.817	Study_Phase.SEQUENCE.Study_Instruction	LOADING RESOURCE SURFACE FROM DISK
1783746.231	Study_Phase.SEQUENCE.Study_Instruction	LOADING RESOURCE SURFACE FROM DISK
1783748.374	Study_Phase.SEQUENCE.Study_Instruction	LOADING RESOURCE SURFACE FROM DISK
1792061.022	Study_Phase.SEQUENCE.Study_Instruction	LOADING RESOURCE SURFACE FROM DISK
1800366.57	Study_Phase.SEQUENCE.Study_Instruction	LOADING RESOURCE SURFACE FROM DISK
1808646.176	Study_Phase.SEQUENCE.Study_Instruction	LOADING RESOURCE SURFACE FROM DISK
1808648.339	Study_Phase.SEQUENCE.Study_Instruction	LOADING RESOURCE SURFACE FROM DISK
1816929.48	Study_Phase.SEQUENCE.Study_Instruction	LOADING RESOURCE SURFACE FROM DISK
1816969.128	Study_Phase.SEQUENCE.Study_Instruction	LOADING RESOURCE SURFACE FROM DISK
1825285.371	Study_Phase.SEQUENCE.Study_Instruction	LOADING RESOURCE SURFACE FROM DISK
1833559.124	Study_Phase.SEQUENCE.Study_Instruction	LOADING RESOURCE SURFACE FROM DISK
1841829.716	Study_Phase.SEQUENCE.Study_Instruction	LOADING RESOURCE SURFACE FROM DISK
1841870.066	Study_Phase.SEQUENCE.Study_Instruction	LOADING RESOURCE SURFACE FROM DISK
1850183.666	Study_Phase.SEQUENCE.Study_Instruction	LOADING RESOURCE SURFACE FROM DISK
1858462.83	Study_Phase.SEQUENCE.Study_Instruction	LOADING RESOURCE SURFACE FROM DISK
1858499.149	Study_Phase.SEQUENCE.Study_Instruction	LOADING RESOURCE SURFACE FROM DISK
1866779.545	Study_Phase.SEQUENCE.Study_Instruction	LOADING RESOURCE SURFACE FROM DISK
1866781.914	Study_Phase.SEQUENCE.Study_Instruction	LOADING RESOURCE SURFACE FROM DISK
1875062.859	Study_Phase.SEQUENCE.Study_Instruction	LOADING RESOURCE SURFACE FROM DISK
1875106.777	Study_Phase.SEQUENCE.Study_Instruction	LOADING RESOURCE SURFACE FROM DISK
1883379.263	Study_Phase.SEQUENCE.Study_Instruction	LOADING RESOURCE SURFACE FROM DISK
1883424.197	Study_Phase.SEQUENCE.Study_Instruction	LOADING RESOURCE SURFACE FROM DISK
1891676.82	Study_Phase.SEQUENCE.Study_Instruction	LOADING RESOURCE SURFACE FROM DISK
1899946.005	Study_Phase.SEQUENCE.Study_Instruction	LOADING RESOURCE SURFACE FROM DISK
1899986.015	Study_Phase.SEQUENCE.Study_Instruction	LOADING RESOURCE SURFACE FROM DISK
1908262.58	Study_Phase.SEQUENCE.Study_Instruction	LOADING RESOURCE SURFACE FROM DISK
1908306.473	Study_Phase.SEQUENCE.Study_Instruction	LOADING RESOURCE SURFACE FROM DISK
1916575.751	Study_Phase.SEQUENCE.Study_Instruction	LOADING RESOURCE SURFACE FROM DISK
1924844.263	Study_Phase.SEQUENCE.Study_Instruction	LOADING RESOURCE SURFACE FROM DISK
1933112.977	Study_Phase.SEQUENCE.Study_Instruction	LOADING RESOURCE SURFACE FROM DISK
1933115.23	Study_Phase.SEQUENCE.Study_Instruction	LOADING RESOURCE SURFACE FROM DISK
1941393.508	Study_Phase.SEQUENCE.Study_Instruction	LOADING RESOURCE SURFACE FROM DISK
1949662.757	Study_Phase.SEQUENCE.Study_Instruction	LOADING RESOURCE SURFACE FROM DISK
1949665.045	Study_Phase.SEQUENCE.Study_Instruction	LOADING RESOURCE SURFACE FROM DISK
1957943.643	Study_Phase.SEQUENCE.Study_Instruction	LOADING RESOURCE SURFACE FROM DISK
1966212.971	Study_Phase.SEQUENCE.Study_Instruction	LOADING RESOURCE SURFACE FROM DISK
1966228.552	Study_Phase.SEQUENCE.Study_Instruction	LOADING RESOURCE SURFACE FROM DISK
1974495.953	Study_Phase.SEQUENCE.Study_Instruction	LOADING RESOURCE SURFACE FROM DISK
1974565.78	Study_Phase.SEQUENCE.Study_Instruction	LOADING RESOURCE SURFACE FROM DISK
1982882.829	Study_Phase.SEQUENCE.Study_Instruction	LOADING RESOURCE SURFACE FROM DISK
1991162.914	Study_Phase.SEQUENCE.Study_Instruction	LOADING RESOURCE SURFACE FROM DISK
1991165.519	Study_Phase.SEQUENCE.Study_Instruction	LOADING RESOURCE SURFACE FROM DISK
1999442.377	Study_Phase.SEQUENCE.Study_Instruction	LOADING RESOURCE SURFACE FROM DISK
2007712.741	Study_Phase.SEQUENCE.Study_Instruction	LOADING RESOURCE SURFACE FROM DISK
2007764.922	Study_Phase.SEQUENCE.Study_Instruction	LOADING RESOURCE SURFACE FROM DISK
2016078.337	Study_Phase.SEQUENCE.Study_Instruction	LOADING RESOURCE SURFACE FROM DISK
2024346.418	Study_Phase.SEQUENCE.Study_Instruction	LOADING RESOURCE SURFACE FROM DISK
2024348.851	Study_Phase.SEQUENCE.Study_Instruction	LOADING RESOURCE SURFACE FROM DISK
2032629.486	Study_Phase.SEQUENCE.Study_Instruction	LOADING RESOURCE SURFACE FROM DISK
2032671.5	Study_Phase.SEQUENCE.Study_Instruction	LOADING RESOURCE SURFACE FROM DISK
2040925.649	Study_Phase.SEQUENCE.Study_Instruction	LOADING RESOURCE SURFACE FROM DISK
2049196.499	Study_Phase.SEQUENCE.Study_Instruction	LOADING RESOURCE SURFACE FROM DISK
2049198.795	Study_Phase.SEQUENCE.Study_Instruction	LOADING RESOURCE SURFACE FROM DISK
2057525.727	Study_Phase.SEQUENCE.Study_Instruction	LOADING RESOURCE SURFACE FROM DISK
2065793.903	Study_Phase.SEQUENCE.Study_Instruction	LOADING RESOURCE SURFACE FROM DISK
2074059.166	Study_Phase.SEQUENCE.Study_Instruction	LOADING RESOURCE SURFACE FROM DISK
2082329.621	Study_Phase.SEQUENCE.Study_Instruction	LOADING RESOURCE SURFACE FROM DISK
2082332.084	Study_Phase.SEQUENCE.Study_Instruction	LOADING RESOURCE SURFACE FROM DISK
2090643.939	Study_Phase.SEQUENCE.Study_Instruction	LOADING RESOURCE SURFACE FROM DISK
2098913.126	Study_Phase.SEQUENCE.Study_Instruction	LOADING RESOURCE SURFACE FROM DISK
2098915.609	Study_Phase.SEQUENCE.Study_Instruction	LOADING RESOURCE SURFACE FROM DISK
2107196.078	Study_Phase.SEQUENCE.Study_Instruction	LOADING RESOURCE SURFACE FROM DISK
2107198.631	Study_Phase.SEQUENCE.Study_Instruction	LOADING RESOURCE SURFACE FROM DISK
2115476.988	Study_Phase.SEQUENCE.Study_Instruction	LOADING RESOURCE SURFACE FROM DISK
2123729.454	Study_Phase.SEQUENCE.Study_Instruction	LOADING RESOURCE SURFACE FROM DISK
2123775.005	Study_Phase.SEQUENCE.Study_Instruction	LOADING RESOURCE SURFACE FROM DISK
2132084.767	Study_Phase.SEQUENCE.Study_Instruction	LOADING RESOURCE SURFACE FROM DISK
2140362.855	Study_Phase.SEQUENCE.Study_Instruction	LOADING RESOURCE SURFACE FROM DISK
2140365.039	Study_Phase.SEQUENCE.Study_Instruction	LOADING RESOURCE SURFACE FROM DISK
2148643.546	Study_Phase.SEQUENCE.Study_Instruction	LOADING RESOURCE SURFACE FROM DISK
2156912.725	Study_Phase.SEQUENCE.Study_Instruction	LOADING RESOURCE SURFACE FROM DISK
2156914.812	Study_Phase.SEQUENCE.Study_Instruction	LOADING RESOURCE SURFACE FROM DISK
2163161.888	DISPLAY_SCREEN[7]	LOADING RESOURCE SURFACE FROM DISK
2581741.907	Test_Phase.SEQUENCE.Target_Cue	LOADING RESOURCE SURFACE FROM DISK
2581743.543	Test_Phase.SEQUENCE.Target_Cue	LOADING RESOURCE SURFACE FROM DISK
2583759.186	Test_Phase.SEQUENCE.Word	LOADING RESOURCE SURFACE FROM DISK
2586775.488	Test_Phase.SEQUENCE.Test_Question	LOADING RESOURCE SURFACE FROM DISK
2586777.171	Test_Phase.SEQUENCE.Test_Question	LOADING RESOURCE SURFACE FROM DISK
2586778.843	Test_Phase.SEQUENCE.Test_Question	LOADING RESOURCE SURFACE FROM DISK
2586780.406	Test_Phase.SEQUENCE.Test_Question	LOADING RESOURCE SURFACE FROM DISK
2586781.961	Test_Phase.SEQUENCE.Test_Question	LOADING RESOURCE SURFACE FROM DISK
2586783.679	Test_Phase.SEQUENCE.Test_Question	LOADING RESOURCE SURFACE FROM DISK
2586785.42	Test_Phase.SEQUENCE.Test_Question	LOADING RESOURCE SURFACE FROM DISK
2586786.939	Test_Phase.SEQUENCE.Test_Question	LOADING RESOURCE SURFACE FROM DISK
2586788.524	Test_Phase.SEQUENCE.Test_Question	LOADING RESOURCE SURFACE FROM DISK
2586790.041	Test_Phase.SEQUENCE.Test_Question	LOADING RESOURCE SURFACE FROM DISK
2586791.572	Test_Phase.SEQUENCE.Test_Question	LOADING RESOURCE SURFACE FROM DISK
2586793.203	Test_Phase.SEQUENCE.Test_Question	LOADING RESOURCE SURFACE FROM DISK
2592709.156	Test_Phase.SEQUENCE.Word	LOADING RESOURCE SURFACE FROM DISK
2601742.489	Test_Phase.SEQUENCE.Word	LOADING RESOURCE SURFACE FROM DISK
2610459.097	Test_Phase.SEQUENCE.Word	LOADING RESOURCE SURFACE FROM DISK
2619392.51	Test_Phase.SEQUENCE.Word	LOADING RESOURCE SURFACE FROM DISK
2628534.24	Test_Phase.SEQUENCE.Word	LOADING RESOURCE SURFACE FROM DISK
2639242.526	Test_Phase.SEQUENCE.Word	LOADING RESOURCE SURFACE FROM DISK
2646825.768	Test_Phase.SEQUENCE.Word	LOADING RESOURCE SURFACE FROM DISK
2654192.424	Test_Phase.SEQUENCE.Word	LOADING RESOURCE SURFACE FROM DISK
2662063.586	Test_Phase.SEQUENCE.Word	LOADING RESOURCE SURFACE FROM DISK
2670692.543	Test_Phase.SEQUENCE.Word	LOADING RESOURCE SURFACE FROM DISK
2679959.407	Test_Phase.SEQUENCE.Word	LOADING RESOURCE SURFACE FROM DISK
2687651.708	Test_Phase.SEQUENCE.Word	LOADING RESOURCE SURFACE FROM DISK
2696292.463	Test_Phase.SEQUENCE.Word	LOADING RESOURCE SURFACE FROM DISK
2703625.826	Test_Phase.SEQUENCE.Word	LOADING RESOURCE SURFACE FROM DISK
2710876.078	Test_Phase.SEQUENCE.Word	LOADING RESOURCE SURFACE FROM DISK
2719959.17	Test_Phase.SEQUENCE.Word	LOADING RESOURCE SURFACE FROM DISK
2730485.264	Test_Phase.SEQUENCE.Word	LOADING RESOURCE SURFACE FROM DISK
2739492.433	Test_Phase.SEQUENCE.Word	LOADING RESOURCE SURFACE FROM DISK
2747125.449	Test_Phase.SEQUENCE.Word	LOADING RESOURCE SURFACE FROM DISK
2755459.101	Test_Phase.SEQUENCE.Word	LOADING RESOURCE SURFACE FROM DISK
2770475.94	Test_Phase.SEQUENCE.Word	LOADING RESOURCE SURFACE FROM DISK
2777702.521	Test_Phase.SEQUENCE.Word	LOADING RESOURCE SURFACE FROM DISK
2786326.2	Test_Phase.SEQUENCE.Word	LOADING RESOURCE SURFACE FROM DISK
2794592.505	Test_Phase.SEQUENCE.Word	LOADING RESOURCE SURFACE FROM DISK
2801942.68	Test_Phase.SEQUENCE.Word	LOADING RESOURCE SURFACE FROM DISK
2810092.792	Test_Phase.SEQUENCE.Word	LOADING RESOURCE SURFACE FROM DISK
2817428.468	Test_Phase.SEQUENCE.Word	LOADING RESOURCE SURFACE FROM DISK
2827559.168	Test_Phase.SEQUENCE.Word	LOADING RESOURCE SURFACE FROM DISK
2836675.879	Test_Phase.SEQUENCE.Word	LOADING RESOURCE SURFACE FROM DISK
2843963.283	Test_Phase.SEQUENCE.Word	LOADING RESOURCE SURFACE FROM DISK
2852025.703	Test_Phase.SEQUENCE.Word	LOADING RESOURCE SURFACE FROM DISK
2862725.732	Test_Phase.SEQUENCE.Word	LOADING RESOURCE SURFACE FROM DISK
2870992.527	Test_Phase.SEQUENCE.Word	LOADING RESOURCE SURFACE FROM DISK
2879159.289	Test_Phase.SEQUENCE.Word	LOADING RESOURCE SURFACE FROM DISK
2886459.207	Test_Phase.SEQUENCE.Word	LOADING RESOURCE SURFACE FROM DISK
2894475.872	Test_Phase.SEQUENCE.Word	LOADING RESOURCE SURFACE FROM DISK
2902275.741	Test_Phase.SEQUENCE.Word	LOADING RESOURCE SURFACE FROM DISK
2909459.223	Test_Phase.SEQUENCE.Word	LOADING RESOURCE SURFACE FROM DISK
2916592.35	Test_Phase.SEQUENCE.Word	LOADING RESOURCE SURFACE FROM DISK
2926792.441	Test_Phase.SEQUENCE.Word	LOADING RESOURCE SURFACE FROM DISK
2935592.468	Test_Phase.SEQUENCE.Word	LOADING RESOURCE SURFACE FROM DISK
2943094.036	Test_Phase.SEQUENCE.Word	LOADING RESOURCE SURFACE FROM DISK
2950529.015	Test_Phase.SEQUENCE.Word	LOADING RESOURCE SURFACE FROM DISK
2957659.131	Test_Phase.SEQUENCE.Word	LOADING RESOURCE SURFACE FROM DISK
2964842.688	Test_Phase.SEQUENCE.Word	LOADING RESOURCE SURFACE FROM DISK
2973709.316	Test_Phase.SEQUENCE.Word	LOADING RESOURCE SURFACE FROM DISK
2981109.351	Test_Phase.SEQUENCE.Word	LOADING RESOURCE SURFACE FROM DISK
2988409.15	Test_Phase.SEQUENCE.Word	LOADING RESOURCE SURFACE FROM DISK
2995625.871	Test_Phase.SEQUENCE.Word	LOADING RESOURCE SURFACE FROM DISK
3003375.82	Test_Phase.SEQUENCE.Word	LOADING RESOURCE SURFACE FROM DISK
3012092.488	Test_Phase.SEQUENCE.Word	LOADING RESOURCE SURFACE FROM DISK
3020075.883	Test_Phase.SEQUENCE.Word	LOADING RESOURCE SURFACE FROM DISK
3027375.744	Test_Phase.SEQUENCE.Word	LOADING RESOURCE SURFACE FROM DISK
3034826.472	Test_Phase.SEQUENCE.Word	LOADING RESOURCE SURFACE FROM DISK
3041925.665	Test_Phase.SEQUENCE.Word	LOADING RESOURCE SURFACE FROM DISK
3050642.416	Test_Phase.SEQUENCE.Word	LOADING RESOURCE SURFACE FROM DISK
3059459.111	Test_Phase.SEQUENCE.Word	LOADING RESOURCE SURFACE FROM DISK
3068503.128	Test_Phase.SEQUENCE.Word	LOADING RESOURCE SURFACE FROM DISK
3076642.607	Test_Phase.SEQUENCE.Word	LOADING RESOURCE SURFACE FROM DISK
3083992.426	Test_Phase.SEQUENCE.Word	LOADING RESOURCE SURFACE FROM DISK
3091275.972	Test_Phase.SEQUENCE.Word	LOADING RESOURCE SURFACE FROM DISK
3098518.564	Test_Phase.SEQUENCE.Word	LOADING RESOURCE SURFACE FROM DISK
3105976.031	Test_Phase.SEQUENCE.Word	LOADING RESOURCE SURFACE FROM DISK
3115059.058	Test_Phase.SEQUENCE.Word	LOADING RESOURCE SURFACE FROM DISK
3122475.915	Test_Phase.SEQUENCE.Word	LOADING RESOURCE SURFACE FROM DISK
3129809.084	Test_Phase.SEQUENCE.Word	LOADING RESOURCE SURFACE FROM DISK
3137209.238	Test_Phase.SEQUENCE.Word	LOADING RESOURCE SURFACE FROM DISK
3145845.257	Test_Phase.SEQUENCE.Word	LOADING RESOURCE SURFACE FROM DISK
3153942.574	Test_Phase.SEQUENCE.Word	LOADING RESOURCE SURFACE FROM DISK
3161225.984	Test_Phase.SEQUENCE.Word	LOADING RESOURCE SURFACE FROM DISK
3168942.409	Test_Phase.SEQUENCE.Word	LOADING RESOURCE SURFACE FROM DISK
3179066.255	Test_Phase.SEQUENCE.Word	LOADING RESOURCE SURFACE FROM DISK
3186259.141	Test_Phase.SEQUENCE.Word	LOADING RESOURCE SURFACE FROM DISK
3193209.034	Test_Phase.SEQUENCE.Word	LOADING RESOURCE SURFACE FROM DISK
3200410.361	Test_Phase.SEQUENCE.Word	LOADING RESOURCE SURFACE FROM DISK
3207314.755	Test_Phase.SEQUENCE.Word	LOADING RESOURCE SURFACE FROM DISK
3216575.951	Test_Phase.SEQUENCE.Word	LOADING RESOURCE SURFACE FROM DISK
3223809.262	Test_Phase.SEQUENCE.Word	LOADING RESOURCE SURFACE FROM DISK
3233725.914	Test_Phase.SEQUENCE.Word	LOADING RESOURCE SURFACE FROM DISK
3240580.322	Test_Phase.SEQUENCE.Word	LOADING RESOURCE SURFACE FROM DISK
3247875.823	Test_Phase.SEQUENCE.Word	LOADING RESOURCE SURFACE FROM DISK
3256466.118	Test_Phase.SEQUENCE.Word	LOADING RESOURCE SURFACE FROM DISK
3263309.228	Test_Phase.SEQUENCE.Word	LOADING RESOURCE SURFACE FROM DISK
3271579.537	Test_Phase.SEQUENCE.Word	LOADING RESOURCE SURFACE FROM DISK
3279259.17	Test_Phase.SEQUENCE.Word	LOADING RESOURCE SURFACE FROM DISK
3288042.558	Test_Phase.SEQUENCE.Word	LOADING RESOURCE SURFACE FROM DISK
3295276.01	Test_Phase.SEQUENCE.Word	LOADING RESOURCE SURFACE FROM DISK
3302592.645	Test_Phase.SEQUENCE.Word	LOADING RESOURCE SURFACE FROM DISK
3310809.291	Test_Phase.SEQUENCE.Word	LOADING RESOURCE SURFACE FROM DISK
3320192.569	Test_Phase.SEQUENCE.Word	LOADING RESOURCE SURFACE FROM DISK
3327575.654	Test_Phase.SEQUENCE.Word	LOADING RESOURCE SURFACE FROM DISK
3335459.108	Test_Phase.SEQUENCE.Word	LOADING RESOURCE SURFACE FROM DISK
3343409.066	Test_Phase.SEQUENCE.Word	LOADING RESOURCE SURFACE FROM DISK
3351259.113	Test_Phase.SEQUENCE.Word	LOADING RESOURCE SURFACE FROM DISK
3358928.405	Test_Phase.SEQUENCE.Word	LOADING RESOURCE SURFACE FROM DISK
3366592.86	Test_Phase.SEQUENCE.Word	LOADING RESOURCE SURFACE FROM DISK
3373875.93	Test_Phase.SEQUENCE.Word	LOADING RESOURCE SURFACE FROM DISK
3381275.875	Test_Phase.SEQUENCE.Word	LOADING RESOURCE SURFACE FROM DISK
3388575.85	Test_Phase.SEQUENCE.Word	LOADING RESOURCE SURFACE FROM DISK
3395759.15	Test_Phase.SEQUENCE.Word	LOADING RESOURCE SURFACE FROM DISK
3403109.17	Test_Phase.SEQUENCE.Word	LOADING RESOURCE SURFACE FROM DISK
3410325.842	Test_Phase.SEQUENCE.Word	LOADING RESOURCE SURFACE FROM DISK
3417382.869	Test_Phase.SEQUENCE.Word	LOADING RESOURCE SURFACE FROM DISK
3425792.792	Test_Phase.SEQUENCE.Word	LOADING RESOURCE SURFACE FROM DISK
3433792.585	Test_Phase.SEQUENCE.Word	LOADING RESOURCE SURFACE FROM DISK
3444911.927	Test_Phase.SEQUENCE.Word	LOADING RESOURCE SURFACE FROM DISK
3453492.553	Test_Phase.SEQUENCE.Word	LOADING RESOURCE SURFACE FROM DISK
3460625.733	Test_Phase.SEQUENCE.Word	LOADING RESOURCE SURFACE FROM DISK
3469459.118	Test_Phase.SEQUENCE.Word	LOADING RESOURCE SURFACE FROM DISK
3476551.984	Test_Phase.SEQUENCE.Word	LOADING RESOURCE SURFACE FROM DISK
3484792.511	Test_Phase.SEQUENCE.Word	LOADING RESOURCE SURFACE FROM DISK
3492190.19	Test_Phase.SEQUENCE.Word	LOADING RESOURCE SURFACE FROM DISK
3499242.639	Test_Phase.SEQUENCE.Word	LOADING RESOURCE SURFACE FROM DISK
3506425.69	Test_Phase.SEQUENCE.Word	LOADING RESOURCE SURFACE FROM DISK
3514209.287	Test_Phase.SEQUENCE.Word	LOADING RESOURCE SURFACE FROM DISK
3523725.692	Test_Phase.SEQUENCE.Word	LOADING RESOURCE SURFACE FROM DISK
3531015.65	Test_Phase.SEQUENCE.Word	LOADING RESOURCE SURFACE FROM DISK
3540513.21	Test_Phase.SEQUENCE.Word	LOADING RESOURCE SURFACE FROM DISK
3547792.433	Test_Phase.SEQUENCE.Word	LOADING RESOURCE SURFACE FROM DISK
3555126.026	Test_Phase.SEQUENCE.Word	LOADING RESOURCE SURFACE FROM DISK
3562375.923	Test_Phase.SEQUENCE.Word	LOADING RESOURCE SURFACE FROM DISK
3576613.322	Test_Phase.SEQUENCE.Word	LOADING RESOURCE SURFACE FROM DISK
3583725.771	Test_Phase.SEQUENCE.Word	LOADING RESOURCE SURFACE FROM DISK
3590775.902	Test_Phase.SEQUENCE.Word	LOADING RESOURCE SURFACE FROM DISK
3597944.489	Test_Phase.SEQUENCE.Word	LOADING RESOURCE SURFACE FROM DISK
3605342.492	Test_Phase.SEQUENCE.Word	LOADING RESOURCE SURFACE FROM DISK
3612442.621	Test_Phase.SEQUENCE.Word	LOADING RESOURCE SURFACE FROM DISK
3619610.894	Test_Phase.SEQUENCE.Word	LOADING RESOURCE SURFACE FROM DISK
3626842.315	Test_Phase.SEQUENCE.Word	LOADING RESOURCE SURFACE FROM DISK
3634025.958	Test_Phase.SEQUENCE.Word	LOADING RESOURCE SURFACE FROM DISK
3641192.749	Test_Phase.SEQUENCE.Word	LOADING RESOURCE SURFACE FROM DISK
3648592.592	Test_Phase.SEQUENCE.Word	LOADING RESOURCE SURFACE FROM DISK
3657826.044	Test_Phase.SEQUENCE.Word	LOADING RESOURCE SURFACE FROM DISK
3666602.287	Test_Phase.SEQUENCE.Word	LOADING RESOURCE SURFACE FROM DISK
3673674.57	Test_Phase.SEQUENCE.Word	LOADING RESOURCE SURFACE FROM DISK
3681109.232	Test_Phase.SEQUENCE.Word	LOADING RESOURCE SURFACE FROM DISK
3688317.636	Test_Phase.SEQUENCE.Word	LOADING RESOURCE SURFACE FROM DISK
3695126.173	Test_Phase.SEQUENCE.Word	LOADING RESOURCE SURFACE FROM DISK
3702309.323	Test_Phase.SEQUENCE.Word	LOADING RESOURCE SURFACE FROM DISK
3710992.52	Test_Phase.SEQUENCE.Word	LOADING RESOURCE SURFACE FROM DISK
3718775.818	Test_Phase.SEQUENCE.Word	LOADING RESOURCE SURFACE FROM DISK
3725880.76	Test_Phase.SEQUENCE.Word	LOADING RESOURCE SURFACE FROM DISK
3733727.514	Test_Phase.SEQUENCE.Word	LOADING RESOURCE SURFACE FROM DISK
3740809.024	Test_Phase.SEQUENCE.Word	LOADING RESOURCE SURFACE FROM DISK
3747809.376	Test_Phase.SEQUENCE.Word	LOADING RESOURCE SURFACE FROM DISK
3756675.86	Test_Phase.SEQUENCE.Word	LOADING RESOURCE SURFACE FROM DISK
3764859.11	Test_Phase.SEQUENCE.Word	LOADING RESOURCE SURFACE FROM DISK
3777242.566	Test_Phase.SEQUENCE.Word	LOADING RESOURCE SURFACE FROM DISK
3784576.022	Test_Phase.SEQUENCE.Word	LOADING RESOURCE SURFACE FROM DISK
3792809.332	Test_Phase.SEQUENCE.Word	LOADING RESOURCE SURFACE FROM DISK
3800134.341	Test_Phase.SEQUENCE.Word	LOADING RESOURCE SURFACE FROM DISK
3808046.755	Test_Phase.SEQUENCE.Word	LOADING RESOURCE SURFACE FROM DISK
3815460.382	Test_Phase.SEQUENCE.Word	LOADING RESOURCE SURFACE FROM DISK
3823025.92	Test_Phase.SEQUENCE.Word	LOADING RESOURCE SURFACE FROM DISK
3831875.853	Test_Phase.SEQUENCE.Word	LOADING RESOURCE SURFACE FROM DISK
3839959.204	Test_Phase.SEQUENCE.Word	LOADING RESOURCE SURFACE FROM DISK
3847425.889	Test_Phase.SEQUENCE.Word	LOADING RESOURCE SURFACE FROM DISK
3857225.683	Test_Phase.SEQUENCE.Word	LOADING RESOURCE SURFACE FROM DISK
3864433.548	Test_Phase.SEQUENCE.Word	LOADING RESOURCE SURFACE FROM DISK
3871942.437	Test_Phase.SEQUENCE.Word	LOADING RESOURCE SURFACE FROM DISK
3881232.194	Test_Phase.SEQUENCE.Word	LOADING RESOURCE SURFACE FROM DISK
3889959.075	Test_Phase.SEQUENCE.Word	LOADING RESOURCE SURFACE FROM DISK
3897425.771	Test_Phase.SEQUENCE.Word	LOADING RESOURCE SURFACE FROM DISK
3904565.784	Test_Phase.SEQUENCE.Word	LOADING RESOURCE SURFACE FROM DISK
3911626.139	Test_Phase.SEQUENCE.Word	LOADING RESOURCE SURFACE FROM DISK
3919442.535	Test_Phase.SEQUENCE.Word	LOADING RESOURCE SURFACE FROM DISK
3927711.925	Test_Phase.SEQUENCE.Word	LOADING RESOURCE SURFACE FROM DISK
3934942.819	Test_Phase.SEQUENCE.Word	LOADING RESOURCE SURFACE FROM DISK
3945792.619	Test_Phase.SEQUENCE.Word	LOADING RESOURCE SURFACE FROM DISK
3953542.518	Test_Phase.SEQUENCE.Word	LOADING RESOURCE SURFACE FROM DISK
3960742.571	Test_Phase.SEQUENCE.Word	LOADING RESOURCE SURFACE FROM DISK
3968142.635	Test_Phase.SEQUENCE.Word	LOADING RESOURCE SURFACE FROM DISK
3975592.544	Test_Phase.SEQUENCE.Word	LOADING RESOURCE SURFACE FROM DISK
3982742.564	Test_Phase.SEQUENCE.Word	LOADING RESOURCE SURFACE FROM DISK
3989975.942	Test_Phase.SEQUENCE.Word	LOADING RESOURCE SURFACE FROM DISK
3997175.795	Test_Phase.SEQUENCE.Word	LOADING RESOURCE SURFACE FROM DISK
4004259.115	Test_Phase.SEQUENCE.Word	LOADING RESOURCE SURFACE FROM DISK
4011375.881	Test_Phase.SEQUENCE.Word	LOADING RESOURCE SURFACE FROM DISK
4018592.59	Test_Phase.SEQUENCE.Word	LOADING RESOURCE SURFACE FROM DISK
4025942.608	Test_Phase.SEQUENCE.Word	LOADING RESOURCE SURFACE FROM DISK
4033075.647	Test_Phase.SEQUENCE.Word	LOADING RESOURCE SURFACE FROM DISK
4040286.104	Test_Phase.SEQUENCE.Word	LOADING RESOURCE SURFACE FROM DISK
4047534.391	Test_Phase.SEQUENCE.Word	LOADING RESOURCE SURFACE FROM DISK
4055442.54	Test_Phase.SEQUENCE.Word	LOADING RESOURCE SURFACE FROM DISK
4062592.828	Test_Phase.SEQUENCE.Word	LOADING RESOURCE SURFACE FROM DISK
4071692.776	Test_Phase.SEQUENCE.Word	LOADING RESOURCE SURFACE FROM DISK
4079297.354	Test_Phase.SEQUENCE.Word	LOADING RESOURCE SURFACE FROM DISK
4087809.336	Test_Phase.SEQUENCE.Word	LOADING RESOURCE SURFACE FROM DISK
4094909.547	Test_Phase.SEQUENCE.Word	LOADING RESOURCE SURFACE FROM DISK
4102129.426	Test_Phase.SEQUENCE.Word	LOADING RESOURCE SURFACE FROM DISK
4109292.637	Test_Phase.SEQUENCE.Word	LOADING RESOURCE SURFACE FROM DISK
4116692.437	Test_Phase.SEQUENCE.Word	LOADING RESOURCE SURFACE FROM DISK
4124709.509	Test_Phase.SEQUENCE.Word	LOADING RESOURCE SURFACE FROM DISK
4131825.91	Test_Phase.SEQUENCE.Word	LOADING RESOURCE SURFACE FROM DISK
4139409.238	Test_Phase.SEQUENCE.Word	LOADING RESOURCE SURFACE FROM DISK
4146686.098	Test_Phase.SEQUENCE.Word	LOADING RESOURCE SURFACE FROM DISK
4154075.845	Test_Phase.SEQUENCE.Word	LOADING RESOURCE SURFACE FROM DISK
4163761.321	Test_Phase.SEQUENCE.Word	LOADING RESOURCE SURFACE FROM DISK
4167456.667	DISPLAY_SCREEN	LOADING RESOURCE SURFACE FROM DISK
