4691.585	DISPLAY_SCREEN[1]	LOADING RESOURCE SURFACE FROM DISK
984954.634	Familiarization_Phase.SEQUENCE.Cue_and_Instruction	LOADING RESOURCE SURFACE FROM DISK
984968.814	Familiarization_Phase.SEQUENCE.Cue_and_Instruction	LOADING RESOURCE SURFACE FROM DISK
991010.879	Familiarization_Phase.SEQUENCE.Cue_and_Instruction	LOADING RESOURCE SURFACE FROM DISK
991058.121	Familiarization_Phase.SEQUENCE.Cue_and_Instruction	LOADING RESOURCE SURFACE FROM DISK
997111.479	Familiarization_Phase.SEQUENCE.Cue_and_Instruction	LOADING RESOURCE SURFACE FROM DISK
997116.169	Familiarization_Phase.SEQUENCE.Cue_and_Instruction	LOADING RESOURCE SURFACE FROM DISK
1039243.099	DISPLAY_SCREEN[3]	LOADING RESOURCE SURFACE FROM DISK
1120946.903	DISPLAY_SCREEN[5]	LOADING RESOURCE SURFACE FROM DISK
1168301.232	Practice_Phase.SEQUENCE.Blink_Screen	LOADING RESOURCE SURFACE FROM DISK
1169505.274	Practice_Phase.SEQUENCE.Practice_Luminance_Cue	LOADING RESOURCE SURFACE FROM DISK
1169507.786	Practice_Phase.SEQUENCE.Practice_Luminance_Cue	LOADING RESOURCE SURFACE FROM DISK
1170005.142	Practice_Phase.SEQUENCE.DISPLAY_SCREEN	LOADING RESOURCE SURFACE FROM DISK
1171502.045	Practice_Phase.SEQUENCE.Practice_Instruction	LOADING RESOURCE SURFACE FROM DISK
1178128.618	Practice_Phase.SEQUENCE.DISPLAY_SCREEN	LOADING RESOURCE SURFACE FROM DISK
1178130.493	Practice_Phase.SEQUENCE.DISPLAY_SCREEN	flip time is later than desired time. Desired Time=1178107 Flip Time=1178140 Retrace Rate=16.640, prepareTime=47 flip request time 1178130
1179618.598	Practice_Phase.SEQUENCE.Practice_Instruction	LOADING RESOURCE SURFACE FROM DISK
1186222.159	Practice_Phase.SEQUENCE.DISPLAY_SCREEN	LOADING RESOURCE SURFACE FROM DISK
1186223.953	Practice_Phase.SEQUENCE.DISPLAY_SCREEN	flip time is later than desired time. Desired Time=1186207 Flip Time=1186240 Retrace Rate=16.640, prepareTime=41 flip request time 1186223
1187718.483	Practice_Phase.SEQUENCE.Practice_Instruction	LOADING RESOURCE SURFACE FROM DISK
1194288.732	Practice_Phase.SEQUENCE.DISPLAY_SCREEN	LOADING RESOURCE SURFACE FROM DISK
1195785.124	Practice_Phase.SEQUENCE.Practice_Instruction	LOADING RESOURCE SURFACE FROM DISK
1202355.211	Practice_Phase.SEQUENCE.DISPLAY_SCREEN	LOADING RESOURCE SURFACE FROM DISK
1203851.7	Practice_Phase.SEQUENCE.Practice_Instruction	LOADING RESOURCE SURFACE FROM DISK
1210421.96	Practice_Phase.SEQUENCE.DISPLAY_SCREEN	LOADING RESOURCE SURFACE FROM DISK
1211918.562	Practice_Phase.SEQUENCE.Practice_Instruction	LOADING RESOURCE SURFACE FROM DISK
1218488.468	Practice_Phase.SEQUENCE.DISPLAY_SCREEN	LOADING RESOURCE SURFACE FROM DISK
1219985.327	Practice_Phase.SEQUENCE.Practice_Instruction	LOADING RESOURCE SURFACE FROM DISK
1226555.167	Practice_Phase.SEQUENCE.DISPLAY_SCREEN	LOADING RESOURCE SURFACE FROM DISK
1228051.859	Practice_Phase.SEQUENCE.Practice_Instruction	LOADING RESOURCE SURFACE FROM DISK
1234622.012	Practice_Phase.SEQUENCE.DISPLAY_SCREEN	LOADING RESOURCE SURFACE FROM DISK
1236118.483	Practice_Phase.SEQUENCE.Practice_Instruction	LOADING RESOURCE SURFACE FROM DISK
1240785.543	DISPLAY_SCREEN[2]	LOADING RESOURCE SURFACE FROM DISK
1346980.198	Study_Phase.SEQUENCE.DISPLAY_SCREEN	LOADING RESOURCE SURFACE FROM DISK
1348493.929	Study_Phase.SEQUENCE.Study_Instruction	LOADING RESOURCE SURFACE FROM DISK
1356803.21	Study_Phase.SEQUENCE.Study_Instruction	LOADING RESOURCE SURFACE FROM DISK
1365113.856	Study_Phase.SEQUENCE.Study_Instruction	LOADING RESOURCE SURFACE FROM DISK
1373360.655	Study_Phase.SEQUENCE.Study_Instruction	LOADING RESOURCE SURFACE FROM DISK
1380113.53	Study_Phase.SEQUENCE.DISPLAY_SCREEN	LOADING RESOURCE SURFACE FROM DISK
1381627.237	Study_Phase.SEQUENCE.Study_Instruction	LOADING RESOURCE SURFACE FROM DISK
1388380.241	Study_Phase.SEQUENCE.DISPLAY_SCREEN	LOADING RESOURCE SURFACE FROM DISK
1389893.814	Study_Phase.SEQUENCE.Study_Instruction	LOADING RESOURCE SURFACE FROM DISK
1398179.18	Study_Phase.SEQUENCE.Study_Instruction	LOADING RESOURCE SURFACE FROM DISK
1406443.733	Study_Phase.SEQUENCE.Study_Instruction	LOADING RESOURCE SURFACE FROM DISK
1413196.674	Study_Phase.SEQUENCE.DISPLAY_SCREEN	LOADING RESOURCE SURFACE FROM DISK
1414710.497	Study_Phase.SEQUENCE.Study_Instruction	LOADING RESOURCE SURFACE FROM DISK
1422978.848	Study_Phase.SEQUENCE.Study_Instruction	LOADING RESOURCE SURFACE FROM DISK
1431286.954	Study_Phase.SEQUENCE.Study_Instruction	LOADING RESOURCE SURFACE FROM DISK
1438046.75	Study_Phase.SEQUENCE.DISPLAY_SCREEN	LOADING RESOURCE SURFACE FROM DISK
1439598.908	Study_Phase.SEQUENCE.Study_Instruction	LOADING RESOURCE SURFACE FROM DISK
1446363.632	Study_Phase.SEQUENCE.DISPLAY_SCREEN	LOADING RESOURCE SURFACE FROM DISK
1447877.587	Study_Phase.SEQUENCE.Study_Instruction	LOADING RESOURCE SURFACE FROM DISK
1456143.956	Study_Phase.SEQUENCE.Study_Instruction	LOADING RESOURCE SURFACE FROM DISK
1462896.948	Study_Phase.SEQUENCE.DISPLAY_SCREEN	LOADING RESOURCE SURFACE FROM DISK
1464410.52	Study_Phase.SEQUENCE.Study_Instruction	LOADING RESOURCE SURFACE FROM DISK
1471163.525	Study_Phase.SEQUENCE.DISPLAY_SCREEN	LOADING RESOURCE SURFACE FROM DISK
1472677.263	Study_Phase.SEQUENCE.Study_Instruction	LOADING RESOURCE SURFACE FROM DISK
1480943.334	Study_Phase.SEQUENCE.Study_Instruction	LOADING RESOURCE SURFACE FROM DISK
1489209.971	Study_Phase.SEQUENCE.Study_Instruction	LOADING RESOURCE SURFACE FROM DISK
1495963.665	Study_Phase.SEQUENCE.DISPLAY_SCREEN	LOADING RESOURCE SURFACE FROM DISK
1497477.176	Study_Phase.SEQUENCE.Study_Instruction	LOADING RESOURCE SURFACE FROM DISK
1505766.119	Study_Phase.SEQUENCE.Study_Instruction	LOADING RESOURCE SURFACE FROM DISK
1514043.27	Study_Phase.SEQUENCE.Study_Instruction	LOADING RESOURCE SURFACE FROM DISK
1522310.585	Study_Phase.SEQUENCE.Study_Instruction	LOADING RESOURCE SURFACE FROM DISK
1529063.494	Study_Phase.SEQUENCE.DISPLAY_SCREEN	LOADING RESOURCE SURFACE FROM DISK
1530577.177	Study_Phase.SEQUENCE.Study_Instruction	LOADING RESOURCE SURFACE FROM DISK
1538886.655	Study_Phase.SEQUENCE.Study_Instruction	LOADING RESOURCE SURFACE FROM DISK
1547160.389	Study_Phase.SEQUENCE.Study_Instruction	LOADING RESOURCE SURFACE FROM DISK
1555462.657	Study_Phase.SEQUENCE.Study_Instruction	LOADING RESOURCE SURFACE FROM DISK
1563764.032	Study_Phase.SEQUENCE.Study_Instruction	LOADING RESOURCE SURFACE FROM DISK
1570513.529	Study_Phase.SEQUENCE.DISPLAY_SCREEN	LOADING RESOURCE SURFACE FROM DISK
1572027.126	Study_Phase.SEQUENCE.Study_Instruction	LOADING RESOURCE SURFACE FROM DISK
1578780.283	Study_Phase.SEQUENCE.DISPLAY_SCREEN	LOADING RESOURCE SURFACE FROM DISK
1580293.852	Study_Phase.SEQUENCE.Study_Instruction	LOADING RESOURCE SURFACE FROM DISK
1587046.875	Study_Phase.SEQUENCE.DISPLAY_SCREEN	LOADING RESOURCE SURFACE FROM DISK
1588560.474	Study_Phase.SEQUENCE.Study_Instruction	LOADING RESOURCE SURFACE FROM DISK
1596827.295	Study_Phase.SEQUENCE.Study_Instruction	LOADING RESOURCE SURFACE FROM DISK
1605093.375	Study_Phase.SEQUENCE.Study_Instruction	LOADING RESOURCE SURFACE FROM DISK
1611829.949	Study_Phase.SEQUENCE.DISPLAY_SCREEN	LOADING RESOURCE SURFACE FROM DISK
1613343.705	Study_Phase.SEQUENCE.Study_Instruction	LOADING RESOURCE SURFACE FROM DISK
1621610.507	Study_Phase.SEQUENCE.Study_Instruction	LOADING RESOURCE SURFACE FROM DISK
1628363.474	Study_Phase.SEQUENCE.DISPLAY_SCREEN	LOADING RESOURCE SURFACE FROM DISK
1629920.146	Study_Phase.SEQUENCE.Study_Instruction	LOADING RESOURCE SURFACE FROM DISK
1636663.406	Study_Phase.SEQUENCE.DISPLAY_SCREEN	LOADING RESOURCE SURFACE FROM DISK
1638214.93	Study_Phase.SEQUENCE.Study_Instruction	LOADING RESOURCE SURFACE FROM DISK
1644980.171	Study_Phase.SEQUENCE.DISPLAY_SCREEN	LOADING RESOURCE SURFACE FROM DISK
1646493.759	Study_Phase.SEQUENCE.Study_Instruction	LOADING RESOURCE SURFACE FROM DISK
1654727.244	Study_Phase.SEQUENCE.Study_Instruction	LOADING RESOURCE SURFACE FROM DISK
1661446.851	Study_Phase.SEQUENCE.DISPLAY_SCREEN	LOADING RESOURCE SURFACE FROM DISK
1662982.391	Study_Phase.SEQUENCE.Study_Instruction	LOADING RESOURCE SURFACE FROM DISK
1669813.598	Study_Phase.SEQUENCE.DISPLAY_SCREEN	LOADING RESOURCE SURFACE FROM DISK
1671371.418	Study_Phase.SEQUENCE.Study_Instruction	LOADING RESOURCE SURFACE FROM DISK
1679643.935	Study_Phase.SEQUENCE.Study_Instruction	LOADING RESOURCE SURFACE FROM DISK
1687910.242	Study_Phase.SEQUENCE.Study_Instruction	LOADING RESOURCE SURFACE FROM DISK
1696176.771	Study_Phase.SEQUENCE.Study_Instruction	LOADING RESOURCE SURFACE FROM DISK
1702930.096	Study_Phase.SEQUENCE.DISPLAY_SCREEN	LOADING RESOURCE SURFACE FROM DISK
1704479.115	Study_Phase.SEQUENCE.Study_Instruction	LOADING RESOURCE SURFACE FROM DISK
1711230.26	Study_Phase.SEQUENCE.DISPLAY_SCREEN	LOADING RESOURCE SURFACE FROM DISK
1712779.259	Study_Phase.SEQUENCE.Study_Instruction	LOADING RESOURCE SURFACE FROM DISK
1721043.494	Study_Phase.SEQUENCE.Study_Instruction	LOADING RESOURCE SURFACE FROM DISK
1727796.667	Study_Phase.SEQUENCE.DISPLAY_SCREEN	LOADING RESOURCE SURFACE FROM DISK
1729310.343	Study_Phase.SEQUENCE.Study_Instruction	LOADING RESOURCE SURFACE FROM DISK
1737576.56	Study_Phase.SEQUENCE.Study_Instruction	LOADING RESOURCE SURFACE FROM DISK
1745876.61	Study_Phase.SEQUENCE.Study_Instruction	LOADING RESOURCE SURFACE FROM DISK
1754178.901	Study_Phase.SEQUENCE.Study_Instruction	LOADING RESOURCE SURFACE FROM DISK
1762443.381	Study_Phase.SEQUENCE.Study_Instruction	LOADING RESOURCE SURFACE FROM DISK
1769196.779	Study_Phase.SEQUENCE.DISPLAY_SCREEN	LOADING RESOURCE SURFACE FROM DISK
1770710.382	Study_Phase.SEQUENCE.Study_Instruction	LOADING RESOURCE SURFACE FROM DISK
1778976.608	Study_Phase.SEQUENCE.Study_Instruction	LOADING RESOURCE SURFACE FROM DISK
1787243.801	Study_Phase.SEQUENCE.Study_Instruction	LOADING RESOURCE SURFACE FROM DISK
1793996.714	Study_Phase.SEQUENCE.DISPLAY_SCREEN	LOADING RESOURCE SURFACE FROM DISK
1795553.332	Study_Phase.SEQUENCE.Study_Instruction	LOADING RESOURCE SURFACE FROM DISK
1803826.647	Study_Phase.SEQUENCE.Study_Instruction	LOADING RESOURCE SURFACE FROM DISK
1810580.13	Study_Phase.SEQUENCE.DISPLAY_SCREEN	LOADING RESOURCE SURFACE FROM DISK
1812093.735	Study_Phase.SEQUENCE.Study_Instruction	LOADING RESOURCE SURFACE FROM DISK
1818813.518	Study_Phase.SEQUENCE.DISPLAY_SCREEN	LOADING RESOURCE SURFACE FROM DISK
1820327.081	Study_Phase.SEQUENCE.Study_Instruction	LOADING RESOURCE SURFACE FROM DISK
1828593.822	Study_Phase.SEQUENCE.Study_Instruction	LOADING RESOURCE SURFACE FROM DISK
1835346.877	Study_Phase.SEQUENCE.DISPLAY_SCREEN	LOADING RESOURCE SURFACE FROM DISK
1836860.404	Study_Phase.SEQUENCE.Study_Instruction	LOADING RESOURCE SURFACE FROM DISK
1843613.641	Study_Phase.SEQUENCE.DISPLAY_SCREEN	LOADING RESOURCE SURFACE FROM DISK
1845165.972	Study_Phase.SEQUENCE.Study_Instruction	LOADING RESOURCE SURFACE FROM DISK
1851930.194	Study_Phase.SEQUENCE.DISPLAY_SCREEN	LOADING RESOURCE SURFACE FROM DISK
1853443.947	Study_Phase.SEQUENCE.Study_Instruction	LOADING RESOURCE SURFACE FROM DISK
1860196.963	Study_Phase.SEQUENCE.DISPLAY_SCREEN	LOADING RESOURCE SURFACE FROM DISK
1861710.883	Study_Phase.SEQUENCE.Study_Instruction	LOADING RESOURCE SURFACE FROM DISK
1869976.532	Study_Phase.SEQUENCE.Study_Instruction	LOADING RESOURCE SURFACE FROM DISK
1878243.261	Study_Phase.SEQUENCE.Study_Instruction	LOADING RESOURCE SURFACE FROM DISK
1886510.5	Study_Phase.SEQUENCE.Study_Instruction	LOADING RESOURCE SURFACE FROM DISK
1894776.595	Study_Phase.SEQUENCE.Study_Instruction	LOADING RESOURCE SURFACE FROM DISK
1903043.301	Study_Phase.SEQUENCE.Study_Instruction	LOADING RESOURCE SURFACE FROM DISK
1909796.906	Study_Phase.SEQUENCE.DISPLAY_SCREEN	LOADING RESOURCE SURFACE FROM DISK
1911310.557	Study_Phase.SEQUENCE.Study_Instruction	LOADING RESOURCE SURFACE FROM DISK
1919576.622	Study_Phase.SEQUENCE.Study_Instruction	LOADING RESOURCE SURFACE FROM DISK
1927843.886	Study_Phase.SEQUENCE.Study_Instruction	LOADING RESOURCE SURFACE FROM DISK
1934596.966	Study_Phase.SEQUENCE.DISPLAY_SCREEN	LOADING RESOURCE SURFACE FROM DISK
1936153.19	Study_Phase.SEQUENCE.Study_Instruction	LOADING RESOURCE SURFACE FROM DISK
1942913.339	Study_Phase.SEQUENCE.DISPLAY_SCREEN	LOADING RESOURCE SURFACE FROM DISK
1944427.213	Study_Phase.SEQUENCE.Study_Instruction	LOADING RESOURCE SURFACE FROM DISK
1952730.167	Study_Phase.SEQUENCE.Study_Instruction	LOADING RESOURCE SURFACE FROM DISK
1961026.886	Study_Phase.SEQUENCE.Study_Instruction	LOADING RESOURCE SURFACE FROM DISK
1969293.922	Study_Phase.SEQUENCE.Study_Instruction	LOADING RESOURCE SURFACE FROM DISK
1976046.768	Study_Phase.SEQUENCE.DISPLAY_SCREEN	LOADING RESOURCE SURFACE FROM DISK
1977594.743	Study_Phase.SEQUENCE.Study_Instruction	LOADING RESOURCE SURFACE FROM DISK
1984347.001	Study_Phase.SEQUENCE.DISPLAY_SCREEN	LOADING RESOURCE SURFACE FROM DISK
1985860.612	Study_Phase.SEQUENCE.Study_Instruction	LOADING RESOURCE SURFACE FROM DISK
1994126.616	Study_Phase.SEQUENCE.Study_Instruction	LOADING RESOURCE SURFACE FROM DISK
2002435.513	Study_Phase.SEQUENCE.Study_Instruction	LOADING RESOURCE SURFACE FROM DISK
2009196.663	Study_Phase.SEQUENCE.DISPLAY_SCREEN	LOADING RESOURCE SURFACE FROM DISK
2010710.494	Study_Phase.SEQUENCE.Study_Instruction	LOADING RESOURCE SURFACE FROM DISK
2018977.158	Study_Phase.SEQUENCE.Study_Instruction	LOADING RESOURCE SURFACE FROM DISK
2027243.214	Study_Phase.SEQUENCE.Study_Instruction	LOADING RESOURCE SURFACE FROM DISK
2033996.694	Study_Phase.SEQUENCE.DISPLAY_SCREEN	LOADING RESOURCE SURFACE FROM DISK
2035548.774	Study_Phase.SEQUENCE.Study_Instruction	LOADING RESOURCE SURFACE FROM DISK
2042296.705	Study_Phase.SEQUENCE.DISPLAY_SCREEN	LOADING RESOURCE SURFACE FROM DISK
2043810.456	Study_Phase.SEQUENCE.Study_Instruction	LOADING RESOURCE SURFACE FROM DISK
2052076.771	Study_Phase.SEQUENCE.Study_Instruction	LOADING RESOURCE SURFACE FROM DISK
2060382.072	Study_Phase.SEQUENCE.Study_Instruction	LOADING RESOURCE SURFACE FROM DISK
2068699.775	Study_Phase.SEQUENCE.Study_Instruction	LOADING RESOURCE SURFACE FROM DISK
2077012.024	Study_Phase.SEQUENCE.Study_Instruction	LOADING RESOURCE SURFACE FROM DISK
2083763.596	Study_Phase.SEQUENCE.DISPLAY_SCREEN	LOADING RESOURCE SURFACE FROM DISK
2085277.097	Study_Phase.SEQUENCE.Study_Instruction	LOADING RESOURCE SURFACE FROM DISK
2092030.153	Study_Phase.SEQUENCE.DISPLAY_SCREEN	LOADING RESOURCE SURFACE FROM DISK
2093543.817	Study_Phase.SEQUENCE.Study_Instruction	LOADING RESOURCE SURFACE FROM DISK
2101793.19	Study_Phase.SEQUENCE.Study_Instruction	LOADING RESOURCE SURFACE FROM DISK
2108546.834	Study_Phase.SEQUENCE.DISPLAY_SCREEN	LOADING RESOURCE SURFACE FROM DISK
2110101.772	Study_Phase.SEQUENCE.Study_Instruction	LOADING RESOURCE SURFACE FROM DISK
2118399.457	Study_Phase.SEQUENCE.Study_Instruction	LOADING RESOURCE SURFACE FROM DISK
2126660.27	Study_Phase.SEQUENCE.Study_Instruction	LOADING RESOURCE SURFACE FROM DISK
2134962.292	Study_Phase.SEQUENCE.Study_Instruction	LOADING RESOURCE SURFACE FROM DISK
2141713.459	Study_Phase.SEQUENCE.DISPLAY_SCREEN	LOADING RESOURCE SURFACE FROM DISK
2143227.262	Study_Phase.SEQUENCE.Study_Instruction	LOADING RESOURCE SURFACE FROM DISK
2149963.459	Study_Phase.SEQUENCE.DISPLAY_SCREEN	LOADING RESOURCE SURFACE FROM DISK
2151513.547	Study_Phase.SEQUENCE.Study_Instruction	LOADING RESOURCE SURFACE FROM DISK
2159814.236	Study_Phase.SEQUENCE.Study_Instruction	LOADING RESOURCE SURFACE FROM DISK
2168077.121	Study_Phase.SEQUENCE.Study_Instruction	LOADING RESOURCE SURFACE FROM DISK
2174830.074	Study_Phase.SEQUENCE.DISPLAY_SCREEN	LOADING RESOURCE SURFACE FROM DISK
2176343.761	Study_Phase.SEQUENCE.Study_Instruction	LOADING RESOURCE SURFACE FROM DISK
2184610.497	Study_Phase.SEQUENCE.Study_Instruction	LOADING RESOURCE SURFACE FROM DISK
2192876.494	Study_Phase.SEQUENCE.Study_Instruction	LOADING RESOURCE SURFACE FROM DISK
2201143.261	Study_Phase.SEQUENCE.Study_Instruction	LOADING RESOURCE SURFACE FROM DISK
2207880.256	Study_Phase.SEQUENCE.DISPLAY_SCREEN	LOADING RESOURCE SURFACE FROM DISK
2209429.257	Study_Phase.SEQUENCE.Study_Instruction	LOADING RESOURCE SURFACE FROM DISK
2216180.165	Study_Phase.SEQUENCE.DISPLAY_SCREEN	LOADING RESOURCE SURFACE FROM DISK
2217694.118	Study_Phase.SEQUENCE.Study_Instruction	LOADING RESOURCE SURFACE FROM DISK
2225959.933	Study_Phase.SEQUENCE.Study_Instruction	LOADING RESOURCE SURFACE FROM DISK
2234227.14	Study_Phase.SEQUENCE.Study_Instruction	LOADING RESOURCE SURFACE FROM DISK
2242493.234	Study_Phase.SEQUENCE.Study_Instruction	LOADING RESOURCE SURFACE FROM DISK
2249246.895	Study_Phase.SEQUENCE.DISPLAY_SCREEN	LOADING RESOURCE SURFACE FROM DISK
2250760.336	Study_Phase.SEQUENCE.Study_Instruction	LOADING RESOURCE SURFACE FROM DISK
2259062.117	Study_Phase.SEQUENCE.Study_Instruction	LOADING RESOURCE SURFACE FROM DISK
2267349.976	Study_Phase.SEQUENCE.Study_Instruction	LOADING RESOURCE SURFACE FROM DISK
2275626.518	Study_Phase.SEQUENCE.Study_Instruction	LOADING RESOURCE SURFACE FROM DISK
2282380.116	Study_Phase.SEQUENCE.DISPLAY_SCREEN	LOADING RESOURCE SURFACE FROM DISK
2283928.853	Study_Phase.SEQUENCE.Study_Instruction	LOADING RESOURCE SURFACE FROM DISK
2292260.454	Study_Phase.SEQUENCE.Study_Instruction	LOADING RESOURCE SURFACE FROM DISK
2300526.551	Study_Phase.SEQUENCE.Study_Instruction	LOADING RESOURCE SURFACE FROM DISK
2308828.29	Study_Phase.SEQUENCE.Study_Instruction	LOADING RESOURCE SURFACE FROM DISK
2317077.15	Study_Phase.SEQUENCE.Study_Instruction	LOADING RESOURCE SURFACE FROM DISK
2325343.304	Study_Phase.SEQUENCE.Study_Instruction	LOADING RESOURCE SURFACE FROM DISK
2333646.79	Study_Phase.SEQUENCE.Study_Instruction	LOADING RESOURCE SURFACE FROM DISK
2338358.966	DISPLAY_SCREEN[7]	LOADING RESOURCE SURFACE FROM DISK
2546963.364	Test_Phase.SEQUENCE.Target_Cue	LOADING RESOURCE SURFACE FROM DISK
2546973.784	Test_Phase.SEQUENCE.Target_Cue	LOADING RESOURCE SURFACE FROM DISK
2548993.476	Test_Phase.SEQUENCE.Word	LOADING RESOURCE SURFACE FROM DISK
2552049.355	Test_Phase.SEQUENCE.Test_Question	LOADING RESOURCE SURFACE FROM DISK
2552063.599	Test_Phase.SEQUENCE.Test_Question	LOADING RESOURCE SURFACE FROM DISK
2552074.059	Test_Phase.SEQUENCE.Test_Question	LOADING RESOURCE SURFACE FROM DISK
2552075.813	Test_Phase.SEQUENCE.Test_Question	LOADING RESOURCE SURFACE FROM DISK
2552077.553	Test_Phase.SEQUENCE.Test_Question	LOADING RESOURCE SURFACE FROM DISK
2552079.535	Test_Phase.SEQUENCE.Test_Question	LOADING RESOURCE SURFACE FROM DISK
2552081.363	Test_Phase.SEQUENCE.Test_Question	LOADING RESOURCE SURFACE FROM DISK
2552083.161	Test_Phase.SEQUENCE.Test_Question	LOADING RESOURCE SURFACE FROM DISK
2552085.102	Test_Phase.SEQUENCE.Test_Question	LOADING RESOURCE SURFACE FROM DISK
2552086.889	Test_Phase.SEQUENCE.Test_Question	LOADING RESOURCE SURFACE FROM DISK
2552088.787	Test_Phase.SEQUENCE.Test_Question	LOADING RESOURCE SURFACE FROM DISK
2552090.656	Test_Phase.SEQUENCE.Test_Question	LOADING RESOURCE SURFACE FROM DISK
2558143.587	Test_Phase.SEQUENCE.Word	LOADING RESOURCE SURFACE FROM DISK
2568710.26	Test_Phase.SEQUENCE.Word	LOADING RESOURCE SURFACE FROM DISK
2578826.847	Test_Phase.SEQUENCE.Word	LOADING RESOURCE SURFACE FROM DISK
2589276.843	Test_Phase.SEQUENCE.Word	LOADING RESOURCE SURFACE FROM DISK
2597310.176	Test_Phase.SEQUENCE.Word	LOADING RESOURCE SURFACE FROM DISK
2606486.32	Test_Phase.SEQUENCE.Word	LOADING RESOURCE SURFACE FROM DISK
2616660.166	Test_Phase.SEQUENCE.Word	LOADING RESOURCE SURFACE FROM DISK
2624293.612	Test_Phase.SEQUENCE.Word	LOADING RESOURCE SURFACE FROM DISK
2632630.164	Test_Phase.SEQUENCE.Word	LOADING RESOURCE SURFACE FROM DISK
2642079.547	Test_Phase.SEQUENCE.Word	LOADING RESOURCE SURFACE FROM DISK
2650610.277	Test_Phase.SEQUENCE.Word	LOADING RESOURCE SURFACE FROM DISK
2658761.137	Test_Phase.SEQUENCE.Word	LOADING RESOURCE SURFACE FROM DISK
2666726.892	Test_Phase.SEQUENCE.Word	LOADING RESOURCE SURFACE FROM DISK
2674727.052	Test_Phase.SEQUENCE.Word	LOADING RESOURCE SURFACE FROM DISK
2682826.787	Test_Phase.SEQUENCE.Word	LOADING RESOURCE SURFACE FROM DISK
2691481.595	Test_Phase.SEQUENCE.Word	LOADING RESOURCE SURFACE FROM DISK
2699443.454	Test_Phase.SEQUENCE.Word	LOADING RESOURCE SURFACE FROM DISK
2707426.999	Test_Phase.SEQUENCE.Word	LOADING RESOURCE SURFACE FROM DISK
2714693.617	Test_Phase.SEQUENCE.Word	LOADING RESOURCE SURFACE FROM DISK
2722212.339	Test_Phase.SEQUENCE.Word	LOADING RESOURCE SURFACE FROM DISK
2730780.616	Test_Phase.SEQUENCE.Word	LOADING RESOURCE SURFACE FROM DISK
2738326.739	Test_Phase.SEQUENCE.Word	LOADING RESOURCE SURFACE FROM DISK
2746093.473	Test_Phase.SEQUENCE.Word	LOADING RESOURCE SURFACE FROM DISK
2753276.823	Test_Phase.SEQUENCE.Word	LOADING RESOURCE SURFACE FROM DISK
2761493.543	Test_Phase.SEQUENCE.Word	LOADING RESOURCE SURFACE FROM DISK
2769160.318	Test_Phase.SEQUENCE.Word	LOADING RESOURCE SURFACE FROM DISK
2777660.048	Test_Phase.SEQUENCE.Word	LOADING RESOURCE SURFACE FROM DISK
2785126.767	Test_Phase.SEQUENCE.Word	LOADING RESOURCE SURFACE FROM DISK
2792487.054	Test_Phase.SEQUENCE.Word	LOADING RESOURCE SURFACE FROM DISK
2800726.776	Test_Phase.SEQUENCE.Word	LOADING RESOURCE SURFACE FROM DISK
2808599.307	Test_Phase.SEQUENCE.Word	LOADING RESOURCE SURFACE FROM DISK
2817260.06	Test_Phase.SEQUENCE.Word	LOADING RESOURCE SURFACE FROM DISK
2826176.653	Test_Phase.SEQUENCE.Word	LOADING RESOURCE SURFACE FROM DISK
2834235.964	Test_Phase.SEQUENCE.Word	LOADING RESOURCE SURFACE FROM DISK
2842110.039	Test_Phase.SEQUENCE.Word	LOADING RESOURCE SURFACE FROM DISK
2850560.237	Test_Phase.SEQUENCE.Word	LOADING RESOURCE SURFACE FROM DISK
2857810.184	Test_Phase.SEQUENCE.Word	LOADING RESOURCE SURFACE FROM DISK
2865977.007	Test_Phase.SEQUENCE.Word	LOADING RESOURCE SURFACE FROM DISK
2873126.822	Test_Phase.SEQUENCE.Word	LOADING RESOURCE SURFACE FROM DISK
2881343.346	Test_Phase.SEQUENCE.Word	LOADING RESOURCE SURFACE FROM DISK
2888726.826	Test_Phase.SEQUENCE.Word	LOADING RESOURCE SURFACE FROM DISK
2899143.393	Test_Phase.SEQUENCE.Word	LOADING RESOURCE SURFACE FROM DISK
2907660.109	Test_Phase.SEQUENCE.Word	LOADING RESOURCE SURFACE FROM DISK
2916626.837	Test_Phase.SEQUENCE.Word	LOADING RESOURCE SURFACE FROM DISK
2925952.172	Test_Phase.SEQUENCE.Word	LOADING RESOURCE SURFACE FROM DISK
2933760.259	Test_Phase.SEQUENCE.Word	LOADING RESOURCE SURFACE FROM DISK
2941893.59	Test_Phase.SEQUENCE.Word	LOADING RESOURCE SURFACE FROM DISK
2951376.763	Test_Phase.SEQUENCE.Word	LOADING RESOURCE SURFACE FROM DISK
2959077.04	Test_Phase.SEQUENCE.Word	LOADING RESOURCE SURFACE FROM DISK
2966410.055	Test_Phase.SEQUENCE.Word	LOADING RESOURCE SURFACE FROM DISK
2973996.438	Test_Phase.SEQUENCE.Word	LOADING RESOURCE SURFACE FROM DISK
2982276.918	Test_Phase.SEQUENCE.Word	LOADING RESOURCE SURFACE FROM DISK
2989883.059	Test_Phase.SEQUENCE.Word	LOADING RESOURCE SURFACE FROM DISK
2997826.896	Test_Phase.SEQUENCE.Word	LOADING RESOURCE SURFACE FROM DISK
3006369.02	Test_Phase.SEQUENCE.Word	LOADING RESOURCE SURFACE FROM DISK
3013743.578	Test_Phase.SEQUENCE.Word	LOADING RESOURCE SURFACE FROM DISK
3021693.594	Test_Phase.SEQUENCE.Word	LOADING RESOURCE SURFACE FROM DISK
3030326.864	Test_Phase.SEQUENCE.Word	LOADING RESOURCE SURFACE FROM DISK
3037693.381	Test_Phase.SEQUENCE.Word	LOADING RESOURCE SURFACE FROM DISK
3045176.905	Test_Phase.SEQUENCE.Word	LOADING RESOURCE SURFACE FROM DISK
3052480.215	Test_Phase.SEQUENCE.Word	LOADING RESOURCE SURFACE FROM DISK
3059593.597	Test_Phase.SEQUENCE.Word	LOADING RESOURCE SURFACE FROM DISK
3066894.897	Test_Phase.SEQUENCE.Word	LOADING RESOURCE SURFACE FROM DISK
3076943.62	Test_Phase.SEQUENCE.Word	LOADING RESOURCE SURFACE FROM DISK
3084693.637	Test_Phase.SEQUENCE.Word	LOADING RESOURCE SURFACE FROM DISK
3092393.493	Test_Phase.SEQUENCE.Word	LOADING RESOURCE SURFACE FROM DISK
3099679.798	Test_Phase.SEQUENCE.Word	LOADING RESOURCE SURFACE FROM DISK
3107727.584	Test_Phase.SEQUENCE.Word	LOADING RESOURCE SURFACE FROM DISK
3117026.86	Test_Phase.SEQUENCE.Word	LOADING RESOURCE SURFACE FROM DISK
3125376.803	Test_Phase.SEQUENCE.Word	LOADING RESOURCE SURFACE FROM DISK
3132460.583	Test_Phase.SEQUENCE.Word	LOADING RESOURCE SURFACE FROM DISK
3141627.049	Test_Phase.SEQUENCE.Word	LOADING RESOURCE SURFACE FROM DISK
3149183.757	Test_Phase.SEQUENCE.Word	LOADING RESOURCE SURFACE FROM DISK
3156644.868	Test_Phase.SEQUENCE.Word	LOADING RESOURCE SURFACE FROM DISK
3163710.155	Test_Phase.SEQUENCE.Word	LOADING RESOURCE SURFACE FROM DISK
3173667.857	Test_Phase.SEQUENCE.Word	LOADING RESOURCE SURFACE FROM DISK
3181743.572	Test_Phase.SEQUENCE.Word	LOADING RESOURCE SURFACE FROM DISK
3188960.624	Test_Phase.SEQUENCE.Word	LOADING RESOURCE SURFACE FROM DISK
3196943.59	Test_Phase.SEQUENCE.Word	LOADING RESOURCE SURFACE FROM DISK
3204360.243	Test_Phase.SEQUENCE.Word	LOADING RESOURCE SURFACE FROM DISK
3214310.167	Test_Phase.SEQUENCE.Word	LOADING RESOURCE SURFACE FROM DISK
3221667.59	Test_Phase.SEQUENCE.Word	LOADING RESOURCE SURFACE FROM DISK
3228993.458	Test_Phase.SEQUENCE.Word	LOADING RESOURCE SURFACE FROM DISK
3237246.887	Test_Phase.SEQUENCE.Word	LOADING RESOURCE SURFACE FROM DISK
3244543.311	Test_Phase.SEQUENCE.Word	LOADING RESOURCE SURFACE FROM DISK
3251943.585	Test_Phase.SEQUENCE.Word	LOADING RESOURCE SURFACE FROM DISK
3259376.746	Test_Phase.SEQUENCE.Word	LOADING RESOURCE SURFACE FROM DISK
3266850.884	Test_Phase.SEQUENCE.Word	LOADING RESOURCE SURFACE FROM DISK
3275130.516	Test_Phase.SEQUENCE.Word	LOADING RESOURCE SURFACE FROM DISK
3283055.223	Test_Phase.SEQUENCE.Word	LOADING RESOURCE SURFACE FROM DISK
3290387.504	Test_Phase.SEQUENCE.Word	LOADING RESOURCE SURFACE FROM DISK
3297560.188	Test_Phase.SEQUENCE.Word	LOADING RESOURCE SURFACE FROM DISK
3306026.874	Test_Phase.SEQUENCE.Word	LOADING RESOURCE SURFACE FROM DISK
3313210.396	Test_Phase.SEQUENCE.Word	LOADING RESOURCE SURFACE FROM DISK
3320426.782	Test_Phase.SEQUENCE.Word	LOADING RESOURCE SURFACE FROM DISK
3330360.309	Test_Phase.SEQUENCE.Word	LOADING RESOURCE SURFACE FROM DISK
3338243.621	Test_Phase.SEQUENCE.Word	LOADING RESOURCE SURFACE FROM DISK
3345728.828	Test_Phase.SEQUENCE.Word	LOADING RESOURCE SURFACE FROM DISK
3361520.75	Test_Phase.SEQUENCE.Word	LOADING RESOURCE SURFACE FROM DISK
3370402.262	Test_Phase.SEQUENCE.Word	LOADING RESOURCE SURFACE FROM DISK
3379393.463	Test_Phase.SEQUENCE.Word	LOADING RESOURCE SURFACE FROM DISK
3387093.532	Test_Phase.SEQUENCE.Word	LOADING RESOURCE SURFACE FROM DISK
3394644.871	Test_Phase.SEQUENCE.Word	LOADING RESOURCE SURFACE FROM DISK
3403093.436	Test_Phase.SEQUENCE.Word	LOADING RESOURCE SURFACE FROM DISK
3410943.425	Test_Phase.SEQUENCE.Word	LOADING RESOURCE SURFACE FROM DISK
3418676.777	Test_Phase.SEQUENCE.Word	LOADING RESOURCE SURFACE FROM DISK
3427582.36	Test_Phase.SEQUENCE.Word	LOADING RESOURCE SURFACE FROM DISK
3434947.932	Test_Phase.SEQUENCE.Word	LOADING RESOURCE SURFACE FROM DISK
3443126.842	Test_Phase.SEQUENCE.Word	LOADING RESOURCE SURFACE FROM DISK
3451476.743	Test_Phase.SEQUENCE.Word	LOADING RESOURCE SURFACE FROM DISK
3459210.127	Test_Phase.SEQUENCE.Word	LOADING RESOURCE SURFACE FROM DISK
3467904.036	Test_Phase.SEQUENCE.Word	LOADING RESOURCE SURFACE FROM DISK
3477176.98	Test_Phase.SEQUENCE.Word	LOADING RESOURCE SURFACE FROM DISK
3485126.765	Test_Phase.SEQUENCE.Word	LOADING RESOURCE SURFACE FROM DISK
3493510.153	Test_Phase.SEQUENCE.Word	LOADING RESOURCE SURFACE FROM DISK
3501293.354	Test_Phase.SEQUENCE.Word	LOADING RESOURCE SURFACE FROM DISK
3509066.053	Test_Phase.SEQUENCE.Word	LOADING RESOURCE SURFACE FROM DISK
3518660.401	Test_Phase.SEQUENCE.Word	LOADING RESOURCE SURFACE FROM DISK
3526780.647	Test_Phase.SEQUENCE.Word	LOADING RESOURCE SURFACE FROM DISK
3534243.56	Test_Phase.SEQUENCE.Word	LOADING RESOURCE SURFACE FROM DISK
3542279.035	Test_Phase.SEQUENCE.Word	LOADING RESOURCE SURFACE FROM DISK
3549360.58	Test_Phase.SEQUENCE.Word	LOADING RESOURCE SURFACE FROM DISK
3557043.417	Test_Phase.SEQUENCE.Word	LOADING RESOURCE SURFACE FROM DISK
3564343.419	Test_Phase.SEQUENCE.Word	LOADING RESOURCE SURFACE FROM DISK
3571593.426	Test_Phase.SEQUENCE.Word	LOADING RESOURCE SURFACE FROM DISK
3579660.235	Test_Phase.SEQUENCE.Word	LOADING RESOURCE SURFACE FROM DISK
3586877.402	Test_Phase.SEQUENCE.Word	LOADING RESOURCE SURFACE FROM DISK
3593993.768	Test_Phase.SEQUENCE.Word	LOADING RESOURCE SURFACE FROM DISK
3601212.789	Test_Phase.SEQUENCE.Word	LOADING RESOURCE SURFACE FROM DISK
3608493.328	Test_Phase.SEQUENCE.Word	LOADING RESOURCE SURFACE FROM DISK
3616426.804	Test_Phase.SEQUENCE.Word	LOADING RESOURCE SURFACE FROM DISK
3625576.067	Test_Phase.SEQUENCE.Word	LOADING RESOURCE SURFACE FROM DISK
3632798.177	Test_Phase.SEQUENCE.Word	LOADING RESOURCE SURFACE FROM DISK
3643843.513	Test_Phase.SEQUENCE.Word	LOADING RESOURCE SURFACE FROM DISK
3651326.783	Test_Phase.SEQUENCE.Word	LOADING RESOURCE SURFACE FROM DISK
3658459.621	Test_Phase.SEQUENCE.Word	LOADING RESOURCE SURFACE FROM DISK
3665686.003	Test_Phase.SEQUENCE.Word	LOADING RESOURCE SURFACE FROM DISK
3673960.124	Test_Phase.SEQUENCE.Word	LOADING RESOURCE SURFACE FROM DISK
3681060.426	Test_Phase.SEQUENCE.Word	LOADING RESOURCE SURFACE FROM DISK
3688376.845	Test_Phase.SEQUENCE.Word	LOADING RESOURCE SURFACE FROM DISK
3696219.462	Test_Phase.SEQUENCE.Word	LOADING RESOURCE SURFACE FROM DISK
3704826.956	Test_Phase.SEQUENCE.Word	LOADING RESOURCE SURFACE FROM DISK
3712643.481	Test_Phase.SEQUENCE.Word	LOADING RESOURCE SURFACE FROM DISK
3721026.979	Test_Phase.SEQUENCE.Word	LOADING RESOURCE SURFACE FROM DISK
3728950.962	Test_Phase.SEQUENCE.Word	LOADING RESOURCE SURFACE FROM DISK
3736226.872	Test_Phase.SEQUENCE.Word	LOADING RESOURCE SURFACE FROM DISK
3743493.746	Test_Phase.SEQUENCE.Word	LOADING RESOURCE SURFACE FROM DISK
3751216.502	Test_Phase.SEQUENCE.Word	LOADING RESOURCE SURFACE FROM DISK
3759076.898	Test_Phase.SEQUENCE.Word	LOADING RESOURCE SURFACE FROM DISK
3766910.08	Test_Phase.SEQUENCE.Word	LOADING RESOURCE SURFACE FROM DISK
3774743.525	Test_Phase.SEQUENCE.Word	LOADING RESOURCE SURFACE FROM DISK
3782996.324	Test_Phase.SEQUENCE.Word	LOADING RESOURCE SURFACE FROM DISK
3790348.839	Test_Phase.SEQUENCE.Word	LOADING RESOURCE SURFACE FROM DISK
3797610.132	Test_Phase.SEQUENCE.Word	LOADING RESOURCE SURFACE FROM DISK
3804836.213	Test_Phase.SEQUENCE.Word	LOADING RESOURCE SURFACE FROM DISK
3813276.943	Test_Phase.SEQUENCE.Word	LOADING RESOURCE SURFACE FROM DISK
3820968.37	Test_Phase.SEQUENCE.Word	LOADING RESOURCE SURFACE FROM DISK
3828266.758	Test_Phase.SEQUENCE.Word	LOADING RESOURCE SURFACE FROM DISK
3835983.639	Test_Phase.SEQUENCE.Word	LOADING RESOURCE SURFACE FROM DISK
3843276.04	Test_Phase.SEQUENCE.Word	LOADING RESOURCE SURFACE FROM DISK
3850676.694	Test_Phase.SEQUENCE.Word	LOADING RESOURCE SURFACE FROM DISK
3858976.817	Test_Phase.SEQUENCE.Word	LOADING RESOURCE SURFACE FROM DISK
3867994.093	Test_Phase.SEQUENCE.Word	LOADING RESOURCE SURFACE FROM DISK
3875143.615	Test_Phase.SEQUENCE.Word	LOADING RESOURCE SURFACE FROM DISK
3883960.116	Test_Phase.SEQUENCE.Word	LOADING RESOURCE SURFACE FROM DISK
3891376.657	Test_Phase.SEQUENCE.Word	LOADING RESOURCE SURFACE FROM DISK
3899546.283	Test_Phase.SEQUENCE.Word	LOADING RESOURCE SURFACE FROM DISK
3908832.327	Test_Phase.SEQUENCE.Word	LOADING RESOURCE SURFACE FROM DISK
3916043.382	Test_Phase.SEQUENCE.Word	LOADING RESOURCE SURFACE FROM DISK
3924844.891	Test_Phase.SEQUENCE.Word	LOADING RESOURCE SURFACE FROM DISK
3932186.704	Test_Phase.SEQUENCE.Word	LOADING RESOURCE SURFACE FROM DISK
3942172.972	Test_Phase.SEQUENCE.Word	LOADING RESOURCE SURFACE FROM DISK
3950320.632	Test_Phase.SEQUENCE.Word	LOADING RESOURCE SURFACE FROM DISK
3957810.223	Test_Phase.SEQUENCE.Word	LOADING RESOURCE SURFACE FROM DISK
3965243.457	Test_Phase.SEQUENCE.Word	LOADING RESOURCE SURFACE FROM DISK
3973643.446	Test_Phase.SEQUENCE.Word	LOADING RESOURCE SURFACE FROM DISK
3982136.203	Test_Phase.SEQUENCE.Word	LOADING RESOURCE SURFACE FROM DISK
3989661.831	Test_Phase.SEQUENCE.Word	LOADING RESOURCE SURFACE FROM DISK
3998160.248	Test_Phase.SEQUENCE.Word	LOADING RESOURCE SURFACE FROM DISK
4005260.151	Test_Phase.SEQUENCE.Word	LOADING RESOURCE SURFACE FROM DISK
4012384.194	Test_Phase.SEQUENCE.Word	LOADING RESOURCE SURFACE FROM DISK
4019662.115	Test_Phase.SEQUENCE.Word	LOADING RESOURCE SURFACE FROM DISK
4027977.018	Test_Phase.SEQUENCE.Word	LOADING RESOURCE SURFACE FROM DISK
4035193.938	Test_Phase.SEQUENCE.Word	LOADING RESOURCE SURFACE FROM DISK
4042410.451	Test_Phase.SEQUENCE.Word	LOADING RESOURCE SURFACE FROM DISK
4050176.991	Test_Phase.SEQUENCE.Word	LOADING RESOURCE SURFACE FROM DISK
4057443.748	Test_Phase.SEQUENCE.Word	LOADING RESOURCE SURFACE FROM DISK
4064527.134	Test_Phase.SEQUENCE.Word	LOADING RESOURCE SURFACE FROM DISK
4072593.814	Test_Phase.SEQUENCE.Word	LOADING RESOURCE SURFACE FROM DISK
4079926.692	Test_Phase.SEQUENCE.Word	LOADING RESOURCE SURFACE FROM DISK
4087226.957	Test_Phase.SEQUENCE.Word	LOADING RESOURCE SURFACE FROM DISK
4094326.863	Test_Phase.SEQUENCE.Word	LOADING RESOURCE SURFACE FROM DISK
4101727.763	Test_Phase.SEQUENCE.Word	LOADING RESOURCE SURFACE FROM DISK
4110210.222	Test_Phase.SEQUENCE.Word	LOADING RESOURCE SURFACE FROM DISK
4118336.092	Test_Phase.SEQUENCE.Word	LOADING RESOURCE SURFACE FROM DISK
4125526.736	Test_Phase.SEQUENCE.Word	LOADING RESOURCE SURFACE FROM DISK
4133126.699	Test_Phase.SEQUENCE.Word	LOADING RESOURCE SURFACE FROM DISK
4140376.848	Test_Phase.SEQUENCE.Word	LOADING RESOURCE SURFACE FROM DISK
4144012.349	DISPLAY_SCREEN	LOADING RESOURCE SURFACE FROM DISK
