4682.812	DISPLAY_SCREEN[1]	LOADING RESOURCE SURFACE FROM DISK
1386647.031	Familiarization_Phase.SEQUENCE.Cue_and_Instruction	LOADING RESOURCE SURFACE FROM DISK
1386651.06	Familiarization_Phase.SEQUENCE.Cue_and_Instruction	LOADING RESOURCE SURFACE FROM DISK
1392696.112	Familiarization_Phase.SEQUENCE.Cue_and_Instruction	LOADING RESOURCE SURFACE FROM DISK
1392700.268	Familiarization_Phase.SEQUENCE.Cue_and_Instruction	LOADING RESOURCE SURFACE FROM DISK
1398746.255	Familiarization_Phase.SEQUENCE.Cue_and_Instruction	LOADING RESOURCE SURFACE FROM DISK
1398750.413	Familiarization_Phase.SEQUENCE.Cue_and_Instruction	LOADING RESOURCE SURFACE FROM DISK
1440878.832	DISPLAY_SCREEN[3]	LOADING RESOURCE SURFACE FROM DISK
1528818.084	DISPLAY_SCREEN[5]	LOADING RESOURCE SURFACE FROM DISK
1563820.368	Practice_Phase.SEQUENCE.Blink_Screen	LOADING RESOURCE SURFACE FROM DISK
1565024.515	Practice_Phase.SEQUENCE.Luminance_Cue[1]	LOADING RESOURCE SURFACE FROM DISK
1565026.755	Practice_Phase.SEQUENCE.Luminance_Cue[1]	LOADING RESOURCE SURFACE FROM DISK
1565524.18	Practice_Phase.SEQUENCE.Practice_Instruction	LOADING RESOURCE SURFACE FROM DISK
1565526.541	Practice_Phase.SEQUENCE.Practice_Instruction	LOADING RESOURCE SURFACE FROM DISK
1569024.328	Practice_Phase.SEQUENCE.Action_cue[1]	LOADING RESOURCE SURFACE FROM DISK
1573674.144	Practice_Phase.SEQUENCE.Practice_Instruction	LOADING RESOURCE SURFACE FROM DISK
1573676.584	Practice_Phase.SEQUENCE.Practice_Instruction	LOADING RESOURCE SURFACE FROM DISK
1581740.908	Practice_Phase.SEQUENCE.Practice_Instruction	LOADING RESOURCE SURFACE FROM DISK
1581743.236	Practice_Phase.SEQUENCE.Practice_Instruction	LOADING RESOURCE SURFACE FROM DISK
1589807.613	Practice_Phase.SEQUENCE.Practice_Instruction	LOADING RESOURCE SURFACE FROM DISK
1589809.914	Practice_Phase.SEQUENCE.Practice_Instruction	LOADING RESOURCE SURFACE FROM DISK
1597874.073	Practice_Phase.SEQUENCE.Practice_Instruction	LOADING RESOURCE SURFACE FROM DISK
1597876.445	Practice_Phase.SEQUENCE.Practice_Instruction	LOADING RESOURCE SURFACE FROM DISK
1605940.869	Practice_Phase.SEQUENCE.Practice_Instruction	LOADING RESOURCE SURFACE FROM DISK
1605943.251	Practice_Phase.SEQUENCE.Practice_Instruction	LOADING RESOURCE SURFACE FROM DISK
1614007.67	Practice_Phase.SEQUENCE.Practice_Instruction	LOADING RESOURCE SURFACE FROM DISK
1614009.979	Practice_Phase.SEQUENCE.Practice_Instruction	LOADING RESOURCE SURFACE FROM DISK
1622074.195	Practice_Phase.SEQUENCE.Practice_Instruction	LOADING RESOURCE SURFACE FROM DISK
1622076.47	Practice_Phase.SEQUENCE.Practice_Instruction	LOADING RESOURCE SURFACE FROM DISK
1630140.757	Practice_Phase.SEQUENCE.Practice_Instruction	LOADING RESOURCE SURFACE FROM DISK
1630143.045	Practice_Phase.SEQUENCE.Practice_Instruction	LOADING RESOURCE SURFACE FROM DISK
1636304.252	DISPLAY_SCREEN[2]	LOADING RESOURCE SURFACE FROM DISK
1715232.9	Study_Phase.SEQUENCE.Study_Instruction	LOADING RESOURCE SURFACE FROM DISK
1715235.026	Study_Phase.SEQUENCE.Study_Instruction	LOADING RESOURCE SURFACE FROM DISK
1723691.549	Study_Phase.SEQUENCE.Study_Instruction	LOADING RESOURCE SURFACE FROM DISK
1731966.056	Study_Phase.SEQUENCE.Study_Instruction	LOADING RESOURCE SURFACE FROM DISK
1731968.261	Study_Phase.SEQUENCE.Study_Instruction	LOADING RESOURCE SURFACE FROM DISK
1740245.902	Study_Phase.SEQUENCE.Study_Instruction	LOADING RESOURCE SURFACE FROM DISK
1748512.652	Study_Phase.SEQUENCE.Study_Instruction	LOADING RESOURCE SURFACE FROM DISK
1756780.377	Study_Phase.SEQUENCE.Study_Instruction	LOADING RESOURCE SURFACE FROM DISK
1765045.932	Study_Phase.SEQUENCE.Study_Instruction	LOADING RESOURCE SURFACE FROM DISK
1773316.28	Study_Phase.SEQUENCE.Study_Instruction	LOADING RESOURCE SURFACE FROM DISK
1773318.379	Study_Phase.SEQUENCE.Study_Instruction	LOADING RESOURCE SURFACE FROM DISK
1781599.239	Study_Phase.SEQUENCE.Study_Instruction	LOADING RESOURCE SURFACE FROM DISK
1781644.824	Study_Phase.SEQUENCE.Study_Instruction	LOADING RESOURCE SURFACE FROM DISK
1789896.925	Study_Phase.SEQUENCE.Study_Instruction	LOADING RESOURCE SURFACE FROM DISK
1798162.32	Study_Phase.SEQUENCE.Study_Instruction	LOADING RESOURCE SURFACE FROM DISK
1806432.967	Study_Phase.SEQUENCE.Study_Instruction	LOADING RESOURCE SURFACE FROM DISK
1806435.106	Study_Phase.SEQUENCE.Study_Instruction	LOADING RESOURCE SURFACE FROM DISK
1814716.268	Study_Phase.SEQUENCE.Study_Instruction	LOADING RESOURCE SURFACE FROM DISK
1814718.576	Study_Phase.SEQUENCE.Study_Instruction	LOADING RESOURCE SURFACE FROM DISK
1822999.368	Study_Phase.SEQUENCE.Study_Instruction	LOADING RESOURCE SURFACE FROM DISK
1823001.616	Study_Phase.SEQUENCE.Study_Instruction	LOADING RESOURCE SURFACE FROM DISK
1831283.076	Study_Phase.SEQUENCE.Study_Instruction	LOADING RESOURCE SURFACE FROM DISK
1831285.479	Study_Phase.SEQUENCE.Study_Instruction	LOADING RESOURCE SURFACE FROM DISK
1839573.608	Study_Phase.SEQUENCE.Study_Instruction	LOADING RESOURCE SURFACE FROM DISK
1847845.853	Study_Phase.SEQUENCE.Study_Instruction	LOADING RESOURCE SURFACE FROM DISK
1856113.826	Study_Phase.SEQUENCE.Study_Instruction	LOADING RESOURCE SURFACE FROM DISK
1864379.129	Study_Phase.SEQUENCE.Study_Instruction	LOADING RESOURCE SURFACE FROM DISK
1872633.07	Study_Phase.SEQUENCE.Study_Instruction	LOADING RESOURCE SURFACE FROM DISK
1872635.202	Study_Phase.SEQUENCE.Study_Instruction	LOADING RESOURCE SURFACE FROM DISK
1880916.062	Study_Phase.SEQUENCE.Study_Instruction	LOADING RESOURCE SURFACE FROM DISK
1880918.428	Study_Phase.SEQUENCE.Study_Instruction	LOADING RESOURCE SURFACE FROM DISK
1889199.567	Study_Phase.SEQUENCE.Study_Instruction	LOADING RESOURCE SURFACE FROM DISK
1889201.83	Study_Phase.SEQUENCE.Study_Instruction	LOADING RESOURCE SURFACE FROM DISK
1897480.222	Study_Phase.SEQUENCE.Study_Instruction	LOADING RESOURCE SURFACE FROM DISK
1905749.524	Study_Phase.SEQUENCE.Study_Instruction	LOADING RESOURCE SURFACE FROM DISK
1905751.69	Study_Phase.SEQUENCE.Study_Instruction	LOADING RESOURCE SURFACE FROM DISK
1914029.073	Study_Phase.SEQUENCE.Study_Instruction	LOADING RESOURCE SURFACE FROM DISK
1922295.897	Study_Phase.SEQUENCE.Study_Instruction	LOADING RESOURCE SURFACE FROM DISK
1930563.585	Study_Phase.SEQUENCE.Study_Instruction	LOADING RESOURCE SURFACE FROM DISK
1938829.235	Study_Phase.SEQUENCE.Study_Instruction	LOADING RESOURCE SURFACE FROM DISK
1947099.644	Study_Phase.SEQUENCE.Study_Instruction	LOADING RESOURCE SURFACE FROM DISK
1947122.832	Study_Phase.SEQUENCE.Study_Instruction	LOADING RESOURCE SURFACE FROM DISK
1955395.792	Study_Phase.SEQUENCE.Study_Instruction	LOADING RESOURCE SURFACE FROM DISK
1963662.332	Study_Phase.SEQUENCE.Study_Instruction	LOADING RESOURCE SURFACE FROM DISK
1971932.701	Study_Phase.SEQUENCE.Study_Instruction	LOADING RESOURCE SURFACE FROM DISK
1971934.955	Study_Phase.SEQUENCE.Study_Instruction	LOADING RESOURCE SURFACE FROM DISK
1980250.776	Study_Phase.SEQUENCE.Study_Instruction	LOADING RESOURCE SURFACE FROM DISK
1988516.406	Study_Phase.SEQUENCE.Study_Instruction	LOADING RESOURCE SURFACE FROM DISK
1988518.779	Study_Phase.SEQUENCE.Study_Instruction	LOADING RESOURCE SURFACE FROM DISK
1996799.467	Study_Phase.SEQUENCE.Study_Instruction	LOADING RESOURCE SURFACE FROM DISK
1996801.778	Study_Phase.SEQUENCE.Study_Instruction	LOADING RESOURCE SURFACE FROM DISK
2005079.459	Study_Phase.SEQUENCE.Study_Instruction	LOADING RESOURCE SURFACE FROM DISK
2013349.475	Study_Phase.SEQUENCE.Study_Instruction	LOADING RESOURCE SURFACE FROM DISK
2013351.73	Study_Phase.SEQUENCE.Study_Instruction	LOADING RESOURCE SURFACE FROM DISK
2021629.05	Study_Phase.SEQUENCE.Study_Instruction	LOADING RESOURCE SURFACE FROM DISK
2029896.782	Study_Phase.SEQUENCE.Study_Instruction	LOADING RESOURCE SURFACE FROM DISK
2038166.163	Study_Phase.SEQUENCE.Study_Instruction	LOADING RESOURCE SURFACE FROM DISK
2038168.302	Study_Phase.SEQUENCE.Study_Instruction	LOADING RESOURCE SURFACE FROM DISK
2046446.781	Study_Phase.SEQUENCE.Study_Instruction	LOADING RESOURCE SURFACE FROM DISK
2054712.442	Study_Phase.SEQUENCE.Study_Instruction	LOADING RESOURCE SURFACE FROM DISK
2062982.811	Study_Phase.SEQUENCE.Study_Instruction	LOADING RESOURCE SURFACE FROM DISK
2062984.908	Study_Phase.SEQUENCE.Study_Instruction	LOADING RESOURCE SURFACE FROM DISK
2071266.396	Study_Phase.SEQUENCE.Study_Instruction	LOADING RESOURCE SURFACE FROM DISK
2071268.619	Study_Phase.SEQUENCE.Study_Instruction	LOADING RESOURCE SURFACE FROM DISK
2079549.449	Study_Phase.SEQUENCE.Study_Instruction	LOADING RESOURCE SURFACE FROM DISK
2079551.802	Study_Phase.SEQUENCE.Study_Instruction	LOADING RESOURCE SURFACE FROM DISK
2087832.904	Study_Phase.SEQUENCE.Study_Instruction	LOADING RESOURCE SURFACE FROM DISK
2087835.131	Study_Phase.SEQUENCE.Study_Instruction	LOADING RESOURCE SURFACE FROM DISK
2096116.103	Study_Phase.SEQUENCE.Study_Instruction	LOADING RESOURCE SURFACE FROM DISK
2096118.539	Study_Phase.SEQUENCE.Study_Instruction	LOADING RESOURCE SURFACE FROM DISK
2104397.068	Study_Phase.SEQUENCE.Study_Instruction	LOADING RESOURCE SURFACE FROM DISK
2112666.291	Study_Phase.SEQUENCE.Study_Instruction	LOADING RESOURCE SURFACE FROM DISK
2112668.43	Study_Phase.SEQUENCE.Study_Instruction	LOADING RESOURCE SURFACE FROM DISK
2120946.966	Study_Phase.SEQUENCE.Study_Instruction	LOADING RESOURCE SURFACE FROM DISK
2129216.132	Study_Phase.SEQUENCE.Study_Instruction	LOADING RESOURCE SURFACE FROM DISK
2129218.248	Study_Phase.SEQUENCE.Study_Instruction	LOADING RESOURCE SURFACE FROM DISK
2137495.74	Study_Phase.SEQUENCE.Study_Instruction	LOADING RESOURCE SURFACE FROM DISK
2145763.619	Study_Phase.SEQUENCE.Study_Instruction	LOADING RESOURCE SURFACE FROM DISK
2154032.724	Study_Phase.SEQUENCE.Study_Instruction	LOADING RESOURCE SURFACE FROM DISK
2154034.866	Study_Phase.SEQUENCE.Study_Instruction	LOADING RESOURCE SURFACE FROM DISK
2162355.174	Study_Phase.SEQUENCE.Study_Instruction	LOADING RESOURCE SURFACE FROM DISK
2170630.452	Study_Phase.SEQUENCE.Study_Instruction	LOADING RESOURCE SURFACE FROM DISK
2178895.69	Study_Phase.SEQUENCE.Study_Instruction	LOADING RESOURCE SURFACE FROM DISK
2187165.963	Study_Phase.SEQUENCE.Study_Instruction	LOADING RESOURCE SURFACE FROM DISK
2187168.182	Study_Phase.SEQUENCE.Study_Instruction	LOADING RESOURCE SURFACE FROM DISK
2195482.861	Study_Phase.SEQUENCE.Study_Instruction	LOADING RESOURCE SURFACE FROM DISK
2203749.7	Study_Phase.SEQUENCE.Study_Instruction	LOADING RESOURCE SURFACE FROM DISK
2203751.817	Study_Phase.SEQUENCE.Study_Instruction	LOADING RESOURCE SURFACE FROM DISK
2212029.046	Study_Phase.SEQUENCE.Study_Instruction	LOADING RESOURCE SURFACE FROM DISK
2220262.567	Study_Phase.SEQUENCE.Study_Instruction	LOADING RESOURCE SURFACE FROM DISK
2228529.187	Study_Phase.SEQUENCE.Study_Instruction	LOADING RESOURCE SURFACE FROM DISK
2236780.301	Study_Phase.SEQUENCE.Study_Instruction	LOADING RESOURCE SURFACE FROM DISK
2245049.625	Study_Phase.SEQUENCE.Study_Instruction	LOADING RESOURCE SURFACE FROM DISK
2245051.75	Study_Phase.SEQUENCE.Study_Instruction	LOADING RESOURCE SURFACE FROM DISK
2253313.594	Study_Phase.SEQUENCE.Study_Instruction	LOADING RESOURCE SURFACE FROM DISK
2261582.929	Study_Phase.SEQUENCE.Study_Instruction	LOADING RESOURCE SURFACE FROM DISK
2261585.048	Study_Phase.SEQUENCE.Study_Instruction	LOADING RESOURCE SURFACE FROM DISK
2269862.44	Study_Phase.SEQUENCE.Study_Instruction	LOADING RESOURCE SURFACE FROM DISK
2278132.738	Study_Phase.SEQUENCE.Study_Instruction	LOADING RESOURCE SURFACE FROM DISK
2278150.608	Study_Phase.SEQUENCE.Study_Instruction	LOADING RESOURCE SURFACE FROM DISK
2286430.178	Study_Phase.SEQUENCE.Study_Instruction	LOADING RESOURCE SURFACE FROM DISK
2294679.194	Study_Phase.SEQUENCE.Study_Instruction	LOADING RESOURCE SURFACE FROM DISK
2302949.593	Study_Phase.SEQUENCE.Study_Instruction	LOADING RESOURCE SURFACE FROM DISK
2302951.722	Study_Phase.SEQUENCE.Study_Instruction	LOADING RESOURCE SURFACE FROM DISK
2311232.971	Study_Phase.SEQUENCE.Study_Instruction	LOADING RESOURCE SURFACE FROM DISK
2311235.195	Study_Phase.SEQUENCE.Study_Instruction	LOADING RESOURCE SURFACE FROM DISK
2319512.382	Study_Phase.SEQUENCE.Study_Instruction	LOADING RESOURCE SURFACE FROM DISK
2327782.851	Study_Phase.SEQUENCE.Study_Instruction	LOADING RESOURCE SURFACE FROM DISK
2327822.932	Study_Phase.SEQUENCE.Study_Instruction	LOADING RESOURCE SURFACE FROM DISK
2336113.582	Study_Phase.SEQUENCE.Study_Instruction	LOADING RESOURCE SURFACE FROM DISK
2344362.567	Study_Phase.SEQUENCE.Study_Instruction	LOADING RESOURCE SURFACE FROM DISK
2352633.199	Study_Phase.SEQUENCE.Study_Instruction	LOADING RESOURCE SURFACE FROM DISK
2352635.352	Study_Phase.SEQUENCE.Study_Instruction	LOADING RESOURCE SURFACE FROM DISK
2360879.115	Study_Phase.SEQUENCE.Study_Instruction	LOADING RESOURCE SURFACE FROM DISK
2369149.3	Study_Phase.SEQUENCE.Study_Instruction	LOADING RESOURCE SURFACE FROM DISK
2369151.562	Study_Phase.SEQUENCE.Study_Instruction	LOADING RESOURCE SURFACE FROM DISK
2377430.367	Study_Phase.SEQUENCE.Study_Instruction	LOADING RESOURCE SURFACE FROM DISK
2385679.0	Study_Phase.SEQUENCE.Study_Instruction	LOADING RESOURCE SURFACE FROM DISK
2393949.248	Study_Phase.SEQUENCE.Study_Instruction	LOADING RESOURCE SURFACE FROM DISK
2393951.381	Study_Phase.SEQUENCE.Study_Instruction	LOADING RESOURCE SURFACE FROM DISK
2402264.634	Study_Phase.SEQUENCE.Study_Instruction	LOADING RESOURCE SURFACE FROM DISK
2410532.977	Study_Phase.SEQUENCE.Study_Instruction	LOADING RESOURCE SURFACE FROM DISK
2410535.105	Study_Phase.SEQUENCE.Study_Instruction	LOADING RESOURCE SURFACE FROM DISK
2418812.447	Study_Phase.SEQUENCE.Study_Instruction	LOADING RESOURCE SURFACE FROM DISK
2427102.711	Study_Phase.SEQUENCE.Study_Instruction	LOADING RESOURCE SURFACE FROM DISK
2435422.965	Study_Phase.SEQUENCE.Study_Instruction	LOADING RESOURCE SURFACE FROM DISK
2443699.486	Study_Phase.SEQUENCE.Study_Instruction	LOADING RESOURCE SURFACE FROM DISK
2443701.736	Study_Phase.SEQUENCE.Study_Instruction	LOADING RESOURCE SURFACE FROM DISK
2451980.534	Study_Phase.SEQUENCE.Study_Instruction	LOADING RESOURCE SURFACE FROM DISK
2460245.957	Study_Phase.SEQUENCE.Study_Instruction	LOADING RESOURCE SURFACE FROM DISK
2468516.312	Study_Phase.SEQUENCE.Study_Instruction	LOADING RESOURCE SURFACE FROM DISK
2468518.429	Study_Phase.SEQUENCE.Study_Instruction	LOADING RESOURCE SURFACE FROM DISK
2476799.389	Study_Phase.SEQUENCE.Study_Instruction	LOADING RESOURCE SURFACE FROM DISK
2476801.681	Study_Phase.SEQUENCE.Study_Instruction	LOADING RESOURCE SURFACE FROM DISK
2485083.211	Study_Phase.SEQUENCE.Study_Instruction	LOADING RESOURCE SURFACE FROM DISK
2485085.572	Study_Phase.SEQUENCE.Study_Instruction	LOADING RESOURCE SURFACE FROM DISK
2493366.263	Study_Phase.SEQUENCE.Study_Instruction	LOADING RESOURCE SURFACE FROM DISK
2493368.551	Study_Phase.SEQUENCE.Study_Instruction	LOADING RESOURCE SURFACE FROM DISK
2501649.648	Study_Phase.SEQUENCE.Study_Instruction	LOADING RESOURCE SURFACE FROM DISK
2501651.911	Study_Phase.SEQUENCE.Study_Instruction	LOADING RESOURCE SURFACE FROM DISK
2509929.214	Study_Phase.SEQUENCE.Study_Instruction	LOADING RESOURCE SURFACE FROM DISK
2518197.358	Study_Phase.SEQUENCE.Study_Instruction	LOADING RESOURCE SURFACE FROM DISK
2526462.459	Study_Phase.SEQUENCE.Study_Instruction	LOADING RESOURCE SURFACE FROM DISK
2534732.969	Study_Phase.SEQUENCE.Study_Instruction	LOADING RESOURCE SURFACE FROM DISK
2534735.119	Study_Phase.SEQUENCE.Study_Instruction	LOADING RESOURCE SURFACE FROM DISK
2543013.575	Study_Phase.SEQUENCE.Study_Instruction	LOADING RESOURCE SURFACE FROM DISK
2551282.801	Study_Phase.SEQUENCE.Study_Instruction	LOADING RESOURCE SURFACE FROM DISK
2551330.397	Study_Phase.SEQUENCE.Study_Instruction	LOADING RESOURCE SURFACE FROM DISK
2559597.298	Study_Phase.SEQUENCE.Study_Instruction	LOADING RESOURCE SURFACE FROM DISK
2567866.231	Study_Phase.SEQUENCE.Study_Instruction	LOADING RESOURCE SURFACE FROM DISK
2567868.35	Study_Phase.SEQUENCE.Study_Instruction	LOADING RESOURCE SURFACE FROM DISK
2576145.894	Study_Phase.SEQUENCE.Study_Instruction	LOADING RESOURCE SURFACE FROM DISK
2584454.325	Study_Phase.SEQUENCE.Study_Instruction	LOADING RESOURCE SURFACE FROM DISK
2592729.159	Study_Phase.SEQUENCE.Study_Instruction	LOADING RESOURCE SURFACE FROM DISK
2600995.712	Study_Phase.SEQUENCE.Study_Instruction	LOADING RESOURCE SURFACE FROM DISK
2609266.254	Study_Phase.SEQUENCE.Study_Instruction	LOADING RESOURCE SURFACE FROM DISK
2609308.453	Study_Phase.SEQUENCE.Study_Instruction	LOADING RESOURCE SURFACE FROM DISK
2617580.353	Study_Phase.SEQUENCE.Study_Instruction	LOADING RESOURCE SURFACE FROM DISK
2625849.49	Study_Phase.SEQUENCE.Study_Instruction	LOADING RESOURCE SURFACE FROM DISK
2625890.444	Study_Phase.SEQUENCE.Study_Instruction	LOADING RESOURCE SURFACE FROM DISK
2634163.525	Study_Phase.SEQUENCE.Study_Instruction	LOADING RESOURCE SURFACE FROM DISK
2642429.129	Study_Phase.SEQUENCE.Study_Instruction	LOADING RESOURCE SURFACE FROM DISK
2650679.282	Study_Phase.SEQUENCE.Study_Instruction	LOADING RESOURCE SURFACE FROM DISK
2658949.602	Study_Phase.SEQUENCE.Study_Instruction	LOADING RESOURCE SURFACE FROM DISK
2658989.665	Study_Phase.SEQUENCE.Study_Instruction	LOADING RESOURCE SURFACE FROM DISK
2667249.526	Study_Phase.SEQUENCE.Study_Instruction	LOADING RESOURCE SURFACE FROM DISK
2667251.818	Study_Phase.SEQUENCE.Study_Instruction	LOADING RESOURCE SURFACE FROM DISK
2675565.398	Study_Phase.SEQUENCE.Study_Instruction	LOADING RESOURCE SURFACE FROM DISK
2683832.989	Study_Phase.SEQUENCE.Study_Instruction	LOADING RESOURCE SURFACE FROM DISK
2683835.093	Study_Phase.SEQUENCE.Study_Instruction	LOADING RESOURCE SURFACE FROM DISK
2692117.174	Study_Phase.SEQUENCE.Study_Instruction	LOADING RESOURCE SURFACE FROM DISK
2700362.459	Study_Phase.SEQUENCE.Study_Instruction	LOADING RESOURCE SURFACE FROM DISK
2706584.655	DISPLAY_SCREEN[7]	LOADING RESOURCE SURFACE FROM DISK
2851728.8	Test_Phase.SEQUENCE.Target_Cue	LOADING RESOURCE SURFACE FROM DISK
2851730.361	Test_Phase.SEQUENCE.Target_Cue	LOADING RESOURCE SURFACE FROM DISK
2853745.908	Test_Phase.SEQUENCE.Word	LOADING RESOURCE SURFACE FROM DISK
2856762.004	Test_Phase.SEQUENCE.Test_Question	LOADING RESOURCE SURFACE FROM DISK
2856763.601	Test_Phase.SEQUENCE.Test_Question	LOADING RESOURCE SURFACE FROM DISK
2856765.221	Test_Phase.SEQUENCE.Test_Question	LOADING RESOURCE SURFACE FROM DISK
2856766.856	Test_Phase.SEQUENCE.Test_Question	LOADING RESOURCE SURFACE FROM DISK
2856768.639	Test_Phase.SEQUENCE.Test_Question	LOADING RESOURCE SURFACE FROM DISK
2856770.242	Test_Phase.SEQUENCE.Test_Question	LOADING RESOURCE SURFACE FROM DISK
2856771.897	Test_Phase.SEQUENCE.Test_Question	LOADING RESOURCE SURFACE FROM DISK
2856808.457	Test_Phase.SEQUENCE.Test_Question	LOADING RESOURCE SURFACE FROM DISK
2856810.292	Test_Phase.SEQUENCE.Test_Question	LOADING RESOURCE SURFACE FROM DISK
2856812.046	Test_Phase.SEQUENCE.Test_Question	LOADING RESOURCE SURFACE FROM DISK
2856813.755	Test_Phase.SEQUENCE.Test_Question	LOADING RESOURCE SURFACE FROM DISK
2856815.454	Test_Phase.SEQUENCE.Test_Question	LOADING RESOURCE SURFACE FROM DISK
2876829.138	Test_Phase.SEQUENCE.Word	LOADING RESOURCE SURFACE FROM DISK
2886895.927	Test_Phase.SEQUENCE.Word	LOADING RESOURCE SURFACE FROM DISK
2896729.146	Test_Phase.SEQUENCE.Word	LOADING RESOURCE SURFACE FROM DISK
2904795.859	Test_Phase.SEQUENCE.Word	LOADING RESOURCE SURFACE FROM DISK
2913729.255	Test_Phase.SEQUENCE.Word	LOADING RESOURCE SURFACE FROM DISK
2922079.134	Test_Phase.SEQUENCE.Word	LOADING RESOURCE SURFACE FROM DISK
2933779.335	Test_Phase.SEQUENCE.Word	LOADING RESOURCE SURFACE FROM DISK
2941146.063	Test_Phase.SEQUENCE.Word	LOADING RESOURCE SURFACE FROM DISK
2949295.852	Test_Phase.SEQUENCE.Word	LOADING RESOURCE SURFACE FROM DISK
2957412.508	Test_Phase.SEQUENCE.Word	LOADING RESOURCE SURFACE FROM DISK
2966079.336	Test_Phase.SEQUENCE.Word	LOADING RESOURCE SURFACE FROM DISK
2974062.486	Test_Phase.SEQUENCE.Word	LOADING RESOURCE SURFACE FROM DISK
2981745.853	Test_Phase.SEQUENCE.Word	LOADING RESOURCE SURFACE FROM DISK
2989912.609	Test_Phase.SEQUENCE.Word	LOADING RESOURCE SURFACE FROM DISK
2997463.243	Test_Phase.SEQUENCE.Word	LOADING RESOURCE SURFACE FROM DISK
3005412.583	Test_Phase.SEQUENCE.Word	LOADING RESOURCE SURFACE FROM DISK
3012495.945	Test_Phase.SEQUENCE.Word	LOADING RESOURCE SURFACE FROM DISK
3019779.171	Test_Phase.SEQUENCE.Word	LOADING RESOURCE SURFACE FROM DISK
3026929.131	Test_Phase.SEQUENCE.Word	LOADING RESOURCE SURFACE FROM DISK
3034162.555	Test_Phase.SEQUENCE.Word	LOADING RESOURCE SURFACE FROM DISK
3043345.89	Test_Phase.SEQUENCE.Word	LOADING RESOURCE SURFACE FROM DISK
3052929.295	Test_Phase.SEQUENCE.Word	LOADING RESOURCE SURFACE FROM DISK
3059995.942	Test_Phase.SEQUENCE.Word	LOADING RESOURCE SURFACE FROM DISK
3067746.117	Test_Phase.SEQUENCE.Word	LOADING RESOURCE SURFACE FROM DISK
3075179.424	Test_Phase.SEQUENCE.Word	LOADING RESOURCE SURFACE FROM DISK
3083395.917	Test_Phase.SEQUENCE.Word	LOADING RESOURCE SURFACE FROM DISK
3090529.408	Test_Phase.SEQUENCE.Word	LOADING RESOURCE SURFACE FROM DISK
3099995.96	Test_Phase.SEQUENCE.Word	LOADING RESOURCE SURFACE FROM DISK
3107195.837	Test_Phase.SEQUENCE.Word	LOADING RESOURCE SURFACE FROM DISK
3114412.57	Test_Phase.SEQUENCE.Word	LOADING RESOURCE SURFACE FROM DISK
3122062.544	Test_Phase.SEQUENCE.Word	LOADING RESOURCE SURFACE FROM DISK
3129295.877	Test_Phase.SEQUENCE.Word	LOADING RESOURCE SURFACE FROM DISK
3136462.569	Test_Phase.SEQUENCE.Word	LOADING RESOURCE SURFACE FROM DISK
3143662.563	Test_Phase.SEQUENCE.Word	LOADING RESOURCE SURFACE FROM DISK
3151229.34	Test_Phase.SEQUENCE.Word	LOADING RESOURCE SURFACE FROM DISK
3158395.97	Test_Phase.SEQUENCE.Word	LOADING RESOURCE SURFACE FROM DISK
3166034.593	Test_Phase.SEQUENCE.Word	LOADING RESOURCE SURFACE FROM DISK
3173162.734	Test_Phase.SEQUENCE.Word	LOADING RESOURCE SURFACE FROM DISK
3180862.632	Test_Phase.SEQUENCE.Word	LOADING RESOURCE SURFACE FROM DISK
3188195.857	Test_Phase.SEQUENCE.Word	LOADING RESOURCE SURFACE FROM DISK
3195446.162	Test_Phase.SEQUENCE.Word	LOADING RESOURCE SURFACE FROM DISK
3202495.881	Test_Phase.SEQUENCE.Word	LOADING RESOURCE SURFACE FROM DISK
3210145.995	Test_Phase.SEQUENCE.Word	LOADING RESOURCE SURFACE FROM DISK
3217262.663	Test_Phase.SEQUENCE.Word	LOADING RESOURCE SURFACE FROM DISK
3224879.059	Test_Phase.SEQUENCE.Word	LOADING RESOURCE SURFACE FROM DISK
3231929.456	Test_Phase.SEQUENCE.Word	LOADING RESOURCE SURFACE FROM DISK
3239512.632	Test_Phase.SEQUENCE.Word	LOADING RESOURCE SURFACE FROM DISK
3246662.584	Test_Phase.SEQUENCE.Word	LOADING RESOURCE SURFACE FROM DISK
3253729.204	Test_Phase.SEQUENCE.Word	LOADING RESOURCE SURFACE FROM DISK
3261095.904	Test_Phase.SEQUENCE.Word	LOADING RESOURCE SURFACE FROM DISK
3268179.175	Test_Phase.SEQUENCE.Word	LOADING RESOURCE SURFACE FROM DISK
3275329.211	Test_Phase.SEQUENCE.Word	LOADING RESOURCE SURFACE FROM DISK
3282479.142	Test_Phase.SEQUENCE.Word	LOADING RESOURCE SURFACE FROM DISK
3289529.106	Test_Phase.SEQUENCE.Word	LOADING RESOURCE SURFACE FROM DISK
3296629.303	Test_Phase.SEQUENCE.Word	LOADING RESOURCE SURFACE FROM DISK
3304495.847	Test_Phase.SEQUENCE.Word	LOADING RESOURCE SURFACE FROM DISK
3311612.637	Test_Phase.SEQUENCE.Word	LOADING RESOURCE SURFACE FROM DISK
3324529.384	Test_Phase.SEQUENCE.Word	LOADING RESOURCE SURFACE FROM DISK
3331812.629	Test_Phase.SEQUENCE.Word	LOADING RESOURCE SURFACE FROM DISK
3339279.288	Test_Phase.SEQUENCE.Word	LOADING RESOURCE SURFACE FROM DISK
3348379.106	Test_Phase.SEQUENCE.Word	LOADING RESOURCE SURFACE FROM DISK
3355535.827	Test_Phase.SEQUENCE.Word	LOADING RESOURCE SURFACE FROM DISK
3363429.117	Test_Phase.SEQUENCE.Word	LOADING RESOURCE SURFACE FROM DISK
3370662.565	Test_Phase.SEQUENCE.Word	LOADING RESOURCE SURFACE FROM DISK
3377812.541	Test_Phase.SEQUENCE.Word	LOADING RESOURCE SURFACE FROM DISK
3384922.556	Test_Phase.SEQUENCE.Word	LOADING RESOURCE SURFACE FROM DISK
3393212.59	Test_Phase.SEQUENCE.Word	LOADING RESOURCE SURFACE FROM DISK
3400295.891	Test_Phase.SEQUENCE.Word	LOADING RESOURCE SURFACE FROM DISK
3407479.286	Test_Phase.SEQUENCE.Word	LOADING RESOURCE SURFACE FROM DISK
3414679.329	Test_Phase.SEQUENCE.Word	LOADING RESOURCE SURFACE FROM DISK
3422129.228	Test_Phase.SEQUENCE.Word	LOADING RESOURCE SURFACE FROM DISK
3429296.044	Test_Phase.SEQUENCE.Word	LOADING RESOURCE SURFACE FROM DISK
3437429.188	Test_Phase.SEQUENCE.Word	LOADING RESOURCE SURFACE FROM DISK
3445579.314	Test_Phase.SEQUENCE.Word	LOADING RESOURCE SURFACE FROM DISK
3452695.84	Test_Phase.SEQUENCE.Word	LOADING RESOURCE SURFACE FROM DISK
3459679.295	Test_Phase.SEQUENCE.Word	LOADING RESOURCE SURFACE FROM DISK
3466796.165	Test_Phase.SEQUENCE.Word	LOADING RESOURCE SURFACE FROM DISK
3474412.632	Test_Phase.SEQUENCE.Word	LOADING RESOURCE SURFACE FROM DISK
3481445.888	Test_Phase.SEQUENCE.Word	LOADING RESOURCE SURFACE FROM DISK
3488512.664	Test_Phase.SEQUENCE.Word	LOADING RESOURCE SURFACE FROM DISK
3495629.123	Test_Phase.SEQUENCE.Word	LOADING RESOURCE SURFACE FROM DISK
3502745.881	Test_Phase.SEQUENCE.Word	LOADING RESOURCE SURFACE FROM DISK
3509845.778	Test_Phase.SEQUENCE.Word	LOADING RESOURCE SURFACE FROM DISK
3516895.887	Test_Phase.SEQUENCE.Word	LOADING RESOURCE SURFACE FROM DISK
3524029.153	Test_Phase.SEQUENCE.Word	LOADING RESOURCE SURFACE FROM DISK
3531045.895	Test_Phase.SEQUENCE.Word	LOADING RESOURCE SURFACE FROM DISK
3538729.239	Test_Phase.SEQUENCE.Word	LOADING RESOURCE SURFACE FROM DISK
3545779.117	Test_Phase.SEQUENCE.Word	LOADING RESOURCE SURFACE FROM DISK
3553296.005	Test_Phase.SEQUENCE.Word	LOADING RESOURCE SURFACE FROM DISK
3560445.892	Test_Phase.SEQUENCE.Word	LOADING RESOURCE SURFACE FROM DISK
3567579.079	Test_Phase.SEQUENCE.Word	LOADING RESOURCE SURFACE FROM DISK
3575012.429	Test_Phase.SEQUENCE.Word	LOADING RESOURCE SURFACE FROM DISK
3582162.542	Test_Phase.SEQUENCE.Word	LOADING RESOURCE SURFACE FROM DISK
3590029.093	Test_Phase.SEQUENCE.Word	LOADING RESOURCE SURFACE FROM DISK
3597212.553	Test_Phase.SEQUENCE.Word	LOADING RESOURCE SURFACE FROM DISK
3604279.335	Test_Phase.SEQUENCE.Word	LOADING RESOURCE SURFACE FROM DISK
3611279.315	Test_Phase.SEQUENCE.Word	LOADING RESOURCE SURFACE FROM DISK
3618346.091	Test_Phase.SEQUENCE.Word	LOADING RESOURCE SURFACE FROM DISK
3625479.221	Test_Phase.SEQUENCE.Word	LOADING RESOURCE SURFACE FROM DISK
3632529.133	Test_Phase.SEQUENCE.Word	LOADING RESOURCE SURFACE FROM DISK
3639595.963	Test_Phase.SEQUENCE.Word	LOADING RESOURCE SURFACE FROM DISK
3646612.54	Test_Phase.SEQUENCE.Word	LOADING RESOURCE SURFACE FROM DISK
3654695.905	Test_Phase.SEQUENCE.Word	LOADING RESOURCE SURFACE FROM DISK
3661712.548	Test_Phase.SEQUENCE.Word	LOADING RESOURCE SURFACE FROM DISK
3668729.238	Test_Phase.SEQUENCE.Word	LOADING RESOURCE SURFACE FROM DISK
3675779.097	Test_Phase.SEQUENCE.Word	LOADING RESOURCE SURFACE FROM DISK
3682962.595	Test_Phase.SEQUENCE.Word	LOADING RESOURCE SURFACE FROM DISK
3689996.075	Test_Phase.SEQUENCE.Word	LOADING RESOURCE SURFACE FROM DISK
3697196.235	Test_Phase.SEQUENCE.Word	LOADING RESOURCE SURFACE FROM DISK
3706679.319	Test_Phase.SEQUENCE.Word	LOADING RESOURCE SURFACE FROM DISK
3713746.069	Test_Phase.SEQUENCE.Word	LOADING RESOURCE SURFACE FROM DISK
3720796.04	Test_Phase.SEQUENCE.Word	LOADING RESOURCE SURFACE FROM DISK
3727829.285	Test_Phase.SEQUENCE.Word	LOADING RESOURCE SURFACE FROM DISK
3734879.197	Test_Phase.SEQUENCE.Word	LOADING RESOURCE SURFACE FROM DISK
3741929.213	Test_Phase.SEQUENCE.Word	LOADING RESOURCE SURFACE FROM DISK
3748945.9	Test_Phase.SEQUENCE.Word	LOADING RESOURCE SURFACE FROM DISK
3755979.291	Test_Phase.SEQUENCE.Word	LOADING RESOURCE SURFACE FROM DISK
3762962.586	Test_Phase.SEQUENCE.Word	LOADING RESOURCE SURFACE FROM DISK
3770329.154	Test_Phase.SEQUENCE.Word	LOADING RESOURCE SURFACE FROM DISK
3777362.778	Test_Phase.SEQUENCE.Word	LOADING RESOURCE SURFACE FROM DISK
3784379.133	Test_Phase.SEQUENCE.Word	LOADING RESOURCE SURFACE FROM DISK
3791446.112	Test_Phase.SEQUENCE.Word	LOADING RESOURCE SURFACE FROM DISK
3805545.842	Test_Phase.SEQUENCE.Word	LOADING RESOURCE SURFACE FROM DISK
3812829.132	Test_Phase.SEQUENCE.Word	LOADING RESOURCE SURFACE FROM DISK
3819929.102	Test_Phase.SEQUENCE.Word	LOADING RESOURCE SURFACE FROM DISK
3827079.101	Test_Phase.SEQUENCE.Word	LOADING RESOURCE SURFACE FROM DISK
3834162.446	Test_Phase.SEQUENCE.Word	LOADING RESOURCE SURFACE FROM DISK
3841479.267	Test_Phase.SEQUENCE.Word	LOADING RESOURCE SURFACE FROM DISK
3848946.026	Test_Phase.SEQUENCE.Word	LOADING RESOURCE SURFACE FROM DISK
3856345.813	Test_Phase.SEQUENCE.Word	LOADING RESOURCE SURFACE FROM DISK
3863729.107	Test_Phase.SEQUENCE.Word	LOADING RESOURCE SURFACE FROM DISK
3870796.004	Test_Phase.SEQUENCE.Word	LOADING RESOURCE SURFACE FROM DISK
3877862.626	Test_Phase.SEQUENCE.Word	LOADING RESOURCE SURFACE FROM DISK
3885629.195	Test_Phase.SEQUENCE.Word	LOADING RESOURCE SURFACE FROM DISK
3892979.152	Test_Phase.SEQUENCE.Word	LOADING RESOURCE SURFACE FROM DISK
3900012.772	Test_Phase.SEQUENCE.Word	LOADING RESOURCE SURFACE FROM DISK
3907079.248	Test_Phase.SEQUENCE.Word	LOADING RESOURCE SURFACE FROM DISK
3914512.6	Test_Phase.SEQUENCE.Word	LOADING RESOURCE SURFACE FROM DISK
3921612.626	Test_Phase.SEQUENCE.Word	LOADING RESOURCE SURFACE FROM DISK
3928712.731	Test_Phase.SEQUENCE.Word	LOADING RESOURCE SURFACE FROM DISK
3936079.204	Test_Phase.SEQUENCE.Word	LOADING RESOURCE SURFACE FROM DISK
3944295.907	Test_Phase.SEQUENCE.Word	LOADING RESOURCE SURFACE FROM DISK
3951312.431	Test_Phase.SEQUENCE.Word	LOADING RESOURCE SURFACE FROM DISK
3958245.749	Test_Phase.SEQUENCE.Word	LOADING RESOURCE SURFACE FROM DISK
3965329.212	Test_Phase.SEQUENCE.Word	LOADING RESOURCE SURFACE FROM DISK
3972862.547	Test_Phase.SEQUENCE.Word	LOADING RESOURCE SURFACE FROM DISK
3979929.25	Test_Phase.SEQUENCE.Word	LOADING RESOURCE SURFACE FROM DISK
3986946.095	Test_Phase.SEQUENCE.Word	LOADING RESOURCE SURFACE FROM DISK
3994012.621	Test_Phase.SEQUENCE.Word	LOADING RESOURCE SURFACE FROM DISK
4001212.576	Test_Phase.SEQUENCE.Word	LOADING RESOURCE SURFACE FROM DISK
4008479.124	Test_Phase.SEQUENCE.Word	LOADING RESOURCE SURFACE FROM DISK
4015612.614	Test_Phase.SEQUENCE.Word	LOADING RESOURCE SURFACE FROM DISK
4022646.099	Test_Phase.SEQUENCE.Word	LOADING RESOURCE SURFACE FROM DISK
4031179.308	Test_Phase.SEQUENCE.Word	LOADING RESOURCE SURFACE FROM DISK
4038262.657	Test_Phase.SEQUENCE.Word	LOADING RESOURCE SURFACE FROM DISK
4045479.207	Test_Phase.SEQUENCE.Word	LOADING RESOURCE SURFACE FROM DISK
4052629.332	Test_Phase.SEQUENCE.Word	LOADING RESOURCE SURFACE FROM DISK
4059645.967	Test_Phase.SEQUENCE.Word	LOADING RESOURCE SURFACE FROM DISK
4066662.591	Test_Phase.SEQUENCE.Word	LOADING RESOURCE SURFACE FROM DISK
4073715.879	Test_Phase.SEQUENCE.Word	LOADING RESOURCE SURFACE FROM DISK
4080829.122	Test_Phase.SEQUENCE.Word	LOADING RESOURCE SURFACE FROM DISK
4088845.909	Test_Phase.SEQUENCE.Word	LOADING RESOURCE SURFACE FROM DISK
4095912.439	Test_Phase.SEQUENCE.Word	LOADING RESOURCE SURFACE FROM DISK
4102946.068	Test_Phase.SEQUENCE.Word	LOADING RESOURCE SURFACE FROM DISK
4110145.89	Test_Phase.SEQUENCE.Word	LOADING RESOURCE SURFACE FROM DISK
4117179.328	Test_Phase.SEQUENCE.Word	LOADING RESOURCE SURFACE FROM DISK
4124212.575	Test_Phase.SEQUENCE.Word	LOADING RESOURCE SURFACE FROM DISK
4131862.802	Test_Phase.SEQUENCE.Word	LOADING RESOURCE SURFACE FROM DISK
4139845.858	Test_Phase.SEQUENCE.Word	LOADING RESOURCE SURFACE FROM DISK
4146845.825	Test_Phase.SEQUENCE.Word	LOADING RESOURCE SURFACE FROM DISK
4154196.004	Test_Phase.SEQUENCE.Word	LOADING RESOURCE SURFACE FROM DISK
4161245.921	Test_Phase.SEQUENCE.Word	LOADING RESOURCE SURFACE FROM DISK
4168295.817	Test_Phase.SEQUENCE.Word	LOADING RESOURCE SURFACE FROM DISK
4175295.947	Test_Phase.SEQUENCE.Word	LOADING RESOURCE SURFACE FROM DISK
4182879.259	Test_Phase.SEQUENCE.Word	LOADING RESOURCE SURFACE FROM DISK
4191212.577	Test_Phase.SEQUENCE.Word	LOADING RESOURCE SURFACE FROM DISK
4198279.289	Test_Phase.SEQUENCE.Word	LOADING RESOURCE SURFACE FROM DISK
4205445.87	Test_Phase.SEQUENCE.Word	LOADING RESOURCE SURFACE FROM DISK
4212479.256	Test_Phase.SEQUENCE.Word	LOADING RESOURCE SURFACE FROM DISK
4219612.575	Test_Phase.SEQUENCE.Word	LOADING RESOURCE SURFACE FROM DISK
4226679.337	Test_Phase.SEQUENCE.Word	LOADING RESOURCE SURFACE FROM DISK
4234045.96	Test_Phase.SEQUENCE.Word	LOADING RESOURCE SURFACE FROM DISK
4241128.514	Test_Phase.SEQUENCE.Word	LOADING RESOURCE SURFACE FROM DISK
4248112.604	Test_Phase.SEQUENCE.Word	LOADING RESOURCE SURFACE FROM DISK
4255979.302	Test_Phase.SEQUENCE.Word	LOADING RESOURCE SURFACE FROM DISK
4263029.273	Test_Phase.SEQUENCE.Word	LOADING RESOURCE SURFACE FROM DISK
4270379.209	Test_Phase.SEQUENCE.Word	LOADING RESOURCE SURFACE FROM DISK
4277445.857	Test_Phase.SEQUENCE.Word	LOADING RESOURCE SURFACE FROM DISK
4284495.918	Test_Phase.SEQUENCE.Word	LOADING RESOURCE SURFACE FROM DISK
4291845.979	Test_Phase.SEQUENCE.Word	LOADING RESOURCE SURFACE FROM DISK
4299062.715	Test_Phase.SEQUENCE.Word	LOADING RESOURCE SURFACE FROM DISK
4306162.557	Test_Phase.SEQUENCE.Word	LOADING RESOURCE SURFACE FROM DISK
4313295.982	Test_Phase.SEQUENCE.Word	LOADING RESOURCE SURFACE FROM DISK
4320829.319	Test_Phase.SEQUENCE.Word	LOADING RESOURCE SURFACE FROM DISK
4327829.221	Test_Phase.SEQUENCE.Word	LOADING RESOURCE SURFACE FROM DISK
4336012.608	Test_Phase.SEQUENCE.Word	LOADING RESOURCE SURFACE FROM DISK
4343129.275	Test_Phase.SEQUENCE.Word	LOADING RESOURCE SURFACE FROM DISK
4350179.139	Test_Phase.SEQUENCE.Word	LOADING RESOURCE SURFACE FROM DISK
4353744.516	DISPLAY_SCREEN	LOADING RESOURCE SURFACE FROM DISK
