4900.805	DISPLAY_SCREEN[1]	LOADING RESOURCE SURFACE FROM DISK
591486.22	Familiarization_Phase.SEQUENCE.Cue_and_Instruction	LOADING RESOURCE SURFACE FROM DISK
591498.323	Familiarization_Phase.SEQUENCE.Cue_and_Instruction	LOADING RESOURCE SURFACE FROM DISK
597546.649	Familiarization_Phase.SEQUENCE.Cue_and_Instruction	LOADING RESOURCE SURFACE FROM DISK
597551.117	Familiarization_Phase.SEQUENCE.Cue_and_Instruction	LOADING RESOURCE SURFACE FROM DISK
603597.08	Familiarization_Phase.SEQUENCE.Cue_and_Instruction	LOADING RESOURCE SURFACE FROM DISK
603875.788	Familiarization_Phase.SEQUENCE.Cue_and_Instruction	LOADING RESOURCE SURFACE FROM DISK
646029.455	DISPLAY_SCREEN[3]	LOADING RESOURCE SURFACE FROM DISK
648621.147	DISPLAY_SCREEN[5]	LOADING RESOURCE SURFACE FROM DISK
963375.362	Practice_Phase.SEQUENCE.Blink_Screen	LOADING RESOURCE SURFACE FROM DISK
963376.585	Practice_Phase.SEQUENCE.Blink_Screen	flip time is later than desired time. Desired Time=963126 Flip Time=963393 Retrace Rate=16.646, prepareTime=274 flip request time 963376
964618.457	Practice_Phase.SEQUENCE.Practice_Luminance_Cue	LOADING RESOURCE SURFACE FROM DISK
964634.762	Practice_Phase.SEQUENCE.Practice_Luminance_Cue	LOADING RESOURCE SURFACE FROM DISK
964636.298	Practice_Phase.SEQUENCE.Practice_Luminance_Cue	flip time is later than desired time. Desired Time=964593 Flip Time=964660 Retrace Rate=16.646, prepareTime=67 flip request time 964636
965174.013	Practice_Phase.SEQUENCE.DISPLAY_SCREEN	LOADING RESOURCE SURFACE FROM DISK
965176.219	Practice_Phase.SEQUENCE.DISPLAY_SCREEN	flip time is later than desired time. Desired Time=965160 Flip Time=965193 Retrace Rate=16.646, prepareTime=40 flip request time 965175
966705.182	Practice_Phase.SEQUENCE.Practice_Instruction	LOADING RESOURCE SURFACE FROM DISK
966706.682	Practice_Phase.SEQUENCE.Practice_Instruction	flip time is later than desired time. Desired Time=966693 Flip Time=966726 Retrace Rate=16.646, prepareTime=37 flip request time 966706
973291.831	Practice_Phase.SEQUENCE.DISPLAY_SCREEN	LOADING RESOURCE SURFACE FROM DISK
973293.711	Practice_Phase.SEQUENCE.DISPLAY_SCREEN	flip time is later than desired time. Desired Time=973293 Flip Time=973310 Retrace Rate=16.646, prepareTime=24 flip request time 973293
974829.569	Practice_Phase.SEQUENCE.Practice_Instruction	LOADING RESOURCE SURFACE FROM DISK
974831.123	Practice_Phase.SEQUENCE.Practice_Instruction	flip time is later than desired time. Desired Time=974810 Flip Time=974843 Retrace Rate=16.646, prepareTime=45 flip request time 974830
981428.688	Practice_Phase.SEQUENCE.DISPLAY_SCREEN	LOADING RESOURCE SURFACE FROM DISK
981430.463	Practice_Phase.SEQUENCE.DISPLAY_SCREEN	flip time is later than desired time. Desired Time=981410 Flip Time=981443 Retrace Rate=16.646, prepareTime=44 flip request time 981430
982962.625	Practice_Phase.SEQUENCE.Practice_Instruction	LOADING RESOURCE SURFACE FROM DISK
982964.163	Practice_Phase.SEQUENCE.Practice_Instruction	flip time is later than desired time. Desired Time=982943 Flip Time=982976 Retrace Rate=16.646, prepareTime=44 flip request time 982963
989524.678	Practice_Phase.SEQUENCE.DISPLAY_SCREEN	LOADING RESOURCE SURFACE FROM DISK
991057.929	Practice_Phase.SEQUENCE.Practice_Instruction	LOADING RESOURCE SURFACE FROM DISK
991059.399	Practice_Phase.SEQUENCE.Practice_Instruction	flip time is later than desired time. Desired Time=991043 Flip Time=991076 Retrace Rate=16.646, prepareTime=40 flip request time 991059
997624.418	Practice_Phase.SEQUENCE.DISPLAY_SCREEN	LOADING RESOURCE SURFACE FROM DISK
999156.48	Practice_Phase.SEQUENCE.Practice_Instruction	LOADING RESOURCE SURFACE FROM DISK
999157.947	Practice_Phase.SEQUENCE.Practice_Instruction	flip time is later than desired time. Desired Time=999143 Flip Time=999176 Retrace Rate=16.646, prepareTime=38 flip request time 999157
1005724.799	Practice_Phase.SEQUENCE.DISPLAY_SCREEN	LOADING RESOURCE SURFACE FROM DISK
1007263.718	Practice_Phase.SEQUENCE.Practice_Instruction	LOADING RESOURCE SURFACE FROM DISK
1007265.274	Practice_Phase.SEQUENCE.Practice_Instruction	flip time is later than desired time. Desired Time=1007243 Flip Time=1007276 Retrace Rate=16.646, prepareTime=46 flip request time 1007265
1013824.455	Practice_Phase.SEQUENCE.DISPLAY_SCREEN	LOADING RESOURCE SURFACE FROM DISK
1015390.457	Practice_Phase.SEQUENCE.Practice_Instruction	LOADING RESOURCE SURFACE FROM DISK
1015391.927	Practice_Phase.SEQUENCE.Practice_Instruction	flip time is later than desired time. Desired Time=1015343 Flip Time=1015410 Retrace Rate=16.646, prepareTime=72 flip request time 1015391
1021957.832	Practice_Phase.SEQUENCE.DISPLAY_SCREEN	LOADING RESOURCE SURFACE FROM DISK
1023494.95	Practice_Phase.SEQUENCE.Practice_Instruction	LOADING RESOURCE SURFACE FROM DISK
1023496.453	Practice_Phase.SEQUENCE.Practice_Instruction	flip time is later than desired time. Desired Time=1023476 Flip Time=1023510 Retrace Rate=16.646, prepareTime=43 flip request time 1023496
1030058.028	Practice_Phase.SEQUENCE.DISPLAY_SCREEN	LOADING RESOURCE SURFACE FROM DISK
1031555.014	Practice_Phase.SEQUENCE.Practice_Instruction	LOADING RESOURCE SURFACE FROM DISK
1036228.354	DISPLAY_SCREEN[2]	LOADING RESOURCE SURFACE FROM DISK
1144329.619	Study_Phase.SEQUENCE.Study_Instruction	LOADING RESOURCE SURFACE FROM DISK
1151083.023	Study_Phase.SEQUENCE.DISPLAY_SCREEN	LOADING RESOURCE SURFACE FROM DISK
1152630.099	Study_Phase.SEQUENCE.Study_Instruction	LOADING RESOURCE SURFACE FROM DISK
1160930.942	Study_Phase.SEQUENCE.Study_Instruction	LOADING RESOURCE SURFACE FROM DISK
1167682.759	Study_Phase.SEQUENCE.DISPLAY_SCREEN	LOADING RESOURCE SURFACE FROM DISK
1169230.289	Study_Phase.SEQUENCE.Study_Instruction	LOADING RESOURCE SURFACE FROM DISK
1175982.925	Study_Phase.SEQUENCE.DISPLAY_SCREEN	LOADING RESOURCE SURFACE FROM DISK
1177539.005	Study_Phase.SEQUENCE.Study_Instruction	LOADING RESOURCE SURFACE FROM DISK
1184299.415	Study_Phase.SEQUENCE.DISPLAY_SCREEN	LOADING RESOURCE SURFACE FROM DISK
1185869.528	Study_Phase.SEQUENCE.Study_Instruction	LOADING RESOURCE SURFACE FROM DISK
1192632.774	Study_Phase.SEQUENCE.DISPLAY_SCREEN	LOADING RESOURCE SURFACE FROM DISK
1194188.713	Study_Phase.SEQUENCE.Study_Instruction	LOADING RESOURCE SURFACE FROM DISK
1200949.528	Study_Phase.SEQUENCE.DISPLAY_SCREEN	LOADING RESOURCE SURFACE FROM DISK
1202504.031	Study_Phase.SEQUENCE.Study_Instruction	LOADING RESOURCE SURFACE FROM DISK
1209266.312	Study_Phase.SEQUENCE.DISPLAY_SCREEN	LOADING RESOURCE SURFACE FROM DISK
1210817.171	Study_Phase.SEQUENCE.Study_Instruction	LOADING RESOURCE SURFACE FROM DISK
1217566.234	Study_Phase.SEQUENCE.DISPLAY_SCREEN	LOADING RESOURCE SURFACE FROM DISK
1219114.951	Study_Phase.SEQUENCE.Study_Instruction	LOADING RESOURCE SURFACE FROM DISK
1227418.129	Study_Phase.SEQUENCE.Study_Instruction	LOADING RESOURCE SURFACE FROM DISK
1234199.428	Study_Phase.SEQUENCE.DISPLAY_SCREEN	LOADING RESOURCE SURFACE FROM DISK
1235750.383	Study_Phase.SEQUENCE.Study_Instruction	LOADING RESOURCE SURFACE FROM DISK
1244036.874	Study_Phase.SEQUENCE.Study_Instruction	LOADING RESOURCE SURFACE FROM DISK
1252338.636	Study_Phase.SEQUENCE.Study_Instruction	LOADING RESOURCE SURFACE FROM DISK
1260647.252	Study_Phase.SEQUENCE.Study_Instruction	LOADING RESOURCE SURFACE FROM DISK
1267399.525	Study_Phase.SEQUENCE.DISPLAY_SCREEN	LOADING RESOURCE SURFACE FROM DISK
1268948.603	Study_Phase.SEQUENCE.Study_Instruction	LOADING RESOURCE SURFACE FROM DISK
1277272.117	Study_Phase.SEQUENCE.Study_Instruction	LOADING RESOURCE SURFACE FROM DISK
1284032.927	Study_Phase.SEQUENCE.DISPLAY_SCREEN	LOADING RESOURCE SURFACE FROM DISK
1285581.616	Study_Phase.SEQUENCE.Study_Instruction	LOADING RESOURCE SURFACE FROM DISK
1292332.829	Study_Phase.SEQUENCE.DISPLAY_SCREEN	LOADING RESOURCE SURFACE FROM DISK
1293846.695	Study_Phase.SEQUENCE.Study_Instruction	LOADING RESOURCE SURFACE FROM DISK
1302148.346	Study_Phase.SEQUENCE.Study_Instruction	LOADING RESOURCE SURFACE FROM DISK
1308883.061	Study_Phase.SEQUENCE.DISPLAY_SCREEN	LOADING RESOURCE SURFACE FROM DISK
1310434.255	Study_Phase.SEQUENCE.Study_Instruction	LOADING RESOURCE SURFACE FROM DISK
1318735.937	Study_Phase.SEQUENCE.Study_Instruction	LOADING RESOURCE SURFACE FROM DISK
1327055.988	Study_Phase.SEQUENCE.Study_Instruction	LOADING RESOURCE SURFACE FROM DISK
1333816.023	Study_Phase.SEQUENCE.DISPLAY_SCREEN	LOADING RESOURCE SURFACE FROM DISK
1335364.327	Study_Phase.SEQUENCE.Study_Instruction	LOADING RESOURCE SURFACE FROM DISK
1343664.546	Study_Phase.SEQUENCE.Study_Instruction	LOADING RESOURCE SURFACE FROM DISK
1350416.141	Study_Phase.SEQUENCE.DISPLAY_SCREEN	LOADING RESOURCE SURFACE FROM DISK
1351966.807	Study_Phase.SEQUENCE.Study_Instruction	LOADING RESOURCE SURFACE FROM DISK
1360268.277	Study_Phase.SEQUENCE.Study_Instruction	LOADING RESOURCE SURFACE FROM DISK
1368588.317	Study_Phase.SEQUENCE.Study_Instruction	LOADING RESOURCE SURFACE FROM DISK
1375349.684	Study_Phase.SEQUENCE.DISPLAY_SCREEN	LOADING RESOURCE SURFACE FROM DISK
1376904.181	Study_Phase.SEQUENCE.Study_Instruction	LOADING RESOURCE SURFACE FROM DISK
1385200.694	Study_Phase.SEQUENCE.Study_Instruction	LOADING RESOURCE SURFACE FROM DISK
1391966.23	Study_Phase.SEQUENCE.DISPLAY_SCREEN	LOADING RESOURCE SURFACE FROM DISK
1393488.383	Study_Phase.SEQUENCE.Study_Instruction	LOADING RESOURCE SURFACE FROM DISK
1401800.578	Study_Phase.SEQUENCE.Study_Instruction	LOADING RESOURCE SURFACE FROM DISK
1408549.572	Study_Phase.SEQUENCE.DISPLAY_SCREEN	LOADING RESOURCE SURFACE FROM DISK
1410098.629	Study_Phase.SEQUENCE.Study_Instruction	LOADING RESOURCE SURFACE FROM DISK
1418397.833	Study_Phase.SEQUENCE.Study_Instruction	LOADING RESOURCE SURFACE FROM DISK
1425149.469	Study_Phase.SEQUENCE.DISPLAY_SCREEN	LOADING RESOURCE SURFACE FROM DISK
1426697.676	Study_Phase.SEQUENCE.Study_Instruction	LOADING RESOURCE SURFACE FROM DISK
1434999.684	Study_Phase.SEQUENCE.Study_Instruction	LOADING RESOURCE SURFACE FROM DISK
1443300.362	Study_Phase.SEQUENCE.Study_Instruction	LOADING RESOURCE SURFACE FROM DISK
1451596.984	Study_Phase.SEQUENCE.Study_Instruction	LOADING RESOURCE SURFACE FROM DISK
1458349.507	Study_Phase.SEQUENCE.DISPLAY_SCREEN	LOADING RESOURCE SURFACE FROM DISK
1459897.981	Study_Phase.SEQUENCE.Study_Instruction	LOADING RESOURCE SURFACE FROM DISK
1468182.616	Study_Phase.SEQUENCE.Study_Instruction	LOADING RESOURCE SURFACE FROM DISK
1474933.079	Study_Phase.SEQUENCE.DISPLAY_SCREEN	LOADING RESOURCE SURFACE FROM DISK
1476484.369	Study_Phase.SEQUENCE.Study_Instruction	LOADING RESOURCE SURFACE FROM DISK
1484781.297	Study_Phase.SEQUENCE.Study_Instruction	LOADING RESOURCE SURFACE FROM DISK
1491516.415	Study_Phase.SEQUENCE.DISPLAY_SCREEN	LOADING RESOURCE SURFACE FROM DISK
1493063.411	Study_Phase.SEQUENCE.Study_Instruction	LOADING RESOURCE SURFACE FROM DISK
1501351.572	Study_Phase.SEQUENCE.Study_Instruction	LOADING RESOURCE SURFACE FROM DISK
1508116.297	Study_Phase.SEQUENCE.DISPLAY_SCREEN	LOADING RESOURCE SURFACE FROM DISK
1509667.83	Study_Phase.SEQUENCE.Study_Instruction	LOADING RESOURCE SURFACE FROM DISK
1516432.916	Study_Phase.SEQUENCE.DISPLAY_SCREEN	LOADING RESOURCE SURFACE FROM DISK
1517983.137	Study_Phase.SEQUENCE.Study_Instruction	LOADING RESOURCE SURFACE FROM DISK
1526310.518	Study_Phase.SEQUENCE.Study_Instruction	LOADING RESOURCE SURFACE FROM DISK
1534621.317	Study_Phase.SEQUENCE.Study_Instruction	LOADING RESOURCE SURFACE FROM DISK
1542935.464	Study_Phase.SEQUENCE.Study_Instruction	LOADING RESOURCE SURFACE FROM DISK
1549699.545	Study_Phase.SEQUENCE.DISPLAY_SCREEN	LOADING RESOURCE SURFACE FROM DISK
1551251.35	Study_Phase.SEQUENCE.Study_Instruction	LOADING RESOURCE SURFACE FROM DISK
1559573.406	Study_Phase.SEQUENCE.Study_Instruction	LOADING RESOURCE SURFACE FROM DISK
1567880.621	Study_Phase.SEQUENCE.Study_Instruction	LOADING RESOURCE SURFACE FROM DISK
1574632.883	Study_Phase.SEQUENCE.DISPLAY_SCREEN	LOADING RESOURCE SURFACE FROM DISK
1576184.645	Study_Phase.SEQUENCE.Study_Instruction	LOADING RESOURCE SURFACE FROM DISK
1582932.884	Study_Phase.SEQUENCE.DISPLAY_SCREEN	LOADING RESOURCE SURFACE FROM DISK
1584483.616	Study_Phase.SEQUENCE.Study_Instruction	LOADING RESOURCE SURFACE FROM DISK
1592782.23	Study_Phase.SEQUENCE.Study_Instruction	LOADING RESOURCE SURFACE FROM DISK
1599532.774	Study_Phase.SEQUENCE.DISPLAY_SCREEN	LOADING RESOURCE SURFACE FROM DISK
1601046.791	Study_Phase.SEQUENCE.Study_Instruction	LOADING RESOURCE SURFACE FROM DISK
1609346.643	Study_Phase.SEQUENCE.Study_Instruction	LOADING RESOURCE SURFACE FROM DISK
1617612.986	Study_Phase.SEQUENCE.Study_Instruction	LOADING RESOURCE SURFACE FROM DISK
1624366.272	Study_Phase.SEQUENCE.DISPLAY_SCREEN	LOADING RESOURCE SURFACE FROM DISK
1625916.843	Study_Phase.SEQUENCE.Study_Instruction	LOADING RESOURCE SURFACE FROM DISK
1632665.976	Study_Phase.SEQUENCE.DISPLAY_SCREEN	LOADING RESOURCE SURFACE FROM DISK
1634221.884	Study_Phase.SEQUENCE.Study_Instruction	LOADING RESOURCE SURFACE FROM DISK
1640949.676	Study_Phase.SEQUENCE.DISPLAY_SCREEN	LOADING RESOURCE SURFACE FROM DISK
1642498.089	Study_Phase.SEQUENCE.Study_Instruction	LOADING RESOURCE SURFACE FROM DISK
1649249.458	Study_Phase.SEQUENCE.DISPLAY_SCREEN	LOADING RESOURCE SURFACE FROM DISK
1650779.686	Study_Phase.SEQUENCE.Study_Instruction	LOADING RESOURCE SURFACE FROM DISK
1659081.791	Study_Phase.SEQUENCE.Study_Instruction	LOADING RESOURCE SURFACE FROM DISK
1665833.031	Study_Phase.SEQUENCE.DISPLAY_SCREEN	LOADING RESOURCE SURFACE FROM DISK
1667380.853	Study_Phase.SEQUENCE.Study_Instruction	LOADING RESOURCE SURFACE FROM DISK
1674132.813	Study_Phase.SEQUENCE.DISPLAY_SCREEN	LOADING RESOURCE SURFACE FROM DISK
1675683.6	Study_Phase.SEQUENCE.Study_Instruction	LOADING RESOURCE SURFACE FROM DISK
1683989.676	Study_Phase.SEQUENCE.Study_Instruction	LOADING RESOURCE SURFACE FROM DISK
1692297.439	Study_Phase.SEQUENCE.Study_Instruction	LOADING RESOURCE SURFACE FROM DISK
1700598.802	Study_Phase.SEQUENCE.Study_Instruction	LOADING RESOURCE SURFACE FROM DISK
1707349.647	Study_Phase.SEQUENCE.DISPLAY_SCREEN	LOADING RESOURCE SURFACE FROM DISK
1708898.392	Study_Phase.SEQUENCE.Study_Instruction	LOADING RESOURCE SURFACE FROM DISK
1717162.942	Study_Phase.SEQUENCE.Study_Instruction	LOADING RESOURCE SURFACE FROM DISK
1723916.006	Study_Phase.SEQUENCE.DISPLAY_SCREEN	LOADING RESOURCE SURFACE FROM DISK
1725465.97	Study_Phase.SEQUENCE.Study_Instruction	LOADING RESOURCE SURFACE FROM DISK
1733729.613	Study_Phase.SEQUENCE.Study_Instruction	LOADING RESOURCE SURFACE FROM DISK
1740482.831	Study_Phase.SEQUENCE.DISPLAY_SCREEN	LOADING RESOURCE SURFACE FROM DISK
1742033.781	Study_Phase.SEQUENCE.Study_Instruction	LOADING RESOURCE SURFACE FROM DISK
1750296.849	Study_Phase.SEQUENCE.Study_Instruction	LOADING RESOURCE SURFACE FROM DISK
1757032.863	Study_Phase.SEQUENCE.DISPLAY_SCREEN	LOADING RESOURCE SURFACE FROM DISK
1758589.297	Study_Phase.SEQUENCE.Study_Instruction	LOADING RESOURCE SURFACE FROM DISK
1765349.386	Study_Phase.SEQUENCE.DISPLAY_SCREEN	LOADING RESOURCE SURFACE FROM DISK
1766906.525	Study_Phase.SEQUENCE.Study_Instruction	LOADING RESOURCE SURFACE FROM DISK
1775187.638	Study_Phase.SEQUENCE.Study_Instruction	LOADING RESOURCE SURFACE FROM DISK
1781949.7	Study_Phase.SEQUENCE.DISPLAY_SCREEN	LOADING RESOURCE SURFACE FROM DISK
1783529.343	Study_Phase.SEQUENCE.Study_Instruction	LOADING RESOURCE SURFACE FROM DISK
1790282.868	Study_Phase.SEQUENCE.DISPLAY_SCREEN	LOADING RESOURCE SURFACE FROM DISK
1791838.817	Study_Phase.SEQUENCE.Study_Instruction	LOADING RESOURCE SURFACE FROM DISK
1800153.912	Study_Phase.SEQUENCE.Study_Instruction	LOADING RESOURCE SURFACE FROM DISK
1806916.124	Study_Phase.SEQUENCE.DISPLAY_SCREEN	LOADING RESOURCE SURFACE FROM DISK
1808463.079	Study_Phase.SEQUENCE.Study_Instruction	LOADING RESOURCE SURFACE FROM DISK
1816766.307	Study_Phase.SEQUENCE.Study_Instruction	LOADING RESOURCE SURFACE FROM DISK
1823516.14	Study_Phase.SEQUENCE.DISPLAY_SCREEN	LOADING RESOURCE SURFACE FROM DISK
1825070.905	Study_Phase.SEQUENCE.Study_Instruction	LOADING RESOURCE SURFACE FROM DISK
1833388.042	Study_Phase.SEQUENCE.Study_Instruction	LOADING RESOURCE SURFACE FROM DISK
1840149.491	Study_Phase.SEQUENCE.DISPLAY_SCREEN	LOADING RESOURCE SURFACE FROM DISK
1841707.344	Study_Phase.SEQUENCE.Study_Instruction	LOADING RESOURCE SURFACE FROM DISK
1850016.439	Study_Phase.SEQUENCE.Study_Instruction	LOADING RESOURCE SURFACE FROM DISK
1858279.708	Study_Phase.SEQUENCE.Study_Instruction	LOADING RESOURCE SURFACE FROM DISK
1865032.854	Study_Phase.SEQUENCE.DISPLAY_SCREEN	LOADING RESOURCE SURFACE FROM DISK
1866547.009	Study_Phase.SEQUENCE.Study_Instruction	LOADING RESOURCE SURFACE FROM DISK
1874838.784	Study_Phase.SEQUENCE.Study_Instruction	LOADING RESOURCE SURFACE FROM DISK
1883150.666	Study_Phase.SEQUENCE.Study_Instruction	LOADING RESOURCE SURFACE FROM DISK
1889916.281	Study_Phase.SEQUENCE.DISPLAY_SCREEN	LOADING RESOURCE SURFACE FROM DISK
1891430.234	Study_Phase.SEQUENCE.Study_Instruction	LOADING RESOURCE SURFACE FROM DISK
1898182.898	Study_Phase.SEQUENCE.DISPLAY_SCREEN	LOADING RESOURCE SURFACE FROM DISK
1899733.203	Study_Phase.SEQUENCE.Study_Instruction	LOADING RESOURCE SURFACE FROM DISK
1906466.06	Study_Phase.SEQUENCE.DISPLAY_SCREEN	LOADING RESOURCE SURFACE FROM DISK
1908014.391	Study_Phase.SEQUENCE.Study_Instruction	LOADING RESOURCE SURFACE FROM DISK
1916319.395	Study_Phase.SEQUENCE.Study_Instruction	LOADING RESOURCE SURFACE FROM DISK
1923082.852	Study_Phase.SEQUENCE.DISPLAY_SCREEN	LOADING RESOURCE SURFACE FROM DISK
1924637.959	Study_Phase.SEQUENCE.Study_Instruction	LOADING RESOURCE SURFACE FROM DISK
1931399.571	Study_Phase.SEQUENCE.DISPLAY_SCREEN	LOADING RESOURCE SURFACE FROM DISK
1932948.009	Study_Phase.SEQUENCE.Study_Instruction	LOADING RESOURCE SURFACE FROM DISK
1941256.709	Study_Phase.SEQUENCE.Study_Instruction	LOADING RESOURCE SURFACE FROM DISK
1949573.175	Study_Phase.SEQUENCE.Study_Instruction	LOADING RESOURCE SURFACE FROM DISK
1956332.922	Study_Phase.SEQUENCE.DISPLAY_SCREEN	LOADING RESOURCE SURFACE FROM DISK
1957881.166	Study_Phase.SEQUENCE.Study_Instruction	LOADING RESOURCE SURFACE FROM DISK
1966170.55	Study_Phase.SEQUENCE.Study_Instruction	LOADING RESOURCE SURFACE FROM DISK
1974446.332	Study_Phase.SEQUENCE.Study_Instruction	LOADING RESOURCE SURFACE FROM DISK
1982713.389	Study_Phase.SEQUENCE.Study_Instruction	LOADING RESOURCE SURFACE FROM DISK
1989466.242	Study_Phase.SEQUENCE.DISPLAY_SCREEN	LOADING RESOURCE SURFACE FROM DISK
1990980.202	Study_Phase.SEQUENCE.Study_Instruction	LOADING RESOURCE SURFACE FROM DISK
1999289.604	Study_Phase.SEQUENCE.Study_Instruction	LOADING RESOURCE SURFACE FROM DISK
2006049.525	Study_Phase.SEQUENCE.DISPLAY_SCREEN	LOADING RESOURCE SURFACE FROM DISK
2007598.499	Study_Phase.SEQUENCE.Study_Instruction	LOADING RESOURCE SURFACE FROM DISK
2014332.95	Study_Phase.SEQUENCE.DISPLAY_SCREEN	LOADING RESOURCE SURFACE FROM DISK
2015888.855	Study_Phase.SEQUENCE.Study_Instruction	LOADING RESOURCE SURFACE FROM DISK
2022632.91	Study_Phase.SEQUENCE.DISPLAY_SCREEN	LOADING RESOURCE SURFACE FROM DISK
2024192.946	Study_Phase.SEQUENCE.Study_Instruction	LOADING RESOURCE SURFACE FROM DISK
2030999.425	Study_Phase.SEQUENCE.DISPLAY_SCREEN	LOADING RESOURCE SURFACE FROM DISK
2032556.645	Study_Phase.SEQUENCE.Study_Instruction	LOADING RESOURCE SURFACE FROM DISK
2039316.196	Study_Phase.SEQUENCE.DISPLAY_SCREEN	LOADING RESOURCE SURFACE FROM DISK
2040869.709	Study_Phase.SEQUENCE.Study_Instruction	LOADING RESOURCE SURFACE FROM DISK
2049185.139	Study_Phase.SEQUENCE.Study_Instruction	LOADING RESOURCE SURFACE FROM DISK
2057500.232	Study_Phase.SEQUENCE.Study_Instruction	LOADING RESOURCE SURFACE FROM DISK
2065798.631	Study_Phase.SEQUENCE.Study_Instruction	LOADING RESOURCE SURFACE FROM DISK
2074102.711	Study_Phase.SEQUENCE.Study_Instruction	LOADING RESOURCE SURFACE FROM DISK
2080866.24	Study_Phase.SEQUENCE.DISPLAY_SCREEN	LOADING RESOURCE SURFACE FROM DISK
2082415.405	Study_Phase.SEQUENCE.Study_Instruction	LOADING RESOURCE SURFACE FROM DISK
2089166.083	Study_Phase.SEQUENCE.DISPLAY_SCREEN	LOADING RESOURCE SURFACE FROM DISK
2090713.98	Study_Phase.SEQUENCE.Study_Instruction	LOADING RESOURCE SURFACE FROM DISK
2099021.72	Study_Phase.SEQUENCE.Study_Instruction	LOADING RESOURCE SURFACE FROM DISK
2105749.529	Study_Phase.SEQUENCE.DISPLAY_SCREEN	LOADING RESOURCE SURFACE FROM DISK
2107303.759	Study_Phase.SEQUENCE.Study_Instruction	LOADING RESOURCE SURFACE FROM DISK
2115622.987	Study_Phase.SEQUENCE.Study_Instruction	LOADING RESOURCE SURFACE FROM DISK
2122382.782	Study_Phase.SEQUENCE.DISPLAY_SCREEN	LOADING RESOURCE SURFACE FROM DISK
2123931.251	Study_Phase.SEQUENCE.Study_Instruction	LOADING RESOURCE SURFACE FROM DISK
2132264.496	Study_Phase.SEQUENCE.Study_Instruction	LOADING RESOURCE SURFACE FROM DISK
2136980.879	DISPLAY_SCREEN[7]	LOADING RESOURCE SURFACE FROM DISK
2373123.319	Test_Phase.SEQUENCE.Target_Cue	LOADING RESOURCE SURFACE FROM DISK
2373125.309	Test_Phase.SEQUENCE.Target_Cue	LOADING RESOURCE SURFACE FROM DISK
2375146.251	Test_Phase.SEQUENCE.Word	LOADING RESOURCE SURFACE FROM DISK
2378197.417	Test_Phase.SEQUENCE.Test_Question	LOADING RESOURCE SURFACE FROM DISK
2378214.356	Test_Phase.SEQUENCE.Test_Question	LOADING RESOURCE SURFACE FROM DISK
2378228.607	Test_Phase.SEQUENCE.Test_Question	LOADING RESOURCE SURFACE FROM DISK
2378239.682	Test_Phase.SEQUENCE.Test_Question	LOADING RESOURCE SURFACE FROM DISK
2378258.727	Test_Phase.SEQUENCE.Test_Question	LOADING RESOURCE SURFACE FROM DISK
2378260.561	Test_Phase.SEQUENCE.Test_Question	LOADING RESOURCE SURFACE FROM DISK
2378262.348	Test_Phase.SEQUENCE.Test_Question	LOADING RESOURCE SURFACE FROM DISK
2378273.272	Test_Phase.SEQUENCE.Test_Question	LOADING RESOURCE SURFACE FROM DISK
2378275.032	Test_Phase.SEQUENCE.Test_Question	LOADING RESOURCE SURFACE FROM DISK
2378287.757	Test_Phase.SEQUENCE.Test_Question	LOADING RESOURCE SURFACE FROM DISK
2378301.452	Test_Phase.SEQUENCE.Test_Question	LOADING RESOURCE SURFACE FROM DISK
2378303.238	Test_Phase.SEQUENCE.Test_Question	LOADING RESOURCE SURFACE FROM DISK
2387469.777	Test_Phase.SEQUENCE.Word	LOADING RESOURCE SURFACE FROM DISK
2396003.937	Test_Phase.SEQUENCE.Word	LOADING RESOURCE SURFACE FROM DISK
2404600.978	Test_Phase.SEQUENCE.Word	LOADING RESOURCE SURFACE FROM DISK
2413170.838	Test_Phase.SEQUENCE.Word	LOADING RESOURCE SURFACE FROM DISK
2424712.957	Test_Phase.SEQUENCE.Word	LOADING RESOURCE SURFACE FROM DISK
2434729.503	Test_Phase.SEQUENCE.Word	LOADING RESOURCE SURFACE FROM DISK
2444796.445	Test_Phase.SEQUENCE.Word	LOADING RESOURCE SURFACE FROM DISK
2453419.618	Test_Phase.SEQUENCE.Word	LOADING RESOURCE SURFACE FROM DISK
2461596.385	Test_Phase.SEQUENCE.Word	LOADING RESOURCE SURFACE FROM DISK
2471479.608	Test_Phase.SEQUENCE.Word	LOADING RESOURCE SURFACE FROM DISK
2482946.133	Test_Phase.SEQUENCE.Word	LOADING RESOURCE SURFACE FROM DISK
2491513.023	Test_Phase.SEQUENCE.Word	LOADING RESOURCE SURFACE FROM DISK
2500617.022	Test_Phase.SEQUENCE.Word	LOADING RESOURCE SURFACE FROM DISK
2509164.686	Test_Phase.SEQUENCE.Word	LOADING RESOURCE SURFACE FROM DISK
2517513.003	Test_Phase.SEQUENCE.Word	LOADING RESOURCE SURFACE FROM DISK
2525796.252	Test_Phase.SEQUENCE.Word	LOADING RESOURCE SURFACE FROM DISK
2534696.277	Test_Phase.SEQUENCE.Word	LOADING RESOURCE SURFACE FROM DISK
2542806.839	Test_Phase.SEQUENCE.Word	LOADING RESOURCE SURFACE FROM DISK
2550929.533	Test_Phase.SEQUENCE.Word	LOADING RESOURCE SURFACE FROM DISK
2560046.112	Test_Phase.SEQUENCE.Word	LOADING RESOURCE SURFACE FROM DISK
2569213.108	Test_Phase.SEQUENCE.Word	LOADING RESOURCE SURFACE FROM DISK
2578813.165	Test_Phase.SEQUENCE.Word	LOADING RESOURCE SURFACE FROM DISK
2587529.347	Test_Phase.SEQUENCE.Word	LOADING RESOURCE SURFACE FROM DISK
2597897.513	Test_Phase.SEQUENCE.Word	LOADING RESOURCE SURFACE FROM DISK
2607550.781	Test_Phase.SEQUENCE.Word	LOADING RESOURCE SURFACE FROM DISK
2617083.709	Test_Phase.SEQUENCE.Word	LOADING RESOURCE SURFACE FROM DISK
2626679.449	Test_Phase.SEQUENCE.Word	LOADING RESOURCE SURFACE FROM DISK
2638162.767	Test_Phase.SEQUENCE.Word	LOADING RESOURCE SURFACE FROM DISK
2648079.633	Test_Phase.SEQUENCE.Word	LOADING RESOURCE SURFACE FROM DISK
2656937.14	Test_Phase.SEQUENCE.Word	LOADING RESOURCE SURFACE FROM DISK
2665317.346	Test_Phase.SEQUENCE.Word	LOADING RESOURCE SURFACE FROM DISK
2675179.485	Test_Phase.SEQUENCE.Word	LOADING RESOURCE SURFACE FROM DISK
2684929.553	Test_Phase.SEQUENCE.Word	LOADING RESOURCE SURFACE FROM DISK
2693613.031	Test_Phase.SEQUENCE.Word	LOADING RESOURCE SURFACE FROM DISK
2702388.935	Test_Phase.SEQUENCE.Word	LOADING RESOURCE SURFACE FROM DISK
2710496.209	Test_Phase.SEQUENCE.Word	LOADING RESOURCE SURFACE FROM DISK
2718714.338	Test_Phase.SEQUENCE.Word	LOADING RESOURCE SURFACE FROM DISK
2727296.318	Test_Phase.SEQUENCE.Word	LOADING RESOURCE SURFACE FROM DISK
2736329.68	Test_Phase.SEQUENCE.Word	LOADING RESOURCE SURFACE FROM DISK
2746134.275	Test_Phase.SEQUENCE.Word	LOADING RESOURCE SURFACE FROM DISK
2754647.341	Test_Phase.SEQUENCE.Word	LOADING RESOURCE SURFACE FROM DISK
2762901.07	Test_Phase.SEQUENCE.Word	LOADING RESOURCE SURFACE FROM DISK
2771628.769	Test_Phase.SEQUENCE.Word	LOADING RESOURCE SURFACE FROM DISK
2780867.082	Test_Phase.SEQUENCE.Word	LOADING RESOURCE SURFACE FROM DISK
2789096.405	Test_Phase.SEQUENCE.Word	LOADING RESOURCE SURFACE FROM DISK
2797996.216	Test_Phase.SEQUENCE.Word	LOADING RESOURCE SURFACE FROM DISK
2807679.409	Test_Phase.SEQUENCE.Word	LOADING RESOURCE SURFACE FROM DISK
2816865.685	Test_Phase.SEQUENCE.Word	LOADING RESOURCE SURFACE FROM DISK
2825229.482	Test_Phase.SEQUENCE.Word	LOADING RESOURCE SURFACE FROM DISK
2835512.756	Test_Phase.SEQUENCE.Word	LOADING RESOURCE SURFACE FROM DISK
2846129.627	Test_Phase.SEQUENCE.Word	LOADING RESOURCE SURFACE FROM DISK
2854696.246	Test_Phase.SEQUENCE.Word	LOADING RESOURCE SURFACE FROM DISK
2863141.641	Test_Phase.SEQUENCE.Word	LOADING RESOURCE SURFACE FROM DISK
2871279.688	Test_Phase.SEQUENCE.Word	LOADING RESOURCE SURFACE FROM DISK
2882018.528	Test_Phase.SEQUENCE.Word	LOADING RESOURCE SURFACE FROM DISK
2894329.6	Test_Phase.SEQUENCE.Word	LOADING RESOURCE SURFACE FROM DISK
2902671.864	Test_Phase.SEQUENCE.Word	LOADING RESOURCE SURFACE FROM DISK
2913812.747	Test_Phase.SEQUENCE.Word	LOADING RESOURCE SURFACE FROM DISK
2924252.796	Test_Phase.SEQUENCE.Word	LOADING RESOURCE SURFACE FROM DISK
2933063.138	Test_Phase.SEQUENCE.Word	LOADING RESOURCE SURFACE FROM DISK
2941264.891	Test_Phase.SEQUENCE.Word	LOADING RESOURCE SURFACE FROM DISK
2949880.612	Test_Phase.SEQUENCE.Word	LOADING RESOURCE SURFACE FROM DISK
2957970.665	Test_Phase.SEQUENCE.Word	LOADING RESOURCE SURFACE FROM DISK
2966229.585	Test_Phase.SEQUENCE.Word	LOADING RESOURCE SURFACE FROM DISK
2975796.215	Test_Phase.SEQUENCE.Word	LOADING RESOURCE SURFACE FROM DISK
2983812.962	Test_Phase.SEQUENCE.Word	LOADING RESOURCE SURFACE FROM DISK
2991996.405	Test_Phase.SEQUENCE.Word	LOADING RESOURCE SURFACE FROM DISK
3001713.117	Test_Phase.SEQUENCE.Word	LOADING RESOURCE SURFACE FROM DISK
3010104.454	Test_Phase.SEQUENCE.Word	LOADING RESOURCE SURFACE FROM DISK
3019079.7	Test_Phase.SEQUENCE.Word	LOADING RESOURCE SURFACE FROM DISK
3028413.042	Test_Phase.SEQUENCE.Word	LOADING RESOURCE SURFACE FROM DISK
3037430.528	Test_Phase.SEQUENCE.Word	LOADING RESOURCE SURFACE FROM DISK
3045907.198	Test_Phase.SEQUENCE.Word	LOADING RESOURCE SURFACE FROM DISK
3054079.581	Test_Phase.SEQUENCE.Word	LOADING RESOURCE SURFACE FROM DISK
3063412.894	Test_Phase.SEQUENCE.Word	LOADING RESOURCE SURFACE FROM DISK
3073829.573	Test_Phase.SEQUENCE.Word	LOADING RESOURCE SURFACE FROM DISK
3090014.013	Test_Phase.SEQUENCE.Word	LOADING RESOURCE SURFACE FROM DISK
3099934.324	Test_Phase.SEQUENCE.Word	LOADING RESOURCE SURFACE FROM DISK
3111912.865	Test_Phase.SEQUENCE.Word	LOADING RESOURCE SURFACE FROM DISK
3120587.205	Test_Phase.SEQUENCE.Word	LOADING RESOURCE SURFACE FROM DISK
3129153.259	Test_Phase.SEQUENCE.Word	LOADING RESOURCE SURFACE FROM DISK
3138070.195	Test_Phase.SEQUENCE.Word	LOADING RESOURCE SURFACE FROM DISK
3146363.137	Test_Phase.SEQUENCE.Word	LOADING RESOURCE SURFACE FROM DISK
3154532.44	Test_Phase.SEQUENCE.Word	LOADING RESOURCE SURFACE FROM DISK
3167165.873	Test_Phase.SEQUENCE.Word	LOADING RESOURCE SURFACE FROM DISK
3175079.749	Test_Phase.SEQUENCE.Word	LOADING RESOURCE SURFACE FROM DISK
3184329.463	Test_Phase.SEQUENCE.Word	LOADING RESOURCE SURFACE FROM DISK
3193740.942	Test_Phase.SEQUENCE.Word	LOADING RESOURCE SURFACE FROM DISK
3205846.255	Test_Phase.SEQUENCE.Word	LOADING RESOURCE SURFACE FROM DISK
3215762.993	Test_Phase.SEQUENCE.Word	LOADING RESOURCE SURFACE FROM DISK
3223662.798	Test_Phase.SEQUENCE.Word	LOADING RESOURCE SURFACE FROM DISK
3232334.534	Test_Phase.SEQUENCE.Word	LOADING RESOURCE SURFACE FROM DISK
3240800.445	Test_Phase.SEQUENCE.Word	LOADING RESOURCE SURFACE FROM DISK
3249312.784	Test_Phase.SEQUENCE.Word	LOADING RESOURCE SURFACE FROM DISK
3258132.63	Test_Phase.SEQUENCE.Word	LOADING RESOURCE SURFACE FROM DISK
3267816.812	Test_Phase.SEQUENCE.Word	LOADING RESOURCE SURFACE FROM DISK
3278146.102	Test_Phase.SEQUENCE.Word	LOADING RESOURCE SURFACE FROM DISK
3287869.354	Test_Phase.SEQUENCE.Word	LOADING RESOURCE SURFACE FROM DISK
3296796.249	Test_Phase.SEQUENCE.Word	LOADING RESOURCE SURFACE FROM DISK
3304779.53	Test_Phase.SEQUENCE.Word	LOADING RESOURCE SURFACE FROM DISK
3315042.136	Test_Phase.SEQUENCE.Word	LOADING RESOURCE SURFACE FROM DISK
3324113.019	Test_Phase.SEQUENCE.Word	LOADING RESOURCE SURFACE FROM DISK
3333906.7	Test_Phase.SEQUENCE.Word	LOADING RESOURCE SURFACE FROM DISK
3341930.06	Test_Phase.SEQUENCE.Word	LOADING RESOURCE SURFACE FROM DISK
3351038.621	Test_Phase.SEQUENCE.Word	LOADING RESOURCE SURFACE FROM DISK
3360913.342	Test_Phase.SEQUENCE.Word	LOADING RESOURCE SURFACE FROM DISK
3372284.728	Test_Phase.SEQUENCE.Word	LOADING RESOURCE SURFACE FROM DISK
3380029.659	Test_Phase.SEQUENCE.Word	LOADING RESOURCE SURFACE FROM DISK
3388079.702	Test_Phase.SEQUENCE.Word	LOADING RESOURCE SURFACE FROM DISK
3396579.405	Test_Phase.SEQUENCE.Word	LOADING RESOURCE SURFACE FROM DISK
3405371.336	Test_Phase.SEQUENCE.Word	LOADING RESOURCE SURFACE FROM DISK
3414246.419	Test_Phase.SEQUENCE.Word	LOADING RESOURCE SURFACE FROM DISK
3422863.105	Test_Phase.SEQUENCE.Word	LOADING RESOURCE SURFACE FROM DISK
3434062.969	Test_Phase.SEQUENCE.Word	LOADING RESOURCE SURFACE FROM DISK
3443546.12	Test_Phase.SEQUENCE.Word	LOADING RESOURCE SURFACE FROM DISK
3451898.968	Test_Phase.SEQUENCE.Word	LOADING RESOURCE SURFACE FROM DISK
3460096.303	Test_Phase.SEQUENCE.Word	LOADING RESOURCE SURFACE FROM DISK
3470502.46	Test_Phase.SEQUENCE.Word	LOADING RESOURCE SURFACE FROM DISK
3478812.977	Test_Phase.SEQUENCE.Word	LOADING RESOURCE SURFACE FROM DISK
3487000.783	Test_Phase.SEQUENCE.Word	LOADING RESOURCE SURFACE FROM DISK
3495463.008	Test_Phase.SEQUENCE.Word	LOADING RESOURCE SURFACE FROM DISK
3503613.136	Test_Phase.SEQUENCE.Word	LOADING RESOURCE SURFACE FROM DISK
3512312.961	Test_Phase.SEQUENCE.Word	LOADING RESOURCE SURFACE FROM DISK
3522150.196	Test_Phase.SEQUENCE.Word	LOADING RESOURCE SURFACE FROM DISK
3530988.834	Test_Phase.SEQUENCE.Word	LOADING RESOURCE SURFACE FROM DISK
3539362.886	Test_Phase.SEQUENCE.Word	LOADING RESOURCE SURFACE FROM DISK
3549213.085	Test_Phase.SEQUENCE.Word	LOADING RESOURCE SURFACE FROM DISK
3559229.565	Test_Phase.SEQUENCE.Word	LOADING RESOURCE SURFACE FROM DISK
3568401.6	Test_Phase.SEQUENCE.Word	LOADING RESOURCE SURFACE FROM DISK
3580132.048	Test_Phase.SEQUENCE.Word	LOADING RESOURCE SURFACE FROM DISK
3592613.124	Test_Phase.SEQUENCE.Word	LOADING RESOURCE SURFACE FROM DISK
3601454.342	Test_Phase.SEQUENCE.Word	LOADING RESOURCE SURFACE FROM DISK
3614230.0	Test_Phase.SEQUENCE.Word	LOADING RESOURCE SURFACE FROM DISK
3625864.615	Test_Phase.SEQUENCE.Word	LOADING RESOURCE SURFACE FROM DISK
3637262.874	Test_Phase.SEQUENCE.Word	LOADING RESOURCE SURFACE FROM DISK
3647012.981	Test_Phase.SEQUENCE.Word	LOADING RESOURCE SURFACE FROM DISK
3655412.929	Test_Phase.SEQUENCE.Word	LOADING RESOURCE SURFACE FROM DISK
3663862.905	Test_Phase.SEQUENCE.Word	LOADING RESOURCE SURFACE FROM DISK
3672613.011	Test_Phase.SEQUENCE.Word	LOADING RESOURCE SURFACE FROM DISK
3682912.931	Test_Phase.SEQUENCE.Word	LOADING RESOURCE SURFACE FROM DISK
3694219.855	Test_Phase.SEQUENCE.Word	LOADING RESOURCE SURFACE FROM DISK
3703108.193	Test_Phase.SEQUENCE.Word	LOADING RESOURCE SURFACE FROM DISK
3712622.301	Test_Phase.SEQUENCE.Word	LOADING RESOURCE SURFACE FROM DISK
3721320.712	Test_Phase.SEQUENCE.Word	LOADING RESOURCE SURFACE FROM DISK
3731062.889	Test_Phase.SEQUENCE.Word	LOADING RESOURCE SURFACE FROM DISK
3740079.677	Test_Phase.SEQUENCE.Word	LOADING RESOURCE SURFACE FROM DISK
3748848.775	Test_Phase.SEQUENCE.Word	LOADING RESOURCE SURFACE FROM DISK
3757946.456	Test_Phase.SEQUENCE.Word	LOADING RESOURCE SURFACE FROM DISK
3768103.919	Test_Phase.SEQUENCE.Word	LOADING RESOURCE SURFACE FROM DISK
3777846.217	Test_Phase.SEQUENCE.Word	LOADING RESOURCE SURFACE FROM DISK
3786729.543	Test_Phase.SEQUENCE.Word	LOADING RESOURCE SURFACE FROM DISK
3795135.717	Test_Phase.SEQUENCE.Word	LOADING RESOURCE SURFACE FROM DISK
3804847.064	Test_Phase.SEQUENCE.Word	LOADING RESOURCE SURFACE FROM DISK
3813279.947	Test_Phase.SEQUENCE.Word	LOADING RESOURCE SURFACE FROM DISK
3821979.701	Test_Phase.SEQUENCE.Word	LOADING RESOURCE SURFACE FROM DISK
3830496.257	Test_Phase.SEQUENCE.Word	LOADING RESOURCE SURFACE FROM DISK
3839062.9	Test_Phase.SEQUENCE.Word	LOADING RESOURCE SURFACE FROM DISK
3849229.531	Test_Phase.SEQUENCE.Word	LOADING RESOURCE SURFACE FROM DISK
3860247.473	Test_Phase.SEQUENCE.Word	LOADING RESOURCE SURFACE FROM DISK
3869446.387	Test_Phase.SEQUENCE.Word	LOADING RESOURCE SURFACE FROM DISK
3878363.028	Test_Phase.SEQUENCE.Word	LOADING RESOURCE SURFACE FROM DISK
3887262.942	Test_Phase.SEQUENCE.Word	LOADING RESOURCE SURFACE FROM DISK
3895396.268	Test_Phase.SEQUENCE.Word	LOADING RESOURCE SURFACE FROM DISK
3903955.416	Test_Phase.SEQUENCE.Word	LOADING RESOURCE SURFACE FROM DISK
3912489.382	Test_Phase.SEQUENCE.Word	LOADING RESOURCE SURFACE FROM DISK
3921329.687	Test_Phase.SEQUENCE.Word	LOADING RESOURCE SURFACE FROM DISK
3929465.497	Test_Phase.SEQUENCE.Word	LOADING RESOURCE SURFACE FROM DISK
3938729.448	Test_Phase.SEQUENCE.Word	LOADING RESOURCE SURFACE FROM DISK
3947313.043	Test_Phase.SEQUENCE.Word	LOADING RESOURCE SURFACE FROM DISK
3957131.073	Test_Phase.SEQUENCE.Word	LOADING RESOURCE SURFACE FROM DISK
3965263.187	Test_Phase.SEQUENCE.Word	LOADING RESOURCE SURFACE FROM DISK
3975662.932	Test_Phase.SEQUENCE.Word	LOADING RESOURCE SURFACE FROM DISK
3984446.13	Test_Phase.SEQUENCE.Word	LOADING RESOURCE SURFACE FROM DISK
3994629.613	Test_Phase.SEQUENCE.Word	LOADING RESOURCE SURFACE FROM DISK
4002513.097	Test_Phase.SEQUENCE.Word	LOADING RESOURCE SURFACE FROM DISK
4010862.931	Test_Phase.SEQUENCE.Word	LOADING RESOURCE SURFACE FROM DISK
4019063.075	Test_Phase.SEQUENCE.Word	LOADING RESOURCE SURFACE FROM DISK
4027235.686	Test_Phase.SEQUENCE.Word	LOADING RESOURCE SURFACE FROM DISK
4035638.175	Test_Phase.SEQUENCE.Word	LOADING RESOURCE SURFACE FROM DISK
4044329.446	Test_Phase.SEQUENCE.Word	LOADING RESOURCE SURFACE FROM DISK
4052512.916	Test_Phase.SEQUENCE.Word	LOADING RESOURCE SURFACE FROM DISK
4060779.687	Test_Phase.SEQUENCE.Word	LOADING RESOURCE SURFACE FROM DISK
4069213.167	Test_Phase.SEQUENCE.Word	LOADING RESOURCE SURFACE FROM DISK
4077481.287	Test_Phase.SEQUENCE.Word	LOADING RESOURCE SURFACE FROM DISK
4085763.315	Test_Phase.SEQUENCE.Word	LOADING RESOURCE SURFACE FROM DISK
4095562.862	Test_Phase.SEQUENCE.Word	LOADING RESOURCE SURFACE FROM DISK
4104179.52	Test_Phase.SEQUENCE.Word	LOADING RESOURCE SURFACE FROM DISK
4112013.093	Test_Phase.SEQUENCE.Word	LOADING RESOURCE SURFACE FROM DISK
4120514.301	Test_Phase.SEQUENCE.Word	LOADING RESOURCE SURFACE FROM DISK
4128589.603	Test_Phase.SEQUENCE.Word	LOADING RESOURCE SURFACE FROM DISK
4136763.172	Test_Phase.SEQUENCE.Word	LOADING RESOURCE SURFACE FROM DISK
4145213.104	Test_Phase.SEQUENCE.Word	LOADING RESOURCE SURFACE FROM DISK
4153966.486	Test_Phase.SEQUENCE.Word	LOADING RESOURCE SURFACE FROM DISK
4162546.334	Test_Phase.SEQUENCE.Word	LOADING RESOURCE SURFACE FROM DISK
4172946.419	Test_Phase.SEQUENCE.Word	LOADING RESOURCE SURFACE FROM DISK
4181620.904	Test_Phase.SEQUENCE.Word	LOADING RESOURCE SURFACE FROM DISK
4190879.623	Test_Phase.SEQUENCE.Word	LOADING RESOURCE SURFACE FROM DISK
4198846.161	Test_Phase.SEQUENCE.Word	LOADING RESOURCE SURFACE FROM DISK
4204460.038	DISPLAY_SCREEN	LOADING RESOURCE SURFACE FROM DISK
