5345.345	DISPLAY_SCREEN[1]	LOADING RESOURCE SURFACE FROM DISK
264840.749	Familiarization_Phase.SEQUENCE.Cue_and_Instruction	LOADING RESOURCE SURFACE FROM DISK
264855.467	Familiarization_Phase.SEQUENCE.Cue_and_Instruction	LOADING RESOURCE SURFACE FROM DISK
270894.746	Familiarization_Phase.SEQUENCE.Cue_and_Instruction	LOADING RESOURCE SURFACE FROM DISK
270899.635	Familiarization_Phase.SEQUENCE.Cue_and_Instruction	LOADING RESOURCE SURFACE FROM DISK
276979.496	Familiarization_Phase.SEQUENCE.Cue_and_Instruction	LOADING RESOURCE SURFACE FROM DISK
276997.258	Familiarization_Phase.SEQUENCE.Cue_and_Instruction	LOADING RESOURCE SURFACE FROM DISK
319406.536	DISPLAY_SCREEN[3]	LOADING RESOURCE SURFACE FROM DISK
322387.006	DISPLAY_SCREEN[5]	LOADING RESOURCE SURFACE FROM DISK
491580.824	Practice_Phase.SEQUENCE.Blink_Screen	LOADING RESOURCE SURFACE FROM DISK
491581.94	Practice_Phase.SEQUENCE.Blink_Screen	flip time is later than desired time. Desired Time=491324 Flip Time=491591 Retrace Rate=16.641, prepareTime=281 flip request time 491581
492811.158	Practice_Phase.SEQUENCE.Practice_Luminance_Cue	LOADING RESOURCE SURFACE FROM DISK
492824.365	Practice_Phase.SEQUENCE.Practice_Luminance_Cue	LOADING RESOURCE SURFACE FROM DISK
492825.936	Practice_Phase.SEQUENCE.Practice_Luminance_Cue	flip time is later than desired time. Desired Time=492791 Flip Time=492841 Retrace Rate=16.641, prepareTime=58 flip request time 492825
493363.799	Practice_Phase.SEQUENCE.DISPLAY_SCREEN	LOADING RESOURCE SURFACE FROM DISK
493365.8	Practice_Phase.SEQUENCE.DISPLAY_SCREEN	flip time is later than desired time. Desired Time=493341 Flip Time=493374 Retrace Rate=16.641, prepareTime=48 flip request time 493365
494895.196	Practice_Phase.SEQUENCE.Practice_Instruction	LOADING RESOURCE SURFACE FROM DISK
494896.702	Practice_Phase.SEQUENCE.Practice_Instruction	flip time is later than desired time. Desired Time=494874 Flip Time=494908 Retrace Rate=16.641, prepareTime=46 flip request time 494896
501471.141	Practice_Phase.SEQUENCE.DISPLAY_SCREEN	LOADING RESOURCE SURFACE FROM DISK
501472.996	Practice_Phase.SEQUENCE.DISPLAY_SCREEN	flip time is later than desired time. Desired Time=501474 Flip Time=501491 Retrace Rate=16.641, prepareTime=22 flip request time 501472
503022.201	Practice_Phase.SEQUENCE.Practice_Instruction	LOADING RESOURCE SURFACE FROM DISK
503023.618	Practice_Phase.SEQUENCE.Practice_Instruction	flip time is later than desired time. Desired Time=502991 Flip Time=503041 Retrace Rate=16.641, prepareTime=56 flip request time 503023
509632.392	Practice_Phase.SEQUENCE.DISPLAY_SCREEN	LOADING RESOURCE SURFACE FROM DISK
509634.238	Practice_Phase.SEQUENCE.DISPLAY_SCREEN	flip time is later than desired time. Desired Time=509608 Flip Time=509658 Retrace Rate=16.641, prepareTime=50 flip request time 509633
511136.131	Practice_Phase.SEQUENCE.Practice_Instruction	LOADING RESOURCE SURFACE FROM DISK
517705.816	Practice_Phase.SEQUENCE.DISPLAY_SCREEN	LOADING RESOURCE SURFACE FROM DISK
519240.476	Practice_Phase.SEQUENCE.Practice_Instruction	LOADING RESOURCE SURFACE FROM DISK
519242.054	Practice_Phase.SEQUENCE.Practice_Instruction	flip time is later than desired time. Desired Time=519224 Flip Time=519258 Retrace Rate=16.641, prepareTime=41 flip request time 519241
525805.691	Practice_Phase.SEQUENCE.DISPLAY_SCREEN	LOADING RESOURCE SURFACE FROM DISK
527337.965	Practice_Phase.SEQUENCE.Practice_Instruction	LOADING RESOURCE SURFACE FROM DISK
527339.368	Practice_Phase.SEQUENCE.Practice_Instruction	flip time is later than desired time. Desired Time=527324 Flip Time=527358 Retrace Rate=16.641, prepareTime=38 flip request time 527339
533906.034	Practice_Phase.SEQUENCE.DISPLAY_SCREEN	LOADING RESOURCE SURFACE FROM DISK
535445.192	Practice_Phase.SEQUENCE.Practice_Instruction	LOADING RESOURCE SURFACE FROM DISK
535446.62	Practice_Phase.SEQUENCE.Practice_Instruction	flip time is later than desired time. Desired Time=535424 Flip Time=535458 Retrace Rate=16.641, prepareTime=46 flip request time 535446
542005.785	Practice_Phase.SEQUENCE.DISPLAY_SCREEN	LOADING RESOURCE SURFACE FROM DISK
543538.577	Practice_Phase.SEQUENCE.Practice_Instruction	LOADING RESOURCE SURFACE FROM DISK
543540.084	Practice_Phase.SEQUENCE.Practice_Instruction	flip time is later than desired time. Desired Time=543524 Flip Time=543558 Retrace Rate=16.641, prepareTime=39 flip request time 543539
550106.0	Practice_Phase.SEQUENCE.DISPLAY_SCREEN	LOADING RESOURCE SURFACE FROM DISK
551643.042	Practice_Phase.SEQUENCE.Practice_Instruction	LOADING RESOURCE SURFACE FROM DISK
551644.494	Practice_Phase.SEQUENCE.Practice_Instruction	flip time is later than desired time. Desired Time=551624 Flip Time=551658 Retrace Rate=16.641, prepareTime=44 flip request time 551644
558205.78	Practice_Phase.SEQUENCE.DISPLAY_SCREEN	LOADING RESOURCE SURFACE FROM DISK
559703.182	Practice_Phase.SEQUENCE.Practice_Instruction	LOADING RESOURCE SURFACE FROM DISK
564376.496	DISPLAY_SCREEN[2]	LOADING RESOURCE SURFACE FROM DISK
763784.024	Study_Phase.SEQUENCE.Study_Instruction	LOADING RESOURCE SURFACE FROM DISK
770547.393	Study_Phase.SEQUENCE.DISPLAY_SCREEN	LOADING RESOURCE SURFACE FROM DISK
772103.818	Study_Phase.SEQUENCE.Study_Instruction	LOADING RESOURCE SURFACE FROM DISK
778864.239	Study_Phase.SEQUENCE.DISPLAY_SCREEN	LOADING RESOURCE SURFACE FROM DISK
780419.42	Study_Phase.SEQUENCE.Study_Instruction	LOADING RESOURCE SURFACE FROM DISK
788737.605	Study_Phase.SEQUENCE.Study_Instruction	LOADING RESOURCE SURFACE FROM DISK
797047.784	Study_Phase.SEQUENCE.Study_Instruction	LOADING RESOURCE SURFACE FROM DISK
805351.984	Study_Phase.SEQUENCE.Study_Instruction	LOADING RESOURCE SURFACE FROM DISK
813627.566	Study_Phase.SEQUENCE.Study_Instruction	LOADING RESOURCE SURFACE FROM DISK
820380.777	Study_Phase.SEQUENCE.DISPLAY_SCREEN	LOADING RESOURCE SURFACE FROM DISK
821935.765	Study_Phase.SEQUENCE.Study_Instruction	LOADING RESOURCE SURFACE FROM DISK
830250.181	Study_Phase.SEQUENCE.Study_Instruction	LOADING RESOURCE SURFACE FROM DISK
837014.121	Study_Phase.SEQUENCE.DISPLAY_SCREEN	LOADING RESOURCE SURFACE FROM DISK
838561.61	Study_Phase.SEQUENCE.Study_Instruction	LOADING RESOURCE SURFACE FROM DISK
846867.683	Study_Phase.SEQUENCE.Study_Instruction	LOADING RESOURCE SURFACE FROM DISK
853630.557	Study_Phase.SEQUENCE.DISPLAY_SCREEN	LOADING RESOURCE SURFACE FROM DISK
855178.433	Study_Phase.SEQUENCE.Study_Instruction	LOADING RESOURCE SURFACE FROM DISK
863467.296	Study_Phase.SEQUENCE.Study_Instruction	LOADING RESOURCE SURFACE FROM DISK
870230.8	Study_Phase.SEQUENCE.DISPLAY_SCREEN	LOADING RESOURCE SURFACE FROM DISK
871787.503	Study_Phase.SEQUENCE.Study_Instruction	LOADING RESOURCE SURFACE FROM DISK
880094.707	Study_Phase.SEQUENCE.Study_Instruction	LOADING RESOURCE SURFACE FROM DISK
886847.359	Study_Phase.SEQUENCE.DISPLAY_SCREEN	LOADING RESOURCE SURFACE FROM DISK
888403.339	Study_Phase.SEQUENCE.Study_Instruction	LOADING RESOURCE SURFACE FROM DISK
896680.539	Study_Phase.SEQUENCE.Study_Instruction	LOADING RESOURCE SURFACE FROM DISK
904984.02	Study_Phase.SEQUENCE.Study_Instruction	LOADING RESOURCE SURFACE FROM DISK
911747.398	Study_Phase.SEQUENCE.DISPLAY_SCREEN	LOADING RESOURCE SURFACE FROM DISK
913296.001	Study_Phase.SEQUENCE.Study_Instruction	LOADING RESOURCE SURFACE FROM DISK
921602.069	Study_Phase.SEQUENCE.Study_Instruction	LOADING RESOURCE SURFACE FROM DISK
929912.201	Study_Phase.SEQUENCE.Study_Instruction	LOADING RESOURCE SURFACE FROM DISK
936664.173	Study_Phase.SEQUENCE.DISPLAY_SCREEN	LOADING RESOURCE SURFACE FROM DISK
938215.277	Study_Phase.SEQUENCE.Study_Instruction	LOADING RESOURCE SURFACE FROM DISK
944964.101	Study_Phase.SEQUENCE.DISPLAY_SCREEN	LOADING RESOURCE SURFACE FROM DISK
946520.034	Study_Phase.SEQUENCE.Study_Instruction	LOADING RESOURCE SURFACE FROM DISK
953280.634	Study_Phase.SEQUENCE.DISPLAY_SCREEN	LOADING RESOURCE SURFACE FROM DISK
954836.505	Study_Phase.SEQUENCE.Study_Instruction	LOADING RESOURCE SURFACE FROM DISK
963155.683	Study_Phase.SEQUENCE.Study_Instruction	LOADING RESOURCE SURFACE FROM DISK
969914.09	Study_Phase.SEQUENCE.DISPLAY_SCREEN	LOADING RESOURCE SURFACE FROM DISK
971467.233	Study_Phase.SEQUENCE.Study_Instruction	LOADING RESOURCE SURFACE FROM DISK
979785.367	Study_Phase.SEQUENCE.Study_Instruction	LOADING RESOURCE SURFACE FROM DISK
988104.729	Study_Phase.SEQUENCE.Study_Instruction	LOADING RESOURCE SURFACE FROM DISK
994864.139	Study_Phase.SEQUENCE.DISPLAY_SCREEN	LOADING RESOURCE SURFACE FROM DISK
996412.343	Study_Phase.SEQUENCE.Study_Instruction	LOADING RESOURCE SURFACE FROM DISK
1004700.358	Study_Phase.SEQUENCE.Study_Instruction	LOADING RESOURCE SURFACE FROM DISK
1013012.923	Study_Phase.SEQUENCE.Study_Instruction	LOADING RESOURCE SURFACE FROM DISK
1019763.974	Study_Phase.SEQUENCE.DISPLAY_SCREEN	LOADING RESOURCE SURFACE FROM DISK
1021320.576	Study_Phase.SEQUENCE.Study_Instruction	LOADING RESOURCE SURFACE FROM DISK
1029634.733	Study_Phase.SEQUENCE.Study_Instruction	LOADING RESOURCE SURFACE FROM DISK
1036397.494	Study_Phase.SEQUENCE.DISPLAY_SCREEN	LOADING RESOURCE SURFACE FROM DISK
1037950.097	Study_Phase.SEQUENCE.Study_Instruction	LOADING RESOURCE SURFACE FROM DISK
1046268.29	Study_Phase.SEQUENCE.Study_Instruction	LOADING RESOURCE SURFACE FROM DISK
1054587.868	Study_Phase.SEQUENCE.Study_Instruction	LOADING RESOURCE SURFACE FROM DISK
1061347.446	Study_Phase.SEQUENCE.DISPLAY_SCREEN	LOADING RESOURCE SURFACE FROM DISK
1062904.418	Study_Phase.SEQUENCE.Study_Instruction	LOADING RESOURCE SURFACE FROM DISK
1071241.139	Study_Phase.SEQUENCE.Study_Instruction	LOADING RESOURCE SURFACE FROM DISK
1077980.771	Study_Phase.SEQUENCE.DISPLAY_SCREEN	LOADING RESOURCE SURFACE FROM DISK
1079494.583	Study_Phase.SEQUENCE.Study_Instruction	LOADING RESOURCE SURFACE FROM DISK
1087804.408	Study_Phase.SEQUENCE.Study_Instruction	LOADING RESOURCE SURFACE FROM DISK
1096119.275	Study_Phase.SEQUENCE.Study_Instruction	LOADING RESOURCE SURFACE FROM DISK
1102880.74	Study_Phase.SEQUENCE.DISPLAY_SCREEN	LOADING RESOURCE SURFACE FROM DISK
1104394.644	Study_Phase.SEQUENCE.Study_Instruction	LOADING RESOURCE SURFACE FROM DISK
1112685.26	Study_Phase.SEQUENCE.Study_Instruction	LOADING RESOURCE SURFACE FROM DISK
1119447.343	Study_Phase.SEQUENCE.DISPLAY_SCREEN	LOADING RESOURCE SURFACE FROM DISK
1120961.37	Study_Phase.SEQUENCE.Study_Instruction	LOADING RESOURCE SURFACE FROM DISK
1127713.977	Study_Phase.SEQUENCE.DISPLAY_SCREEN	LOADING RESOURCE SURFACE FROM DISK
1129263.556	Study_Phase.SEQUENCE.Study_Instruction	LOADING RESOURCE SURFACE FROM DISK
1137562.374	Study_Phase.SEQUENCE.Study_Instruction	LOADING RESOURCE SURFACE FROM DISK
1145868.706	Study_Phase.SEQUENCE.Study_Instruction	LOADING RESOURCE SURFACE FROM DISK
1154186.449	Study_Phase.SEQUENCE.Study_Instruction	LOADING RESOURCE SURFACE FROM DISK
1160947.439	Study_Phase.SEQUENCE.DISPLAY_SCREEN	LOADING RESOURCE SURFACE FROM DISK
1162496.078	Study_Phase.SEQUENCE.Study_Instruction	LOADING RESOURCE SURFACE FROM DISK
1169230.804	Study_Phase.SEQUENCE.DISPLAY_SCREEN	LOADING RESOURCE SURFACE FROM DISK
1170780.019	Study_Phase.SEQUENCE.Study_Instruction	LOADING RESOURCE SURFACE FROM DISK
1177530.753	Study_Phase.SEQUENCE.DISPLAY_SCREEN	LOADING RESOURCE SURFACE FROM DISK
1179079.579	Study_Phase.SEQUENCE.Study_Instruction	LOADING RESOURCE SURFACE FROM DISK
1187381.283	Study_Phase.SEQUENCE.Study_Instruction	LOADING RESOURCE SURFACE FROM DISK
1195644.728	Study_Phase.SEQUENCE.Study_Instruction	LOADING RESOURCE SURFACE FROM DISK
1203928.662	Study_Phase.SEQUENCE.Study_Instruction	LOADING RESOURCE SURFACE FROM DISK
1210680.934	Study_Phase.SEQUENCE.DISPLAY_SCREEN	LOADING RESOURCE SURFACE FROM DISK
1212233.391	Study_Phase.SEQUENCE.Study_Instruction	LOADING RESOURCE SURFACE FROM DISK
1220552.985	Study_Phase.SEQUENCE.Study_Instruction	LOADING RESOURCE SURFACE FROM DISK
1228862.007	Study_Phase.SEQUENCE.Study_Instruction	LOADING RESOURCE SURFACE FROM DISK
1237160.874	Study_Phase.SEQUENCE.Study_Instruction	LOADING RESOURCE SURFACE FROM DISK
1245469.952	Study_Phase.SEQUENCE.Study_Instruction	LOADING RESOURCE SURFACE FROM DISK
1252230.785	Study_Phase.SEQUENCE.DISPLAY_SCREEN	LOADING RESOURCE SURFACE FROM DISK
1253782.44	Study_Phase.SEQUENCE.Study_Instruction	LOADING RESOURCE SURFACE FROM DISK
1262124.468	Study_Phase.SEQUENCE.Study_Instruction	LOADING RESOURCE SURFACE FROM DISK
1268880.74	Study_Phase.SEQUENCE.DISPLAY_SCREEN	LOADING RESOURCE SURFACE FROM DISK
1270437.442	Study_Phase.SEQUENCE.Study_Instruction	LOADING RESOURCE SURFACE FROM DISK
1278753.179	Study_Phase.SEQUENCE.Study_Instruction	LOADING RESOURCE SURFACE FROM DISK
1287066.641	Study_Phase.SEQUENCE.Study_Instruction	LOADING RESOURCE SURFACE FROM DISK
1295363.497	Study_Phase.SEQUENCE.Study_Instruction	LOADING RESOURCE SURFACE FROM DISK
1302114.118	Study_Phase.SEQUENCE.DISPLAY_SCREEN	LOADING RESOURCE SURFACE FROM DISK
1303669.144	Study_Phase.SEQUENCE.Study_Instruction	LOADING RESOURCE SURFACE FROM DISK
1311981.376	Study_Phase.SEQUENCE.Study_Instruction	LOADING RESOURCE SURFACE FROM DISK
1318730.639	Study_Phase.SEQUENCE.DISPLAY_SCREEN	LOADING RESOURCE SURFACE FROM DISK
1320244.645	Study_Phase.SEQUENCE.Study_Instruction	LOADING RESOURCE SURFACE FROM DISK
1328545.341	Study_Phase.SEQUENCE.Study_Instruction	LOADING RESOURCE SURFACE FROM DISK
1336846.168	Study_Phase.SEQUENCE.Study_Instruction	LOADING RESOURCE SURFACE FROM DISK
1345153.677	Study_Phase.SEQUENCE.Study_Instruction	LOADING RESOURCE SURFACE FROM DISK
1351914.092	Study_Phase.SEQUENCE.DISPLAY_SCREEN	LOADING RESOURCE SURFACE FROM DISK
1353467.152	Study_Phase.SEQUENCE.Study_Instruction	LOADING RESOURCE SURFACE FROM DISK
1360230.73	Study_Phase.SEQUENCE.DISPLAY_SCREEN	LOADING RESOURCE SURFACE FROM DISK
1361784.405	Study_Phase.SEQUENCE.Study_Instruction	LOADING RESOURCE SURFACE FROM DISK
1368547.577	Study_Phase.SEQUENCE.DISPLAY_SCREEN	LOADING RESOURCE SURFACE FROM DISK
1370103.813	Study_Phase.SEQUENCE.Study_Instruction	LOADING RESOURCE SURFACE FROM DISK
1376863.963	Study_Phase.SEQUENCE.DISPLAY_SCREEN	LOADING RESOURCE SURFACE FROM DISK
1378410.459	Study_Phase.SEQUENCE.Study_Instruction	LOADING RESOURCE SURFACE FROM DISK
1386711.675	Study_Phase.SEQUENCE.Study_Instruction	LOADING RESOURCE SURFACE FROM DISK
1394995.32	Study_Phase.SEQUENCE.Study_Instruction	LOADING RESOURCE SURFACE FROM DISK
1403298.444	Study_Phase.SEQUENCE.Study_Instruction	LOADING RESOURCE SURFACE FROM DISK
1411583.103	Study_Phase.SEQUENCE.Study_Instruction	LOADING RESOURCE SURFACE FROM DISK
1418347.467	Study_Phase.SEQUENCE.DISPLAY_SCREEN	LOADING RESOURCE SURFACE FROM DISK
1419898.449	Study_Phase.SEQUENCE.Study_Instruction	LOADING RESOURCE SURFACE FROM DISK
1428160.665	Study_Phase.SEQUENCE.Study_Instruction	LOADING RESOURCE SURFACE FROM DISK
1436450.711	Study_Phase.SEQUENCE.Study_Instruction	LOADING RESOURCE SURFACE FROM DISK
1444750.558	Study_Phase.SEQUENCE.Study_Instruction	LOADING RESOURCE SURFACE FROM DISK
1451514.095	Study_Phase.SEQUENCE.DISPLAY_SCREEN	LOADING RESOURCE SURFACE FROM DISK
1453028.278	Study_Phase.SEQUENCE.Study_Instruction	LOADING RESOURCE SURFACE FROM DISK
1461336.25	Study_Phase.SEQUENCE.Study_Instruction	LOADING RESOURCE SURFACE FROM DISK
1469651.684	Study_Phase.SEQUENCE.Study_Instruction	LOADING RESOURCE SURFACE FROM DISK
1476414.118	Study_Phase.SEQUENCE.DISPLAY_SCREEN	LOADING RESOURCE SURFACE FROM DISK
1477968.789	Study_Phase.SEQUENCE.Study_Instruction	LOADING RESOURCE SURFACE FROM DISK
1484730.823	Study_Phase.SEQUENCE.DISPLAY_SCREEN	LOADING RESOURCE SURFACE FROM DISK
1486279.92	Study_Phase.SEQUENCE.Study_Instruction	LOADING RESOURCE SURFACE FROM DISK
1494579.548	Study_Phase.SEQUENCE.Study_Instruction	LOADING RESOURCE SURFACE FROM DISK
1502879.435	Study_Phase.SEQUENCE.Study_Instruction	LOADING RESOURCE SURFACE FROM DISK
1509613.973	Study_Phase.SEQUENCE.DISPLAY_SCREEN	LOADING RESOURCE SURFACE FROM DISK
1511170.44	Study_Phase.SEQUENCE.Study_Instruction	LOADING RESOURCE SURFACE FROM DISK
1519483.765	Study_Phase.SEQUENCE.Study_Instruction	LOADING RESOURCE SURFACE FROM DISK
1526247.332	Study_Phase.SEQUENCE.DISPLAY_SCREEN	LOADING RESOURCE SURFACE FROM DISK
1527761.35	Study_Phase.SEQUENCE.Study_Instruction	LOADING RESOURCE SURFACE FROM DISK
1534514.261	Study_Phase.SEQUENCE.DISPLAY_SCREEN	LOADING RESOURCE SURFACE FROM DISK
1536063.348	Study_Phase.SEQUENCE.Study_Instruction	LOADING RESOURCE SURFACE FROM DISK
1544366.81	Study_Phase.SEQUENCE.Study_Instruction	LOADING RESOURCE SURFACE FROM DISK
1551130.979	Study_Phase.SEQUENCE.DISPLAY_SCREEN	LOADING RESOURCE SURFACE FROM DISK
1552644.892	Study_Phase.SEQUENCE.Study_Instruction	LOADING RESOURCE SURFACE FROM DISK
1560938.69	Study_Phase.SEQUENCE.Study_Instruction	LOADING RESOURCE SURFACE FROM DISK
1569248.105	Study_Phase.SEQUENCE.Study_Instruction	LOADING RESOURCE SURFACE FROM DISK
1575997.408	Study_Phase.SEQUENCE.DISPLAY_SCREEN	LOADING RESOURCE SURFACE FROM DISK
1577511.36	Study_Phase.SEQUENCE.Study_Instruction	LOADING RESOURCE SURFACE FROM DISK
1585810.789	Study_Phase.SEQUENCE.Study_Instruction	LOADING RESOURCE SURFACE FROM DISK
1594115.462	Study_Phase.SEQUENCE.Study_Instruction	LOADING RESOURCE SURFACE FROM DISK
1602394.698	Study_Phase.SEQUENCE.Study_Instruction	LOADING RESOURCE SURFACE FROM DISK
1609130.76	Study_Phase.SEQUENCE.DISPLAY_SCREEN	LOADING RESOURCE SURFACE FROM DISK
1610700.68	Study_Phase.SEQUENCE.Study_Instruction	LOADING RESOURCE SURFACE FROM DISK
1617464.153	Study_Phase.SEQUENCE.DISPLAY_SCREEN	LOADING RESOURCE SURFACE FROM DISK
1618978.084	Study_Phase.SEQUENCE.Study_Instruction	LOADING RESOURCE SURFACE FROM DISK
1627282.567	Study_Phase.SEQUENCE.Study_Instruction	LOADING RESOURCE SURFACE FROM DISK
1634030.739	Study_Phase.SEQUENCE.DISPLAY_SCREEN	LOADING RESOURCE SURFACE FROM DISK
1635581.331	Study_Phase.SEQUENCE.Study_Instruction	LOADING RESOURCE SURFACE FROM DISK
1643879.297	Study_Phase.SEQUENCE.Study_Instruction	LOADING RESOURCE SURFACE FROM DISK
1650630.887	Study_Phase.SEQUENCE.DISPLAY_SCREEN	LOADING RESOURCE SURFACE FROM DISK
1652189.733	Study_Phase.SEQUENCE.Study_Instruction	LOADING RESOURCE SURFACE FROM DISK
1658947.398	Study_Phase.SEQUENCE.DISPLAY_SCREEN	LOADING RESOURCE SURFACE FROM DISK
1660503.451	Study_Phase.SEQUENCE.Study_Instruction	LOADING RESOURCE SURFACE FROM DISK
1668812.767	Study_Phase.SEQUENCE.Study_Instruction	LOADING RESOURCE SURFACE FROM DISK
1675564.122	Study_Phase.SEQUENCE.DISPLAY_SCREEN	LOADING RESOURCE SURFACE FROM DISK
1677117.053	Study_Phase.SEQUENCE.Study_Instruction	LOADING RESOURCE SURFACE FROM DISK
1683880.634	Study_Phase.SEQUENCE.DISPLAY_SCREEN	LOADING RESOURCE SURFACE FROM DISK
1685430.148	Study_Phase.SEQUENCE.Study_Instruction	LOADING RESOURCE SURFACE FROM DISK
1693729.077	Study_Phase.SEQUENCE.Study_Instruction	LOADING RESOURCE SURFACE FROM DISK
1702019.159	Study_Phase.SEQUENCE.Study_Instruction	LOADING RESOURCE SURFACE FROM DISK
1708780.662	Study_Phase.SEQUENCE.DISPLAY_SCREEN	LOADING RESOURCE SURFACE FROM DISK
1710334.457	Study_Phase.SEQUENCE.Study_Instruction	LOADING RESOURCE SURFACE FROM DISK
1717097.267	Study_Phase.SEQUENCE.DISPLAY_SCREEN	LOADING RESOURCE SURFACE FROM DISK
1718654.051	Study_Phase.SEQUENCE.Study_Instruction	LOADING RESOURCE SURFACE FROM DISK
1726963.273	Study_Phase.SEQUENCE.Study_Instruction	LOADING RESOURCE SURFACE FROM DISK
1735245.76	Study_Phase.SEQUENCE.Study_Instruction	LOADING RESOURCE SURFACE FROM DISK
1741997.547	Study_Phase.SEQUENCE.DISPLAY_SCREEN	LOADING RESOURCE SURFACE FROM DISK
1743547.232	Study_Phase.SEQUENCE.Study_Instruction	LOADING RESOURCE SURFACE FROM DISK
1751845.455	Study_Phase.SEQUENCE.Study_Instruction	LOADING RESOURCE SURFACE FROM DISK
1756558.441	DISPLAY_SCREEN[7]	LOADING RESOURCE SURFACE FROM DISK
2017814.718	Test_Phase.SEQUENCE.Target_Cue	LOADING RESOURCE SURFACE FROM DISK
2017818.207	Test_Phase.SEQUENCE.Target_Cue	LOADING RESOURCE SURFACE FROM DISK
2019886.451	Test_Phase.SEQUENCE.Word	LOADING RESOURCE SURFACE FROM DISK
2022910.779	Test_Phase.SEQUENCE.Test_Question	LOADING RESOURCE SURFACE FROM DISK
2022946.457	Test_Phase.SEQUENCE.Test_Question	LOADING RESOURCE SURFACE FROM DISK
2022960.75	Test_Phase.SEQUENCE.Test_Question	LOADING RESOURCE SURFACE FROM DISK
2022971.814	Test_Phase.SEQUENCE.Test_Question	LOADING RESOURCE SURFACE FROM DISK
2022973.741	Test_Phase.SEQUENCE.Test_Question	LOADING RESOURCE SURFACE FROM DISK
2022975.607	Test_Phase.SEQUENCE.Test_Question	LOADING RESOURCE SURFACE FROM DISK
2022982.885	Test_Phase.SEQUENCE.Test_Question	LOADING RESOURCE SURFACE FROM DISK
2022994.277	Test_Phase.SEQUENCE.Test_Question	LOADING RESOURCE SURFACE FROM DISK
2022995.999	Test_Phase.SEQUENCE.Test_Question	LOADING RESOURCE SURFACE FROM DISK
2023008.753	Test_Phase.SEQUENCE.Test_Question	LOADING RESOURCE SURFACE FROM DISK
2023022.439	Test_Phase.SEQUENCE.Test_Question	LOADING RESOURCE SURFACE FROM DISK
2023024.15	Test_Phase.SEQUENCE.Test_Question	LOADING RESOURCE SURFACE FROM DISK
2028260.734	Test_Phase.SEQUENCE.Word	LOADING RESOURCE SURFACE FROM DISK
2035944.085	Test_Phase.SEQUENCE.Word	LOADING RESOURCE SURFACE FROM DISK
2044794.182	Test_Phase.SEQUENCE.Word	LOADING RESOURCE SURFACE FROM DISK
2052677.429	Test_Phase.SEQUENCE.Word	LOADING RESOURCE SURFACE FROM DISK
2060844.184	Test_Phase.SEQUENCE.Word	LOADING RESOURCE SURFACE FROM DISK
2068179.381	Test_Phase.SEQUENCE.Word	LOADING RESOURCE SURFACE FROM DISK
2077020.164	Test_Phase.SEQUENCE.Word	LOADING RESOURCE SURFACE FROM DISK
2086435.239	Test_Phase.SEQUENCE.Word	LOADING RESOURCE SURFACE FROM DISK
2094827.095	Test_Phase.SEQUENCE.Word	LOADING RESOURCE SURFACE FROM DISK
2102144.077	Test_Phase.SEQUENCE.Word	LOADING RESOURCE SURFACE FROM DISK
2109331.184	Test_Phase.SEQUENCE.Word	LOADING RESOURCE SURFACE FROM DISK
2117013.242	Test_Phase.SEQUENCE.Word	LOADING RESOURCE SURFACE FROM DISK
2124377.815	Test_Phase.SEQUENCE.Word	LOADING RESOURCE SURFACE FROM DISK
2132244.266	Test_Phase.SEQUENCE.Word	LOADING RESOURCE SURFACE FROM DISK
2140221.354	Test_Phase.SEQUENCE.Word	LOADING RESOURCE SURFACE FROM DISK
2147627.32	Test_Phase.SEQUENCE.Word	LOADING RESOURCE SURFACE FROM DISK
2155799.244	Test_Phase.SEQUENCE.Word	LOADING RESOURCE SURFACE FROM DISK
2163977.33	Test_Phase.SEQUENCE.Word	LOADING RESOURCE SURFACE FROM DISK
2171869.454	Test_Phase.SEQUENCE.Word	LOADING RESOURCE SURFACE FROM DISK
2179794.166	Test_Phase.SEQUENCE.Word	LOADING RESOURCE SURFACE FROM DISK
2187944.303	Test_Phase.SEQUENCE.Word	LOADING RESOURCE SURFACE FROM DISK
2196097.72	Test_Phase.SEQUENCE.Word	LOADING RESOURCE SURFACE FROM DISK
2203827.564	Test_Phase.SEQUENCE.Word	LOADING RESOURCE SURFACE FROM DISK
2211962.128	Test_Phase.SEQUENCE.Word	LOADING RESOURCE SURFACE FROM DISK
2219610.856	Test_Phase.SEQUENCE.Word	LOADING RESOURCE SURFACE FROM DISK
2226767.295	Test_Phase.SEQUENCE.Word	LOADING RESOURCE SURFACE FROM DISK
2234960.734	Test_Phase.SEQUENCE.Word	LOADING RESOURCE SURFACE FROM DISK
2243011.096	Test_Phase.SEQUENCE.Word	LOADING RESOURCE SURFACE FROM DISK
2250710.847	Test_Phase.SEQUENCE.Word	LOADING RESOURCE SURFACE FROM DISK
2259010.809	Test_Phase.SEQUENCE.Word	LOADING RESOURCE SURFACE FROM DISK
2266779.688	Test_Phase.SEQUENCE.Word	LOADING RESOURCE SURFACE FROM DISK
2274798.402	Test_Phase.SEQUENCE.Word	LOADING RESOURCE SURFACE FROM DISK
2283317.267	Test_Phase.SEQUENCE.Word	LOADING RESOURCE SURFACE FROM DISK
2291682.144	Test_Phase.SEQUENCE.Word	LOADING RESOURCE SURFACE FROM DISK
2299560.784	Test_Phase.SEQUENCE.Word	LOADING RESOURCE SURFACE FROM DISK
2307743.618	Test_Phase.SEQUENCE.Word	LOADING RESOURCE SURFACE FROM DISK
2315861.731	Test_Phase.SEQUENCE.Word	LOADING RESOURCE SURFACE FROM DISK
2323914.769	Test_Phase.SEQUENCE.Word	LOADING RESOURCE SURFACE FROM DISK
2333127.339	Test_Phase.SEQUENCE.Word	LOADING RESOURCE SURFACE FROM DISK
2340860.873	Test_Phase.SEQUENCE.Word	LOADING RESOURCE SURFACE FROM DISK
2348679.992	Test_Phase.SEQUENCE.Word	LOADING RESOURCE SURFACE FROM DISK
2356294.066	Test_Phase.SEQUENCE.Word	LOADING RESOURCE SURFACE FROM DISK
2364644.384	Test_Phase.SEQUENCE.Word	LOADING RESOURCE SURFACE FROM DISK
2372300.282	Test_Phase.SEQUENCE.Word	LOADING RESOURCE SURFACE FROM DISK
2380179.086	Test_Phase.SEQUENCE.Word	LOADING RESOURCE SURFACE FROM DISK
2387861.109	Test_Phase.SEQUENCE.Word	LOADING RESOURCE SURFACE FROM DISK
2395094.179	Test_Phase.SEQUENCE.Word	LOADING RESOURCE SURFACE FROM DISK
2402833.804	Test_Phase.SEQUENCE.Word	LOADING RESOURCE SURFACE FROM DISK
2410094.374	Test_Phase.SEQUENCE.Word	LOADING RESOURCE SURFACE FROM DISK
2418677.385	Test_Phase.SEQUENCE.Word	LOADING RESOURCE SURFACE FROM DISK
2426554.348	Test_Phase.SEQUENCE.Word	LOADING RESOURCE SURFACE FROM DISK
2434333.688	Test_Phase.SEQUENCE.Word	LOADING RESOURCE SURFACE FROM DISK
2443117.102	Test_Phase.SEQUENCE.Word	LOADING RESOURCE SURFACE FROM DISK
2451111.036	Test_Phase.SEQUENCE.Word	LOADING RESOURCE SURFACE FROM DISK
2460260.785	Test_Phase.SEQUENCE.Word	LOADING RESOURCE SURFACE FROM DISK
2467477.562	Test_Phase.SEQUENCE.Word	LOADING RESOURCE SURFACE FROM DISK
2475646.459	Test_Phase.SEQUENCE.Word	LOADING RESOURCE SURFACE FROM DISK
2483727.439	Test_Phase.SEQUENCE.Word	LOADING RESOURCE SURFACE FROM DISK
2492699.845	Test_Phase.SEQUENCE.Word	LOADING RESOURCE SURFACE FROM DISK
2500360.739	Test_Phase.SEQUENCE.Word	LOADING RESOURCE SURFACE FROM DISK
2508677.473	Test_Phase.SEQUENCE.Word	LOADING RESOURCE SURFACE FROM DISK
2517944.31	Test_Phase.SEQUENCE.Word	LOADING RESOURCE SURFACE FROM DISK
2525917.015	Test_Phase.SEQUENCE.Word	LOADING RESOURCE SURFACE FROM DISK
2533894.17	Test_Phase.SEQUENCE.Word	LOADING RESOURCE SURFACE FROM DISK
2541895.299	Test_Phase.SEQUENCE.Word	LOADING RESOURCE SURFACE FROM DISK
2549594.235	Test_Phase.SEQUENCE.Word	LOADING RESOURCE SURFACE FROM DISK
2557760.763	Test_Phase.SEQUENCE.Word	LOADING RESOURCE SURFACE FROM DISK
2565637.271	Test_Phase.SEQUENCE.Word	LOADING RESOURCE SURFACE FROM DISK
2573344.003	Test_Phase.SEQUENCE.Word	LOADING RESOURCE SURFACE FROM DISK
2581503.687	Test_Phase.SEQUENCE.Word	LOADING RESOURCE SURFACE FROM DISK
2589710.81	Test_Phase.SEQUENCE.Word	LOADING RESOURCE SURFACE FROM DISK
2597641.567	Test_Phase.SEQUENCE.Word	LOADING RESOURCE SURFACE FROM DISK
2605710.946	Test_Phase.SEQUENCE.Word	LOADING RESOURCE SURFACE FROM DISK
2612794.192	Test_Phase.SEQUENCE.Word	LOADING RESOURCE SURFACE FROM DISK
2620510.886	Test_Phase.SEQUENCE.Word	LOADING RESOURCE SURFACE FROM DISK
2628694.139	Test_Phase.SEQUENCE.Word	LOADING RESOURCE SURFACE FROM DISK
2636664.802	Test_Phase.SEQUENCE.Word	LOADING RESOURCE SURFACE FROM DISK
2644560.702	Test_Phase.SEQUENCE.Word	LOADING RESOURCE SURFACE FROM DISK
2651912.021	Test_Phase.SEQUENCE.Word	LOADING RESOURCE SURFACE FROM DISK
2659044.071	Test_Phase.SEQUENCE.Word	LOADING RESOURCE SURFACE FROM DISK
2667243.966	Test_Phase.SEQUENCE.Word	LOADING RESOURCE SURFACE FROM DISK
2675027.481	Test_Phase.SEQUENCE.Word	LOADING RESOURCE SURFACE FROM DISK
2683060.863	Test_Phase.SEQUENCE.Word	LOADING RESOURCE SURFACE FROM DISK
2692098.324	Test_Phase.SEQUENCE.Word	LOADING RESOURCE SURFACE FROM DISK
2700327.403	Test_Phase.SEQUENCE.Word	LOADING RESOURCE SURFACE FROM DISK
2708602.052	Test_Phase.SEQUENCE.Word	LOADING RESOURCE SURFACE FROM DISK
2716760.85	Test_Phase.SEQUENCE.Word	LOADING RESOURCE SURFACE FROM DISK
2725677.489	Test_Phase.SEQUENCE.Word	LOADING RESOURCE SURFACE FROM DISK
2733827.69	Test_Phase.SEQUENCE.Word	LOADING RESOURCE SURFACE FROM DISK
2741030.417	Test_Phase.SEQUENCE.Word	LOADING RESOURCE SURFACE FROM DISK
2749260.806	Test_Phase.SEQUENCE.Word	LOADING RESOURCE SURFACE FROM DISK
2757277.452	Test_Phase.SEQUENCE.Word	LOADING RESOURCE SURFACE FROM DISK
2764519.811	Test_Phase.SEQUENCE.Word	LOADING RESOURCE SURFACE FROM DISK
2772284.392	Test_Phase.SEQUENCE.Word	LOADING RESOURCE SURFACE FROM DISK
2780677.757	Test_Phase.SEQUENCE.Word	LOADING RESOURCE SURFACE FROM DISK
2788860.676	Test_Phase.SEQUENCE.Word	LOADING RESOURCE SURFACE FROM DISK
2798029.768	Test_Phase.SEQUENCE.Word	LOADING RESOURCE SURFACE FROM DISK
2806077.311	Test_Phase.SEQUENCE.Word	LOADING RESOURCE SURFACE FROM DISK
2814365.274	Test_Phase.SEQUENCE.Word	LOADING RESOURCE SURFACE FROM DISK
2822452.334	Test_Phase.SEQUENCE.Word	LOADING RESOURCE SURFACE FROM DISK
2830760.83	Test_Phase.SEQUENCE.Word	LOADING RESOURCE SURFACE FROM DISK
2839049.908	Test_Phase.SEQUENCE.Word	LOADING RESOURCE SURFACE FROM DISK
2847410.661	Test_Phase.SEQUENCE.Word	LOADING RESOURCE SURFACE FROM DISK
2855985.681	Test_Phase.SEQUENCE.Word	LOADING RESOURCE SURFACE FROM DISK
2864294.169	Test_Phase.SEQUENCE.Word	LOADING RESOURCE SURFACE FROM DISK
2872421.348	Test_Phase.SEQUENCE.Word	LOADING RESOURCE SURFACE FROM DISK
2880377.589	Test_Phase.SEQUENCE.Word	LOADING RESOURCE SURFACE FROM DISK
2888360.814	Test_Phase.SEQUENCE.Word	LOADING RESOURCE SURFACE FROM DISK
2896177.356	Test_Phase.SEQUENCE.Word	LOADING RESOURCE SURFACE FROM DISK
2904860.774	Test_Phase.SEQUENCE.Word	LOADING RESOURCE SURFACE FROM DISK
2912617.487	Test_Phase.SEQUENCE.Word	LOADING RESOURCE SURFACE FROM DISK
2920977.225	Test_Phase.SEQUENCE.Word	LOADING RESOURCE SURFACE FROM DISK
2929010.746	Test_Phase.SEQUENCE.Word	LOADING RESOURCE SURFACE FROM DISK
2937244.134	Test_Phase.SEQUENCE.Word	LOADING RESOURCE SURFACE FROM DISK
2944544.13	Test_Phase.SEQUENCE.Word	LOADING RESOURCE SURFACE FROM DISK
2951944.76	Test_Phase.SEQUENCE.Word	LOADING RESOURCE SURFACE FROM DISK
2960150.591	Test_Phase.SEQUENCE.Word	LOADING RESOURCE SURFACE FROM DISK
2968177.67	Test_Phase.SEQUENCE.Word	LOADING RESOURCE SURFACE FROM DISK
2976094.129	Test_Phase.SEQUENCE.Word	LOADING RESOURCE SURFACE FROM DISK
2984144.114	Test_Phase.SEQUENCE.Word	LOADING RESOURCE SURFACE FROM DISK
2993727.358	Test_Phase.SEQUENCE.Word	LOADING RESOURCE SURFACE FROM DISK
3002144.123	Test_Phase.SEQUENCE.Word	LOADING RESOURCE SURFACE FROM DISK
3010444.115	Test_Phase.SEQUENCE.Word	LOADING RESOURCE SURFACE FROM DISK
3018260.761	Test_Phase.SEQUENCE.Word	LOADING RESOURCE SURFACE FROM DISK
3027094.125	Test_Phase.SEQUENCE.Word	LOADING RESOURCE SURFACE FROM DISK
3035960.96	Test_Phase.SEQUENCE.Word	LOADING RESOURCE SURFACE FROM DISK
3043710.856	Test_Phase.SEQUENCE.Word	LOADING RESOURCE SURFACE FROM DISK
3051629.806	Test_Phase.SEQUENCE.Word	LOADING RESOURCE SURFACE FROM DISK
3059978.661	Test_Phase.SEQUENCE.Word	LOADING RESOURCE SURFACE FROM DISK
3068627.414	Test_Phase.SEQUENCE.Word	LOADING RESOURCE SURFACE FROM DISK
3077477.413	Test_Phase.SEQUENCE.Word	LOADING RESOURCE SURFACE FROM DISK
3085618.719	Test_Phase.SEQUENCE.Word	LOADING RESOURCE SURFACE FROM DISK
3094602.844	Test_Phase.SEQUENCE.Word	LOADING RESOURCE SURFACE FROM DISK
3102277.432	Test_Phase.SEQUENCE.Word	LOADING RESOURCE SURFACE FROM DISK
3109994.053	Test_Phase.SEQUENCE.Word	LOADING RESOURCE SURFACE FROM DISK
3117962.772	Test_Phase.SEQUENCE.Word	LOADING RESOURCE SURFACE FROM DISK
3126311.728	Test_Phase.SEQUENCE.Word	LOADING RESOURCE SURFACE FROM DISK
3134494.39	Test_Phase.SEQUENCE.Word	LOADING RESOURCE SURFACE FROM DISK
3142411.008	Test_Phase.SEQUENCE.Word	LOADING RESOURCE SURFACE FROM DISK
3150910.784	Test_Phase.SEQUENCE.Word	LOADING RESOURCE SURFACE FROM DISK
3158950.424	Test_Phase.SEQUENCE.Word	LOADING RESOURCE SURFACE FROM DISK
3166463.827	Test_Phase.SEQUENCE.Word	LOADING RESOURCE SURFACE FROM DISK
3174460.97	Test_Phase.SEQUENCE.Word	LOADING RESOURCE SURFACE FROM DISK
3182310.754	Test_Phase.SEQUENCE.Word	LOADING RESOURCE SURFACE FROM DISK
3190482.782	Test_Phase.SEQUENCE.Word	LOADING RESOURCE SURFACE FROM DISK
3200370.457	Test_Phase.SEQUENCE.Word	LOADING RESOURCE SURFACE FROM DISK
3207694.422	Test_Phase.SEQUENCE.Word	LOADING RESOURCE SURFACE FROM DISK
3215970.186	Test_Phase.SEQUENCE.Word	LOADING RESOURCE SURFACE FROM DISK
3223944.1	Test_Phase.SEQUENCE.Word	LOADING RESOURCE SURFACE FROM DISK
3233177.568	Test_Phase.SEQUENCE.Word	LOADING RESOURCE SURFACE FROM DISK
3240977.388	Test_Phase.SEQUENCE.Word	LOADING RESOURCE SURFACE FROM DISK
3249077.501	Test_Phase.SEQUENCE.Word	LOADING RESOURCE SURFACE FROM DISK
3256377.842	Test_Phase.SEQUENCE.Word	LOADING RESOURCE SURFACE FROM DISK
3264851.109	Test_Phase.SEQUENCE.Word	LOADING RESOURCE SURFACE FROM DISK
3272677.449	Test_Phase.SEQUENCE.Word	LOADING RESOURCE SURFACE FROM DISK
3280760.887	Test_Phase.SEQUENCE.Word	LOADING RESOURCE SURFACE FROM DISK
3290344.082	Test_Phase.SEQUENCE.Word	LOADING RESOURCE SURFACE FROM DISK
3298294.168	Test_Phase.SEQUENCE.Word	LOADING RESOURCE SURFACE FROM DISK
3306112.86	Test_Phase.SEQUENCE.Word	LOADING RESOURCE SURFACE FROM DISK
3314294.28	Test_Phase.SEQUENCE.Word	LOADING RESOURCE SURFACE FROM DISK
3322594.168	Test_Phase.SEQUENCE.Word	LOADING RESOURCE SURFACE FROM DISK
3331194.276	Test_Phase.SEQUENCE.Word	LOADING RESOURCE SURFACE FROM DISK
3339018.53	Test_Phase.SEQUENCE.Word	LOADING RESOURCE SURFACE FROM DISK
3347194.788	Test_Phase.SEQUENCE.Word	LOADING RESOURCE SURFACE FROM DISK
3355493.592	Test_Phase.SEQUENCE.Word	LOADING RESOURCE SURFACE FROM DISK
3364027.468	Test_Phase.SEQUENCE.Word	LOADING RESOURCE SURFACE FROM DISK
3372210.757	Test_Phase.SEQUENCE.Word	LOADING RESOURCE SURFACE FROM DISK
3380444.283	Test_Phase.SEQUENCE.Word	LOADING RESOURCE SURFACE FROM DISK
3388177.837	Test_Phase.SEQUENCE.Word	LOADING RESOURCE SURFACE FROM DISK
3396094.011	Test_Phase.SEQUENCE.Word	LOADING RESOURCE SURFACE FROM DISK
3405976.099	Test_Phase.SEQUENCE.Word	LOADING RESOURCE SURFACE FROM DISK
3413677.798	Test_Phase.SEQUENCE.Word	LOADING RESOURCE SURFACE FROM DISK
3421912.935	Test_Phase.SEQUENCE.Word	LOADING RESOURCE SURFACE FROM DISK
3430481.904	Test_Phase.SEQUENCE.Word	LOADING RESOURCE SURFACE FROM DISK
3438127.692	Test_Phase.SEQUENCE.Word	LOADING RESOURCE SURFACE FROM DISK
3446427.59	Test_Phase.SEQUENCE.Word	LOADING RESOURCE SURFACE FROM DISK
3454598.731	Test_Phase.SEQUENCE.Word	LOADING RESOURCE SURFACE FROM DISK
3463627.811	Test_Phase.SEQUENCE.Word	LOADING RESOURCE SURFACE FROM DISK
3471495.365	Test_Phase.SEQUENCE.Word	LOADING RESOURCE SURFACE FROM DISK
3479183.988	Test_Phase.SEQUENCE.Word	LOADING RESOURCE SURFACE FROM DISK
3486933.247	Test_Phase.SEQUENCE.Word	LOADING RESOURCE SURFACE FROM DISK
3494844.069	Test_Phase.SEQUENCE.Word	LOADING RESOURCE SURFACE FROM DISK
3503067.899	Test_Phase.SEQUENCE.Word	LOADING RESOURCE SURFACE FROM DISK
3510477.664	Test_Phase.SEQUENCE.Word	LOADING RESOURCE SURFACE FROM DISK
3517644.197	Test_Phase.SEQUENCE.Word	LOADING RESOURCE SURFACE FROM DISK
3525744.177	Test_Phase.SEQUENCE.Word	LOADING RESOURCE SURFACE FROM DISK
3533635.806	Test_Phase.SEQUENCE.Word	LOADING RESOURCE SURFACE FROM DISK
3541365.505	Test_Phase.SEQUENCE.Word	LOADING RESOURCE SURFACE FROM DISK
3549411.13	Test_Phase.SEQUENCE.Word	LOADING RESOURCE SURFACE FROM DISK
3557219.498	Test_Phase.SEQUENCE.Word	LOADING RESOURCE SURFACE FROM DISK
3565320.805	Test_Phase.SEQUENCE.Word	LOADING RESOURCE SURFACE FROM DISK
3573348.889	Test_Phase.SEQUENCE.Word	LOADING RESOURCE SURFACE FROM DISK
3581594.526	Test_Phase.SEQUENCE.Word	LOADING RESOURCE SURFACE FROM DISK
3589460.89	Test_Phase.SEQUENCE.Word	LOADING RESOURCE SURFACE FROM DISK
3597560.23	Test_Phase.SEQUENCE.Word	LOADING RESOURCE SURFACE FROM DISK
3605851.284	Test_Phase.SEQUENCE.Word	LOADING RESOURCE SURFACE FROM DISK
3614044.171	Test_Phase.SEQUENCE.Word	LOADING RESOURCE SURFACE FROM DISK
3632510.818	Test_Phase.SEQUENCE.Word	LOADING RESOURCE SURFACE FROM DISK
3637464.395	DISPLAY_SCREEN	LOADING RESOURCE SURFACE FROM DISK
