5146.982	DISPLAY_SCREEN[1]	LOADING RESOURCE SURFACE FROM DISK
361038.648	Familiarization_Phase.SEQUENCE.Cue_and_Instruction	LOADING RESOURCE SURFACE FROM DISK
361043.063	Familiarization_Phase.SEQUENCE.Cue_and_Instruction	LOADING RESOURCE SURFACE FROM DISK
367099.309	Familiarization_Phase.SEQUENCE.Cue_and_Instruction	LOADING RESOURCE SURFACE FROM DISK
367110.031	Familiarization_Phase.SEQUENCE.Cue_and_Instruction	LOADING RESOURCE SURFACE FROM DISK
373196.916	Familiarization_Phase.SEQUENCE.Cue_and_Instruction	LOADING RESOURCE SURFACE FROM DISK
373209.338	Familiarization_Phase.SEQUENCE.Cue_and_Instruction	LOADING RESOURCE SURFACE FROM DISK
415622.58	DISPLAY_SCREEN[3]	LOADING RESOURCE SURFACE FROM DISK
563240.76	DISPLAY_SCREEN[5]	LOADING RESOURCE SURFACE FROM DISK
721113.521	Practice_Phase.SEQUENCE.Blink_Screen	LOADING RESOURCE SURFACE FROM DISK
721114.658	Practice_Phase.SEQUENCE.Blink_Screen	flip time is later than desired time. Desired Time=720848 Flip Time=721132 Retrace Rate=16.644, prepareTime=290 flip request time 721114
722368.746	Practice_Phase.SEQUENCE.Luminance_Cue[1]	LOADING RESOURCE SURFACE FROM DISK
722382.659	Practice_Phase.SEQUENCE.Luminance_Cue[1]	LOADING RESOURCE SURFACE FROM DISK
722384.117	Practice_Phase.SEQUENCE.Luminance_Cue[1]	flip time is later than desired time. Desired Time=722332 Flip Time=722398 Retrace Rate=16.644, prepareTime=76 flip request time 722383
722918.278	Practice_Phase.SEQUENCE.Practice_Instruction	LOADING RESOURCE SURFACE FROM DISK
722920.88	Practice_Phase.SEQUENCE.Practice_Instruction	LOADING RESOURCE SURFACE FROM DISK
722922.487	Practice_Phase.SEQUENCE.Practice_Instruction	flip time is later than desired time. Desired Time=722898 Flip Time=722932 Retrace Rate=16.644, prepareTime=47 flip request time 722922
726435.522	Practice_Phase.SEQUENCE.Action_cue[1]	LOADING RESOURCE SURFACE FROM DISK
726437.773	Practice_Phase.SEQUENCE.Action_cue[1]	flip time is later than desired time. Desired Time=726432 Flip Time=726448 Retrace Rate=16.644, prepareTime=29 flip request time 726437
731004.392	Practice_Phase.SEQUENCE.Practice_Instruction	LOADING RESOURCE SURFACE FROM DISK
731024.12	Practice_Phase.SEQUENCE.Practice_Instruction	LOADING RESOURCE SURFACE FROM DISK
731025.544	Practice_Phase.SEQUENCE.Practice_Instruction	flip time is later than desired time. Desired Time=731015 Flip Time=731048 Retrace Rate=16.644, prepareTime=34 flip request time 731025
739139.976	Practice_Phase.SEQUENCE.Practice_Instruction	LOADING RESOURCE SURFACE FROM DISK
739142.85	Practice_Phase.SEQUENCE.Practice_Instruction	LOADING RESOURCE SURFACE FROM DISK
739144.42	Practice_Phase.SEQUENCE.Practice_Instruction	flip time is later than desired time. Desired Time=739115 Flip Time=739165 Retrace Rate=16.644, prepareTime=53 flip request time 739144
747213.271	Practice_Phase.SEQUENCE.Practice_Instruction	LOADING RESOURCE SURFACE FROM DISK
747216.003	Practice_Phase.SEQUENCE.Practice_Instruction	LOADING RESOURCE SURFACE FROM DISK
755279.813	Practice_Phase.SEQUENCE.Practice_Instruction	LOADING RESOURCE SURFACE FROM DISK
755282.417	Practice_Phase.SEQUENCE.Practice_Instruction	LOADING RESOURCE SURFACE FROM DISK
763346.862	Practice_Phase.SEQUENCE.Practice_Instruction	LOADING RESOURCE SURFACE FROM DISK
763389.776	Practice_Phase.SEQUENCE.Practice_Instruction	LOADING RESOURCE SURFACE FROM DISK
763391.183	Practice_Phase.SEQUENCE.Practice_Instruction	flip time is later than desired time. Desired Time=763365 Flip Time=763415 Retrace Rate=16.644, prepareTime=50 flip request time 763391
771463.571	Practice_Phase.SEQUENCE.Practice_Instruction	LOADING RESOURCE SURFACE FROM DISK
771466.2	Practice_Phase.SEQUENCE.Practice_Instruction	LOADING RESOURCE SURFACE FROM DISK
779530.044	Practice_Phase.SEQUENCE.Practice_Instruction	LOADING RESOURCE SURFACE FROM DISK
779567.196	Practice_Phase.SEQUENCE.Practice_Instruction	LOADING RESOURCE SURFACE FROM DISK
779568.764	Practice_Phase.SEQUENCE.Practice_Instruction	flip time is later than desired time. Desired Time=779548 Flip Time=779582 Retrace Rate=16.644, prepareTime=44 flip request time 779568
787629.934	Practice_Phase.SEQUENCE.Practice_Instruction	LOADING RESOURCE SURFACE FROM DISK
787666.866	Practice_Phase.SEQUENCE.Practice_Instruction	LOADING RESOURCE SURFACE FROM DISK
787668.306	Practice_Phase.SEQUENCE.Practice_Instruction	flip time is later than desired time. Desired Time=787648 Flip Time=787682 Retrace Rate=16.644, prepareTime=43 flip request time 787668
793844.051	DISPLAY_SCREEN[2]	LOADING RESOURCE SURFACE FROM DISK
1052355.347	Study_Phase.SEQUENCE.Study_Instruction	LOADING RESOURCE SURFACE FROM DISK
1052391.634	Study_Phase.SEQUENCE.Study_Instruction	LOADING RESOURCE SURFACE FROM DISK
1060692.269	Study_Phase.SEQUENCE.Study_Instruction	LOADING RESOURCE SURFACE FROM DISK
1068971.908	Study_Phase.SEQUENCE.Study_Instruction	LOADING RESOURCE SURFACE FROM DISK
1069009.184	Study_Phase.SEQUENCE.Study_Instruction	LOADING RESOURCE SURFACE FROM DISK
1077317.909	Study_Phase.SEQUENCE.Study_Instruction	LOADING RESOURCE SURFACE FROM DISK
1085588.628	Study_Phase.SEQUENCE.Study_Instruction	LOADING RESOURCE SURFACE FROM DISK
1085591.244	Study_Phase.SEQUENCE.Study_Instruction	LOADING RESOURCE SURFACE FROM DISK
1093872.065	Study_Phase.SEQUENCE.Study_Instruction	LOADING RESOURCE SURFACE FROM DISK
1093910.58	Study_Phase.SEQUENCE.Study_Instruction	LOADING RESOURCE SURFACE FROM DISK
1102188.406	Study_Phase.SEQUENCE.Study_Instruction	LOADING RESOURCE SURFACE FROM DISK
1102190.999	Study_Phase.SEQUENCE.Study_Instruction	LOADING RESOURCE SURFACE FROM DISK
1110505.103	Study_Phase.SEQUENCE.Study_Instruction	LOADING RESOURCE SURFACE FROM DISK
1118771.87	Study_Phase.SEQUENCE.Study_Instruction	LOADING RESOURCE SURFACE FROM DISK
1118808.711	Study_Phase.SEQUENCE.Study_Instruction	LOADING RESOURCE SURFACE FROM DISK
1127088.836	Study_Phase.SEQUENCE.Study_Instruction	LOADING RESOURCE SURFACE FROM DISK
1127091.486	Study_Phase.SEQUENCE.Study_Instruction	LOADING RESOURCE SURFACE FROM DISK
1135371.898	Study_Phase.SEQUENCE.Study_Instruction	LOADING RESOURCE SURFACE FROM DISK
1135374.492	Study_Phase.SEQUENCE.Study_Instruction	LOADING RESOURCE SURFACE FROM DISK
1143738.825	Study_Phase.SEQUENCE.Study_Instruction	LOADING RESOURCE SURFACE FROM DISK
1143782.082	Study_Phase.SEQUENCE.Study_Instruction	LOADING RESOURCE SURFACE FROM DISK
1152095.285	Study_Phase.SEQUENCE.Study_Instruction	LOADING RESOURCE SURFACE FROM DISK
1160351.875	Study_Phase.SEQUENCE.Study_Instruction	LOADING RESOURCE SURFACE FROM DISK
1168622.038	Study_Phase.SEQUENCE.Study_Instruction	LOADING RESOURCE SURFACE FROM DISK
1168661.041	Study_Phase.SEQUENCE.Study_Instruction	LOADING RESOURCE SURFACE FROM DISK
1176951.741	Study_Phase.SEQUENCE.Study_Instruction	LOADING RESOURCE SURFACE FROM DISK
1185205.346	Study_Phase.SEQUENCE.Study_Instruction	LOADING RESOURCE SURFACE FROM DISK
1185241.362	Study_Phase.SEQUENCE.Study_Instruction	LOADING RESOURCE SURFACE FROM DISK
1193522.185	Study_Phase.SEQUENCE.Study_Instruction	LOADING RESOURCE SURFACE FROM DISK
1193564.789	Study_Phase.SEQUENCE.Study_Instruction	LOADING RESOURCE SURFACE FROM DISK
1201871.328	Study_Phase.SEQUENCE.Study_Instruction	LOADING RESOURCE SURFACE FROM DISK
1210138.782	Study_Phase.SEQUENCE.Study_Instruction	LOADING RESOURCE SURFACE FROM DISK
1210175.297	Study_Phase.SEQUENCE.Study_Instruction	LOADING RESOURCE SURFACE FROM DISK
1218484.149	Study_Phase.SEQUENCE.Study_Instruction	LOADING RESOURCE SURFACE FROM DISK
1226792.96	Study_Phase.SEQUENCE.Study_Instruction	LOADING RESOURCE SURFACE FROM DISK
1235069.894	Study_Phase.SEQUENCE.Study_Instruction	LOADING RESOURCE SURFACE FROM DISK
1243375.877	Study_Phase.SEQUENCE.Study_Instruction	LOADING RESOURCE SURFACE FROM DISK
1251655.351	Study_Phase.SEQUENCE.Study_Instruction	LOADING RESOURCE SURFACE FROM DISK
1251693.26	Study_Phase.SEQUENCE.Study_Instruction	LOADING RESOURCE SURFACE FROM DISK
1259969.647	Study_Phase.SEQUENCE.Study_Instruction	LOADING RESOURCE SURFACE FROM DISK
1268238.564	Study_Phase.SEQUENCE.Study_Instruction	LOADING RESOURCE SURFACE FROM DISK
1268278.338	Study_Phase.SEQUENCE.Study_Instruction	LOADING RESOURCE SURFACE FROM DISK
1276553.07	Study_Phase.SEQUENCE.Study_Instruction	LOADING RESOURCE SURFACE FROM DISK
1284859.824	Study_Phase.SEQUENCE.Study_Instruction	LOADING RESOURCE SURFACE FROM DISK
1293138.857	Study_Phase.SEQUENCE.Study_Instruction	LOADING RESOURCE SURFACE FROM DISK
1293157.879	Study_Phase.SEQUENCE.Study_Instruction	LOADING RESOURCE SURFACE FROM DISK
1301472.48	Study_Phase.SEQUENCE.Study_Instruction	LOADING RESOURCE SURFACE FROM DISK
1309738.885	Study_Phase.SEQUENCE.Study_Instruction	LOADING RESOURCE SURFACE FROM DISK
1309779.621	Study_Phase.SEQUENCE.Study_Instruction	LOADING RESOURCE SURFACE FROM DISK
1318055.296	Study_Phase.SEQUENCE.Study_Instruction	LOADING RESOURCE SURFACE FROM DISK
1318057.944	Study_Phase.SEQUENCE.Study_Instruction	LOADING RESOURCE SURFACE FROM DISK
1326336.448	Study_Phase.SEQUENCE.Study_Instruction	LOADING RESOURCE SURFACE FROM DISK
1334645.551	Study_Phase.SEQUENCE.Study_Instruction	LOADING RESOURCE SURFACE FROM DISK
1342922.038	Study_Phase.SEQUENCE.Study_Instruction	LOADING RESOURCE SURFACE FROM DISK
1342924.579	Study_Phase.SEQUENCE.Study_Instruction	LOADING RESOURCE SURFACE FROM DISK
1351205.515	Study_Phase.SEQUENCE.Study_Instruction	LOADING RESOURCE SURFACE FROM DISK
1351208.407	Study_Phase.SEQUENCE.Study_Instruction	LOADING RESOURCE SURFACE FROM DISK
1359521.902	Study_Phase.SEQUENCE.Study_Instruction	LOADING RESOURCE SURFACE FROM DISK
1367785.129	Study_Phase.SEQUENCE.Study_Instruction	LOADING RESOURCE SURFACE FROM DISK
1376055.397	Study_Phase.SEQUENCE.Study_Instruction	LOADING RESOURCE SURFACE FROM DISK
1376057.891	Study_Phase.SEQUENCE.Study_Instruction	LOADING RESOURCE SURFACE FROM DISK
1384338.712	Study_Phase.SEQUENCE.Study_Instruction	LOADING RESOURCE SURFACE FROM DISK
1384382.745	Study_Phase.SEQUENCE.Study_Instruction	LOADING RESOURCE SURFACE FROM DISK
1392655.441	Study_Phase.SEQUENCE.Study_Instruction	LOADING RESOURCE SURFACE FROM DISK
1392700.788	Study_Phase.SEQUENCE.Study_Instruction	LOADING RESOURCE SURFACE FROM DISK
1400971.779	Study_Phase.SEQUENCE.Study_Instruction	LOADING RESOURCE SURFACE FROM DISK
1400974.369	Study_Phase.SEQUENCE.Study_Instruction	LOADING RESOURCE SURFACE FROM DISK
1409236.415	Study_Phase.SEQUENCE.Study_Instruction	LOADING RESOURCE SURFACE FROM DISK
1417505.801	Study_Phase.SEQUENCE.Study_Instruction	LOADING RESOURCE SURFACE FROM DISK
1417532.506	Study_Phase.SEQUENCE.Study_Instruction	LOADING RESOURCE SURFACE FROM DISK
1425836.967	Study_Phase.SEQUENCE.Study_Instruction	LOADING RESOURCE SURFACE FROM DISK
1434136.645	Study_Phase.SEQUENCE.Study_Instruction	LOADING RESOURCE SURFACE FROM DISK
1442443.271	Study_Phase.SEQUENCE.Study_Instruction	LOADING RESOURCE SURFACE FROM DISK
1450753.161	Study_Phase.SEQUENCE.Study_Instruction	LOADING RESOURCE SURFACE FROM DISK
1459005.227	Study_Phase.SEQUENCE.Study_Instruction	LOADING RESOURCE SURFACE FROM DISK
1459007.644	Study_Phase.SEQUENCE.Study_Instruction	LOADING RESOURCE SURFACE FROM DISK
1467285.289	Study_Phase.SEQUENCE.Study_Instruction	LOADING RESOURCE SURFACE FROM DISK
1475555.291	Study_Phase.SEQUENCE.Study_Instruction	LOADING RESOURCE SURFACE FROM DISK
1475595.583	Study_Phase.SEQUENCE.Study_Instruction	LOADING RESOURCE SURFACE FROM DISK
1483872.139	Study_Phase.SEQUENCE.Study_Instruction	LOADING RESOURCE SURFACE FROM DISK
1483911.151	Study_Phase.SEQUENCE.Study_Instruction	LOADING RESOURCE SURFACE FROM DISK
1492185.443	Study_Phase.SEQUENCE.Study_Instruction	LOADING RESOURCE SURFACE FROM DISK
1500453.09	Study_Phase.SEQUENCE.Study_Instruction	LOADING RESOURCE SURFACE FROM DISK
1508705.365	Study_Phase.SEQUENCE.Study_Instruction	LOADING RESOURCE SURFACE FROM DISK
1508751.095	Study_Phase.SEQUENCE.Study_Instruction	LOADING RESOURCE SURFACE FROM DISK
1517055.891	Study_Phase.SEQUENCE.Study_Instruction	LOADING RESOURCE SURFACE FROM DISK
1525322.252	Study_Phase.SEQUENCE.Study_Instruction	LOADING RESOURCE SURFACE FROM DISK
1525360.981	Study_Phase.SEQUENCE.Study_Instruction	LOADING RESOURCE SURFACE FROM DISK
1533635.299	Study_Phase.SEQUENCE.Study_Instruction	LOADING RESOURCE SURFACE FROM DISK
1541942.393	Study_Phase.SEQUENCE.Study_Instruction	LOADING RESOURCE SURFACE FROM DISK
1550254.646	Study_Phase.SEQUENCE.Study_Instruction	LOADING RESOURCE SURFACE FROM DISK
1558522.123	Study_Phase.SEQUENCE.Study_Instruction	LOADING RESOURCE SURFACE FROM DISK
1558557.963	Study_Phase.SEQUENCE.Study_Instruction	LOADING RESOURCE SURFACE FROM DISK
1566848.824	Study_Phase.SEQUENCE.Study_Instruction	LOADING RESOURCE SURFACE FROM DISK
1575122.046	Study_Phase.SEQUENCE.Study_Instruction	LOADING RESOURCE SURFACE FROM DISK
1575157.113	Study_Phase.SEQUENCE.Study_Instruction	LOADING RESOURCE SURFACE FROM DISK
1583471.727	Study_Phase.SEQUENCE.Study_Instruction	LOADING RESOURCE SURFACE FROM DISK
1591738.832	Study_Phase.SEQUENCE.Study_Instruction	LOADING RESOURCE SURFACE FROM DISK
1591741.309	Study_Phase.SEQUENCE.Study_Instruction	LOADING RESOURCE SURFACE FROM DISK
1600053.579	Study_Phase.SEQUENCE.Study_Instruction	LOADING RESOURCE SURFACE FROM DISK
1608321.973	Study_Phase.SEQUENCE.Study_Instruction	LOADING RESOURCE SURFACE FROM DISK
1608359.173	Study_Phase.SEQUENCE.Study_Instruction	LOADING RESOURCE SURFACE FROM DISK
1616673.753	Study_Phase.SEQUENCE.Study_Instruction	LOADING RESOURCE SURFACE FROM DISK
1624992.801	Study_Phase.SEQUENCE.Study_Instruction	LOADING RESOURCE SURFACE FROM DISK
1633271.972	Study_Phase.SEQUENCE.Study_Instruction	LOADING RESOURCE SURFACE FROM DISK
1633316.115	Study_Phase.SEQUENCE.Study_Instruction	LOADING RESOURCE SURFACE FROM DISK
1641586.466	Study_Phase.SEQUENCE.Study_Instruction	LOADING RESOURCE SURFACE FROM DISK
1649855.543	Study_Phase.SEQUENCE.Study_Instruction	LOADING RESOURCE SURFACE FROM DISK
1649896.264	Study_Phase.SEQUENCE.Study_Instruction	LOADING RESOURCE SURFACE FROM DISK
1658274.408	Study_Phase.SEQUENCE.Study_Instruction	LOADING RESOURCE SURFACE FROM DISK
1666538.761	Study_Phase.SEQUENCE.Study_Instruction	LOADING RESOURCE SURFACE FROM DISK
1666577.891	Study_Phase.SEQUENCE.Study_Instruction	LOADING RESOURCE SURFACE FROM DISK
1674892.11	Study_Phase.SEQUENCE.Study_Instruction	LOADING RESOURCE SURFACE FROM DISK
1683168.647	Study_Phase.SEQUENCE.Study_Instruction	LOADING RESOURCE SURFACE FROM DISK
1691438.393	Study_Phase.SEQUENCE.Study_Instruction	LOADING RESOURCE SURFACE FROM DISK
1691473.814	Study_Phase.SEQUENCE.Study_Instruction	LOADING RESOURCE SURFACE FROM DISK
1699787.899	Study_Phase.SEQUENCE.Study_Instruction	LOADING RESOURCE SURFACE FROM DISK
1708055.378	Study_Phase.SEQUENCE.Study_Instruction	LOADING RESOURCE SURFACE FROM DISK
1708092.937	Study_Phase.SEQUENCE.Study_Instruction	LOADING RESOURCE SURFACE FROM DISK
1716372.091	Study_Phase.SEQUENCE.Study_Instruction	LOADING RESOURCE SURFACE FROM DISK
1716422.867	Study_Phase.SEQUENCE.Study_Instruction	LOADING RESOURCE SURFACE FROM DISK
1724705.32	Study_Phase.SEQUENCE.Study_Instruction	LOADING RESOURCE SURFACE FROM DISK
1724744.158	Study_Phase.SEQUENCE.Study_Instruction	LOADING RESOURCE SURFACE FROM DISK
1733055.242	Study_Phase.SEQUENCE.Study_Instruction	LOADING RESOURCE SURFACE FROM DISK
1741322.155	Study_Phase.SEQUENCE.Study_Instruction	LOADING RESOURCE SURFACE FROM DISK
1741364.666	Study_Phase.SEQUENCE.Study_Instruction	LOADING RESOURCE SURFACE FROM DISK
1749671.583	Study_Phase.SEQUENCE.Study_Instruction	LOADING RESOURCE SURFACE FROM DISK
1757977.613	Study_Phase.SEQUENCE.Study_Instruction	LOADING RESOURCE SURFACE FROM DISK
1766255.194	Study_Phase.SEQUENCE.Study_Instruction	LOADING RESOURCE SURFACE FROM DISK
1766257.871	Study_Phase.SEQUENCE.Study_Instruction	LOADING RESOURCE SURFACE FROM DISK
1774572.937	Study_Phase.SEQUENCE.Study_Instruction	LOADING RESOURCE SURFACE FROM DISK
1782838.612	Study_Phase.SEQUENCE.Study_Instruction	LOADING RESOURCE SURFACE FROM DISK
1782874.841	Study_Phase.SEQUENCE.Study_Instruction	LOADING RESOURCE SURFACE FROM DISK
1791155.273	Study_Phase.SEQUENCE.Study_Instruction	LOADING RESOURCE SURFACE FROM DISK
1791157.841	Study_Phase.SEQUENCE.Study_Instruction	LOADING RESOURCE SURFACE FROM DISK
1799474.072	Study_Phase.SEQUENCE.Study_Instruction	LOADING RESOURCE SURFACE FROM DISK
1807780.733	Study_Phase.SEQUENCE.Study_Instruction	LOADING RESOURCE SURFACE FROM DISK
1816055.089	Study_Phase.SEQUENCE.Study_Instruction	LOADING RESOURCE SURFACE FROM DISK
1816097.792	Study_Phase.SEQUENCE.Study_Instruction	LOADING RESOURCE SURFACE FROM DISK
1824406.157	Study_Phase.SEQUENCE.Study_Instruction	LOADING RESOURCE SURFACE FROM DISK
1832688.876	Study_Phase.SEQUENCE.Study_Instruction	LOADING RESOURCE SURFACE FROM DISK
1832735.1	Study_Phase.SEQUENCE.Study_Instruction	LOADING RESOURCE SURFACE FROM DISK
1841039.337	Study_Phase.SEQUENCE.Study_Instruction	LOADING RESOURCE SURFACE FROM DISK
1849317.249	Study_Phase.SEQUENCE.Study_Instruction	LOADING RESOURCE SURFACE FROM DISK
1857588.706	Study_Phase.SEQUENCE.Study_Instruction	LOADING RESOURCE SURFACE FROM DISK
1857629.285	Study_Phase.SEQUENCE.Study_Instruction	LOADING RESOURCE SURFACE FROM DISK
1865943.822	Study_Phase.SEQUENCE.Study_Instruction	LOADING RESOURCE SURFACE FROM DISK
1874272.046	Study_Phase.SEQUENCE.Study_Instruction	LOADING RESOURCE SURFACE FROM DISK
1882536.598	Study_Phase.SEQUENCE.Study_Instruction	LOADING RESOURCE SURFACE FROM DISK
1890805.372	Study_Phase.SEQUENCE.Study_Instruction	LOADING RESOURCE SURFACE FROM DISK
1890870.878	Study_Phase.SEQUENCE.Study_Instruction	LOADING RESOURCE SURFACE FROM DISK
1899138.549	Study_Phase.SEQUENCE.Study_Instruction	LOADING RESOURCE SURFACE FROM DISK
1899176.538	Study_Phase.SEQUENCE.Study_Instruction	LOADING RESOURCE SURFACE FROM DISK
1907455.259	Study_Phase.SEQUENCE.Study_Instruction	LOADING RESOURCE SURFACE FROM DISK
1907457.886	Study_Phase.SEQUENCE.Study_Instruction	LOADING RESOURCE SURFACE FROM DISK
1915738.642	Study_Phase.SEQUENCE.Study_Instruction	LOADING RESOURCE SURFACE FROM DISK
1915775.251	Study_Phase.SEQUENCE.Study_Instruction	LOADING RESOURCE SURFACE FROM DISK
1924045.86	Study_Phase.SEQUENCE.Study_Instruction	LOADING RESOURCE SURFACE FROM DISK
1932321.931	Study_Phase.SEQUENCE.Study_Instruction	LOADING RESOURCE SURFACE FROM DISK
1932359.221	Study_Phase.SEQUENCE.Study_Instruction	LOADING RESOURCE SURFACE FROM DISK
1940635.381	Study_Phase.SEQUENCE.Study_Instruction	LOADING RESOURCE SURFACE FROM DISK
1948903.073	Study_Phase.SEQUENCE.Study_Instruction	LOADING RESOURCE SURFACE FROM DISK
1957155.584	Study_Phase.SEQUENCE.Study_Instruction	LOADING RESOURCE SURFACE FROM DISK
1957230.129	Study_Phase.SEQUENCE.Study_Instruction	LOADING RESOURCE SURFACE FROM DISK
1965505.339	Study_Phase.SEQUENCE.Study_Instruction	LOADING RESOURCE SURFACE FROM DISK
1965558.751	Study_Phase.SEQUENCE.Study_Instruction	LOADING RESOURCE SURFACE FROM DISK
1973877.037	Study_Phase.SEQUENCE.Study_Instruction	LOADING RESOURCE SURFACE FROM DISK
1982152.058	Study_Phase.SEQUENCE.Study_Instruction	LOADING RESOURCE SURFACE FROM DISK
1990525.134	Study_Phase.SEQUENCE.Study_Instruction	LOADING RESOURCE SURFACE FROM DISK
1998802.04	Study_Phase.SEQUENCE.Study_Instruction	LOADING RESOURCE SURFACE FROM DISK
2007072.231	Study_Phase.SEQUENCE.Study_Instruction	LOADING RESOURCE SURFACE FROM DISK
2007074.991	Study_Phase.SEQUENCE.Study_Instruction	LOADING RESOURCE SURFACE FROM DISK
2015351.922	Study_Phase.SEQUENCE.Study_Instruction	LOADING RESOURCE SURFACE FROM DISK
2023651.61	Study_Phase.SEQUENCE.Study_Instruction	LOADING RESOURCE SURFACE FROM DISK
2031919.871	Study_Phase.SEQUENCE.Study_Instruction	LOADING RESOURCE SURFACE FROM DISK
2040188.778	Study_Phase.SEQUENCE.Study_Instruction	LOADING RESOURCE SURFACE FROM DISK
2040191.263	Study_Phase.SEQUENCE.Study_Instruction	LOADING RESOURCE SURFACE FROM DISK
2046434.245	DISPLAY_SCREEN[7]	LOADING RESOURCE SURFACE FROM DISK
2378290.771	Test_Phase.SEQUENCE.Target_Cue	LOADING RESOURCE SURFACE FROM DISK
2378297.318	Test_Phase.SEQUENCE.Target_Cue	LOADING RESOURCE SURFACE FROM DISK
2380360.596	Test_Phase.SEQUENCE.Word	LOADING RESOURCE SURFACE FROM DISK
2383426.349	Test_Phase.SEQUENCE.Test_Question	LOADING RESOURCE SURFACE FROM DISK
2383443.434	Test_Phase.SEQUENCE.Test_Question	LOADING RESOURCE SURFACE FROM DISK
2383448.517	Test_Phase.SEQUENCE.Test_Question	LOADING RESOURCE SURFACE FROM DISK
2383453.676	Test_Phase.SEQUENCE.Test_Question	LOADING RESOURCE SURFACE FROM DISK
2383455.567	Test_Phase.SEQUENCE.Test_Question	LOADING RESOURCE SURFACE FROM DISK
2383457.519	Test_Phase.SEQUENCE.Test_Question	LOADING RESOURCE SURFACE FROM DISK
2383459.343	Test_Phase.SEQUENCE.Test_Question	LOADING RESOURCE SURFACE FROM DISK
2383476.449	Test_Phase.SEQUENCE.Test_Question	LOADING RESOURCE SURFACE FROM DISK
2383490.723	Test_Phase.SEQUENCE.Test_Question	LOADING RESOURCE SURFACE FROM DISK
2383492.541	Test_Phase.SEQUENCE.Test_Question	LOADING RESOURCE SURFACE FROM DISK
2383494.408	Test_Phase.SEQUENCE.Test_Question	LOADING RESOURCE SURFACE FROM DISK
2383496.143	Test_Phase.SEQUENCE.Test_Question	LOADING RESOURCE SURFACE FROM DISK
2406076.06	Test_Phase.SEQUENCE.Word	LOADING RESOURCE SURFACE FROM DISK
2417318.484	Test_Phase.SEQUENCE.Word	LOADING RESOURCE SURFACE FROM DISK
2426218.26	Test_Phase.SEQUENCE.Word	LOADING RESOURCE SURFACE FROM DISK
2434351.737	Test_Phase.SEQUENCE.Word	LOADING RESOURCE SURFACE FROM DISK
2442735.072	Test_Phase.SEQUENCE.Word	LOADING RESOURCE SURFACE FROM DISK
2451286.02	Test_Phase.SEQUENCE.Word	LOADING RESOURCE SURFACE FROM DISK
2459868.486	Test_Phase.SEQUENCE.Word	LOADING RESOURCE SURFACE FROM DISK
2467785.436	Test_Phase.SEQUENCE.Word	LOADING RESOURCE SURFACE FROM DISK
2475801.706	Test_Phase.SEQUENCE.Word	LOADING RESOURCE SURFACE FROM DISK
2483723.367	Test_Phase.SEQUENCE.Word	LOADING RESOURCE SURFACE FROM DISK
2492185.083	Test_Phase.SEQUENCE.Word	LOADING RESOURCE SURFACE FROM DISK
2499951.883	Test_Phase.SEQUENCE.Word	LOADING RESOURCE SURFACE FROM DISK
2507251.77	Test_Phase.SEQUENCE.Word	LOADING RESOURCE SURFACE FROM DISK
2515469.812	Test_Phase.SEQUENCE.Word	LOADING RESOURCE SURFACE FROM DISK
2524068.316	Test_Phase.SEQUENCE.Word	LOADING RESOURCE SURFACE FROM DISK
2533101.619	Test_Phase.SEQUENCE.Word	LOADING RESOURCE SURFACE FROM DISK
2540707.166	Test_Phase.SEQUENCE.Word	LOADING RESOURCE SURFACE FROM DISK
2548851.653	Test_Phase.SEQUENCE.Word	LOADING RESOURCE SURFACE FROM DISK
2556368.498	Test_Phase.SEQUENCE.Word	LOADING RESOURCE SURFACE FROM DISK
2565161.795	Test_Phase.SEQUENCE.Word	LOADING RESOURCE SURFACE FROM DISK
2572668.724	Test_Phase.SEQUENCE.Word	LOADING RESOURCE SURFACE FROM DISK
2580252.153	Test_Phase.SEQUENCE.Word	LOADING RESOURCE SURFACE FROM DISK
2587985.044	Test_Phase.SEQUENCE.Word	LOADING RESOURCE SURFACE FROM DISK
2595305.062	Test_Phase.SEQUENCE.Word	LOADING RESOURCE SURFACE FROM DISK
2603101.684	Test_Phase.SEQUENCE.Word	LOADING RESOURCE SURFACE FROM DISK
2610477.519	Test_Phase.SEQUENCE.Word	LOADING RESOURCE SURFACE FROM DISK
2617826.447	Test_Phase.SEQUENCE.Word	LOADING RESOURCE SURFACE FROM DISK
2626135.106	Test_Phase.SEQUENCE.Word	LOADING RESOURCE SURFACE FROM DISK
2634507.237	Test_Phase.SEQUENCE.Word	LOADING RESOURCE SURFACE FROM DISK
2641785.592	Test_Phase.SEQUENCE.Word	LOADING RESOURCE SURFACE FROM DISK
2650918.6	Test_Phase.SEQUENCE.Word	LOADING RESOURCE SURFACE FROM DISK
2659035.919	Test_Phase.SEQUENCE.Word	LOADING RESOURCE SURFACE FROM DISK
2666318.645	Test_Phase.SEQUENCE.Word	LOADING RESOURCE SURFACE FROM DISK
2673551.952	Test_Phase.SEQUENCE.Word	LOADING RESOURCE SURFACE FROM DISK
2680854.868	Test_Phase.SEQUENCE.Word	LOADING RESOURCE SURFACE FROM DISK
2688035.06	Test_Phase.SEQUENCE.Word	LOADING RESOURCE SURFACE FROM DISK
2695968.763	Test_Phase.SEQUENCE.Word	LOADING RESOURCE SURFACE FROM DISK
2703535.274	Test_Phase.SEQUENCE.Word	LOADING RESOURCE SURFACE FROM DISK
2710735.178	Test_Phase.SEQUENCE.Word	LOADING RESOURCE SURFACE FROM DISK
2719001.759	Test_Phase.SEQUENCE.Word	LOADING RESOURCE SURFACE FROM DISK
2727644.691	Test_Phase.SEQUENCE.Word	LOADING RESOURCE SURFACE FROM DISK
2735655.875	Test_Phase.SEQUENCE.Word	LOADING RESOURCE SURFACE FROM DISK
2742885.028	Test_Phase.SEQUENCE.Word	LOADING RESOURCE SURFACE FROM DISK
2750011.981	Test_Phase.SEQUENCE.Word	LOADING RESOURCE SURFACE FROM DISK
2757318.529	Test_Phase.SEQUENCE.Word	LOADING RESOURCE SURFACE FROM DISK
2764551.732	Test_Phase.SEQUENCE.Word	LOADING RESOURCE SURFACE FROM DISK
2771651.7	Test_Phase.SEQUENCE.Word	LOADING RESOURCE SURFACE FROM DISK
2778863.43	Test_Phase.SEQUENCE.Word	LOADING RESOURCE SURFACE FROM DISK
2786105.958	Test_Phase.SEQUENCE.Word	LOADING RESOURCE SURFACE FROM DISK
2793268.185	Test_Phase.SEQUENCE.Word	LOADING RESOURCE SURFACE FROM DISK
2800701.638	Test_Phase.SEQUENCE.Word	LOADING RESOURCE SURFACE FROM DISK
2807951.786	Test_Phase.SEQUENCE.Word	LOADING RESOURCE SURFACE FROM DISK
2815203.022	Test_Phase.SEQUENCE.Word	LOADING RESOURCE SURFACE FROM DISK
2822501.947	Test_Phase.SEQUENCE.Word	LOADING RESOURCE SURFACE FROM DISK
2829618.501	Test_Phase.SEQUENCE.Word	LOADING RESOURCE SURFACE FROM DISK
2837011.877	Test_Phase.SEQUENCE.Word	LOADING RESOURCE SURFACE FROM DISK
2844335.957	Test_Phase.SEQUENCE.Word	LOADING RESOURCE SURFACE FROM DISK
2851619.66	Test_Phase.SEQUENCE.Word	LOADING RESOURCE SURFACE FROM DISK
2858874.021	Test_Phase.SEQUENCE.Word	LOADING RESOURCE SURFACE FROM DISK
2866135.093	Test_Phase.SEQUENCE.Word	LOADING RESOURCE SURFACE FROM DISK
2873268.408	Test_Phase.SEQUENCE.Word	LOADING RESOURCE SURFACE FROM DISK
2880601.691	Test_Phase.SEQUENCE.Word	LOADING RESOURCE SURFACE FROM DISK
2887734.94	Test_Phase.SEQUENCE.Word	LOADING RESOURCE SURFACE FROM DISK
2894818.422	Test_Phase.SEQUENCE.Word	LOADING RESOURCE SURFACE FROM DISK
2902193.402	Test_Phase.SEQUENCE.Word	LOADING RESOURCE SURFACE FROM DISK
2909251.763	Test_Phase.SEQUENCE.Word	LOADING RESOURCE SURFACE FROM DISK
2916534.949	Test_Phase.SEQUENCE.Word	LOADING RESOURCE SURFACE FROM DISK
2923855.704	Test_Phase.SEQUENCE.Word	LOADING RESOURCE SURFACE FROM DISK
2931751.975	Test_Phase.SEQUENCE.Word	LOADING RESOURCE SURFACE FROM DISK
2938851.827	Test_Phase.SEQUENCE.Word	LOADING RESOURCE SURFACE FROM DISK
2946168.191	Test_Phase.SEQUENCE.Word	LOADING RESOURCE SURFACE FROM DISK
2953634.946	Test_Phase.SEQUENCE.Word	LOADING RESOURCE SURFACE FROM DISK
2960987.25	Test_Phase.SEQUENCE.Word	LOADING RESOURCE SURFACE FROM DISK
2968774.596	Test_Phase.SEQUENCE.Word	LOADING RESOURCE SURFACE FROM DISK
2978071.345	Test_Phase.SEQUENCE.Word	LOADING RESOURCE SURFACE FROM DISK
2985385.012	Test_Phase.SEQUENCE.Word	LOADING RESOURCE SURFACE FROM DISK
2992875.108	Test_Phase.SEQUENCE.Word	LOADING RESOURCE SURFACE FROM DISK
3001551.805	Test_Phase.SEQUENCE.Word	LOADING RESOURCE SURFACE FROM DISK
3008834.903	Test_Phase.SEQUENCE.Word	LOADING RESOURCE SURFACE FROM DISK
3016168.379	Test_Phase.SEQUENCE.Word	LOADING RESOURCE SURFACE FROM DISK
3024036.046	Test_Phase.SEQUENCE.Word	LOADING RESOURCE SURFACE FROM DISK
3032135.153	Test_Phase.SEQUENCE.Word	LOADING RESOURCE SURFACE FROM DISK
3039400.943	Test_Phase.SEQUENCE.Word	LOADING RESOURCE SURFACE FROM DISK
3046768.58	Test_Phase.SEQUENCE.Word	LOADING RESOURCE SURFACE FROM DISK
3053855.601	Test_Phase.SEQUENCE.Word	LOADING RESOURCE SURFACE FROM DISK
3068187.126	Test_Phase.SEQUENCE.Word	LOADING RESOURCE SURFACE FROM DISK
3075388.141	Test_Phase.SEQUENCE.Word	LOADING RESOURCE SURFACE FROM DISK
3082401.69	Test_Phase.SEQUENCE.Word	LOADING RESOURCE SURFACE FROM DISK
3089685.34	Test_Phase.SEQUENCE.Word	LOADING RESOURCE SURFACE FROM DISK
3097117.554	Test_Phase.SEQUENCE.Word	LOADING RESOURCE SURFACE FROM DISK
3106149.923	Test_Phase.SEQUENCE.Word	LOADING RESOURCE SURFACE FROM DISK
3113834.969	Test_Phase.SEQUENCE.Word	LOADING RESOURCE SURFACE FROM DISK
3121052.16	Test_Phase.SEQUENCE.Word	LOADING RESOURCE SURFACE FROM DISK
3128154.272	Test_Phase.SEQUENCE.Word	LOADING RESOURCE SURFACE FROM DISK
3136006.992	Test_Phase.SEQUENCE.Word	LOADING RESOURCE SURFACE FROM DISK
3143201.593	Test_Phase.SEQUENCE.Word	LOADING RESOURCE SURFACE FROM DISK
3150391.486	Test_Phase.SEQUENCE.Word	LOADING RESOURCE SURFACE FROM DISK
3157534.937	Test_Phase.SEQUENCE.Word	LOADING RESOURCE SURFACE FROM DISK
3164884.867	Test_Phase.SEQUENCE.Word	LOADING RESOURCE SURFACE FROM DISK
3172568.471	Test_Phase.SEQUENCE.Word	LOADING RESOURCE SURFACE FROM DISK
3181801.257	Test_Phase.SEQUENCE.Word	LOADING RESOURCE SURFACE FROM DISK
3189658.096	Test_Phase.SEQUENCE.Word	LOADING RESOURCE SURFACE FROM DISK
3197335.272	Test_Phase.SEQUENCE.Word	LOADING RESOURCE SURFACE FROM DISK
3204534.94	Test_Phase.SEQUENCE.Word	LOADING RESOURCE SURFACE FROM DISK
3212007.006	Test_Phase.SEQUENCE.Word	LOADING RESOURCE SURFACE FROM DISK
3219126.556	Test_Phase.SEQUENCE.Word	LOADING RESOURCE SURFACE FROM DISK
3226406.98	Test_Phase.SEQUENCE.Word	LOADING RESOURCE SURFACE FROM DISK
3234385.452	Test_Phase.SEQUENCE.Word	LOADING RESOURCE SURFACE FROM DISK
3242318.437	Test_Phase.SEQUENCE.Word	LOADING RESOURCE SURFACE FROM DISK
3249518.267	Test_Phase.SEQUENCE.Word	LOADING RESOURCE SURFACE FROM DISK
3257301.689	Test_Phase.SEQUENCE.Word	LOADING RESOURCE SURFACE FROM DISK
3265071.122	Test_Phase.SEQUENCE.Word	LOADING RESOURCE SURFACE FROM DISK
3272355.412	Test_Phase.SEQUENCE.Word	LOADING RESOURCE SURFACE FROM DISK
3279571.452	Test_Phase.SEQUENCE.Word	LOADING RESOURCE SURFACE FROM DISK
3286868.611	Test_Phase.SEQUENCE.Word	LOADING RESOURCE SURFACE FROM DISK
3295085.243	Test_Phase.SEQUENCE.Word	LOADING RESOURCE SURFACE FROM DISK
3302335.269	Test_Phase.SEQUENCE.Word	LOADING RESOURCE SURFACE FROM DISK
3310369.935	Test_Phase.SEQUENCE.Word	LOADING RESOURCE SURFACE FROM DISK
3317552.002	Test_Phase.SEQUENCE.Word	LOADING RESOURCE SURFACE FROM DISK
3324685.013	Test_Phase.SEQUENCE.Word	LOADING RESOURCE SURFACE FROM DISK
3331951.823	Test_Phase.SEQUENCE.Word	LOADING RESOURCE SURFACE FROM DISK
3339318.225	Test_Phase.SEQUENCE.Word	LOADING RESOURCE SURFACE FROM DISK
3349135.055	Test_Phase.SEQUENCE.Word	LOADING RESOURCE SURFACE FROM DISK
3356335.091	Test_Phase.SEQUENCE.Word	LOADING RESOURCE SURFACE FROM DISK
3364605.827	Test_Phase.SEQUENCE.Word	LOADING RESOURCE SURFACE FROM DISK
3371801.867	Test_Phase.SEQUENCE.Word	LOADING RESOURCE SURFACE FROM DISK
3379751.764	Test_Phase.SEQUENCE.Word	LOADING RESOURCE SURFACE FROM DISK
3387668.384	Test_Phase.SEQUENCE.Word	LOADING RESOURCE SURFACE FROM DISK
3394859.727	Test_Phase.SEQUENCE.Word	LOADING RESOURCE SURFACE FROM DISK
3402024.244	Test_Phase.SEQUENCE.Word	LOADING RESOURCE SURFACE FROM DISK
3409168.68	Test_Phase.SEQUENCE.Word	LOADING RESOURCE SURFACE FROM DISK
3416218.884	Test_Phase.SEQUENCE.Word	LOADING RESOURCE SURFACE FROM DISK
3423285.176	Test_Phase.SEQUENCE.Word	LOADING RESOURCE SURFACE FROM DISK
3431351.678	Test_Phase.SEQUENCE.Word	LOADING RESOURCE SURFACE FROM DISK
3438554.38	Test_Phase.SEQUENCE.Word	LOADING RESOURCE SURFACE FROM DISK
3445785.123	Test_Phase.SEQUENCE.Word	LOADING RESOURCE SURFACE FROM DISK
3452918.432	Test_Phase.SEQUENCE.Word	LOADING RESOURCE SURFACE FROM DISK
3460001.646	Test_Phase.SEQUENCE.Word	LOADING RESOURCE SURFACE FROM DISK
3467360.393	Test_Phase.SEQUENCE.Word	LOADING RESOURCE SURFACE FROM DISK
3474434.935	Test_Phase.SEQUENCE.Word	LOADING RESOURCE SURFACE FROM DISK
3481535.009	Test_Phase.SEQUENCE.Word	LOADING RESOURCE SURFACE FROM DISK
3488768.408	Test_Phase.SEQUENCE.Word	LOADING RESOURCE SURFACE FROM DISK
3495844.252	Test_Phase.SEQUENCE.Word	LOADING RESOURCE SURFACE FROM DISK
3503051.644	Test_Phase.SEQUENCE.Word	LOADING RESOURCE SURFACE FROM DISK
3510134.997	Test_Phase.SEQUENCE.Word	LOADING RESOURCE SURFACE FROM DISK
3517285.073	Test_Phase.SEQUENCE.Word	LOADING RESOURCE SURFACE FROM DISK
3524568.594	Test_Phase.SEQUENCE.Word	LOADING RESOURCE SURFACE FROM DISK
3532475.728	Test_Phase.SEQUENCE.Word	LOADING RESOURCE SURFACE FROM DISK
3539601.827	Test_Phase.SEQUENCE.Word	LOADING RESOURCE SURFACE FROM DISK
3547952.551	Test_Phase.SEQUENCE.Word	LOADING RESOURCE SURFACE FROM DISK
3555185.094	Test_Phase.SEQUENCE.Word	LOADING RESOURCE SURFACE FROM DISK
3562485.014	Test_Phase.SEQUENCE.Word	LOADING RESOURCE SURFACE FROM DISK
3569568.455	Test_Phase.SEQUENCE.Word	LOADING RESOURCE SURFACE FROM DISK
3576651.787	Test_Phase.SEQUENCE.Word	LOADING RESOURCE SURFACE FROM DISK
3585234.969	Test_Phase.SEQUENCE.Word	LOADING RESOURCE SURFACE FROM DISK
3592585.418	Test_Phase.SEQUENCE.Word	LOADING RESOURCE SURFACE FROM DISK
3600018.37	Test_Phase.SEQUENCE.Word	LOADING RESOURCE SURFACE FROM DISK
3607141.312	Test_Phase.SEQUENCE.Word	LOADING RESOURCE SURFACE FROM DISK
3614394.963	Test_Phase.SEQUENCE.Word	LOADING RESOURCE SURFACE FROM DISK
3621493.051	Test_Phase.SEQUENCE.Word	LOADING RESOURCE SURFACE FROM DISK
3628635.637	Test_Phase.SEQUENCE.Word	LOADING RESOURCE SURFACE FROM DISK
3635977.81	Test_Phase.SEQUENCE.Word	LOADING RESOURCE SURFACE FROM DISK
3643069.169	Test_Phase.SEQUENCE.Word	LOADING RESOURCE SURFACE FROM DISK
3650192.981	Test_Phase.SEQUENCE.Word	LOADING RESOURCE SURFACE FROM DISK
3657318.391	Test_Phase.SEQUENCE.Word	LOADING RESOURCE SURFACE FROM DISK
3664385.199	Test_Phase.SEQUENCE.Word	LOADING RESOURCE SURFACE FROM DISK
3671701.641	Test_Phase.SEQUENCE.Word	LOADING RESOURCE SURFACE FROM DISK
3679017.355	Test_Phase.SEQUENCE.Word	LOADING RESOURCE SURFACE FROM DISK
3686325.182	Test_Phase.SEQUENCE.Word	LOADING RESOURCE SURFACE FROM DISK
3693401.782	Test_Phase.SEQUENCE.Word	LOADING RESOURCE SURFACE FROM DISK
3700956.121	Test_Phase.SEQUENCE.Word	LOADING RESOURCE SURFACE FROM DISK
3708069.375	Test_Phase.SEQUENCE.Word	LOADING RESOURCE SURFACE FROM DISK
3715318.425	Test_Phase.SEQUENCE.Word	LOADING RESOURCE SURFACE FROM DISK
3722401.722	Test_Phase.SEQUENCE.Word	LOADING RESOURCE SURFACE FROM DISK
3729510.057	Test_Phase.SEQUENCE.Word	LOADING RESOURCE SURFACE FROM DISK
3736684.405	Test_Phase.SEQUENCE.Word	LOADING RESOURCE SURFACE FROM DISK
3743825.74	Test_Phase.SEQUENCE.Word	LOADING RESOURCE SURFACE FROM DISK
3750901.86	Test_Phase.SEQUENCE.Word	LOADING RESOURCE SURFACE FROM DISK
3757985.105	Test_Phase.SEQUENCE.Word	LOADING RESOURCE SURFACE FROM DISK
3765157.145	Test_Phase.SEQUENCE.Word	LOADING RESOURCE SURFACE FROM DISK
3772652.092	Test_Phase.SEQUENCE.Word	LOADING RESOURCE SURFACE FROM DISK
3780351.618	Test_Phase.SEQUENCE.Word	LOADING RESOURCE SURFACE FROM DISK
3787844.804	Test_Phase.SEQUENCE.Word	LOADING RESOURCE SURFACE FROM DISK
3797385.046	Test_Phase.SEQUENCE.Word	LOADING RESOURCE SURFACE FROM DISK
3804584.88	Test_Phase.SEQUENCE.Word	LOADING RESOURCE SURFACE FROM DISK
3811918.303	Test_Phase.SEQUENCE.Word	LOADING RESOURCE SURFACE FROM DISK
3819005.47	Test_Phase.SEQUENCE.Word	LOADING RESOURCE SURFACE FROM DISK
3826301.637	Test_Phase.SEQUENCE.Word	LOADING RESOURCE SURFACE FROM DISK
3833318.848	Test_Phase.SEQUENCE.Word	LOADING RESOURCE SURFACE FROM DISK
3842401.784	Test_Phase.SEQUENCE.Word	LOADING RESOURCE SURFACE FROM DISK
3849651.699	Test_Phase.SEQUENCE.Word	LOADING RESOURCE SURFACE FROM DISK
3857451.04	Test_Phase.SEQUENCE.Word	LOADING RESOURCE SURFACE FROM DISK
3864675.974	Test_Phase.SEQUENCE.Word	LOADING RESOURCE SURFACE FROM DISK
3871868.463	Test_Phase.SEQUENCE.Word	LOADING RESOURCE SURFACE FROM DISK
3879068.553	Test_Phase.SEQUENCE.Word	LOADING RESOURCE SURFACE FROM DISK
3886140.202	Test_Phase.SEQUENCE.Word	LOADING RESOURCE SURFACE FROM DISK
3894151.965	Test_Phase.SEQUENCE.Word	LOADING RESOURCE SURFACE FROM DISK
3901868.218	Test_Phase.SEQUENCE.Word	LOADING RESOURCE SURFACE FROM DISK
3905379.77	DISPLAY_SCREEN	LOADING RESOURCE SURFACE FROM DISK
