5275.482	DISPLAY_SCREEN[1]	LOADING RESOURCE SURFACE FROM DISK
320505.745	Familiarization_Phase.SEQUENCE.Cue_and_Instruction	LOADING RESOURCE SURFACE FROM DISK
320517.799	Familiarization_Phase.SEQUENCE.Cue_and_Instruction	LOADING RESOURCE SURFACE FROM DISK
326596.869	Familiarization_Phase.SEQUENCE.Cue_and_Instruction	LOADING RESOURCE SURFACE FROM DISK
326609.123	Familiarization_Phase.SEQUENCE.Cue_and_Instruction	LOADING RESOURCE SURFACE FROM DISK
332680.238	Familiarization_Phase.SEQUENCE.Cue_and_Instruction	LOADING RESOURCE SURFACE FROM DISK
332684.516	Familiarization_Phase.SEQUENCE.Cue_and_Instruction	LOADING RESOURCE SURFACE FROM DISK
375085.009	DISPLAY_SCREEN[3]	LOADING RESOURCE SURFACE FROM DISK
475728.061	DISPLAY_SCREEN[5]	LOADING RESOURCE SURFACE FROM DISK
525576.043	Practice_Phase.SEQUENCE.Blink_Screen	LOADING RESOURCE SURFACE FROM DISK
525577.02	Practice_Phase.SEQUENCE.Blink_Screen	flip time is later than desired time. Desired Time=525560 Flip Time=525593 Retrace Rate=16.640, prepareTime=41 flip request time 525576
526817.197	Practice_Phase.SEQUENCE.Practice_Luminance_Cue	LOADING RESOURCE SURFACE FROM DISK
526831.087	Practice_Phase.SEQUENCE.Practice_Luminance_Cue	LOADING RESOURCE SURFACE FROM DISK
526832.545	Practice_Phase.SEQUENCE.Practice_Luminance_Cue	flip time is later than desired time. Desired Time=526793 Flip Time=526843 Retrace Rate=16.640, prepareTime=63 flip request time 526832
528863.461	Practice_Phase.SEQUENCE.Practice_Instruction	LOADING RESOURCE SURFACE FROM DISK
528870.861	Practice_Phase.SEQUENCE.Practice_Instruction	LOADING RESOURCE SURFACE FROM DISK
528872.391	Practice_Phase.SEQUENCE.Practice_Instruction	flip time is later than desired time. Desired Time=528843 Flip Time=528893 Retrace Rate=16.640, prepareTime=53 flip request time 528872
536974.743	Practice_Phase.SEQUENCE.Practice_Instruction	LOADING RESOURCE SURFACE FROM DISK
536981.609	Practice_Phase.SEQUENCE.Practice_Instruction	LOADING RESOURCE SURFACE FROM DISK
536983.029	Practice_Phase.SEQUENCE.Practice_Instruction	flip time is later than desired time. Desired Time=536960 Flip Time=536993 Retrace Rate=16.640, prepareTime=47 flip request time 536982
545041.581	Practice_Phase.SEQUENCE.Practice_Instruction	LOADING RESOURCE SURFACE FROM DISK
545043.882	Practice_Phase.SEQUENCE.Practice_Instruction	LOADING RESOURCE SURFACE FROM DISK
553108.041	Practice_Phase.SEQUENCE.Practice_Instruction	LOADING RESOURCE SURFACE FROM DISK
553110.365	Practice_Phase.SEQUENCE.Practice_Instruction	LOADING RESOURCE SURFACE FROM DISK
561174.573	Practice_Phase.SEQUENCE.Practice_Instruction	LOADING RESOURCE SURFACE FROM DISK
561176.908	Practice_Phase.SEQUENCE.Practice_Instruction	LOADING RESOURCE SURFACE FROM DISK
569241.272	Practice_Phase.SEQUENCE.Practice_Instruction	LOADING RESOURCE SURFACE FROM DISK
569280.605	Practice_Phase.SEQUENCE.Practice_Instruction	LOADING RESOURCE SURFACE FROM DISK
569282.122	Practice_Phase.SEQUENCE.Practice_Instruction	flip time is later than desired time. Desired Time=569260 Flip Time=569293 Retrace Rate=16.640, prepareTime=46 flip request time 569281
577341.265	Practice_Phase.SEQUENCE.Practice_Instruction	LOADING RESOURCE SURFACE FROM DISK
577343.59	Practice_Phase.SEQUENCE.Practice_Instruction	LOADING RESOURCE SURFACE FROM DISK
585408.011	Practice_Phase.SEQUENCE.Practice_Instruction	LOADING RESOURCE SURFACE FROM DISK
585410.369	Practice_Phase.SEQUENCE.Practice_Instruction	LOADING RESOURCE SURFACE FROM DISK
593474.548	Practice_Phase.SEQUENCE.Practice_Instruction	LOADING RESOURCE SURFACE FROM DISK
593477.034	Practice_Phase.SEQUENCE.Practice_Instruction	LOADING RESOURCE SURFACE FROM DISK
598153.316	DISPLAY_SCREEN[2]	LOADING RESOURCE SURFACE FROM DISK
685866.825	Study_Phase.SEQUENCE.Study_Instruction	LOADING RESOURCE SURFACE FROM DISK
685905.421	Study_Phase.SEQUENCE.Study_Instruction	LOADING RESOURCE SURFACE FROM DISK
694204.379	Study_Phase.SEQUENCE.Study_Instruction	LOADING RESOURCE SURFACE FROM DISK
702487.44	Study_Phase.SEQUENCE.Study_Instruction	LOADING RESOURCE SURFACE FROM DISK
710750.056	Study_Phase.SEQUENCE.Study_Instruction	LOADING RESOURCE SURFACE FROM DISK
710788.163	Study_Phase.SEQUENCE.Study_Instruction	LOADING RESOURCE SURFACE FROM DISK
719087.526	Study_Phase.SEQUENCE.Study_Instruction	LOADING RESOURCE SURFACE FROM DISK
727349.977	Study_Phase.SEQUENCE.Study_Instruction	LOADING RESOURCE SURFACE FROM DISK
727386.725	Study_Phase.SEQUENCE.Study_Instruction	LOADING RESOURCE SURFACE FROM DISK
735650.226	Study_Phase.SEQUENCE.Study_Instruction	LOADING RESOURCE SURFACE FROM DISK
735662.154	Study_Phase.SEQUENCE.Study_Instruction	LOADING RESOURCE SURFACE FROM DISK
743916.502	Study_Phase.SEQUENCE.Study_Instruction	LOADING RESOURCE SURFACE FROM DISK
743978.713	Study_Phase.SEQUENCE.Study_Instruction	LOADING RESOURCE SURFACE FROM DISK
752269.022	Study_Phase.SEQUENCE.Study_Instruction	LOADING RESOURCE SURFACE FROM DISK
760571.974	Study_Phase.SEQUENCE.Study_Instruction	LOADING RESOURCE SURFACE FROM DISK
768869.071	Study_Phase.SEQUENCE.Study_Instruction	LOADING RESOURCE SURFACE FROM DISK
777165.877	Study_Phase.SEQUENCE.Study_Instruction	LOADING RESOURCE SURFACE FROM DISK
785452.229	Study_Phase.SEQUENCE.Study_Instruction	LOADING RESOURCE SURFACE FROM DISK
793699.804	Study_Phase.SEQUENCE.Study_Instruction	LOADING RESOURCE SURFACE FROM DISK
793735.355	Study_Phase.SEQUENCE.Study_Instruction	LOADING RESOURCE SURFACE FROM DISK
802001.853	Study_Phase.SEQUENCE.Study_Instruction	LOADING RESOURCE SURFACE FROM DISK
802046.428	Study_Phase.SEQUENCE.Study_Instruction	LOADING RESOURCE SURFACE FROM DISK
810300.05	Study_Phase.SEQUENCE.Study_Instruction	LOADING RESOURCE SURFACE FROM DISK
810370.459	Study_Phase.SEQUENCE.Study_Instruction	LOADING RESOURCE SURFACE FROM DISK
818633.332	Study_Phase.SEQUENCE.Study_Instruction	LOADING RESOURCE SURFACE FROM DISK
818668.292	Study_Phase.SEQUENCE.Study_Instruction	LOADING RESOURCE SURFACE FROM DISK
826969.368	Study_Phase.SEQUENCE.Study_Instruction	LOADING RESOURCE SURFACE FROM DISK
835233.282	Study_Phase.SEQUENCE.Study_Instruction	LOADING RESOURCE SURFACE FROM DISK
835278.386	Study_Phase.SEQUENCE.Study_Instruction	LOADING RESOURCE SURFACE FROM DISK
843568.929	Study_Phase.SEQUENCE.Study_Instruction	LOADING RESOURCE SURFACE FROM DISK
851868.754	Study_Phase.SEQUENCE.Study_Instruction	LOADING RESOURCE SURFACE FROM DISK
860155.208	Study_Phase.SEQUENCE.Study_Instruction	LOADING RESOURCE SURFACE FROM DISK
868452.994	Study_Phase.SEQUENCE.Study_Instruction	LOADING RESOURCE SURFACE FROM DISK
876716.655	Study_Phase.SEQUENCE.Study_Instruction	LOADING RESOURCE SURFACE FROM DISK
876760.066	Study_Phase.SEQUENCE.Study_Instruction	LOADING RESOURCE SURFACE FROM DISK
885016.453	Study_Phase.SEQUENCE.Study_Instruction	LOADING RESOURCE SURFACE FROM DISK
885059.401	Study_Phase.SEQUENCE.Study_Instruction	LOADING RESOURCE SURFACE FROM DISK
893316.69	Study_Phase.SEQUENCE.Study_Instruction	LOADING RESOURCE SURFACE FROM DISK
893339.338	Study_Phase.SEQUENCE.Study_Instruction	LOADING RESOURCE SURFACE FROM DISK
901665.191	Study_Phase.SEQUENCE.Study_Instruction	LOADING RESOURCE SURFACE FROM DISK
909954.057	Study_Phase.SEQUENCE.Study_Instruction	LOADING RESOURCE SURFACE FROM DISK
918213.107	Study_Phase.SEQUENCE.Study_Instruction	LOADING RESOURCE SURFACE FROM DISK
926498.089	Study_Phase.SEQUENCE.Study_Instruction	LOADING RESOURCE SURFACE FROM DISK
934749.983	Study_Phase.SEQUENCE.Study_Instruction	LOADING RESOURCE SURFACE FROM DISK
934788.237	Study_Phase.SEQUENCE.Study_Instruction	LOADING RESOURCE SURFACE FROM DISK
943083.336	Study_Phase.SEQUENCE.Study_Instruction	LOADING RESOURCE SURFACE FROM DISK
951330.832	Study_Phase.SEQUENCE.Study_Instruction	LOADING RESOURCE SURFACE FROM DISK
959583.314	Study_Phase.SEQUENCE.Study_Instruction	LOADING RESOURCE SURFACE FROM DISK
959623.66	Study_Phase.SEQUENCE.Study_Instruction	LOADING RESOURCE SURFACE FROM DISK
967883.275	Study_Phase.SEQUENCE.Study_Instruction	LOADING RESOURCE SURFACE FROM DISK
967918.822	Study_Phase.SEQUENCE.Study_Instruction	LOADING RESOURCE SURFACE FROM DISK
976180.743	Study_Phase.SEQUENCE.Study_Instruction	LOADING RESOURCE SURFACE FROM DISK
984469.544	Study_Phase.SEQUENCE.Study_Instruction	LOADING RESOURCE SURFACE FROM DISK
992733.396	Study_Phase.SEQUENCE.Study_Instruction	LOADING RESOURCE SURFACE FROM DISK
992767.834	Study_Phase.SEQUENCE.Study_Instruction	LOADING RESOURCE SURFACE FROM DISK
1001033.196	Study_Phase.SEQUENCE.Study_Instruction	LOADING RESOURCE SURFACE FROM DISK
1001077.931	Study_Phase.SEQUENCE.Study_Instruction	LOADING RESOURCE SURFACE FROM DISK
1009333.237	Study_Phase.SEQUENCE.Study_Instruction	LOADING RESOURCE SURFACE FROM DISK
1009375.573	Study_Phase.SEQUENCE.Study_Instruction	LOADING RESOURCE SURFACE FROM DISK
1017672.159	Study_Phase.SEQUENCE.Study_Instruction	LOADING RESOURCE SURFACE FROM DISK
1025933.185	Study_Phase.SEQUENCE.Study_Instruction	LOADING RESOURCE SURFACE FROM DISK
1025974.162	Study_Phase.SEQUENCE.Study_Instruction	LOADING RESOURCE SURFACE FROM DISK
1034233.255	Study_Phase.SEQUENCE.Study_Instruction	LOADING RESOURCE SURFACE FROM DISK
1034274.466	Study_Phase.SEQUENCE.Study_Instruction	LOADING RESOURCE SURFACE FROM DISK
1042651.657	Study_Phase.SEQUENCE.Study_Instruction	LOADING RESOURCE SURFACE FROM DISK
1050900.117	Study_Phase.SEQUENCE.Study_Instruction	LOADING RESOURCE SURFACE FROM DISK
1050937.763	Study_Phase.SEQUENCE.Study_Instruction	LOADING RESOURCE SURFACE FROM DISK
1059200.037	Study_Phase.SEQUENCE.Study_Instruction	LOADING RESOURCE SURFACE FROM DISK
1059202.314	Study_Phase.SEQUENCE.Study_Instruction	LOADING RESOURCE SURFACE FROM DISK
1067466.603	Study_Phase.SEQUENCE.Study_Instruction	LOADING RESOURCE SURFACE FROM DISK
1067503.911	Study_Phase.SEQUENCE.Study_Instruction	LOADING RESOURCE SURFACE FROM DISK
1075828.505	Study_Phase.SEQUENCE.Study_Instruction	LOADING RESOURCE SURFACE FROM DISK
1084115.047	Study_Phase.SEQUENCE.Study_Instruction	LOADING RESOURCE SURFACE FROM DISK
1092405.197	Study_Phase.SEQUENCE.Study_Instruction	LOADING RESOURCE SURFACE FROM DISK
1100666.318	Study_Phase.SEQUENCE.Study_Instruction	LOADING RESOURCE SURFACE FROM DISK
1100705.321	Study_Phase.SEQUENCE.Study_Instruction	LOADING RESOURCE SURFACE FROM DISK
1108972.331	Study_Phase.SEQUENCE.Study_Instruction	LOADING RESOURCE SURFACE FROM DISK
1117271.776	Study_Phase.SEQUENCE.Study_Instruction	LOADING RESOURCE SURFACE FROM DISK
1125569.971	Study_Phase.SEQUENCE.Study_Instruction	LOADING RESOURCE SURFACE FROM DISK
1133833.314	Study_Phase.SEQUENCE.Study_Instruction	LOADING RESOURCE SURFACE FROM DISK
1133876.455	Study_Phase.SEQUENCE.Study_Instruction	LOADING RESOURCE SURFACE FROM DISK
1142133.413	Study_Phase.SEQUENCE.Study_Instruction	LOADING RESOURCE SURFACE FROM DISK
1142173.942	Study_Phase.SEQUENCE.Study_Instruction	LOADING RESOURCE SURFACE FROM DISK
1150433.391	Study_Phase.SEQUENCE.Study_Instruction	LOADING RESOURCE SURFACE FROM DISK
1150471.272	Study_Phase.SEQUENCE.Study_Instruction	LOADING RESOURCE SURFACE FROM DISK
1158764.739	Study_Phase.SEQUENCE.Study_Instruction	LOADING RESOURCE SURFACE FROM DISK
1167039.924	Study_Phase.SEQUENCE.Study_Instruction	LOADING RESOURCE SURFACE FROM DISK
1175330.991	Study_Phase.SEQUENCE.Study_Instruction	LOADING RESOURCE SURFACE FROM DISK
1183666.947	Study_Phase.SEQUENCE.Study_Instruction	LOADING RESOURCE SURFACE FROM DISK
1183711.022	Study_Phase.SEQUENCE.Study_Instruction	LOADING RESOURCE SURFACE FROM DISK
1192005.207	Study_Phase.SEQUENCE.Study_Instruction	LOADING RESOURCE SURFACE FROM DISK
1200266.493	Study_Phase.SEQUENCE.Study_Instruction	LOADING RESOURCE SURFACE FROM DISK
1200305.041	Study_Phase.SEQUENCE.Study_Instruction	LOADING RESOURCE SURFACE FROM DISK
1208564.472	Study_Phase.SEQUENCE.Study_Instruction	LOADING RESOURCE SURFACE FROM DISK
1216796.52	Study_Phase.SEQUENCE.Study_Instruction	LOADING RESOURCE SURFACE FROM DISK
1225089.433	Study_Phase.SEQUENCE.Study_Instruction	LOADING RESOURCE SURFACE FROM DISK
1233346.524	Study_Phase.SEQUENCE.Study_Instruction	LOADING RESOURCE SURFACE FROM DISK
1241642.886	Study_Phase.SEQUENCE.Study_Instruction	LOADING RESOURCE SURFACE FROM DISK
1249883.31	Study_Phase.SEQUENCE.Study_Instruction	LOADING RESOURCE SURFACE FROM DISK
1249885.731	Study_Phase.SEQUENCE.Study_Instruction	LOADING RESOURCE SURFACE FROM DISK
1258149.863	Study_Phase.SEQUENCE.Study_Instruction	LOADING RESOURCE SURFACE FROM DISK
1258186.955	Study_Phase.SEQUENCE.Study_Instruction	LOADING RESOURCE SURFACE FROM DISK
1266472.294	Study_Phase.SEQUENCE.Study_Instruction	LOADING RESOURCE SURFACE FROM DISK
1274729.819	Study_Phase.SEQUENCE.Study_Instruction	LOADING RESOURCE SURFACE FROM DISK
1282998.81	Study_Phase.SEQUENCE.Study_Instruction	LOADING RESOURCE SURFACE FROM DISK
1291250.373	Study_Phase.SEQUENCE.Study_Instruction	LOADING RESOURCE SURFACE FROM DISK
1291290.319	Study_Phase.SEQUENCE.Study_Instruction	LOADING RESOURCE SURFACE FROM DISK
1299588.462	Study_Phase.SEQUENCE.Study_Instruction	LOADING RESOURCE SURFACE FROM DISK
1307849.899	Study_Phase.SEQUENCE.Study_Instruction	LOADING RESOURCE SURFACE FROM DISK
1307852.225	Study_Phase.SEQUENCE.Study_Instruction	LOADING RESOURCE SURFACE FROM DISK
1316151.038	Study_Phase.SEQUENCE.Study_Instruction	LOADING RESOURCE SURFACE FROM DISK
1324399.947	Study_Phase.SEQUENCE.Study_Instruction	LOADING RESOURCE SURFACE FROM DISK
1324440.292	Study_Phase.SEQUENCE.Study_Instruction	LOADING RESOURCE SURFACE FROM DISK
1332700.062	Study_Phase.SEQUENCE.Study_Instruction	LOADING RESOURCE SURFACE FROM DISK
1332702.403	Study_Phase.SEQUENCE.Study_Instruction	LOADING RESOURCE SURFACE FROM DISK
1340946.622	Study_Phase.SEQUENCE.Study_Instruction	LOADING RESOURCE SURFACE FROM DISK
1349199.962	Study_Phase.SEQUENCE.Study_Instruction	LOADING RESOURCE SURFACE FROM DISK
1349242.073	Study_Phase.SEQUENCE.Study_Instruction	LOADING RESOURCE SURFACE FROM DISK
1357538.774	Study_Phase.SEQUENCE.Study_Instruction	LOADING RESOURCE SURFACE FROM DISK
1365796.619	Study_Phase.SEQUENCE.Study_Instruction	LOADING RESOURCE SURFACE FROM DISK
1374049.74	Study_Phase.SEQUENCE.Study_Instruction	LOADING RESOURCE SURFACE FROM DISK
1374091.433	Study_Phase.SEQUENCE.Study_Instruction	LOADING RESOURCE SURFACE FROM DISK
1382349.899	Study_Phase.SEQUENCE.Study_Instruction	LOADING RESOURCE SURFACE FROM DISK
1382352.229	Study_Phase.SEQUENCE.Study_Instruction	LOADING RESOURCE SURFACE FROM DISK
1390651.585	Study_Phase.SEQUENCE.Study_Instruction	LOADING RESOURCE SURFACE FROM DISK
1398916.697	Study_Phase.SEQUENCE.Study_Instruction	LOADING RESOURCE SURFACE FROM DISK
1398959.898	Study_Phase.SEQUENCE.Study_Instruction	LOADING RESOURCE SURFACE FROM DISK
1407216.447	Study_Phase.SEQUENCE.Study_Instruction	LOADING RESOURCE SURFACE FROM DISK
1407271.169	Study_Phase.SEQUENCE.Study_Instruction	LOADING RESOURCE SURFACE FROM DISK
1415564.592	Study_Phase.SEQUENCE.Study_Instruction	LOADING RESOURCE SURFACE FROM DISK
1423853.599	Study_Phase.SEQUENCE.Study_Instruction	LOADING RESOURCE SURFACE FROM DISK
1432113.324	Study_Phase.SEQUENCE.Study_Instruction	LOADING RESOURCE SURFACE FROM DISK
1440366.684	Study_Phase.SEQUENCE.Study_Instruction	LOADING RESOURCE SURFACE FROM DISK
1440419.53	Study_Phase.SEQUENCE.Study_Instruction	LOADING RESOURCE SURFACE FROM DISK
1448715.905	Study_Phase.SEQUENCE.Study_Instruction	LOADING RESOURCE SURFACE FROM DISK
1456966.733	Study_Phase.SEQUENCE.Study_Instruction	LOADING RESOURCE SURFACE FROM DISK
1457015.995	Study_Phase.SEQUENCE.Study_Instruction	LOADING RESOURCE SURFACE FROM DISK
1465302.243	Study_Phase.SEQUENCE.Study_Instruction	LOADING RESOURCE SURFACE FROM DISK
1473606.085	Study_Phase.SEQUENCE.Study_Instruction	LOADING RESOURCE SURFACE FROM DISK
1481866.645	Study_Phase.SEQUENCE.Study_Instruction	LOADING RESOURCE SURFACE FROM DISK
1481906.767	Study_Phase.SEQUENCE.Study_Instruction	LOADING RESOURCE SURFACE FROM DISK
1490133.23	Study_Phase.SEQUENCE.Study_Instruction	LOADING RESOURCE SURFACE FROM DISK
1490167.877	Study_Phase.SEQUENCE.Study_Instruction	LOADING RESOURCE SURFACE FROM DISK
1498433.38	Study_Phase.SEQUENCE.Study_Instruction	LOADING RESOURCE SURFACE FROM DISK
1498473.142	Study_Phase.SEQUENCE.Study_Instruction	LOADING RESOURCE SURFACE FROM DISK
1506769.25	Study_Phase.SEQUENCE.Study_Instruction	LOADING RESOURCE SURFACE FROM DISK
1515064.556	Study_Phase.SEQUENCE.Study_Instruction	LOADING RESOURCE SURFACE FROM DISK
1523313.493	Study_Phase.SEQUENCE.Study_Instruction	LOADING RESOURCE SURFACE FROM DISK
1531599.118	Study_Phase.SEQUENCE.Study_Instruction	LOADING RESOURCE SURFACE FROM DISK
1539886.022	Study_Phase.SEQUENCE.Study_Instruction	LOADING RESOURCE SURFACE FROM DISK
1548150.063	Study_Phase.SEQUENCE.Study_Instruction	LOADING RESOURCE SURFACE FROM DISK
1548185.796	Study_Phase.SEQUENCE.Study_Instruction	LOADING RESOURCE SURFACE FROM DISK
1556479.339	Study_Phase.SEQUENCE.Study_Instruction	LOADING RESOURCE SURFACE FROM DISK
1564764.458	Study_Phase.SEQUENCE.Study_Instruction	LOADING RESOURCE SURFACE FROM DISK
1573016.605	Study_Phase.SEQUENCE.Study_Instruction	LOADING RESOURCE SURFACE FROM DISK
1573053.215	Study_Phase.SEQUENCE.Study_Instruction	LOADING RESOURCE SURFACE FROM DISK
1581299.831	Study_Phase.SEQUENCE.Study_Instruction	LOADING RESOURCE SURFACE FROM DISK
1581344.891	Study_Phase.SEQUENCE.Study_Instruction	LOADING RESOURCE SURFACE FROM DISK
1589631.307	Study_Phase.SEQUENCE.Study_Instruction	LOADING RESOURCE SURFACE FROM DISK
1597883.214	Study_Phase.SEQUENCE.Study_Instruction	LOADING RESOURCE SURFACE FROM DISK
1597924.535	Study_Phase.SEQUENCE.Study_Instruction	LOADING RESOURCE SURFACE FROM DISK
1606217.881	Study_Phase.SEQUENCE.Study_Instruction	LOADING RESOURCE SURFACE FROM DISK
1614522.36	Study_Phase.SEQUENCE.Study_Instruction	LOADING RESOURCE SURFACE FROM DISK
1622819.007	Study_Phase.SEQUENCE.Study_Instruction	LOADING RESOURCE SURFACE FROM DISK
1631083.414	Study_Phase.SEQUENCE.Study_Instruction	LOADING RESOURCE SURFACE FROM DISK
1631085.81	Study_Phase.SEQUENCE.Study_Instruction	LOADING RESOURCE SURFACE FROM DISK
1639385.071	Study_Phase.SEQUENCE.Study_Instruction	LOADING RESOURCE SURFACE FROM DISK
1647665.483	Study_Phase.SEQUENCE.Study_Instruction	LOADING RESOURCE SURFACE FROM DISK
1655916.648	Study_Phase.SEQUENCE.Study_Instruction	LOADING RESOURCE SURFACE FROM DISK
1655959.871	Study_Phase.SEQUENCE.Study_Instruction	LOADING RESOURCE SURFACE FROM DISK
1664216.629	Study_Phase.SEQUENCE.Study_Instruction	LOADING RESOURCE SURFACE FROM DISK
1664219.043	Study_Phase.SEQUENCE.Study_Instruction	LOADING RESOURCE SURFACE FROM DISK
1672479.917	Study_Phase.SEQUENCE.Study_Instruction	LOADING RESOURCE SURFACE FROM DISK
1677195.878	DISPLAY_SCREEN[7]	LOADING RESOURCE SURFACE FROM DISK
1861471.644	Test_Phase.SEQUENCE.Target_Cue	LOADING RESOURCE SURFACE FROM DISK
1861473.385	Test_Phase.SEQUENCE.Target_Cue	LOADING RESOURCE SURFACE FROM DISK
1863532.589	Test_Phase.SEQUENCE.Word	LOADING RESOURCE SURFACE FROM DISK
1866546.271	Test_Phase.SEQUENCE.Test_Question	LOADING RESOURCE SURFACE FROM DISK
1866590.994	Test_Phase.SEQUENCE.Test_Question	LOADING RESOURCE SURFACE FROM DISK
1866599.957	Test_Phase.SEQUENCE.Test_Question	LOADING RESOURCE SURFACE FROM DISK
1866601.682	Test_Phase.SEQUENCE.Test_Question	LOADING RESOURCE SURFACE FROM DISK
1866614.71	Test_Phase.SEQUENCE.Test_Question	LOADING RESOURCE SURFACE FROM DISK
1866616.419	Test_Phase.SEQUENCE.Test_Question	LOADING RESOURCE SURFACE FROM DISK
1866620.051	Test_Phase.SEQUENCE.Test_Question	LOADING RESOURCE SURFACE FROM DISK
1866621.72	Test_Phase.SEQUENCE.Test_Question	LOADING RESOURCE SURFACE FROM DISK
1866623.272	Test_Phase.SEQUENCE.Test_Question	LOADING RESOURCE SURFACE FROM DISK
1866624.845	Test_Phase.SEQUENCE.Test_Question	LOADING RESOURCE SURFACE FROM DISK
1866626.369	Test_Phase.SEQUENCE.Test_Question	LOADING RESOURCE SURFACE FROM DISK
1866627.976	Test_Phase.SEQUENCE.Test_Question	LOADING RESOURCE SURFACE FROM DISK
1884829.711	Test_Phase.SEQUENCE.Word	LOADING RESOURCE SURFACE FROM DISK
1898666.177	Test_Phase.SEQUENCE.Word	LOADING RESOURCE SURFACE FROM DISK
1907697.875	Test_Phase.SEQUENCE.Word	LOADING RESOURCE SURFACE FROM DISK
1916070.747	Test_Phase.SEQUENCE.Word	LOADING RESOURCE SURFACE FROM DISK
1924156.053	Test_Phase.SEQUENCE.Word	LOADING RESOURCE SURFACE FROM DISK
1944073.42	Test_Phase.SEQUENCE.Word	LOADING RESOURCE SURFACE FROM DISK
1952429.772	Test_Phase.SEQUENCE.Word	LOADING RESOURCE SURFACE FROM DISK
1960268.392	Test_Phase.SEQUENCE.Word	LOADING RESOURCE SURFACE FROM DISK
1967996.41	Test_Phase.SEQUENCE.Word	LOADING RESOURCE SURFACE FROM DISK
1976302.272	Test_Phase.SEQUENCE.Word	LOADING RESOURCE SURFACE FROM DISK
1984185.474	Test_Phase.SEQUENCE.Word	LOADING RESOURCE SURFACE FROM DISK
1991979.558	Test_Phase.SEQUENCE.Word	LOADING RESOURCE SURFACE FROM DISK
2004973.836	Test_Phase.SEQUENCE.Word	LOADING RESOURCE SURFACE FROM DISK
2012864.583	Test_Phase.SEQUENCE.Word	LOADING RESOURCE SURFACE FROM DISK
2021462.85	Test_Phase.SEQUENCE.Word	LOADING RESOURCE SURFACE FROM DISK
2028713.066	Test_Phase.SEQUENCE.Word	LOADING RESOURCE SURFACE FROM DISK
2035896.263	Test_Phase.SEQUENCE.Word	LOADING RESOURCE SURFACE FROM DISK
2043065.362	Test_Phase.SEQUENCE.Word	LOADING RESOURCE SURFACE FROM DISK
2050596.418	Test_Phase.SEQUENCE.Word	LOADING RESOURCE SURFACE FROM DISK
2061046.224	Test_Phase.SEQUENCE.Word	LOADING RESOURCE SURFACE FROM DISK
2068162.948	Test_Phase.SEQUENCE.Word	LOADING RESOURCE SURFACE FROM DISK
2075434.796	Test_Phase.SEQUENCE.Word	LOADING RESOURCE SURFACE FROM DISK
2082562.78	Test_Phase.SEQUENCE.Word	LOADING RESOURCE SURFACE FROM DISK
2089629.711	Test_Phase.SEQUENCE.Word	LOADING RESOURCE SURFACE FROM DISK
2096913.089	Test_Phase.SEQUENCE.Word	LOADING RESOURCE SURFACE FROM DISK
2106665.014	Test_Phase.SEQUENCE.Word	LOADING RESOURCE SURFACE FROM DISK
2113812.958	Test_Phase.SEQUENCE.Word	LOADING RESOURCE SURFACE FROM DISK
2121012.814	Test_Phase.SEQUENCE.Word	LOADING RESOURCE SURFACE FROM DISK
2128246.315	Test_Phase.SEQUENCE.Word	LOADING RESOURCE SURFACE FROM DISK
2138824.053	Test_Phase.SEQUENCE.Word	LOADING RESOURCE SURFACE FROM DISK
2147382.244	Test_Phase.SEQUENCE.Word	LOADING RESOURCE SURFACE FROM DISK
2154529.539	Test_Phase.SEQUENCE.Word	LOADING RESOURCE SURFACE FROM DISK
2161646.339	Test_Phase.SEQUENCE.Word	LOADING RESOURCE SURFACE FROM DISK
2168762.951	Test_Phase.SEQUENCE.Word	LOADING RESOURCE SURFACE FROM DISK
2175846.321	Test_Phase.SEQUENCE.Word	LOADING RESOURCE SURFACE FROM DISK
2187598.369	Test_Phase.SEQUENCE.Word	LOADING RESOURCE SURFACE FROM DISK
2195142.111	Test_Phase.SEQUENCE.Word	LOADING RESOURCE SURFACE FROM DISK
2202929.829	Test_Phase.SEQUENCE.Word	LOADING RESOURCE SURFACE FROM DISK
2210079.957	Test_Phase.SEQUENCE.Word	LOADING RESOURCE SURFACE FROM DISK
2217162.853	Test_Phase.SEQUENCE.Word	LOADING RESOURCE SURFACE FROM DISK
2224319.364	Test_Phase.SEQUENCE.Word	LOADING RESOURCE SURFACE FROM DISK
2232713.022	Test_Phase.SEQUENCE.Word	LOADING RESOURCE SURFACE FROM DISK
2239986.258	Test_Phase.SEQUENCE.Word	LOADING RESOURCE SURFACE FROM DISK
2247112.979	Test_Phase.SEQUENCE.Word	LOADING RESOURCE SURFACE FROM DISK
2254368.26	Test_Phase.SEQUENCE.Word	LOADING RESOURCE SURFACE FROM DISK
2261496.347	Test_Phase.SEQUENCE.Word	LOADING RESOURCE SURFACE FROM DISK
2270663.109	Test_Phase.SEQUENCE.Word	LOADING RESOURCE SURFACE FROM DISK
2278153.703	Test_Phase.SEQUENCE.Word	LOADING RESOURCE SURFACE FROM DISK
2286679.694	Test_Phase.SEQUENCE.Word	LOADING RESOURCE SURFACE FROM DISK
2293903.312	Test_Phase.SEQUENCE.Word	LOADING RESOURCE SURFACE FROM DISK
2301312.795	Test_Phase.SEQUENCE.Word	LOADING RESOURCE SURFACE FROM DISK
2308512.844	Test_Phase.SEQUENCE.Word	LOADING RESOURCE SURFACE FROM DISK
2315668.086	Test_Phase.SEQUENCE.Word	LOADING RESOURCE SURFACE FROM DISK
2322838.622	Test_Phase.SEQUENCE.Word	LOADING RESOURCE SURFACE FROM DISK
2329979.631	Test_Phase.SEQUENCE.Word	LOADING RESOURCE SURFACE FROM DISK
2337946.145	Test_Phase.SEQUENCE.Word	LOADING RESOURCE SURFACE FROM DISK
2345112.934	Test_Phase.SEQUENCE.Word	LOADING RESOURCE SURFACE FROM DISK
2353363.167	Test_Phase.SEQUENCE.Word	LOADING RESOURCE SURFACE FROM DISK
2360546.253	Test_Phase.SEQUENCE.Word	LOADING RESOURCE SURFACE FROM DISK
2367766.825	Test_Phase.SEQUENCE.Word	LOADING RESOURCE SURFACE FROM DISK
2376713.337	Test_Phase.SEQUENCE.Word	LOADING RESOURCE SURFACE FROM DISK
2386346.357	Test_Phase.SEQUENCE.Word	LOADING RESOURCE SURFACE FROM DISK
2393562.976	Test_Phase.SEQUENCE.Word	LOADING RESOURCE SURFACE FROM DISK
2405046.342	Test_Phase.SEQUENCE.Word	LOADING RESOURCE SURFACE FROM DISK
2412262.886	Test_Phase.SEQUENCE.Word	LOADING RESOURCE SURFACE FROM DISK
2419684.894	Test_Phase.SEQUENCE.Word	LOADING RESOURCE SURFACE FROM DISK
2429350.686	Test_Phase.SEQUENCE.Word	LOADING RESOURCE SURFACE FROM DISK
2436486.633	Test_Phase.SEQUENCE.Word	LOADING RESOURCE SURFACE FROM DISK
2443662.801	Test_Phase.SEQUENCE.Word	LOADING RESOURCE SURFACE FROM DISK
2450762.821	Test_Phase.SEQUENCE.Word	LOADING RESOURCE SURFACE FROM DISK
2457913.12	Test_Phase.SEQUENCE.Word	LOADING RESOURCE SURFACE FROM DISK
2465064.077	Test_Phase.SEQUENCE.Word	LOADING RESOURCE SURFACE FROM DISK
2472165.996	Test_Phase.SEQUENCE.Word	LOADING RESOURCE SURFACE FROM DISK
2480479.564	Test_Phase.SEQUENCE.Word	LOADING RESOURCE SURFACE FROM DISK
2487679.63	Test_Phase.SEQUENCE.Word	LOADING RESOURCE SURFACE FROM DISK
2494879.574	Test_Phase.SEQUENCE.Word	LOADING RESOURCE SURFACE FROM DISK
2502296.282	Test_Phase.SEQUENCE.Word	LOADING RESOURCE SURFACE FROM DISK
2511145.678	Test_Phase.SEQUENCE.Word	LOADING RESOURCE SURFACE FROM DISK
2518354.298	Test_Phase.SEQUENCE.Word	LOADING RESOURCE SURFACE FROM DISK
2525496.192	Test_Phase.SEQUENCE.Word	LOADING RESOURCE SURFACE FROM DISK
2532612.897	Test_Phase.SEQUENCE.Word	LOADING RESOURCE SURFACE FROM DISK
2540205.536	Test_Phase.SEQUENCE.Word	LOADING RESOURCE SURFACE FROM DISK
2548046.141	Test_Phase.SEQUENCE.Word	LOADING RESOURCE SURFACE FROM DISK
2555313.927	Test_Phase.SEQUENCE.Word	LOADING RESOURCE SURFACE FROM DISK
2562963.234	Test_Phase.SEQUENCE.Word	LOADING RESOURCE SURFACE FROM DISK
2570183.223	Test_Phase.SEQUENCE.Word	LOADING RESOURCE SURFACE FROM DISK
2577512.928	Test_Phase.SEQUENCE.Word	LOADING RESOURCE SURFACE FROM DISK
2584629.455	Test_Phase.SEQUENCE.Word	LOADING RESOURCE SURFACE FROM DISK
2591879.712	Test_Phase.SEQUENCE.Word	LOADING RESOURCE SURFACE FROM DISK
2599037.597	Test_Phase.SEQUENCE.Word	LOADING RESOURCE SURFACE FROM DISK
2606146.259	Test_Phase.SEQUENCE.Word	LOADING RESOURCE SURFACE FROM DISK
2613229.616	Test_Phase.SEQUENCE.Word	LOADING RESOURCE SURFACE FROM DISK
2620381.704	Test_Phase.SEQUENCE.Word	LOADING RESOURCE SURFACE FROM DISK
2627596.323	Test_Phase.SEQUENCE.Word	LOADING RESOURCE SURFACE FROM DISK
2634762.861	Test_Phase.SEQUENCE.Word	LOADING RESOURCE SURFACE FROM DISK
2641888.884	Test_Phase.SEQUENCE.Word	LOADING RESOURCE SURFACE FROM DISK
2649912.771	Test_Phase.SEQUENCE.Word	LOADING RESOURCE SURFACE FROM DISK
2657029.53	Test_Phase.SEQUENCE.Word	LOADING RESOURCE SURFACE FROM DISK
2664156.987	Test_Phase.SEQUENCE.Word	LOADING RESOURCE SURFACE FROM DISK
2671349.705	Test_Phase.SEQUENCE.Word	LOADING RESOURCE SURFACE FROM DISK
2678553.924	Test_Phase.SEQUENCE.Word	LOADING RESOURCE SURFACE FROM DISK
2687662.542	Test_Phase.SEQUENCE.Word	LOADING RESOURCE SURFACE FROM DISK
2694806.667	Test_Phase.SEQUENCE.Word	LOADING RESOURCE SURFACE FROM DISK
2702379.485	Test_Phase.SEQUENCE.Word	LOADING RESOURCE SURFACE FROM DISK
2710379.575	Test_Phase.SEQUENCE.Word	LOADING RESOURCE SURFACE FROM DISK
2717497.612	Test_Phase.SEQUENCE.Word	LOADING RESOURCE SURFACE FROM DISK
2724683.112	Test_Phase.SEQUENCE.Word	LOADING RESOURCE SURFACE FROM DISK
2731854.548	Test_Phase.SEQUENCE.Word	LOADING RESOURCE SURFACE FROM DISK
2740429.905	Test_Phase.SEQUENCE.Word	LOADING RESOURCE SURFACE FROM DISK
2748013.002	Test_Phase.SEQUENCE.Word	LOADING RESOURCE SURFACE FROM DISK
2755213.278	Test_Phase.SEQUENCE.Word	LOADING RESOURCE SURFACE FROM DISK
2763269.043	Test_Phase.SEQUENCE.Word	LOADING RESOURCE SURFACE FROM DISK
2770698.61	Test_Phase.SEQUENCE.Word	LOADING RESOURCE SURFACE FROM DISK
2777943.005	Test_Phase.SEQUENCE.Word	LOADING RESOURCE SURFACE FROM DISK
2785604.36	Test_Phase.SEQUENCE.Word	LOADING RESOURCE SURFACE FROM DISK
2792839.735	Test_Phase.SEQUENCE.Word	LOADING RESOURCE SURFACE FROM DISK
2800063.003	Test_Phase.SEQUENCE.Word	LOADING RESOURCE SURFACE FROM DISK
2807245.541	Test_Phase.SEQUENCE.Word	LOADING RESOURCE SURFACE FROM DISK
2814715.718	Test_Phase.SEQUENCE.Word	LOADING RESOURCE SURFACE FROM DISK
2823733.203	Test_Phase.SEQUENCE.Word	LOADING RESOURCE SURFACE FROM DISK
2833316.6	Test_Phase.SEQUENCE.Word	LOADING RESOURCE SURFACE FROM DISK
2840496.126	Test_Phase.SEQUENCE.Word	LOADING RESOURCE SURFACE FROM DISK
2847652.533	Test_Phase.SEQUENCE.Word	LOADING RESOURCE SURFACE FROM DISK
2854746.255	Test_Phase.SEQUENCE.Word	LOADING RESOURCE SURFACE FROM DISK
2862846.102	Test_Phase.SEQUENCE.Word	LOADING RESOURCE SURFACE FROM DISK
2870229.87	Test_Phase.SEQUENCE.Word	LOADING RESOURCE SURFACE FROM DISK
2879713.062	Test_Phase.SEQUENCE.Word	LOADING RESOURCE SURFACE FROM DISK
2886879.284	Test_Phase.SEQUENCE.Word	LOADING RESOURCE SURFACE FROM DISK
2895333.212	Test_Phase.SEQUENCE.Word	LOADING RESOURCE SURFACE FROM DISK
2902439.366	Test_Phase.SEQUENCE.Word	LOADING RESOURCE SURFACE FROM DISK
2909569.723	Test_Phase.SEQUENCE.Word	LOADING RESOURCE SURFACE FROM DISK
2919049.873	Test_Phase.SEQUENCE.Word	LOADING RESOURCE SURFACE FROM DISK
2926746.174	Test_Phase.SEQUENCE.Word	LOADING RESOURCE SURFACE FROM DISK
2934071.701	Test_Phase.SEQUENCE.Word	LOADING RESOURCE SURFACE FROM DISK
2945212.764	Test_Phase.SEQUENCE.Word	LOADING RESOURCE SURFACE FROM DISK
2955963.184	Test_Phase.SEQUENCE.Word	LOADING RESOURCE SURFACE FROM DISK
2963156.886	Test_Phase.SEQUENCE.Word	LOADING RESOURCE SURFACE FROM DISK
2970611.939	Test_Phase.SEQUENCE.Word	LOADING RESOURCE SURFACE FROM DISK
2977933.347	Test_Phase.SEQUENCE.Word	LOADING RESOURCE SURFACE FROM DISK
2985296.566	Test_Phase.SEQUENCE.Word	LOADING RESOURCE SURFACE FROM DISK
2992557.957	Test_Phase.SEQUENCE.Word	LOADING RESOURCE SURFACE FROM DISK
3000586.798	Test_Phase.SEQUENCE.Word	LOADING RESOURCE SURFACE FROM DISK
3007765.978	Test_Phase.SEQUENCE.Word	LOADING RESOURCE SURFACE FROM DISK
3014980.665	Test_Phase.SEQUENCE.Word	LOADING RESOURCE SURFACE FROM DISK
3023952.102	Test_Phase.SEQUENCE.Word	LOADING RESOURCE SURFACE FROM DISK
3031412.986	Test_Phase.SEQUENCE.Word	LOADING RESOURCE SURFACE FROM DISK
3038516.02	Test_Phase.SEQUENCE.Word	LOADING RESOURCE SURFACE FROM DISK
3048204.625	Test_Phase.SEQUENCE.Word	LOADING RESOURCE SURFACE FROM DISK
3055479.548	Test_Phase.SEQUENCE.Word	LOADING RESOURCE SURFACE FROM DISK
3062679.651	Test_Phase.SEQUENCE.Word	LOADING RESOURCE SURFACE FROM DISK
3069812.85	Test_Phase.SEQUENCE.Word	LOADING RESOURCE SURFACE FROM DISK
3077062.327	Test_Phase.SEQUENCE.Word	LOADING RESOURCE SURFACE FROM DISK
3084372.915	Test_Phase.SEQUENCE.Word	LOADING RESOURCE SURFACE FROM DISK
3091663.804	Test_Phase.SEQUENCE.Word	LOADING RESOURCE SURFACE FROM DISK
3099436.204	Test_Phase.SEQUENCE.Word	LOADING RESOURCE SURFACE FROM DISK
3106697.062	Test_Phase.SEQUENCE.Word	LOADING RESOURCE SURFACE FROM DISK
3113921.757	Test_Phase.SEQUENCE.Word	LOADING RESOURCE SURFACE FROM DISK
3121896.697	Test_Phase.SEQUENCE.Word	LOADING RESOURCE SURFACE FROM DISK
3130379.665	Test_Phase.SEQUENCE.Word	LOADING RESOURCE SURFACE FROM DISK
3138417.741	Test_Phase.SEQUENCE.Word	LOADING RESOURCE SURFACE FROM DISK
3146531.331	Test_Phase.SEQUENCE.Word	LOADING RESOURCE SURFACE FROM DISK
3153831.709	Test_Phase.SEQUENCE.Word	LOADING RESOURCE SURFACE FROM DISK
3161046.459	Test_Phase.SEQUENCE.Word	LOADING RESOURCE SURFACE FROM DISK
3169978.567	Test_Phase.SEQUENCE.Word	LOADING RESOURCE SURFACE FROM DISK
3178846.355	Test_Phase.SEQUENCE.Word	LOADING RESOURCE SURFACE FROM DISK
3187113.066	Test_Phase.SEQUENCE.Word	LOADING RESOURCE SURFACE FROM DISK
3194299.713	Test_Phase.SEQUENCE.Word	LOADING RESOURCE SURFACE FROM DISK
3203012.327	Test_Phase.SEQUENCE.Word	LOADING RESOURCE SURFACE FROM DISK
3210449.424	Test_Phase.SEQUENCE.Word	LOADING RESOURCE SURFACE FROM DISK
3217729.619	Test_Phase.SEQUENCE.Word	LOADING RESOURCE SURFACE FROM DISK
3227546.235	Test_Phase.SEQUENCE.Word	LOADING RESOURCE SURFACE FROM DISK
3236001.365	Test_Phase.SEQUENCE.Word	LOADING RESOURCE SURFACE FROM DISK
3243604.849	Test_Phase.SEQUENCE.Word	LOADING RESOURCE SURFACE FROM DISK
3251746.502	Test_Phase.SEQUENCE.Word	LOADING RESOURCE SURFACE FROM DISK
3259446.236	Test_Phase.SEQUENCE.Word	LOADING RESOURCE SURFACE FROM DISK
3267062.931	Test_Phase.SEQUENCE.Word	LOADING RESOURCE SURFACE FROM DISK
3274196.274	Test_Phase.SEQUENCE.Word	LOADING RESOURCE SURFACE FROM DISK
3281446.344	Test_Phase.SEQUENCE.Word	LOADING RESOURCE SURFACE FROM DISK
3289904.566	Test_Phase.SEQUENCE.Word	LOADING RESOURCE SURFACE FROM DISK
3297101.955	Test_Phase.SEQUENCE.Word	LOADING RESOURCE SURFACE FROM DISK
3304896.297	Test_Phase.SEQUENCE.Word	LOADING RESOURCE SURFACE FROM DISK
3315447.479	Test_Phase.SEQUENCE.Word	LOADING RESOURCE SURFACE FROM DISK
3322696.379	Test_Phase.SEQUENCE.Word	LOADING RESOURCE SURFACE FROM DISK
3329896.361	Test_Phase.SEQUENCE.Word	LOADING RESOURCE SURFACE FROM DISK
3337046.302	Test_Phase.SEQUENCE.Word	LOADING RESOURCE SURFACE FROM DISK
3344162.996	Test_Phase.SEQUENCE.Word	LOADING RESOURCE SURFACE FROM DISK
3351596.213	Test_Phase.SEQUENCE.Word	LOADING RESOURCE SURFACE FROM DISK
3358798.741	Test_Phase.SEQUENCE.Word	LOADING RESOURCE SURFACE FROM DISK
3366599.351	Test_Phase.SEQUENCE.Word	LOADING RESOURCE SURFACE FROM DISK
3373762.769	Test_Phase.SEQUENCE.Word	LOADING RESOURCE SURFACE FROM DISK
3380862.852	Test_Phase.SEQUENCE.Word	LOADING RESOURCE SURFACE FROM DISK
3388079.412	Test_Phase.SEQUENCE.Word	LOADING RESOURCE SURFACE FROM DISK
3395579.602	Test_Phase.SEQUENCE.Word	LOADING RESOURCE SURFACE FROM DISK
3402712.891	Test_Phase.SEQUENCE.Word	LOADING RESOURCE SURFACE FROM DISK
3410049.573	Test_Phase.SEQUENCE.Word	LOADING RESOURCE SURFACE FROM DISK
3417496.422	Test_Phase.SEQUENCE.Word	LOADING RESOURCE SURFACE FROM DISK
3424696.239	Test_Phase.SEQUENCE.Word	LOADING RESOURCE SURFACE FROM DISK
3431889.737	Test_Phase.SEQUENCE.Word	LOADING RESOURCE SURFACE FROM DISK
3435588.233	DISPLAY_SCREEN	LOADING RESOURCE SURFACE FROM DISK
