5069.046	DISPLAY_SCREEN[1]	LOADING RESOURCE SURFACE FROM DISK
1368482.933	Familiarization_Phase.SEQUENCE.Cue_and_Instruction	LOADING RESOURCE SURFACE FROM DISK
1368487.451	Familiarization_Phase.SEQUENCE.Cue_and_Instruction	LOADING RESOURCE SURFACE FROM DISK
1374534.134	Familiarization_Phase.SEQUENCE.Cue_and_Instruction	LOADING RESOURCE SURFACE FROM DISK
1374542.832	Familiarization_Phase.SEQUENCE.Cue_and_Instruction	LOADING RESOURCE SURFACE FROM DISK
1380596.919	Familiarization_Phase.SEQUENCE.Cue_and_Instruction	LOADING RESOURCE SURFACE FROM DISK
1380609.22	Familiarization_Phase.SEQUENCE.Cue_and_Instruction	LOADING RESOURCE SURFACE FROM DISK
1423011.341	DISPLAY_SCREEN[3]	LOADING RESOURCE SURFACE FROM DISK
1537141.817	DISPLAY_SCREEN[5]	LOADING RESOURCE SURFACE FROM DISK
1626495.819	Practice_Phase.SEQUENCE.Blink_Screen	LOADING RESOURCE SURFACE FROM DISK
1626497.015	Practice_Phase.SEQUENCE.Blink_Screen	flip time is later than desired time. Desired Time=1626230 Flip Time=1626514 Retrace Rate=16.641, prepareTime=290 flip request time 1626496
1627738.706	Practice_Phase.SEQUENCE.Luminance_Cue[1]	LOADING RESOURCE SURFACE FROM DISK
1627741.232	Practice_Phase.SEQUENCE.Luminance_Cue[1]	LOADING RESOURCE SURFACE FROM DISK
1627742.72	Practice_Phase.SEQUENCE.Luminance_Cue[1]	flip time is later than desired time. Desired Time=1627714 Flip Time=1627764 Retrace Rate=16.641, prepareTime=52 flip request time 1627742
1628279.333	Practice_Phase.SEQUENCE.Practice_Instruction	LOADING RESOURCE SURFACE FROM DISK
1628281.898	Practice_Phase.SEQUENCE.Practice_Instruction	LOADING RESOURCE SURFACE FROM DISK
1628283.503	Practice_Phase.SEQUENCE.Practice_Instruction	flip time is later than desired time. Desired Time=1628264 Flip Time=1628297 Retrace Rate=16.641, prepareTime=43 flip request time 1628283
1631779.003	Practice_Phase.SEQUENCE.Action_cue[1]	LOADING RESOURCE SURFACE FROM DISK
1636345.774	Practice_Phase.SEQUENCE.Practice_Instruction	LOADING RESOURCE SURFACE FROM DISK
1636360.753	Practice_Phase.SEQUENCE.Practice_Instruction	LOADING RESOURCE SURFACE FROM DISK
1636362.294	Practice_Phase.SEQUENCE.Practice_Instruction	flip time is later than desired time. Desired Time=1636364 Flip Time=1636380 Retrace Rate=16.641, prepareTime=22 flip request time 1636362
1644465.565	Practice_Phase.SEQUENCE.Practice_Instruction	LOADING RESOURCE SURFACE FROM DISK
1644468.183	Practice_Phase.SEQUENCE.Practice_Instruction	LOADING RESOURCE SURFACE FROM DISK
1644469.835	Practice_Phase.SEQUENCE.Practice_Instruction	flip time is later than desired time. Desired Time=1644447 Flip Time=1644480 Retrace Rate=16.641, prepareTime=46 flip request time 1644469
1652528.695	Practice_Phase.SEQUENCE.Practice_Instruction	LOADING RESOURCE SURFACE FROM DISK
1652571.512	Practice_Phase.SEQUENCE.Practice_Instruction	LOADING RESOURCE SURFACE FROM DISK
1652573.059	Practice_Phase.SEQUENCE.Practice_Instruction	flip time is later than desired time. Desired Time=1652547 Flip Time=1652597 Retrace Rate=16.641, prepareTime=49 flip request time 1652572
1660645.355	Practice_Phase.SEQUENCE.Practice_Instruction	LOADING RESOURCE SURFACE FROM DISK
1660648.017	Practice_Phase.SEQUENCE.Practice_Instruction	LOADING RESOURCE SURFACE FROM DISK
1668711.966	Practice_Phase.SEQUENCE.Practice_Instruction	LOADING RESOURCE SURFACE FROM DISK
1668748.689	Practice_Phase.SEQUENCE.Practice_Instruction	LOADING RESOURCE SURFACE FROM DISK
1668750.253	Practice_Phase.SEQUENCE.Practice_Instruction	flip time is later than desired time. Desired Time=1668730 Flip Time=1668764 Retrace Rate=16.641, prepareTime=43 flip request time 1668750
1676811.997	Practice_Phase.SEQUENCE.Practice_Instruction	LOADING RESOURCE SURFACE FROM DISK
1676814.817	Practice_Phase.SEQUENCE.Practice_Instruction	LOADING RESOURCE SURFACE FROM DISK
1684878.606	Practice_Phase.SEQUENCE.Practice_Instruction	LOADING RESOURCE SURFACE FROM DISK
1684881.275	Practice_Phase.SEQUENCE.Practice_Instruction	LOADING RESOURCE SURFACE FROM DISK
1692945.329	Practice_Phase.SEQUENCE.Practice_Instruction	LOADING RESOURCE SURFACE FROM DISK
1692948.056	Practice_Phase.SEQUENCE.Practice_Instruction	LOADING RESOURCE SURFACE FROM DISK
1699114.091	DISPLAY_SCREEN[2]	LOADING RESOURCE SURFACE FROM DISK
1964170.746	Study_Phase.SEQUENCE.Study_Instruction	LOADING RESOURCE SURFACE FROM DISK
1964441.682	Study_Phase.SEQUENCE.Study_Instruction	LOADING RESOURCE SURFACE FROM DISK
1972720.579	Study_Phase.SEQUENCE.Study_Instruction	LOADING RESOURCE SURFACE FROM DISK
1972758.98	Study_Phase.SEQUENCE.Study_Instruction	LOADING RESOURCE SURFACE FROM DISK
1981037.381	Study_Phase.SEQUENCE.Study_Instruction	LOADING RESOURCE SURFACE FROM DISK
1981072.648	Study_Phase.SEQUENCE.Study_Instruction	LOADING RESOURCE SURFACE FROM DISK
1989353.754	Study_Phase.SEQUENCE.Study_Instruction	LOADING RESOURCE SURFACE FROM DISK
1989389.679	Study_Phase.SEQUENCE.Study_Instruction	LOADING RESOURCE SURFACE FROM DISK
1997670.608	Study_Phase.SEQUENCE.Study_Instruction	LOADING RESOURCE SURFACE FROM DISK
1997711.235	Study_Phase.SEQUENCE.Study_Instruction	LOADING RESOURCE SURFACE FROM DISK
2006023.689	Study_Phase.SEQUENCE.Study_Instruction	LOADING RESOURCE SURFACE FROM DISK
2014303.884	Study_Phase.SEQUENCE.Study_Instruction	LOADING RESOURCE SURFACE FROM DISK
2014345.205	Study_Phase.SEQUENCE.Study_Instruction	LOADING RESOURCE SURFACE FROM DISK
2022604.125	Study_Phase.SEQUENCE.Study_Instruction	LOADING RESOURCE SURFACE FROM DISK
2022646.633	Study_Phase.SEQUENCE.Study_Instruction	LOADING RESOURCE SURFACE FROM DISK
2030961.623	Study_Phase.SEQUENCE.Study_Instruction	LOADING RESOURCE SURFACE FROM DISK
2039237.297	Study_Phase.SEQUENCE.Study_Instruction	LOADING RESOURCE SURFACE FROM DISK
2039273.222	Study_Phase.SEQUENCE.Study_Instruction	LOADING RESOURCE SURFACE FROM DISK
2047594.141	Study_Phase.SEQUENCE.Study_Instruction	LOADING RESOURCE SURFACE FROM DISK
2055870.724	Study_Phase.SEQUENCE.Study_Instruction	LOADING RESOURCE SURFACE FROM DISK
2055889.9	Study_Phase.SEQUENCE.Study_Instruction	LOADING RESOURCE SURFACE FROM DISK
2064151.707	Study_Phase.SEQUENCE.Study_Instruction	LOADING RESOURCE SURFACE FROM DISK
2072455.065	Study_Phase.SEQUENCE.Study_Instruction	LOADING RESOURCE SURFACE FROM DISK
2080737.316	Study_Phase.SEQUENCE.Study_Instruction	LOADING RESOURCE SURFACE FROM DISK
2080778.602	Study_Phase.SEQUENCE.Study_Instruction	LOADING RESOURCE SURFACE FROM DISK
2089086.181	Study_Phase.SEQUENCE.Study_Instruction	LOADING RESOURCE SURFACE FROM DISK
2097353.852	Study_Phase.SEQUENCE.Study_Instruction	LOADING RESOURCE SURFACE FROM DISK
2097398.915	Study_Phase.SEQUENCE.Study_Instruction	LOADING RESOURCE SURFACE FROM DISK
2105667.196	Study_Phase.SEQUENCE.Study_Instruction	LOADING RESOURCE SURFACE FROM DISK
2113937.333	Study_Phase.SEQUENCE.Study_Instruction	LOADING RESOURCE SURFACE FROM DISK
2113981.707	Study_Phase.SEQUENCE.Study_Instruction	LOADING RESOURCE SURFACE FROM DISK
2122253.895	Study_Phase.SEQUENCE.Study_Instruction	LOADING RESOURCE SURFACE FROM DISK
2122290.417	Study_Phase.SEQUENCE.Study_Instruction	LOADING RESOURCE SURFACE FROM DISK
2130609.593	Study_Phase.SEQUENCE.Study_Instruction	LOADING RESOURCE SURFACE FROM DISK
2138887.706	Study_Phase.SEQUENCE.Study_Instruction	LOADING RESOURCE SURFACE FROM DISK
2138890.447	Study_Phase.SEQUENCE.Study_Instruction	LOADING RESOURCE SURFACE FROM DISK
2147289.175	Study_Phase.SEQUENCE.Study_Instruction	LOADING RESOURCE SURFACE FROM DISK
2155602.526	Study_Phase.SEQUENCE.Study_Instruction	LOADING RESOURCE SURFACE FROM DISK
2163906.368	Study_Phase.SEQUENCE.Study_Instruction	LOADING RESOURCE SURFACE FROM DISK
2172187.205	Study_Phase.SEQUENCE.Study_Instruction	LOADING RESOURCE SURFACE FROM DISK
2172231.78	Study_Phase.SEQUENCE.Study_Instruction	LOADING RESOURCE SURFACE FROM DISK
2180534.156	Study_Phase.SEQUENCE.Study_Instruction	LOADING RESOURCE SURFACE FROM DISK
2188803.97	Study_Phase.SEQUENCE.Study_Instruction	LOADING RESOURCE SURFACE FROM DISK
2188843.869	Study_Phase.SEQUENCE.Study_Instruction	LOADING RESOURCE SURFACE FROM DISK
2197161.108	Study_Phase.SEQUENCE.Study_Instruction	LOADING RESOURCE SURFACE FROM DISK
2205437.317	Study_Phase.SEQUENCE.Study_Instruction	LOADING RESOURCE SURFACE FROM DISK
2205439.772	Study_Phase.SEQUENCE.Study_Instruction	LOADING RESOURCE SURFACE FROM DISK
2213760.639	Study_Phase.SEQUENCE.Study_Instruction	LOADING RESOURCE SURFACE FROM DISK
2222033.905	Study_Phase.SEQUENCE.Study_Instruction	LOADING RESOURCE SURFACE FROM DISK
2230333.542	Study_Phase.SEQUENCE.Study_Instruction	LOADING RESOURCE SURFACE FROM DISK
2238637.293	Study_Phase.SEQUENCE.Study_Instruction	LOADING RESOURCE SURFACE FROM DISK
2238672.381	Study_Phase.SEQUENCE.Study_Instruction	LOADING RESOURCE SURFACE FROM DISK
2246951.703	Study_Phase.SEQUENCE.Study_Instruction	LOADING RESOURCE SURFACE FROM DISK
2255254.646	Study_Phase.SEQUENCE.Study_Instruction	LOADING RESOURCE SURFACE FROM DISK
2263520.735	Study_Phase.SEQUENCE.Study_Instruction	LOADING RESOURCE SURFACE FROM DISK
2263523.207	Study_Phase.SEQUENCE.Study_Instruction	LOADING RESOURCE SURFACE FROM DISK
2271841.467	Study_Phase.SEQUENCE.Study_Instruction	LOADING RESOURCE SURFACE FROM DISK
2280120.684	Study_Phase.SEQUENCE.Study_Instruction	LOADING RESOURCE SURFACE FROM DISK
2280165.677	Study_Phase.SEQUENCE.Study_Instruction	LOADING RESOURCE SURFACE FROM DISK
2288437.362	Study_Phase.SEQUENCE.Study_Instruction	LOADING RESOURCE SURFACE FROM DISK
2288481.232	Study_Phase.SEQUENCE.Study_Instruction	LOADING RESOURCE SURFACE FROM DISK
2296786.797	Study_Phase.SEQUENCE.Study_Instruction	LOADING RESOURCE SURFACE FROM DISK
2305053.89	Study_Phase.SEQUENCE.Study_Instruction	LOADING RESOURCE SURFACE FROM DISK
2305092.109	Study_Phase.SEQUENCE.Study_Instruction	LOADING RESOURCE SURFACE FROM DISK
2313370.841	Study_Phase.SEQUENCE.Study_Instruction	LOADING RESOURCE SURFACE FROM DISK
2313373.441	Study_Phase.SEQUENCE.Study_Instruction	LOADING RESOURCE SURFACE FROM DISK
2321651.683	Study_Phase.SEQUENCE.Study_Instruction	LOADING RESOURCE SURFACE FROM DISK
2329920.679	Study_Phase.SEQUENCE.Study_Instruction	LOADING RESOURCE SURFACE FROM DISK
2329956.814	Study_Phase.SEQUENCE.Study_Instruction	LOADING RESOURCE SURFACE FROM DISK
2338233.826	Study_Phase.SEQUENCE.Study_Instruction	LOADING RESOURCE SURFACE FROM DISK
2346539.667	Study_Phase.SEQUENCE.Study_Instruction	LOADING RESOURCE SURFACE FROM DISK
2354861.259	Study_Phase.SEQUENCE.Study_Instruction	LOADING RESOURCE SURFACE FROM DISK
2363137.278	Study_Phase.SEQUENCE.Study_Instruction	LOADING RESOURCE SURFACE FROM DISK
2363181.125	Study_Phase.SEQUENCE.Study_Instruction	LOADING RESOURCE SURFACE FROM DISK
2371454.032	Study_Phase.SEQUENCE.Study_Instruction	LOADING RESOURCE SURFACE FROM DISK
2371456.646	Study_Phase.SEQUENCE.Study_Instruction	LOADING RESOURCE SURFACE FROM DISK
2379755.243	Study_Phase.SEQUENCE.Study_Instruction	LOADING RESOURCE SURFACE FROM DISK
2388057.714	Study_Phase.SEQUENCE.Study_Instruction	LOADING RESOURCE SURFACE FROM DISK
2396373.123	Study_Phase.SEQUENCE.Study_Instruction	LOADING RESOURCE SURFACE FROM DISK
2404689.389	Study_Phase.SEQUENCE.Study_Instruction	LOADING RESOURCE SURFACE FROM DISK
2412970.472	Study_Phase.SEQUENCE.Study_Instruction	LOADING RESOURCE SURFACE FROM DISK
2412972.961	Study_Phase.SEQUENCE.Study_Instruction	LOADING RESOURCE SURFACE FROM DISK
2421289.414	Study_Phase.SEQUENCE.Study_Instruction	LOADING RESOURCE SURFACE FROM DISK
2429603.852	Study_Phase.SEQUENCE.Study_Instruction	LOADING RESOURCE SURFACE FROM DISK
2437870.695	Study_Phase.SEQUENCE.Study_Instruction	LOADING RESOURCE SURFACE FROM DISK
2437873.103	Study_Phase.SEQUENCE.Study_Instruction	LOADING RESOURCE SURFACE FROM DISK
2446154.12	Study_Phase.SEQUENCE.Study_Instruction	LOADING RESOURCE SURFACE FROM DISK
2446188.734	Study_Phase.SEQUENCE.Study_Instruction	LOADING RESOURCE SURFACE FROM DISK
2454470.47	Study_Phase.SEQUENCE.Study_Instruction	LOADING RESOURCE SURFACE FROM DISK
2454507.721	Study_Phase.SEQUENCE.Study_Instruction	LOADING RESOURCE SURFACE FROM DISK
2462785.186	Study_Phase.SEQUENCE.Study_Instruction	LOADING RESOURCE SURFACE FROM DISK
2471054.209	Study_Phase.SEQUENCE.Study_Instruction	LOADING RESOURCE SURFACE FROM DISK
2471056.636	Study_Phase.SEQUENCE.Study_Instruction	LOADING RESOURCE SURFACE FROM DISK
2479370.338	Study_Phase.SEQUENCE.Study_Instruction	LOADING RESOURCE SURFACE FROM DISK
2487637.413	Study_Phase.SEQUENCE.Study_Instruction	LOADING RESOURCE SURFACE FROM DISK
2487678.072	Study_Phase.SEQUENCE.Study_Instruction	LOADING RESOURCE SURFACE FROM DISK
2495951.66	Study_Phase.SEQUENCE.Study_Instruction	LOADING RESOURCE SURFACE FROM DISK
2504220.425	Study_Phase.SEQUENCE.Study_Instruction	LOADING RESOURCE SURFACE FROM DISK
2504263.452	Study_Phase.SEQUENCE.Study_Instruction	LOADING RESOURCE SURFACE FROM DISK
2512578.951	Study_Phase.SEQUENCE.Study_Instruction	LOADING RESOURCE SURFACE FROM DISK
2520854.057	Study_Phase.SEQUENCE.Study_Instruction	LOADING RESOURCE SURFACE FROM DISK
2520856.514	Study_Phase.SEQUENCE.Study_Instruction	LOADING RESOURCE SURFACE FROM DISK
2529104.175	Study_Phase.SEQUENCE.Study_Instruction	LOADING RESOURCE SURFACE FROM DISK
2529139.525	Study_Phase.SEQUENCE.Study_Instruction	LOADING RESOURCE SURFACE FROM DISK
2537420.736	Study_Phase.SEQUENCE.Study_Instruction	LOADING RESOURCE SURFACE FROM DISK
2537461.002	Study_Phase.SEQUENCE.Study_Instruction	LOADING RESOURCE SURFACE FROM DISK
2545737.18	Study_Phase.SEQUENCE.Study_Instruction	LOADING RESOURCE SURFACE FROM DISK
2545783.622	Study_Phase.SEQUENCE.Study_Instruction	LOADING RESOURCE SURFACE FROM DISK
2554054.056	Study_Phase.SEQUENCE.Study_Instruction	LOADING RESOURCE SURFACE FROM DISK
2554095.559	Study_Phase.SEQUENCE.Study_Instruction	LOADING RESOURCE SURFACE FROM DISK
2562370.697	Study_Phase.SEQUENCE.Study_Instruction	LOADING RESOURCE SURFACE FROM DISK
2562373.221	Study_Phase.SEQUENCE.Study_Instruction	LOADING RESOURCE SURFACE FROM DISK
2570683.041	Study_Phase.SEQUENCE.Study_Instruction	LOADING RESOURCE SURFACE FROM DISK
2578954.051	Study_Phase.SEQUENCE.Study_Instruction	LOADING RESOURCE SURFACE FROM DISK
2578994.737	Study_Phase.SEQUENCE.Study_Instruction	LOADING RESOURCE SURFACE FROM DISK
2587268.401	Study_Phase.SEQUENCE.Study_Instruction	LOADING RESOURCE SURFACE FROM DISK
2595537.273	Study_Phase.SEQUENCE.Study_Instruction	LOADING RESOURCE SURFACE FROM DISK
2595539.652	Study_Phase.SEQUENCE.Study_Instruction	LOADING RESOURCE SURFACE FROM DISK
2603820.534	Study_Phase.SEQUENCE.Study_Instruction	LOADING RESOURCE SURFACE FROM DISK
2603864.233	Study_Phase.SEQUENCE.Study_Instruction	LOADING RESOURCE SURFACE FROM DISK
2612204.115	Study_Phase.SEQUENCE.Study_Instruction	LOADING RESOURCE SURFACE FROM DISK
2612248.295	Study_Phase.SEQUENCE.Study_Instruction	LOADING RESOURCE SURFACE FROM DISK
2620520.589	Study_Phase.SEQUENCE.Study_Instruction	LOADING RESOURCE SURFACE FROM DISK
2620558.961	Study_Phase.SEQUENCE.Study_Instruction	LOADING RESOURCE SURFACE FROM DISK
2628869.964	Study_Phase.SEQUENCE.Study_Instruction	LOADING RESOURCE SURFACE FROM DISK
2637137.277	Study_Phase.SEQUENCE.Study_Instruction	LOADING RESOURCE SURFACE FROM DISK
2637139.7	Study_Phase.SEQUENCE.Study_Instruction	LOADING RESOURCE SURFACE FROM DISK
2645421.085	Study_Phase.SEQUENCE.Study_Instruction	LOADING RESOURCE SURFACE FROM DISK
2645423.78	Study_Phase.SEQUENCE.Study_Instruction	LOADING RESOURCE SURFACE FROM DISK
2653719.738	Study_Phase.SEQUENCE.Study_Instruction	LOADING RESOURCE SURFACE FROM DISK
2662025.953	Study_Phase.SEQUENCE.Study_Instruction	LOADING RESOURCE SURFACE FROM DISK
2670304.086	Study_Phase.SEQUENCE.Study_Instruction	LOADING RESOURCE SURFACE FROM DISK
2670306.592	Study_Phase.SEQUENCE.Study_Instruction	LOADING RESOURCE SURFACE FROM DISK
2678587.231	Study_Phase.SEQUENCE.Study_Instruction	LOADING RESOURCE SURFACE FROM DISK
2678589.808	Study_Phase.SEQUENCE.Study_Instruction	LOADING RESOURCE SURFACE FROM DISK
2686870.747	Study_Phase.SEQUENCE.Study_Instruction	LOADING RESOURCE SURFACE FROM DISK
2686929.657	Study_Phase.SEQUENCE.Study_Instruction	LOADING RESOURCE SURFACE FROM DISK
2695204.035	Study_Phase.SEQUENCE.Study_Instruction	LOADING RESOURCE SURFACE FROM DISK
2695245.652	Study_Phase.SEQUENCE.Study_Instruction	LOADING RESOURCE SURFACE FROM DISK
2703517.13	Study_Phase.SEQUENCE.Study_Instruction	LOADING RESOURCE SURFACE FROM DISK
2711787.481	Study_Phase.SEQUENCE.Study_Instruction	LOADING RESOURCE SURFACE FROM DISK
2711824.722	Study_Phase.SEQUENCE.Study_Instruction	LOADING RESOURCE SURFACE FROM DISK
2720103.824	Study_Phase.SEQUENCE.Study_Instruction	LOADING RESOURCE SURFACE FROM DISK
2720146.259	Study_Phase.SEQUENCE.Study_Instruction	LOADING RESOURCE SURFACE FROM DISK
2728450.665	Study_Phase.SEQUENCE.Study_Instruction	LOADING RESOURCE SURFACE FROM DISK
2736704.067	Study_Phase.SEQUENCE.Study_Instruction	LOADING RESOURCE SURFACE FROM DISK
2736706.549	Study_Phase.SEQUENCE.Study_Instruction	LOADING RESOURCE SURFACE FROM DISK
2744985.219	Study_Phase.SEQUENCE.Study_Instruction	LOADING RESOURCE SURFACE FROM DISK
2753288.005	Study_Phase.SEQUENCE.Study_Instruction	LOADING RESOURCE SURFACE FROM DISK
2761553.75	Study_Phase.SEQUENCE.Study_Instruction	LOADING RESOURCE SURFACE FROM DISK
2761556.171	Study_Phase.SEQUENCE.Study_Instruction	LOADING RESOURCE SURFACE FROM DISK
2769834.866	Study_Phase.SEQUENCE.Study_Instruction	LOADING RESOURCE SURFACE FROM DISK
2778103.998	Study_Phase.SEQUENCE.Study_Instruction	LOADING RESOURCE SURFACE FROM DISK
2778149.737	Study_Phase.SEQUENCE.Study_Instruction	LOADING RESOURCE SURFACE FROM DISK
2786441.639	Study_Phase.SEQUENCE.Study_Instruction	LOADING RESOURCE SURFACE FROM DISK
2794759.348	Study_Phase.SEQUENCE.Study_Instruction	LOADING RESOURCE SURFACE FROM DISK
2803052.736	Study_Phase.SEQUENCE.Study_Instruction	LOADING RESOURCE SURFACE FROM DISK
2811341.456	Study_Phase.SEQUENCE.Study_Instruction	LOADING RESOURCE SURFACE FROM DISK
2819620.849	Study_Phase.SEQUENCE.Study_Instruction	LOADING RESOURCE SURFACE FROM DISK
2819623.285	Study_Phase.SEQUENCE.Study_Instruction	LOADING RESOURCE SURFACE FROM DISK
2827903.832	Study_Phase.SEQUENCE.Study_Instruction	LOADING RESOURCE SURFACE FROM DISK
2827906.456	Study_Phase.SEQUENCE.Study_Instruction	LOADING RESOURCE SURFACE FROM DISK
2836185.039	Study_Phase.SEQUENCE.Study_Instruction	LOADING RESOURCE SURFACE FROM DISK
2844454.091	Study_Phase.SEQUENCE.Study_Instruction	LOADING RESOURCE SURFACE FROM DISK
2844456.568	Study_Phase.SEQUENCE.Study_Instruction	LOADING RESOURCE SURFACE FROM DISK
2852774.182	Study_Phase.SEQUENCE.Study_Instruction	LOADING RESOURCE SURFACE FROM DISK
2861050.568	Study_Phase.SEQUENCE.Study_Instruction	LOADING RESOURCE SURFACE FROM DISK
2869354.969	Study_Phase.SEQUENCE.Study_Instruction	LOADING RESOURCE SURFACE FROM DISK
2877620.56	Study_Phase.SEQUENCE.Study_Instruction	LOADING RESOURCE SURFACE FROM DISK
2877661.462	Study_Phase.SEQUENCE.Study_Instruction	LOADING RESOURCE SURFACE FROM DISK
2885933.995	Study_Phase.SEQUENCE.Study_Instruction	LOADING RESOURCE SURFACE FROM DISK
2894183.853	Study_Phase.SEQUENCE.Study_Instruction	LOADING RESOURCE SURFACE FROM DISK
2902489.114	Study_Phase.SEQUENCE.Study_Instruction	LOADING RESOURCE SURFACE FROM DISK
2910754.225	Study_Phase.SEQUENCE.Study_Instruction	LOADING RESOURCE SURFACE FROM DISK
2910796.01	Study_Phase.SEQUENCE.Study_Instruction	LOADING RESOURCE SURFACE FROM DISK
2919068.369	Study_Phase.SEQUENCE.Study_Instruction	LOADING RESOURCE SURFACE FROM DISK
2927337.163	Study_Phase.SEQUENCE.Study_Instruction	LOADING RESOURCE SURFACE FROM DISK
2927371.787	Study_Phase.SEQUENCE.Study_Instruction	LOADING RESOURCE SURFACE FROM DISK
2935688.786	Study_Phase.SEQUENCE.Study_Instruction	LOADING RESOURCE SURFACE FROM DISK
2943954.015	Study_Phase.SEQUENCE.Study_Instruction	LOADING RESOURCE SURFACE FROM DISK
2943956.463	Study_Phase.SEQUENCE.Study_Instruction	LOADING RESOURCE SURFACE FROM DISK
2952272.479	Study_Phase.SEQUENCE.Study_Instruction	LOADING RESOURCE SURFACE FROM DISK
2958511.779	DISPLAY_SCREEN[7]	LOADING RESOURCE SURFACE FROM DISK
3217217.142	Test_Phase.SEQUENCE.Target_Cue	LOADING RESOURCE SURFACE FROM DISK
3217218.945	Test_Phase.SEQUENCE.Target_Cue	LOADING RESOURCE SURFACE FROM DISK
3219233.913	Test_Phase.SEQUENCE.Word	LOADING RESOURCE SURFACE FROM DISK
3222250.188	Test_Phase.SEQUENCE.Test_Question	LOADING RESOURCE SURFACE FROM DISK
3222305.525	Test_Phase.SEQUENCE.Test_Question	LOADING RESOURCE SURFACE FROM DISK
3222310.629	Test_Phase.SEQUENCE.Test_Question	LOADING RESOURCE SURFACE FROM DISK
3222315.753	Test_Phase.SEQUENCE.Test_Question	LOADING RESOURCE SURFACE FROM DISK
3222317.635	Test_Phase.SEQUENCE.Test_Question	LOADING RESOURCE SURFACE FROM DISK
3222319.509	Test_Phase.SEQUENCE.Test_Question	LOADING RESOURCE SURFACE FROM DISK
3222321.306	Test_Phase.SEQUENCE.Test_Question	LOADING RESOURCE SURFACE FROM DISK
3222337.484	Test_Phase.SEQUENCE.Test_Question	LOADING RESOURCE SURFACE FROM DISK
3222339.247	Test_Phase.SEQUENCE.Test_Question	LOADING RESOURCE SURFACE FROM DISK
3222340.987	Test_Phase.SEQUENCE.Test_Question	LOADING RESOURCE SURFACE FROM DISK
3222342.695	Test_Phase.SEQUENCE.Test_Question	LOADING RESOURCE SURFACE FROM DISK
3222344.432	Test_Phase.SEQUENCE.Test_Question	LOADING RESOURCE SURFACE FROM DISK
3231033.806	Test_Phase.SEQUENCE.Word	LOADING RESOURCE SURFACE FROM DISK
3241826.651	Test_Phase.SEQUENCE.Word	LOADING RESOURCE SURFACE FROM DISK
3254450.268	Test_Phase.SEQUENCE.Word	LOADING RESOURCE SURFACE FROM DISK
3261301.019	Test_Phase.SEQUENCE.Word	LOADING RESOURCE SURFACE FROM DISK
3271600.155	Test_Phase.SEQUENCE.Word	LOADING RESOURCE SURFACE FROM DISK
3279803.943	Test_Phase.SEQUENCE.Word	LOADING RESOURCE SURFACE FROM DISK
3286693.885	Test_Phase.SEQUENCE.Word	LOADING RESOURCE SURFACE FROM DISK
3294567.049	Test_Phase.SEQUENCE.Word	LOADING RESOURCE SURFACE FROM DISK
3304567.216	Test_Phase.SEQUENCE.Word	LOADING RESOURCE SURFACE FROM DISK
3312570.679	Test_Phase.SEQUENCE.Word	LOADING RESOURCE SURFACE FROM DISK
3321367.225	Test_Phase.SEQUENCE.Word	LOADING RESOURCE SURFACE FROM DISK
3329783.783	Test_Phase.SEQUENCE.Word	LOADING RESOURCE SURFACE FROM DISK
3337733.842	Test_Phase.SEQUENCE.Word	LOADING RESOURCE SURFACE FROM DISK
3345762.357	Test_Phase.SEQUENCE.Word	LOADING RESOURCE SURFACE FROM DISK
3354625.311	Test_Phase.SEQUENCE.Word	LOADING RESOURCE SURFACE FROM DISK
3365283.562	Test_Phase.SEQUENCE.Word	LOADING RESOURCE SURFACE FROM DISK
3373033.641	Test_Phase.SEQUENCE.Word	LOADING RESOURCE SURFACE FROM DISK
3380350.279	Test_Phase.SEQUENCE.Word	LOADING RESOURCE SURFACE FROM DISK
3388017.071	Test_Phase.SEQUENCE.Word	LOADING RESOURCE SURFACE FROM DISK
3397408.804	Test_Phase.SEQUENCE.Word	LOADING RESOURCE SURFACE FROM DISK
3405224.236	Test_Phase.SEQUENCE.Word	LOADING RESOURCE SURFACE FROM DISK
3414367.04	Test_Phase.SEQUENCE.Word	LOADING RESOURCE SURFACE FROM DISK
3423317.086	Test_Phase.SEQUENCE.Word	LOADING RESOURCE SURFACE FROM DISK
3430801.235	Test_Phase.SEQUENCE.Word	LOADING RESOURCE SURFACE FROM DISK
3438600.27	Test_Phase.SEQUENCE.Word	LOADING RESOURCE SURFACE FROM DISK
3446533.643	Test_Phase.SEQUENCE.Word	LOADING RESOURCE SURFACE FROM DISK
3453850.208	Test_Phase.SEQUENCE.Word	LOADING RESOURCE SURFACE FROM DISK
3461866.803	Test_Phase.SEQUENCE.Word	LOADING RESOURCE SURFACE FROM DISK
3469700.304	Test_Phase.SEQUENCE.Word	LOADING RESOURCE SURFACE FROM DISK
3477316.992	Test_Phase.SEQUENCE.Word	LOADING RESOURCE SURFACE FROM DISK
3484700.378	Test_Phase.SEQUENCE.Word	LOADING RESOURCE SURFACE FROM DISK
3492093.14	Test_Phase.SEQUENCE.Word	LOADING RESOURCE SURFACE FROM DISK
3500520.251	Test_Phase.SEQUENCE.Word	LOADING RESOURCE SURFACE FROM DISK
3508117.234	Test_Phase.SEQUENCE.Word	LOADING RESOURCE SURFACE FROM DISK
3515566.911	Test_Phase.SEQUENCE.Word	LOADING RESOURCE SURFACE FROM DISK
3523233.774	Test_Phase.SEQUENCE.Word	LOADING RESOURCE SURFACE FROM DISK
3530835.722	Test_Phase.SEQUENCE.Word	LOADING RESOURCE SURFACE FROM DISK
3538284.421	Test_Phase.SEQUENCE.Word	LOADING RESOURCE SURFACE FROM DISK
3545818.554	Test_Phase.SEQUENCE.Word	LOADING RESOURCE SURFACE FROM DISK
3553184.044	Test_Phase.SEQUENCE.Word	LOADING RESOURCE SURFACE FROM DISK
3560573.308	Test_Phase.SEQUENCE.Word	LOADING RESOURCE SURFACE FROM DISK
3567866.941	Test_Phase.SEQUENCE.Word	LOADING RESOURCE SURFACE FROM DISK
3576517.08	Test_Phase.SEQUENCE.Word	LOADING RESOURCE SURFACE FROM DISK
3583800.721	Test_Phase.SEQUENCE.Word	LOADING RESOURCE SURFACE FROM DISK
3591107.02	Test_Phase.SEQUENCE.Word	LOADING RESOURCE SURFACE FROM DISK
3598333.649	Test_Phase.SEQUENCE.Word	LOADING RESOURCE SURFACE FROM DISK
3605616.991	Test_Phase.SEQUENCE.Word	LOADING RESOURCE SURFACE FROM DISK
3612900.479	Test_Phase.SEQUENCE.Word	LOADING RESOURCE SURFACE FROM DISK
3620092.499	Test_Phase.SEQUENCE.Word	LOADING RESOURCE SURFACE FROM DISK
3627252.442	Test_Phase.SEQUENCE.Word	LOADING RESOURCE SURFACE FROM DISK
3634517.172	Test_Phase.SEQUENCE.Word	LOADING RESOURCE SURFACE FROM DISK
3641833.961	Test_Phase.SEQUENCE.Word	LOADING RESOURCE SURFACE FROM DISK
3649167.014	Test_Phase.SEQUENCE.Word	LOADING RESOURCE SURFACE FROM DISK
3658250.184	Test_Phase.SEQUENCE.Word	LOADING RESOURCE SURFACE FROM DISK
3665577.265	Test_Phase.SEQUENCE.Word	LOADING RESOURCE SURFACE FROM DISK
3673783.58	Test_Phase.SEQUENCE.Word	LOADING RESOURCE SURFACE FROM DISK
3680900.37	Test_Phase.SEQUENCE.Word	LOADING RESOURCE SURFACE FROM DISK
3688994.276	Test_Phase.SEQUENCE.Word	LOADING RESOURCE SURFACE FROM DISK
3696600.643	Test_Phase.SEQUENCE.Word	LOADING RESOURCE SURFACE FROM DISK
3703900.256	Test_Phase.SEQUENCE.Word	LOADING RESOURCE SURFACE FROM DISK
3711216.955	Test_Phase.SEQUENCE.Word	LOADING RESOURCE SURFACE FROM DISK
3718433.851	Test_Phase.SEQUENCE.Word	LOADING RESOURCE SURFACE FROM DISK
3725650.27	Test_Phase.SEQUENCE.Word	LOADING RESOURCE SURFACE FROM DISK
3733016.897	Test_Phase.SEQUENCE.Word	LOADING RESOURCE SURFACE FROM DISK
3740083.649	Test_Phase.SEQUENCE.Word	LOADING RESOURCE SURFACE FROM DISK
3747438.721	Test_Phase.SEQUENCE.Word	LOADING RESOURCE SURFACE FROM DISK
3754850.691	Test_Phase.SEQUENCE.Word	LOADING RESOURCE SURFACE FROM DISK
3761922.368	Test_Phase.SEQUENCE.Word	LOADING RESOURCE SURFACE FROM DISK
3769771.44	Test_Phase.SEQUENCE.Word	LOADING RESOURCE SURFACE FROM DISK
3779667.057	Test_Phase.SEQUENCE.Word	LOADING RESOURCE SURFACE FROM DISK
3787700.286	Test_Phase.SEQUENCE.Word	LOADING RESOURCE SURFACE FROM DISK
3795077.327	Test_Phase.SEQUENCE.Word	LOADING RESOURCE SURFACE FROM DISK
3802266.909	Test_Phase.SEQUENCE.Word	LOADING RESOURCE SURFACE FROM DISK
3809967.051	Test_Phase.SEQUENCE.Word	LOADING RESOURCE SURFACE FROM DISK
3817338.239	Test_Phase.SEQUENCE.Word	LOADING RESOURCE SURFACE FROM DISK
3824851.308	Test_Phase.SEQUENCE.Word	LOADING RESOURCE SURFACE FROM DISK
3832367.069	Test_Phase.SEQUENCE.Word	LOADING RESOURCE SURFACE FROM DISK
3839776.017	Test_Phase.SEQUENCE.Word	LOADING RESOURCE SURFACE FROM DISK
3847067.248	Test_Phase.SEQUENCE.Word	LOADING RESOURCE SURFACE FROM DISK
3854766.934	Test_Phase.SEQUENCE.Word	LOADING RESOURCE SURFACE FROM DISK
3861900.455	Test_Phase.SEQUENCE.Word	LOADING RESOURCE SURFACE FROM DISK
3869033.503	Test_Phase.SEQUENCE.Word	LOADING RESOURCE SURFACE FROM DISK
3876383.843	Test_Phase.SEQUENCE.Word	LOADING RESOURCE SURFACE FROM DISK
3884193.018	Test_Phase.SEQUENCE.Word	LOADING RESOURCE SURFACE FROM DISK
3891317.121	Test_Phase.SEQUENCE.Word	LOADING RESOURCE SURFACE FROM DISK
3898533.651	Test_Phase.SEQUENCE.Word	LOADING RESOURCE SURFACE FROM DISK
3905984.729	Test_Phase.SEQUENCE.Word	LOADING RESOURCE SURFACE FROM DISK
3914500.255	Test_Phase.SEQUENCE.Word	LOADING RESOURCE SURFACE FROM DISK
3921717.122	Test_Phase.SEQUENCE.Word	LOADING RESOURCE SURFACE FROM DISK
3929073.276	Test_Phase.SEQUENCE.Word	LOADING RESOURCE SURFACE FROM DISK
3937250.408	Test_Phase.SEQUENCE.Word	LOADING RESOURCE SURFACE FROM DISK
3944638.171	Test_Phase.SEQUENCE.Word	LOADING RESOURCE SURFACE FROM DISK
3952167.044	Test_Phase.SEQUENCE.Word	LOADING RESOURCE SURFACE FROM DISK
3959616.487	Test_Phase.SEQUENCE.Word	LOADING RESOURCE SURFACE FROM DISK
3967133.715	Test_Phase.SEQUENCE.Word	LOADING RESOURCE SURFACE FROM DISK
3974383.633	Test_Phase.SEQUENCE.Word	LOADING RESOURCE SURFACE FROM DISK
3981517.329	Test_Phase.SEQUENCE.Word	LOADING RESOURCE SURFACE FROM DISK
3988800.339	Test_Phase.SEQUENCE.Word	LOADING RESOURCE SURFACE FROM DISK
3995983.729	Test_Phase.SEQUENCE.Word	LOADING RESOURCE SURFACE FROM DISK
4003370.933	Test_Phase.SEQUENCE.Word	LOADING RESOURCE SURFACE FROM DISK
4010517.202	Test_Phase.SEQUENCE.Word	LOADING RESOURCE SURFACE FROM DISK
4017633.757	Test_Phase.SEQUENCE.Word	LOADING RESOURCE SURFACE FROM DISK
4025340.953	Test_Phase.SEQUENCE.Word	LOADING RESOURCE SURFACE FROM DISK
4032717.065	Test_Phase.SEQUENCE.Word	LOADING RESOURCE SURFACE FROM DISK
4040883.61	Test_Phase.SEQUENCE.Word	LOADING RESOURCE SURFACE FROM DISK
4048016.977	Test_Phase.SEQUENCE.Word	LOADING RESOURCE SURFACE FROM DISK
4056017.069	Test_Phase.SEQUENCE.Word	LOADING RESOURCE SURFACE FROM DISK
4063800.327	Test_Phase.SEQUENCE.Word	LOADING RESOURCE SURFACE FROM DISK
4071067.001	Test_Phase.SEQUENCE.Word	LOADING RESOURCE SURFACE FROM DISK
4078191.449	Test_Phase.SEQUENCE.Word	LOADING RESOURCE SURFACE FROM DISK
4085283.443	Test_Phase.SEQUENCE.Word	LOADING RESOURCE SURFACE FROM DISK
4092600.298	Test_Phase.SEQUENCE.Word	LOADING RESOURCE SURFACE FROM DISK
4099733.824	Test_Phase.SEQUENCE.Word	LOADING RESOURCE SURFACE FROM DISK
4108483.685	Test_Phase.SEQUENCE.Word	LOADING RESOURCE SURFACE FROM DISK
4115624.608	Test_Phase.SEQUENCE.Word	LOADING RESOURCE SURFACE FROM DISK
4123533.69	Test_Phase.SEQUENCE.Word	LOADING RESOURCE SURFACE FROM DISK
4130673.792	Test_Phase.SEQUENCE.Word	LOADING RESOURCE SURFACE FROM DISK
4137783.687	Test_Phase.SEQUENCE.Word	LOADING RESOURCE SURFACE FROM DISK
4145155.686	Test_Phase.SEQUENCE.Word	LOADING RESOURCE SURFACE FROM DISK
4153316.961	Test_Phase.SEQUENCE.Word	LOADING RESOURCE SURFACE FROM DISK
4160925.193	Test_Phase.SEQUENCE.Word	LOADING RESOURCE SURFACE FROM DISK
4168617.041	Test_Phase.SEQUENCE.Word	LOADING RESOURCE SURFACE FROM DISK
4176283.594	Test_Phase.SEQUENCE.Word	LOADING RESOURCE SURFACE FROM DISK
4183683.717	Test_Phase.SEQUENCE.Word	LOADING RESOURCE SURFACE FROM DISK
4190916.934	Test_Phase.SEQUENCE.Word	LOADING RESOURCE SURFACE FROM DISK
4198383.674	Test_Phase.SEQUENCE.Word	LOADING RESOURCE SURFACE FROM DISK
4205550.219	Test_Phase.SEQUENCE.Word	LOADING RESOURCE SURFACE FROM DISK
4212937.075	Test_Phase.SEQUENCE.Word	LOADING RESOURCE SURFACE FROM DISK
4220518.778	Test_Phase.SEQUENCE.Word	LOADING RESOURCE SURFACE FROM DISK
4228366.955	Test_Phase.SEQUENCE.Word	LOADING RESOURCE SURFACE FROM DISK
4235524.574	Test_Phase.SEQUENCE.Word	LOADING RESOURCE SURFACE FROM DISK
4243750.159	Test_Phase.SEQUENCE.Word	LOADING RESOURCE SURFACE FROM DISK
4251084.353	Test_Phase.SEQUENCE.Word	LOADING RESOURCE SURFACE FROM DISK
4258483.892	Test_Phase.SEQUENCE.Word	LOADING RESOURCE SURFACE FROM DISK
4265650.467	Test_Phase.SEQUENCE.Word	LOADING RESOURCE SURFACE FROM DISK
4272767.072	Test_Phase.SEQUENCE.Word	LOADING RESOURCE SURFACE FROM DISK
4280017.147	Test_Phase.SEQUENCE.Word	LOADING RESOURCE SURFACE FROM DISK
4287206.82	Test_Phase.SEQUENCE.Word	LOADING RESOURCE SURFACE FROM DISK
4294300.282	Test_Phase.SEQUENCE.Word	LOADING RESOURCE SURFACE FROM DISK
4301417.137	Test_Phase.SEQUENCE.Word	LOADING RESOURCE SURFACE FROM DISK
4309400.158	Test_Phase.SEQUENCE.Word	LOADING RESOURCE SURFACE FROM DISK
4316633.73	Test_Phase.SEQUENCE.Word	LOADING RESOURCE SURFACE FROM DISK
4323917.215	Test_Phase.SEQUENCE.Word	LOADING RESOURCE SURFACE FROM DISK
4331050.856	Test_Phase.SEQUENCE.Word	LOADING RESOURCE SURFACE FROM DISK
4338438.671	Test_Phase.SEQUENCE.Word	LOADING RESOURCE SURFACE FROM DISK
4345550.336	Test_Phase.SEQUENCE.Word	LOADING RESOURCE SURFACE FROM DISK
4353367.333	Test_Phase.SEQUENCE.Word	LOADING RESOURCE SURFACE FROM DISK
4360700.296	Test_Phase.SEQUENCE.Word	LOADING RESOURCE SURFACE FROM DISK
4368233.775	Test_Phase.SEQUENCE.Word	LOADING RESOURCE SURFACE FROM DISK
4375583.771	Test_Phase.SEQUENCE.Word	LOADING RESOURCE SURFACE FROM DISK
4390526.141	Test_Phase.SEQUENCE.Word	LOADING RESOURCE SURFACE FROM DISK
4397835.494	Test_Phase.SEQUENCE.Word	LOADING RESOURCE SURFACE FROM DISK
4408933.979	Test_Phase.SEQUENCE.Word	LOADING RESOURCE SURFACE FROM DISK
4416033.889	Test_Phase.SEQUENCE.Word	LOADING RESOURCE SURFACE FROM DISK
4423191.984	Test_Phase.SEQUENCE.Word	LOADING RESOURCE SURFACE FROM DISK
4431467.007	Test_Phase.SEQUENCE.Word	LOADING RESOURCE SURFACE FROM DISK
4439333.925	Test_Phase.SEQUENCE.Word	LOADING RESOURCE SURFACE FROM DISK
4447350.395	Test_Phase.SEQUENCE.Word	LOADING RESOURCE SURFACE FROM DISK
4454851.934	Test_Phase.SEQUENCE.Word	LOADING RESOURCE SURFACE FROM DISK
4462150.207	Test_Phase.SEQUENCE.Word	LOADING RESOURCE SURFACE FROM DISK
4469233.694	Test_Phase.SEQUENCE.Word	LOADING RESOURCE SURFACE FROM DISK
4476558.798	Test_Phase.SEQUENCE.Word	LOADING RESOURCE SURFACE FROM DISK
4484783.729	Test_Phase.SEQUENCE.Word	LOADING RESOURCE SURFACE FROM DISK
4491917.049	Test_Phase.SEQUENCE.Word	LOADING RESOURCE SURFACE FROM DISK
4499087.705	Test_Phase.SEQUENCE.Word	LOADING RESOURCE SURFACE FROM DISK
4506350.805	Test_Phase.SEQUENCE.Word	LOADING RESOURCE SURFACE FROM DISK
4513633.818	Test_Phase.SEQUENCE.Word	LOADING RESOURCE SURFACE FROM DISK
4521217.036	Test_Phase.SEQUENCE.Word	LOADING RESOURCE SURFACE FROM DISK
4528354.141	Test_Phase.SEQUENCE.Word	LOADING RESOURCE SURFACE FROM DISK
4535788.845	Test_Phase.SEQUENCE.Word	LOADING RESOURCE SURFACE FROM DISK
4542950.711	Test_Phase.SEQUENCE.Word	LOADING RESOURCE SURFACE FROM DISK
4549983.543	Test_Phase.SEQUENCE.Word	LOADING RESOURCE SURFACE FROM DISK
4557420.192	Test_Phase.SEQUENCE.Word	LOADING RESOURCE SURFACE FROM DISK
4564733.871	Test_Phase.SEQUENCE.Word	LOADING RESOURCE SURFACE FROM DISK
4571900.289	Test_Phase.SEQUENCE.Word	LOADING RESOURCE SURFACE FROM DISK
4579316.969	Test_Phase.SEQUENCE.Word	LOADING RESOURCE SURFACE FROM DISK
4587522.146	Test_Phase.SEQUENCE.Word	LOADING RESOURCE SURFACE FROM DISK
4594616.912	Test_Phase.SEQUENCE.Word	LOADING RESOURCE SURFACE FROM DISK
4601983.681	Test_Phase.SEQUENCE.Word	LOADING RESOURCE SURFACE FROM DISK
4610501.422	Test_Phase.SEQUENCE.Word	LOADING RESOURCE SURFACE FROM DISK
4617877.921	Test_Phase.SEQUENCE.Word	LOADING RESOURCE SURFACE FROM DISK
4627117.123	Test_Phase.SEQUENCE.Word	LOADING RESOURCE SURFACE FROM DISK
4634216.979	Test_Phase.SEQUENCE.Word	LOADING RESOURCE SURFACE FROM DISK
4641367.227	Test_Phase.SEQUENCE.Word	LOADING RESOURCE SURFACE FROM DISK
4649150.258	Test_Phase.SEQUENCE.Word	LOADING RESOURCE SURFACE FROM DISK
4656250.978	Test_Phase.SEQUENCE.Word	LOADING RESOURCE SURFACE FROM DISK
4663850.179	Test_Phase.SEQUENCE.Word	LOADING RESOURCE SURFACE FROM DISK
4671189.221	Test_Phase.SEQUENCE.Word	LOADING RESOURCE SURFACE FROM DISK
4678533.864	Test_Phase.SEQUENCE.Word	LOADING RESOURCE SURFACE FROM DISK
4686100.324	Test_Phase.SEQUENCE.Word	LOADING RESOURCE SURFACE FROM DISK
4693359.368	Test_Phase.SEQUENCE.Word	LOADING RESOURCE SURFACE FROM DISK
4700655.233	Test_Phase.SEQUENCE.Word	LOADING RESOURCE SURFACE FROM DISK
4708633.678	Test_Phase.SEQUENCE.Word	LOADING RESOURCE SURFACE FROM DISK
4716750.246	Test_Phase.SEQUENCE.Word	LOADING RESOURCE SURFACE FROM DISK
4724589.209	Test_Phase.SEQUENCE.Word	LOADING RESOURCE SURFACE FROM DISK
4732783.592	Test_Phase.SEQUENCE.Word	LOADING RESOURCE SURFACE FROM DISK
4741255.123	Test_Phase.SEQUENCE.Word	LOADING RESOURCE SURFACE FROM DISK
4750917.012	Test_Phase.SEQUENCE.Word	LOADING RESOURCE SURFACE FROM DISK
4754704.531	DISPLAY_SCREEN	LOADING RESOURCE SURFACE FROM DISK
