5087.596	DISPLAY_SCREEN[1]	LOADING RESOURCE SURFACE FROM DISK
354037.794	Familiarization_Phase.SEQUENCE.Cue_and_Instruction	LOADING RESOURCE SURFACE FROM DISK
354047.843	Familiarization_Phase.SEQUENCE.Cue_and_Instruction	LOADING RESOURCE SURFACE FROM DISK
360125.334	Familiarization_Phase.SEQUENCE.Cue_and_Instruction	LOADING RESOURCE SURFACE FROM DISK
360129.947	Familiarization_Phase.SEQUENCE.Cue_and_Instruction	LOADING RESOURCE SURFACE FROM DISK
366166.728	Familiarization_Phase.SEQUENCE.Cue_and_Instruction	LOADING RESOURCE SURFACE FROM DISK
366207.308	Familiarization_Phase.SEQUENCE.Cue_and_Instruction	LOADING RESOURCE SURFACE FROM DISK
408601.529	DISPLAY_SCREEN[3]	LOADING RESOURCE SURFACE FROM DISK
522279.613	DISPLAY_SCREEN[5]	LOADING RESOURCE SURFACE FROM DISK
567184.556	Practice_Phase.SEQUENCE.Blink_Screen	LOADING RESOURCE SURFACE FROM DISK
567185.618	Practice_Phase.SEQUENCE.Blink_Screen	flip time is later than desired time. Desired Time=566930 Flip Time=567196 Retrace Rate=16.641, prepareTime=280 flip request time 567185
568415.854	Practice_Phase.SEQUENCE.Practice_Luminance_Cue	LOADING RESOURCE SURFACE FROM DISK
568426.696	Practice_Phase.SEQUENCE.Practice_Luminance_Cue	LOADING RESOURCE SURFACE FROM DISK
568428.143	Practice_Phase.SEQUENCE.Practice_Luminance_Cue	flip time is later than desired time. Desired Time=568396 Flip Time=568446 Retrace Rate=16.641, prepareTime=55 flip request time 568428
568968.067	Practice_Phase.SEQUENCE.DISPLAY_SCREEN	LOADING RESOURCE SURFACE FROM DISK
568970.155	Practice_Phase.SEQUENCE.DISPLAY_SCREEN	flip time is later than desired time. Desired Time=568946 Flip Time=568979 Retrace Rate=16.641, prepareTime=47 flip request time 568969
570497.701	Practice_Phase.SEQUENCE.Practice_Instruction	LOADING RESOURCE SURFACE FROM DISK
570498.994	Practice_Phase.SEQUENCE.Practice_Instruction	flip time is later than desired time. Desired Time=570480 Flip Time=570513 Retrace Rate=16.641, prepareTime=43 flip request time 570498
577134.712	Practice_Phase.SEQUENCE.DISPLAY_SCREEN	LOADING RESOURCE SURFACE FROM DISK
577136.547	Practice_Phase.SEQUENCE.DISPLAY_SCREEN	flip time is later than desired time. Desired Time=577096 Flip Time=577146 Retrace Rate=16.641, prepareTime=64 flip request time 577136
578641.827	Practice_Phase.SEQUENCE.Practice_Instruction	LOADING RESOURCE SURFACE FROM DISK
578643.145	Practice_Phase.SEQUENCE.Practice_Instruction	flip time is later than desired time. Desired Time=578646 Flip Time=578663 Retrace Rate=16.641, prepareTime=20 flip request time 578642
585254.155	Practice_Phase.SEQUENCE.DISPLAY_SCREEN	LOADING RESOURCE SURFACE FROM DISK
585255.926	Practice_Phase.SEQUENCE.DISPLAY_SCREEN	flip time is later than desired time. Desired Time=585229 Flip Time=585279 Retrace Rate=16.641, prepareTime=50 flip request time 585255
586797.117	Practice_Phase.SEQUENCE.Practice_Instruction	LOADING RESOURCE SURFACE FROM DISK
586798.56	Practice_Phase.SEQUENCE.Practice_Instruction	flip time is later than desired time. Desired Time=586780 Flip Time=586813 Retrace Rate=16.641, prepareTime=43 flip request time 586798
593361.367	Practice_Phase.SEQUENCE.DISPLAY_SCREEN	LOADING RESOURCE SURFACE FROM DISK
594858.171	Practice_Phase.SEQUENCE.Practice_Instruction	LOADING RESOURCE SURFACE FROM DISK
601427.692	Practice_Phase.SEQUENCE.DISPLAY_SCREEN	LOADING RESOURCE SURFACE FROM DISK
602957.626	Practice_Phase.SEQUENCE.Practice_Instruction	LOADING RESOURCE SURFACE FROM DISK
602958.984	Practice_Phase.SEQUENCE.Practice_Instruction	flip time is later than desired time. Desired Time=602946 Flip Time=602980 Retrace Rate=16.641, prepareTime=36 flip request time 602958
609527.894	Practice_Phase.SEQUENCE.DISPLAY_SCREEN	LOADING RESOURCE SURFACE FROM DISK
611063.089	Practice_Phase.SEQUENCE.Practice_Instruction	LOADING RESOURCE SURFACE FROM DISK
611064.467	Practice_Phase.SEQUENCE.Practice_Instruction	flip time is later than desired time. Desired Time=611046 Flip Time=611080 Retrace Rate=16.641, prepareTime=42 flip request time 611064
617627.815	Practice_Phase.SEQUENCE.DISPLAY_SCREEN	LOADING RESOURCE SURFACE FROM DISK
619160.048	Practice_Phase.SEQUENCE.Practice_Instruction	LOADING RESOURCE SURFACE FROM DISK
619161.469	Practice_Phase.SEQUENCE.Practice_Instruction	flip time is later than desired time. Desired Time=619146 Flip Time=619180 Retrace Rate=16.641, prepareTime=39 flip request time 619161
625727.523	Practice_Phase.SEQUENCE.DISPLAY_SCREEN	LOADING RESOURCE SURFACE FROM DISK
627224.702	Practice_Phase.SEQUENCE.Practice_Instruction	LOADING RESOURCE SURFACE FROM DISK
633794.429	Practice_Phase.SEQUENCE.DISPLAY_SCREEN	LOADING RESOURCE SURFACE FROM DISK
635291.549	Practice_Phase.SEQUENCE.Practice_Instruction	LOADING RESOURCE SURFACE FROM DISK
639971.586	DISPLAY_SCREEN[2]	LOADING RESOURCE SURFACE FROM DISK
836619.296	Study_Phase.SEQUENCE.DISPLAY_SCREEN	LOADING RESOURCE SURFACE FROM DISK
838174.415	Study_Phase.SEQUENCE.Study_Instruction	LOADING RESOURCE SURFACE FROM DISK
846482.378	Study_Phase.SEQUENCE.Study_Instruction	LOADING RESOURCE SURFACE FROM DISK
853219.29	Study_Phase.SEQUENCE.DISPLAY_SCREEN	LOADING RESOURCE SURFACE FROM DISK
854769.164	Study_Phase.SEQUENCE.Study_Instruction	LOADING RESOURCE SURFACE FROM DISK
863032.817	Study_Phase.SEQUENCE.Study_Instruction	LOADING RESOURCE SURFACE FROM DISK
871300.002	Study_Phase.SEQUENCE.Study_Instruction	LOADING RESOURCE SURFACE FROM DISK
878052.736	Study_Phase.SEQUENCE.DISPLAY_SCREEN	LOADING RESOURCE SURFACE FROM DISK
879607.893	Study_Phase.SEQUENCE.Study_Instruction	LOADING RESOURCE SURFACE FROM DISK
887892.409	Study_Phase.SEQUENCE.Study_Instruction	LOADING RESOURCE SURFACE FROM DISK
894652.832	Study_Phase.SEQUENCE.DISPLAY_SCREEN	LOADING RESOURCE SURFACE FROM DISK
896166.689	Study_Phase.SEQUENCE.Study_Instruction	LOADING RESOURCE SURFACE FROM DISK
902919.463	Study_Phase.SEQUENCE.DISPLAY_SCREEN	LOADING RESOURCE SURFACE FROM DISK
904433.418	Study_Phase.SEQUENCE.Study_Instruction	LOADING RESOURCE SURFACE FROM DISK
911186.194	Study_Phase.SEQUENCE.DISPLAY_SCREEN	LOADING RESOURCE SURFACE FROM DISK
912733.716	Study_Phase.SEQUENCE.Study_Instruction	LOADING RESOURCE SURFACE FROM DISK
921033.367	Study_Phase.SEQUENCE.Study_Instruction	LOADING RESOURCE SURFACE FROM DISK
927786.012	Study_Phase.SEQUENCE.DISPLAY_SCREEN	LOADING RESOURCE SURFACE FROM DISK
929300.038	Study_Phase.SEQUENCE.Study_Instruction	LOADING RESOURCE SURFACE FROM DISK
937576.735	Study_Phase.SEQUENCE.Study_Instruction	LOADING RESOURCE SURFACE FROM DISK
944336.177	Study_Phase.SEQUENCE.DISPLAY_SCREEN	LOADING RESOURCE SURFACE FROM DISK
945893.45	Study_Phase.SEQUENCE.Study_Instruction	LOADING RESOURCE SURFACE FROM DISK
954198.628	Study_Phase.SEQUENCE.Study_Instruction	LOADING RESOURCE SURFACE FROM DISK
962499.077	Study_Phase.SEQUENCE.Study_Instruction	LOADING RESOURCE SURFACE FROM DISK
970799.294	Study_Phase.SEQUENCE.Study_Instruction	LOADING RESOURCE SURFACE FROM DISK
977552.839	Study_Phase.SEQUENCE.DISPLAY_SCREEN	LOADING RESOURCE SURFACE FROM DISK
979100.924	Study_Phase.SEQUENCE.Study_Instruction	LOADING RESOURCE SURFACE FROM DISK
987350.057	Study_Phase.SEQUENCE.Study_Instruction	LOADING RESOURCE SURFACE FROM DISK
995651.587	Study_Phase.SEQUENCE.Study_Instruction	LOADING RESOURCE SURFACE FROM DISK
1002402.704	Study_Phase.SEQUENCE.DISPLAY_SCREEN	LOADING RESOURCE SURFACE FROM DISK
1003954.201	Study_Phase.SEQUENCE.Study_Instruction	LOADING RESOURCE SURFACE FROM DISK
1012233.376	Study_Phase.SEQUENCE.Study_Instruction	LOADING RESOURCE SURFACE FROM DISK
1018985.948	Study_Phase.SEQUENCE.DISPLAY_SCREEN	LOADING RESOURCE SURFACE FROM DISK
1020532.122	Study_Phase.SEQUENCE.Study_Instruction	LOADING RESOURCE SURFACE FROM DISK
1028816.122	Study_Phase.SEQUENCE.Study_Instruction	LOADING RESOURCE SURFACE FROM DISK
1037121.275	Study_Phase.SEQUENCE.Study_Instruction	LOADING RESOURCE SURFACE FROM DISK
1043885.953	Study_Phase.SEQUENCE.DISPLAY_SCREEN	LOADING RESOURCE SURFACE FROM DISK
1045399.941	Study_Phase.SEQUENCE.Study_Instruction	LOADING RESOURCE SURFACE FROM DISK
1053700.916	Study_Phase.SEQUENCE.Study_Instruction	LOADING RESOURCE SURFACE FROM DISK
1062033.845	Study_Phase.SEQUENCE.Study_Instruction	LOADING RESOURCE SURFACE FROM DISK
1068769.159	Study_Phase.SEQUENCE.DISPLAY_SCREEN	LOADING RESOURCE SURFACE FROM DISK
1070326.699	Study_Phase.SEQUENCE.Study_Instruction	LOADING RESOURCE SURFACE FROM DISK
1078599.346	Study_Phase.SEQUENCE.Study_Instruction	LOADING RESOURCE SURFACE FROM DISK
1086905.99	Study_Phase.SEQUENCE.Study_Instruction	LOADING RESOURCE SURFACE FROM DISK
1095204.839	Study_Phase.SEQUENCE.Study_Instruction	LOADING RESOURCE SURFACE FROM DISK
1103482.965	Study_Phase.SEQUENCE.Study_Instruction	LOADING RESOURCE SURFACE FROM DISK
1110219.429	Study_Phase.SEQUENCE.DISPLAY_SCREEN	LOADING RESOURCE SURFACE FROM DISK
1111773.365	Study_Phase.SEQUENCE.Study_Instruction	LOADING RESOURCE SURFACE FROM DISK
1120085.146	Study_Phase.SEQUENCE.Study_Instruction	LOADING RESOURCE SURFACE FROM DISK
1126836.223	Study_Phase.SEQUENCE.DISPLAY_SCREEN	LOADING RESOURCE SURFACE FROM DISK
1128349.838	Study_Phase.SEQUENCE.Study_Instruction	LOADING RESOURCE SURFACE FROM DISK
1135085.892	Study_Phase.SEQUENCE.DISPLAY_SCREEN	LOADING RESOURCE SURFACE FROM DISK
1136640.03	Study_Phase.SEQUENCE.Study_Instruction	LOADING RESOURCE SURFACE FROM DISK
1144958.599	Study_Phase.SEQUENCE.Study_Instruction	LOADING RESOURCE SURFACE FROM DISK
1153238.766	Study_Phase.SEQUENCE.Study_Instruction	LOADING RESOURCE SURFACE FROM DISK
1160002.617	Study_Phase.SEQUENCE.DISPLAY_SCREEN	LOADING RESOURCE SURFACE FROM DISK
1161549.551	Study_Phase.SEQUENCE.Study_Instruction	LOADING RESOURCE SURFACE FROM DISK
1169816.72	Study_Phase.SEQUENCE.Study_Instruction	LOADING RESOURCE SURFACE FROM DISK
1176569.344	Study_Phase.SEQUENCE.DISPLAY_SCREEN	LOADING RESOURCE SURFACE FROM DISK
1178160.434	Study_Phase.SEQUENCE.Study_Instruction	LOADING RESOURCE SURFACE FROM DISK
1186473.704	Study_Phase.SEQUENCE.Study_Instruction	LOADING RESOURCE SURFACE FROM DISK
1194750.081	Study_Phase.SEQUENCE.Study_Instruction	LOADING RESOURCE SURFACE FROM DISK
1201485.883	Study_Phase.SEQUENCE.DISPLAY_SCREEN	LOADING RESOURCE SURFACE FROM DISK
1203036.482	Study_Phase.SEQUENCE.Study_Instruction	LOADING RESOURCE SURFACE FROM DISK
1211336.085	Study_Phase.SEQUENCE.Study_Instruction	LOADING RESOURCE SURFACE FROM DISK
1218086.046	Study_Phase.SEQUENCE.DISPLAY_SCREEN	LOADING RESOURCE SURFACE FROM DISK
1219637.55	Study_Phase.SEQUENCE.Study_Instruction	LOADING RESOURCE SURFACE FROM DISK
1227916.166	Study_Phase.SEQUENCE.Study_Instruction	LOADING RESOURCE SURFACE FROM DISK
1236183.112	Study_Phase.SEQUENCE.Study_Instruction	LOADING RESOURCE SURFACE FROM DISK
1244492.353	Study_Phase.SEQUENCE.Study_Instruction	LOADING RESOURCE SURFACE FROM DISK
1252805.273	Study_Phase.SEQUENCE.Study_Instruction	LOADING RESOURCE SURFACE FROM DISK
1259569.352	Study_Phase.SEQUENCE.DISPLAY_SCREEN	LOADING RESOURCE SURFACE FROM DISK
1261122.402	Study_Phase.SEQUENCE.Study_Instruction	LOADING RESOURCE SURFACE FROM DISK
1267886.057	Study_Phase.SEQUENCE.DISPLAY_SCREEN	LOADING RESOURCE SURFACE FROM DISK
1269434.295	Study_Phase.SEQUENCE.Study_Instruction	LOADING RESOURCE SURFACE FROM DISK
1277718.099	Study_Phase.SEQUENCE.Study_Instruction	LOADING RESOURCE SURFACE FROM DISK
1284469.423	Study_Phase.SEQUENCE.DISPLAY_SCREEN	LOADING RESOURCE SURFACE FROM DISK
1285983.344	Study_Phase.SEQUENCE.Study_Instruction	LOADING RESOURCE SURFACE FROM DISK
1294290.598	Study_Phase.SEQUENCE.Study_Instruction	LOADING RESOURCE SURFACE FROM DISK
1302608.125	Study_Phase.SEQUENCE.Study_Instruction	LOADING RESOURCE SURFACE FROM DISK
1310922.817	Study_Phase.SEQUENCE.Study_Instruction	LOADING RESOURCE SURFACE FROM DISK
1317685.828	Study_Phase.SEQUENCE.DISPLAY_SCREEN	LOADING RESOURCE SURFACE FROM DISK
1319200.017	Study_Phase.SEQUENCE.Study_Instruction	LOADING RESOURCE SURFACE FROM DISK
1327449.566	Study_Phase.SEQUENCE.Study_Instruction	LOADING RESOURCE SURFACE FROM DISK
1334202.778	Study_Phase.SEQUENCE.DISPLAY_SCREEN	LOADING RESOURCE SURFACE FROM DISK
1335755.005	Study_Phase.SEQUENCE.Study_Instruction	LOADING RESOURCE SURFACE FROM DISK
1342519.33	Study_Phase.SEQUENCE.DISPLAY_SCREEN	LOADING RESOURCE SURFACE FROM DISK
1344066.369	Study_Phase.SEQUENCE.Study_Instruction	LOADING RESOURCE SURFACE FROM DISK
1350819.398	Study_Phase.SEQUENCE.DISPLAY_SCREEN	LOADING RESOURCE SURFACE FROM DISK
1352368.327	Study_Phase.SEQUENCE.Study_Instruction	LOADING RESOURCE SURFACE FROM DISK
1360671.887	Study_Phase.SEQUENCE.Study_Instruction	LOADING RESOURCE SURFACE FROM DISK
1368988.759	Study_Phase.SEQUENCE.Study_Instruction	LOADING RESOURCE SURFACE FROM DISK
1375752.818	Study_Phase.SEQUENCE.DISPLAY_SCREEN	LOADING RESOURCE SURFACE FROM DISK
1377266.6	Study_Phase.SEQUENCE.Study_Instruction	LOADING RESOURCE SURFACE FROM DISK
1385533.397	Study_Phase.SEQUENCE.Study_Instruction	LOADING RESOURCE SURFACE FROM DISK
1392285.963	Study_Phase.SEQUENCE.DISPLAY_SCREEN	LOADING RESOURCE SURFACE FROM DISK
1393842.734	Study_Phase.SEQUENCE.Study_Instruction	LOADING RESOURCE SURFACE FROM DISK
1402155.845	Study_Phase.SEQUENCE.Study_Instruction	LOADING RESOURCE SURFACE FROM DISK
1410472.579	Study_Phase.SEQUENCE.Study_Instruction	LOADING RESOURCE SURFACE FROM DISK
1418786.902	Study_Phase.SEQUENCE.Study_Instruction	LOADING RESOURCE SURFACE FROM DISK
1425535.957	Study_Phase.SEQUENCE.DISPLAY_SCREEN	LOADING RESOURCE SURFACE FROM DISK
1427049.9	Study_Phase.SEQUENCE.Study_Instruction	LOADING RESOURCE SURFACE FROM DISK
1435351.704	Study_Phase.SEQUENCE.Study_Instruction	LOADING RESOURCE SURFACE FROM DISK
1443616.04	Study_Phase.SEQUENCE.Study_Instruction	LOADING RESOURCE SURFACE FROM DISK
1450369.275	Study_Phase.SEQUENCE.DISPLAY_SCREEN	LOADING RESOURCE SURFACE FROM DISK
1451921.39	Study_Phase.SEQUENCE.Study_Instruction	LOADING RESOURCE SURFACE FROM DISK
1460233.987	Study_Phase.SEQUENCE.Study_Instruction	LOADING RESOURCE SURFACE FROM DISK
1466985.94	Study_Phase.SEQUENCE.DISPLAY_SCREEN	LOADING RESOURCE SURFACE FROM DISK
1468538.701	Study_Phase.SEQUENCE.Study_Instruction	LOADING RESOURCE SURFACE FROM DISK
1476841.734	Study_Phase.SEQUENCE.Study_Instruction	LOADING RESOURCE SURFACE FROM DISK
1483602.926	Study_Phase.SEQUENCE.DISPLAY_SCREEN	LOADING RESOURCE SURFACE FROM DISK
1485158.854	Study_Phase.SEQUENCE.Study_Instruction	LOADING RESOURCE SURFACE FROM DISK
1493473.231	Study_Phase.SEQUENCE.Study_Instruction	LOADING RESOURCE SURFACE FROM DISK
1501749.4	Study_Phase.SEQUENCE.Study_Instruction	LOADING RESOURCE SURFACE FROM DISK
1510059.579	Study_Phase.SEQUENCE.Study_Instruction	LOADING RESOURCE SURFACE FROM DISK
1516819.444	Study_Phase.SEQUENCE.DISPLAY_SCREEN	LOADING RESOURCE SURFACE FROM DISK
1518373.747	Study_Phase.SEQUENCE.Study_Instruction	LOADING RESOURCE SURFACE FROM DISK
1526670.547	Study_Phase.SEQUENCE.Study_Instruction	LOADING RESOURCE SURFACE FROM DISK
1533419.371	Study_Phase.SEQUENCE.DISPLAY_SCREEN	LOADING RESOURCE SURFACE FROM DISK
1534933.373	Study_Phase.SEQUENCE.Study_Instruction	LOADING RESOURCE SURFACE FROM DISK
1543242.555	Study_Phase.SEQUENCE.Study_Instruction	LOADING RESOURCE SURFACE FROM DISK
1551548.348	Study_Phase.SEQUENCE.Study_Instruction	LOADING RESOURCE SURFACE FROM DISK
1558302.872	Study_Phase.SEQUENCE.DISPLAY_SCREEN	LOADING RESOURCE SURFACE FROM DISK
1559850.966	Study_Phase.SEQUENCE.Study_Instruction	LOADING RESOURCE SURFACE FROM DISK
1566602.74	Study_Phase.SEQUENCE.DISPLAY_SCREEN	LOADING RESOURCE SURFACE FROM DISK
1568136.196	Study_Phase.SEQUENCE.Study_Instruction	LOADING RESOURCE SURFACE FROM DISK
1576425.957	Study_Phase.SEQUENCE.Study_Instruction	LOADING RESOURCE SURFACE FROM DISK
1584733.789	Study_Phase.SEQUENCE.Study_Instruction	LOADING RESOURCE SURFACE FROM DISK
1591486.116	Study_Phase.SEQUENCE.DISPLAY_SCREEN	LOADING RESOURCE SURFACE FROM DISK
1593038.845	Study_Phase.SEQUENCE.Study_Instruction	LOADING RESOURCE SURFACE FROM DISK
1601358.862	Study_Phase.SEQUENCE.Study_Instruction	LOADING RESOURCE SURFACE FROM DISK
1608119.447	Study_Phase.SEQUENCE.DISPLAY_SCREEN	LOADING RESOURCE SURFACE FROM DISK
1609633.326	Study_Phase.SEQUENCE.Study_Instruction	LOADING RESOURCE SURFACE FROM DISK
1617934.885	Study_Phase.SEQUENCE.Study_Instruction	LOADING RESOURCE SURFACE FROM DISK
1624685.925	Study_Phase.SEQUENCE.DISPLAY_SCREEN	LOADING RESOURCE SURFACE FROM DISK
1626234.541	Study_Phase.SEQUENCE.Study_Instruction	LOADING RESOURCE SURFACE FROM DISK
1634567.907	Study_Phase.SEQUENCE.Study_Instruction	LOADING RESOURCE SURFACE FROM DISK
1641319.524	Study_Phase.SEQUENCE.DISPLAY_SCREEN	LOADING RESOURCE SURFACE FROM DISK
1642833.482	Study_Phase.SEQUENCE.Study_Instruction	LOADING RESOURCE SURFACE FROM DISK
1651099.498	Study_Phase.SEQUENCE.Study_Instruction	LOADING RESOURCE SURFACE FROM DISK
1659402.791	Study_Phase.SEQUENCE.Study_Instruction	LOADING RESOURCE SURFACE FROM DISK
1666119.463	Study_Phase.SEQUENCE.DISPLAY_SCREEN	LOADING RESOURCE SURFACE FROM DISK
1667668.996	Study_Phase.SEQUENCE.Study_Instruction	LOADING RESOURCE SURFACE FROM DISK
1675932.688	Study_Phase.SEQUENCE.Study_Instruction	LOADING RESOURCE SURFACE FROM DISK
1684241.368	Study_Phase.SEQUENCE.Study_Instruction	LOADING RESOURCE SURFACE FROM DISK
1692553.326	Study_Phase.SEQUENCE.Study_Instruction	LOADING RESOURCE SURFACE FROM DISK
1700854.672	Study_Phase.SEQUENCE.Study_Instruction	LOADING RESOURCE SURFACE FROM DISK
1709132.737	Study_Phase.SEQUENCE.Study_Instruction	LOADING RESOURCE SURFACE FROM DISK
1715885.992	Study_Phase.SEQUENCE.DISPLAY_SCREEN	LOADING RESOURCE SURFACE FROM DISK
1717413.536	Study_Phase.SEQUENCE.Study_Instruction	LOADING RESOURCE SURFACE FROM DISK
1724152.644	Study_Phase.SEQUENCE.DISPLAY_SCREEN	LOADING RESOURCE SURFACE FROM DISK
1725700.52	Study_Phase.SEQUENCE.Study_Instruction	LOADING RESOURCE SURFACE FROM DISK
1732452.727	Study_Phase.SEQUENCE.DISPLAY_SCREEN	LOADING RESOURCE SURFACE FROM DISK
1734000.755	Study_Phase.SEQUENCE.Study_Instruction	LOADING RESOURCE SURFACE FROM DISK
1742309.351	Study_Phase.SEQUENCE.Study_Instruction	LOADING RESOURCE SURFACE FROM DISK
1750623.474	Study_Phase.SEQUENCE.Study_Instruction	LOADING RESOURCE SURFACE FROM DISK
1758916.656	Study_Phase.SEQUENCE.Study_Instruction	LOADING RESOURCE SURFACE FROM DISK
1765669.492	Study_Phase.SEQUENCE.DISPLAY_SCREEN	LOADING RESOURCE SURFACE FROM DISK
1767183.373	Study_Phase.SEQUENCE.Study_Instruction	LOADING RESOURCE SURFACE FROM DISK
1775450.12	Study_Phase.SEQUENCE.Study_Instruction	LOADING RESOURCE SURFACE FROM DISK
1782185.884	Study_Phase.SEQUENCE.DISPLAY_SCREEN	LOADING RESOURCE SURFACE FROM DISK
1783739.86	Study_Phase.SEQUENCE.Study_Instruction	LOADING RESOURCE SURFACE FROM DISK
1792051.209	Study_Phase.SEQUENCE.Study_Instruction	LOADING RESOURCE SURFACE FROM DISK
1800316.915	Study_Phase.SEQUENCE.Study_Instruction	LOADING RESOURCE SURFACE FROM DISK
1807069.508	Study_Phase.SEQUENCE.DISPLAY_SCREEN	LOADING RESOURCE SURFACE FROM DISK
1808620.414	Study_Phase.SEQUENCE.Study_Instruction	LOADING RESOURCE SURFACE FROM DISK
1816919.817	Study_Phase.SEQUENCE.Study_Instruction	LOADING RESOURCE SURFACE FROM DISK
1823669.334	Study_Phase.SEQUENCE.DISPLAY_SCREEN	LOADING RESOURCE SURFACE FROM DISK
1825217.064	Study_Phase.SEQUENCE.Study_Instruction	LOADING RESOURCE SURFACE FROM DISK
1829924.021	DISPLAY_SCREEN[7]	LOADING RESOURCE SURFACE FROM DISK
1967088.648	Test_Phase.SEQUENCE.Target_Cue	LOADING RESOURCE SURFACE FROM DISK
1967090.509	Test_Phase.SEQUENCE.Target_Cue	LOADING RESOURCE SURFACE FROM DISK
1969158.049	Test_Phase.SEQUENCE.Word	LOADING RESOURCE SURFACE FROM DISK
1972219.105	Test_Phase.SEQUENCE.Test_Question	LOADING RESOURCE SURFACE FROM DISK
1972228.424	Test_Phase.SEQUENCE.Test_Question	LOADING RESOURCE SURFACE FROM DISK
1972238.636	Test_Phase.SEQUENCE.Test_Question	LOADING RESOURCE SURFACE FROM DISK
1972253.321	Test_Phase.SEQUENCE.Test_Question	LOADING RESOURCE SURFACE FROM DISK
1972255.162	Test_Phase.SEQUENCE.Test_Question	LOADING RESOURCE SURFACE FROM DISK
1972256.974	Test_Phase.SEQUENCE.Test_Question	LOADING RESOURCE SURFACE FROM DISK
1972258.818	Test_Phase.SEQUENCE.Test_Question	LOADING RESOURCE SURFACE FROM DISK
1972267.702	Test_Phase.SEQUENCE.Test_Question	LOADING RESOURCE SURFACE FROM DISK
1972269.45	Test_Phase.SEQUENCE.Test_Question	LOADING RESOURCE SURFACE FROM DISK
1972271.318	Test_Phase.SEQUENCE.Test_Question	LOADING RESOURCE SURFACE FROM DISK
1972278.075	Test_Phase.SEQUENCE.Test_Question	LOADING RESOURCE SURFACE FROM DISK
1972279.853	Test_Phase.SEQUENCE.Test_Question	LOADING RESOURCE SURFACE FROM DISK
1980782.953	Test_Phase.SEQUENCE.Word	LOADING RESOURCE SURFACE FROM DISK
1989982.674	Test_Phase.SEQUENCE.Word	LOADING RESOURCE SURFACE FROM DISK
1998291.62	Test_Phase.SEQUENCE.Word	LOADING RESOURCE SURFACE FROM DISK
2009066.425	Test_Phase.SEQUENCE.Word	LOADING RESOURCE SURFACE FROM DISK
2017649.55	Test_Phase.SEQUENCE.Word	LOADING RESOURCE SURFACE FROM DISK
2026682.879	Test_Phase.SEQUENCE.Word	LOADING RESOURCE SURFACE FROM DISK
2034701.545	Test_Phase.SEQUENCE.Word	LOADING RESOURCE SURFACE FROM DISK
2043549.357	Test_Phase.SEQUENCE.Word	LOADING RESOURCE SURFACE FROM DISK
2052149.361	Test_Phase.SEQUENCE.Word	LOADING RESOURCE SURFACE FROM DISK
2060632.799	Test_Phase.SEQUENCE.Word	LOADING RESOURCE SURFACE FROM DISK
2068921.072	Test_Phase.SEQUENCE.Word	LOADING RESOURCE SURFACE FROM DISK
2076582.845	Test_Phase.SEQUENCE.Word	LOADING RESOURCE SURFACE FROM DISK
2085249.076	Test_Phase.SEQUENCE.Word	LOADING RESOURCE SURFACE FROM DISK
2093549.452	Test_Phase.SEQUENCE.Word	LOADING RESOURCE SURFACE FROM DISK
2101640.882	Test_Phase.SEQUENCE.Word	LOADING RESOURCE SURFACE FROM DISK
2109899.211	Test_Phase.SEQUENCE.Word	LOADING RESOURCE SURFACE FROM DISK
2119532.747	Test_Phase.SEQUENCE.Word	LOADING RESOURCE SURFACE FROM DISK
2127499.305	Test_Phase.SEQUENCE.Word	LOADING RESOURCE SURFACE FROM DISK
2135783.638	Test_Phase.SEQUENCE.Word	LOADING RESOURCE SURFACE FROM DISK
2143507.939	Test_Phase.SEQUENCE.Word	LOADING RESOURCE SURFACE FROM DISK
2152232.7	Test_Phase.SEQUENCE.Word	LOADING RESOURCE SURFACE FROM DISK
2162133.055	Test_Phase.SEQUENCE.Word	LOADING RESOURCE SURFACE FROM DISK
2170516.141	Test_Phase.SEQUENCE.Word	LOADING RESOURCE SURFACE FROM DISK
2178632.851	Test_Phase.SEQUENCE.Word	LOADING RESOURCE SURFACE FROM DISK
2187149.401	Test_Phase.SEQUENCE.Word	LOADING RESOURCE SURFACE FROM DISK
2195032.743	Test_Phase.SEQUENCE.Word	LOADING RESOURCE SURFACE FROM DISK
2203532.563	Test_Phase.SEQUENCE.Word	LOADING RESOURCE SURFACE FROM DISK
2212871.708	Test_Phase.SEQUENCE.Word	LOADING RESOURCE SURFACE FROM DISK
2220549.668	Test_Phase.SEQUENCE.Word	LOADING RESOURCE SURFACE FROM DISK
2228532.756	Test_Phase.SEQUENCE.Word	LOADING RESOURCE SURFACE FROM DISK
2245086.098	Test_Phase.SEQUENCE.Word	LOADING RESOURCE SURFACE FROM DISK
2252632.714	Test_Phase.SEQUENCE.Word	LOADING RESOURCE SURFACE FROM DISK
2260949.423	Test_Phase.SEQUENCE.Word	LOADING RESOURCE SURFACE FROM DISK
2269099.376	Test_Phase.SEQUENCE.Word	LOADING RESOURCE SURFACE FROM DISK
2277982.658	Test_Phase.SEQUENCE.Word	LOADING RESOURCE SURFACE FROM DISK
2285888.182	Test_Phase.SEQUENCE.Word	LOADING RESOURCE SURFACE FROM DISK
2296300.14	Test_Phase.SEQUENCE.Word	LOADING RESOURCE SURFACE FROM DISK
2305131.599	Test_Phase.SEQUENCE.Word	LOADING RESOURCE SURFACE FROM DISK
2312782.953	Test_Phase.SEQUENCE.Word	LOADING RESOURCE SURFACE FROM DISK
2321316.042	Test_Phase.SEQUENCE.Word	LOADING RESOURCE SURFACE FROM DISK
2329282.692	Test_Phase.SEQUENCE.Word	LOADING RESOURCE SURFACE FROM DISK
2337016.225	Test_Phase.SEQUENCE.Word	LOADING RESOURCE SURFACE FROM DISK
2345832.928	Test_Phase.SEQUENCE.Word	LOADING RESOURCE SURFACE FROM DISK
2354116.144	Test_Phase.SEQUENCE.Word	LOADING RESOURCE SURFACE FROM DISK
2362198.668	Test_Phase.SEQUENCE.Word	LOADING RESOURCE SURFACE FROM DISK
2370357.122	Test_Phase.SEQUENCE.Word	LOADING RESOURCE SURFACE FROM DISK
2378549.473	Test_Phase.SEQUENCE.Word	LOADING RESOURCE SURFACE FROM DISK
2386899.486	Test_Phase.SEQUENCE.Word	LOADING RESOURCE SURFACE FROM DISK
2394999.303	Test_Phase.SEQUENCE.Word	LOADING RESOURCE SURFACE FROM DISK
2402982.775	Test_Phase.SEQUENCE.Word	LOADING RESOURCE SURFACE FROM DISK
2410693.005	Test_Phase.SEQUENCE.Word	LOADING RESOURCE SURFACE FROM DISK
2418399.399	Test_Phase.SEQUENCE.Word	LOADING RESOURCE SURFACE FROM DISK
2426299.483	Test_Phase.SEQUENCE.Word	LOADING RESOURCE SURFACE FROM DISK
2436752.049	Test_Phase.SEQUENCE.Word	LOADING RESOURCE SURFACE FROM DISK
2445675.549	Test_Phase.SEQUENCE.Word	LOADING RESOURCE SURFACE FROM DISK
2454066.069	Test_Phase.SEQUENCE.Word	LOADING RESOURCE SURFACE FROM DISK
2461966.266	Test_Phase.SEQUENCE.Word	LOADING RESOURCE SURFACE FROM DISK
2469982.748	Test_Phase.SEQUENCE.Word	LOADING RESOURCE SURFACE FROM DISK
2478566.198	Test_Phase.SEQUENCE.Word	LOADING RESOURCE SURFACE FROM DISK
2486450.073	Test_Phase.SEQUENCE.Word	LOADING RESOURCE SURFACE FROM DISK
2495566.284	Test_Phase.SEQUENCE.Word	LOADING RESOURCE SURFACE FROM DISK
2504606.305	Test_Phase.SEQUENCE.Word	LOADING RESOURCE SURFACE FROM DISK
2513983.243	Test_Phase.SEQUENCE.Word	LOADING RESOURCE SURFACE FROM DISK
2522183.225	Test_Phase.SEQUENCE.Word	LOADING RESOURCE SURFACE FROM DISK
2530116.146	Test_Phase.SEQUENCE.Word	LOADING RESOURCE SURFACE FROM DISK
2538849.523	Test_Phase.SEQUENCE.Word	LOADING RESOURCE SURFACE FROM DISK
2546982.83	Test_Phase.SEQUENCE.Word	LOADING RESOURCE SURFACE FROM DISK
2555207.277	Test_Phase.SEQUENCE.Word	LOADING RESOURCE SURFACE FROM DISK
2563549.349	Test_Phase.SEQUENCE.Word	LOADING RESOURCE SURFACE FROM DISK
2572832.665	Test_Phase.SEQUENCE.Word	LOADING RESOURCE SURFACE FROM DISK
2584699.653	Test_Phase.SEQUENCE.Word	LOADING RESOURCE SURFACE FROM DISK
2594116.38	Test_Phase.SEQUENCE.Word	LOADING RESOURCE SURFACE FROM DISK
2602466.163	Test_Phase.SEQUENCE.Word	LOADING RESOURCE SURFACE FROM DISK
2612168.782	Test_Phase.SEQUENCE.Word	LOADING RESOURCE SURFACE FROM DISK
2620949.626	Test_Phase.SEQUENCE.Word	LOADING RESOURCE SURFACE FROM DISK
2628969.41	Test_Phase.SEQUENCE.Word	LOADING RESOURCE SURFACE FROM DISK
2637021.964	Test_Phase.SEQUENCE.Word	LOADING RESOURCE SURFACE FROM DISK
2645282.765	Test_Phase.SEQUENCE.Word	LOADING RESOURCE SURFACE FROM DISK
2653982.655	Test_Phase.SEQUENCE.Word	LOADING RESOURCE SURFACE FROM DISK
2662106.342	Test_Phase.SEQUENCE.Word	LOADING RESOURCE SURFACE FROM DISK
2670366.426	Test_Phase.SEQUENCE.Word	LOADING RESOURCE SURFACE FROM DISK
2678516.162	Test_Phase.SEQUENCE.Word	LOADING RESOURCE SURFACE FROM DISK
2686516.116	Test_Phase.SEQUENCE.Word	LOADING RESOURCE SURFACE FROM DISK
2694719.915	Test_Phase.SEQUENCE.Word	LOADING RESOURCE SURFACE FROM DISK
2703582.846	Test_Phase.SEQUENCE.Word	LOADING RESOURCE SURFACE FROM DISK
2711699.387	Test_Phase.SEQUENCE.Word	LOADING RESOURCE SURFACE FROM DISK
2719516.128	Test_Phase.SEQUENCE.Word	LOADING RESOURCE SURFACE FROM DISK
2727432.694	Test_Phase.SEQUENCE.Word	LOADING RESOURCE SURFACE FROM DISK
2735866.349	Test_Phase.SEQUENCE.Word	LOADING RESOURCE SURFACE FROM DISK
2744189.606	Test_Phase.SEQUENCE.Word	LOADING RESOURCE SURFACE FROM DISK
2753132.608	Test_Phase.SEQUENCE.Word	LOADING RESOURCE SURFACE FROM DISK
2761399.474	Test_Phase.SEQUENCE.Word	LOADING RESOURCE SURFACE FROM DISK
2769420.799	Test_Phase.SEQUENCE.Word	LOADING RESOURCE SURFACE FROM DISK
2780766.307	Test_Phase.SEQUENCE.Word	LOADING RESOURCE SURFACE FROM DISK
2788949.544	Test_Phase.SEQUENCE.Word	LOADING RESOURCE SURFACE FROM DISK
2796816.137	Test_Phase.SEQUENCE.Word	LOADING RESOURCE SURFACE FROM DISK
2804716.247	Test_Phase.SEQUENCE.Word	LOADING RESOURCE SURFACE FROM DISK
2812654.086	Test_Phase.SEQUENCE.Word	LOADING RESOURCE SURFACE FROM DISK
2821199.757	Test_Phase.SEQUENCE.Word	LOADING RESOURCE SURFACE FROM DISK
2828932.714	Test_Phase.SEQUENCE.Word	LOADING RESOURCE SURFACE FROM DISK
2837416.941	Test_Phase.SEQUENCE.Word	LOADING RESOURCE SURFACE FROM DISK
2847999.64	Test_Phase.SEQUENCE.Word	LOADING RESOURCE SURFACE FROM DISK
2856069.919	Test_Phase.SEQUENCE.Word	LOADING RESOURCE SURFACE FROM DISK
2865982.823	Test_Phase.SEQUENCE.Word	LOADING RESOURCE SURFACE FROM DISK
2873932.726	Test_Phase.SEQUENCE.Word	LOADING RESOURCE SURFACE FROM DISK
2883182.732	Test_Phase.SEQUENCE.Word	LOADING RESOURCE SURFACE FROM DISK
2890602.829	Test_Phase.SEQUENCE.Word	LOADING RESOURCE SURFACE FROM DISK
2898466.436	Test_Phase.SEQUENCE.Word	LOADING RESOURCE SURFACE FROM DISK
2906282.768	Test_Phase.SEQUENCE.Word	LOADING RESOURCE SURFACE FROM DISK
2914849.339	Test_Phase.SEQUENCE.Word	LOADING RESOURCE SURFACE FROM DISK
2922132.896	Test_Phase.SEQUENCE.Word	LOADING RESOURCE SURFACE FROM DISK
2934282.808	Test_Phase.SEQUENCE.Word	LOADING RESOURCE SURFACE FROM DISK
2942816.479	Test_Phase.SEQUENCE.Word	LOADING RESOURCE SURFACE FROM DISK
2950992.575	Test_Phase.SEQUENCE.Word	LOADING RESOURCE SURFACE FROM DISK
2959816.066	Test_Phase.SEQUENCE.Word	LOADING RESOURCE SURFACE FROM DISK
2967934.028	Test_Phase.SEQUENCE.Word	LOADING RESOURCE SURFACE FROM DISK
2977549.402	Test_Phase.SEQUENCE.Word	LOADING RESOURCE SURFACE FROM DISK
2985316.28	Test_Phase.SEQUENCE.Word	LOADING RESOURCE SURFACE FROM DISK
2993308.924	Test_Phase.SEQUENCE.Word	LOADING RESOURCE SURFACE FROM DISK
3000990.015	Test_Phase.SEQUENCE.Word	LOADING RESOURCE SURFACE FROM DISK
3010500.365	Test_Phase.SEQUENCE.Word	LOADING RESOURCE SURFACE FROM DISK
3022289.772	Test_Phase.SEQUENCE.Word	LOADING RESOURCE SURFACE FROM DISK
3030425.622	Test_Phase.SEQUENCE.Word	LOADING RESOURCE SURFACE FROM DISK
3040366.12	Test_Phase.SEQUENCE.Word	LOADING RESOURCE SURFACE FROM DISK
3048033.737	Test_Phase.SEQUENCE.Word	LOADING RESOURCE SURFACE FROM DISK
3055916.234	Test_Phase.SEQUENCE.Word	LOADING RESOURCE SURFACE FROM DISK
3063732.927	Test_Phase.SEQUENCE.Word	LOADING RESOURCE SURFACE FROM DISK
3072082.699	Test_Phase.SEQUENCE.Word	LOADING RESOURCE SURFACE FROM DISK
3080538.137	Test_Phase.SEQUENCE.Word	LOADING RESOURCE SURFACE FROM DISK
3088999.448	Test_Phase.SEQUENCE.Word	LOADING RESOURCE SURFACE FROM DISK
3097382.734	Test_Phase.SEQUENCE.Word	LOADING RESOURCE SURFACE FROM DISK
3105216.176	Test_Phase.SEQUENCE.Word	LOADING RESOURCE SURFACE FROM DISK
3112566.208	Test_Phase.SEQUENCE.Word	LOADING RESOURCE SURFACE FROM DISK
3120906.189	Test_Phase.SEQUENCE.Word	LOADING RESOURCE SURFACE FROM DISK
3129899.712	Test_Phase.SEQUENCE.Word	LOADING RESOURCE SURFACE FROM DISK
3138032.993	Test_Phase.SEQUENCE.Word	LOADING RESOURCE SURFACE FROM DISK
3146210.686	Test_Phase.SEQUENCE.Word	LOADING RESOURCE SURFACE FROM DISK
3155782.971	Test_Phase.SEQUENCE.Word	LOADING RESOURCE SURFACE FROM DISK
3163832.88	Test_Phase.SEQUENCE.Word	LOADING RESOURCE SURFACE FROM DISK
3172017.794	Test_Phase.SEQUENCE.Word	LOADING RESOURCE SURFACE FROM DISK
3180182.645	Test_Phase.SEQUENCE.Word	LOADING RESOURCE SURFACE FROM DISK
3188040.122	Test_Phase.SEQUENCE.Word	LOADING RESOURCE SURFACE FROM DISK
3196099.52	Test_Phase.SEQUENCE.Word	LOADING RESOURCE SURFACE FROM DISK
3204682.05	Test_Phase.SEQUENCE.Word	LOADING RESOURCE SURFACE FROM DISK
3212883.418	Test_Phase.SEQUENCE.Word	LOADING RESOURCE SURFACE FROM DISK
3221475.169	Test_Phase.SEQUENCE.Word	LOADING RESOURCE SURFACE FROM DISK
3230216.018	Test_Phase.SEQUENCE.Word	LOADING RESOURCE SURFACE FROM DISK
3238982.972	Test_Phase.SEQUENCE.Word	LOADING RESOURCE SURFACE FROM DISK
3247565.16	Test_Phase.SEQUENCE.Word	LOADING RESOURCE SURFACE FROM DISK
3257054.606	Test_Phase.SEQUENCE.Word	LOADING RESOURCE SURFACE FROM DISK
3265184.557	Test_Phase.SEQUENCE.Word	LOADING RESOURCE SURFACE FROM DISK
3273849.468	Test_Phase.SEQUENCE.Word	LOADING RESOURCE SURFACE FROM DISK
3281849.406	Test_Phase.SEQUENCE.Word	LOADING RESOURCE SURFACE FROM DISK
3289716.14	Test_Phase.SEQUENCE.Word	LOADING RESOURCE SURFACE FROM DISK
3297507.98	Test_Phase.SEQUENCE.Word	LOADING RESOURCE SURFACE FROM DISK
3305349.608	Test_Phase.SEQUENCE.Word	LOADING RESOURCE SURFACE FROM DISK
3313101.763	Test_Phase.SEQUENCE.Word	LOADING RESOURCE SURFACE FROM DISK
3322112.571	Test_Phase.SEQUENCE.Word	LOADING RESOURCE SURFACE FROM DISK
3329314.769	Test_Phase.SEQUENCE.Word	LOADING RESOURCE SURFACE FROM DISK
3337479.523	Test_Phase.SEQUENCE.Word	LOADING RESOURCE SURFACE FROM DISK
3345666.134	Test_Phase.SEQUENCE.Word	LOADING RESOURCE SURFACE FROM DISK
3353382.773	Test_Phase.SEQUENCE.Word	LOADING RESOURCE SURFACE FROM DISK
3361499.668	Test_Phase.SEQUENCE.Word	LOADING RESOURCE SURFACE FROM DISK
3369082.973	Test_Phase.SEQUENCE.Word	LOADING RESOURCE SURFACE FROM DISK
3376166.351	Test_Phase.SEQUENCE.Word	LOADING RESOURCE SURFACE FROM DISK
3383976.335	Test_Phase.SEQUENCE.Word	LOADING RESOURCE SURFACE FROM DISK
3391899.744	Test_Phase.SEQUENCE.Word	LOADING RESOURCE SURFACE FROM DISK
3403299.438	Test_Phase.SEQUENCE.Word	LOADING RESOURCE SURFACE FROM DISK
3411008.546	Test_Phase.SEQUENCE.Word	LOADING RESOURCE SURFACE FROM DISK
3419199.269	Test_Phase.SEQUENCE.Word	LOADING RESOURCE SURFACE FROM DISK
3427116.129	Test_Phase.SEQUENCE.Word	LOADING RESOURCE SURFACE FROM DISK
3434901.57	Test_Phase.SEQUENCE.Word	LOADING RESOURCE SURFACE FROM DISK
3445799.374	Test_Phase.SEQUENCE.Word	LOADING RESOURCE SURFACE FROM DISK
3453532.634	Test_Phase.SEQUENCE.Word	LOADING RESOURCE SURFACE FROM DISK
3460637.234	Test_Phase.SEQUENCE.Word	LOADING RESOURCE SURFACE FROM DISK
3468116.226	Test_Phase.SEQUENCE.Word	LOADING RESOURCE SURFACE FROM DISK
3475966.035	Test_Phase.SEQUENCE.Word	LOADING RESOURCE SURFACE FROM DISK
3483734.078	Test_Phase.SEQUENCE.Word	LOADING RESOURCE SURFACE FROM DISK
3491773.469	Test_Phase.SEQUENCE.Word	LOADING RESOURCE SURFACE FROM DISK
3499551.114	Test_Phase.SEQUENCE.Word	LOADING RESOURCE SURFACE FROM DISK
3507883.713	Test_Phase.SEQUENCE.Word	LOADING RESOURCE SURFACE FROM DISK
3515883.163	Test_Phase.SEQUENCE.Word	LOADING RESOURCE SURFACE FROM DISK
3522907.068	Test_Phase.SEQUENCE.Word	LOADING RESOURCE SURFACE FROM DISK
3529932.929	Test_Phase.SEQUENCE.Word	LOADING RESOURCE SURFACE FROM DISK
3537039.225	Test_Phase.SEQUENCE.Word	LOADING RESOURCE SURFACE FROM DISK
3544082.862	Test_Phase.SEQUENCE.Word	LOADING RESOURCE SURFACE FROM DISK
3552499.528	Test_Phase.SEQUENCE.Word	LOADING RESOURCE SURFACE FROM DISK
3560173.077	Test_Phase.SEQUENCE.Word	LOADING RESOURCE SURFACE FROM DISK
3567282.757	Test_Phase.SEQUENCE.Word	LOADING RESOURCE SURFACE FROM DISK
3575215.399	Test_Phase.SEQUENCE.Word	LOADING RESOURCE SURFACE FROM DISK
3582782.725	Test_Phase.SEQUENCE.Word	LOADING RESOURCE SURFACE FROM DISK
3591659.965	Test_Phase.SEQUENCE.Word	LOADING RESOURCE SURFACE FROM DISK
3599299.314	Test_Phase.SEQUENCE.Word	LOADING RESOURCE SURFACE FROM DISK
3606753.671	Test_Phase.SEQUENCE.Word	LOADING RESOURCE SURFACE FROM DISK
3614316.072	Test_Phase.SEQUENCE.Word	LOADING RESOURCE SURFACE FROM DISK
3621934.693	Test_Phase.SEQUENCE.Word	LOADING RESOURCE SURFACE FROM DISK
3628969.45	Test_Phase.SEQUENCE.Word	LOADING RESOURCE SURFACE FROM DISK
3635983.039	Test_Phase.SEQUENCE.Word	LOADING RESOURCE SURFACE FROM DISK
3639482.975	DISPLAY_SCREEN	LOADING RESOURCE SURFACE FROM DISK
