4765.373	DISPLAY_SCREEN[1]	LOADING RESOURCE SURFACE FROM DISK
984905.963	Familiarization_Phase.SEQUENCE.Cue_and_Instruction	LOADING RESOURCE SURFACE FROM DISK
984921.84	Familiarization_Phase.SEQUENCE.Cue_and_Instruction	LOADING RESOURCE SURFACE FROM DISK
991004.482	Familiarization_Phase.SEQUENCE.Cue_and_Instruction	LOADING RESOURCE SURFACE FROM DISK
991009.076	Familiarization_Phase.SEQUENCE.Cue_and_Instruction	LOADING RESOURCE SURFACE FROM DISK
997089.199	Familiarization_Phase.SEQUENCE.Cue_and_Instruction	LOADING RESOURCE SURFACE FROM DISK
997093.544	Familiarization_Phase.SEQUENCE.Cue_and_Instruction	LOADING RESOURCE SURFACE FROM DISK
1039265.106	DISPLAY_SCREEN[3]	LOADING RESOURCE SURFACE FROM DISK
1170955.716	DISPLAY_SCREEN[5]	LOADING RESOURCE SURFACE FROM DISK
1228773.981	Practice_Phase.SEQUENCE.Blink_Screen	LOADING RESOURCE SURFACE FROM DISK
1228775.083	Practice_Phase.SEQUENCE.Blink_Screen	flip time is later than desired time. Desired Time=1228522 Flip Time=1228789 Retrace Rate=16.650, prepareTime=276 flip request time 1228774
1230018.105	Practice_Phase.SEQUENCE.Practice_Luminance_Cue	LOADING RESOURCE SURFACE FROM DISK
1230020.533	Practice_Phase.SEQUENCE.Practice_Luminance_Cue	LOADING RESOURCE SURFACE FROM DISK
1230022.04	Practice_Phase.SEQUENCE.Practice_Luminance_Cue	flip time is later than desired time. Desired Time=1229989 Flip Time=1230039 Retrace Rate=16.650, prepareTime=57 flip request time 1230021
1230565.41	Practice_Phase.SEQUENCE.DISPLAY_SCREEN	LOADING RESOURCE SURFACE FROM DISK
1230567.553	Practice_Phase.SEQUENCE.DISPLAY_SCREEN	flip time is later than desired time. Desired Time=1230539 Flip Time=1230589 Retrace Rate=16.650, prepareTime=52 flip request time 1230567
1232109.406	Practice_Phase.SEQUENCE.Practice_Instruction	LOADING RESOURCE SURFACE FROM DISK
1232110.826	Practice_Phase.SEQUENCE.Practice_Instruction	flip time is later than desired time. Desired Time=1232089 Flip Time=1232122 Retrace Rate=16.650, prepareTime=45 flip request time 1232110
1238766.772	Practice_Phase.SEQUENCE.DISPLAY_SCREEN	LOADING RESOURCE SURFACE FROM DISK
1238768.616	Practice_Phase.SEQUENCE.DISPLAY_SCREEN	flip time is later than desired time. Desired Time=1238705 Flip Time=1238789 Retrace Rate=16.650, prepareTime=86 flip request time 1238768
1240309.079	Practice_Phase.SEQUENCE.Practice_Instruction	LOADING RESOURCE SURFACE FROM DISK
1240310.486	Practice_Phase.SEQUENCE.Practice_Instruction	flip time is later than desired time. Desired Time=1240289 Flip Time=1240322 Retrace Rate=16.650, prepareTime=45 flip request time 1240310
1246916.976	Practice_Phase.SEQUENCE.DISPLAY_SCREEN	LOADING RESOURCE SURFACE FROM DISK
1246918.822	Practice_Phase.SEQUENCE.DISPLAY_SCREEN	flip time is later than desired time. Desired Time=1246889 Flip Time=1246939 Retrace Rate=16.650, prepareTime=53 flip request time 1246918
1248417.37	Practice_Phase.SEQUENCE.Practice_Instruction	LOADING RESOURCE SURFACE FROM DISK
1254987.228	Practice_Phase.SEQUENCE.DISPLAY_SCREEN	LOADING RESOURCE SURFACE FROM DISK
1256483.981	Practice_Phase.SEQUENCE.Practice_Instruction	LOADING RESOURCE SURFACE FROM DISK
1263053.596	Practice_Phase.SEQUENCE.DISPLAY_SCREEN	LOADING RESOURCE SURFACE FROM DISK
1264550.602	Practice_Phase.SEQUENCE.Practice_Instruction	LOADING RESOURCE SURFACE FROM DISK
1271120.279	Practice_Phase.SEQUENCE.DISPLAY_SCREEN	LOADING RESOURCE SURFACE FROM DISK
1272652.553	Practice_Phase.SEQUENCE.Practice_Instruction	LOADING RESOURCE SURFACE FROM DISK
1272653.932	Practice_Phase.SEQUENCE.Practice_Instruction	flip time is later than desired time. Desired Time=1272639 Flip Time=1272672 Retrace Rate=16.650, prepareTime=38 flip request time 1272653
1279220.479	Practice_Phase.SEQUENCE.DISPLAY_SCREEN	LOADING RESOURCE SURFACE FROM DISK
1280717.31	Practice_Phase.SEQUENCE.Practice_Instruction	LOADING RESOURCE SURFACE FROM DISK
1287287.152	Practice_Phase.SEQUENCE.DISPLAY_SCREEN	LOADING RESOURCE SURFACE FROM DISK
1288829.93	Practice_Phase.SEQUENCE.Practice_Instruction	LOADING RESOURCE SURFACE FROM DISK
1288831.439	Practice_Phase.SEQUENCE.Practice_Instruction	flip time is later than desired time. Desired Time=1288805 Flip Time=1288855 Retrace Rate=16.650, prepareTime=49 flip request time 1288831
1295403.897	Practice_Phase.SEQUENCE.DISPLAY_SCREEN	LOADING RESOURCE SURFACE FROM DISK
1296900.507	Practice_Phase.SEQUENCE.Practice_Instruction	LOADING RESOURCE SURFACE FROM DISK
1301578.413	DISPLAY_SCREEN[2]	LOADING RESOURCE SURFACE FROM DISK
1543952.971	Study_Phase.SEQUENCE.Study_Instruction	LOADING RESOURCE SURFACE FROM DISK
1550712.018	Study_Phase.SEQUENCE.DISPLAY_SCREEN	LOADING RESOURCE SURFACE FROM DISK
1552264.982	Study_Phase.SEQUENCE.Study_Instruction	LOADING RESOURCE SURFACE FROM DISK
1559028.875	Study_Phase.SEQUENCE.DISPLAY_SCREEN	LOADING RESOURCE SURFACE FROM DISK
1560581.715	Study_Phase.SEQUENCE.Study_Instruction	LOADING RESOURCE SURFACE FROM DISK
1568858.82	Study_Phase.SEQUENCE.Study_Instruction	LOADING RESOURCE SURFACE FROM DISK
1575611.908	Study_Phase.SEQUENCE.DISPLAY_SCREEN	LOADING RESOURCE SURFACE FROM DISK
1577170.319	Study_Phase.SEQUENCE.Study_Instruction	LOADING RESOURCE SURFACE FROM DISK
1585482.263	Study_Phase.SEQUENCE.Study_Instruction	LOADING RESOURCE SURFACE FROM DISK
1592245.483	Study_Phase.SEQUENCE.DISPLAY_SCREEN	LOADING RESOURCE SURFACE FROM DISK
1593801.779	Study_Phase.SEQUENCE.Study_Instruction	LOADING RESOURCE SURFACE FROM DISK
1600561.922	Study_Phase.SEQUENCE.DISPLAY_SCREEN	LOADING RESOURCE SURFACE FROM DISK
1602119.901	Study_Phase.SEQUENCE.Study_Instruction	LOADING RESOURCE SURFACE FROM DISK
1610435.146	Study_Phase.SEQUENCE.Study_Instruction	LOADING RESOURCE SURFACE FROM DISK
1618709.367	Study_Phase.SEQUENCE.Study_Instruction	LOADING RESOURCE SURFACE FROM DISK
1625462.023	Study_Phase.SEQUENCE.DISPLAY_SCREEN	LOADING RESOURCE SURFACE FROM DISK
1626977.106	Study_Phase.SEQUENCE.Study_Instruction	LOADING RESOURCE SURFACE FROM DISK
1635266.187	Study_Phase.SEQUENCE.Study_Instruction	LOADING RESOURCE SURFACE FROM DISK
1642028.816	Study_Phase.SEQUENCE.DISPLAY_SCREEN	LOADING RESOURCE SURFACE FROM DISK
1643542.757	Study_Phase.SEQUENCE.Study_Instruction	LOADING RESOURCE SURFACE FROM DISK
1651856.278	Study_Phase.SEQUENCE.Study_Instruction	LOADING RESOURCE SURFACE FROM DISK
1658611.99	Study_Phase.SEQUENCE.DISPLAY_SCREEN	LOADING RESOURCE SURFACE FROM DISK
1660166.209	Study_Phase.SEQUENCE.Study_Instruction	LOADING RESOURCE SURFACE FROM DISK
1668478.601	Study_Phase.SEQUENCE.Study_Instruction	LOADING RESOURCE SURFACE FROM DISK
1676742.585	Study_Phase.SEQUENCE.Study_Instruction	LOADING RESOURCE SURFACE FROM DISK
1685008.659	Study_Phase.SEQUENCE.Study_Instruction	LOADING RESOURCE SURFACE FROM DISK
1691761.993	Study_Phase.SEQUENCE.DISPLAY_SCREEN	LOADING RESOURCE SURFACE FROM DISK
1693319.117	Study_Phase.SEQUENCE.Study_Instruction	LOADING RESOURCE SURFACE FROM DISK
1701619.807	Study_Phase.SEQUENCE.Study_Instruction	LOADING RESOURCE SURFACE FROM DISK
1708378.673	Study_Phase.SEQUENCE.DISPLAY_SCREEN	LOADING RESOURCE SURFACE FROM DISK
1709892.568	Study_Phase.SEQUENCE.Study_Instruction	LOADING RESOURCE SURFACE FROM DISK
1716645.124	Study_Phase.SEQUENCE.DISPLAY_SCREEN	LOADING RESOURCE SURFACE FROM DISK
1718199.981	Study_Phase.SEQUENCE.Study_Instruction	LOADING RESOURCE SURFACE FROM DISK
1724962.113	Study_Phase.SEQUENCE.DISPLAY_SCREEN	LOADING RESOURCE SURFACE FROM DISK
1726516.929	Study_Phase.SEQUENCE.Study_Instruction	LOADING RESOURCE SURFACE FROM DISK
1734836.945	Study_Phase.SEQUENCE.Study_Instruction	LOADING RESOURCE SURFACE FROM DISK
1741595.22	Study_Phase.SEQUENCE.DISPLAY_SCREEN	LOADING RESOURCE SURFACE FROM DISK
1743149.031	Study_Phase.SEQUENCE.Study_Instruction	LOADING RESOURCE SURFACE FROM DISK
1751464.698	Study_Phase.SEQUENCE.Study_Instruction	LOADING RESOURCE SURFACE FROM DISK
1758228.638	Study_Phase.SEQUENCE.DISPLAY_SCREEN	LOADING RESOURCE SURFACE FROM DISK
1759784.746	Study_Phase.SEQUENCE.Study_Instruction	LOADING RESOURCE SURFACE FROM DISK
1768088.634	Study_Phase.SEQUENCE.Study_Instruction	LOADING RESOURCE SURFACE FROM DISK
1776358.69	Study_Phase.SEQUENCE.Study_Instruction	LOADING RESOURCE SURFACE FROM DISK
1783111.969	Study_Phase.SEQUENCE.DISPLAY_SCREEN	LOADING RESOURCE SURFACE FROM DISK
1784671.52	Study_Phase.SEQUENCE.Study_Instruction	LOADING RESOURCE SURFACE FROM DISK
1792983.586	Study_Phase.SEQUENCE.Study_Instruction	LOADING RESOURCE SURFACE FROM DISK
1801259.437	Study_Phase.SEQUENCE.Study_Instruction	LOADING RESOURCE SURFACE FROM DISK
1809562.552	Study_Phase.SEQUENCE.Study_Instruction	LOADING RESOURCE SURFACE FROM DISK
1816311.922	Study_Phase.SEQUENCE.DISPLAY_SCREEN	LOADING RESOURCE SURFACE FROM DISK
1817870.951	Study_Phase.SEQUENCE.Study_Instruction	LOADING RESOURCE SURFACE FROM DISK
1824628.814	Study_Phase.SEQUENCE.DISPLAY_SCREEN	LOADING RESOURCE SURFACE FROM DISK
1826142.689	Study_Phase.SEQUENCE.Study_Instruction	LOADING RESOURCE SURFACE FROM DISK
1832895.291	Study_Phase.SEQUENCE.DISPLAY_SCREEN	LOADING RESOURCE SURFACE FROM DISK
1834450.31	Study_Phase.SEQUENCE.Study_Instruction	LOADING RESOURCE SURFACE FROM DISK
1842746.951	Study_Phase.SEQUENCE.Study_Instruction	LOADING RESOURCE SURFACE FROM DISK
1851072.91	Study_Phase.SEQUENCE.Study_Instruction	LOADING RESOURCE SURFACE FROM DISK
1857811.973	Study_Phase.SEQUENCE.DISPLAY_SCREEN	LOADING RESOURCE SURFACE FROM DISK
1859333.015	Study_Phase.SEQUENCE.Study_Instruction	LOADING RESOURCE SURFACE FROM DISK
1867648.892	Study_Phase.SEQUENCE.Study_Instruction	LOADING RESOURCE SURFACE FROM DISK
1875972.32	Study_Phase.SEQUENCE.Study_Instruction	LOADING RESOURCE SURFACE FROM DISK
1882728.51	Study_Phase.SEQUENCE.DISPLAY_SCREEN	LOADING RESOURCE SURFACE FROM DISK
1884281.018	Study_Phase.SEQUENCE.Study_Instruction	LOADING RESOURCE SURFACE FROM DISK
1892605.349	Study_Phase.SEQUENCE.Study_Instruction	LOADING RESOURCE SURFACE FROM DISK
1899361.971	Study_Phase.SEQUENCE.DISPLAY_SCREEN	LOADING RESOURCE SURFACE FROM DISK
1900876.07	Study_Phase.SEQUENCE.Study_Instruction	LOADING RESOURCE SURFACE FROM DISK
1909183.654	Study_Phase.SEQUENCE.Study_Instruction	LOADING RESOURCE SURFACE FROM DISK
1915945.247	Study_Phase.SEQUENCE.DISPLAY_SCREEN	LOADING RESOURCE SURFACE FROM DISK
1917503.236	Study_Phase.SEQUENCE.Study_Instruction	LOADING RESOURCE SURFACE FROM DISK
1925775.944	Study_Phase.SEQUENCE.Study_Instruction	LOADING RESOURCE SURFACE FROM DISK
1934082.165	Study_Phase.SEQUENCE.Study_Instruction	LOADING RESOURCE SURFACE FROM DISK
1940845.38	Study_Phase.SEQUENCE.DISPLAY_SCREEN	LOADING RESOURCE SURFACE FROM DISK
1942401.462	Study_Phase.SEQUENCE.Study_Instruction	LOADING RESOURCE SURFACE FROM DISK
1950675.344	Study_Phase.SEQUENCE.Study_Instruction	LOADING RESOURCE SURFACE FROM DISK
1957428.669	Study_Phase.SEQUENCE.DISPLAY_SCREEN	LOADING RESOURCE SURFACE FROM DISK
1958942.71	Study_Phase.SEQUENCE.Study_Instruction	LOADING RESOURCE SURFACE FROM DISK
1967255.282	Study_Phase.SEQUENCE.Study_Instruction	LOADING RESOURCE SURFACE FROM DISK
1974012.012	Study_Phase.SEQUENCE.DISPLAY_SCREEN	LOADING RESOURCE SURFACE FROM DISK
1975525.983	Study_Phase.SEQUENCE.Study_Instruction	LOADING RESOURCE SURFACE FROM DISK
1983834.867	Study_Phase.SEQUENCE.Study_Instruction	LOADING RESOURCE SURFACE FROM DISK
1992144.262	Study_Phase.SEQUENCE.Study_Instruction	LOADING RESOURCE SURFACE FROM DISK
1998895.369	Study_Phase.SEQUENCE.DISPLAY_SCREEN	LOADING RESOURCE SURFACE FROM DISK
2000454.705	Study_Phase.SEQUENCE.Study_Instruction	LOADING RESOURCE SURFACE FROM DISK
2007211.981	Study_Phase.SEQUENCE.DISPLAY_SCREEN	LOADING RESOURCE SURFACE FROM DISK
2008773.485	Study_Phase.SEQUENCE.Study_Instruction	LOADING RESOURCE SURFACE FROM DISK
2017089.053	Study_Phase.SEQUENCE.Study_Instruction	LOADING RESOURCE SURFACE FROM DISK
2023828.769	Study_Phase.SEQUENCE.DISPLAY_SCREEN	LOADING RESOURCE SURFACE FROM DISK
2025378.696	Study_Phase.SEQUENCE.Study_Instruction	LOADING RESOURCE SURFACE FROM DISK
2032128.642	Study_Phase.SEQUENCE.DISPLAY_SCREEN	LOADING RESOURCE SURFACE FROM DISK
2033680.141	Study_Phase.SEQUENCE.Study_Instruction	LOADING RESOURCE SURFACE FROM DISK
2041997.565	Study_Phase.SEQUENCE.Study_Instruction	LOADING RESOURCE SURFACE FROM DISK
2050317.719	Study_Phase.SEQUENCE.Study_Instruction	LOADING RESOURCE SURFACE FROM DISK
2057078.833	Study_Phase.SEQUENCE.DISPLAY_SCREEN	LOADING RESOURCE SURFACE FROM DISK
2058630.037	Study_Phase.SEQUENCE.Study_Instruction	LOADING RESOURCE SURFACE FROM DISK
2065395.093	Study_Phase.SEQUENCE.DISPLAY_SCREEN	LOADING RESOURCE SURFACE FROM DISK
2066909.129	Study_Phase.SEQUENCE.Study_Instruction	LOADING RESOURCE SURFACE FROM DISK
2075219.26	Study_Phase.SEQUENCE.Study_Instruction	LOADING RESOURCE SURFACE FROM DISK
2081978.652	Study_Phase.SEQUENCE.DISPLAY_SCREEN	LOADING RESOURCE SURFACE FROM DISK
2083530.065	Study_Phase.SEQUENCE.Study_Instruction	LOADING RESOURCE SURFACE FROM DISK
2090278.548	Study_Phase.SEQUENCE.DISPLAY_SCREEN	LOADING RESOURCE SURFACE FROM DISK
2091830.673	Study_Phase.SEQUENCE.Study_Instruction	LOADING RESOURCE SURFACE FROM DISK
2098595.311	Study_Phase.SEQUENCE.DISPLAY_SCREEN	LOADING RESOURCE SURFACE FROM DISK
2100150.803	Study_Phase.SEQUENCE.Study_Instruction	LOADING RESOURCE SURFACE FROM DISK
2108425.394	Study_Phase.SEQUENCE.Study_Instruction	LOADING RESOURCE SURFACE FROM DISK
2116730.864	Study_Phase.SEQUENCE.Study_Instruction	LOADING RESOURCE SURFACE FROM DISK
2123495.186	Study_Phase.SEQUENCE.DISPLAY_SCREEN	LOADING RESOURCE SURFACE FROM DISK
2125009.063	Study_Phase.SEQUENCE.Study_Instruction	LOADING RESOURCE SURFACE FROM DISK
2133259.441	Study_Phase.SEQUENCE.Study_Instruction	LOADING RESOURCE SURFACE FROM DISK
2139995.09	Study_Phase.SEQUENCE.DISPLAY_SCREEN	LOADING RESOURCE SURFACE FROM DISK
2141509.179	Study_Phase.SEQUENCE.Study_Instruction	LOADING RESOURCE SURFACE FROM DISK
2149815.706	Study_Phase.SEQUENCE.Study_Instruction	LOADING RESOURCE SURFACE FROM DISK
2158106.762	Study_Phase.SEQUENCE.Study_Instruction	LOADING RESOURCE SURFACE FROM DISK
2166418.562	Study_Phase.SEQUENCE.Study_Instruction	LOADING RESOURCE SURFACE FROM DISK
2174727.729	Study_Phase.SEQUENCE.Study_Instruction	LOADING RESOURCE SURFACE FROM DISK
2181461.952	Study_Phase.SEQUENCE.DISPLAY_SCREEN	LOADING RESOURCE SURFACE FROM DISK
2182976.059	Study_Phase.SEQUENCE.Study_Instruction	LOADING RESOURCE SURFACE FROM DISK
2189711.767	Study_Phase.SEQUENCE.DISPLAY_SCREEN	LOADING RESOURCE SURFACE FROM DISK
2191272.71	Study_Phase.SEQUENCE.Study_Instruction	LOADING RESOURCE SURFACE FROM DISK
2199580.901	Study_Phase.SEQUENCE.Study_Instruction	LOADING RESOURCE SURFACE FROM DISK
2207904.299	Study_Phase.SEQUENCE.Study_Instruction	LOADING RESOURCE SURFACE FROM DISK
2214661.922	Study_Phase.SEQUENCE.DISPLAY_SCREEN	LOADING RESOURCE SURFACE FROM DISK
2216213.379	Study_Phase.SEQUENCE.Study_Instruction	LOADING RESOURCE SURFACE FROM DISK
2224537.05	Study_Phase.SEQUENCE.Study_Instruction	LOADING RESOURCE SURFACE FROM DISK
2232847.808	Study_Phase.SEQUENCE.Study_Instruction	LOADING RESOURCE SURFACE FROM DISK
2239611.918	Study_Phase.SEQUENCE.DISPLAY_SCREEN	LOADING RESOURCE SURFACE FROM DISK
2241125.854	Study_Phase.SEQUENCE.Study_Instruction	LOADING RESOURCE SURFACE FROM DISK
2247878.743	Study_Phase.SEQUENCE.DISPLAY_SCREEN	LOADING RESOURCE SURFACE FROM DISK
2249392.51	Study_Phase.SEQUENCE.Study_Instruction	LOADING RESOURCE SURFACE FROM DISK
2257699.048	Study_Phase.SEQUENCE.Study_Instruction	LOADING RESOURCE SURFACE FROM DISK
2264462.014	Study_Phase.SEQUENCE.DISPLAY_SCREEN	LOADING RESOURCE SURFACE FROM DISK
2266012.832	Study_Phase.SEQUENCE.Study_Instruction	LOADING RESOURCE SURFACE FROM DISK
2272761.954	Study_Phase.SEQUENCE.DISPLAY_SCREEN	LOADING RESOURCE SURFACE FROM DISK
2274315.173	Study_Phase.SEQUENCE.Study_Instruction	LOADING RESOURCE SURFACE FROM DISK
2281078.547	Study_Phase.SEQUENCE.DISPLAY_SCREEN	LOADING RESOURCE SURFACE FROM DISK
2282634.4	Study_Phase.SEQUENCE.Study_Instruction	LOADING RESOURCE SURFACE FROM DISK
2289378.745	Study_Phase.SEQUENCE.DISPLAY_SCREEN	LOADING RESOURCE SURFACE FROM DISK
2290892.598	Study_Phase.SEQUENCE.Study_Instruction	LOADING RESOURCE SURFACE FROM DISK
2299202.979	Study_Phase.SEQUENCE.Study_Instruction	LOADING RESOURCE SURFACE FROM DISK
2305961.995	Study_Phase.SEQUENCE.DISPLAY_SCREEN	LOADING RESOURCE SURFACE FROM DISK
2307523.158	Study_Phase.SEQUENCE.Study_Instruction	LOADING RESOURCE SURFACE FROM DISK
2315792.059	Study_Phase.SEQUENCE.Study_Instruction	LOADING RESOURCE SURFACE FROM DISK
2324100.136	Study_Phase.SEQUENCE.Study_Instruction	LOADING RESOURCE SURFACE FROM DISK
2332422.164	Study_Phase.SEQUENCE.Study_Instruction	LOADING RESOURCE SURFACE FROM DISK
2340692.136	Study_Phase.SEQUENCE.Study_Instruction	LOADING RESOURCE SURFACE FROM DISK
2349001.782	Study_Phase.SEQUENCE.Study_Instruction	LOADING RESOURCE SURFACE FROM DISK
2357301.522	Study_Phase.SEQUENCE.Study_Instruction	LOADING RESOURCE SURFACE FROM DISK
2364062.066	Study_Phase.SEQUENCE.DISPLAY_SCREEN	LOADING RESOURCE SURFACE FROM DISK
2365621.145	Study_Phase.SEQUENCE.Study_Instruction	LOADING RESOURCE SURFACE FROM DISK
2373934.458	Study_Phase.SEQUENCE.Study_Instruction	LOADING RESOURCE SURFACE FROM DISK
2380695.357	Study_Phase.SEQUENCE.DISPLAY_SCREEN	LOADING RESOURCE SURFACE FROM DISK
2382230.073	Study_Phase.SEQUENCE.Study_Instruction	LOADING RESOURCE SURFACE FROM DISK
2390530.348	Study_Phase.SEQUENCE.Study_Instruction	LOADING RESOURCE SURFACE FROM DISK
2397295.392	Study_Phase.SEQUENCE.DISPLAY_SCREEN	LOADING RESOURCE SURFACE FROM DISK
2398855.693	Study_Phase.SEQUENCE.Study_Instruction	LOADING RESOURCE SURFACE FROM DISK
2407125.5	Study_Phase.SEQUENCE.Study_Instruction	LOADING RESOURCE SURFACE FROM DISK
2415433.302	Study_Phase.SEQUENCE.Study_Instruction	LOADING RESOURCE SURFACE FROM DISK
2423752.676	Study_Phase.SEQUENCE.Study_Instruction	LOADING RESOURCE SURFACE FROM DISK
2430511.858	Study_Phase.SEQUENCE.DISPLAY_SCREEN	LOADING RESOURCE SURFACE FROM DISK
2432025.976	Study_Phase.SEQUENCE.Study_Instruction	LOADING RESOURCE SURFACE FROM DISK
2440292.717	Study_Phase.SEQUENCE.Study_Instruction	LOADING RESOURCE SURFACE FROM DISK
2447045.337	Study_Phase.SEQUENCE.DISPLAY_SCREEN	LOADING RESOURCE SURFACE FROM DISK
2448604.964	Study_Phase.SEQUENCE.Study_Instruction	LOADING RESOURCE SURFACE FROM DISK
2456913.995	Study_Phase.SEQUENCE.Study_Instruction	LOADING RESOURCE SURFACE FROM DISK
2465231.681	Study_Phase.SEQUENCE.Study_Instruction	LOADING RESOURCE SURFACE FROM DISK
2473547.929	Study_Phase.SEQUENCE.Study_Instruction	LOADING RESOURCE SURFACE FROM DISK
2480312.073	Study_Phase.SEQUENCE.DISPLAY_SCREEN	LOADING RESOURCE SURFACE FROM DISK
2481852.903	Study_Phase.SEQUENCE.Study_Instruction	LOADING RESOURCE SURFACE FROM DISK
2490163.001	Study_Phase.SEQUENCE.Study_Instruction	LOADING RESOURCE SURFACE FROM DISK
2498425.302	Study_Phase.SEQUENCE.Study_Instruction	LOADING RESOURCE SURFACE FROM DISK
2505162.209	Study_Phase.SEQUENCE.DISPLAY_SCREEN	LOADING RESOURCE SURFACE FROM DISK
2506715.304	Study_Phase.SEQUENCE.Study_Instruction	LOADING RESOURCE SURFACE FROM DISK
2513478.614	Study_Phase.SEQUENCE.DISPLAY_SCREEN	LOADING RESOURCE SURFACE FROM DISK
2515001.822	Study_Phase.SEQUENCE.Study_Instruction	LOADING RESOURCE SURFACE FROM DISK
2523315.366	Study_Phase.SEQUENCE.Study_Instruction	LOADING RESOURCE SURFACE FROM DISK
2530078.593	Study_Phase.SEQUENCE.DISPLAY_SCREEN	LOADING RESOURCE SURFACE FROM DISK
2531628.011	Study_Phase.SEQUENCE.Study_Instruction	LOADING RESOURCE SURFACE FROM DISK
2536338.96	DISPLAY_SCREEN[7]	LOADING RESOURCE SURFACE FROM DISK
2741769.538	Test_Phase.SEQUENCE.Target_Cue	LOADING RESOURCE SURFACE FROM DISK
2741771.374	Test_Phase.SEQUENCE.Target_Cue	LOADING RESOURCE SURFACE FROM DISK
2743841.777	Test_Phase.SEQUENCE.Word	LOADING RESOURCE SURFACE FROM DISK
2746892.854	Test_Phase.SEQUENCE.Test_Question	LOADING RESOURCE SURFACE FROM DISK
2746908.067	Test_Phase.SEQUENCE.Test_Question	LOADING RESOURCE SURFACE FROM DISK
2746920.719	Test_Phase.SEQUENCE.Test_Question	LOADING RESOURCE SURFACE FROM DISK
2746929.339	Test_Phase.SEQUENCE.Test_Question	LOADING RESOURCE SURFACE FROM DISK
2746931.192	Test_Phase.SEQUENCE.Test_Question	LOADING RESOURCE SURFACE FROM DISK
2746933.167	Test_Phase.SEQUENCE.Test_Question	LOADING RESOURCE SURFACE FROM DISK
2746934.985	Test_Phase.SEQUENCE.Test_Question	LOADING RESOURCE SURFACE FROM DISK
2746942.432	Test_Phase.SEQUENCE.Test_Question	LOADING RESOURCE SURFACE FROM DISK
2746945.184	Test_Phase.SEQUENCE.Test_Question	LOADING RESOURCE SURFACE FROM DISK
2746951.838	Test_Phase.SEQUENCE.Test_Question	LOADING RESOURCE SURFACE FROM DISK
2746960.558	Test_Phase.SEQUENCE.Test_Question	LOADING RESOURCE SURFACE FROM DISK
2746962.259	Test_Phase.SEQUENCE.Test_Question	LOADING RESOURCE SURFACE FROM DISK
2753341.874	Test_Phase.SEQUENCE.Word	LOADING RESOURCE SURFACE FROM DISK
2764120.346	Test_Phase.SEQUENCE.Word	LOADING RESOURCE SURFACE FROM DISK
2771599.694	Test_Phase.SEQUENCE.Word	LOADING RESOURCE SURFACE FROM DISK
2784484.947	Test_Phase.SEQUENCE.Word	LOADING RESOURCE SURFACE FROM DISK
2794825.493	Test_Phase.SEQUENCE.Word	LOADING RESOURCE SURFACE FROM DISK
2803725.303	Test_Phase.SEQUENCE.Word	LOADING RESOURCE SURFACE FROM DISK
2815508.904	Test_Phase.SEQUENCE.Word	LOADING RESOURCE SURFACE FROM DISK
2825875.267	Test_Phase.SEQUENCE.Word	LOADING RESOURCE SURFACE FROM DISK
2833125.698	Test_Phase.SEQUENCE.Word	LOADING RESOURCE SURFACE FROM DISK
2841696.155	Test_Phase.SEQUENCE.Word	LOADING RESOURCE SURFACE FROM DISK
2848882.265	Test_Phase.SEQUENCE.Word	LOADING RESOURCE SURFACE FROM DISK
2857936.874	Test_Phase.SEQUENCE.Word	LOADING RESOURCE SURFACE FROM DISK
2865287.36	Test_Phase.SEQUENCE.Word	LOADING RESOURCE SURFACE FROM DISK
2878425.471	Test_Phase.SEQUENCE.Word	LOADING RESOURCE SURFACE FROM DISK
2885608.721	Test_Phase.SEQUENCE.Word	LOADING RESOURCE SURFACE FROM DISK
2894654.328	Test_Phase.SEQUENCE.Word	LOADING RESOURCE SURFACE FROM DISK
2906275.282	Test_Phase.SEQUENCE.Word	LOADING RESOURCE SURFACE FROM DISK
2913925.272	Test_Phase.SEQUENCE.Word	LOADING RESOURCE SURFACE FROM DISK
2921441.95	Test_Phase.SEQUENCE.Word	LOADING RESOURCE SURFACE FROM DISK
2928647.515	Test_Phase.SEQUENCE.Word	LOADING RESOURCE SURFACE FROM DISK
2935870.775	Test_Phase.SEQUENCE.Word	LOADING RESOURCE SURFACE FROM DISK
2943441.987	Test_Phase.SEQUENCE.Word	LOADING RESOURCE SURFACE FROM DISK
2956125.419	Test_Phase.SEQUENCE.Word	LOADING RESOURCE SURFACE FROM DISK
2964608.765	Test_Phase.SEQUENCE.Word	LOADING RESOURCE SURFACE FROM DISK
2971941.904	Test_Phase.SEQUENCE.Word	LOADING RESOURCE SURFACE FROM DISK
2982175.357	Test_Phase.SEQUENCE.Word	LOADING RESOURCE SURFACE FROM DISK
2992600.735	Test_Phase.SEQUENCE.Word	LOADING RESOURCE SURFACE FROM DISK
3003654.785	Test_Phase.SEQUENCE.Word	LOADING RESOURCE SURFACE FROM DISK
3015211.117	Test_Phase.SEQUENCE.Word	LOADING RESOURCE SURFACE FROM DISK
3022375.283	Test_Phase.SEQUENCE.Word	LOADING RESOURCE SURFACE FROM DISK
3032125.62	Test_Phase.SEQUENCE.Word	LOADING RESOURCE SURFACE FROM DISK
3039392.185	Test_Phase.SEQUENCE.Word	LOADING RESOURCE SURFACE FROM DISK
3047080.281	Test_Phase.SEQUENCE.Word	LOADING RESOURCE SURFACE FROM DISK
3055775.722	Test_Phase.SEQUENCE.Word	LOADING RESOURCE SURFACE FROM DISK
3063754.82	Test_Phase.SEQUENCE.Word	LOADING RESOURCE SURFACE FROM DISK
3074230.679	Test_Phase.SEQUENCE.Word	LOADING RESOURCE SURFACE FROM DISK
3084556.112	Test_Phase.SEQUENCE.Word	LOADING RESOURCE SURFACE FROM DISK
3092687.918	Test_Phase.SEQUENCE.Word	LOADING RESOURCE SURFACE FROM DISK
3100975.405	Test_Phase.SEQUENCE.Word	LOADING RESOURCE SURFACE FROM DISK
3108758.682	Test_Phase.SEQUENCE.Word	LOADING RESOURCE SURFACE FROM DISK
3117569.382	Test_Phase.SEQUENCE.Word	LOADING RESOURCE SURFACE FROM DISK
3124832.091	Test_Phase.SEQUENCE.Word	LOADING RESOURCE SURFACE FROM DISK
3134642.127	Test_Phase.SEQUENCE.Word	LOADING RESOURCE SURFACE FROM DISK
3141908.94	Test_Phase.SEQUENCE.Word	LOADING RESOURCE SURFACE FROM DISK
3149228.928	Test_Phase.SEQUENCE.Word	LOADING RESOURCE SURFACE FROM DISK
3157585.074	Test_Phase.SEQUENCE.Word	LOADING RESOURCE SURFACE FROM DISK
3164942.003	Test_Phase.SEQUENCE.Word	LOADING RESOURCE SURFACE FROM DISK
3172548.595	Test_Phase.SEQUENCE.Word	LOADING RESOURCE SURFACE FROM DISK
3180696.408	Test_Phase.SEQUENCE.Word	LOADING RESOURCE SURFACE FROM DISK
3188325.353	Test_Phase.SEQUENCE.Word	LOADING RESOURCE SURFACE FROM DISK
3197058.644	Test_Phase.SEQUENCE.Word	LOADING RESOURCE SURFACE FROM DISK
3204771.447	Test_Phase.SEQUENCE.Word	LOADING RESOURCE SURFACE FROM DISK
3212475.351	Test_Phase.SEQUENCE.Word	LOADING RESOURCE SURFACE FROM DISK
3220517.066	Test_Phase.SEQUENCE.Word	LOADING RESOURCE SURFACE FROM DISK
3227758.638	Test_Phase.SEQUENCE.Word	LOADING RESOURCE SURFACE FROM DISK
3236815.638	Test_Phase.SEQUENCE.Word	LOADING RESOURCE SURFACE FROM DISK
3247425.331	Test_Phase.SEQUENCE.Word	LOADING RESOURCE SURFACE FROM DISK
3256925.413	Test_Phase.SEQUENCE.Word	LOADING RESOURCE SURFACE FROM DISK
3264258.754	Test_Phase.SEQUENCE.Word	LOADING RESOURCE SURFACE FROM DISK
3271641.933	Test_Phase.SEQUENCE.Word	LOADING RESOURCE SURFACE FROM DISK
3279719.836	Test_Phase.SEQUENCE.Word	LOADING RESOURCE SURFACE FROM DISK
3288281.399	Test_Phase.SEQUENCE.Word	LOADING RESOURCE SURFACE FROM DISK
3297175.316	Test_Phase.SEQUENCE.Word	LOADING RESOURCE SURFACE FROM DISK
3304391.836	Test_Phase.SEQUENCE.Word	LOADING RESOURCE SURFACE FROM DISK
3313632.972	Test_Phase.SEQUENCE.Word	LOADING RESOURCE SURFACE FROM DISK
3322275.357	Test_Phase.SEQUENCE.Word	LOADING RESOURCE SURFACE FROM DISK
3329802.567	Test_Phase.SEQUENCE.Word	LOADING RESOURCE SURFACE FROM DISK
3337725.232	Test_Phase.SEQUENCE.Word	LOADING RESOURCE SURFACE FROM DISK
3346713.592	Test_Phase.SEQUENCE.Word	LOADING RESOURCE SURFACE FROM DISK
3353958.599	Test_Phase.SEQUENCE.Word	LOADING RESOURCE SURFACE FROM DISK
3361875.639	Test_Phase.SEQUENCE.Word	LOADING RESOURCE SURFACE FROM DISK
3369925.204	Test_Phase.SEQUENCE.Word	LOADING RESOURCE SURFACE FROM DISK
3377622.955	Test_Phase.SEQUENCE.Word	LOADING RESOURCE SURFACE FROM DISK
3387785.976	Test_Phase.SEQUENCE.Word	LOADING RESOURCE SURFACE FROM DISK
3397359.008	Test_Phase.SEQUENCE.Word	LOADING RESOURCE SURFACE FROM DISK
3406503.015	Test_Phase.SEQUENCE.Word	LOADING RESOURCE SURFACE FROM DISK
3413998.141	Test_Phase.SEQUENCE.Word	LOADING RESOURCE SURFACE FROM DISK
3421808.851	Test_Phase.SEQUENCE.Word	LOADING RESOURCE SURFACE FROM DISK
3433591.954	Test_Phase.SEQUENCE.Word	LOADING RESOURCE SURFACE FROM DISK
3441031.589	Test_Phase.SEQUENCE.Word	LOADING RESOURCE SURFACE FROM DISK
3448420.087	Test_Phase.SEQUENCE.Word	LOADING RESOURCE SURFACE FROM DISK
3455964.875	Test_Phase.SEQUENCE.Word	LOADING RESOURCE SURFACE FROM DISK
3463192.286	Test_Phase.SEQUENCE.Word	LOADING RESOURCE SURFACE FROM DISK
3470503.958	Test_Phase.SEQUENCE.Word	LOADING RESOURCE SURFACE FROM DISK
3478075.702	Test_Phase.SEQUENCE.Word	LOADING RESOURCE SURFACE FROM DISK
3485463.939	Test_Phase.SEQUENCE.Word	LOADING RESOURCE SURFACE FROM DISK
3493092.065	Test_Phase.SEQUENCE.Word	LOADING RESOURCE SURFACE FROM DISK
3501785.321	Test_Phase.SEQUENCE.Word	LOADING RESOURCE SURFACE FROM DISK
3510264.429	Test_Phase.SEQUENCE.Word	LOADING RESOURCE SURFACE FROM DISK
3519592.331	Test_Phase.SEQUENCE.Word	LOADING RESOURCE SURFACE FROM DISK
3527218.667	Test_Phase.SEQUENCE.Word	LOADING RESOURCE SURFACE FROM DISK
3534550.505	Test_Phase.SEQUENCE.Word	LOADING RESOURCE SURFACE FROM DISK
3544209.006	Test_Phase.SEQUENCE.Word	LOADING RESOURCE SURFACE FROM DISK
3551580.152	Test_Phase.SEQUENCE.Word	LOADING RESOURCE SURFACE FROM DISK
3560417.826	Test_Phase.SEQUENCE.Word	LOADING RESOURCE SURFACE FROM DISK
3567708.766	Test_Phase.SEQUENCE.Word	LOADING RESOURCE SURFACE FROM DISK
3574925.52	Test_Phase.SEQUENCE.Word	LOADING RESOURCE SURFACE FROM DISK
3582181.537	Test_Phase.SEQUENCE.Word	LOADING RESOURCE SURFACE FROM DISK
3589375.821	Test_Phase.SEQUENCE.Word	LOADING RESOURCE SURFACE FROM DISK
3596625.383	Test_Phase.SEQUENCE.Word	LOADING RESOURCE SURFACE FROM DISK
3603918.571	Test_Phase.SEQUENCE.Word	LOADING RESOURCE SURFACE FROM DISK
3611358.225	Test_Phase.SEQUENCE.Word	LOADING RESOURCE SURFACE FROM DISK
3618839.303	Test_Phase.SEQUENCE.Word	LOADING RESOURCE SURFACE FROM DISK
3626892.389	Test_Phase.SEQUENCE.Word	LOADING RESOURCE SURFACE FROM DISK
3634841.919	Test_Phase.SEQUENCE.Word	LOADING RESOURCE SURFACE FROM DISK
3643204.952	Test_Phase.SEQUENCE.Word	LOADING RESOURCE SURFACE FROM DISK
3650559.008	Test_Phase.SEQUENCE.Word	LOADING RESOURCE SURFACE FROM DISK
3657808.935	Test_Phase.SEQUENCE.Word	LOADING RESOURCE SURFACE FROM DISK
3665368.574	Test_Phase.SEQUENCE.Word	LOADING RESOURCE SURFACE FROM DISK
3673167.792	Test_Phase.SEQUENCE.Word	LOADING RESOURCE SURFACE FROM DISK
3682292.417	Test_Phase.SEQUENCE.Word	LOADING RESOURCE SURFACE FROM DISK
3691201.994	Test_Phase.SEQUENCE.Word	LOADING RESOURCE SURFACE FROM DISK
3698542.29	Test_Phase.SEQUENCE.Word	LOADING RESOURCE SURFACE FROM DISK
3706556.568	Test_Phase.SEQUENCE.Word	LOADING RESOURCE SURFACE FROM DISK
3714325.49	Test_Phase.SEQUENCE.Word	LOADING RESOURCE SURFACE FROM DISK
3721758.824	Test_Phase.SEQUENCE.Word	LOADING RESOURCE SURFACE FROM DISK
3733565.817	Test_Phase.SEQUENCE.Word	LOADING RESOURCE SURFACE FROM DISK
3741475.55	Test_Phase.SEQUENCE.Word	LOADING RESOURCE SURFACE FROM DISK
3749559.228	Test_Phase.SEQUENCE.Word	LOADING RESOURCE SURFACE FROM DISK
3756799.512	Test_Phase.SEQUENCE.Word	LOADING RESOURCE SURFACE FROM DISK
3764075.391	Test_Phase.SEQUENCE.Word	LOADING RESOURCE SURFACE FROM DISK
3771502.63	Test_Phase.SEQUENCE.Word	LOADING RESOURCE SURFACE FROM DISK
3781342.402	Test_Phase.SEQUENCE.Word	LOADING RESOURCE SURFACE FROM DISK
3788758.756	Test_Phase.SEQUENCE.Word	LOADING RESOURCE SURFACE FROM DISK
3796588.918	Test_Phase.SEQUENCE.Word	LOADING RESOURCE SURFACE FROM DISK
3803975.383	Test_Phase.SEQUENCE.Word	LOADING RESOURCE SURFACE FROM DISK
3811453.747	Test_Phase.SEQUENCE.Word	LOADING RESOURCE SURFACE FROM DISK
3818930.646	Test_Phase.SEQUENCE.Word	LOADING RESOURCE SURFACE FROM DISK
3826158.687	Test_Phase.SEQUENCE.Word	LOADING RESOURCE SURFACE FROM DISK
3833797.729	Test_Phase.SEQUENCE.Word	LOADING RESOURCE SURFACE FROM DISK
3841331.006	Test_Phase.SEQUENCE.Word	LOADING RESOURCE SURFACE FROM DISK
3849706.71	Test_Phase.SEQUENCE.Word	LOADING RESOURCE SURFACE FROM DISK
3857250.102	Test_Phase.SEQUENCE.Word	LOADING RESOURCE SURFACE FROM DISK
3864566.258	Test_Phase.SEQUENCE.Word	LOADING RESOURCE SURFACE FROM DISK
3872558.866	Test_Phase.SEQUENCE.Word	LOADING RESOURCE SURFACE FROM DISK
3879859.095	Test_Phase.SEQUENCE.Word	LOADING RESOURCE SURFACE FROM DISK
3887197.017	Test_Phase.SEQUENCE.Word	LOADING RESOURCE SURFACE FROM DISK
3894617.156	Test_Phase.SEQUENCE.Word	LOADING RESOURCE SURFACE FROM DISK
3901675.735	Test_Phase.SEQUENCE.Word	LOADING RESOURCE SURFACE FROM DISK
3909025.35	Test_Phase.SEQUENCE.Word	LOADING RESOURCE SURFACE FROM DISK
3916525.45	Test_Phase.SEQUENCE.Word	LOADING RESOURCE SURFACE FROM DISK
3923929.478	Test_Phase.SEQUENCE.Word	LOADING RESOURCE SURFACE FROM DISK
3931875.364	Test_Phase.SEQUENCE.Word	LOADING RESOURCE SURFACE FROM DISK
3939775.97	Test_Phase.SEQUENCE.Word	LOADING RESOURCE SURFACE FROM DISK
3950372.579	Test_Phase.SEQUENCE.Word	LOADING RESOURCE SURFACE FROM DISK
3958892.39	Test_Phase.SEQUENCE.Word	LOADING RESOURCE SURFACE FROM DISK
3966425.599	Test_Phase.SEQUENCE.Word	LOADING RESOURCE SURFACE FROM DISK
3973635.241	Test_Phase.SEQUENCE.Word	LOADING RESOURCE SURFACE FROM DISK
3980936.739	Test_Phase.SEQUENCE.Word	LOADING RESOURCE SURFACE FROM DISK
3988403.251	Test_Phase.SEQUENCE.Word	LOADING RESOURCE SURFACE FROM DISK
3995848.628	Test_Phase.SEQUENCE.Word	LOADING RESOURCE SURFACE FROM DISK
4003203.996	Test_Phase.SEQUENCE.Word	LOADING RESOURCE SURFACE FROM DISK
4010425.283	Test_Phase.SEQUENCE.Word	LOADING RESOURCE SURFACE FROM DISK
4017542.29	Test_Phase.SEQUENCE.Word	LOADING RESOURCE SURFACE FROM DISK
4024642.283	Test_Phase.SEQUENCE.Word	LOADING RESOURCE SURFACE FROM DISK
4031879.025	Test_Phase.SEQUENCE.Word	LOADING RESOURCE SURFACE FROM DISK
4039200.641	Test_Phase.SEQUENCE.Word	LOADING RESOURCE SURFACE FROM DISK
4046492.123	Test_Phase.SEQUENCE.Word	LOADING RESOURCE SURFACE FROM DISK
4054175.426	Test_Phase.SEQUENCE.Word	LOADING RESOURCE SURFACE FROM DISK
4062026.635	Test_Phase.SEQUENCE.Word	LOADING RESOURCE SURFACE FROM DISK
4069788.403	Test_Phase.SEQUENCE.Word	LOADING RESOURCE SURFACE FROM DISK
4077342.189	Test_Phase.SEQUENCE.Word	LOADING RESOURCE SURFACE FROM DISK
4084575.71	Test_Phase.SEQUENCE.Word	LOADING RESOURCE SURFACE FROM DISK
4091898.574	Test_Phase.SEQUENCE.Word	LOADING RESOURCE SURFACE FROM DISK
4099055.399	Test_Phase.SEQUENCE.Word	LOADING RESOURCE SURFACE FROM DISK
4106512.554	Test_Phase.SEQUENCE.Word	LOADING RESOURCE SURFACE FROM DISK
4115131.671	Test_Phase.SEQUENCE.Word	LOADING RESOURCE SURFACE FROM DISK
4123233.292	Test_Phase.SEQUENCE.Word	LOADING RESOURCE SURFACE FROM DISK
4130475.99	Test_Phase.SEQUENCE.Word	LOADING RESOURCE SURFACE FROM DISK
4137992.276	Test_Phase.SEQUENCE.Word	LOADING RESOURCE SURFACE FROM DISK
4146492.212	Test_Phase.SEQUENCE.Word	LOADING RESOURCE SURFACE FROM DISK
4154175.603	Test_Phase.SEQUENCE.Word	LOADING RESOURCE SURFACE FROM DISK
4161904.133	Test_Phase.SEQUENCE.Word	LOADING RESOURCE SURFACE FROM DISK
4169187.668	Test_Phase.SEQUENCE.Word	LOADING RESOURCE SURFACE FROM DISK
4176959.062	Test_Phase.SEQUENCE.Word	LOADING RESOURCE SURFACE FROM DISK
4184429.882	Test_Phase.SEQUENCE.Word	LOADING RESOURCE SURFACE FROM DISK
4191708.956	Test_Phase.SEQUENCE.Word	LOADING RESOURCE SURFACE FROM DISK
4200641.879	Test_Phase.SEQUENCE.Word	LOADING RESOURCE SURFACE FROM DISK
4207984.212	Test_Phase.SEQUENCE.Word	LOADING RESOURCE SURFACE FROM DISK
4215153.42	Test_Phase.SEQUENCE.Word	LOADING RESOURCE SURFACE FROM DISK
4226791.869	Test_Phase.SEQUENCE.Word	LOADING RESOURCE SURFACE FROM DISK
4241341.316	Test_Phase.SEQUENCE.Word	LOADING RESOURCE SURFACE FROM DISK
4250205.716	Test_Phase.SEQUENCE.Word	LOADING RESOURCE SURFACE FROM DISK
4257962.129	Test_Phase.SEQUENCE.Word	LOADING RESOURCE SURFACE FROM DISK
4265575.75	Test_Phase.SEQUENCE.Word	LOADING RESOURCE SURFACE FROM DISK
4272959.983	Test_Phase.SEQUENCE.Word	LOADING RESOURCE SURFACE FROM DISK
4279981.77	Test_Phase.SEQUENCE.Word	LOADING RESOURCE SURFACE FROM DISK
4287437.244	Test_Phase.SEQUENCE.Word	LOADING RESOURCE SURFACE FROM DISK
4295225.213	Test_Phase.SEQUENCE.Word	LOADING RESOURCE SURFACE FROM DISK
4302616.005	Test_Phase.SEQUENCE.Word	LOADING RESOURCE SURFACE FROM DISK
4309821.564	Test_Phase.SEQUENCE.Word	LOADING RESOURCE SURFACE FROM DISK
4317848.244	Test_Phase.SEQUENCE.Word	LOADING RESOURCE SURFACE FROM DISK
4325166.836	Test_Phase.SEQUENCE.Word	LOADING RESOURCE SURFACE FROM DISK
4332441.913	Test_Phase.SEQUENCE.Word	LOADING RESOURCE SURFACE FROM DISK
4339691.898	Test_Phase.SEQUENCE.Word	LOADING RESOURCE SURFACE FROM DISK
4348158.715	Test_Phase.SEQUENCE.Word	LOADING RESOURCE SURFACE FROM DISK
4355299.929	Test_Phase.SEQUENCE.Word	LOADING RESOURCE SURFACE FROM DISK
4365246.869	Test_Phase.SEQUENCE.Word	LOADING RESOURCE SURFACE FROM DISK
4369005.809	DISPLAY_SCREEN	LOADING RESOURCE SURFACE FROM DISK
