4865.35	DISPLAY_SCREEN[1]	LOADING RESOURCE SURFACE FROM DISK
443347.863	Familiarization_Phase.SEQUENCE.Cue_and_Instruction	LOADING RESOURCE SURFACE FROM DISK
443351.891	Familiarization_Phase.SEQUENCE.Cue_and_Instruction	LOADING RESOURCE SURFACE FROM DISK
449395.622	Familiarization_Phase.SEQUENCE.Cue_and_Instruction	LOADING RESOURCE SURFACE FROM DISK
449399.887	Familiarization_Phase.SEQUENCE.Cue_and_Instruction	LOADING RESOURCE SURFACE FROM DISK
455445.592	Familiarization_Phase.SEQUENCE.Cue_and_Instruction	LOADING RESOURCE SURFACE FROM DISK
455449.898	Familiarization_Phase.SEQUENCE.Cue_and_Instruction	LOADING RESOURCE SURFACE FROM DISK
497578.228	DISPLAY_SCREEN[3]	LOADING RESOURCE SURFACE FROM DISK
503382.31	DISPLAY_SCREEN[5]	LOADING RESOURCE SURFACE FROM DISK
614253.169	Practice_Phase.SEQUENCE.Blink_Screen	LOADING RESOURCE SURFACE FROM DISK
615457.125	Practice_Phase.SEQUENCE.Practice_Luminance_Cue	LOADING RESOURCE SURFACE FROM DISK
615459.522	Practice_Phase.SEQUENCE.Practice_Luminance_Cue	LOADING RESOURCE SURFACE FROM DISK
616235.222	Practice_Phase.SEQUENCE.DISPLAY_SCREEN	LOADING RESOURCE SURFACE FROM DISK
616237.135	Practice_Phase.SEQUENCE.DISPLAY_SCREEN	flip time is later than desired time. Desired Time=615975 Flip Time=616259 Retrace Rate=16.641, prepareTime=285 flip request time 616236
617737.069	Practice_Phase.SEQUENCE.Practice_Instruction	LOADING RESOURCE SURFACE FROM DISK
624306.787	Practice_Phase.SEQUENCE.DISPLAY_SCREEN	LOADING RESOURCE SURFACE FROM DISK
625803.642	Practice_Phase.SEQUENCE.Practice_Instruction	LOADING RESOURCE SURFACE FROM DISK
632373.575	Practice_Phase.SEQUENCE.DISPLAY_SCREEN	LOADING RESOURCE SURFACE FROM DISK
633870.447	Practice_Phase.SEQUENCE.Practice_Instruction	LOADING RESOURCE SURFACE FROM DISK
640440.415	Practice_Phase.SEQUENCE.DISPLAY_SCREEN	LOADING RESOURCE SURFACE FROM DISK
641937.025	Practice_Phase.SEQUENCE.Practice_Instruction	LOADING RESOURCE SURFACE FROM DISK
648506.886	Practice_Phase.SEQUENCE.DISPLAY_SCREEN	LOADING RESOURCE SURFACE FROM DISK
650003.666	Practice_Phase.SEQUENCE.Practice_Instruction	LOADING RESOURCE SURFACE FROM DISK
656573.597	Practice_Phase.SEQUENCE.DISPLAY_SCREEN	LOADING RESOURCE SURFACE FROM DISK
658070.339	Practice_Phase.SEQUENCE.Practice_Instruction	LOADING RESOURCE SURFACE FROM DISK
664640.37	Practice_Phase.SEQUENCE.DISPLAY_SCREEN	LOADING RESOURCE SURFACE FROM DISK
666137.154	Practice_Phase.SEQUENCE.Practice_Instruction	LOADING RESOURCE SURFACE FROM DISK
672706.954	Practice_Phase.SEQUENCE.DISPLAY_SCREEN	LOADING RESOURCE SURFACE FROM DISK
674203.746	Practice_Phase.SEQUENCE.Practice_Instruction	LOADING RESOURCE SURFACE FROM DISK
680773.677	Practice_Phase.SEQUENCE.DISPLAY_SCREEN	LOADING RESOURCE SURFACE FROM DISK
682270.397	Practice_Phase.SEQUENCE.Practice_Instruction	LOADING RESOURCE SURFACE FROM DISK
686936.694	DISPLAY_SCREEN[2]	LOADING RESOURCE SURFACE FROM DISK
800315.269	Study_Phase.SEQUENCE.DISPLAY_SCREEN	LOADING RESOURCE SURFACE FROM DISK
801829.157	Study_Phase.SEQUENCE.Study_Instruction	LOADING RESOURCE SURFACE FROM DISK
810095.205	Study_Phase.SEQUENCE.Study_Instruction	LOADING RESOURCE SURFACE FROM DISK
818345.569	Study_Phase.SEQUENCE.Study_Instruction	LOADING RESOURCE SURFACE FROM DISK
825098.46	Study_Phase.SEQUENCE.DISPLAY_SCREEN	LOADING RESOURCE SURFACE FROM DISK
826612.171	Study_Phase.SEQUENCE.Study_Instruction	LOADING RESOURCE SURFACE FROM DISK
833348.673	Study_Phase.SEQUENCE.DISPLAY_SCREEN	LOADING RESOURCE SURFACE FROM DISK
834862.274	Study_Phase.SEQUENCE.Study_Instruction	LOADING RESOURCE SURFACE FROM DISK
843128.494	Study_Phase.SEQUENCE.Study_Instruction	LOADING RESOURCE SURFACE FROM DISK
851395.565	Study_Phase.SEQUENCE.Study_Instruction	LOADING RESOURCE SURFACE FROM DISK
858148.518	Study_Phase.SEQUENCE.DISPLAY_SCREEN	LOADING RESOURCE SURFACE FROM DISK
859662.344	Study_Phase.SEQUENCE.Study_Instruction	LOADING RESOURCE SURFACE FROM DISK
866415.334	Study_Phase.SEQUENCE.DISPLAY_SCREEN	LOADING RESOURCE SURFACE FROM DISK
867928.974	Study_Phase.SEQUENCE.Study_Instruction	LOADING RESOURCE SURFACE FROM DISK
876238.51	Study_Phase.SEQUENCE.Study_Instruction	LOADING RESOURCE SURFACE FROM DISK
882981.965	Study_Phase.SEQUENCE.DISPLAY_SCREEN	LOADING RESOURCE SURFACE FROM DISK
884495.737	Study_Phase.SEQUENCE.Study_Instruction	LOADING RESOURCE SURFACE FROM DISK
892761.705	Study_Phase.SEQUENCE.Study_Instruction	LOADING RESOURCE SURFACE FROM DISK
901011.553	Study_Phase.SEQUENCE.Study_Instruction	LOADING RESOURCE SURFACE FROM DISK
907765.161	Study_Phase.SEQUENCE.DISPLAY_SCREEN	LOADING RESOURCE SURFACE FROM DISK
909278.848	Study_Phase.SEQUENCE.Study_Instruction	LOADING RESOURCE SURFACE FROM DISK
916031.971	Study_Phase.SEQUENCE.DISPLAY_SCREEN	LOADING RESOURCE SURFACE FROM DISK
917545.482	Study_Phase.SEQUENCE.Study_Instruction	LOADING RESOURCE SURFACE FROM DISK
925812.183	Study_Phase.SEQUENCE.Study_Instruction	LOADING RESOURCE SURFACE FROM DISK
934078.446	Study_Phase.SEQUENCE.Study_Instruction	LOADING RESOURCE SURFACE FROM DISK
940831.923	Study_Phase.SEQUENCE.DISPLAY_SCREEN	LOADING RESOURCE SURFACE FROM DISK
942345.477	Study_Phase.SEQUENCE.Study_Instruction	LOADING RESOURCE SURFACE FROM DISK
949098.31	Study_Phase.SEQUENCE.DISPLAY_SCREEN	LOADING RESOURCE SURFACE FROM DISK
950612.239	Study_Phase.SEQUENCE.Study_Instruction	LOADING RESOURCE SURFACE FROM DISK
957365.251	Study_Phase.SEQUENCE.DISPLAY_SCREEN	LOADING RESOURCE SURFACE FROM DISK
958878.916	Study_Phase.SEQUENCE.Study_Instruction	LOADING RESOURCE SURFACE FROM DISK
967145.607	Study_Phase.SEQUENCE.Study_Instruction	LOADING RESOURCE SURFACE FROM DISK
973898.331	Study_Phase.SEQUENCE.DISPLAY_SCREEN	LOADING RESOURCE SURFACE FROM DISK
975412.153	Study_Phase.SEQUENCE.Study_Instruction	LOADING RESOURCE SURFACE FROM DISK
983678.414	Study_Phase.SEQUENCE.Study_Instruction	LOADING RESOURCE SURFACE FROM DISK
991945.078	Study_Phase.SEQUENCE.Study_Instruction	LOADING RESOURCE SURFACE FROM DISK
1000211.667	Study_Phase.SEQUENCE.Study_Instruction	LOADING RESOURCE SURFACE FROM DISK
1008462.402	Study_Phase.SEQUENCE.Study_Instruction	LOADING RESOURCE SURFACE FROM DISK
1016728.421	Study_Phase.SEQUENCE.Study_Instruction	LOADING RESOURCE SURFACE FROM DISK
1024995.088	Study_Phase.SEQUENCE.Study_Instruction	LOADING RESOURCE SURFACE FROM DISK
1031748.71	Study_Phase.SEQUENCE.DISPLAY_SCREEN	LOADING RESOURCE SURFACE FROM DISK
1033262.258	Study_Phase.SEQUENCE.Study_Instruction	LOADING RESOURCE SURFACE FROM DISK
1040015.258	Study_Phase.SEQUENCE.DISPLAY_SCREEN	LOADING RESOURCE SURFACE FROM DISK
1041528.888	Study_Phase.SEQUENCE.Study_Instruction	LOADING RESOURCE SURFACE FROM DISK
1049795.198	Study_Phase.SEQUENCE.Study_Instruction	LOADING RESOURCE SURFACE FROM DISK
1058062.281	Study_Phase.SEQUENCE.Study_Instruction	LOADING RESOURCE SURFACE FROM DISK
1066328.437	Study_Phase.SEQUENCE.Study_Instruction	LOADING RESOURCE SURFACE FROM DISK
1074595.494	Study_Phase.SEQUENCE.Study_Instruction	LOADING RESOURCE SURFACE FROM DISK
1081348.648	Study_Phase.SEQUENCE.DISPLAY_SCREEN	LOADING RESOURCE SURFACE FROM DISK
1082862.234	Study_Phase.SEQUENCE.Study_Instruction	LOADING RESOURCE SURFACE FROM DISK
1089615.194	Study_Phase.SEQUENCE.DISPLAY_SCREEN	LOADING RESOURCE SURFACE FROM DISK
1091165.893	Study_Phase.SEQUENCE.Study_Instruction	LOADING RESOURCE SURFACE FROM DISK
1097915.194	Study_Phase.SEQUENCE.DISPLAY_SCREEN	LOADING RESOURCE SURFACE FROM DISK
1099428.997	Study_Phase.SEQUENCE.Study_Instruction	LOADING RESOURCE SURFACE FROM DISK
1106165.18	Study_Phase.SEQUENCE.DISPLAY_SCREEN	LOADING RESOURCE SURFACE FROM DISK
1107678.868	Study_Phase.SEQUENCE.Study_Instruction	LOADING RESOURCE SURFACE FROM DISK
1115945.666	Study_Phase.SEQUENCE.Study_Instruction	LOADING RESOURCE SURFACE FROM DISK
1124254.637	Study_Phase.SEQUENCE.Study_Instruction	LOADING RESOURCE SURFACE FROM DISK
1131015.462	Study_Phase.SEQUENCE.DISPLAY_SCREEN	LOADING RESOURCE SURFACE FROM DISK
1132528.929	Study_Phase.SEQUENCE.Study_Instruction	LOADING RESOURCE SURFACE FROM DISK
1140819.844	Study_Phase.SEQUENCE.Study_Instruction	LOADING RESOURCE SURFACE FROM DISK
1149095.015	Study_Phase.SEQUENCE.Study_Instruction	LOADING RESOURCE SURFACE FROM DISK
1157361.663	Study_Phase.SEQUENCE.Study_Instruction	LOADING RESOURCE SURFACE FROM DISK
1164115.208	Study_Phase.SEQUENCE.DISPLAY_SCREEN	LOADING RESOURCE SURFACE FROM DISK
1165628.906	Study_Phase.SEQUENCE.Study_Instruction	LOADING RESOURCE SURFACE FROM DISK
1172381.999	Study_Phase.SEQUENCE.DISPLAY_SCREEN	LOADING RESOURCE SURFACE FROM DISK
1173895.584	Study_Phase.SEQUENCE.Study_Instruction	LOADING RESOURCE SURFACE FROM DISK
1182162.267	Study_Phase.SEQUENCE.Study_Instruction	LOADING RESOURCE SURFACE FROM DISK
1188915.049	Study_Phase.SEQUENCE.DISPLAY_SCREEN	LOADING RESOURCE SURFACE FROM DISK
1190428.83	Study_Phase.SEQUENCE.Study_Instruction	LOADING RESOURCE SURFACE FROM DISK
1197181.908	Study_Phase.SEQUENCE.DISPLAY_SCREEN	LOADING RESOURCE SURFACE FROM DISK
1198728.014	Study_Phase.SEQUENCE.Study_Instruction	LOADING RESOURCE SURFACE FROM DISK
1206994.993	Study_Phase.SEQUENCE.Study_Instruction	LOADING RESOURCE SURFACE FROM DISK
1213748.476	Study_Phase.SEQUENCE.DISPLAY_SCREEN	LOADING RESOURCE SURFACE FROM DISK
1215262.155	Study_Phase.SEQUENCE.Study_Instruction	LOADING RESOURCE SURFACE FROM DISK
1223528.89	Study_Phase.SEQUENCE.Study_Instruction	LOADING RESOURCE SURFACE FROM DISK
1231829.194	Study_Phase.SEQUENCE.Study_Instruction	LOADING RESOURCE SURFACE FROM DISK
1238581.665	Study_Phase.SEQUENCE.DISPLAY_SCREEN	LOADING RESOURCE SURFACE FROM DISK
1240095.464	Study_Phase.SEQUENCE.Study_Instruction	LOADING RESOURCE SURFACE FROM DISK
1248361.703	Study_Phase.SEQUENCE.Study_Instruction	LOADING RESOURCE SURFACE FROM DISK
1255115.214	Study_Phase.SEQUENCE.DISPLAY_SCREEN	LOADING RESOURCE SURFACE FROM DISK
1256629.052	Study_Phase.SEQUENCE.Study_Instruction	LOADING RESOURCE SURFACE FROM DISK
1264895.609	Study_Phase.SEQUENCE.Study_Instruction	LOADING RESOURCE SURFACE FROM DISK
1271648.496	Study_Phase.SEQUENCE.DISPLAY_SCREEN	LOADING RESOURCE SURFACE FROM DISK
1273194.641	Study_Phase.SEQUENCE.Study_Instruction	LOADING RESOURCE SURFACE FROM DISK
1281462.359	Study_Phase.SEQUENCE.Study_Instruction	LOADING RESOURCE SURFACE FROM DISK
1288215.28	Study_Phase.SEQUENCE.DISPLAY_SCREEN	LOADING RESOURCE SURFACE FROM DISK
1289728.859	Study_Phase.SEQUENCE.Study_Instruction	LOADING RESOURCE SURFACE FROM DISK
1297995.626	Study_Phase.SEQUENCE.Study_Instruction	LOADING RESOURCE SURFACE FROM DISK
1304731.855	Study_Phase.SEQUENCE.DISPLAY_SCREEN	LOADING RESOURCE SURFACE FROM DISK
1306245.713	Study_Phase.SEQUENCE.Study_Instruction	LOADING RESOURCE SURFACE FROM DISK
1314512.309	Study_Phase.SEQUENCE.Study_Instruction	LOADING RESOURCE SURFACE FROM DISK
1321265.282	Study_Phase.SEQUENCE.DISPLAY_SCREEN	LOADING RESOURCE SURFACE FROM DISK
1322778.869	Study_Phase.SEQUENCE.Study_Instruction	LOADING RESOURCE SURFACE FROM DISK
1331045.058	Study_Phase.SEQUENCE.Study_Instruction	LOADING RESOURCE SURFACE FROM DISK
1339311.745	Study_Phase.SEQUENCE.Study_Instruction	LOADING RESOURCE SURFACE FROM DISK
1347578.291	Study_Phase.SEQUENCE.Study_Instruction	LOADING RESOURCE SURFACE FROM DISK
1354331.995	Study_Phase.SEQUENCE.DISPLAY_SCREEN	LOADING RESOURCE SURFACE FROM DISK
1355883.415	Study_Phase.SEQUENCE.Study_Instruction	LOADING RESOURCE SURFACE FROM DISK
1364161.798	Study_Phase.SEQUENCE.Study_Instruction	LOADING RESOURCE SURFACE FROM DISK
1372428.921	Study_Phase.SEQUENCE.Study_Instruction	LOADING RESOURCE SURFACE FROM DISK
1379181.924	Study_Phase.SEQUENCE.DISPLAY_SCREEN	LOADING RESOURCE SURFACE FROM DISK
1380695.687	Study_Phase.SEQUENCE.Study_Instruction	LOADING RESOURCE SURFACE FROM DISK
1388945.689	Study_Phase.SEQUENCE.Study_Instruction	LOADING RESOURCE SURFACE FROM DISK
1395698.412	Study_Phase.SEQUENCE.DISPLAY_SCREEN	LOADING RESOURCE SURFACE FROM DISK
1397212.186	Study_Phase.SEQUENCE.Study_Instruction	LOADING RESOURCE SURFACE FROM DISK
1405478.984	Study_Phase.SEQUENCE.Study_Instruction	LOADING RESOURCE SURFACE FROM DISK
1412231.989	Study_Phase.SEQUENCE.DISPLAY_SCREEN	LOADING RESOURCE SURFACE FROM DISK
1413745.618	Study_Phase.SEQUENCE.Study_Instruction	LOADING RESOURCE SURFACE FROM DISK
1421995.556	Study_Phase.SEQUENCE.Study_Instruction	LOADING RESOURCE SURFACE FROM DISK
1428748.506	Study_Phase.SEQUENCE.DISPLAY_SCREEN	LOADING RESOURCE SURFACE FROM DISK
1430262.15	Study_Phase.SEQUENCE.Study_Instruction	LOADING RESOURCE SURFACE FROM DISK
1438528.934	Study_Phase.SEQUENCE.Study_Instruction	LOADING RESOURCE SURFACE FROM DISK
1445282.044	Study_Phase.SEQUENCE.DISPLAY_SCREEN	LOADING RESOURCE SURFACE FROM DISK
1446795.619	Study_Phase.SEQUENCE.Study_Instruction	LOADING RESOURCE SURFACE FROM DISK
1453548.394	Study_Phase.SEQUENCE.DISPLAY_SCREEN	LOADING RESOURCE SURFACE FROM DISK
1455097.712	Study_Phase.SEQUENCE.Study_Instruction	LOADING RESOURCE SURFACE FROM DISK
1463361.81	Study_Phase.SEQUENCE.Study_Instruction	LOADING RESOURCE SURFACE FROM DISK
1470115.275	Study_Phase.SEQUENCE.DISPLAY_SCREEN	LOADING RESOURCE SURFACE FROM DISK
1471665.814	Study_Phase.SEQUENCE.Study_Instruction	LOADING RESOURCE SURFACE FROM DISK
1479928.493	Study_Phase.SEQUENCE.Study_Instruction	LOADING RESOURCE SURFACE FROM DISK
1486682.124	Study_Phase.SEQUENCE.DISPLAY_SCREEN	LOADING RESOURCE SURFACE FROM DISK
1488195.661	Study_Phase.SEQUENCE.Study_Instruction	LOADING RESOURCE SURFACE FROM DISK
1496496.695	Study_Phase.SEQUENCE.Study_Instruction	LOADING RESOURCE SURFACE FROM DISK
1504745.28	Study_Phase.SEQUENCE.Study_Instruction	LOADING RESOURCE SURFACE FROM DISK
1511498.48	Study_Phase.SEQUENCE.DISPLAY_SCREEN	LOADING RESOURCE SURFACE FROM DISK
1513012.266	Study_Phase.SEQUENCE.Study_Instruction	LOADING RESOURCE SURFACE FROM DISK
1519765.242	Study_Phase.SEQUENCE.DISPLAY_SCREEN	LOADING RESOURCE SURFACE FROM DISK
1521278.883	Study_Phase.SEQUENCE.Study_Instruction	LOADING RESOURCE SURFACE FROM DISK
1529528.455	Study_Phase.SEQUENCE.Study_Instruction	LOADING RESOURCE SURFACE FROM DISK
1536282.052	Study_Phase.SEQUENCE.DISPLAY_SCREEN	LOADING RESOURCE SURFACE FROM DISK
1537795.643	Study_Phase.SEQUENCE.Study_Instruction	LOADING RESOURCE SURFACE FROM DISK
1546061.783	Study_Phase.SEQUENCE.Study_Instruction	LOADING RESOURCE SURFACE FROM DISK
1552798.432	Study_Phase.SEQUENCE.DISPLAY_SCREEN	LOADING RESOURCE SURFACE FROM DISK
1554312.189	Study_Phase.SEQUENCE.Study_Instruction	LOADING RESOURCE SURFACE FROM DISK
1562617.763	Study_Phase.SEQUENCE.Study_Instruction	LOADING RESOURCE SURFACE FROM DISK
1570895.071	Study_Phase.SEQUENCE.Study_Instruction	LOADING RESOURCE SURFACE FROM DISK
1579162.213	Study_Phase.SEQUENCE.Study_Instruction	LOADING RESOURCE SURFACE FROM DISK
1587428.487	Study_Phase.SEQUENCE.Study_Instruction	LOADING RESOURCE SURFACE FROM DISK
1595695.021	Study_Phase.SEQUENCE.Study_Instruction	LOADING RESOURCE SURFACE FROM DISK
1603945.029	Study_Phase.SEQUENCE.Study_Instruction	LOADING RESOURCE SURFACE FROM DISK
1612211.717	Study_Phase.SEQUENCE.Study_Instruction	LOADING RESOURCE SURFACE FROM DISK
1620516.098	Study_Phase.SEQUENCE.Study_Instruction	LOADING RESOURCE SURFACE FROM DISK
1627265.058	Study_Phase.SEQUENCE.DISPLAY_SCREEN	LOADING RESOURCE SURFACE FROM DISK
1628778.837	Study_Phase.SEQUENCE.Study_Instruction	LOADING RESOURCE SURFACE FROM DISK
1637028.467	Study_Phase.SEQUENCE.Study_Instruction	LOADING RESOURCE SURFACE FROM DISK
1645318.064	Study_Phase.SEQUENCE.Study_Instruction	LOADING RESOURCE SURFACE FROM DISK
1653594.97	Study_Phase.SEQUENCE.Study_Instruction	LOADING RESOURCE SURFACE FROM DISK
1661862.248	Study_Phase.SEQUENCE.Study_Instruction	LOADING RESOURCE SURFACE FROM DISK
1670128.408	Study_Phase.SEQUENCE.Study_Instruction	LOADING RESOURCE SURFACE FROM DISK
1678395.064	Study_Phase.SEQUENCE.Study_Instruction	LOADING RESOURCE SURFACE FROM DISK
1685148.694	Study_Phase.SEQUENCE.DISPLAY_SCREEN	LOADING RESOURCE SURFACE FROM DISK
1686662.214	Study_Phase.SEQUENCE.Study_Instruction	LOADING RESOURCE SURFACE FROM DISK
1693415.332	Study_Phase.SEQUENCE.DISPLAY_SCREEN	LOADING RESOURCE SURFACE FROM DISK
1694928.88	Study_Phase.SEQUENCE.Study_Instruction	LOADING RESOURCE SURFACE FROM DISK
1701665.293	Study_Phase.SEQUENCE.DISPLAY_SCREEN	LOADING RESOURCE SURFACE FROM DISK
1703178.881	Study_Phase.SEQUENCE.Study_Instruction	LOADING RESOURCE SURFACE FROM DISK
1711445.497	Study_Phase.SEQUENCE.Study_Instruction	LOADING RESOURCE SURFACE FROM DISK
1718198.568	Study_Phase.SEQUENCE.DISPLAY_SCREEN	LOADING RESOURCE SURFACE FROM DISK
1719712.097	Study_Phase.SEQUENCE.Study_Instruction	LOADING RESOURCE SURFACE FROM DISK
1727978.329	Study_Phase.SEQUENCE.Study_Instruction	LOADING RESOURCE SURFACE FROM DISK
1734731.81	Study_Phase.SEQUENCE.DISPLAY_SCREEN	LOADING RESOURCE SURFACE FROM DISK
1736267.85	Study_Phase.SEQUENCE.Study_Instruction	LOADING RESOURCE SURFACE FROM DISK
1744545.631	Study_Phase.SEQUENCE.Study_Instruction	LOADING RESOURCE SURFACE FROM DISK
1751298.716	Study_Phase.SEQUENCE.DISPLAY_SCREEN	LOADING RESOURCE SURFACE FROM DISK
1752812.181	Study_Phase.SEQUENCE.Study_Instruction	LOADING RESOURCE SURFACE FROM DISK
1759565.307	Study_Phase.SEQUENCE.DISPLAY_SCREEN	LOADING RESOURCE SURFACE FROM DISK
1761078.983	Study_Phase.SEQUENCE.Study_Instruction	LOADING RESOURCE SURFACE FROM DISK
1769328.454	Study_Phase.SEQUENCE.Study_Instruction	LOADING RESOURCE SURFACE FROM DISK
1776081.89	Study_Phase.SEQUENCE.DISPLAY_SCREEN	LOADING RESOURCE SURFACE FROM DISK
1777595.62	Study_Phase.SEQUENCE.Study_Instruction	LOADING RESOURCE SURFACE FROM DISK
1784331.934	Study_Phase.SEQUENCE.DISPLAY_SCREEN	LOADING RESOURCE SURFACE FROM DISK
1785845.493	Study_Phase.SEQUENCE.Study_Instruction	LOADING RESOURCE SURFACE FROM DISK
1790552.711	DISPLAY_SCREEN[7]	LOADING RESOURCE SURFACE FROM DISK
1915311.481	Test_Phase.SEQUENCE.Target_Cue	LOADING RESOURCE SURFACE FROM DISK
1915313.065	Test_Phase.SEQUENCE.Target_Cue	LOADING RESOURCE SURFACE FROM DISK
1917328.628	Test_Phase.SEQUENCE.Word	LOADING RESOURCE SURFACE FROM DISK
1920344.96	Test_Phase.SEQUENCE.Test_Question	LOADING RESOURCE SURFACE FROM DISK
1920346.618	Test_Phase.SEQUENCE.Test_Question	LOADING RESOURCE SURFACE FROM DISK
1920348.239	Test_Phase.SEQUENCE.Test_Question	LOADING RESOURCE SURFACE FROM DISK
1920349.891	Test_Phase.SEQUENCE.Test_Question	LOADING RESOURCE SURFACE FROM DISK
1920351.498	Test_Phase.SEQUENCE.Test_Question	LOADING RESOURCE SURFACE FROM DISK
1920353.155	Test_Phase.SEQUENCE.Test_Question	LOADING RESOURCE SURFACE FROM DISK
1920354.958	Test_Phase.SEQUENCE.Test_Question	LOADING RESOURCE SURFACE FROM DISK
1920356.446	Test_Phase.SEQUENCE.Test_Question	LOADING RESOURCE SURFACE FROM DISK
1920358.015	Test_Phase.SEQUENCE.Test_Question	LOADING RESOURCE SURFACE FROM DISK
1920359.563	Test_Phase.SEQUENCE.Test_Question	LOADING RESOURCE SURFACE FROM DISK
1920361.086	Test_Phase.SEQUENCE.Test_Question	LOADING RESOURCE SURFACE FROM DISK
1920362.608	Test_Phase.SEQUENCE.Test_Question	LOADING RESOURCE SURFACE FROM DISK
1930212.024	Test_Phase.SEQUENCE.Word	LOADING RESOURCE SURFACE FROM DISK
1938661.938	Test_Phase.SEQUENCE.Word	LOADING RESOURCE SURFACE FROM DISK
1950562.008	Test_Phase.SEQUENCE.Word	LOADING RESOURCE SURFACE FROM DISK
1960045.244	Test_Phase.SEQUENCE.Word	LOADING RESOURCE SURFACE FROM DISK
1972462.05	Test_Phase.SEQUENCE.Word	LOADING RESOURCE SURFACE FROM DISK
1981878.558	Test_Phase.SEQUENCE.Word	LOADING RESOURCE SURFACE FROM DISK
1996845.626	Test_Phase.SEQUENCE.Word	LOADING RESOURCE SURFACE FROM DISK
2005795.308	Test_Phase.SEQUENCE.Word	LOADING RESOURCE SURFACE FROM DISK
2017545.382	Test_Phase.SEQUENCE.Word	LOADING RESOURCE SURFACE FROM DISK
2026261.871	Test_Phase.SEQUENCE.Word	LOADING RESOURCE SURFACE FROM DISK
2033528.886	Test_Phase.SEQUENCE.Word	LOADING RESOURCE SURFACE FROM DISK
2041795.836	Test_Phase.SEQUENCE.Word	LOADING RESOURCE SURFACE FROM DISK
2050295.289	Test_Phase.SEQUENCE.Word	LOADING RESOURCE SURFACE FROM DISK
2059645.456	Test_Phase.SEQUENCE.Word	LOADING RESOURCE SURFACE FROM DISK
2068162.057	Test_Phase.SEQUENCE.Word	LOADING RESOURCE SURFACE FROM DISK
2079078.614	Test_Phase.SEQUENCE.Word	LOADING RESOURCE SURFACE FROM DISK
2087878.57	Test_Phase.SEQUENCE.Word	LOADING RESOURCE SURFACE FROM DISK
2099378.577	Test_Phase.SEQUENCE.Word	LOADING RESOURCE SURFACE FROM DISK
2110278.683	Test_Phase.SEQUENCE.Word	LOADING RESOURCE SURFACE FROM DISK
2119361.964	Test_Phase.SEQUENCE.Word	LOADING RESOURCE SURFACE FROM DISK
2128662.038	Test_Phase.SEQUENCE.Word	LOADING RESOURCE SURFACE FROM DISK
2137795.398	Test_Phase.SEQUENCE.Word	LOADING RESOURCE SURFACE FROM DISK
2145728.606	Test_Phase.SEQUENCE.Word	LOADING RESOURCE SURFACE FROM DISK
2153228.71	Test_Phase.SEQUENCE.Word	LOADING RESOURCE SURFACE FROM DISK
2163112.045	Test_Phase.SEQUENCE.Word	LOADING RESOURCE SURFACE FROM DISK
2175545.593	Test_Phase.SEQUENCE.Word	LOADING RESOURCE SURFACE FROM DISK
2182945.29	Test_Phase.SEQUENCE.Word	LOADING RESOURCE SURFACE FROM DISK
2192595.287	Test_Phase.SEQUENCE.Word	LOADING RESOURCE SURFACE FROM DISK
2200411.919	Test_Phase.SEQUENCE.Word	LOADING RESOURCE SURFACE FROM DISK
2208395.169	Test_Phase.SEQUENCE.Word	LOADING RESOURCE SURFACE FROM DISK
2215778.96	Test_Phase.SEQUENCE.Word	LOADING RESOURCE SURFACE FROM DISK
2222978.815	Test_Phase.SEQUENCE.Word	LOADING RESOURCE SURFACE FROM DISK
2230311.983	Test_Phase.SEQUENCE.Word	LOADING RESOURCE SURFACE FROM DISK
2237695.277	Test_Phase.SEQUENCE.Word	LOADING RESOURCE SURFACE FROM DISK
2245045.447	Test_Phase.SEQUENCE.Word	LOADING RESOURCE SURFACE FROM DISK
2252462.09	Test_Phase.SEQUENCE.Word	LOADING RESOURCE SURFACE FROM DISK
2260678.658	Test_Phase.SEQUENCE.Word	LOADING RESOURCE SURFACE FROM DISK
2268095.43	Test_Phase.SEQUENCE.Word	LOADING RESOURCE SURFACE FROM DISK
2277378.81	Test_Phase.SEQUENCE.Word	LOADING RESOURCE SURFACE FROM DISK
2284861.853	Test_Phase.SEQUENCE.Word	LOADING RESOURCE SURFACE FROM DISK
2292145.151	Test_Phase.SEQUENCE.Word	LOADING RESOURCE SURFACE FROM DISK
2299378.623	Test_Phase.SEQUENCE.Word	LOADING RESOURCE SURFACE FROM DISK
2309028.683	Test_Phase.SEQUENCE.Word	LOADING RESOURCE SURFACE FROM DISK
2318945.306	Test_Phase.SEQUENCE.Word	LOADING RESOURCE SURFACE FROM DISK
2326345.232	Test_Phase.SEQUENCE.Word	LOADING RESOURCE SURFACE FROM DISK
2333795.596	Test_Phase.SEQUENCE.Word	LOADING RESOURCE SURFACE FROM DISK
2341178.651	Test_Phase.SEQUENCE.Word	LOADING RESOURCE SURFACE FROM DISK
2348528.676	Test_Phase.SEQUENCE.Word	LOADING RESOURCE SURFACE FROM DISK
2355611.82	Test_Phase.SEQUENCE.Word	LOADING RESOURCE SURFACE FROM DISK
2367628.898	Test_Phase.SEQUENCE.Word	LOADING RESOURCE SURFACE FROM DISK
2380111.892	Test_Phase.SEQUENCE.Word	LOADING RESOURCE SURFACE FROM DISK
2389414.579	Test_Phase.SEQUENCE.Word	LOADING RESOURCE SURFACE FROM DISK
2397512.011	Test_Phase.SEQUENCE.Word	LOADING RESOURCE SURFACE FROM DISK
2405578.673	Test_Phase.SEQUENCE.Word	LOADING RESOURCE SURFACE FROM DISK
2413712.116	Test_Phase.SEQUENCE.Word	LOADING RESOURCE SURFACE FROM DISK
2421112.008	Test_Phase.SEQUENCE.Word	LOADING RESOURCE SURFACE FROM DISK
2428495.53	Test_Phase.SEQUENCE.Word	LOADING RESOURCE SURFACE FROM DISK
2435778.733	Test_Phase.SEQUENCE.Word	LOADING RESOURCE SURFACE FROM DISK
2442978.679	Test_Phase.SEQUENCE.Word	LOADING RESOURCE SURFACE FROM DISK
2450262.008	Test_Phase.SEQUENCE.Word	LOADING RESOURCE SURFACE FROM DISK
2457495.528	Test_Phase.SEQUENCE.Word	LOADING RESOURCE SURFACE FROM DISK
2464745.217	Test_Phase.SEQUENCE.Word	LOADING RESOURCE SURFACE FROM DISK
2472762.007	Test_Phase.SEQUENCE.Word	LOADING RESOURCE SURFACE FROM DISK
2480011.975	Test_Phase.SEQUENCE.Word	LOADING RESOURCE SURFACE FROM DISK
2487111.88	Test_Phase.SEQUENCE.Word	LOADING RESOURCE SURFACE FROM DISK
2494545.477	Test_Phase.SEQUENCE.Word	LOADING RESOURCE SURFACE FROM DISK
2501878.759	Test_Phase.SEQUENCE.Word	LOADING RESOURCE SURFACE FROM DISK
2510428.726	Test_Phase.SEQUENCE.Word	LOADING RESOURCE SURFACE FROM DISK
2520578.731	Test_Phase.SEQUENCE.Word	LOADING RESOURCE SURFACE FROM DISK
2527911.865	Test_Phase.SEQUENCE.Word	LOADING RESOURCE SURFACE FROM DISK
2536361.921	Test_Phase.SEQUENCE.Word	LOADING RESOURCE SURFACE FROM DISK
2543561.966	Test_Phase.SEQUENCE.Word	LOADING RESOURCE SURFACE FROM DISK
2550862.2	Test_Phase.SEQUENCE.Word	LOADING RESOURCE SURFACE FROM DISK
2558061.939	Test_Phase.SEQUENCE.Word	LOADING RESOURCE SURFACE FROM DISK
2568011.921	Test_Phase.SEQUENCE.Word	LOADING RESOURCE SURFACE FROM DISK
2575395.483	Test_Phase.SEQUENCE.Word	LOADING RESOURCE SURFACE FROM DISK
2583261.841	Test_Phase.SEQUENCE.Word	LOADING RESOURCE SURFACE FROM DISK
2590612.04	Test_Phase.SEQUENCE.Word	LOADING RESOURCE SURFACE FROM DISK
2598495.445	Test_Phase.SEQUENCE.Word	LOADING RESOURCE SURFACE FROM DISK
2606445.347	Test_Phase.SEQUENCE.Word	LOADING RESOURCE SURFACE FROM DISK
2614261.929	Test_Phase.SEQUENCE.Word	LOADING RESOURCE SURFACE FROM DISK
2623328.69	Test_Phase.SEQUENCE.Word	LOADING RESOURCE SURFACE FROM DISK
2630661.884	Test_Phase.SEQUENCE.Word	LOADING RESOURCE SURFACE FROM DISK
2637728.67	Test_Phase.SEQUENCE.Word	LOADING RESOURCE SURFACE FROM DISK
2644745.483	Test_Phase.SEQUENCE.Word	LOADING RESOURCE SURFACE FROM DISK
2651795.228	Test_Phase.SEQUENCE.Word	LOADING RESOURCE SURFACE FROM DISK
2658995.314	Test_Phase.SEQUENCE.Word	LOADING RESOURCE SURFACE FROM DISK
2666062.076	Test_Phase.SEQUENCE.Word	LOADING RESOURCE SURFACE FROM DISK
2673295.302	Test_Phase.SEQUENCE.Word	LOADING RESOURCE SURFACE FROM DISK
2680628.66	Test_Phase.SEQUENCE.Word	LOADING RESOURCE SURFACE FROM DISK
2687745.244	Test_Phase.SEQUENCE.Word	LOADING RESOURCE SURFACE FROM DISK
2694812.122	Test_Phase.SEQUENCE.Word	LOADING RESOURCE SURFACE FROM DISK
2702928.709	Test_Phase.SEQUENCE.Word	LOADING RESOURCE SURFACE FROM DISK
2711312.073	Test_Phase.SEQUENCE.Word	LOADING RESOURCE SURFACE FROM DISK
2718578.636	Test_Phase.SEQUENCE.Word	LOADING RESOURCE SURFACE FROM DISK
2725845.686	Test_Phase.SEQUENCE.Word	LOADING RESOURCE SURFACE FROM DISK
2733011.969	Test_Phase.SEQUENCE.Word	LOADING RESOURCE SURFACE FROM DISK
2740446.302	Test_Phase.SEQUENCE.Word	LOADING RESOURCE SURFACE FROM DISK
2747561.916	Test_Phase.SEQUENCE.Word	LOADING RESOURCE SURFACE FROM DISK
2754811.998	Test_Phase.SEQUENCE.Word	LOADING RESOURCE SURFACE FROM DISK
2762035.586	Test_Phase.SEQUENCE.Word	LOADING RESOURCE SURFACE FROM DISK
2769128.596	Test_Phase.SEQUENCE.Word	LOADING RESOURCE SURFACE FROM DISK
2776395.458	Test_Phase.SEQUENCE.Word	LOADING RESOURCE SURFACE FROM DISK
2783645.237	Test_Phase.SEQUENCE.Word	LOADING RESOURCE SURFACE FROM DISK
2791962.136	Test_Phase.SEQUENCE.Word	LOADING RESOURCE SURFACE FROM DISK
2799262.121	Test_Phase.SEQUENCE.Word	LOADING RESOURCE SURFACE FROM DISK
2807162.108	Test_Phase.SEQUENCE.Word	LOADING RESOURCE SURFACE FROM DISK
2814928.582	Test_Phase.SEQUENCE.Word	LOADING RESOURCE SURFACE FROM DISK
2822045.239	Test_Phase.SEQUENCE.Word	LOADING RESOURCE SURFACE FROM DISK
2829161.764	Test_Phase.SEQUENCE.Word	LOADING RESOURCE SURFACE FROM DISK
2836378.599	Test_Phase.SEQUENCE.Word	LOADING RESOURCE SURFACE FROM DISK
2846345.326	Test_Phase.SEQUENCE.Word	LOADING RESOURCE SURFACE FROM DISK
2853961.951	Test_Phase.SEQUENCE.Word	LOADING RESOURCE SURFACE FROM DISK
2861295.32	Test_Phase.SEQUENCE.Word	LOADING RESOURCE SURFACE FROM DISK
2869128.583	Test_Phase.SEQUENCE.Word	LOADING RESOURCE SURFACE FROM DISK
2877328.502	Test_Phase.SEQUENCE.Word	LOADING RESOURCE SURFACE FROM DISK
2884511.916	Test_Phase.SEQUENCE.Word	LOADING RESOURCE SURFACE FROM DISK
2891811.999	Test_Phase.SEQUENCE.Word	LOADING RESOURCE SURFACE FROM DISK
2898911.969	Test_Phase.SEQUENCE.Word	LOADING RESOURCE SURFACE FROM DISK
2905978.71	Test_Phase.SEQUENCE.Word	LOADING RESOURCE SURFACE FROM DISK
2913311.931	Test_Phase.SEQUENCE.Word	LOADING RESOURCE SURFACE FROM DISK
2920445.428	Test_Phase.SEQUENCE.Word	LOADING RESOURCE SURFACE FROM DISK
2927628.981	Test_Phase.SEQUENCE.Word	LOADING RESOURCE SURFACE FROM DISK
2936851.643	Test_Phase.SEQUENCE.Word	LOADING RESOURCE SURFACE FROM DISK
2944628.581	Test_Phase.SEQUENCE.Word	LOADING RESOURCE SURFACE FROM DISK
2951995.26	Test_Phase.SEQUENCE.Word	LOADING RESOURCE SURFACE FROM DISK
2959245.411	Test_Phase.SEQUENCE.Word	LOADING RESOURCE SURFACE FROM DISK
2966562.114	Test_Phase.SEQUENCE.Word	LOADING RESOURCE SURFACE FROM DISK
2973795.363	Test_Phase.SEQUENCE.Word	LOADING RESOURCE SURFACE FROM DISK
2980878.781	Test_Phase.SEQUENCE.Word	LOADING RESOURCE SURFACE FROM DISK
2988878.832	Test_Phase.SEQUENCE.Word	LOADING RESOURCE SURFACE FROM DISK
2996128.557	Test_Phase.SEQUENCE.Word	LOADING RESOURCE SURFACE FROM DISK
3003428.638	Test_Phase.SEQUENCE.Word	LOADING RESOURCE SURFACE FROM DISK
3010649.336	Test_Phase.SEQUENCE.Word	LOADING RESOURCE SURFACE FROM DISK
3017662.211	Test_Phase.SEQUENCE.Word	LOADING RESOURCE SURFACE FROM DISK
3026645.463	Test_Phase.SEQUENCE.Word	LOADING RESOURCE SURFACE FROM DISK
3033645.484	Test_Phase.SEQUENCE.Word	LOADING RESOURCE SURFACE FROM DISK
3041795.37	Test_Phase.SEQUENCE.Word	LOADING RESOURCE SURFACE FROM DISK
3048928.719	Test_Phase.SEQUENCE.Word	LOADING RESOURCE SURFACE FROM DISK
3056861.902	Test_Phase.SEQUENCE.Word	LOADING RESOURCE SURFACE FROM DISK
3064228.674	Test_Phase.SEQUENCE.Word	LOADING RESOURCE SURFACE FROM DISK
3071295.274	Test_Phase.SEQUENCE.Word	LOADING RESOURCE SURFACE FROM DISK
3078545.437	Test_Phase.SEQUENCE.Word	LOADING RESOURCE SURFACE FROM DISK
3093395.427	Test_Phase.SEQUENCE.Word	LOADING RESOURCE SURFACE FROM DISK
3100461.943	Test_Phase.SEQUENCE.Word	LOADING RESOURCE SURFACE FROM DISK
3108928.617	Test_Phase.SEQUENCE.Word	LOADING RESOURCE SURFACE FROM DISK
3117861.878	Test_Phase.SEQUENCE.Word	LOADING RESOURCE SURFACE FROM DISK
3124978.631	Test_Phase.SEQUENCE.Word	LOADING RESOURCE SURFACE FROM DISK
3132345.576	Test_Phase.SEQUENCE.Word	LOADING RESOURCE SURFACE FROM DISK
3139428.74	Test_Phase.SEQUENCE.Word	LOADING RESOURCE SURFACE FROM DISK
3146611.911	Test_Phase.SEQUENCE.Word	LOADING RESOURCE SURFACE FROM DISK
3153728.743	Test_Phase.SEQUENCE.Word	LOADING RESOURCE SURFACE FROM DISK
3160728.775	Test_Phase.SEQUENCE.Word	LOADING RESOURCE SURFACE FROM DISK
3167812.149	Test_Phase.SEQUENCE.Word	LOADING RESOURCE SURFACE FROM DISK
3176395.523	Test_Phase.SEQUENCE.Word	LOADING RESOURCE SURFACE FROM DISK
3184245.159	Test_Phase.SEQUENCE.Word	LOADING RESOURCE SURFACE FROM DISK
3191312.06	Test_Phase.SEQUENCE.Word	LOADING RESOURCE SURFACE FROM DISK
3198545.316	Test_Phase.SEQUENCE.Word	LOADING RESOURCE SURFACE FROM DISK
3205632.911	Test_Phase.SEQUENCE.Word	LOADING RESOURCE SURFACE FROM DISK
3213595.35	Test_Phase.SEQUENCE.Word	LOADING RESOURCE SURFACE FROM DISK
3220928.619	Test_Phase.SEQUENCE.Word	LOADING RESOURCE SURFACE FROM DISK
3228245.312	Test_Phase.SEQUENCE.Word	LOADING RESOURCE SURFACE FROM DISK
3237412.135	Test_Phase.SEQUENCE.Word	LOADING RESOURCE SURFACE FROM DISK
3244978.62	Test_Phase.SEQUENCE.Word	LOADING RESOURCE SURFACE FROM DISK
3252612.066	Test_Phase.SEQUENCE.Word	LOADING RESOURCE SURFACE FROM DISK
3260295.355	Test_Phase.SEQUENCE.Word	LOADING RESOURCE SURFACE FROM DISK
3267528.545	Test_Phase.SEQUENCE.Word	LOADING RESOURCE SURFACE FROM DISK
3274545.289	Test_Phase.SEQUENCE.Word	LOADING RESOURCE SURFACE FROM DISK
3281645.349	Test_Phase.SEQUENCE.Word	LOADING RESOURCE SURFACE FROM DISK
3288878.77	Test_Phase.SEQUENCE.Word	LOADING RESOURCE SURFACE FROM DISK
3296011.971	Test_Phase.SEQUENCE.Word	LOADING RESOURCE SURFACE FROM DISK
3303145.2	Test_Phase.SEQUENCE.Word	LOADING RESOURCE SURFACE FROM DISK
3310561.855	Test_Phase.SEQUENCE.Word	LOADING RESOURCE SURFACE FROM DISK
3317685.773	Test_Phase.SEQUENCE.Word	LOADING RESOURCE SURFACE FROM DISK
3324878.733	Test_Phase.SEQUENCE.Word	LOADING RESOURCE SURFACE FROM DISK
3332095.408	Test_Phase.SEQUENCE.Word	LOADING RESOURCE SURFACE FROM DISK
3341328.712	Test_Phase.SEQUENCE.Word	LOADING RESOURCE SURFACE FROM DISK
3348371.958	Test_Phase.SEQUENCE.Word	LOADING RESOURCE SURFACE FROM DISK
3356111.88	Test_Phase.SEQUENCE.Word	LOADING RESOURCE SURFACE FROM DISK
3363878.597	Test_Phase.SEQUENCE.Word	LOADING RESOURCE SURFACE FROM DISK
3371278.833	Test_Phase.SEQUENCE.Word	LOADING RESOURCE SURFACE FROM DISK
3378595.472	Test_Phase.SEQUENCE.Word	LOADING RESOURCE SURFACE FROM DISK
3385645.59	Test_Phase.SEQUENCE.Word	LOADING RESOURCE SURFACE FROM DISK
3392711.87	Test_Phase.SEQUENCE.Word	LOADING RESOURCE SURFACE FROM DISK
3399849.035	Test_Phase.SEQUENCE.Word	LOADING RESOURCE SURFACE FROM DISK
3407078.635	Test_Phase.SEQUENCE.Word	LOADING RESOURCE SURFACE FROM DISK
3416462.16	Test_Phase.SEQUENCE.Word	LOADING RESOURCE SURFACE FROM DISK
3424395.358	Test_Phase.SEQUENCE.Word	LOADING RESOURCE SURFACE FROM DISK
3432511.871	Test_Phase.SEQUENCE.Word	LOADING RESOURCE SURFACE FROM DISK
3440645.355	Test_Phase.SEQUENCE.Word	LOADING RESOURCE SURFACE FROM DISK
3448511.961	Test_Phase.SEQUENCE.Word	LOADING RESOURCE SURFACE FROM DISK
3460862.04	Test_Phase.SEQUENCE.Word	LOADING RESOURCE SURFACE FROM DISK
3471892.385	Test_Phase.SEQUENCE.Word	LOADING RESOURCE SURFACE FROM DISK
3479495.22	Test_Phase.SEQUENCE.Word	LOADING RESOURCE SURFACE FROM DISK
3490061.972	Test_Phase.SEQUENCE.Word	LOADING RESOURCE SURFACE FROM DISK
3500061.785	Test_Phase.SEQUENCE.Word	LOADING RESOURCE SURFACE FROM DISK
3507745.275	Test_Phase.SEQUENCE.Word	LOADING RESOURCE SURFACE FROM DISK
3515812.085	Test_Phase.SEQUENCE.Word	LOADING RESOURCE SURFACE FROM DISK
3521568.481	DISPLAY_SCREEN	LOADING RESOURCE SURFACE FROM DISK
