5231.002	DISPLAY_SCREEN[1]	LOADING RESOURCE SURFACE FROM DISK
1840988.45	Familiarization_Phase.SEQUENCE.Cue_and_Instruction	LOADING RESOURCE SURFACE FROM DISK
1841000.229	Familiarization_Phase.SEQUENCE.Cue_and_Instruction	LOADING RESOURCE SURFACE FROM DISK
1847079.296	Familiarization_Phase.SEQUENCE.Cue_and_Instruction	LOADING RESOURCE SURFACE FROM DISK
1847091.441	Familiarization_Phase.SEQUENCE.Cue_and_Instruction	LOADING RESOURCE SURFACE FROM DISK
1853162.749	Familiarization_Phase.SEQUENCE.Cue_and_Instruction	LOADING RESOURCE SURFACE FROM DISK
1853167.052	Familiarization_Phase.SEQUENCE.Cue_and_Instruction	LOADING RESOURCE SURFACE FROM DISK
1895294.066	DISPLAY_SCREEN[3]	LOADING RESOURCE SURFACE FROM DISK
1974966.851	DISPLAY_SCREEN[5]	LOADING RESOURCE SURFACE FROM DISK
2042514.311	Practice_Phase.SEQUENCE.Blink_Screen	LOADING RESOURCE SURFACE FROM DISK
2042515.529	Practice_Phase.SEQUENCE.Blink_Screen	flip time is later than desired time. Desired Time=2042258 Flip Time=2042524 Retrace Rate=16.641, prepareTime=281 flip request time 2042515
2043744.193	Practice_Phase.SEQUENCE.Practice_Luminance_Cue	LOADING RESOURCE SURFACE FROM DISK
2043746.654	Practice_Phase.SEQUENCE.Practice_Luminance_Cue	LOADING RESOURCE SURFACE FROM DISK
2043748.299	Practice_Phase.SEQUENCE.Practice_Luminance_Cue	flip time is later than desired time. Desired Time=2043724 Flip Time=2043758 Retrace Rate=16.641, prepareTime=47 flip request time 2043748
2045779.466	Practice_Phase.SEQUENCE.Practice_Instruction	LOADING RESOURCE SURFACE FROM DISK
2045786.779	Practice_Phase.SEQUENCE.Practice_Instruction	LOADING RESOURCE SURFACE FROM DISK
2045788.38	Practice_Phase.SEQUENCE.Practice_Instruction	flip time is later than desired time. Desired Time=2045758 Flip Time=2045808 Retrace Rate=16.641, prepareTime=54 flip request time 2045788
2053901.779	Practice_Phase.SEQUENCE.Practice_Instruction	LOADING RESOURCE SURFACE FROM DISK
2053908.699	Practice_Phase.SEQUENCE.Practice_Instruction	LOADING RESOURCE SURFACE FROM DISK
2053910.312	Practice_Phase.SEQUENCE.Practice_Instruction	flip time is later than desired time. Desired Time=2053874 Flip Time=2053924 Retrace Rate=16.641, prepareTime=59 flip request time 2053910
2062010.24	Practice_Phase.SEQUENCE.Practice_Instruction	LOADING RESOURCE SURFACE FROM DISK
2062012.704	Practice_Phase.SEQUENCE.Practice_Instruction	LOADING RESOURCE SURFACE FROM DISK
2062014.379	Practice_Phase.SEQUENCE.Practice_Instruction	flip time is later than desired time. Desired Time=2061991 Flip Time=2062024 Retrace Rate=16.641, prepareTime=47 flip request time 2062014
2070072.422	Practice_Phase.SEQUENCE.Practice_Instruction	LOADING RESOURCE SURFACE FROM DISK
2070074.888	Practice_Phase.SEQUENCE.Practice_Instruction	LOADING RESOURCE SURFACE FROM DISK
2078139.071	Practice_Phase.SEQUENCE.Practice_Instruction	LOADING RESOURCE SURFACE FROM DISK
2078174.649	Practice_Phase.SEQUENCE.Practice_Instruction	LOADING RESOURCE SURFACE FROM DISK
2078176.236	Practice_Phase.SEQUENCE.Practice_Instruction	flip time is later than desired time. Desired Time=2078158 Flip Time=2078191 Retrace Rate=16.641, prepareTime=42 flip request time 2078175
2086239.217	Practice_Phase.SEQUENCE.Practice_Instruction	LOADING RESOURCE SURFACE FROM DISK
2086274.354	Practice_Phase.SEQUENCE.Practice_Instruction	LOADING RESOURCE SURFACE FROM DISK
2086275.973	Practice_Phase.SEQUENCE.Practice_Instruction	flip time is later than desired time. Desired Time=2086258 Flip Time=2086291 Retrace Rate=16.641, prepareTime=42 flip request time 2086275
2094339.064	Practice_Phase.SEQUENCE.Practice_Instruction	LOADING RESOURCE SURFACE FROM DISK
2094341.649	Practice_Phase.SEQUENCE.Practice_Instruction	LOADING RESOURCE SURFACE FROM DISK
2102405.762	Practice_Phase.SEQUENCE.Practice_Instruction	LOADING RESOURCE SURFACE FROM DISK
2102408.153	Practice_Phase.SEQUENCE.Practice_Instruction	LOADING RESOURCE SURFACE FROM DISK
2110472.539	Practice_Phase.SEQUENCE.Practice_Instruction	LOADING RESOURCE SURFACE FROM DISK
2110495.93	Practice_Phase.SEQUENCE.Practice_Instruction	LOADING RESOURCE SURFACE FROM DISK
2110497.566	Practice_Phase.SEQUENCE.Practice_Instruction	flip time is later than desired time. Desired Time=2110491 Flip Time=2110508 Retrace Rate=16.641, prepareTime=30 flip request time 2110497
2115169.368	DISPLAY_SCREEN[2]	LOADING RESOURCE SURFACE FROM DISK
2216514.353	Study_Phase.SEQUENCE.Study_Instruction	LOADING RESOURCE SURFACE FROM DISK
2216553.457	Study_Phase.SEQUENCE.Study_Instruction	LOADING RESOURCE SURFACE FROM DISK
2224851.697	Study_Phase.SEQUENCE.Study_Instruction	LOADING RESOURCE SURFACE FROM DISK
2233154.326	Study_Phase.SEQUENCE.Study_Instruction	LOADING RESOURCE SURFACE FROM DISK
2241453.704	Study_Phase.SEQUENCE.Study_Instruction	LOADING RESOURCE SURFACE FROM DISK
2249714.531	Study_Phase.SEQUENCE.Study_Instruction	LOADING RESOURCE SURFACE FROM DISK
2249750.824	Study_Phase.SEQUENCE.Study_Instruction	LOADING RESOURCE SURFACE FROM DISK
2257997.703	Study_Phase.SEQUENCE.Study_Instruction	LOADING RESOURCE SURFACE FROM DISK
2258036.618	Study_Phase.SEQUENCE.Study_Instruction	LOADING RESOURCE SURFACE FROM DISK
2266297.632	Study_Phase.SEQUENCE.Study_Instruction	LOADING RESOURCE SURFACE FROM DISK
2266336.316	Study_Phase.SEQUENCE.Study_Instruction	LOADING RESOURCE SURFACE FROM DISK
2274638.429	Study_Phase.SEQUENCE.Study_Instruction	LOADING RESOURCE SURFACE FROM DISK
2282897.898	Study_Phase.SEQUENCE.Study_Instruction	LOADING RESOURCE SURFACE FROM DISK
2282943.529	Study_Phase.SEQUENCE.Study_Instruction	LOADING RESOURCE SURFACE FROM DISK
2291230.214	Study_Phase.SEQUENCE.Study_Instruction	LOADING RESOURCE SURFACE FROM DISK
2299520.906	Study_Phase.SEQUENCE.Study_Instruction	LOADING RESOURCE SURFACE FROM DISK
2307781.132	Study_Phase.SEQUENCE.Study_Instruction	LOADING RESOURCE SURFACE FROM DISK
2307819.981	Study_Phase.SEQUENCE.Study_Instruction	LOADING RESOURCE SURFACE FROM DISK
2316064.506	Study_Phase.SEQUENCE.Study_Instruction	LOADING RESOURCE SURFACE FROM DISK
2316107.266	Study_Phase.SEQUENCE.Study_Instruction	LOADING RESOURCE SURFACE FROM DISK
2324403.882	Study_Phase.SEQUENCE.Study_Instruction	LOADING RESOURCE SURFACE FROM DISK
2332699.653	Study_Phase.SEQUENCE.Study_Instruction	LOADING RESOURCE SURFACE FROM DISK
2341064.899	Study_Phase.SEQUENCE.Study_Instruction	LOADING RESOURCE SURFACE FROM DISK
2341102.17	Study_Phase.SEQUENCE.Study_Instruction	LOADING RESOURCE SURFACE FROM DISK
2349362.572	Study_Phase.SEQUENCE.Study_Instruction	LOADING RESOURCE SURFACE FROM DISK
2357651.94	Study_Phase.SEQUENCE.Study_Instruction	LOADING RESOURCE SURFACE FROM DISK
2365914.482	Study_Phase.SEQUENCE.Study_Instruction	LOADING RESOURCE SURFACE FROM DISK
2365916.929	Study_Phase.SEQUENCE.Study_Instruction	LOADING RESOURCE SURFACE FROM DISK
2374181.134	Study_Phase.SEQUENCE.Study_Instruction	LOADING RESOURCE SURFACE FROM DISK
2374223.838	Study_Phase.SEQUENCE.Study_Instruction	LOADING RESOURCE SURFACE FROM DISK
2382510.345	Study_Phase.SEQUENCE.Study_Instruction	LOADING RESOURCE SURFACE FROM DISK
2390794.552	Study_Phase.SEQUENCE.Study_Instruction	LOADING RESOURCE SURFACE FROM DISK
2399047.853	Study_Phase.SEQUENCE.Study_Instruction	LOADING RESOURCE SURFACE FROM DISK
2399087.782	Study_Phase.SEQUENCE.Study_Instruction	LOADING RESOURCE SURFACE FROM DISK
2407347.947	Study_Phase.SEQUENCE.Study_Instruction	LOADING RESOURCE SURFACE FROM DISK
2407389.801	Study_Phase.SEQUENCE.Study_Instruction	LOADING RESOURCE SURFACE FROM DISK
2415680.566	Study_Phase.SEQUENCE.Study_Instruction	LOADING RESOURCE SURFACE FROM DISK
2423930.973	Study_Phase.SEQUENCE.Study_Instruction	LOADING RESOURCE SURFACE FROM DISK
2423974.483	Study_Phase.SEQUENCE.Study_Instruction	LOADING RESOURCE SURFACE FROM DISK
2432267.646	Study_Phase.SEQUENCE.Study_Instruction	LOADING RESOURCE SURFACE FROM DISK
2440578.065	Study_Phase.SEQUENCE.Study_Instruction	LOADING RESOURCE SURFACE FROM DISK
2448863.836	Study_Phase.SEQUENCE.Study_Instruction	LOADING RESOURCE SURFACE FROM DISK
2457114.406	Study_Phase.SEQUENCE.Study_Instruction	LOADING RESOURCE SURFACE FROM DISK
2457155.829	Study_Phase.SEQUENCE.Study_Instruction	LOADING RESOURCE SURFACE FROM DISK
2465452.13	Study_Phase.SEQUENCE.Study_Instruction	LOADING RESOURCE SURFACE FROM DISK
2473714.477	Study_Phase.SEQUENCE.Study_Instruction	LOADING RESOURCE SURFACE FROM DISK
2473759.013	Study_Phase.SEQUENCE.Study_Instruction	LOADING RESOURCE SURFACE FROM DISK
2481997.891	Study_Phase.SEQUENCE.Study_Instruction	LOADING RESOURCE SURFACE FROM DISK
2482000.384	Study_Phase.SEQUENCE.Study_Instruction	LOADING RESOURCE SURFACE FROM DISK
2490264.395	Study_Phase.SEQUENCE.Study_Instruction	LOADING RESOURCE SURFACE FROM DISK
2490306.387	Study_Phase.SEQUENCE.Study_Instruction	LOADING RESOURCE SURFACE FROM DISK
2498605.057	Study_Phase.SEQUENCE.Study_Instruction	LOADING RESOURCE SURFACE FROM DISK
2506900.751	Study_Phase.SEQUENCE.Study_Instruction	LOADING RESOURCE SURFACE FROM DISK
2515164.554	Study_Phase.SEQUENCE.Study_Instruction	LOADING RESOURCE SURFACE FROM DISK
2515204.996	Study_Phase.SEQUENCE.Study_Instruction	LOADING RESOURCE SURFACE FROM DISK
2523462.053	Study_Phase.SEQUENCE.Study_Instruction	LOADING RESOURCE SURFACE FROM DISK
2531714.571	Study_Phase.SEQUENCE.Study_Instruction	LOADING RESOURCE SURFACE FROM DISK
2531752.448	Study_Phase.SEQUENCE.Study_Instruction	LOADING RESOURCE SURFACE FROM DISK
2540014.41	Study_Phase.SEQUENCE.Study_Instruction	LOADING RESOURCE SURFACE FROM DISK
2540016.91	Study_Phase.SEQUENCE.Study_Instruction	LOADING RESOURCE SURFACE FROM DISK
2548320.918	Study_Phase.SEQUENCE.Study_Instruction	LOADING RESOURCE SURFACE FROM DISK
2556581.015	Study_Phase.SEQUENCE.Study_Instruction	LOADING RESOURCE SURFACE FROM DISK
2556624.188	Study_Phase.SEQUENCE.Study_Instruction	LOADING RESOURCE SURFACE FROM DISK
2564881.234	Study_Phase.SEQUENCE.Study_Instruction	LOADING RESOURCE SURFACE FROM DISK
2564925.602	Study_Phase.SEQUENCE.Study_Instruction	LOADING RESOURCE SURFACE FROM DISK
2573303.317	Study_Phase.SEQUENCE.Study_Instruction	LOADING RESOURCE SURFACE FROM DISK
2581578.316	Study_Phase.SEQUENCE.Study_Instruction	LOADING RESOURCE SURFACE FROM DISK
2589831.543	Study_Phase.SEQUENCE.Study_Instruction	LOADING RESOURCE SURFACE FROM DISK
2589844.734	Study_Phase.SEQUENCE.Study_Instruction	LOADING RESOURCE SURFACE FROM DISK
2598128.451	Study_Phase.SEQUENCE.Study_Instruction	LOADING RESOURCE SURFACE FROM DISK
2606377.817	Study_Phase.SEQUENCE.Study_Instruction	LOADING RESOURCE SURFACE FROM DISK
2614631.49	Study_Phase.SEQUENCE.Study_Instruction	LOADING RESOURCE SURFACE FROM DISK
2614676.779	Study_Phase.SEQUENCE.Study_Instruction	LOADING RESOURCE SURFACE FROM DISK
2622966.566	Study_Phase.SEQUENCE.Study_Instruction	LOADING RESOURCE SURFACE FROM DISK
2631267.485	Study_Phase.SEQUENCE.Study_Instruction	LOADING RESOURCE SURFACE FROM DISK
2639531.373	Study_Phase.SEQUENCE.Study_Instruction	LOADING RESOURCE SURFACE FROM DISK
2639533.742	Study_Phase.SEQUENCE.Study_Instruction	LOADING RESOURCE SURFACE FROM DISK
2647797.714	Study_Phase.SEQUENCE.Study_Instruction	LOADING RESOURCE SURFACE FROM DISK
2647841.795	Study_Phase.SEQUENCE.Study_Instruction	LOADING RESOURCE SURFACE FROM DISK
2656097.729	Study_Phase.SEQUENCE.Study_Instruction	LOADING RESOURCE SURFACE FROM DISK
2656139.407	Study_Phase.SEQUENCE.Study_Instruction	LOADING RESOURCE SURFACE FROM DISK
2664397.755	Study_Phase.SEQUENCE.Study_Instruction	LOADING RESOURCE SURFACE FROM DISK
2664413.935	Study_Phase.SEQUENCE.Study_Instruction	LOADING RESOURCE SURFACE FROM DISK
2672697.624	Study_Phase.SEQUENCE.Study_Instruction	LOADING RESOURCE SURFACE FROM DISK
2680948.044	Study_Phase.SEQUENCE.Study_Instruction	LOADING RESOURCE SURFACE FROM DISK
2680988.738	Study_Phase.SEQUENCE.Study_Instruction	LOADING RESOURCE SURFACE FROM DISK
2689245.541	Study_Phase.SEQUENCE.Study_Instruction	LOADING RESOURCE SURFACE FROM DISK
2697497.87	Study_Phase.SEQUENCE.Study_Instruction	LOADING RESOURCE SURFACE FROM DISK
2697500.376	Study_Phase.SEQUENCE.Study_Instruction	LOADING RESOURCE SURFACE FROM DISK
2705796.014	Study_Phase.SEQUENCE.Study_Instruction	LOADING RESOURCE SURFACE FROM DISK
2714047.935	Study_Phase.SEQUENCE.Study_Instruction	LOADING RESOURCE SURFACE FROM DISK
2714087.921	Study_Phase.SEQUENCE.Study_Instruction	LOADING RESOURCE SURFACE FROM DISK
2722384.786	Study_Phase.SEQUENCE.Study_Instruction	LOADING RESOURCE SURFACE FROM DISK
2730647.776	Study_Phase.SEQUENCE.Study_Instruction	LOADING RESOURCE SURFACE FROM DISK
2730650.167	Study_Phase.SEQUENCE.Study_Instruction	LOADING RESOURCE SURFACE FROM DISK
2738912.049	Study_Phase.SEQUENCE.Study_Instruction	LOADING RESOURCE SURFACE FROM DISK
2747164.668	Study_Phase.SEQUENCE.Study_Instruction	LOADING RESOURCE SURFACE FROM DISK
2747206.049	Study_Phase.SEQUENCE.Study_Instruction	LOADING RESOURCE SURFACE FROM DISK
2755462.128	Study_Phase.SEQUENCE.Study_Instruction	LOADING RESOURCE SURFACE FROM DISK
2763714.519	Study_Phase.SEQUENCE.Study_Instruction	LOADING RESOURCE SURFACE FROM DISK
2763716.892	Study_Phase.SEQUENCE.Study_Instruction	LOADING RESOURCE SURFACE FROM DISK
2771981.043	Study_Phase.SEQUENCE.Study_Instruction	LOADING RESOURCE SURFACE FROM DISK
2772022.485	Study_Phase.SEQUENCE.Study_Instruction	LOADING RESOURCE SURFACE FROM DISK
2780281.134	Study_Phase.SEQUENCE.Study_Instruction	LOADING RESOURCE SURFACE FROM DISK
2780283.656	Study_Phase.SEQUENCE.Study_Instruction	LOADING RESOURCE SURFACE FROM DISK
2788578.33	Study_Phase.SEQUENCE.Study_Instruction	LOADING RESOURCE SURFACE FROM DISK
2796828.878	Study_Phase.SEQUENCE.Study_Instruction	LOADING RESOURCE SURFACE FROM DISK
2805114.486	Study_Phase.SEQUENCE.Study_Instruction	LOADING RESOURCE SURFACE FROM DISK
2805150.926	Study_Phase.SEQUENCE.Study_Instruction	LOADING RESOURCE SURFACE FROM DISK
2813414.793	Study_Phase.SEQUENCE.Study_Instruction	LOADING RESOURCE SURFACE FROM DISK
2813417.224	Study_Phase.SEQUENCE.Study_Instruction	LOADING RESOURCE SURFACE FROM DISK
2821712.704	Study_Phase.SEQUENCE.Study_Instruction	LOADING RESOURCE SURFACE FROM DISK
2829964.397	Study_Phase.SEQUENCE.Study_Instruction	LOADING RESOURCE SURFACE FROM DISK
2830005.886	Study_Phase.SEQUENCE.Study_Instruction	LOADING RESOURCE SURFACE FROM DISK
2838306.082	Study_Phase.SEQUENCE.Study_Instruction	LOADING RESOURCE SURFACE FROM DISK
2846599.671	Study_Phase.SEQUENCE.Study_Instruction	LOADING RESOURCE SURFACE FROM DISK
2854877.104	Study_Phase.SEQUENCE.Study_Instruction	LOADING RESOURCE SURFACE FROM DISK
2863114.645	Study_Phase.SEQUENCE.Study_Instruction	LOADING RESOURCE SURFACE FROM DISK
2863156.96	Study_Phase.SEQUENCE.Study_Instruction	LOADING RESOURCE SURFACE FROM DISK
2871414.491	Study_Phase.SEQUENCE.Study_Instruction	LOADING RESOURCE SURFACE FROM DISK
2871458.169	Study_Phase.SEQUENCE.Study_Instruction	LOADING RESOURCE SURFACE FROM DISK
2879753.404	Study_Phase.SEQUENCE.Study_Instruction	LOADING RESOURCE SURFACE FROM DISK
2888014.464	Study_Phase.SEQUENCE.Study_Instruction	LOADING RESOURCE SURFACE FROM DISK
2888016.94	Study_Phase.SEQUENCE.Study_Instruction	LOADING RESOURCE SURFACE FROM DISK
2896314.909	Study_Phase.SEQUENCE.Study_Instruction	LOADING RESOURCE SURFACE FROM DISK
2904564.656	Study_Phase.SEQUENCE.Study_Instruction	LOADING RESOURCE SURFACE FROM DISK
2904602.043	Study_Phase.SEQUENCE.Study_Instruction	LOADING RESOURCE SURFACE FROM DISK
2912861.143	Study_Phase.SEQUENCE.Study_Instruction	LOADING RESOURCE SURFACE FROM DISK
2921159.243	Study_Phase.SEQUENCE.Study_Instruction	LOADING RESOURCE SURFACE FROM DISK
2929414.593	Study_Phase.SEQUENCE.Study_Instruction	LOADING RESOURCE SURFACE FROM DISK
2929456.337	Study_Phase.SEQUENCE.Study_Instruction	LOADING RESOURCE SURFACE FROM DISK
2937714.68	Study_Phase.SEQUENCE.Study_Instruction	LOADING RESOURCE SURFACE FROM DISK
2937753.876	Study_Phase.SEQUENCE.Study_Instruction	LOADING RESOURCE SURFACE FROM DISK
2945997.674	Study_Phase.SEQUENCE.Study_Instruction	LOADING RESOURCE SURFACE FROM DISK
2946000.137	Study_Phase.SEQUENCE.Study_Instruction	LOADING RESOURCE SURFACE FROM DISK
2954294.195	Study_Phase.SEQUENCE.Study_Instruction	LOADING RESOURCE SURFACE FROM DISK
2962547.924	Study_Phase.SEQUENCE.Study_Instruction	LOADING RESOURCE SURFACE FROM DISK
2962591.369	Study_Phase.SEQUENCE.Study_Instruction	LOADING RESOURCE SURFACE FROM DISK
2970863.564	Study_Phase.SEQUENCE.Study_Instruction	LOADING RESOURCE SURFACE FROM DISK
2979154.649	Study_Phase.SEQUENCE.Study_Instruction	LOADING RESOURCE SURFACE FROM DISK
2987414.247	Study_Phase.SEQUENCE.Study_Instruction	LOADING RESOURCE SURFACE FROM DISK
2987456.899	Study_Phase.SEQUENCE.Study_Instruction	LOADING RESOURCE SURFACE FROM DISK
2995711.065	Study_Phase.SEQUENCE.Study_Instruction	LOADING RESOURCE SURFACE FROM DISK
3003964.649	Study_Phase.SEQUENCE.Study_Instruction	LOADING RESOURCE SURFACE FROM DISK
3003967.065	Study_Phase.SEQUENCE.Study_Instruction	LOADING RESOURCE SURFACE FROM DISK
3012262.503	Study_Phase.SEQUENCE.Study_Instruction	LOADING RESOURCE SURFACE FROM DISK
3020545.432	Study_Phase.SEQUENCE.Study_Instruction	LOADING RESOURCE SURFACE FROM DISK
3028797.771	Study_Phase.SEQUENCE.Study_Instruction	LOADING RESOURCE SURFACE FROM DISK
3028836.094	Study_Phase.SEQUENCE.Study_Instruction	LOADING RESOURCE SURFACE FROM DISK
3037094.511	Study_Phase.SEQUENCE.Study_Instruction	LOADING RESOURCE SURFACE FROM DISK
3045377.681	Study_Phase.SEQUENCE.Study_Instruction	LOADING RESOURCE SURFACE FROM DISK
3053660.88	Study_Phase.SEQUENCE.Study_Instruction	LOADING RESOURCE SURFACE FROM DISK
3061943.77	Study_Phase.SEQUENCE.Study_Instruction	LOADING RESOURCE SURFACE FROM DISK
3070197.693	Study_Phase.SEQUENCE.Study_Instruction	LOADING RESOURCE SURFACE FROM DISK
3070276.52	Study_Phase.SEQUENCE.Study_Instruction	LOADING RESOURCE SURFACE FROM DISK
3078531.241	Study_Phase.SEQUENCE.Study_Instruction	LOADING RESOURCE SURFACE FROM DISK
3078576.15	Study_Phase.SEQUENCE.Study_Instruction	LOADING RESOURCE SURFACE FROM DISK
3086861.396	Study_Phase.SEQUENCE.Study_Instruction	LOADING RESOURCE SURFACE FROM DISK
3095114.353	Study_Phase.SEQUENCE.Study_Instruction	LOADING RESOURCE SURFACE FROM DISK
3095152.064	Study_Phase.SEQUENCE.Study_Instruction	LOADING RESOURCE SURFACE FROM DISK
3103414.526	Study_Phase.SEQUENCE.Study_Instruction	LOADING RESOURCE SURFACE FROM DISK
3103449.781	Study_Phase.SEQUENCE.Study_Instruction	LOADING RESOURCE SURFACE FROM DISK
3111727.879	Study_Phase.SEQUENCE.Study_Instruction	LOADING RESOURCE SURFACE FROM DISK
3119980.974	Study_Phase.SEQUENCE.Study_Instruction	LOADING RESOURCE SURFACE FROM DISK
3120016.313	Study_Phase.SEQUENCE.Study_Instruction	LOADING RESOURCE SURFACE FROM DISK
3128281.368	Study_Phase.SEQUENCE.Study_Instruction	LOADING RESOURCE SURFACE FROM DISK
3128283.97	Study_Phase.SEQUENCE.Study_Instruction	LOADING RESOURCE SURFACE FROM DISK
3136584.425	Study_Phase.SEQUENCE.Study_Instruction	LOADING RESOURCE SURFACE FROM DISK
3144831.308	Study_Phase.SEQUENCE.Study_Instruction	LOADING RESOURCE SURFACE FROM DISK
3144874.156	Study_Phase.SEQUENCE.Study_Instruction	LOADING RESOURCE SURFACE FROM DISK
3153162.415	Study_Phase.SEQUENCE.Study_Instruction	LOADING RESOURCE SURFACE FROM DISK
3161429.697	Study_Phase.SEQUENCE.Study_Instruction	LOADING RESOURCE SURFACE FROM DISK
3169681.352	Study_Phase.SEQUENCE.Study_Instruction	LOADING RESOURCE SURFACE FROM DISK
3169725.611	Study_Phase.SEQUENCE.Study_Instruction	LOADING RESOURCE SURFACE FROM DISK
3177978.89	Study_Phase.SEQUENCE.Study_Instruction	LOADING RESOURCE SURFACE FROM DISK
3186231.409	Study_Phase.SEQUENCE.Study_Instruction	LOADING RESOURCE SURFACE FROM DISK
3186267.311	Study_Phase.SEQUENCE.Study_Instruction	LOADING RESOURCE SURFACE FROM DISK
3194569.646	Study_Phase.SEQUENCE.Study_Instruction	LOADING RESOURCE SURFACE FROM DISK
3202831.241	Study_Phase.SEQUENCE.Study_Instruction	LOADING RESOURCE SURFACE FROM DISK
3202875.325	Study_Phase.SEQUENCE.Study_Instruction	LOADING RESOURCE SURFACE FROM DISK
3207600.784	DISPLAY_SCREEN[7]	LOADING RESOURCE SURFACE FROM DISK
3387332.327	Test_Phase.SEQUENCE.Target_Cue	LOADING RESOURCE SURFACE FROM DISK
3387334.281	Test_Phase.SEQUENCE.Target_Cue	LOADING RESOURCE SURFACE FROM DISK
3389397.165	Test_Phase.SEQUENCE.Word	LOADING RESOURCE SURFACE FROM DISK
3392410.626	Test_Phase.SEQUENCE.Test_Question	LOADING RESOURCE SURFACE FROM DISK
3392412.581	Test_Phase.SEQUENCE.Test_Question	LOADING RESOURCE SURFACE FROM DISK
3392449.49	Test_Phase.SEQUENCE.Test_Question	LOADING RESOURCE SURFACE FROM DISK
3392460.581	Test_Phase.SEQUENCE.Test_Question	LOADING RESOURCE SURFACE FROM DISK
3392475.376	Test_Phase.SEQUENCE.Test_Question	LOADING RESOURCE SURFACE FROM DISK
3392477.165	Test_Phase.SEQUENCE.Test_Question	LOADING RESOURCE SURFACE FROM DISK
3392480.63	Test_Phase.SEQUENCE.Test_Question	LOADING RESOURCE SURFACE FROM DISK
3392482.277	Test_Phase.SEQUENCE.Test_Question	LOADING RESOURCE SURFACE FROM DISK
3392483.976	Test_Phase.SEQUENCE.Test_Question	LOADING RESOURCE SURFACE FROM DISK
3392485.839	Test_Phase.SEQUENCE.Test_Question	LOADING RESOURCE SURFACE FROM DISK
3392487.557	Test_Phase.SEQUENCE.Test_Question	LOADING RESOURCE SURFACE FROM DISK
3392489.267	Test_Phase.SEQUENCE.Test_Question	LOADING RESOURCE SURFACE FROM DISK
3397910.765	Test_Phase.SEQUENCE.Word	LOADING RESOURCE SURFACE FROM DISK
3406961.012	Test_Phase.SEQUENCE.Word	LOADING RESOURCE SURFACE FROM DISK
3415684.711	Test_Phase.SEQUENCE.Word	LOADING RESOURCE SURFACE FROM DISK
3423744.021	Test_Phase.SEQUENCE.Word	LOADING RESOURCE SURFACE FROM DISK
3430994.292	Test_Phase.SEQUENCE.Word	LOADING RESOURCE SURFACE FROM DISK
3438253.264	Test_Phase.SEQUENCE.Word	LOADING RESOURCE SURFACE FROM DISK
3446515.151	Test_Phase.SEQUENCE.Word	LOADING RESOURCE SURFACE FROM DISK
3454844.293	Test_Phase.SEQUENCE.Word	LOADING RESOURCE SURFACE FROM DISK
3461925.682	Test_Phase.SEQUENCE.Word	LOADING RESOURCE SURFACE FROM DISK
3469636.015	Test_Phase.SEQUENCE.Word	LOADING RESOURCE SURFACE FROM DISK
3476903.062	Test_Phase.SEQUENCE.Word	LOADING RESOURCE SURFACE FROM DISK
3485051.812	Test_Phase.SEQUENCE.Word	LOADING RESOURCE SURFACE FROM DISK
3495494.233	Test_Phase.SEQUENCE.Word	LOADING RESOURCE SURFACE FROM DISK
3503714.891	Test_Phase.SEQUENCE.Word	LOADING RESOURCE SURFACE FROM DISK
3513250.609	Test_Phase.SEQUENCE.Word	LOADING RESOURCE SURFACE FROM DISK
3521294.108	Test_Phase.SEQUENCE.Word	LOADING RESOURCE SURFACE FROM DISK
3528377.486	Test_Phase.SEQUENCE.Word	LOADING RESOURCE SURFACE FROM DISK
3535461.016	Test_Phase.SEQUENCE.Word	LOADING RESOURCE SURFACE FROM DISK
3544394.019	Test_Phase.SEQUENCE.Word	LOADING RESOURCE SURFACE FROM DISK
3551510.806	Test_Phase.SEQUENCE.Word	LOADING RESOURCE SURFACE FROM DISK
3558602.043	Test_Phase.SEQUENCE.Word	LOADING RESOURCE SURFACE FROM DISK
3565760.795	Test_Phase.SEQUENCE.Word	LOADING RESOURCE SURFACE FROM DISK
3573210.72	Test_Phase.SEQUENCE.Word	LOADING RESOURCE SURFACE FROM DISK
3581410.863	Test_Phase.SEQUENCE.Word	LOADING RESOURCE SURFACE FROM DISK
3588527.662	Test_Phase.SEQUENCE.Word	LOADING RESOURCE SURFACE FROM DISK
3596243.452	Test_Phase.SEQUENCE.Word	LOADING RESOURCE SURFACE FROM DISK
3604000.603	Test_Phase.SEQUENCE.Word	LOADING RESOURCE SURFACE FROM DISK
3611144.141	Test_Phase.SEQUENCE.Word	LOADING RESOURCE SURFACE FROM DISK
3618286.838	Test_Phase.SEQUENCE.Word	LOADING RESOURCE SURFACE FROM DISK
3625544.17	Test_Phase.SEQUENCE.Word	LOADING RESOURCE SURFACE FROM DISK
3634961.387	Test_Phase.SEQUENCE.Word	LOADING RESOURCE SURFACE FROM DISK
3642027.39	Test_Phase.SEQUENCE.Word	LOADING RESOURCE SURFACE FROM DISK
3649160.848	Test_Phase.SEQUENCE.Word	LOADING RESOURCE SURFACE FROM DISK
3656177.539	Test_Phase.SEQUENCE.Word	LOADING RESOURCE SURFACE FROM DISK
3663503.911	Test_Phase.SEQUENCE.Word	LOADING RESOURCE SURFACE FROM DISK
3672429.16	Test_Phase.SEQUENCE.Word	LOADING RESOURCE SURFACE FROM DISK
3680527.518	Test_Phase.SEQUENCE.Word	LOADING RESOURCE SURFACE FROM DISK
3689851.207	Test_Phase.SEQUENCE.Word	LOADING RESOURCE SURFACE FROM DISK
3698186.499	Test_Phase.SEQUENCE.Word	LOADING RESOURCE SURFACE FROM DISK
3705960.965	Test_Phase.SEQUENCE.Word	LOADING RESOURCE SURFACE FROM DISK
3713700.754	Test_Phase.SEQUENCE.Word	LOADING RESOURCE SURFACE FROM DISK
3721160.7	Test_Phase.SEQUENCE.Word	LOADING RESOURCE SURFACE FROM DISK
3728728.195	Test_Phase.SEQUENCE.Word	LOADING RESOURCE SURFACE FROM DISK
3736932.227	Test_Phase.SEQUENCE.Word	LOADING RESOURCE SURFACE FROM DISK
3744044.202	Test_Phase.SEQUENCE.Word	LOADING RESOURCE SURFACE FROM DISK
3752984.829	Test_Phase.SEQUENCE.Word	LOADING RESOURCE SURFACE FROM DISK
3760061.037	Test_Phase.SEQUENCE.Word	LOADING RESOURCE SURFACE FROM DISK
3767294.212	Test_Phase.SEQUENCE.Word	LOADING RESOURCE SURFACE FROM DISK
3776845.761	Test_Phase.SEQUENCE.Word	LOADING RESOURCE SURFACE FROM DISK
3787177.428	Test_Phase.SEQUENCE.Word	LOADING RESOURCE SURFACE FROM DISK
3797060.811	Test_Phase.SEQUENCE.Word	LOADING RESOURCE SURFACE FROM DISK
3804660.994	Test_Phase.SEQUENCE.Word	LOADING RESOURCE SURFACE FROM DISK
3811916.665	Test_Phase.SEQUENCE.Word	LOADING RESOURCE SURFACE FROM DISK
3819119.121	Test_Phase.SEQUENCE.Word	LOADING RESOURCE SURFACE FROM DISK
3828778.314	Test_Phase.SEQUENCE.Word	LOADING RESOURCE SURFACE FROM DISK
3836948.643	Test_Phase.SEQUENCE.Word	LOADING RESOURCE SURFACE FROM DISK
3846794.001	Test_Phase.SEQUENCE.Word	LOADING RESOURCE SURFACE FROM DISK
3853987.337	Test_Phase.SEQUENCE.Word	LOADING RESOURCE SURFACE FROM DISK
3862527.342	Test_Phase.SEQUENCE.Word	LOADING RESOURCE SURFACE FROM DISK
3870777.596	Test_Phase.SEQUENCE.Word	LOADING RESOURCE SURFACE FROM DISK
3877999.783	Test_Phase.SEQUENCE.Word	LOADING RESOURCE SURFACE FROM DISK
3886977.521	Test_Phase.SEQUENCE.Word	LOADING RESOURCE SURFACE FROM DISK
3896544.138	Test_Phase.SEQUENCE.Word	LOADING RESOURCE SURFACE FROM DISK
3904951.12	Test_Phase.SEQUENCE.Word	LOADING RESOURCE SURFACE FROM DISK
3915832.775	Test_Phase.SEQUENCE.Word	LOADING RESOURCE SURFACE FROM DISK
3923012.223	Test_Phase.SEQUENCE.Word	LOADING RESOURCE SURFACE FROM DISK
3930880.197	Test_Phase.SEQUENCE.Word	LOADING RESOURCE SURFACE FROM DISK
3938044.155	Test_Phase.SEQUENCE.Word	LOADING RESOURCE SURFACE FROM DISK
3945127.578	Test_Phase.SEQUENCE.Word	LOADING RESOURCE SURFACE FROM DISK
3954077.47	Test_Phase.SEQUENCE.Word	LOADING RESOURCE SURFACE FROM DISK
3961210.8	Test_Phase.SEQUENCE.Word	LOADING RESOURCE SURFACE FROM DISK
3968302.542	Test_Phase.SEQUENCE.Word	LOADING RESOURCE SURFACE FROM DISK
3975247.54	Test_Phase.SEQUENCE.Word	LOADING RESOURCE SURFACE FROM DISK
3982377.352	Test_Phase.SEQUENCE.Word	LOADING RESOURCE SURFACE FROM DISK
3989464.232	Test_Phase.SEQUENCE.Word	LOADING RESOURCE SURFACE FROM DISK
3997410.895	Test_Phase.SEQUENCE.Word	LOADING RESOURCE SURFACE FROM DISK
4005394.138	Test_Phase.SEQUENCE.Word	LOADING RESOURCE SURFACE FROM DISK
4012532.518	Test_Phase.SEQUENCE.Word	LOADING RESOURCE SURFACE FROM DISK
4019577.55	Test_Phase.SEQUENCE.Word	LOADING RESOURCE SURFACE FROM DISK
4028861.073	Test_Phase.SEQUENCE.Word	LOADING RESOURCE SURFACE FROM DISK
4035928.944	Test_Phase.SEQUENCE.Word	LOADING RESOURCE SURFACE FROM DISK
4044327.801	Test_Phase.SEQUENCE.Word	LOADING RESOURCE SURFACE FROM DISK
4051427.566	Test_Phase.SEQUENCE.Word	LOADING RESOURCE SURFACE FROM DISK
4058427.478	Test_Phase.SEQUENCE.Word	LOADING RESOURCE SURFACE FROM DISK
4065427.536	Test_Phase.SEQUENCE.Word	LOADING RESOURCE SURFACE FROM DISK
4072494.081	Test_Phase.SEQUENCE.Word	LOADING RESOURCE SURFACE FROM DISK
4080130.047	Test_Phase.SEQUENCE.Word	LOADING RESOURCE SURFACE FROM DISK
4087199.691	Test_Phase.SEQUENCE.Word	LOADING RESOURCE SURFACE FROM DISK
4095266.052	Test_Phase.SEQUENCE.Word	LOADING RESOURCE SURFACE FROM DISK
4102543.506	Test_Phase.SEQUENCE.Word	LOADING RESOURCE SURFACE FROM DISK
4111094.016	Test_Phase.SEQUENCE.Word	LOADING RESOURCE SURFACE FROM DISK
4119561.213	Test_Phase.SEQUENCE.Word	LOADING RESOURCE SURFACE FROM DISK
4126668.084	Test_Phase.SEQUENCE.Word	LOADING RESOURCE SURFACE FROM DISK
4133943.955	Test_Phase.SEQUENCE.Word	LOADING RESOURCE SURFACE FROM DISK
4141044.13	Test_Phase.SEQUENCE.Word	LOADING RESOURCE SURFACE FROM DISK
4149419.739	Test_Phase.SEQUENCE.Word	LOADING RESOURCE SURFACE FROM DISK
4158016.882	Test_Phase.SEQUENCE.Word	LOADING RESOURCE SURFACE FROM DISK
4168143.67	Test_Phase.SEQUENCE.Word	LOADING RESOURCE SURFACE FROM DISK
4175194.122	Test_Phase.SEQUENCE.Word	LOADING RESOURCE SURFACE FROM DISK
4182210.781	Test_Phase.SEQUENCE.Word	LOADING RESOURCE SURFACE FROM DISK
4189327.49	Test_Phase.SEQUENCE.Word	LOADING RESOURCE SURFACE FROM DISK
4196468.666	Test_Phase.SEQUENCE.Word	LOADING RESOURCE SURFACE FROM DISK
4204011.065	Test_Phase.SEQUENCE.Word	LOADING RESOURCE SURFACE FROM DISK
4211840.318	Test_Phase.SEQUENCE.Word	LOADING RESOURCE SURFACE FROM DISK
4219031.741	Test_Phase.SEQUENCE.Word	LOADING RESOURCE SURFACE FROM DISK
4226927.613	Test_Phase.SEQUENCE.Word	LOADING RESOURCE SURFACE FROM DISK
4235410.887	Test_Phase.SEQUENCE.Word	LOADING RESOURCE SURFACE FROM DISK
4242494.025	Test_Phase.SEQUENCE.Word	LOADING RESOURCE SURFACE FROM DISK
4249610.964	Test_Phase.SEQUENCE.Word	LOADING RESOURCE SURFACE FROM DISK
4258129.906	Test_Phase.SEQUENCE.Word	LOADING RESOURCE SURFACE FROM DISK
4266655.128	Test_Phase.SEQUENCE.Word	LOADING RESOURCE SURFACE FROM DISK
4273743.673	Test_Phase.SEQUENCE.Word	LOADING RESOURCE SURFACE FROM DISK
4282110.797	Test_Phase.SEQUENCE.Word	LOADING RESOURCE SURFACE FROM DISK
4291310.718	Test_Phase.SEQUENCE.Word	LOADING RESOURCE SURFACE FROM DISK
4298452.867	Test_Phase.SEQUENCE.Word	LOADING RESOURCE SURFACE FROM DISK
4305569.762	Test_Phase.SEQUENCE.Word	LOADING RESOURCE SURFACE FROM DISK
4313044.192	Test_Phase.SEQUENCE.Word	LOADING RESOURCE SURFACE FROM DISK
4321661.08	Test_Phase.SEQUENCE.Word	LOADING RESOURCE SURFACE FROM DISK
4329252.796	Test_Phase.SEQUENCE.Word	LOADING RESOURCE SURFACE FROM DISK
4336500.155	Test_Phase.SEQUENCE.Word	LOADING RESOURCE SURFACE FROM DISK
4344743.161	Test_Phase.SEQUENCE.Word	LOADING RESOURCE SURFACE FROM DISK
4352944.284	Test_Phase.SEQUENCE.Word	LOADING RESOURCE SURFACE FROM DISK
4360415.966	Test_Phase.SEQUENCE.Word	LOADING RESOURCE SURFACE FROM DISK
4367579.488	Test_Phase.SEQUENCE.Word	LOADING RESOURCE SURFACE FROM DISK
4375551.278	Test_Phase.SEQUENCE.Word	LOADING RESOURCE SURFACE FROM DISK
4382677.574	Test_Phase.SEQUENCE.Word	LOADING RESOURCE SURFACE FROM DISK
4390397.863	Test_Phase.SEQUENCE.Word	LOADING RESOURCE SURFACE FROM DISK
4397510.959	Test_Phase.SEQUENCE.Word	LOADING RESOURCE SURFACE FROM DISK
4404777.376	Test_Phase.SEQUENCE.Word	LOADING RESOURCE SURFACE FROM DISK
4411950.46	Test_Phase.SEQUENCE.Word	LOADING RESOURCE SURFACE FROM DISK
4419049.834	Test_Phase.SEQUENCE.Word	LOADING RESOURCE SURFACE FROM DISK
4426160.947	Test_Phase.SEQUENCE.Word	LOADING RESOURCE SURFACE FROM DISK
4433216.485	Test_Phase.SEQUENCE.Word	LOADING RESOURCE SURFACE FROM DISK
4440810.509	Test_Phase.SEQUENCE.Word	LOADING RESOURCE SURFACE FROM DISK
4447964.482	Test_Phase.SEQUENCE.Word	LOADING RESOURCE SURFACE FROM DISK
4455062.082	Test_Phase.SEQUENCE.Word	LOADING RESOURCE SURFACE FROM DISK
4464731.749	Test_Phase.SEQUENCE.Word	LOADING RESOURCE SURFACE FROM DISK
4471920.645	Test_Phase.SEQUENCE.Word	LOADING RESOURCE SURFACE FROM DISK
4480414.542	Test_Phase.SEQUENCE.Word	LOADING RESOURCE SURFACE FROM DISK
4488227.565	Test_Phase.SEQUENCE.Word	LOADING RESOURCE SURFACE FROM DISK
4495377.784	Test_Phase.SEQUENCE.Word	LOADING RESOURCE SURFACE FROM DISK
4502391.873	Test_Phase.SEQUENCE.Word	LOADING RESOURCE SURFACE FROM DISK
4509627.743	Test_Phase.SEQUENCE.Word	LOADING RESOURCE SURFACE FROM DISK
4516746.571	Test_Phase.SEQUENCE.Word	LOADING RESOURCE SURFACE FROM DISK
4524660.693	Test_Phase.SEQUENCE.Word	LOADING RESOURCE SURFACE FROM DISK
4534435.506	Test_Phase.SEQUENCE.Word	LOADING RESOURCE SURFACE FROM DISK
4541602.205	Test_Phase.SEQUENCE.Word	LOADING RESOURCE SURFACE FROM DISK
4548978.331	Test_Phase.SEQUENCE.Word	LOADING RESOURCE SURFACE FROM DISK
4556184.277	Test_Phase.SEQUENCE.Word	LOADING RESOURCE SURFACE FROM DISK
4563327.415	Test_Phase.SEQUENCE.Word	LOADING RESOURCE SURFACE FROM DISK
4571560.767	Test_Phase.SEQUENCE.Word	LOADING RESOURCE SURFACE FROM DISK
4579102.853	Test_Phase.SEQUENCE.Word	LOADING RESOURCE SURFACE FROM DISK
4587236.116	Test_Phase.SEQUENCE.Word	LOADING RESOURCE SURFACE FROM DISK
4595696.838	Test_Phase.SEQUENCE.Word	LOADING RESOURCE SURFACE FROM DISK
4603246.617	Test_Phase.SEQUENCE.Word	LOADING RESOURCE SURFACE FROM DISK
4610444.144	Test_Phase.SEQUENCE.Word	LOADING RESOURCE SURFACE FROM DISK
4617511.051	Test_Phase.SEQUENCE.Word	LOADING RESOURCE SURFACE FROM DISK
4624694.105	Test_Phase.SEQUENCE.Word	LOADING RESOURCE SURFACE FROM DISK
4631761.122	Test_Phase.SEQUENCE.Word	LOADING RESOURCE SURFACE FROM DISK
4638796.007	Test_Phase.SEQUENCE.Word	LOADING RESOURCE SURFACE FROM DISK
4645894.237	Test_Phase.SEQUENCE.Word	LOADING RESOURCE SURFACE FROM DISK
4652960.719	Test_Phase.SEQUENCE.Word	LOADING RESOURCE SURFACE FROM DISK
4667644.33	Test_Phase.SEQUENCE.Word	LOADING RESOURCE SURFACE FROM DISK
4674968.779	Test_Phase.SEQUENCE.Word	LOADING RESOURCE SURFACE FROM DISK
4682899.891	Test_Phase.SEQUENCE.Word	LOADING RESOURCE SURFACE FROM DISK
4690027.615	Test_Phase.SEQUENCE.Word	LOADING RESOURCE SURFACE FROM DISK
4697198.95	Test_Phase.SEQUENCE.Word	LOADING RESOURCE SURFACE FROM DISK
4704329.925	Test_Phase.SEQUENCE.Word	LOADING RESOURCE SURFACE FROM DISK
4711462.789	Test_Phase.SEQUENCE.Word	LOADING RESOURCE SURFACE FROM DISK
4718510.89	Test_Phase.SEQUENCE.Word	LOADING RESOURCE SURFACE FROM DISK
4726087.601	Test_Phase.SEQUENCE.Word	LOADING RESOURCE SURFACE FROM DISK
4734444.212	Test_Phase.SEQUENCE.Word	LOADING RESOURCE SURFACE FROM DISK
4743014.975	Test_Phase.SEQUENCE.Word	LOADING RESOURCE SURFACE FROM DISK
4751494.422	Test_Phase.SEQUENCE.Word	LOADING RESOURCE SURFACE FROM DISK
4759398.007	Test_Phase.SEQUENCE.Word	LOADING RESOURCE SURFACE FROM DISK
4766460.921	Test_Phase.SEQUENCE.Word	LOADING RESOURCE SURFACE FROM DISK
4774610.823	Test_Phase.SEQUENCE.Word	LOADING RESOURCE SURFACE FROM DISK
4781696.679	Test_Phase.SEQUENCE.Word	LOADING RESOURCE SURFACE FROM DISK
4789083.261	Test_Phase.SEQUENCE.Word	LOADING RESOURCE SURFACE FROM DISK
4796921.339	Test_Phase.SEQUENCE.Word	LOADING RESOURCE SURFACE FROM DISK
4804187.206	Test_Phase.SEQUENCE.Word	LOADING RESOURCE SURFACE FROM DISK
4812577.399	Test_Phase.SEQUENCE.Word	LOADING RESOURCE SURFACE FROM DISK
4819698.105	Test_Phase.SEQUENCE.Word	LOADING RESOURCE SURFACE FROM DISK
4827297.726	Test_Phase.SEQUENCE.Word	LOADING RESOURCE SURFACE FROM DISK
4834512.732	Test_Phase.SEQUENCE.Word	LOADING RESOURCE SURFACE FROM DISK
4841583.087	Test_Phase.SEQUENCE.Word	LOADING RESOURCE SURFACE FROM DISK
4848727.731	Test_Phase.SEQUENCE.Word	LOADING RESOURCE SURFACE FROM DISK
4856427.462	Test_Phase.SEQUENCE.Word	LOADING RESOURCE SURFACE FROM DISK
4864599.359	Test_Phase.SEQUENCE.Word	LOADING RESOURCE SURFACE FROM DISK
4871729.71	Test_Phase.SEQUENCE.Word	LOADING RESOURCE SURFACE FROM DISK
4878810.903	Test_Phase.SEQUENCE.Word	LOADING RESOURCE SURFACE FROM DISK
4887079.73	Test_Phase.SEQUENCE.Word	LOADING RESOURCE SURFACE FROM DISK
4894560.74	Test_Phase.SEQUENCE.Word	LOADING RESOURCE SURFACE FROM DISK
4902550.665	Test_Phase.SEQUENCE.Word	LOADING RESOURCE SURFACE FROM DISK
4913703.662	Test_Phase.SEQUENCE.Word	LOADING RESOURCE SURFACE FROM DISK
4923914.019	Test_Phase.SEQUENCE.Word	LOADING RESOURCE SURFACE FROM DISK
4930744.124	Test_Phase.SEQUENCE.Word	LOADING RESOURCE SURFACE FROM DISK
4938593.563	Test_Phase.SEQUENCE.Word	LOADING RESOURCE SURFACE FROM DISK
4942115.476	DISPLAY_SCREEN	LOADING RESOURCE SURFACE FROM DISK
