5053.226	DISPLAY_SCREEN[1]	LOADING RESOURCE SURFACE FROM DISK
634939.713	Familiarization_Phase.SEQUENCE.Cue_and_Instruction	LOADING RESOURCE SURFACE FROM DISK
634954.403	Familiarization_Phase.SEQUENCE.Cue_and_Instruction	LOADING RESOURCE SURFACE FROM DISK
641030.743	Familiarization_Phase.SEQUENCE.Cue_and_Instruction	LOADING RESOURCE SURFACE FROM DISK
641045.683	Familiarization_Phase.SEQUENCE.Cue_and_Instruction	LOADING RESOURCE SURFACE FROM DISK
647113.858	Familiarization_Phase.SEQUENCE.Cue_and_Instruction	LOADING RESOURCE SURFACE FROM DISK
647130.915	Familiarization_Phase.SEQUENCE.Cue_and_Instruction	LOADING RESOURCE SURFACE FROM DISK
689274.188	DISPLAY_SCREEN[3]	LOADING RESOURCE SURFACE FROM DISK
692262.248	DISPLAY_SCREEN[5]	LOADING RESOURCE SURFACE FROM DISK
870286.492	Practice_Phase.SEQUENCE.Blink_Screen	LOADING RESOURCE SURFACE FROM DISK
870287.517	Practice_Phase.SEQUENCE.Blink_Screen	flip time is later than desired time. Desired Time=870025 Flip Time=870309 Retrace Rate=16.643, prepareTime=286 flip request time 870287
871527.566	Practice_Phase.SEQUENCE.Practice_Luminance_Cue	LOADING RESOURCE SURFACE FROM DISK
871529.87	Practice_Phase.SEQUENCE.Practice_Luminance_Cue	LOADING RESOURCE SURFACE FROM DISK
871531.359	Practice_Phase.SEQUENCE.Practice_Luminance_Cue	flip time is later than desired time. Desired Time=871509 Flip Time=871542 Retrace Rate=16.643, prepareTime=46 flip request time 871531
873562.738	Practice_Phase.SEQUENCE.Practice_Instruction	LOADING RESOURCE SURFACE FROM DISK
873570.099	Practice_Phase.SEQUENCE.Practice_Instruction	LOADING RESOURCE SURFACE FROM DISK
873571.55	Practice_Phase.SEQUENCE.Practice_Instruction	flip time is later than desired time. Desired Time=873542 Flip Time=873592 Retrace Rate=16.643, prepareTime=53 flip request time 873571
881673.876	Practice_Phase.SEQUENCE.Practice_Instruction	LOADING RESOURCE SURFACE FROM DISK
881680.918	Practice_Phase.SEQUENCE.Practice_Instruction	LOADING RESOURCE SURFACE FROM DISK
881682.524	Practice_Phase.SEQUENCE.Practice_Instruction	flip time is later than desired time. Desired Time=881659 Flip Time=881692 Retrace Rate=16.643, prepareTime=47 flip request time 881682
889772.653	Practice_Phase.SEQUENCE.Practice_Instruction	LOADING RESOURCE SURFACE FROM DISK
889775.049	Practice_Phase.SEQUENCE.Practice_Instruction	LOADING RESOURCE SURFACE FROM DISK
889776.461	Practice_Phase.SEQUENCE.Practice_Instruction	flip time is later than desired time. Desired Time=889759 Flip Time=889792 Retrace Rate=16.643, prepareTime=41 flip request time 889776
897840.084	Practice_Phase.SEQUENCE.Practice_Instruction	LOADING RESOURCE SURFACE FROM DISK
897842.555	Practice_Phase.SEQUENCE.Practice_Instruction	LOADING RESOURCE SURFACE FROM DISK
905906.643	Practice_Phase.SEQUENCE.Practice_Instruction	LOADING RESOURCE SURFACE FROM DISK
905944.607	Practice_Phase.SEQUENCE.Practice_Instruction	LOADING RESOURCE SURFACE FROM DISK
905946.324	Practice_Phase.SEQUENCE.Practice_Instruction	flip time is later than desired time. Desired Time=905925 Flip Time=905959 Retrace Rate=16.643, prepareTime=44 flip request time 905946
914006.787	Practice_Phase.SEQUENCE.Practice_Instruction	LOADING RESOURCE SURFACE FROM DISK
914009.194	Practice_Phase.SEQUENCE.Practice_Instruction	LOADING RESOURCE SURFACE FROM DISK
922073.422	Practice_Phase.SEQUENCE.Practice_Instruction	LOADING RESOURCE SURFACE FROM DISK
922075.772	Practice_Phase.SEQUENCE.Practice_Instruction	LOADING RESOURCE SURFACE FROM DISK
930139.82	Practice_Phase.SEQUENCE.Practice_Instruction	LOADING RESOURCE SURFACE FROM DISK
930142.207	Practice_Phase.SEQUENCE.Practice_Instruction	LOADING RESOURCE SURFACE FROM DISK
938206.679	Practice_Phase.SEQUENCE.Practice_Instruction	LOADING RESOURCE SURFACE FROM DISK
938209.382	Practice_Phase.SEQUENCE.Practice_Instruction	LOADING RESOURCE SURFACE FROM DISK
942876.902	DISPLAY_SCREEN[2]	LOADING RESOURCE SURFACE FROM DISK
1026715.458	Study_Phase.SEQUENCE.Study_Instruction	LOADING RESOURCE SURFACE FROM DISK
1026752.775	Study_Phase.SEQUENCE.Study_Instruction	LOADING RESOURCE SURFACE FROM DISK
1035049.683	Study_Phase.SEQUENCE.Study_Instruction	LOADING RESOURCE SURFACE FROM DISK
1043298.847	Study_Phase.SEQUENCE.Study_Instruction	LOADING RESOURCE SURFACE FROM DISK
1043301.244	Study_Phase.SEQUENCE.Study_Instruction	LOADING RESOURCE SURFACE FROM DISK
1051565.319	Study_Phase.SEQUENCE.Study_Instruction	LOADING RESOURCE SURFACE FROM DISK
1051601.74	Study_Phase.SEQUENCE.Study_Instruction	LOADING RESOURCE SURFACE FROM DISK
1059865.522	Study_Phase.SEQUENCE.Study_Instruction	LOADING RESOURCE SURFACE FROM DISK
1059903.606	Study_Phase.SEQUENCE.Study_Instruction	LOADING RESOURCE SURFACE FROM DISK
1068165.214	Study_Phase.SEQUENCE.Study_Instruction	LOADING RESOURCE SURFACE FROM DISK
1068167.514	Study_Phase.SEQUENCE.Study_Instruction	LOADING RESOURCE SURFACE FROM DISK
1076432.123	Study_Phase.SEQUENCE.Study_Instruction	LOADING RESOURCE SURFACE FROM DISK
1076470.098	Study_Phase.SEQUENCE.Study_Instruction	LOADING RESOURCE SURFACE FROM DISK
1084780.677	Study_Phase.SEQUENCE.Study_Instruction	LOADING RESOURCE SURFACE FROM DISK
1093063.369	Study_Phase.SEQUENCE.Study_Instruction	LOADING RESOURCE SURFACE FROM DISK
1101315.39	Study_Phase.SEQUENCE.Study_Instruction	LOADING RESOURCE SURFACE FROM DISK
1101358.011	Study_Phase.SEQUENCE.Study_Instruction	LOADING RESOURCE SURFACE FROM DISK
1109679.961	Study_Phase.SEQUENCE.Study_Instruction	LOADING RESOURCE SURFACE FROM DISK
1117969.069	Study_Phase.SEQUENCE.Study_Instruction	LOADING RESOURCE SURFACE FROM DISK
1126232.287	Study_Phase.SEQUENCE.Study_Instruction	LOADING RESOURCE SURFACE FROM DISK
1126276.431	Study_Phase.SEQUENCE.Study_Instruction	LOADING RESOURCE SURFACE FROM DISK
1134567.931	Study_Phase.SEQUENCE.Study_Instruction	LOADING RESOURCE SURFACE FROM DISK
1142870.642	Study_Phase.SEQUENCE.Study_Instruction	LOADING RESOURCE SURFACE FROM DISK
1151132.258	Study_Phase.SEQUENCE.Study_Instruction	LOADING RESOURCE SURFACE FROM DISK
1151176.042	Study_Phase.SEQUENCE.Study_Instruction	LOADING RESOURCE SURFACE FROM DISK
1159469.495	Study_Phase.SEQUENCE.Study_Instruction	LOADING RESOURCE SURFACE FROM DISK
1167731.852	Study_Phase.SEQUENCE.Study_Instruction	LOADING RESOURCE SURFACE FROM DISK
1167771.938	Study_Phase.SEQUENCE.Study_Instruction	LOADING RESOURCE SURFACE FROM DISK
1176064.557	Study_Phase.SEQUENCE.Study_Instruction	LOADING RESOURCE SURFACE FROM DISK
1184315.622	Study_Phase.SEQUENCE.Study_Instruction	LOADING RESOURCE SURFACE FROM DISK
1184360.481	Study_Phase.SEQUENCE.Study_Instruction	LOADING RESOURCE SURFACE FROM DISK
1192648.698	Study_Phase.SEQUENCE.Study_Instruction	LOADING RESOURCE SURFACE FROM DISK
1192693.174	Study_Phase.SEQUENCE.Study_Instruction	LOADING RESOURCE SURFACE FROM DISK
1200985.437	Study_Phase.SEQUENCE.Study_Instruction	LOADING RESOURCE SURFACE FROM DISK
1209278.78	Study_Phase.SEQUENCE.Study_Instruction	LOADING RESOURCE SURFACE FROM DISK
1217532.24	Study_Phase.SEQUENCE.Study_Instruction	LOADING RESOURCE SURFACE FROM DISK
1217534.611	Study_Phase.SEQUENCE.Study_Instruction	LOADING RESOURCE SURFACE FROM DISK
1225798.867	Study_Phase.SEQUENCE.Study_Instruction	LOADING RESOURCE SURFACE FROM DISK
1225834.403	Study_Phase.SEQUENCE.Study_Instruction	LOADING RESOURCE SURFACE FROM DISK
1234136.924	Study_Phase.SEQUENCE.Study_Instruction	LOADING RESOURCE SURFACE FROM DISK
1242434.414	Study_Phase.SEQUENCE.Study_Instruction	LOADING RESOURCE SURFACE FROM DISK
1250682.116	Study_Phase.SEQUENCE.Study_Instruction	LOADING RESOURCE SURFACE FROM DISK
1250719.978	Study_Phase.SEQUENCE.Study_Instruction	LOADING RESOURCE SURFACE FROM DISK
1259019.814	Study_Phase.SEQUENCE.Study_Instruction	LOADING RESOURCE SURFACE FROM DISK
1267282.164	Study_Phase.SEQUENCE.Study_Instruction	LOADING RESOURCE SURFACE FROM DISK
1267319.122	Study_Phase.SEQUENCE.Study_Instruction	LOADING RESOURCE SURFACE FROM DISK
1275581.861	Study_Phase.SEQUENCE.Study_Instruction	LOADING RESOURCE SURFACE FROM DISK
1275618.655	Study_Phase.SEQUENCE.Study_Instruction	LOADING RESOURCE SURFACE FROM DISK
1283915.657	Study_Phase.SEQUENCE.Study_Instruction	LOADING RESOURCE SURFACE FROM DISK
1292165.446	Study_Phase.SEQUENCE.Study_Instruction	LOADING RESOURCE SURFACE FROM DISK
1292167.749	Study_Phase.SEQUENCE.Study_Instruction	LOADING RESOURCE SURFACE FROM DISK
1300464.774	Study_Phase.SEQUENCE.Study_Instruction	LOADING RESOURCE SURFACE FROM DISK
1308715.376	Study_Phase.SEQUENCE.Study_Instruction	LOADING RESOURCE SURFACE FROM DISK
1308752.97	Study_Phase.SEQUENCE.Study_Instruction	LOADING RESOURCE SURFACE FROM DISK
1317015.607	Study_Phase.SEQUENCE.Study_Instruction	LOADING RESOURCE SURFACE FROM DISK
1317055.743	Study_Phase.SEQUENCE.Study_Instruction	LOADING RESOURCE SURFACE FROM DISK
1325351.16	Study_Phase.SEQUENCE.Study_Instruction	LOADING RESOURCE SURFACE FROM DISK
1333651.445	Study_Phase.SEQUENCE.Study_Instruction	LOADING RESOURCE SURFACE FROM DISK
1341915.33	Study_Phase.SEQUENCE.Study_Instruction	LOADING RESOURCE SURFACE FROM DISK
1341917.684	Study_Phase.SEQUENCE.Study_Instruction	LOADING RESOURCE SURFACE FROM DISK
1350182.022	Study_Phase.SEQUENCE.Study_Instruction	LOADING RESOURCE SURFACE FROM DISK
1350205.092	Study_Phase.SEQUENCE.Study_Instruction	LOADING RESOURCE SURFACE FROM DISK
1358499.356	Study_Phase.SEQUENCE.Study_Instruction	LOADING RESOURCE SURFACE FROM DISK
1366748.664	Study_Phase.SEQUENCE.Study_Instruction	LOADING RESOURCE SURFACE FROM DISK
1366793.505	Study_Phase.SEQUENCE.Study_Instruction	LOADING RESOURCE SURFACE FROM DISK
1375081.195	Study_Phase.SEQUENCE.Study_Instruction	LOADING RESOURCE SURFACE FROM DISK
1383362.78	Study_Phase.SEQUENCE.Study_Instruction	LOADING RESOURCE SURFACE FROM DISK
1391631.701	Study_Phase.SEQUENCE.Study_Instruction	LOADING RESOURCE SURFACE FROM DISK
1399878.542	Study_Phase.SEQUENCE.Study_Instruction	LOADING RESOURCE SURFACE FROM DISK
1408132.298	Study_Phase.SEQUENCE.Study_Instruction	LOADING RESOURCE SURFACE FROM DISK
1408170.319	Study_Phase.SEQUENCE.Study_Instruction	LOADING RESOURCE SURFACE FROM DISK
1416432.121	Study_Phase.SEQUENCE.Study_Instruction	LOADING RESOURCE SURFACE FROM DISK
1416470.078	Study_Phase.SEQUENCE.Study_Instruction	LOADING RESOURCE SURFACE FROM DISK
1424731.921	Study_Phase.SEQUENCE.Study_Instruction	LOADING RESOURCE SURFACE FROM DISK
1424734.226	Study_Phase.SEQUENCE.Study_Instruction	LOADING RESOURCE SURFACE FROM DISK
1433029.958	Study_Phase.SEQUENCE.Study_Instruction	LOADING RESOURCE SURFACE FROM DISK
1441282.394	Study_Phase.SEQUENCE.Study_Instruction	LOADING RESOURCE SURFACE FROM DISK
1441306.861	Study_Phase.SEQUENCE.Study_Instruction	LOADING RESOURCE SURFACE FROM DISK
1449581.56	Study_Phase.SEQUENCE.Study_Instruction	LOADING RESOURCE SURFACE FROM DISK
1457832.059	Study_Phase.SEQUENCE.Study_Instruction	LOADING RESOURCE SURFACE FROM DISK
1457868.772	Study_Phase.SEQUENCE.Study_Instruction	LOADING RESOURCE SURFACE FROM DISK
1466129.567	Study_Phase.SEQUENCE.Study_Instruction	LOADING RESOURCE SURFACE FROM DISK
1474382.097	Study_Phase.SEQUENCE.Study_Instruction	LOADING RESOURCE SURFACE FROM DISK
1474418.975	Study_Phase.SEQUENCE.Study_Instruction	LOADING RESOURCE SURFACE FROM DISK
1482682.028	Study_Phase.SEQUENCE.Study_Instruction	LOADING RESOURCE SURFACE FROM DISK
1482719.25	Study_Phase.SEQUENCE.Study_Instruction	LOADING RESOURCE SURFACE FROM DISK
1491011.935	Study_Phase.SEQUENCE.Study_Instruction	LOADING RESOURCE SURFACE FROM DISK
1499265.359	Study_Phase.SEQUENCE.Study_Instruction	LOADING RESOURCE SURFACE FROM DISK
1499294.525	Study_Phase.SEQUENCE.Study_Instruction	LOADING RESOURCE SURFACE FROM DISK
1507582.898	Study_Phase.SEQUENCE.Study_Instruction	LOADING RESOURCE SURFACE FROM DISK
1515815.591	Study_Phase.SEQUENCE.Study_Instruction	LOADING RESOURCE SURFACE FROM DISK
1515857.817	Study_Phase.SEQUENCE.Study_Instruction	LOADING RESOURCE SURFACE FROM DISK
1524145.878	Study_Phase.SEQUENCE.Study_Instruction	LOADING RESOURCE SURFACE FROM DISK
1532398.832	Study_Phase.SEQUENCE.Study_Instruction	LOADING RESOURCE SURFACE FROM DISK
1532434.623	Study_Phase.SEQUENCE.Study_Instruction	LOADING RESOURCE SURFACE FROM DISK
1540696.373	Study_Phase.SEQUENCE.Study_Instruction	LOADING RESOURCE SURFACE FROM DISK
1548965.746	Study_Phase.SEQUENCE.Study_Instruction	LOADING RESOURCE SURFACE FROM DISK
1557247.961	Study_Phase.SEQUENCE.Study_Instruction	LOADING RESOURCE SURFACE FROM DISK
1565498.705	Study_Phase.SEQUENCE.Study_Instruction	LOADING RESOURCE SURFACE FROM DISK
1565542.654	Study_Phase.SEQUENCE.Study_Instruction	LOADING RESOURCE SURFACE FROM DISK
1573798.741	Study_Phase.SEQUENCE.Study_Instruction	LOADING RESOURCE SURFACE FROM DISK
1573877.393	Study_Phase.SEQUENCE.Study_Instruction	LOADING RESOURCE SURFACE FROM DISK
1582171.425	Study_Phase.SEQUENCE.Study_Instruction	LOADING RESOURCE SURFACE FROM DISK
1590431.834	Study_Phase.SEQUENCE.Study_Instruction	LOADING RESOURCE SURFACE FROM DISK
1590463.543	Study_Phase.SEQUENCE.Study_Instruction	LOADING RESOURCE SURFACE FROM DISK
1598746.867	Study_Phase.SEQUENCE.Study_Instruction	LOADING RESOURCE SURFACE FROM DISK
1607031.846	Study_Phase.SEQUENCE.Study_Instruction	LOADING RESOURCE SURFACE FROM DISK
1615281.989	Study_Phase.SEQUENCE.Study_Instruction	LOADING RESOURCE SURFACE FROM DISK
1615321.543	Study_Phase.SEQUENCE.Study_Instruction	LOADING RESOURCE SURFACE FROM DISK
1623620.115	Study_Phase.SEQUENCE.Study_Instruction	LOADING RESOURCE SURFACE FROM DISK
1631878.586	Study_Phase.SEQUENCE.Study_Instruction	LOADING RESOURCE SURFACE FROM DISK
1640164.314	Study_Phase.SEQUENCE.Study_Instruction	LOADING RESOURCE SURFACE FROM DISK
1648411.908	Study_Phase.SEQUENCE.Study_Instruction	LOADING RESOURCE SURFACE FROM DISK
1656665.394	Study_Phase.SEQUENCE.Study_Instruction	LOADING RESOURCE SURFACE FROM DISK
1656708.814	Study_Phase.SEQUENCE.Study_Instruction	LOADING RESOURCE SURFACE FROM DISK
1664965.61	Study_Phase.SEQUENCE.Study_Instruction	LOADING RESOURCE SURFACE FROM DISK
1665003.2	Study_Phase.SEQUENCE.Study_Instruction	LOADING RESOURCE SURFACE FROM DISK
1673274.694	Study_Phase.SEQUENCE.Study_Instruction	LOADING RESOURCE SURFACE FROM DISK
1681563.092	Study_Phase.SEQUENCE.Study_Instruction	LOADING RESOURCE SURFACE FROM DISK
1689815.628	Study_Phase.SEQUENCE.Study_Instruction	LOADING RESOURCE SURFACE FROM DISK
1689856.097	Study_Phase.SEQUENCE.Study_Instruction	LOADING RESOURCE SURFACE FROM DISK
1698149.052	Study_Phase.SEQUENCE.Study_Instruction	LOADING RESOURCE SURFACE FROM DISK
1706398.678	Study_Phase.SEQUENCE.Study_Instruction	LOADING RESOURCE SURFACE FROM DISK
1706439.887	Study_Phase.SEQUENCE.Study_Instruction	LOADING RESOURCE SURFACE FROM DISK
1714698.814	Study_Phase.SEQUENCE.Study_Instruction	LOADING RESOURCE SURFACE FROM DISK
1714740.239	Study_Phase.SEQUENCE.Study_Instruction	LOADING RESOURCE SURFACE FROM DISK
1723038.169	Study_Phase.SEQUENCE.Study_Instruction	LOADING RESOURCE SURFACE FROM DISK
1731281.98	Study_Phase.SEQUENCE.Study_Instruction	LOADING RESOURCE SURFACE FROM DISK
1731323.12	Study_Phase.SEQUENCE.Study_Instruction	LOADING RESOURCE SURFACE FROM DISK
1739592.057	Study_Phase.SEQUENCE.Study_Instruction	LOADING RESOURCE SURFACE FROM DISK
1747848.566	Study_Phase.SEQUENCE.Study_Instruction	LOADING RESOURCE SURFACE FROM DISK
1747892.137	Study_Phase.SEQUENCE.Study_Instruction	LOADING RESOURCE SURFACE FROM DISK
1756131.907	Study_Phase.SEQUENCE.Study_Instruction	LOADING RESOURCE SURFACE FROM DISK
1756171.58	Study_Phase.SEQUENCE.Study_Instruction	LOADING RESOURCE SURFACE FROM DISK
1764463.005	Study_Phase.SEQUENCE.Study_Instruction	LOADING RESOURCE SURFACE FROM DISK
1772747.607	Study_Phase.SEQUENCE.Study_Instruction	LOADING RESOURCE SURFACE FROM DISK
1781032.431	Study_Phase.SEQUENCE.Study_Instruction	LOADING RESOURCE SURFACE FROM DISK
1789265.397	Study_Phase.SEQUENCE.Study_Instruction	LOADING RESOURCE SURFACE FROM DISK
1789301.609	Study_Phase.SEQUENCE.Study_Instruction	LOADING RESOURCE SURFACE FROM DISK
1797561.873	Study_Phase.SEQUENCE.Study_Instruction	LOADING RESOURCE SURFACE FROM DISK
1805817.901	Study_Phase.SEQUENCE.Study_Instruction	LOADING RESOURCE SURFACE FROM DISK
1814103.791	Study_Phase.SEQUENCE.Study_Instruction	LOADING RESOURCE SURFACE FROM DISK
1822397.305	Study_Phase.SEQUENCE.Study_Instruction	LOADING RESOURCE SURFACE FROM DISK
1830661.837	Study_Phase.SEQUENCE.Study_Instruction	LOADING RESOURCE SURFACE FROM DISK
1838915.537	Study_Phase.SEQUENCE.Study_Instruction	LOADING RESOURCE SURFACE FROM DISK
1838954.653	Study_Phase.SEQUENCE.Study_Instruction	LOADING RESOURCE SURFACE FROM DISK
1847215.334	Study_Phase.SEQUENCE.Study_Instruction	LOADING RESOURCE SURFACE FROM DISK
1847257.953	Study_Phase.SEQUENCE.Study_Instruction	LOADING RESOURCE SURFACE FROM DISK
1855546.752	Study_Phase.SEQUENCE.Study_Instruction	LOADING RESOURCE SURFACE FROM DISK
1863798.732	Study_Phase.SEQUENCE.Study_Instruction	LOADING RESOURCE SURFACE FROM DISK
1863834.725	Study_Phase.SEQUENCE.Study_Instruction	LOADING RESOURCE SURFACE FROM DISK
1872095.366	Study_Phase.SEQUENCE.Study_Instruction	LOADING RESOURCE SURFACE FROM DISK
1880381.873	Study_Phase.SEQUENCE.Study_Instruction	LOADING RESOURCE SURFACE FROM DISK
1888632.116	Study_Phase.SEQUENCE.Study_Instruction	LOADING RESOURCE SURFACE FROM DISK
1888634.495	Study_Phase.SEQUENCE.Study_Instruction	LOADING RESOURCE SURFACE FROM DISK
1896937.278	Study_Phase.SEQUENCE.Study_Instruction	LOADING RESOURCE SURFACE FROM DISK
1905198.948	Study_Phase.SEQUENCE.Study_Instruction	LOADING RESOURCE SURFACE FROM DISK
1905241.427	Study_Phase.SEQUENCE.Study_Instruction	LOADING RESOURCE SURFACE FROM DISK
1913536.81	Study_Phase.SEQUENCE.Study_Instruction	LOADING RESOURCE SURFACE FROM DISK
1921798.829	Study_Phase.SEQUENCE.Study_Instruction	LOADING RESOURCE SURFACE FROM DISK
1921839.265	Study_Phase.SEQUENCE.Study_Instruction	LOADING RESOURCE SURFACE FROM DISK
1930113.451	Study_Phase.SEQUENCE.Study_Instruction	LOADING RESOURCE SURFACE FROM DISK
1938362.962	Study_Phase.SEQUENCE.Study_Instruction	LOADING RESOURCE SURFACE FROM DISK
1946615.516	Study_Phase.SEQUENCE.Study_Instruction	LOADING RESOURCE SURFACE FROM DISK
1946651.849	Study_Phase.SEQUENCE.Study_Instruction	LOADING RESOURCE SURFACE FROM DISK
1954915.651	Study_Phase.SEQUENCE.Study_Instruction	LOADING RESOURCE SURFACE FROM DISK
1954951.417	Study_Phase.SEQUENCE.Study_Instruction	LOADING RESOURCE SURFACE FROM DISK
1963215.384	Study_Phase.SEQUENCE.Study_Instruction	LOADING RESOURCE SURFACE FROM DISK
1963251.467	Study_Phase.SEQUENCE.Study_Instruction	LOADING RESOURCE SURFACE FROM DISK
1971516.911	Study_Phase.SEQUENCE.Study_Instruction	LOADING RESOURCE SURFACE FROM DISK
1979782.215	Study_Phase.SEQUENCE.Study_Instruction	LOADING RESOURCE SURFACE FROM DISK
1979822.478	Study_Phase.SEQUENCE.Study_Instruction	LOADING RESOURCE SURFACE FROM DISK
1988095.242	Study_Phase.SEQUENCE.Study_Instruction	LOADING RESOURCE SURFACE FROM DISK
1996363.787	Study_Phase.SEQUENCE.Study_Instruction	LOADING RESOURCE SURFACE FROM DISK
2004615.336	Study_Phase.SEQUENCE.Study_Instruction	LOADING RESOURCE SURFACE FROM DISK
2004617.699	Study_Phase.SEQUENCE.Study_Instruction	LOADING RESOURCE SURFACE FROM DISK
2012916.821	Study_Phase.SEQUENCE.Study_Instruction	LOADING RESOURCE SURFACE FROM DISK
2017640.818	DISPLAY_SCREEN[7]	LOADING RESOURCE SURFACE FROM DISK
2146961.197	Test_Phase.SEQUENCE.Target_Cue	LOADING RESOURCE SURFACE FROM DISK
2146962.943	Test_Phase.SEQUENCE.Target_Cue	LOADING RESOURCE SURFACE FROM DISK
2148978.379	Test_Phase.SEQUENCE.Word	LOADING RESOURCE SURFACE FROM DISK
2151994.887	Test_Phase.SEQUENCE.Test_Question	LOADING RESOURCE SURFACE FROM DISK
2152036.116	Test_Phase.SEQUENCE.Test_Question	LOADING RESOURCE SURFACE FROM DISK
2152047.984	Test_Phase.SEQUENCE.Test_Question	LOADING RESOURCE SURFACE FROM DISK
2152065.793	Test_Phase.SEQUENCE.Test_Question	LOADING RESOURCE SURFACE FROM DISK
2152071.009	Test_Phase.SEQUENCE.Test_Question	LOADING RESOURCE SURFACE FROM DISK
2152072.81	Test_Phase.SEQUENCE.Test_Question	LOADING RESOURCE SURFACE FROM DISK
2152087.368	Test_Phase.SEQUENCE.Test_Question	LOADING RESOURCE SURFACE FROM DISK
2152089.032	Test_Phase.SEQUENCE.Test_Question	LOADING RESOURCE SURFACE FROM DISK
2152090.692	Test_Phase.SEQUENCE.Test_Question	LOADING RESOURCE SURFACE FROM DISK
2152092.266	Test_Phase.SEQUENCE.Test_Question	LOADING RESOURCE SURFACE FROM DISK
2152093.836	Test_Phase.SEQUENCE.Test_Question	LOADING RESOURCE SURFACE FROM DISK
2152095.406	Test_Phase.SEQUENCE.Test_Question	LOADING RESOURCE SURFACE FROM DISK
2160828.439	Test_Phase.SEQUENCE.Word	LOADING RESOURCE SURFACE FROM DISK
2169548.258	Test_Phase.SEQUENCE.Word	LOADING RESOURCE SURFACE FROM DISK
2176895.05	Test_Phase.SEQUENCE.Word	LOADING RESOURCE SURFACE FROM DISK
2185433.244	Test_Phase.SEQUENCE.Word	LOADING RESOURCE SURFACE FROM DISK
2193094.277	Test_Phase.SEQUENCE.Word	LOADING RESOURCE SURFACE FROM DISK
2202278.523	Test_Phase.SEQUENCE.Word	LOADING RESOURCE SURFACE FROM DISK
2209869.953	Test_Phase.SEQUENCE.Word	LOADING RESOURCE SURFACE FROM DISK
2217870.612	Test_Phase.SEQUENCE.Word	LOADING RESOURCE SURFACE FROM DISK
2226030.702	Test_Phase.SEQUENCE.Word	LOADING RESOURCE SURFACE FROM DISK
2234695.031	Test_Phase.SEQUENCE.Word	LOADING RESOURCE SURFACE FROM DISK
2243245.166	Test_Phase.SEQUENCE.Word	LOADING RESOURCE SURFACE FROM DISK
2251445.016	Test_Phase.SEQUENCE.Word	LOADING RESOURCE SURFACE FROM DISK
2259161.477	Test_Phase.SEQUENCE.Word	LOADING RESOURCE SURFACE FROM DISK
2268536.076	Test_Phase.SEQUENCE.Word	LOADING RESOURCE SURFACE FROM DISK
2277795.169	Test_Phase.SEQUENCE.Word	LOADING RESOURCE SURFACE FROM DISK
2285687.755	Test_Phase.SEQUENCE.Word	LOADING RESOURCE SURFACE FROM DISK
2294345.375	Test_Phase.SEQUENCE.Word	LOADING RESOURCE SURFACE FROM DISK
2303797.758	Test_Phase.SEQUENCE.Word	LOADING RESOURCE SURFACE FROM DISK
2313611.998	Test_Phase.SEQUENCE.Word	LOADING RESOURCE SURFACE FROM DISK
2322111.751	Test_Phase.SEQUENCE.Word	LOADING RESOURCE SURFACE FROM DISK
2331618.555	Test_Phase.SEQUENCE.Word	LOADING RESOURCE SURFACE FROM DISK
2340345.013	Test_Phase.SEQUENCE.Word	LOADING RESOURCE SURFACE FROM DISK
2349378.712	Test_Phase.SEQUENCE.Word	LOADING RESOURCE SURFACE FROM DISK
2357962.053	Test_Phase.SEQUENCE.Word	LOADING RESOURCE SURFACE FROM DISK
2366454.502	Test_Phase.SEQUENCE.Word	LOADING RESOURCE SURFACE FROM DISK
2375451.592	Test_Phase.SEQUENCE.Word	LOADING RESOURCE SURFACE FROM DISK
2384818.145	Test_Phase.SEQUENCE.Word	LOADING RESOURCE SURFACE FROM DISK
2393861.675	Test_Phase.SEQUENCE.Word	LOADING RESOURCE SURFACE FROM DISK
2401945.035	Test_Phase.SEQUENCE.Word	LOADING RESOURCE SURFACE FROM DISK
2412078.66	Test_Phase.SEQUENCE.Word	LOADING RESOURCE SURFACE FROM DISK
2420494.941	Test_Phase.SEQUENCE.Word	LOADING RESOURCE SURFACE FROM DISK
2429145.113	Test_Phase.SEQUENCE.Word	LOADING RESOURCE SURFACE FROM DISK
2436878.467	Test_Phase.SEQUENCE.Word	LOADING RESOURCE SURFACE FROM DISK
2444647.322	Test_Phase.SEQUENCE.Word	LOADING RESOURCE SURFACE FROM DISK
2452905.498	Test_Phase.SEQUENCE.Word	LOADING RESOURCE SURFACE FROM DISK
2461178.431	Test_Phase.SEQUENCE.Word	LOADING RESOURCE SURFACE FROM DISK
2469695.04	Test_Phase.SEQUENCE.Word	LOADING RESOURCE SURFACE FROM DISK
2479103.487	Test_Phase.SEQUENCE.Word	LOADING RESOURCE SURFACE FROM DISK
2487132.558	Test_Phase.SEQUENCE.Word	LOADING RESOURCE SURFACE FROM DISK
2503495.033	Test_Phase.SEQUENCE.Word	LOADING RESOURCE SURFACE FROM DISK
2511811.738	Test_Phase.SEQUENCE.Word	LOADING RESOURCE SURFACE FROM DISK
2520291.61	Test_Phase.SEQUENCE.Word	LOADING RESOURCE SURFACE FROM DISK
2528611.902	Test_Phase.SEQUENCE.Word	LOADING RESOURCE SURFACE FROM DISK
2536061.808	Test_Phase.SEQUENCE.Word	LOADING RESOURCE SURFACE FROM DISK
2545928.54	Test_Phase.SEQUENCE.Word	LOADING RESOURCE SURFACE FROM DISK
2554828.646	Test_Phase.SEQUENCE.Word	LOADING RESOURCE SURFACE FROM DISK
2563145.126	Test_Phase.SEQUENCE.Word	LOADING RESOURCE SURFACE FROM DISK
2571017.708	Test_Phase.SEQUENCE.Word	LOADING RESOURCE SURFACE FROM DISK
2580112.175	Test_Phase.SEQUENCE.Word	LOADING RESOURCE SURFACE FROM DISK
2588895.175	Test_Phase.SEQUENCE.Word	LOADING RESOURCE SURFACE FROM DISK
2598362.238	Test_Phase.SEQUENCE.Word	LOADING RESOURCE SURFACE FROM DISK
2607478.359	Test_Phase.SEQUENCE.Word	LOADING RESOURCE SURFACE FROM DISK
2616261.678	Test_Phase.SEQUENCE.Word	LOADING RESOURCE SURFACE FROM DISK
2624166.404	Test_Phase.SEQUENCE.Word	LOADING RESOURCE SURFACE FROM DISK
2632529.898	Test_Phase.SEQUENCE.Word	LOADING RESOURCE SURFACE FROM DISK
2641478.344	Test_Phase.SEQUENCE.Word	LOADING RESOURCE SURFACE FROM DISK
2649711.68	Test_Phase.SEQUENCE.Word	LOADING RESOURCE SURFACE FROM DISK
2659478.428	Test_Phase.SEQUENCE.Word	LOADING RESOURCE SURFACE FROM DISK
2667614.671	Test_Phase.SEQUENCE.Word	LOADING RESOURCE SURFACE FROM DISK
2676899.601	Test_Phase.SEQUENCE.Word	LOADING RESOURCE SURFACE FROM DISK
2685111.811	Test_Phase.SEQUENCE.Word	LOADING RESOURCE SURFACE FROM DISK
2693962.073	Test_Phase.SEQUENCE.Word	LOADING RESOURCE SURFACE FROM DISK
2702228.444	Test_Phase.SEQUENCE.Word	LOADING RESOURCE SURFACE FROM DISK
2710661.824	Test_Phase.SEQUENCE.Word	LOADING RESOURCE SURFACE FROM DISK
2718021.143	Test_Phase.SEQUENCE.Word	LOADING RESOURCE SURFACE FROM DISK
2728245.072	Test_Phase.SEQUENCE.Word	LOADING RESOURCE SURFACE FROM DISK
2737964.643	Test_Phase.SEQUENCE.Word	LOADING RESOURCE SURFACE FROM DISK
2747761.823	Test_Phase.SEQUENCE.Word	LOADING RESOURCE SURFACE FROM DISK
2755844.917	Test_Phase.SEQUENCE.Word	LOADING RESOURCE SURFACE FROM DISK
2764082.047	Test_Phase.SEQUENCE.Word	LOADING RESOURCE SURFACE FROM DISK
2772761.723	Test_Phase.SEQUENCE.Word	LOADING RESOURCE SURFACE FROM DISK
2780998.734	Test_Phase.SEQUENCE.Word	LOADING RESOURCE SURFACE FROM DISK
2789004.978	Test_Phase.SEQUENCE.Word	LOADING RESOURCE SURFACE FROM DISK
2797711.784	Test_Phase.SEQUENCE.Word	LOADING RESOURCE SURFACE FROM DISK
2805745.034	Test_Phase.SEQUENCE.Word	LOADING RESOURCE SURFACE FROM DISK
2815145.047	Test_Phase.SEQUENCE.Word	LOADING RESOURCE SURFACE FROM DISK
2824444.916	Test_Phase.SEQUENCE.Word	LOADING RESOURCE SURFACE FROM DISK
2833064.336	Test_Phase.SEQUENCE.Word	LOADING RESOURCE SURFACE FROM DISK
2841311.677	Test_Phase.SEQUENCE.Word	LOADING RESOURCE SURFACE FROM DISK
2850145.089	Test_Phase.SEQUENCE.Word	LOADING RESOURCE SURFACE FROM DISK
2858628.374	Test_Phase.SEQUENCE.Word	LOADING RESOURCE SURFACE FROM DISK
2866995.266	Test_Phase.SEQUENCE.Word	LOADING RESOURCE SURFACE FROM DISK
2876048.535	Test_Phase.SEQUENCE.Word	LOADING RESOURCE SURFACE FROM DISK
2884645.031	Test_Phase.SEQUENCE.Word	LOADING RESOURCE SURFACE FROM DISK
2893045.081	Test_Phase.SEQUENCE.Word	LOADING RESOURCE SURFACE FROM DISK
2901361.908	Test_Phase.SEQUENCE.Word	LOADING RESOURCE SURFACE FROM DISK
2910014.341	Test_Phase.SEQUENCE.Word	LOADING RESOURCE SURFACE FROM DISK
2917678.526	Test_Phase.SEQUENCE.Word	LOADING RESOURCE SURFACE FROM DISK
2925578.373	Test_Phase.SEQUENCE.Word	LOADING RESOURCE SURFACE FROM DISK
2933428.461	Test_Phase.SEQUENCE.Word	LOADING RESOURCE SURFACE FROM DISK
2942078.37	Test_Phase.SEQUENCE.Word	LOADING RESOURCE SURFACE FROM DISK
2949935.017	Test_Phase.SEQUENCE.Word	LOADING RESOURCE SURFACE FROM DISK
2957645.272	Test_Phase.SEQUENCE.Word	LOADING RESOURCE SURFACE FROM DISK
2966228.725	Test_Phase.SEQUENCE.Word	LOADING RESOURCE SURFACE FROM DISK
2974045.056	Test_Phase.SEQUENCE.Word	LOADING RESOURCE SURFACE FROM DISK
2982161.784	Test_Phase.SEQUENCE.Word	LOADING RESOURCE SURFACE FROM DISK
2991078.532	Test_Phase.SEQUENCE.Word	LOADING RESOURCE SURFACE FROM DISK
2999295.059	Test_Phase.SEQUENCE.Word	LOADING RESOURCE SURFACE FROM DISK
3006953.987	Test_Phase.SEQUENCE.Word	LOADING RESOURCE SURFACE FROM DISK
3014461.806	Test_Phase.SEQUENCE.Word	LOADING RESOURCE SURFACE FROM DISK
3023011.999	Test_Phase.SEQUENCE.Word	LOADING RESOURCE SURFACE FROM DISK
3032011.739	Test_Phase.SEQUENCE.Word	LOADING RESOURCE SURFACE FROM DISK
3039844.932	Test_Phase.SEQUENCE.Word	LOADING RESOURCE SURFACE FROM DISK
3048128.354	Test_Phase.SEQUENCE.Word	LOADING RESOURCE SURFACE FROM DISK
3056161.959	Test_Phase.SEQUENCE.Word	LOADING RESOURCE SURFACE FROM DISK
3064232.426	Test_Phase.SEQUENCE.Word	LOADING RESOURCE SURFACE FROM DISK
3072278.517	Test_Phase.SEQUENCE.Word	LOADING RESOURCE SURFACE FROM DISK
3080397.217	Test_Phase.SEQUENCE.Word	LOADING RESOURCE SURFACE FROM DISK
3089495.286	Test_Phase.SEQUENCE.Word	LOADING RESOURCE SURFACE FROM DISK
3100662.414	Test_Phase.SEQUENCE.Word	LOADING RESOURCE SURFACE FROM DISK
3108995.409	Test_Phase.SEQUENCE.Word	LOADING RESOURCE SURFACE FROM DISK
3117078.576	Test_Phase.SEQUENCE.Word	LOADING RESOURCE SURFACE FROM DISK
3125205.576	Test_Phase.SEQUENCE.Word	LOADING RESOURCE SURFACE FROM DISK
3132702.167	Test_Phase.SEQUENCE.Word	LOADING RESOURCE SURFACE FROM DISK
3140966.157	Test_Phase.SEQUENCE.Word	LOADING RESOURCE SURFACE FROM DISK
3149611.929	Test_Phase.SEQUENCE.Word	LOADING RESOURCE SURFACE FROM DISK
3158011.525	Test_Phase.SEQUENCE.Word	LOADING RESOURCE SURFACE FROM DISK
3166695.528	Test_Phase.SEQUENCE.Word	LOADING RESOURCE SURFACE FROM DISK
3174062.007	Test_Phase.SEQUENCE.Word	LOADING RESOURCE SURFACE FROM DISK
3182316.188	Test_Phase.SEQUENCE.Word	LOADING RESOURCE SURFACE FROM DISK
3190895.01	Test_Phase.SEQUENCE.Word	LOADING RESOURCE SURFACE FROM DISK
3198878.87	Test_Phase.SEQUENCE.Word	LOADING RESOURCE SURFACE FROM DISK
3206796.986	Test_Phase.SEQUENCE.Word	LOADING RESOURCE SURFACE FROM DISK
3215044.953	Test_Phase.SEQUENCE.Word	LOADING RESOURCE SURFACE FROM DISK
3222545.224	Test_Phase.SEQUENCE.Word	LOADING RESOURCE SURFACE FROM DISK
3231697.884	Test_Phase.SEQUENCE.Word	LOADING RESOURCE SURFACE FROM DISK
3238845.071	Test_Phase.SEQUENCE.Word	LOADING RESOURCE SURFACE FROM DISK
3246694.993	Test_Phase.SEQUENCE.Word	LOADING RESOURCE SURFACE FROM DISK
3254148.248	Test_Phase.SEQUENCE.Word	LOADING RESOURCE SURFACE FROM DISK
3262211.887	Test_Phase.SEQUENCE.Word	LOADING RESOURCE SURFACE FROM DISK
3270334.208	Test_Phase.SEQUENCE.Word	LOADING RESOURCE SURFACE FROM DISK
3279095.061	Test_Phase.SEQUENCE.Word	LOADING RESOURCE SURFACE FROM DISK
3287628.621	Test_Phase.SEQUENCE.Word	LOADING RESOURCE SURFACE FROM DISK
3295761.775	Test_Phase.SEQUENCE.Word	LOADING RESOURCE SURFACE FROM DISK
3304645.497	Test_Phase.SEQUENCE.Word	LOADING RESOURCE SURFACE FROM DISK
3313061.797	Test_Phase.SEQUENCE.Word	LOADING RESOURCE SURFACE FROM DISK
3320744.922	Test_Phase.SEQUENCE.Word	LOADING RESOURCE SURFACE FROM DISK
3328603.855	Test_Phase.SEQUENCE.Word	LOADING RESOURCE SURFACE FROM DISK
3336144.981	Test_Phase.SEQUENCE.Word	LOADING RESOURCE SURFACE FROM DISK
3345653.093	Test_Phase.SEQUENCE.Word	LOADING RESOURCE SURFACE FROM DISK
3353363.639	Test_Phase.SEQUENCE.Word	LOADING RESOURCE SURFACE FROM DISK
3360928.43	Test_Phase.SEQUENCE.Word	LOADING RESOURCE SURFACE FROM DISK
3369154.701	Test_Phase.SEQUENCE.Word	LOADING RESOURCE SURFACE FROM DISK
3376635.585	Test_Phase.SEQUENCE.Word	LOADING RESOURCE SURFACE FROM DISK
3384311.91	Test_Phase.SEQUENCE.Word	LOADING RESOURCE SURFACE FROM DISK
3391895.54	Test_Phase.SEQUENCE.Word	LOADING RESOURCE SURFACE FROM DISK
3399293.798	Test_Phase.SEQUENCE.Word	LOADING RESOURCE SURFACE FROM DISK
3407202.266	Test_Phase.SEQUENCE.Word	LOADING RESOURCE SURFACE FROM DISK
3414662.906	Test_Phase.SEQUENCE.Word	LOADING RESOURCE SURFACE FROM DISK
3421828.478	Test_Phase.SEQUENCE.Word	LOADING RESOURCE SURFACE FROM DISK
3429045.135	Test_Phase.SEQUENCE.Word	LOADING RESOURCE SURFACE FROM DISK
3438830.91	Test_Phase.SEQUENCE.Word	LOADING RESOURCE SURFACE FROM DISK
3447295.034	Test_Phase.SEQUENCE.Word	LOADING RESOURCE SURFACE FROM DISK
3455044.884	Test_Phase.SEQUENCE.Word	LOADING RESOURCE SURFACE FROM DISK
3462828.519	Test_Phase.SEQUENCE.Word	LOADING RESOURCE SURFACE FROM DISK
3470895.057	Test_Phase.SEQUENCE.Word	LOADING RESOURCE SURFACE FROM DISK
3478517.277	Test_Phase.SEQUENCE.Word	LOADING RESOURCE SURFACE FROM DISK
3486028.524	Test_Phase.SEQUENCE.Word	LOADING RESOURCE SURFACE FROM DISK
3493750.891	Test_Phase.SEQUENCE.Word	LOADING RESOURCE SURFACE FROM DISK
3501678.335	Test_Phase.SEQUENCE.Word	LOADING RESOURCE SURFACE FROM DISK
3509394.076	Test_Phase.SEQUENCE.Word	LOADING RESOURCE SURFACE FROM DISK
3516778.555	Test_Phase.SEQUENCE.Word	LOADING RESOURCE SURFACE FROM DISK
3524559.745	Test_Phase.SEQUENCE.Word	LOADING RESOURCE SURFACE FROM DISK
3532661.739	Test_Phase.SEQUENCE.Word	LOADING RESOURCE SURFACE FROM DISK
3540961.942	Test_Phase.SEQUENCE.Word	LOADING RESOURCE SURFACE FROM DISK
3548961.902	Test_Phase.SEQUENCE.Word	LOADING RESOURCE SURFACE FROM DISK
3556812.005	Test_Phase.SEQUENCE.Word	LOADING RESOURCE SURFACE FROM DISK
3564861.718	Test_Phase.SEQUENCE.Word	LOADING RESOURCE SURFACE FROM DISK
3572245.005	Test_Phase.SEQUENCE.Word	LOADING RESOURCE SURFACE FROM DISK
3580387.488	Test_Phase.SEQUENCE.Word	LOADING RESOURCE SURFACE FROM DISK
3588278.658	Test_Phase.SEQUENCE.Word	LOADING RESOURCE SURFACE FROM DISK
3596162.995	Test_Phase.SEQUENCE.Word	LOADING RESOURCE SURFACE FROM DISK
3605362.673	Test_Phase.SEQUENCE.Word	LOADING RESOURCE SURFACE FROM DISK
3613069.918	Test_Phase.SEQUENCE.Word	LOADING RESOURCE SURFACE FROM DISK
3620399.799	Test_Phase.SEQUENCE.Word	LOADING RESOURCE SURFACE FROM DISK
3628628.474	Test_Phase.SEQUENCE.Word	LOADING RESOURCE SURFACE FROM DISK
3636998.186	Test_Phase.SEQUENCE.Word	LOADING RESOURCE SURFACE FROM DISK
3644278.507	Test_Phase.SEQUENCE.Word	LOADING RESOURCE SURFACE FROM DISK
3652487.675	Test_Phase.SEQUENCE.Word	LOADING RESOURCE SURFACE FROM DISK
3660711.803	Test_Phase.SEQUENCE.Word	LOADING RESOURCE SURFACE FROM DISK
3668865.026	Test_Phase.SEQUENCE.Word	LOADING RESOURCE SURFACE FROM DISK
3677048.518	Test_Phase.SEQUENCE.Word	LOADING RESOURCE SURFACE FROM DISK
3685778.251	Test_Phase.SEQUENCE.Word	LOADING RESOURCE SURFACE FROM DISK
3694028.601	Test_Phase.SEQUENCE.Word	LOADING RESOURCE SURFACE FROM DISK
3702118.816	Test_Phase.SEQUENCE.Word	LOADING RESOURCE SURFACE FROM DISK
3709580.479	Test_Phase.SEQUENCE.Word	LOADING RESOURCE SURFACE FROM DISK
3717261.933	Test_Phase.SEQUENCE.Word	LOADING RESOURCE SURFACE FROM DISK
3725245.102	Test_Phase.SEQUENCE.Word	LOADING RESOURCE SURFACE FROM DISK
3734032.875	Test_Phase.SEQUENCE.Word	LOADING RESOURCE SURFACE FROM DISK
3741162.17	Test_Phase.SEQUENCE.Word	LOADING RESOURCE SURFACE FROM DISK
3748920.203	Test_Phase.SEQUENCE.Word	LOADING RESOURCE SURFACE FROM DISK
3756794.948	Test_Phase.SEQUENCE.Word	LOADING RESOURCE SURFACE FROM DISK
3765194.962	Test_Phase.SEQUENCE.Word	LOADING RESOURCE SURFACE FROM DISK
3773348.214	Test_Phase.SEQUENCE.Word	LOADING RESOURCE SURFACE FROM DISK
3780764.179	Test_Phase.SEQUENCE.Word	LOADING RESOURCE SURFACE FROM DISK
3788716.634	Test_Phase.SEQUENCE.Word	LOADING RESOURCE SURFACE FROM DISK
3796278.606	Test_Phase.SEQUENCE.Word	LOADING RESOURCE SURFACE FROM DISK
3804221.638	Test_Phase.SEQUENCE.Word	LOADING RESOURCE SURFACE FROM DISK
3808151.262	DISPLAY_SCREEN	LOADING RESOURCE SURFACE FROM DISK
