5291.389	DISPLAY_SCREEN[1]	LOADING RESOURCE SURFACE FROM DISK
834223.423	Familiarization_Phase.SEQUENCE.Cue_and_Instruction	LOADING RESOURCE SURFACE FROM DISK
834227.642	Familiarization_Phase.SEQUENCE.Cue_and_Instruction	LOADING RESOURCE SURFACE FROM DISK
840281.006	Familiarization_Phase.SEQUENCE.Cue_and_Instruction	LOADING RESOURCE SURFACE FROM DISK
840285.412	Familiarization_Phase.SEQUENCE.Cue_and_Instruction	LOADING RESOURCE SURFACE FROM DISK
846330.524	Familiarization_Phase.SEQUENCE.Cue_and_Instruction	LOADING RESOURCE SURFACE FROM DISK
846334.961	Familiarization_Phase.SEQUENCE.Cue_and_Instruction	LOADING RESOURCE SURFACE FROM DISK
888463.044	DISPLAY_SCREEN[3]	LOADING RESOURCE SURFACE FROM DISK
963860.993	DISPLAY_SCREEN[5]	LOADING RESOURCE SURFACE FROM DISK
1048891.763	Practice_Phase.SEQUENCE.Blink_Screen	LOADING RESOURCE SURFACE FROM DISK
1048892.864	Practice_Phase.SEQUENCE.Blink_Screen	flip time is later than desired time. Desired Time=1048877 Flip Time=1048910 Retrace Rate=16.635, prepareTime=40 flip request time 1048892
1050124.776	Practice_Phase.SEQUENCE.Luminance_Cue[1]	LOADING RESOURCE SURFACE FROM DISK
1050138.71	Practice_Phase.SEQUENCE.Luminance_Cue[1]	LOADING RESOURCE SURFACE FROM DISK
1050140.226	Practice_Phase.SEQUENCE.Luminance_Cue[1]	flip time is later than desired time. Desired Time=1050110 Flip Time=1050160 Retrace Rate=16.635, prepareTime=54 flip request time 1050139
1050682.654	Practice_Phase.SEQUENCE.Practice_Instruction	LOADING RESOURCE SURFACE FROM DISK
1050685.228	Practice_Phase.SEQUENCE.Practice_Instruction	LOADING RESOURCE SURFACE FROM DISK
1050686.845	Practice_Phase.SEQUENCE.Practice_Instruction	flip time is later than desired time. Desired Time=1050660 Flip Time=1050710 Retrace Rate=16.635, prepareTime=50 flip request time 1050686
1054191.92	Practice_Phase.SEQUENCE.Action_cue[1]	LOADING RESOURCE SURFACE FROM DISK
1058765.462	Practice_Phase.SEQUENCE.Practice_Instruction	LOADING RESOURCE SURFACE FROM DISK
1058780.14	Practice_Phase.SEQUENCE.Practice_Instruction	LOADING RESOURCE SURFACE FROM DISK
1058781.638	Practice_Phase.SEQUENCE.Practice_Instruction	flip time is later than desired time. Desired Time=1058777 Flip Time=1058793 Retrace Rate=16.635, prepareTime=28 flip request time 1058781
1066884.992	Practice_Phase.SEQUENCE.Practice_Instruction	LOADING RESOURCE SURFACE FROM DISK
1066891.01	Practice_Phase.SEQUENCE.Practice_Instruction	LOADING RESOURCE SURFACE FROM DISK
1066892.621	Practice_Phase.SEQUENCE.Practice_Instruction	flip time is later than desired time. Desired Time=1066860 Flip Time=1066910 Retrace Rate=16.635, prepareTime=56 flip request time 1066892
1074958.132	Practice_Phase.SEQUENCE.Practice_Instruction	LOADING RESOURCE SURFACE FROM DISK
1074960.781	Practice_Phase.SEQUENCE.Practice_Instruction	LOADING RESOURCE SURFACE FROM DISK
1083024.775	Practice_Phase.SEQUENCE.Practice_Instruction	LOADING RESOURCE SURFACE FROM DISK
1083027.404	Practice_Phase.SEQUENCE.Practice_Instruction	LOADING RESOURCE SURFACE FROM DISK
1091091.577	Practice_Phase.SEQUENCE.Practice_Instruction	LOADING RESOURCE SURFACE FROM DISK
1091094.338	Practice_Phase.SEQUENCE.Practice_Instruction	LOADING RESOURCE SURFACE FROM DISK
1099158.223	Practice_Phase.SEQUENCE.Practice_Instruction	LOADING RESOURCE SURFACE FROM DISK
1099160.841	Practice_Phase.SEQUENCE.Practice_Instruction	LOADING RESOURCE SURFACE FROM DISK
1107224.812	Practice_Phase.SEQUENCE.Practice_Instruction	LOADING RESOURCE SURFACE FROM DISK
1107227.424	Practice_Phase.SEQUENCE.Practice_Instruction	LOADING RESOURCE SURFACE FROM DISK
1115291.372	Practice_Phase.SEQUENCE.Practice_Instruction	LOADING RESOURCE SURFACE FROM DISK
1115334.068	Practice_Phase.SEQUENCE.Practice_Instruction	LOADING RESOURCE SURFACE FROM DISK
1115335.598	Practice_Phase.SEQUENCE.Practice_Instruction	flip time is later than desired time. Desired Time=1115310 Flip Time=1115343 Retrace Rate=16.635, prepareTime=49 flip request time 1115335
1121488.558	DISPLAY_SCREEN[2]	LOADING RESOURCE SURFACE FROM DISK
1275450.235	Study_Phase.SEQUENCE.Study_Instruction	LOADING RESOURCE SURFACE FROM DISK
1275741.877	Study_Phase.SEQUENCE.Study_Instruction	LOADING RESOURCE SURFACE FROM DISK
1284025.325	Study_Phase.SEQUENCE.Study_Instruction	LOADING RESOURCE SURFACE FROM DISK
1292283.475	Study_Phase.SEQUENCE.Study_Instruction	LOADING RESOURCE SURFACE FROM DISK
1292324.73	Study_Phase.SEQUENCE.Study_Instruction	LOADING RESOURCE SURFACE FROM DISK
1300600.33	Study_Phase.SEQUENCE.Study_Instruction	LOADING RESOURCE SURFACE FROM DISK
1300602.954	Study_Phase.SEQUENCE.Study_Instruction	LOADING RESOURCE SURFACE FROM DISK
1308883.451	Study_Phase.SEQUENCE.Study_Instruction	LOADING RESOURCE SURFACE FROM DISK
1308886.125	Study_Phase.SEQUENCE.Study_Instruction	LOADING RESOURCE SURFACE FROM DISK
1317163.436	Study_Phase.SEQUENCE.Study_Instruction	LOADING RESOURCE SURFACE FROM DISK
1325433.585	Study_Phase.SEQUENCE.Study_Instruction	LOADING RESOURCE SURFACE FROM DISK
1325478.782	Study_Phase.SEQUENCE.Study_Instruction	LOADING RESOURCE SURFACE FROM DISK
1333783.678	Study_Phase.SEQUENCE.Study_Instruction	LOADING RESOURCE SURFACE FROM DISK
1333786.274	Study_Phase.SEQUENCE.Study_Instruction	LOADING RESOURCE SURFACE FROM DISK
1342066.776	Study_Phase.SEQUENCE.Study_Instruction	LOADING RESOURCE SURFACE FROM DISK
1342105.087	Study_Phase.SEQUENCE.Study_Instruction	LOADING RESOURCE SURFACE FROM DISK
1350383.435	Study_Phase.SEQUENCE.Study_Instruction	LOADING RESOURCE SURFACE FROM DISK
1350432.646	Study_Phase.SEQUENCE.Study_Instruction	LOADING RESOURCE SURFACE FROM DISK
1358696.781	Study_Phase.SEQUENCE.Study_Instruction	LOADING RESOURCE SURFACE FROM DISK
1366966.978	Study_Phase.SEQUENCE.Study_Instruction	LOADING RESOURCE SURFACE FROM DISK
1366969.589	Study_Phase.SEQUENCE.Study_Instruction	LOADING RESOURCE SURFACE FROM DISK
1375286.167	Study_Phase.SEQUENCE.Study_Instruction	LOADING RESOURCE SURFACE FROM DISK
1383566.897	Study_Phase.SEQUENCE.Study_Instruction	LOADING RESOURCE SURFACE FROM DISK
1383604.593	Study_Phase.SEQUENCE.Study_Instruction	LOADING RESOURCE SURFACE FROM DISK
1391883.504	Study_Phase.SEQUENCE.Study_Instruction	LOADING RESOURCE SURFACE FROM DISK
1391921.886	Study_Phase.SEQUENCE.Study_Instruction	LOADING RESOURCE SURFACE FROM DISK
1400241.21	Study_Phase.SEQUENCE.Study_Instruction	LOADING RESOURCE SURFACE FROM DISK
1408513.478	Study_Phase.SEQUENCE.Study_Instruction	LOADING RESOURCE SURFACE FROM DISK
1416783.567	Study_Phase.SEQUENCE.Study_Instruction	LOADING RESOURCE SURFACE FROM DISK
1416826.837	Study_Phase.SEQUENCE.Study_Instruction	LOADING RESOURCE SURFACE FROM DISK
1425131.907	Study_Phase.SEQUENCE.Study_Instruction	LOADING RESOURCE SURFACE FROM DISK
1433396.734	Study_Phase.SEQUENCE.Study_Instruction	LOADING RESOURCE SURFACE FROM DISK
1441699.37	Study_Phase.SEQUENCE.Study_Instruction	LOADING RESOURCE SURFACE FROM DISK
1449963.48	Study_Phase.SEQUENCE.Study_Instruction	LOADING RESOURCE SURFACE FROM DISK
1458233.528	Study_Phase.SEQUENCE.Study_Instruction	LOADING RESOURCE SURFACE FROM DISK
1458235.97	Study_Phase.SEQUENCE.Study_Instruction	LOADING RESOURCE SURFACE FROM DISK
1466513.365	Study_Phase.SEQUENCE.Study_Instruction	LOADING RESOURCE SURFACE FROM DISK
1474818.159	Study_Phase.SEQUENCE.Study_Instruction	LOADING RESOURCE SURFACE FROM DISK
1483133.453	Study_Phase.SEQUENCE.Study_Instruction	LOADING RESOURCE SURFACE FROM DISK
1491439.757	Study_Phase.SEQUENCE.Study_Instruction	LOADING RESOURCE SURFACE FROM DISK
1499816.789	Study_Phase.SEQUENCE.Study_Instruction	LOADING RESOURCE SURFACE FROM DISK
1499854.949	Study_Phase.SEQUENCE.Study_Instruction	LOADING RESOURCE SURFACE FROM DISK
1508131.475	Study_Phase.SEQUENCE.Study_Instruction	LOADING RESOURCE SURFACE FROM DISK
1516400.381	Study_Phase.SEQUENCE.Study_Instruction	LOADING RESOURCE SURFACE FROM DISK
1516402.797	Study_Phase.SEQUENCE.Study_Instruction	LOADING RESOURCE SURFACE FROM DISK
1524683.59	Study_Phase.SEQUENCE.Study_Instruction	LOADING RESOURCE SURFACE FROM DISK
1524729.144	Study_Phase.SEQUENCE.Study_Instruction	LOADING RESOURCE SURFACE FROM DISK
1533032.048	Study_Phase.SEQUENCE.Study_Instruction	LOADING RESOURCE SURFACE FROM DISK
1541333.464	Study_Phase.SEQUENCE.Study_Instruction	LOADING RESOURCE SURFACE FROM DISK
1541372.447	Study_Phase.SEQUENCE.Study_Instruction	LOADING RESOURCE SURFACE FROM DISK
1549682.702	Study_Phase.SEQUENCE.Study_Instruction	LOADING RESOURCE SURFACE FROM DISK
1557950.001	Study_Phase.SEQUENCE.Study_Instruction	LOADING RESOURCE SURFACE FROM DISK
1557960.053	Study_Phase.SEQUENCE.Study_Instruction	LOADING RESOURCE SURFACE FROM DISK
1566250.036	Study_Phase.SEQUENCE.Study_Instruction	LOADING RESOURCE SURFACE FROM DISK
1574552.903	Study_Phase.SEQUENCE.Study_Instruction	LOADING RESOURCE SURFACE FROM DISK
1582833.496	Study_Phase.SEQUENCE.Study_Instruction	LOADING RESOURCE SURFACE FROM DISK
1582869.933	Study_Phase.SEQUENCE.Study_Instruction	LOADING RESOURCE SURFACE FROM DISK
1591180.408	Study_Phase.SEQUENCE.Study_Instruction	LOADING RESOURCE SURFACE FROM DISK
1599450.201	Study_Phase.SEQUENCE.Study_Instruction	LOADING RESOURCE SURFACE FROM DISK
1599452.802	Study_Phase.SEQUENCE.Study_Instruction	LOADING RESOURCE SURFACE FROM DISK
1607733.969	Study_Phase.SEQUENCE.Study_Instruction	LOADING RESOURCE SURFACE FROM DISK
1607736.674	Study_Phase.SEQUENCE.Study_Instruction	LOADING RESOURCE SURFACE FROM DISK
1616016.709	Study_Phase.SEQUENCE.Study_Instruction	LOADING RESOURCE SURFACE FROM DISK
1616053.083	Study_Phase.SEQUENCE.Study_Instruction	LOADING RESOURCE SURFACE FROM DISK
1624333.53	Study_Phase.SEQUENCE.Study_Instruction	LOADING RESOURCE SURFACE FROM DISK
1624376.644	Study_Phase.SEQUENCE.Study_Instruction	LOADING RESOURCE SURFACE FROM DISK
1632650.01	Study_Phase.SEQUENCE.Study_Instruction	LOADING RESOURCE SURFACE FROM DISK
1632692.514	Study_Phase.SEQUENCE.Study_Instruction	LOADING RESOURCE SURFACE FROM DISK
1640964.444	Study_Phase.SEQUENCE.Study_Instruction	LOADING RESOURCE SURFACE FROM DISK
1649266.436	Study_Phase.SEQUENCE.Study_Instruction	LOADING RESOURCE SURFACE FROM DISK
1657533.567	Study_Phase.SEQUENCE.Study_Instruction	LOADING RESOURCE SURFACE FROM DISK
1657575.741	Study_Phase.SEQUENCE.Study_Instruction	LOADING RESOURCE SURFACE FROM DISK
1665867.472	Study_Phase.SEQUENCE.Study_Instruction	LOADING RESOURCE SURFACE FROM DISK
1674133.627	Study_Phase.SEQUENCE.Study_Instruction	LOADING RESOURCE SURFACE FROM DISK
1674200.254	Study_Phase.SEQUENCE.Study_Instruction	LOADING RESOURCE SURFACE FROM DISK
1682507.403	Study_Phase.SEQUENCE.Study_Instruction	LOADING RESOURCE SURFACE FROM DISK
1690783.472	Study_Phase.SEQUENCE.Study_Instruction	LOADING RESOURCE SURFACE FROM DISK
1690822.696	Study_Phase.SEQUENCE.Study_Instruction	LOADING RESOURCE SURFACE FROM DISK
1699097.855	Study_Phase.SEQUENCE.Study_Instruction	LOADING RESOURCE SURFACE FROM DISK
1707366.891	Study_Phase.SEQUENCE.Study_Instruction	LOADING RESOURCE SURFACE FROM DISK
1707369.376	Study_Phase.SEQUENCE.Study_Instruction	LOADING RESOURCE SURFACE FROM DISK
1715689.333	Study_Phase.SEQUENCE.Study_Instruction	LOADING RESOURCE SURFACE FROM DISK
1723966.857	Study_Phase.SEQUENCE.Study_Instruction	LOADING RESOURCE SURFACE FROM DISK
1723969.568	Study_Phase.SEQUENCE.Study_Instruction	LOADING RESOURCE SURFACE FROM DISK
1732248.055	Study_Phase.SEQUENCE.Study_Instruction	LOADING RESOURCE SURFACE FROM DISK
1740517.086	Study_Phase.SEQUENCE.Study_Instruction	LOADING RESOURCE SURFACE FROM DISK
1740554.687	Study_Phase.SEQUENCE.Study_Instruction	LOADING RESOURCE SURFACE FROM DISK
1748893.401	Study_Phase.SEQUENCE.Study_Instruction	LOADING RESOURCE SURFACE FROM DISK
1757166.902	Study_Phase.SEQUENCE.Study_Instruction	LOADING RESOURCE SURFACE FROM DISK
1757208.603	Study_Phase.SEQUENCE.Study_Instruction	LOADING RESOURCE SURFACE FROM DISK
1765480.011	Study_Phase.SEQUENCE.Study_Instruction	LOADING RESOURCE SURFACE FROM DISK
1773750.532	Study_Phase.SEQUENCE.Study_Instruction	LOADING RESOURCE SURFACE FROM DISK
1773792.018	Study_Phase.SEQUENCE.Study_Instruction	LOADING RESOURCE SURFACE FROM DISK
1782066.946	Study_Phase.SEQUENCE.Study_Instruction	LOADING RESOURCE SURFACE FROM DISK
1782069.654	Study_Phase.SEQUENCE.Study_Instruction	LOADING RESOURCE SURFACE FROM DISK
1790385.558	Study_Phase.SEQUENCE.Study_Instruction	LOADING RESOURCE SURFACE FROM DISK
1798666.792	Study_Phase.SEQUENCE.Study_Instruction	LOADING RESOURCE SURFACE FROM DISK
1798693.601	Study_Phase.SEQUENCE.Study_Instruction	LOADING RESOURCE SURFACE FROM DISK
1806966.856	Study_Phase.SEQUENCE.Study_Instruction	LOADING RESOURCE SURFACE FROM DISK
1807003.331	Study_Phase.SEQUENCE.Study_Instruction	LOADING RESOURCE SURFACE FROM DISK
1815266.865	Study_Phase.SEQUENCE.Study_Instruction	LOADING RESOURCE SURFACE FROM DISK
1815302.143	Study_Phase.SEQUENCE.Study_Instruction	LOADING RESOURCE SURFACE FROM DISK
1823618.157	Study_Phase.SEQUENCE.Study_Instruction	LOADING RESOURCE SURFACE FROM DISK
1831930.749	Study_Phase.SEQUENCE.Study_Instruction	LOADING RESOURCE SURFACE FROM DISK
1840215.604	Study_Phase.SEQUENCE.Study_Instruction	LOADING RESOURCE SURFACE FROM DISK
1848512.724	Study_Phase.SEQUENCE.Study_Instruction	LOADING RESOURCE SURFACE FROM DISK
1856821.837	Study_Phase.SEQUENCE.Study_Instruction	LOADING RESOURCE SURFACE FROM DISK
1865100.308	Study_Phase.SEQUENCE.Study_Instruction	LOADING RESOURCE SURFACE FROM DISK
1865138.859	Study_Phase.SEQUENCE.Study_Instruction	LOADING RESOURCE SURFACE FROM DISK
1873413.312	Study_Phase.SEQUENCE.Study_Instruction	LOADING RESOURCE SURFACE FROM DISK
1881719.749	Study_Phase.SEQUENCE.Study_Instruction	LOADING RESOURCE SURFACE FROM DISK
1890021.519	Study_Phase.SEQUENCE.Study_Instruction	LOADING RESOURCE SURFACE FROM DISK
1898300.142	Study_Phase.SEQUENCE.Study_Instruction	LOADING RESOURCE SURFACE FROM DISK
1898302.594	Study_Phase.SEQUENCE.Study_Instruction	LOADING RESOURCE SURFACE FROM DISK
1906617.057	Study_Phase.SEQUENCE.Study_Instruction	LOADING RESOURCE SURFACE FROM DISK
1914881.158	Study_Phase.SEQUENCE.Study_Instruction	LOADING RESOURCE SURFACE FROM DISK
1923183.727	Study_Phase.SEQUENCE.Study_Instruction	LOADING RESOURCE SURFACE FROM DISK
1931433.532	Study_Phase.SEQUENCE.Study_Instruction	LOADING RESOURCE SURFACE FROM DISK
1931436.114	Study_Phase.SEQUENCE.Study_Instruction	LOADING RESOURCE SURFACE FROM DISK
1939752.989	Study_Phase.SEQUENCE.Study_Instruction	LOADING RESOURCE SURFACE FROM DISK
1948058.065	Study_Phase.SEQUENCE.Study_Instruction	LOADING RESOURCE SURFACE FROM DISK
1956369.548	Study_Phase.SEQUENCE.Study_Instruction	LOADING RESOURCE SURFACE FROM DISK
1964646.701	Study_Phase.SEQUENCE.Study_Instruction	LOADING RESOURCE SURFACE FROM DISK
1972933.591	Study_Phase.SEQUENCE.Study_Instruction	LOADING RESOURCE SURFACE FROM DISK
1972977.987	Study_Phase.SEQUENCE.Study_Instruction	LOADING RESOURCE SURFACE FROM DISK
1981250.058	Study_Phase.SEQUENCE.Study_Instruction	LOADING RESOURCE SURFACE FROM DISK
1981289.297	Study_Phase.SEQUENCE.Study_Instruction	LOADING RESOURCE SURFACE FROM DISK
1989563.343	Study_Phase.SEQUENCE.Study_Instruction	LOADING RESOURCE SURFACE FROM DISK
1997833.372	Study_Phase.SEQUENCE.Study_Instruction	LOADING RESOURCE SURFACE FROM DISK
1997869.001	Study_Phase.SEQUENCE.Study_Instruction	LOADING RESOURCE SURFACE FROM DISK
2006131.148	Study_Phase.SEQUENCE.Study_Instruction	LOADING RESOURCE SURFACE FROM DISK
2014429.732	Study_Phase.SEQUENCE.Study_Instruction	LOADING RESOURCE SURFACE FROM DISK
2022700.234	Study_Phase.SEQUENCE.Study_Instruction	LOADING RESOURCE SURFACE FROM DISK
2022736.7	Study_Phase.SEQUENCE.Study_Instruction	LOADING RESOURCE SURFACE FROM DISK
2031014.544	Study_Phase.SEQUENCE.Study_Instruction	LOADING RESOURCE SURFACE FROM DISK
2039283.483	Study_Phase.SEQUENCE.Study_Instruction	LOADING RESOURCE SURFACE FROM DISK
2039306.144	Study_Phase.SEQUENCE.Study_Instruction	LOADING RESOURCE SURFACE FROM DISK
2047599.112	Study_Phase.SEQUENCE.Study_Instruction	LOADING RESOURCE SURFACE FROM DISK
2055867.051	Study_Phase.SEQUENCE.Study_Instruction	LOADING RESOURCE SURFACE FROM DISK
2055905.576	Study_Phase.SEQUENCE.Study_Instruction	LOADING RESOURCE SURFACE FROM DISK
2064197.365	Study_Phase.SEQUENCE.Study_Instruction	LOADING RESOURCE SURFACE FROM DISK
2072498.242	Study_Phase.SEQUENCE.Study_Instruction	LOADING RESOURCE SURFACE FROM DISK
2080763.399	Study_Phase.SEQUENCE.Study_Instruction	LOADING RESOURCE SURFACE FROM DISK
2089033.427	Study_Phase.SEQUENCE.Study_Instruction	LOADING RESOURCE SURFACE FROM DISK
2089035.983	Study_Phase.SEQUENCE.Study_Instruction	LOADING RESOURCE SURFACE FROM DISK
2097313.451	Study_Phase.SEQUENCE.Study_Instruction	LOADING RESOURCE SURFACE FROM DISK
2105620.37	Study_Phase.SEQUENCE.Study_Instruction	LOADING RESOURCE SURFACE FROM DISK
2113900.389	Study_Phase.SEQUENCE.Study_Instruction	LOADING RESOURCE SURFACE FROM DISK
2113902.918	Study_Phase.SEQUENCE.Study_Instruction	LOADING RESOURCE SURFACE FROM DISK
2122181.061	Study_Phase.SEQUENCE.Study_Instruction	LOADING RESOURCE SURFACE FROM DISK
2130450.193	Study_Phase.SEQUENCE.Study_Instruction	LOADING RESOURCE SURFACE FROM DISK
2130452.737	Study_Phase.SEQUENCE.Study_Instruction	LOADING RESOURCE SURFACE FROM DISK
2138772.407	Study_Phase.SEQUENCE.Study_Instruction	LOADING RESOURCE SURFACE FROM DISK
2147050.136	Study_Phase.SEQUENCE.Study_Instruction	LOADING RESOURCE SURFACE FROM DISK
2147052.892	Study_Phase.SEQUENCE.Study_Instruction	LOADING RESOURCE SURFACE FROM DISK
2155331.446	Study_Phase.SEQUENCE.Study_Instruction	LOADING RESOURCE SURFACE FROM DISK
2163600.373	Study_Phase.SEQUENCE.Study_Instruction	LOADING RESOURCE SURFACE FROM DISK
2163635.822	Study_Phase.SEQUENCE.Study_Instruction	LOADING RESOURCE SURFACE FROM DISK
2171916.972	Study_Phase.SEQUENCE.Study_Instruction	LOADING RESOURCE SURFACE FROM DISK
2171963.651	Study_Phase.SEQUENCE.Study_Instruction	LOADING RESOURCE SURFACE FROM DISK
2180216.768	Study_Phase.SEQUENCE.Study_Instruction	LOADING RESOURCE SURFACE FROM DISK
2180256.893	Study_Phase.SEQUENCE.Study_Instruction	LOADING RESOURCE SURFACE FROM DISK
2188531.099	Study_Phase.SEQUENCE.Study_Instruction	LOADING RESOURCE SURFACE FROM DISK
2196800.303	Study_Phase.SEQUENCE.Study_Instruction	LOADING RESOURCE SURFACE FROM DISK
2196839.057	Study_Phase.SEQUENCE.Study_Instruction	LOADING RESOURCE SURFACE FROM DISK
2205114.504	Study_Phase.SEQUENCE.Study_Instruction	LOADING RESOURCE SURFACE FROM DISK
2213379.98	Study_Phase.SEQUENCE.Study_Instruction	LOADING RESOURCE SURFACE FROM DISK
2221650.241	Study_Phase.SEQUENCE.Study_Instruction	LOADING RESOURCE SURFACE FROM DISK
2221692.705	Study_Phase.SEQUENCE.Study_Instruction	LOADING RESOURCE SURFACE FROM DISK
2229989.507	Study_Phase.SEQUENCE.Study_Instruction	LOADING RESOURCE SURFACE FROM DISK
2238299.608	Study_Phase.SEQUENCE.Study_Instruction	LOADING RESOURCE SURFACE FROM DISK
2246598.419	Study_Phase.SEQUENCE.Study_Instruction	LOADING RESOURCE SURFACE FROM DISK
2254916.086	Study_Phase.SEQUENCE.Study_Instruction	LOADING RESOURCE SURFACE FROM DISK
2263183.507	Study_Phase.SEQUENCE.Study_Instruction	LOADING RESOURCE SURFACE FROM DISK
2263186.054	Study_Phase.SEQUENCE.Study_Instruction	LOADING RESOURCE SURFACE FROM DISK
2269421.285	DISPLAY_SCREEN[7]	LOADING RESOURCE SURFACE FROM DISK
2415779.085	Test_Phase.SEQUENCE.Target_Cue	LOADING RESOURCE SURFACE FROM DISK
2415785.579	Test_Phase.SEQUENCE.Target_Cue	LOADING RESOURCE SURFACE FROM DISK
2417813.186	Test_Phase.SEQUENCE.Word	LOADING RESOURCE SURFACE FROM DISK
2420870.174	Test_Phase.SEQUENCE.Test_Question	LOADING RESOURCE SURFACE FROM DISK
2420887.28	Test_Phase.SEQUENCE.Test_Question	LOADING RESOURCE SURFACE FROM DISK
2420892.342	Test_Phase.SEQUENCE.Test_Question	LOADING RESOURCE SURFACE FROM DISK
2420897.525	Test_Phase.SEQUENCE.Test_Question	LOADING RESOURCE SURFACE FROM DISK
2420899.349	Test_Phase.SEQUENCE.Test_Question	LOADING RESOURCE SURFACE FROM DISK
2420901.107	Test_Phase.SEQUENCE.Test_Question	LOADING RESOURCE SURFACE FROM DISK
2420902.915	Test_Phase.SEQUENCE.Test_Question	LOADING RESOURCE SURFACE FROM DISK
2420920.287	Test_Phase.SEQUENCE.Test_Question	LOADING RESOURCE SURFACE FROM DISK
2420934.557	Test_Phase.SEQUENCE.Test_Question	LOADING RESOURCE SURFACE FROM DISK
2420936.287	Test_Phase.SEQUENCE.Test_Question	LOADING RESOURCE SURFACE FROM DISK
2420938.008	Test_Phase.SEQUENCE.Test_Question	LOADING RESOURCE SURFACE FROM DISK
2420939.942	Test_Phase.SEQUENCE.Test_Question	LOADING RESOURCE SURFACE FROM DISK
2443847.962	Test_Phase.SEQUENCE.Word	LOADING RESOURCE SURFACE FROM DISK
2454838.723	Test_Phase.SEQUENCE.Word	LOADING RESOURCE SURFACE FROM DISK
2465113.247	Test_Phase.SEQUENCE.Word	LOADING RESOURCE SURFACE FROM DISK
2472996.641	Test_Phase.SEQUENCE.Word	LOADING RESOURCE SURFACE FROM DISK
2480796.412	Test_Phase.SEQUENCE.Word	LOADING RESOURCE SURFACE FROM DISK
2488896.596	Test_Phase.SEQUENCE.Word	LOADING RESOURCE SURFACE FROM DISK
2495979.883	Test_Phase.SEQUENCE.Word	LOADING RESOURCE SURFACE FROM DISK
2504488.169	Test_Phase.SEQUENCE.Word	LOADING RESOURCE SURFACE FROM DISK
2512030.019	Test_Phase.SEQUENCE.Word	LOADING RESOURCE SURFACE FROM DISK
2520846.364	Test_Phase.SEQUENCE.Word	LOADING RESOURCE SURFACE FROM DISK
2532057.217	Test_Phase.SEQUENCE.Word	LOADING RESOURCE SURFACE FROM DISK
2541813.192	Test_Phase.SEQUENCE.Word	LOADING RESOURCE SURFACE FROM DISK
2550250.036	Test_Phase.SEQUENCE.Word	LOADING RESOURCE SURFACE FROM DISK
2558713.187	Test_Phase.SEQUENCE.Word	LOADING RESOURCE SURFACE FROM DISK
2566529.884	Test_Phase.SEQUENCE.Word	LOADING RESOURCE SURFACE FROM DISK
2574579.639	Test_Phase.SEQUENCE.Word	LOADING RESOURCE SURFACE FROM DISK
2583302.492	Test_Phase.SEQUENCE.Word	LOADING RESOURCE SURFACE FROM DISK
2591413.306	Test_Phase.SEQUENCE.Word	LOADING RESOURCE SURFACE FROM DISK
2600266.267	Test_Phase.SEQUENCE.Word	LOADING RESOURCE SURFACE FROM DISK
2608584.797	Test_Phase.SEQUENCE.Word	LOADING RESOURCE SURFACE FROM DISK
2617883.428	Test_Phase.SEQUENCE.Word	LOADING RESOURCE SURFACE FROM DISK
2626915.827	Test_Phase.SEQUENCE.Word	LOADING RESOURCE SURFACE FROM DISK
2636196.504	Test_Phase.SEQUENCE.Word	LOADING RESOURCE SURFACE FROM DISK
2646853.461	Test_Phase.SEQUENCE.Word	LOADING RESOURCE SURFACE FROM DISK
2655217.251	Test_Phase.SEQUENCE.Word	LOADING RESOURCE SURFACE FROM DISK
2663213.265	Test_Phase.SEQUENCE.Word	LOADING RESOURCE SURFACE FROM DISK
2671348.983	Test_Phase.SEQUENCE.Word	LOADING RESOURCE SURFACE FROM DISK
2679379.938	Test_Phase.SEQUENCE.Word	LOADING RESOURCE SURFACE FROM DISK
2687930.014	Test_Phase.SEQUENCE.Word	LOADING RESOURCE SURFACE FROM DISK
2695546.679	Test_Phase.SEQUENCE.Word	LOADING RESOURCE SURFACE FROM DISK
2703429.736	Test_Phase.SEQUENCE.Word	LOADING RESOURCE SURFACE FROM DISK
2710496.643	Test_Phase.SEQUENCE.Word	LOADING RESOURCE SURFACE FROM DISK
2717779.692	Test_Phase.SEQUENCE.Word	LOADING RESOURCE SURFACE FROM DISK
2725617.858	Test_Phase.SEQUENCE.Word	LOADING RESOURCE SURFACE FROM DISK
2733429.923	Test_Phase.SEQUENCE.Word	LOADING RESOURCE SURFACE FROM DISK
2741363.206	Test_Phase.SEQUENCE.Word	LOADING RESOURCE SURFACE FROM DISK
2748763.325	Test_Phase.SEQUENCE.Word	LOADING RESOURCE SURFACE FROM DISK
2757629.772	Test_Phase.SEQUENCE.Word	LOADING RESOURCE SURFACE FROM DISK
2765639.513	Test_Phase.SEQUENCE.Word	LOADING RESOURCE SURFACE FROM DISK
2773432.463	Test_Phase.SEQUENCE.Word	LOADING RESOURCE SURFACE FROM DISK
2782563.593	Test_Phase.SEQUENCE.Word	LOADING RESOURCE SURFACE FROM DISK
2790456.115	Test_Phase.SEQUENCE.Word	LOADING RESOURCE SURFACE FROM DISK
2797346.63	Test_Phase.SEQUENCE.Word	LOADING RESOURCE SURFACE FROM DISK
2805413.261	Test_Phase.SEQUENCE.Word	LOADING RESOURCE SURFACE FROM DISK
2812846.566	Test_Phase.SEQUENCE.Word	LOADING RESOURCE SURFACE FROM DISK
2820180.01	Test_Phase.SEQUENCE.Word	LOADING RESOURCE SURFACE FROM DISK
2828613.224	Test_Phase.SEQUENCE.Word	LOADING RESOURCE SURFACE FROM DISK
2836079.779	Test_Phase.SEQUENCE.Word	LOADING RESOURCE SURFACE FROM DISK
2843185.28	Test_Phase.SEQUENCE.Word	LOADING RESOURCE SURFACE FROM DISK
2851296.644	Test_Phase.SEQUENCE.Word	LOADING RESOURCE SURFACE FROM DISK
2859263.185	Test_Phase.SEQUENCE.Word	LOADING RESOURCE SURFACE FROM DISK
2866796.576	Test_Phase.SEQUENCE.Word	LOADING RESOURCE SURFACE FROM DISK
2874913.243	Test_Phase.SEQUENCE.Word	LOADING RESOURCE SURFACE FROM DISK
2882830.928	Test_Phase.SEQUENCE.Word	LOADING RESOURCE SURFACE FROM DISK
2890596.806	Test_Phase.SEQUENCE.Word	LOADING RESOURCE SURFACE FROM DISK
2898096.561	Test_Phase.SEQUENCE.Word	LOADING RESOURCE SURFACE FROM DISK
2905930.122	Test_Phase.SEQUENCE.Word	LOADING RESOURCE SURFACE FROM DISK
2913463.418	Test_Phase.SEQUENCE.Word	LOADING RESOURCE SURFACE FROM DISK
2921113.035	Test_Phase.SEQUENCE.Word	LOADING RESOURCE SURFACE FROM DISK
2928396.714	Test_Phase.SEQUENCE.Word	LOADING RESOURCE SURFACE FROM DISK
2936119.429	Test_Phase.SEQUENCE.Word	LOADING RESOURCE SURFACE FROM DISK
2943998.422	Test_Phase.SEQUENCE.Word	LOADING RESOURCE SURFACE FROM DISK
2952362.331	Test_Phase.SEQUENCE.Word	LOADING RESOURCE SURFACE FROM DISK
2959896.588	Test_Phase.SEQUENCE.Word	LOADING RESOURCE SURFACE FROM DISK
2967313.239	Test_Phase.SEQUENCE.Word	LOADING RESOURCE SURFACE FROM DISK
2975529.777	Test_Phase.SEQUENCE.Word	LOADING RESOURCE SURFACE FROM DISK
2983281.927	Test_Phase.SEQUENCE.Word	LOADING RESOURCE SURFACE FROM DISK
2990846.659	Test_Phase.SEQUENCE.Word	LOADING RESOURCE SURFACE FROM DISK
2998271.481	Test_Phase.SEQUENCE.Word	LOADING RESOURCE SURFACE FROM DISK
3005813.331	Test_Phase.SEQUENCE.Word	LOADING RESOURCE SURFACE FROM DISK
3013363.074	Test_Phase.SEQUENCE.Word	LOADING RESOURCE SURFACE FROM DISK
3021135.473	Test_Phase.SEQUENCE.Word	LOADING RESOURCE SURFACE FROM DISK
3029679.882	Test_Phase.SEQUENCE.Word	LOADING RESOURCE SURFACE FROM DISK
3036913.139	Test_Phase.SEQUENCE.Word	LOADING RESOURCE SURFACE FROM DISK
3045536.436	Test_Phase.SEQUENCE.Word	LOADING RESOURCE SURFACE FROM DISK
3053118.773	Test_Phase.SEQUENCE.Word	LOADING RESOURCE SURFACE FROM DISK
3060780.304	Test_Phase.SEQUENCE.Word	LOADING RESOURCE SURFACE FROM DISK
3068196.491	Test_Phase.SEQUENCE.Word	LOADING RESOURCE SURFACE FROM DISK
3075613.311	Test_Phase.SEQUENCE.Word	LOADING RESOURCE SURFACE FROM DISK
3083579.682	Test_Phase.SEQUENCE.Word	LOADING RESOURCE SURFACE FROM DISK
3091617.587	Test_Phase.SEQUENCE.Word	LOADING RESOURCE SURFACE FROM DISK
3100438.417	Test_Phase.SEQUENCE.Word	LOADING RESOURCE SURFACE FROM DISK
3108563.137	Test_Phase.SEQUENCE.Word	LOADING RESOURCE SURFACE FROM DISK
3117446.404	Test_Phase.SEQUENCE.Word	LOADING RESOURCE SURFACE FROM DISK
3125554.564	Test_Phase.SEQUENCE.Word	LOADING RESOURCE SURFACE FROM DISK
3133368.883	Test_Phase.SEQUENCE.Word	LOADING RESOURCE SURFACE FROM DISK
3141796.63	Test_Phase.SEQUENCE.Word	LOADING RESOURCE SURFACE FROM DISK
3150763.376	Test_Phase.SEQUENCE.Word	LOADING RESOURCE SURFACE FROM DISK
3157963.278	Test_Phase.SEQUENCE.Word	LOADING RESOURCE SURFACE FROM DISK
3165746.381	Test_Phase.SEQUENCE.Word	LOADING RESOURCE SURFACE FROM DISK
3173602.201	Test_Phase.SEQUENCE.Word	LOADING RESOURCE SURFACE FROM DISK
3181135.897	Test_Phase.SEQUENCE.Word	LOADING RESOURCE SURFACE FROM DISK
3188620.14	Test_Phase.SEQUENCE.Word	LOADING RESOURCE SURFACE FROM DISK
3196246.673	Test_Phase.SEQUENCE.Word	LOADING RESOURCE SURFACE FROM DISK
3203696.485	Test_Phase.SEQUENCE.Word	LOADING RESOURCE SURFACE FROM DISK
3211013.096	Test_Phase.SEQUENCE.Word	LOADING RESOURCE SURFACE FROM DISK
3218629.797	Test_Phase.SEQUENCE.Word	LOADING RESOURCE SURFACE FROM DISK
3226168.745	Test_Phase.SEQUENCE.Word	LOADING RESOURCE SURFACE FROM DISK
3233996.686	Test_Phase.SEQUENCE.Word	LOADING RESOURCE SURFACE FROM DISK
3242313.125	Test_Phase.SEQUENCE.Word	LOADING RESOURCE SURFACE FROM DISK
3250363.281	Test_Phase.SEQUENCE.Word	LOADING RESOURCE SURFACE FROM DISK
3258183.814	Test_Phase.SEQUENCE.Word	LOADING RESOURCE SURFACE FROM DISK
3265746.455	Test_Phase.SEQUENCE.Word	LOADING RESOURCE SURFACE FROM DISK
3272996.581	Test_Phase.SEQUENCE.Word	LOADING RESOURCE SURFACE FROM DISK
3281046.638	Test_Phase.SEQUENCE.Word	LOADING RESOURCE SURFACE FROM DISK
3288629.959	Test_Phase.SEQUENCE.Word	LOADING RESOURCE SURFACE FROM DISK
3296039.166	Test_Phase.SEQUENCE.Word	LOADING RESOURCE SURFACE FROM DISK
3303247.672	Test_Phase.SEQUENCE.Word	LOADING RESOURCE SURFACE FROM DISK
3310796.679	Test_Phase.SEQUENCE.Word	LOADING RESOURCE SURFACE FROM DISK
3318614.742	Test_Phase.SEQUENCE.Word	LOADING RESOURCE SURFACE FROM DISK
3326246.6	Test_Phase.SEQUENCE.Word	LOADING RESOURCE SURFACE FROM DISK
3333796.565	Test_Phase.SEQUENCE.Word	LOADING RESOURCE SURFACE FROM DISK
3341663.323	Test_Phase.SEQUENCE.Word	LOADING RESOURCE SURFACE FROM DISK
3349358.685	Test_Phase.SEQUENCE.Word	LOADING RESOURCE SURFACE FROM DISK
3356704.532	Test_Phase.SEQUENCE.Word	LOADING RESOURCE SURFACE FROM DISK
3365063.411	Test_Phase.SEQUENCE.Word	LOADING RESOURCE SURFACE FROM DISK
3373779.764	Test_Phase.SEQUENCE.Word	LOADING RESOURCE SURFACE FROM DISK
3381296.828	Test_Phase.SEQUENCE.Word	LOADING RESOURCE SURFACE FROM DISK
3390046.526	Test_Phase.SEQUENCE.Word	LOADING RESOURCE SURFACE FROM DISK
3398268.141	Test_Phase.SEQUENCE.Word	LOADING RESOURCE SURFACE FROM DISK
3406696.582	Test_Phase.SEQUENCE.Word	LOADING RESOURCE SURFACE FROM DISK
3415532.555	Test_Phase.SEQUENCE.Word	LOADING RESOURCE SURFACE FROM DISK
3423200.421	Test_Phase.SEQUENCE.Word	LOADING RESOURCE SURFACE FROM DISK
3430598.684	Test_Phase.SEQUENCE.Word	LOADING RESOURCE SURFACE FROM DISK
3437856.186	Test_Phase.SEQUENCE.Word	LOADING RESOURCE SURFACE FROM DISK
3445129.814	Test_Phase.SEQUENCE.Word	LOADING RESOURCE SURFACE FROM DISK
3453046.145	Test_Phase.SEQUENCE.Word	LOADING RESOURCE SURFACE FROM DISK
3461113.232	Test_Phase.SEQUENCE.Word	LOADING RESOURCE SURFACE FROM DISK
3468529.748	Test_Phase.SEQUENCE.Word	LOADING RESOURCE SURFACE FROM DISK
3475996.562	Test_Phase.SEQUENCE.Word	LOADING RESOURCE SURFACE FROM DISK
3483352.635	Test_Phase.SEQUENCE.Word	LOADING RESOURCE SURFACE FROM DISK
3491754.326	Test_Phase.SEQUENCE.Word	LOADING RESOURCE SURFACE FROM DISK
3499030.144	Test_Phase.SEQUENCE.Word	LOADING RESOURCE SURFACE FROM DISK
3506929.895	Test_Phase.SEQUENCE.Word	LOADING RESOURCE SURFACE FROM DISK
3514898.825	Test_Phase.SEQUENCE.Word	LOADING RESOURCE SURFACE FROM DISK
3522913.574	Test_Phase.SEQUENCE.Word	LOADING RESOURCE SURFACE FROM DISK
3530929.74	Test_Phase.SEQUENCE.Word	LOADING RESOURCE SURFACE FROM DISK
3538928.096	Test_Phase.SEQUENCE.Word	LOADING RESOURCE SURFACE FROM DISK
3546346.476	Test_Phase.SEQUENCE.Word	LOADING RESOURCE SURFACE FROM DISK
3554996.447	Test_Phase.SEQUENCE.Word	LOADING RESOURCE SURFACE FROM DISK
3562629.873	Test_Phase.SEQUENCE.Word	LOADING RESOURCE SURFACE FROM DISK
3569913.222	Test_Phase.SEQUENCE.Word	LOADING RESOURCE SURFACE FROM DISK
3577663.232	Test_Phase.SEQUENCE.Word	LOADING RESOURCE SURFACE FROM DISK
3585363.263	Test_Phase.SEQUENCE.Word	LOADING RESOURCE SURFACE FROM DISK
3592763.175	Test_Phase.SEQUENCE.Word	LOADING RESOURCE SURFACE FROM DISK
3601002.321	Test_Phase.SEQUENCE.Word	LOADING RESOURCE SURFACE FROM DISK
3608713.291	Test_Phase.SEQUENCE.Word	LOADING RESOURCE SURFACE FROM DISK
3616066.669	Test_Phase.SEQUENCE.Word	LOADING RESOURCE SURFACE FROM DISK
3623779.803	Test_Phase.SEQUENCE.Word	LOADING RESOURCE SURFACE FROM DISK
3631200.353	Test_Phase.SEQUENCE.Word	LOADING RESOURCE SURFACE FROM DISK
3639646.776	Test_Phase.SEQUENCE.Word	LOADING RESOURCE SURFACE FROM DISK
3648396.616	Test_Phase.SEQUENCE.Word	LOADING RESOURCE SURFACE FROM DISK
3657984.564	Test_Phase.SEQUENCE.Word	LOADING RESOURCE SURFACE FROM DISK
3666446.58	Test_Phase.SEQUENCE.Word	LOADING RESOURCE SURFACE FROM DISK
3674196.553	Test_Phase.SEQUENCE.Word	LOADING RESOURCE SURFACE FROM DISK
3681696.763	Test_Phase.SEQUENCE.Word	LOADING RESOURCE SURFACE FROM DISK
3689071.079	Test_Phase.SEQUENCE.Word	LOADING RESOURCE SURFACE FROM DISK
3697563.1	Test_Phase.SEQUENCE.Word	LOADING RESOURCE SURFACE FROM DISK
3704965.272	Test_Phase.SEQUENCE.Word	LOADING RESOURCE SURFACE FROM DISK
3711746.739	Test_Phase.SEQUENCE.Word	LOADING RESOURCE SURFACE FROM DISK
3719029.942	Test_Phase.SEQUENCE.Word	LOADING RESOURCE SURFACE FROM DISK
3727046.564	Test_Phase.SEQUENCE.Word	LOADING RESOURCE SURFACE FROM DISK
3734385.987	Test_Phase.SEQUENCE.Word	LOADING RESOURCE SURFACE FROM DISK
3742246.627	Test_Phase.SEQUENCE.Word	LOADING RESOURCE SURFACE FROM DISK
3749830.443	Test_Phase.SEQUENCE.Word	LOADING RESOURCE SURFACE FROM DISK
3757579.926	Test_Phase.SEQUENCE.Word	LOADING RESOURCE SURFACE FROM DISK
3765896.527	Test_Phase.SEQUENCE.Word	LOADING RESOURCE SURFACE FROM DISK
3773413.055	Test_Phase.SEQUENCE.Word	LOADING RESOURCE SURFACE FROM DISK
3780946.131	Test_Phase.SEQUENCE.Word	LOADING RESOURCE SURFACE FROM DISK
3788296.464	Test_Phase.SEQUENCE.Word	LOADING RESOURCE SURFACE FROM DISK
3796513.077	Test_Phase.SEQUENCE.Word	LOADING RESOURCE SURFACE FROM DISK
3803996.844	Test_Phase.SEQUENCE.Word	LOADING RESOURCE SURFACE FROM DISK
3811323.337	Test_Phase.SEQUENCE.Word	LOADING RESOURCE SURFACE FROM DISK
3819796.847	Test_Phase.SEQUENCE.Word	LOADING RESOURCE SURFACE FROM DISK
3828046.692	Test_Phase.SEQUENCE.Word	LOADING RESOURCE SURFACE FROM DISK
3835980.018	Test_Phase.SEQUENCE.Word	LOADING RESOURCE SURFACE FROM DISK
3843953.979	Test_Phase.SEQUENCE.Word	LOADING RESOURCE SURFACE FROM DISK
3851746.92	Test_Phase.SEQUENCE.Word	LOADING RESOURCE SURFACE FROM DISK
3859063.612	Test_Phase.SEQUENCE.Word	LOADING RESOURCE SURFACE FROM DISK
3866496.639	Test_Phase.SEQUENCE.Word	LOADING RESOURCE SURFACE FROM DISK
3874535.699	Test_Phase.SEQUENCE.Word	LOADING RESOURCE SURFACE FROM DISK
3883635.367	Test_Phase.SEQUENCE.Word	LOADING RESOURCE SURFACE FROM DISK
3890986.651	Test_Phase.SEQUENCE.Word	LOADING RESOURCE SURFACE FROM DISK
3898680.178	Test_Phase.SEQUENCE.Word	LOADING RESOURCE SURFACE FROM DISK
3906613.22	Test_Phase.SEQUENCE.Word	LOADING RESOURCE SURFACE FROM DISK
3914113.232	Test_Phase.SEQUENCE.Word	LOADING RESOURCE SURFACE FROM DISK
3922813.071	Test_Phase.SEQUENCE.Word	LOADING RESOURCE SURFACE FROM DISK
3930363.522	Test_Phase.SEQUENCE.Word	LOADING RESOURCE SURFACE FROM DISK
3937946.493	Test_Phase.SEQUENCE.Word	LOADING RESOURCE SURFACE FROM DISK
3945396.9	Test_Phase.SEQUENCE.Word	LOADING RESOURCE SURFACE FROM DISK
3952930.219	Test_Phase.SEQUENCE.Word	LOADING RESOURCE SURFACE FROM DISK
3967429.556	Test_Phase.SEQUENCE.Word	LOADING RESOURCE SURFACE FROM DISK
3974763.312	Test_Phase.SEQUENCE.Word	LOADING RESOURCE SURFACE FROM DISK
3982179.694	Test_Phase.SEQUENCE.Word	LOADING RESOURCE SURFACE FROM DISK
3990921.453	Test_Phase.SEQUENCE.Word	LOADING RESOURCE SURFACE FROM DISK
3998350.157	Test_Phase.SEQUENCE.Word	LOADING RESOURCE SURFACE FROM DISK
4006113.442	Test_Phase.SEQUENCE.Word	LOADING RESOURCE SURFACE FROM DISK
4013596.932	Test_Phase.SEQUENCE.Word	LOADING RESOURCE SURFACE FROM DISK
4019017.844	DISPLAY_SCREEN	LOADING RESOURCE SURFACE FROM DISK
