5133.363	DISPLAY_SCREEN[1]	LOADING RESOURCE SURFACE FROM DISK
486532.55	Familiarization_Phase.SEQUENCE.Cue_and_Instruction	LOADING RESOURCE SURFACE FROM DISK
486550.44	Familiarization_Phase.SEQUENCE.Cue_and_Instruction	LOADING RESOURCE SURFACE FROM DISK
492647.067	Familiarization_Phase.SEQUENCE.Cue_and_Instruction	LOADING RESOURCE SURFACE FROM DISK
492655.112	Familiarization_Phase.SEQUENCE.Cue_and_Instruction	LOADING RESOURCE SURFACE FROM DISK
498705.256	Familiarization_Phase.SEQUENCE.Cue_and_Instruction	LOADING RESOURCE SURFACE FROM DISK
498708.297	Familiarization_Phase.SEQUENCE.Cue_and_Instruction	LOADING RESOURCE SURFACE FROM DISK
541197.962	DISPLAY_SCREEN[3]	LOADING RESOURCE SURFACE FROM DISK
578556.518	DISPLAY_SCREEN[5]	LOADING RESOURCE SURFACE FROM DISK
682908.461	Practice_Phase.SEQUENCE.Blink_Screen	LOADING RESOURCE SURFACE FROM DISK
682909.407	Practice_Phase.SEQUENCE.Blink_Screen	flip time is later than desired time. Desired Time=682637 Flip Time=682921 Retrace Rate=16.641, prepareTime=296 flip request time 682909
684145.812	Practice_Phase.SEQUENCE.Practice_Luminance_Cue	LOADING RESOURCE SURFACE FROM DISK
684148.166	Practice_Phase.SEQUENCE.Practice_Luminance_Cue	LOADING RESOURCE SURFACE FROM DISK
684149.703	Practice_Phase.SEQUENCE.Practice_Luminance_Cue	flip time is later than desired time. Desired Time=684121 Flip Time=684171 Retrace Rate=16.641, prepareTime=52 flip request time 684149
686155.485	Practice_Phase.SEQUENCE.Practice_Instruction	LOADING RESOURCE SURFACE FROM DISK
686157.752	Practice_Phase.SEQUENCE.Practice_Instruction	LOADING RESOURCE SURFACE FROM DISK
694275.91	Practice_Phase.SEQUENCE.Practice_Instruction	LOADING RESOURCE SURFACE FROM DISK
694277.981	Practice_Phase.SEQUENCE.Practice_Instruction	LOADING RESOURCE SURFACE FROM DISK
694279.55	Practice_Phase.SEQUENCE.Practice_Instruction	flip time is later than desired time. Desired Time=694254 Flip Time=694287 Retrace Rate=16.641, prepareTime=49 flip request time 694279
702339.546	Practice_Phase.SEQUENCE.Practice_Instruction	LOADING RESOURCE SURFACE FROM DISK
702341.778	Practice_Phase.SEQUENCE.Practice_Instruction	LOADING RESOURCE SURFACE FROM DISK
710405.118	Practice_Phase.SEQUENCE.Practice_Instruction	LOADING RESOURCE SURFACE FROM DISK
710407.653	Practice_Phase.SEQUENCE.Practice_Instruction	LOADING RESOURCE SURFACE FROM DISK
718471.808	Practice_Phase.SEQUENCE.Practice_Instruction	LOADING RESOURCE SURFACE FROM DISK
718474.094	Practice_Phase.SEQUENCE.Practice_Instruction	LOADING RESOURCE SURFACE FROM DISK
726538.679	Practice_Phase.SEQUENCE.Practice_Instruction	LOADING RESOURCE SURFACE FROM DISK
726548.48	Practice_Phase.SEQUENCE.Practice_Instruction	LOADING RESOURCE SURFACE FROM DISK
726550.107	Practice_Phase.SEQUENCE.Practice_Instruction	flip time is later than desired time. Desired Time=726554 Flip Time=726571 Retrace Rate=16.641, prepareTime=20 flip request time 726549
734621.718	Practice_Phase.SEQUENCE.Practice_Instruction	LOADING RESOURCE SURFACE FROM DISK
734624.008	Practice_Phase.SEQUENCE.Practice_Instruction	LOADING RESOURCE SURFACE FROM DISK
742688.549	Practice_Phase.SEQUENCE.Practice_Instruction	LOADING RESOURCE SURFACE FROM DISK
742690.95	Practice_Phase.SEQUENCE.Practice_Instruction	LOADING RESOURCE SURFACE FROM DISK
750755.156	Practice_Phase.SEQUENCE.Practice_Instruction	LOADING RESOURCE SURFACE FROM DISK
750757.625	Practice_Phase.SEQUENCE.Practice_Instruction	LOADING RESOURCE SURFACE FROM DISK
755417.827	DISPLAY_SCREEN[2]	LOADING RESOURCE SURFACE FROM DISK
877396.936	Study_Phase.SEQUENCE.Study_Instruction	LOADING RESOURCE SURFACE FROM DISK
877453.913	Study_Phase.SEQUENCE.Study_Instruction	LOADING RESOURCE SURFACE FROM DISK
885730.233	Study_Phase.SEQUENCE.Study_Instruction	LOADING RESOURCE SURFACE FROM DISK
885764.627	Study_Phase.SEQUENCE.Study_Instruction	LOADING RESOURCE SURFACE FROM DISK
894097.408	Study_Phase.SEQUENCE.Study_Instruction	LOADING RESOURCE SURFACE FROM DISK
902380.478	Study_Phase.SEQUENCE.Study_Instruction	LOADING RESOURCE SURFACE FROM DISK
902418.154	Study_Phase.SEQUENCE.Study_Instruction	LOADING RESOURCE SURFACE FROM DISK
910713.777	Study_Phase.SEQUENCE.Study_Instruction	LOADING RESOURCE SURFACE FROM DISK
910753.364	Study_Phase.SEQUENCE.Study_Instruction	LOADING RESOURCE SURFACE FROM DISK
919041.031	Study_Phase.SEQUENCE.Study_Instruction	LOADING RESOURCE SURFACE FROM DISK
927347.065	Study_Phase.SEQUENCE.Study_Instruction	LOADING RESOURCE SURFACE FROM DISK
927349.557	Study_Phase.SEQUENCE.Study_Instruction	LOADING RESOURCE SURFACE FROM DISK
935641.071	Study_Phase.SEQUENCE.Study_Instruction	LOADING RESOURCE SURFACE FROM DISK
943947.08	Study_Phase.SEQUENCE.Study_Instruction	LOADING RESOURCE SURFACE FROM DISK
943996.263	Study_Phase.SEQUENCE.Study_Instruction	LOADING RESOURCE SURFACE FROM DISK
952296.749	Study_Phase.SEQUENCE.Study_Instruction	LOADING RESOURCE SURFACE FROM DISK
952334.863	Study_Phase.SEQUENCE.Study_Instruction	LOADING RESOURCE SURFACE FROM DISK
960666.17	Study_Phase.SEQUENCE.Study_Instruction	LOADING RESOURCE SURFACE FROM DISK
968963.792	Study_Phase.SEQUENCE.Study_Instruction	LOADING RESOURCE SURFACE FROM DISK
968999.808	Study_Phase.SEQUENCE.Study_Instruction	LOADING RESOURCE SURFACE FROM DISK
977328.631	Study_Phase.SEQUENCE.Study_Instruction	LOADING RESOURCE SURFACE FROM DISK
985660.637	Study_Phase.SEQUENCE.Study_Instruction	LOADING RESOURCE SURFACE FROM DISK
993941.023	Study_Phase.SEQUENCE.Study_Instruction	LOADING RESOURCE SURFACE FROM DISK
1002246.856	Study_Phase.SEQUENCE.Study_Instruction	LOADING RESOURCE SURFACE FROM DISK
1002281.604	Study_Phase.SEQUENCE.Study_Instruction	LOADING RESOURCE SURFACE FROM DISK
1010580.42	Study_Phase.SEQUENCE.Study_Instruction	LOADING RESOURCE SURFACE FROM DISK
1010620.77	Study_Phase.SEQUENCE.Study_Instruction	LOADING RESOURCE SURFACE FROM DISK
1018946.857	Study_Phase.SEQUENCE.Study_Instruction	LOADING RESOURCE SURFACE FROM DISK
1027247.072	Study_Phase.SEQUENCE.Study_Instruction	LOADING RESOURCE SURFACE FROM DISK
1027334.988	Study_Phase.SEQUENCE.Study_Instruction	LOADING RESOURCE SURFACE FROM DISK
1035630.173	Study_Phase.SEQUENCE.Study_Instruction	LOADING RESOURCE SURFACE FROM DISK
1035666.081	Study_Phase.SEQUENCE.Study_Instruction	LOADING RESOURCE SURFACE FROM DISK
1043963.65	Study_Phase.SEQUENCE.Study_Instruction	LOADING RESOURCE SURFACE FROM DISK
1044004.675	Study_Phase.SEQUENCE.Study_Instruction	LOADING RESOURCE SURFACE FROM DISK
1052330.677	Study_Phase.SEQUENCE.Study_Instruction	LOADING RESOURCE SURFACE FROM DISK
1060659.383	Study_Phase.SEQUENCE.Study_Instruction	LOADING RESOURCE SURFACE FROM DISK
1068973.843	Study_Phase.SEQUENCE.Study_Instruction	LOADING RESOURCE SURFACE FROM DISK
1077290.624	Study_Phase.SEQUENCE.Study_Instruction	LOADING RESOURCE SURFACE FROM DISK
1085580.17	Study_Phase.SEQUENCE.Study_Instruction	LOADING RESOURCE SURFACE FROM DISK
1085582.434	Study_Phase.SEQUENCE.Study_Instruction	LOADING RESOURCE SURFACE FROM DISK
1093907.994	Study_Phase.SEQUENCE.Study_Instruction	LOADING RESOURCE SURFACE FROM DISK
1102196.828	Study_Phase.SEQUENCE.Study_Instruction	LOADING RESOURCE SURFACE FROM DISK
1102199.005	Study_Phase.SEQUENCE.Study_Instruction	LOADING RESOURCE SURFACE FROM DISK
1110496.975	Study_Phase.SEQUENCE.Study_Instruction	LOADING RESOURCE SURFACE FROM DISK
1110535.62	Study_Phase.SEQUENCE.Study_Instruction	LOADING RESOURCE SURFACE FROM DISK
1118867.189	Study_Phase.SEQUENCE.Study_Instruction	LOADING RESOURCE SURFACE FROM DISK
1127198.825	Study_Phase.SEQUENCE.Study_Instruction	LOADING RESOURCE SURFACE FROM DISK
1135497.05	Study_Phase.SEQUENCE.Study_Instruction	LOADING RESOURCE SURFACE FROM DISK
1135537.642	Study_Phase.SEQUENCE.Study_Instruction	LOADING RESOURCE SURFACE FROM DISK
1143855.93	Study_Phase.SEQUENCE.Study_Instruction	LOADING RESOURCE SURFACE FROM DISK
1152177.342	Study_Phase.SEQUENCE.Study_Instruction	LOADING RESOURCE SURFACE FROM DISK
1160497.505	Study_Phase.SEQUENCE.Study_Instruction	LOADING RESOURCE SURFACE FROM DISK
1168832.31	Study_Phase.SEQUENCE.Study_Instruction	LOADING RESOURCE SURFACE FROM DISK
1177124.222	Study_Phase.SEQUENCE.Study_Instruction	LOADING RESOURCE SURFACE FROM DISK
1185430.27	Study_Phase.SEQUENCE.Study_Instruction	LOADING RESOURCE SURFACE FROM DISK
1185432.542	Study_Phase.SEQUENCE.Study_Instruction	LOADING RESOURCE SURFACE FROM DISK
1193713.653	Study_Phase.SEQUENCE.Study_Instruction	LOADING RESOURCE SURFACE FROM DISK
1193753.815	Study_Phase.SEQUENCE.Study_Instruction	LOADING RESOURCE SURFACE FROM DISK
1202076.8	Study_Phase.SEQUENCE.Study_Instruction	LOADING RESOURCE SURFACE FROM DISK
1210391.909	Study_Phase.SEQUENCE.Study_Instruction	LOADING RESOURCE SURFACE FROM DISK
1218663.758	Study_Phase.SEQUENCE.Study_Instruction	LOADING RESOURCE SURFACE FROM DISK
1218704.4	Study_Phase.SEQUENCE.Study_Instruction	LOADING RESOURCE SURFACE FROM DISK
1227030.962	Study_Phase.SEQUENCE.Study_Instruction	LOADING RESOURCE SURFACE FROM DISK
1235330.19	Study_Phase.SEQUENCE.Study_Instruction	LOADING RESOURCE SURFACE FROM DISK
1235375.913	Study_Phase.SEQUENCE.Study_Instruction	LOADING RESOURCE SURFACE FROM DISK
1243692.614	Study_Phase.SEQUENCE.Study_Instruction	LOADING RESOURCE SURFACE FROM DISK
1251963.724	Study_Phase.SEQUENCE.Study_Instruction	LOADING RESOURCE SURFACE FROM DISK
1252005.629	Study_Phase.SEQUENCE.Study_Instruction	LOADING RESOURCE SURFACE FROM DISK
1260330.128	Study_Phase.SEQUENCE.Study_Instruction	LOADING RESOURCE SURFACE FROM DISK
1268658.25	Study_Phase.SEQUENCE.Study_Instruction	LOADING RESOURCE SURFACE FROM DISK
1276946.973	Study_Phase.SEQUENCE.Study_Instruction	LOADING RESOURCE SURFACE FROM DISK
1276990.732	Study_Phase.SEQUENCE.Study_Instruction	LOADING RESOURCE SURFACE FROM DISK
1285280.398	Study_Phase.SEQUENCE.Study_Instruction	LOADING RESOURCE SURFACE FROM DISK
1285323.161	Study_Phase.SEQUENCE.Study_Instruction	LOADING RESOURCE SURFACE FROM DISK
1293683.692	Study_Phase.SEQUENCE.Study_Instruction	LOADING RESOURCE SURFACE FROM DISK
1302013.097	Study_Phase.SEQUENCE.Study_Instruction	LOADING RESOURCE SURFACE FROM DISK
1310313.4	Study_Phase.SEQUENCE.Study_Instruction	LOADING RESOURCE SURFACE FROM DISK
1310315.686	Study_Phase.SEQUENCE.Study_Instruction	LOADING RESOURCE SURFACE FROM DISK
1318607.579	Study_Phase.SEQUENCE.Study_Instruction	LOADING RESOURCE SURFACE FROM DISK
1326908.103	Study_Phase.SEQUENCE.Study_Instruction	LOADING RESOURCE SURFACE FROM DISK
1335250.13	Study_Phase.SEQUENCE.Study_Instruction	LOADING RESOURCE SURFACE FROM DISK
1343547.038	Study_Phase.SEQUENCE.Study_Instruction	LOADING RESOURCE SURFACE FROM DISK
1343582.227	Study_Phase.SEQUENCE.Study_Instruction	LOADING RESOURCE SURFACE FROM DISK
1351880.393	Study_Phase.SEQUENCE.Study_Instruction	LOADING RESOURCE SURFACE FROM DISK
1351925.644	Study_Phase.SEQUENCE.Study_Instruction	LOADING RESOURCE SURFACE FROM DISK
1360263.732	Study_Phase.SEQUENCE.Study_Instruction	LOADING RESOURCE SURFACE FROM DISK
1360308.117	Study_Phase.SEQUENCE.Study_Instruction	LOADING RESOURCE SURFACE FROM DISK
1368623.999	Study_Phase.SEQUENCE.Study_Instruction	LOADING RESOURCE SURFACE FROM DISK
1376941.896	Study_Phase.SEQUENCE.Study_Instruction	LOADING RESOURCE SURFACE FROM DISK
1385230.367	Study_Phase.SEQUENCE.Study_Instruction	LOADING RESOURCE SURFACE FROM DISK
1385270.22	Study_Phase.SEQUENCE.Study_Instruction	LOADING RESOURCE SURFACE FROM DISK
1393563.632	Study_Phase.SEQUENCE.Study_Instruction	LOADING RESOURCE SURFACE FROM DISK
1393601.006	Study_Phase.SEQUENCE.Study_Instruction	LOADING RESOURCE SURFACE FROM DISK
1401925.903	Study_Phase.SEQUENCE.Study_Instruction	LOADING RESOURCE SURFACE FROM DISK
1410222.537	Study_Phase.SEQUENCE.Study_Instruction	LOADING RESOURCE SURFACE FROM DISK
1418513.489	Study_Phase.SEQUENCE.Study_Instruction	LOADING RESOURCE SURFACE FROM DISK
1418556.584	Study_Phase.SEQUENCE.Study_Instruction	LOADING RESOURCE SURFACE FROM DISK
1426866.663	Study_Phase.SEQUENCE.Study_Instruction	LOADING RESOURCE SURFACE FROM DISK
1435157.992	Study_Phase.SEQUENCE.Study_Instruction	LOADING RESOURCE SURFACE FROM DISK
1443463.696	Study_Phase.SEQUENCE.Study_Instruction	LOADING RESOURCE SURFACE FROM DISK
1443466.038	Study_Phase.SEQUENCE.Study_Instruction	LOADING RESOURCE SURFACE FROM DISK
1451796.185	Study_Phase.SEQUENCE.Study_Instruction	LOADING RESOURCE SURFACE FROM DISK
1460097.19	Study_Phase.SEQUENCE.Study_Instruction	LOADING RESOURCE SURFACE FROM DISK
1460135.583	Study_Phase.SEQUENCE.Study_Instruction	LOADING RESOURCE SURFACE FROM DISK
1468457.476	Study_Phase.SEQUENCE.Study_Instruction	LOADING RESOURCE SURFACE FROM DISK
1476749.543	Study_Phase.SEQUENCE.Study_Instruction	LOADING RESOURCE SURFACE FROM DISK
1485040.806	Study_Phase.SEQUENCE.Study_Instruction	LOADING RESOURCE SURFACE FROM DISK
1493347.277	Study_Phase.SEQUENCE.Study_Instruction	LOADING RESOURCE SURFACE FROM DISK
1493386.306	Study_Phase.SEQUENCE.Study_Instruction	LOADING RESOURCE SURFACE FROM DISK
1501680.573	Study_Phase.SEQUENCE.Study_Instruction	LOADING RESOURCE SURFACE FROM DISK
1501725.289	Study_Phase.SEQUENCE.Study_Instruction	LOADING RESOURCE SURFACE FROM DISK
1510025.088	Study_Phase.SEQUENCE.Study_Instruction	LOADING RESOURCE SURFACE FROM DISK
1518350.34	Study_Phase.SEQUENCE.Study_Instruction	LOADING RESOURCE SURFACE FROM DISK
1526666.84	Study_Phase.SEQUENCE.Study_Instruction	LOADING RESOURCE SURFACE FROM DISK
1534947.013	Study_Phase.SEQUENCE.Study_Instruction	LOADING RESOURCE SURFACE FROM DISK
1534981.251	Study_Phase.SEQUENCE.Study_Instruction	LOADING RESOURCE SURFACE FROM DISK
1543316.092	Study_Phase.SEQUENCE.Study_Instruction	LOADING RESOURCE SURFACE FROM DISK
1551613.566	Study_Phase.SEQUENCE.Study_Instruction	LOADING RESOURCE SURFACE FROM DISK
1551615.906	Study_Phase.SEQUENCE.Study_Instruction	LOADING RESOURCE SURFACE FROM DISK
1559941.211	Study_Phase.SEQUENCE.Study_Instruction	LOADING RESOURCE SURFACE FROM DISK
1568230.268	Study_Phase.SEQUENCE.Study_Instruction	LOADING RESOURCE SURFACE FROM DISK
1568252.682	Study_Phase.SEQUENCE.Study_Instruction	LOADING RESOURCE SURFACE FROM DISK
1576546.789	Study_Phase.SEQUENCE.Study_Instruction	LOADING RESOURCE SURFACE FROM DISK
1576585.353	Study_Phase.SEQUENCE.Study_Instruction	LOADING RESOURCE SURFACE FROM DISK
1584880.282	Study_Phase.SEQUENCE.Study_Instruction	LOADING RESOURCE SURFACE FROM DISK
1584919.631	Study_Phase.SEQUENCE.Study_Instruction	LOADING RESOURCE SURFACE FROM DISK
1593213.418	Study_Phase.SEQUENCE.Study_Instruction	LOADING RESOURCE SURFACE FROM DISK
1593215.722	Study_Phase.SEQUENCE.Study_Instruction	LOADING RESOURCE SURFACE FROM DISK
1601541.359	Study_Phase.SEQUENCE.Study_Instruction	LOADING RESOURCE SURFACE FROM DISK
1609863.243	Study_Phase.SEQUENCE.Study_Instruction	LOADING RESOURCE SURFACE FROM DISK
1618199.293	Study_Phase.SEQUENCE.Study_Instruction	LOADING RESOURCE SURFACE FROM DISK
1626497.03	Study_Phase.SEQUENCE.Study_Instruction	LOADING RESOURCE SURFACE FROM DISK
1626545.201	Study_Phase.SEQUENCE.Study_Instruction	LOADING RESOURCE SURFACE FROM DISK
1634847.161	Study_Phase.SEQUENCE.Study_Instruction	LOADING RESOURCE SURFACE FROM DISK
1634884.012	Study_Phase.SEQUENCE.Study_Instruction	LOADING RESOURCE SURFACE FROM DISK
1643217.421	Study_Phase.SEQUENCE.Study_Instruction	LOADING RESOURCE SURFACE FROM DISK
1651513.738	Study_Phase.SEQUENCE.Study_Instruction	LOADING RESOURCE SURFACE FROM DISK
1651516.173	Study_Phase.SEQUENCE.Study_Instruction	LOADING RESOURCE SURFACE FROM DISK
1659813.819	Study_Phase.SEQUENCE.Study_Instruction	LOADING RESOURCE SURFACE FROM DISK
1659870.91	Study_Phase.SEQUENCE.Study_Instruction	LOADING RESOURCE SURFACE FROM DISK
1668197.604	Study_Phase.SEQUENCE.Study_Instruction	LOADING RESOURCE SURFACE FROM DISK
1676496.867	Study_Phase.SEQUENCE.Study_Instruction	LOADING RESOURCE SURFACE FROM DISK
1676533.857	Study_Phase.SEQUENCE.Study_Instruction	LOADING RESOURCE SURFACE FROM DISK
1684867.726	Study_Phase.SEQUENCE.Study_Instruction	LOADING RESOURCE SURFACE FROM DISK
1693191.841	Study_Phase.SEQUENCE.Study_Instruction	LOADING RESOURCE SURFACE FROM DISK
1701509.055	Study_Phase.SEQUENCE.Study_Instruction	LOADING RESOURCE SURFACE FROM DISK
1709823.728	Study_Phase.SEQUENCE.Study_Instruction	LOADING RESOURCE SURFACE FROM DISK
1718114.064	Study_Phase.SEQUENCE.Study_Instruction	LOADING RESOURCE SURFACE FROM DISK
1718131.94	Study_Phase.SEQUENCE.Study_Instruction	LOADING RESOURCE SURFACE FROM DISK
1726413.512	Study_Phase.SEQUENCE.Study_Instruction	LOADING RESOURCE SURFACE FROM DISK
1726457.324	Study_Phase.SEQUENCE.Study_Instruction	LOADING RESOURCE SURFACE FROM DISK
1734747.004	Study_Phase.SEQUENCE.Study_Instruction	LOADING RESOURCE SURFACE FROM DISK
1734781.472	Study_Phase.SEQUENCE.Study_Instruction	LOADING RESOURCE SURFACE FROM DISK
1743112.526	Study_Phase.SEQUENCE.Study_Instruction	LOADING RESOURCE SURFACE FROM DISK
1751413.66	Study_Phase.SEQUENCE.Study_Instruction	LOADING RESOURCE SURFACE FROM DISK
1751452.114	Study_Phase.SEQUENCE.Study_Instruction	LOADING RESOURCE SURFACE FROM DISK
1759759.499	Study_Phase.SEQUENCE.Study_Instruction	LOADING RESOURCE SURFACE FROM DISK
1768040.983	Study_Phase.SEQUENCE.Study_Instruction	LOADING RESOURCE SURFACE FROM DISK
1776347.018	Study_Phase.SEQUENCE.Study_Instruction	LOADING RESOURCE SURFACE FROM DISK
1776386.643	Study_Phase.SEQUENCE.Study_Instruction	LOADING RESOURCE SURFACE FROM DISK
1784680.286	Study_Phase.SEQUENCE.Study_Instruction	LOADING RESOURCE SURFACE FROM DISK
1784721.205	Study_Phase.SEQUENCE.Study_Instruction	LOADING RESOURCE SURFACE FROM DISK
1793013.699	Study_Phase.SEQUENCE.Study_Instruction	LOADING RESOURCE SURFACE FROM DISK
1793057.414	Study_Phase.SEQUENCE.Study_Instruction	LOADING RESOURCE SURFACE FROM DISK
1801382.904	Study_Phase.SEQUENCE.Study_Instruction	LOADING RESOURCE SURFACE FROM DISK
1809680.242	Study_Phase.SEQUENCE.Study_Instruction	LOADING RESOURCE SURFACE FROM DISK
1809732.991	Study_Phase.SEQUENCE.Study_Instruction	LOADING RESOURCE SURFACE FROM DISK
1818064.889	Study_Phase.SEQUENCE.Study_Instruction	LOADING RESOURCE SURFACE FROM DISK
1826363.814	Study_Phase.SEQUENCE.Study_Instruction	LOADING RESOURCE SURFACE FROM DISK
1826366.14	Study_Phase.SEQUENCE.Study_Instruction	LOADING RESOURCE SURFACE FROM DISK
1834663.446	Study_Phase.SEQUENCE.Study_Instruction	LOADING RESOURCE SURFACE FROM DISK
1834706.151	Study_Phase.SEQUENCE.Study_Instruction	LOADING RESOURCE SURFACE FROM DISK
1842996.97	Study_Phase.SEQUENCE.Study_Instruction	LOADING RESOURCE SURFACE FROM DISK
1843032.696	Study_Phase.SEQUENCE.Study_Instruction	LOADING RESOURCE SURFACE FROM DISK
1851348.253	Study_Phase.SEQUENCE.Study_Instruction	LOADING RESOURCE SURFACE FROM DISK
1859675.295	Study_Phase.SEQUENCE.Study_Instruction	LOADING RESOURCE SURFACE FROM DISK
1867963.62	Study_Phase.SEQUENCE.Study_Instruction	LOADING RESOURCE SURFACE FROM DISK
1868032.95	Study_Phase.SEQUENCE.Study_Instruction	LOADING RESOURCE SURFACE FROM DISK
1872771.5	DISPLAY_SCREEN[7]	LOADING RESOURCE SURFACE FROM DISK
2036075.781	Test_Phase.SEQUENCE.Target_Cue	LOADING RESOURCE SURFACE FROM DISK
2036088.147	Test_Phase.SEQUENCE.Target_Cue	LOADING RESOURCE SURFACE FROM DISK
2038107.293	Test_Phase.SEQUENCE.Word	LOADING RESOURCE SURFACE FROM DISK
2041174.623	Test_Phase.SEQUENCE.Test_Question	LOADING RESOURCE SURFACE FROM DISK
2041180.663	Test_Phase.SEQUENCE.Test_Question	LOADING RESOURCE SURFACE FROM DISK
2041186.725	Test_Phase.SEQUENCE.Test_Question	LOADING RESOURCE SURFACE FROM DISK
2041188.953	Test_Phase.SEQUENCE.Test_Question	LOADING RESOURCE SURFACE FROM DISK
2041190.99	Test_Phase.SEQUENCE.Test_Question	LOADING RESOURCE SURFACE FROM DISK
2041193.211	Test_Phase.SEQUENCE.Test_Question	LOADING RESOURCE SURFACE FROM DISK
2041195.567	Test_Phase.SEQUENCE.Test_Question	LOADING RESOURCE SURFACE FROM DISK
2041197.558	Test_Phase.SEQUENCE.Test_Question	LOADING RESOURCE SURFACE FROM DISK
2041199.653	Test_Phase.SEQUENCE.Test_Question	LOADING RESOURCE SURFACE FROM DISK
2041201.636	Test_Phase.SEQUENCE.Test_Question	LOADING RESOURCE SURFACE FROM DISK
2041203.605	Test_Phase.SEQUENCE.Test_Question	LOADING RESOURCE SURFACE FROM DISK
2041205.712	Test_Phase.SEQUENCE.Test_Question	LOADING RESOURCE SURFACE FROM DISK
2055191.972	Test_Phase.SEQUENCE.Word	LOADING RESOURCE SURFACE FROM DISK
2065457.381	Test_Phase.SEQUENCE.Word	LOADING RESOURCE SURFACE FROM DISK
2075023.951	Test_Phase.SEQUENCE.Word	LOADING RESOURCE SURFACE FROM DISK
2084874.172	Test_Phase.SEQUENCE.Word	LOADING RESOURCE SURFACE FROM DISK
2094624.145	Test_Phase.SEQUENCE.Word	LOADING RESOURCE SURFACE FROM DISK
2104298.751	Test_Phase.SEQUENCE.Word	LOADING RESOURCE SURFACE FROM DISK
2113046.244	Test_Phase.SEQUENCE.Word	LOADING RESOURCE SURFACE FROM DISK
2123840.657	Test_Phase.SEQUENCE.Word	LOADING RESOURCE SURFACE FROM DISK
2132974.041	Test_Phase.SEQUENCE.Word	LOADING RESOURCE SURFACE FROM DISK
2142040.709	Test_Phase.SEQUENCE.Word	LOADING RESOURCE SURFACE FROM DISK
2151457.572	Test_Phase.SEQUENCE.Word	LOADING RESOURCE SURFACE FROM DISK
2162663.51	Test_Phase.SEQUENCE.Word	LOADING RESOURCE SURFACE FROM DISK
2170990.603	Test_Phase.SEQUENCE.Word	LOADING RESOURCE SURFACE FROM DISK
2182957.246	Test_Phase.SEQUENCE.Word	LOADING RESOURCE SURFACE FROM DISK
2192824.09	Test_Phase.SEQUENCE.Word	LOADING RESOURCE SURFACE FROM DISK
2202566.374	Test_Phase.SEQUENCE.Word	LOADING RESOURCE SURFACE FROM DISK
2213007.021	Test_Phase.SEQUENCE.Word	LOADING RESOURCE SURFACE FROM DISK
2221157.842	Test_Phase.SEQUENCE.Word	LOADING RESOURCE SURFACE FROM DISK
2229673.984	Test_Phase.SEQUENCE.Word	LOADING RESOURCE SURFACE FROM DISK
2239547.135	Test_Phase.SEQUENCE.Word	LOADING RESOURCE SURFACE FROM DISK
2248257.497	Test_Phase.SEQUENCE.Word	LOADING RESOURCE SURFACE FROM DISK
2256190.982	Test_Phase.SEQUENCE.Word	LOADING RESOURCE SURFACE FROM DISK
2264728.245	Test_Phase.SEQUENCE.Word	LOADING RESOURCE SURFACE FROM DISK
2284297.151	Test_Phase.SEQUENCE.Word	LOADING RESOURCE SURFACE FROM DISK
2294724.051	Test_Phase.SEQUENCE.Word	LOADING RESOURCE SURFACE FROM DISK
2302358.006	Test_Phase.SEQUENCE.Word	LOADING RESOURCE SURFACE FROM DISK
2310840.835	Test_Phase.SEQUENCE.Word	LOADING RESOURCE SURFACE FROM DISK
2323296.083	Test_Phase.SEQUENCE.Word	LOADING RESOURCE SURFACE FROM DISK
2331344.846	Test_Phase.SEQUENCE.Word	LOADING RESOURCE SURFACE FROM DISK
2339631.319	Test_Phase.SEQUENCE.Word	LOADING RESOURCE SURFACE FROM DISK
2351057.353	Test_Phase.SEQUENCE.Word	LOADING RESOURCE SURFACE FROM DISK
2359790.771	Test_Phase.SEQUENCE.Word	LOADING RESOURCE SURFACE FROM DISK
2368249.704	Test_Phase.SEQUENCE.Word	LOADING RESOURCE SURFACE FROM DISK
2376874.743	Test_Phase.SEQUENCE.Word	LOADING RESOURCE SURFACE FROM DISK
2386340.715	Test_Phase.SEQUENCE.Word	LOADING RESOURCE SURFACE FROM DISK
2395107.305	Test_Phase.SEQUENCE.Word	LOADING RESOURCE SURFACE FROM DISK
2405149.101	Test_Phase.SEQUENCE.Word	LOADING RESOURCE SURFACE FROM DISK
2415331.374	Test_Phase.SEQUENCE.Word	LOADING RESOURCE SURFACE FROM DISK
2423207.312	Test_Phase.SEQUENCE.Word	LOADING RESOURCE SURFACE FROM DISK
2431681.322	Test_Phase.SEQUENCE.Word	LOADING RESOURCE SURFACE FROM DISK
2440012.873	Test_Phase.SEQUENCE.Word	LOADING RESOURCE SURFACE FROM DISK
2448991.092	Test_Phase.SEQUENCE.Word	LOADING RESOURCE SURFACE FROM DISK
2457257.336	Test_Phase.SEQUENCE.Word	LOADING RESOURCE SURFACE FROM DISK
2465374.09	Test_Phase.SEQUENCE.Word	LOADING RESOURCE SURFACE FROM DISK
2473590.76	Test_Phase.SEQUENCE.Word	LOADING RESOURCE SURFACE FROM DISK
2483479.62	Test_Phase.SEQUENCE.Word	LOADING RESOURCE SURFACE FROM DISK
2492557.511	Test_Phase.SEQUENCE.Word	LOADING RESOURCE SURFACE FROM DISK
2500674.12	Test_Phase.SEQUENCE.Word	LOADING RESOURCE SURFACE FROM DISK
2508824.399	Test_Phase.SEQUENCE.Word	LOADING RESOURCE SURFACE FROM DISK
2519574.162	Test_Phase.SEQUENCE.Word	LOADING RESOURCE SURFACE FROM DISK
2528625.217	Test_Phase.SEQUENCE.Word	LOADING RESOURCE SURFACE FROM DISK
2536473.998	Test_Phase.SEQUENCE.Word	LOADING RESOURCE SURFACE FROM DISK
2544464.086	Test_Phase.SEQUENCE.Word	LOADING RESOURCE SURFACE FROM DISK
2552357.259	Test_Phase.SEQUENCE.Word	LOADING RESOURCE SURFACE FROM DISK
2561041.559	Test_Phase.SEQUENCE.Word	LOADING RESOURCE SURFACE FROM DISK
2569381.673	Test_Phase.SEQUENCE.Word	LOADING RESOURCE SURFACE FROM DISK
2577316.077	Test_Phase.SEQUENCE.Word	LOADING RESOURCE SURFACE FROM DISK
2585208.481	Test_Phase.SEQUENCE.Word	LOADING RESOURCE SURFACE FROM DISK
2592923.914	Test_Phase.SEQUENCE.Word	LOADING RESOURCE SURFACE FROM DISK
2600961.314	Test_Phase.SEQUENCE.Word	LOADING RESOURCE SURFACE FROM DISK
2608723.954	Test_Phase.SEQUENCE.Word	LOADING RESOURCE SURFACE FROM DISK
2617674.038	Test_Phase.SEQUENCE.Word	LOADING RESOURCE SURFACE FROM DISK
2626894.85	Test_Phase.SEQUENCE.Word	LOADING RESOURCE SURFACE FROM DISK
2634674.11	Test_Phase.SEQUENCE.Word	LOADING RESOURCE SURFACE FROM DISK
2643024.076	Test_Phase.SEQUENCE.Word	LOADING RESOURCE SURFACE FROM DISK
2651311.258	Test_Phase.SEQUENCE.Word	LOADING RESOURCE SURFACE FROM DISK
2659207.597	Test_Phase.SEQUENCE.Word	LOADING RESOURCE SURFACE FROM DISK
2667057.396	Test_Phase.SEQUENCE.Word	LOADING RESOURCE SURFACE FROM DISK
2674990.77	Test_Phase.SEQUENCE.Word	LOADING RESOURCE SURFACE FROM DISK
2682957.487	Test_Phase.SEQUENCE.Word	LOADING RESOURCE SURFACE FROM DISK
2691457.617	Test_Phase.SEQUENCE.Word	LOADING RESOURCE SURFACE FROM DISK
2699327.07	Test_Phase.SEQUENCE.Word	LOADING RESOURCE SURFACE FROM DISK
2707952.475	Test_Phase.SEQUENCE.Word	LOADING RESOURCE SURFACE FROM DISK
2715878.11	Test_Phase.SEQUENCE.Word	LOADING RESOURCE SURFACE FROM DISK
2723760.207	Test_Phase.SEQUENCE.Word	LOADING RESOURCE SURFACE FROM DISK
2731540.716	Test_Phase.SEQUENCE.Word	LOADING RESOURCE SURFACE FROM DISK
2739507.244	Test_Phase.SEQUENCE.Word	LOADING RESOURCE SURFACE FROM DISK
2747378.736	Test_Phase.SEQUENCE.Word	LOADING RESOURCE SURFACE FROM DISK
2756707.505	Test_Phase.SEQUENCE.Word	LOADING RESOURCE SURFACE FROM DISK
2764724.347	Test_Phase.SEQUENCE.Word	LOADING RESOURCE SURFACE FROM DISK
2776565.642	Test_Phase.SEQUENCE.Word	LOADING RESOURCE SURFACE FROM DISK
2784107.664	Test_Phase.SEQUENCE.Word	LOADING RESOURCE SURFACE FROM DISK
2792273.749	Test_Phase.SEQUENCE.Word	LOADING RESOURCE SURFACE FROM DISK
2800161.638	Test_Phase.SEQUENCE.Word	LOADING RESOURCE SURFACE FROM DISK
2808478.044	Test_Phase.SEQUENCE.Word	LOADING RESOURCE SURFACE FROM DISK
2816374.167	Test_Phase.SEQUENCE.Word	LOADING RESOURCE SURFACE FROM DISK
2824307.365	Test_Phase.SEQUENCE.Word	LOADING RESOURCE SURFACE FROM DISK
2832346.576	Test_Phase.SEQUENCE.Word	LOADING RESOURCE SURFACE FROM DISK
2840357.852	Test_Phase.SEQUENCE.Word	LOADING RESOURCE SURFACE FROM DISK
2848616.985	Test_Phase.SEQUENCE.Word	LOADING RESOURCE SURFACE FROM DISK
2856690.686	Test_Phase.SEQUENCE.Word	LOADING RESOURCE SURFACE FROM DISK
2864440.884	Test_Phase.SEQUENCE.Word	LOADING RESOURCE SURFACE FROM DISK
2873013.853	Test_Phase.SEQUENCE.Word	LOADING RESOURCE SURFACE FROM DISK
2880874.119	Test_Phase.SEQUENCE.Word	LOADING RESOURCE SURFACE FROM DISK
2888864.053	Test_Phase.SEQUENCE.Word	LOADING RESOURCE SURFACE FROM DISK
2896642.895	Test_Phase.SEQUENCE.Word	LOADING RESOURCE SURFACE FROM DISK
2910576.497	Test_Phase.SEQUENCE.Word	LOADING RESOURCE SURFACE FROM DISK
2919081.785	Test_Phase.SEQUENCE.Word	LOADING RESOURCE SURFACE FROM DISK
2927898.072	Test_Phase.SEQUENCE.Word	LOADING RESOURCE SURFACE FROM DISK
2935657.819	Test_Phase.SEQUENCE.Word	LOADING RESOURCE SURFACE FROM DISK
2943873.863	Test_Phase.SEQUENCE.Word	LOADING RESOURCE SURFACE FROM DISK
2953292.775	Test_Phase.SEQUENCE.Word	LOADING RESOURCE SURFACE FROM DISK
2961140.671	Test_Phase.SEQUENCE.Word	LOADING RESOURCE SURFACE FROM DISK
2969207.239	Test_Phase.SEQUENCE.Word	LOADING RESOURCE SURFACE FROM DISK
2976874.138	Test_Phase.SEQUENCE.Word	LOADING RESOURCE SURFACE FROM DISK
2984957.256	Test_Phase.SEQUENCE.Word	LOADING RESOURCE SURFACE FROM DISK
2992829.638	Test_Phase.SEQUENCE.Word	LOADING RESOURCE SURFACE FROM DISK
3000841.382	Test_Phase.SEQUENCE.Word	LOADING RESOURCE SURFACE FROM DISK
3008949.91	Test_Phase.SEQUENCE.Word	LOADING RESOURCE SURFACE FROM DISK
3016690.671	Test_Phase.SEQUENCE.Word	LOADING RESOURCE SURFACE FROM DISK
3025047.732	Test_Phase.SEQUENCE.Word	LOADING RESOURCE SURFACE FROM DISK
3032882.617	Test_Phase.SEQUENCE.Word	LOADING RESOURCE SURFACE FROM DISK
3040948.526	Test_Phase.SEQUENCE.Word	LOADING RESOURCE SURFACE FROM DISK
3048827.932	Test_Phase.SEQUENCE.Word	LOADING RESOURCE SURFACE FROM DISK
3056491.388	Test_Phase.SEQUENCE.Word	LOADING RESOURCE SURFACE FROM DISK
3064477.9	Test_Phase.SEQUENCE.Word	LOADING RESOURCE SURFACE FROM DISK
3072856.731	Test_Phase.SEQUENCE.Word	LOADING RESOURCE SURFACE FROM DISK
3080690.539	Test_Phase.SEQUENCE.Word	LOADING RESOURCE SURFACE FROM DISK
3088593.58	Test_Phase.SEQUENCE.Word	LOADING RESOURCE SURFACE FROM DISK
3096225.813	Test_Phase.SEQUENCE.Word	LOADING RESOURCE SURFACE FROM DISK
3104409.712	Test_Phase.SEQUENCE.Word	LOADING RESOURCE SURFACE FROM DISK
3112496.816	Test_Phase.SEQUENCE.Word	LOADING RESOURCE SURFACE FROM DISK
3120191.016	Test_Phase.SEQUENCE.Word	LOADING RESOURCE SURFACE FROM DISK
3128525.876	Test_Phase.SEQUENCE.Word	LOADING RESOURCE SURFACE FROM DISK
3136364.849	Test_Phase.SEQUENCE.Word	LOADING RESOURCE SURFACE FROM DISK
3144300.925	Test_Phase.SEQUENCE.Word	LOADING RESOURCE SURFACE FROM DISK
3152507.423	Test_Phase.SEQUENCE.Word	LOADING RESOURCE SURFACE FROM DISK
3160246.599	Test_Phase.SEQUENCE.Word	LOADING RESOURCE SURFACE FROM DISK
3168091.047	Test_Phase.SEQUENCE.Word	LOADING RESOURCE SURFACE FROM DISK
3175944.967	Test_Phase.SEQUENCE.Word	LOADING RESOURCE SURFACE FROM DISK
3185574.225	Test_Phase.SEQUENCE.Word	LOADING RESOURCE SURFACE FROM DISK
3193309.735	Test_Phase.SEQUENCE.Word	LOADING RESOURCE SURFACE FROM DISK
3205866.797	Test_Phase.SEQUENCE.Word	LOADING RESOURCE SURFACE FROM DISK
3214144.686	Test_Phase.SEQUENCE.Word	LOADING RESOURCE SURFACE FROM DISK
3221923.987	Test_Phase.SEQUENCE.Word	LOADING RESOURCE SURFACE FROM DISK
3229674.164	Test_Phase.SEQUENCE.Word	LOADING RESOURCE SURFACE FROM DISK
3237440.74	Test_Phase.SEQUENCE.Word	LOADING RESOURCE SURFACE FROM DISK
3245376.006	Test_Phase.SEQUENCE.Word	LOADING RESOURCE SURFACE FROM DISK
3253210.157	Test_Phase.SEQUENCE.Word	LOADING RESOURCE SURFACE FROM DISK
3261524.416	Test_Phase.SEQUENCE.Word	LOADING RESOURCE SURFACE FROM DISK
3269274.059	Test_Phase.SEQUENCE.Word	LOADING RESOURCE SURFACE FROM DISK
3277257.399	Test_Phase.SEQUENCE.Word	LOADING RESOURCE SURFACE FROM DISK
3284957.79	Test_Phase.SEQUENCE.Word	LOADING RESOURCE SURFACE FROM DISK
3292864.851	Test_Phase.SEQUENCE.Word	LOADING RESOURCE SURFACE FROM DISK
3300374.748	Test_Phase.SEQUENCE.Word	LOADING RESOURCE SURFACE FROM DISK
3308284.405	Test_Phase.SEQUENCE.Word	LOADING RESOURCE SURFACE FROM DISK
3316514.789	Test_Phase.SEQUENCE.Word	LOADING RESOURCE SURFACE FROM DISK
3324207.222	Test_Phase.SEQUENCE.Word	LOADING RESOURCE SURFACE FROM DISK
3331874.132	Test_Phase.SEQUENCE.Word	LOADING RESOURCE SURFACE FROM DISK
3339713.089	Test_Phase.SEQUENCE.Word	LOADING RESOURCE SURFACE FROM DISK
3347682.289	Test_Phase.SEQUENCE.Word	LOADING RESOURCE SURFACE FROM DISK
3355574.673	Test_Phase.SEQUENCE.Word	LOADING RESOURCE SURFACE FROM DISK
3363074.079	Test_Phase.SEQUENCE.Word	LOADING RESOURCE SURFACE FROM DISK
3371582.873	Test_Phase.SEQUENCE.Word	LOADING RESOURCE SURFACE FROM DISK
3379711.956	Test_Phase.SEQUENCE.Word	LOADING RESOURCE SURFACE FROM DISK
3387443.215	Test_Phase.SEQUENCE.Word	LOADING RESOURCE SURFACE FROM DISK
3396041.081	Test_Phase.SEQUENCE.Word	LOADING RESOURCE SURFACE FROM DISK
3403641.716	Test_Phase.SEQUENCE.Word	LOADING RESOURCE SURFACE FROM DISK
3411348.564	Test_Phase.SEQUENCE.Word	LOADING RESOURCE SURFACE FROM DISK
3419315.25	Test_Phase.SEQUENCE.Word	LOADING RESOURCE SURFACE FROM DISK
3428119.071	Test_Phase.SEQUENCE.Word	LOADING RESOURCE SURFACE FROM DISK
3435942.647	Test_Phase.SEQUENCE.Word	LOADING RESOURCE SURFACE FROM DISK
3443779.91	Test_Phase.SEQUENCE.Word	LOADING RESOURCE SURFACE FROM DISK
3451473.87	Test_Phase.SEQUENCE.Word	LOADING RESOURCE SURFACE FROM DISK
3459346.301	Test_Phase.SEQUENCE.Word	LOADING RESOURCE SURFACE FROM DISK
3468407.147	Test_Phase.SEQUENCE.Word	LOADING RESOURCE SURFACE FROM DISK
3476280.191	Test_Phase.SEQUENCE.Word	LOADING RESOURCE SURFACE FROM DISK
3484182.848	Test_Phase.SEQUENCE.Word	LOADING RESOURCE SURFACE FROM DISK
3492562.029	Test_Phase.SEQUENCE.Word	LOADING RESOURCE SURFACE FROM DISK
3500090.485	Test_Phase.SEQUENCE.Word	LOADING RESOURCE SURFACE FROM DISK
3507907.579	Test_Phase.SEQUENCE.Word	LOADING RESOURCE SURFACE FROM DISK
3515727.756	Test_Phase.SEQUENCE.Word	LOADING RESOURCE SURFACE FROM DISK
3523539.36	Test_Phase.SEQUENCE.Word	LOADING RESOURCE SURFACE FROM DISK
3531290.501	Test_Phase.SEQUENCE.Word	LOADING RESOURCE SURFACE FROM DISK
3538990.724	Test_Phase.SEQUENCE.Word	LOADING RESOURCE SURFACE FROM DISK
3547524.12	Test_Phase.SEQUENCE.Word	LOADING RESOURCE SURFACE FROM DISK
3555198.534	Test_Phase.SEQUENCE.Word	LOADING RESOURCE SURFACE FROM DISK
3563174.091	Test_Phase.SEQUENCE.Word	LOADING RESOURCE SURFACE FROM DISK
3570957.362	Test_Phase.SEQUENCE.Word	LOADING RESOURCE SURFACE FROM DISK
3578898.533	Test_Phase.SEQUENCE.Word	LOADING RESOURCE SURFACE FROM DISK
3588394.5	Test_Phase.SEQUENCE.Word	LOADING RESOURCE SURFACE FROM DISK
3595974.379	Test_Phase.SEQUENCE.Word	LOADING RESOURCE SURFACE FROM DISK
3603590.825	Test_Phase.SEQUENCE.Word	LOADING RESOURCE SURFACE FROM DISK
3611361.764	Test_Phase.SEQUENCE.Word	LOADING RESOURCE SURFACE FROM DISK
3618997.425	Test_Phase.SEQUENCE.Word	LOADING RESOURCE SURFACE FROM DISK
3626841.729	Test_Phase.SEQUENCE.Word	LOADING RESOURCE SURFACE FROM DISK
3634574.026	Test_Phase.SEQUENCE.Word	LOADING RESOURCE SURFACE FROM DISK
3642274.049	Test_Phase.SEQUENCE.Word	LOADING RESOURCE SURFACE FROM DISK
3650059.168	Test_Phase.SEQUENCE.Word	LOADING RESOURCE SURFACE FROM DISK
3658672.852	Test_Phase.SEQUENCE.Word	LOADING RESOURCE SURFACE FROM DISK
3666480.26	Test_Phase.SEQUENCE.Word	LOADING RESOURCE SURFACE FROM DISK
3674362.461	Test_Phase.SEQUENCE.Word	LOADING RESOURCE SURFACE FROM DISK
3682199.709	Test_Phase.SEQUENCE.Word	LOADING RESOURCE SURFACE FROM DISK
3690599.962	Test_Phase.SEQUENCE.Word	LOADING RESOURCE SURFACE FROM DISK
3698640.661	Test_Phase.SEQUENCE.Word	LOADING RESOURCE SURFACE FROM DISK
3706790.705	Test_Phase.SEQUENCE.Word	LOADING RESOURCE SURFACE FROM DISK
3714823.882	Test_Phase.SEQUENCE.Word	LOADING RESOURCE SURFACE FROM DISK
3722540.742	Test_Phase.SEQUENCE.Word	LOADING RESOURCE SURFACE FROM DISK
3726839.734	DISPLAY_SCREEN	LOADING RESOURCE SURFACE FROM DISK
