5158.037	DISPLAY_SCREEN[1]	LOADING RESOURCE SURFACE FROM DISK
921931.373	Familiarization_Phase.SEQUENCE.Cue_and_Instruction	LOADING RESOURCE SURFACE FROM DISK
921935.609	Familiarization_Phase.SEQUENCE.Cue_and_Instruction	LOADING RESOURCE SURFACE FROM DISK
927971.274	Familiarization_Phase.SEQUENCE.Cue_and_Instruction	LOADING RESOURCE SURFACE FROM DISK
928013.778	Familiarization_Phase.SEQUENCE.Cue_and_Instruction	LOADING RESOURCE SURFACE FROM DISK
934054.845	Familiarization_Phase.SEQUENCE.Cue_and_Instruction	LOADING RESOURCE SURFACE FROM DISK
934059.354	Familiarization_Phase.SEQUENCE.Cue_and_Instruction	LOADING RESOURCE SURFACE FROM DISK
976187.096	DISPLAY_SCREEN[3]	LOADING RESOURCE SURFACE FROM DISK
1057224.523	DISPLAY_SCREEN[5]	LOADING RESOURCE SURFACE FROM DISK
1105602.074	Practice_Phase.SEQUENCE.Blink_Screen	LOADING RESOURCE SURFACE FROM DISK
1105603.243	Practice_Phase.SEQUENCE.Blink_Screen	flip time is later than desired time. Desired Time=1105584 Flip Time=1105617 Retrace Rate=16.653, prepareTime=42 flip request time 1105602
1106834.157	Practice_Phase.SEQUENCE.Luminance_Cue[1]	LOADING RESOURCE SURFACE FROM DISK
1106836.611	Practice_Phase.SEQUENCE.Luminance_Cue[1]	LOADING RESOURCE SURFACE FROM DISK
1106838.135	Practice_Phase.SEQUENCE.Luminance_Cue[1]	flip time is later than desired time. Desired Time=1106817 Flip Time=1106851 Retrace Rate=16.653, prepareTime=44 flip request time 1106837
1107374.381	Practice_Phase.SEQUENCE.Practice_Instruction	LOADING RESOURCE SURFACE FROM DISK
1107377.092	Practice_Phase.SEQUENCE.Practice_Instruction	LOADING RESOURCE SURFACE FROM DISK
1107378.687	Practice_Phase.SEQUENCE.Practice_Instruction	flip time is later than desired time. Desired Time=1107351 Flip Time=1107401 Retrace Rate=16.653, prepareTime=51 flip request time 1107378
1110882.508	Practice_Phase.SEQUENCE.Action_cue[1]	LOADING RESOURCE SURFACE FROM DISK
1115449.082	Practice_Phase.SEQUENCE.Practice_Instruction	LOADING RESOURCE SURFACE FROM DISK
1115467.092	Practice_Phase.SEQUENCE.Practice_Instruction	LOADING RESOURCE SURFACE FROM DISK
1115468.728	Practice_Phase.SEQUENCE.Practice_Instruction	flip time is later than desired time. Desired Time=1115467 Flip Time=1115484 Retrace Rate=16.653, prepareTime=25 flip request time 1115468
1123572.046	Practice_Phase.SEQUENCE.Practice_Instruction	LOADING RESOURCE SURFACE FROM DISK
1123574.681	Practice_Phase.SEQUENCE.Practice_Instruction	LOADING RESOURCE SURFACE FROM DISK
1123576.293	Practice_Phase.SEQUENCE.Practice_Instruction	flip time is later than desired time. Desired Time=1123551 Flip Time=1123584 Retrace Rate=16.653, prepareTime=49 flip request time 1123576
1131632.231	Practice_Phase.SEQUENCE.Practice_Instruction	LOADING RESOURCE SURFACE FROM DISK
1131635.042	Practice_Phase.SEQUENCE.Practice_Instruction	LOADING RESOURCE SURFACE FROM DISK
1139698.957	Practice_Phase.SEQUENCE.Practice_Instruction	LOADING RESOURCE SURFACE FROM DISK
1139701.656	Practice_Phase.SEQUENCE.Practice_Instruction	LOADING RESOURCE SURFACE FROM DISK
1147765.884	Practice_Phase.SEQUENCE.Practice_Instruction	LOADING RESOURCE SURFACE FROM DISK
1147768.532	Practice_Phase.SEQUENCE.Practice_Instruction	LOADING RESOURCE SURFACE FROM DISK
1155832.241	Practice_Phase.SEQUENCE.Practice_Instruction	LOADING RESOURCE SURFACE FROM DISK
1155876.986	Practice_Phase.SEQUENCE.Practice_Instruction	LOADING RESOURCE SURFACE FROM DISK
1155878.545	Practice_Phase.SEQUENCE.Practice_Instruction	flip time is later than desired time. Desired Time=1155851 Flip Time=1155901 Retrace Rate=16.653, prepareTime=51 flip request time 1155878
1163948.814	Practice_Phase.SEQUENCE.Practice_Instruction	LOADING RESOURCE SURFACE FROM DISK
1163987.965	Practice_Phase.SEQUENCE.Practice_Instruction	LOADING RESOURCE SURFACE FROM DISK
1163989.551	Practice_Phase.SEQUENCE.Practice_Instruction	flip time is later than desired time. Desired Time=1163967 Flip Time=1164001 Retrace Rate=16.653, prepareTime=45 flip request time 1163989
1172048.76	Practice_Phase.SEQUENCE.Practice_Instruction	LOADING RESOURCE SURFACE FROM DISK
1172051.422	Practice_Phase.SEQUENCE.Practice_Instruction	LOADING RESOURCE SURFACE FROM DISK
1178213.584	DISPLAY_SCREEN[2]	LOADING RESOURCE SURFACE FROM DISK
1373207.828	Study_Phase.SEQUENCE.Study_Instruction	LOADING RESOURCE SURFACE FROM DISK
1373244.351	Study_Phase.SEQUENCE.Study_Instruction	LOADING RESOURCE SURFACE FROM DISK
1381544.38	Study_Phase.SEQUENCE.Study_Instruction	LOADING RESOURCE SURFACE FROM DISK
1389820.858	Study_Phase.SEQUENCE.Study_Instruction	LOADING RESOURCE SURFACE FROM DISK
1398127.969	Study_Phase.SEQUENCE.Study_Instruction	LOADING RESOURCE SURFACE FROM DISK
1406407.465	Study_Phase.SEQUENCE.Study_Instruction	LOADING RESOURCE SURFACE FROM DISK
1406444.57	Study_Phase.SEQUENCE.Study_Instruction	LOADING RESOURCE SURFACE FROM DISK
1414742.371	Study_Phase.SEQUENCE.Study_Instruction	LOADING RESOURCE SURFACE FROM DISK
1423020.768	Study_Phase.SEQUENCE.Study_Instruction	LOADING RESOURCE SURFACE FROM DISK
1431290.938	Study_Phase.SEQUENCE.Study_Instruction	LOADING RESOURCE SURFACE FROM DISK
1431319.498	Study_Phase.SEQUENCE.Study_Instruction	LOADING RESOURCE SURFACE FROM DISK
1439587.517	Study_Phase.SEQUENCE.Study_Instruction	LOADING RESOURCE SURFACE FROM DISK
1447888.56	Study_Phase.SEQUENCE.Study_Instruction	LOADING RESOURCE SURFACE FROM DISK
1456196.07	Study_Phase.SEQUENCE.Study_Instruction	LOADING RESOURCE SURFACE FROM DISK
1464510.163	Study_Phase.SEQUENCE.Study_Instruction	LOADING RESOURCE SURFACE FROM DISK
1472791.269	Study_Phase.SEQUENCE.Study_Instruction	LOADING RESOURCE SURFACE FROM DISK
1472793.859	Study_Phase.SEQUENCE.Study_Instruction	LOADING RESOURCE SURFACE FROM DISK
1481070.651	Study_Phase.SEQUENCE.Study_Instruction	LOADING RESOURCE SURFACE FROM DISK
1489378.842	Study_Phase.SEQUENCE.Study_Instruction	LOADING RESOURCE SURFACE FROM DISK
1497657.63	Study_Phase.SEQUENCE.Study_Instruction	LOADING RESOURCE SURFACE FROM DISK
1497695.734	Study_Phase.SEQUENCE.Study_Instruction	LOADING RESOURCE SURFACE FROM DISK
1505971.946	Study_Phase.SEQUENCE.Study_Instruction	LOADING RESOURCE SURFACE FROM DISK
1514241.133	Study_Phase.SEQUENCE.Study_Instruction	LOADING RESOURCE SURFACE FROM DISK
1514243.631	Study_Phase.SEQUENCE.Study_Instruction	LOADING RESOURCE SURFACE FROM DISK
1522556.558	Study_Phase.SEQUENCE.Study_Instruction	LOADING RESOURCE SURFACE FROM DISK
1530859.967	Study_Phase.SEQUENCE.Study_Instruction	LOADING RESOURCE SURFACE FROM DISK
1539140.938	Study_Phase.SEQUENCE.Study_Instruction	LOADING RESOURCE SURFACE FROM DISK
1539143.504	Study_Phase.SEQUENCE.Study_Instruction	LOADING RESOURCE SURFACE FROM DISK
1547444.947	Study_Phase.SEQUENCE.Study_Instruction	LOADING RESOURCE SURFACE FROM DISK
1555721.303	Study_Phase.SEQUENCE.Study_Instruction	LOADING RESOURCE SURFACE FROM DISK
1563990.918	Study_Phase.SEQUENCE.Study_Instruction	LOADING RESOURCE SURFACE FROM DISK
1564033.588	Study_Phase.SEQUENCE.Study_Instruction	LOADING RESOURCE SURFACE FROM DISK
1572337.695	Study_Phase.SEQUENCE.Study_Instruction	LOADING RESOURCE SURFACE FROM DISK
1580607.787	Study_Phase.SEQUENCE.Study_Instruction	LOADING RESOURCE SURFACE FROM DISK
1580644.136	Study_Phase.SEQUENCE.Study_Instruction	LOADING RESOURCE SURFACE FROM DISK
1588954.983	Study_Phase.SEQUENCE.Study_Instruction	LOADING RESOURCE SURFACE FROM DISK
1597224.172	Study_Phase.SEQUENCE.Study_Instruction	LOADING RESOURCE SURFACE FROM DISK
1597259.285	Study_Phase.SEQUENCE.Study_Instruction	LOADING RESOURCE SURFACE FROM DISK
1605581.18	Study_Phase.SEQUENCE.Study_Instruction	LOADING RESOURCE SURFACE FROM DISK
1613857.74	Study_Phase.SEQUENCE.Study_Instruction	LOADING RESOURCE SURFACE FROM DISK
1613896.273	Study_Phase.SEQUENCE.Study_Instruction	LOADING RESOURCE SURFACE FROM DISK
1622137.514	Study_Phase.SEQUENCE.Study_Instruction	LOADING RESOURCE SURFACE FROM DISK
1630441.677	Study_Phase.SEQUENCE.Study_Instruction	LOADING RESOURCE SURFACE FROM DISK
1638724.038	Study_Phase.SEQUENCE.Study_Instruction	LOADING RESOURCE SURFACE FROM DISK
1638764.589	Study_Phase.SEQUENCE.Study_Instruction	LOADING RESOURCE SURFACE FROM DISK
1647040.944	Study_Phase.SEQUENCE.Study_Instruction	LOADING RESOURCE SURFACE FROM DISK
1647043.474	Study_Phase.SEQUENCE.Study_Instruction	LOADING RESOURCE SURFACE FROM DISK
1655360.968	Study_Phase.SEQUENCE.Study_Instruction	LOADING RESOURCE SURFACE FROM DISK
1663680.295	Study_Phase.SEQUENCE.Study_Instruction	LOADING RESOURCE SURFACE FROM DISK
1671991.024	Study_Phase.SEQUENCE.Study_Instruction	LOADING RESOURCE SURFACE FROM DISK
1680257.59	Study_Phase.SEQUENCE.Study_Instruction	LOADING RESOURCE SURFACE FROM DISK
1680295.827	Study_Phase.SEQUENCE.Study_Instruction	LOADING RESOURCE SURFACE FROM DISK
1688572.122	Study_Phase.SEQUENCE.Study_Instruction	LOADING RESOURCE SURFACE FROM DISK
1696840.866	Study_Phase.SEQUENCE.Study_Instruction	LOADING RESOURCE SURFACE FROM DISK
1696843.338	Study_Phase.SEQUENCE.Study_Instruction	LOADING RESOURCE SURFACE FROM DISK
1705154.727	Study_Phase.SEQUENCE.Study_Instruction	LOADING RESOURCE SURFACE FROM DISK
1713424.212	Study_Phase.SEQUENCE.Study_Instruction	LOADING RESOURCE SURFACE FROM DISK
1713426.712	Study_Phase.SEQUENCE.Study_Instruction	LOADING RESOURCE SURFACE FROM DISK
1721707.621	Study_Phase.SEQUENCE.Study_Instruction	LOADING RESOURCE SURFACE FROM DISK
1721742.943	Study_Phase.SEQUENCE.Study_Instruction	LOADING RESOURCE SURFACE FROM DISK
1730063.939	Study_Phase.SEQUENCE.Study_Instruction	LOADING RESOURCE SURFACE FROM DISK
1738338.589	Study_Phase.SEQUENCE.Study_Instruction	LOADING RESOURCE SURFACE FROM DISK
1746607.622	Study_Phase.SEQUENCE.Study_Instruction	LOADING RESOURCE SURFACE FROM DISK
1746648.735	Study_Phase.SEQUENCE.Study_Instruction	LOADING RESOURCE SURFACE FROM DISK
1754921.956	Study_Phase.SEQUENCE.Study_Instruction	LOADING RESOURCE SURFACE FROM DISK
1763190.89	Study_Phase.SEQUENCE.Study_Instruction	LOADING RESOURCE SURFACE FROM DISK
1763232.894	Study_Phase.SEQUENCE.Study_Instruction	LOADING RESOURCE SURFACE FROM DISK
1771507.524	Study_Phase.SEQUENCE.Study_Instruction	LOADING RESOURCE SURFACE FROM DISK
1771552.813	Study_Phase.SEQUENCE.Study_Instruction	LOADING RESOURCE SURFACE FROM DISK
1779805.428	Study_Phase.SEQUENCE.Study_Instruction	LOADING RESOURCE SURFACE FROM DISK
1788124.35	Study_Phase.SEQUENCE.Study_Instruction	LOADING RESOURCE SURFACE FROM DISK
1788163.392	Study_Phase.SEQUENCE.Study_Instruction	LOADING RESOURCE SURFACE FROM DISK
1796440.771	Study_Phase.SEQUENCE.Study_Instruction	LOADING RESOURCE SURFACE FROM DISK
1796485.165	Study_Phase.SEQUENCE.Study_Instruction	LOADING RESOURCE SURFACE FROM DISK
1804795.729	Study_Phase.SEQUENCE.Study_Instruction	LOADING RESOURCE SURFACE FROM DISK
1813113.702	Study_Phase.SEQUENCE.Study_Instruction	LOADING RESOURCE SURFACE FROM DISK
1821421.423	Study_Phase.SEQUENCE.Study_Instruction	LOADING RESOURCE SURFACE FROM DISK
1829728.304	Study_Phase.SEQUENCE.Study_Instruction	LOADING RESOURCE SURFACE FROM DISK
1838007.397	Study_Phase.SEQUENCE.Study_Instruction	LOADING RESOURCE SURFACE FROM DISK
1838045.735	Study_Phase.SEQUENCE.Study_Instruction	LOADING RESOURCE SURFACE FROM DISK
1846384.622	Study_Phase.SEQUENCE.Study_Instruction	LOADING RESOURCE SURFACE FROM DISK
1854688.66	Study_Phase.SEQUENCE.Study_Instruction	LOADING RESOURCE SURFACE FROM DISK
1862989.837	Study_Phase.SEQUENCE.Study_Instruction	LOADING RESOURCE SURFACE FROM DISK
1871241.05	Study_Phase.SEQUENCE.Study_Instruction	LOADING RESOURCE SURFACE FROM DISK
1871283.42	Study_Phase.SEQUENCE.Study_Instruction	LOADING RESOURCE SURFACE FROM DISK
1879595.388	Study_Phase.SEQUENCE.Study_Instruction	LOADING RESOURCE SURFACE FROM DISK
1887874.11	Study_Phase.SEQUENCE.Study_Instruction	LOADING RESOURCE SURFACE FROM DISK
1887876.788	Study_Phase.SEQUENCE.Study_Instruction	LOADING RESOURCE SURFACE FROM DISK
1896157.829	Study_Phase.SEQUENCE.Study_Instruction	LOADING RESOURCE SURFACE FROM DISK
1896160.468	Study_Phase.SEQUENCE.Study_Instruction	LOADING RESOURCE SURFACE FROM DISK
1904461.836	Study_Phase.SEQUENCE.Study_Instruction	LOADING RESOURCE SURFACE FROM DISK
1912740.869	Study_Phase.SEQUENCE.Study_Instruction	LOADING RESOURCE SURFACE FROM DISK
1912782.892	Study_Phase.SEQUENCE.Study_Instruction	LOADING RESOURCE SURFACE FROM DISK
1921054.176	Study_Phase.SEQUENCE.Study_Instruction	LOADING RESOURCE SURFACE FROM DISK
1929324.242	Study_Phase.SEQUENCE.Study_Instruction	LOADING RESOURCE SURFACE FROM DISK
1929364.802	Study_Phase.SEQUENCE.Study_Instruction	LOADING RESOURCE SURFACE FROM DISK
1937657.471	Study_Phase.SEQUENCE.Study_Instruction	LOADING RESOURCE SURFACE FROM DISK
1945959.524	Study_Phase.SEQUENCE.Study_Instruction	LOADING RESOURCE SURFACE FROM DISK
1954237.513	Study_Phase.SEQUENCE.Study_Instruction	LOADING RESOURCE SURFACE FROM DISK
1962504.485	Study_Phase.SEQUENCE.Study_Instruction	LOADING RESOURCE SURFACE FROM DISK
1970774.409	Study_Phase.SEQUENCE.Study_Instruction	LOADING RESOURCE SURFACE FROM DISK
1970815.127	Study_Phase.SEQUENCE.Study_Instruction	LOADING RESOURCE SURFACE FROM DISK
1979088.596	Study_Phase.SEQUENCE.Study_Instruction	LOADING RESOURCE SURFACE FROM DISK
1987357.585	Study_Phase.SEQUENCE.Study_Instruction	LOADING RESOURCE SURFACE FROM DISK
1987360.03	Study_Phase.SEQUENCE.Study_Instruction	LOADING RESOURCE SURFACE FROM DISK
1995640.813	Study_Phase.SEQUENCE.Study_Instruction	LOADING RESOURCE SURFACE FROM DISK
1995643.427	Study_Phase.SEQUENCE.Study_Instruction	LOADING RESOURCE SURFACE FROM DISK
2003959.942	Study_Phase.SEQUENCE.Study_Instruction	LOADING RESOURCE SURFACE FROM DISK
2012278.361	Study_Phase.SEQUENCE.Study_Instruction	LOADING RESOURCE SURFACE FROM DISK
2020554.221	Study_Phase.SEQUENCE.Study_Instruction	LOADING RESOURCE SURFACE FROM DISK
2028873.132	Study_Phase.SEQUENCE.Study_Instruction	LOADING RESOURCE SURFACE FROM DISK
2037149.057	Study_Phase.SEQUENCE.Study_Instruction	LOADING RESOURCE SURFACE FROM DISK
2045420.813	Study_Phase.SEQUENCE.Study_Instruction	LOADING RESOURCE SURFACE FROM DISK
2053690.979	Study_Phase.SEQUENCE.Study_Instruction	LOADING RESOURCE SURFACE FROM DISK
2053693.56	Study_Phase.SEQUENCE.Study_Instruction	LOADING RESOURCE SURFACE FROM DISK
2062005.011	Study_Phase.SEQUENCE.Study_Instruction	LOADING RESOURCE SURFACE FROM DISK
2070274.409	Study_Phase.SEQUENCE.Study_Instruction	LOADING RESOURCE SURFACE FROM DISK
2070277.045	Study_Phase.SEQUENCE.Study_Instruction	LOADING RESOURCE SURFACE FROM DISK
2078587.362	Study_Phase.SEQUENCE.Study_Instruction	LOADING RESOURCE SURFACE FROM DISK
2086854.229	Study_Phase.SEQUENCE.Study_Instruction	LOADING RESOURCE SURFACE FROM DISK
2095157.966	Study_Phase.SEQUENCE.Study_Instruction	LOADING RESOURCE SURFACE FROM DISK
2103407.312	Study_Phase.SEQUENCE.Study_Instruction	LOADING RESOURCE SURFACE FROM DISK
2103409.956	Study_Phase.SEQUENCE.Study_Instruction	LOADING RESOURCE SURFACE FROM DISK
2111687.424	Study_Phase.SEQUENCE.Study_Instruction	LOADING RESOURCE SURFACE FROM DISK
2119987.837	Study_Phase.SEQUENCE.Study_Instruction	LOADING RESOURCE SURFACE FROM DISK
2128254.221	Study_Phase.SEQUENCE.Study_Instruction	LOADING RESOURCE SURFACE FROM DISK
2136524.336	Study_Phase.SEQUENCE.Study_Instruction	LOADING RESOURCE SURFACE FROM DISK
2136562.787	Study_Phase.SEQUENCE.Study_Instruction	LOADING RESOURCE SURFACE FROM DISK
2144837.395	Study_Phase.SEQUENCE.Study_Instruction	LOADING RESOURCE SURFACE FROM DISK
2153107.719	Study_Phase.SEQUENCE.Study_Instruction	LOADING RESOURCE SURFACE FROM DISK
2153145.283	Study_Phase.SEQUENCE.Study_Instruction	LOADING RESOURCE SURFACE FROM DISK
2161424.36	Study_Phase.SEQUENCE.Study_Instruction	LOADING RESOURCE SURFACE FROM DISK
2161464.604	Study_Phase.SEQUENCE.Study_Instruction	LOADING RESOURCE SURFACE FROM DISK
2169774.571	Study_Phase.SEQUENCE.Study_Instruction	LOADING RESOURCE SURFACE FROM DISK
2178073.803	Study_Phase.SEQUENCE.Study_Instruction	LOADING RESOURCE SURFACE FROM DISK
2186337.468	Study_Phase.SEQUENCE.Study_Instruction	LOADING RESOURCE SURFACE FROM DISK
2194607.574	Study_Phase.SEQUENCE.Study_Instruction	LOADING RESOURCE SURFACE FROM DISK
2194652.494	Study_Phase.SEQUENCE.Study_Instruction	LOADING RESOURCE SURFACE FROM DISK
2202924.304	Study_Phase.SEQUENCE.Study_Instruction	LOADING RESOURCE SURFACE FROM DISK
2202927.003	Study_Phase.SEQUENCE.Study_Instruction	LOADING RESOURCE SURFACE FROM DISK
2211174.22	Study_Phase.SEQUENCE.Study_Instruction	LOADING RESOURCE SURFACE FROM DISK
2211212.048	Study_Phase.SEQUENCE.Study_Instruction	LOADING RESOURCE SURFACE FROM DISK
2219505.319	Study_Phase.SEQUENCE.Study_Instruction	LOADING RESOURCE SURFACE FROM DISK
2227774.234	Study_Phase.SEQUENCE.Study_Instruction	LOADING RESOURCE SURFACE FROM DISK
2227809.189	Study_Phase.SEQUENCE.Study_Instruction	LOADING RESOURCE SURFACE FROM DISK
2236074.424	Study_Phase.SEQUENCE.Study_Instruction	LOADING RESOURCE SURFACE FROM DISK
2236117.187	Study_Phase.SEQUENCE.Study_Instruction	LOADING RESOURCE SURFACE FROM DISK
2244423.181	Study_Phase.SEQUENCE.Study_Instruction	LOADING RESOURCE SURFACE FROM DISK
2252674.11	Study_Phase.SEQUENCE.Study_Instruction	LOADING RESOURCE SURFACE FROM DISK
2252676.511	Study_Phase.SEQUENCE.Study_Instruction	LOADING RESOURCE SURFACE FROM DISK
2260938.765	Study_Phase.SEQUENCE.Study_Instruction	LOADING RESOURCE SURFACE FROM DISK
2269207.716	Study_Phase.SEQUENCE.Study_Instruction	LOADING RESOURCE SURFACE FROM DISK
2269249.485	Study_Phase.SEQUENCE.Study_Instruction	LOADING RESOURCE SURFACE FROM DISK
2277524.338	Study_Phase.SEQUENCE.Study_Instruction	LOADING RESOURCE SURFACE FROM DISK
2277526.947	Study_Phase.SEQUENCE.Study_Instruction	LOADING RESOURCE SURFACE FROM DISK
2285807.617	Study_Phase.SEQUENCE.Study_Instruction	LOADING RESOURCE SURFACE FROM DISK
2285850.771	Study_Phase.SEQUENCE.Study_Instruction	LOADING RESOURCE SURFACE FROM DISK
2294124.247	Study_Phase.SEQUENCE.Study_Instruction	LOADING RESOURCE SURFACE FROM DISK
2294164.057	Study_Phase.SEQUENCE.Study_Instruction	LOADING RESOURCE SURFACE FROM DISK
2302473.998	Study_Phase.SEQUENCE.Study_Instruction	LOADING RESOURCE SURFACE FROM DISK
2310769.691	Study_Phase.SEQUENCE.Study_Instruction	LOADING RESOURCE SURFACE FROM DISK
2319040.96	Study_Phase.SEQUENCE.Study_Instruction	LOADING RESOURCE SURFACE FROM DISK
2319043.441	Study_Phase.SEQUENCE.Study_Instruction	LOADING RESOURCE SURFACE FROM DISK
2327324.48	Study_Phase.SEQUENCE.Study_Instruction	LOADING RESOURCE SURFACE FROM DISK
2327340.138	Study_Phase.SEQUENCE.Study_Instruction	LOADING RESOURCE SURFACE FROM DISK
2335607.56	Study_Phase.SEQUENCE.Study_Instruction	LOADING RESOURCE SURFACE FROM DISK
2335645.979	Study_Phase.SEQUENCE.Study_Instruction	LOADING RESOURCE SURFACE FROM DISK
2343958.985	Study_Phase.SEQUENCE.Study_Instruction	LOADING RESOURCE SURFACE FROM DISK
2352241.028	Study_Phase.SEQUENCE.Study_Instruction	LOADING RESOURCE SURFACE FROM DISK
2352243.693	Study_Phase.SEQUENCE.Study_Instruction	LOADING RESOURCE SURFACE FROM DISK
2360524.173	Study_Phase.SEQUENCE.Study_Instruction	LOADING RESOURCE SURFACE FROM DISK
2360562.623	Study_Phase.SEQUENCE.Study_Instruction	LOADING RESOURCE SURFACE FROM DISK
2366794.983	DISPLAY_SCREEN[7]	LOADING RESOURCE SURFACE FROM DISK
2786819.939	Test_Phase.SEQUENCE.Target_Cue	LOADING RESOURCE SURFACE FROM DISK
2786821.869	Test_Phase.SEQUENCE.Target_Cue	LOADING RESOURCE SURFACE FROM DISK
2788837.263	Test_Phase.SEQUENCE.Word	LOADING RESOURCE SURFACE FROM DISK
2791853.731	Test_Phase.SEQUENCE.Test_Question	LOADING RESOURCE SURFACE FROM DISK
2791897.184	Test_Phase.SEQUENCE.Test_Question	LOADING RESOURCE SURFACE FROM DISK
2791902.253	Test_Phase.SEQUENCE.Test_Question	LOADING RESOURCE SURFACE FROM DISK
2791907.408	Test_Phase.SEQUENCE.Test_Question	LOADING RESOURCE SURFACE FROM DISK
2791909.233	Test_Phase.SEQUENCE.Test_Question	LOADING RESOURCE SURFACE FROM DISK
2791911.284	Test_Phase.SEQUENCE.Test_Question	LOADING RESOURCE SURFACE FROM DISK
2791913.164	Test_Phase.SEQUENCE.Test_Question	LOADING RESOURCE SURFACE FROM DISK
2791929.098	Test_Phase.SEQUENCE.Test_Question	LOADING RESOURCE SURFACE FROM DISK
2791930.917	Test_Phase.SEQUENCE.Test_Question	LOADING RESOURCE SURFACE FROM DISK
2791932.801	Test_Phase.SEQUENCE.Test_Question	LOADING RESOURCE SURFACE FROM DISK
2791934.527	Test_Phase.SEQUENCE.Test_Question	LOADING RESOURCE SURFACE FROM DISK
2791936.253	Test_Phase.SEQUENCE.Test_Question	LOADING RESOURCE SURFACE FROM DISK
2799170.504	Test_Phase.SEQUENCE.Word	LOADING RESOURCE SURFACE FROM DISK
2808754.347	Test_Phase.SEQUENCE.Word	LOADING RESOURCE SURFACE FROM DISK
2816153.969	Test_Phase.SEQUENCE.Word	LOADING RESOURCE SURFACE FROM DISK
2824853.978	Test_Phase.SEQUENCE.Word	LOADING RESOURCE SURFACE FROM DISK
2833037.283	Test_Phase.SEQUENCE.Word	LOADING RESOURCE SURFACE FROM DISK
2842570.67	Test_Phase.SEQUENCE.Word	LOADING RESOURCE SURFACE FROM DISK
2850204.078	Test_Phase.SEQUENCE.Word	LOADING RESOURCE SURFACE FROM DISK
2857472.764	Test_Phase.SEQUENCE.Word	LOADING RESOURCE SURFACE FROM DISK
2865837.479	Test_Phase.SEQUENCE.Word	LOADING RESOURCE SURFACE FROM DISK
2873107.509	Test_Phase.SEQUENCE.Word	LOADING RESOURCE SURFACE FROM DISK
2880203.925	Test_Phase.SEQUENCE.Word	LOADING RESOURCE SURFACE FROM DISK
2889170.528	Test_Phase.SEQUENCE.Word	LOADING RESOURCE SURFACE FROM DISK
2896621.726	Test_Phase.SEQUENCE.Word	LOADING RESOURCE SURFACE FROM DISK
2903970.725	Test_Phase.SEQUENCE.Word	LOADING RESOURCE SURFACE FROM DISK
2911771.127	Test_Phase.SEQUENCE.Word	LOADING RESOURCE SURFACE FROM DISK
2919187.38	Test_Phase.SEQUENCE.Word	LOADING RESOURCE SURFACE FROM DISK
2928031.035	Test_Phase.SEQUENCE.Word	LOADING RESOURCE SURFACE FROM DISK
2935787.46	Test_Phase.SEQUENCE.Word	LOADING RESOURCE SURFACE FROM DISK
2943170.642	Test_Phase.SEQUENCE.Word	LOADING RESOURCE SURFACE FROM DISK
2951794.116	Test_Phase.SEQUENCE.Word	LOADING RESOURCE SURFACE FROM DISK
2959054.028	Test_Phase.SEQUENCE.Word	LOADING RESOURCE SURFACE FROM DISK
2966337.278	Test_Phase.SEQUENCE.Word	LOADING RESOURCE SURFACE FROM DISK
2974192.241	Test_Phase.SEQUENCE.Word	LOADING RESOURCE SURFACE FROM DISK
2983420.825	Test_Phase.SEQUENCE.Word	LOADING RESOURCE SURFACE FROM DISK
2990587.27	Test_Phase.SEQUENCE.Word	LOADING RESOURCE SURFACE FROM DISK
2997970.781	Test_Phase.SEQUENCE.Word	LOADING RESOURCE SURFACE FROM DISK
3005795.654	Test_Phase.SEQUENCE.Word	LOADING RESOURCE SURFACE FROM DISK
3013425.124	Test_Phase.SEQUENCE.Word	LOADING RESOURCE SURFACE FROM DISK
3022637.131	Test_Phase.SEQUENCE.Word	LOADING RESOURCE SURFACE FROM DISK
3030492.665	Test_Phase.SEQUENCE.Word	LOADING RESOURCE SURFACE FROM DISK
3038145.397	Test_Phase.SEQUENCE.Word	LOADING RESOURCE SURFACE FROM DISK
3045587.597	Test_Phase.SEQUENCE.Word	LOADING RESOURCE SURFACE FROM DISK
3053423.108	Test_Phase.SEQUENCE.Word	LOADING RESOURCE SURFACE FROM DISK
3061070.642	Test_Phase.SEQUENCE.Word	LOADING RESOURCE SURFACE FROM DISK
3068178.201	Test_Phase.SEQUENCE.Word	LOADING RESOURCE SURFACE FROM DISK
3075620.953	Test_Phase.SEQUENCE.Word	LOADING RESOURCE SURFACE FROM DISK
3082904.042	Test_Phase.SEQUENCE.Word	LOADING RESOURCE SURFACE FROM DISK
3089978.909	Test_Phase.SEQUENCE.Word	LOADING RESOURCE SURFACE FROM DISK
3098187.333	Test_Phase.SEQUENCE.Word	LOADING RESOURCE SURFACE FROM DISK
3113612.233	Test_Phase.SEQUENCE.Word	LOADING RESOURCE SURFACE FROM DISK
3121510.155	Test_Phase.SEQUENCE.Word	LOADING RESOURCE SURFACE FROM DISK
3128921.192	Test_Phase.SEQUENCE.Word	LOADING RESOURCE SURFACE FROM DISK
3137589.028	Test_Phase.SEQUENCE.Word	LOADING RESOURCE SURFACE FROM DISK
3145597.842	Test_Phase.SEQUENCE.Word	LOADING RESOURCE SURFACE FROM DISK
3153504.121	Test_Phase.SEQUENCE.Word	LOADING RESOURCE SURFACE FROM DISK
3161887.506	Test_Phase.SEQUENCE.Word	LOADING RESOURCE SURFACE FROM DISK
3170791.951	Test_Phase.SEQUENCE.Word	LOADING RESOURCE SURFACE FROM DISK
3179653.907	Test_Phase.SEQUENCE.Word	LOADING RESOURCE SURFACE FROM DISK
3187103.944	Test_Phase.SEQUENCE.Word	LOADING RESOURCE SURFACE FROM DISK
3194487.264	Test_Phase.SEQUENCE.Word	LOADING RESOURCE SURFACE FROM DISK
3202657.214	Test_Phase.SEQUENCE.Word	LOADING RESOURCE SURFACE FROM DISK
3210196.358	Test_Phase.SEQUENCE.Word	LOADING RESOURCE SURFACE FROM DISK
3218003.966	Test_Phase.SEQUENCE.Word	LOADING RESOURCE SURFACE FROM DISK
3225887.389	Test_Phase.SEQUENCE.Word	LOADING RESOURCE SURFACE FROM DISK
3233356.783	Test_Phase.SEQUENCE.Word	LOADING RESOURCE SURFACE FROM DISK
3240587.282	Test_Phase.SEQUENCE.Word	LOADING RESOURCE SURFACE FROM DISK
3248030.142	Test_Phase.SEQUENCE.Word	LOADING RESOURCE SURFACE FROM DISK
3255253.945	Test_Phase.SEQUENCE.Word	LOADING RESOURCE SURFACE FROM DISK
3263587.166	Test_Phase.SEQUENCE.Word	LOADING RESOURCE SURFACE FROM DISK
3272120.765	Test_Phase.SEQUENCE.Word	LOADING RESOURCE SURFACE FROM DISK
3279270.72	Test_Phase.SEQUENCE.Word	LOADING RESOURCE SURFACE FROM DISK
3286604.247	Test_Phase.SEQUENCE.Word	LOADING RESOURCE SURFACE FROM DISK
3295060.321	Test_Phase.SEQUENCE.Word	LOADING RESOURCE SURFACE FROM DISK
3302287.734	Test_Phase.SEQUENCE.Word	LOADING RESOURCE SURFACE FROM DISK
3309404.05	Test_Phase.SEQUENCE.Word	LOADING RESOURCE SURFACE FROM DISK
3317420.52	Test_Phase.SEQUENCE.Word	LOADING RESOURCE SURFACE FROM DISK
3324771.261	Test_Phase.SEQUENCE.Word	LOADING RESOURCE SURFACE FROM DISK
3333003.785	Test_Phase.SEQUENCE.Word	LOADING RESOURCE SURFACE FROM DISK
3340403.628	Test_Phase.SEQUENCE.Word	LOADING RESOURCE SURFACE FROM DISK
3347687.465	Test_Phase.SEQUENCE.Word	LOADING RESOURCE SURFACE FROM DISK
3355436.832	Test_Phase.SEQUENCE.Word	LOADING RESOURCE SURFACE FROM DISK
3362837.558	Test_Phase.SEQUENCE.Word	LOADING RESOURCE SURFACE FROM DISK
3370119.98	Test_Phase.SEQUENCE.Word	LOADING RESOURCE SURFACE FROM DISK
3377320.69	Test_Phase.SEQUENCE.Word	LOADING RESOURCE SURFACE FROM DISK
3384687.317	Test_Phase.SEQUENCE.Word	LOADING RESOURCE SURFACE FROM DISK
3391903.891	Test_Phase.SEQUENCE.Word	LOADING RESOURCE SURFACE FROM DISK
3399154.256	Test_Phase.SEQUENCE.Word	LOADING RESOURCE SURFACE FROM DISK
3409020.826	Test_Phase.SEQUENCE.Word	LOADING RESOURCE SURFACE FROM DISK
3416962.433	Test_Phase.SEQUENCE.Word	LOADING RESOURCE SURFACE FROM DISK
3424137.309	Test_Phase.SEQUENCE.Word	LOADING RESOURCE SURFACE FROM DISK
3432110.754	Test_Phase.SEQUENCE.Word	LOADING RESOURCE SURFACE FROM DISK
3439670.628	Test_Phase.SEQUENCE.Word	LOADING RESOURCE SURFACE FROM DISK
3447022.582	Test_Phase.SEQUENCE.Word	LOADING RESOURCE SURFACE FROM DISK
3454354.059	Test_Phase.SEQUENCE.Word	LOADING RESOURCE SURFACE FROM DISK
3461704.032	Test_Phase.SEQUENCE.Word	LOADING RESOURCE SURFACE FROM DISK
3469453.95	Test_Phase.SEQUENCE.Word	LOADING RESOURCE SURFACE FROM DISK
3476621.996	Test_Phase.SEQUENCE.Word	LOADING RESOURCE SURFACE FROM DISK
3483737.558	Test_Phase.SEQUENCE.Word	LOADING RESOURCE SURFACE FROM DISK
3491387.324	Test_Phase.SEQUENCE.Word	LOADING RESOURCE SURFACE FROM DISK
3499826.7	Test_Phase.SEQUENCE.Word	LOADING RESOURCE SURFACE FROM DISK
3507137.263	Test_Phase.SEQUENCE.Word	LOADING RESOURCE SURFACE FROM DISK
3515093.016	Test_Phase.SEQUENCE.Word	LOADING RESOURCE SURFACE FROM DISK
3522470.603	Test_Phase.SEQUENCE.Word	LOADING RESOURCE SURFACE FROM DISK
3529630.204	Test_Phase.SEQUENCE.Word	LOADING RESOURCE SURFACE FROM DISK
3537003.947	Test_Phase.SEQUENCE.Word	LOADING RESOURCE SURFACE FROM DISK
3544237.424	Test_Phase.SEQUENCE.Word	LOADING RESOURCE SURFACE FROM DISK
3551504.166	Test_Phase.SEQUENCE.Word	LOADING RESOURCE SURFACE FROM DISK
3558637.303	Test_Phase.SEQUENCE.Word	LOADING RESOURCE SURFACE FROM DISK
3565792.568	Test_Phase.SEQUENCE.Word	LOADING RESOURCE SURFACE FROM DISK
3573062.56	Test_Phase.SEQUENCE.Word	LOADING RESOURCE SURFACE FROM DISK
3580437.235	Test_Phase.SEQUENCE.Word	LOADING RESOURCE SURFACE FROM DISK
3588387.095	Test_Phase.SEQUENCE.Word	LOADING RESOURCE SURFACE FROM DISK
3596195.004	Test_Phase.SEQUENCE.Word	LOADING RESOURCE SURFACE FROM DISK
3604037.267	Test_Phase.SEQUENCE.Word	LOADING RESOURCE SURFACE FROM DISK
3611154.429	Test_Phase.SEQUENCE.Word	LOADING RESOURCE SURFACE FROM DISK
3618453.971	Test_Phase.SEQUENCE.Word	LOADING RESOURCE SURFACE FROM DISK
3625787.295	Test_Phase.SEQUENCE.Word	LOADING RESOURCE SURFACE FROM DISK
3633337.423	Test_Phase.SEQUENCE.Word	LOADING RESOURCE SURFACE FROM DISK
3640527.446	Test_Phase.SEQUENCE.Word	LOADING RESOURCE SURFACE FROM DISK
3648437.23	Test_Phase.SEQUENCE.Word	LOADING RESOURCE SURFACE FROM DISK
3656497.089	Test_Phase.SEQUENCE.Word	LOADING RESOURCE SURFACE FROM DISK
3663872.887	Test_Phase.SEQUENCE.Word	LOADING RESOURCE SURFACE FROM DISK
3671771.032	Test_Phase.SEQUENCE.Word	LOADING RESOURCE SURFACE FROM DISK
3679241.257	Test_Phase.SEQUENCE.Word	LOADING RESOURCE SURFACE FROM DISK
3686420.875	Test_Phase.SEQUENCE.Word	LOADING RESOURCE SURFACE FROM DISK
3693653.912	Test_Phase.SEQUENCE.Word	LOADING RESOURCE SURFACE FROM DISK
3701054.11	Test_Phase.SEQUENCE.Word	LOADING RESOURCE SURFACE FROM DISK
3708228.655	Test_Phase.SEQUENCE.Word	LOADING RESOURCE SURFACE FROM DISK
3715447.904	Test_Phase.SEQUENCE.Word	LOADING RESOURCE SURFACE FROM DISK
3722570.705	Test_Phase.SEQUENCE.Word	LOADING RESOURCE SURFACE FROM DISK
3729757.542	Test_Phase.SEQUENCE.Word	LOADING RESOURCE SURFACE FROM DISK
3736837.506	Test_Phase.SEQUENCE.Word	LOADING RESOURCE SURFACE FROM DISK
3743987.402	Test_Phase.SEQUENCE.Word	LOADING RESOURCE SURFACE FROM DISK
3751170.659	Test_Phase.SEQUENCE.Word	LOADING RESOURCE SURFACE FROM DISK
3758604.054	Test_Phase.SEQUENCE.Word	LOADING RESOURCE SURFACE FROM DISK
3766290.135	Test_Phase.SEQUENCE.Word	LOADING RESOURCE SURFACE FROM DISK
3773537.429	Test_Phase.SEQUENCE.Word	LOADING RESOURCE SURFACE FROM DISK
3780670.643	Test_Phase.SEQUENCE.Word	LOADING RESOURCE SURFACE FROM DISK
3787820.664	Test_Phase.SEQUENCE.Word	LOADING RESOURCE SURFACE FROM DISK
3794920.927	Test_Phase.SEQUENCE.Word	LOADING RESOURCE SURFACE FROM DISK
3802070.718	Test_Phase.SEQUENCE.Word	LOADING RESOURCE SURFACE FROM DISK
3809453.843	Test_Phase.SEQUENCE.Word	LOADING RESOURCE SURFACE FROM DISK
3816637.318	Test_Phase.SEQUENCE.Word	LOADING RESOURCE SURFACE FROM DISK
3823937.563	Test_Phase.SEQUENCE.Word	LOADING RESOURCE SURFACE FROM DISK
3831194.215	Test_Phase.SEQUENCE.Word	LOADING RESOURCE SURFACE FROM DISK
3838553.917	Test_Phase.SEQUENCE.Word	LOADING RESOURCE SURFACE FROM DISK
3845637.255	Test_Phase.SEQUENCE.Word	LOADING RESOURCE SURFACE FROM DISK
3852987.303	Test_Phase.SEQUENCE.Word	LOADING RESOURCE SURFACE FROM DISK
3860245.216	Test_Phase.SEQUENCE.Word	LOADING RESOURCE SURFACE FROM DISK
3867520.473	Test_Phase.SEQUENCE.Word	LOADING RESOURCE SURFACE FROM DISK
3876003.975	Test_Phase.SEQUENCE.Word	LOADING RESOURCE SURFACE FROM DISK
3883137.515	Test_Phase.SEQUENCE.Word	LOADING RESOURCE SURFACE FROM DISK
3890220.596	Test_Phase.SEQUENCE.Word	LOADING RESOURCE SURFACE FROM DISK
3897337.336	Test_Phase.SEQUENCE.Word	LOADING RESOURCE SURFACE FROM DISK
3904704.029	Test_Phase.SEQUENCE.Word	LOADING RESOURCE SURFACE FROM DISK
3911970.557	Test_Phase.SEQUENCE.Word	LOADING RESOURCE SURFACE FROM DISK
3920670.73	Test_Phase.SEQUENCE.Word	LOADING RESOURCE SURFACE FROM DISK
3927803.937	Test_Phase.SEQUENCE.Word	LOADING RESOURCE SURFACE FROM DISK
3936536.538	Test_Phase.SEQUENCE.Word	LOADING RESOURCE SURFACE FROM DISK
3943753.904	Test_Phase.SEQUENCE.Word	LOADING RESOURCE SURFACE FROM DISK
3951020.188	Test_Phase.SEQUENCE.Word	LOADING RESOURCE SURFACE FROM DISK
3958204.079	Test_Phase.SEQUENCE.Word	LOADING RESOURCE SURFACE FROM DISK
3965456.089	Test_Phase.SEQUENCE.Word	LOADING RESOURCE SURFACE FROM DISK
3972571.444	Test_Phase.SEQUENCE.Word	LOADING RESOURCE SURFACE FROM DISK
3980192.911	Test_Phase.SEQUENCE.Word	LOADING RESOURCE SURFACE FROM DISK
3987454.071	Test_Phase.SEQUENCE.Word	LOADING RESOURCE SURFACE FROM DISK
3994737.48	Test_Phase.SEQUENCE.Word	LOADING RESOURCE SURFACE FROM DISK
4001987.096	Test_Phase.SEQUENCE.Word	LOADING RESOURCE SURFACE FROM DISK
4009237.146	Test_Phase.SEQUENCE.Word	LOADING RESOURCE SURFACE FROM DISK
4016408.157	Test_Phase.SEQUENCE.Word	LOADING RESOURCE SURFACE FROM DISK
4023687.711	Test_Phase.SEQUENCE.Word	LOADING RESOURCE SURFACE FROM DISK
4030738.297	Test_Phase.SEQUENCE.Word	LOADING RESOURCE SURFACE FROM DISK
4038972.866	Test_Phase.SEQUENCE.Word	LOADING RESOURCE SURFACE FROM DISK
4046253.939	Test_Phase.SEQUENCE.Word	LOADING RESOURCE SURFACE FROM DISK
4053403.952	Test_Phase.SEQUENCE.Word	LOADING RESOURCE SURFACE FROM DISK
4060453.894	Test_Phase.SEQUENCE.Word	LOADING RESOURCE SURFACE FROM DISK
4067770.574	Test_Phase.SEQUENCE.Word	LOADING RESOURCE SURFACE FROM DISK
4075759.126	Test_Phase.SEQUENCE.Word	LOADING RESOURCE SURFACE FROM DISK
4082996.347	Test_Phase.SEQUENCE.Word	LOADING RESOURCE SURFACE FROM DISK
4090070.599	Test_Phase.SEQUENCE.Word	LOADING RESOURCE SURFACE FROM DISK
4097337.275	Test_Phase.SEQUENCE.Word	LOADING RESOURCE SURFACE FROM DISK
4104530.451	Test_Phase.SEQUENCE.Word	LOADING RESOURCE SURFACE FROM DISK
4111620.594	Test_Phase.SEQUENCE.Word	LOADING RESOURCE SURFACE FROM DISK
4119354.059	Test_Phase.SEQUENCE.Word	LOADING RESOURCE SURFACE FROM DISK
4126454.047	Test_Phase.SEQUENCE.Word	LOADING RESOURCE SURFACE FROM DISK
4133689.495	Test_Phase.SEQUENCE.Word	LOADING RESOURCE SURFACE FROM DISK
4140770.54	Test_Phase.SEQUENCE.Word	LOADING RESOURCE SURFACE FROM DISK
4147904.234	Test_Phase.SEQUENCE.Word	LOADING RESOURCE SURFACE FROM DISK
4155454.226	Test_Phase.SEQUENCE.Word	LOADING RESOURCE SURFACE FROM DISK
4162981.388	Test_Phase.SEQUENCE.Word	LOADING RESOURCE SURFACE FROM DISK
4170304.132	Test_Phase.SEQUENCE.Word	LOADING RESOURCE SURFACE FROM DISK
4177470.644	Test_Phase.SEQUENCE.Word	LOADING RESOURCE SURFACE FROM DISK
4184619.41	Test_Phase.SEQUENCE.Word	LOADING RESOURCE SURFACE FROM DISK
4191720.637	Test_Phase.SEQUENCE.Word	LOADING RESOURCE SURFACE FROM DISK
4198920.87	Test_Phase.SEQUENCE.Word	LOADING RESOURCE SURFACE FROM DISK
4206852.723	Test_Phase.SEQUENCE.Word	LOADING RESOURCE SURFACE FROM DISK
4214070.606	Test_Phase.SEQUENCE.Word	LOADING RESOURCE SURFACE FROM DISK
4221680.655	Test_Phase.SEQUENCE.Word	LOADING RESOURCE SURFACE FROM DISK
4228843.666	Test_Phase.SEQUENCE.Word	LOADING RESOURCE SURFACE FROM DISK
4236074.422	Test_Phase.SEQUENCE.Word	LOADING RESOURCE SURFACE FROM DISK
4243354.227	Test_Phase.SEQUENCE.Word	LOADING RESOURCE SURFACE FROM DISK
4250437.263	Test_Phase.SEQUENCE.Word	LOADING RESOURCE SURFACE FROM DISK
4257520.699	Test_Phase.SEQUENCE.Word	LOADING RESOURCE SURFACE FROM DISK
4264697.688	Test_Phase.SEQUENCE.Word	LOADING RESOURCE SURFACE FROM DISK
4271787.268	Test_Phase.SEQUENCE.Word	LOADING RESOURCE SURFACE FROM DISK
4279087.267	Test_Phase.SEQUENCE.Word	LOADING RESOURCE SURFACE FROM DISK
4286410.454	Test_Phase.SEQUENCE.Word	LOADING RESOURCE SURFACE FROM DISK
4293554.16	Test_Phase.SEQUENCE.Word	LOADING RESOURCE SURFACE FROM DISK
4297091.126	DISPLAY_SCREEN	LOADING RESOURCE SURFACE FROM DISK
