4786.614	DISPLAY_SCREEN[1]	LOADING RESOURCE SURFACE FROM DISK
776534.054	Familiarization_Phase.SEQUENCE.Cue_and_Instruction	LOADING RESOURCE SURFACE FROM DISK
776537.096	Familiarization_Phase.SEQUENCE.Cue_and_Instruction	LOADING RESOURCE SURFACE FROM DISK
782592.391	Familiarization_Phase.SEQUENCE.Cue_and_Instruction	LOADING RESOURCE SURFACE FROM DISK
782595.33	Familiarization_Phase.SEQUENCE.Cue_and_Instruction	LOADING RESOURCE SURFACE FROM DISK
788641.377	Familiarization_Phase.SEQUENCE.Cue_and_Instruction	LOADING RESOURCE SURFACE FROM DISK
788644.035	Familiarization_Phase.SEQUENCE.Cue_and_Instruction	LOADING RESOURCE SURFACE FROM DISK
830862.393	DISPLAY_SCREEN[3]	LOADING RESOURCE SURFACE FROM DISK
913740.589	DISPLAY_SCREEN[5]	LOADING RESOURCE SURFACE FROM DISK
971852.657	Practice_Phase.SEQUENCE.Blink_Screen	LOADING RESOURCE SURFACE FROM DISK
973059.852	Practice_Phase.SEQUENCE.Practice_Luminance_Cue	LOADING RESOURCE SURFACE FROM DISK
973061.765	Practice_Phase.SEQUENCE.Practice_Luminance_Cue	LOADING RESOURCE SURFACE FROM DISK
975059.087	Practice_Phase.SEQUENCE.Practice_Instruction	LOADING RESOURCE SURFACE FROM DISK
975061.039	Practice_Phase.SEQUENCE.Practice_Instruction	LOADING RESOURCE SURFACE FROM DISK
983142.462	Practice_Phase.SEQUENCE.Practice_Instruction	LOADING RESOURCE SURFACE FROM DISK
983144.396	Practice_Phase.SEQUENCE.Practice_Instruction	LOADING RESOURCE SURFACE FROM DISK
991209.034	Practice_Phase.SEQUENCE.Practice_Instruction	LOADING RESOURCE SURFACE FROM DISK
991210.921	Practice_Phase.SEQUENCE.Practice_Instruction	LOADING RESOURCE SURFACE FROM DISK
999275.826	Practice_Phase.SEQUENCE.Practice_Instruction	LOADING RESOURCE SURFACE FROM DISK
999277.672	Practice_Phase.SEQUENCE.Practice_Instruction	LOADING RESOURCE SURFACE FROM DISK
1007342.466	Practice_Phase.SEQUENCE.Practice_Instruction	LOADING RESOURCE SURFACE FROM DISK
1007344.503	Practice_Phase.SEQUENCE.Practice_Instruction	LOADING RESOURCE SURFACE FROM DISK
1015409.303	Practice_Phase.SEQUENCE.Practice_Instruction	LOADING RESOURCE SURFACE FROM DISK
1015411.166	Practice_Phase.SEQUENCE.Practice_Instruction	LOADING RESOURCE SURFACE FROM DISK
1023475.728	Practice_Phase.SEQUENCE.Practice_Instruction	LOADING RESOURCE SURFACE FROM DISK
1023477.632	Practice_Phase.SEQUENCE.Practice_Instruction	LOADING RESOURCE SURFACE FROM DISK
1031542.569	Practice_Phase.SEQUENCE.Practice_Instruction	LOADING RESOURCE SURFACE FROM DISK
1031544.457	Practice_Phase.SEQUENCE.Practice_Instruction	LOADING RESOURCE SURFACE FROM DISK
1039609.079	Practice_Phase.SEQUENCE.Practice_Instruction	LOADING RESOURCE SURFACE FROM DISK
1039611.066	Practice_Phase.SEQUENCE.Practice_Instruction	LOADING RESOURCE SURFACE FROM DISK
1044272.584	DISPLAY_SCREEN[2]	LOADING RESOURCE SURFACE FROM DISK
1138051.552	Study_Phase.SEQUENCE.Study_Instruction	LOADING RESOURCE SURFACE FROM DISK
1138053.572	Study_Phase.SEQUENCE.Study_Instruction	LOADING RESOURCE SURFACE FROM DISK
1146344.997	Study_Phase.SEQUENCE.Study_Instruction	LOADING RESOURCE SURFACE FROM DISK
1154645.199	Study_Phase.SEQUENCE.Study_Instruction	LOADING RESOURCE SURFACE FROM DISK
1162951.95	Study_Phase.SEQUENCE.Study_Instruction	LOADING RESOURCE SURFACE FROM DISK
1162953.891	Study_Phase.SEQUENCE.Study_Instruction	LOADING RESOURCE SURFACE FROM DISK
1171244.922	Study_Phase.SEQUENCE.Study_Instruction	LOADING RESOURCE SURFACE FROM DISK
1179551.452	Study_Phase.SEQUENCE.Study_Instruction	LOADING RESOURCE SURFACE FROM DISK
1179553.331	Study_Phase.SEQUENCE.Study_Instruction	LOADING RESOURCE SURFACE FROM DISK
1187862.174	Study_Phase.SEQUENCE.Study_Instruction	LOADING RESOURCE SURFACE FROM DISK
1196161.688	Study_Phase.SEQUENCE.Study_Instruction	LOADING RESOURCE SURFACE FROM DISK
1204461.712	Study_Phase.SEQUENCE.Study_Instruction	LOADING RESOURCE SURFACE FROM DISK
1212761.373	Study_Phase.SEQUENCE.Study_Instruction	LOADING RESOURCE SURFACE FROM DISK
1221061.711	Study_Phase.SEQUENCE.Study_Instruction	LOADING RESOURCE SURFACE FROM DISK
1229368.473	Study_Phase.SEQUENCE.Study_Instruction	LOADING RESOURCE SURFACE FROM DISK
1229370.408	Study_Phase.SEQUENCE.Study_Instruction	LOADING RESOURCE SURFACE FROM DISK
1237661.931	Study_Phase.SEQUENCE.Study_Instruction	LOADING RESOURCE SURFACE FROM DISK
1245961.448	Study_Phase.SEQUENCE.Study_Instruction	LOADING RESOURCE SURFACE FROM DISK
1254262.174	Study_Phase.SEQUENCE.Study_Instruction	LOADING RESOURCE SURFACE FROM DISK
1262568.199	Study_Phase.SEQUENCE.Study_Instruction	LOADING RESOURCE SURFACE FROM DISK
1262570.125	Study_Phase.SEQUENCE.Study_Instruction	LOADING RESOURCE SURFACE FROM DISK
1270861.493	Study_Phase.SEQUENCE.Study_Instruction	LOADING RESOURCE SURFACE FROM DISK
1279168.307	Study_Phase.SEQUENCE.Study_Instruction	LOADING RESOURCE SURFACE FROM DISK
1279170.227	Study_Phase.SEQUENCE.Study_Instruction	LOADING RESOURCE SURFACE FROM DISK
1287468.094	Study_Phase.SEQUENCE.Study_Instruction	LOADING RESOURCE SURFACE FROM DISK
1287469.997	Study_Phase.SEQUENCE.Study_Instruction	LOADING RESOURCE SURFACE FROM DISK
1295768.281	Study_Phase.SEQUENCE.Study_Instruction	LOADING RESOURCE SURFACE FROM DISK
1295770.245	Study_Phase.SEQUENCE.Study_Instruction	LOADING RESOURCE SURFACE FROM DISK
1304068.063	Study_Phase.SEQUENCE.Study_Instruction	LOADING RESOURCE SURFACE FROM DISK
1304070.163	Study_Phase.SEQUENCE.Study_Instruction	LOADING RESOURCE SURFACE FROM DISK
1312361.38	Study_Phase.SEQUENCE.Study_Instruction	LOADING RESOURCE SURFACE FROM DISK
1320644.787	Study_Phase.SEQUENCE.Study_Instruction	LOADING RESOURCE SURFACE FROM DISK
1328945.402	Study_Phase.SEQUENCE.Study_Instruction	LOADING RESOURCE SURFACE FROM DISK
1337228.135	Study_Phase.SEQUENCE.Study_Instruction	LOADING RESOURCE SURFACE FROM DISK
1345534.63	Study_Phase.SEQUENCE.Study_Instruction	LOADING RESOURCE SURFACE FROM DISK
1345536.409	Study_Phase.SEQUENCE.Study_Instruction	LOADING RESOURCE SURFACE FROM DISK
1353828.869	Study_Phase.SEQUENCE.Study_Instruction	LOADING RESOURCE SURFACE FROM DISK
1362118.288	Study_Phase.SEQUENCE.Study_Instruction	LOADING RESOURCE SURFACE FROM DISK
1362120.225	Study_Phase.SEQUENCE.Study_Instruction	LOADING RESOURCE SURFACE FROM DISK
1370411.653	Study_Phase.SEQUENCE.Study_Instruction	LOADING RESOURCE SURFACE FROM DISK
1378711.588	Study_Phase.SEQUENCE.Study_Instruction	LOADING RESOURCE SURFACE FROM DISK
1387012.143	Study_Phase.SEQUENCE.Study_Instruction	LOADING RESOURCE SURFACE FROM DISK
1395318.417	Study_Phase.SEQUENCE.Study_Instruction	LOADING RESOURCE SURFACE FROM DISK
1395320.429	Study_Phase.SEQUENCE.Study_Instruction	LOADING RESOURCE SURFACE FROM DISK
1403595.182	Study_Phase.SEQUENCE.Study_Instruction	LOADING RESOURCE SURFACE FROM DISK
1411901.584	Study_Phase.SEQUENCE.Study_Instruction	LOADING RESOURCE SURFACE FROM DISK
1411903.578	Study_Phase.SEQUENCE.Study_Instruction	LOADING RESOURCE SURFACE FROM DISK
1420195.224	Study_Phase.SEQUENCE.Study_Instruction	LOADING RESOURCE SURFACE FROM DISK
1428501.739	Study_Phase.SEQUENCE.Study_Instruction	LOADING RESOURCE SURFACE FROM DISK
1428503.714	Study_Phase.SEQUENCE.Study_Instruction	LOADING RESOURCE SURFACE FROM DISK
1436795.158	Study_Phase.SEQUENCE.Study_Instruction	LOADING RESOURCE SURFACE FROM DISK
1445084.795	Study_Phase.SEQUENCE.Study_Instruction	LOADING RESOURCE SURFACE FROM DISK
1445086.691	Study_Phase.SEQUENCE.Study_Instruction	LOADING RESOURCE SURFACE FROM DISK
1453378.494	Study_Phase.SEQUENCE.Study_Instruction	LOADING RESOURCE SURFACE FROM DISK
1461684.592	Study_Phase.SEQUENCE.Study_Instruction	LOADING RESOURCE SURFACE FROM DISK
1461686.407	Study_Phase.SEQUENCE.Study_Instruction	LOADING RESOURCE SURFACE FROM DISK
1469978.282	Study_Phase.SEQUENCE.Study_Instruction	LOADING RESOURCE SURFACE FROM DISK
1478262.147	Study_Phase.SEQUENCE.Study_Instruction	LOADING RESOURCE SURFACE FROM DISK
1486568.064	Study_Phase.SEQUENCE.Study_Instruction	LOADING RESOURCE SURFACE FROM DISK
1486569.888	Study_Phase.SEQUENCE.Study_Instruction	LOADING RESOURCE SURFACE FROM DISK
1494861.599	Study_Phase.SEQUENCE.Study_Instruction	LOADING RESOURCE SURFACE FROM DISK
1503161.626	Study_Phase.SEQUENCE.Study_Instruction	LOADING RESOURCE SURFACE FROM DISK
1511461.728	Study_Phase.SEQUENCE.Study_Instruction	LOADING RESOURCE SURFACE FROM DISK
1519761.794	Study_Phase.SEQUENCE.Study_Instruction	LOADING RESOURCE SURFACE FROM DISK
1528067.893	Study_Phase.SEQUENCE.Study_Instruction	LOADING RESOURCE SURFACE FROM DISK
1528069.973	Study_Phase.SEQUENCE.Study_Instruction	LOADING RESOURCE SURFACE FROM DISK
1536362.28	Study_Phase.SEQUENCE.Study_Instruction	LOADING RESOURCE SURFACE FROM DISK
1544661.692	Study_Phase.SEQUENCE.Study_Instruction	LOADING RESOURCE SURFACE FROM DISK
1552968.228	Study_Phase.SEQUENCE.Study_Instruction	LOADING RESOURCE SURFACE FROM DISK
1552970.195	Study_Phase.SEQUENCE.Study_Instruction	LOADING RESOURCE SURFACE FROM DISK
1561267.911	Study_Phase.SEQUENCE.Study_Instruction	LOADING RESOURCE SURFACE FROM DISK
1561269.737	Study_Phase.SEQUENCE.Study_Instruction	LOADING RESOURCE SURFACE FROM DISK
1569561.645	Study_Phase.SEQUENCE.Study_Instruction	LOADING RESOURCE SURFACE FROM DISK
1577862.21	Study_Phase.SEQUENCE.Study_Instruction	LOADING RESOURCE SURFACE FROM DISK
1586161.9	Study_Phase.SEQUENCE.Study_Instruction	LOADING RESOURCE SURFACE FROM DISK
1594468.091	Study_Phase.SEQUENCE.Study_Instruction	LOADING RESOURCE SURFACE FROM DISK
1594470.139	Study_Phase.SEQUENCE.Study_Instruction	LOADING RESOURCE SURFACE FROM DISK
1602751.772	Study_Phase.SEQUENCE.Study_Instruction	LOADING RESOURCE SURFACE FROM DISK
1602753.696	Study_Phase.SEQUENCE.Study_Instruction	LOADING RESOURCE SURFACE FROM DISK
1611044.99	Study_Phase.SEQUENCE.Study_Instruction	LOADING RESOURCE SURFACE FROM DISK
1619345.594	Study_Phase.SEQUENCE.Study_Instruction	LOADING RESOURCE SURFACE FROM DISK
1627645.112	Study_Phase.SEQUENCE.Study_Instruction	LOADING RESOURCE SURFACE FROM DISK
1635934.683	Study_Phase.SEQUENCE.Study_Instruction	LOADING RESOURCE SURFACE FROM DISK
1635936.534	Study_Phase.SEQUENCE.Study_Instruction	LOADING RESOURCE SURFACE FROM DISK
1644228.43	Study_Phase.SEQUENCE.Study_Instruction	LOADING RESOURCE SURFACE FROM DISK
1652535.21	Study_Phase.SEQUENCE.Study_Instruction	LOADING RESOURCE SURFACE FROM DISK
1652537.167	Study_Phase.SEQUENCE.Study_Instruction	LOADING RESOURCE SURFACE FROM DISK
1660828.714	Study_Phase.SEQUENCE.Study_Instruction	LOADING RESOURCE SURFACE FROM DISK
1669128.529	Study_Phase.SEQUENCE.Study_Instruction	LOADING RESOURCE SURFACE FROM DISK
1677434.687	Study_Phase.SEQUENCE.Study_Instruction	LOADING RESOURCE SURFACE FROM DISK
1677436.59	Study_Phase.SEQUENCE.Study_Instruction	LOADING RESOURCE SURFACE FROM DISK
1685734.807	Study_Phase.SEQUENCE.Study_Instruction	LOADING RESOURCE SURFACE FROM DISK
1685736.739	Study_Phase.SEQUENCE.Study_Instruction	LOADING RESOURCE SURFACE FROM DISK
1694034.611	Study_Phase.SEQUENCE.Study_Instruction	LOADING RESOURCE SURFACE FROM DISK
1694075.05	Study_Phase.SEQUENCE.Study_Instruction	LOADING RESOURCE SURFACE FROM DISK
1702361.809	Study_Phase.SEQUENCE.Study_Instruction	LOADING RESOURCE SURFACE FROM DISK
1710668.274	Study_Phase.SEQUENCE.Study_Instruction	LOADING RESOURCE SURFACE FROM DISK
1710670.192	Study_Phase.SEQUENCE.Study_Instruction	LOADING RESOURCE SURFACE FROM DISK
1718967.752	Study_Phase.SEQUENCE.Study_Instruction	LOADING RESOURCE SURFACE FROM DISK
1718969.625	Study_Phase.SEQUENCE.Study_Instruction	LOADING RESOURCE SURFACE FROM DISK
1727245.239	Study_Phase.SEQUENCE.Study_Instruction	LOADING RESOURCE SURFACE FROM DISK
1735551.082	Study_Phase.SEQUENCE.Study_Instruction	LOADING RESOURCE SURFACE FROM DISK
1735552.908	Study_Phase.SEQUENCE.Study_Instruction	LOADING RESOURCE SURFACE FROM DISK
1743844.932	Study_Phase.SEQUENCE.Study_Instruction	LOADING RESOURCE SURFACE FROM DISK
1752151.61	Study_Phase.SEQUENCE.Study_Instruction	LOADING RESOURCE SURFACE FROM DISK
1752153.531	Study_Phase.SEQUENCE.Study_Instruction	LOADING RESOURCE SURFACE FROM DISK
1760445.609	Study_Phase.SEQUENCE.Study_Instruction	LOADING RESOURCE SURFACE FROM DISK
1768751.018	Study_Phase.SEQUENCE.Study_Instruction	LOADING RESOURCE SURFACE FROM DISK
1768752.953	Study_Phase.SEQUENCE.Study_Instruction	LOADING RESOURCE SURFACE FROM DISK
1777045.488	Study_Phase.SEQUENCE.Study_Instruction	LOADING RESOURCE SURFACE FROM DISK
1785344.819	Study_Phase.SEQUENCE.Study_Instruction	LOADING RESOURCE SURFACE FROM DISK
1793651.838	Study_Phase.SEQUENCE.Study_Instruction	LOADING RESOURCE SURFACE FROM DISK
1793653.796	Study_Phase.SEQUENCE.Study_Instruction	LOADING RESOURCE SURFACE FROM DISK
1801945.507	Study_Phase.SEQUENCE.Study_Instruction	LOADING RESOURCE SURFACE FROM DISK
1810251.588	Study_Phase.SEQUENCE.Study_Instruction	LOADING RESOURCE SURFACE FROM DISK
1810253.529	Study_Phase.SEQUENCE.Study_Instruction	LOADING RESOURCE SURFACE FROM DISK
1818534.546	Study_Phase.SEQUENCE.Study_Instruction	LOADING RESOURCE SURFACE FROM DISK
1818536.371	Study_Phase.SEQUENCE.Study_Instruction	LOADING RESOURCE SURFACE FROM DISK
1826834.956	Study_Phase.SEQUENCE.Study_Instruction	LOADING RESOURCE SURFACE FROM DISK
1826836.881	Study_Phase.SEQUENCE.Study_Instruction	LOADING RESOURCE SURFACE FROM DISK
1835128.327	Study_Phase.SEQUENCE.Study_Instruction	LOADING RESOURCE SURFACE FROM DISK
1843434.439	Study_Phase.SEQUENCE.Study_Instruction	LOADING RESOURCE SURFACE FROM DISK
1843436.222	Study_Phase.SEQUENCE.Study_Instruction	LOADING RESOURCE SURFACE FROM DISK
1851728.143	Study_Phase.SEQUENCE.Study_Instruction	LOADING RESOURCE SURFACE FROM DISK
1860028.798	Study_Phase.SEQUENCE.Study_Instruction	LOADING RESOURCE SURFACE FROM DISK
1868334.865	Study_Phase.SEQUENCE.Study_Instruction	LOADING RESOURCE SURFACE FROM DISK
1868337.223	Study_Phase.SEQUENCE.Study_Instruction	LOADING RESOURCE SURFACE FROM DISK
1876628.272	Study_Phase.SEQUENCE.Study_Instruction	LOADING RESOURCE SURFACE FROM DISK
1884928.136	Study_Phase.SEQUENCE.Study_Instruction	LOADING RESOURCE SURFACE FROM DISK
1893228.652	Study_Phase.SEQUENCE.Study_Instruction	LOADING RESOURCE SURFACE FROM DISK
1901534.98	Study_Phase.SEQUENCE.Study_Instruction	LOADING RESOURCE SURFACE FROM DISK
1901536.924	Study_Phase.SEQUENCE.Study_Instruction	LOADING RESOURCE SURFACE FROM DISK
1909834.942	Study_Phase.SEQUENCE.Study_Instruction	LOADING RESOURCE SURFACE FROM DISK
1909836.888	Study_Phase.SEQUENCE.Study_Instruction	LOADING RESOURCE SURFACE FROM DISK
1918128.57	Study_Phase.SEQUENCE.Study_Instruction	LOADING RESOURCE SURFACE FROM DISK
1926434.525	Study_Phase.SEQUENCE.Study_Instruction	LOADING RESOURCE SURFACE FROM DISK
1926436.373	Study_Phase.SEQUENCE.Study_Instruction	LOADING RESOURCE SURFACE FROM DISK
1934728.94	Study_Phase.SEQUENCE.Study_Instruction	LOADING RESOURCE SURFACE FROM DISK
1943034.38	Study_Phase.SEQUENCE.Study_Instruction	LOADING RESOURCE SURFACE FROM DISK
1943036.323	Study_Phase.SEQUENCE.Study_Instruction	LOADING RESOURCE SURFACE FROM DISK
1951335.044	Study_Phase.SEQUENCE.Study_Instruction	LOADING RESOURCE SURFACE FROM DISK
1951336.991	Study_Phase.SEQUENCE.Study_Instruction	LOADING RESOURCE SURFACE FROM DISK
1959628.709	Study_Phase.SEQUENCE.Study_Instruction	LOADING RESOURCE SURFACE FROM DISK
1967934.915	Study_Phase.SEQUENCE.Study_Instruction	LOADING RESOURCE SURFACE FROM DISK
1967936.836	Study_Phase.SEQUENCE.Study_Instruction	LOADING RESOURCE SURFACE FROM DISK
1976228.079	Study_Phase.SEQUENCE.Study_Instruction	LOADING RESOURCE SURFACE FROM DISK
1984528.674	Study_Phase.SEQUENCE.Study_Instruction	LOADING RESOURCE SURFACE FROM DISK
1992834.708	Study_Phase.SEQUENCE.Study_Instruction	LOADING RESOURCE SURFACE FROM DISK
1992836.743	Study_Phase.SEQUENCE.Study_Instruction	LOADING RESOURCE SURFACE FROM DISK
2001134.816	Study_Phase.SEQUENCE.Study_Instruction	LOADING RESOURCE SURFACE FROM DISK
2001137.081	Study_Phase.SEQUENCE.Study_Instruction	LOADING RESOURCE SURFACE FROM DISK
2009501.136	Study_Phase.SEQUENCE.Study_Instruction	LOADING RESOURCE SURFACE FROM DISK
2009502.969	Study_Phase.SEQUENCE.Study_Instruction	LOADING RESOURCE SURFACE FROM DISK
2017778.789	Study_Phase.SEQUENCE.Study_Instruction	LOADING RESOURCE SURFACE FROM DISK
2026078.3	Study_Phase.SEQUENCE.Study_Instruction	LOADING RESOURCE SURFACE FROM DISK
2034378.13	Study_Phase.SEQUENCE.Study_Instruction	LOADING RESOURCE SURFACE FROM DISK
2042684.595	Study_Phase.SEQUENCE.Study_Instruction	LOADING RESOURCE SURFACE FROM DISK
2042686.421	Study_Phase.SEQUENCE.Study_Instruction	LOADING RESOURCE SURFACE FROM DISK
2050978.721	Study_Phase.SEQUENCE.Study_Instruction	LOADING RESOURCE SURFACE FROM DISK
2059284.421	Study_Phase.SEQUENCE.Study_Instruction	LOADING RESOURCE SURFACE FROM DISK
2059286.222	Study_Phase.SEQUENCE.Study_Instruction	LOADING RESOURCE SURFACE FROM DISK
2067578.562	Study_Phase.SEQUENCE.Study_Instruction	LOADING RESOURCE SURFACE FROM DISK
2075884.612	Study_Phase.SEQUENCE.Study_Instruction	LOADING RESOURCE SURFACE FROM DISK
2075886.433	Study_Phase.SEQUENCE.Study_Instruction	LOADING RESOURCE SURFACE FROM DISK
2084178.206	Study_Phase.SEQUENCE.Study_Instruction	LOADING RESOURCE SURFACE FROM DISK
2092484.624	Study_Phase.SEQUENCE.Study_Instruction	LOADING RESOURCE SURFACE FROM DISK
2092486.566	Study_Phase.SEQUENCE.Study_Instruction	LOADING RESOURCE SURFACE FROM DISK
2100778.285	Study_Phase.SEQUENCE.Study_Instruction	LOADING RESOURCE SURFACE FROM DISK
2109078.74	Study_Phase.SEQUENCE.Study_Instruction	LOADING RESOURCE SURFACE FROM DISK
2117384.527	Study_Phase.SEQUENCE.Study_Instruction	LOADING RESOURCE SURFACE FROM DISK
2117386.334	Study_Phase.SEQUENCE.Study_Instruction	LOADING RESOURCE SURFACE FROM DISK
2125678.054	Study_Phase.SEQUENCE.Study_Instruction	LOADING RESOURCE SURFACE FROM DISK
2130419.418	DISPLAY_SCREEN[7]	LOADING RESOURCE SURFACE FROM DISK
2301077.668	Test_Phase.SEQUENCE.Target_Cue	LOADING RESOURCE SURFACE FROM DISK
2301079.341	Test_Phase.SEQUENCE.Target_Cue	LOADING RESOURCE SURFACE FROM DISK
2303111.817	Test_Phase.SEQUENCE.Word	LOADING RESOURCE SURFACE FROM DISK
2306144.524	Test_Phase.SEQUENCE.Test_Question	LOADING RESOURCE SURFACE FROM DISK
2306146.356	Test_Phase.SEQUENCE.Test_Question	LOADING RESOURCE SURFACE FROM DISK
2306148.191	Test_Phase.SEQUENCE.Test_Question	LOADING RESOURCE SURFACE FROM DISK
2306150.076	Test_Phase.SEQUENCE.Test_Question	LOADING RESOURCE SURFACE FROM DISK
2306151.809	Test_Phase.SEQUENCE.Test_Question	LOADING RESOURCE SURFACE FROM DISK
2306153.616	Test_Phase.SEQUENCE.Test_Question	LOADING RESOURCE SURFACE FROM DISK
2306155.354	Test_Phase.SEQUENCE.Test_Question	LOADING RESOURCE SURFACE FROM DISK
2306156.938	Test_Phase.SEQUENCE.Test_Question	LOADING RESOURCE SURFACE FROM DISK
2306158.572	Test_Phase.SEQUENCE.Test_Question	LOADING RESOURCE SURFACE FROM DISK
2306160.312	Test_Phase.SEQUENCE.Test_Question	LOADING RESOURCE SURFACE FROM DISK
2306162.008	Test_Phase.SEQUENCE.Test_Question	LOADING RESOURCE SURFACE FROM DISK
2306163.618	Test_Phase.SEQUENCE.Test_Question	LOADING RESOURCE SURFACE FROM DISK
2314178.428	Test_Phase.SEQUENCE.Word	LOADING RESOURCE SURFACE FROM DISK
2326678.315	Test_Phase.SEQUENCE.Word	LOADING RESOURCE SURFACE FROM DISK
2337428.21	Test_Phase.SEQUENCE.Word	LOADING RESOURCE SURFACE FROM DISK
2347711.711	Test_Phase.SEQUENCE.Word	LOADING RESOURCE SURFACE FROM DISK
2360045.048	Test_Phase.SEQUENCE.Word	LOADING RESOURCE SURFACE FROM DISK
2369861.88	Test_Phase.SEQUENCE.Word	LOADING RESOURCE SURFACE FROM DISK
2378311.699	Test_Phase.SEQUENCE.Word	LOADING RESOURCE SURFACE FROM DISK
2388461.707	Test_Phase.SEQUENCE.Word	LOADING RESOURCE SURFACE FROM DISK
2397428.382	Test_Phase.SEQUENCE.Word	LOADING RESOURCE SURFACE FROM DISK
2406661.797	Test_Phase.SEQUENCE.Word	LOADING RESOURCE SURFACE FROM DISK
2417578.217	Test_Phase.SEQUENCE.Word	LOADING RESOURCE SURFACE FROM DISK
2426311.816	Test_Phase.SEQUENCE.Word	LOADING RESOURCE SURFACE FROM DISK
2434728.447	Test_Phase.SEQUENCE.Word	LOADING RESOURCE SURFACE FROM DISK
2444295.138	Test_Phase.SEQUENCE.Word	LOADING RESOURCE SURFACE FROM DISK
2452095.019	Test_Phase.SEQUENCE.Word	LOADING RESOURCE SURFACE FROM DISK
2460028.379	Test_Phase.SEQUENCE.Word	LOADING RESOURCE SURFACE FROM DISK
2468278.393	Test_Phase.SEQUENCE.Word	LOADING RESOURCE SURFACE FROM DISK
2476478.49	Test_Phase.SEQUENCE.Word	LOADING RESOURCE SURFACE FROM DISK
2484345.025	Test_Phase.SEQUENCE.Word	LOADING RESOURCE SURFACE FROM DISK
2493211.809	Test_Phase.SEQUENCE.Word	LOADING RESOURCE SURFACE FROM DISK
2502195.142	Test_Phase.SEQUENCE.Word	LOADING RESOURCE SURFACE FROM DISK
2510094.894	Test_Phase.SEQUENCE.Word	LOADING RESOURCE SURFACE FROM DISK
2517378.373	Test_Phase.SEQUENCE.Word	LOADING RESOURCE SURFACE FROM DISK
2524711.891	Test_Phase.SEQUENCE.Word	LOADING RESOURCE SURFACE FROM DISK
2532278.499	Test_Phase.SEQUENCE.Word	LOADING RESOURCE SURFACE FROM DISK
2540311.729	Test_Phase.SEQUENCE.Word	LOADING RESOURCE SURFACE FROM DISK
2547594.939	Test_Phase.SEQUENCE.Word	LOADING RESOURCE SURFACE FROM DISK
2554845.099	Test_Phase.SEQUENCE.Word	LOADING RESOURCE SURFACE FROM DISK
2562178.368	Test_Phase.SEQUENCE.Word	LOADING RESOURCE SURFACE FROM DISK
2569445.03	Test_Phase.SEQUENCE.Word	LOADING RESOURCE SURFACE FROM DISK
2577278.403	Test_Phase.SEQUENCE.Word	LOADING RESOURCE SURFACE FROM DISK
2584561.996	Test_Phase.SEQUENCE.Word	LOADING RESOURCE SURFACE FROM DISK
2592295.192	Test_Phase.SEQUENCE.Word	LOADING RESOURCE SURFACE FROM DISK
2599544.941	Test_Phase.SEQUENCE.Word	LOADING RESOURCE SURFACE FROM DISK
2606978.224	Test_Phase.SEQUENCE.Word	LOADING RESOURCE SURFACE FROM DISK
2614433.976	Test_Phase.SEQUENCE.Word	LOADING RESOURCE SURFACE FROM DISK
2621878.318	Test_Phase.SEQUENCE.Word	LOADING RESOURCE SURFACE FROM DISK
2629661.856	Test_Phase.SEQUENCE.Word	LOADING RESOURCE SURFACE FROM DISK
2637111.633	Test_Phase.SEQUENCE.Word	LOADING RESOURCE SURFACE FROM DISK
2644478.412	Test_Phase.SEQUENCE.Word	LOADING RESOURCE SURFACE FROM DISK
2651828.355	Test_Phase.SEQUENCE.Word	LOADING RESOURCE SURFACE FROM DISK
2659061.52	Test_Phase.SEQUENCE.Word	LOADING RESOURCE SURFACE FROM DISK
2666428.342	Test_Phase.SEQUENCE.Word	LOADING RESOURCE SURFACE FROM DISK
2673695.014	Test_Phase.SEQUENCE.Word	LOADING RESOURCE SURFACE FROM DISK
2680961.723	Test_Phase.SEQUENCE.Word	LOADING RESOURCE SURFACE FROM DISK
2688145.051	Test_Phase.SEQUENCE.Word	LOADING RESOURCE SURFACE FROM DISK
2695311.697	Test_Phase.SEQUENCE.Word	LOADING RESOURCE SURFACE FROM DISK
2702661.689	Test_Phase.SEQUENCE.Word	LOADING RESOURCE SURFACE FROM DISK
2709828.373	Test_Phase.SEQUENCE.Word	LOADING RESOURCE SURFACE FROM DISK
2717011.692	Test_Phase.SEQUENCE.Word	LOADING RESOURCE SURFACE FROM DISK
2724211.618	Test_Phase.SEQUENCE.Word	LOADING RESOURCE SURFACE FROM DISK
2731627.358	Test_Phase.SEQUENCE.Word	LOADING RESOURCE SURFACE FROM DISK
2738845.199	Test_Phase.SEQUENCE.Word	LOADING RESOURCE SURFACE FROM DISK
2746211.62	Test_Phase.SEQUENCE.Word	LOADING RESOURCE SURFACE FROM DISK
2753561.741	Test_Phase.SEQUENCE.Word	LOADING RESOURCE SURFACE FROM DISK
2760894.875	Test_Phase.SEQUENCE.Word	LOADING RESOURCE SURFACE FROM DISK
2768445.176	Test_Phase.SEQUENCE.Word	LOADING RESOURCE SURFACE FROM DISK
2775728.501	Test_Phase.SEQUENCE.Word	LOADING RESOURCE SURFACE FROM DISK
2783178.518	Test_Phase.SEQUENCE.Word	LOADING RESOURCE SURFACE FROM DISK
2790444.925	Test_Phase.SEQUENCE.Word	LOADING RESOURCE SURFACE FROM DISK
2797895.21	Test_Phase.SEQUENCE.Word	LOADING RESOURCE SURFACE FROM DISK
2805211.826	Test_Phase.SEQUENCE.Word	LOADING RESOURCE SURFACE FROM DISK
2812495.05	Test_Phase.SEQUENCE.Word	LOADING RESOURCE SURFACE FROM DISK
2819711.614	Test_Phase.SEQUENCE.Word	LOADING RESOURCE SURFACE FROM DISK
2827295.065	Test_Phase.SEQUENCE.Word	LOADING RESOURCE SURFACE FROM DISK
2834561.522	Test_Phase.SEQUENCE.Word	LOADING RESOURCE SURFACE FROM DISK
2841778.473	Test_Phase.SEQUENCE.Word	LOADING RESOURCE SURFACE FROM DISK
2849578.345	Test_Phase.SEQUENCE.Word	LOADING RESOURCE SURFACE FROM DISK
2856844.949	Test_Phase.SEQUENCE.Word	LOADING RESOURCE SURFACE FROM DISK
2864044.907	Test_Phase.SEQUENCE.Word	LOADING RESOURCE SURFACE FROM DISK
2872445.028	Test_Phase.SEQUENCE.Word	LOADING RESOURCE SURFACE FROM DISK
2879761.81	Test_Phase.SEQUENCE.Word	LOADING RESOURCE SURFACE FROM DISK
2886978.455	Test_Phase.SEQUENCE.Word	LOADING RESOURCE SURFACE FROM DISK
2894261.655	Test_Phase.SEQUENCE.Word	LOADING RESOURCE SURFACE FROM DISK
2901595.044	Test_Phase.SEQUENCE.Word	LOADING RESOURCE SURFACE FROM DISK
2908945.044	Test_Phase.SEQUENCE.Word	LOADING RESOURCE SURFACE FROM DISK
2916178.48	Test_Phase.SEQUENCE.Word	LOADING RESOURCE SURFACE FROM DISK
2924178.48	Test_Phase.SEQUENCE.Word	LOADING RESOURCE SURFACE FROM DISK
2931628.349	Test_Phase.SEQUENCE.Word	LOADING RESOURCE SURFACE FROM DISK
2939678.333	Test_Phase.SEQUENCE.Word	LOADING RESOURCE SURFACE FROM DISK
2954261.636	Test_Phase.SEQUENCE.Word	LOADING RESOURCE SURFACE FROM DISK
2961528.065	Test_Phase.SEQUENCE.Word	LOADING RESOURCE SURFACE FROM DISK
2968694.987	Test_Phase.SEQUENCE.Word	LOADING RESOURCE SURFACE FROM DISK
2976045.026	Test_Phase.SEQUENCE.Word	LOADING RESOURCE SURFACE FROM DISK
2983428.224	Test_Phase.SEQUENCE.Word	LOADING RESOURCE SURFACE FROM DISK
2990661.781	Test_Phase.SEQUENCE.Word	LOADING RESOURCE SURFACE FROM DISK
2998045.268	Test_Phase.SEQUENCE.Word	LOADING RESOURCE SURFACE FROM DISK
3005195.112	Test_Phase.SEQUENCE.Word	LOADING RESOURCE SURFACE FROM DISK
3012561.857	Test_Phase.SEQUENCE.Word	LOADING RESOURCE SURFACE FROM DISK
3019861.629	Test_Phase.SEQUENCE.Word	LOADING RESOURCE SURFACE FROM DISK
3027078.416	Test_Phase.SEQUENCE.Word	LOADING RESOURCE SURFACE FROM DISK
3034378.431	Test_Phase.SEQUENCE.Word	LOADING RESOURCE SURFACE FROM DISK
3041795.234	Test_Phase.SEQUENCE.Word	LOADING RESOURCE SURFACE FROM DISK
3048994.972	Test_Phase.SEQUENCE.Word	LOADING RESOURCE SURFACE FROM DISK
3056511.676	Test_Phase.SEQUENCE.Word	LOADING RESOURCE SURFACE FROM DISK
3063795.034	Test_Phase.SEQUENCE.Word	LOADING RESOURCE SURFACE FROM DISK
3071028.372	Test_Phase.SEQUENCE.Word	LOADING RESOURCE SURFACE FROM DISK
3078345.036	Test_Phase.SEQUENCE.Word	LOADING RESOURCE SURFACE FROM DISK
3085595.157	Test_Phase.SEQUENCE.Word	LOADING RESOURCE SURFACE FROM DISK
3093078.29	Test_Phase.SEQUENCE.Word	LOADING RESOURCE SURFACE FROM DISK
3100578.31	Test_Phase.SEQUENCE.Word	LOADING RESOURCE SURFACE FROM DISK
3109694.97	Test_Phase.SEQUENCE.Word	LOADING RESOURCE SURFACE FROM DISK
3118211.674	Test_Phase.SEQUENCE.Word	LOADING RESOURCE SURFACE FROM DISK
3126311.826	Test_Phase.SEQUENCE.Word	LOADING RESOURCE SURFACE FROM DISK
3133911.612	Test_Phase.SEQUENCE.Word	LOADING RESOURCE SURFACE FROM DISK
3141128.542	Test_Phase.SEQUENCE.Word	LOADING RESOURCE SURFACE FROM DISK
3148494.995	Test_Phase.SEQUENCE.Word	LOADING RESOURCE SURFACE FROM DISK
3155728.636	Test_Phase.SEQUENCE.Word	LOADING RESOURCE SURFACE FROM DISK
3163228.445	Test_Phase.SEQUENCE.Word	LOADING RESOURCE SURFACE FROM DISK
3170478.409	Test_Phase.SEQUENCE.Word	LOADING RESOURCE SURFACE FROM DISK
3178128.555	Test_Phase.SEQUENCE.Word	LOADING RESOURCE SURFACE FROM DISK
3185528.37	Test_Phase.SEQUENCE.Word	LOADING RESOURCE SURFACE FROM DISK
3192961.562	Test_Phase.SEQUENCE.Word	LOADING RESOURCE SURFACE FROM DISK
3200461.542	Test_Phase.SEQUENCE.Word	LOADING RESOURCE SURFACE FROM DISK
3207895.088	Test_Phase.SEQUENCE.Word	LOADING RESOURCE SURFACE FROM DISK
3215078.587	Test_Phase.SEQUENCE.Word	LOADING RESOURCE SURFACE FROM DISK
3222194.948	Test_Phase.SEQUENCE.Word	LOADING RESOURCE SURFACE FROM DISK
3229445.038	Test_Phase.SEQUENCE.Word	LOADING RESOURCE SURFACE FROM DISK
3236794.96	Test_Phase.SEQUENCE.Word	LOADING RESOURCE SURFACE FROM DISK
3244161.685	Test_Phase.SEQUENCE.Word	LOADING RESOURCE SURFACE FROM DISK
3251761.894	Test_Phase.SEQUENCE.Word	LOADING RESOURCE SURFACE FROM DISK
3259878.263	Test_Phase.SEQUENCE.Word	LOADING RESOURCE SURFACE FROM DISK
3267228.331	Test_Phase.SEQUENCE.Word	LOADING RESOURCE SURFACE FROM DISK
3274395.157	Test_Phase.SEQUENCE.Word	LOADING RESOURCE SURFACE FROM DISK
3281595.054	Test_Phase.SEQUENCE.Word	LOADING RESOURCE SURFACE FROM DISK
3288895.039	Test_Phase.SEQUENCE.Word	LOADING RESOURCE SURFACE FROM DISK
3296194.998	Test_Phase.SEQUENCE.Word	LOADING RESOURCE SURFACE FROM DISK
3303411.682	Test_Phase.SEQUENCE.Word	LOADING RESOURCE SURFACE FROM DISK
3310561.629	Test_Phase.SEQUENCE.Word	LOADING RESOURCE SURFACE FROM DISK
3317711.62	Test_Phase.SEQUENCE.Word	LOADING RESOURCE SURFACE FROM DISK
3325128.48	Test_Phase.SEQUENCE.Word	LOADING RESOURCE SURFACE FROM DISK
3333745.081	Test_Phase.SEQUENCE.Word	LOADING RESOURCE SURFACE FROM DISK
3341078.388	Test_Phase.SEQUENCE.Word	LOADING RESOURCE SURFACE FROM DISK
3348261.644	Test_Phase.SEQUENCE.Word	LOADING RESOURCE SURFACE FROM DISK
3355411.527	Test_Phase.SEQUENCE.Word	LOADING RESOURCE SURFACE FROM DISK
3362661.79	Test_Phase.SEQUENCE.Word	LOADING RESOURCE SURFACE FROM DISK
3370561.637	Test_Phase.SEQUENCE.Word	LOADING RESOURCE SURFACE FROM DISK
3377761.712	Test_Phase.SEQUENCE.Word	LOADING RESOURCE SURFACE FROM DISK
3384928.3	Test_Phase.SEQUENCE.Word	LOADING RESOURCE SURFACE FROM DISK
3392628.416	Test_Phase.SEQUENCE.Word	LOADING RESOURCE SURFACE FROM DISK
3402361.751	Test_Phase.SEQUENCE.Word	LOADING RESOURCE SURFACE FROM DISK
3409545.023	Test_Phase.SEQUENCE.Word	LOADING RESOURCE SURFACE FROM DISK
3416628.429	Test_Phase.SEQUENCE.Word	LOADING RESOURCE SURFACE FROM DISK
3423778.465	Test_Phase.SEQUENCE.Word	LOADING RESOURCE SURFACE FROM DISK
3430961.874	Test_Phase.SEQUENCE.Word	LOADING RESOURCE SURFACE FROM DISK
3438078.322	Test_Phase.SEQUENCE.Word	LOADING RESOURCE SURFACE FROM DISK
3445311.678	Test_Phase.SEQUENCE.Word	LOADING RESOURCE SURFACE FROM DISK
3452461.648	Test_Phase.SEQUENCE.Word	LOADING RESOURCE SURFACE FROM DISK
3459628.417	Test_Phase.SEQUENCE.Word	LOADING RESOURCE SURFACE FROM DISK
3466811.917	Test_Phase.SEQUENCE.Word	LOADING RESOURCE SURFACE FROM DISK
3474211.776	Test_Phase.SEQUENCE.Word	LOADING RESOURCE SURFACE FROM DISK
3481611.654	Test_Phase.SEQUENCE.Word	LOADING RESOURCE SURFACE FROM DISK
3489778.517	Test_Phase.SEQUENCE.Word	LOADING RESOURCE SURFACE FROM DISK
3497095.05	Test_Phase.SEQUENCE.Word	LOADING RESOURCE SURFACE FROM DISK
3504328.313	Test_Phase.SEQUENCE.Word	LOADING RESOURCE SURFACE FROM DISK
3511594.909	Test_Phase.SEQUENCE.Word	LOADING RESOURCE SURFACE FROM DISK
3518845.335	Test_Phase.SEQUENCE.Word	LOADING RESOURCE SURFACE FROM DISK
3526111.733	Test_Phase.SEQUENCE.Word	LOADING RESOURCE SURFACE FROM DISK
3534494.992	Test_Phase.SEQUENCE.Word	LOADING RESOURCE SURFACE FROM DISK
3541778.525	Test_Phase.SEQUENCE.Word	LOADING RESOURCE SURFACE FROM DISK
3548928.433	Test_Phase.SEQUENCE.Word	LOADING RESOURCE SURFACE FROM DISK
3557811.742	Test_Phase.SEQUENCE.Word	LOADING RESOURCE SURFACE FROM DISK
3569128.389	Test_Phase.SEQUENCE.Word	LOADING RESOURCE SURFACE FROM DISK
3576511.608	Test_Phase.SEQUENCE.Word	LOADING RESOURCE SURFACE FROM DISK
3584211.618	Test_Phase.SEQUENCE.Word	LOADING RESOURCE SURFACE FROM DISK
3591695.03	Test_Phase.SEQUENCE.Word	LOADING RESOURCE SURFACE FROM DISK
3598894.925	Test_Phase.SEQUENCE.Word	LOADING RESOURCE SURFACE FROM DISK
3606894.918	Test_Phase.SEQUENCE.Word	LOADING RESOURCE SURFACE FROM DISK
3614794.935	Test_Phase.SEQUENCE.Word	LOADING RESOURCE SURFACE FROM DISK
3623361.642	Test_Phase.SEQUENCE.Word	LOADING RESOURCE SURFACE FROM DISK
3630578.544	Test_Phase.SEQUENCE.Word	LOADING RESOURCE SURFACE FROM DISK
3637794.948	Test_Phase.SEQUENCE.Word	LOADING RESOURCE SURFACE FROM DISK
3645044.965	Test_Phase.SEQUENCE.Word	LOADING RESOURCE SURFACE FROM DISK
3652378.335	Test_Phase.SEQUENCE.Word	LOADING RESOURCE SURFACE FROM DISK
3659561.609	Test_Phase.SEQUENCE.Word	LOADING RESOURCE SURFACE FROM DISK
3666645.022	Test_Phase.SEQUENCE.Word	LOADING RESOURCE SURFACE FROM DISK
3673944.949	Test_Phase.SEQUENCE.Word	LOADING RESOURCE SURFACE FROM DISK
3681298.303	Test_Phase.SEQUENCE.Word	LOADING RESOURCE SURFACE FROM DISK
3688445.207	Test_Phase.SEQUENCE.Word	LOADING RESOURCE SURFACE FROM DISK
3696361.747	Test_Phase.SEQUENCE.Word	LOADING RESOURCE SURFACE FROM DISK
3703528.442	Test_Phase.SEQUENCE.Word	LOADING RESOURCE SURFACE FROM DISK
3710661.723	Test_Phase.SEQUENCE.Word	LOADING RESOURCE SURFACE FROM DISK
3717811.559	Test_Phase.SEQUENCE.Word	LOADING RESOURCE SURFACE FROM DISK
3725245.209	Test_Phase.SEQUENCE.Word	LOADING RESOURCE SURFACE FROM DISK
3732628.365	Test_Phase.SEQUENCE.Word	LOADING RESOURCE SURFACE FROM DISK
3739828.42	Test_Phase.SEQUENCE.Word	LOADING RESOURCE SURFACE FROM DISK
3747461.625	Test_Phase.SEQUENCE.Word	LOADING RESOURCE SURFACE FROM DISK
3754711.668	Test_Phase.SEQUENCE.Word	LOADING RESOURCE SURFACE FROM DISK
3761895.204	Test_Phase.SEQUENCE.Word	LOADING RESOURCE SURFACE FROM DISK
3769028.189	Test_Phase.SEQUENCE.Word	LOADING RESOURCE SURFACE FROM DISK
3776195.064	Test_Phase.SEQUENCE.Word	LOADING RESOURCE SURFACE FROM DISK
3783711.759	Test_Phase.SEQUENCE.Word	LOADING RESOURCE SURFACE FROM DISK
3790928.198	Test_Phase.SEQUENCE.Word	LOADING RESOURCE SURFACE FROM DISK
3798478.33	Test_Phase.SEQUENCE.Word	LOADING RESOURCE SURFACE FROM DISK
3805661.762	Test_Phase.SEQUENCE.Word	LOADING RESOURCE SURFACE FROM DISK
3812844.98	Test_Phase.SEQUENCE.Word	LOADING RESOURCE SURFACE FROM DISK
3820111.773	Test_Phase.SEQUENCE.Word	LOADING RESOURCE SURFACE FROM DISK
3827328.328	Test_Phase.SEQUENCE.Word	LOADING RESOURCE SURFACE FROM DISK
3830889.873	DISPLAY_SCREEN	LOADING RESOURCE SURFACE FROM DISK
