4831.082	DISPLAY_SCREEN[1]	LOADING RESOURCE SURFACE FROM DISK
795523.662	Familiarization_Phase.SEQUENCE.Cue_and_Instruction	LOADING RESOURCE SURFACE FROM DISK
795532.984	Familiarization_Phase.SEQUENCE.Cue_and_Instruction	LOADING RESOURCE SURFACE FROM DISK
801597.227	Familiarization_Phase.SEQUENCE.Cue_and_Instruction	LOADING RESOURCE SURFACE FROM DISK
801604.378	Familiarization_Phase.SEQUENCE.Cue_and_Instruction	LOADING RESOURCE SURFACE FROM DISK
807686.723	Familiarization_Phase.SEQUENCE.Cue_and_Instruction	LOADING RESOURCE SURFACE FROM DISK
807691.222	Familiarization_Phase.SEQUENCE.Cue_and_Instruction	LOADING RESOURCE SURFACE FROM DISK
850091.492	DISPLAY_SCREEN[3]	LOADING RESOURCE SURFACE FROM DISK
964845.229	DISPLAY_SCREEN[5]	LOADING RESOURCE SURFACE FROM DISK
1015110.202	Practice_Phase.SEQUENCE.Blink_Screen	LOADING RESOURCE SURFACE FROM DISK
1015111.317	Practice_Phase.SEQUENCE.Blink_Screen	flip time is later than desired time. Desired Time=1014859 Flip Time=1015126 Retrace Rate=16.921, prepareTime=276 flip request time 1015111
1016356.611	Practice_Phase.SEQUENCE.Practice_Luminance_Cue	LOADING RESOURCE SURFACE FROM DISK
1016363.322	Practice_Phase.SEQUENCE.Practice_Luminance_Cue	LOADING RESOURCE SURFACE FROM DISK
1016364.917	Practice_Phase.SEQUENCE.Practice_Luminance_Cue	flip time is later than desired time. Desired Time=1016326 Flip Time=1016376 Retrace Rate=16.921, prepareTime=63 flip request time 1016364
1018357.468	Practice_Phase.SEQUENCE.Practice_Instruction	LOADING RESOURCE SURFACE FROM DISK
1018359.939	Practice_Phase.SEQUENCE.Practice_Instruction	LOADING RESOURCE SURFACE FROM DISK
1026457.864	Practice_Phase.SEQUENCE.Practice_Instruction	LOADING RESOURCE SURFACE FROM DISK
1026465.436	Practice_Phase.SEQUENCE.Practice_Instruction	LOADING RESOURCE SURFACE FROM DISK
1026467.045	Practice_Phase.SEQUENCE.Practice_Instruction	flip time is later than desired time. Desired Time=1026443 Flip Time=1026476 Retrace Rate=16.921, prepareTime=48 flip request time 1026466
1034567.006	Practice_Phase.SEQUENCE.Practice_Instruction	LOADING RESOURCE SURFACE FROM DISK
1034576.235	Practice_Phase.SEQUENCE.Practice_Instruction	LOADING RESOURCE SURFACE FROM DISK
1034578.068	Practice_Phase.SEQUENCE.Practice_Instruction	flip time is later than desired time. Desired Time=1034543 Flip Time=1034593 Retrace Rate=16.921, prepareTime=59 flip request time 1034577
1042640.343	Practice_Phase.SEQUENCE.Practice_Instruction	LOADING RESOURCE SURFACE FROM DISK
1042642.847	Practice_Phase.SEQUENCE.Practice_Instruction	LOADING RESOURCE SURFACE FROM DISK
1050707.055	Practice_Phase.SEQUENCE.Practice_Instruction	LOADING RESOURCE SURFACE FROM DISK
1050731.356	Practice_Phase.SEQUENCE.Practice_Instruction	LOADING RESOURCE SURFACE FROM DISK
1050732.984	Practice_Phase.SEQUENCE.Practice_Instruction	flip time is later than desired time. Desired Time=1050726 Flip Time=1050743 Retrace Rate=16.921, prepareTime=31 flip request time 1050732
1058790.369	Practice_Phase.SEQUENCE.Practice_Instruction	LOADING RESOURCE SURFACE FROM DISK
1058831.055	Practice_Phase.SEQUENCE.Practice_Instruction	LOADING RESOURCE SURFACE FROM DISK
1058832.708	Practice_Phase.SEQUENCE.Practice_Instruction	flip time is later than desired time. Desired Time=1058809 Flip Time=1058843 Retrace Rate=16.921, prepareTime=47 flip request time 1058832
1066890.464	Practice_Phase.SEQUENCE.Practice_Instruction	LOADING RESOURCE SURFACE FROM DISK
1066930.873	Practice_Phase.SEQUENCE.Practice_Instruction	LOADING RESOURCE SURFACE FROM DISK
1066932.503	Practice_Phase.SEQUENCE.Practice_Instruction	flip time is later than desired time. Desired Time=1066909 Flip Time=1066943 Retrace Rate=16.921, prepareTime=47 flip request time 1066932
1074990.291	Practice_Phase.SEQUENCE.Practice_Instruction	LOADING RESOURCE SURFACE FROM DISK
1074992.692	Practice_Phase.SEQUENCE.Practice_Instruction	LOADING RESOURCE SURFACE FROM DISK
1083056.987	Practice_Phase.SEQUENCE.Practice_Instruction	LOADING RESOURCE SURFACE FROM DISK
1083059.438	Practice_Phase.SEQUENCE.Practice_Instruction	LOADING RESOURCE SURFACE FROM DISK
1087732.711	DISPLAY_SCREEN[2]	LOADING RESOURCE SURFACE FROM DISK
1167456.137	Study_Phase.SEQUENCE.Study_Instruction	LOADING RESOURCE SURFACE FROM DISK
1175754.051	Study_Phase.SEQUENCE.Study_Instruction	LOADING RESOURCE SURFACE FROM DISK
1184016.432	Study_Phase.SEQUENCE.Study_Instruction	LOADING RESOURCE SURFACE FROM DISK
1184102.96	Study_Phase.SEQUENCE.Study_Instruction	LOADING RESOURCE SURFACE FROM DISK
1192401.768	Study_Phase.SEQUENCE.Study_Instruction	LOADING RESOURCE SURFACE FROM DISK
1200701.876	Study_Phase.SEQUENCE.Study_Instruction	LOADING RESOURCE SURFACE FROM DISK
1208966.106	Study_Phase.SEQUENCE.Study_Instruction	LOADING RESOURCE SURFACE FROM DISK
1208968.54	Study_Phase.SEQUENCE.Study_Instruction	LOADING RESOURCE SURFACE FROM DISK
1217281.551	Study_Phase.SEQUENCE.Study_Instruction	LOADING RESOURCE SURFACE FROM DISK
1225532.687	Study_Phase.SEQUENCE.Study_Instruction	LOADING RESOURCE SURFACE FROM DISK
1225574.071	Study_Phase.SEQUENCE.Study_Instruction	LOADING RESOURCE SURFACE FROM DISK
1233833.089	Study_Phase.SEQUENCE.Study_Instruction	LOADING RESOURCE SURFACE FROM DISK
1233835.523	Study_Phase.SEQUENCE.Study_Instruction	LOADING RESOURCE SURFACE FROM DISK
1242139.832	Study_Phase.SEQUENCE.Study_Instruction	LOADING RESOURCE SURFACE FROM DISK
1250433.262	Study_Phase.SEQUENCE.Study_Instruction	LOADING RESOURCE SURFACE FROM DISK
1258714.575	Study_Phase.SEQUENCE.Study_Instruction	LOADING RESOURCE SURFACE FROM DISK
1266966.186	Study_Phase.SEQUENCE.Study_Instruction	LOADING RESOURCE SURFACE FROM DISK
1266968.556	Study_Phase.SEQUENCE.Study_Instruction	LOADING RESOURCE SURFACE FROM DISK
1275272.28	Study_Phase.SEQUENCE.Study_Instruction	LOADING RESOURCE SURFACE FROM DISK
1283533.238	Study_Phase.SEQUENCE.Study_Instruction	LOADING RESOURCE SURFACE FROM DISK
1283535.704	Study_Phase.SEQUENCE.Study_Instruction	LOADING RESOURCE SURFACE FROM DISK
1291799.552	Study_Phase.SEQUENCE.Study_Instruction	LOADING RESOURCE SURFACE FROM DISK
1291841.0	Study_Phase.SEQUENCE.Study_Instruction	LOADING RESOURCE SURFACE FROM DISK
1300096.111	Study_Phase.SEQUENCE.Study_Instruction	LOADING RESOURCE SURFACE FROM DISK
1308384.927	Study_Phase.SEQUENCE.Study_Instruction	LOADING RESOURCE SURFACE FROM DISK
1316649.692	Study_Phase.SEQUENCE.Study_Instruction	LOADING RESOURCE SURFACE FROM DISK
1316684.6	Study_Phase.SEQUENCE.Study_Instruction	LOADING RESOURCE SURFACE FROM DISK
1324949.575	Study_Phase.SEQUENCE.Study_Instruction	LOADING RESOURCE SURFACE FROM DISK
1324987.139	Study_Phase.SEQUENCE.Study_Instruction	LOADING RESOURCE SURFACE FROM DISK
1333278.926	Study_Phase.SEQUENCE.Study_Instruction	LOADING RESOURCE SURFACE FROM DISK
1341561.628	Study_Phase.SEQUENCE.Study_Instruction	LOADING RESOURCE SURFACE FROM DISK
1349816.178	Study_Phase.SEQUENCE.Study_Instruction	LOADING RESOURCE SURFACE FROM DISK
1349818.556	Study_Phase.SEQUENCE.Study_Instruction	LOADING RESOURCE SURFACE FROM DISK
1358082.888	Study_Phase.SEQUENCE.Study_Instruction	LOADING RESOURCE SURFACE FROM DISK
1358085.284	Study_Phase.SEQUENCE.Study_Instruction	LOADING RESOURCE SURFACE FROM DISK
1366349.564	Study_Phase.SEQUENCE.Study_Instruction	LOADING RESOURCE SURFACE FROM DISK
1366385.748	Study_Phase.SEQUENCE.Study_Instruction	LOADING RESOURCE SURFACE FROM DISK
1374649.741	Study_Phase.SEQUENCE.Study_Instruction	LOADING RESOURCE SURFACE FROM DISK
1374652.158	Study_Phase.SEQUENCE.Study_Instruction	LOADING RESOURCE SURFACE FROM DISK
1382949.501	Study_Phase.SEQUENCE.Study_Instruction	LOADING RESOURCE SURFACE FROM DISK
1391217.533	Study_Phase.SEQUENCE.Study_Instruction	LOADING RESOURCE SURFACE FROM DISK
1399515.234	Study_Phase.SEQUENCE.Study_Instruction	LOADING RESOURCE SURFACE FROM DISK
1407816.396	Study_Phase.SEQUENCE.Study_Instruction	LOADING RESOURCE SURFACE FROM DISK
1416066.328	Study_Phase.SEQUENCE.Study_Instruction	LOADING RESOURCE SURFACE FROM DISK
1416068.724	Study_Phase.SEQUENCE.Study_Instruction	LOADING RESOURCE SURFACE FROM DISK
1424356.488	Study_Phase.SEQUENCE.Study_Instruction	LOADING RESOURCE SURFACE FROM DISK
1432616.136	Study_Phase.SEQUENCE.Study_Instruction	LOADING RESOURCE SURFACE FROM DISK
1432652.589	Study_Phase.SEQUENCE.Study_Instruction	LOADING RESOURCE SURFACE FROM DISK
1440947.12	Study_Phase.SEQUENCE.Study_Instruction	LOADING RESOURCE SURFACE FROM DISK
1449199.549	Study_Phase.SEQUENCE.Study_Instruction	LOADING RESOURCE SURFACE FROM DISK
1449243.369	Study_Phase.SEQUENCE.Study_Instruction	LOADING RESOURCE SURFACE FROM DISK
1457516.297	Study_Phase.SEQUENCE.Study_Instruction	LOADING RESOURCE SURFACE FROM DISK
1465766.119	Study_Phase.SEQUENCE.Study_Instruction	LOADING RESOURCE SURFACE FROM DISK
1465804.292	Study_Phase.SEQUENCE.Study_Instruction	LOADING RESOURCE SURFACE FROM DISK
1474103.966	Study_Phase.SEQUENCE.Study_Instruction	LOADING RESOURCE SURFACE FROM DISK
1482395.562	Study_Phase.SEQUENCE.Study_Instruction	LOADING RESOURCE SURFACE FROM DISK
1490681.557	Study_Phase.SEQUENCE.Study_Instruction	LOADING RESOURCE SURFACE FROM DISK
1498948.463	Study_Phase.SEQUENCE.Study_Instruction	LOADING RESOURCE SURFACE FROM DISK
1507236.239	Study_Phase.SEQUENCE.Study_Instruction	LOADING RESOURCE SURFACE FROM DISK
1515499.539	Study_Phase.SEQUENCE.Study_Instruction	LOADING RESOURCE SURFACE FROM DISK
1515536.19	Study_Phase.SEQUENCE.Study_Instruction	LOADING RESOURCE SURFACE FROM DISK
1523796.324	Study_Phase.SEQUENCE.Study_Instruction	LOADING RESOURCE SURFACE FROM DISK
1532063.749	Study_Phase.SEQUENCE.Study_Instruction	LOADING RESOURCE SURFACE FROM DISK
1540450.03	Study_Phase.SEQUENCE.Study_Instruction	LOADING RESOURCE SURFACE FROM DISK
1540465.977	Study_Phase.SEQUENCE.Study_Instruction	LOADING RESOURCE SURFACE FROM DISK
1548734.853	Study_Phase.SEQUENCE.Study_Instruction	LOADING RESOURCE SURFACE FROM DISK
1557029.97	Study_Phase.SEQUENCE.Study_Instruction	LOADING RESOURCE SURFACE FROM DISK
1565282.963	Study_Phase.SEQUENCE.Study_Instruction	LOADING RESOURCE SURFACE FROM DISK
1565321.387	Study_Phase.SEQUENCE.Study_Instruction	LOADING RESOURCE SURFACE FROM DISK
1573623.215	Study_Phase.SEQUENCE.Study_Instruction	LOADING RESOURCE SURFACE FROM DISK
1581912.684	Study_Phase.SEQUENCE.Study_Instruction	LOADING RESOURCE SURFACE FROM DISK
1590166.486	Study_Phase.SEQUENCE.Study_Instruction	LOADING RESOURCE SURFACE FROM DISK
1590207.346	Study_Phase.SEQUENCE.Study_Instruction	LOADING RESOURCE SURFACE FROM DISK
1598463.061	Study_Phase.SEQUENCE.Study_Instruction	LOADING RESOURCE SURFACE FROM DISK
1606716.014	Study_Phase.SEQUENCE.Study_Instruction	LOADING RESOURCE SURFACE FROM DISK
1606753.476	Study_Phase.SEQUENCE.Study_Instruction	LOADING RESOURCE SURFACE FROM DISK
1615013.824	Study_Phase.SEQUENCE.Study_Instruction	LOADING RESOURCE SURFACE FROM DISK
1623249.343	Study_Phase.SEQUENCE.Study_Instruction	LOADING RESOURCE SURFACE FROM DISK
1623288.122	Study_Phase.SEQUENCE.Study_Instruction	LOADING RESOURCE SURFACE FROM DISK
1631602.144	Study_Phase.SEQUENCE.Study_Instruction	LOADING RESOURCE SURFACE FROM DISK
1639904.65	Study_Phase.SEQUENCE.Study_Instruction	LOADING RESOURCE SURFACE FROM DISK
1648166.243	Study_Phase.SEQUENCE.Study_Instruction	LOADING RESOURCE SURFACE FROM DISK
1648200.996	Study_Phase.SEQUENCE.Study_Instruction	LOADING RESOURCE SURFACE FROM DISK
1656447.466	Study_Phase.SEQUENCE.Study_Instruction	LOADING RESOURCE SURFACE FROM DISK
1664734.152	Study_Phase.SEQUENCE.Study_Instruction	LOADING RESOURCE SURFACE FROM DISK
1672999.54	Study_Phase.SEQUENCE.Study_Instruction	LOADING RESOURCE SURFACE FROM DISK
1673040.089	Study_Phase.SEQUENCE.Study_Instruction	LOADING RESOURCE SURFACE FROM DISK
1681299.717	Study_Phase.SEQUENCE.Study_Instruction	LOADING RESOURCE SURFACE FROM DISK
1681302.111	Study_Phase.SEQUENCE.Study_Instruction	LOADING RESOURCE SURFACE FROM DISK
1689571.584	Study_Phase.SEQUENCE.Study_Instruction	LOADING RESOURCE SURFACE FROM DISK
1697832.79	Study_Phase.SEQUENCE.Study_Instruction	LOADING RESOURCE SURFACE FROM DISK
1697877.834	Study_Phase.SEQUENCE.Study_Instruction	LOADING RESOURCE SURFACE FROM DISK
1706132.991	Study_Phase.SEQUENCE.Study_Instruction	LOADING RESOURCE SURFACE FROM DISK
1706171.35	Study_Phase.SEQUENCE.Study_Instruction	LOADING RESOURCE SURFACE FROM DISK
1714463.204	Study_Phase.SEQUENCE.Study_Instruction	LOADING RESOURCE SURFACE FROM DISK
1722752.236	Study_Phase.SEQUENCE.Study_Instruction	LOADING RESOURCE SURFACE FROM DISK
1731016.263	Study_Phase.SEQUENCE.Study_Instruction	LOADING RESOURCE SURFACE FROM DISK
1731051.142	Study_Phase.SEQUENCE.Study_Instruction	LOADING RESOURCE SURFACE FROM DISK
1739312.765	Study_Phase.SEQUENCE.Study_Instruction	LOADING RESOURCE SURFACE FROM DISK
1747566.309	Study_Phase.SEQUENCE.Study_Instruction	LOADING RESOURCE SURFACE FROM DISK
1747606.451	Study_Phase.SEQUENCE.Study_Instruction	LOADING RESOURCE SURFACE FROM DISK
1755899.964	Study_Phase.SEQUENCE.Study_Instruction	LOADING RESOURCE SURFACE FROM DISK
1764149.667	Study_Phase.SEQUENCE.Study_Instruction	LOADING RESOURCE SURFACE FROM DISK
1764191.455	Study_Phase.SEQUENCE.Study_Instruction	LOADING RESOURCE SURFACE FROM DISK
1772486.121	Study_Phase.SEQUENCE.Study_Instruction	LOADING RESOURCE SURFACE FROM DISK
1780769.479	Study_Phase.SEQUENCE.Study_Instruction	LOADING RESOURCE SURFACE FROM DISK
1789016.265	Study_Phase.SEQUENCE.Study_Instruction	LOADING RESOURCE SURFACE FROM DISK
1789057.628	Study_Phase.SEQUENCE.Study_Instruction	LOADING RESOURCE SURFACE FROM DISK
1797351.579	Study_Phase.SEQUENCE.Study_Instruction	LOADING RESOURCE SURFACE FROM DISK
1805649.716	Study_Phase.SEQUENCE.Study_Instruction	LOADING RESOURCE SURFACE FROM DISK
1813899.687	Study_Phase.SEQUENCE.Study_Instruction	LOADING RESOURCE SURFACE FROM DISK
1813940.756	Study_Phase.SEQUENCE.Study_Instruction	LOADING RESOURCE SURFACE FROM DISK
1822234.972	Study_Phase.SEQUENCE.Study_Instruction	LOADING RESOURCE SURFACE FROM DISK
1830529.261	Study_Phase.SEQUENCE.Study_Instruction	LOADING RESOURCE SURFACE FROM DISK
1838782.939	Study_Phase.SEQUENCE.Study_Instruction	LOADING RESOURCE SURFACE FROM DISK
1838819.065	Study_Phase.SEQUENCE.Study_Instruction	LOADING RESOURCE SURFACE FROM DISK
1847083.077	Study_Phase.SEQUENCE.Study_Instruction	LOADING RESOURCE SURFACE FROM DISK
1847123.167	Study_Phase.SEQUENCE.Study_Instruction	LOADING RESOURCE SURFACE FROM DISK
1855406.163	Study_Phase.SEQUENCE.Study_Instruction	LOADING RESOURCE SURFACE FROM DISK
1863666.274	Study_Phase.SEQUENCE.Study_Instruction	LOADING RESOURCE SURFACE FROM DISK
1863708.779	Study_Phase.SEQUENCE.Study_Instruction	LOADING RESOURCE SURFACE FROM DISK
1871966.182	Study_Phase.SEQUENCE.Study_Instruction	LOADING RESOURCE SURFACE FROM DISK
1872009.362	Study_Phase.SEQUENCE.Study_Instruction	LOADING RESOURCE SURFACE FROM DISK
1880301.835	Study_Phase.SEQUENCE.Study_Instruction	LOADING RESOURCE SURFACE FROM DISK
1888566.072	Study_Phase.SEQUENCE.Study_Instruction	LOADING RESOURCE SURFACE FROM DISK
1888601.918	Study_Phase.SEQUENCE.Study_Instruction	LOADING RESOURCE SURFACE FROM DISK
1896866.397	Study_Phase.SEQUENCE.Study_Instruction	LOADING RESOURCE SURFACE FROM DISK
1896905.078	Study_Phase.SEQUENCE.Study_Instruction	LOADING RESOURCE SURFACE FROM DISK
1905197.794	Study_Phase.SEQUENCE.Study_Instruction	LOADING RESOURCE SURFACE FROM DISK
1913481.299	Study_Phase.SEQUENCE.Study_Instruction	LOADING RESOURCE SURFACE FROM DISK
1921732.895	Study_Phase.SEQUENCE.Study_Instruction	LOADING RESOURCE SURFACE FROM DISK
1921768.502	Study_Phase.SEQUENCE.Study_Instruction	LOADING RESOURCE SURFACE FROM DISK
1930061.44	Study_Phase.SEQUENCE.Study_Instruction	LOADING RESOURCE SURFACE FROM DISK
1938316.28	Study_Phase.SEQUENCE.Study_Instruction	LOADING RESOURCE SURFACE FROM DISK
1938358.716	Study_Phase.SEQUENCE.Study_Instruction	LOADING RESOURCE SURFACE FROM DISK
1946625.101	Study_Phase.SEQUENCE.Study_Instruction	LOADING RESOURCE SURFACE FROM DISK
1954921.535	Study_Phase.SEQUENCE.Study_Instruction	LOADING RESOURCE SURFACE FROM DISK
1963182.704	Study_Phase.SEQUENCE.Study_Instruction	LOADING RESOURCE SURFACE FROM DISK
1963218.394	Study_Phase.SEQUENCE.Study_Instruction	LOADING RESOURCE SURFACE FROM DISK
1971466.337	Study_Phase.SEQUENCE.Study_Instruction	LOADING RESOURCE SURFACE FROM DISK
1971468.72	Study_Phase.SEQUENCE.Study_Instruction	LOADING RESOURCE SURFACE FROM DISK
1979765.506	Study_Phase.SEQUENCE.Study_Instruction	LOADING RESOURCE SURFACE FROM DISK
1988016.176	Study_Phase.SEQUENCE.Study_Instruction	LOADING RESOURCE SURFACE FROM DISK
1988060.325	Study_Phase.SEQUENCE.Study_Instruction	LOADING RESOURCE SURFACE FROM DISK
1996299.672	Study_Phase.SEQUENCE.Study_Instruction	LOADING RESOURCE SURFACE FROM DISK
1996343.663	Study_Phase.SEQUENCE.Study_Instruction	LOADING RESOURCE SURFACE FROM DISK
2004631.757	Study_Phase.SEQUENCE.Study_Instruction	LOADING RESOURCE SURFACE FROM DISK
2012879.487	Study_Phase.SEQUENCE.Study_Instruction	LOADING RESOURCE SURFACE FROM DISK
2021144.604	Study_Phase.SEQUENCE.Study_Instruction	LOADING RESOURCE SURFACE FROM DISK
2029428.539	Study_Phase.SEQUENCE.Study_Instruction	LOADING RESOURCE SURFACE FROM DISK
2037679.315	Study_Phase.SEQUENCE.Study_Instruction	LOADING RESOURCE SURFACE FROM DISK
2045932.892	Study_Phase.SEQUENCE.Study_Instruction	LOADING RESOURCE SURFACE FROM DISK
2045974.224	Study_Phase.SEQUENCE.Study_Instruction	LOADING RESOURCE SURFACE FROM DISK
2054265.998	Study_Phase.SEQUENCE.Study_Instruction	LOADING RESOURCE SURFACE FROM DISK
2062516.349	Study_Phase.SEQUENCE.Study_Instruction	LOADING RESOURCE SURFACE FROM DISK
2062560.284	Study_Phase.SEQUENCE.Study_Instruction	LOADING RESOURCE SURFACE FROM DISK
2070851.425	Study_Phase.SEQUENCE.Study_Instruction	LOADING RESOURCE SURFACE FROM DISK
2079116.46	Study_Phase.SEQUENCE.Study_Instruction	LOADING RESOURCE SURFACE FROM DISK
2079160.253	Study_Phase.SEQUENCE.Study_Instruction	LOADING RESOURCE SURFACE FROM DISK
2087447.893	Study_Phase.SEQUENCE.Study_Instruction	LOADING RESOURCE SURFACE FROM DISK
2095682.816	Study_Phase.SEQUENCE.Study_Instruction	LOADING RESOURCE SURFACE FROM DISK
2095718.099	Study_Phase.SEQUENCE.Study_Instruction	LOADING RESOURCE SURFACE FROM DISK
2103982.803	Study_Phase.SEQUENCE.Study_Instruction	LOADING RESOURCE SURFACE FROM DISK
2103985.194	Study_Phase.SEQUENCE.Study_Instruction	LOADING RESOURCE SURFACE FROM DISK
2112249.511	Study_Phase.SEQUENCE.Study_Instruction	LOADING RESOURCE SURFACE FROM DISK
2112289.27	Study_Phase.SEQUENCE.Study_Instruction	LOADING RESOURCE SURFACE FROM DISK
2120586.315	Study_Phase.SEQUENCE.Study_Instruction	LOADING RESOURCE SURFACE FROM DISK
2128849.441	Study_Phase.SEQUENCE.Study_Instruction	LOADING RESOURCE SURFACE FROM DISK
2128851.968	Study_Phase.SEQUENCE.Study_Instruction	LOADING RESOURCE SURFACE FROM DISK
2137152.437	Study_Phase.SEQUENCE.Study_Instruction	LOADING RESOURCE SURFACE FROM DISK
2145416.161	Study_Phase.SEQUENCE.Study_Instruction	LOADING RESOURCE SURFACE FROM DISK
2145462.691	Study_Phase.SEQUENCE.Study_Instruction	LOADING RESOURCE SURFACE FROM DISK
2153716.273	Study_Phase.SEQUENCE.Study_Instruction	LOADING RESOURCE SURFACE FROM DISK
2153760.408	Study_Phase.SEQUENCE.Study_Instruction	LOADING RESOURCE SURFACE FROM DISK
2158477.102	DISPLAY_SCREEN[7]	LOADING RESOURCE SURFACE FROM DISK
2304861.144	Test_Phase.SEQUENCE.Target_Cue	LOADING RESOURCE SURFACE FROM DISK
2304874.583	Test_Phase.SEQUENCE.Target_Cue	LOADING RESOURCE SURFACE FROM DISK
2306895.922	Test_Phase.SEQUENCE.Word	LOADING RESOURCE SURFACE FROM DISK
2309954.697	Test_Phase.SEQUENCE.Test_Question	LOADING RESOURCE SURFACE FROM DISK
2309965.66	Test_Phase.SEQUENCE.Test_Question	LOADING RESOURCE SURFACE FROM DISK
2309967.411	Test_Phase.SEQUENCE.Test_Question	LOADING RESOURCE SURFACE FROM DISK
2309969.114	Test_Phase.SEQUENCE.Test_Question	LOADING RESOURCE SURFACE FROM DISK
2309971.02	Test_Phase.SEQUENCE.Test_Question	LOADING RESOURCE SURFACE FROM DISK
2309972.802	Test_Phase.SEQUENCE.Test_Question	LOADING RESOURCE SURFACE FROM DISK
2309974.571	Test_Phase.SEQUENCE.Test_Question	LOADING RESOURCE SURFACE FROM DISK
2309976.316	Test_Phase.SEQUENCE.Test_Question	LOADING RESOURCE SURFACE FROM DISK
2309977.989	Test_Phase.SEQUENCE.Test_Question	LOADING RESOURCE SURFACE FROM DISK
2309979.611	Test_Phase.SEQUENCE.Test_Question	LOADING RESOURCE SURFACE FROM DISK
2309981.405	Test_Phase.SEQUENCE.Test_Question	LOADING RESOURCE SURFACE FROM DISK
2309984.267	Test_Phase.SEQUENCE.Test_Question	LOADING RESOURCE SURFACE FROM DISK
2335279.069	Test_Phase.SEQUENCE.Word	LOADING RESOURCE SURFACE FROM DISK
2347101.696	Test_Phase.SEQUENCE.Word	LOADING RESOURCE SURFACE FROM DISK
2356098.357	Test_Phase.SEQUENCE.Word	LOADING RESOURCE SURFACE FROM DISK
2367062.472	Test_Phase.SEQUENCE.Word	LOADING RESOURCE SURFACE FROM DISK
2376664.123	Test_Phase.SEQUENCE.Word	LOADING RESOURCE SURFACE FROM DISK
2386781.505	Test_Phase.SEQUENCE.Word	LOADING RESOURCE SURFACE FROM DISK
2396779.287	Test_Phase.SEQUENCE.Word	LOADING RESOURCE SURFACE FROM DISK
2405784.719	Test_Phase.SEQUENCE.Word	LOADING RESOURCE SURFACE FROM DISK
2415112.654	Test_Phase.SEQUENCE.Word	LOADING RESOURCE SURFACE FROM DISK
2425912.555	Test_Phase.SEQUENCE.Word	LOADING RESOURCE SURFACE FROM DISK
2436683.15	Test_Phase.SEQUENCE.Word	LOADING RESOURCE SURFACE FROM DISK
2446833.41	Test_Phase.SEQUENCE.Word	LOADING RESOURCE SURFACE FROM DISK
2455945.914	Test_Phase.SEQUENCE.Word	LOADING RESOURCE SURFACE FROM DISK
2465246.187	Test_Phase.SEQUENCE.Word	LOADING RESOURCE SURFACE FROM DISK
2476883.172	Test_Phase.SEQUENCE.Word	LOADING RESOURCE SURFACE FROM DISK
2485912.4	Test_Phase.SEQUENCE.Word	LOADING RESOURCE SURFACE FROM DISK
2495085.316	Test_Phase.SEQUENCE.Word	LOADING RESOURCE SURFACE FROM DISK
2505429.107	Test_Phase.SEQUENCE.Word	LOADING RESOURCE SURFACE FROM DISK
2516446.047	Test_Phase.SEQUENCE.Word	LOADING RESOURCE SURFACE FROM DISK
2525795.806	Test_Phase.SEQUENCE.Word	LOADING RESOURCE SURFACE FROM DISK
2535245.98	Test_Phase.SEQUENCE.Word	LOADING RESOURCE SURFACE FROM DISK
2544100.835	Test_Phase.SEQUENCE.Word	LOADING RESOURCE SURFACE FROM DISK
2553145.875	Test_Phase.SEQUENCE.Word	LOADING RESOURCE SURFACE FROM DISK
2562371.953	Test_Phase.SEQUENCE.Word	LOADING RESOURCE SURFACE FROM DISK
2572745.884	Test_Phase.SEQUENCE.Word	LOADING RESOURCE SURFACE FROM DISK
2582279.164	Test_Phase.SEQUENCE.Word	LOADING RESOURCE SURFACE FROM DISK
2590145.921	Test_Phase.SEQUENCE.Word	LOADING RESOURCE SURFACE FROM DISK
2599695.808	Test_Phase.SEQUENCE.Word	LOADING RESOURCE SURFACE FROM DISK
2608862.714	Test_Phase.SEQUENCE.Word	LOADING RESOURCE SURFACE FROM DISK
2618062.375	Test_Phase.SEQUENCE.Word	LOADING RESOURCE SURFACE FROM DISK
2626181.119	Test_Phase.SEQUENCE.Word	LOADING RESOURCE SURFACE FROM DISK
2635562.544	Test_Phase.SEQUENCE.Word	LOADING RESOURCE SURFACE FROM DISK
2646845.972	Test_Phase.SEQUENCE.Word	LOADING RESOURCE SURFACE FROM DISK
2655295.839	Test_Phase.SEQUENCE.Word	LOADING RESOURCE SURFACE FROM DISK
2663779.223	Test_Phase.SEQUENCE.Word	LOADING RESOURCE SURFACE FROM DISK
2672962.62	Test_Phase.SEQUENCE.Word	LOADING RESOURCE SURFACE FROM DISK
2681479.16	Test_Phase.SEQUENCE.Word	LOADING RESOURCE SURFACE FROM DISK
2690833.836	Test_Phase.SEQUENCE.Word	LOADING RESOURCE SURFACE FROM DISK
2699129.249	Test_Phase.SEQUENCE.Word	LOADING RESOURCE SURFACE FROM DISK
2710779.257	Test_Phase.SEQUENCE.Word	LOADING RESOURCE SURFACE FROM DISK
2720012.445	Test_Phase.SEQUENCE.Word	LOADING RESOURCE SURFACE FROM DISK
2732679.045	Test_Phase.SEQUENCE.Word	LOADING RESOURCE SURFACE FROM DISK
2743135.758	Test_Phase.SEQUENCE.Word	LOADING RESOURCE SURFACE FROM DISK
2753579.251	Test_Phase.SEQUENCE.Word	LOADING RESOURCE SURFACE FROM DISK
2762912.657	Test_Phase.SEQUENCE.Word	LOADING RESOURCE SURFACE FROM DISK
2771045.974	Test_Phase.SEQUENCE.Word	LOADING RESOURCE SURFACE FROM DISK
2779229.315	Test_Phase.SEQUENCE.Word	LOADING RESOURCE SURFACE FROM DISK
2788345.938	Test_Phase.SEQUENCE.Word	LOADING RESOURCE SURFACE FROM DISK
2798019.682	Test_Phase.SEQUENCE.Word	LOADING RESOURCE SURFACE FROM DISK
2807895.876	Test_Phase.SEQUENCE.Word	LOADING RESOURCE SURFACE FROM DISK
2818412.563	Test_Phase.SEQUENCE.Word	LOADING RESOURCE SURFACE FROM DISK
2827395.836	Test_Phase.SEQUENCE.Word	LOADING RESOURCE SURFACE FROM DISK
2836829.292	Test_Phase.SEQUENCE.Word	LOADING RESOURCE SURFACE FROM DISK
2845135.673	Test_Phase.SEQUENCE.Word	LOADING RESOURCE SURFACE FROM DISK
2853912.493	Test_Phase.SEQUENCE.Word	LOADING RESOURCE SURFACE FROM DISK
2862529.215	Test_Phase.SEQUENCE.Word	LOADING RESOURCE SURFACE FROM DISK
2872103.664	Test_Phase.SEQUENCE.Word	LOADING RESOURCE SURFACE FROM DISK
2881450.578	Test_Phase.SEQUENCE.Word	LOADING RESOURCE SURFACE FROM DISK
2889979.323	Test_Phase.SEQUENCE.Word	LOADING RESOURCE SURFACE FROM DISK
2898495.987	Test_Phase.SEQUENCE.Word	LOADING RESOURCE SURFACE FROM DISK
2908379.832	Test_Phase.SEQUENCE.Word	LOADING RESOURCE SURFACE FROM DISK
2918095.802	Test_Phase.SEQUENCE.Word	LOADING RESOURCE SURFACE FROM DISK
2928590.771	Test_Phase.SEQUENCE.Word	LOADING RESOURCE SURFACE FROM DISK
2938262.422	Test_Phase.SEQUENCE.Word	LOADING RESOURCE SURFACE FROM DISK
2946145.992	Test_Phase.SEQUENCE.Word	LOADING RESOURCE SURFACE FROM DISK
2956179.268	Test_Phase.SEQUENCE.Word	LOADING RESOURCE SURFACE FROM DISK
2966186.44	Test_Phase.SEQUENCE.Word	LOADING RESOURCE SURFACE FROM DISK
2974477.859	Test_Phase.SEQUENCE.Word	LOADING RESOURCE SURFACE FROM DISK
2982546.447	Test_Phase.SEQUENCE.Word	LOADING RESOURCE SURFACE FROM DISK
2991383.83	Test_Phase.SEQUENCE.Word	LOADING RESOURCE SURFACE FROM DISK
3000512.88	Test_Phase.SEQUENCE.Word	LOADING RESOURCE SURFACE FROM DISK
3010978.883	Test_Phase.SEQUENCE.Word	LOADING RESOURCE SURFACE FROM DISK
3021335.398	Test_Phase.SEQUENCE.Word	LOADING RESOURCE SURFACE FROM DISK
3030079.167	Test_Phase.SEQUENCE.Word	LOADING RESOURCE SURFACE FROM DISK
3039479.107	Test_Phase.SEQUENCE.Word	LOADING RESOURCE SURFACE FROM DISK
3047781.456	Test_Phase.SEQUENCE.Word	LOADING RESOURCE SURFACE FROM DISK
3057597.856	Test_Phase.SEQUENCE.Word	LOADING RESOURCE SURFACE FROM DISK
3066181.563	Test_Phase.SEQUENCE.Word	LOADING RESOURCE SURFACE FROM DISK
3074796.016	Test_Phase.SEQUENCE.Word	LOADING RESOURCE SURFACE FROM DISK
3086197.304	Test_Phase.SEQUENCE.Word	LOADING RESOURCE SURFACE FROM DISK
3095879.17	Test_Phase.SEQUENCE.Word	LOADING RESOURCE SURFACE FROM DISK
3105762.563	Test_Phase.SEQUENCE.Word	LOADING RESOURCE SURFACE FROM DISK
3114479.129	Test_Phase.SEQUENCE.Word	LOADING RESOURCE SURFACE FROM DISK
3123154.513	Test_Phase.SEQUENCE.Word	LOADING RESOURCE SURFACE FROM DISK
3131995.941	Test_Phase.SEQUENCE.Word	LOADING RESOURCE SURFACE FROM DISK
3140596.112	Test_Phase.SEQUENCE.Word	LOADING RESOURCE SURFACE FROM DISK
3149500.642	Test_Phase.SEQUENCE.Word	LOADING RESOURCE SURFACE FROM DISK
3158062.753	Test_Phase.SEQUENCE.Word	LOADING RESOURCE SURFACE FROM DISK
3167400.466	Test_Phase.SEQUENCE.Word	LOADING RESOURCE SURFACE FROM DISK
3177945.988	Test_Phase.SEQUENCE.Word	LOADING RESOURCE SURFACE FROM DISK
3188081.485	Test_Phase.SEQUENCE.Word	LOADING RESOURCE SURFACE FROM DISK
3196462.593	Test_Phase.SEQUENCE.Word	LOADING RESOURCE SURFACE FROM DISK
3205246.15	Test_Phase.SEQUENCE.Word	LOADING RESOURCE SURFACE FROM DISK
3214404.319	Test_Phase.SEQUENCE.Word	LOADING RESOURCE SURFACE FROM DISK
3222779.358	Test_Phase.SEQUENCE.Word	LOADING RESOURCE SURFACE FROM DISK
3232245.802	Test_Phase.SEQUENCE.Word	LOADING RESOURCE SURFACE FROM DISK
3241149.695	Test_Phase.SEQUENCE.Word	LOADING RESOURCE SURFACE FROM DISK
3250850.704	Test_Phase.SEQUENCE.Word	LOADING RESOURCE SURFACE FROM DISK
3260429.146	Test_Phase.SEQUENCE.Word	LOADING RESOURCE SURFACE FROM DISK
3270545.882	Test_Phase.SEQUENCE.Word	LOADING RESOURCE SURFACE FROM DISK
3281229.094	Test_Phase.SEQUENCE.Word	LOADING RESOURCE SURFACE FROM DISK
3292885.931	Test_Phase.SEQUENCE.Word	LOADING RESOURCE SURFACE FROM DISK
3303537.953	Test_Phase.SEQUENCE.Word	LOADING RESOURCE SURFACE FROM DISK
3312578.638	Test_Phase.SEQUENCE.Word	LOADING RESOURCE SURFACE FROM DISK
3322112.546	Test_Phase.SEQUENCE.Word	LOADING RESOURCE SURFACE FROM DISK
3330729.373	Test_Phase.SEQUENCE.Word	LOADING RESOURCE SURFACE FROM DISK
3339229.415	Test_Phase.SEQUENCE.Word	LOADING RESOURCE SURFACE FROM DISK
3347252.953	Test_Phase.SEQUENCE.Word	LOADING RESOURCE SURFACE FROM DISK
3356329.469	Test_Phase.SEQUENCE.Word	LOADING RESOURCE SURFACE FROM DISK
3364995.861	Test_Phase.SEQUENCE.Word	LOADING RESOURCE SURFACE FROM DISK
3374153.41	Test_Phase.SEQUENCE.Word	LOADING RESOURCE SURFACE FROM DISK
3383362.621	Test_Phase.SEQUENCE.Word	LOADING RESOURCE SURFACE FROM DISK
3392229.543	Test_Phase.SEQUENCE.Word	LOADING RESOURCE SURFACE FROM DISK
3400945.969	Test_Phase.SEQUENCE.Word	LOADING RESOURCE SURFACE FROM DISK
3410229.134	Test_Phase.SEQUENCE.Word	LOADING RESOURCE SURFACE FROM DISK
3419729.098	Test_Phase.SEQUENCE.Word	LOADING RESOURCE SURFACE FROM DISK
3427585.52	Test_Phase.SEQUENCE.Word	LOADING RESOURCE SURFACE FROM DISK
3436099.55	Test_Phase.SEQUENCE.Word	LOADING RESOURCE SURFACE FROM DISK
3445346.035	Test_Phase.SEQUENCE.Word	LOADING RESOURCE SURFACE FROM DISK
3453685.832	Test_Phase.SEQUENCE.Word	LOADING RESOURCE SURFACE FROM DISK
3463820.937	Test_Phase.SEQUENCE.Word	LOADING RESOURCE SURFACE FROM DISK
3473495.791	Test_Phase.SEQUENCE.Word	LOADING RESOURCE SURFACE FROM DISK
3483536.878	Test_Phase.SEQUENCE.Word	LOADING RESOURCE SURFACE FROM DISK
3493545.877	Test_Phase.SEQUENCE.Word	LOADING RESOURCE SURFACE FROM DISK
3502229.216	Test_Phase.SEQUENCE.Word	LOADING RESOURCE SURFACE FROM DISK
3513127.908	Test_Phase.SEQUENCE.Word	LOADING RESOURCE SURFACE FROM DISK
3521862.486	Test_Phase.SEQUENCE.Word	LOADING RESOURCE SURFACE FROM DISK
3532145.887	Test_Phase.SEQUENCE.Word	LOADING RESOURCE SURFACE FROM DISK
3541679.157	Test_Phase.SEQUENCE.Word	LOADING RESOURCE SURFACE FROM DISK
3550296.003	Test_Phase.SEQUENCE.Word	LOADING RESOURCE SURFACE FROM DISK
3559729.168	Test_Phase.SEQUENCE.Word	LOADING RESOURCE SURFACE FROM DISK
3567551.559	Test_Phase.SEQUENCE.Word	LOADING RESOURCE SURFACE FROM DISK
3576603.55	Test_Phase.SEQUENCE.Word	LOADING RESOURCE SURFACE FROM DISK
3585769.988	Test_Phase.SEQUENCE.Word	LOADING RESOURCE SURFACE FROM DISK
3595783.13	Test_Phase.SEQUENCE.Word	LOADING RESOURCE SURFACE FROM DISK
3606333.949	Test_Phase.SEQUENCE.Word	LOADING RESOURCE SURFACE FROM DISK
3618279.246	Test_Phase.SEQUENCE.Word	LOADING RESOURCE SURFACE FROM DISK
3628163.461	Test_Phase.SEQUENCE.Word	LOADING RESOURCE SURFACE FROM DISK
3637715.108	Test_Phase.SEQUENCE.Word	LOADING RESOURCE SURFACE FROM DISK
3648112.501	Test_Phase.SEQUENCE.Word	LOADING RESOURCE SURFACE FROM DISK
3656420.658	Test_Phase.SEQUENCE.Word	LOADING RESOURCE SURFACE FROM DISK
3665112.543	Test_Phase.SEQUENCE.Word	LOADING RESOURCE SURFACE FROM DISK
3673680.474	Test_Phase.SEQUENCE.Word	LOADING RESOURCE SURFACE FROM DISK
3684920.091	Test_Phase.SEQUENCE.Word	LOADING RESOURCE SURFACE FROM DISK
3696945.885	Test_Phase.SEQUENCE.Word	LOADING RESOURCE SURFACE FROM DISK
3707479.131	Test_Phase.SEQUENCE.Word	LOADING RESOURCE SURFACE FROM DISK
3716354.265	Test_Phase.SEQUENCE.Word	LOADING RESOURCE SURFACE FROM DISK
3726818.141	Test_Phase.SEQUENCE.Word	LOADING RESOURCE SURFACE FROM DISK
3735028.364	Test_Phase.SEQUENCE.Word	LOADING RESOURCE SURFACE FROM DISK
3744946.01	Test_Phase.SEQUENCE.Word	LOADING RESOURCE SURFACE FROM DISK
3753664.726	Test_Phase.SEQUENCE.Word	LOADING RESOURCE SURFACE FROM DISK
3763462.544	Test_Phase.SEQUENCE.Word	LOADING RESOURCE SURFACE FROM DISK
3774529.056	Test_Phase.SEQUENCE.Word	LOADING RESOURCE SURFACE FROM DISK
3783062.474	Test_Phase.SEQUENCE.Word	LOADING RESOURCE SURFACE FROM DISK
3791883.669	Test_Phase.SEQUENCE.Word	LOADING RESOURCE SURFACE FROM DISK
3801495.914	Test_Phase.SEQUENCE.Word	LOADING RESOURCE SURFACE FROM DISK
3810145.838	Test_Phase.SEQUENCE.Word	LOADING RESOURCE SURFACE FROM DISK
3828762.488	Test_Phase.SEQUENCE.Word	LOADING RESOURCE SURFACE FROM DISK
3839068.809	Test_Phase.SEQUENCE.Word	LOADING RESOURCE SURFACE FROM DISK
3848296.059	Test_Phase.SEQUENCE.Word	LOADING RESOURCE SURFACE FROM DISK
3857283.067	Test_Phase.SEQUENCE.Word	LOADING RESOURCE SURFACE FROM DISK
3867519.659	Test_Phase.SEQUENCE.Word	LOADING RESOURCE SURFACE FROM DISK
3878029.905	Test_Phase.SEQUENCE.Word	LOADING RESOURCE SURFACE FROM DISK
3886712.407	Test_Phase.SEQUENCE.Word	LOADING RESOURCE SURFACE FROM DISK
3895712.528	Test_Phase.SEQUENCE.Word	LOADING RESOURCE SURFACE FROM DISK
3904212.531	Test_Phase.SEQUENCE.Word	LOADING RESOURCE SURFACE FROM DISK
3912965.313	Test_Phase.SEQUENCE.Word	LOADING RESOURCE SURFACE FROM DISK
3920995.999	Test_Phase.SEQUENCE.Word	LOADING RESOURCE SURFACE FROM DISK
3929795.893	Test_Phase.SEQUENCE.Word	LOADING RESOURCE SURFACE FROM DISK
3938600.492	Test_Phase.SEQUENCE.Word	LOADING RESOURCE SURFACE FROM DISK
3947399.647	Test_Phase.SEQUENCE.Word	LOADING RESOURCE SURFACE FROM DISK
3959035.819	Test_Phase.SEQUENCE.Word	LOADING RESOURCE SURFACE FROM DISK
3967980.489	Test_Phase.SEQUENCE.Word	LOADING RESOURCE SURFACE FROM DISK
3978245.966	Test_Phase.SEQUENCE.Word	LOADING RESOURCE SURFACE FROM DISK
3986786.521	Test_Phase.SEQUENCE.Word	LOADING RESOURCE SURFACE FROM DISK
3994962.588	Test_Phase.SEQUENCE.Word	LOADING RESOURCE SURFACE FROM DISK
4003612.46	Test_Phase.SEQUENCE.Word	LOADING RESOURCE SURFACE FROM DISK
4013345.801	Test_Phase.SEQUENCE.Word	LOADING RESOURCE SURFACE FROM DISK
4022330.549	Test_Phase.SEQUENCE.Word	LOADING RESOURCE SURFACE FROM DISK
4030745.912	Test_Phase.SEQUENCE.Word	LOADING RESOURCE SURFACE FROM DISK
4039077.686	Test_Phase.SEQUENCE.Word	LOADING RESOURCE SURFACE FROM DISK
4049269.864	Test_Phase.SEQUENCE.Word	LOADING RESOURCE SURFACE FROM DISK
4059179.22	Test_Phase.SEQUENCE.Word	LOADING RESOURCE SURFACE FROM DISK
4067438.652	Test_Phase.SEQUENCE.Word	LOADING RESOURCE SURFACE FROM DISK
4078912.635	Test_Phase.SEQUENCE.Word	LOADING RESOURCE SURFACE FROM DISK
4088012.021	Test_Phase.SEQUENCE.Word	LOADING RESOURCE SURFACE FROM DISK
4096029.305	Test_Phase.SEQUENCE.Word	LOADING RESOURCE SURFACE FROM DISK
4105929.089	Test_Phase.SEQUENCE.Word	LOADING RESOURCE SURFACE FROM DISK
4114666.315	Test_Phase.SEQUENCE.Word	LOADING RESOURCE SURFACE FROM DISK
4123187.237	Test_Phase.SEQUENCE.Word	LOADING RESOURCE SURFACE FROM DISK
4133552.751	Test_Phase.SEQUENCE.Word	LOADING RESOURCE SURFACE FROM DISK
4142367.082	Test_Phase.SEQUENCE.Word	LOADING RESOURCE SURFACE FROM DISK
4151696.631	Test_Phase.SEQUENCE.Word	LOADING RESOURCE SURFACE FROM DISK
4161895.945	Test_Phase.SEQUENCE.Word	LOADING RESOURCE SURFACE FROM DISK
4172162.438	Test_Phase.SEQUENCE.Word	LOADING RESOURCE SURFACE FROM DISK
4181334.596	Test_Phase.SEQUENCE.Word	LOADING RESOURCE SURFACE FROM DISK
4190234.657	Test_Phase.SEQUENCE.Word	LOADING RESOURCE SURFACE FROM DISK
4198979.087	Test_Phase.SEQUENCE.Word	LOADING RESOURCE SURFACE FROM DISK
4203530.282	DISPLAY_SCREEN	LOADING RESOURCE SURFACE FROM DISK
