4845.331	DISPLAY_SCREEN[1]	LOADING RESOURCE SURFACE FROM DISK
6817158.421	Familiarization_Phase.SEQUENCE.Cue_and_Instruction	LOADING RESOURCE SURFACE FROM DISK
6817181.761	Familiarization_Phase.SEQUENCE.Cue_and_Instruction	LOADING RESOURCE SURFACE FROM DISK
6823256.893	Familiarization_Phase.SEQUENCE.Cue_and_Instruction	LOADING RESOURCE SURFACE FROM DISK
6823281.588	Familiarization_Phase.SEQUENCE.Cue_and_Instruction	LOADING RESOURCE SURFACE FROM DISK
6829374.846	Familiarization_Phase.SEQUENCE.Cue_and_Instruction	LOADING RESOURCE SURFACE FROM DISK
6829392.63	Familiarization_Phase.SEQUENCE.Cue_and_Instruction	LOADING RESOURCE SURFACE FROM DISK
6871801.868	DISPLAY_SCREEN[3]	LOADING RESOURCE SURFACE FROM DISK
6875782.36	DISPLAY_SCREEN[5]	LOADING RESOURCE SURFACE FROM DISK
7029808.509	Practice_Phase.SEQUENCE.Blink_Screen	LOADING RESOURCE SURFACE FROM DISK
7029809.632	Practice_Phase.SEQUENCE.Blink_Screen	flip time is later than desired time. Desired Time=7029552 Flip Time=7029819 Retrace Rate=16.642, prepareTime=281 flip request time 7029809
7031040.725	Practice_Phase.SEQUENCE.Practice_Luminance_Cue	LOADING RESOURCE SURFACE FROM DISK
7031067.919	Practice_Phase.SEQUENCE.Practice_Luminance_Cue	LOADING RESOURCE SURFACE FROM DISK
7031069.471	Practice_Phase.SEQUENCE.Practice_Luminance_Cue	flip time is later than desired time. Desired Time=7031019 Flip Time=7031085 Retrace Rate=16.642, prepareTime=74 flip request time 7031069
7031607.323	Practice_Phase.SEQUENCE.DISPLAY_SCREEN	LOADING RESOURCE SURFACE FROM DISK
7031609.289	Practice_Phase.SEQUENCE.DISPLAY_SCREEN	flip time is later than desired time. Desired Time=7031585 Flip Time=7031619 Retrace Rate=16.642, prepareTime=47 flip request time 7031609
7033138.395	Practice_Phase.SEQUENCE.Practice_Instruction	LOADING RESOURCE SURFACE FROM DISK
7033139.784	Practice_Phase.SEQUENCE.Practice_Instruction	flip time is later than desired time. Desired Time=7033119 Flip Time=7033152 Retrace Rate=16.642, prepareTime=44 flip request time 7033139
7039761.251	Practice_Phase.SEQUENCE.DISPLAY_SCREEN	LOADING RESOURCE SURFACE FROM DISK
7039762.983	Practice_Phase.SEQUENCE.DISPLAY_SCREEN	flip time is later than desired time. Desired Time=7039719 Flip Time=7039785 Retrace Rate=16.642, prepareTime=68 flip request time 7039762
7041284.978	Practice_Phase.SEQUENCE.Practice_Instruction	LOADING RESOURCE SURFACE FROM DISK
7041286.45	Practice_Phase.SEQUENCE.Practice_Instruction	flip time is later than desired time. Desired Time=7041285 Flip Time=7041302 Retrace Rate=16.642, prepareTime=25 flip request time 7041286
7047884.234	Practice_Phase.SEQUENCE.DISPLAY_SCREEN	LOADING RESOURCE SURFACE FROM DISK
7047885.986	Practice_Phase.SEQUENCE.DISPLAY_SCREEN	flip time is later than desired time. Desired Time=7047869 Flip Time=7047902 Retrace Rate=16.642, prepareTime=41 flip request time 7047885
7049417.989	Practice_Phase.SEQUENCE.Practice_Instruction	LOADING RESOURCE SURFACE FROM DISK
7049419.401	Practice_Phase.SEQUENCE.Practice_Instruction	flip time is later than desired time. Desired Time=7049402 Flip Time=7049435 Retrace Rate=16.642, prepareTime=41 flip request time 7049419
7055983.853	Practice_Phase.SEQUENCE.DISPLAY_SCREEN	LOADING RESOURCE SURFACE FROM DISK
7057513.351	Practice_Phase.SEQUENCE.Practice_Instruction	LOADING RESOURCE SURFACE FROM DISK
7057514.898	Practice_Phase.SEQUENCE.Practice_Instruction	flip time is later than desired time. Desired Time=7057502 Flip Time=7057535 Retrace Rate=16.642, prepareTime=36 flip request time 7057514
7064083.524	Practice_Phase.SEQUENCE.DISPLAY_SCREEN	LOADING RESOURCE SURFACE FROM DISK
7065622.999	Practice_Phase.SEQUENCE.Practice_Instruction	LOADING RESOURCE SURFACE FROM DISK
7065624.386	Practice_Phase.SEQUENCE.Practice_Instruction	flip time is later than desired time. Desired Time=7065602 Flip Time=7065635 Retrace Rate=16.642, prepareTime=46 flip request time 7065624
7072183.784	Practice_Phase.SEQUENCE.DISPLAY_SCREEN	LOADING RESOURCE SURFACE FROM DISK
7073719.166	Practice_Phase.SEQUENCE.Practice_Instruction	LOADING RESOURCE SURFACE FROM DISK
7073720.639	Practice_Phase.SEQUENCE.Practice_Instruction	flip time is later than desired time. Desired Time=7073702 Flip Time=7073735 Retrace Rate=16.642, prepareTime=42 flip request time 7073720
7080283.641	Practice_Phase.SEQUENCE.DISPLAY_SCREEN	LOADING RESOURCE SURFACE FROM DISK
7081823.66	Practice_Phase.SEQUENCE.Practice_Instruction	LOADING RESOURCE SURFACE FROM DISK
7081825.087	Practice_Phase.SEQUENCE.Practice_Instruction	flip time is later than desired time. Desired Time=7081802 Flip Time=7081835 Retrace Rate=16.642, prepareTime=47 flip request time 7081824
7088383.56	Practice_Phase.SEQUENCE.DISPLAY_SCREEN	LOADING RESOURCE SURFACE FROM DISK
7089917.015	Practice_Phase.SEQUENCE.Practice_Instruction	LOADING RESOURCE SURFACE FROM DISK
7089918.469	Practice_Phase.SEQUENCE.Practice_Instruction	flip time is later than desired time. Desired Time=7089902 Flip Time=7089935 Retrace Rate=16.642, prepareTime=40 flip request time 7089918
7096483.77	Practice_Phase.SEQUENCE.DISPLAY_SCREEN	LOADING RESOURCE SURFACE FROM DISK
7097980.706	Practice_Phase.SEQUENCE.Practice_Instruction	LOADING RESOURCE SURFACE FROM DISK
7102661.598	DISPLAY_SCREEN[2]	LOADING RESOURCE SURFACE FROM DISK
7201841.858	Study_Phase.SEQUENCE.DISPLAY_SCREEN	LOADING RESOURCE SURFACE FROM DISK
7203653.592	Study_Phase.SEQUENCE.Study_Instruction	LOADING RESOURCE SURFACE FROM DISK
7211960.402	Study_Phase.SEQUENCE.Study_Instruction	LOADING RESOURCE SURFACE FROM DISK
7218725.45	Study_Phase.SEQUENCE.DISPLAY_SCREEN	LOADING RESOURCE SURFACE FROM DISK
7220281.384	Study_Phase.SEQUENCE.Study_Instruction	LOADING RESOURCE SURFACE FROM DISK
7227041.89	Study_Phase.SEQUENCE.DISPLAY_SCREEN	LOADING RESOURCE SURFACE FROM DISK
7228599.619	Study_Phase.SEQUENCE.Study_Instruction	LOADING RESOURCE SURFACE FROM DISK
7236907.632	Study_Phase.SEQUENCE.Study_Instruction	LOADING RESOURCE SURFACE FROM DISK
7243641.976	Study_Phase.SEQUENCE.DISPLAY_SCREEN	LOADING RESOURCE SURFACE FROM DISK
7245193.907	Study_Phase.SEQUENCE.Study_Instruction	LOADING RESOURCE SURFACE FROM DISK
7252058.699	Study_Phase.SEQUENCE.DISPLAY_SCREEN	LOADING RESOURCE SURFACE FROM DISK
7253614.547	Study_Phase.SEQUENCE.Study_Instruction	LOADING RESOURCE SURFACE FROM DISK
7261928.845	Study_Phase.SEQUENCE.Study_Instruction	LOADING RESOURCE SURFACE FROM DISK
7268691.692	Study_Phase.SEQUENCE.DISPLAY_SCREEN	LOADING RESOURCE SURFACE FROM DISK
7270246.607	Study_Phase.SEQUENCE.Study_Instruction	LOADING RESOURCE SURFACE FROM DISK
7278521.846	Study_Phase.SEQUENCE.Study_Instruction	LOADING RESOURCE SURFACE FROM DISK
7286821.184	Study_Phase.SEQUENCE.Study_Instruction	LOADING RESOURCE SURFACE FROM DISK
7293575.103	Study_Phase.SEQUENCE.DISPLAY_SCREEN	LOADING RESOURCE SURFACE FROM DISK
7295125.947	Study_Phase.SEQUENCE.Study_Instruction	LOADING RESOURCE SURFACE FROM DISK
7303389.324	Study_Phase.SEQUENCE.Study_Instruction	LOADING RESOURCE SURFACE FROM DISK
7310141.909	Study_Phase.SEQUENCE.DISPLAY_SCREEN	LOADING RESOURCE SURFACE FROM DISK
7311694.647	Study_Phase.SEQUENCE.Study_Instruction	LOADING RESOURCE SURFACE FROM DISK
7320013.391	Study_Phase.SEQUENCE.Study_Instruction	LOADING RESOURCE SURFACE FROM DISK
7328289.314	Study_Phase.SEQUENCE.Study_Instruction	LOADING RESOURCE SURFACE FROM DISK
7336603.27	Study_Phase.SEQUENCE.Study_Instruction	LOADING RESOURCE SURFACE FROM DISK
7343358.609	Study_Phase.SEQUENCE.DISPLAY_SCREEN	LOADING RESOURCE SURFACE FROM DISK
7344907.018	Study_Phase.SEQUENCE.Study_Instruction	LOADING RESOURCE SURFACE FROM DISK
7353193.988	Study_Phase.SEQUENCE.Study_Instruction	LOADING RESOURCE SURFACE FROM DISK
7361514.539	Study_Phase.SEQUENCE.Study_Instruction	LOADING RESOURCE SURFACE FROM DISK
7368275.242	Study_Phase.SEQUENCE.DISPLAY_SCREEN	LOADING RESOURCE SURFACE FROM DISK
7369798.879	Study_Phase.SEQUENCE.Study_Instruction	LOADING RESOURCE SURFACE FROM DISK
7378112.366	Study_Phase.SEQUENCE.Study_Instruction	LOADING RESOURCE SURFACE FROM DISK
7386425.454	Study_Phase.SEQUENCE.Study_Instruction	LOADING RESOURCE SURFACE FROM DISK
7394688.754	Study_Phase.SEQUENCE.Study_Instruction	LOADING RESOURCE SURFACE FROM DISK
7401442.163	Study_Phase.SEQUENCE.DISPLAY_SCREEN	LOADING RESOURCE SURFACE FROM DISK
7402989.726	Study_Phase.SEQUENCE.Study_Instruction	LOADING RESOURCE SURFACE FROM DISK
7411292.194	Study_Phase.SEQUENCE.Study_Instruction	LOADING RESOURCE SURFACE FROM DISK
7419588.245	Study_Phase.SEQUENCE.Study_Instruction	LOADING RESOURCE SURFACE FROM DISK
7426341.988	Study_Phase.SEQUENCE.DISPLAY_SCREEN	LOADING RESOURCE SURFACE FROM DISK
7427889.268	Study_Phase.SEQUENCE.Study_Instruction	LOADING RESOURCE SURFACE FROM DISK
7436196.155	Study_Phase.SEQUENCE.Study_Instruction	LOADING RESOURCE SURFACE FROM DISK
7444510.995	Study_Phase.SEQUENCE.Study_Instruction	LOADING RESOURCE SURFACE FROM DISK
7452826.181	Study_Phase.SEQUENCE.Study_Instruction	LOADING RESOURCE SURFACE FROM DISK
7461122.497	Study_Phase.SEQUENCE.Study_Instruction	LOADING RESOURCE SURFACE FROM DISK
7469388.725	Study_Phase.SEQUENCE.Study_Instruction	LOADING RESOURCE SURFACE FROM DISK
7476142.038	Study_Phase.SEQUENCE.DISPLAY_SCREEN	LOADING RESOURCE SURFACE FROM DISK
7477664.948	Study_Phase.SEQUENCE.Study_Instruction	LOADING RESOURCE SURFACE FROM DISK
7484425.16	Study_Phase.SEQUENCE.DISPLAY_SCREEN	LOADING RESOURCE SURFACE FROM DISK
7485975.147	Study_Phase.SEQUENCE.Study_Instruction	LOADING RESOURCE SURFACE FROM DISK
7494261.349	Study_Phase.SEQUENCE.Study_Instruction	LOADING RESOURCE SURFACE FROM DISK
7502573.406	Study_Phase.SEQUENCE.Study_Instruction	LOADING RESOURCE SURFACE FROM DISK
7509325.419	Study_Phase.SEQUENCE.DISPLAY_SCREEN	LOADING RESOURCE SURFACE FROM DISK
7510839.288	Study_Phase.SEQUENCE.Study_Instruction	LOADING RESOURCE SURFACE FROM DISK
7517592.019	Study_Phase.SEQUENCE.DISPLAY_SCREEN	LOADING RESOURCE SURFACE FROM DISK
7519105.988	Study_Phase.SEQUENCE.Study_Instruction	LOADING RESOURCE SURFACE FROM DISK
7525858.821	Study_Phase.SEQUENCE.DISPLAY_SCREEN	LOADING RESOURCE SURFACE FROM DISK
7527413.89	Study_Phase.SEQUENCE.Study_Instruction	LOADING RESOURCE SURFACE FROM DISK
7535729.808	Study_Phase.SEQUENCE.Study_Instruction	LOADING RESOURCE SURFACE FROM DISK
7544046.419	Study_Phase.SEQUENCE.Study_Instruction	LOADING RESOURCE SURFACE FROM DISK
7550808.622	Study_Phase.SEQUENCE.DISPLAY_SCREEN	LOADING RESOURCE SURFACE FROM DISK
7552363.513	Study_Phase.SEQUENCE.Study_Instruction	LOADING RESOURCE SURFACE FROM DISK
7560680.193	Study_Phase.SEQUENCE.Study_Instruction	LOADING RESOURCE SURFACE FROM DISK
7567441.906	Study_Phase.SEQUENCE.DISPLAY_SCREEN	LOADING RESOURCE SURFACE FROM DISK
7569009.033	Study_Phase.SEQUENCE.Study_Instruction	LOADING RESOURCE SURFACE FROM DISK
7577312.192	Study_Phase.SEQUENCE.Study_Instruction	LOADING RESOURCE SURFACE FROM DISK
7584058.606	Study_Phase.SEQUENCE.DISPLAY_SCREEN	LOADING RESOURCE SURFACE FROM DISK
7585614.119	Study_Phase.SEQUENCE.Study_Instruction	LOADING RESOURCE SURFACE FROM DISK
7593924.013	Study_Phase.SEQUENCE.Study_Instruction	LOADING RESOURCE SURFACE FROM DISK
7600675.393	Study_Phase.SEQUENCE.DISPLAY_SCREEN	LOADING RESOURCE SURFACE FROM DISK
7602227.989	Study_Phase.SEQUENCE.Study_Instruction	LOADING RESOURCE SURFACE FROM DISK
7608991.802	Study_Phase.SEQUENCE.DISPLAY_SCREEN	LOADING RESOURCE SURFACE FROM DISK
7610527.784	Study_Phase.SEQUENCE.Study_Instruction	LOADING RESOURCE SURFACE FROM DISK
7617292.091	Study_Phase.SEQUENCE.DISPLAY_SCREEN	LOADING RESOURCE SURFACE FROM DISK
7618805.998	Study_Phase.SEQUENCE.Study_Instruction	LOADING RESOURCE SURFACE FROM DISK
7627072.127	Study_Phase.SEQUENCE.Study_Instruction	LOADING RESOURCE SURFACE FROM DISK
7633825.383	Study_Phase.SEQUENCE.DISPLAY_SCREEN	LOADING RESOURCE SURFACE FROM DISK
7635382.014	Study_Phase.SEQUENCE.Study_Instruction	LOADING RESOURCE SURFACE FROM DISK
7643693.095	Study_Phase.SEQUENCE.Study_Instruction	LOADING RESOURCE SURFACE FROM DISK
7650441.906	Study_Phase.SEQUENCE.DISPLAY_SCREEN	LOADING RESOURCE SURFACE FROM DISK
7651962.099	Study_Phase.SEQUENCE.Study_Instruction	LOADING RESOURCE SURFACE FROM DISK
7660239.19	Study_Phase.SEQUENCE.Study_Instruction	LOADING RESOURCE SURFACE FROM DISK
7666991.931	Study_Phase.SEQUENCE.DISPLAY_SCREEN	LOADING RESOURCE SURFACE FROM DISK
7668548.152	Study_Phase.SEQUENCE.Study_Instruction	LOADING RESOURCE SURFACE FROM DISK
7675308.749	Study_Phase.SEQUENCE.DISPLAY_SCREEN	LOADING RESOURCE SURFACE FROM DISK
7676857.881	Study_Phase.SEQUENCE.Study_Instruction	LOADING RESOURCE SURFACE FROM DISK
7683608.563	Study_Phase.SEQUENCE.DISPLAY_SCREEN	LOADING RESOURCE SURFACE FROM DISK
7685160.291	Study_Phase.SEQUENCE.Study_Instruction	LOADING RESOURCE SURFACE FROM DISK
7691925.3	Study_Phase.SEQUENCE.DISPLAY_SCREEN	LOADING RESOURCE SURFACE FROM DISK
7693478.242	Study_Phase.SEQUENCE.Study_Instruction	LOADING RESOURCE SURFACE FROM DISK
7700241.837	Study_Phase.SEQUENCE.DISPLAY_SCREEN	LOADING RESOURCE SURFACE FROM DISK
7701780.489	Study_Phase.SEQUENCE.Study_Instruction	LOADING RESOURCE SURFACE FROM DISK
7708541.95	Study_Phase.SEQUENCE.DISPLAY_SCREEN	LOADING RESOURCE SURFACE FROM DISK
7710093.784	Study_Phase.SEQUENCE.Study_Instruction	LOADING RESOURCE SURFACE FROM DISK
7718371.901	Study_Phase.SEQUENCE.Study_Instruction	LOADING RESOURCE SURFACE FROM DISK
7726680.596	Study_Phase.SEQUENCE.Study_Instruction	LOADING RESOURCE SURFACE FROM DISK
7733441.901	Study_Phase.SEQUENCE.DISPLAY_SCREEN	LOADING RESOURCE SURFACE FROM DISK
7734990.205	Study_Phase.SEQUENCE.Study_Instruction	LOADING RESOURCE SURFACE FROM DISK
7743291.406	Study_Phase.SEQUENCE.Study_Instruction	LOADING RESOURCE SURFACE FROM DISK
7750042.074	Study_Phase.SEQUENCE.DISPLAY_SCREEN	LOADING RESOURCE SURFACE FROM DISK
7751555.83	Study_Phase.SEQUENCE.Study_Instruction	LOADING RESOURCE SURFACE FROM DISK
7759822.005	Study_Phase.SEQUENCE.Study_Instruction	LOADING RESOURCE SURFACE FROM DISK
7766575.255	Study_Phase.SEQUENCE.DISPLAY_SCREEN	LOADING RESOURCE SURFACE FROM DISK
7768126.344	Study_Phase.SEQUENCE.Study_Instruction	LOADING RESOURCE SURFACE FROM DISK
7774875.547	Study_Phase.SEQUENCE.DISPLAY_SCREEN	LOADING RESOURCE SURFACE FROM DISK
7776430.709	Study_Phase.SEQUENCE.Study_Instruction	LOADING RESOURCE SURFACE FROM DISK
7784746.222	Study_Phase.SEQUENCE.Study_Instruction	LOADING RESOURCE SURFACE FROM DISK
7793059.929	Study_Phase.SEQUENCE.Study_Instruction	LOADING RESOURCE SURFACE FROM DISK
7801343.429	Study_Phase.SEQUENCE.Study_Instruction	LOADING RESOURCE SURFACE FROM DISK
7808108.66	Study_Phase.SEQUENCE.DISPLAY_SCREEN	LOADING RESOURCE SURFACE FROM DISK
7809656.098	Study_Phase.SEQUENCE.Study_Instruction	LOADING RESOURCE SURFACE FROM DISK
7817963.691	Study_Phase.SEQUENCE.Study_Instruction	LOADING RESOURCE SURFACE FROM DISK
7826274.815	Study_Phase.SEQUENCE.Study_Instruction	LOADING RESOURCE SURFACE FROM DISK
7833025.211	Study_Phase.SEQUENCE.DISPLAY_SCREEN	LOADING RESOURCE SURFACE FROM DISK
7834574.836	Study_Phase.SEQUENCE.Study_Instruction	LOADING RESOURCE SURFACE FROM DISK
7842839.411	Study_Phase.SEQUENCE.Study_Instruction	LOADING RESOURCE SURFACE FROM DISK
7851150.698	Study_Phase.SEQUENCE.Study_Instruction	LOADING RESOURCE SURFACE FROM DISK
7859455.161	Study_Phase.SEQUENCE.Study_Instruction	LOADING RESOURCE SURFACE FROM DISK
7866191.929	Study_Phase.SEQUENCE.DISPLAY_SCREEN	LOADING RESOURCE SURFACE FROM DISK
7867744.757	Study_Phase.SEQUENCE.Study_Instruction	LOADING RESOURCE SURFACE FROM DISK
7876022.143	Study_Phase.SEQUENCE.Study_Instruction	LOADING RESOURCE SURFACE FROM DISK
7884322.256	Study_Phase.SEQUENCE.Study_Instruction	LOADING RESOURCE SURFACE FROM DISK
7892589.519	Study_Phase.SEQUENCE.Study_Instruction	LOADING RESOURCE SURFACE FROM DISK
7899341.95	Study_Phase.SEQUENCE.DISPLAY_SCREEN	LOADING RESOURCE SURFACE FROM DISK
7900896.045	Study_Phase.SEQUENCE.Study_Instruction	LOADING RESOURCE SURFACE FROM DISK
7909210.367	Study_Phase.SEQUENCE.Study_Instruction	LOADING RESOURCE SURFACE FROM DISK
7917528.456	Study_Phase.SEQUENCE.Study_Instruction	LOADING RESOURCE SURFACE FROM DISK
7925842.058	Study_Phase.SEQUENCE.Study_Instruction	LOADING RESOURCE SURFACE FROM DISK
7932592.079	Study_Phase.SEQUENCE.DISPLAY_SCREEN	LOADING RESOURCE SURFACE FROM DISK
7934168.828	Study_Phase.SEQUENCE.Study_Instruction	LOADING RESOURCE SURFACE FROM DISK
7940925.206	Study_Phase.SEQUENCE.DISPLAY_SCREEN	LOADING RESOURCE SURFACE FROM DISK
7942481.055	Study_Phase.SEQUENCE.Study_Instruction	LOADING RESOURCE SURFACE FROM DISK
7950799.836	Study_Phase.SEQUENCE.Study_Instruction	LOADING RESOURCE SURFACE FROM DISK
7959106.917	Study_Phase.SEQUENCE.Study_Instruction	LOADING RESOURCE SURFACE FROM DISK
7965858.643	Study_Phase.SEQUENCE.DISPLAY_SCREEN	LOADING RESOURCE SURFACE FROM DISK
7967372.647	Study_Phase.SEQUENCE.Study_Instruction	LOADING RESOURCE SURFACE FROM DISK
7975673.306	Study_Phase.SEQUENCE.Study_Instruction	LOADING RESOURCE SURFACE FROM DISK
7983973.258	Study_Phase.SEQUENCE.Study_Instruction	LOADING RESOURCE SURFACE FROM DISK
7990725.294	Study_Phase.SEQUENCE.DISPLAY_SCREEN	LOADING RESOURCE SURFACE FROM DISK
7992282.174	Study_Phase.SEQUENCE.Study_Instruction	LOADING RESOURCE SURFACE FROM DISK
8000581.084	Study_Phase.SEQUENCE.Study_Instruction	LOADING RESOURCE SURFACE FROM DISK
8007342.034	Study_Phase.SEQUENCE.DISPLAY_SCREEN	LOADING RESOURCE SURFACE FROM DISK
8008895.86	Study_Phase.SEQUENCE.Study_Instruction	LOADING RESOURCE SURFACE FROM DISK
8017215.814	Study_Phase.SEQUENCE.Study_Instruction	LOADING RESOURCE SURFACE FROM DISK
8023975.469	Study_Phase.SEQUENCE.DISPLAY_SCREEN	LOADING RESOURCE SURFACE FROM DISK
8025525.593	Study_Phase.SEQUENCE.Study_Instruction	LOADING RESOURCE SURFACE FROM DISK
8032275.128	Study_Phase.SEQUENCE.DISPLAY_SCREEN	LOADING RESOURCE SURFACE FROM DISK
8033831.63	Study_Phase.SEQUENCE.Study_Instruction	LOADING RESOURCE SURFACE FROM DISK
8040575.287	Study_Phase.SEQUENCE.DISPLAY_SCREEN	LOADING RESOURCE SURFACE FROM DISK
8042129.058	Study_Phase.SEQUENCE.Study_Instruction	LOADING RESOURCE SURFACE FROM DISK
8050459.769	Study_Phase.SEQUENCE.Study_Instruction	LOADING RESOURCE SURFACE FROM DISK
8058747.271	Study_Phase.SEQUENCE.Study_Instruction	LOADING RESOURCE SURFACE FROM DISK
8065508.504	Study_Phase.SEQUENCE.DISPLAY_SCREEN	LOADING RESOURCE SURFACE FROM DISK
8067058.975	Study_Phase.SEQUENCE.Study_Instruction	LOADING RESOURCE SURFACE FROM DISK
8075321.883	Study_Phase.SEQUENCE.Study_Instruction	LOADING RESOURCE SURFACE FROM DISK
8082075.369	Study_Phase.SEQUENCE.DISPLAY_SCREEN	LOADING RESOURCE SURFACE FROM DISK
8083622.558	Study_Phase.SEQUENCE.Study_Instruction	LOADING RESOURCE SURFACE FROM DISK
8090375.235	Study_Phase.SEQUENCE.DISPLAY_SCREEN	LOADING RESOURCE SURFACE FROM DISK
8091931.68	Study_Phase.SEQUENCE.Study_Instruction	LOADING RESOURCE SURFACE FROM DISK
8100224.769	Study_Phase.SEQUENCE.Study_Instruction	LOADING RESOURCE SURFACE FROM DISK
8106958.731	Study_Phase.SEQUENCE.DISPLAY_SCREEN	LOADING RESOURCE SURFACE FROM DISK
8108472.609	Study_Phase.SEQUENCE.Study_Instruction	LOADING RESOURCE SURFACE FROM DISK
8116779.307	Study_Phase.SEQUENCE.Study_Instruction	LOADING RESOURCE SURFACE FROM DISK
8125098.991	Study_Phase.SEQUENCE.Study_Instruction	LOADING RESOURCE SURFACE FROM DISK
8133413.255	Study_Phase.SEQUENCE.Study_Instruction	LOADING RESOURCE SURFACE FROM DISK
8141725.515	Study_Phase.SEQUENCE.Study_Instruction	LOADING RESOURCE SURFACE FROM DISK
8149996.503	Study_Phase.SEQUENCE.Study_Instruction	LOADING RESOURCE SURFACE FROM DISK
8158289.877	Study_Phase.SEQUENCE.Study_Instruction	LOADING RESOURCE SURFACE FROM DISK
8165041.73	Study_Phase.SEQUENCE.DISPLAY_SCREEN	LOADING RESOURCE SURFACE FROM DISK
8166598.838	Study_Phase.SEQUENCE.Study_Instruction	LOADING RESOURCE SURFACE FROM DISK
8174872.109	Study_Phase.SEQUENCE.Study_Instruction	LOADING RESOURCE SURFACE FROM DISK
8183179.537	Study_Phase.SEQUENCE.Study_Instruction	LOADING RESOURCE SURFACE FROM DISK
8191489.268	Study_Phase.SEQUENCE.Study_Instruction	LOADING RESOURCE SURFACE FROM DISK
8196203.707	DISPLAY_SCREEN[7]	LOADING RESOURCE SURFACE FROM DISK
8371995.045	Test_Phase.SEQUENCE.Target_Cue	LOADING RESOURCE SURFACE FROM DISK
8372007.314	Test_Phase.SEQUENCE.Target_Cue	LOADING RESOURCE SURFACE FROM DISK
8374021.927	Test_Phase.SEQUENCE.Word	LOADING RESOURCE SURFACE FROM DISK
8377077.805	Test_Phase.SEQUENCE.Test_Question	LOADING RESOURCE SURFACE FROM DISK
8377094.703	Test_Phase.SEQUENCE.Test_Question	LOADING RESOURCE SURFACE FROM DISK
8377109.009	Test_Phase.SEQUENCE.Test_Question	LOADING RESOURCE SURFACE FROM DISK
8377120.073	Test_Phase.SEQUENCE.Test_Question	LOADING RESOURCE SURFACE FROM DISK
8377139.08	Test_Phase.SEQUENCE.Test_Question	LOADING RESOURCE SURFACE FROM DISK
8377141.012	Test_Phase.SEQUENCE.Test_Question	LOADING RESOURCE SURFACE FROM DISK
8377153.35	Test_Phase.SEQUENCE.Test_Question	LOADING RESOURCE SURFACE FROM DISK
8377164.741	Test_Phase.SEQUENCE.Test_Question	LOADING RESOURCE SURFACE FROM DISK
8377175.072	Test_Phase.SEQUENCE.Test_Question	LOADING RESOURCE SURFACE FROM DISK
8377190.311	Test_Phase.SEQUENCE.Test_Question	LOADING RESOURCE SURFACE FROM DISK
8377204.019	Test_Phase.SEQUENCE.Test_Question	LOADING RESOURCE SURFACE FROM DISK
8377205.923	Test_Phase.SEQUENCE.Test_Question	LOADING RESOURCE SURFACE FROM DISK
8383489.383	Test_Phase.SEQUENCE.Word	LOADING RESOURCE SURFACE FROM DISK
8392488.712	Test_Phase.SEQUENCE.Word	LOADING RESOURCE SURFACE FROM DISK
8402272.836	Test_Phase.SEQUENCE.Word	LOADING RESOURCE SURFACE FROM DISK
8410080.7	Test_Phase.SEQUENCE.Word	LOADING RESOURCE SURFACE FROM DISK
8418692.954	Test_Phase.SEQUENCE.Word	LOADING RESOURCE SURFACE FROM DISK
8425814.525	Test_Phase.SEQUENCE.Word	LOADING RESOURCE SURFACE FROM DISK
8433705.253	Test_Phase.SEQUENCE.Word	LOADING RESOURCE SURFACE FROM DISK
8441738.557	Test_Phase.SEQUENCE.Word	LOADING RESOURCE SURFACE FROM DISK
8449661.249	Test_Phase.SEQUENCE.Word	LOADING RESOURCE SURFACE FROM DISK
8457713.352	Test_Phase.SEQUENCE.Word	LOADING RESOURCE SURFACE FROM DISK
8466559.233	Test_Phase.SEQUENCE.Word	LOADING RESOURCE SURFACE FROM DISK
8475488.983	Test_Phase.SEQUENCE.Word	LOADING RESOURCE SURFACE FROM DISK
8483759.547	Test_Phase.SEQUENCE.Word	LOADING RESOURCE SURFACE FROM DISK
8491978.081	Test_Phase.SEQUENCE.Word	LOADING RESOURCE SURFACE FROM DISK
8500588.825	Test_Phase.SEQUENCE.Word	LOADING RESOURCE SURFACE FROM DISK
8507855.26	Test_Phase.SEQUENCE.Word	LOADING RESOURCE SURFACE FROM DISK
8516171.942	Test_Phase.SEQUENCE.Word	LOADING RESOURCE SURFACE FROM DISK
8523577.473	Test_Phase.SEQUENCE.Word	LOADING RESOURCE SURFACE FROM DISK
8531022.029	Test_Phase.SEQUENCE.Word	LOADING RESOURCE SURFACE FROM DISK
8539072.128	Test_Phase.SEQUENCE.Word	LOADING RESOURCE SURFACE FROM DISK
8546588.598	Test_Phase.SEQUENCE.Word	LOADING RESOURCE SURFACE FROM DISK
8554459.09	Test_Phase.SEQUENCE.Word	LOADING RESOURCE SURFACE FROM DISK
8562588.691	Test_Phase.SEQUENCE.Word	LOADING RESOURCE SURFACE FROM DISK
8570055.467	Test_Phase.SEQUENCE.Word	LOADING RESOURCE SURFACE FROM DISK
8577255.41	Test_Phase.SEQUENCE.Word	LOADING RESOURCE SURFACE FROM DISK
8585588.635	Test_Phase.SEQUENCE.Word	LOADING RESOURCE SURFACE FROM DISK
8593441.71	Test_Phase.SEQUENCE.Word	LOADING RESOURCE SURFACE FROM DISK
8601497.281	Test_Phase.SEQUENCE.Word	LOADING RESOURCE SURFACE FROM DISK
8609738.717	Test_Phase.SEQUENCE.Word	LOADING RESOURCE SURFACE FROM DISK
8617755.28	Test_Phase.SEQUENCE.Word	LOADING RESOURCE SURFACE FROM DISK
8626088.662	Test_Phase.SEQUENCE.Word	LOADING RESOURCE SURFACE FROM DISK
8633373.64	Test_Phase.SEQUENCE.Word	LOADING RESOURCE SURFACE FROM DISK
8641555.344	Test_Phase.SEQUENCE.Word	LOADING RESOURCE SURFACE FROM DISK
8649472.024	Test_Phase.SEQUENCE.Word	LOADING RESOURCE SURFACE FROM DISK
8656805.388	Test_Phase.SEQUENCE.Word	LOADING RESOURCE SURFACE FROM DISK
8664521.957	Test_Phase.SEQUENCE.Word	LOADING RESOURCE SURFACE FROM DISK
8672038.627	Test_Phase.SEQUENCE.Word	LOADING RESOURCE SURFACE FROM DISK
8679439.573	Test_Phase.SEQUENCE.Word	LOADING RESOURCE SURFACE FROM DISK
8686841.305	Test_Phase.SEQUENCE.Word	LOADING RESOURCE SURFACE FROM DISK
8694705.301	Test_Phase.SEQUENCE.Word	LOADING RESOURCE SURFACE FROM DISK
8702038.776	Test_Phase.SEQUENCE.Word	LOADING RESOURCE SURFACE FROM DISK
8709538.913	Test_Phase.SEQUENCE.Word	LOADING RESOURCE SURFACE FROM DISK
8717505.441	Test_Phase.SEQUENCE.Word	LOADING RESOURCE SURFACE FROM DISK
8724755.263	Test_Phase.SEQUENCE.Word	LOADING RESOURCE SURFACE FROM DISK
8731888.575	Test_Phase.SEQUENCE.Word	LOADING RESOURCE SURFACE FROM DISK
8739105.579	Test_Phase.SEQUENCE.Word	LOADING RESOURCE SURFACE FROM DISK
8746245.827	Test_Phase.SEQUENCE.Word	LOADING RESOURCE SURFACE FROM DISK
8753622.186	Test_Phase.SEQUENCE.Word	LOADING RESOURCE SURFACE FROM DISK
8760671.998	Test_Phase.SEQUENCE.Word	LOADING RESOURCE SURFACE FROM DISK
8767738.59	Test_Phase.SEQUENCE.Word	LOADING RESOURCE SURFACE FROM DISK
8775005.321	Test_Phase.SEQUENCE.Word	LOADING RESOURCE SURFACE FROM DISK
8782156.011	Test_Phase.SEQUENCE.Word	LOADING RESOURCE SURFACE FROM DISK
8789570.213	Test_Phase.SEQUENCE.Word	LOADING RESOURCE SURFACE FROM DISK
8796746.301	Test_Phase.SEQUENCE.Word	LOADING RESOURCE SURFACE FROM DISK
8804255.495	Test_Phase.SEQUENCE.Word	LOADING RESOURCE SURFACE FROM DISK
8811400.632	Test_Phase.SEQUENCE.Word	LOADING RESOURCE SURFACE FROM DISK
8818557.89	Test_Phase.SEQUENCE.Word	LOADING RESOURCE SURFACE FROM DISK
8825655.433	Test_Phase.SEQUENCE.Word	LOADING RESOURCE SURFACE FROM DISK
8833121.969	Test_Phase.SEQUENCE.Word	LOADING RESOURCE SURFACE FROM DISK
8840414.442	Test_Phase.SEQUENCE.Word	LOADING RESOURCE SURFACE FROM DISK
8847505.288	Test_Phase.SEQUENCE.Word	LOADING RESOURCE SURFACE FROM DISK
8854655.479	Test_Phase.SEQUENCE.Word	LOADING RESOURCE SURFACE FROM DISK
8861772.022	Test_Phase.SEQUENCE.Word	LOADING RESOURCE SURFACE FROM DISK
8868888.533	Test_Phase.SEQUENCE.Word	LOADING RESOURCE SURFACE FROM DISK
8876172.108	Test_Phase.SEQUENCE.Word	LOADING RESOURCE SURFACE FROM DISK
8883271.871	Test_Phase.SEQUENCE.Word	LOADING RESOURCE SURFACE FROM DISK
8890397.257	Test_Phase.SEQUENCE.Word	LOADING RESOURCE SURFACE FROM DISK
8897871.954	Test_Phase.SEQUENCE.Word	LOADING RESOURCE SURFACE FROM DISK
8904955.315	Test_Phase.SEQUENCE.Word	LOADING RESOURCE SURFACE FROM DISK
8912105.249	Test_Phase.SEQUENCE.Word	LOADING RESOURCE SURFACE FROM DISK
8919446.286	Test_Phase.SEQUENCE.Word	LOADING RESOURCE SURFACE FROM DISK
8926671.857	Test_Phase.SEQUENCE.Word	LOADING RESOURCE SURFACE FROM DISK
8933755.373	Test_Phase.SEQUENCE.Word	LOADING RESOURCE SURFACE FROM DISK
8941110.809	Test_Phase.SEQUENCE.Word	LOADING RESOURCE SURFACE FROM DISK
8948189.153	Test_Phase.SEQUENCE.Word	LOADING RESOURCE SURFACE FROM DISK
8955705.731	Test_Phase.SEQUENCE.Word	LOADING RESOURCE SURFACE FROM DISK
8962829.471	Test_Phase.SEQUENCE.Word	LOADING RESOURCE SURFACE FROM DISK
8970474.494	Test_Phase.SEQUENCE.Word	LOADING RESOURCE SURFACE FROM DISK
8977555.265	Test_Phase.SEQUENCE.Word	LOADING RESOURCE SURFACE FROM DISK
8984621.944	Test_Phase.SEQUENCE.Word	LOADING RESOURCE SURFACE FROM DISK
8991782.255	Test_Phase.SEQUENCE.Word	LOADING RESOURCE SURFACE FROM DISK
8998942.115	Test_Phase.SEQUENCE.Word	LOADING RESOURCE SURFACE FROM DISK
9006022.21	Test_Phase.SEQUENCE.Word	LOADING RESOURCE SURFACE FROM DISK
9013088.858	Test_Phase.SEQUENCE.Word	LOADING RESOURCE SURFACE FROM DISK
9020448.346	Test_Phase.SEQUENCE.Word	LOADING RESOURCE SURFACE FROM DISK
9027522.167	Test_Phase.SEQUENCE.Word	LOADING RESOURCE SURFACE FROM DISK
9034622.022	Test_Phase.SEQUENCE.Word	LOADING RESOURCE SURFACE FROM DISK
9041827.793	Test_Phase.SEQUENCE.Word	LOADING RESOURCE SURFACE FROM DISK
9048838.683	Test_Phase.SEQUENCE.Word	LOADING RESOURCE SURFACE FROM DISK
9055927.145	Test_Phase.SEQUENCE.Word	LOADING RESOURCE SURFACE FROM DISK
9063088.552	Test_Phase.SEQUENCE.Word	LOADING RESOURCE SURFACE FROM DISK
9070196.981	Test_Phase.SEQUENCE.Word	LOADING RESOURCE SURFACE FROM DISK
9077438.733	Test_Phase.SEQUENCE.Word	LOADING RESOURCE SURFACE FROM DISK
9084505.272	Test_Phase.SEQUENCE.Word	LOADING RESOURCE SURFACE FROM DISK
9091605.336	Test_Phase.SEQUENCE.Word	LOADING RESOURCE SURFACE FROM DISK
9098741.121	Test_Phase.SEQUENCE.Word	LOADING RESOURCE SURFACE FROM DISK
9107155.698	Test_Phase.SEQUENCE.Word	LOADING RESOURCE SURFACE FROM DISK
9114439.748	Test_Phase.SEQUENCE.Word	LOADING RESOURCE SURFACE FROM DISK
9121588.477	Test_Phase.SEQUENCE.Word	LOADING RESOURCE SURFACE FROM DISK
9128779.952	Test_Phase.SEQUENCE.Word	LOADING RESOURCE SURFACE FROM DISK
9135838.618	Test_Phase.SEQUENCE.Word	LOADING RESOURCE SURFACE FROM DISK
9143225.084	Test_Phase.SEQUENCE.Word	LOADING RESOURCE SURFACE FROM DISK
9150422.158	Test_Phase.SEQUENCE.Word	LOADING RESOURCE SURFACE FROM DISK
9157656.89	Test_Phase.SEQUENCE.Word	LOADING RESOURCE SURFACE FROM DISK
9164779.776	Test_Phase.SEQUENCE.Word	LOADING RESOURCE SURFACE FROM DISK
9171980.21	Test_Phase.SEQUENCE.Word	LOADING RESOURCE SURFACE FROM DISK
9179055.27	Test_Phase.SEQUENCE.Word	LOADING RESOURCE SURFACE FROM DISK
9186123.948	Test_Phase.SEQUENCE.Word	LOADING RESOURCE SURFACE FROM DISK
9193222.295	Test_Phase.SEQUENCE.Word	LOADING RESOURCE SURFACE FROM DISK
9200388.666	Test_Phase.SEQUENCE.Word	LOADING RESOURCE SURFACE FROM DISK
9207422.01	Test_Phase.SEQUENCE.Word	LOADING RESOURCE SURFACE FROM DISK
9214546.361	Test_Phase.SEQUENCE.Word	LOADING RESOURCE SURFACE FROM DISK
9221689.68	Test_Phase.SEQUENCE.Word	LOADING RESOURCE SURFACE FROM DISK
9229338.514	Test_Phase.SEQUENCE.Word	LOADING RESOURCE SURFACE FROM DISK
9236405.284	Test_Phase.SEQUENCE.Word	LOADING RESOURCE SURFACE FROM DISK
9243505.409	Test_Phase.SEQUENCE.Word	LOADING RESOURCE SURFACE FROM DISK
9250654.035	Test_Phase.SEQUENCE.Word	LOADING RESOURCE SURFACE FROM DISK
9257882.404	Test_Phase.SEQUENCE.Word	LOADING RESOURCE SURFACE FROM DISK
9265231.211	Test_Phase.SEQUENCE.Word	LOADING RESOURCE SURFACE FROM DISK
9272405.531	Test_Phase.SEQUENCE.Word	LOADING RESOURCE SURFACE FROM DISK
9279557.571	Test_Phase.SEQUENCE.Word	LOADING RESOURCE SURFACE FROM DISK
9286656.32	Test_Phase.SEQUENCE.Word	LOADING RESOURCE SURFACE FROM DISK
9293938.519	Test_Phase.SEQUENCE.Word	LOADING RESOURCE SURFACE FROM DISK
9301105.437	Test_Phase.SEQUENCE.Word	LOADING RESOURCE SURFACE FROM DISK
9308356.878	Test_Phase.SEQUENCE.Word	LOADING RESOURCE SURFACE FROM DISK
9315405.614	Test_Phase.SEQUENCE.Word	LOADING RESOURCE SURFACE FROM DISK
9322521.99	Test_Phase.SEQUENCE.Word	LOADING RESOURCE SURFACE FROM DISK
9329611.681	Test_Phase.SEQUENCE.Word	LOADING RESOURCE SURFACE FROM DISK
9336795.01	Test_Phase.SEQUENCE.Word	LOADING RESOURCE SURFACE FROM DISK
9343972.001	Test_Phase.SEQUENCE.Word	LOADING RESOURCE SURFACE FROM DISK
9351116.558	Test_Phase.SEQUENCE.Word	LOADING RESOURCE SURFACE FROM DISK
9358505.352	Test_Phase.SEQUENCE.Word	LOADING RESOURCE SURFACE FROM DISK
9365596.54	Test_Phase.SEQUENCE.Word	LOADING RESOURCE SURFACE FROM DISK
9372638.897	Test_Phase.SEQUENCE.Word	LOADING RESOURCE SURFACE FROM DISK
9379672.028	Test_Phase.SEQUENCE.Word	LOADING RESOURCE SURFACE FROM DISK
9387021.88	Test_Phase.SEQUENCE.Word	LOADING RESOURCE SURFACE FROM DISK
9394171.84	Test_Phase.SEQUENCE.Word	LOADING RESOURCE SURFACE FROM DISK
9402455.52	Test_Phase.SEQUENCE.Word	LOADING RESOURCE SURFACE FROM DISK
9409672.138	Test_Phase.SEQUENCE.Word	LOADING RESOURCE SURFACE FROM DISK
9416838.616	Test_Phase.SEQUENCE.Word	LOADING RESOURCE SURFACE FROM DISK
9424421.965	Test_Phase.SEQUENCE.Word	LOADING RESOURCE SURFACE FROM DISK
9431505.286	Test_Phase.SEQUENCE.Word	LOADING RESOURCE SURFACE FROM DISK
9438572.155	Test_Phase.SEQUENCE.Word	LOADING RESOURCE SURFACE FROM DISK
9445671.983	Test_Phase.SEQUENCE.Word	LOADING RESOURCE SURFACE FROM DISK
9452904.908	Test_Phase.SEQUENCE.Word	LOADING RESOURCE SURFACE FROM DISK
9460123.937	Test_Phase.SEQUENCE.Word	LOADING RESOURCE SURFACE FROM DISK
9474305.535	Test_Phase.SEQUENCE.Word	LOADING RESOURCE SURFACE FROM DISK
9481421.931	Test_Phase.SEQUENCE.Word	LOADING RESOURCE SURFACE FROM DISK
9488555.392	Test_Phase.SEQUENCE.Word	LOADING RESOURCE SURFACE FROM DISK
9495671.921	Test_Phase.SEQUENCE.Word	LOADING RESOURCE SURFACE FROM DISK
9502771.92	Test_Phase.SEQUENCE.Word	LOADING RESOURCE SURFACE FROM DISK
9509855.228	Test_Phase.SEQUENCE.Word	LOADING RESOURCE SURFACE FROM DISK
9516621.911	Test_Phase.SEQUENCE.Word	LOADING RESOURCE SURFACE FROM DISK
9523914.722	Test_Phase.SEQUENCE.Word	LOADING RESOURCE SURFACE FROM DISK
9531291.694	Test_Phase.SEQUENCE.Word	LOADING RESOURCE SURFACE FROM DISK
9538371.982	Test_Phase.SEQUENCE.Word	LOADING RESOURCE SURFACE FROM DISK
9545472.046	Test_Phase.SEQUENCE.Word	LOADING RESOURCE SURFACE FROM DISK
9552738.938	Test_Phase.SEQUENCE.Word	LOADING RESOURCE SURFACE FROM DISK
9559828.899	Test_Phase.SEQUENCE.Word	LOADING RESOURCE SURFACE FROM DISK
9567271.967	Test_Phase.SEQUENCE.Word	LOADING RESOURCE SURFACE FROM DISK
9574422.104	Test_Phase.SEQUENCE.Word	LOADING RESOURCE SURFACE FROM DISK
9581588.497	Test_Phase.SEQUENCE.Word	LOADING RESOURCE SURFACE FROM DISK
9588710.433	Test_Phase.SEQUENCE.Word	LOADING RESOURCE SURFACE FROM DISK
9595823.471	Test_Phase.SEQUENCE.Word	LOADING RESOURCE SURFACE FROM DISK
9602958.392	Test_Phase.SEQUENCE.Word	LOADING RESOURCE SURFACE FROM DISK
9610055.298	Test_Phase.SEQUENCE.Word	LOADING RESOURCE SURFACE FROM DISK
9617288.663	Test_Phase.SEQUENCE.Word	LOADING RESOURCE SURFACE FROM DISK
9624405.58	Test_Phase.SEQUENCE.Word	LOADING RESOURCE SURFACE FROM DISK
9631755.407	Test_Phase.SEQUENCE.Word	LOADING RESOURCE SURFACE FROM DISK
9638821.861	Test_Phase.SEQUENCE.Word	LOADING RESOURCE SURFACE FROM DISK
9645955.234	Test_Phase.SEQUENCE.Word	LOADING RESOURCE SURFACE FROM DISK
9653105.314	Test_Phase.SEQUENCE.Word	LOADING RESOURCE SURFACE FROM DISK
9660421.857	Test_Phase.SEQUENCE.Word	LOADING RESOURCE SURFACE FROM DISK
9667572.094	Test_Phase.SEQUENCE.Word	LOADING RESOURCE SURFACE FROM DISK
9674676.138	Test_Phase.SEQUENCE.Word	LOADING RESOURCE SURFACE FROM DISK
9681838.606	Test_Phase.SEQUENCE.Word	LOADING RESOURCE SURFACE FROM DISK
9689922.182	Test_Phase.SEQUENCE.Word	LOADING RESOURCE SURFACE FROM DISK
9697071.997	Test_Phase.SEQUENCE.Word	LOADING RESOURCE SURFACE FROM DISK
9704355.466	Test_Phase.SEQUENCE.Word	LOADING RESOURCE SURFACE FROM DISK
9711538.555	Test_Phase.SEQUENCE.Word	LOADING RESOURCE SURFACE FROM DISK
9718622.068	Test_Phase.SEQUENCE.Word	LOADING RESOURCE SURFACE FROM DISK
9725638.501	Test_Phase.SEQUENCE.Word	LOADING RESOURCE SURFACE FROM DISK
9732972.148	Test_Phase.SEQUENCE.Word	LOADING RESOURCE SURFACE FROM DISK
9740049.058	Test_Phase.SEQUENCE.Word	LOADING RESOURCE SURFACE FROM DISK
9747194.706	Test_Phase.SEQUENCE.Word	LOADING RESOURCE SURFACE FROM DISK
9754322.011	Test_Phase.SEQUENCE.Word	LOADING RESOURCE SURFACE FROM DISK
9761821.868	Test_Phase.SEQUENCE.Word	LOADING RESOURCE SURFACE FROM DISK
9768973.45	Test_Phase.SEQUENCE.Word	LOADING RESOURCE SURFACE FROM DISK
9776121.941	Test_Phase.SEQUENCE.Word	LOADING RESOURCE SURFACE FROM DISK
9783238.615	Test_Phase.SEQUENCE.Word	LOADING RESOURCE SURFACE FROM DISK
9790430.348	Test_Phase.SEQUENCE.Word	LOADING RESOURCE SURFACE FROM DISK
9797471.945	Test_Phase.SEQUENCE.Word	LOADING RESOURCE SURFACE FROM DISK
9804538.565	Test_Phase.SEQUENCE.Word	LOADING RESOURCE SURFACE FROM DISK
9811730.071	Test_Phase.SEQUENCE.Word	LOADING RESOURCE SURFACE FROM DISK
9818988.776	Test_Phase.SEQUENCE.Word	LOADING RESOURCE SURFACE FROM DISK
9826072.006	Test_Phase.SEQUENCE.Word	LOADING RESOURCE SURFACE FROM DISK
9833330.048	Test_Phase.SEQUENCE.Word	LOADING RESOURCE SURFACE FROM DISK
9840605.315	Test_Phase.SEQUENCE.Word	LOADING RESOURCE SURFACE FROM DISK
9844118.777	DISPLAY_SCREEN	LOADING RESOURCE SURFACE FROM DISK
