4835.158	DISPLAY_SCREEN[1]	LOADING RESOURCE SURFACE FROM DISK
2050349.52	Familiarization_Phase.SEQUENCE.Cue_and_Instruction	LOADING RESOURCE SURFACE FROM DISK
2050353.509	Familiarization_Phase.SEQUENCE.Cue_and_Instruction	LOADING RESOURCE SURFACE FROM DISK
2056401.291	Familiarization_Phase.SEQUENCE.Cue_and_Instruction	LOADING RESOURCE SURFACE FROM DISK
2056405.502	Familiarization_Phase.SEQUENCE.Cue_and_Instruction	LOADING RESOURCE SURFACE FROM DISK
2062519.298	Familiarization_Phase.SEQUENCE.Cue_and_Instruction	LOADING RESOURCE SURFACE FROM DISK
2062523.498	Familiarization_Phase.SEQUENCE.Cue_and_Instruction	LOADING RESOURCE SURFACE FROM DISK
2104653.771	DISPLAY_SCREEN[3]	LOADING RESOURCE SURFACE FROM DISK
2148795.6	DISPLAY_SCREEN[5]	LOADING RESOURCE SURFACE FROM DISK
2302062.939	Practice_Phase.SEQUENCE.Blink_Screen	LOADING RESOURCE SURFACE FROM DISK
2302063.985	Practice_Phase.SEQUENCE.Blink_Screen	flip time is later than desired time. Desired Time=2302051 Flip Time=2302084 Retrace Rate=16.641, prepareTime=36 flip request time 2302063
2303328.404	Practice_Phase.SEQUENCE.Practice_Luminance_Cue	LOADING RESOURCE SURFACE FROM DISK
2303344.569	Practice_Phase.SEQUENCE.Practice_Luminance_Cue	LOADING RESOURCE SURFACE FROM DISK
2303346.104	Practice_Phase.SEQUENCE.Practice_Luminance_Cue	flip time is later than desired time. Desired Time=2303284 Flip Time=2303367 Retrace Rate=16.641, prepareTime=85 flip request time 2303345
2303849.013	Practice_Phase.SEQUENCE.DISPLAY_SCREEN	LOADING RESOURCE SURFACE FROM DISK
2305381.697	Practice_Phase.SEQUENCE.Practice_Instruction	LOADING RESOURCE SURFACE FROM DISK
2305383.16	Practice_Phase.SEQUENCE.Practice_Instruction	flip time is later than desired time. Desired Time=2305367 Flip Time=2305401 Retrace Rate=16.641, prepareTime=39 flip request time 2305382
2311965.656	Practice_Phase.SEQUENCE.DISPLAY_SCREEN	LOADING RESOURCE SURFACE FROM DISK
2313528.351	Practice_Phase.SEQUENCE.Practice_Instruction	LOADING RESOURCE SURFACE FROM DISK
2313529.847	Practice_Phase.SEQUENCE.Practice_Instruction	flip time is later than desired time. Desired Time=2313484 Flip Time=2313551 Retrace Rate=16.641, prepareTime=69 flip request time 2313529
2320099.053	Practice_Phase.SEQUENCE.DISPLAY_SCREEN	LOADING RESOURCE SURFACE FROM DISK
2321596.033	Practice_Phase.SEQUENCE.Practice_Instruction	LOADING RESOURCE SURFACE FROM DISK
2328165.757	Practice_Phase.SEQUENCE.DISPLAY_SCREEN	LOADING RESOURCE SURFACE FROM DISK
2329701.134	Practice_Phase.SEQUENCE.Practice_Instruction	LOADING RESOURCE SURFACE FROM DISK
2329702.646	Practice_Phase.SEQUENCE.Practice_Instruction	flip time is later than desired time. Desired Time=2329684 Flip Time=2329717 Retrace Rate=16.641, prepareTime=42 flip request time 2329702
2336265.566	Practice_Phase.SEQUENCE.DISPLAY_SCREEN	LOADING RESOURCE SURFACE FROM DISK
2337799.696	Practice_Phase.SEQUENCE.Practice_Instruction	LOADING RESOURCE SURFACE FROM DISK
2337801.193	Practice_Phase.SEQUENCE.Practice_Instruction	flip time is later than desired time. Desired Time=2337784 Flip Time=2337817 Retrace Rate=16.641, prepareTime=40 flip request time 2337800
2344365.808	Practice_Phase.SEQUENCE.DISPLAY_SCREEN	LOADING RESOURCE SURFACE FROM DISK
2345895.84	Practice_Phase.SEQUENCE.Practice_Instruction	LOADING RESOURCE SURFACE FROM DISK
2345897.386	Practice_Phase.SEQUENCE.Practice_Instruction	flip time is later than desired time. Desired Time=2345884 Flip Time=2345917 Retrace Rate=16.641, prepareTime=37 flip request time 2345897
2352465.673	Practice_Phase.SEQUENCE.DISPLAY_SCREEN	LOADING RESOURCE SURFACE FROM DISK
2353962.289	Practice_Phase.SEQUENCE.Practice_Instruction	LOADING RESOURCE SURFACE FROM DISK
2360532.227	Practice_Phase.SEQUENCE.DISPLAY_SCREEN	LOADING RESOURCE SURFACE FROM DISK
2362029.392	Practice_Phase.SEQUENCE.Practice_Instruction	LOADING RESOURCE SURFACE FROM DISK
2368599.079	Practice_Phase.SEQUENCE.DISPLAY_SCREEN	LOADING RESOURCE SURFACE FROM DISK
2370095.722	Practice_Phase.SEQUENCE.Practice_Instruction	LOADING RESOURCE SURFACE FROM DISK
2374761.524	DISPLAY_SCREEN[2]	LOADING RESOURCE SURFACE FROM DISK
2614236.936	Study_Phase.SEQUENCE.Study_Instruction	LOADING RESOURCE SURFACE FROM DISK
2622503.874	Study_Phase.SEQUENCE.Study_Instruction	LOADING RESOURCE SURFACE FROM DISK
2629257.291	Study_Phase.SEQUENCE.DISPLAY_SCREEN	LOADING RESOURCE SURFACE FROM DISK
2630810.746	Study_Phase.SEQUENCE.Study_Instruction	LOADING RESOURCE SURFACE FROM DISK
2639087.649	Study_Phase.SEQUENCE.Study_Instruction	LOADING RESOURCE SURFACE FROM DISK
2645823.823	Study_Phase.SEQUENCE.DISPLAY_SCREEN	LOADING RESOURCE SURFACE FROM DISK
2647337.693	Study_Phase.SEQUENCE.Study_Instruction	LOADING RESOURCE SURFACE FROM DISK
2654090.716	Study_Phase.SEQUENCE.DISPLAY_SCREEN	LOADING RESOURCE SURFACE FROM DISK
2655604.207	Study_Phase.SEQUENCE.Study_Instruction	LOADING RESOURCE SURFACE FROM DISK
2663871.049	Study_Phase.SEQUENCE.Study_Instruction	LOADING RESOURCE SURFACE FROM DISK
2672167.172	Study_Phase.SEQUENCE.Study_Instruction	LOADING RESOURCE SURFACE FROM DISK
2678924.105	Study_Phase.SEQUENCE.DISPLAY_SCREEN	LOADING RESOURCE SURFACE FROM DISK
2680437.615	Study_Phase.SEQUENCE.Study_Instruction	LOADING RESOURCE SURFACE FROM DISK
2688740.648	Study_Phase.SEQUENCE.Study_Instruction	LOADING RESOURCE SURFACE FROM DISK
2695490.722	Study_Phase.SEQUENCE.DISPLAY_SCREEN	LOADING RESOURCE SURFACE FROM DISK
2697043.534	Study_Phase.SEQUENCE.Study_Instruction	LOADING RESOURCE SURFACE FROM DISK
2703807.359	Study_Phase.SEQUENCE.DISPLAY_SCREEN	LOADING RESOURCE SURFACE FROM DISK
2705320.916	Study_Phase.SEQUENCE.Study_Instruction	LOADING RESOURCE SURFACE FROM DISK
2713587.666	Study_Phase.SEQUENCE.Study_Instruction	LOADING RESOURCE SURFACE FROM DISK
2720340.71	Study_Phase.SEQUENCE.DISPLAY_SCREEN	LOADING RESOURCE SURFACE FROM DISK
2721854.303	Study_Phase.SEQUENCE.Study_Instruction	LOADING RESOURCE SURFACE FROM DISK
2728607.203	Study_Phase.SEQUENCE.DISPLAY_SCREEN	LOADING RESOURCE SURFACE FROM DISK
2730154.817	Study_Phase.SEQUENCE.Study_Instruction	LOADING RESOURCE SURFACE FROM DISK
2736907.276	Study_Phase.SEQUENCE.DISPLAY_SCREEN	LOADING RESOURCE SURFACE FROM DISK
2738464.21	Study_Phase.SEQUENCE.Study_Instruction	LOADING RESOURCE SURFACE FROM DISK
2745223.974	Study_Phase.SEQUENCE.DISPLAY_SCREEN	LOADING RESOURCE SURFACE FROM DISK
2746770.06	Study_Phase.SEQUENCE.Study_Instruction	LOADING RESOURCE SURFACE FROM DISK
2755037.135	Study_Phase.SEQUENCE.Study_Instruction	LOADING RESOURCE SURFACE FROM DISK
2763304.374	Study_Phase.SEQUENCE.Study_Instruction	LOADING RESOURCE SURFACE FROM DISK
2771609.648	Study_Phase.SEQUENCE.Study_Instruction	LOADING RESOURCE SURFACE FROM DISK
2778374.141	Study_Phase.SEQUENCE.DISPLAY_SCREEN	LOADING RESOURCE SURFACE FROM DISK
2779906.966	Study_Phase.SEQUENCE.Study_Instruction	LOADING RESOURCE SURFACE FROM DISK
2788210.488	Study_Phase.SEQUENCE.Study_Instruction	LOADING RESOURCE SURFACE FROM DISK
2796529.499	Study_Phase.SEQUENCE.Study_Instruction	LOADING RESOURCE SURFACE FROM DISK
2803290.522	Study_Phase.SEQUENCE.DISPLAY_SCREEN	LOADING RESOURCE SURFACE FROM DISK
2804804.307	Study_Phase.SEQUENCE.Study_Instruction	LOADING RESOURCE SURFACE FROM DISK
2813106.963	Study_Phase.SEQUENCE.Study_Instruction	LOADING RESOURCE SURFACE FROM DISK
2819857.355	Study_Phase.SEQUENCE.DISPLAY_SCREEN	LOADING RESOURCE SURFACE FROM DISK
2821370.982	Study_Phase.SEQUENCE.Study_Instruction	LOADING RESOURCE SURFACE FROM DISK
2829637.652	Study_Phase.SEQUENCE.Study_Instruction	LOADING RESOURCE SURFACE FROM DISK
2836390.492	Study_Phase.SEQUENCE.DISPLAY_SCREEN	LOADING RESOURCE SURFACE FROM DISK
2837931.249	Study_Phase.SEQUENCE.Study_Instruction	LOADING RESOURCE SURFACE FROM DISK
2846246.713	Study_Phase.SEQUENCE.Study_Instruction	LOADING RESOURCE SURFACE FROM DISK
2854560.637	Study_Phase.SEQUENCE.Study_Instruction	LOADING RESOURCE SURFACE FROM DISK
2861324.015	Study_Phase.SEQUENCE.DISPLAY_SCREEN	LOADING RESOURCE SURFACE FROM DISK
2862837.747	Study_Phase.SEQUENCE.Study_Instruction	LOADING RESOURCE SURFACE FROM DISK
2871104.374	Study_Phase.SEQUENCE.Study_Instruction	LOADING RESOURCE SURFACE FROM DISK
2877857.491	Study_Phase.SEQUENCE.DISPLAY_SCREEN	LOADING RESOURCE SURFACE FROM DISK
2879370.998	Study_Phase.SEQUENCE.Study_Instruction	LOADING RESOURCE SURFACE FROM DISK
2887637.133	Study_Phase.SEQUENCE.Study_Instruction	LOADING RESOURCE SURFACE FROM DISK
2895904.367	Study_Phase.SEQUENCE.Study_Instruction	LOADING RESOURCE SURFACE FROM DISK
2902657.307	Study_Phase.SEQUENCE.DISPLAY_SCREEN	LOADING RESOURCE SURFACE FROM DISK
2904171.216	Study_Phase.SEQUENCE.Study_Instruction	LOADING RESOURCE SURFACE FROM DISK
2912437.268	Study_Phase.SEQUENCE.Study_Instruction	LOADING RESOURCE SURFACE FROM DISK
2920704.4	Study_Phase.SEQUENCE.Study_Instruction	LOADING RESOURCE SURFACE FROM DISK
2928970.43	Study_Phase.SEQUENCE.Study_Instruction	LOADING RESOURCE SURFACE FROM DISK
2937271.7	Study_Phase.SEQUENCE.Study_Instruction	LOADING RESOURCE SURFACE FROM DISK
2944023.856	Study_Phase.SEQUENCE.DISPLAY_SCREEN	LOADING RESOURCE SURFACE FROM DISK
2945537.8	Study_Phase.SEQUENCE.Study_Instruction	LOADING RESOURCE SURFACE FROM DISK
2953840.599	Study_Phase.SEQUENCE.Study_Instruction	LOADING RESOURCE SURFACE FROM DISK
2960590.719	Study_Phase.SEQUENCE.DISPLAY_SCREEN	LOADING RESOURCE SURFACE FROM DISK
2962104.362	Study_Phase.SEQUENCE.Study_Instruction	LOADING RESOURCE SURFACE FROM DISK
2968857.313	Study_Phase.SEQUENCE.DISPLAY_SCREEN	LOADING RESOURCE SURFACE FROM DISK
2970403.786	Study_Phase.SEQUENCE.Study_Instruction	LOADING RESOURCE SURFACE FROM DISK
2977157.294	Study_Phase.SEQUENCE.DISPLAY_SCREEN	LOADING RESOURCE SURFACE FROM DISK
2978712.273	Study_Phase.SEQUENCE.Study_Instruction	LOADING RESOURCE SURFACE FROM DISK
2986987.758	Study_Phase.SEQUENCE.Study_Instruction	LOADING RESOURCE SURFACE FROM DISK
2993740.767	Study_Phase.SEQUENCE.DISPLAY_SCREEN	LOADING RESOURCE SURFACE FROM DISK
2995254.291	Study_Phase.SEQUENCE.Study_Instruction	LOADING RESOURCE SURFACE FROM DISK
3003520.984	Study_Phase.SEQUENCE.Study_Instruction	LOADING RESOURCE SURFACE FROM DISK
3010274.072	Study_Phase.SEQUENCE.DISPLAY_SCREEN	LOADING RESOURCE SURFACE FROM DISK
3011787.754	Study_Phase.SEQUENCE.Study_Instruction	LOADING RESOURCE SURFACE FROM DISK
3020054.427	Study_Phase.SEQUENCE.Study_Instruction	LOADING RESOURCE SURFACE FROM DISK
3026807.439	Study_Phase.SEQUENCE.DISPLAY_SCREEN	LOADING RESOURCE SURFACE FROM DISK
3028321.074	Study_Phase.SEQUENCE.Study_Instruction	LOADING RESOURCE SURFACE FROM DISK
3035074.188	Study_Phase.SEQUENCE.DISPLAY_SCREEN	LOADING RESOURCE SURFACE FROM DISK
3036587.743	Study_Phase.SEQUENCE.Study_Instruction	LOADING RESOURCE SURFACE FROM DISK
3044854.332	Study_Phase.SEQUENCE.Study_Instruction	LOADING RESOURCE SURFACE FROM DISK
3051590.49	Study_Phase.SEQUENCE.DISPLAY_SCREEN	LOADING RESOURCE SURFACE FROM DISK
3053144.957	Study_Phase.SEQUENCE.Study_Instruction	LOADING RESOURCE SURFACE FROM DISK
3059907.477	Study_Phase.SEQUENCE.DISPLAY_SCREEN	LOADING RESOURCE SURFACE FROM DISK
3061463.74	Study_Phase.SEQUENCE.Study_Instruction	LOADING RESOURCE SURFACE FROM DISK
3069779.734	Study_Phase.SEQUENCE.Study_Instruction	LOADING RESOURCE SURFACE FROM DISK
3078098.292	Study_Phase.SEQUENCE.Study_Instruction	LOADING RESOURCE SURFACE FROM DISK
3086412.251	Study_Phase.SEQUENCE.Study_Instruction	LOADING RESOURCE SURFACE FROM DISK
3094687.661	Study_Phase.SEQUENCE.Study_Instruction	LOADING RESOURCE SURFACE FROM DISK
3101440.708	Study_Phase.SEQUENCE.DISPLAY_SCREEN	LOADING RESOURCE SURFACE FROM DISK
3102993.494	Study_Phase.SEQUENCE.Study_Instruction	LOADING RESOURCE SURFACE FROM DISK
3111308.292	Study_Phase.SEQUENCE.Study_Instruction	LOADING RESOURCE SURFACE FROM DISK
3118057.308	Study_Phase.SEQUENCE.DISPLAY_SCREEN	LOADING RESOURCE SURFACE FROM DISK
3119571.183	Study_Phase.SEQUENCE.Study_Instruction	LOADING RESOURCE SURFACE FROM DISK
3127854.358	Study_Phase.SEQUENCE.Study_Instruction	LOADING RESOURCE SURFACE FROM DISK
3134590.611	Study_Phase.SEQUENCE.DISPLAY_SCREEN	LOADING RESOURCE SURFACE FROM DISK
3136104.306	Study_Phase.SEQUENCE.Study_Instruction	LOADING RESOURCE SURFACE FROM DISK
3144371.024	Study_Phase.SEQUENCE.Study_Instruction	LOADING RESOURCE SURFACE FROM DISK
3152620.546	Study_Phase.SEQUENCE.Study_Instruction	LOADING RESOURCE SURFACE FROM DISK
3159373.995	Study_Phase.SEQUENCE.DISPLAY_SCREEN	LOADING RESOURCE SURFACE FROM DISK
3160931.087	Study_Phase.SEQUENCE.Study_Instruction	LOADING RESOURCE SURFACE FROM DISK
3169187.163	Study_Phase.SEQUENCE.Study_Instruction	LOADING RESOURCE SURFACE FROM DISK
3175940.786	Study_Phase.SEQUENCE.DISPLAY_SCREEN	LOADING RESOURCE SURFACE FROM DISK
3177454.523	Study_Phase.SEQUENCE.Study_Instruction	LOADING RESOURCE SURFACE FROM DISK
3185720.524	Study_Phase.SEQUENCE.Study_Instruction	LOADING RESOURCE SURFACE FROM DISK
3193987.874	Study_Phase.SEQUENCE.Study_Instruction	LOADING RESOURCE SURFACE FROM DISK
3200740.853	Study_Phase.SEQUENCE.DISPLAY_SCREEN	LOADING RESOURCE SURFACE FROM DISK
3202254.381	Study_Phase.SEQUENCE.Study_Instruction	LOADING RESOURCE SURFACE FROM DISK
3209007.438	Study_Phase.SEQUENCE.DISPLAY_SCREEN	LOADING RESOURCE SURFACE FROM DISK
3210521.079	Study_Phase.SEQUENCE.Study_Instruction	LOADING RESOURCE SURFACE FROM DISK
3218826.019	Study_Phase.SEQUENCE.Study_Instruction	LOADING RESOURCE SURFACE FROM DISK
3227124.014	Study_Phase.SEQUENCE.Study_Instruction	LOADING RESOURCE SURFACE FROM DISK
3235493.87	Study_Phase.SEQUENCE.Study_Instruction	LOADING RESOURCE SURFACE FROM DISK
3243770.426	Study_Phase.SEQUENCE.Study_Instruction	LOADING RESOURCE SURFACE FROM DISK
3252037.254	Study_Phase.SEQUENCE.Study_Instruction	LOADING RESOURCE SURFACE FROM DISK
3258790.748	Study_Phase.SEQUENCE.DISPLAY_SCREEN	LOADING RESOURCE SURFACE FROM DISK
3260338.257	Study_Phase.SEQUENCE.Study_Instruction	LOADING RESOURCE SURFACE FROM DISK
3268603.841	Study_Phase.SEQUENCE.Study_Instruction	LOADING RESOURCE SURFACE FROM DISK
3276870.941	Study_Phase.SEQUENCE.Study_Instruction	LOADING RESOURCE SURFACE FROM DISK
3283624.022	Study_Phase.SEQUENCE.DISPLAY_SCREEN	LOADING RESOURCE SURFACE FROM DISK
3285137.668	Study_Phase.SEQUENCE.Study_Instruction	LOADING RESOURCE SURFACE FROM DISK
3293387.696	Study_Phase.SEQUENCE.Study_Instruction	LOADING RESOURCE SURFACE FROM DISK
3300140.723	Study_Phase.SEQUENCE.DISPLAY_SCREEN	LOADING RESOURCE SURFACE FROM DISK
3301654.441	Study_Phase.SEQUENCE.Study_Instruction	LOADING RESOURCE SURFACE FROM DISK
3309974.122	Study_Phase.SEQUENCE.Study_Instruction	LOADING RESOURCE SURFACE FROM DISK
3316724.089	Study_Phase.SEQUENCE.DISPLAY_SCREEN	LOADING RESOURCE SURFACE FROM DISK
3318272.045	Study_Phase.SEQUENCE.Study_Instruction	LOADING RESOURCE SURFACE FROM DISK
3326579.283	Study_Phase.SEQUENCE.Study_Instruction	LOADING RESOURCE SURFACE FROM DISK
3333340.56	Study_Phase.SEQUENCE.DISPLAY_SCREEN	LOADING RESOURCE SURFACE FROM DISK
3334854.449	Study_Phase.SEQUENCE.Study_Instruction	LOADING RESOURCE SURFACE FROM DISK
3341607.283	Study_Phase.SEQUENCE.DISPLAY_SCREEN	LOADING RESOURCE SURFACE FROM DISK
3343121.11	Study_Phase.SEQUENCE.Study_Instruction	LOADING RESOURCE SURFACE FROM DISK
3351387.098	Study_Phase.SEQUENCE.Study_Instruction	LOADING RESOURCE SURFACE FROM DISK
3359654.288	Study_Phase.SEQUENCE.Study_Instruction	LOADING RESOURCE SURFACE FROM DISK
3366407.223	Study_Phase.SEQUENCE.DISPLAY_SCREEN	LOADING RESOURCE SURFACE FROM DISK
3367920.934	Study_Phase.SEQUENCE.Study_Instruction	LOADING RESOURCE SURFACE FROM DISK
3376187.68	Study_Phase.SEQUENCE.Study_Instruction	LOADING RESOURCE SURFACE FROM DISK
3384497.415	Study_Phase.SEQUENCE.Study_Instruction	LOADING RESOURCE SURFACE FROM DISK
3391257.486	Study_Phase.SEQUENCE.DISPLAY_SCREEN	LOADING RESOURCE SURFACE FROM DISK
3392808.548	Study_Phase.SEQUENCE.Study_Instruction	LOADING RESOURCE SURFACE FROM DISK
3401070.642	Study_Phase.SEQUENCE.Study_Instruction	LOADING RESOURCE SURFACE FROM DISK
3409337.65	Study_Phase.SEQUENCE.Study_Instruction	LOADING RESOURCE SURFACE FROM DISK
3417643.902	Study_Phase.SEQUENCE.Study_Instruction	LOADING RESOURCE SURFACE FROM DISK
3424407.362	Study_Phase.SEQUENCE.DISPLAY_SCREEN	LOADING RESOURCE SURFACE FROM DISK
3425921.051	Study_Phase.SEQUENCE.Study_Instruction	LOADING RESOURCE SURFACE FROM DISK
3432674.013	Study_Phase.SEQUENCE.DISPLAY_SCREEN	LOADING RESOURCE SURFACE FROM DISK
3434187.706	Study_Phase.SEQUENCE.Study_Instruction	LOADING RESOURCE SURFACE FROM DISK
3442476.209	Study_Phase.SEQUENCE.Study_Instruction	LOADING RESOURCE SURFACE FROM DISK
3449240.708	Study_Phase.SEQUENCE.DISPLAY_SCREEN	LOADING RESOURCE SURFACE FROM DISK
3450754.453	Study_Phase.SEQUENCE.Study_Instruction	LOADING RESOURCE SURFACE FROM DISK
3459063.29	Study_Phase.SEQUENCE.Study_Instruction	LOADING RESOURCE SURFACE FROM DISK
3467337.152	Study_Phase.SEQUENCE.Study_Instruction	LOADING RESOURCE SURFACE FROM DISK
3475644.434	Study_Phase.SEQUENCE.Study_Instruction	LOADING RESOURCE SURFACE FROM DISK
3482407.327	Study_Phase.SEQUENCE.DISPLAY_SCREEN	LOADING RESOURCE SURFACE FROM DISK
3483955.393	Study_Phase.SEQUENCE.Study_Instruction	LOADING RESOURCE SURFACE FROM DISK
3492221.057	Study_Phase.SEQUENCE.Study_Instruction	LOADING RESOURCE SURFACE FROM DISK
3498973.921	Study_Phase.SEQUENCE.DISPLAY_SCREEN	LOADING RESOURCE SURFACE FROM DISK
3500487.69	Study_Phase.SEQUENCE.Study_Instruction	LOADING RESOURCE SURFACE FROM DISK
3508753.773	Study_Phase.SEQUENCE.Study_Instruction	LOADING RESOURCE SURFACE FROM DISK
3517021.045	Study_Phase.SEQUENCE.Study_Instruction	LOADING RESOURCE SURFACE FROM DISK
3523773.787	Study_Phase.SEQUENCE.DISPLAY_SCREEN	LOADING RESOURCE SURFACE FROM DISK
3525287.617	Study_Phase.SEQUENCE.Study_Instruction	LOADING RESOURCE SURFACE FROM DISK
3533598.174	Study_Phase.SEQUENCE.Study_Instruction	LOADING RESOURCE SURFACE FROM DISK
3541912.608	Study_Phase.SEQUENCE.Study_Instruction	LOADING RESOURCE SURFACE FROM DISK
3550187.152	Study_Phase.SEQUENCE.Study_Instruction	LOADING RESOURCE SURFACE FROM DISK
3558453.884	Study_Phase.SEQUENCE.Study_Instruction	LOADING RESOURCE SURFACE FROM DISK
3565207.389	Study_Phase.SEQUENCE.DISPLAY_SCREEN	LOADING RESOURCE SURFACE FROM DISK
3566721.002	Study_Phase.SEQUENCE.Study_Instruction	LOADING RESOURCE SURFACE FROM DISK
3574987.15	Study_Phase.SEQUENCE.Study_Instruction	LOADING RESOURCE SURFACE FROM DISK
3581740.779	Study_Phase.SEQUENCE.DISPLAY_SCREEN	LOADING RESOURCE SURFACE FROM DISK
3583288.334	Study_Phase.SEQUENCE.Study_Instruction	LOADING RESOURCE SURFACE FROM DISK
3591554.005	Study_Phase.SEQUENCE.Study_Instruction	LOADING RESOURCE SURFACE FROM DISK
3599862.299	Study_Phase.SEQUENCE.Study_Instruction	LOADING RESOURCE SURFACE FROM DISK
3604578.703	DISPLAY_SCREEN[7]	LOADING RESOURCE SURFACE FROM DISK
3815911.637	Test_Phase.SEQUENCE.Target_Cue	LOADING RESOURCE SURFACE FROM DISK
3815923.899	Test_Phase.SEQUENCE.Target_Cue	LOADING RESOURCE SURFACE FROM DISK
3817937.515	Test_Phase.SEQUENCE.Word	LOADING RESOURCE SURFACE FROM DISK
3820994.327	Test_Phase.SEQUENCE.Test_Question	LOADING RESOURCE SURFACE FROM DISK
3821011.249	Test_Phase.SEQUENCE.Test_Question	LOADING RESOURCE SURFACE FROM DISK
3821025.555	Test_Phase.SEQUENCE.Test_Question	LOADING RESOURCE SURFACE FROM DISK
3821036.636	Test_Phase.SEQUENCE.Test_Question	LOADING RESOURCE SURFACE FROM DISK
3821038.401	Test_Phase.SEQUENCE.Test_Question	LOADING RESOURCE SURFACE FROM DISK
3821040.23	Test_Phase.SEQUENCE.Test_Question	LOADING RESOURCE SURFACE FROM DISK
3821047.691	Test_Phase.SEQUENCE.Test_Question	LOADING RESOURCE SURFACE FROM DISK
3821059.078	Test_Phase.SEQUENCE.Test_Question	LOADING RESOURCE SURFACE FROM DISK
3821060.828	Test_Phase.SEQUENCE.Test_Question	LOADING RESOURCE SURFACE FROM DISK
3821073.592	Test_Phase.SEQUENCE.Test_Question	LOADING RESOURCE SURFACE FROM DISK
3821087.286	Test_Phase.SEQUENCE.Test_Question	LOADING RESOURCE SURFACE FROM DISK
3821089.092	Test_Phase.SEQUENCE.Test_Question	LOADING RESOURCE SURFACE FROM DISK
3829837.553	Test_Phase.SEQUENCE.Word	LOADING RESOURCE SURFACE FROM DISK
3837554.02	Test_Phase.SEQUENCE.Word	LOADING RESOURCE SURFACE FROM DISK
3845287.552	Test_Phase.SEQUENCE.Word	LOADING RESOURCE SURFACE FROM DISK
3852670.669	Test_Phase.SEQUENCE.Word	LOADING RESOURCE SURFACE FROM DISK
3861520.753	Test_Phase.SEQUENCE.Word	LOADING RESOURCE SURFACE FROM DISK
3868687.4	Test_Phase.SEQUENCE.Word	LOADING RESOURCE SURFACE FROM DISK
3875854.154	Test_Phase.SEQUENCE.Word	LOADING RESOURCE SURFACE FROM DISK
3882987.57	Test_Phase.SEQUENCE.Word	LOADING RESOURCE SURFACE FROM DISK
3892403.986	Test_Phase.SEQUENCE.Word	LOADING RESOURCE SURFACE FROM DISK
3899504.171	Test_Phase.SEQUENCE.Word	LOADING RESOURCE SURFACE FROM DISK
3906654.145	Test_Phase.SEQUENCE.Word	LOADING RESOURCE SURFACE FROM DISK
3915087.395	Test_Phase.SEQUENCE.Word	LOADING RESOURCE SURFACE FROM DISK
3922353.946	Test_Phase.SEQUENCE.Word	LOADING RESOURCE SURFACE FROM DISK
3929553.968	Test_Phase.SEQUENCE.Word	LOADING RESOURCE SURFACE FROM DISK
3936737.525	Test_Phase.SEQUENCE.Word	LOADING RESOURCE SURFACE FROM DISK
3950637.45	Test_Phase.SEQUENCE.Word	LOADING RESOURCE SURFACE FROM DISK
3959953.999	Test_Phase.SEQUENCE.Word	LOADING RESOURCE SURFACE FROM DISK
3967114.918	Test_Phase.SEQUENCE.Word	LOADING RESOURCE SURFACE FROM DISK
3974387.459	Test_Phase.SEQUENCE.Word	LOADING RESOURCE SURFACE FROM DISK
3981553.973	Test_Phase.SEQUENCE.Word	LOADING RESOURCE SURFACE FROM DISK
3988705.576	Test_Phase.SEQUENCE.Word	LOADING RESOURCE SURFACE FROM DISK
3995771.062	Test_Phase.SEQUENCE.Word	LOADING RESOURCE SURFACE FROM DISK
4002879.284	Test_Phase.SEQUENCE.Word	LOADING RESOURCE SURFACE FROM DISK
4010026.844	Test_Phase.SEQUENCE.Word	LOADING RESOURCE SURFACE FROM DISK
4017106.209	Test_Phase.SEQUENCE.Word	LOADING RESOURCE SURFACE FROM DISK
4024354.166	Test_Phase.SEQUENCE.Word	LOADING RESOURCE SURFACE FROM DISK
4031370.67	Test_Phase.SEQUENCE.Word	LOADING RESOURCE SURFACE FROM DISK
4044954.068	Test_Phase.SEQUENCE.Word	LOADING RESOURCE SURFACE FROM DISK
4052320.758	Test_Phase.SEQUENCE.Word	LOADING RESOURCE SURFACE FROM DISK
4062054.067	Test_Phase.SEQUENCE.Word	LOADING RESOURCE SURFACE FROM DISK
4069120.675	Test_Phase.SEQUENCE.Word	LOADING RESOURCE SURFACE FROM DISK
4076237.65	Test_Phase.SEQUENCE.Word	LOADING RESOURCE SURFACE FROM DISK
4083904.103	Test_Phase.SEQUENCE.Word	LOADING RESOURCE SURFACE FROM DISK
4093429.556	Test_Phase.SEQUENCE.Word	LOADING RESOURCE SURFACE FROM DISK
4106347.823	Test_Phase.SEQUENCE.Word	LOADING RESOURCE SURFACE FROM DISK
4113437.445	Test_Phase.SEQUENCE.Word	LOADING RESOURCE SURFACE FROM DISK
4120520.712	Test_Phase.SEQUENCE.Word	LOADING RESOURCE SURFACE FROM DISK
4127637.342	Test_Phase.SEQUENCE.Word	LOADING RESOURCE SURFACE FROM DISK
4134725.421	Test_Phase.SEQUENCE.Word	LOADING RESOURCE SURFACE FROM DISK
4144220.565	Test_Phase.SEQUENCE.Word	LOADING RESOURCE SURFACE FROM DISK
4151429.998	Test_Phase.SEQUENCE.Word	LOADING RESOURCE SURFACE FROM DISK
4158470.637	Test_Phase.SEQUENCE.Word	LOADING RESOURCE SURFACE FROM DISK
4165554.173	Test_Phase.SEQUENCE.Word	LOADING RESOURCE SURFACE FROM DISK
4176220.669	Test_Phase.SEQUENCE.Word	LOADING RESOURCE SURFACE FROM DISK
4183220.79	Test_Phase.SEQUENCE.Word	LOADING RESOURCE SURFACE FROM DISK
4190237.501	Test_Phase.SEQUENCE.Word	LOADING RESOURCE SURFACE FROM DISK
4197304.215	Test_Phase.SEQUENCE.Word	LOADING RESOURCE SURFACE FROM DISK
4207287.427	Test_Phase.SEQUENCE.Word	LOADING RESOURCE SURFACE FROM DISK
4214320.524	Test_Phase.SEQUENCE.Word	LOADING RESOURCE SURFACE FROM DISK
4221370.687	Test_Phase.SEQUENCE.Word	LOADING RESOURCE SURFACE FROM DISK
4228420.576	Test_Phase.SEQUENCE.Word	LOADING RESOURCE SURFACE FROM DISK
4235487.4	Test_Phase.SEQUENCE.Word	LOADING RESOURCE SURFACE FROM DISK
4242587.343	Test_Phase.SEQUENCE.Word	LOADING RESOURCE SURFACE FROM DISK
4249654.07	Test_Phase.SEQUENCE.Word	LOADING RESOURCE SURFACE FROM DISK
4256737.355	Test_Phase.SEQUENCE.Word	LOADING RESOURCE SURFACE FROM DISK
4263854.164	Test_Phase.SEQUENCE.Word	LOADING RESOURCE SURFACE FROM DISK
4270904.2	Test_Phase.SEQUENCE.Word	LOADING RESOURCE SURFACE FROM DISK
4277970.687	Test_Phase.SEQUENCE.Word	LOADING RESOURCE SURFACE FROM DISK
4285106.845	Test_Phase.SEQUENCE.Word	LOADING RESOURCE SURFACE FROM DISK
4292153.91	Test_Phase.SEQUENCE.Word	LOADING RESOURCE SURFACE FROM DISK
4299570.619	Test_Phase.SEQUENCE.Word	LOADING RESOURCE SURFACE FROM DISK
4306620.779	Test_Phase.SEQUENCE.Word	LOADING RESOURCE SURFACE FROM DISK
4313740.939	Test_Phase.SEQUENCE.Word	LOADING RESOURCE SURFACE FROM DISK
4321670.674	Test_Phase.SEQUENCE.Word	LOADING RESOURCE SURFACE FROM DISK
4328970.733	Test_Phase.SEQUENCE.Word	LOADING RESOURCE SURFACE FROM DISK
4336087.582	Test_Phase.SEQUENCE.Word	LOADING RESOURCE SURFACE FROM DISK
4343170.698	Test_Phase.SEQUENCE.Word	LOADING RESOURCE SURFACE FROM DISK
4350261.345	Test_Phase.SEQUENCE.Word	LOADING RESOURCE SURFACE FROM DISK
4362187.899	Test_Phase.SEQUENCE.Word	LOADING RESOURCE SURFACE FROM DISK
4369146.473	Test_Phase.SEQUENCE.Word	LOADING RESOURCE SURFACE FROM DISK
4376154.015	Test_Phase.SEQUENCE.Word	LOADING RESOURCE SURFACE FROM DISK
4383153.91	Test_Phase.SEQUENCE.Word	LOADING RESOURCE SURFACE FROM DISK
4390254.269	Test_Phase.SEQUENCE.Word	LOADING RESOURCE SURFACE FROM DISK
4400520.569	Test_Phase.SEQUENCE.Word	LOADING RESOURCE SURFACE FROM DISK
4407487.424	Test_Phase.SEQUENCE.Word	LOADING RESOURCE SURFACE FROM DISK
4414580.724	Test_Phase.SEQUENCE.Word	LOADING RESOURCE SURFACE FROM DISK
4421670.662	Test_Phase.SEQUENCE.Word	LOADING RESOURCE SURFACE FROM DISK
4428770.843	Test_Phase.SEQUENCE.Word	LOADING RESOURCE SURFACE FROM DISK
4435920.699	Test_Phase.SEQUENCE.Word	LOADING RESOURCE SURFACE FROM DISK
4443037.447	Test_Phase.SEQUENCE.Word	LOADING RESOURCE SURFACE FROM DISK
4450237.223	Test_Phase.SEQUENCE.Word	LOADING RESOURCE SURFACE FROM DISK
4468270.793	Test_Phase.SEQUENCE.Word	LOADING RESOURCE SURFACE FROM DISK
4475354.03	Test_Phase.SEQUENCE.Word	LOADING RESOURCE SURFACE FROM DISK
4483812.548	Test_Phase.SEQUENCE.Word	LOADING RESOURCE SURFACE FROM DISK
4491137.611	Test_Phase.SEQUENCE.Word	LOADING RESOURCE SURFACE FROM DISK
4498237.397	Test_Phase.SEQUENCE.Word	LOADING RESOURCE SURFACE FROM DISK
4505420.726	Test_Phase.SEQUENCE.Word	LOADING RESOURCE SURFACE FROM DISK
4514456.856	Test_Phase.SEQUENCE.Word	LOADING RESOURCE SURFACE FROM DISK
4521541.23	Test_Phase.SEQUENCE.Word	LOADING RESOURCE SURFACE FROM DISK
4528587.421	Test_Phase.SEQUENCE.Word	LOADING RESOURCE SURFACE FROM DISK
4535604.116	Test_Phase.SEQUENCE.Word	LOADING RESOURCE SURFACE FROM DISK
4542804.006	Test_Phase.SEQUENCE.Word	LOADING RESOURCE SURFACE FROM DISK
4549954.198	Test_Phase.SEQUENCE.Word	LOADING RESOURCE SURFACE FROM DISK
4557020.624	Test_Phase.SEQUENCE.Word	LOADING RESOURCE SURFACE FROM DISK
4564103.997	Test_Phase.SEQUENCE.Word	LOADING RESOURCE SURFACE FROM DISK
4571197.338	Test_Phase.SEQUENCE.Word	LOADING RESOURCE SURFACE FROM DISK
4578237.399	Test_Phase.SEQUENCE.Word	LOADING RESOURCE SURFACE FROM DISK
4585304.221	Test_Phase.SEQUENCE.Word	LOADING RESOURCE SURFACE FROM DISK
4592354.254	Test_Phase.SEQUENCE.Word	LOADING RESOURCE SURFACE FROM DISK
4599387.383	Test_Phase.SEQUENCE.Word	LOADING RESOURCE SURFACE FROM DISK
4606371.177	Test_Phase.SEQUENCE.Word	LOADING RESOURCE SURFACE FROM DISK
4613387.403	Test_Phase.SEQUENCE.Word	LOADING RESOURCE SURFACE FROM DISK
4620506.377	Test_Phase.SEQUENCE.Word	LOADING RESOURCE SURFACE FROM DISK
4627537.302	Test_Phase.SEQUENCE.Word	LOADING RESOURCE SURFACE FROM DISK
4634593.208	Test_Phase.SEQUENCE.Word	LOADING RESOURCE SURFACE FROM DISK
4644837.65	Test_Phase.SEQUENCE.Word	LOADING RESOURCE SURFACE FROM DISK
4651975.359	Test_Phase.SEQUENCE.Word	LOADING RESOURCE SURFACE FROM DISK
4659138.386	Test_Phase.SEQUENCE.Word	LOADING RESOURCE SURFACE FROM DISK
4666217.699	Test_Phase.SEQUENCE.Word	LOADING RESOURCE SURFACE FROM DISK
4673340.39	Test_Phase.SEQUENCE.Word	LOADING RESOURCE SURFACE FROM DISK
4680528.526	Test_Phase.SEQUENCE.Word	LOADING RESOURCE SURFACE FROM DISK
4688258.679	Test_Phase.SEQUENCE.Word	LOADING RESOURCE SURFACE FROM DISK
4695304.575	Test_Phase.SEQUENCE.Word	LOADING RESOURCE SURFACE FROM DISK
4702320.666	Test_Phase.SEQUENCE.Word	LOADING RESOURCE SURFACE FROM DISK
4709437.368	Test_Phase.SEQUENCE.Word	LOADING RESOURCE SURFACE FROM DISK
4716570.906	Test_Phase.SEQUENCE.Word	LOADING RESOURCE SURFACE FROM DISK
4723629.12	Test_Phase.SEQUENCE.Word	LOADING RESOURCE SURFACE FROM DISK
4730870.694	Test_Phase.SEQUENCE.Word	LOADING RESOURCE SURFACE FROM DISK
4738092.606	Test_Phase.SEQUENCE.Word	LOADING RESOURCE SURFACE FROM DISK
4746004.099	Test_Phase.SEQUENCE.Word	LOADING RESOURCE SURFACE FROM DISK
4753120.744	Test_Phase.SEQUENCE.Word	LOADING RESOURCE SURFACE FROM DISK
4760154.008	Test_Phase.SEQUENCE.Word	LOADING RESOURCE SURFACE FROM DISK
4767237.436	Test_Phase.SEQUENCE.Word	LOADING RESOURCE SURFACE FROM DISK
4774304.085	Test_Phase.SEQUENCE.Word	LOADING RESOURCE SURFACE FROM DISK
4781424.869	Test_Phase.SEQUENCE.Word	LOADING RESOURCE SURFACE FROM DISK
4788620.818	Test_Phase.SEQUENCE.Word	LOADING RESOURCE SURFACE FROM DISK
4799237.29	Test_Phase.SEQUENCE.Word	LOADING RESOURCE SURFACE FROM DISK
4806320.546	Test_Phase.SEQUENCE.Word	LOADING RESOURCE SURFACE FROM DISK
4813404.079	Test_Phase.SEQUENCE.Word	LOADING RESOURCE SURFACE FROM DISK
4820437.453	Test_Phase.SEQUENCE.Word	LOADING RESOURCE SURFACE FROM DISK
4831570.561	Test_Phase.SEQUENCE.Word	LOADING RESOURCE SURFACE FROM DISK
4838620.619	Test_Phase.SEQUENCE.Word	LOADING RESOURCE SURFACE FROM DISK
4845820.618	Test_Phase.SEQUENCE.Word	LOADING RESOURCE SURFACE FROM DISK
4852870.728	Test_Phase.SEQUENCE.Word	LOADING RESOURCE SURFACE FROM DISK
4859854.172	Test_Phase.SEQUENCE.Word	LOADING RESOURCE SURFACE FROM DISK
4867204.084	Test_Phase.SEQUENCE.Word	LOADING RESOURCE SURFACE FROM DISK
4874379.996	Test_Phase.SEQUENCE.Word	LOADING RESOURCE SURFACE FROM DISK
4881420.863	Test_Phase.SEQUENCE.Word	LOADING RESOURCE SURFACE FROM DISK
4888420.618	Test_Phase.SEQUENCE.Word	LOADING RESOURCE SURFACE FROM DISK
4895504.042	Test_Phase.SEQUENCE.Word	LOADING RESOURCE SURFACE FROM DISK
4902537.444	Test_Phase.SEQUENCE.Word	LOADING RESOURCE SURFACE FROM DISK
4909587.334	Test_Phase.SEQUENCE.Word	LOADING RESOURCE SURFACE FROM DISK
4916714.77	Test_Phase.SEQUENCE.Word	LOADING RESOURCE SURFACE FROM DISK
4923796.824	Test_Phase.SEQUENCE.Word	LOADING RESOURCE SURFACE FROM DISK
4930854.068	Test_Phase.SEQUENCE.Word	LOADING RESOURCE SURFACE FROM DISK
4938042.429	Test_Phase.SEQUENCE.Word	LOADING RESOURCE SURFACE FROM DISK
4947776.148	Test_Phase.SEQUENCE.Word	LOADING RESOURCE SURFACE FROM DISK
4954937.429	Test_Phase.SEQUENCE.Word	LOADING RESOURCE SURFACE FROM DISK
4962055.747	Test_Phase.SEQUENCE.Word	LOADING RESOURCE SURFACE FROM DISK
4969087.326	Test_Phase.SEQUENCE.Word	LOADING RESOURCE SURFACE FROM DISK
4976137.499	Test_Phase.SEQUENCE.Word	LOADING RESOURCE SURFACE FROM DISK
4983837.465	Test_Phase.SEQUENCE.Word	LOADING RESOURCE SURFACE FROM DISK
4990904.158	Test_Phase.SEQUENCE.Word	LOADING RESOURCE SURFACE FROM DISK
4998029.873	Test_Phase.SEQUENCE.Word	LOADING RESOURCE SURFACE FROM DISK
5005087.533	Test_Phase.SEQUENCE.Word	LOADING RESOURCE SURFACE FROM DISK
5012170.607	Test_Phase.SEQUENCE.Word	LOADING RESOURCE SURFACE FROM DISK
5019204.134	Test_Phase.SEQUENCE.Word	LOADING RESOURCE SURFACE FROM DISK
5026270.821	Test_Phase.SEQUENCE.Word	LOADING RESOURCE SURFACE FROM DISK
5033320.707	Test_Phase.SEQUENCE.Word	LOADING RESOURCE SURFACE FROM DISK
5042484.478	Test_Phase.SEQUENCE.Word	LOADING RESOURCE SURFACE FROM DISK
5049571.009	Test_Phase.SEQUENCE.Word	LOADING RESOURCE SURFACE FROM DISK
5056620.873	Test_Phase.SEQUENCE.Word	LOADING RESOURCE SURFACE FROM DISK
5064804.042	Test_Phase.SEQUENCE.Word	LOADING RESOURCE SURFACE FROM DISK
5071853.931	Test_Phase.SEQUENCE.Word	LOADING RESOURCE SURFACE FROM DISK
5078887.468	Test_Phase.SEQUENCE.Word	LOADING RESOURCE SURFACE FROM DISK
5085870.705	Test_Phase.SEQUENCE.Word	LOADING RESOURCE SURFACE FROM DISK
5092870.66	Test_Phase.SEQUENCE.Word	LOADING RESOURCE SURFACE FROM DISK
5099959.677	Test_Phase.SEQUENCE.Word	LOADING RESOURCE SURFACE FROM DISK
5107647.223	Test_Phase.SEQUENCE.Word	LOADING RESOURCE SURFACE FROM DISK
5114687.311	Test_Phase.SEQUENCE.Word	LOADING RESOURCE SURFACE FROM DISK
5125830.742	Test_Phase.SEQUENCE.Word	LOADING RESOURCE SURFACE FROM DISK
5132922.428	Test_Phase.SEQUENCE.Word	LOADING RESOURCE SURFACE FROM DISK
5139970.627	Test_Phase.SEQUENCE.Word	LOADING RESOURCE SURFACE FROM DISK
5147054.119	Test_Phase.SEQUENCE.Word	LOADING RESOURCE SURFACE FROM DISK
5154170.678	Test_Phase.SEQUENCE.Word	LOADING RESOURCE SURFACE FROM DISK
5161187.506	Test_Phase.SEQUENCE.Word	LOADING RESOURCE SURFACE FROM DISK
5168237.523	Test_Phase.SEQUENCE.Word	LOADING RESOURCE SURFACE FROM DISK
5175287.501	Test_Phase.SEQUENCE.Word	LOADING RESOURCE SURFACE FROM DISK
5182396.999	Test_Phase.SEQUENCE.Word	LOADING RESOURCE SURFACE FROM DISK
5189504.071	Test_Phase.SEQUENCE.Word	LOADING RESOURCE SURFACE FROM DISK
5196554.155	Test_Phase.SEQUENCE.Word	LOADING RESOURCE SURFACE FROM DISK
5203587.338	Test_Phase.SEQUENCE.Word	LOADING RESOURCE SURFACE FROM DISK
5210587.501	Test_Phase.SEQUENCE.Word	LOADING RESOURCE SURFACE FROM DISK
5217904.158	Test_Phase.SEQUENCE.Word	LOADING RESOURCE SURFACE FROM DISK
5224970.613	Test_Phase.SEQUENCE.Word	LOADING RESOURCE SURFACE FROM DISK
5231937.402	Test_Phase.SEQUENCE.Word	LOADING RESOURCE SURFACE FROM DISK
5238987.562	Test_Phase.SEQUENCE.Word	LOADING RESOURCE SURFACE FROM DISK
5246204.164	Test_Phase.SEQUENCE.Word	LOADING RESOURCE SURFACE FROM DISK
5253420.693	Test_Phase.SEQUENCE.Word	LOADING RESOURCE SURFACE FROM DISK
5260687.417	Test_Phase.SEQUENCE.Word	LOADING RESOURCE SURFACE FROM DISK
5267720.773	Test_Phase.SEQUENCE.Word	LOADING RESOURCE SURFACE FROM DISK
5274804.071	Test_Phase.SEQUENCE.Word	LOADING RESOURCE SURFACE FROM DISK
5281870.595	Test_Phase.SEQUENCE.Word	LOADING RESOURCE SURFACE FROM DISK
5289053.927	Test_Phase.SEQUENCE.Word	LOADING RESOURCE SURFACE FROM DISK
5295904.138	Test_Phase.SEQUENCE.Word	LOADING RESOURCE SURFACE FROM DISK
5302987.327	Test_Phase.SEQUENCE.Word	LOADING RESOURCE SURFACE FROM DISK
5310037.388	Test_Phase.SEQUENCE.Word	LOADING RESOURCE SURFACE FROM DISK
5317120.68	Test_Phase.SEQUENCE.Word	LOADING RESOURCE SURFACE FROM DISK
5323634.336	DISPLAY_SCREEN	LOADING RESOURCE SURFACE FROM DISK
