5424.757	DISPLAY_SCREEN[1]	LOADING RESOURCE SURFACE FROM DISK
1357595.813	Familiarization_Phase.SEQUENCE.Cue_and_Instruction	LOADING RESOURCE SURFACE FROM DISK
1357600.06	Familiarization_Phase.SEQUENCE.Cue_and_Instruction	LOADING RESOURCE SURFACE FROM DISK
1363667.441	Familiarization_Phase.SEQUENCE.Cue_and_Instruction	LOADING RESOURCE SURFACE FROM DISK
1363699.966	Familiarization_Phase.SEQUENCE.Cue_and_Instruction	LOADING RESOURCE SURFACE FROM DISK
1369735.198	Familiarization_Phase.SEQUENCE.Cue_and_Instruction	LOADING RESOURCE SURFACE FROM DISK
1369739.621	Familiarization_Phase.SEQUENCE.Cue_and_Instruction	LOADING RESOURCE SURFACE FROM DISK
1412145.874	DISPLAY_SCREEN[3]	LOADING RESOURCE SURFACE FROM DISK
1708748.275	DISPLAY_SCREEN[5]	LOADING RESOURCE SURFACE FROM DISK
2274241.468	Practice_Phase.SEQUENCE.Blink_Screen	LOADING RESOURCE SURFACE FROM DISK
2274242.457	Practice_Phase.SEQUENCE.Blink_Screen	flip time is later than desired time. Desired Time=2274230 Flip Time=2274264 Retrace Rate=16.641, prepareTime=35 flip request time 2274242
2275485.701	Practice_Phase.SEQUENCE.Luminance_Cue[1]	LOADING RESOURCE SURFACE FROM DISK
2275499.547	Practice_Phase.SEQUENCE.Luminance_Cue[1]	LOADING RESOURCE SURFACE FROM DISK
2275501.024	Practice_Phase.SEQUENCE.Luminance_Cue[1]	flip time is later than desired time. Desired Time=2275464 Flip Time=2275514 Retrace Rate=16.641, prepareTime=60 flip request time 2275500
2276031.482	Practice_Phase.SEQUENCE.Practice_Instruction	LOADING RESOURCE SURFACE FROM DISK
2276048.262	Practice_Phase.SEQUENCE.Practice_Instruction	LOADING RESOURCE SURFACE FROM DISK
2276049.79	Practice_Phase.SEQUENCE.Practice_Instruction	flip time is later than desired time. Desired Time=2276014 Flip Time=2276064 Retrace Rate=16.641, prepareTime=59 flip request time 2276049
2279545.914	Practice_Phase.SEQUENCE.Action_cue[1]	LOADING RESOURCE SURFACE FROM DISK
2284144.773	Practice_Phase.SEQUENCE.Practice_Instruction	LOADING RESOURCE SURFACE FROM DISK
2284163.232	Practice_Phase.SEQUENCE.Practice_Instruction	LOADING RESOURCE SURFACE FROM DISK
2284164.661	Practice_Phase.SEQUENCE.Practice_Instruction	flip time is later than desired time. Desired Time=2284147 Flip Time=2284180 Retrace Rate=16.641, prepareTime=41 flip request time 2284164
2292279.282	Practice_Phase.SEQUENCE.Practice_Instruction	LOADING RESOURCE SURFACE FROM DISK
2292282.009	Practice_Phase.SEQUENCE.Practice_Instruction	LOADING RESOURCE SURFACE FROM DISK
2292283.496	Practice_Phase.SEQUENCE.Practice_Instruction	flip time is later than desired time. Desired Time=2292247 Flip Time=2292297 Retrace Rate=16.641, prepareTime=59 flip request time 2292283
2300345.559	Practice_Phase.SEQUENCE.Practice_Instruction	LOADING RESOURCE SURFACE FROM DISK
2300396.18	Practice_Phase.SEQUENCE.Practice_Instruction	LOADING RESOURCE SURFACE FROM DISK
2300397.621	Practice_Phase.SEQUENCE.Practice_Instruction	flip time is later than desired time. Desired Time=2300364 Flip Time=2300414 Retrace Rate=16.641, prepareTime=57 flip request time 2300397
2308462.053	Practice_Phase.SEQUENCE.Practice_Instruction	LOADING RESOURCE SURFACE FROM DISK
2308464.666	Practice_Phase.SEQUENCE.Practice_Instruction	LOADING RESOURCE SURFACE FROM DISK
2316529.065	Practice_Phase.SEQUENCE.Practice_Instruction	LOADING RESOURCE SURFACE FROM DISK
2316531.748	Practice_Phase.SEQUENCE.Practice_Instruction	LOADING RESOURCE SURFACE FROM DISK
2324595.486	Practice_Phase.SEQUENCE.Practice_Instruction	LOADING RESOURCE SURFACE FROM DISK
2324639.835	Practice_Phase.SEQUENCE.Practice_Instruction	LOADING RESOURCE SURFACE FROM DISK
2324641.391	Practice_Phase.SEQUENCE.Practice_Instruction	flip time is later than desired time. Desired Time=2324614 Flip Time=2324664 Retrace Rate=16.641, prepareTime=51 flip request time 2324641
2332712.007	Practice_Phase.SEQUENCE.Practice_Instruction	LOADING RESOURCE SURFACE FROM DISK
2332761.89	Practice_Phase.SEQUENCE.Practice_Instruction	LOADING RESOURCE SURFACE FROM DISK
2332763.292	Practice_Phase.SEQUENCE.Practice_Instruction	flip time is later than desired time. Desired Time=2332730 Flip Time=2332780 Retrace Rate=16.641, prepareTime=56 flip request time 2332763
2340829.026	Practice_Phase.SEQUENCE.Practice_Instruction	LOADING RESOURCE SURFACE FROM DISK
2340872.706	Practice_Phase.SEQUENCE.Practice_Instruction	LOADING RESOURCE SURFACE FROM DISK
2340874.153	Practice_Phase.SEQUENCE.Practice_Instruction	flip time is later than desired time. Desired Time=2340847 Flip Time=2340897 Retrace Rate=16.641, prepareTime=50 flip request time 2340874
2347041.754	DISPLAY_SCREEN[2]	LOADING RESOURCE SURFACE FROM DISK
3191337.679	Study_Phase.SEQUENCE.Study_Instruction	LOADING RESOURCE SURFACE FROM DISK
3191626.207	Study_Phase.SEQUENCE.Study_Instruction	LOADING RESOURCE SURFACE FROM DISK
3199904.18	Study_Phase.SEQUENCE.Study_Instruction	LOADING RESOURCE SURFACE FROM DISK
3199936.561	Study_Phase.SEQUENCE.Study_Instruction	LOADING RESOURCE SURFACE FROM DISK
3208203.988	Study_Phase.SEQUENCE.Study_Instruction	LOADING RESOURCE SURFACE FROM DISK
3208241.736	Study_Phase.SEQUENCE.Study_Instruction	LOADING RESOURCE SURFACE FROM DISK
3216521.119	Study_Phase.SEQUENCE.Study_Instruction	LOADING RESOURCE SURFACE FROM DISK
3216557.834	Study_Phase.SEQUENCE.Study_Instruction	LOADING RESOURCE SURFACE FROM DISK
3224873.942	Study_Phase.SEQUENCE.Study_Instruction	LOADING RESOURCE SURFACE FROM DISK
3233150.677	Study_Phase.SEQUENCE.Study_Instruction	LOADING RESOURCE SURFACE FROM DISK
3241507.134	Study_Phase.SEQUENCE.Study_Instruction	LOADING RESOURCE SURFACE FROM DISK
3249787.909	Study_Phase.SEQUENCE.Study_Instruction	LOADING RESOURCE SURFACE FROM DISK
3249833.416	Study_Phase.SEQUENCE.Study_Instruction	LOADING RESOURCE SURFACE FROM DISK
3258144.036	Study_Phase.SEQUENCE.Study_Instruction	LOADING RESOURCE SURFACE FROM DISK
3266420.96	Study_Phase.SEQUENCE.Study_Instruction	LOADING RESOURCE SURFACE FROM DISK
3266470.651	Study_Phase.SEQUENCE.Study_Instruction	LOADING RESOURCE SURFACE FROM DISK
3274784.535	Study_Phase.SEQUENCE.Study_Instruction	LOADING RESOURCE SURFACE FROM DISK
3283054.387	Study_Phase.SEQUENCE.Study_Instruction	LOADING RESOURCE SURFACE FROM DISK
3283096.575	Study_Phase.SEQUENCE.Study_Instruction	LOADING RESOURCE SURFACE FROM DISK
3291411.173	Study_Phase.SEQUENCE.Study_Instruction	LOADING RESOURCE SURFACE FROM DISK
3299687.739	Study_Phase.SEQUENCE.Study_Instruction	LOADING RESOURCE SURFACE FROM DISK
3299732.05	Study_Phase.SEQUENCE.Study_Instruction	LOADING RESOURCE SURFACE FROM DISK
3308001.941	Study_Phase.SEQUENCE.Study_Instruction	LOADING RESOURCE SURFACE FROM DISK
3316270.915	Study_Phase.SEQUENCE.Study_Instruction	LOADING RESOURCE SURFACE FROM DISK
3316310.447	Study_Phase.SEQUENCE.Study_Instruction	LOADING RESOURCE SURFACE FROM DISK
3324617.464	Study_Phase.SEQUENCE.Study_Instruction	LOADING RESOURCE SURFACE FROM DISK
3332887.358	Study_Phase.SEQUENCE.Study_Instruction	LOADING RESOURCE SURFACE FROM DISK
3332932.696	Study_Phase.SEQUENCE.Study_Instruction	LOADING RESOURCE SURFACE FROM DISK
3341237.375	Study_Phase.SEQUENCE.Study_Instruction	LOADING RESOURCE SURFACE FROM DISK
3349569.594	Study_Phase.SEQUENCE.Study_Instruction	LOADING RESOURCE SURFACE FROM DISK
3357837.753	Study_Phase.SEQUENCE.Study_Instruction	LOADING RESOURCE SURFACE FROM DISK
3357840.421	Study_Phase.SEQUENCE.Study_Instruction	LOADING RESOURCE SURFACE FROM DISK
3366169.374	Study_Phase.SEQUENCE.Study_Instruction	LOADING RESOURCE SURFACE FROM DISK
3374437.545	Study_Phase.SEQUENCE.Study_Instruction	LOADING RESOURCE SURFACE FROM DISK
3374479.817	Study_Phase.SEQUENCE.Study_Instruction	LOADING RESOURCE SURFACE FROM DISK
3382751.887	Study_Phase.SEQUENCE.Study_Instruction	LOADING RESOURCE SURFACE FROM DISK
3391064.685	Study_Phase.SEQUENCE.Study_Instruction	LOADING RESOURCE SURFACE FROM DISK
3399374.485	Study_Phase.SEQUENCE.Study_Instruction	LOADING RESOURCE SURFACE FROM DISK
3407637.451	Study_Phase.SEQUENCE.Study_Instruction	LOADING RESOURCE SURFACE FROM DISK
3407682.757	Study_Phase.SEQUENCE.Study_Instruction	LOADING RESOURCE SURFACE FROM DISK
3415974.458	Study_Phase.SEQUENCE.Study_Instruction	LOADING RESOURCE SURFACE FROM DISK
3424286.59	Study_Phase.SEQUENCE.Study_Instruction	LOADING RESOURCE SURFACE FROM DISK
3432557.107	Study_Phase.SEQUENCE.Study_Instruction	LOADING RESOURCE SURFACE FROM DISK
3440820.66	Study_Phase.SEQUENCE.Study_Instruction	LOADING RESOURCE SURFACE FROM DISK
3440865.605	Study_Phase.SEQUENCE.Study_Instruction	LOADING RESOURCE SURFACE FROM DISK
3449170.09	Study_Phase.SEQUENCE.Study_Instruction	LOADING RESOURCE SURFACE FROM DISK
3457437.728	Study_Phase.SEQUENCE.Study_Instruction	LOADING RESOURCE SURFACE FROM DISK
3457479.42	Study_Phase.SEQUENCE.Study_Instruction	LOADING RESOURCE SURFACE FROM DISK
3465787.9	Study_Phase.SEQUENCE.Study_Instruction	LOADING RESOURCE SURFACE FROM DISK
3474078.039	Study_Phase.SEQUENCE.Study_Instruction	LOADING RESOURCE SURFACE FROM DISK
3482354.367	Study_Phase.SEQUENCE.Study_Instruction	LOADING RESOURCE SURFACE FROM DISK
3482398.406	Study_Phase.SEQUENCE.Study_Instruction	LOADING RESOURCE SURFACE FROM DISK
3490667.441	Study_Phase.SEQUENCE.Study_Instruction	LOADING RESOURCE SURFACE FROM DISK
3498974.926	Study_Phase.SEQUENCE.Study_Instruction	LOADING RESOURCE SURFACE FROM DISK
3507288.857	Study_Phase.SEQUENCE.Study_Instruction	LOADING RESOURCE SURFACE FROM DISK
3515570.861	Study_Phase.SEQUENCE.Study_Instruction	LOADING RESOURCE SURFACE FROM DISK
3515573.287	Study_Phase.SEQUENCE.Study_Instruction	LOADING RESOURCE SURFACE FROM DISK
3523876.642	Study_Phase.SEQUENCE.Study_Instruction	LOADING RESOURCE SURFACE FROM DISK
3532154.258	Study_Phase.SEQUENCE.Study_Instruction	LOADING RESOURCE SURFACE FROM DISK
3532184.511	Study_Phase.SEQUENCE.Study_Instruction	LOADING RESOURCE SURFACE FROM DISK
3540492.358	Study_Phase.SEQUENCE.Study_Instruction	LOADING RESOURCE SURFACE FROM DISK
3548809.606	Study_Phase.SEQUENCE.Study_Instruction	LOADING RESOURCE SURFACE FROM DISK
3557153.993	Study_Phase.SEQUENCE.Study_Instruction	LOADING RESOURCE SURFACE FROM DISK
3557193.41	Study_Phase.SEQUENCE.Study_Instruction	LOADING RESOURCE SURFACE FROM DISK
3565470.764	Study_Phase.SEQUENCE.Study_Instruction	LOADING RESOURCE SURFACE FROM DISK
3565514.565	Study_Phase.SEQUENCE.Study_Instruction	LOADING RESOURCE SURFACE FROM DISK
3573785.209	Study_Phase.SEQUENCE.Study_Instruction	LOADING RESOURCE SURFACE FROM DISK
3582037.353	Study_Phase.SEQUENCE.Study_Instruction	LOADING RESOURCE SURFACE FROM DISK
3582039.862	Study_Phase.SEQUENCE.Study_Instruction	LOADING RESOURCE SURFACE FROM DISK
3590321.105	Study_Phase.SEQUENCE.Study_Instruction	LOADING RESOURCE SURFACE FROM DISK
3590363.172	Study_Phase.SEQUENCE.Study_Instruction	LOADING RESOURCE SURFACE FROM DISK
3598637.582	Study_Phase.SEQUENCE.Study_Instruction	LOADING RESOURCE SURFACE FROM DISK
3598658.036	Study_Phase.SEQUENCE.Study_Instruction	LOADING RESOURCE SURFACE FROM DISK
3606969.967	Study_Phase.SEQUENCE.Study_Instruction	LOADING RESOURCE SURFACE FROM DISK
3615237.725	Study_Phase.SEQUENCE.Study_Instruction	LOADING RESOURCE SURFACE FROM DISK
3615283.983	Study_Phase.SEQUENCE.Study_Instruction	LOADING RESOURCE SURFACE FROM DISK
3623551.963	Study_Phase.SEQUENCE.Study_Instruction	LOADING RESOURCE SURFACE FROM DISK
3631855.782	Study_Phase.SEQUENCE.Study_Instruction	LOADING RESOURCE SURFACE FROM DISK
3640137.406	Study_Phase.SEQUENCE.Study_Instruction	LOADING RESOURCE SURFACE FROM DISK
3640139.873	Study_Phase.SEQUENCE.Study_Instruction	LOADING RESOURCE SURFACE FROM DISK
3648420.723	Study_Phase.SEQUENCE.Study_Instruction	LOADING RESOURCE SURFACE FROM DISK
3648463.427	Study_Phase.SEQUENCE.Study_Instruction	LOADING RESOURCE SURFACE FROM DISK
3656737.43	Study_Phase.SEQUENCE.Study_Instruction	LOADING RESOURCE SURFACE FROM DISK
3656740.131	Study_Phase.SEQUENCE.Study_Instruction	LOADING RESOURCE SURFACE FROM DISK
3665049.151	Study_Phase.SEQUENCE.Study_Instruction	LOADING RESOURCE SURFACE FROM DISK
3673320.989	Study_Phase.SEQUENCE.Study_Instruction	LOADING RESOURCE SURFACE FROM DISK
3673365.671	Study_Phase.SEQUENCE.Study_Instruction	LOADING RESOURCE SURFACE FROM DISK
3681618.722	Study_Phase.SEQUENCE.Study_Instruction	LOADING RESOURCE SURFACE FROM DISK
3689870.969	Study_Phase.SEQUENCE.Study_Instruction	LOADING RESOURCE SURFACE FROM DISK
3689915.302	Study_Phase.SEQUENCE.Study_Instruction	LOADING RESOURCE SURFACE FROM DISK
3698167.378	Study_Phase.SEQUENCE.Study_Instruction	LOADING RESOURCE SURFACE FROM DISK
3706471.139	Study_Phase.SEQUENCE.Study_Instruction	LOADING RESOURCE SURFACE FROM DISK
3714767.701	Study_Phase.SEQUENCE.Study_Instruction	LOADING RESOURCE SURFACE FROM DISK
3723031.344	Study_Phase.SEQUENCE.Study_Instruction	LOADING RESOURCE SURFACE FROM DISK
3731304.071	Study_Phase.SEQUENCE.Study_Instruction	LOADING RESOURCE SURFACE FROM DISK
3731347.915	Study_Phase.SEQUENCE.Study_Instruction	LOADING RESOURCE SURFACE FROM DISK
3739652.628	Study_Phase.SEQUENCE.Study_Instruction	LOADING RESOURCE SURFACE FROM DISK
3747938.073	Study_Phase.SEQUENCE.Study_Instruction	LOADING RESOURCE SURFACE FROM DISK
3756187.785	Study_Phase.SEQUENCE.Study_Instruction	LOADING RESOURCE SURFACE FROM DISK
3756223.834	Study_Phase.SEQUENCE.Study_Instruction	LOADING RESOURCE SURFACE FROM DISK
3764508.776	Study_Phase.SEQUENCE.Study_Instruction	LOADING RESOURCE SURFACE FROM DISK
3772787.678	Study_Phase.SEQUENCE.Study_Instruction	LOADING RESOURCE SURFACE FROM DISK
3772824.197	Study_Phase.SEQUENCE.Study_Instruction	LOADING RESOURCE SURFACE FROM DISK
3781104.269	Study_Phase.SEQUENCE.Study_Instruction	LOADING RESOURCE SURFACE FROM DISK
3781106.924	Study_Phase.SEQUENCE.Study_Instruction	LOADING RESOURCE SURFACE FROM DISK
3789387.627	Study_Phase.SEQUENCE.Study_Instruction	LOADING RESOURCE SURFACE FROM DISK
3789390.387	Study_Phase.SEQUENCE.Study_Instruction	LOADING RESOURCE SURFACE FROM DISK
3797706.071	Study_Phase.SEQUENCE.Study_Instruction	LOADING RESOURCE SURFACE FROM DISK
3805987.429	Study_Phase.SEQUENCE.Study_Instruction	LOADING RESOURCE SURFACE FROM DISK
3806024.469	Study_Phase.SEQUENCE.Study_Instruction	LOADING RESOURCE SURFACE FROM DISK
3814338.514	Study_Phase.SEQUENCE.Study_Instruction	LOADING RESOURCE SURFACE FROM DISK
3822604.129	Study_Phase.SEQUENCE.Study_Instruction	LOADING RESOURCE SURFACE FROM DISK
3822627.002	Study_Phase.SEQUENCE.Study_Instruction	LOADING RESOURCE SURFACE FROM DISK
3830934.337	Study_Phase.SEQUENCE.Study_Instruction	LOADING RESOURCE SURFACE FROM DISK
3839204.397	Study_Phase.SEQUENCE.Study_Instruction	LOADING RESOURCE SURFACE FROM DISK
3839206.922	Study_Phase.SEQUENCE.Study_Instruction	LOADING RESOURCE SURFACE FROM DISK
3847521.721	Study_Phase.SEQUENCE.Study_Instruction	LOADING RESOURCE SURFACE FROM DISK
3855787.379	Study_Phase.SEQUENCE.Study_Instruction	LOADING RESOURCE SURFACE FROM DISK
3855831.547	Study_Phase.SEQUENCE.Study_Instruction	LOADING RESOURCE SURFACE FROM DISK
3864143.946	Study_Phase.SEQUENCE.Study_Instruction	LOADING RESOURCE SURFACE FROM DISK
3872404.347	Study_Phase.SEQUENCE.Study_Instruction	LOADING RESOURCE SURFACE FROM DISK
3872406.958	Study_Phase.SEQUENCE.Study_Instruction	LOADING RESOURCE SURFACE FROM DISK
3880685.261	Study_Phase.SEQUENCE.Study_Instruction	LOADING RESOURCE SURFACE FROM DISK
3888954.306	Study_Phase.SEQUENCE.Study_Instruction	LOADING RESOURCE SURFACE FROM DISK
3888993.054	Study_Phase.SEQUENCE.Study_Instruction	LOADING RESOURCE SURFACE FROM DISK
3897310.247	Study_Phase.SEQUENCE.Study_Instruction	LOADING RESOURCE SURFACE FROM DISK
3905587.609	Study_Phase.SEQUENCE.Study_Instruction	LOADING RESOURCE SURFACE FROM DISK
3905634.636	Study_Phase.SEQUENCE.Study_Instruction	LOADING RESOURCE SURFACE FROM DISK
3913900.875	Study_Phase.SEQUENCE.Study_Instruction	LOADING RESOURCE SURFACE FROM DISK
3922207.68	Study_Phase.SEQUENCE.Study_Instruction	LOADING RESOURCE SURFACE FROM DISK
3930484.17	Study_Phase.SEQUENCE.Study_Instruction	LOADING RESOURCE SURFACE FROM DISK
3938794.267	Study_Phase.SEQUENCE.Study_Instruction	LOADING RESOURCE SURFACE FROM DISK
3947070.841	Study_Phase.SEQUENCE.Study_Instruction	LOADING RESOURCE SURFACE FROM DISK
3947116.602	Study_Phase.SEQUENCE.Study_Instruction	LOADING RESOURCE SURFACE FROM DISK
3955422.197	Study_Phase.SEQUENCE.Study_Instruction	LOADING RESOURCE SURFACE FROM DISK
3963741.48	Study_Phase.SEQUENCE.Study_Instruction	LOADING RESOURCE SURFACE FROM DISK
3972020.843	Study_Phase.SEQUENCE.Study_Instruction	LOADING RESOURCE SURFACE FROM DISK
3972023.351	Study_Phase.SEQUENCE.Study_Instruction	LOADING RESOURCE SURFACE FROM DISK
3980338.769	Study_Phase.SEQUENCE.Study_Instruction	LOADING RESOURCE SURFACE FROM DISK
3988620.723	Study_Phase.SEQUENCE.Study_Instruction	LOADING RESOURCE SURFACE FROM DISK
3988661.423	Study_Phase.SEQUENCE.Study_Instruction	LOADING RESOURCE SURFACE FROM DISK
3996971.462	Study_Phase.SEQUENCE.Study_Instruction	LOADING RESOURCE SURFACE FROM DISK
4005237.459	Study_Phase.SEQUENCE.Study_Instruction	LOADING RESOURCE SURFACE FROM DISK
4005273.19	Study_Phase.SEQUENCE.Study_Instruction	LOADING RESOURCE SURFACE FROM DISK
4013554.451	Study_Phase.SEQUENCE.Study_Instruction	LOADING RESOURCE SURFACE FROM DISK
4013591.122	Study_Phase.SEQUENCE.Study_Instruction	LOADING RESOURCE SURFACE FROM DISK
4021905.464	Study_Phase.SEQUENCE.Study_Instruction	LOADING RESOURCE SURFACE FROM DISK
4030171.224	Study_Phase.SEQUENCE.Study_Instruction	LOADING RESOURCE SURFACE FROM DISK
4030173.793	Study_Phase.SEQUENCE.Study_Instruction	LOADING RESOURCE SURFACE FROM DISK
4038488.091	Study_Phase.SEQUENCE.Study_Instruction	LOADING RESOURCE SURFACE FROM DISK
4046753.995	Study_Phase.SEQUENCE.Study_Instruction	LOADING RESOURCE SURFACE FROM DISK
4046756.734	Study_Phase.SEQUENCE.Study_Instruction	LOADING RESOURCE SURFACE FROM DISK
4055037.826	Study_Phase.SEQUENCE.Study_Instruction	LOADING RESOURCE SURFACE FROM DISK
4055075.391	Study_Phase.SEQUENCE.Study_Instruction	LOADING RESOURCE SURFACE FROM DISK
4063354.36	Study_Phase.SEQUENCE.Study_Instruction	LOADING RESOURCE SURFACE FROM DISK
4063375.512	Study_Phase.SEQUENCE.Study_Instruction	LOADING RESOURCE SURFACE FROM DISK
4071691.133	Study_Phase.SEQUENCE.Study_Instruction	LOADING RESOURCE SURFACE FROM DISK
4079971.032	Study_Phase.SEQUENCE.Study_Instruction	LOADING RESOURCE SURFACE FROM DISK
4080008.714	Study_Phase.SEQUENCE.Study_Instruction	LOADING RESOURCE SURFACE FROM DISK
4088267.295	Study_Phase.SEQUENCE.Study_Instruction	LOADING RESOURCE SURFACE FROM DISK
4096568.45	Study_Phase.SEQUENCE.Study_Instruction	LOADING RESOURCE SURFACE FROM DISK
4104837.621	Study_Phase.SEQUENCE.Study_Instruction	LOADING RESOURCE SURFACE FROM DISK
4104875.991	Study_Phase.SEQUENCE.Study_Instruction	LOADING RESOURCE SURFACE FROM DISK
4113191.986	Study_Phase.SEQUENCE.Study_Instruction	LOADING RESOURCE SURFACE FROM DISK
4121472.384	Study_Phase.SEQUENCE.Study_Instruction	LOADING RESOURCE SURFACE FROM DISK
4121512.671	Study_Phase.SEQUENCE.Study_Instruction	LOADING RESOURCE SURFACE FROM DISK
4129823.497	Study_Phase.SEQUENCE.Study_Instruction	LOADING RESOURCE SURFACE FROM DISK
4138100.576	Study_Phase.SEQUENCE.Study_Instruction	LOADING RESOURCE SURFACE FROM DISK
4146367.272	Study_Phase.SEQUENCE.Study_Instruction	LOADING RESOURCE SURFACE FROM DISK
4154671.764	Study_Phase.SEQUENCE.Study_Instruction	LOADING RESOURCE SURFACE FROM DISK
4162937.657	Study_Phase.SEQUENCE.Study_Instruction	LOADING RESOURCE SURFACE FROM DISK
4162977.571	Study_Phase.SEQUENCE.Study_Instruction	LOADING RESOURCE SURFACE FROM DISK
4171287.102	Study_Phase.SEQUENCE.Study_Instruction	LOADING RESOURCE SURFACE FROM DISK
4179550.575	Study_Phase.SEQUENCE.Study_Instruction	LOADING RESOURCE SURFACE FROM DISK
4185785.608	DISPLAY_SCREEN[7]	LOADING RESOURCE SURFACE FROM DISK
4558512.155	Test_Phase.SEQUENCE.Target_Cue	LOADING RESOURCE SURFACE FROM DISK
4558521.005	Test_Phase.SEQUENCE.Target_Cue	LOADING RESOURCE SURFACE FROM DISK
4560533.861	Test_Phase.SEQUENCE.Word	LOADING RESOURCE SURFACE FROM DISK
4563592.184	Test_Phase.SEQUENCE.Test_Question	LOADING RESOURCE SURFACE FROM DISK
4563609.232	Test_Phase.SEQUENCE.Test_Question	LOADING RESOURCE SURFACE FROM DISK
4563614.382	Test_Phase.SEQUENCE.Test_Question	LOADING RESOURCE SURFACE FROM DISK
4563619.51	Test_Phase.SEQUENCE.Test_Question	LOADING RESOURCE SURFACE FROM DISK
4563621.313	Test_Phase.SEQUENCE.Test_Question	LOADING RESOURCE SURFACE FROM DISK
4563623.158	Test_Phase.SEQUENCE.Test_Question	LOADING RESOURCE SURFACE FROM DISK
4563624.971	Test_Phase.SEQUENCE.Test_Question	LOADING RESOURCE SURFACE FROM DISK
4563642.275	Test_Phase.SEQUENCE.Test_Question	LOADING RESOURCE SURFACE FROM DISK
4563656.551	Test_Phase.SEQUENCE.Test_Question	LOADING RESOURCE SURFACE FROM DISK
4563658.341	Test_Phase.SEQUENCE.Test_Question	LOADING RESOURCE SURFACE FROM DISK
4563660.143	Test_Phase.SEQUENCE.Test_Question	LOADING RESOURCE SURFACE FROM DISK
4563662.038	Test_Phase.SEQUENCE.Test_Question	LOADING RESOURCE SURFACE FROM DISK
4578208.734	Test_Phase.SEQUENCE.Word	LOADING RESOURCE SURFACE FROM DISK
4589600.325	Test_Phase.SEQUENCE.Word	LOADING RESOURCE SURFACE FROM DISK
4600567.061	Test_Phase.SEQUENCE.Word	LOADING RESOURCE SURFACE FROM DISK
4610037.035	Test_Phase.SEQUENCE.Word	LOADING RESOURCE SURFACE FROM DISK
4618767.388	Test_Phase.SEQUENCE.Word	LOADING RESOURCE SURFACE FROM DISK
4628350.353	Test_Phase.SEQUENCE.Word	LOADING RESOURCE SURFACE FROM DISK
4637885.238	Test_Phase.SEQUENCE.Word	LOADING RESOURCE SURFACE FROM DISK
4648717.321	Test_Phase.SEQUENCE.Word	LOADING RESOURCE SURFACE FROM DISK
4659833.407	Test_Phase.SEQUENCE.Word	LOADING RESOURCE SURFACE FROM DISK
4668268.512	Test_Phase.SEQUENCE.Word	LOADING RESOURCE SURFACE FROM DISK
4676583.959	Test_Phase.SEQUENCE.Word	LOADING RESOURCE SURFACE FROM DISK
4685255.709	Test_Phase.SEQUENCE.Word	LOADING RESOURCE SURFACE FROM DISK
4696600.637	Test_Phase.SEQUENCE.Word	LOADING RESOURCE SURFACE FROM DISK
4706417.209	Test_Phase.SEQUENCE.Word	LOADING RESOURCE SURFACE FROM DISK
4716450.505	Test_Phase.SEQUENCE.Word	LOADING RESOURCE SURFACE FROM DISK
4725226.848	Test_Phase.SEQUENCE.Word	LOADING RESOURCE SURFACE FROM DISK
4734350.653	Test_Phase.SEQUENCE.Word	LOADING RESOURCE SURFACE FROM DISK
4744310.572	Test_Phase.SEQUENCE.Word	LOADING RESOURCE SURFACE FROM DISK
4753100.373	Test_Phase.SEQUENCE.Word	LOADING RESOURCE SURFACE FROM DISK
4762973.193	Test_Phase.SEQUENCE.Word	LOADING RESOURCE SURFACE FROM DISK
4781784.234	Test_Phase.SEQUENCE.Word	LOADING RESOURCE SURFACE FROM DISK
4791859.208	Test_Phase.SEQUENCE.Word	LOADING RESOURCE SURFACE FROM DISK
4803350.49	Test_Phase.SEQUENCE.Word	LOADING RESOURCE SURFACE FROM DISK
4812060.136	Test_Phase.SEQUENCE.Word	LOADING RESOURCE SURFACE FROM DISK
4820650.477	Test_Phase.SEQUENCE.Word	LOADING RESOURCE SURFACE FROM DISK
4830252.625	Test_Phase.SEQUENCE.Word	LOADING RESOURCE SURFACE FROM DISK
4846567.075	Test_Phase.SEQUENCE.Word	LOADING RESOURCE SURFACE FROM DISK
4855483.746	Test_Phase.SEQUENCE.Word	LOADING RESOURCE SURFACE FROM DISK
4863970.668	Test_Phase.SEQUENCE.Word	LOADING RESOURCE SURFACE FROM DISK
4872317.099	Test_Phase.SEQUENCE.Word	LOADING RESOURCE SURFACE FROM DISK
4880783.782	Test_Phase.SEQUENCE.Word	LOADING RESOURCE SURFACE FROM DISK
4890267.119	Test_Phase.SEQUENCE.Word	LOADING RESOURCE SURFACE FROM DISK
4899200.491	Test_Phase.SEQUENCE.Word	LOADING RESOURCE SURFACE FROM DISK
4909283.877	Test_Phase.SEQUENCE.Word	LOADING RESOURCE SURFACE FROM DISK
4917817.227	Test_Phase.SEQUENCE.Word	LOADING RESOURCE SURFACE FROM DISK
4927422.599	Test_Phase.SEQUENCE.Word	LOADING RESOURCE SURFACE FROM DISK
4935684.085	Test_Phase.SEQUENCE.Word	LOADING RESOURCE SURFACE FROM DISK
4943867.048	Test_Phase.SEQUENCE.Word	LOADING RESOURCE SURFACE FROM DISK
4951500.611	Test_Phase.SEQUENCE.Word	LOADING RESOURCE SURFACE FROM DISK
4960155.192	Test_Phase.SEQUENCE.Word	LOADING RESOURCE SURFACE FROM DISK
4969841.683	Test_Phase.SEQUENCE.Word	LOADING RESOURCE SURFACE FROM DISK
4980683.902	Test_Phase.SEQUENCE.Word	LOADING RESOURCE SURFACE FROM DISK
4989050.495	Test_Phase.SEQUENCE.Word	LOADING RESOURCE SURFACE FROM DISK
4997467.171	Test_Phase.SEQUENCE.Word	LOADING RESOURCE SURFACE FROM DISK
5007333.829	Test_Phase.SEQUENCE.Word	LOADING RESOURCE SURFACE FROM DISK
5015522.742	Test_Phase.SEQUENCE.Word	LOADING RESOURCE SURFACE FROM DISK
5023967.049	Test_Phase.SEQUENCE.Word	LOADING RESOURCE SURFACE FROM DISK
5032817.117	Test_Phase.SEQUENCE.Word	LOADING RESOURCE SURFACE FROM DISK
5040867.308	Test_Phase.SEQUENCE.Word	LOADING RESOURCE SURFACE FROM DISK
5048974.311	Test_Phase.SEQUENCE.Word	LOADING RESOURCE SURFACE FROM DISK
5058037.389	Test_Phase.SEQUENCE.Word	LOADING RESOURCE SURFACE FROM DISK
5066234.111	Test_Phase.SEQUENCE.Word	LOADING RESOURCE SURFACE FROM DISK
5073933.797	Test_Phase.SEQUENCE.Word	LOADING RESOURCE SURFACE FROM DISK
5083687.445	Test_Phase.SEQUENCE.Word	LOADING RESOURCE SURFACE FROM DISK
5094627.074	Test_Phase.SEQUENCE.Word	LOADING RESOURCE SURFACE FROM DISK
5104350.522	Test_Phase.SEQUENCE.Word	LOADING RESOURCE SURFACE FROM DISK
5113192.674	Test_Phase.SEQUENCE.Word	LOADING RESOURCE SURFACE FROM DISK
5122584.089	Test_Phase.SEQUENCE.Word	LOADING RESOURCE SURFACE FROM DISK
5131959.163	Test_Phase.SEQUENCE.Word	LOADING RESOURCE SURFACE FROM DISK
5142117.211	Test_Phase.SEQUENCE.Word	LOADING RESOURCE SURFACE FROM DISK
5150767.182	Test_Phase.SEQUENCE.Word	LOADING RESOURCE SURFACE FROM DISK
5159304.34	Test_Phase.SEQUENCE.Word	LOADING RESOURCE SURFACE FROM DISK
5167151.94	Test_Phase.SEQUENCE.Word	LOADING RESOURCE SURFACE FROM DISK
5176750.565	Test_Phase.SEQUENCE.Word	LOADING RESOURCE SURFACE FROM DISK
5187567.407	Test_Phase.SEQUENCE.Word	LOADING RESOURCE SURFACE FROM DISK
5195593.679	Test_Phase.SEQUENCE.Word	LOADING RESOURCE SURFACE FROM DISK
5204933.908	Test_Phase.SEQUENCE.Word	LOADING RESOURCE SURFACE FROM DISK
5213817.201	Test_Phase.SEQUENCE.Word	LOADING RESOURCE SURFACE FROM DISK
5223183.821	Test_Phase.SEQUENCE.Word	LOADING RESOURCE SURFACE FROM DISK
5231017.124	Test_Phase.SEQUENCE.Word	LOADING RESOURCE SURFACE FROM DISK
5238550.762	Test_Phase.SEQUENCE.Word	LOADING RESOURCE SURFACE FROM DISK
5248067.377	Test_Phase.SEQUENCE.Word	LOADING RESOURCE SURFACE FROM DISK
5259067.149	Test_Phase.SEQUENCE.Word	LOADING RESOURCE SURFACE FROM DISK
5267017.213	Test_Phase.SEQUENCE.Word	LOADING RESOURCE SURFACE FROM DISK
5277001.224	Test_Phase.SEQUENCE.Word	LOADING RESOURCE SURFACE FROM DISK
5287209.219	Test_Phase.SEQUENCE.Word	LOADING RESOURCE SURFACE FROM DISK
5295391.41	Test_Phase.SEQUENCE.Word	LOADING RESOURCE SURFACE FROM DISK
5303717.105	Test_Phase.SEQUENCE.Word	LOADING RESOURCE SURFACE FROM DISK
5312900.615	Test_Phase.SEQUENCE.Word	LOADING RESOURCE SURFACE FROM DISK
5320733.685	Test_Phase.SEQUENCE.Word	LOADING RESOURCE SURFACE FROM DISK
5328777.067	Test_Phase.SEQUENCE.Word	LOADING RESOURCE SURFACE FROM DISK
5336350.767	Test_Phase.SEQUENCE.Word	LOADING RESOURCE SURFACE FROM DISK
5345350.863	Test_Phase.SEQUENCE.Word	LOADING RESOURCE SURFACE FROM DISK
5353017.4	Test_Phase.SEQUENCE.Word	LOADING RESOURCE SURFACE FROM DISK
5362401.108	Test_Phase.SEQUENCE.Word	LOADING RESOURCE SURFACE FROM DISK
5370350.9	Test_Phase.SEQUENCE.Word	LOADING RESOURCE SURFACE FROM DISK
5379684.399	Test_Phase.SEQUENCE.Word	LOADING RESOURCE SURFACE FROM DISK
5388083.927	Test_Phase.SEQUENCE.Word	LOADING RESOURCE SURFACE FROM DISK
5400200.532	Test_Phase.SEQUENCE.Word	LOADING RESOURCE SURFACE FROM DISK
5408700.517	Test_Phase.SEQUENCE.Word	LOADING RESOURCE SURFACE FROM DISK
5417934.052	Test_Phase.SEQUENCE.Word	LOADING RESOURCE SURFACE FROM DISK
5426084.066	Test_Phase.SEQUENCE.Word	LOADING RESOURCE SURFACE FROM DISK
5434817.107	Test_Phase.SEQUENCE.Word	LOADING RESOURCE SURFACE FROM DISK
5443917.236	Test_Phase.SEQUENCE.Word	LOADING RESOURCE SURFACE FROM DISK
5452750.608	Test_Phase.SEQUENCE.Word	LOADING RESOURCE SURFACE FROM DISK
5460933.764	Test_Phase.SEQUENCE.Word	LOADING RESOURCE SURFACE FROM DISK
5468883.59	Test_Phase.SEQUENCE.Word	LOADING RESOURCE SURFACE FROM DISK
5476976.222	Test_Phase.SEQUENCE.Word	LOADING RESOURCE SURFACE FROM DISK
5487733.889	Test_Phase.SEQUENCE.Word	LOADING RESOURCE SURFACE FROM DISK
5496083.855	Test_Phase.SEQUENCE.Word	LOADING RESOURCE SURFACE FROM DISK
5504085.081	Test_Phase.SEQUENCE.Word	LOADING RESOURCE SURFACE FROM DISK
5514100.566	Test_Phase.SEQUENCE.Word	LOADING RESOURCE SURFACE FROM DISK
5525067.101	Test_Phase.SEQUENCE.Word	LOADING RESOURCE SURFACE FROM DISK
5533134.034	Test_Phase.SEQUENCE.Word	LOADING RESOURCE SURFACE FROM DISK
5548000.311	Test_Phase.SEQUENCE.Word	LOADING RESOURCE SURFACE FROM DISK
5557550.591	Test_Phase.SEQUENCE.Word	LOADING RESOURCE SURFACE FROM DISK
5565950.418	Test_Phase.SEQUENCE.Word	LOADING RESOURCE SURFACE FROM DISK
5573467.149	Test_Phase.SEQUENCE.Word	LOADING RESOURCE SURFACE FROM DISK
5581934.042	Test_Phase.SEQUENCE.Word	LOADING RESOURCE SURFACE FROM DISK
5592533.728	Test_Phase.SEQUENCE.Word	LOADING RESOURCE SURFACE FROM DISK
5605000.542	Test_Phase.SEQUENCE.Word	LOADING RESOURCE SURFACE FROM DISK
5616288.52	Test_Phase.SEQUENCE.Word	LOADING RESOURCE SURFACE FROM DISK
5625767.091	Test_Phase.SEQUENCE.Word	LOADING RESOURCE SURFACE FROM DISK
5633967.402	Test_Phase.SEQUENCE.Word	LOADING RESOURCE SURFACE FROM DISK
5642587.734	Test_Phase.SEQUENCE.Word	LOADING RESOURCE SURFACE FROM DISK
5650634.038	Test_Phase.SEQUENCE.Word	LOADING RESOURCE SURFACE FROM DISK
5660800.435	Test_Phase.SEQUENCE.Word	LOADING RESOURCE SURFACE FROM DISK
5670350.775	Test_Phase.SEQUENCE.Word	LOADING RESOURCE SURFACE FROM DISK
5678617.301	Test_Phase.SEQUENCE.Word	LOADING RESOURCE SURFACE FROM DISK
5686400.434	Test_Phase.SEQUENCE.Word	LOADING RESOURCE SURFACE FROM DISK
5695870.388	Test_Phase.SEQUENCE.Word	LOADING RESOURCE SURFACE FROM DISK
5704850.461	Test_Phase.SEQUENCE.Word	LOADING RESOURCE SURFACE FROM DISK
5713276.505	Test_Phase.SEQUENCE.Word	LOADING RESOURCE SURFACE FROM DISK
5721500.743	Test_Phase.SEQUENCE.Word	LOADING RESOURCE SURFACE FROM DISK
5729600.656	Test_Phase.SEQUENCE.Word	LOADING RESOURCE SURFACE FROM DISK
5739750.428	Test_Phase.SEQUENCE.Word	LOADING RESOURCE SURFACE FROM DISK
5750588.611	Test_Phase.SEQUENCE.Word	LOADING RESOURCE SURFACE FROM DISK
5758883.828	Test_Phase.SEQUENCE.Word	LOADING RESOURCE SURFACE FROM DISK
5767685.307	Test_Phase.SEQUENCE.Word	LOADING RESOURCE SURFACE FROM DISK
5776317.086	Test_Phase.SEQUENCE.Word	LOADING RESOURCE SURFACE FROM DISK
5785883.956	Test_Phase.SEQUENCE.Word	LOADING RESOURCE SURFACE FROM DISK
5798733.896	Test_Phase.SEQUENCE.Word	LOADING RESOURCE SURFACE FROM DISK
5810873.373	Test_Phase.SEQUENCE.Word	LOADING RESOURCE SURFACE FROM DISK
5819283.85	Test_Phase.SEQUENCE.Word	LOADING RESOURCE SURFACE FROM DISK
5827467.547	Test_Phase.SEQUENCE.Word	LOADING RESOURCE SURFACE FROM DISK
5835727.206	Test_Phase.SEQUENCE.Word	LOADING RESOURCE SURFACE FROM DISK
5845443.167	Test_Phase.SEQUENCE.Word	LOADING RESOURCE SURFACE FROM DISK
5854767.412	Test_Phase.SEQUENCE.Word	LOADING RESOURCE SURFACE FROM DISK
5863076.712	Test_Phase.SEQUENCE.Word	LOADING RESOURCE SURFACE FROM DISK
5870724.861	Test_Phase.SEQUENCE.Word	LOADING RESOURCE SURFACE FROM DISK
5879284.1	Test_Phase.SEQUENCE.Word	LOADING RESOURCE SURFACE FROM DISK
5892100.967	Test_Phase.SEQUENCE.Word	LOADING RESOURCE SURFACE FROM DISK
5901092.06	Test_Phase.SEQUENCE.Word	LOADING RESOURCE SURFACE FROM DISK
5911150.936	Test_Phase.SEQUENCE.Word	LOADING RESOURCE SURFACE FROM DISK
5919410.143	Test_Phase.SEQUENCE.Word	LOADING RESOURCE SURFACE FROM DISK
5929839.959	Test_Phase.SEQUENCE.Word	LOADING RESOURCE SURFACE FROM DISK
5938391.12	Test_Phase.SEQUENCE.Word	LOADING RESOURCE SURFACE FROM DISK
5955968.303	Test_Phase.SEQUENCE.Word	LOADING RESOURCE SURFACE FROM DISK
5964300.43	Test_Phase.SEQUENCE.Word	LOADING RESOURCE SURFACE FROM DISK
5974850.375	Test_Phase.SEQUENCE.Word	LOADING RESOURCE SURFACE FROM DISK
5982705.554	Test_Phase.SEQUENCE.Word	LOADING RESOURCE SURFACE FROM DISK
5991933.654	Test_Phase.SEQUENCE.Word	LOADING RESOURCE SURFACE FROM DISK
6002192.883	Test_Phase.SEQUENCE.Word	LOADING RESOURCE SURFACE FROM DISK
6010183.715	Test_Phase.SEQUENCE.Word	LOADING RESOURCE SURFACE FROM DISK
6020750.75	Test_Phase.SEQUENCE.Word	LOADING RESOURCE SURFACE FROM DISK
6030076.346	Test_Phase.SEQUENCE.Word	LOADING RESOURCE SURFACE FROM DISK
6039420.728	Test_Phase.SEQUENCE.Word	LOADING RESOURCE SURFACE FROM DISK
6047850.487	Test_Phase.SEQUENCE.Word	LOADING RESOURCE SURFACE FROM DISK
6056300.364	Test_Phase.SEQUENCE.Word	LOADING RESOURCE SURFACE FROM DISK
6064833.924	Test_Phase.SEQUENCE.Word	LOADING RESOURCE SURFACE FROM DISK
6073125.751	Test_Phase.SEQUENCE.Word	LOADING RESOURCE SURFACE FROM DISK
6082842.683	Test_Phase.SEQUENCE.Word	LOADING RESOURCE SURFACE FROM DISK
6092457.743	Test_Phase.SEQUENCE.Word	LOADING RESOURCE SURFACE FROM DISK
6103277.637	Test_Phase.SEQUENCE.Word	LOADING RESOURCE SURFACE FROM DISK
6116150.381	Test_Phase.SEQUENCE.Word	LOADING RESOURCE SURFACE FROM DISK
6125022.071	Test_Phase.SEQUENCE.Word	LOADING RESOURCE SURFACE FROM DISK
6135633.87	Test_Phase.SEQUENCE.Word	LOADING RESOURCE SURFACE FROM DISK
6143689.759	Test_Phase.SEQUENCE.Word	LOADING RESOURCE SURFACE FROM DISK
6151372.484	Test_Phase.SEQUENCE.Word	LOADING RESOURCE SURFACE FROM DISK
6158869.69	Test_Phase.SEQUENCE.Word	LOADING RESOURCE SURFACE FROM DISK
6167200.426	Test_Phase.SEQUENCE.Word	LOADING RESOURCE SURFACE FROM DISK
6175450.446	Test_Phase.SEQUENCE.Word	LOADING RESOURCE SURFACE FROM DISK
6183160.266	Test_Phase.SEQUENCE.Word	LOADING RESOURCE SURFACE FROM DISK
6191583.904	Test_Phase.SEQUENCE.Word	LOADING RESOURCE SURFACE FROM DISK
6199450.657	Test_Phase.SEQUENCE.Word	LOADING RESOURCE SURFACE FROM DISK
6208500.598	Test_Phase.SEQUENCE.Word	LOADING RESOURCE SURFACE FROM DISK
6217383.877	Test_Phase.SEQUENCE.Word	LOADING RESOURCE SURFACE FROM DISK
6225500.48	Test_Phase.SEQUENCE.Word	LOADING RESOURCE SURFACE FROM DISK
6233935.817	Test_Phase.SEQUENCE.Word	LOADING RESOURCE SURFACE FROM DISK
6244650.502	Test_Phase.SEQUENCE.Word	LOADING RESOURCE SURFACE FROM DISK
6252281.436	Test_Phase.SEQUENCE.Word	LOADING RESOURCE SURFACE FROM DISK
6261983.841	Test_Phase.SEQUENCE.Word	LOADING RESOURCE SURFACE FROM DISK
6274234.69	Test_Phase.SEQUENCE.Word	LOADING RESOURCE SURFACE FROM DISK
6282667.226	Test_Phase.SEQUENCE.Word	LOADING RESOURCE SURFACE FROM DISK
6291150.637	Test_Phase.SEQUENCE.Word	LOADING RESOURCE SURFACE FROM DISK
6300700.432	Test_Phase.SEQUENCE.Word	LOADING RESOURCE SURFACE FROM DISK
6311067.075	Test_Phase.SEQUENCE.Word	LOADING RESOURCE SURFACE FROM DISK
6320733.73	Test_Phase.SEQUENCE.Word	LOADING RESOURCE SURFACE FROM DISK
6334156.196	Test_Phase.SEQUENCE.Word	LOADING RESOURCE SURFACE FROM DISK
6342734.125	Test_Phase.SEQUENCE.Word	LOADING RESOURCE SURFACE FROM DISK
6350719.442	Test_Phase.SEQUENCE.Word	LOADING RESOURCE SURFACE FROM DISK
6360821.615	Test_Phase.SEQUENCE.Word	LOADING RESOURCE SURFACE FROM DISK
6373767.204	Test_Phase.SEQUENCE.Word	LOADING RESOURCE SURFACE FROM DISK
6382950.352	Test_Phase.SEQUENCE.Word	LOADING RESOURCE SURFACE FROM DISK
6390900.486	Test_Phase.SEQUENCE.Word	LOADING RESOURCE SURFACE FROM DISK
6398633.756	Test_Phase.SEQUENCE.Word	LOADING RESOURCE SURFACE FROM DISK
6410050.935	Test_Phase.SEQUENCE.Word	LOADING RESOURCE SURFACE FROM DISK
6417767.105	Test_Phase.SEQUENCE.Word	LOADING RESOURCE SURFACE FROM DISK
6425521.194	DISPLAY_SCREEN	LOADING RESOURCE SURFACE FROM DISK
