5391.359	DISPLAY_SCREEN[1]	LOADING RESOURCE SURFACE FROM DISK
280241.339	Familiarization_Phase.SEQUENCE.Cue_and_Instruction	LOADING RESOURCE SURFACE FROM DISK
280251.388	Familiarization_Phase.SEQUENCE.Cue_and_Instruction	LOADING RESOURCE SURFACE FROM DISK
286301.841	Familiarization_Phase.SEQUENCE.Cue_and_Instruction	LOADING RESOURCE SURFACE FROM DISK
286312.721	Familiarization_Phase.SEQUENCE.Cue_and_Instruction	LOADING RESOURCE SURFACE FROM DISK
292352.975	Familiarization_Phase.SEQUENCE.Cue_and_Instruction	LOADING RESOURCE SURFACE FROM DISK
292361.687	Familiarization_Phase.SEQUENCE.Cue_and_Instruction	LOADING RESOURCE SURFACE FROM DISK
334485.527	DISPLAY_SCREEN[3]	LOADING RESOURCE SURFACE FROM DISK
335035.394	DISPLAY_SCREEN[5]	LOADING RESOURCE SURFACE FROM DISK
506764.914	Practice_Phase.SEQUENCE.Blink_Screen	LOADING RESOURCE SURFACE FROM DISK
506765.995	Practice_Phase.SEQUENCE.Blink_Screen	flip time is later than desired time. Desired Time=506499 Flip Time=506782 Retrace Rate=16.641, prepareTime=290 flip request time 506765
507998.083	Practice_Phase.SEQUENCE.Luminance_Cue[1]	LOADING RESOURCE SURFACE FROM DISK
508000.537	Practice_Phase.SEQUENCE.Luminance_Cue[1]	LOADING RESOURCE SURFACE FROM DISK
508002.194	Practice_Phase.SEQUENCE.Luminance_Cue[1]	flip time is later than desired time. Desired Time=507982 Flip Time=508016 Retrace Rate=16.641, prepareTime=43 flip request time 508001
508497.752	Practice_Phase.SEQUENCE.Practice_Instruction	LOADING RESOURCE SURFACE FROM DISK
508500.284	Practice_Phase.SEQUENCE.Practice_Instruction	LOADING RESOURCE SURFACE FROM DISK
511997.712	Practice_Phase.SEQUENCE.Action_cue[1]	LOADING RESOURCE SURFACE FROM DISK
516577.688	Practice_Phase.SEQUENCE.Practice_Instruction	LOADING RESOURCE SURFACE FROM DISK
516580.419	Practice_Phase.SEQUENCE.Practice_Instruction	LOADING RESOURCE SURFACE FROM DISK
516582.051	Practice_Phase.SEQUENCE.Practice_Instruction	flip time is later than desired time. Desired Time=516582 Flip Time=516599 Retrace Rate=16.641, prepareTime=23 flip request time 516581
524680.441	Practice_Phase.SEQUENCE.Practice_Instruction	LOADING RESOURCE SURFACE FROM DISK
524686.512	Practice_Phase.SEQUENCE.Practice_Instruction	LOADING RESOURCE SURFACE FROM DISK
524688.023	Practice_Phase.SEQUENCE.Practice_Instruction	flip time is later than desired time. Desired Time=524666 Flip Time=524699 Retrace Rate=16.641, prepareTime=45 flip request time 524687
532747.201	Practice_Phase.SEQUENCE.Practice_Instruction	LOADING RESOURCE SURFACE FROM DISK
532786.44	Practice_Phase.SEQUENCE.Practice_Instruction	LOADING RESOURCE SURFACE FROM DISK
532788.022	Practice_Phase.SEQUENCE.Practice_Instruction	flip time is later than desired time. Desired Time=532766 Flip Time=532799 Retrace Rate=16.641, prepareTime=46 flip request time 532787
540847.221	Practice_Phase.SEQUENCE.Practice_Instruction	LOADING RESOURCE SURFACE FROM DISK
540886.115	Practice_Phase.SEQUENCE.Practice_Instruction	LOADING RESOURCE SURFACE FROM DISK
540887.749	Practice_Phase.SEQUENCE.Practice_Instruction	flip time is later than desired time. Desired Time=540866 Flip Time=540899 Retrace Rate=16.641, prepareTime=45 flip request time 540887
548947.156	Practice_Phase.SEQUENCE.Practice_Instruction	LOADING RESOURCE SURFACE FROM DISK
548949.739	Practice_Phase.SEQUENCE.Practice_Instruction	LOADING RESOURCE SURFACE FROM DISK
557013.765	Practice_Phase.SEQUENCE.Practice_Instruction	LOADING RESOURCE SURFACE FROM DISK
557052.283	Practice_Phase.SEQUENCE.Practice_Instruction	LOADING RESOURCE SURFACE FROM DISK
557053.912	Practice_Phase.SEQUENCE.Practice_Instruction	flip time is later than desired time. Desired Time=557032 Flip Time=557066 Retrace Rate=16.641, prepareTime=45 flip request time 557053
565113.961	Practice_Phase.SEQUENCE.Practice_Instruction	LOADING RESOURCE SURFACE FROM DISK
565116.543	Practice_Phase.SEQUENCE.Practice_Instruction	LOADING RESOURCE SURFACE FROM DISK
573180.754	Practice_Phase.SEQUENCE.Practice_Instruction	LOADING RESOURCE SURFACE FROM DISK
573218.449	Practice_Phase.SEQUENCE.Practice_Instruction	LOADING RESOURCE SURFACE FROM DISK
573219.989	Practice_Phase.SEQUENCE.Practice_Instruction	flip time is later than desired time. Desired Time=573199 Flip Time=573232 Retrace Rate=16.641, prepareTime=44 flip request time 573219
579377.592	DISPLAY_SCREEN[2]	LOADING RESOURCE SURFACE FROM DISK
742722.52	Study_Phase.SEQUENCE.Study_Instruction	LOADING RESOURCE SURFACE FROM DISK
743005.21	Study_Phase.SEQUENCE.Study_Instruction	LOADING RESOURCE SURFACE FROM DISK
751272.657	Study_Phase.SEQUENCE.Study_Instruction	LOADING RESOURCE SURFACE FROM DISK
751308.145	Study_Phase.SEQUENCE.Study_Instruction	LOADING RESOURCE SURFACE FROM DISK
759586.918	Study_Phase.SEQUENCE.Study_Instruction	LOADING RESOURCE SURFACE FROM DISK
767839.342	Study_Phase.SEQUENCE.Study_Instruction	LOADING RESOURCE SURFACE FROM DISK
767885.242	Study_Phase.SEQUENCE.Study_Instruction	LOADING RESOURCE SURFACE FROM DISK
776153.717	Study_Phase.SEQUENCE.Study_Instruction	LOADING RESOURCE SURFACE FROM DISK
784422.735	Study_Phase.SEQUENCE.Study_Instruction	LOADING RESOURCE SURFACE FROM DISK
784463.75	Study_Phase.SEQUENCE.Study_Instruction	LOADING RESOURCE SURFACE FROM DISK
792740.498	Study_Phase.SEQUENCE.Study_Instruction	LOADING RESOURCE SURFACE FROM DISK
801005.955	Study_Phase.SEQUENCE.Study_Instruction	LOADING RESOURCE SURFACE FROM DISK
801044.663	Study_Phase.SEQUENCE.Study_Instruction	LOADING RESOURCE SURFACE FROM DISK
809322.527	Study_Phase.SEQUENCE.Study_Instruction	LOADING RESOURCE SURFACE FROM DISK
809361.592	Study_Phase.SEQUENCE.Study_Instruction	LOADING RESOURCE SURFACE FROM DISK
817637.036	Study_Phase.SEQUENCE.Study_Instruction	LOADING RESOURCE SURFACE FROM DISK
825906.329	Study_Phase.SEQUENCE.Study_Instruction	LOADING RESOURCE SURFACE FROM DISK
825929.647	Study_Phase.SEQUENCE.Study_Instruction	LOADING RESOURCE SURFACE FROM DISK
834206.038	Study_Phase.SEQUENCE.Study_Instruction	LOADING RESOURCE SURFACE FROM DISK
834245.647	Study_Phase.SEQUENCE.Study_Instruction	LOADING RESOURCE SURFACE FROM DISK
842522.621	Study_Phase.SEQUENCE.Study_Instruction	LOADING RESOURCE SURFACE FROM DISK
842562.387	Study_Phase.SEQUENCE.Study_Instruction	LOADING RESOURCE SURFACE FROM DISK
850839.415	Study_Phase.SEQUENCE.Study_Instruction	LOADING RESOURCE SURFACE FROM DISK
850842.012	Study_Phase.SEQUENCE.Study_Instruction	LOADING RESOURCE SURFACE FROM DISK
859122.556	Study_Phase.SEQUENCE.Study_Instruction	LOADING RESOURCE SURFACE FROM DISK
859168.506	Study_Phase.SEQUENCE.Study_Instruction	LOADING RESOURCE SURFACE FROM DISK
867422.462	Study_Phase.SEQUENCE.Study_Instruction	LOADING RESOURCE SURFACE FROM DISK
867460.857	Study_Phase.SEQUENCE.Study_Instruction	LOADING RESOURCE SURFACE FROM DISK
875735.935	Study_Phase.SEQUENCE.Study_Instruction	LOADING RESOURCE SURFACE FROM DISK
884002.602	Study_Phase.SEQUENCE.Study_Instruction	LOADING RESOURCE SURFACE FROM DISK
892272.579	Study_Phase.SEQUENCE.Study_Instruction	LOADING RESOURCE SURFACE FROM DISK
892275.172	Study_Phase.SEQUENCE.Study_Instruction	LOADING RESOURCE SURFACE FROM DISK
900552.569	Study_Phase.SEQUENCE.Study_Instruction	LOADING RESOURCE SURFACE FROM DISK
908819.138	Study_Phase.SEQUENCE.Study_Instruction	LOADING RESOURCE SURFACE FROM DISK
917095.246	Study_Phase.SEQUENCE.Study_Instruction	LOADING RESOURCE SURFACE FROM DISK
925372.747	Study_Phase.SEQUENCE.Study_Instruction	LOADING RESOURCE SURFACE FROM DISK
925413.932	Study_Phase.SEQUENCE.Study_Instruction	LOADING RESOURCE SURFACE FROM DISK
933685.817	Study_Phase.SEQUENCE.Study_Instruction	LOADING RESOURCE SURFACE FROM DISK
941937.039	Study_Phase.SEQUENCE.Study_Instruction	LOADING RESOURCE SURFACE FROM DISK
950205.734	Study_Phase.SEQUENCE.Study_Instruction	LOADING RESOURCE SURFACE FROM DISK
950242.56	Study_Phase.SEQUENCE.Study_Instruction	LOADING RESOURCE SURFACE FROM DISK
958522.859	Study_Phase.SEQUENCE.Study_Instruction	LOADING RESOURCE SURFACE FROM DISK
958558.7	Study_Phase.SEQUENCE.Study_Instruction	LOADING RESOURCE SURFACE FROM DISK
966836.922	Study_Phase.SEQUENCE.Study_Instruction	LOADING RESOURCE SURFACE FROM DISK
975106.058	Study_Phase.SEQUENCE.Study_Instruction	LOADING RESOURCE SURFACE FROM DISK
975108.542	Study_Phase.SEQUENCE.Study_Instruction	LOADING RESOURCE SURFACE FROM DISK
983386.033	Study_Phase.SEQUENCE.Study_Instruction	LOADING RESOURCE SURFACE FROM DISK
991655.909	Study_Phase.SEQUENCE.Study_Instruction	LOADING RESOURCE SURFACE FROM DISK
991658.486	Study_Phase.SEQUENCE.Study_Instruction	LOADING RESOURCE SURFACE FROM DISK
999939.519	Study_Phase.SEQUENCE.Study_Instruction	LOADING RESOURCE SURFACE FROM DISK
999977.65	Study_Phase.SEQUENCE.Study_Instruction	LOADING RESOURCE SURFACE FROM DISK
1008295.506	Study_Phase.SEQUENCE.Study_Instruction	LOADING RESOURCE SURFACE FROM DISK
1016556.116	Study_Phase.SEQUENCE.Study_Instruction	LOADING RESOURCE SURFACE FROM DISK
1016599.015	Study_Phase.SEQUENCE.Study_Instruction	LOADING RESOURCE SURFACE FROM DISK
1024872.748	Study_Phase.SEQUENCE.Study_Instruction	LOADING RESOURCE SURFACE FROM DISK
1024875.432	Study_Phase.SEQUENCE.Study_Instruction	LOADING RESOURCE SURFACE FROM DISK
1033153.508	Study_Phase.SEQUENCE.Study_Instruction	LOADING RESOURCE SURFACE FROM DISK
1041422.758	Study_Phase.SEQUENCE.Study_Instruction	LOADING RESOURCE SURFACE FROM DISK
1041466.489	Study_Phase.SEQUENCE.Study_Instruction	LOADING RESOURCE SURFACE FROM DISK
1049778.634	Study_Phase.SEQUENCE.Study_Instruction	LOADING RESOURCE SURFACE FROM DISK
1058055.823	Study_Phase.SEQUENCE.Study_Instruction	LOADING RESOURCE SURFACE FROM DISK
1058058.19	Study_Phase.SEQUENCE.Study_Instruction	LOADING RESOURCE SURFACE FROM DISK
1066372.213	Study_Phase.SEQUENCE.Study_Instruction	LOADING RESOURCE SURFACE FROM DISK
1074639.328	Study_Phase.SEQUENCE.Study_Instruction	LOADING RESOURCE SURFACE FROM DISK
1074676.477	Study_Phase.SEQUENCE.Study_Instruction	LOADING RESOURCE SURFACE FROM DISK
1082953.759	Study_Phase.SEQUENCE.Study_Instruction	LOADING RESOURCE SURFACE FROM DISK
1091222.425	Study_Phase.SEQUENCE.Study_Instruction	LOADING RESOURCE SURFACE FROM DISK
1091224.953	Study_Phase.SEQUENCE.Study_Instruction	LOADING RESOURCE SURFACE FROM DISK
1099505.96	Study_Phase.SEQUENCE.Study_Instruction	LOADING RESOURCE SURFACE FROM DISK
1099546.124	Study_Phase.SEQUENCE.Study_Instruction	LOADING RESOURCE SURFACE FROM DISK
1107820.403	Study_Phase.SEQUENCE.Study_Instruction	LOADING RESOURCE SURFACE FROM DISK
1116089.44	Study_Phase.SEQUENCE.Study_Instruction	LOADING RESOURCE SURFACE FROM DISK
1116130.615	Study_Phase.SEQUENCE.Study_Instruction	LOADING RESOURCE SURFACE FROM DISK
1124405.985	Study_Phase.SEQUENCE.Study_Instruction	LOADING RESOURCE SURFACE FROM DISK
1124408.68	Study_Phase.SEQUENCE.Study_Instruction	LOADING RESOURCE SURFACE FROM DISK
1132725.072	Study_Phase.SEQUENCE.Study_Instruction	LOADING RESOURCE SURFACE FROM DISK
1141006.049	Study_Phase.SEQUENCE.Study_Instruction	LOADING RESOURCE SURFACE FROM DISK
1141040.892	Study_Phase.SEQUENCE.Study_Instruction	LOADING RESOURCE SURFACE FROM DISK
1149322.487	Study_Phase.SEQUENCE.Study_Instruction	LOADING RESOURCE SURFACE FROM DISK
1149362.447	Study_Phase.SEQUENCE.Study_Instruction	LOADING RESOURCE SURFACE FROM DISK
1157639.179	Study_Phase.SEQUENCE.Study_Instruction	LOADING RESOURCE SURFACE FROM DISK
1157683.221	Study_Phase.SEQUENCE.Study_Instruction	LOADING RESOURCE SURFACE FROM DISK
1165952.663	Study_Phase.SEQUENCE.Study_Instruction	LOADING RESOURCE SURFACE FROM DISK
1174222.758	Study_Phase.SEQUENCE.Study_Instruction	LOADING RESOURCE SURFACE FROM DISK
1174225.334	Study_Phase.SEQUENCE.Study_Instruction	LOADING RESOURCE SURFACE FROM DISK
1182489.222	Study_Phase.SEQUENCE.Study_Instruction	LOADING RESOURCE SURFACE FROM DISK
1182534.648	Study_Phase.SEQUENCE.Study_Instruction	LOADING RESOURCE SURFACE FROM DISK
1190838.679	Study_Phase.SEQUENCE.Study_Instruction	LOADING RESOURCE SURFACE FROM DISK
1199106.004	Study_Phase.SEQUENCE.Study_Instruction	LOADING RESOURCE SURFACE FROM DISK
1199145.424	Study_Phase.SEQUENCE.Study_Instruction	LOADING RESOURCE SURFACE FROM DISK
1207461.879	Study_Phase.SEQUENCE.Study_Instruction	LOADING RESOURCE SURFACE FROM DISK
1215737.182	Study_Phase.SEQUENCE.Study_Instruction	LOADING RESOURCE SURFACE FROM DISK
1224005.971	Study_Phase.SEQUENCE.Study_Instruction	LOADING RESOURCE SURFACE FROM DISK
1224050.031	Study_Phase.SEQUENCE.Study_Instruction	LOADING RESOURCE SURFACE FROM DISK
1232319.087	Study_Phase.SEQUENCE.Study_Instruction	LOADING RESOURCE SURFACE FROM DISK
1240589.441	Study_Phase.SEQUENCE.Study_Instruction	LOADING RESOURCE SURFACE FROM DISK
1240592.035	Study_Phase.SEQUENCE.Study_Instruction	LOADING RESOURCE SURFACE FROM DISK
1248910.622	Study_Phase.SEQUENCE.Study_Instruction	LOADING RESOURCE SURFACE FROM DISK
1257189.381	Study_Phase.SEQUENCE.Study_Instruction	LOADING RESOURCE SURFACE FROM DISK
1257191.852	Study_Phase.SEQUENCE.Study_Instruction	LOADING RESOURCE SURFACE FROM DISK
1265470.152	Study_Phase.SEQUENCE.Study_Instruction	LOADING RESOURCE SURFACE FROM DISK
1273722.529	Study_Phase.SEQUENCE.Study_Instruction	LOADING RESOURCE SURFACE FROM DISK
1273768.456	Study_Phase.SEQUENCE.Study_Instruction	LOADING RESOURCE SURFACE FROM DISK
1282073.497	Study_Phase.SEQUENCE.Study_Instruction	LOADING RESOURCE SURFACE FROM DISK
1290355.826	Study_Phase.SEQUENCE.Study_Instruction	LOADING RESOURCE SURFACE FROM DISK
1290358.313	Study_Phase.SEQUENCE.Study_Instruction	LOADING RESOURCE SURFACE FROM DISK
1298670.327	Study_Phase.SEQUENCE.Study_Instruction	LOADING RESOURCE SURFACE FROM DISK
1306939.757	Study_Phase.SEQUENCE.Study_Instruction	LOADING RESOURCE SURFACE FROM DISK
1307017.01	Study_Phase.SEQUENCE.Study_Instruction	LOADING RESOURCE SURFACE FROM DISK
1315289.338	Study_Phase.SEQUENCE.Study_Instruction	LOADING RESOURCE SURFACE FROM DISK
1315291.857	Study_Phase.SEQUENCE.Study_Instruction	LOADING RESOURCE SURFACE FROM DISK
1323569.247	Study_Phase.SEQUENCE.Study_Instruction	LOADING RESOURCE SURFACE FROM DISK
1331839.186	Study_Phase.SEQUENCE.Study_Instruction	LOADING RESOURCE SURFACE FROM DISK
1331841.845	Study_Phase.SEQUENCE.Study_Instruction	LOADING RESOURCE SURFACE FROM DISK
1340156.085	Study_Phase.SEQUENCE.Study_Instruction	LOADING RESOURCE SURFACE FROM DISK
1348422.719	Study_Phase.SEQUENCE.Study_Instruction	LOADING RESOURCE SURFACE FROM DISK
1348425.243	Study_Phase.SEQUENCE.Study_Instruction	LOADING RESOURCE SURFACE FROM DISK
1356703.651	Study_Phase.SEQUENCE.Study_Instruction	LOADING RESOURCE SURFACE FROM DISK
1364969.173	Study_Phase.SEQUENCE.Study_Instruction	LOADING RESOURCE SURFACE FROM DISK
1373222.833	Study_Phase.SEQUENCE.Study_Instruction	LOADING RESOURCE SURFACE FROM DISK
1373266.873	Study_Phase.SEQUENCE.Study_Instruction	LOADING RESOURCE SURFACE FROM DISK
1381570.048	Study_Phase.SEQUENCE.Study_Instruction	LOADING RESOURCE SURFACE FROM DISK
1389839.335	Study_Phase.SEQUENCE.Study_Instruction	LOADING RESOURCE SURFACE FROM DISK
1389841.727	Study_Phase.SEQUENCE.Study_Instruction	LOADING RESOURCE SURFACE FROM DISK
1398106.037	Study_Phase.SEQUENCE.Study_Instruction	LOADING RESOURCE SURFACE FROM DISK
1398144.272	Study_Phase.SEQUENCE.Study_Instruction	LOADING RESOURCE SURFACE FROM DISK
1406455.723	Study_Phase.SEQUENCE.Study_Instruction	LOADING RESOURCE SURFACE FROM DISK
1414719.133	Study_Phase.SEQUENCE.Study_Instruction	LOADING RESOURCE SURFACE FROM DISK
1422985.722	Study_Phase.SEQUENCE.Study_Instruction	LOADING RESOURCE SURFACE FROM DISK
1431293.047	Study_Phase.SEQUENCE.Study_Instruction	LOADING RESOURCE SURFACE FROM DISK
1439609.743	Study_Phase.SEQUENCE.Study_Instruction	LOADING RESOURCE SURFACE FROM DISK
1447889.436	Study_Phase.SEQUENCE.Study_Instruction	LOADING RESOURCE SURFACE FROM DISK
1447929.103	Study_Phase.SEQUENCE.Study_Instruction	LOADING RESOURCE SURFACE FROM DISK
1456206.175	Study_Phase.SEQUENCE.Study_Instruction	LOADING RESOURCE SURFACE FROM DISK
1456215.2	Study_Phase.SEQUENCE.Study_Instruction	LOADING RESOURCE SURFACE FROM DISK
1464558.136	Study_Phase.SEQUENCE.Study_Instruction	LOADING RESOURCE SURFACE FROM DISK
1472874.5	Study_Phase.SEQUENCE.Study_Instruction	LOADING RESOURCE SURFACE FROM DISK
1481152.491	Study_Phase.SEQUENCE.Study_Instruction	LOADING RESOURCE SURFACE FROM DISK
1489422.88	Study_Phase.SEQUENCE.Study_Instruction	LOADING RESOURCE SURFACE FROM DISK
1489460.528	Study_Phase.SEQUENCE.Study_Instruction	LOADING RESOURCE SURFACE FROM DISK
1497778.508	Study_Phase.SEQUENCE.Study_Instruction	LOADING RESOURCE SURFACE FROM DISK
1506056.153	Study_Phase.SEQUENCE.Study_Instruction	LOADING RESOURCE SURFACE FROM DISK
1506097.945	Study_Phase.SEQUENCE.Study_Instruction	LOADING RESOURCE SURFACE FROM DISK
1514372.757	Study_Phase.SEQUENCE.Study_Instruction	LOADING RESOURCE SURFACE FROM DISK
1514416.225	Study_Phase.SEQUENCE.Study_Instruction	LOADING RESOURCE SURFACE FROM DISK
1522689.129	Study_Phase.SEQUENCE.Study_Instruction	LOADING RESOURCE SURFACE FROM DISK
1522728.54	Study_Phase.SEQUENCE.Study_Instruction	LOADING RESOURCE SURFACE FROM DISK
1530987.128	Study_Phase.SEQUENCE.Study_Instruction	LOADING RESOURCE SURFACE FROM DISK
1539256.045	Study_Phase.SEQUENCE.Study_Instruction	LOADING RESOURCE SURFACE FROM DISK
1539258.517	Study_Phase.SEQUENCE.Study_Instruction	LOADING RESOURCE SURFACE FROM DISK
1547575.433	Study_Phase.SEQUENCE.Study_Instruction	LOADING RESOURCE SURFACE FROM DISK
1555856.299	Study_Phase.SEQUENCE.Study_Instruction	LOADING RESOURCE SURFACE FROM DISK
1555877.214	Study_Phase.SEQUENCE.Study_Instruction	LOADING RESOURCE SURFACE FROM DISK
1564189.513	Study_Phase.SEQUENCE.Study_Instruction	LOADING RESOURCE SURFACE FROM DISK
1572452.555	Study_Phase.SEQUENCE.Study_Instruction	LOADING RESOURCE SURFACE FROM DISK
1580722.617	Study_Phase.SEQUENCE.Study_Instruction	LOADING RESOURCE SURFACE FROM DISK
1580759.393	Study_Phase.SEQUENCE.Study_Instruction	LOADING RESOURCE SURFACE FROM DISK
1589039.327	Study_Phase.SEQUENCE.Study_Instruction	LOADING RESOURCE SURFACE FROM DISK
1589041.888	Study_Phase.SEQUENCE.Study_Instruction	LOADING RESOURCE SURFACE FROM DISK
1597320.211	Study_Phase.SEQUENCE.Study_Instruction	LOADING RESOURCE SURFACE FROM DISK
1605585.746	Study_Phase.SEQUENCE.Study_Instruction	LOADING RESOURCE SURFACE FROM DISK
1613884.993	Study_Phase.SEQUENCE.Study_Instruction	LOADING RESOURCE SURFACE FROM DISK
1622152.652	Study_Phase.SEQUENCE.Study_Instruction	LOADING RESOURCE SURFACE FROM DISK
1630422.616	Study_Phase.SEQUENCE.Study_Instruction	LOADING RESOURCE SURFACE FROM DISK
1630425.149	Study_Phase.SEQUENCE.Study_Instruction	LOADING RESOURCE SURFACE FROM DISK
1638745.702	Study_Phase.SEQUENCE.Study_Instruction	LOADING RESOURCE SURFACE FROM DISK
1647052.438	Study_Phase.SEQUENCE.Study_Instruction	LOADING RESOURCE SURFACE FROM DISK
1655306.054	Study_Phase.SEQUENCE.Study_Instruction	LOADING RESOURCE SURFACE FROM DISK
1655348.168	Study_Phase.SEQUENCE.Study_Instruction	LOADING RESOURCE SURFACE FROM DISK
1663619.294	Study_Phase.SEQUENCE.Study_Instruction	LOADING RESOURCE SURFACE FROM DISK
1671928.224	Study_Phase.SEQUENCE.Study_Instruction	LOADING RESOURCE SURFACE FROM DISK
1680203.72	Study_Phase.SEQUENCE.Study_Instruction	LOADING RESOURCE SURFACE FROM DISK
1688472.97	Study_Phase.SEQUENCE.Study_Instruction	LOADING RESOURCE SURFACE FROM DISK
1688514.407	Study_Phase.SEQUENCE.Study_Instruction	LOADING RESOURCE SURFACE FROM DISK
1696820.98	Study_Phase.SEQUENCE.Study_Instruction	LOADING RESOURCE SURFACE FROM DISK
1705126.333	Study_Phase.SEQUENCE.Study_Instruction	LOADING RESOURCE SURFACE FROM DISK
1713402.59	Study_Phase.SEQUENCE.Study_Instruction	LOADING RESOURCE SURFACE FROM DISK
1721655.924	Study_Phase.SEQUENCE.Study_Instruction	LOADING RESOURCE SURFACE FROM DISK
1721699.98	Study_Phase.SEQUENCE.Study_Instruction	LOADING RESOURCE SURFACE FROM DISK
1729969.201	Study_Phase.SEQUENCE.Study_Instruction	LOADING RESOURCE SURFACE FROM DISK
1736192.0	DISPLAY_SCREEN[7]	LOADING RESOURCE SURFACE FROM DISK
1939651.802	Test_Phase.SEQUENCE.Target_Cue	LOADING RESOURCE SURFACE FROM DISK
1939654.905	Test_Phase.SEQUENCE.Target_Cue	LOADING RESOURCE SURFACE FROM DISK
1941668.926	Test_Phase.SEQUENCE.Word	LOADING RESOURCE SURFACE FROM DISK
1944728.386	Test_Phase.SEQUENCE.Test_Question	LOADING RESOURCE SURFACE FROM DISK
1944735.211	Test_Phase.SEQUENCE.Test_Question	LOADING RESOURCE SURFACE FROM DISK
1944740.342	Test_Phase.SEQUENCE.Test_Question	LOADING RESOURCE SURFACE FROM DISK
1944745.443	Test_Phase.SEQUENCE.Test_Question	LOADING RESOURCE SURFACE FROM DISK
1944747.415	Test_Phase.SEQUENCE.Test_Question	LOADING RESOURCE SURFACE FROM DISK
1944749.357	Test_Phase.SEQUENCE.Test_Question	LOADING RESOURCE SURFACE FROM DISK
1944751.179	Test_Phase.SEQUENCE.Test_Question	LOADING RESOURCE SURFACE FROM DISK
1944752.906	Test_Phase.SEQUENCE.Test_Question	LOADING RESOURCE SURFACE FROM DISK
1944754.636	Test_Phase.SEQUENCE.Test_Question	LOADING RESOURCE SURFACE FROM DISK
1944756.407	Test_Phase.SEQUENCE.Test_Question	LOADING RESOURCE SURFACE FROM DISK
1944758.097	Test_Phase.SEQUENCE.Test_Question	LOADING RESOURCE SURFACE FROM DISK
1944759.982	Test_Phase.SEQUENCE.Test_Question	LOADING RESOURCE SURFACE FROM DISK
1959535.636	Test_Phase.SEQUENCE.Word	LOADING RESOURCE SURFACE FROM DISK
1968535.799	Test_Phase.SEQUENCE.Word	LOADING RESOURCE SURFACE FROM DISK
1978439.155	Test_Phase.SEQUENCE.Word	LOADING RESOURCE SURFACE FROM DISK
1987919.249	Test_Phase.SEQUENCE.Word	LOADING RESOURCE SURFACE FROM DISK
1996857.997	Test_Phase.SEQUENCE.Word	LOADING RESOURCE SURFACE FROM DISK
2007235.815	Test_Phase.SEQUENCE.Word	LOADING RESOURCE SURFACE FROM DISK
2016702.664	Test_Phase.SEQUENCE.Word	LOADING RESOURCE SURFACE FROM DISK
2027404.506	Test_Phase.SEQUENCE.Word	LOADING RESOURCE SURFACE FROM DISK
2037502.371	Test_Phase.SEQUENCE.Word	LOADING RESOURCE SURFACE FROM DISK
2047552.213	Test_Phase.SEQUENCE.Word	LOADING RESOURCE SURFACE FROM DISK
2057995.188	Test_Phase.SEQUENCE.Word	LOADING RESOURCE SURFACE FROM DISK
2069285.539	Test_Phase.SEQUENCE.Word	LOADING RESOURCE SURFACE FROM DISK
2078185.597	Test_Phase.SEQUENCE.Word	LOADING RESOURCE SURFACE FROM DISK
2087294.068	Test_Phase.SEQUENCE.Word	LOADING RESOURCE SURFACE FROM DISK
2095590.797	Test_Phase.SEQUENCE.Word	LOADING RESOURCE SURFACE FROM DISK
2104885.596	Test_Phase.SEQUENCE.Word	LOADING RESOURCE SURFACE FROM DISK
2112918.897	Test_Phase.SEQUENCE.Word	LOADING RESOURCE SURFACE FROM DISK
2123307.648	Test_Phase.SEQUENCE.Word	LOADING RESOURCE SURFACE FROM DISK
2134969.09	Test_Phase.SEQUENCE.Word	LOADING RESOURCE SURFACE FROM DISK
2142620.073	Test_Phase.SEQUENCE.Word	LOADING RESOURCE SURFACE FROM DISK
2152852.229	Test_Phase.SEQUENCE.Word	LOADING RESOURCE SURFACE FROM DISK
2161852.565	Test_Phase.SEQUENCE.Word	LOADING RESOURCE SURFACE FROM DISK
2169085.558	Test_Phase.SEQUENCE.Word	LOADING RESOURCE SURFACE FROM DISK
2177688.158	Test_Phase.SEQUENCE.Word	LOADING RESOURCE SURFACE FROM DISK
2186152.596	Test_Phase.SEQUENCE.Word	LOADING RESOURCE SURFACE FROM DISK
2195002.286	Test_Phase.SEQUENCE.Word	LOADING RESOURCE SURFACE FROM DISK
2204152.403	Test_Phase.SEQUENCE.Word	LOADING RESOURCE SURFACE FROM DISK
2212035.871	Test_Phase.SEQUENCE.Word	LOADING RESOURCE SURFACE FROM DISK
2220695.167	Test_Phase.SEQUENCE.Word	LOADING RESOURCE SURFACE FROM DISK
2229452.659	Test_Phase.SEQUENCE.Word	LOADING RESOURCE SURFACE FROM DISK
2236983.083	Test_Phase.SEQUENCE.Word	LOADING RESOURCE SURFACE FROM DISK
2245318.897	Test_Phase.SEQUENCE.Word	LOADING RESOURCE SURFACE FROM DISK
2253985.595	Test_Phase.SEQUENCE.Word	LOADING RESOURCE SURFACE FROM DISK
2262868.906	Test_Phase.SEQUENCE.Word	LOADING RESOURCE SURFACE FROM DISK
2271402.376	Test_Phase.SEQUENCE.Word	LOADING RESOURCE SURFACE FROM DISK
2279652.486	Test_Phase.SEQUENCE.Word	LOADING RESOURCE SURFACE FROM DISK
2288585.537	Test_Phase.SEQUENCE.Word	LOADING RESOURCE SURFACE FROM DISK
2298235.639	Test_Phase.SEQUENCE.Word	LOADING RESOURCE SURFACE FROM DISK
2307119.244	Test_Phase.SEQUENCE.Word	LOADING RESOURCE SURFACE FROM DISK
2316586.052	Test_Phase.SEQUENCE.Word	LOADING RESOURCE SURFACE FROM DISK
2325857.601	Test_Phase.SEQUENCE.Word	LOADING RESOURCE SURFACE FROM DISK
2335218.01	Test_Phase.SEQUENCE.Word	LOADING RESOURCE SURFACE FROM DISK
2343485.65	Test_Phase.SEQUENCE.Word	LOADING RESOURCE SURFACE FROM DISK
2351619.144	Test_Phase.SEQUENCE.Word	LOADING RESOURCE SURFACE FROM DISK
2361957.943	Test_Phase.SEQUENCE.Word	LOADING RESOURCE SURFACE FROM DISK
2370402.278	Test_Phase.SEQUENCE.Word	LOADING RESOURCE SURFACE FROM DISK
2381453.6	Test_Phase.SEQUENCE.Word	LOADING RESOURCE SURFACE FROM DISK
2389612.326	Test_Phase.SEQUENCE.Word	LOADING RESOURCE SURFACE FROM DISK
2398552.322	Test_Phase.SEQUENCE.Word	LOADING RESOURCE SURFACE FROM DISK
2406918.915	Test_Phase.SEQUENCE.Word	LOADING RESOURCE SURFACE FROM DISK
2416385.544	Test_Phase.SEQUENCE.Word	LOADING RESOURCE SURFACE FROM DISK
2424702.16	Test_Phase.SEQUENCE.Word	LOADING RESOURCE SURFACE FROM DISK
2435077.477	Test_Phase.SEQUENCE.Word	LOADING RESOURCE SURFACE FROM DISK
2442886.055	Test_Phase.SEQUENCE.Word	LOADING RESOURCE SURFACE FROM DISK
2451919.014	Test_Phase.SEQUENCE.Word	LOADING RESOURCE SURFACE FROM DISK
2461492.27	Test_Phase.SEQUENCE.Word	LOADING RESOURCE SURFACE FROM DISK
2469192.449	Test_Phase.SEQUENCE.Word	LOADING RESOURCE SURFACE FROM DISK
2477585.495	Test_Phase.SEQUENCE.Word	LOADING RESOURCE SURFACE FROM DISK
2488235.44	Test_Phase.SEQUENCE.Word	LOADING RESOURCE SURFACE FROM DISK
2499035.507	Test_Phase.SEQUENCE.Word	LOADING RESOURCE SURFACE FROM DISK
2508035.948	Test_Phase.SEQUENCE.Word	LOADING RESOURCE SURFACE FROM DISK
2515868.856	Test_Phase.SEQUENCE.Word	LOADING RESOURCE SURFACE FROM DISK
2523973.331	Test_Phase.SEQUENCE.Word	LOADING RESOURCE SURFACE FROM DISK
2533069.023	Test_Phase.SEQUENCE.Word	LOADING RESOURCE SURFACE FROM DISK
2542318.999	Test_Phase.SEQUENCE.Word	LOADING RESOURCE SURFACE FROM DISK
2550502.318	Test_Phase.SEQUENCE.Word	LOADING RESOURCE SURFACE FROM DISK
2559168.9	Test_Phase.SEQUENCE.Word	LOADING RESOURCE SURFACE FROM DISK
2568852.352	Test_Phase.SEQUENCE.Word	LOADING RESOURCE SURFACE FROM DISK
2576893.691	Test_Phase.SEQUENCE.Word	LOADING RESOURCE SURFACE FROM DISK
2585542.297	Test_Phase.SEQUENCE.Word	LOADING RESOURCE SURFACE FROM DISK
2593869.219	Test_Phase.SEQUENCE.Word	LOADING RESOURCE SURFACE FROM DISK
2603887.352	Test_Phase.SEQUENCE.Word	LOADING RESOURCE SURFACE FROM DISK
2611685.533	Test_Phase.SEQUENCE.Word	LOADING RESOURCE SURFACE FROM DISK
2619161.709	Test_Phase.SEQUENCE.Word	LOADING RESOURCE SURFACE FROM DISK
2626429.763	Test_Phase.SEQUENCE.Word	LOADING RESOURCE SURFACE FROM DISK
2635008.474	Test_Phase.SEQUENCE.Word	LOADING RESOURCE SURFACE FROM DISK
2642585.692	Test_Phase.SEQUENCE.Word	LOADING RESOURCE SURFACE FROM DISK
2652818.911	Test_Phase.SEQUENCE.Word	LOADING RESOURCE SURFACE FROM DISK
2660585.674	Test_Phase.SEQUENCE.Word	LOADING RESOURCE SURFACE FROM DISK
2670085.599	Test_Phase.SEQUENCE.Word	LOADING RESOURCE SURFACE FROM DISK
2678335.586	Test_Phase.SEQUENCE.Word	LOADING RESOURCE SURFACE FROM DISK
2688512.38	Test_Phase.SEQUENCE.Word	LOADING RESOURCE SURFACE FROM DISK
2695702.485	Test_Phase.SEQUENCE.Word	LOADING RESOURCE SURFACE FROM DISK
2703752.528	Test_Phase.SEQUENCE.Word	LOADING RESOURCE SURFACE FROM DISK
2711918.941	Test_Phase.SEQUENCE.Word	LOADING RESOURCE SURFACE FROM DISK
2719872.684	Test_Phase.SEQUENCE.Word	LOADING RESOURCE SURFACE FROM DISK
2727585.608	Test_Phase.SEQUENCE.Word	LOADING RESOURCE SURFACE FROM DISK
2735702.03	Test_Phase.SEQUENCE.Word	LOADING RESOURCE SURFACE FROM DISK
2744686.01	Test_Phase.SEQUENCE.Word	LOADING RESOURCE SURFACE FROM DISK
2752170.459	Test_Phase.SEQUENCE.Word	LOADING RESOURCE SURFACE FROM DISK
2769019.067	Test_Phase.SEQUENCE.Word	LOADING RESOURCE SURFACE FROM DISK
2777469.133	Test_Phase.SEQUENCE.Word	LOADING RESOURCE SURFACE FROM DISK
2786304.409	Test_Phase.SEQUENCE.Word	LOADING RESOURCE SURFACE FROM DISK
2795769.224	Test_Phase.SEQUENCE.Word	LOADING RESOURCE SURFACE FROM DISK
2804085.974	Test_Phase.SEQUENCE.Word	LOADING RESOURCE SURFACE FROM DISK
2811435.487	Test_Phase.SEQUENCE.Word	LOADING RESOURCE SURFACE FROM DISK
2822990.422	Test_Phase.SEQUENCE.Word	LOADING RESOURCE SURFACE FROM DISK
2832052.306	Test_Phase.SEQUENCE.Word	LOADING RESOURCE SURFACE FROM DISK
2840402.291	Test_Phase.SEQUENCE.Word	LOADING RESOURCE SURFACE FROM DISK
2848785.714	Test_Phase.SEQUENCE.Word	LOADING RESOURCE SURFACE FROM DISK
2857485.657	Test_Phase.SEQUENCE.Word	LOADING RESOURCE SURFACE FROM DISK
2865534.291	Test_Phase.SEQUENCE.Word	LOADING RESOURCE SURFACE FROM DISK
2873852.549	Test_Phase.SEQUENCE.Word	LOADING RESOURCE SURFACE FROM DISK
2883140.917	Test_Phase.SEQUENCE.Word	LOADING RESOURCE SURFACE FROM DISK
2891535.928	Test_Phase.SEQUENCE.Word	LOADING RESOURCE SURFACE FROM DISK
2900712.127	Test_Phase.SEQUENCE.Word	LOADING RESOURCE SURFACE FROM DISK
2909638.155	Test_Phase.SEQUENCE.Word	LOADING RESOURCE SURFACE FROM DISK
2919919.031	Test_Phase.SEQUENCE.Word	LOADING RESOURCE SURFACE FROM DISK
2928975.461	Test_Phase.SEQUENCE.Word	LOADING RESOURCE SURFACE FROM DISK
2937385.679	Test_Phase.SEQUENCE.Word	LOADING RESOURCE SURFACE FROM DISK
2945852.623	Test_Phase.SEQUENCE.Word	LOADING RESOURCE SURFACE FROM DISK
2954586.083	Test_Phase.SEQUENCE.Word	LOADING RESOURCE SURFACE FROM DISK
2962185.544	Test_Phase.SEQUENCE.Word	LOADING RESOURCE SURFACE FROM DISK
2971570.895	Test_Phase.SEQUENCE.Word	LOADING RESOURCE SURFACE FROM DISK
2979368.931	Test_Phase.SEQUENCE.Word	LOADING RESOURCE SURFACE FROM DISK
2988652.337	Test_Phase.SEQUENCE.Word	LOADING RESOURCE SURFACE FROM DISK
2997024.882	Test_Phase.SEQUENCE.Word	LOADING RESOURCE SURFACE FROM DISK
3006835.486	Test_Phase.SEQUENCE.Word	LOADING RESOURCE SURFACE FROM DISK
3016035.834	Test_Phase.SEQUENCE.Word	LOADING RESOURCE SURFACE FROM DISK
3024552.163	Test_Phase.SEQUENCE.Word	LOADING RESOURCE SURFACE FROM DISK
3033318.918	Test_Phase.SEQUENCE.Word	LOADING RESOURCE SURFACE FROM DISK
3042603.84	Test_Phase.SEQUENCE.Word	LOADING RESOURCE SURFACE FROM DISK
3051444.328	Test_Phase.SEQUENCE.Word	LOADING RESOURCE SURFACE FROM DISK
3062685.57	Test_Phase.SEQUENCE.Word	LOADING RESOURCE SURFACE FROM DISK
3072119.047	Test_Phase.SEQUENCE.Word	LOADING RESOURCE SURFACE FROM DISK
3081318.945	Test_Phase.SEQUENCE.Word	LOADING RESOURCE SURFACE FROM DISK
3089885.491	Test_Phase.SEQUENCE.Word	LOADING RESOURCE SURFACE FROM DISK
3098035.73	Test_Phase.SEQUENCE.Word	LOADING RESOURCE SURFACE FROM DISK
3106220.726	Test_Phase.SEQUENCE.Word	LOADING RESOURCE SURFACE FROM DISK
3114085.51	Test_Phase.SEQUENCE.Word	LOADING RESOURCE SURFACE FROM DISK
3123652.405	Test_Phase.SEQUENCE.Word	LOADING RESOURCE SURFACE FROM DISK
3133352.443	Test_Phase.SEQUENCE.Word	LOADING RESOURCE SURFACE FROM DISK
3142035.623	Test_Phase.SEQUENCE.Word	LOADING RESOURCE SURFACE FROM DISK
3149719.24	Test_Phase.SEQUENCE.Word	LOADING RESOURCE SURFACE FROM DISK
3157635.757	Test_Phase.SEQUENCE.Word	LOADING RESOURCE SURFACE FROM DISK
3165914.937	Test_Phase.SEQUENCE.Word	LOADING RESOURCE SURFACE FROM DISK
3175835.962	Test_Phase.SEQUENCE.Word	LOADING RESOURCE SURFACE FROM DISK
3184569.17	Test_Phase.SEQUENCE.Word	LOADING RESOURCE SURFACE FROM DISK
3192479.584	Test_Phase.SEQUENCE.Word	LOADING RESOURCE SURFACE FROM DISK
3199919.33	Test_Phase.SEQUENCE.Word	LOADING RESOURCE SURFACE FROM DISK
3208269.008	Test_Phase.SEQUENCE.Word	LOADING RESOURCE SURFACE FROM DISK
3216722.852	Test_Phase.SEQUENCE.Word	LOADING RESOURCE SURFACE FROM DISK
3225035.866	Test_Phase.SEQUENCE.Word	LOADING RESOURCE SURFACE FROM DISK
3232569.078	Test_Phase.SEQUENCE.Word	LOADING RESOURCE SURFACE FROM DISK
3240985.641	Test_Phase.SEQUENCE.Word	LOADING RESOURCE SURFACE FROM DISK
3249568.873	Test_Phase.SEQUENCE.Word	LOADING RESOURCE SURFACE FROM DISK
3258269.134	Test_Phase.SEQUENCE.Word	LOADING RESOURCE SURFACE FROM DISK
3267272.232	Test_Phase.SEQUENCE.Word	LOADING RESOURCE SURFACE FROM DISK
3274743.734	Test_Phase.SEQUENCE.Word	LOADING RESOURCE SURFACE FROM DISK
3282902.463	Test_Phase.SEQUENCE.Word	LOADING RESOURCE SURFACE FROM DISK
3295059.287	Test_Phase.SEQUENCE.Word	LOADING RESOURCE SURFACE FROM DISK
3302835.973	Test_Phase.SEQUENCE.Word	LOADING RESOURCE SURFACE FROM DISK
3310652.339	Test_Phase.SEQUENCE.Word	LOADING RESOURCE SURFACE FROM DISK
3319152.289	Test_Phase.SEQUENCE.Word	LOADING RESOURCE SURFACE FROM DISK
3327319.148	Test_Phase.SEQUENCE.Word	LOADING RESOURCE SURFACE FROM DISK
3336002.62	Test_Phase.SEQUENCE.Word	LOADING RESOURCE SURFACE FROM DISK
3344692.427	Test_Phase.SEQUENCE.Word	LOADING RESOURCE SURFACE FROM DISK
3353141.226	Test_Phase.SEQUENCE.Word	LOADING RESOURCE SURFACE FROM DISK
3361352.723	Test_Phase.SEQUENCE.Word	LOADING RESOURCE SURFACE FROM DISK
3371602.389	Test_Phase.SEQUENCE.Word	LOADING RESOURCE SURFACE FROM DISK
3380195.785	Test_Phase.SEQUENCE.Word	LOADING RESOURCE SURFACE FROM DISK
3388169.987	Test_Phase.SEQUENCE.Word	LOADING RESOURCE SURFACE FROM DISK
3396185.596	Test_Phase.SEQUENCE.Word	LOADING RESOURCE SURFACE FROM DISK
3405652.453	Test_Phase.SEQUENCE.Word	LOADING RESOURCE SURFACE FROM DISK
3413788.485	Test_Phase.SEQUENCE.Word	LOADING RESOURCE SURFACE FROM DISK
3421402.262	Test_Phase.SEQUENCE.Word	LOADING RESOURCE SURFACE FROM DISK
3429269.106	Test_Phase.SEQUENCE.Word	LOADING RESOURCE SURFACE FROM DISK
3437035.609	Test_Phase.SEQUENCE.Word	LOADING RESOURCE SURFACE FROM DISK
3444802.381	Test_Phase.SEQUENCE.Word	LOADING RESOURCE SURFACE FROM DISK
3453085.556	Test_Phase.SEQUENCE.Word	LOADING RESOURCE SURFACE FROM DISK
3460543.01	Test_Phase.SEQUENCE.Word	LOADING RESOURCE SURFACE FROM DISK
3468008.481	Test_Phase.SEQUENCE.Word	LOADING RESOURCE SURFACE FROM DISK
3478835.598	Test_Phase.SEQUENCE.Word	LOADING RESOURCE SURFACE FROM DISK
3486289.526	Test_Phase.SEQUENCE.Word	LOADING RESOURCE SURFACE FROM DISK
3494342.714	Test_Phase.SEQUENCE.Word	LOADING RESOURCE SURFACE FROM DISK
3502702.563	Test_Phase.SEQUENCE.Word	LOADING RESOURCE SURFACE FROM DISK
3511502.421	Test_Phase.SEQUENCE.Word	LOADING RESOURCE SURFACE FROM DISK
3522825.667	Test_Phase.SEQUENCE.Word	LOADING RESOURCE SURFACE FROM DISK
3530985.446	Test_Phase.SEQUENCE.Word	LOADING RESOURCE SURFACE FROM DISK
3539035.455	Test_Phase.SEQUENCE.Word	LOADING RESOURCE SURFACE FROM DISK
3547218.918	Test_Phase.SEQUENCE.Word	LOADING RESOURCE SURFACE FROM DISK
3555052.847	Test_Phase.SEQUENCE.Word	LOADING RESOURCE SURFACE FROM DISK
3563122.225	Test_Phase.SEQUENCE.Word	LOADING RESOURCE SURFACE FROM DISK
3571152.192	Test_Phase.SEQUENCE.Word	LOADING RESOURCE SURFACE FROM DISK
3580385.264	Test_Phase.SEQUENCE.Word	LOADING RESOURCE SURFACE FROM DISK
3588469.071	Test_Phase.SEQUENCE.Word	LOADING RESOURCE SURFACE FROM DISK
3596585.722	Test_Phase.SEQUENCE.Word	LOADING RESOURCE SURFACE FROM DISK
3603985.624	Test_Phase.SEQUENCE.Word	LOADING RESOURCE SURFACE FROM DISK
3611602.337	Test_Phase.SEQUENCE.Word	LOADING RESOURCE SURFACE FROM DISK
3619502.491	Test_Phase.SEQUENCE.Word	LOADING RESOURCE SURFACE FROM DISK
3629618.931	Test_Phase.SEQUENCE.Word	LOADING RESOURCE SURFACE FROM DISK
3638160.248	Test_Phase.SEQUENCE.Word	LOADING RESOURCE SURFACE FROM DISK
3648502.423	Test_Phase.SEQUENCE.Word	LOADING RESOURCE SURFACE FROM DISK
3655968.922	Test_Phase.SEQUENCE.Word	LOADING RESOURCE SURFACE FROM DISK
3664835.733	Test_Phase.SEQUENCE.Word	LOADING RESOURCE SURFACE FROM DISK
3673335.829	Test_Phase.SEQUENCE.Word	LOADING RESOURCE SURFACE FROM DISK
3683552.359	Test_Phase.SEQUENCE.Word	LOADING RESOURCE SURFACE FROM DISK
3691368.97	Test_Phase.SEQUENCE.Word	LOADING RESOURCE SURFACE FROM DISK
3696648.292	DISPLAY_SCREEN	LOADING RESOURCE SURFACE FROM DISK
