5156.323	DISPLAY_SCREEN[1]	LOADING RESOURCE SURFACE FROM DISK
1353271.703	Familiarization_Phase.SEQUENCE.Cue_and_Instruction	LOADING RESOURCE SURFACE FROM DISK
1353284.001	Familiarization_Phase.SEQUENCE.Cue_and_Instruction	LOADING RESOURCE SURFACE FROM DISK
1359370.185	Familiarization_Phase.SEQUENCE.Cue_and_Instruction	LOADING RESOURCE SURFACE FROM DISK
1359383.846	Familiarization_Phase.SEQUENCE.Cue_and_Instruction	LOADING RESOURCE SURFACE FROM DISK
1365466.034	Familiarization_Phase.SEQUENCE.Cue_and_Instruction	LOADING RESOURCE SURFACE FROM DISK
1365483.707	Familiarization_Phase.SEQUENCE.Cue_and_Instruction	LOADING RESOURCE SURFACE FROM DISK
1407648.512	DISPLAY_SCREEN[3]	LOADING RESOURCE SURFACE FROM DISK
1411817.863	DISPLAY_SCREEN[5]	LOADING RESOURCE SURFACE FROM DISK
1619931.001	Practice_Phase.SEQUENCE.Blink_Screen	LOADING RESOURCE SURFACE FROM DISK
1619932.123	Practice_Phase.SEQUENCE.Blink_Screen	flip time is later than desired time. Desired Time=1619676 Flip Time=1619943 Retrace Rate=16.641, prepareTime=279 flip request time 1619931
1621163.102	Practice_Phase.SEQUENCE.Practice_Luminance_Cue	LOADING RESOURCE SURFACE FROM DISK
1621179.351	Practice_Phase.SEQUENCE.Practice_Luminance_Cue	LOADING RESOURCE SURFACE FROM DISK
1621180.978	Practice_Phase.SEQUENCE.Practice_Luminance_Cue	flip time is later than desired time. Desired Time=1621143 Flip Time=1621193 Retrace Rate=16.641, prepareTime=61 flip request time 1621180
1621707.472	Practice_Phase.SEQUENCE.DISPLAY_SCREEN	LOADING RESOURCE SURFACE FROM DISK
1621709.627	Practice_Phase.SEQUENCE.DISPLAY_SCREEN	flip time is later than desired time. Desired Time=1621693 Flip Time=1621726 Retrace Rate=16.641, prepareTime=40 flip request time 1621709
1623238.638	Practice_Phase.SEQUENCE.Practice_Instruction	LOADING RESOURCE SURFACE FROM DISK
1623240.033	Practice_Phase.SEQUENCE.Practice_Instruction	flip time is later than desired time. Desired Time=1623226 Flip Time=1623260 Retrace Rate=16.641, prepareTime=37 flip request time 1623239
1629848.899	Practice_Phase.SEQUENCE.DISPLAY_SCREEN	LOADING RESOURCE SURFACE FROM DISK
1629850.775	Practice_Phase.SEQUENCE.DISPLAY_SCREEN	flip time is later than desired time. Desired Time=1629826 Flip Time=1629860 Retrace Rate=16.641, prepareTime=48 flip request time 1629850
1631374.195	Practice_Phase.SEQUENCE.Practice_Instruction	LOADING RESOURCE SURFACE FROM DISK
1631375.714	Practice_Phase.SEQUENCE.Practice_Instruction	flip time is later than desired time. Desired Time=1631360 Flip Time=1631393 Retrace Rate=16.641, prepareTime=39 flip request time 1631375
1637984.35	Practice_Phase.SEQUENCE.DISPLAY_SCREEN	LOADING RESOURCE SURFACE FROM DISK
1637986.193	Practice_Phase.SEQUENCE.DISPLAY_SCREEN	flip time is later than desired time. Desired Time=1637960 Flip Time=1638010 Retrace Rate=16.641, prepareTime=50 flip request time 1637985
1639488.006	Practice_Phase.SEQUENCE.Practice_Instruction	LOADING RESOURCE SURFACE FROM DISK
1646057.76	Practice_Phase.SEQUENCE.DISPLAY_SCREEN	LOADING RESOURCE SURFACE FROM DISK
1647591.383	Practice_Phase.SEQUENCE.Practice_Instruction	LOADING RESOURCE SURFACE FROM DISK
1647592.804	Practice_Phase.SEQUENCE.Practice_Instruction	flip time is later than desired time. Desired Time=1647576 Flip Time=1647610 Retrace Rate=16.641, prepareTime=40 flip request time 1647592
1654157.573	Practice_Phase.SEQUENCE.DISPLAY_SCREEN	LOADING RESOURCE SURFACE FROM DISK
1655689.928	Practice_Phase.SEQUENCE.Practice_Instruction	LOADING RESOURCE SURFACE FROM DISK
1655691.465	Practice_Phase.SEQUENCE.Practice_Instruction	flip time is later than desired time. Desired Time=1655676 Flip Time=1655710 Retrace Rate=16.641, prepareTime=38 flip request time 1655691
1662258.085	Practice_Phase.SEQUENCE.DISPLAY_SCREEN	LOADING RESOURCE SURFACE FROM DISK
1663797.154	Practice_Phase.SEQUENCE.Practice_Instruction	LOADING RESOURCE SURFACE FROM DISK
1663798.573	Practice_Phase.SEQUENCE.Practice_Instruction	flip time is later than desired time. Desired Time=1663776 Flip Time=1663810 Retrace Rate=16.641, prepareTime=46 flip request time 1663798
1670357.711	Practice_Phase.SEQUENCE.DISPLAY_SCREEN	LOADING RESOURCE SURFACE FROM DISK
1671890.553	Practice_Phase.SEQUENCE.Practice_Instruction	LOADING RESOURCE SURFACE FROM DISK
1671892.001	Practice_Phase.SEQUENCE.Practice_Instruction	flip time is later than desired time. Desired Time=1671876 Flip Time=1671910 Retrace Rate=16.641, prepareTime=39 flip request time 1671891
1678457.749	Practice_Phase.SEQUENCE.DISPLAY_SCREEN	LOADING RESOURCE SURFACE FROM DISK
1679995.014	Practice_Phase.SEQUENCE.Practice_Instruction	LOADING RESOURCE SURFACE FROM DISK
1679996.517	Practice_Phase.SEQUENCE.Practice_Instruction	flip time is later than desired time. Desired Time=1679976 Flip Time=1680010 Retrace Rate=16.641, prepareTime=43 flip request time 1679996
1686557.766	Practice_Phase.SEQUENCE.DISPLAY_SCREEN	LOADING RESOURCE SURFACE FROM DISK
1688054.767	Practice_Phase.SEQUENCE.Practice_Instruction	LOADING RESOURCE SURFACE FROM DISK
1692750.684	DISPLAY_SCREEN[2]	LOADING RESOURCE SURFACE FROM DISK
1917056.566	Study_Phase.SEQUENCE.Study_Instruction	LOADING RESOURCE SURFACE FROM DISK
1923816.187	Study_Phase.SEQUENCE.DISPLAY_SCREEN	LOADING RESOURCE SURFACE FROM DISK
1925368.914	Study_Phase.SEQUENCE.Study_Instruction	LOADING RESOURCE SURFACE FROM DISK
1932132.604	Study_Phase.SEQUENCE.DISPLAY_SCREEN	LOADING RESOURCE SURFACE FROM DISK
1933682.816	Study_Phase.SEQUENCE.Study_Instruction	LOADING RESOURCE SURFACE FROM DISK
1941989.169	Study_Phase.SEQUENCE.Study_Instruction	LOADING RESOURCE SURFACE FROM DISK
1950304.337	Study_Phase.SEQUENCE.Study_Instruction	LOADING RESOURCE SURFACE FROM DISK
1957065.963	Study_Phase.SEQUENCE.DISPLAY_SCREEN	LOADING RESOURCE SURFACE FROM DISK
1958591.497	Study_Phase.SEQUENCE.Study_Instruction	LOADING RESOURCE SURFACE FROM DISK
1966898.662	Study_Phase.SEQUENCE.Study_Instruction	LOADING RESOURCE SURFACE FROM DISK
1973649.534	Study_Phase.SEQUENCE.DISPLAY_SCREEN	LOADING RESOURCE SURFACE FROM DISK
1975201.16	Study_Phase.SEQUENCE.Study_Instruction	LOADING RESOURCE SURFACE FROM DISK
1983522.703	Study_Phase.SEQUENCE.Study_Instruction	LOADING RESOURCE SURFACE FROM DISK
1990349.315	Study_Phase.SEQUENCE.DISPLAY_SCREEN	LOADING RESOURCE SURFACE FROM DISK
1991863.284	Study_Phase.SEQUENCE.Study_Instruction	LOADING RESOURCE SURFACE FROM DISK
2000154.973	Study_Phase.SEQUENCE.Study_Instruction	LOADING RESOURCE SURFACE FROM DISK
2008469.624	Study_Phase.SEQUENCE.Study_Instruction	LOADING RESOURCE SURFACE FROM DISK
2015232.943	Study_Phase.SEQUENCE.DISPLAY_SCREEN	LOADING RESOURCE SURFACE FROM DISK
2016789.527	Study_Phase.SEQUENCE.Study_Instruction	LOADING RESOURCE SURFACE FROM DISK
2025096.871	Study_Phase.SEQUENCE.Study_Instruction	LOADING RESOURCE SURFACE FROM DISK
2031849.394	Study_Phase.SEQUENCE.DISPLAY_SCREEN	LOADING RESOURCE SURFACE FROM DISK
2033400.177	Study_Phase.SEQUENCE.Study_Instruction	LOADING RESOURCE SURFACE FROM DISK
2040149.407	Study_Phase.SEQUENCE.DISPLAY_SCREEN	LOADING RESOURCE SURFACE FROM DISK
2041663.269	Study_Phase.SEQUENCE.Study_Instruction	LOADING RESOURCE SURFACE FROM DISK
2048399.304	Study_Phase.SEQUENCE.DISPLAY_SCREEN	LOADING RESOURCE SURFACE FROM DISK
2049954.958	Study_Phase.SEQUENCE.Study_Instruction	LOADING RESOURCE SURFACE FROM DISK
2058229.917	Study_Phase.SEQUENCE.Study_Instruction	LOADING RESOURCE SURFACE FROM DISK
2066536.368	Study_Phase.SEQUENCE.Study_Instruction	LOADING RESOURCE SURFACE FROM DISK
2073299.23	Study_Phase.SEQUENCE.DISPLAY_SCREEN	LOADING RESOURCE SURFACE FROM DISK
2074845.166	Study_Phase.SEQUENCE.Study_Instruction	LOADING RESOURCE SURFACE FROM DISK
2081582.824	Study_Phase.SEQUENCE.DISPLAY_SCREEN	LOADING RESOURCE SURFACE FROM DISK
2083134.047	Study_Phase.SEQUENCE.Study_Instruction	LOADING RESOURCE SURFACE FROM DISK
2089899.588	Study_Phase.SEQUENCE.DISPLAY_SCREEN	LOADING RESOURCE SURFACE FROM DISK
2091488.217	Study_Phase.SEQUENCE.Study_Instruction	LOADING RESOURCE SURFACE FROM DISK
2099796.514	Study_Phase.SEQUENCE.Study_Instruction	LOADING RESOURCE SURFACE FROM DISK
2106549.373	Study_Phase.SEQUENCE.DISPLAY_SCREEN	LOADING RESOURCE SURFACE FROM DISK
2108096.234	Study_Phase.SEQUENCE.Study_Instruction	LOADING RESOURCE SURFACE FROM DISK
2116399.436	Study_Phase.SEQUENCE.Study_Instruction	LOADING RESOURCE SURFACE FROM DISK
2123149.327	Study_Phase.SEQUENCE.DISPLAY_SCREEN	LOADING RESOURCE SURFACE FROM DISK
2124697.675	Study_Phase.SEQUENCE.Study_Instruction	LOADING RESOURCE SURFACE FROM DISK
2133003.91	Study_Phase.SEQUENCE.Study_Instruction	LOADING RESOURCE SURFACE FROM DISK
2139766.083	Study_Phase.SEQUENCE.DISPLAY_SCREEN	LOADING RESOURCE SURFACE FROM DISK
2141318.826	Study_Phase.SEQUENCE.Study_Instruction	LOADING RESOURCE SURFACE FROM DISK
2149609.088	Study_Phase.SEQUENCE.Study_Instruction	LOADING RESOURCE SURFACE FROM DISK
2157920.327	Study_Phase.SEQUENCE.Study_Instruction	LOADING RESOURCE SURFACE FROM DISK
2164682.521	Study_Phase.SEQUENCE.DISPLAY_SCREEN	LOADING RESOURCE SURFACE FROM DISK
2166236.499	Study_Phase.SEQUENCE.Study_Instruction	LOADING RESOURCE SURFACE FROM DISK
2172999.453	Study_Phase.SEQUENCE.DISPLAY_SCREEN	LOADING RESOURCE SURFACE FROM DISK
2174555.147	Study_Phase.SEQUENCE.Study_Instruction	LOADING RESOURCE SURFACE FROM DISK
2182847.667	Study_Phase.SEQUENCE.Study_Instruction	LOADING RESOURCE SURFACE FROM DISK
2189599.147	Study_Phase.SEQUENCE.DISPLAY_SCREEN	LOADING RESOURCE SURFACE FROM DISK
2191148.097	Study_Phase.SEQUENCE.Study_Instruction	LOADING RESOURCE SURFACE FROM DISK
2199452.631	Study_Phase.SEQUENCE.Study_Instruction	LOADING RESOURCE SURFACE FROM DISK
2207729.37	Study_Phase.SEQUENCE.Study_Instruction	LOADING RESOURCE SURFACE FROM DISK
2216036.345	Study_Phase.SEQUENCE.Study_Instruction	LOADING RESOURCE SURFACE FROM DISK
2224349.32	Study_Phase.SEQUENCE.Study_Instruction	LOADING RESOURCE SURFACE FROM DISK
2232655.372	Study_Phase.SEQUENCE.Study_Instruction	LOADING RESOURCE SURFACE FROM DISK
2239416.016	Study_Phase.SEQUENCE.DISPLAY_SCREEN	LOADING RESOURCE SURFACE FROM DISK
2240973.605	Study_Phase.SEQUENCE.Study_Instruction	LOADING RESOURCE SURFACE FROM DISK
2249284.315	Study_Phase.SEQUENCE.Study_Instruction	LOADING RESOURCE SURFACE FROM DISK
2256049.366	Study_Phase.SEQUENCE.DISPLAY_SCREEN	LOADING RESOURCE SURFACE FROM DISK
2257603.93	Study_Phase.SEQUENCE.Study_Instruction	LOADING RESOURCE SURFACE FROM DISK
2264366.179	Study_Phase.SEQUENCE.DISPLAY_SCREEN	LOADING RESOURCE SURFACE FROM DISK
2265916.324	Study_Phase.SEQUENCE.Study_Instruction	LOADING RESOURCE SURFACE FROM DISK
2272666.081	Study_Phase.SEQUENCE.DISPLAY_SCREEN	LOADING RESOURCE SURFACE FROM DISK
2274214.3	Study_Phase.SEQUENCE.Study_Instruction	LOADING RESOURCE SURFACE FROM DISK
2282518.351	Study_Phase.SEQUENCE.Study_Instruction	LOADING RESOURCE SURFACE FROM DISK
2289282.694	Study_Phase.SEQUENCE.DISPLAY_SCREEN	LOADING RESOURCE SURFACE FROM DISK
2290829.354	Study_Phase.SEQUENCE.Study_Instruction	LOADING RESOURCE SURFACE FROM DISK
2299115.562	Study_Phase.SEQUENCE.Study_Instruction	LOADING RESOURCE SURFACE FROM DISK
2307414.232	Study_Phase.SEQUENCE.Study_Instruction	LOADING RESOURCE SURFACE FROM DISK
2314165.9	Study_Phase.SEQUENCE.DISPLAY_SCREEN	LOADING RESOURCE SURFACE FROM DISK
2315679.918	Study_Phase.SEQUENCE.Study_Instruction	LOADING RESOURCE SURFACE FROM DISK
2322432.734	Study_Phase.SEQUENCE.DISPLAY_SCREEN	LOADING RESOURCE SURFACE FROM DISK
2323980.231	Study_Phase.SEQUENCE.Study_Instruction	LOADING RESOURCE SURFACE FROM DISK
2332280.974	Study_Phase.SEQUENCE.Study_Instruction	LOADING RESOURCE SURFACE FROM DISK
2339032.577	Study_Phase.SEQUENCE.DISPLAY_SCREEN	LOADING RESOURCE SURFACE FROM DISK
2340589.272	Study_Phase.SEQUENCE.Study_Instruction	LOADING RESOURCE SURFACE FROM DISK
2348904.4	Study_Phase.SEQUENCE.Study_Instruction	LOADING RESOURCE SURFACE FROM DISK
2357212.333	Study_Phase.SEQUENCE.Study_Instruction	LOADING RESOURCE SURFACE FROM DISK
2363966.107	Study_Phase.SEQUENCE.DISPLAY_SCREEN	LOADING RESOURCE SURFACE FROM DISK
2365521.579	Study_Phase.SEQUENCE.Study_Instruction	LOADING RESOURCE SURFACE FROM DISK
2373820.356	Study_Phase.SEQUENCE.Study_Instruction	LOADING RESOURCE SURFACE FROM DISK
2382129.73	Study_Phase.SEQUENCE.Study_Instruction	LOADING RESOURCE SURFACE FROM DISK
2388882.715	Study_Phase.SEQUENCE.DISPLAY_SCREEN	LOADING RESOURCE SURFACE FROM DISK
2390440.53	Study_Phase.SEQUENCE.Study_Instruction	LOADING RESOURCE SURFACE FROM DISK
2398735.369	Study_Phase.SEQUENCE.Study_Instruction	LOADING RESOURCE SURFACE FROM DISK
2405499.363	Study_Phase.SEQUENCE.DISPLAY_SCREEN	LOADING RESOURCE SURFACE FROM DISK
2407054.244	Study_Phase.SEQUENCE.Study_Instruction	LOADING RESOURCE SURFACE FROM DISK
2415365.355	Study_Phase.SEQUENCE.Study_Instruction	LOADING RESOURCE SURFACE FROM DISK
2423664.661	Study_Phase.SEQUENCE.Study_Instruction	LOADING RESOURCE SURFACE FROM DISK
2430416.043	Study_Phase.SEQUENCE.DISPLAY_SCREEN	LOADING RESOURCE SURFACE FROM DISK
2431940.801	Study_Phase.SEQUENCE.Study_Instruction	LOADING RESOURCE SURFACE FROM DISK
2440213.204	Study_Phase.SEQUENCE.Study_Instruction	LOADING RESOURCE SURFACE FROM DISK
2448519.815	Study_Phase.SEQUENCE.Study_Instruction	LOADING RESOURCE SURFACE FROM DISK
2456833.594	Study_Phase.SEQUENCE.Study_Instruction	LOADING RESOURCE SURFACE FROM DISK
2465128.841	Study_Phase.SEQUENCE.Study_Instruction	LOADING RESOURCE SURFACE FROM DISK
2473436.7	Study_Phase.SEQUENCE.Study_Instruction	LOADING RESOURCE SURFACE FROM DISK
2481729.907	Study_Phase.SEQUENCE.Study_Instruction	LOADING RESOURCE SURFACE FROM DISK
2490029.14	Study_Phase.SEQUENCE.Study_Instruction	LOADING RESOURCE SURFACE FROM DISK
2496782.713	Study_Phase.SEQUENCE.DISPLAY_SCREEN	LOADING RESOURCE SURFACE FROM DISK
2498329.178	Study_Phase.SEQUENCE.Study_Instruction	LOADING RESOURCE SURFACE FROM DISK
2505082.825	Study_Phase.SEQUENCE.DISPLAY_SCREEN	LOADING RESOURCE SURFACE FROM DISK
2506639.843	Study_Phase.SEQUENCE.Study_Instruction	LOADING RESOURCE SURFACE FROM DISK
2514945.699	Study_Phase.SEQUENCE.Study_Instruction	LOADING RESOURCE SURFACE FROM DISK
2523238.636	Study_Phase.SEQUENCE.Study_Instruction	LOADING RESOURCE SURFACE FROM DISK
2531553.999	Study_Phase.SEQUENCE.Study_Instruction	LOADING RESOURCE SURFACE FROM DISK
2538315.954	Study_Phase.SEQUENCE.DISPLAY_SCREEN	LOADING RESOURCE SURFACE FROM DISK
2539870.815	Study_Phase.SEQUENCE.Study_Instruction	LOADING RESOURCE SURFACE FROM DISK
2548186.21	Study_Phase.SEQUENCE.Study_Instruction	LOADING RESOURCE SURFACE FROM DISK
2556462.736	Study_Phase.SEQUENCE.Study_Instruction	LOADING RESOURCE SURFACE FROM DISK
2564750.206	Study_Phase.SEQUENCE.Study_Instruction	LOADING RESOURCE SURFACE FROM DISK
2571499.405	Study_Phase.SEQUENCE.DISPLAY_SCREEN	LOADING RESOURCE SURFACE FROM DISK
2573051.695	Study_Phase.SEQUENCE.Study_Instruction	LOADING RESOURCE SURFACE FROM DISK
2581368.529	Study_Phase.SEQUENCE.Study_Instruction	LOADING RESOURCE SURFACE FROM DISK
2588132.72	Study_Phase.SEQUENCE.DISPLAY_SCREEN	LOADING RESOURCE SURFACE FROM DISK
2589684.364	Study_Phase.SEQUENCE.Study_Instruction	LOADING RESOURCE SURFACE FROM DISK
2596449.291	Study_Phase.SEQUENCE.DISPLAY_SCREEN	LOADING RESOURCE SURFACE FROM DISK
2597996.262	Study_Phase.SEQUENCE.Study_Instruction	LOADING RESOURCE SURFACE FROM DISK
2606300.504	Study_Phase.SEQUENCE.Study_Instruction	LOADING RESOURCE SURFACE FROM DISK
2614600.307	Study_Phase.SEQUENCE.Study_Instruction	LOADING RESOURCE SURFACE FROM DISK
2621349.458	Study_Phase.SEQUENCE.DISPLAY_SCREEN	LOADING RESOURCE SURFACE FROM DISK
2622895.542	Study_Phase.SEQUENCE.Study_Instruction	LOADING RESOURCE SURFACE FROM DISK
2631167.568	Study_Phase.SEQUENCE.Study_Instruction	LOADING RESOURCE SURFACE FROM DISK
2639446.248	Study_Phase.SEQUENCE.Study_Instruction	LOADING RESOURCE SURFACE FROM DISK
2646199.289	Study_Phase.SEQUENCE.DISPLAY_SCREEN	LOADING RESOURCE SURFACE FROM DISK
2647754.34	Study_Phase.SEQUENCE.Study_Instruction	LOADING RESOURCE SURFACE FROM DISK
2654515.9	Study_Phase.SEQUENCE.DISPLAY_SCREEN	LOADING RESOURCE SURFACE FROM DISK
2656065.989	Study_Phase.SEQUENCE.Study_Instruction	LOADING RESOURCE SURFACE FROM DISK
2664366.141	Study_Phase.SEQUENCE.Study_Instruction	LOADING RESOURCE SURFACE FROM DISK
2671115.89	Study_Phase.SEQUENCE.DISPLAY_SCREEN	LOADING RESOURCE SURFACE FROM DISK
2672668.609	Study_Phase.SEQUENCE.Study_Instruction	LOADING RESOURCE SURFACE FROM DISK
2679432.785	Study_Phase.SEQUENCE.DISPLAY_SCREEN	LOADING RESOURCE SURFACE FROM DISK
2680986.747	Study_Phase.SEQUENCE.Study_Instruction	LOADING RESOURCE SURFACE FROM DISK
2687749.468	Study_Phase.SEQUENCE.DISPLAY_SCREEN	LOADING RESOURCE SURFACE FROM DISK
2689264.123	Study_Phase.SEQUENCE.Study_Instruction	LOADING RESOURCE SURFACE FROM DISK
2697568.04	Study_Phase.SEQUENCE.Study_Instruction	LOADING RESOURCE SURFACE FROM DISK
2704332.471	Study_Phase.SEQUENCE.DISPLAY_SCREEN	LOADING RESOURCE SURFACE FROM DISK
2705846.572	Study_Phase.SEQUENCE.Study_Instruction	LOADING RESOURCE SURFACE FROM DISK
2714130.618	Study_Phase.SEQUENCE.Study_Instruction	LOADING RESOURCE SURFACE FROM DISK
2722458.3	Study_Phase.SEQUENCE.Study_Instruction	LOADING RESOURCE SURFACE FROM DISK
2729182.705	Study_Phase.SEQUENCE.DISPLAY_SCREEN	LOADING RESOURCE SURFACE FROM DISK
2730735.314	Study_Phase.SEQUENCE.Study_Instruction	LOADING RESOURCE SURFACE FROM DISK
2737499.385	Study_Phase.SEQUENCE.DISPLAY_SCREEN	LOADING RESOURCE SURFACE FROM DISK
2739049.812	Study_Phase.SEQUENCE.Study_Instruction	LOADING RESOURCE SURFACE FROM DISK
2747354.115	Study_Phase.SEQUENCE.Study_Instruction	LOADING RESOURCE SURFACE FROM DISK
2754116.081	Study_Phase.SEQUENCE.DISPLAY_SCREEN	LOADING RESOURCE SURFACE FROM DISK
2755697.427	Study_Phase.SEQUENCE.Study_Instruction	LOADING RESOURCE SURFACE FROM DISK
2763998.356	Study_Phase.SEQUENCE.Study_Instruction	LOADING RESOURCE SURFACE FROM DISK
2772298.268	Study_Phase.SEQUENCE.Study_Instruction	LOADING RESOURCE SURFACE FROM DISK
2779049.267	Study_Phase.SEQUENCE.DISPLAY_SCREEN	LOADING RESOURCE SURFACE FROM DISK
2780578.959	Study_Phase.SEQUENCE.Study_Instruction	LOADING RESOURCE SURFACE FROM DISK
2788888.125	Study_Phase.SEQUENCE.Study_Instruction	LOADING RESOURCE SURFACE FROM DISK
2797163.297	Study_Phase.SEQUENCE.Study_Instruction	LOADING RESOURCE SURFACE FROM DISK
2803915.9	Study_Phase.SEQUENCE.DISPLAY_SCREEN	LOADING RESOURCE SURFACE FROM DISK
2805473.693	Study_Phase.SEQUENCE.Study_Instruction	LOADING RESOURCE SURFACE FROM DISK
2813786.405	Study_Phase.SEQUENCE.Study_Instruction	LOADING RESOURCE SURFACE FROM DISK
2820549.369	Study_Phase.SEQUENCE.DISPLAY_SCREEN	LOADING RESOURCE SURFACE FROM DISK
2822097.85	Study_Phase.SEQUENCE.Study_Instruction	LOADING RESOURCE SURFACE FROM DISK
2828849.512	Study_Phase.SEQUENCE.DISPLAY_SCREEN	LOADING RESOURCE SURFACE FROM DISK
2830399.462	Study_Phase.SEQUENCE.Study_Instruction	LOADING RESOURCE SURFACE FROM DISK
2838697.797	Study_Phase.SEQUENCE.Study_Instruction	LOADING RESOURCE SURFACE FROM DISK
2846996.275	Study_Phase.SEQUENCE.Study_Instruction	LOADING RESOURCE SURFACE FROM DISK
2853749.229	Study_Phase.SEQUENCE.DISPLAY_SCREEN	LOADING RESOURCE SURFACE FROM DISK
2855305.365	Study_Phase.SEQUENCE.Study_Instruction	LOADING RESOURCE SURFACE FROM DISK
2862066.15	Study_Phase.SEQUENCE.DISPLAY_SCREEN	LOADING RESOURCE SURFACE FROM DISK
2863617.959	Study_Phase.SEQUENCE.Study_Instruction	LOADING RESOURCE SURFACE FROM DISK
2870382.857	Study_Phase.SEQUENCE.DISPLAY_SCREEN	LOADING RESOURCE SURFACE FROM DISK
2871939.476	Study_Phase.SEQUENCE.Study_Instruction	LOADING RESOURCE SURFACE FROM DISK
2878699.29	Study_Phase.SEQUENCE.DISPLAY_SCREEN	LOADING RESOURCE SURFACE FROM DISK
2880253.106	Study_Phase.SEQUENCE.Study_Instruction	LOADING RESOURCE SURFACE FROM DISK
2888561.553	Study_Phase.SEQUENCE.Study_Instruction	LOADING RESOURCE SURFACE FROM DISK
2896871.493	Study_Phase.SEQUENCE.Study_Instruction	LOADING RESOURCE SURFACE FROM DISK
2903615.965	Study_Phase.SEQUENCE.DISPLAY_SCREEN	LOADING RESOURCE SURFACE FROM DISK
2905162.542	Study_Phase.SEQUENCE.Study_Instruction	LOADING RESOURCE SURFACE FROM DISK
2909877.031	DISPLAY_SCREEN[7]	LOADING RESOURCE SURFACE FROM DISK
3050802.679	Test_Phase.SEQUENCE.Target_Cue	LOADING RESOURCE SURFACE FROM DISK
3050814.927	Test_Phase.SEQUENCE.Target_Cue	LOADING RESOURCE SURFACE FROM DISK
3052867.062	Test_Phase.SEQUENCE.Word	LOADING RESOURCE SURFACE FROM DISK
3055918.774	Test_Phase.SEQUENCE.Test_Question	LOADING RESOURCE SURFACE FROM DISK
3055935.647	Test_Phase.SEQUENCE.Test_Question	LOADING RESOURCE SURFACE FROM DISK
3055949.981	Test_Phase.SEQUENCE.Test_Question	LOADING RESOURCE SURFACE FROM DISK
3055961.019	Test_Phase.SEQUENCE.Test_Question	LOADING RESOURCE SURFACE FROM DISK
3055968.992	Test_Phase.SEQUENCE.Test_Question	LOADING RESOURCE SURFACE FROM DISK
3055970.947	Test_Phase.SEQUENCE.Test_Question	LOADING RESOURCE SURFACE FROM DISK
3055972.831	Test_Phase.SEQUENCE.Test_Question	LOADING RESOURCE SURFACE FROM DISK
3055983.515	Test_Phase.SEQUENCE.Test_Question	LOADING RESOURCE SURFACE FROM DISK
3055985.284	Test_Phase.SEQUENCE.Test_Question	LOADING RESOURCE SURFACE FROM DISK
3055997.96	Test_Phase.SEQUENCE.Test_Question	LOADING RESOURCE SURFACE FROM DISK
3056011.655	Test_Phase.SEQUENCE.Test_Question	LOADING RESOURCE SURFACE FROM DISK
3056013.56	Test_Phase.SEQUENCE.Test_Question	LOADING RESOURCE SURFACE FROM DISK
3061786.593	Test_Phase.SEQUENCE.Word	LOADING RESOURCE SURFACE FROM DISK
3070266.231	Test_Phase.SEQUENCE.Word	LOADING RESOURCE SURFACE FROM DISK
3077746.608	Test_Phase.SEQUENCE.Word	LOADING RESOURCE SURFACE FROM DISK
3086846.286	Test_Phase.SEQUENCE.Word	LOADING RESOURCE SURFACE FROM DISK
3096055.098	Test_Phase.SEQUENCE.Word	LOADING RESOURCE SURFACE FROM DISK
3103867.555	Test_Phase.SEQUENCE.Word	LOADING RESOURCE SURFACE FROM DISK
3111129.599	Test_Phase.SEQUENCE.Word	LOADING RESOURCE SURFACE FROM DISK
3120479.471	Test_Phase.SEQUENCE.Word	LOADING RESOURCE SURFACE FROM DISK
3129346.201	Test_Phase.SEQUENCE.Word	LOADING RESOURCE SURFACE FROM DISK
3138055.414	Test_Phase.SEQUENCE.Word	LOADING RESOURCE SURFACE FROM DISK
3145831.633	Test_Phase.SEQUENCE.Word	LOADING RESOURCE SURFACE FROM DISK
3155229.757	Test_Phase.SEQUENCE.Word	LOADING RESOURCE SURFACE FROM DISK
3162914.46	Test_Phase.SEQUENCE.Word	LOADING RESOURCE SURFACE FROM DISK
3170696.03	Test_Phase.SEQUENCE.Word	LOADING RESOURCE SURFACE FROM DISK
3179200.447	Test_Phase.SEQUENCE.Word	LOADING RESOURCE SURFACE FROM DISK
3187862.69	Test_Phase.SEQUENCE.Word	LOADING RESOURCE SURFACE FROM DISK
3195655.083	Test_Phase.SEQUENCE.Word	LOADING RESOURCE SURFACE FROM DISK
3205162.819	Test_Phase.SEQUENCE.Word	LOADING RESOURCE SURFACE FROM DISK
3212879.52	Test_Phase.SEQUENCE.Word	LOADING RESOURCE SURFACE FROM DISK
3221618.326	Test_Phase.SEQUENCE.Word	LOADING RESOURCE SURFACE FROM DISK
3230029.802	Test_Phase.SEQUENCE.Word	LOADING RESOURCE SURFACE FROM DISK
3237745.869	Test_Phase.SEQUENCE.Word	LOADING RESOURCE SURFACE FROM DISK
3245029.558	Test_Phase.SEQUENCE.Word	LOADING RESOURCE SURFACE FROM DISK
3252379.274	Test_Phase.SEQUENCE.Word	LOADING RESOURCE SURFACE FROM DISK
3259462.786	Test_Phase.SEQUENCE.Word	LOADING RESOURCE SURFACE FROM DISK
3266646.222	Test_Phase.SEQUENCE.Word	LOADING RESOURCE SURFACE FROM DISK
3273773.22	Test_Phase.SEQUENCE.Word	LOADING RESOURCE SURFACE FROM DISK
3280979.736	Test_Phase.SEQUENCE.Word	LOADING RESOURCE SURFACE FROM DISK
3288262.785	Test_Phase.SEQUENCE.Word	LOADING RESOURCE SURFACE FROM DISK
3295795.988	Test_Phase.SEQUENCE.Word	LOADING RESOURCE SURFACE FROM DISK
3302896.265	Test_Phase.SEQUENCE.Word	LOADING RESOURCE SURFACE FROM DISK
3310746.219	Test_Phase.SEQUENCE.Word	LOADING RESOURCE SURFACE FROM DISK
3319346.074	Test_Phase.SEQUENCE.Word	LOADING RESOURCE SURFACE FROM DISK
3326912.717	Test_Phase.SEQUENCE.Word	LOADING RESOURCE SURFACE FROM DISK
3335412.829	Test_Phase.SEQUENCE.Word	LOADING RESOURCE SURFACE FROM DISK
3342496.062	Test_Phase.SEQUENCE.Word	LOADING RESOURCE SURFACE FROM DISK
3351279.543	Test_Phase.SEQUENCE.Word	LOADING RESOURCE SURFACE FROM DISK
3358496.129	Test_Phase.SEQUENCE.Word	LOADING RESOURCE SURFACE FROM DISK
3365679.491	Test_Phase.SEQUENCE.Word	LOADING RESOURCE SURFACE FROM DISK
3373612.82	Test_Phase.SEQUENCE.Word	LOADING RESOURCE SURFACE FROM DISK
3380729.745	Test_Phase.SEQUENCE.Word	LOADING RESOURCE SURFACE FROM DISK
3388781.088	Test_Phase.SEQUENCE.Word	LOADING RESOURCE SURFACE FROM DISK
3396379.434	Test_Phase.SEQUENCE.Word	LOADING RESOURCE SURFACE FROM DISK
3405146.209	Test_Phase.SEQUENCE.Word	LOADING RESOURCE SURFACE FROM DISK
3413062.782	Test_Phase.SEQUENCE.Word	LOADING RESOURCE SURFACE FROM DISK
3420501.18	Test_Phase.SEQUENCE.Word	LOADING RESOURCE SURFACE FROM DISK
3427779.491	Test_Phase.SEQUENCE.Word	LOADING RESOURCE SURFACE FROM DISK
3434962.863	Test_Phase.SEQUENCE.Word	LOADING RESOURCE SURFACE FROM DISK
3442099.43	Test_Phase.SEQUENCE.Word	LOADING RESOURCE SURFACE FROM DISK
3449279.379	Test_Phase.SEQUENCE.Word	LOADING RESOURCE SURFACE FROM DISK
3457312.877	Test_Phase.SEQUENCE.Word	LOADING RESOURCE SURFACE FROM DISK
3464779.389	Test_Phase.SEQUENCE.Word	LOADING RESOURCE SURFACE FROM DISK
3472846.177	Test_Phase.SEQUENCE.Word	LOADING RESOURCE SURFACE FROM DISK
3480846.076	Test_Phase.SEQUENCE.Word	LOADING RESOURCE SURFACE FROM DISK
3488162.851	Test_Phase.SEQUENCE.Word	LOADING RESOURCE SURFACE FROM DISK
3498529.468	Test_Phase.SEQUENCE.Word	LOADING RESOURCE SURFACE FROM DISK
3505784.071	Test_Phase.SEQUENCE.Word	LOADING RESOURCE SURFACE FROM DISK
3512896.227	Test_Phase.SEQUENCE.Word	LOADING RESOURCE SURFACE FROM DISK
3520179.378	Test_Phase.SEQUENCE.Word	LOADING RESOURCE SURFACE FROM DISK
3527762.863	Test_Phase.SEQUENCE.Word	LOADING RESOURCE SURFACE FROM DISK
3534921.079	Test_Phase.SEQUENCE.Word	LOADING RESOURCE SURFACE FROM DISK
3542962.777	Test_Phase.SEQUENCE.Word	LOADING RESOURCE SURFACE FROM DISK
3550229.291	Test_Phase.SEQUENCE.Word	LOADING RESOURCE SURFACE FROM DISK
3557579.348	Test_Phase.SEQUENCE.Word	LOADING RESOURCE SURFACE FROM DISK
3564746.193	Test_Phase.SEQUENCE.Word	LOADING RESOURCE SURFACE FROM DISK
3572430.767	Test_Phase.SEQUENCE.Word	LOADING RESOURCE SURFACE FROM DISK
3579550.799	Test_Phase.SEQUENCE.Word	LOADING RESOURCE SURFACE FROM DISK
3586664.279	Test_Phase.SEQUENCE.Word	LOADING RESOURCE SURFACE FROM DISK
3593906.39	Test_Phase.SEQUENCE.Word	LOADING RESOURCE SURFACE FROM DISK
3601062.613	Test_Phase.SEQUENCE.Word	LOADING RESOURCE SURFACE FROM DISK
3608479.41	Test_Phase.SEQUENCE.Word	LOADING RESOURCE SURFACE FROM DISK
3616022.728	Test_Phase.SEQUENCE.Word	LOADING RESOURCE SURFACE FROM DISK
3623685.054	Test_Phase.SEQUENCE.Word	LOADING RESOURCE SURFACE FROM DISK
3630879.746	Test_Phase.SEQUENCE.Word	LOADING RESOURCE SURFACE FROM DISK
3638035.507	Test_Phase.SEQUENCE.Word	LOADING RESOURCE SURFACE FROM DISK
3645629.37	Test_Phase.SEQUENCE.Word	LOADING RESOURCE SURFACE FROM DISK
3652812.765	Test_Phase.SEQUENCE.Word	LOADING RESOURCE SURFACE FROM DISK
3659879.366	Test_Phase.SEQUENCE.Word	LOADING RESOURCE SURFACE FROM DISK
3668596.007	Test_Phase.SEQUENCE.Word	LOADING RESOURCE SURFACE FROM DISK
3676879.444	Test_Phase.SEQUENCE.Word	LOADING RESOURCE SURFACE FROM DISK
3684136.653	Test_Phase.SEQUENCE.Word	LOADING RESOURCE SURFACE FROM DISK
3692162.768	Test_Phase.SEQUENCE.Word	LOADING RESOURCE SURFACE FROM DISK
3699269.611	Test_Phase.SEQUENCE.Word	LOADING RESOURCE SURFACE FROM DISK
3706312.899	Test_Phase.SEQUENCE.Word	LOADING RESOURCE SURFACE FROM DISK
3713413.094	Test_Phase.SEQUENCE.Word	LOADING RESOURCE SURFACE FROM DISK
3720579.621	Test_Phase.SEQUENCE.Word	LOADING RESOURCE SURFACE FROM DISK
3728368.65	Test_Phase.SEQUENCE.Word	LOADING RESOURCE SURFACE FROM DISK
3735801.252	Test_Phase.SEQUENCE.Word	LOADING RESOURCE SURFACE FROM DISK
3743265.852	Test_Phase.SEQUENCE.Word	LOADING RESOURCE SURFACE FROM DISK
3750679.149	Test_Phase.SEQUENCE.Word	LOADING RESOURCE SURFACE FROM DISK
3757862.754	Test_Phase.SEQUENCE.Word	LOADING RESOURCE SURFACE FROM DISK
3765100.278	Test_Phase.SEQUENCE.Word	LOADING RESOURCE SURFACE FROM DISK
3773478.412	Test_Phase.SEQUENCE.Word	LOADING RESOURCE SURFACE FROM DISK
3780613.176	Test_Phase.SEQUENCE.Word	LOADING RESOURCE SURFACE FROM DISK
3787902.631	Test_Phase.SEQUENCE.Word	LOADING RESOURCE SURFACE FROM DISK
3796479.497	Test_Phase.SEQUENCE.Word	LOADING RESOURCE SURFACE FROM DISK
3803946.195	Test_Phase.SEQUENCE.Word	LOADING RESOURCE SURFACE FROM DISK
3811096.013	Test_Phase.SEQUENCE.Word	LOADING RESOURCE SURFACE FROM DISK
3819329.284	Test_Phase.SEQUENCE.Word	LOADING RESOURCE SURFACE FROM DISK
3826712.961	Test_Phase.SEQUENCE.Word	LOADING RESOURCE SURFACE FROM DISK
3833879.378	Test_Phase.SEQUENCE.Word	LOADING RESOURCE SURFACE FROM DISK
3841845.548	Test_Phase.SEQUENCE.Word	LOADING RESOURCE SURFACE FROM DISK
3850279.351	Test_Phase.SEQUENCE.Word	LOADING RESOURCE SURFACE FROM DISK
3857646.276	Test_Phase.SEQUENCE.Word	LOADING RESOURCE SURFACE FROM DISK
3865002.815	Test_Phase.SEQUENCE.Word	LOADING RESOURCE SURFACE FROM DISK
3872196.326	Test_Phase.SEQUENCE.Word	LOADING RESOURCE SURFACE FROM DISK
3879680.94	Test_Phase.SEQUENCE.Word	LOADING RESOURCE SURFACE FROM DISK
3887420.227	Test_Phase.SEQUENCE.Word	LOADING RESOURCE SURFACE FROM DISK
3896501.872	Test_Phase.SEQUENCE.Word	LOADING RESOURCE SURFACE FROM DISK
3904328.362	Test_Phase.SEQUENCE.Word	LOADING RESOURCE SURFACE FROM DISK
3911762.791	Test_Phase.SEQUENCE.Word	LOADING RESOURCE SURFACE FROM DISK
3920038.935	Test_Phase.SEQUENCE.Word	LOADING RESOURCE SURFACE FROM DISK
3927546.15	Test_Phase.SEQUENCE.Word	LOADING RESOURCE SURFACE FROM DISK
3934779.288	Test_Phase.SEQUENCE.Word	LOADING RESOURCE SURFACE FROM DISK
3941896.249	Test_Phase.SEQUENCE.Word	LOADING RESOURCE SURFACE FROM DISK
3949019.613	Test_Phase.SEQUENCE.Word	LOADING RESOURCE SURFACE FROM DISK
3956779.466	Test_Phase.SEQUENCE.Word	LOADING RESOURCE SURFACE FROM DISK
3963946.187	Test_Phase.SEQUENCE.Word	LOADING RESOURCE SURFACE FROM DISK
3971029.328	Test_Phase.SEQUENCE.Word	LOADING RESOURCE SURFACE FROM DISK
3978549.354	Test_Phase.SEQUENCE.Word	LOADING RESOURCE SURFACE FROM DISK
3985696.06	Test_Phase.SEQUENCE.Word	LOADING RESOURCE SURFACE FROM DISK
3993091.007	Test_Phase.SEQUENCE.Word	LOADING RESOURCE SURFACE FROM DISK
4000262.817	Test_Phase.SEQUENCE.Word	LOADING RESOURCE SURFACE FROM DISK
4007429.402	Test_Phase.SEQUENCE.Word	LOADING RESOURCE SURFACE FROM DISK
4014912.842	Test_Phase.SEQUENCE.Word	LOADING RESOURCE SURFACE FROM DISK
4022050.238	Test_Phase.SEQUENCE.Word	LOADING RESOURCE SURFACE FROM DISK
4029933.259	Test_Phase.SEQUENCE.Word	LOADING RESOURCE SURFACE FROM DISK
4037052.857	Test_Phase.SEQUENCE.Word	LOADING RESOURCE SURFACE FROM DISK
4044729.519	Test_Phase.SEQUENCE.Word	LOADING RESOURCE SURFACE FROM DISK
4053079.264	Test_Phase.SEQUENCE.Word	LOADING RESOURCE SURFACE FROM DISK
4067629.693	Test_Phase.SEQUENCE.Word	LOADING RESOURCE SURFACE FROM DISK
4075196.001	Test_Phase.SEQUENCE.Word	LOADING RESOURCE SURFACE FROM DISK
4083047.472	Test_Phase.SEQUENCE.Word	LOADING RESOURCE SURFACE FROM DISK
4090129.498	Test_Phase.SEQUENCE.Word	LOADING RESOURCE SURFACE FROM DISK
4097214.667	Test_Phase.SEQUENCE.Word	LOADING RESOURCE SURFACE FROM DISK
4104412.886	Test_Phase.SEQUENCE.Word	LOADING RESOURCE SURFACE FROM DISK
4111785.898	Test_Phase.SEQUENCE.Word	LOADING RESOURCE SURFACE FROM DISK
4119472.626	Test_Phase.SEQUENCE.Word	LOADING RESOURCE SURFACE FROM DISK
4127579.207	Test_Phase.SEQUENCE.Word	LOADING RESOURCE SURFACE FROM DISK
4134795.922	Test_Phase.SEQUENCE.Word	LOADING RESOURCE SURFACE FROM DISK
4142213.551	Test_Phase.SEQUENCE.Word	LOADING RESOURCE SURFACE FROM DISK
4150446.304	Test_Phase.SEQUENCE.Word	LOADING RESOURCE SURFACE FROM DISK
4157586.98	Test_Phase.SEQUENCE.Word	LOADING RESOURCE SURFACE FROM DISK
4165085.534	Test_Phase.SEQUENCE.Word	LOADING RESOURCE SURFACE FROM DISK
4173613.019	Test_Phase.SEQUENCE.Word	LOADING RESOURCE SURFACE FROM DISK
4180712.751	Test_Phase.SEQUENCE.Word	LOADING RESOURCE SURFACE FROM DISK
4187845.939	Test_Phase.SEQUENCE.Word	LOADING RESOURCE SURFACE FROM DISK
4195046.35	Test_Phase.SEQUENCE.Word	LOADING RESOURCE SURFACE FROM DISK
4202630.287	Test_Phase.SEQUENCE.Word	LOADING RESOURCE SURFACE FROM DISK
4210029.75	Test_Phase.SEQUENCE.Word	LOADING RESOURCE SURFACE FROM DISK
4217201.28	Test_Phase.SEQUENCE.Word	LOADING RESOURCE SURFACE FROM DISK
4224312.876	Test_Phase.SEQUENCE.Word	LOADING RESOURCE SURFACE FROM DISK
4231516.511	Test_Phase.SEQUENCE.Word	LOADING RESOURCE SURFACE FROM DISK
4238596.297	Test_Phase.SEQUENCE.Word	LOADING RESOURCE SURFACE FROM DISK
4245796.242	Test_Phase.SEQUENCE.Word	LOADING RESOURCE SURFACE FROM DISK
4252913.622	Test_Phase.SEQUENCE.Word	LOADING RESOURCE SURFACE FROM DISK
4260396.102	Test_Phase.SEQUENCE.Word	LOADING RESOURCE SURFACE FROM DISK
4268463.008	Test_Phase.SEQUENCE.Word	LOADING RESOURCE SURFACE FROM DISK
4275546.172	Test_Phase.SEQUENCE.Word	LOADING RESOURCE SURFACE FROM DISK
4282746.314	Test_Phase.SEQUENCE.Word	LOADING RESOURCE SURFACE FROM DISK
4289912.847	Test_Phase.SEQUENCE.Word	LOADING RESOURCE SURFACE FROM DISK
4297679.458	Test_Phase.SEQUENCE.Word	LOADING RESOURCE SURFACE FROM DISK
4304784.662	Test_Phase.SEQUENCE.Word	LOADING RESOURCE SURFACE FROM DISK
4311829.299	Test_Phase.SEQUENCE.Word	LOADING RESOURCE SURFACE FROM DISK
4318929.273	Test_Phase.SEQUENCE.Word	LOADING RESOURCE SURFACE FROM DISK
4326079.486	Test_Phase.SEQUENCE.Word	LOADING RESOURCE SURFACE FROM DISK
4333369.05	Test_Phase.SEQUENCE.Word	LOADING RESOURCE SURFACE FROM DISK
4341129.738	Test_Phase.SEQUENCE.Word	LOADING RESOURCE SURFACE FROM DISK
4348295.949	Test_Phase.SEQUENCE.Word	LOADING RESOURCE SURFACE FROM DISK
4356018.748	Test_Phase.SEQUENCE.Word	LOADING RESOURCE SURFACE FROM DISK
4363312.71	Test_Phase.SEQUENCE.Word	LOADING RESOURCE SURFACE FROM DISK
4370829.544	Test_Phase.SEQUENCE.Word	LOADING RESOURCE SURFACE FROM DISK
4378129.481	Test_Phase.SEQUENCE.Word	LOADING RESOURCE SURFACE FROM DISK
4385669.085	Test_Phase.SEQUENCE.Word	LOADING RESOURCE SURFACE FROM DISK
4393516.077	Test_Phase.SEQUENCE.Word	LOADING RESOURCE SURFACE FROM DISK
4400700.262	Test_Phase.SEQUENCE.Word	LOADING RESOURCE SURFACE FROM DISK
4408646.043	Test_Phase.SEQUENCE.Word	LOADING RESOURCE SURFACE FROM DISK
4415922.563	Test_Phase.SEQUENCE.Word	LOADING RESOURCE SURFACE FROM DISK
4423012.91	Test_Phase.SEQUENCE.Word	LOADING RESOURCE SURFACE FROM DISK
4430145.995	Test_Phase.SEQUENCE.Word	LOADING RESOURCE SURFACE FROM DISK
4437469.302	Test_Phase.SEQUENCE.Word	LOADING RESOURCE SURFACE FROM DISK
4444546.006	Test_Phase.SEQUENCE.Word	LOADING RESOURCE SURFACE FROM DISK
4451746.485	Test_Phase.SEQUENCE.Word	LOADING RESOURCE SURFACE FROM DISK
4458962.667	Test_Phase.SEQUENCE.Word	LOADING RESOURCE SURFACE FROM DISK
4466062.843	Test_Phase.SEQUENCE.Word	LOADING RESOURCE SURFACE FROM DISK
4474780.588	Test_Phase.SEQUENCE.Word	LOADING RESOURCE SURFACE FROM DISK
4482456.818	Test_Phase.SEQUENCE.Word	LOADING RESOURCE SURFACE FROM DISK
4489996.138	Test_Phase.SEQUENCE.Word	LOADING RESOURCE SURFACE FROM DISK
4497112.855	Test_Phase.SEQUENCE.Word	LOADING RESOURCE SURFACE FROM DISK
4504312.955	Test_Phase.SEQUENCE.Word	LOADING RESOURCE SURFACE FROM DISK
4511462.817	Test_Phase.SEQUENCE.Word	LOADING RESOURCE SURFACE FROM DISK
4518968.956	Test_Phase.SEQUENCE.Word	LOADING RESOURCE SURFACE FROM DISK
4526162.718	Test_Phase.SEQUENCE.Word	LOADING RESOURCE SURFACE FROM DISK
4533412.955	Test_Phase.SEQUENCE.Word	LOADING RESOURCE SURFACE FROM DISK
4541662.778	Test_Phase.SEQUENCE.Word	LOADING RESOURCE SURFACE FROM DISK
4548765.501	Test_Phase.SEQUENCE.Word	LOADING RESOURCE SURFACE FROM DISK
4555889.092	Test_Phase.SEQUENCE.Word	LOADING RESOURCE SURFACE FROM DISK
4563465.377	Test_Phase.SEQUENCE.Word	LOADING RESOURCE SURFACE FROM DISK
4567101.748	DISPLAY_SCREEN	LOADING RESOURCE SURFACE FROM DISK
