4657.902	DISPLAY_SCREEN[1]	LOADING RESOURCE SURFACE FROM DISK
771946.686	Familiarization_Phase.SEQUENCE.Cue_and_Instruction	LOADING RESOURCE SURFACE FROM DISK
771950.639	Familiarization_Phase.SEQUENCE.Cue_and_Instruction	LOADING RESOURCE SURFACE FROM DISK
777995.067	Familiarization_Phase.SEQUENCE.Cue_and_Instruction	LOADING RESOURCE SURFACE FROM DISK
777999.286	Familiarization_Phase.SEQUENCE.Cue_and_Instruction	LOADING RESOURCE SURFACE FROM DISK
784045.2	Familiarization_Phase.SEQUENCE.Cue_and_Instruction	LOADING RESOURCE SURFACE FROM DISK
784049.659	Familiarization_Phase.SEQUENCE.Cue_and_Instruction	LOADING RESOURCE SURFACE FROM DISK
826177.886	DISPLAY_SCREEN[3]	LOADING RESOURCE SURFACE FROM DISK
829740.174	DISPLAY_SCREEN[5]	LOADING RESOURCE SURFACE FROM DISK
950669.241	Practice_Phase.SEQUENCE.Blink_Screen	LOADING RESOURCE SURFACE FROM DISK
951873.472	Practice_Phase.SEQUENCE.Practice_Luminance_Cue	LOADING RESOURCE SURFACE FROM DISK
951875.699	Practice_Phase.SEQUENCE.Practice_Luminance_Cue	LOADING RESOURCE SURFACE FROM DISK
952373.443	Practice_Phase.SEQUENCE.DISPLAY_SCREEN	LOADING RESOURCE SURFACE FROM DISK
953869.731	Practice_Phase.SEQUENCE.Practice_Instruction	LOADING RESOURCE SURFACE FROM DISK
960456.258	Practice_Phase.SEQUENCE.DISPLAY_SCREEN	LOADING RESOURCE SURFACE FROM DISK
961953.14	Practice_Phase.SEQUENCE.Practice_Instruction	LOADING RESOURCE SURFACE FROM DISK
968523.165	Practice_Phase.SEQUENCE.DISPLAY_SCREEN	LOADING RESOURCE SURFACE FROM DISK
970019.783	Practice_Phase.SEQUENCE.Practice_Instruction	LOADING RESOURCE SURFACE FROM DISK
976589.827	Practice_Phase.SEQUENCE.DISPLAY_SCREEN	LOADING RESOURCE SURFACE FROM DISK
978086.425	Practice_Phase.SEQUENCE.Practice_Instruction	LOADING RESOURCE SURFACE FROM DISK
984656.402	Practice_Phase.SEQUENCE.DISPLAY_SCREEN	LOADING RESOURCE SURFACE FROM DISK
986153.287	Practice_Phase.SEQUENCE.Practice_Instruction	LOADING RESOURCE SURFACE FROM DISK
992723.158	Practice_Phase.SEQUENCE.DISPLAY_SCREEN	LOADING RESOURCE SURFACE FROM DISK
994219.843	Practice_Phase.SEQUENCE.Practice_Instruction	LOADING RESOURCE SURFACE FROM DISK
1000789.936	Practice_Phase.SEQUENCE.DISPLAY_SCREEN	LOADING RESOURCE SURFACE FROM DISK
1002286.439	Practice_Phase.SEQUENCE.Practice_Instruction	LOADING RESOURCE SURFACE FROM DISK
1008856.385	Practice_Phase.SEQUENCE.DISPLAY_SCREEN	LOADING RESOURCE SURFACE FROM DISK
1010353.296	Practice_Phase.SEQUENCE.Practice_Instruction	LOADING RESOURCE SURFACE FROM DISK
1016923.161	Practice_Phase.SEQUENCE.DISPLAY_SCREEN	LOADING RESOURCE SURFACE FROM DISK
1018419.899	Practice_Phase.SEQUENCE.Practice_Instruction	LOADING RESOURCE SURFACE FROM DISK
1023086.563	DISPLAY_SCREEN[2]	LOADING RESOURCE SURFACE FROM DISK
1165531.554	Study_Phase.SEQUENCE.DISPLAY_SCREEN	LOADING RESOURCE SURFACE FROM DISK
1167330.823	Study_Phase.SEQUENCE.Study_Instruction	LOADING RESOURCE SURFACE FROM DISK
1175661.894	Study_Phase.SEQUENCE.Study_Instruction	LOADING RESOURCE SURFACE FROM DISK
1182414.774	Study_Phase.SEQUENCE.DISPLAY_SCREEN	LOADING RESOURCE SURFACE FROM DISK
1183928.356	Study_Phase.SEQUENCE.Study_Instruction	LOADING RESOURCE SURFACE FROM DISK
1192194.433	Study_Phase.SEQUENCE.Study_Instruction	LOADING RESOURCE SURFACE FROM DISK
1200461.763	Study_Phase.SEQUENCE.Study_Instruction	LOADING RESOURCE SURFACE FROM DISK
1207214.789	Study_Phase.SEQUENCE.DISPLAY_SCREEN	LOADING RESOURCE SURFACE FROM DISK
1208728.386	Study_Phase.SEQUENCE.Study_Instruction	LOADING RESOURCE SURFACE FROM DISK
1216995.016	Study_Phase.SEQUENCE.Study_Instruction	LOADING RESOURCE SURFACE FROM DISK
1225261.222	Study_Phase.SEQUENCE.Study_Instruction	LOADING RESOURCE SURFACE FROM DISK
1232014.714	Study_Phase.SEQUENCE.DISPLAY_SCREEN	LOADING RESOURCE SURFACE FROM DISK
1233528.316	Study_Phase.SEQUENCE.Study_Instruction	LOADING RESOURCE SURFACE FROM DISK
1240281.443	Study_Phase.SEQUENCE.DISPLAY_SCREEN	LOADING RESOURCE SURFACE FROM DISK
1241795.033	Study_Phase.SEQUENCE.Study_Instruction	LOADING RESOURCE SURFACE FROM DISK
1250061.23	Study_Phase.SEQUENCE.Study_Instruction	LOADING RESOURCE SURFACE FROM DISK
1256814.741	Study_Phase.SEQUENCE.DISPLAY_SCREEN	LOADING RESOURCE SURFACE FROM DISK
1258328.395	Study_Phase.SEQUENCE.Study_Instruction	LOADING RESOURCE SURFACE FROM DISK
1265081.352	Study_Phase.SEQUENCE.DISPLAY_SCREEN	LOADING RESOURCE SURFACE FROM DISK
1266595.103	Study_Phase.SEQUENCE.Study_Instruction	LOADING RESOURCE SURFACE FROM DISK
1274845.035	Study_Phase.SEQUENCE.Study_Instruction	LOADING RESOURCE SURFACE FROM DISK
1283111.154	Study_Phase.SEQUENCE.Study_Instruction	LOADING RESOURCE SURFACE FROM DISK
1289864.735	Study_Phase.SEQUENCE.DISPLAY_SCREEN	LOADING RESOURCE SURFACE FROM DISK
1291378.416	Study_Phase.SEQUENCE.Study_Instruction	LOADING RESOURCE SURFACE FROM DISK
1299644.495	Study_Phase.SEQUENCE.Study_Instruction	LOADING RESOURCE SURFACE FROM DISK
1306364.61	Study_Phase.SEQUENCE.DISPLAY_SCREEN	LOADING RESOURCE SURFACE FROM DISK
1307878.352	Study_Phase.SEQUENCE.Study_Instruction	LOADING RESOURCE SURFACE FROM DISK
1316144.565	Study_Phase.SEQUENCE.Study_Instruction	LOADING RESOURCE SURFACE FROM DISK
1324411.23	Study_Phase.SEQUENCE.Study_Instruction	LOADING RESOURCE SURFACE FROM DISK
1331164.952	Study_Phase.SEQUENCE.DISPLAY_SCREEN	LOADING RESOURCE SURFACE FROM DISK
1332678.529	Study_Phase.SEQUENCE.Study_Instruction	LOADING RESOURCE SURFACE FROM DISK
1340927.999	Study_Phase.SEQUENCE.Study_Instruction	LOADING RESOURCE SURFACE FROM DISK
1349195.278	Study_Phase.SEQUENCE.Study_Instruction	LOADING RESOURCE SURFACE FROM DISK
1357461.244	Study_Phase.SEQUENCE.Study_Instruction	LOADING RESOURCE SURFACE FROM DISK
1364214.905	Study_Phase.SEQUENCE.DISPLAY_SCREEN	LOADING RESOURCE SURFACE FROM DISK
1365728.445	Study_Phase.SEQUENCE.Study_Instruction	LOADING RESOURCE SURFACE FROM DISK
1373994.636	Study_Phase.SEQUENCE.Study_Instruction	LOADING RESOURCE SURFACE FROM DISK
1380731.16	Study_Phase.SEQUENCE.DISPLAY_SCREEN	LOADING RESOURCE SURFACE FROM DISK
1382245.107	Study_Phase.SEQUENCE.Study_Instruction	LOADING RESOURCE SURFACE FROM DISK
1390511.151	Study_Phase.SEQUENCE.Study_Instruction	LOADING RESOURCE SURFACE FROM DISK
1398777.861	Study_Phase.SEQUENCE.Study_Instruction	LOADING RESOURCE SURFACE FROM DISK
1407045.107	Study_Phase.SEQUENCE.Study_Instruction	LOADING RESOURCE SURFACE FROM DISK
1413797.818	Study_Phase.SEQUENCE.DISPLAY_SCREEN	LOADING RESOURCE SURFACE FROM DISK
1415311.832	Study_Phase.SEQUENCE.Study_Instruction	LOADING RESOURCE SURFACE FROM DISK
1423578.451	Study_Phase.SEQUENCE.Study_Instruction	LOADING RESOURCE SURFACE FROM DISK
1431828.044	Study_Phase.SEQUENCE.Study_Instruction	LOADING RESOURCE SURFACE FROM DISK
1440077.846	Study_Phase.SEQUENCE.Study_Instruction	LOADING RESOURCE SURFACE FROM DISK
1446831.323	Study_Phase.SEQUENCE.DISPLAY_SCREEN	LOADING RESOURCE SURFACE FROM DISK
1448344.96	Study_Phase.SEQUENCE.Study_Instruction	LOADING RESOURCE SURFACE FROM DISK
1456611.753	Study_Phase.SEQUENCE.Study_Instruction	LOADING RESOURCE SURFACE FROM DISK
1463364.747	Study_Phase.SEQUENCE.DISPLAY_SCREEN	LOADING RESOURCE SURFACE FROM DISK
1464878.375	Study_Phase.SEQUENCE.Study_Instruction	LOADING RESOURCE SURFACE FROM DISK
1473145.111	Study_Phase.SEQUENCE.Study_Instruction	LOADING RESOURCE SURFACE FROM DISK
1479898.056	Study_Phase.SEQUENCE.DISPLAY_SCREEN	LOADING RESOURCE SURFACE FROM DISK
1481411.822	Study_Phase.SEQUENCE.Study_Instruction	LOADING RESOURCE SURFACE FROM DISK
1488164.654	Study_Phase.SEQUENCE.DISPLAY_SCREEN	LOADING RESOURCE SURFACE FROM DISK
1489678.364	Study_Phase.SEQUENCE.Study_Instruction	LOADING RESOURCE SURFACE FROM DISK
1497945.133	Study_Phase.SEQUENCE.Study_Instruction	LOADING RESOURCE SURFACE FROM DISK
1504681.491	Study_Phase.SEQUENCE.DISPLAY_SCREEN	LOADING RESOURCE SURFACE FROM DISK
1506195.087	Study_Phase.SEQUENCE.Study_Instruction	LOADING RESOURCE SURFACE FROM DISK
1512948.239	Study_Phase.SEQUENCE.DISPLAY_SCREEN	LOADING RESOURCE SURFACE FROM DISK
1514461.807	Study_Phase.SEQUENCE.Study_Instruction	LOADING RESOURCE SURFACE FROM DISK
1522727.836	Study_Phase.SEQUENCE.Study_Instruction	LOADING RESOURCE SURFACE FROM DISK
1530994.449	Study_Phase.SEQUENCE.Study_Instruction	LOADING RESOURCE SURFACE FROM DISK
1539228.488	Study_Phase.SEQUENCE.Study_Instruction	LOADING RESOURCE SURFACE FROM DISK
1545981.316	Study_Phase.SEQUENCE.DISPLAY_SCREEN	LOADING RESOURCE SURFACE FROM DISK
1547494.99	Study_Phase.SEQUENCE.Study_Instruction	LOADING RESOURCE SURFACE FROM DISK
1555761.104	Study_Phase.SEQUENCE.Study_Instruction	LOADING RESOURCE SURFACE FROM DISK
1562514.685	Study_Phase.SEQUENCE.DISPLAY_SCREEN	LOADING RESOURCE SURFACE FROM DISK
1564028.519	Study_Phase.SEQUENCE.Study_Instruction	LOADING RESOURCE SURFACE FROM DISK
1572294.493	Study_Phase.SEQUENCE.Study_Instruction	LOADING RESOURCE SURFACE FROM DISK
1580561.751	Study_Phase.SEQUENCE.Study_Instruction	LOADING RESOURCE SURFACE FROM DISK
1587314.652	Study_Phase.SEQUENCE.DISPLAY_SCREEN	LOADING RESOURCE SURFACE FROM DISK
1588828.478	Study_Phase.SEQUENCE.Study_Instruction	LOADING RESOURCE SURFACE FROM DISK
1597095.084	Study_Phase.SEQUENCE.Study_Instruction	LOADING RESOURCE SURFACE FROM DISK
1603847.92	Study_Phase.SEQUENCE.DISPLAY_SCREEN	LOADING RESOURCE SURFACE FROM DISK
1605361.673	Study_Phase.SEQUENCE.Study_Instruction	LOADING RESOURCE SURFACE FROM DISK
1612114.693	Study_Phase.SEQUENCE.DISPLAY_SCREEN	LOADING RESOURCE SURFACE FROM DISK
1613628.425	Study_Phase.SEQUENCE.Study_Instruction	LOADING RESOURCE SURFACE FROM DISK
1621895.192	Study_Phase.SEQUENCE.Study_Instruction	LOADING RESOURCE SURFACE FROM DISK
1628647.806	Study_Phase.SEQUENCE.DISPLAY_SCREEN	LOADING RESOURCE SURFACE FROM DISK
1630161.741	Study_Phase.SEQUENCE.Study_Instruction	LOADING RESOURCE SURFACE FROM DISK
1636914.753	Study_Phase.SEQUENCE.DISPLAY_SCREEN	LOADING RESOURCE SURFACE FROM DISK
1638466.154	Study_Phase.SEQUENCE.Study_Instruction	LOADING RESOURCE SURFACE FROM DISK
1646745.098	Study_Phase.SEQUENCE.Study_Instruction	LOADING RESOURCE SURFACE FROM DISK
1655011.245	Study_Phase.SEQUENCE.Study_Instruction	LOADING RESOURCE SURFACE FROM DISK
1661748.234	Study_Phase.SEQUENCE.DISPLAY_SCREEN	LOADING RESOURCE SURFACE FROM DISK
1663261.906	Study_Phase.SEQUENCE.Study_Instruction	LOADING RESOURCE SURFACE FROM DISK
1671528.52	Study_Phase.SEQUENCE.Study_Instruction	LOADING RESOURCE SURFACE FROM DISK
1678264.961	Study_Phase.SEQUENCE.DISPLAY_SCREEN	LOADING RESOURCE SURFACE FROM DISK
1679778.374	Study_Phase.SEQUENCE.Study_Instruction	LOADING RESOURCE SURFACE FROM DISK
1688045.147	Study_Phase.SEQUENCE.Study_Instruction	LOADING RESOURCE SURFACE FROM DISK
1694798.064	Study_Phase.SEQUENCE.DISPLAY_SCREEN	LOADING RESOURCE SURFACE FROM DISK
1696311.698	Study_Phase.SEQUENCE.Study_Instruction	LOADING RESOURCE SURFACE FROM DISK
1704578.373	Study_Phase.SEQUENCE.Study_Instruction	LOADING RESOURCE SURFACE FROM DISK
1712844.417	Study_Phase.SEQUENCE.Study_Instruction	LOADING RESOURCE SURFACE FROM DISK
1719598.114	Study_Phase.SEQUENCE.DISPLAY_SCREEN	LOADING RESOURCE SURFACE FROM DISK
1721111.71	Study_Phase.SEQUENCE.Study_Instruction	LOADING RESOURCE SURFACE FROM DISK
1727864.842	Study_Phase.SEQUENCE.DISPLAY_SCREEN	LOADING RESOURCE SURFACE FROM DISK
1729378.368	Study_Phase.SEQUENCE.Study_Instruction	LOADING RESOURCE SURFACE FROM DISK
1737644.464	Study_Phase.SEQUENCE.Study_Instruction	LOADING RESOURCE SURFACE FROM DISK
1745911.629	Study_Phase.SEQUENCE.Study_Instruction	LOADING RESOURCE SURFACE FROM DISK
1752664.794	Study_Phase.SEQUENCE.DISPLAY_SCREEN	LOADING RESOURCE SURFACE FROM DISK
1754178.365	Study_Phase.SEQUENCE.Study_Instruction	LOADING RESOURCE SURFACE FROM DISK
1762445.037	Study_Phase.SEQUENCE.Study_Instruction	LOADING RESOURCE SURFACE FROM DISK
1769198.065	Study_Phase.SEQUENCE.DISPLAY_SCREEN	LOADING RESOURCE SURFACE FROM DISK
1770711.774	Study_Phase.SEQUENCE.Study_Instruction	LOADING RESOURCE SURFACE FROM DISK
1778978.32	Study_Phase.SEQUENCE.Study_Instruction	LOADING RESOURCE SURFACE FROM DISK
1787244.513	Study_Phase.SEQUENCE.Study_Instruction	LOADING RESOURCE SURFACE FROM DISK
1793998.219	Study_Phase.SEQUENCE.DISPLAY_SCREEN	LOADING RESOURCE SURFACE FROM DISK
1795511.591	Study_Phase.SEQUENCE.Study_Instruction	LOADING RESOURCE SURFACE FROM DISK
1803778.432	Study_Phase.SEQUENCE.Study_Instruction	LOADING RESOURCE SURFACE FROM DISK
1810531.701	Study_Phase.SEQUENCE.DISPLAY_SCREEN	LOADING RESOURCE SURFACE FROM DISK
1812045.074	Study_Phase.SEQUENCE.Study_Instruction	LOADING RESOURCE SURFACE FROM DISK
1820378.319	Study_Phase.SEQUENCE.Study_Instruction	LOADING RESOURCE SURFACE FROM DISK
1827131.335	Study_Phase.SEQUENCE.DISPLAY_SCREEN	LOADING RESOURCE SURFACE FROM DISK
1828644.928	Study_Phase.SEQUENCE.Study_Instruction	LOADING RESOURCE SURFACE FROM DISK
1836911.224	Study_Phase.SEQUENCE.Study_Instruction	LOADING RESOURCE SURFACE FROM DISK
1843664.784	Study_Phase.SEQUENCE.DISPLAY_SCREEN	LOADING RESOURCE SURFACE FROM DISK
1845178.342	Study_Phase.SEQUENCE.Study_Instruction	LOADING RESOURCE SURFACE FROM DISK
1853444.555	Study_Phase.SEQUENCE.Study_Instruction	LOADING RESOURCE SURFACE FROM DISK
1860197.96	Study_Phase.SEQUENCE.DISPLAY_SCREEN	LOADING RESOURCE SURFACE FROM DISK
1861711.78	Study_Phase.SEQUENCE.Study_Instruction	LOADING RESOURCE SURFACE FROM DISK
1868464.613	Study_Phase.SEQUENCE.DISPLAY_SCREEN	LOADING RESOURCE SURFACE FROM DISK
1869978.504	Study_Phase.SEQUENCE.Study_Instruction	LOADING RESOURCE SURFACE FROM DISK
1878245.656	Study_Phase.SEQUENCE.Study_Instruction	LOADING RESOURCE SURFACE FROM DISK
1886511.188	Study_Phase.SEQUENCE.Study_Instruction	LOADING RESOURCE SURFACE FROM DISK
1893264.633	Study_Phase.SEQUENCE.DISPLAY_SCREEN	LOADING RESOURCE SURFACE FROM DISK
1894778.311	Study_Phase.SEQUENCE.Study_Instruction	LOADING RESOURCE SURFACE FROM DISK
1903044.518	Study_Phase.SEQUENCE.Study_Instruction	LOADING RESOURCE SURFACE FROM DISK
1911311.901	Study_Phase.SEQUENCE.Study_Instruction	LOADING RESOURCE SURFACE FROM DISK
1919577.756	Study_Phase.SEQUENCE.Study_Instruction	LOADING RESOURCE SURFACE FROM DISK
1926331.33	Study_Phase.SEQUENCE.DISPLAY_SCREEN	LOADING RESOURCE SURFACE FROM DISK
1927845.069	Study_Phase.SEQUENCE.Study_Instruction	LOADING RESOURCE SURFACE FROM DISK
1936145.653	Study_Phase.SEQUENCE.Study_Instruction	LOADING RESOURCE SURFACE FROM DISK
1942898.072	Study_Phase.SEQUENCE.DISPLAY_SCREEN	LOADING RESOURCE SURFACE FROM DISK
1944411.66	Study_Phase.SEQUENCE.Study_Instruction	LOADING RESOURCE SURFACE FROM DISK
1952677.858	Study_Phase.SEQUENCE.Study_Instruction	LOADING RESOURCE SURFACE FROM DISK
1959431.191	Study_Phase.SEQUENCE.DISPLAY_SCREEN	LOADING RESOURCE SURFACE FROM DISK
1960945.013	Study_Phase.SEQUENCE.Study_Instruction	LOADING RESOURCE SURFACE FROM DISK
1969211.112	Study_Phase.SEQUENCE.Study_Instruction	LOADING RESOURCE SURFACE FROM DISK
1977478.514	Study_Phase.SEQUENCE.Study_Instruction	LOADING RESOURCE SURFACE FROM DISK
1984231.283	Study_Phase.SEQUENCE.DISPLAY_SCREEN	LOADING RESOURCE SURFACE FROM DISK
1985744.946	Study_Phase.SEQUENCE.Study_Instruction	LOADING RESOURCE SURFACE FROM DISK
1994011.217	Study_Phase.SEQUENCE.Study_Instruction	LOADING RESOURCE SURFACE FROM DISK
2002316.017	Study_Phase.SEQUENCE.Study_Instruction	LOADING RESOURCE SURFACE FROM DISK
2010595.022	Study_Phase.SEQUENCE.Study_Instruction	LOADING RESOURCE SURFACE FROM DISK
2017348.044	Study_Phase.SEQUENCE.DISPLAY_SCREEN	LOADING RESOURCE SURFACE FROM DISK
2018898.037	Study_Phase.SEQUENCE.Study_Instruction	LOADING RESOURCE SURFACE FROM DISK
2025647.852	Study_Phase.SEQUENCE.DISPLAY_SCREEN	LOADING RESOURCE SURFACE FROM DISK
2027161.756	Study_Phase.SEQUENCE.Study_Instruction	LOADING RESOURCE SURFACE FROM DISK
2033914.77	Study_Phase.SEQUENCE.DISPLAY_SCREEN	LOADING RESOURCE SURFACE FROM DISK
2035428.348	Study_Phase.SEQUENCE.Study_Instruction	LOADING RESOURCE SURFACE FROM DISK
2043678.477	Study_Phase.SEQUENCE.Study_Instruction	LOADING RESOURCE SURFACE FROM DISK
2050431.463	Study_Phase.SEQUENCE.DISPLAY_SCREEN	LOADING RESOURCE SURFACE FROM DISK
2051945.184	Study_Phase.SEQUENCE.Study_Instruction	LOADING RESOURCE SURFACE FROM DISK
2060211.137	Study_Phase.SEQUENCE.Study_Instruction	LOADING RESOURCE SURFACE FROM DISK
2068461.147	Study_Phase.SEQUENCE.Study_Instruction	LOADING RESOURCE SURFACE FROM DISK
2076711.125	Study_Phase.SEQUENCE.Study_Instruction	LOADING RESOURCE SURFACE FROM DISK
2084977.963	Study_Phase.SEQUENCE.Study_Instruction	LOADING RESOURCE SURFACE FROM DISK
2091731.523	Study_Phase.SEQUENCE.DISPLAY_SCREEN	LOADING RESOURCE SURFACE FROM DISK
2093245.016	Study_Phase.SEQUENCE.Study_Instruction	LOADING RESOURCE SURFACE FROM DISK
2101511.157	Study_Phase.SEQUENCE.Study_Instruction	LOADING RESOURCE SURFACE FROM DISK
2108264.57	Study_Phase.SEQUENCE.DISPLAY_SCREEN	LOADING RESOURCE SURFACE FROM DISK
2109778.442	Study_Phase.SEQUENCE.Study_Instruction	LOADING RESOURCE SURFACE FROM DISK
2118045.02	Study_Phase.SEQUENCE.Study_Instruction	LOADING RESOURCE SURFACE FROM DISK
2126311.241	Study_Phase.SEQUENCE.Study_Instruction	LOADING RESOURCE SURFACE FROM DISK
2133064.697	Study_Phase.SEQUENCE.DISPLAY_SCREEN	LOADING RESOURCE SURFACE FROM DISK
2134578.482	Study_Phase.SEQUENCE.Study_Instruction	LOADING RESOURCE SURFACE FROM DISK
2141331.447	Study_Phase.SEQUENCE.DISPLAY_SCREEN	LOADING RESOURCE SURFACE FROM DISK
2142845.127	Study_Phase.SEQUENCE.Study_Instruction	LOADING RESOURCE SURFACE FROM DISK
2149598.074	Study_Phase.SEQUENCE.DISPLAY_SCREEN	LOADING RESOURCE SURFACE FROM DISK
2151111.703	Study_Phase.SEQUENCE.Study_Instruction	LOADING RESOURCE SURFACE FROM DISK
2155818.648	DISPLAY_SCREEN[7]	LOADING RESOURCE SURFACE FROM DISK
2347477.755	Test_Phase.SEQUENCE.Target_Cue	LOADING RESOURCE SURFACE FROM DISK
2347479.443	Test_Phase.SEQUENCE.Target_Cue	LOADING RESOURCE SURFACE FROM DISK
2349494.855	Test_Phase.SEQUENCE.Word	LOADING RESOURCE SURFACE FROM DISK
2352511.152	Test_Phase.SEQUENCE.Test_Question	LOADING RESOURCE SURFACE FROM DISK
2352512.853	Test_Phase.SEQUENCE.Test_Question	LOADING RESOURCE SURFACE FROM DISK
2352514.527	Test_Phase.SEQUENCE.Test_Question	LOADING RESOURCE SURFACE FROM DISK
2352516.111	Test_Phase.SEQUENCE.Test_Question	LOADING RESOURCE SURFACE FROM DISK
2352517.659	Test_Phase.SEQUENCE.Test_Question	LOADING RESOURCE SURFACE FROM DISK
2352519.312	Test_Phase.SEQUENCE.Test_Question	LOADING RESOURCE SURFACE FROM DISK
2352521.194	Test_Phase.SEQUENCE.Test_Question	LOADING RESOURCE SURFACE FROM DISK
2352522.763	Test_Phase.SEQUENCE.Test_Question	LOADING RESOURCE SURFACE FROM DISK
2352524.336	Test_Phase.SEQUENCE.Test_Question	LOADING RESOURCE SURFACE FROM DISK
2352525.821	Test_Phase.SEQUENCE.Test_Question	LOADING RESOURCE SURFACE FROM DISK
2352527.363	Test_Phase.SEQUENCE.Test_Question	LOADING RESOURCE SURFACE FROM DISK
2352528.931	Test_Phase.SEQUENCE.Test_Question	LOADING RESOURCE SURFACE FROM DISK
2359978.359	Test_Phase.SEQUENCE.Word	LOADING RESOURCE SURFACE FROM DISK
2370028.105	Test_Phase.SEQUENCE.Word	LOADING RESOURCE SURFACE FROM DISK
2378628.147	Test_Phase.SEQUENCE.Word	LOADING RESOURCE SURFACE FROM DISK
2388644.879	Test_Phase.SEQUENCE.Word	LOADING RESOURCE SURFACE FROM DISK
2398428.128	Test_Phase.SEQUENCE.Word	LOADING RESOURCE SURFACE FROM DISK
2408011.325	Test_Phase.SEQUENCE.Word	LOADING RESOURCE SURFACE FROM DISK
2417578.273	Test_Phase.SEQUENCE.Word	LOADING RESOURCE SURFACE FROM DISK
2427778.056	Test_Phase.SEQUENCE.Word	LOADING RESOURCE SURFACE FROM DISK
2436228.064	Test_Phase.SEQUENCE.Word	LOADING RESOURCE SURFACE FROM DISK
2444644.826	Test_Phase.SEQUENCE.Word	LOADING RESOURCE SURFACE FROM DISK
2453228.141	Test_Phase.SEQUENCE.Word	LOADING RESOURCE SURFACE FROM DISK
2461678.049	Test_Phase.SEQUENCE.Word	LOADING RESOURCE SURFACE FROM DISK
2470211.424	Test_Phase.SEQUENCE.Word	LOADING RESOURCE SURFACE FROM DISK
2479778.025	Test_Phase.SEQUENCE.Word	LOADING RESOURCE SURFACE FROM DISK
2489494.689	Test_Phase.SEQUENCE.Word	LOADING RESOURCE SURFACE FROM DISK
2500161.385	Test_Phase.SEQUENCE.Word	LOADING RESOURCE SURFACE FROM DISK
2510128.168	Test_Phase.SEQUENCE.Word	LOADING RESOURCE SURFACE FROM DISK
2519561.56	Test_Phase.SEQUENCE.Word	LOADING RESOURCE SURFACE FROM DISK
2528978.05	Test_Phase.SEQUENCE.Word	LOADING RESOURCE SURFACE FROM DISK
2537545.054	Test_Phase.SEQUENCE.Word	LOADING RESOURCE SURFACE FROM DISK
2547611.495	Test_Phase.SEQUENCE.Word	LOADING RESOURCE SURFACE FROM DISK
2555978.176	Test_Phase.SEQUENCE.Word	LOADING RESOURCE SURFACE FROM DISK
2564194.865	Test_Phase.SEQUENCE.Word	LOADING RESOURCE SURFACE FROM DISK
2573695.131	Test_Phase.SEQUENCE.Word	LOADING RESOURCE SURFACE FROM DISK
2581778.033	Test_Phase.SEQUENCE.Word	LOADING RESOURCE SURFACE FROM DISK
2589611.399	Test_Phase.SEQUENCE.Word	LOADING RESOURCE SURFACE FROM DISK
2597544.975	Test_Phase.SEQUENCE.Word	LOADING RESOURCE SURFACE FROM DISK
2607261.479	Test_Phase.SEQUENCE.Word	LOADING RESOURCE SURFACE FROM DISK
2615811.402	Test_Phase.SEQUENCE.Word	LOADING RESOURCE SURFACE FROM DISK
2623595.028	Test_Phase.SEQUENCE.Word	LOADING RESOURCE SURFACE FROM DISK
2631494.83	Test_Phase.SEQUENCE.Word	LOADING RESOURCE SURFACE FROM DISK
2640261.363	Test_Phase.SEQUENCE.Word	LOADING RESOURCE SURFACE FROM DISK
2648194.804	Test_Phase.SEQUENCE.Word	LOADING RESOURCE SURFACE FROM DISK
2655994.815	Test_Phase.SEQUENCE.Word	LOADING RESOURCE SURFACE FROM DISK
2664261.343	Test_Phase.SEQUENCE.Word	LOADING RESOURCE SURFACE FROM DISK
2672744.95	Test_Phase.SEQUENCE.Word	LOADING RESOURCE SURFACE FROM DISK
2680895.017	Test_Phase.SEQUENCE.Word	LOADING RESOURCE SURFACE FROM DISK
2688811.454	Test_Phase.SEQUENCE.Word	LOADING RESOURCE SURFACE FROM DISK
2696661.55	Test_Phase.SEQUENCE.Word	LOADING RESOURCE SURFACE FROM DISK
2706161.29	Test_Phase.SEQUENCE.Word	LOADING RESOURCE SURFACE FROM DISK
2714478.229	Test_Phase.SEQUENCE.Word	LOADING RESOURCE SURFACE FROM DISK
2722828.219	Test_Phase.SEQUENCE.Word	LOADING RESOURCE SURFACE FROM DISK
2730828.118	Test_Phase.SEQUENCE.Word	LOADING RESOURCE SURFACE FROM DISK
2738661.354	Test_Phase.SEQUENCE.Word	LOADING RESOURCE SURFACE FROM DISK
2746694.95	Test_Phase.SEQUENCE.Word	LOADING RESOURCE SURFACE FROM DISK
2754495.032	Test_Phase.SEQUENCE.Word	LOADING RESOURCE SURFACE FROM DISK
2762778.189	Test_Phase.SEQUENCE.Word	LOADING RESOURCE SURFACE FROM DISK
2771011.632	Test_Phase.SEQUENCE.Word	LOADING RESOURCE SURFACE FROM DISK
2779678.252	Test_Phase.SEQUENCE.Word	LOADING RESOURCE SURFACE FROM DISK
2787478.338	Test_Phase.SEQUENCE.Word	LOADING RESOURCE SURFACE FROM DISK
2795561.603	Test_Phase.SEQUENCE.Word	LOADING RESOURCE SURFACE FROM DISK
2803844.894	Test_Phase.SEQUENCE.Word	LOADING RESOURCE SURFACE FROM DISK
2811711.718	Test_Phase.SEQUENCE.Word	LOADING RESOURCE SURFACE FROM DISK
2819528.098	Test_Phase.SEQUENCE.Word	LOADING RESOURCE SURFACE FROM DISK
2827311.396	Test_Phase.SEQUENCE.Word	LOADING RESOURCE SURFACE FROM DISK
2835161.448	Test_Phase.SEQUENCE.Word	LOADING RESOURCE SURFACE FROM DISK
2844111.371	Test_Phase.SEQUENCE.Word	LOADING RESOURCE SURFACE FROM DISK
2852511.626	Test_Phase.SEQUENCE.Word	LOADING RESOURCE SURFACE FROM DISK
2860644.732	Test_Phase.SEQUENCE.Word	LOADING RESOURCE SURFACE FROM DISK
2868411.548	Test_Phase.SEQUENCE.Word	LOADING RESOURCE SURFACE FROM DISK
2876428.198	Test_Phase.SEQUENCE.Word	LOADING RESOURCE SURFACE FROM DISK
2885344.896	Test_Phase.SEQUENCE.Word	LOADING RESOURCE SURFACE FROM DISK
2893911.379	Test_Phase.SEQUENCE.Word	LOADING RESOURCE SURFACE FROM DISK
2902061.45	Test_Phase.SEQUENCE.Word	LOADING RESOURCE SURFACE FROM DISK
2910361.409	Test_Phase.SEQUENCE.Word	LOADING RESOURCE SURFACE FROM DISK
2919928.153	Test_Phase.SEQUENCE.Word	LOADING RESOURCE SURFACE FROM DISK
2928011.708	Test_Phase.SEQUENCE.Word	LOADING RESOURCE SURFACE FROM DISK
2936028.112	Test_Phase.SEQUENCE.Word	LOADING RESOURCE SURFACE FROM DISK
2943761.584	Test_Phase.SEQUENCE.Word	LOADING RESOURCE SURFACE FROM DISK
2951311.545	Test_Phase.SEQUENCE.Word	LOADING RESOURCE SURFACE FROM DISK
2959011.306	Test_Phase.SEQUENCE.Word	LOADING RESOURCE SURFACE FROM DISK
2967011.386	Test_Phase.SEQUENCE.Word	LOADING RESOURCE SURFACE FROM DISK
2975094.905	Test_Phase.SEQUENCE.Word	LOADING RESOURCE SURFACE FROM DISK
2983844.92	Test_Phase.SEQUENCE.Word	LOADING RESOURCE SURFACE FROM DISK
2991811.46	Test_Phase.SEQUENCE.Word	LOADING RESOURCE SURFACE FROM DISK
2999944.86	Test_Phase.SEQUENCE.Word	LOADING RESOURCE SURFACE FROM DISK
3008061.325	Test_Phase.SEQUENCE.Word	LOADING RESOURCE SURFACE FROM DISK
3016194.664	Test_Phase.SEQUENCE.Word	LOADING RESOURCE SURFACE FROM DISK
3027144.962	Test_Phase.SEQUENCE.Word	LOADING RESOURCE SURFACE FROM DISK
3035078.222	Test_Phase.SEQUENCE.Word	LOADING RESOURCE SURFACE FROM DISK
3043128.226	Test_Phase.SEQUENCE.Word	LOADING RESOURCE SURFACE FROM DISK
3051595.058	Test_Phase.SEQUENCE.Word	LOADING RESOURCE SURFACE FROM DISK
3061711.664	Test_Phase.SEQUENCE.Word	LOADING RESOURCE SURFACE FROM DISK
3070561.395	Test_Phase.SEQUENCE.Word	LOADING RESOURCE SURFACE FROM DISK
3079361.475	Test_Phase.SEQUENCE.Word	LOADING RESOURCE SURFACE FROM DISK
3087661.393	Test_Phase.SEQUENCE.Word	LOADING RESOURCE SURFACE FROM DISK
3095961.318	Test_Phase.SEQUENCE.Word	LOADING RESOURCE SURFACE FROM DISK
3103761.349	Test_Phase.SEQUENCE.Word	LOADING RESOURCE SURFACE FROM DISK
3111161.504	Test_Phase.SEQUENCE.Word	LOADING RESOURCE SURFACE FROM DISK
3119011.38	Test_Phase.SEQUENCE.Word	LOADING RESOURCE SURFACE FROM DISK
3126713.744	Test_Phase.SEQUENCE.Word	LOADING RESOURCE SURFACE FROM DISK
3134144.886	Test_Phase.SEQUENCE.Word	LOADING RESOURCE SURFACE FROM DISK
3141761.402	Test_Phase.SEQUENCE.Word	LOADING RESOURCE SURFACE FROM DISK
3152328.28	Test_Phase.SEQUENCE.Word	LOADING RESOURCE SURFACE FROM DISK
3160528.189	Test_Phase.SEQUENCE.Word	LOADING RESOURCE SURFACE FROM DISK
3168761.487	Test_Phase.SEQUENCE.Word	LOADING RESOURCE SURFACE FROM DISK
3177278.183	Test_Phase.SEQUENCE.Word	LOADING RESOURCE SURFACE FROM DISK
3185744.686	Test_Phase.SEQUENCE.Word	LOADING RESOURCE SURFACE FROM DISK
3194028.197	Test_Phase.SEQUENCE.Word	LOADING RESOURCE SURFACE FROM DISK
3202328.204	Test_Phase.SEQUENCE.Word	LOADING RESOURCE SURFACE FROM DISK
3210494.967	Test_Phase.SEQUENCE.Word	LOADING RESOURCE SURFACE FROM DISK
3219044.863	Test_Phase.SEQUENCE.Word	LOADING RESOURCE SURFACE FROM DISK
3227961.499	Test_Phase.SEQUENCE.Word	LOADING RESOURCE SURFACE FROM DISK
3236111.572	Test_Phase.SEQUENCE.Word	LOADING RESOURCE SURFACE FROM DISK
3244378.107	Test_Phase.SEQUENCE.Word	LOADING RESOURCE SURFACE FROM DISK
3252628.31	Test_Phase.SEQUENCE.Word	LOADING RESOURCE SURFACE FROM DISK
3260395.001	Test_Phase.SEQUENCE.Word	LOADING RESOURCE SURFACE FROM DISK
3268628.335	Test_Phase.SEQUENCE.Word	LOADING RESOURCE SURFACE FROM DISK
3276644.816	Test_Phase.SEQUENCE.Word	LOADING RESOURCE SURFACE FROM DISK
3284878.212	Test_Phase.SEQUENCE.Word	LOADING RESOURCE SURFACE FROM DISK
3293094.744	Test_Phase.SEQUENCE.Word	LOADING RESOURCE SURFACE FROM DISK
3301211.58	Test_Phase.SEQUENCE.Word	LOADING RESOURCE SURFACE FROM DISK
3309461.64	Test_Phase.SEQUENCE.Word	LOADING RESOURCE SURFACE FROM DISK
3317394.699	Test_Phase.SEQUENCE.Word	LOADING RESOURCE SURFACE FROM DISK
3325778.296	Test_Phase.SEQUENCE.Word	LOADING RESOURCE SURFACE FROM DISK
3333794.684	Test_Phase.SEQUENCE.Word	LOADING RESOURCE SURFACE FROM DISK
3341678.22	Test_Phase.SEQUENCE.Word	LOADING RESOURCE SURFACE FROM DISK
3349928.265	Test_Phase.SEQUENCE.Word	LOADING RESOURCE SURFACE FROM DISK
3358044.739	Test_Phase.SEQUENCE.Word	LOADING RESOURCE SURFACE FROM DISK
3366461.501	Test_Phase.SEQUENCE.Word	LOADING RESOURCE SURFACE FROM DISK
3374247.983	Test_Phase.SEQUENCE.Word	LOADING RESOURCE SURFACE FROM DISK
3382711.414	Test_Phase.SEQUENCE.Word	LOADING RESOURCE SURFACE FROM DISK
3390144.82	Test_Phase.SEQUENCE.Word	LOADING RESOURCE SURFACE FROM DISK
3397361.389	Test_Phase.SEQUENCE.Word	LOADING RESOURCE SURFACE FROM DISK
3404844.789	Test_Phase.SEQUENCE.Word	LOADING RESOURCE SURFACE FROM DISK
3413578.352	Test_Phase.SEQUENCE.Word	LOADING RESOURCE SURFACE FROM DISK
3420728.161	Test_Phase.SEQUENCE.Word	LOADING RESOURCE SURFACE FROM DISK
3428494.832	Test_Phase.SEQUENCE.Word	LOADING RESOURCE SURFACE FROM DISK
3435878.059	Test_Phase.SEQUENCE.Word	LOADING RESOURCE SURFACE FROM DISK
3443911.426	Test_Phase.SEQUENCE.Word	LOADING RESOURCE SURFACE FROM DISK
3452044.729	Test_Phase.SEQUENCE.Word	LOADING RESOURCE SURFACE FROM DISK
3460778.264	Test_Phase.SEQUENCE.Word	LOADING RESOURCE SURFACE FROM DISK
3469078.167	Test_Phase.SEQUENCE.Word	LOADING RESOURCE SURFACE FROM DISK
3478511.327	Test_Phase.SEQUENCE.Word	LOADING RESOURCE SURFACE FROM DISK
3486828.11	Test_Phase.SEQUENCE.Word	LOADING RESOURCE SURFACE FROM DISK
3494811.637	Test_Phase.SEQUENCE.Word	LOADING RESOURCE SURFACE FROM DISK
3502761.424	Test_Phase.SEQUENCE.Word	LOADING RESOURCE SURFACE FROM DISK
3511090.31	Test_Phase.SEQUENCE.Word	LOADING RESOURCE SURFACE FROM DISK
3519211.49	Test_Phase.SEQUENCE.Word	LOADING RESOURCE SURFACE FROM DISK
3527544.8	Test_Phase.SEQUENCE.Word	LOADING RESOURCE SURFACE FROM DISK
3535911.385	Test_Phase.SEQUENCE.Word	LOADING RESOURCE SURFACE FROM DISK
3544194.824	Test_Phase.SEQUENCE.Word	LOADING RESOURCE SURFACE FROM DISK
3552278.233	Test_Phase.SEQUENCE.Word	LOADING RESOURCE SURFACE FROM DISK
3560715.933	Test_Phase.SEQUENCE.Word	LOADING RESOURCE SURFACE FROM DISK
3568918.094	Test_Phase.SEQUENCE.Word	LOADING RESOURCE SURFACE FROM DISK
3577111.512	Test_Phase.SEQUENCE.Word	LOADING RESOURCE SURFACE FROM DISK
3587978.265	Test_Phase.SEQUENCE.Word	LOADING RESOURCE SURFACE FROM DISK
3597478.011	Test_Phase.SEQUENCE.Word	LOADING RESOURCE SURFACE FROM DISK
3605471.819	Test_Phase.SEQUENCE.Word	LOADING RESOURCE SURFACE FROM DISK
3613361.632	Test_Phase.SEQUENCE.Word	LOADING RESOURCE SURFACE FROM DISK
3623661.42	Test_Phase.SEQUENCE.Word	LOADING RESOURCE SURFACE FROM DISK
3633244.866	Test_Phase.SEQUENCE.Word	LOADING RESOURCE SURFACE FROM DISK
3641761.573	Test_Phase.SEQUENCE.Word	LOADING RESOURCE SURFACE FROM DISK
3649694.872	Test_Phase.SEQUENCE.Word	LOADING RESOURCE SURFACE FROM DISK
3658011.469	Test_Phase.SEQUENCE.Word	LOADING RESOURCE SURFACE FROM DISK
3666478.173	Test_Phase.SEQUENCE.Word	LOADING RESOURCE SURFACE FROM DISK
3674427.973	Test_Phase.SEQUENCE.Word	LOADING RESOURCE SURFACE FROM DISK
3682628.132	Test_Phase.SEQUENCE.Word	LOADING RESOURCE SURFACE FROM DISK
3690394.858	Test_Phase.SEQUENCE.Word	LOADING RESOURCE SURFACE FROM DISK
3698394.754	Test_Phase.SEQUENCE.Word	LOADING RESOURCE SURFACE FROM DISK
3706378.243	Test_Phase.SEQUENCE.Word	LOADING RESOURCE SURFACE FROM DISK
3714411.421	Test_Phase.SEQUENCE.Word	LOADING RESOURCE SURFACE FROM DISK
3722661.442	Test_Phase.SEQUENCE.Word	LOADING RESOURCE SURFACE FROM DISK
3730511.706	Test_Phase.SEQUENCE.Word	LOADING RESOURCE SURFACE FROM DISK
3738661.401	Test_Phase.SEQUENCE.Word	LOADING RESOURCE SURFACE FROM DISK
3746928.163	Test_Phase.SEQUENCE.Word	LOADING RESOURCE SURFACE FROM DISK
3754694.806	Test_Phase.SEQUENCE.Word	LOADING RESOURCE SURFACE FROM DISK
3762544.98	Test_Phase.SEQUENCE.Word	LOADING RESOURCE SURFACE FROM DISK
3770394.795	Test_Phase.SEQUENCE.Word	LOADING RESOURCE SURFACE FROM DISK
3778094.7	Test_Phase.SEQUENCE.Word	LOADING RESOURCE SURFACE FROM DISK
3785827.985	Test_Phase.SEQUENCE.Word	LOADING RESOURCE SURFACE FROM DISK
3793811.54	Test_Phase.SEQUENCE.Word	LOADING RESOURCE SURFACE FROM DISK
3802344.874	Test_Phase.SEQUENCE.Word	LOADING RESOURCE SURFACE FROM DISK
3810161.454	Test_Phase.SEQUENCE.Word	LOADING RESOURCE SURFACE FROM DISK
3818977.963	Test_Phase.SEQUENCE.Word	LOADING RESOURCE SURFACE FROM DISK
3827311.424	Test_Phase.SEQUENCE.Word	LOADING RESOURCE SURFACE FROM DISK
3835628.04	Test_Phase.SEQUENCE.Word	LOADING RESOURCE SURFACE FROM DISK
3843445.084	Test_Phase.SEQUENCE.Word	LOADING RESOURCE SURFACE FROM DISK
3851611.361	Test_Phase.SEQUENCE.Word	LOADING RESOURCE SURFACE FROM DISK
3859596.301	Test_Phase.SEQUENCE.Word	LOADING RESOURCE SURFACE FROM DISK
3868161.495	Test_Phase.SEQUENCE.Word	LOADING RESOURCE SURFACE FROM DISK
3876728.1	Test_Phase.SEQUENCE.Word	LOADING RESOURCE SURFACE FROM DISK
3884778.163	Test_Phase.SEQUENCE.Word	LOADING RESOURCE SURFACE FROM DISK
3892961.372	Test_Phase.SEQUENCE.Word	LOADING RESOURCE SURFACE FROM DISK
3900794.717	Test_Phase.SEQUENCE.Word	LOADING RESOURCE SURFACE FROM DISK
3918928.108	Test_Phase.SEQUENCE.Word	LOADING RESOURCE SURFACE FROM DISK
3927144.963	Test_Phase.SEQUENCE.Word	LOADING RESOURCE SURFACE FROM DISK
3935394.765	Test_Phase.SEQUENCE.Word	LOADING RESOURCE SURFACE FROM DISK
3944094.959	Test_Phase.SEQUENCE.Word	LOADING RESOURCE SURFACE FROM DISK
3952260.786	Test_Phase.SEQUENCE.Word	LOADING RESOURCE SURFACE FROM DISK
3960278.223	Test_Phase.SEQUENCE.Word	LOADING RESOURCE SURFACE FROM DISK
3968111.46	Test_Phase.SEQUENCE.Word	LOADING RESOURCE SURFACE FROM DISK
3976711.448	Test_Phase.SEQUENCE.Word	LOADING RESOURCE SURFACE FROM DISK
3986711.334	Test_Phase.SEQUENCE.Word	LOADING RESOURCE SURFACE FROM DISK
3994728.392	Test_Phase.SEQUENCE.Word	LOADING RESOURCE SURFACE FROM DISK
4002611.542	Test_Phase.SEQUENCE.Word	LOADING RESOURCE SURFACE FROM DISK
4011061.565	Test_Phase.SEQUENCE.Word	LOADING RESOURCE SURFACE FROM DISK
4018828.146	Test_Phase.SEQUENCE.Word	LOADING RESOURCE SURFACE FROM DISK
4025955.432	DISPLAY_SCREEN	LOADING RESOURCE SURFACE FROM DISK
