4908.791	DISPLAY_SCREEN[1]	LOADING RESOURCE SURFACE FROM DISK
1627472.956	Familiarization_Phase.SEQUENCE.Cue_and_Instruction	LOADING RESOURCE SURFACE FROM DISK
1627482.251	Familiarization_Phase.SEQUENCE.Cue_and_Instruction	LOADING RESOURCE SURFACE FROM DISK
1633552.777	Familiarization_Phase.SEQUENCE.Cue_and_Instruction	LOADING RESOURCE SURFACE FROM DISK
1633564.742	Familiarization_Phase.SEQUENCE.Cue_and_Instruction	LOADING RESOURCE SURFACE FROM DISK
1639636.212	Familiarization_Phase.SEQUENCE.Cue_and_Instruction	LOADING RESOURCE SURFACE FROM DISK
1639640.869	Familiarization_Phase.SEQUENCE.Cue_and_Instruction	LOADING RESOURCE SURFACE FROM DISK
1682051.736	DISPLAY_SCREEN[3]	LOADING RESOURCE SURFACE FROM DISK
1814660.501	DISPLAY_SCREEN[5]	LOADING RESOURCE SURFACE FROM DISK
1889380.222	Practice_Phase.SEQUENCE.Blink_Screen	LOADING RESOURCE SURFACE FROM DISK
1889381.239	Practice_Phase.SEQUENCE.Blink_Screen	flip time is later than desired time. Desired Time=1889128 Flip Time=1889395 Retrace Rate=16.641, prepareTime=276 flip request time 1889381
1890615.794	Practice_Phase.SEQUENCE.Practice_Luminance_Cue	LOADING RESOURCE SURFACE FROM DISK
1890622.195	Practice_Phase.SEQUENCE.Practice_Luminance_Cue	LOADING RESOURCE SURFACE FROM DISK
1890623.83	Practice_Phase.SEQUENCE.Practice_Luminance_Cue	flip time is later than desired time. Desired Time=1890595 Flip Time=1890645 Retrace Rate=16.641, prepareTime=52 flip request time 1890623
1892626.822	Practice_Phase.SEQUENCE.Practice_Instruction	LOADING RESOURCE SURFACE FROM DISK
1892629.4	Practice_Phase.SEQUENCE.Practice_Instruction	LOADING RESOURCE SURFACE FROM DISK
1900739.334	Practice_Phase.SEQUENCE.Practice_Instruction	LOADING RESOURCE SURFACE FROM DISK
1900746.584	Practice_Phase.SEQUENCE.Practice_Instruction	LOADING RESOURCE SURFACE FROM DISK
1900748.258	Practice_Phase.SEQUENCE.Practice_Instruction	flip time is later than desired time. Desired Time=1900712 Flip Time=1900762 Retrace Rate=16.641, prepareTime=60 flip request time 1900748
1908810.311	Practice_Phase.SEQUENCE.Practice_Instruction	LOADING RESOURCE SURFACE FROM DISK
1908812.772	Practice_Phase.SEQUENCE.Practice_Instruction	LOADING RESOURCE SURFACE FROM DISK
1916876.616	Practice_Phase.SEQUENCE.Practice_Instruction	LOADING RESOURCE SURFACE FROM DISK
1916912.807	Practice_Phase.SEQUENCE.Practice_Instruction	LOADING RESOURCE SURFACE FROM DISK
1916914.323	Practice_Phase.SEQUENCE.Practice_Instruction	flip time is later than desired time. Desired Time=1916895 Flip Time=1916928 Retrace Rate=16.641, prepareTime=43 flip request time 1916914
1924976.372	Practice_Phase.SEQUENCE.Practice_Instruction	LOADING RESOURCE SURFACE FROM DISK
1925012.468	Practice_Phase.SEQUENCE.Practice_Instruction	LOADING RESOURCE SURFACE FROM DISK
1925014.108	Practice_Phase.SEQUENCE.Practice_Instruction	flip time is later than desired time. Desired Time=1924995 Flip Time=1925028 Retrace Rate=16.641, prepareTime=42 flip request time 1925013
1933076.745	Practice_Phase.SEQUENCE.Practice_Instruction	LOADING RESOURCE SURFACE FROM DISK
1933079.157	Practice_Phase.SEQUENCE.Practice_Instruction	LOADING RESOURCE SURFACE FROM DISK
1941143.275	Practice_Phase.SEQUENCE.Practice_Instruction	LOADING RESOURCE SURFACE FROM DISK
1941145.641	Practice_Phase.SEQUENCE.Practice_Instruction	LOADING RESOURCE SURFACE FROM DISK
1949209.776	Practice_Phase.SEQUENCE.Practice_Instruction	LOADING RESOURCE SURFACE FROM DISK
1949212.247	Practice_Phase.SEQUENCE.Practice_Instruction	LOADING RESOURCE SURFACE FROM DISK
1957276.518	Practice_Phase.SEQUENCE.Practice_Instruction	LOADING RESOURCE SURFACE FROM DISK
1957311.604	Practice_Phase.SEQUENCE.Practice_Instruction	LOADING RESOURCE SURFACE FROM DISK
1957313.233	Practice_Phase.SEQUENCE.Practice_Instruction	flip time is later than desired time. Desired Time=1957295 Flip Time=1957328 Retrace Rate=16.641, prepareTime=42 flip request time 1957313
1961980.449	DISPLAY_SCREEN[2]	LOADING RESOURCE SURFACE FROM DISK
2077268.61	Study_Phase.SEQUENCE.Study_Instruction	LOADING RESOURCE SURFACE FROM DISK
2077549.641	Study_Phase.SEQUENCE.Study_Instruction	LOADING RESOURCE SURFACE FROM DISK
2085836.137	Study_Phase.SEQUENCE.Study_Instruction	LOADING RESOURCE SURFACE FROM DISK
2094085.465	Study_Phase.SEQUENCE.Study_Instruction	LOADING RESOURCE SURFACE FROM DISK
2094129.25	Study_Phase.SEQUENCE.Study_Instruction	LOADING RESOURCE SURFACE FROM DISK
2102385.097	Study_Phase.SEQUENCE.Study_Instruction	LOADING RESOURCE SURFACE FROM DISK
2102421.228	Study_Phase.SEQUENCE.Study_Instruction	LOADING RESOURCE SURFACE FROM DISK
2110685.141	Study_Phase.SEQUENCE.Study_Instruction	LOADING RESOURCE SURFACE FROM DISK
2110726.385	Study_Phase.SEQUENCE.Study_Instruction	LOADING RESOURCE SURFACE FROM DISK
2119015.308	Study_Phase.SEQUENCE.Study_Instruction	LOADING RESOURCE SURFACE FROM DISK
2127265.335	Study_Phase.SEQUENCE.Study_Instruction	LOADING RESOURCE SURFACE FROM DISK
2135518.45	Study_Phase.SEQUENCE.Study_Instruction	LOADING RESOURCE SURFACE FROM DISK
2135559.074	Study_Phase.SEQUENCE.Study_Instruction	LOADING RESOURCE SURFACE FROM DISK
2143848.545	Study_Phase.SEQUENCE.Study_Instruction	LOADING RESOURCE SURFACE FROM DISK
2152099.731	Study_Phase.SEQUENCE.Study_Instruction	LOADING RESOURCE SURFACE FROM DISK
2160352.048	Study_Phase.SEQUENCE.Study_Instruction	LOADING RESOURCE SURFACE FROM DISK
2160354.481	Study_Phase.SEQUENCE.Study_Instruction	LOADING RESOURCE SURFACE FROM DISK
2168615.196	Study_Phase.SEQUENCE.Study_Instruction	LOADING RESOURCE SURFACE FROM DISK
2176913.686	Study_Phase.SEQUENCE.Study_Instruction	LOADING RESOURCE SURFACE FROM DISK
2185168.845	Study_Phase.SEQUENCE.Study_Instruction	LOADING RESOURCE SURFACE FROM DISK
2185205.183	Study_Phase.SEQUENCE.Study_Instruction	LOADING RESOURCE SURFACE FROM DISK
2193468.476	Study_Phase.SEQUENCE.Study_Instruction	LOADING RESOURCE SURFACE FROM DISK
2193492.517	Study_Phase.SEQUENCE.Study_Instruction	LOADING RESOURCE SURFACE FROM DISK
2201752.264	Study_Phase.SEQUENCE.Study_Instruction	LOADING RESOURCE SURFACE FROM DISK
2201789.475	Study_Phase.SEQUENCE.Study_Instruction	LOADING RESOURCE SURFACE FROM DISK
2210087.385	Study_Phase.SEQUENCE.Study_Instruction	LOADING RESOURCE SURFACE FROM DISK
2218381.812	Study_Phase.SEQUENCE.Study_Instruction	LOADING RESOURCE SURFACE FROM DISK
2226618.705	Study_Phase.SEQUENCE.Study_Instruction	LOADING RESOURCE SURFACE FROM DISK
2226658.582	Study_Phase.SEQUENCE.Study_Instruction	LOADING RESOURCE SURFACE FROM DISK
2234916.136	Study_Phase.SEQUENCE.Study_Instruction	LOADING RESOURCE SURFACE FROM DISK
2243197.632	Study_Phase.SEQUENCE.Study_Instruction	LOADING RESOURCE SURFACE FROM DISK
2251451.662	Study_Phase.SEQUENCE.Study_Instruction	LOADING RESOURCE SURFACE FROM DISK
2251453.93	Study_Phase.SEQUENCE.Study_Instruction	LOADING RESOURCE SURFACE FROM DISK
2259754.373	Study_Phase.SEQUENCE.Study_Instruction	LOADING RESOURCE SURFACE FROM DISK
2268018.578	Study_Phase.SEQUENCE.Study_Instruction	LOADING RESOURCE SURFACE FROM DISK
2268062.99	Study_Phase.SEQUENCE.Study_Instruction	LOADING RESOURCE SURFACE FROM DISK
2276357.207	Study_Phase.SEQUENCE.Study_Instruction	LOADING RESOURCE SURFACE FROM DISK
2284654.285	Study_Phase.SEQUENCE.Study_Instruction	LOADING RESOURCE SURFACE FROM DISK
2292902.01	Study_Phase.SEQUENCE.Study_Instruction	LOADING RESOURCE SURFACE FROM DISK
2292904.418	Study_Phase.SEQUENCE.Study_Instruction	LOADING RESOURCE SURFACE FROM DISK
2301208.664	Study_Phase.SEQUENCE.Study_Instruction	LOADING RESOURCE SURFACE FROM DISK
2309468.483	Study_Phase.SEQUENCE.Study_Instruction	LOADING RESOURCE SURFACE FROM DISK
2309503.633	Study_Phase.SEQUENCE.Study_Instruction	LOADING RESOURCE SURFACE FROM DISK
2317799.855	Study_Phase.SEQUENCE.Study_Instruction	LOADING RESOURCE SURFACE FROM DISK
2326085.761	Study_Phase.SEQUENCE.Study_Instruction	LOADING RESOURCE SURFACE FROM DISK
2334335.295	Study_Phase.SEQUENCE.Study_Instruction	LOADING RESOURCE SURFACE FROM DISK
2334337.78	Study_Phase.SEQUENCE.Study_Instruction	LOADING RESOURCE SURFACE FROM DISK
2342637.619	Study_Phase.SEQUENCE.Study_Instruction	LOADING RESOURCE SURFACE FROM DISK
2350940.447	Study_Phase.SEQUENCE.Study_Instruction	LOADING RESOURCE SURFACE FROM DISK
2359202.168	Study_Phase.SEQUENCE.Study_Instruction	LOADING RESOURCE SURFACE FROM DISK
2359204.55	Study_Phase.SEQUENCE.Study_Instruction	LOADING RESOURCE SURFACE FROM DISK
2367468.687	Study_Phase.SEQUENCE.Study_Instruction	LOADING RESOURCE SURFACE FROM DISK
2367509.413	Study_Phase.SEQUENCE.Study_Instruction	LOADING RESOURCE SURFACE FROM DISK
2375809.877	Study_Phase.SEQUENCE.Study_Instruction	LOADING RESOURCE SURFACE FROM DISK
2384065.265	Study_Phase.SEQUENCE.Study_Instruction	LOADING RESOURCE SURFACE FROM DISK
2392318.68	Study_Phase.SEQUENCE.Study_Instruction	LOADING RESOURCE SURFACE FROM DISK
2392361.562	Study_Phase.SEQUENCE.Study_Instruction	LOADING RESOURCE SURFACE FROM DISK
2400649.935	Study_Phase.SEQUENCE.Study_Instruction	LOADING RESOURCE SURFACE FROM DISK
2408936.787	Study_Phase.SEQUENCE.Study_Instruction	LOADING RESOURCE SURFACE FROM DISK
2417165.077	Study_Phase.SEQUENCE.Study_Instruction	LOADING RESOURCE SURFACE FROM DISK
2425438.288	Study_Phase.SEQUENCE.Study_Instruction	LOADING RESOURCE SURFACE FROM DISK
2433701.851	Study_Phase.SEQUENCE.Study_Instruction	LOADING RESOURCE SURFACE FROM DISK
2433782.205	Study_Phase.SEQUENCE.Study_Instruction	LOADING RESOURCE SURFACE FROM DISK
2442035.277	Study_Phase.SEQUENCE.Study_Instruction	LOADING RESOURCE SURFACE FROM DISK
2442071.79	Study_Phase.SEQUENCE.Study_Instruction	LOADING RESOURCE SURFACE FROM DISK
2450375.136	Study_Phase.SEQUENCE.Study_Instruction	LOADING RESOURCE SURFACE FROM DISK
2458635.251	Study_Phase.SEQUENCE.Study_Instruction	LOADING RESOURCE SURFACE FROM DISK
2458637.612	Study_Phase.SEQUENCE.Study_Instruction	LOADING RESOURCE SURFACE FROM DISK
2466945.833	Study_Phase.SEQUENCE.Study_Instruction	LOADING RESOURCE SURFACE FROM DISK
2475185.292	Study_Phase.SEQUENCE.Study_Instruction	LOADING RESOURCE SURFACE FROM DISK
2475222.035	Study_Phase.SEQUENCE.Study_Instruction	LOADING RESOURCE SURFACE FROM DISK
2483485.038	Study_Phase.SEQUENCE.Study_Instruction	LOADING RESOURCE SURFACE FROM DISK
2483528.297	Study_Phase.SEQUENCE.Study_Instruction	LOADING RESOURCE SURFACE FROM DISK
2491785.116	Study_Phase.SEQUENCE.Study_Instruction	LOADING RESOURCE SURFACE FROM DISK
2491787.613	Study_Phase.SEQUENCE.Study_Instruction	LOADING RESOURCE SURFACE FROM DISK
2500083.219	Study_Phase.SEQUENCE.Study_Instruction	LOADING RESOURCE SURFACE FROM DISK
2508335.321	Study_Phase.SEQUENCE.Study_Instruction	LOADING RESOURCE SURFACE FROM DISK
2508377.583	Study_Phase.SEQUENCE.Study_Instruction	LOADING RESOURCE SURFACE FROM DISK
2516668.844	Study_Phase.SEQUENCE.Study_Instruction	LOADING RESOURCE SURFACE FROM DISK
2524934.716	Study_Phase.SEQUENCE.Study_Instruction	LOADING RESOURCE SURFACE FROM DISK
2533218.65	Study_Phase.SEQUENCE.Study_Instruction	LOADING RESOURCE SURFACE FROM DISK
2541498.279	Study_Phase.SEQUENCE.Study_Instruction	LOADING RESOURCE SURFACE FROM DISK
2549751.807	Study_Phase.SEQUENCE.Study_Instruction	LOADING RESOURCE SURFACE FROM DISK
2549787.239	Study_Phase.SEQUENCE.Study_Instruction	LOADING RESOURCE SURFACE FROM DISK
2558051.991	Study_Phase.SEQUENCE.Study_Instruction	LOADING RESOURCE SURFACE FROM DISK
2558089.411	Study_Phase.SEQUENCE.Study_Instruction	LOADING RESOURCE SURFACE FROM DISK
2566352.043	Study_Phase.SEQUENCE.Study_Instruction	LOADING RESOURCE SURFACE FROM DISK
2566395.986	Study_Phase.SEQUENCE.Study_Instruction	LOADING RESOURCE SURFACE FROM DISK
2574651.98	Study_Phase.SEQUENCE.Study_Instruction	LOADING RESOURCE SURFACE FROM DISK
2574694.745	Study_Phase.SEQUENCE.Study_Instruction	LOADING RESOURCE SURFACE FROM DISK
2582951.911	Study_Phase.SEQUENCE.Study_Instruction	LOADING RESOURCE SURFACE FROM DISK
2582954.346	Study_Phase.SEQUENCE.Study_Instruction	LOADING RESOURCE SURFACE FROM DISK
2591227.775	Study_Phase.SEQUENCE.Study_Instruction	LOADING RESOURCE SURFACE FROM DISK
2599485.083	Study_Phase.SEQUENCE.Study_Instruction	LOADING RESOURCE SURFACE FROM DISK
2599524.797	Study_Phase.SEQUENCE.Study_Instruction	LOADING RESOURCE SURFACE FROM DISK
2607782.708	Study_Phase.SEQUENCE.Study_Instruction	LOADING RESOURCE SURFACE FROM DISK
2616035.183	Study_Phase.SEQUENCE.Study_Instruction	LOADING RESOURCE SURFACE FROM DISK
2616073.937	Study_Phase.SEQUENCE.Study_Instruction	LOADING RESOURCE SURFACE FROM DISK
2624331.948	Study_Phase.SEQUENCE.Study_Instruction	LOADING RESOURCE SURFACE FROM DISK
2632599.876	Study_Phase.SEQUENCE.Study_Instruction	LOADING RESOURCE SURFACE FROM DISK
2640886.388	Study_Phase.SEQUENCE.Study_Instruction	LOADING RESOURCE SURFACE FROM DISK
2649135.502	Study_Phase.SEQUENCE.Study_Instruction	LOADING RESOURCE SURFACE FROM DISK
2649180.235	Study_Phase.SEQUENCE.Study_Instruction	LOADING RESOURCE SURFACE FROM DISK
2657435.257	Study_Phase.SEQUENCE.Study_Instruction	LOADING RESOURCE SURFACE FROM DISK
2657437.672	Study_Phase.SEQUENCE.Study_Instruction	LOADING RESOURCE SURFACE FROM DISK
2665698.684	Study_Phase.SEQUENCE.Study_Instruction	LOADING RESOURCE SURFACE FROM DISK
2673961.277	Study_Phase.SEQUENCE.Study_Instruction	LOADING RESOURCE SURFACE FROM DISK
2682218.623	Study_Phase.SEQUENCE.Study_Instruction	LOADING RESOURCE SURFACE FROM DISK
2682255.393	Study_Phase.SEQUENCE.Study_Instruction	LOADING RESOURCE SURFACE FROM DISK
2690518.704	Study_Phase.SEQUENCE.Study_Instruction	LOADING RESOURCE SURFACE FROM DISK
2690555.029	Study_Phase.SEQUENCE.Study_Instruction	LOADING RESOURCE SURFACE FROM DISK
2698856.958	Study_Phase.SEQUENCE.Study_Instruction	LOADING RESOURCE SURFACE FROM DISK
2707118.689	Study_Phase.SEQUENCE.Study_Instruction	LOADING RESOURCE SURFACE FROM DISK
2707158.929	Study_Phase.SEQUENCE.Study_Instruction	LOADING RESOURCE SURFACE FROM DISK
2715401.921	Study_Phase.SEQUENCE.Study_Instruction	LOADING RESOURCE SURFACE FROM DISK
2715442.343	Study_Phase.SEQUENCE.Study_Instruction	LOADING RESOURCE SURFACE FROM DISK
2723739.227	Study_Phase.SEQUENCE.Study_Instruction	LOADING RESOURCE SURFACE FROM DISK
2732002.086	Study_Phase.SEQUENCE.Study_Instruction	LOADING RESOURCE SURFACE FROM DISK
2732004.516	Study_Phase.SEQUENCE.Study_Instruction	LOADING RESOURCE SURFACE FROM DISK
2740268.639	Study_Phase.SEQUENCE.Study_Instruction	LOADING RESOURCE SURFACE FROM DISK
2740303.031	Study_Phase.SEQUENCE.Study_Instruction	LOADING RESOURCE SURFACE FROM DISK
2748551.885	Study_Phase.SEQUENCE.Study_Instruction	LOADING RESOURCE SURFACE FROM DISK
2748596.705	Study_Phase.SEQUENCE.Study_Instruction	LOADING RESOURCE SURFACE FROM DISK
2756882.907	Study_Phase.SEQUENCE.Study_Instruction	LOADING RESOURCE SURFACE FROM DISK
2765118.458	Study_Phase.SEQUENCE.Study_Instruction	LOADING RESOURCE SURFACE FROM DISK
2765157.932	Study_Phase.SEQUENCE.Study_Instruction	LOADING RESOURCE SURFACE FROM DISK
2773399.776	Study_Phase.SEQUENCE.Study_Instruction	LOADING RESOURCE SURFACE FROM DISK
2781652.041	Study_Phase.SEQUENCE.Study_Instruction	LOADING RESOURCE SURFACE FROM DISK
2781654.522	Study_Phase.SEQUENCE.Study_Instruction	LOADING RESOURCE SURFACE FROM DISK
2789918.346	Study_Phase.SEQUENCE.Study_Instruction	LOADING RESOURCE SURFACE FROM DISK
2789959.85	Study_Phase.SEQUENCE.Study_Instruction	LOADING RESOURCE SURFACE FROM DISK
2798218.513	Study_Phase.SEQUENCE.Study_Instruction	LOADING RESOURCE SURFACE FROM DISK
2798259.326	Study_Phase.SEQUENCE.Study_Instruction	LOADING RESOURCE SURFACE FROM DISK
2806518.428	Study_Phase.SEQUENCE.Study_Instruction	LOADING RESOURCE SURFACE FROM DISK
2806559.511	Study_Phase.SEQUENCE.Study_Instruction	LOADING RESOURCE SURFACE FROM DISK
2814850.025	Study_Phase.SEQUENCE.Study_Instruction	LOADING RESOURCE SURFACE FROM DISK
2823112.004	Study_Phase.SEQUENCE.Study_Instruction	LOADING RESOURCE SURFACE FROM DISK
2831397.573	Study_Phase.SEQUENCE.Study_Instruction	LOADING RESOURCE SURFACE FROM DISK
2839652.279	Study_Phase.SEQUENCE.Study_Instruction	LOADING RESOURCE SURFACE FROM DISK
2839688.426	Study_Phase.SEQUENCE.Study_Instruction	LOADING RESOURCE SURFACE FROM DISK
2847949.727	Study_Phase.SEQUENCE.Study_Instruction	LOADING RESOURCE SURFACE FROM DISK
2856201.795	Study_Phase.SEQUENCE.Study_Instruction	LOADING RESOURCE SURFACE FROM DISK
2856245.766	Study_Phase.SEQUENCE.Study_Instruction	LOADING RESOURCE SURFACE FROM DISK
2864537.193	Study_Phase.SEQUENCE.Study_Instruction	LOADING RESOURCE SURFACE FROM DISK
2872831.511	Study_Phase.SEQUENCE.Study_Instruction	LOADING RESOURCE SURFACE FROM DISK
2881081.622	Study_Phase.SEQUENCE.Study_Instruction	LOADING RESOURCE SURFACE FROM DISK
2889335.219	Study_Phase.SEQUENCE.Study_Instruction	LOADING RESOURCE SURFACE FROM DISK
2889376.179	Study_Phase.SEQUENCE.Study_Instruction	LOADING RESOURCE SURFACE FROM DISK
2897635.37	Study_Phase.SEQUENCE.Study_Instruction	LOADING RESOURCE SURFACE FROM DISK
2897678.435	Study_Phase.SEQUENCE.Study_Instruction	LOADING RESOURCE SURFACE FROM DISK
2905958.845	Study_Phase.SEQUENCE.Study_Instruction	LOADING RESOURCE SURFACE FROM DISK
2914218.517	Study_Phase.SEQUENCE.Study_Instruction	LOADING RESOURCE SURFACE FROM DISK
2914256.094	Study_Phase.SEQUENCE.Study_Instruction	LOADING RESOURCE SURFACE FROM DISK
2922555.274	Study_Phase.SEQUENCE.Study_Instruction	LOADING RESOURCE SURFACE FROM DISK
2930818.774	Study_Phase.SEQUENCE.Study_Instruction	LOADING RESOURCE SURFACE FROM DISK
2930856.753	Study_Phase.SEQUENCE.Study_Instruction	LOADING RESOURCE SURFACE FROM DISK
2939151.933	Study_Phase.SEQUENCE.Study_Instruction	LOADING RESOURCE SURFACE FROM DISK
2947401.698	Study_Phase.SEQUENCE.Study_Instruction	LOADING RESOURCE SURFACE FROM DISK
2947440.611	Study_Phase.SEQUENCE.Study_Instruction	LOADING RESOURCE SURFACE FROM DISK
2955739.453	Study_Phase.SEQUENCE.Study_Instruction	LOADING RESOURCE SURFACE FROM DISK
2964017.137	Study_Phase.SEQUENCE.Study_Instruction	LOADING RESOURCE SURFACE FROM DISK
2972268.735	Study_Phase.SEQUENCE.Study_Instruction	LOADING RESOURCE SURFACE FROM DISK
2972309.818	Study_Phase.SEQUENCE.Study_Instruction	LOADING RESOURCE SURFACE FROM DISK
2980606.284	Study_Phase.SEQUENCE.Study_Instruction	LOADING RESOURCE SURFACE FROM DISK
2988868.633	Study_Phase.SEQUENCE.Study_Instruction	LOADING RESOURCE SURFACE FROM DISK
2988870.952	Study_Phase.SEQUENCE.Study_Instruction	LOADING RESOURCE SURFACE FROM DISK
2997132.82	Study_Phase.SEQUENCE.Study_Instruction	LOADING RESOURCE SURFACE FROM DISK
3005351.977	Study_Phase.SEQUENCE.Study_Instruction	LOADING RESOURCE SURFACE FROM DISK
3005406.926	Study_Phase.SEQUENCE.Study_Instruction	LOADING RESOURCE SURFACE FROM DISK
3013705.518	Study_Phase.SEQUENCE.Study_Instruction	LOADING RESOURCE SURFACE FROM DISK
3021965.21	Study_Phase.SEQUENCE.Study_Instruction	LOADING RESOURCE SURFACE FROM DISK
3030201.93	Study_Phase.SEQUENCE.Study_Instruction	LOADING RESOURCE SURFACE FROM DISK
3030240.571	Study_Phase.SEQUENCE.Study_Instruction	LOADING RESOURCE SURFACE FROM DISK
3038537.175	Study_Phase.SEQUENCE.Study_Instruction	LOADING RESOURCE SURFACE FROM DISK
3046837.541	Study_Phase.SEQUENCE.Study_Instruction	LOADING RESOURCE SURFACE FROM DISK
3055101.784	Study_Phase.SEQUENCE.Study_Instruction	LOADING RESOURCE SURFACE FROM DISK
3055139.727	Study_Phase.SEQUENCE.Study_Instruction	LOADING RESOURCE SURFACE FROM DISK
3063385.727	Study_Phase.SEQUENCE.Study_Instruction	LOADING RESOURCE SURFACE FROM DISK
3063420.162	Study_Phase.SEQUENCE.Study_Instruction	LOADING RESOURCE SURFACE FROM DISK
3068145.382	DISPLAY_SCREEN[7]	LOADING RESOURCE SURFACE FROM DISK
3198740.969	Test_Phase.SEQUENCE.Target_Cue	LOADING RESOURCE SURFACE FROM DISK
3198754.435	Test_Phase.SEQUENCE.Target_Cue	LOADING RESOURCE SURFACE FROM DISK
3200781.934	Test_Phase.SEQUENCE.Word	LOADING RESOURCE SURFACE FROM DISK
3203834.522	Test_Phase.SEQUENCE.Test_Question	LOADING RESOURCE SURFACE FROM DISK
3203845.53	Test_Phase.SEQUENCE.Test_Question	LOADING RESOURCE SURFACE FROM DISK
3203847.3	Test_Phase.SEQUENCE.Test_Question	LOADING RESOURCE SURFACE FROM DISK
3203849.051	Test_Phase.SEQUENCE.Test_Question	LOADING RESOURCE SURFACE FROM DISK
3203850.9	Test_Phase.SEQUENCE.Test_Question	LOADING RESOURCE SURFACE FROM DISK
3203852.62	Test_Phase.SEQUENCE.Test_Question	LOADING RESOURCE SURFACE FROM DISK
3203854.326	Test_Phase.SEQUENCE.Test_Question	LOADING RESOURCE SURFACE FROM DISK
3203855.979	Test_Phase.SEQUENCE.Test_Question	LOADING RESOURCE SURFACE FROM DISK
3203857.592	Test_Phase.SEQUENCE.Test_Question	LOADING RESOURCE SURFACE FROM DISK
3203859.235	Test_Phase.SEQUENCE.Test_Question	LOADING RESOURCE SURFACE FROM DISK
3203861.0	Test_Phase.SEQUENCE.Test_Question	LOADING RESOURCE SURFACE FROM DISK
3203862.676	Test_Phase.SEQUENCE.Test_Question	LOADING RESOURCE SURFACE FROM DISK
3211548.338	Test_Phase.SEQUENCE.Word	LOADING RESOURCE SURFACE FROM DISK
3219948.318	Test_Phase.SEQUENCE.Word	LOADING RESOURCE SURFACE FROM DISK
3227420.982	Test_Phase.SEQUENCE.Word	LOADING RESOURCE SURFACE FROM DISK
3237581.606	Test_Phase.SEQUENCE.Word	LOADING RESOURCE SURFACE FROM DISK
3247602.409	Test_Phase.SEQUENCE.Word	LOADING RESOURCE SURFACE FROM DISK
3257331.473	Test_Phase.SEQUENCE.Word	LOADING RESOURCE SURFACE FROM DISK
3272882.731	Test_Phase.SEQUENCE.Word	LOADING RESOURCE SURFACE FROM DISK
3281081.61	Test_Phase.SEQUENCE.Word	LOADING RESOURCE SURFACE FROM DISK
3289190.387	Test_Phase.SEQUENCE.Word	LOADING RESOURCE SURFACE FROM DISK
3298798.23	Test_Phase.SEQUENCE.Word	LOADING RESOURCE SURFACE FROM DISK
3307514.914	Test_Phase.SEQUENCE.Word	LOADING RESOURCE SURFACE FROM DISK
3315714.967	Test_Phase.SEQUENCE.Word	LOADING RESOURCE SURFACE FROM DISK
3323817.658	Test_Phase.SEQUENCE.Word	LOADING RESOURCE SURFACE FROM DISK
3332121.843	Test_Phase.SEQUENCE.Word	LOADING RESOURCE SURFACE FROM DISK
3341015.011	Test_Phase.SEQUENCE.Word	LOADING RESOURCE SURFACE FROM DISK
3349469.062	Test_Phase.SEQUENCE.Word	LOADING RESOURCE SURFACE FROM DISK
3359473.693	Test_Phase.SEQUENCE.Word	LOADING RESOURCE SURFACE FROM DISK
3369881.523	Test_Phase.SEQUENCE.Word	LOADING RESOURCE SURFACE FROM DISK
3378265.019	Test_Phase.SEQUENCE.Word	LOADING RESOURCE SURFACE FROM DISK
3387931.616	Test_Phase.SEQUENCE.Word	LOADING RESOURCE SURFACE FROM DISK
3395681.824	Test_Phase.SEQUENCE.Word	LOADING RESOURCE SURFACE FROM DISK
3403452.746	Test_Phase.SEQUENCE.Word	LOADING RESOURCE SURFACE FROM DISK
3411298.172	Test_Phase.SEQUENCE.Word	LOADING RESOURCE SURFACE FROM DISK
3418698.323	Test_Phase.SEQUENCE.Word	LOADING RESOURCE SURFACE FROM DISK
3426014.956	Test_Phase.SEQUENCE.Word	LOADING RESOURCE SURFACE FROM DISK
3434264.892	Test_Phase.SEQUENCE.Word	LOADING RESOURCE SURFACE FROM DISK
3442138.005	Test_Phase.SEQUENCE.Word	LOADING RESOURCE SURFACE FROM DISK
3450166.871	Test_Phase.SEQUENCE.Word	LOADING RESOURCE SURFACE FROM DISK
3457765.045	Test_Phase.SEQUENCE.Word	LOADING RESOURCE SURFACE FROM DISK
3466748.135	Test_Phase.SEQUENCE.Word	LOADING RESOURCE SURFACE FROM DISK
3475031.723	Test_Phase.SEQUENCE.Word	LOADING RESOURCE SURFACE FROM DISK
3482914.932	Test_Phase.SEQUENCE.Word	LOADING RESOURCE SURFACE FROM DISK
3490364.96	Test_Phase.SEQUENCE.Word	LOADING RESOURCE SURFACE FROM DISK
3497750.362	Test_Phase.SEQUENCE.Word	LOADING RESOURCE SURFACE FROM DISK
3505936.178	Test_Phase.SEQUENCE.Word	LOADING RESOURCE SURFACE FROM DISK
3513488.463	Test_Phase.SEQUENCE.Word	LOADING RESOURCE SURFACE FROM DISK
3520765.065	Test_Phase.SEQUENCE.Word	LOADING RESOURCE SURFACE FROM DISK
3528033.383	Test_Phase.SEQUENCE.Word	LOADING RESOURCE SURFACE FROM DISK
3537714.848	Test_Phase.SEQUENCE.Word	LOADING RESOURCE SURFACE FROM DISK
3545137.135	Test_Phase.SEQUENCE.Word	LOADING RESOURCE SURFACE FROM DISK
3554914.842	Test_Phase.SEQUENCE.Word	LOADING RESOURCE SURFACE FROM DISK
3562252.366	Test_Phase.SEQUENCE.Word	LOADING RESOURCE SURFACE FROM DISK
3572898.376	Test_Phase.SEQUENCE.Word	LOADING RESOURCE SURFACE FROM DISK
3582884.199	Test_Phase.SEQUENCE.Word	LOADING RESOURCE SURFACE FROM DISK
3593332.058	Test_Phase.SEQUENCE.Word	LOADING RESOURCE SURFACE FROM DISK
3604055.696	Test_Phase.SEQUENCE.Word	LOADING RESOURCE SURFACE FROM DISK
3611781.467	Test_Phase.SEQUENCE.Word	LOADING RESOURCE SURFACE FROM DISK
3619798.237	Test_Phase.SEQUENCE.Word	LOADING RESOURCE SURFACE FROM DISK
3626998.455	Test_Phase.SEQUENCE.Word	LOADING RESOURCE SURFACE FROM DISK
3635748.756	Test_Phase.SEQUENCE.Word	LOADING RESOURCE SURFACE FROM DISK
3643448.199	Test_Phase.SEQUENCE.Word	LOADING RESOURCE SURFACE FROM DISK
3650814.877	Test_Phase.SEQUENCE.Word	LOADING RESOURCE SURFACE FROM DISK
3658889.656	Test_Phase.SEQUENCE.Word	LOADING RESOURCE SURFACE FROM DISK
3668114.92	Test_Phase.SEQUENCE.Word	LOADING RESOURCE SURFACE FROM DISK
3677303.904	Test_Phase.SEQUENCE.Word	LOADING RESOURCE SURFACE FROM DISK
3685181.601	Test_Phase.SEQUENCE.Word	LOADING RESOURCE SURFACE FROM DISK
3693077.047	Test_Phase.SEQUENCE.Word	LOADING RESOURCE SURFACE FROM DISK
3700998.196	Test_Phase.SEQUENCE.Word	LOADING RESOURCE SURFACE FROM DISK
3708884.499	Test_Phase.SEQUENCE.Word	LOADING RESOURCE SURFACE FROM DISK
3718298.685	Test_Phase.SEQUENCE.Word	LOADING RESOURCE SURFACE FROM DISK
3726938.105	Test_Phase.SEQUENCE.Word	LOADING RESOURCE SURFACE FROM DISK
3735415.041	Test_Phase.SEQUENCE.Word	LOADING RESOURCE SURFACE FROM DISK
3742850.997	Test_Phase.SEQUENCE.Word	LOADING RESOURCE SURFACE FROM DISK
3751581.434	Test_Phase.SEQUENCE.Word	LOADING RESOURCE SURFACE FROM DISK
3759366.851	Test_Phase.SEQUENCE.Word	LOADING RESOURCE SURFACE FROM DISK
3767548.549	Test_Phase.SEQUENCE.Word	LOADING RESOURCE SURFACE FROM DISK
3776408.275	Test_Phase.SEQUENCE.Word	LOADING RESOURCE SURFACE FROM DISK
3785598.258	Test_Phase.SEQUENCE.Word	LOADING RESOURCE SURFACE FROM DISK
3794231.57	Test_Phase.SEQUENCE.Word	LOADING RESOURCE SURFACE FROM DISK
3802167.745	Test_Phase.SEQUENCE.Word	LOADING RESOURCE SURFACE FROM DISK
3809864.895	Test_Phase.SEQUENCE.Word	LOADING RESOURCE SURFACE FROM DISK
3817664.914	Test_Phase.SEQUENCE.Word	LOADING RESOURCE SURFACE FROM DISK
3825414.802	Test_Phase.SEQUENCE.Word	LOADING RESOURCE SURFACE FROM DISK
3833258.88	Test_Phase.SEQUENCE.Word	LOADING RESOURCE SURFACE FROM DISK
3840998.207	Test_Phase.SEQUENCE.Word	LOADING RESOURCE SURFACE FROM DISK
3848364.948	Test_Phase.SEQUENCE.Word	LOADING RESOURCE SURFACE FROM DISK
3856480.933	Test_Phase.SEQUENCE.Word	LOADING RESOURCE SURFACE FROM DISK
3865098.291	Test_Phase.SEQUENCE.Word	LOADING RESOURCE SURFACE FROM DISK
3873015.111	Test_Phase.SEQUENCE.Word	LOADING RESOURCE SURFACE FROM DISK
3880731.818	Test_Phase.SEQUENCE.Word	LOADING RESOURCE SURFACE FROM DISK
3888870.996	Test_Phase.SEQUENCE.Word	LOADING RESOURCE SURFACE FROM DISK
3897614.86	Test_Phase.SEQUENCE.Word	LOADING RESOURCE SURFACE FROM DISK
3905689.619	Test_Phase.SEQUENCE.Word	LOADING RESOURCE SURFACE FROM DISK
3913681.484	Test_Phase.SEQUENCE.Word	LOADING RESOURCE SURFACE FROM DISK
3921181.566	Test_Phase.SEQUENCE.Word	LOADING RESOURCE SURFACE FROM DISK
3931531.766	Test_Phase.SEQUENCE.Word	LOADING RESOURCE SURFACE FROM DISK
3940269.082	Test_Phase.SEQUENCE.Word	LOADING RESOURCE SURFACE FROM DISK
3948181.998	Test_Phase.SEQUENCE.Word	LOADING RESOURCE SURFACE FROM DISK
3957064.896	Test_Phase.SEQUENCE.Word	LOADING RESOURCE SURFACE FROM DISK
3964890.65	Test_Phase.SEQUENCE.Word	LOADING RESOURCE SURFACE FROM DISK
3972748.318	Test_Phase.SEQUENCE.Word	LOADING RESOURCE SURFACE FROM DISK
3981414.963	Test_Phase.SEQUENCE.Word	LOADING RESOURCE SURFACE FROM DISK
3990750.755	Test_Phase.SEQUENCE.Word	LOADING RESOURCE SURFACE FROM DISK
4003356.173	Test_Phase.SEQUENCE.Word	LOADING RESOURCE SURFACE FROM DISK
4011731.34	Test_Phase.SEQUENCE.Word	LOADING RESOURCE SURFACE FROM DISK
4019748.265	Test_Phase.SEQUENCE.Word	LOADING RESOURCE SURFACE FROM DISK
4027502.837	Test_Phase.SEQUENCE.Word	LOADING RESOURCE SURFACE FROM DISK
4036288.367	Test_Phase.SEQUENCE.Word	LOADING RESOURCE SURFACE FROM DISK
4045782.016	Test_Phase.SEQUENCE.Word	LOADING RESOURCE SURFACE FROM DISK
4054281.451	Test_Phase.SEQUENCE.Word	LOADING RESOURCE SURFACE FROM DISK
4062368.346	Test_Phase.SEQUENCE.Word	LOADING RESOURCE SURFACE FROM DISK
4070814.798	Test_Phase.SEQUENCE.Word	LOADING RESOURCE SURFACE FROM DISK
4080131.662	Test_Phase.SEQUENCE.Word	LOADING RESOURCE SURFACE FROM DISK
4087831.679	Test_Phase.SEQUENCE.Word	LOADING RESOURCE SURFACE FROM DISK
4095481.511	Test_Phase.SEQUENCE.Word	LOADING RESOURCE SURFACE FROM DISK
4103758.132	Test_Phase.SEQUENCE.Word	LOADING RESOURCE SURFACE FROM DISK
4111465.008	Test_Phase.SEQUENCE.Word	LOADING RESOURCE SURFACE FROM DISK
4118381.713	Test_Phase.SEQUENCE.Word	LOADING RESOURCE SURFACE FROM DISK
4126174.802	Test_Phase.SEQUENCE.Word	LOADING RESOURCE SURFACE FROM DISK
4134081.76	Test_Phase.SEQUENCE.Word	LOADING RESOURCE SURFACE FROM DISK
4141921.581	Test_Phase.SEQUENCE.Word	LOADING RESOURCE SURFACE FROM DISK
4149814.058	Test_Phase.SEQUENCE.Word	LOADING RESOURCE SURFACE FROM DISK
4157718.208	Test_Phase.SEQUENCE.Word	LOADING RESOURCE SURFACE FROM DISK
4165281.575	Test_Phase.SEQUENCE.Word	LOADING RESOURCE SURFACE FROM DISK
4172880.503	Test_Phase.SEQUENCE.Word	LOADING RESOURCE SURFACE FROM DISK
4180948.198	Test_Phase.SEQUENCE.Word	LOADING RESOURCE SURFACE FROM DISK
4188205.551	Test_Phase.SEQUENCE.Word	LOADING RESOURCE SURFACE FROM DISK
4199215.876	Test_Phase.SEQUENCE.Word	LOADING RESOURCE SURFACE FROM DISK
4207498.112	Test_Phase.SEQUENCE.Word	LOADING RESOURCE SURFACE FROM DISK
4214581.673	Test_Phase.SEQUENCE.Word	LOADING RESOURCE SURFACE FROM DISK
4222714.968	Test_Phase.SEQUENCE.Word	LOADING RESOURCE SURFACE FROM DISK
4231081.541	Test_Phase.SEQUENCE.Word	LOADING RESOURCE SURFACE FROM DISK
4239023.485	Test_Phase.SEQUENCE.Word	LOADING RESOURCE SURFACE FROM DISK
4246265.238	Test_Phase.SEQUENCE.Word	LOADING RESOURCE SURFACE FROM DISK
4253398.446	Test_Phase.SEQUENCE.Word	LOADING RESOURCE SURFACE FROM DISK
4260748.258	Test_Phase.SEQUENCE.Word	LOADING RESOURCE SURFACE FROM DISK
4268082.883	Test_Phase.SEQUENCE.Word	LOADING RESOURCE SURFACE FROM DISK
4275814.944	Test_Phase.SEQUENCE.Word	LOADING RESOURCE SURFACE FROM DISK
4283664.794	Test_Phase.SEQUENCE.Word	LOADING RESOURCE SURFACE FROM DISK
4291631.666	Test_Phase.SEQUENCE.Word	LOADING RESOURCE SURFACE FROM DISK
4298835.872	Test_Phase.SEQUENCE.Word	LOADING RESOURCE SURFACE FROM DISK
4306698.28	Test_Phase.SEQUENCE.Word	LOADING RESOURCE SURFACE FROM DISK
4316015.196	Test_Phase.SEQUENCE.Word	LOADING RESOURCE SURFACE FROM DISK
4323787.861	Test_Phase.SEQUENCE.Word	LOADING RESOURCE SURFACE FROM DISK
4332764.899	Test_Phase.SEQUENCE.Word	LOADING RESOURCE SURFACE FROM DISK
4340748.39	Test_Phase.SEQUENCE.Word	LOADING RESOURCE SURFACE FROM DISK
4349731.58	Test_Phase.SEQUENCE.Word	LOADING RESOURCE SURFACE FROM DISK
4367631.677	Test_Phase.SEQUENCE.Word	LOADING RESOURCE SURFACE FROM DISK
4375531.738	Test_Phase.SEQUENCE.Word	LOADING RESOURCE SURFACE FROM DISK
4386015.082	Test_Phase.SEQUENCE.Word	LOADING RESOURCE SURFACE FROM DISK
4393931.706	Test_Phase.SEQUENCE.Word	LOADING RESOURCE SURFACE FROM DISK
4401839.82	Test_Phase.SEQUENCE.Word	LOADING RESOURCE SURFACE FROM DISK
4412182.062	Test_Phase.SEQUENCE.Word	LOADING RESOURCE SURFACE FROM DISK
4421064.984	Test_Phase.SEQUENCE.Word	LOADING RESOURCE SURFACE FROM DISK
4429098.215	Test_Phase.SEQUENCE.Word	LOADING RESOURCE SURFACE FROM DISK
4437114.15	Test_Phase.SEQUENCE.Word	LOADING RESOURCE SURFACE FROM DISK
4445031.574	Test_Phase.SEQUENCE.Word	LOADING RESOURCE SURFACE FROM DISK
4452964.808	Test_Phase.SEQUENCE.Word	LOADING RESOURCE SURFACE FROM DISK
4461688.815	Test_Phase.SEQUENCE.Word	LOADING RESOURCE SURFACE FROM DISK
4470398.129	Test_Phase.SEQUENCE.Word	LOADING RESOURCE SURFACE FROM DISK
4478264.906	Test_Phase.SEQUENCE.Word	LOADING RESOURCE SURFACE FROM DISK
4487148.669	Test_Phase.SEQUENCE.Word	LOADING RESOURCE SURFACE FROM DISK
4495231.675	Test_Phase.SEQUENCE.Word	LOADING RESOURCE SURFACE FROM DISK
4503192.51	Test_Phase.SEQUENCE.Word	LOADING RESOURCE SURFACE FROM DISK
4511881.441	Test_Phase.SEQUENCE.Word	LOADING RESOURCE SURFACE FROM DISK
4519581.536	Test_Phase.SEQUENCE.Word	LOADING RESOURCE SURFACE FROM DISK
4527330.885	Test_Phase.SEQUENCE.Word	LOADING RESOURCE SURFACE FROM DISK
4535303.329	Test_Phase.SEQUENCE.Word	LOADING RESOURCE SURFACE FROM DISK
4551286.719	Test_Phase.SEQUENCE.Word	LOADING RESOURCE SURFACE FROM DISK
4560332.022	Test_Phase.SEQUENCE.Word	LOADING RESOURCE SURFACE FROM DISK
4568150.979	Test_Phase.SEQUENCE.Word	LOADING RESOURCE SURFACE FROM DISK
4576870.042	Test_Phase.SEQUENCE.Word	LOADING RESOURCE SURFACE FROM DISK
4585248.356	Test_Phase.SEQUENCE.Word	LOADING RESOURCE SURFACE FROM DISK
4593303.171	Test_Phase.SEQUENCE.Word	LOADING RESOURCE SURFACE FROM DISK
4601064.877	Test_Phase.SEQUENCE.Word	LOADING RESOURCE SURFACE FROM DISK
4608919.818	Test_Phase.SEQUENCE.Word	LOADING RESOURCE SURFACE FROM DISK
4616699.84	Test_Phase.SEQUENCE.Word	LOADING RESOURCE SURFACE FROM DISK
4625914.889	Test_Phase.SEQUENCE.Word	LOADING RESOURCE SURFACE FROM DISK
4633914.955	Test_Phase.SEQUENCE.Word	LOADING RESOURCE SURFACE FROM DISK
4641783.04	Test_Phase.SEQUENCE.Word	LOADING RESOURCE SURFACE FROM DISK
4649987.782	Test_Phase.SEQUENCE.Word	LOADING RESOURCE SURFACE FROM DISK
4657964.972	Test_Phase.SEQUENCE.Word	LOADING RESOURCE SURFACE FROM DISK
4665331.48	Test_Phase.SEQUENCE.Word	LOADING RESOURCE SURFACE FROM DISK
4675214.912	Test_Phase.SEQUENCE.Word	LOADING RESOURCE SURFACE FROM DISK
4682553.776	Test_Phase.SEQUENCE.Word	LOADING RESOURCE SURFACE FROM DISK
4690874.316	Test_Phase.SEQUENCE.Word	LOADING RESOURCE SURFACE FROM DISK
4698514.824	Test_Phase.SEQUENCE.Word	LOADING RESOURCE SURFACE FROM DISK
4707498.284	Test_Phase.SEQUENCE.Word	LOADING RESOURCE SURFACE FROM DISK
4714766.468	Test_Phase.SEQUENCE.Word	LOADING RESOURCE SURFACE FROM DISK
4721848.079	Test_Phase.SEQUENCE.Word	LOADING RESOURCE SURFACE FROM DISK
4731482.67	Test_Phase.SEQUENCE.Word	LOADING RESOURCE SURFACE FROM DISK
4739114.885	Test_Phase.SEQUENCE.Word	LOADING RESOURCE SURFACE FROM DISK
4746768.625	Test_Phase.SEQUENCE.Word	LOADING RESOURCE SURFACE FROM DISK
4755254.559	Test_Phase.SEQUENCE.Word	LOADING RESOURCE SURFACE FROM DISK
4763814.965	Test_Phase.SEQUENCE.Word	LOADING RESOURCE SURFACE FROM DISK
4772256.346	Test_Phase.SEQUENCE.Word	LOADING RESOURCE SURFACE FROM DISK
4780316.972	Test_Phase.SEQUENCE.Word	LOADING RESOURCE SURFACE FROM DISK
4787931.692	Test_Phase.SEQUENCE.Word	LOADING RESOURCE SURFACE FROM DISK
4795664.921	Test_Phase.SEQUENCE.Word	LOADING RESOURCE SURFACE FROM DISK
4803571.958	Test_Phase.SEQUENCE.Word	LOADING RESOURCE SURFACE FROM DISK
4810471.807	Test_Phase.SEQUENCE.Word	LOADING RESOURCE SURFACE FROM DISK
4818932.031	Test_Phase.SEQUENCE.Word	LOADING RESOURCE SURFACE FROM DISK
4826231.53	Test_Phase.SEQUENCE.Word	LOADING RESOURCE SURFACE FROM DISK
4834926.177	Test_Phase.SEQUENCE.Word	LOADING RESOURCE SURFACE FROM DISK
4845169.194	Test_Phase.SEQUENCE.Word	LOADING RESOURCE SURFACE FROM DISK
4853548.421	Test_Phase.SEQUENCE.Word	LOADING RESOURCE SURFACE FROM DISK
4860681.63	Test_Phase.SEQUENCE.Word	LOADING RESOURCE SURFACE FROM DISK
4868431.59	Test_Phase.SEQUENCE.Word	LOADING RESOURCE SURFACE FROM DISK
4872871.453	DISPLAY_SCREEN	LOADING RESOURCE SURFACE FROM DISK
