5285.925	DISPLAY_SCREEN[1]	LOADING RESOURCE SURFACE FROM DISK
1529398.22	Familiarization_Phase.SEQUENCE.Cue_and_Instruction	LOADING RESOURCE SURFACE FROM DISK
1529409.895	Familiarization_Phase.SEQUENCE.Cue_and_Instruction	LOADING RESOURCE SURFACE FROM DISK
1535477.949	Familiarization_Phase.SEQUENCE.Cue_and_Instruction	LOADING RESOURCE SURFACE FROM DISK
1535489.993	Familiarization_Phase.SEQUENCE.Cue_and_Instruction	LOADING RESOURCE SURFACE FROM DISK
1541583.458	Familiarization_Phase.SEQUENCE.Cue_and_Instruction	LOADING RESOURCE SURFACE FROM DISK
1541587.843	Familiarization_Phase.SEQUENCE.Cue_and_Instruction	LOADING RESOURCE SURFACE FROM DISK
1583988.201	DISPLAY_SCREEN[3]	LOADING RESOURCE SURFACE FROM DISK
1678487.1	DISPLAY_SCREEN[5]	LOADING RESOURCE SURFACE FROM DISK
1726335.155	Practice_Phase.SEQUENCE.Blink_Screen	LOADING RESOURCE SURFACE FROM DISK
1726336.191	Practice_Phase.SEQUENCE.Blink_Screen	flip time is later than desired time. Desired Time=1726083 Flip Time=1726350 Retrace Rate=16.647, prepareTime=276 flip request time 1726335
1727565.241	Practice_Phase.SEQUENCE.Practice_Luminance_Cue	LOADING RESOURCE SURFACE FROM DISK
1727579.017	Practice_Phase.SEQUENCE.Practice_Luminance_Cue	LOADING RESOURCE SURFACE FROM DISK
1727580.529	Practice_Phase.SEQUENCE.Practice_Luminance_Cue	flip time is later than desired time. Desired Time=1727550 Flip Time=1727600 Retrace Rate=16.647, prepareTime=54 flip request time 1727580
1729622.749	Practice_Phase.SEQUENCE.Practice_Instruction	LOADING RESOURCE SURFACE FROM DISK
1729629.91	Practice_Phase.SEQUENCE.Practice_Instruction	LOADING RESOURCE SURFACE FROM DISK
1729631.448	Practice_Phase.SEQUENCE.Practice_Instruction	flip time is later than desired time. Desired Time=1729600 Flip Time=1729650 Retrace Rate=16.647, prepareTime=55 flip request time 1729631
1737767.216	Practice_Phase.SEQUENCE.Practice_Instruction	LOADING RESOURCE SURFACE FROM DISK
1737774.016	Practice_Phase.SEQUENCE.Practice_Instruction	LOADING RESOURCE SURFACE FROM DISK
1737775.577	Practice_Phase.SEQUENCE.Practice_Instruction	flip time is later than desired time. Desired Time=1737717 Flip Time=1737800 Retrace Rate=16.647, prepareTime=82 flip request time 1737775
1745864.596	Practice_Phase.SEQUENCE.Practice_Instruction	LOADING RESOURCE SURFACE FROM DISK
1745873.713	Practice_Phase.SEQUENCE.Practice_Instruction	LOADING RESOURCE SURFACE FROM DISK
1745875.303	Practice_Phase.SEQUENCE.Practice_Instruction	flip time is later than desired time. Desired Time=1745867 Flip Time=1745883 Retrace Rate=16.647, prepareTime=32 flip request time 1745875
1753931.554	Practice_Phase.SEQUENCE.Practice_Instruction	LOADING RESOURCE SURFACE FROM DISK
1753933.943	Practice_Phase.SEQUENCE.Practice_Instruction	LOADING RESOURCE SURFACE FROM DISK
1761997.919	Practice_Phase.SEQUENCE.Practice_Instruction	LOADING RESOURCE SURFACE FROM DISK
1762000.284	Practice_Phase.SEQUENCE.Practice_Instruction	LOADING RESOURCE SURFACE FROM DISK
1770064.6	Practice_Phase.SEQUENCE.Practice_Instruction	LOADING RESOURCE SURFACE FROM DISK
1770067.02	Practice_Phase.SEQUENCE.Practice_Instruction	LOADING RESOURCE SURFACE FROM DISK
1778147.954	Practice_Phase.SEQUENCE.Practice_Instruction	LOADING RESOURCE SURFACE FROM DISK
1778183.956	Practice_Phase.SEQUENCE.Practice_Instruction	LOADING RESOURCE SURFACE FROM DISK
1778185.504	Practice_Phase.SEQUENCE.Practice_Instruction	flip time is later than desired time. Desired Time=1778167 Flip Time=1778200 Retrace Rate=16.647, prepareTime=42 flip request time 1778185
1786247.757	Practice_Phase.SEQUENCE.Practice_Instruction	LOADING RESOURCE SURFACE FROM DISK
1786250.222	Practice_Phase.SEQUENCE.Practice_Instruction	LOADING RESOURCE SURFACE FROM DISK
1794314.765	Practice_Phase.SEQUENCE.Practice_Instruction	LOADING RESOURCE SURFACE FROM DISK
1794317.095	Practice_Phase.SEQUENCE.Practice_Instruction	LOADING RESOURCE SURFACE FROM DISK
1798990.218	DISPLAY_SCREEN[2]	LOADING RESOURCE SURFACE FROM DISK
1873973.342	Study_Phase.SEQUENCE.Study_Instruction	LOADING RESOURCE SURFACE FROM DISK
1874303.714	Study_Phase.SEQUENCE.Study_Instruction	LOADING RESOURCE SURFACE FROM DISK
1882556.737	Study_Phase.SEQUENCE.Study_Instruction	LOADING RESOURCE SURFACE FROM DISK
1882600.178	Study_Phase.SEQUENCE.Study_Instruction	LOADING RESOURCE SURFACE FROM DISK
1890889.573	Study_Phase.SEQUENCE.Study_Instruction	LOADING RESOURCE SURFACE FROM DISK
1899176.8	Study_Phase.SEQUENCE.Study_Instruction	LOADING RESOURCE SURFACE FROM DISK
1907439.919	Study_Phase.SEQUENCE.Study_Instruction	LOADING RESOURCE SURFACE FROM DISK
1907480.883	Study_Phase.SEQUENCE.Study_Instruction	LOADING RESOURCE SURFACE FROM DISK
1915739.909	Study_Phase.SEQUENCE.Study_Instruction	LOADING RESOURCE SURFACE FROM DISK
1915775.158	Study_Phase.SEQUENCE.Study_Instruction	LOADING RESOURCE SURFACE FROM DISK
1924039.982	Study_Phase.SEQUENCE.Study_Instruction	LOADING RESOURCE SURFACE FROM DISK
1924042.429	Study_Phase.SEQUENCE.Study_Instruction	LOADING RESOURCE SURFACE FROM DISK
1932290.236	Study_Phase.SEQUENCE.Study_Instruction	LOADING RESOURCE SURFACE FROM DISK
1932324.561	Study_Phase.SEQUENCE.Study_Instruction	LOADING RESOURCE SURFACE FROM DISK
1940706.655	Study_Phase.SEQUENCE.Study_Instruction	LOADING RESOURCE SURFACE FROM DISK
1940751.681	Study_Phase.SEQUENCE.Study_Instruction	LOADING RESOURCE SURFACE FROM DISK
1949006.837	Study_Phase.SEQUENCE.Study_Instruction	LOADING RESOURCE SURFACE FROM DISK
1949045.188	Study_Phase.SEQUENCE.Study_Instruction	LOADING RESOURCE SURFACE FROM DISK
1957343.102	Study_Phase.SEQUENCE.Study_Instruction	LOADING RESOURCE SURFACE FROM DISK
1965642.088	Study_Phase.SEQUENCE.Study_Instruction	LOADING RESOURCE SURFACE FROM DISK
1973906.541	Study_Phase.SEQUENCE.Study_Instruction	LOADING RESOURCE SURFACE FROM DISK
1973946.942	Study_Phase.SEQUENCE.Study_Instruction	LOADING RESOURCE SURFACE FROM DISK
1982244.663	Study_Phase.SEQUENCE.Study_Instruction	LOADING RESOURCE SURFACE FROM DISK
1990506.8	Study_Phase.SEQUENCE.Study_Instruction	LOADING RESOURCE SURFACE FROM DISK
1990547.599	Study_Phase.SEQUENCE.Study_Instruction	LOADING RESOURCE SURFACE FROM DISK
1998806.642	Study_Phase.SEQUENCE.Study_Instruction	LOADING RESOURCE SURFACE FROM DISK
1998809.0	Study_Phase.SEQUENCE.Study_Instruction	LOADING RESOURCE SURFACE FROM DISK
2007073.685	Study_Phase.SEQUENCE.Study_Instruction	LOADING RESOURCE SURFACE FROM DISK
2007118.519	Study_Phase.SEQUENCE.Study_Instruction	LOADING RESOURCE SURFACE FROM DISK
2015372.055	Study_Phase.SEQUENCE.Study_Instruction	LOADING RESOURCE SURFACE FROM DISK
2023623.158	Study_Phase.SEQUENCE.Study_Instruction	LOADING RESOURCE SURFACE FROM DISK
2023665.379	Study_Phase.SEQUENCE.Study_Instruction	LOADING RESOURCE SURFACE FROM DISK
2031961.26	Study_Phase.SEQUENCE.Study_Instruction	LOADING RESOURCE SURFACE FROM DISK
2040203.152	Study_Phase.SEQUENCE.Study_Instruction	LOADING RESOURCE SURFACE FROM DISK
2048456.855	Study_Phase.SEQUENCE.Study_Instruction	LOADING RESOURCE SURFACE FROM DISK
2048495.002	Study_Phase.SEQUENCE.Study_Instruction	LOADING RESOURCE SURFACE FROM DISK
2056753.369	Study_Phase.SEQUENCE.Study_Instruction	LOADING RESOURCE SURFACE FROM DISK
2065041.938	Study_Phase.SEQUENCE.Study_Instruction	LOADING RESOURCE SURFACE FROM DISK
2073303.274	Study_Phase.SEQUENCE.Study_Instruction	LOADING RESOURCE SURFACE FROM DISK
2081585.644	Study_Phase.SEQUENCE.Study_Instruction	LOADING RESOURCE SURFACE FROM DISK
2089806.537	Study_Phase.SEQUENCE.Study_Instruction	LOADING RESOURCE SURFACE FROM DISK
2089848.742	Study_Phase.SEQUENCE.Study_Instruction	LOADING RESOURCE SURFACE FROM DISK
2098106.745	Study_Phase.SEQUENCE.Study_Instruction	LOADING RESOURCE SURFACE FROM DISK
2098146.646	Study_Phase.SEQUENCE.Study_Instruction	LOADING RESOURCE SURFACE FROM DISK
2106437.18	Study_Phase.SEQUENCE.Study_Instruction	LOADING RESOURCE SURFACE FROM DISK
2114673.289	Study_Phase.SEQUENCE.Study_Instruction	LOADING RESOURCE SURFACE FROM DISK
2114675.706	Study_Phase.SEQUENCE.Study_Instruction	LOADING RESOURCE SURFACE FROM DISK
2122940.229	Study_Phase.SEQUENCE.Study_Instruction	LOADING RESOURCE SURFACE FROM DISK
2122978.283	Study_Phase.SEQUENCE.Study_Instruction	LOADING RESOURCE SURFACE FROM DISK
2131236.529	Study_Phase.SEQUENCE.Study_Instruction	LOADING RESOURCE SURFACE FROM DISK
2139528.262	Study_Phase.SEQUENCE.Study_Instruction	LOADING RESOURCE SURFACE FROM DISK
2147819.771	Study_Phase.SEQUENCE.Study_Instruction	LOADING RESOURCE SURFACE FROM DISK
2156102.845	Study_Phase.SEQUENCE.Study_Instruction	LOADING RESOURCE SURFACE FROM DISK
2164356.657	Study_Phase.SEQUENCE.Study_Instruction	LOADING RESOURCE SURFACE FROM DISK
2164358.979	Study_Phase.SEQUENCE.Study_Instruction	LOADING RESOURCE SURFACE FROM DISK
2172623.377	Study_Phase.SEQUENCE.Study_Instruction	LOADING RESOURCE SURFACE FROM DISK
2172666.13	Study_Phase.SEQUENCE.Study_Instruction	LOADING RESOURCE SURFACE FROM DISK
2180955.22	Study_Phase.SEQUENCE.Study_Instruction	LOADING RESOURCE SURFACE FROM DISK
2189328.92	Study_Phase.SEQUENCE.Study_Instruction	LOADING RESOURCE SURFACE FROM DISK
2197618.663	Study_Phase.SEQUENCE.Study_Instruction	LOADING RESOURCE SURFACE FROM DISK
2205873.31	Study_Phase.SEQUENCE.Study_Instruction	LOADING RESOURCE SURFACE FROM DISK
2205912.039	Study_Phase.SEQUENCE.Study_Instruction	LOADING RESOURCE SURFACE FROM DISK
2214203.606	Study_Phase.SEQUENCE.Study_Instruction	LOADING RESOURCE SURFACE FROM DISK
2222456.904	Study_Phase.SEQUENCE.Study_Instruction	LOADING RESOURCE SURFACE FROM DISK
2222459.317	Study_Phase.SEQUENCE.Study_Instruction	LOADING RESOURCE SURFACE FROM DISK
2230755.729	Study_Phase.SEQUENCE.Study_Instruction	LOADING RESOURCE SURFACE FROM DISK
2239006.931	Study_Phase.SEQUENCE.Study_Instruction	LOADING RESOURCE SURFACE FROM DISK
2239009.304	Study_Phase.SEQUENCE.Study_Instruction	LOADING RESOURCE SURFACE FROM DISK
2247270.936	Study_Phase.SEQUENCE.Study_Instruction	LOADING RESOURCE SURFACE FROM DISK
2255523.561	Study_Phase.SEQUENCE.Study_Instruction	LOADING RESOURCE SURFACE FROM DISK
2255546.849	Study_Phase.SEQUENCE.Study_Instruction	LOADING RESOURCE SURFACE FROM DISK
2263838.701	Study_Phase.SEQUENCE.Study_Instruction	LOADING RESOURCE SURFACE FROM DISK
2272089.887	Study_Phase.SEQUENCE.Study_Instruction	LOADING RESOURCE SURFACE FROM DISK
2272133.0	Study_Phase.SEQUENCE.Study_Instruction	LOADING RESOURCE SURFACE FROM DISK
2280369.856	Study_Phase.SEQUENCE.Study_Instruction	LOADING RESOURCE SURFACE FROM DISK
2288657.197	Study_Phase.SEQUENCE.Study_Instruction	LOADING RESOURCE SURFACE FROM DISK
2296907.015	Study_Phase.SEQUENCE.Study_Instruction	LOADING RESOURCE SURFACE FROM DISK
2296951.76	Study_Phase.SEQUENCE.Study_Instruction	LOADING RESOURCE SURFACE FROM DISK
2305206.698	Study_Phase.SEQUENCE.Study_Instruction	LOADING RESOURCE SURFACE FROM DISK
2305209.071	Study_Phase.SEQUENCE.Study_Instruction	LOADING RESOURCE SURFACE FROM DISK
2313506.905	Study_Phase.SEQUENCE.Study_Instruction	LOADING RESOURCE SURFACE FROM DISK
2321792.194	Study_Phase.SEQUENCE.Study_Instruction	LOADING RESOURCE SURFACE FROM DISK
2330053.17	Study_Phase.SEQUENCE.Study_Instruction	LOADING RESOURCE SURFACE FROM DISK
2338289.823	Study_Phase.SEQUENCE.Study_Instruction	LOADING RESOURCE SURFACE FROM DISK
2338333.493	Study_Phase.SEQUENCE.Study_Instruction	LOADING RESOURCE SURFACE FROM DISK
2346590.53	Study_Phase.SEQUENCE.Study_Instruction	LOADING RESOURCE SURFACE FROM DISK
2346636.125	Study_Phase.SEQUENCE.Study_Instruction	LOADING RESOURCE SURFACE FROM DISK
2354887.553	Study_Phase.SEQUENCE.Study_Instruction	LOADING RESOURCE SURFACE FROM DISK
2363206.818	Study_Phase.SEQUENCE.Study_Instruction	LOADING RESOURCE SURFACE FROM DISK
2363251.154	Study_Phase.SEQUENCE.Study_Instruction	LOADING RESOURCE SURFACE FROM DISK
2371486.636	Study_Phase.SEQUENCE.Study_Instruction	LOADING RESOURCE SURFACE FROM DISK
2379723.355	Study_Phase.SEQUENCE.Study_Instruction	LOADING RESOURCE SURFACE FROM DISK
2379760.377	Study_Phase.SEQUENCE.Study_Instruction	LOADING RESOURCE SURFACE FROM DISK
2388023.219	Study_Phase.SEQUENCE.Study_Instruction	LOADING RESOURCE SURFACE FROM DISK
2388065.411	Study_Phase.SEQUENCE.Study_Instruction	LOADING RESOURCE SURFACE FROM DISK
2396323.44	Study_Phase.SEQUENCE.Study_Instruction	LOADING RESOURCE SURFACE FROM DISK
2396325.816	Study_Phase.SEQUENCE.Study_Instruction	LOADING RESOURCE SURFACE FROM DISK
2404616.66	Study_Phase.SEQUENCE.Study_Instruction	LOADING RESOURCE SURFACE FROM DISK
2412873.515	Study_Phase.SEQUENCE.Study_Instruction	LOADING RESOURCE SURFACE FROM DISK
2412916.451	Study_Phase.SEQUENCE.Study_Instruction	LOADING RESOURCE SURFACE FROM DISK
2421173.411	Study_Phase.SEQUENCE.Study_Instruction	LOADING RESOURCE SURFACE FROM DISK
2421214.474	Study_Phase.SEQUENCE.Study_Instruction	LOADING RESOURCE SURFACE FROM DISK
2429471.309	Study_Phase.SEQUENCE.Study_Instruction	LOADING RESOURCE SURFACE FROM DISK
2437755.867	Study_Phase.SEQUENCE.Study_Instruction	LOADING RESOURCE SURFACE FROM DISK
2446006.755	Study_Phase.SEQUENCE.Study_Instruction	LOADING RESOURCE SURFACE FROM DISK
2446048.374	Study_Phase.SEQUENCE.Study_Instruction	LOADING RESOURCE SURFACE FROM DISK
2454340.793	Study_Phase.SEQUENCE.Study_Instruction	LOADING RESOURCE SURFACE FROM DISK
2462638.719	Study_Phase.SEQUENCE.Study_Instruction	LOADING RESOURCE SURFACE FROM DISK
2470924.76	Study_Phase.SEQUENCE.Study_Instruction	LOADING RESOURCE SURFACE FROM DISK
2479189.982	Study_Phase.SEQUENCE.Study_Instruction	LOADING RESOURCE SURFACE FROM DISK
2479228.128	Study_Phase.SEQUENCE.Study_Instruction	LOADING RESOURCE SURFACE FROM DISK
2487528.661	Study_Phase.SEQUENCE.Study_Instruction	LOADING RESOURCE SURFACE FROM DISK
2495805.671	Study_Phase.SEQUENCE.Study_Instruction	LOADING RESOURCE SURFACE FROM DISK
2504123.271	Study_Phase.SEQUENCE.Study_Instruction	LOADING RESOURCE SURFACE FROM DISK
2504164.336	Study_Phase.SEQUENCE.Study_Instruction	LOADING RESOURCE SURFACE FROM DISK
2512420.863	Study_Phase.SEQUENCE.Study_Instruction	LOADING RESOURCE SURFACE FROM DISK
2520673.26	Study_Phase.SEQUENCE.Study_Instruction	LOADING RESOURCE SURFACE FROM DISK
2520675.561	Study_Phase.SEQUENCE.Study_Instruction	LOADING RESOURCE SURFACE FROM DISK
2528974.598	Study_Phase.SEQUENCE.Study_Instruction	LOADING RESOURCE SURFACE FROM DISK
2537239.998	Study_Phase.SEQUENCE.Study_Instruction	LOADING RESOURCE SURFACE FROM DISK
2537279.007	Study_Phase.SEQUENCE.Study_Instruction	LOADING RESOURCE SURFACE FROM DISK
2545539.86	Study_Phase.SEQUENCE.Study_Instruction	LOADING RESOURCE SURFACE FROM DISK
2545542.108	Study_Phase.SEQUENCE.Study_Instruction	LOADING RESOURCE SURFACE FROM DISK
2553837.801	Study_Phase.SEQUENCE.Study_Instruction	LOADING RESOURCE SURFACE FROM DISK
2562122.869	Study_Phase.SEQUENCE.Study_Instruction	LOADING RESOURCE SURFACE FROM DISK
2570407.426	Study_Phase.SEQUENCE.Study_Instruction	LOADING RESOURCE SURFACE FROM DISK
2578694.677	Study_Phase.SEQUENCE.Study_Instruction	LOADING RESOURCE SURFACE FROM DISK
2586956.591	Study_Phase.SEQUENCE.Study_Instruction	LOADING RESOURCE SURFACE FROM DISK
2586997.372	Study_Phase.SEQUENCE.Study_Instruction	LOADING RESOURCE SURFACE FROM DISK
2595257.061	Study_Phase.SEQUENCE.Study_Instruction	LOADING RESOURCE SURFACE FROM DISK
2595299.454	Study_Phase.SEQUENCE.Study_Instruction	LOADING RESOURCE SURFACE FROM DISK
2603553.151	Study_Phase.SEQUENCE.Study_Instruction	LOADING RESOURCE SURFACE FROM DISK
2611806.761	Study_Phase.SEQUENCE.Study_Instruction	LOADING RESOURCE SURFACE FROM DISK
2611809.097	Study_Phase.SEQUENCE.Study_Instruction	LOADING RESOURCE SURFACE FROM DISK
2620112.292	Study_Phase.SEQUENCE.Study_Instruction	LOADING RESOURCE SURFACE FROM DISK
2628369.831	Study_Phase.SEQUENCE.Study_Instruction	LOADING RESOURCE SURFACE FROM DISK
2636619.945	Study_Phase.SEQUENCE.Study_Instruction	LOADING RESOURCE SURFACE FROM DISK
2644886.324	Study_Phase.SEQUENCE.Study_Instruction	LOADING RESOURCE SURFACE FROM DISK
2653155.681	Study_Phase.SEQUENCE.Study_Instruction	LOADING RESOURCE SURFACE FROM DISK
2661406.721	Study_Phase.SEQUENCE.Study_Instruction	LOADING RESOURCE SURFACE FROM DISK
2661448.118	Study_Phase.SEQUENCE.Study_Instruction	LOADING RESOURCE SURFACE FROM DISK
2669706.573	Study_Phase.SEQUENCE.Study_Instruction	LOADING RESOURCE SURFACE FROM DISK
2669744.929	Study_Phase.SEQUENCE.Study_Instruction	LOADING RESOURCE SURFACE FROM DISK
2678038.495	Study_Phase.SEQUENCE.Study_Instruction	LOADING RESOURCE SURFACE FROM DISK
2686289.926	Study_Phase.SEQUENCE.Study_Instruction	LOADING RESOURCE SURFACE FROM DISK
2686292.38	Study_Phase.SEQUENCE.Study_Instruction	LOADING RESOURCE SURFACE FROM DISK
2694556.605	Study_Phase.SEQUENCE.Study_Instruction	LOADING RESOURCE SURFACE FROM DISK
2694626.32	Study_Phase.SEQUENCE.Study_Instruction	LOADING RESOURCE SURFACE FROM DISK
2702873.259	Study_Phase.SEQUENCE.Study_Instruction	LOADING RESOURCE SURFACE FROM DISK
2702910.325	Study_Phase.SEQUENCE.Study_Instruction	LOADING RESOURCE SURFACE FROM DISK
2711204.552	Study_Phase.SEQUENCE.Study_Instruction	LOADING RESOURCE SURFACE FROM DISK
2719495.765	Study_Phase.SEQUENCE.Study_Instruction	LOADING RESOURCE SURFACE FROM DISK
2727756.605	Study_Phase.SEQUENCE.Study_Instruction	LOADING RESOURCE SURFACE FROM DISK
2727758.981	Study_Phase.SEQUENCE.Study_Instruction	LOADING RESOURCE SURFACE FROM DISK
2736052.787	Study_Phase.SEQUENCE.Study_Instruction	LOADING RESOURCE SURFACE FROM DISK
2744306.558	Study_Phase.SEQUENCE.Study_Instruction	LOADING RESOURCE SURFACE FROM DISK
2744344.714	Study_Phase.SEQUENCE.Study_Instruction	LOADING RESOURCE SURFACE FROM DISK
2752590.175	Study_Phase.SEQUENCE.Study_Instruction	LOADING RESOURCE SURFACE FROM DISK
2752631.021	Study_Phase.SEQUENCE.Study_Instruction	LOADING RESOURCE SURFACE FROM DISK
2760925.519	Study_Phase.SEQUENCE.Study_Instruction	LOADING RESOURCE SURFACE FROM DISK
2769229.676	Study_Phase.SEQUENCE.Study_Instruction	LOADING RESOURCE SURFACE FROM DISK
2777529.232	Study_Phase.SEQUENCE.Study_Instruction	LOADING RESOURCE SURFACE FROM DISK
2785773.319	Study_Phase.SEQUENCE.Study_Instruction	LOADING RESOURCE SURFACE FROM DISK
2785811.532	Study_Phase.SEQUENCE.Study_Instruction	LOADING RESOURCE SURFACE FROM DISK
2794073.326	Study_Phase.SEQUENCE.Study_Instruction	LOADING RESOURCE SURFACE FROM DISK
2794075.699	Study_Phase.SEQUENCE.Study_Instruction	LOADING RESOURCE SURFACE FROM DISK
2802370.761	Study_Phase.SEQUENCE.Study_Instruction	LOADING RESOURCE SURFACE FROM DISK
2810606.787	Study_Phase.SEQUENCE.Study_Instruction	LOADING RESOURCE SURFACE FROM DISK
2810645.604	Study_Phase.SEQUENCE.Study_Instruction	LOADING RESOURCE SURFACE FROM DISK
2818904.451	Study_Phase.SEQUENCE.Study_Instruction	LOADING RESOURCE SURFACE FROM DISK
2827156.747	Study_Phase.SEQUENCE.Study_Instruction	LOADING RESOURCE SURFACE FROM DISK
2827192.407	Study_Phase.SEQUENCE.Study_Instruction	LOADING RESOURCE SURFACE FROM DISK
2835440.058	Study_Phase.SEQUENCE.Study_Instruction	LOADING RESOURCE SURFACE FROM DISK
2835442.443	Study_Phase.SEQUENCE.Study_Instruction	LOADING RESOURCE SURFACE FROM DISK
2843706.615	Study_Phase.SEQUENCE.Study_Instruction	LOADING RESOURCE SURFACE FROM DISK
2843741.935	Study_Phase.SEQUENCE.Study_Instruction	LOADING RESOURCE SURFACE FROM DISK
2852038.576	Study_Phase.SEQUENCE.Study_Instruction	LOADING RESOURCE SURFACE FROM DISK
2860325.265	Study_Phase.SEQUENCE.Study_Instruction	LOADING RESOURCE SURFACE FROM DISK
2865055.884	DISPLAY_SCREEN[7]	LOADING RESOURCE SURFACE FROM DISK
2974611.925	Test_Phase.SEQUENCE.Target_Cue	LOADING RESOURCE SURFACE FROM DISK
2974648.776	Test_Phase.SEQUENCE.Target_Cue	LOADING RESOURCE SURFACE FROM DISK
2976705.382	Test_Phase.SEQUENCE.Word	LOADING RESOURCE SURFACE FROM DISK
2979758.102	Test_Phase.SEQUENCE.Test_Question	LOADING RESOURCE SURFACE FROM DISK
2979764.606	Test_Phase.SEQUENCE.Test_Question	LOADING RESOURCE SURFACE FROM DISK
2979773.557	Test_Phase.SEQUENCE.Test_Question	LOADING RESOURCE SURFACE FROM DISK
2979775.298	Test_Phase.SEQUENCE.Test_Question	LOADING RESOURCE SURFACE FROM DISK
2979788.315	Test_Phase.SEQUENCE.Test_Question	LOADING RESOURCE SURFACE FROM DISK
2979790.029	Test_Phase.SEQUENCE.Test_Question	LOADING RESOURCE SURFACE FROM DISK
2979793.63	Test_Phase.SEQUENCE.Test_Question	LOADING RESOURCE SURFACE FROM DISK
2979795.377	Test_Phase.SEQUENCE.Test_Question	LOADING RESOURCE SURFACE FROM DISK
2979797.064	Test_Phase.SEQUENCE.Test_Question	LOADING RESOURCE SURFACE FROM DISK
2979798.75	Test_Phase.SEQUENCE.Test_Question	LOADING RESOURCE SURFACE FROM DISK
2979800.346	Test_Phase.SEQUENCE.Test_Question	LOADING RESOURCE SURFACE FROM DISK
2979801.91	Test_Phase.SEQUENCE.Test_Question	LOADING RESOURCE SURFACE FROM DISK
2988569.993	Test_Phase.SEQUENCE.Word	LOADING RESOURCE SURFACE FROM DISK
2998669.689	Test_Phase.SEQUENCE.Word	LOADING RESOURCE SURFACE FROM DISK
3007322.743	Test_Phase.SEQUENCE.Word	LOADING RESOURCE SURFACE FROM DISK
3015819.62	Test_Phase.SEQUENCE.Word	LOADING RESOURCE SURFACE FROM DISK
3024354.358	Test_Phase.SEQUENCE.Word	LOADING RESOURCE SURFACE FROM DISK
3034303.105	Test_Phase.SEQUENCE.Word	LOADING RESOURCE SURFACE FROM DISK
3043353.105	Test_Phase.SEQUENCE.Word	LOADING RESOURCE SURFACE FROM DISK
3052536.582	Test_Phase.SEQUENCE.Word	LOADING RESOURCE SURFACE FROM DISK
3061186.399	Test_Phase.SEQUENCE.Word	LOADING RESOURCE SURFACE FROM DISK
3069586.341	Test_Phase.SEQUENCE.Word	LOADING RESOURCE SURFACE FROM DISK
3078837.441	Test_Phase.SEQUENCE.Word	LOADING RESOURCE SURFACE FROM DISK
3087119.714	Test_Phase.SEQUENCE.Word	LOADING RESOURCE SURFACE FROM DISK
3097853.62	Test_Phase.SEQUENCE.Word	LOADING RESOURCE SURFACE FROM DISK
3106686.67	Test_Phase.SEQUENCE.Word	LOADING RESOURCE SURFACE FROM DISK
3114961.05	Test_Phase.SEQUENCE.Word	LOADING RESOURCE SURFACE FROM DISK
3123136.792	Test_Phase.SEQUENCE.Word	LOADING RESOURCE SURFACE FROM DISK
3131619.648	Test_Phase.SEQUENCE.Word	LOADING RESOURCE SURFACE FROM DISK
3139702.877	Test_Phase.SEQUENCE.Word	LOADING RESOURCE SURFACE FROM DISK
3147886.559	Test_Phase.SEQUENCE.Word	LOADING RESOURCE SURFACE FROM DISK
3156829.261	Test_Phase.SEQUENCE.Word	LOADING RESOURCE SURFACE FROM DISK
3165603.062	Test_Phase.SEQUENCE.Word	LOADING RESOURCE SURFACE FROM DISK
3173936.655	Test_Phase.SEQUENCE.Word	LOADING RESOURCE SURFACE FROM DISK
3183369.8	Test_Phase.SEQUENCE.Word	LOADING RESOURCE SURFACE FROM DISK
3192603.097	Test_Phase.SEQUENCE.Word	LOADING RESOURCE SURFACE FROM DISK
3200753.144	Test_Phase.SEQUENCE.Word	LOADING RESOURCE SURFACE FROM DISK
3209072.272	Test_Phase.SEQUENCE.Word	LOADING RESOURCE SURFACE FROM DISK
3217237.558	Test_Phase.SEQUENCE.Word	LOADING RESOURCE SURFACE FROM DISK
3225252.96	Test_Phase.SEQUENCE.Word	LOADING RESOURCE SURFACE FROM DISK
3233219.766	Test_Phase.SEQUENCE.Word	LOADING RESOURCE SURFACE FROM DISK
3241203.258	Test_Phase.SEQUENCE.Word	LOADING RESOURCE SURFACE FROM DISK
3249403.13	Test_Phase.SEQUENCE.Word	LOADING RESOURCE SURFACE FROM DISK
3257792.107	Test_Phase.SEQUENCE.Word	LOADING RESOURCE SURFACE FROM DISK
3265719.617	Test_Phase.SEQUENCE.Word	LOADING RESOURCE SURFACE FROM DISK
3274866.661	Test_Phase.SEQUENCE.Word	LOADING RESOURCE SURFACE FROM DISK
3283139.281	Test_Phase.SEQUENCE.Word	LOADING RESOURCE SURFACE FROM DISK
3292719.649	Test_Phase.SEQUENCE.Word	LOADING RESOURCE SURFACE FROM DISK
3301319.556	Test_Phase.SEQUENCE.Word	LOADING RESOURCE SURFACE FROM DISK
3309419.545	Test_Phase.SEQUENCE.Word	LOADING RESOURCE SURFACE FROM DISK
3317719.623	Test_Phase.SEQUENCE.Word	LOADING RESOURCE SURFACE FROM DISK
3325852.873	Test_Phase.SEQUENCE.Word	LOADING RESOURCE SURFACE FROM DISK
3333886.656	Test_Phase.SEQUENCE.Word	LOADING RESOURCE SURFACE FROM DISK
3342564.098	Test_Phase.SEQUENCE.Word	LOADING RESOURCE SURFACE FROM DISK
3350586.445	Test_Phase.SEQUENCE.Word	LOADING RESOURCE SURFACE FROM DISK
3358811.368	Test_Phase.SEQUENCE.Word	LOADING RESOURCE SURFACE FROM DISK
3367170.025	Test_Phase.SEQUENCE.Word	LOADING RESOURCE SURFACE FROM DISK
3375652.906	Test_Phase.SEQUENCE.Word	LOADING RESOURCE SURFACE FROM DISK
3383652.426	Test_Phase.SEQUENCE.Word	LOADING RESOURCE SURFACE FROM DISK
3391603.159	Test_Phase.SEQUENCE.Word	LOADING RESOURCE SURFACE FROM DISK
3399576.244	Test_Phase.SEQUENCE.Word	LOADING RESOURCE SURFACE FROM DISK
3407586.288	Test_Phase.SEQUENCE.Word	LOADING RESOURCE SURFACE FROM DISK
3415736.434	Test_Phase.SEQUENCE.Word	LOADING RESOURCE SURFACE FROM DISK
3425677.993	Test_Phase.SEQUENCE.Word	LOADING RESOURCE SURFACE FROM DISK
3433802.658	Test_Phase.SEQUENCE.Word	LOADING RESOURCE SURFACE FROM DISK
3442286.387	Test_Phase.SEQUENCE.Word	LOADING RESOURCE SURFACE FROM DISK
3450507.35	Test_Phase.SEQUENCE.Word	LOADING RESOURCE SURFACE FROM DISK
3460752.986	Test_Phase.SEQUENCE.Word	LOADING RESOURCE SURFACE FROM DISK
3470069.697	Test_Phase.SEQUENCE.Word	LOADING RESOURCE SURFACE FROM DISK
3478153.26	Test_Phase.SEQUENCE.Word	LOADING RESOURCE SURFACE FROM DISK
3486362.374	Test_Phase.SEQUENCE.Word	LOADING RESOURCE SURFACE FROM DISK
3494586.369	Test_Phase.SEQUENCE.Word	LOADING RESOURCE SURFACE FROM DISK
3502857.19	Test_Phase.SEQUENCE.Word	LOADING RESOURCE SURFACE FROM DISK
3510819.709	Test_Phase.SEQUENCE.Word	LOADING RESOURCE SURFACE FROM DISK
3519278.537	Test_Phase.SEQUENCE.Word	LOADING RESOURCE SURFACE FROM DISK
3527486.618	Test_Phase.SEQUENCE.Word	LOADING RESOURCE SURFACE FROM DISK
3537269.869	Test_Phase.SEQUENCE.Word	LOADING RESOURCE SURFACE FROM DISK
3545486.346	Test_Phase.SEQUENCE.Word	LOADING RESOURCE SURFACE FROM DISK
3553838.505	Test_Phase.SEQUENCE.Word	LOADING RESOURCE SURFACE FROM DISK
3562603.02	Test_Phase.SEQUENCE.Word	LOADING RESOURCE SURFACE FROM DISK
3571436.452	Test_Phase.SEQUENCE.Word	LOADING RESOURCE SURFACE FROM DISK
3579636.508	Test_Phase.SEQUENCE.Word	LOADING RESOURCE SURFACE FROM DISK
3587240.146	Test_Phase.SEQUENCE.Word	LOADING RESOURCE SURFACE FROM DISK
3595436.314	Test_Phase.SEQUENCE.Word	LOADING RESOURCE SURFACE FROM DISK
3604053.229	Test_Phase.SEQUENCE.Word	LOADING RESOURCE SURFACE FROM DISK
3614169.584	Test_Phase.SEQUENCE.Word	LOADING RESOURCE SURFACE FROM DISK
3622369.815	Test_Phase.SEQUENCE.Word	LOADING RESOURCE SURFACE FROM DISK
3630853.04	Test_Phase.SEQUENCE.Word	LOADING RESOURCE SURFACE FROM DISK
3639260.694	Test_Phase.SEQUENCE.Word	LOADING RESOURCE SURFACE FROM DISK
3648088.062	Test_Phase.SEQUENCE.Word	LOADING RESOURCE SURFACE FROM DISK
3657036.348	Test_Phase.SEQUENCE.Word	LOADING RESOURCE SURFACE FROM DISK
3665587.851	Test_Phase.SEQUENCE.Word	LOADING RESOURCE SURFACE FROM DISK
3674703.173	Test_Phase.SEQUENCE.Word	LOADING RESOURCE SURFACE FROM DISK
3682969.692	Test_Phase.SEQUENCE.Word	LOADING RESOURCE SURFACE FROM DISK
3691406.663	Test_Phase.SEQUENCE.Word	LOADING RESOURCE SURFACE FROM DISK
3699619.563	Test_Phase.SEQUENCE.Word	LOADING RESOURCE SURFACE FROM DISK
3707739.323	Test_Phase.SEQUENCE.Word	LOADING RESOURCE SURFACE FROM DISK
3715969.685	Test_Phase.SEQUENCE.Word	LOADING RESOURCE SURFACE FROM DISK
3724736.693	Test_Phase.SEQUENCE.Word	LOADING RESOURCE SURFACE FROM DISK
3732969.846	Test_Phase.SEQUENCE.Word	LOADING RESOURCE SURFACE FROM DISK
3741602.116	Test_Phase.SEQUENCE.Word	LOADING RESOURCE SURFACE FROM DISK
3750571.463	Test_Phase.SEQUENCE.Word	LOADING RESOURCE SURFACE FROM DISK
3758576.001	Test_Phase.SEQUENCE.Word	LOADING RESOURCE SURFACE FROM DISK
3766502.981	Test_Phase.SEQUENCE.Word	LOADING RESOURCE SURFACE FROM DISK
3774870.115	Test_Phase.SEQUENCE.Word	LOADING RESOURCE SURFACE FROM DISK
3783603.023	Test_Phase.SEQUENCE.Word	LOADING RESOURCE SURFACE FROM DISK
3791453.103	Test_Phase.SEQUENCE.Word	LOADING RESOURCE SURFACE FROM DISK
3799586.135	Test_Phase.SEQUENCE.Word	LOADING RESOURCE SURFACE FROM DISK
3807636.171	Test_Phase.SEQUENCE.Word	LOADING RESOURCE SURFACE FROM DISK
3815769.604	Test_Phase.SEQUENCE.Word	LOADING RESOURCE SURFACE FROM DISK
3823969.616	Test_Phase.SEQUENCE.Word	LOADING RESOURCE SURFACE FROM DISK
3832586.452	Test_Phase.SEQUENCE.Word	LOADING RESOURCE SURFACE FROM DISK
3840653.031	Test_Phase.SEQUENCE.Word	LOADING RESOURCE SURFACE FROM DISK
3848652.989	Test_Phase.SEQUENCE.Word	LOADING RESOURCE SURFACE FROM DISK
3857103.088	Test_Phase.SEQUENCE.Word	LOADING RESOURCE SURFACE FROM DISK
3865002.986	Test_Phase.SEQUENCE.Word	LOADING RESOURCE SURFACE FROM DISK
3873369.548	Test_Phase.SEQUENCE.Word	LOADING RESOURCE SURFACE FROM DISK
3881486.244	Test_Phase.SEQUENCE.Word	LOADING RESOURCE SURFACE FROM DISK
3889586.367	Test_Phase.SEQUENCE.Word	LOADING RESOURCE SURFACE FROM DISK
3897452.96	Test_Phase.SEQUENCE.Word	LOADING RESOURCE SURFACE FROM DISK
3906519.765	Test_Phase.SEQUENCE.Word	LOADING RESOURCE SURFACE FROM DISK
3915338.257	Test_Phase.SEQUENCE.Word	LOADING RESOURCE SURFACE FROM DISK
3923102.131	Test_Phase.SEQUENCE.Word	LOADING RESOURCE SURFACE FROM DISK
3931586.46	Test_Phase.SEQUENCE.Word	LOADING RESOURCE SURFACE FROM DISK
3940303.768	Test_Phase.SEQUENCE.Word	LOADING RESOURCE SURFACE FROM DISK
3948703.076	Test_Phase.SEQUENCE.Word	LOADING RESOURCE SURFACE FROM DISK
3956719.619	Test_Phase.SEQUENCE.Word	LOADING RESOURCE SURFACE FROM DISK
3964664.285	Test_Phase.SEQUENCE.Word	LOADING RESOURCE SURFACE FROM DISK
3972933.402	Test_Phase.SEQUENCE.Word	LOADING RESOURCE SURFACE FROM DISK
3981003.239	Test_Phase.SEQUENCE.Word	LOADING RESOURCE SURFACE FROM DISK
3989077.275	Test_Phase.SEQUENCE.Word	LOADING RESOURCE SURFACE FROM DISK
3996903.038	Test_Phase.SEQUENCE.Word	LOADING RESOURCE SURFACE FROM DISK
4006796.553	Test_Phase.SEQUENCE.Word	LOADING RESOURCE SURFACE FROM DISK
4014840.599	Test_Phase.SEQUENCE.Word	LOADING RESOURCE SURFACE FROM DISK
4023436.434	Test_Phase.SEQUENCE.Word	LOADING RESOURCE SURFACE FROM DISK
4031519.825	Test_Phase.SEQUENCE.Word	LOADING RESOURCE SURFACE FROM DISK
4040027.819	Test_Phase.SEQUENCE.Word	LOADING RESOURCE SURFACE FROM DISK
4047802.944	Test_Phase.SEQUENCE.Word	LOADING RESOURCE SURFACE FROM DISK
4055736.416	Test_Phase.SEQUENCE.Word	LOADING RESOURCE SURFACE FROM DISK
4064478.137	Test_Phase.SEQUENCE.Word	LOADING RESOURCE SURFACE FROM DISK
4072586.568	Test_Phase.SEQUENCE.Word	LOADING RESOURCE SURFACE FROM DISK
4080807.589	Test_Phase.SEQUENCE.Word	LOADING RESOURCE SURFACE FROM DISK
4088919.477	Test_Phase.SEQUENCE.Word	LOADING RESOURCE SURFACE FROM DISK
4096886.355	Test_Phase.SEQUENCE.Word	LOADING RESOURCE SURFACE FROM DISK
4104807.25	Test_Phase.SEQUENCE.Word	LOADING RESOURCE SURFACE FROM DISK
4112853.155	Test_Phase.SEQUENCE.Word	LOADING RESOURCE SURFACE FROM DISK
4121186.386	Test_Phase.SEQUENCE.Word	LOADING RESOURCE SURFACE FROM DISK
4129028.243	Test_Phase.SEQUENCE.Word	LOADING RESOURCE SURFACE FROM DISK
4137339.666	Test_Phase.SEQUENCE.Word	LOADING RESOURCE SURFACE FROM DISK
4145203.241	Test_Phase.SEQUENCE.Word	LOADING RESOURCE SURFACE FROM DISK
4153393.646	Test_Phase.SEQUENCE.Word	LOADING RESOURCE SURFACE FROM DISK
4161438.372	Test_Phase.SEQUENCE.Word	LOADING RESOURCE SURFACE FROM DISK
4169303.069	Test_Phase.SEQUENCE.Word	LOADING RESOURCE SURFACE FROM DISK
4177259.486	Test_Phase.SEQUENCE.Word	LOADING RESOURCE SURFACE FROM DISK
4185069.724	Test_Phase.SEQUENCE.Word	LOADING RESOURCE SURFACE FROM DISK
4192878.639	Test_Phase.SEQUENCE.Word	LOADING RESOURCE SURFACE FROM DISK
4200719.658	Test_Phase.SEQUENCE.Word	LOADING RESOURCE SURFACE FROM DISK
4208886.339	Test_Phase.SEQUENCE.Word	LOADING RESOURCE SURFACE FROM DISK
4216645.495	Test_Phase.SEQUENCE.Word	LOADING RESOURCE SURFACE FROM DISK
4233361.694	Test_Phase.SEQUENCE.Word	LOADING RESOURCE SURFACE FROM DISK
4241503.167	Test_Phase.SEQUENCE.Word	LOADING RESOURCE SURFACE FROM DISK
4249435.436	Test_Phase.SEQUENCE.Word	LOADING RESOURCE SURFACE FROM DISK
4257536.44	Test_Phase.SEQUENCE.Word	LOADING RESOURCE SURFACE FROM DISK
4266386.199	Test_Phase.SEQUENCE.Word	LOADING RESOURCE SURFACE FROM DISK
4275702.957	Test_Phase.SEQUENCE.Word	LOADING RESOURCE SURFACE FROM DISK
4283986.352	Test_Phase.SEQUENCE.Word	LOADING RESOURCE SURFACE FROM DISK
4291837.411	Test_Phase.SEQUENCE.Word	LOADING RESOURCE SURFACE FROM DISK
4299777.316	Test_Phase.SEQUENCE.Word	LOADING RESOURCE SURFACE FROM DISK
4307836.481	Test_Phase.SEQUENCE.Word	LOADING RESOURCE SURFACE FROM DISK
4316053.125	Test_Phase.SEQUENCE.Word	LOADING RESOURCE SURFACE FROM DISK
4324953.06	Test_Phase.SEQUENCE.Word	LOADING RESOURCE SURFACE FROM DISK
4333140.697	Test_Phase.SEQUENCE.Word	LOADING RESOURCE SURFACE FROM DISK
4341219.54	Test_Phase.SEQUENCE.Word	LOADING RESOURCE SURFACE FROM DISK
4349336.315	Test_Phase.SEQUENCE.Word	LOADING RESOURCE SURFACE FROM DISK
4357469.8	Test_Phase.SEQUENCE.Word	LOADING RESOURCE SURFACE FROM DISK
4365669.697	Test_Phase.SEQUENCE.Word	LOADING RESOURCE SURFACE FROM DISK
4373544.599	Test_Phase.SEQUENCE.Word	LOADING RESOURCE SURFACE FROM DISK
4381595.185	Test_Phase.SEQUENCE.Word	LOADING RESOURCE SURFACE FROM DISK
4389429.018	Test_Phase.SEQUENCE.Word	LOADING RESOURCE SURFACE FROM DISK
4397369.768	Test_Phase.SEQUENCE.Word	LOADING RESOURCE SURFACE FROM DISK
4405622.003	Test_Phase.SEQUENCE.Word	LOADING RESOURCE SURFACE FROM DISK
4413853.16	Test_Phase.SEQUENCE.Word	LOADING RESOURCE SURFACE FROM DISK
4421927.815	Test_Phase.SEQUENCE.Word	LOADING RESOURCE SURFACE FROM DISK
4429874.335	Test_Phase.SEQUENCE.Word	LOADING RESOURCE SURFACE FROM DISK
4437885.341	Test_Phase.SEQUENCE.Word	LOADING RESOURCE SURFACE FROM DISK
4446005.122	Test_Phase.SEQUENCE.Word	LOADING RESOURCE SURFACE FROM DISK
4454129.43	Test_Phase.SEQUENCE.Word	LOADING RESOURCE SURFACE FROM DISK
4461969.935	Test_Phase.SEQUENCE.Word	LOADING RESOURCE SURFACE FROM DISK
4470287.567	Test_Phase.SEQUENCE.Word	LOADING RESOURCE SURFACE FROM DISK
4478436.449	Test_Phase.SEQUENCE.Word	LOADING RESOURCE SURFACE FROM DISK
4486841.31	Test_Phase.SEQUENCE.Word	LOADING RESOURCE SURFACE FROM DISK
4494969.575	Test_Phase.SEQUENCE.Word	LOADING RESOURCE SURFACE FROM DISK
4502952.813	Test_Phase.SEQUENCE.Word	LOADING RESOURCE SURFACE FROM DISK
4510891.54	Test_Phase.SEQUENCE.Word	LOADING RESOURCE SURFACE FROM DISK
4518636.68	Test_Phase.SEQUENCE.Word	LOADING RESOURCE SURFACE FROM DISK
4526736.436	Test_Phase.SEQUENCE.Word	LOADING RESOURCE SURFACE FROM DISK
4534946.701	Test_Phase.SEQUENCE.Word	LOADING RESOURCE SURFACE FROM DISK
4543689.399	Test_Phase.SEQUENCE.Word	LOADING RESOURCE SURFACE FROM DISK
4552336.461	Test_Phase.SEQUENCE.Word	LOADING RESOURCE SURFACE FROM DISK
4560503.12	Test_Phase.SEQUENCE.Word	LOADING RESOURCE SURFACE FROM DISK
4569586.36	Test_Phase.SEQUENCE.Word	LOADING RESOURCE SURFACE FROM DISK
4577519.805	Test_Phase.SEQUENCE.Word	LOADING RESOURCE SURFACE FROM DISK
4585361.55	Test_Phase.SEQUENCE.Word	LOADING RESOURCE SURFACE FROM DISK
4593569.479	Test_Phase.SEQUENCE.Word	LOADING RESOURCE SURFACE FROM DISK
4601703.125	Test_Phase.SEQUENCE.Word	LOADING RESOURCE SURFACE FROM DISK
4609663.491	Test_Phase.SEQUENCE.Word	LOADING RESOURCE SURFACE FROM DISK
4617488.123	Test_Phase.SEQUENCE.Word	LOADING RESOURCE SURFACE FROM DISK
4626076.538	Test_Phase.SEQUENCE.Word	LOADING RESOURCE SURFACE FROM DISK
4635719.702	Test_Phase.SEQUENCE.Word	LOADING RESOURCE SURFACE FROM DISK
4643569.652	Test_Phase.SEQUENCE.Word	LOADING RESOURCE SURFACE FROM DISK
4647813.804	DISPLAY_SCREEN	LOADING RESOURCE SURFACE FROM DISK
