5491.354	DISPLAY_SCREEN[1]	LOADING RESOURCE SURFACE FROM DISK
99991.678	Familiarization_Phase.SEQUENCE.Cue_and_Instruction	LOADING RESOURCE SURFACE FROM DISK
100001.684	Familiarization_Phase.SEQUENCE.Cue_and_Instruction	LOADING RESOURCE SURFACE FROM DISK
106085.601	Familiarization_Phase.SEQUENCE.Cue_and_Instruction	LOADING RESOURCE SURFACE FROM DISK
106096.303	Familiarization_Phase.SEQUENCE.Cue_and_Instruction	LOADING RESOURCE SURFACE FROM DISK
112161.522	Familiarization_Phase.SEQUENCE.Cue_and_Instruction	LOADING RESOURCE SURFACE FROM DISK
112165.879	Familiarization_Phase.SEQUENCE.Cue_and_Instruction	LOADING RESOURCE SURFACE FROM DISK
154575.55	DISPLAY_SCREEN[3]	LOADING RESOURCE SURFACE FROM DISK
304971.481	DISPLAY_SCREEN[5]	LOADING RESOURCE SURFACE FROM DISK
401335.182	Practice_Phase.SEQUENCE.Blink_Screen	LOADING RESOURCE SURFACE FROM DISK
401336.277	Practice_Phase.SEQUENCE.Blink_Screen	flip time is later than desired time. Desired Time=401073 Flip Time=401357 Retrace Rate=16.641, prepareTime=286 flip request time 401336
402545.985	Practice_Phase.SEQUENCE.Luminance_Cue[1]	LOADING RESOURCE SURFACE FROM DISK
402559.86	Practice_Phase.SEQUENCE.Luminance_Cue[1]	LOADING RESOURCE SURFACE FROM DISK
402561.493	Practice_Phase.SEQUENCE.Luminance_Cue[1]	flip time is later than desired time. Desired Time=402557 Flip Time=402573 Retrace Rate=16.641, prepareTime=28 flip request time 402561
403106.752	Practice_Phase.SEQUENCE.Practice_Instruction	LOADING RESOURCE SURFACE FROM DISK
403123.838	Practice_Phase.SEQUENCE.Practice_Instruction	LOADING RESOURCE SURFACE FROM DISK
403125.471	Practice_Phase.SEQUENCE.Practice_Instruction	flip time is later than desired time. Desired Time=403073 Flip Time=403140 Retrace Rate=16.641, prepareTime=76 flip request time 403125
406656.484	Practice_Phase.SEQUENCE.Action_cue[1]	LOADING RESOURCE SURFACE FROM DISK
406658.597	Practice_Phase.SEQUENCE.Action_cue[1]	flip time is later than desired time. Desired Time=406640 Flip Time=406673 Retrace Rate=16.641, prepareTime=42 flip request time 406658
411226.239	Practice_Phase.SEQUENCE.Practice_Instruction	LOADING RESOURCE SURFACE FROM DISK
411245.759	Practice_Phase.SEQUENCE.Practice_Instruction	LOADING RESOURCE SURFACE FROM DISK
411247.303	Practice_Phase.SEQUENCE.Practice_Instruction	flip time is later than desired time. Desired Time=411240 Flip Time=411257 Retrace Rate=16.641, prepareTime=31 flip request time 411247
419339.381	Practice_Phase.SEQUENCE.Practice_Instruction	LOADING RESOURCE SURFACE FROM DISK
419342.152	Practice_Phase.SEQUENCE.Practice_Instruction	LOADING RESOURCE SURFACE FROM DISK
419343.78	Practice_Phase.SEQUENCE.Practice_Instruction	flip time is later than desired time. Desired Time=419323 Flip Time=419357 Retrace Rate=16.641, prepareTime=44 flip request time 419343
427404.949	Practice_Phase.SEQUENCE.Practice_Instruction	LOADING RESOURCE SURFACE FROM DISK
427407.606	Practice_Phase.SEQUENCE.Practice_Instruction	LOADING RESOURCE SURFACE FROM DISK
435471.664	Practice_Phase.SEQUENCE.Practice_Instruction	LOADING RESOURCE SURFACE FROM DISK
435474.378	Practice_Phase.SEQUENCE.Practice_Instruction	LOADING RESOURCE SURFACE FROM DISK
443538.374	Practice_Phase.SEQUENCE.Practice_Instruction	LOADING RESOURCE SURFACE FROM DISK
443540.95	Practice_Phase.SEQUENCE.Practice_Instruction	LOADING RESOURCE SURFACE FROM DISK
451604.833	Practice_Phase.SEQUENCE.Practice_Instruction	LOADING RESOURCE SURFACE FROM DISK
451607.615	Practice_Phase.SEQUENCE.Practice_Instruction	LOADING RESOURCE SURFACE FROM DISK
459671.399	Practice_Phase.SEQUENCE.Practice_Instruction	LOADING RESOURCE SURFACE FROM DISK
459711.039	Practice_Phase.SEQUENCE.Practice_Instruction	LOADING RESOURCE SURFACE FROM DISK
459712.618	Practice_Phase.SEQUENCE.Practice_Instruction	flip time is later than desired time. Desired Time=459690 Flip Time=459723 Retrace Rate=16.641, prepareTime=46 flip request time 459712
467771.788	Practice_Phase.SEQUENCE.Practice_Instruction	LOADING RESOURCE SURFACE FROM DISK
467810.744	Practice_Phase.SEQUENCE.Practice_Instruction	LOADING RESOURCE SURFACE FROM DISK
467812.448	Practice_Phase.SEQUENCE.Practice_Instruction	flip time is later than desired time. Desired Time=467790 Flip Time=467823 Retrace Rate=16.641, prepareTime=46 flip request time 467812
473968.605	DISPLAY_SCREEN[2]	LOADING RESOURCE SURFACE FROM DISK
574147.121	Study_Phase.SEQUENCE.Study_Instruction	LOADING RESOURCE SURFACE FROM DISK
574426.551	Study_Phase.SEQUENCE.Study_Instruction	LOADING RESOURCE SURFACE FROM DISK
582693.697	Study_Phase.SEQUENCE.Study_Instruction	LOADING RESOURCE SURFACE FROM DISK
590963.496	Study_Phase.SEQUENCE.Study_Instruction	LOADING RESOURCE SURFACE FROM DISK
591003.301	Study_Phase.SEQUENCE.Study_Instruction	LOADING RESOURCE SURFACE FROM DISK
599276.728	Study_Phase.SEQUENCE.Study_Instruction	LOADING RESOURCE SURFACE FROM DISK
607579.685	Study_Phase.SEQUENCE.Study_Instruction	LOADING RESOURCE SURFACE FROM DISK
615843.436	Study_Phase.SEQUENCE.Study_Instruction	LOADING RESOURCE SURFACE FROM DISK
624113.746	Study_Phase.SEQUENCE.Study_Instruction	LOADING RESOURCE SURFACE FROM DISK
624116.376	Study_Phase.SEQUENCE.Study_Instruction	LOADING RESOURCE SURFACE FROM DISK
632394.595	Study_Phase.SEQUENCE.Study_Instruction	LOADING RESOURCE SURFACE FROM DISK
640663.636	Study_Phase.SEQUENCE.Study_Instruction	LOADING RESOURCE SURFACE FROM DISK
640736.217	Study_Phase.SEQUENCE.Study_Instruction	LOADING RESOURCE SURFACE FROM DISK
649028.813	Study_Phase.SEQUENCE.Study_Instruction	LOADING RESOURCE SURFACE FROM DISK
657327.826	Study_Phase.SEQUENCE.Study_Instruction	LOADING RESOURCE SURFACE FROM DISK
665596.775	Study_Phase.SEQUENCE.Study_Instruction	LOADING RESOURCE SURFACE FROM DISK
665641.957	Study_Phase.SEQUENCE.Study_Instruction	LOADING RESOURCE SURFACE FROM DISK
673910.02	Study_Phase.SEQUENCE.Study_Instruction	LOADING RESOURCE SURFACE FROM DISK
682176.812	Study_Phase.SEQUENCE.Study_Instruction	LOADING RESOURCE SURFACE FROM DISK
690465.454	Study_Phase.SEQUENCE.Study_Instruction	LOADING RESOURCE SURFACE FROM DISK
698746.994	Study_Phase.SEQUENCE.Study_Instruction	LOADING RESOURCE SURFACE FROM DISK
698749.452	Study_Phase.SEQUENCE.Study_Instruction	LOADING RESOURCE SURFACE FROM DISK
707060.985	Study_Phase.SEQUENCE.Study_Instruction	LOADING RESOURCE SURFACE FROM DISK
715361.38	Study_Phase.SEQUENCE.Study_Instruction	LOADING RESOURCE SURFACE FROM DISK
723630.15	Study_Phase.SEQUENCE.Study_Instruction	LOADING RESOURCE SURFACE FROM DISK
723632.6	Study_Phase.SEQUENCE.Study_Instruction	LOADING RESOURCE SURFACE FROM DISK
731947.203	Study_Phase.SEQUENCE.Study_Instruction	LOADING RESOURCE SURFACE FROM DISK
740252.803	Study_Phase.SEQUENCE.Study_Instruction	LOADING RESOURCE SURFACE FROM DISK
748530.441	Study_Phase.SEQUENCE.Study_Instruction	LOADING RESOURCE SURFACE FROM DISK
748532.867	Study_Phase.SEQUENCE.Study_Instruction	LOADING RESOURCE SURFACE FROM DISK
756810.076	Study_Phase.SEQUENCE.Study_Instruction	LOADING RESOURCE SURFACE FROM DISK
765113.633	Study_Phase.SEQUENCE.Study_Instruction	LOADING RESOURCE SURFACE FROM DISK
765116.278	Study_Phase.SEQUENCE.Study_Instruction	LOADING RESOURCE SURFACE FROM DISK
773394.633	Study_Phase.SEQUENCE.Study_Instruction	LOADING RESOURCE SURFACE FROM DISK
781646.913	Study_Phase.SEQUENCE.Study_Instruction	LOADING RESOURCE SURFACE FROM DISK
781649.361	Study_Phase.SEQUENCE.Study_Instruction	LOADING RESOURCE SURFACE FROM DISK
789927.862	Study_Phase.SEQUENCE.Study_Instruction	LOADING RESOURCE SURFACE FROM DISK
798196.835	Study_Phase.SEQUENCE.Study_Instruction	LOADING RESOURCE SURFACE FROM DISK
798239.555	Study_Phase.SEQUENCE.Study_Instruction	LOADING RESOURCE SURFACE FROM DISK
806510.137	Study_Phase.SEQUENCE.Study_Instruction	LOADING RESOURCE SURFACE FROM DISK
814780.412	Study_Phase.SEQUENCE.Study_Instruction	LOADING RESOURCE SURFACE FROM DISK
814824.262	Study_Phase.SEQUENCE.Study_Instruction	LOADING RESOURCE SURFACE FROM DISK
823117.121	Study_Phase.SEQUENCE.Study_Instruction	LOADING RESOURCE SURFACE FROM DISK
831393.537	Study_Phase.SEQUENCE.Study_Instruction	LOADING RESOURCE SURFACE FROM DISK
839730.474	Study_Phase.SEQUENCE.Study_Instruction	LOADING RESOURCE SURFACE FROM DISK
847997.158	Study_Phase.SEQUENCE.Study_Instruction	LOADING RESOURCE SURFACE FROM DISK
848033.65	Study_Phase.SEQUENCE.Study_Instruction	LOADING RESOURCE SURFACE FROM DISK
856326.651	Study_Phase.SEQUENCE.Study_Instruction	LOADING RESOURCE SURFACE FROM DISK
864636.404	Study_Phase.SEQUENCE.Study_Instruction	LOADING RESOURCE SURFACE FROM DISK
872913.837	Study_Phase.SEQUENCE.Study_Instruction	LOADING RESOURCE SURFACE FROM DISK
872916.404	Study_Phase.SEQUENCE.Study_Instruction	LOADING RESOURCE SURFACE FROM DISK
881214.409	Study_Phase.SEQUENCE.Study_Instruction	LOADING RESOURCE SURFACE FROM DISK
889496.977	Study_Phase.SEQUENCE.Study_Instruction	LOADING RESOURCE SURFACE FROM DISK
889542.065	Study_Phase.SEQUENCE.Study_Instruction	LOADING RESOURCE SURFACE FROM DISK
897848.004	Study_Phase.SEQUENCE.Study_Instruction	LOADING RESOURCE SURFACE FROM DISK
906147.008	Study_Phase.SEQUENCE.Study_Instruction	LOADING RESOURCE SURFACE FROM DISK
906186.125	Study_Phase.SEQUENCE.Study_Instruction	LOADING RESOURCE SURFACE FROM DISK
914497.678	Study_Phase.SEQUENCE.Study_Instruction	LOADING RESOURCE SURFACE FROM DISK
922811.843	Study_Phase.SEQUENCE.Study_Instruction	LOADING RESOURCE SURFACE FROM DISK
931076.797	Study_Phase.SEQUENCE.Study_Instruction	LOADING RESOURCE SURFACE FROM DISK
939330.368	Study_Phase.SEQUENCE.Study_Instruction	LOADING RESOURCE SURFACE FROM DISK
939332.819	Study_Phase.SEQUENCE.Study_Instruction	LOADING RESOURCE SURFACE FROM DISK
947652.488	Study_Phase.SEQUENCE.Study_Instruction	LOADING RESOURCE SURFACE FROM DISK
955964.96	Study_Phase.SEQUENCE.Study_Instruction	LOADING RESOURCE SURFACE FROM DISK
964247.091	Study_Phase.SEQUENCE.Study_Instruction	LOADING RESOURCE SURFACE FROM DISK
964288.21	Study_Phase.SEQUENCE.Study_Instruction	LOADING RESOURCE SURFACE FROM DISK
972543.349	Study_Phase.SEQUENCE.Study_Instruction	LOADING RESOURCE SURFACE FROM DISK
980813.729	Study_Phase.SEQUENCE.Study_Instruction	LOADING RESOURCE SURFACE FROM DISK
980857.868	Study_Phase.SEQUENCE.Study_Instruction	LOADING RESOURCE SURFACE FROM DISK
989094.625	Study_Phase.SEQUENCE.Study_Instruction	LOADING RESOURCE SURFACE FROM DISK
997363.602	Study_Phase.SEQUENCE.Study_Instruction	LOADING RESOURCE SURFACE FROM DISK
997366.07	Study_Phase.SEQUENCE.Study_Instruction	LOADING RESOURCE SURFACE FROM DISK
1005684.17	Study_Phase.SEQUENCE.Study_Instruction	LOADING RESOURCE SURFACE FROM DISK
1013963.338	Study_Phase.SEQUENCE.Study_Instruction	LOADING RESOURCE SURFACE FROM DISK
1013965.875	Study_Phase.SEQUENCE.Study_Instruction	LOADING RESOURCE SURFACE FROM DISK
1022244.55	Study_Phase.SEQUENCE.Study_Instruction	LOADING RESOURCE SURFACE FROM DISK
1030513.54	Study_Phase.SEQUENCE.Study_Instruction	LOADING RESOURCE SURFACE FROM DISK
1030550.015	Study_Phase.SEQUENCE.Study_Instruction	LOADING RESOURCE SURFACE FROM DISK
1038830.32	Study_Phase.SEQUENCE.Study_Instruction	LOADING RESOURCE SURFACE FROM DISK
1038866.596	Study_Phase.SEQUENCE.Study_Instruction	LOADING RESOURCE SURFACE FROM DISK
1047146.702	Study_Phase.SEQUENCE.Study_Instruction	LOADING RESOURCE SURFACE FROM DISK
1047149.325	Study_Phase.SEQUENCE.Study_Instruction	LOADING RESOURCE SURFACE FROM DISK
1055430.235	Study_Phase.SEQUENCE.Study_Instruction	LOADING RESOURCE SURFACE FROM DISK
1055432.795	Study_Phase.SEQUENCE.Study_Instruction	LOADING RESOURCE SURFACE FROM DISK
1063771.279	Study_Phase.SEQUENCE.Study_Instruction	LOADING RESOURCE SURFACE FROM DISK
1072047.065	Study_Phase.SEQUENCE.Study_Instruction	LOADING RESOURCE SURFACE FROM DISK
1072089.396	Study_Phase.SEQUENCE.Study_Instruction	LOADING RESOURCE SURFACE FROM DISK
1080363.494	Study_Phase.SEQUENCE.Study_Instruction	LOADING RESOURCE SURFACE FROM DISK
1080399.791	Study_Phase.SEQUENCE.Study_Instruction	LOADING RESOURCE SURFACE FROM DISK
1088677.909	Study_Phase.SEQUENCE.Study_Instruction	LOADING RESOURCE SURFACE FROM DISK
1096930.229	Study_Phase.SEQUENCE.Study_Instruction	LOADING RESOURCE SURFACE FROM DISK
1096975.94	Study_Phase.SEQUENCE.Study_Instruction	LOADING RESOURCE SURFACE FROM DISK
1105246.854	Study_Phase.SEQUENCE.Study_Instruction	LOADING RESOURCE SURFACE FROM DISK
1105301.019	Study_Phase.SEQUENCE.Study_Instruction	LOADING RESOURCE SURFACE FROM DISK
1113580.069	Study_Phase.SEQUENCE.Study_Instruction	LOADING RESOURCE SURFACE FROM DISK
1113618.539	Study_Phase.SEQUENCE.Study_Instruction	LOADING RESOURCE SURFACE FROM DISK
1121893.368	Study_Phase.SEQUENCE.Study_Instruction	LOADING RESOURCE SURFACE FROM DISK
1130163.457	Study_Phase.SEQUENCE.Study_Instruction	LOADING RESOURCE SURFACE FROM DISK
1130204.379	Study_Phase.SEQUENCE.Study_Instruction	LOADING RESOURCE SURFACE FROM DISK
1138480.334	Study_Phase.SEQUENCE.Study_Instruction	LOADING RESOURCE SURFACE FROM DISK
1138520.045	Study_Phase.SEQUENCE.Study_Instruction	LOADING RESOURCE SURFACE FROM DISK
1146797.016	Study_Phase.SEQUENCE.Study_Instruction	LOADING RESOURCE SURFACE FROM DISK
1146799.604	Study_Phase.SEQUENCE.Study_Instruction	LOADING RESOURCE SURFACE FROM DISK
1155096.498	Study_Phase.SEQUENCE.Study_Instruction	LOADING RESOURCE SURFACE FROM DISK
1163346.807	Study_Phase.SEQUENCE.Study_Instruction	LOADING RESOURCE SURFACE FROM DISK
1163349.256	Study_Phase.SEQUENCE.Study_Instruction	LOADING RESOURCE SURFACE FROM DISK
1171613.79	Study_Phase.SEQUENCE.Study_Instruction	LOADING RESOURCE SURFACE FROM DISK
1171616.46	Study_Phase.SEQUENCE.Study_Instruction	LOADING RESOURCE SURFACE FROM DISK
1179893.373	Study_Phase.SEQUENCE.Study_Instruction	LOADING RESOURCE SURFACE FROM DISK
1188177.319	Study_Phase.SEQUENCE.Study_Instruction	LOADING RESOURCE SURFACE FROM DISK
1196482.988	Study_Phase.SEQUENCE.Study_Instruction	LOADING RESOURCE SURFACE FROM DISK
1204763.826	Study_Phase.SEQUENCE.Study_Instruction	LOADING RESOURCE SURFACE FROM DISK
1204766.366	Study_Phase.SEQUENCE.Study_Instruction	LOADING RESOURCE SURFACE FROM DISK
1213071.557	Study_Phase.SEQUENCE.Study_Instruction	LOADING RESOURCE SURFACE FROM DISK
1221330.374	Study_Phase.SEQUENCE.Study_Instruction	LOADING RESOURCE SURFACE FROM DISK
1221372.293	Study_Phase.SEQUENCE.Study_Instruction	LOADING RESOURCE SURFACE FROM DISK
1229644.759	Study_Phase.SEQUENCE.Study_Instruction	LOADING RESOURCE SURFACE FROM DISK
1237896.942	Study_Phase.SEQUENCE.Study_Instruction	LOADING RESOURCE SURFACE FROM DISK
1237940.041	Study_Phase.SEQUENCE.Study_Instruction	LOADING RESOURCE SURFACE FROM DISK
1246196.813	Study_Phase.SEQUENCE.Study_Instruction	LOADING RESOURCE SURFACE FROM DISK
1246236.031	Study_Phase.SEQUENCE.Study_Instruction	LOADING RESOURCE SURFACE FROM DISK
1254543.592	Study_Phase.SEQUENCE.Study_Instruction	LOADING RESOURCE SURFACE FROM DISK
1262835.474	Study_Phase.SEQUENCE.Study_Instruction	LOADING RESOURCE SURFACE FROM DISK
1271110.052	Study_Phase.SEQUENCE.Study_Instruction	LOADING RESOURCE SURFACE FROM DISK
1279380.27	Study_Phase.SEQUENCE.Study_Instruction	LOADING RESOURCE SURFACE FROM DISK
1279425.067	Study_Phase.SEQUENCE.Study_Instruction	LOADING RESOURCE SURFACE FROM DISK
1287693.507	Study_Phase.SEQUENCE.Study_Instruction	LOADING RESOURCE SURFACE FROM DISK
1295961.236	Study_Phase.SEQUENCE.Study_Instruction	LOADING RESOURCE SURFACE FROM DISK
1304230.452	Study_Phase.SEQUENCE.Study_Instruction	LOADING RESOURCE SURFACE FROM DISK
1304278.833	Study_Phase.SEQUENCE.Study_Instruction	LOADING RESOURCE SURFACE FROM DISK
1312543.651	Study_Phase.SEQUENCE.Study_Instruction	LOADING RESOURCE SURFACE FROM DISK
1320810.082	Study_Phase.SEQUENCE.Study_Instruction	LOADING RESOURCE SURFACE FROM DISK
1329080.242	Study_Phase.SEQUENCE.Study_Instruction	LOADING RESOURCE SURFACE FROM DISK
1329082.865	Study_Phase.SEQUENCE.Study_Instruction	LOADING RESOURCE SURFACE FROM DISK
1337363.459	Study_Phase.SEQUENCE.Study_Instruction	LOADING RESOURCE SURFACE FROM DISK
1337416.46	Study_Phase.SEQUENCE.Study_Instruction	LOADING RESOURCE SURFACE FROM DISK
1345816.951	Study_Phase.SEQUENCE.Study_Instruction	LOADING RESOURCE SURFACE FROM DISK
1354096.723	Study_Phase.SEQUENCE.Study_Instruction	LOADING RESOURCE SURFACE FROM DISK
1354132.418	Study_Phase.SEQUENCE.Study_Instruction	LOADING RESOURCE SURFACE FROM DISK
1362413.76	Study_Phase.SEQUENCE.Study_Instruction	LOADING RESOURCE SURFACE FROM DISK
1362472.28	Study_Phase.SEQUENCE.Study_Instruction	LOADING RESOURCE SURFACE FROM DISK
1370777.268	Study_Phase.SEQUENCE.Study_Instruction	LOADING RESOURCE SURFACE FROM DISK
1379046.961	Study_Phase.SEQUENCE.Study_Instruction	LOADING RESOURCE SURFACE FROM DISK
1379049.592	Study_Phase.SEQUENCE.Study_Instruction	LOADING RESOURCE SURFACE FROM DISK
1387326.78	Study_Phase.SEQUENCE.Study_Instruction	LOADING RESOURCE SURFACE FROM DISK
1395596.892	Study_Phase.SEQUENCE.Study_Instruction	LOADING RESOURCE SURFACE FROM DISK
1395636.21	Study_Phase.SEQUENCE.Study_Instruction	LOADING RESOURCE SURFACE FROM DISK
1403971.328	Study_Phase.SEQUENCE.Study_Instruction	LOADING RESOURCE SURFACE FROM DISK
1412226.828	Study_Phase.SEQUENCE.Study_Instruction	LOADING RESOURCE SURFACE FROM DISK
1420480.251	Study_Phase.SEQUENCE.Study_Instruction	LOADING RESOURCE SURFACE FROM DISK
1420482.818	Study_Phase.SEQUENCE.Study_Instruction	LOADING RESOURCE SURFACE FROM DISK
1428797.777	Study_Phase.SEQUENCE.Study_Instruction	LOADING RESOURCE SURFACE FROM DISK
1437085.733	Study_Phase.SEQUENCE.Study_Instruction	LOADING RESOURCE SURFACE FROM DISK
1445363.342	Study_Phase.SEQUENCE.Study_Instruction	LOADING RESOURCE SURFACE FROM DISK
1445365.727	Study_Phase.SEQUENCE.Study_Instruction	LOADING RESOURCE SURFACE FROM DISK
1453686.085	Study_Phase.SEQUENCE.Study_Instruction	LOADING RESOURCE SURFACE FROM DISK
1461963.557	Study_Phase.SEQUENCE.Study_Instruction	LOADING RESOURCE SURFACE FROM DISK
1461966.172	Study_Phase.SEQUENCE.Study_Instruction	LOADING RESOURCE SURFACE FROM DISK
1470246.853	Study_Phase.SEQUENCE.Study_Instruction	LOADING RESOURCE SURFACE FROM DISK
1470289.132	Study_Phase.SEQUENCE.Study_Instruction	LOADING RESOURCE SURFACE FROM DISK
1478560.035	Study_Phase.SEQUENCE.Study_Instruction	LOADING RESOURCE SURFACE FROM DISK
1486863.738	Study_Phase.SEQUENCE.Study_Instruction	LOADING RESOURCE SURFACE FROM DISK
1495130.407	Study_Phase.SEQUENCE.Study_Instruction	LOADING RESOURCE SURFACE FROM DISK
1495166.844	Study_Phase.SEQUENCE.Study_Instruction	LOADING RESOURCE SURFACE FROM DISK
1503483.272	Study_Phase.SEQUENCE.Study_Instruction	LOADING RESOURCE SURFACE FROM DISK
1511763.911	Study_Phase.SEQUENCE.Study_Instruction	LOADING RESOURCE SURFACE FROM DISK
1511766.48	Study_Phase.SEQUENCE.Study_Instruction	LOADING RESOURCE SURFACE FROM DISK
1520084.313	Study_Phase.SEQUENCE.Study_Instruction	LOADING RESOURCE SURFACE FROM DISK
1528363.497	Study_Phase.SEQUENCE.Study_Instruction	LOADING RESOURCE SURFACE FROM DISK
1528366.052	Study_Phase.SEQUENCE.Study_Instruction	LOADING RESOURCE SURFACE FROM DISK
1536644.671	Study_Phase.SEQUENCE.Study_Instruction	LOADING RESOURCE SURFACE FROM DISK
1544915.171	Study_Phase.SEQUENCE.Study_Instruction	LOADING RESOURCE SURFACE FROM DISK
1553180.305	Study_Phase.SEQUENCE.Study_Instruction	LOADING RESOURCE SURFACE FROM DISK
1553182.781	Study_Phase.SEQUENCE.Study_Instruction	LOADING RESOURCE SURFACE FROM DISK
1561461.215	Study_Phase.SEQUENCE.Study_Instruction	LOADING RESOURCE SURFACE FROM DISK
1567689.932	DISPLAY_SCREEN[7]	LOADING RESOURCE SURFACE FROM DISK
1732167.231	Test_Phase.SEQUENCE.Target_Cue	LOADING RESOURCE SURFACE FROM DISK
1732173.764	Test_Phase.SEQUENCE.Target_Cue	LOADING RESOURCE SURFACE FROM DISK
1734193.283	Test_Phase.SEQUENCE.Word	LOADING RESOURCE SURFACE FROM DISK
1737247.226	Test_Phase.SEQUENCE.Test_Question	LOADING RESOURCE SURFACE FROM DISK
1737264.292	Test_Phase.SEQUENCE.Test_Question	LOADING RESOURCE SURFACE FROM DISK
1737269.401	Test_Phase.SEQUENCE.Test_Question	LOADING RESOURCE SURFACE FROM DISK
1737274.57	Test_Phase.SEQUENCE.Test_Question	LOADING RESOURCE SURFACE FROM DISK
1737276.327	Test_Phase.SEQUENCE.Test_Question	LOADING RESOURCE SURFACE FROM DISK
1737278.092	Test_Phase.SEQUENCE.Test_Question	LOADING RESOURCE SURFACE FROM DISK
1737279.901	Test_Phase.SEQUENCE.Test_Question	LOADING RESOURCE SURFACE FROM DISK
1737297.341	Test_Phase.SEQUENCE.Test_Question	LOADING RESOURCE SURFACE FROM DISK
1737311.593	Test_Phase.SEQUENCE.Test_Question	LOADING RESOURCE SURFACE FROM DISK
1737313.479	Test_Phase.SEQUENCE.Test_Question	LOADING RESOURCE SURFACE FROM DISK
1737315.289	Test_Phase.SEQUENCE.Test_Question	LOADING RESOURCE SURFACE FROM DISK
1737317.014	Test_Phase.SEQUENCE.Test_Question	LOADING RESOURCE SURFACE FROM DISK
1743209.86	Test_Phase.SEQUENCE.Word	LOADING RESOURCE SURFACE FROM DISK
1751293.171	Test_Phase.SEQUENCE.Word	LOADING RESOURCE SURFACE FROM DISK
1759309.859	Test_Phase.SEQUENCE.Word	LOADING RESOURCE SURFACE FROM DISK
1766982.147	Test_Phase.SEQUENCE.Word	LOADING RESOURCE SURFACE FROM DISK
1774426.475	Test_Phase.SEQUENCE.Word	LOADING RESOURCE SURFACE FROM DISK
1782176.625	Test_Phase.SEQUENCE.Word	LOADING RESOURCE SURFACE FROM DISK
1789726.619	Test_Phase.SEQUENCE.Word	LOADING RESOURCE SURFACE FROM DISK
1797576.613	Test_Phase.SEQUENCE.Word	LOADING RESOURCE SURFACE FROM DISK
1805410.087	Test_Phase.SEQUENCE.Word	LOADING RESOURCE SURFACE FROM DISK
1813860.083	Test_Phase.SEQUENCE.Word	LOADING RESOURCE SURFACE FROM DISK
1821926.597	Test_Phase.SEQUENCE.Word	LOADING RESOURCE SURFACE FROM DISK
1829912.592	Test_Phase.SEQUENCE.Word	LOADING RESOURCE SURFACE FROM DISK
1837976.711	Test_Phase.SEQUENCE.Word	LOADING RESOURCE SURFACE FROM DISK
1845134.712	Test_Phase.SEQUENCE.Word	LOADING RESOURCE SURFACE FROM DISK
1852826.688	Test_Phase.SEQUENCE.Word	LOADING RESOURCE SURFACE FROM DISK
1861726.63	Test_Phase.SEQUENCE.Word	LOADING RESOURCE SURFACE FROM DISK
1871076.61	Test_Phase.SEQUENCE.Word	LOADING RESOURCE SURFACE FROM DISK
1879409.723	Test_Phase.SEQUENCE.Word	LOADING RESOURCE SURFACE FROM DISK
1887976.625	Test_Phase.SEQUENCE.Word	LOADING RESOURCE SURFACE FROM DISK
1895526.527	Test_Phase.SEQUENCE.Word	LOADING RESOURCE SURFACE FROM DISK
1903966.043	Test_Phase.SEQUENCE.Word	LOADING RESOURCE SURFACE FROM DISK
1911276.546	Test_Phase.SEQUENCE.Word	LOADING RESOURCE SURFACE FROM DISK
1919276.745	Test_Phase.SEQUENCE.Word	LOADING RESOURCE SURFACE FROM DISK
1927443.381	Test_Phase.SEQUENCE.Word	LOADING RESOURCE SURFACE FROM DISK
1936209.96	Test_Phase.SEQUENCE.Word	LOADING RESOURCE SURFACE FROM DISK
1943530.618	Test_Phase.SEQUENCE.Word	LOADING RESOURCE SURFACE FROM DISK
1952409.928	Test_Phase.SEQUENCE.Word	LOADING RESOURCE SURFACE FROM DISK
1960859.87	Test_Phase.SEQUENCE.Word	LOADING RESOURCE SURFACE FROM DISK
1971528.426	Test_Phase.SEQUENCE.Word	LOADING RESOURCE SURFACE FROM DISK
1980912.626	Test_Phase.SEQUENCE.Word	LOADING RESOURCE SURFACE FROM DISK
1988513.458	Test_Phase.SEQUENCE.Word	LOADING RESOURCE SURFACE FROM DISK
1997061.399	Test_Phase.SEQUENCE.Word	LOADING RESOURCE SURFACE FROM DISK
2006343.363	Test_Phase.SEQUENCE.Word	LOADING RESOURCE SURFACE FROM DISK
2013809.754	Test_Phase.SEQUENCE.Word	LOADING RESOURCE SURFACE FROM DISK
2022326.636	Test_Phase.SEQUENCE.Word	LOADING RESOURCE SURFACE FROM DISK
2031153.841	Test_Phase.SEQUENCE.Word	LOADING RESOURCE SURFACE FROM DISK
2038993.364	Test_Phase.SEQUENCE.Word	LOADING RESOURCE SURFACE FROM DISK
2046799.699	Test_Phase.SEQUENCE.Word	LOADING RESOURCE SURFACE FROM DISK
2055359.819	Test_Phase.SEQUENCE.Word	LOADING RESOURCE SURFACE FROM DISK
2062734.334	Test_Phase.SEQUENCE.Word	LOADING RESOURCE SURFACE FROM DISK
2071610.133	Test_Phase.SEQUENCE.Word	LOADING RESOURCE SURFACE FROM DISK
2080493.682	Test_Phase.SEQUENCE.Word	LOADING RESOURCE SURFACE FROM DISK
2087909.842	Test_Phase.SEQUENCE.Word	LOADING RESOURCE SURFACE FROM DISK
2095176.483	Test_Phase.SEQUENCE.Word	LOADING RESOURCE SURFACE FROM DISK
2103229.283	Test_Phase.SEQUENCE.Word	LOADING RESOURCE SURFACE FROM DISK
2111776.478	Test_Phase.SEQUENCE.Word	LOADING RESOURCE SURFACE FROM DISK
2119009.935	Test_Phase.SEQUENCE.Word	LOADING RESOURCE SURFACE FROM DISK
2128159.788	Test_Phase.SEQUENCE.Word	LOADING RESOURCE SURFACE FROM DISK
2135509.788	Test_Phase.SEQUENCE.Word	LOADING RESOURCE SURFACE FROM DISK
2144097.849	Test_Phase.SEQUENCE.Word	LOADING RESOURCE SURFACE FROM DISK
2151277.011	Test_Phase.SEQUENCE.Word	LOADING RESOURCE SURFACE FROM DISK
2158477.056	Test_Phase.SEQUENCE.Word	LOADING RESOURCE SURFACE FROM DISK
2165926.704	Test_Phase.SEQUENCE.Word	LOADING RESOURCE SURFACE FROM DISK
2173943.522	Test_Phase.SEQUENCE.Word	LOADING RESOURCE SURFACE FROM DISK
2181243.298	Test_Phase.SEQUENCE.Word	LOADING RESOURCE SURFACE FROM DISK
2188443.177	Test_Phase.SEQUENCE.Word	LOADING RESOURCE SURFACE FROM DISK
2195759.702	Test_Phase.SEQUENCE.Word	LOADING RESOURCE SURFACE FROM DISK
2204793.24	Test_Phase.SEQUENCE.Word	LOADING RESOURCE SURFACE FROM DISK
2212348.94	Test_Phase.SEQUENCE.Word	LOADING RESOURCE SURFACE FROM DISK
2220414.484	Test_Phase.SEQUENCE.Word	LOADING RESOURCE SURFACE FROM DISK
2227776.671	Test_Phase.SEQUENCE.Word	LOADING RESOURCE SURFACE FROM DISK
2235026.614	Test_Phase.SEQUENCE.Word	LOADING RESOURCE SURFACE FROM DISK
2242667.998	Test_Phase.SEQUENCE.Word	LOADING RESOURCE SURFACE FROM DISK
2249964.3	Test_Phase.SEQUENCE.Word	LOADING RESOURCE SURFACE FROM DISK
2257176.68	Test_Phase.SEQUENCE.Word	LOADING RESOURCE SURFACE FROM DISK
2264459.974	Test_Phase.SEQUENCE.Word	LOADING RESOURCE SURFACE FROM DISK
2271893.173	Test_Phase.SEQUENCE.Word	LOADING RESOURCE SURFACE FROM DISK
2279282.651	Test_Phase.SEQUENCE.Word	LOADING RESOURCE SURFACE FROM DISK
2286559.833	Test_Phase.SEQUENCE.Word	LOADING RESOURCE SURFACE FROM DISK
2293976.802	Test_Phase.SEQUENCE.Word	LOADING RESOURCE SURFACE FROM DISK
2301230.825	Test_Phase.SEQUENCE.Word	LOADING RESOURCE SURFACE FROM DISK
2308459.948	Test_Phase.SEQUENCE.Word	LOADING RESOURCE SURFACE FROM DISK
2317179.615	Test_Phase.SEQUENCE.Word	LOADING RESOURCE SURFACE FROM DISK
2325332.787	Test_Phase.SEQUENCE.Word	LOADING RESOURCE SURFACE FROM DISK
2333626.592	Test_Phase.SEQUENCE.Word	LOADING RESOURCE SURFACE FROM DISK
2342976.421	Test_Phase.SEQUENCE.Word	LOADING RESOURCE SURFACE FROM DISK
2350798.962	Test_Phase.SEQUENCE.Word	LOADING RESOURCE SURFACE FROM DISK
2359349.66	Test_Phase.SEQUENCE.Word	LOADING RESOURCE SURFACE FROM DISK
2367626.855	Test_Phase.SEQUENCE.Word	LOADING RESOURCE SURFACE FROM DISK
2374849.55	Test_Phase.SEQUENCE.Word	LOADING RESOURCE SURFACE FROM DISK
2382176.909	Test_Phase.SEQUENCE.Word	LOADING RESOURCE SURFACE FROM DISK
2389509.835	Test_Phase.SEQUENCE.Word	LOADING RESOURCE SURFACE FROM DISK
2397543.401	Test_Phase.SEQUENCE.Word	LOADING RESOURCE SURFACE FROM DISK
2405043.329	Test_Phase.SEQUENCE.Word	LOADING RESOURCE SURFACE FROM DISK
2412831.506	Test_Phase.SEQUENCE.Word	LOADING RESOURCE SURFACE FROM DISK
2420361.056	Test_Phase.SEQUENCE.Word	LOADING RESOURCE SURFACE FROM DISK
2428111.749	Test_Phase.SEQUENCE.Word	LOADING RESOURCE SURFACE FROM DISK
2437509.817	Test_Phase.SEQUENCE.Word	LOADING RESOURCE SURFACE FROM DISK
2445276.473	Test_Phase.SEQUENCE.Word	LOADING RESOURCE SURFACE FROM DISK
2452520.287	Test_Phase.SEQUENCE.Word	LOADING RESOURCE SURFACE FROM DISK
2459759.885	Test_Phase.SEQUENCE.Word	LOADING RESOURCE SURFACE FROM DISK
2467193.604	Test_Phase.SEQUENCE.Word	LOADING RESOURCE SURFACE FROM DISK
2474459.833	Test_Phase.SEQUENCE.Word	LOADING RESOURCE SURFACE FROM DISK
2481850.409	Test_Phase.SEQUENCE.Word	LOADING RESOURCE SURFACE FROM DISK
2489043.275	Test_Phase.SEQUENCE.Word	LOADING RESOURCE SURFACE FROM DISK
2497662.783	Test_Phase.SEQUENCE.Word	LOADING RESOURCE SURFACE FROM DISK
2506326.727	Test_Phase.SEQUENCE.Word	LOADING RESOURCE SURFACE FROM DISK
2513659.889	Test_Phase.SEQUENCE.Word	LOADING RESOURCE SURFACE FROM DISK
2521893.159	Test_Phase.SEQUENCE.Word	LOADING RESOURCE SURFACE FROM DISK
2531209.91	Test_Phase.SEQUENCE.Word	LOADING RESOURCE SURFACE FROM DISK
2539095.78	Test_Phase.SEQUENCE.Word	LOADING RESOURCE SURFACE FROM DISK
2547149.705	Test_Phase.SEQUENCE.Word	LOADING RESOURCE SURFACE FROM DISK
2555043.472	Test_Phase.SEQUENCE.Word	LOADING RESOURCE SURFACE FROM DISK
2563659.985	Test_Phase.SEQUENCE.Word	LOADING RESOURCE SURFACE FROM DISK
2572426.65	Test_Phase.SEQUENCE.Word	LOADING RESOURCE SURFACE FROM DISK
2580493.39	Test_Phase.SEQUENCE.Word	LOADING RESOURCE SURFACE FROM DISK
2588976.703	Test_Phase.SEQUENCE.Word	LOADING RESOURCE SURFACE FROM DISK
2596143.539	Test_Phase.SEQUENCE.Word	LOADING RESOURCE SURFACE FROM DISK
2603676.489	Test_Phase.SEQUENCE.Word	LOADING RESOURCE SURFACE FROM DISK
2610909.801	Test_Phase.SEQUENCE.Word	LOADING RESOURCE SURFACE FROM DISK
2618359.758	Test_Phase.SEQUENCE.Word	LOADING RESOURCE SURFACE FROM DISK
2627876.529	Test_Phase.SEQUENCE.Word	LOADING RESOURCE SURFACE FROM DISK
2636680.907	Test_Phase.SEQUENCE.Word	LOADING RESOURCE SURFACE FROM DISK
2646526.563	Test_Phase.SEQUENCE.Word	LOADING RESOURCE SURFACE FROM DISK
2655309.953	Test_Phase.SEQUENCE.Word	LOADING RESOURCE SURFACE FROM DISK
2663476.565	Test_Phase.SEQUENCE.Word	LOADING RESOURCE SURFACE FROM DISK
2671914.068	Test_Phase.SEQUENCE.Word	LOADING RESOURCE SURFACE FROM DISK
2679860.188	Test_Phase.SEQUENCE.Word	LOADING RESOURCE SURFACE FROM DISK
2688493.41	Test_Phase.SEQUENCE.Word	LOADING RESOURCE SURFACE FROM DISK
2697543.453	Test_Phase.SEQUENCE.Word	LOADING RESOURCE SURFACE FROM DISK
2704716.678	Test_Phase.SEQUENCE.Word	LOADING RESOURCE SURFACE FROM DISK
2712034.086	Test_Phase.SEQUENCE.Word	LOADING RESOURCE SURFACE FROM DISK
2719326.511	Test_Phase.SEQUENCE.Word	LOADING RESOURCE SURFACE FROM DISK
2726476.733	Test_Phase.SEQUENCE.Word	LOADING RESOURCE SURFACE FROM DISK
2735344.774	Test_Phase.SEQUENCE.Word	LOADING RESOURCE SURFACE FROM DISK
2742709.887	Test_Phase.SEQUENCE.Word	LOADING RESOURCE SURFACE FROM DISK
2750303.991	Test_Phase.SEQUENCE.Word	LOADING RESOURCE SURFACE FROM DISK
2757759.867	Test_Phase.SEQUENCE.Word	LOADING RESOURCE SURFACE FROM DISK
2765253.383	Test_Phase.SEQUENCE.Word	LOADING RESOURCE SURFACE FROM DISK
2775369.743	Test_Phase.SEQUENCE.Word	LOADING RESOURCE SURFACE FROM DISK
2782759.834	Test_Phase.SEQUENCE.Word	LOADING RESOURCE SURFACE FROM DISK
2791266.174	Test_Phase.SEQUENCE.Word	LOADING RESOURCE SURFACE FROM DISK
2799365.767	Test_Phase.SEQUENCE.Word	LOADING RESOURCE SURFACE FROM DISK
2806776.677	Test_Phase.SEQUENCE.Word	LOADING RESOURCE SURFACE FROM DISK
2815699.133	Test_Phase.SEQUENCE.Word	LOADING RESOURCE SURFACE FROM DISK
2832334.48	Test_Phase.SEQUENCE.Word	LOADING RESOURCE SURFACE FROM DISK
2840576.535	Test_Phase.SEQUENCE.Word	LOADING RESOURCE SURFACE FROM DISK
2847977.031	Test_Phase.SEQUENCE.Word	LOADING RESOURCE SURFACE FROM DISK
2855281.686	Test_Phase.SEQUENCE.Word	LOADING RESOURCE SURFACE FROM DISK
2863562.202	Test_Phase.SEQUENCE.Word	LOADING RESOURCE SURFACE FROM DISK
2871143.278	Test_Phase.SEQUENCE.Word	LOADING RESOURCE SURFACE FROM DISK
2879576.679	Test_Phase.SEQUENCE.Word	LOADING RESOURCE SURFACE FROM DISK
2888461.92	Test_Phase.SEQUENCE.Word	LOADING RESOURCE SURFACE FROM DISK
2896010.118	Test_Phase.SEQUENCE.Word	LOADING RESOURCE SURFACE FROM DISK
2904130.603	Test_Phase.SEQUENCE.Word	LOADING RESOURCE SURFACE FROM DISK
2911976.638	Test_Phase.SEQUENCE.Word	LOADING RESOURCE SURFACE FROM DISK
2921143.489	Test_Phase.SEQUENCE.Word	LOADING RESOURCE SURFACE FROM DISK
2928976.549	Test_Phase.SEQUENCE.Word	LOADING RESOURCE SURFACE FROM DISK
2936648.352	Test_Phase.SEQUENCE.Word	LOADING RESOURCE SURFACE FROM DISK
2944043.65	Test_Phase.SEQUENCE.Word	LOADING RESOURCE SURFACE FROM DISK
2951326.846	Test_Phase.SEQUENCE.Word	LOADING RESOURCE SURFACE FROM DISK
2959926.98	Test_Phase.SEQUENCE.Word	LOADING RESOURCE SURFACE FROM DISK
2967560.038	Test_Phase.SEQUENCE.Word	LOADING RESOURCE SURFACE FROM DISK
2975792.984	Test_Phase.SEQUENCE.Word	LOADING RESOURCE SURFACE FROM DISK
2983093.251	Test_Phase.SEQUENCE.Word	LOADING RESOURCE SURFACE FROM DISK
2990902.945	Test_Phase.SEQUENCE.Word	LOADING RESOURCE SURFACE FROM DISK
2998326.985	Test_Phase.SEQUENCE.Word	LOADING RESOURCE SURFACE FROM DISK
3005826.967	Test_Phase.SEQUENCE.Word	LOADING RESOURCE SURFACE FROM DISK
3013109.766	Test_Phase.SEQUENCE.Word	LOADING RESOURCE SURFACE FROM DISK
3020443.268	Test_Phase.SEQUENCE.Word	LOADING RESOURCE SURFACE FROM DISK
3029576.543	Test_Phase.SEQUENCE.Word	LOADING RESOURCE SURFACE FROM DISK
3037476.706	Test_Phase.SEQUENCE.Word	LOADING RESOURCE SURFACE FROM DISK
3046413.598	Test_Phase.SEQUENCE.Word	LOADING RESOURCE SURFACE FROM DISK
3053743.533	Test_Phase.SEQUENCE.Word	LOADING RESOURCE SURFACE FROM DISK
3061026.801	Test_Phase.SEQUENCE.Word	LOADING RESOURCE SURFACE FROM DISK
3069659.84	Test_Phase.SEQUENCE.Word	LOADING RESOURCE SURFACE FROM DISK
3076959.886	Test_Phase.SEQUENCE.Word	LOADING RESOURCE SURFACE FROM DISK
3084268.401	Test_Phase.SEQUENCE.Word	LOADING RESOURCE SURFACE FROM DISK
3091826.634	Test_Phase.SEQUENCE.Word	LOADING RESOURCE SURFACE FROM DISK
3099093.623	Test_Phase.SEQUENCE.Word	LOADING RESOURCE SURFACE FROM DISK
3106660.05	Test_Phase.SEQUENCE.Word	LOADING RESOURCE SURFACE FROM DISK
3115127.021	Test_Phase.SEQUENCE.Word	LOADING RESOURCE SURFACE FROM DISK
3122626.825	Test_Phase.SEQUENCE.Word	LOADING RESOURCE SURFACE FROM DISK
3129876.527	Test_Phase.SEQUENCE.Word	LOADING RESOURCE SURFACE FROM DISK
3137981.662	Test_Phase.SEQUENCE.Word	LOADING RESOURCE SURFACE FROM DISK
3145193.535	Test_Phase.SEQUENCE.Word	LOADING RESOURCE SURFACE FROM DISK
3152432.162	Test_Phase.SEQUENCE.Word	LOADING RESOURCE SURFACE FROM DISK
3161276.64	Test_Phase.SEQUENCE.Word	LOADING RESOURCE SURFACE FROM DISK
3168470.181	Test_Phase.SEQUENCE.Word	LOADING RESOURCE SURFACE FROM DISK
3175726.857	Test_Phase.SEQUENCE.Word	LOADING RESOURCE SURFACE FROM DISK
3184747.257	Test_Phase.SEQUENCE.Word	LOADING RESOURCE SURFACE FROM DISK
3194009.975	Test_Phase.SEQUENCE.Word	LOADING RESOURCE SURFACE FROM DISK
3201609.926	Test_Phase.SEQUENCE.Word	LOADING RESOURCE SURFACE FROM DISK
3209076.574	Test_Phase.SEQUENCE.Word	LOADING RESOURCE SURFACE FROM DISK
3216493.344	Test_Phase.SEQUENCE.Word	LOADING RESOURCE SURFACE FROM DISK
3223810.013	Test_Phase.SEQUENCE.Word	LOADING RESOURCE SURFACE FROM DISK
3231112.2	Test_Phase.SEQUENCE.Word	LOADING RESOURCE SURFACE FROM DISK
3238593.334	Test_Phase.SEQUENCE.Word	LOADING RESOURCE SURFACE FROM DISK
3246043.215	Test_Phase.SEQUENCE.Word	LOADING RESOURCE SURFACE FROM DISK
3253396.761	Test_Phase.SEQUENCE.Word	LOADING RESOURCE SURFACE FROM DISK
3260951.333	Test_Phase.SEQUENCE.Word	LOADING RESOURCE SURFACE FROM DISK
3269192.627	Test_Phase.SEQUENCE.Word	LOADING RESOURCE SURFACE FROM DISK
3276676.951	Test_Phase.SEQUENCE.Word	LOADING RESOURCE SURFACE FROM DISK
3285309.815	Test_Phase.SEQUENCE.Word	LOADING RESOURCE SURFACE FROM DISK
3292509.838	Test_Phase.SEQUENCE.Word	LOADING RESOURCE SURFACE FROM DISK
3299659.967	Test_Phase.SEQUENCE.Word	LOADING RESOURCE SURFACE FROM DISK
3307710.261	Test_Phase.SEQUENCE.Word	LOADING RESOURCE SURFACE FROM DISK
3314759.936	Test_Phase.SEQUENCE.Word	LOADING RESOURCE SURFACE FROM DISK
3318583.623	DISPLAY_SCREEN	LOADING RESOURCE SURFACE FROM DISK
