4987.588	DISPLAY_SCREEN[1]	LOADING RESOURCE SURFACE FROM DISK
259041.145	Familiarization_Phase.SEQUENCE.Cue_and_Instruction	LOADING RESOURCE SURFACE FROM DISK
259055.129	Familiarization_Phase.SEQUENCE.Cue_and_Instruction	LOADING RESOURCE SURFACE FROM DISK
265139.272	Familiarization_Phase.SEQUENCE.Cue_and_Instruction	LOADING RESOURCE SURFACE FROM DISK
265155.495	Familiarization_Phase.SEQUENCE.Cue_and_Instruction	LOADING RESOURCE SURFACE FROM DISK
271246.329	Familiarization_Phase.SEQUENCE.Cue_and_Instruction	LOADING RESOURCE SURFACE FROM DISK
271254.788	Familiarization_Phase.SEQUENCE.Cue_and_Instruction	LOADING RESOURCE SURFACE FROM DISK
313653.697	DISPLAY_SCREEN[3]	LOADING RESOURCE SURFACE FROM DISK
317161.435	DISPLAY_SCREEN[5]	LOADING RESOURCE SURFACE FROM DISK
495066.808	Practice_Phase.SEQUENCE.Blink_Screen	LOADING RESOURCE SURFACE FROM DISK
495068.031	Practice_Phase.SEQUENCE.Blink_Screen	flip time is later than desired time. Desired Time=494817 Flip Time=495083 Retrace Rate=16.641, prepareTime=275 flip request time 495067
496307.33	Practice_Phase.SEQUENCE.Practice_Luminance_Cue	LOADING RESOURCE SURFACE FROM DISK
496310.836	Practice_Phase.SEQUENCE.Practice_Luminance_Cue	LOADING RESOURCE SURFACE FROM DISK
496312.368	Practice_Phase.SEQUENCE.Practice_Luminance_Cue	flip time is later than desired time. Desired Time=496283 Flip Time=496333 Retrace Rate=16.641, prepareTime=52 flip request time 496312
496815.349	Practice_Phase.SEQUENCE.DISPLAY_SCREEN	LOADING RESOURCE SURFACE FROM DISK
498311.862	Practice_Phase.SEQUENCE.Practice_Instruction	LOADING RESOURCE SURFACE FROM DISK
504881.695	Practice_Phase.SEQUENCE.DISPLAY_SCREEN	LOADING RESOURCE SURFACE FROM DISK
506422.089	Practice_Phase.SEQUENCE.Practice_Instruction	LOADING RESOURCE SURFACE FROM DISK
506423.493	Practice_Phase.SEQUENCE.Practice_Instruction	flip time is later than desired time. Desired Time=506400 Flip Time=506433 Retrace Rate=16.641, prepareTime=47 flip request time 506423
512981.982	Practice_Phase.SEQUENCE.DISPLAY_SCREEN	LOADING RESOURCE SURFACE FROM DISK
514478.542	Practice_Phase.SEQUENCE.Practice_Instruction	LOADING RESOURCE SURFACE FROM DISK
521048.395	Practice_Phase.SEQUENCE.DISPLAY_SCREEN	LOADING RESOURCE SURFACE FROM DISK
522545.086	Practice_Phase.SEQUENCE.Practice_Instruction	LOADING RESOURCE SURFACE FROM DISK
529114.816	Practice_Phase.SEQUENCE.DISPLAY_SCREEN	LOADING RESOURCE SURFACE FROM DISK
530611.974	Practice_Phase.SEQUENCE.Practice_Instruction	LOADING RESOURCE SURFACE FROM DISK
537181.566	Practice_Phase.SEQUENCE.DISPLAY_SCREEN	LOADING RESOURCE SURFACE FROM DISK
538721.097	Practice_Phase.SEQUENCE.Practice_Instruction	LOADING RESOURCE SURFACE FROM DISK
538722.555	Practice_Phase.SEQUENCE.Practice_Instruction	flip time is later than desired time. Desired Time=538700 Flip Time=538733 Retrace Rate=16.641, prepareTime=46 flip request time 538722
545281.516	Practice_Phase.SEQUENCE.DISPLAY_SCREEN	LOADING RESOURCE SURFACE FROM DISK
546778.528	Practice_Phase.SEQUENCE.Practice_Instruction	LOADING RESOURCE SURFACE FROM DISK
553348.233	Practice_Phase.SEQUENCE.DISPLAY_SCREEN	LOADING RESOURCE SURFACE FROM DISK
554845.181	Practice_Phase.SEQUENCE.Practice_Instruction	LOADING RESOURCE SURFACE FROM DISK
561414.903	Practice_Phase.SEQUENCE.DISPLAY_SCREEN	LOADING RESOURCE SURFACE FROM DISK
562912.12	Practice_Phase.SEQUENCE.Practice_Instruction	LOADING RESOURCE SURFACE FROM DISK
567594.631	DISPLAY_SCREEN[2]	LOADING RESOURCE SURFACE FROM DISK
669739.881	Study_Phase.SEQUENCE.DISPLAY_SCREEN	LOADING RESOURCE SURFACE FROM DISK
671534.726	Study_Phase.SEQUENCE.Study_Instruction	LOADING RESOURCE SURFACE FROM DISK
678289.751	Study_Phase.SEQUENCE.DISPLAY_SCREEN	LOADING RESOURCE SURFACE FROM DISK
679840.092	Study_Phase.SEQUENCE.Study_Instruction	LOADING RESOURCE SURFACE FROM DISK
688142.144	Study_Phase.SEQUENCE.Study_Instruction	LOADING RESOURCE SURFACE FROM DISK
694906.627	Study_Phase.SEQUENCE.DISPLAY_SCREEN	LOADING RESOURCE SURFACE FROM DISK
696454.534	Study_Phase.SEQUENCE.Study_Instruction	LOADING RESOURCE SURFACE FROM DISK
703206.244	Study_Phase.SEQUENCE.DISPLAY_SCREEN	LOADING RESOURCE SURFACE FROM DISK
704757.125	Study_Phase.SEQUENCE.Study_Instruction	LOADING RESOURCE SURFACE FROM DISK
713019.841	Study_Phase.SEQUENCE.Study_Instruction	LOADING RESOURCE SURFACE FROM DISK
719773.168	Study_Phase.SEQUENCE.DISPLAY_SCREEN	LOADING RESOURCE SURFACE FROM DISK
721328.657	Study_Phase.SEQUENCE.Study_Instruction	LOADING RESOURCE SURFACE FROM DISK
729637.596	Study_Phase.SEQUENCE.Study_Instruction	LOADING RESOURCE SURFACE FROM DISK
736389.751	Study_Phase.SEQUENCE.DISPLAY_SCREEN	LOADING RESOURCE SURFACE FROM DISK
737938.252	Study_Phase.SEQUENCE.Study_Instruction	LOADING RESOURCE SURFACE FROM DISK
744689.842	Study_Phase.SEQUENCE.DISPLAY_SCREEN	LOADING RESOURCE SURFACE FROM DISK
746241.53	Study_Phase.SEQUENCE.Study_Instruction	LOADING RESOURCE SURFACE FROM DISK
754560.018	Study_Phase.SEQUENCE.Study_Instruction	LOADING RESOURCE SURFACE FROM DISK
761306.337	Study_Phase.SEQUENCE.DISPLAY_SCREEN	LOADING RESOURCE SURFACE FROM DISK
762862.443	Study_Phase.SEQUENCE.Study_Instruction	LOADING RESOURCE SURFACE FROM DISK
771162.632	Study_Phase.SEQUENCE.Study_Instruction	LOADING RESOURCE SURFACE FROM DISK
779470.586	Study_Phase.SEQUENCE.Study_Instruction	LOADING RESOURCE SURFACE FROM DISK
787771.677	Study_Phase.SEQUENCE.Study_Instruction	LOADING RESOURCE SURFACE FROM DISK
794489.966	Study_Phase.SEQUENCE.DISPLAY_SCREEN	LOADING RESOURCE SURFACE FROM DISK
796003.667	Study_Phase.SEQUENCE.Study_Instruction	LOADING RESOURCE SURFACE FROM DISK
802756.499	Study_Phase.SEQUENCE.DISPLAY_SCREEN	LOADING RESOURCE SURFACE FROM DISK
804284.512	Study_Phase.SEQUENCE.Study_Instruction	LOADING RESOURCE SURFACE FROM DISK
812594.405	Study_Phase.SEQUENCE.Study_Instruction	LOADING RESOURCE SURFACE FROM DISK
819356.285	Study_Phase.SEQUENCE.DISPLAY_SCREEN	LOADING RESOURCE SURFACE FROM DISK
820870.342	Study_Phase.SEQUENCE.Study_Instruction	LOADING RESOURCE SURFACE FROM DISK
827623.166	Study_Phase.SEQUENCE.DISPLAY_SCREEN	LOADING RESOURCE SURFACE FROM DISK
829180.066	Study_Phase.SEQUENCE.Study_Instruction	LOADING RESOURCE SURFACE FROM DISK
835939.719	Study_Phase.SEQUENCE.DISPLAY_SCREEN	LOADING RESOURCE SURFACE FROM DISK
837492.087	Study_Phase.SEQUENCE.Study_Instruction	LOADING RESOURCE SURFACE FROM DISK
845804.965	Study_Phase.SEQUENCE.Study_Instruction	LOADING RESOURCE SURFACE FROM DISK
854094.734	Study_Phase.SEQUENCE.Study_Instruction	LOADING RESOURCE SURFACE FROM DISK
862412.434	Study_Phase.SEQUENCE.Study_Instruction	LOADING RESOURCE SURFACE FROM DISK
870722.863	Study_Phase.SEQUENCE.Study_Instruction	LOADING RESOURCE SURFACE FROM DISK
877473.277	Study_Phase.SEQUENCE.DISPLAY_SCREEN	LOADING RESOURCE SURFACE FROM DISK
879020.575	Study_Phase.SEQUENCE.Study_Instruction	LOADING RESOURCE SURFACE FROM DISK
887324.014	Study_Phase.SEQUENCE.Study_Instruction	LOADING RESOURCE SURFACE FROM DISK
894073.358	Study_Phase.SEQUENCE.DISPLAY_SCREEN	LOADING RESOURCE SURFACE FROM DISK
895627.871	Study_Phase.SEQUENCE.Study_Instruction	LOADING RESOURCE SURFACE FROM DISK
902389.712	Study_Phase.SEQUENCE.DISPLAY_SCREEN	LOADING RESOURCE SURFACE FROM DISK
903936.085	Study_Phase.SEQUENCE.Study_Instruction	LOADING RESOURCE SURFACE FROM DISK
912187.104	Study_Phase.SEQUENCE.Study_Instruction	LOADING RESOURCE SURFACE FROM DISK
920436.566	Study_Phase.SEQUENCE.Study_Instruction	LOADING RESOURCE SURFACE FROM DISK
927189.918	Study_Phase.SEQUENCE.DISPLAY_SCREEN	LOADING RESOURCE SURFACE FROM DISK
928746.064	Study_Phase.SEQUENCE.Study_Instruction	LOADING RESOURCE SURFACE FROM DISK
937058.496	Study_Phase.SEQUENCE.Study_Instruction	LOADING RESOURCE SURFACE FROM DISK
945337.14	Study_Phase.SEQUENCE.Study_Instruction	LOADING RESOURCE SURFACE FROM DISK
953603.141	Study_Phase.SEQUENCE.Study_Instruction	LOADING RESOURCE SURFACE FROM DISK
961890.303	Study_Phase.SEQUENCE.Study_Instruction	LOADING RESOURCE SURFACE FROM DISK
970189.543	Study_Phase.SEQUENCE.Study_Instruction	LOADING RESOURCE SURFACE FROM DISK
976939.926	Study_Phase.SEQUENCE.DISPLAY_SCREEN	LOADING RESOURCE SURFACE FROM DISK
978488.44	Study_Phase.SEQUENCE.Study_Instruction	LOADING RESOURCE SURFACE FROM DISK
985239.874	Study_Phase.SEQUENCE.DISPLAY_SCREEN	LOADING RESOURCE SURFACE FROM DISK
986790.714	Study_Phase.SEQUENCE.Study_Instruction	LOADING RESOURCE SURFACE FROM DISK
995136.775	Study_Phase.SEQUENCE.Study_Instruction	LOADING RESOURCE SURFACE FROM DISK
1003421.832	Study_Phase.SEQUENCE.Study_Instruction	LOADING RESOURCE SURFACE FROM DISK
1010173.043	Study_Phase.SEQUENCE.DISPLAY_SCREEN	LOADING RESOURCE SURFACE FROM DISK
1011687.015	Study_Phase.SEQUENCE.Study_Instruction	LOADING RESOURCE SURFACE FROM DISK
1019987.86	Study_Phase.SEQUENCE.Study_Instruction	LOADING RESOURCE SURFACE FROM DISK
1026739.69	Study_Phase.SEQUENCE.DISPLAY_SCREEN	LOADING RESOURCE SURFACE FROM DISK
1028289.009	Study_Phase.SEQUENCE.Study_Instruction	LOADING RESOURCE SURFACE FROM DISK
1036597.077	Study_Phase.SEQUENCE.Study_Instruction	LOADING RESOURCE SURFACE FROM DISK
1043340.014	Study_Phase.SEQUENCE.DISPLAY_SCREEN	LOADING RESOURCE SURFACE FROM DISK
1044886.819	Study_Phase.SEQUENCE.Study_Instruction	LOADING RESOURCE SURFACE FROM DISK
1053186.42	Study_Phase.SEQUENCE.Study_Instruction	LOADING RESOURCE SURFACE FROM DISK
1061487.558	Study_Phase.SEQUENCE.Study_Instruction	LOADING RESOURCE SURFACE FROM DISK
1068239.954	Study_Phase.SEQUENCE.DISPLAY_SCREEN	LOADING RESOURCE SURFACE FROM DISK
1069786.126	Study_Phase.SEQUENCE.Study_Instruction	LOADING RESOURCE SURFACE FROM DISK
1076539.763	Study_Phase.SEQUENCE.DISPLAY_SCREEN	LOADING RESOURCE SURFACE FROM DISK
1078089.187	Study_Phase.SEQUENCE.Study_Instruction	LOADING RESOURCE SURFACE FROM DISK
1086394.329	Study_Phase.SEQUENCE.Study_Instruction	LOADING RESOURCE SURFACE FROM DISK
1094729.439	Study_Phase.SEQUENCE.Study_Instruction	LOADING RESOURCE SURFACE FROM DISK
1101489.68	Study_Phase.SEQUENCE.DISPLAY_SCREEN	LOADING RESOURCE SURFACE FROM DISK
1103042.411	Study_Phase.SEQUENCE.Study_Instruction	LOADING RESOURCE SURFACE FROM DISK
1111352.248	Study_Phase.SEQUENCE.Study_Instruction	LOADING RESOURCE SURFACE FROM DISK
1119620.392	Study_Phase.SEQUENCE.Study_Instruction	LOADING RESOURCE SURFACE FROM DISK
1127886.428	Study_Phase.SEQUENCE.Study_Instruction	LOADING RESOURCE SURFACE FROM DISK
1134639.889	Study_Phase.SEQUENCE.DISPLAY_SCREEN	LOADING RESOURCE SURFACE FROM DISK
1136185.966	Study_Phase.SEQUENCE.Study_Instruction	LOADING RESOURCE SURFACE FROM DISK
1142939.793	Study_Phase.SEQUENCE.DISPLAY_SCREEN	LOADING RESOURCE SURFACE FROM DISK
1144492.478	Study_Phase.SEQUENCE.Study_Instruction	LOADING RESOURCE SURFACE FROM DISK
1151256.704	Study_Phase.SEQUENCE.DISPLAY_SCREEN	LOADING RESOURCE SURFACE FROM DISK
1152806.324	Study_Phase.SEQUENCE.Study_Instruction	LOADING RESOURCE SURFACE FROM DISK
1161070.011	Study_Phase.SEQUENCE.Study_Instruction	LOADING RESOURCE SURFACE FROM DISK
1169372.182	Study_Phase.SEQUENCE.Study_Instruction	LOADING RESOURCE SURFACE FROM DISK
1176123.208	Study_Phase.SEQUENCE.DISPLAY_SCREEN	LOADING RESOURCE SURFACE FROM DISK
1177673.783	Study_Phase.SEQUENCE.Study_Instruction	LOADING RESOURCE SURFACE FROM DISK
1184422.915	Study_Phase.SEQUENCE.DISPLAY_SCREEN	LOADING RESOURCE SURFACE FROM DISK
1185937.053	Study_Phase.SEQUENCE.Study_Instruction	LOADING RESOURCE SURFACE FROM DISK
1194203.223	Study_Phase.SEQUENCE.Study_Instruction	LOADING RESOURCE SURFACE FROM DISK
1202512.885	Study_Phase.SEQUENCE.Study_Instruction	LOADING RESOURCE SURFACE FROM DISK
1209273.266	Study_Phase.SEQUENCE.DISPLAY_SCREEN	LOADING RESOURCE SURFACE FROM DISK
1210827.458	Study_Phase.SEQUENCE.Study_Instruction	LOADING RESOURCE SURFACE FROM DISK
1219116.835	Study_Phase.SEQUENCE.Study_Instruction	LOADING RESOURCE SURFACE FROM DISK
1227457.523	Study_Phase.SEQUENCE.Study_Instruction	LOADING RESOURCE SURFACE FROM DISK
1234206.515	Study_Phase.SEQUENCE.DISPLAY_SCREEN	LOADING RESOURCE SURFACE FROM DISK
1235720.338	Study_Phase.SEQUENCE.Study_Instruction	LOADING RESOURCE SURFACE FROM DISK
1244025.678	Study_Phase.SEQUENCE.Study_Instruction	LOADING RESOURCE SURFACE FROM DISK
1250789.694	Study_Phase.SEQUENCE.DISPLAY_SCREEN	LOADING RESOURCE SURFACE FROM DISK
1252303.771	Study_Phase.SEQUENCE.Study_Instruction	LOADING RESOURCE SURFACE FROM DISK
1260605.49	Study_Phase.SEQUENCE.Study_Instruction	LOADING RESOURCE SURFACE FROM DISK
1268878.448	Study_Phase.SEQUENCE.Study_Instruction	LOADING RESOURCE SURFACE FROM DISK
1277153.413	Study_Phase.SEQUENCE.Study_Instruction	LOADING RESOURCE SURFACE FROM DISK
1283906.674	Study_Phase.SEQUENCE.DISPLAY_SCREEN	LOADING RESOURCE SURFACE FROM DISK
1285445.991	Study_Phase.SEQUENCE.Study_Instruction	LOADING RESOURCE SURFACE FROM DISK
1292206.345	Study_Phase.SEQUENCE.DISPLAY_SCREEN	LOADING RESOURCE SURFACE FROM DISK
1293755.514	Study_Phase.SEQUENCE.Study_Instruction	LOADING RESOURCE SURFACE FROM DISK
1302019.883	Study_Phase.SEQUENCE.Study_Instruction	LOADING RESOURCE SURFACE FROM DISK
1310312.259	Study_Phase.SEQUENCE.Study_Instruction	LOADING RESOURCE SURFACE FROM DISK
1318624.02	Study_Phase.SEQUENCE.Study_Instruction	LOADING RESOURCE SURFACE FROM DISK
1325373.054	Study_Phase.SEQUENCE.DISPLAY_SCREEN	LOADING RESOURCE SURFACE FROM DISK
1326920.121	Study_Phase.SEQUENCE.Study_Instruction	LOADING RESOURCE SURFACE FROM DISK
1335209.616	Study_Phase.SEQUENCE.Study_Instruction	LOADING RESOURCE SURFACE FROM DISK
1341973.365	Study_Phase.SEQUENCE.DISPLAY_SCREEN	LOADING RESOURCE SURFACE FROM DISK
1343487.078	Study_Phase.SEQUENCE.Study_Instruction	LOADING RESOURCE SURFACE FROM DISK
1351786.631	Study_Phase.SEQUENCE.Study_Instruction	LOADING RESOURCE SURFACE FROM DISK
1358539.77	Study_Phase.SEQUENCE.DISPLAY_SCREEN	LOADING RESOURCE SURFACE FROM DISK
1360053.778	Study_Phase.SEQUENCE.Study_Instruction	LOADING RESOURCE SURFACE FROM DISK
1366856.495	Study_Phase.SEQUENCE.DISPLAY_SCREEN	LOADING RESOURCE SURFACE FROM DISK
1368406.833	Study_Phase.SEQUENCE.Study_Instruction	LOADING RESOURCE SURFACE FROM DISK
1375156.376	Study_Phase.SEQUENCE.DISPLAY_SCREEN	LOADING RESOURCE SURFACE FROM DISK
1376708.525	Study_Phase.SEQUENCE.Study_Instruction	LOADING RESOURCE SURFACE FROM DISK
1383473.122	Study_Phase.SEQUENCE.DISPLAY_SCREEN	LOADING RESOURCE SURFACE FROM DISK
1384987.145	Study_Phase.SEQUENCE.Study_Instruction	LOADING RESOURCE SURFACE FROM DISK
1393286.024	Study_Phase.SEQUENCE.Study_Instruction	LOADING RESOURCE SURFACE FROM DISK
1401553.279	Study_Phase.SEQUENCE.Study_Instruction	LOADING RESOURCE SURFACE FROM DISK
1409857.977	Study_Phase.SEQUENCE.Study_Instruction	LOADING RESOURCE SURFACE FROM DISK
1416623.109	Study_Phase.SEQUENCE.DISPLAY_SCREEN	LOADING RESOURCE SURFACE FROM DISK
1418175.048	Study_Phase.SEQUENCE.Study_Instruction	LOADING RESOURCE SURFACE FROM DISK
1424939.888	Study_Phase.SEQUENCE.DISPLAY_SCREEN	LOADING RESOURCE SURFACE FROM DISK
1426495.261	Study_Phase.SEQUENCE.Study_Instruction	LOADING RESOURCE SURFACE FROM DISK
1434817.25	Study_Phase.SEQUENCE.Study_Instruction	LOADING RESOURCE SURFACE FROM DISK
1441573.122	Study_Phase.SEQUENCE.DISPLAY_SCREEN	LOADING RESOURCE SURFACE FROM DISK
1443128.631	Study_Phase.SEQUENCE.Study_Instruction	LOADING RESOURCE SURFACE FROM DISK
1449889.882	Study_Phase.SEQUENCE.DISPLAY_SCREEN	LOADING RESOURCE SURFACE FROM DISK
1451440.923	Study_Phase.SEQUENCE.Study_Instruction	LOADING RESOURCE SURFACE FROM DISK
1459703.823	Study_Phase.SEQUENCE.Study_Instruction	LOADING RESOURCE SURFACE FROM DISK
1466456.63	Study_Phase.SEQUENCE.DISPLAY_SCREEN	LOADING RESOURCE SURFACE FROM DISK
1468004.575	Study_Phase.SEQUENCE.Study_Instruction	LOADING RESOURCE SURFACE FROM DISK
1476308.242	Study_Phase.SEQUENCE.Study_Instruction	LOADING RESOURCE SURFACE FROM DISK
1484553.181	Study_Phase.SEQUENCE.Study_Instruction	LOADING RESOURCE SURFACE FROM DISK
1492819.79	Study_Phase.SEQUENCE.Study_Instruction	LOADING RESOURCE SURFACE FROM DISK
1501128.949	Study_Phase.SEQUENCE.Study_Instruction	LOADING RESOURCE SURFACE FROM DISK
1507906.418	Study_Phase.SEQUENCE.DISPLAY_SCREEN	LOADING RESOURCE SURFACE FROM DISK
1509420.703	Study_Phase.SEQUENCE.Study_Instruction	LOADING RESOURCE SURFACE FROM DISK
1516173.262	Study_Phase.SEQUENCE.DISPLAY_SCREEN	LOADING RESOURCE SURFACE FROM DISK
1517729.263	Study_Phase.SEQUENCE.Study_Instruction	LOADING RESOURCE SURFACE FROM DISK
1524489.801	Study_Phase.SEQUENCE.DISPLAY_SCREEN	LOADING RESOURCE SURFACE FROM DISK
1526043.222	Study_Phase.SEQUENCE.Study_Instruction	LOADING RESOURCE SURFACE FROM DISK
1534320.464	Study_Phase.SEQUENCE.Study_Instruction	LOADING RESOURCE SURFACE FROM DISK
1541072.953	Study_Phase.SEQUENCE.DISPLAY_SCREEN	LOADING RESOURCE SURFACE FROM DISK
1542624.089	Study_Phase.SEQUENCE.Study_Instruction	LOADING RESOURCE SURFACE FROM DISK
1550887.179	Study_Phase.SEQUENCE.Study_Instruction	LOADING RESOURCE SURFACE FROM DISK
1559171.973	Study_Phase.SEQUENCE.Study_Instruction	LOADING RESOURCE SURFACE FROM DISK
1565923.056	Study_Phase.SEQUENCE.DISPLAY_SCREEN	LOADING RESOURCE SURFACE FROM DISK
1567437.19	Study_Phase.SEQUENCE.Study_Instruction	LOADING RESOURCE SURFACE FROM DISK
1574189.976	Study_Phase.SEQUENCE.DISPLAY_SCREEN	LOADING RESOURCE SURFACE FROM DISK
1575747.358	Study_Phase.SEQUENCE.Study_Instruction	LOADING RESOURCE SURFACE FROM DISK
1582506.484	Study_Phase.SEQUENCE.DISPLAY_SCREEN	LOADING RESOURCE SURFACE FROM DISK
1584051.043	Study_Phase.SEQUENCE.Study_Instruction	LOADING RESOURCE SURFACE FROM DISK
1592335.694	Study_Phase.SEQUENCE.Study_Instruction	LOADING RESOURCE SURFACE FROM DISK
1599089.823	Study_Phase.SEQUENCE.DISPLAY_SCREEN	LOADING RESOURCE SURFACE FROM DISK
1600642.084	Study_Phase.SEQUENCE.Study_Instruction	LOADING RESOURCE SURFACE FROM DISK
1608919.928	Study_Phase.SEQUENCE.Study_Instruction	LOADING RESOURCE SURFACE FROM DISK
1615673.106	Study_Phase.SEQUENCE.DISPLAY_SCREEN	LOADING RESOURCE SURFACE FROM DISK
1617224.196	Study_Phase.SEQUENCE.Study_Instruction	LOADING RESOURCE SURFACE FROM DISK
1623990.017	Study_Phase.SEQUENCE.DISPLAY_SCREEN	LOADING RESOURCE SURFACE FROM DISK
1625503.888	Study_Phase.SEQUENCE.Study_Instruction	LOADING RESOURCE SURFACE FROM DISK
1632256.383	Study_Phase.SEQUENCE.DISPLAY_SCREEN	LOADING RESOURCE SURFACE FROM DISK
1633809.434	Study_Phase.SEQUENCE.Study_Instruction	LOADING RESOURCE SURFACE FROM DISK
1642111.884	Study_Phase.SEQUENCE.Study_Instruction	LOADING RESOURCE SURFACE FROM DISK
1650422.46	Study_Phase.SEQUENCE.Study_Instruction	LOADING RESOURCE SURFACE FROM DISK
1657173.145	Study_Phase.SEQUENCE.DISPLAY_SCREEN	LOADING RESOURCE SURFACE FROM DISK
1658723.703	Study_Phase.SEQUENCE.Study_Instruction	LOADING RESOURCE SURFACE FROM DISK
1663427.882	DISPLAY_SCREEN[7]	LOADING RESOURCE SURFACE FROM DISK
1785883.641	Test_Phase.SEQUENCE.Target_Cue	LOADING RESOURCE SURFACE FROM DISK
1785893.996	Test_Phase.SEQUENCE.Target_Cue	LOADING RESOURCE SURFACE FROM DISK
1787919.925	Test_Phase.SEQUENCE.Word	LOADING RESOURCE SURFACE FROM DISK
1790969.582	Test_Phase.SEQUENCE.Test_Question	LOADING RESOURCE SURFACE FROM DISK
1790983.859	Test_Phase.SEQUENCE.Test_Question	LOADING RESOURCE SURFACE FROM DISK
1790994.309	Test_Phase.SEQUENCE.Test_Question	LOADING RESOURCE SURFACE FROM DISK
1790996.118	Test_Phase.SEQUENCE.Test_Question	LOADING RESOURCE SURFACE FROM DISK
1790998.035	Test_Phase.SEQUENCE.Test_Question	LOADING RESOURCE SURFACE FROM DISK
1790999.87	Test_Phase.SEQUENCE.Test_Question	LOADING RESOURCE SURFACE FROM DISK
1791001.686	Test_Phase.SEQUENCE.Test_Question	LOADING RESOURCE SURFACE FROM DISK
1791003.462	Test_Phase.SEQUENCE.Test_Question	LOADING RESOURCE SURFACE FROM DISK
1791005.345	Test_Phase.SEQUENCE.Test_Question	LOADING RESOURCE SURFACE FROM DISK
1791007.142	Test_Phase.SEQUENCE.Test_Question	LOADING RESOURCE SURFACE FROM DISK
1791009.024	Test_Phase.SEQUENCE.Test_Question	LOADING RESOURCE SURFACE FROM DISK
1791010.845	Test_Phase.SEQUENCE.Test_Question	LOADING RESOURCE SURFACE FROM DISK
1799375.609	Test_Phase.SEQUENCE.Word	LOADING RESOURCE SURFACE FROM DISK
1808353.276	Test_Phase.SEQUENCE.Word	LOADING RESOURCE SURFACE FROM DISK
1817920.01	Test_Phase.SEQUENCE.Word	LOADING RESOURCE SURFACE FROM DISK
1827736.673	Test_Phase.SEQUENCE.Word	LOADING RESOURCE SURFACE FROM DISK
1835986.373	Test_Phase.SEQUENCE.Word	LOADING RESOURCE SURFACE FROM DISK
1848795.277	Test_Phase.SEQUENCE.Word	LOADING RESOURCE SURFACE FROM DISK
1856938.556	Test_Phase.SEQUENCE.Word	LOADING RESOURCE SURFACE FROM DISK
1867236.672	Test_Phase.SEQUENCE.Word	LOADING RESOURCE SURFACE FROM DISK
1877736.533	Test_Phase.SEQUENCE.Word	LOADING RESOURCE SURFACE FROM DISK
1887203.452	Test_Phase.SEQUENCE.Word	LOADING RESOURCE SURFACE FROM DISK
1897153.496	Test_Phase.SEQUENCE.Word	LOADING RESOURCE SURFACE FROM DISK
1905592.191	Test_Phase.SEQUENCE.Word	LOADING RESOURCE SURFACE FROM DISK
1914403.191	Test_Phase.SEQUENCE.Word	LOADING RESOURCE SURFACE FROM DISK
1923836.534	Test_Phase.SEQUENCE.Word	LOADING RESOURCE SURFACE FROM DISK
1932153.186	Test_Phase.SEQUENCE.Word	LOADING RESOURCE SURFACE FROM DISK
1940881.403	Test_Phase.SEQUENCE.Word	LOADING RESOURCE SURFACE FROM DISK
1949402.63	Test_Phase.SEQUENCE.Word	LOADING RESOURCE SURFACE FROM DISK
1958389.121	Test_Phase.SEQUENCE.Word	LOADING RESOURCE SURFACE FROM DISK
1969919.994	Test_Phase.SEQUENCE.Word	LOADING RESOURCE SURFACE FROM DISK
1978644.279	Test_Phase.SEQUENCE.Word	LOADING RESOURCE SURFACE FROM DISK
1987853.09	Test_Phase.SEQUENCE.Word	LOADING RESOURCE SURFACE FROM DISK
1996269.845	Test_Phase.SEQUENCE.Word	LOADING RESOURCE SURFACE FROM DISK
2004089.78	Test_Phase.SEQUENCE.Word	LOADING RESOURCE SURFACE FROM DISK
2021356.639	Test_Phase.SEQUENCE.Word	LOADING RESOURCE SURFACE FROM DISK
2031069.841	Test_Phase.SEQUENCE.Word	LOADING RESOURCE SURFACE FROM DISK
2039020.272	Test_Phase.SEQUENCE.Word	LOADING RESOURCE SURFACE FROM DISK
2046886.889	Test_Phase.SEQUENCE.Word	LOADING RESOURCE SURFACE FROM DISK
2054820.109	Test_Phase.SEQUENCE.Word	LOADING RESOURCE SURFACE FROM DISK
2063586.804	Test_Phase.SEQUENCE.Word	LOADING RESOURCE SURFACE FROM DISK
2073555.489	Test_Phase.SEQUENCE.Word	LOADING RESOURCE SURFACE FROM DISK
2081303.226	Test_Phase.SEQUENCE.Word	LOADING RESOURCE SURFACE FROM DISK
2090469.932	Test_Phase.SEQUENCE.Word	LOADING RESOURCE SURFACE FROM DISK
2100909.324	Test_Phase.SEQUENCE.Word	LOADING RESOURCE SURFACE FROM DISK
2110820.023	Test_Phase.SEQUENCE.Word	LOADING RESOURCE SURFACE FROM DISK
2119887.764	Test_Phase.SEQUENCE.Word	LOADING RESOURCE SURFACE FROM DISK
2130541.049	Test_Phase.SEQUENCE.Word	LOADING RESOURCE SURFACE FROM DISK
2139890.29	Test_Phase.SEQUENCE.Word	LOADING RESOURCE SURFACE FROM DISK
2147536.649	Test_Phase.SEQUENCE.Word	LOADING RESOURCE SURFACE FROM DISK
2155736.607	Test_Phase.SEQUENCE.Word	LOADING RESOURCE SURFACE FROM DISK
2165446.261	Test_Phase.SEQUENCE.Word	LOADING RESOURCE SURFACE FROM DISK
2173405.431	Test_Phase.SEQUENCE.Word	LOADING RESOURCE SURFACE FROM DISK
2182470.115	Test_Phase.SEQUENCE.Word	LOADING RESOURCE SURFACE FROM DISK
2190319.82	Test_Phase.SEQUENCE.Word	LOADING RESOURCE SURFACE FROM DISK
2198503.151	Test_Phase.SEQUENCE.Word	LOADING RESOURCE SURFACE FROM DISK
2207569.89	Test_Phase.SEQUENCE.Word	LOADING RESOURCE SURFACE FROM DISK
2215480.55	Test_Phase.SEQUENCE.Word	LOADING RESOURCE SURFACE FROM DISK
2223486.552	Test_Phase.SEQUENCE.Word	LOADING RESOURCE SURFACE FROM DISK
2231453.356	Test_Phase.SEQUENCE.Word	LOADING RESOURCE SURFACE FROM DISK
2239693.704	Test_Phase.SEQUENCE.Word	LOADING RESOURCE SURFACE FROM DISK
2247969.93	Test_Phase.SEQUENCE.Word	LOADING RESOURCE SURFACE FROM DISK
2256043.527	Test_Phase.SEQUENCE.Word	LOADING RESOURCE SURFACE FROM DISK
2264819.867	Test_Phase.SEQUENCE.Word	LOADING RESOURCE SURFACE FROM DISK
2272823.277	Test_Phase.SEQUENCE.Word	LOADING RESOURCE SURFACE FROM DISK
2280592.951	Test_Phase.SEQUENCE.Word	LOADING RESOURCE SURFACE FROM DISK
2288653.492	Test_Phase.SEQUENCE.Word	LOADING RESOURCE SURFACE FROM DISK
2297087.021	Test_Phase.SEQUENCE.Word	LOADING RESOURCE SURFACE FROM DISK
2305770.196	Test_Phase.SEQUENCE.Word	LOADING RESOURCE SURFACE FROM DISK
2314256.141	Test_Phase.SEQUENCE.Word	LOADING RESOURCE SURFACE FROM DISK
2323292.036	Test_Phase.SEQUENCE.Word	LOADING RESOURCE SURFACE FROM DISK
2332220.118	Test_Phase.SEQUENCE.Word	LOADING RESOURCE SURFACE FROM DISK
2342036.478	Test_Phase.SEQUENCE.Word	LOADING RESOURCE SURFACE FROM DISK
2350553.225	Test_Phase.SEQUENCE.Word	LOADING RESOURCE SURFACE FROM DISK
2359353.409	Test_Phase.SEQUENCE.Word	LOADING RESOURCE SURFACE FROM DISK
2371836.441	Test_Phase.SEQUENCE.Word	LOADING RESOURCE SURFACE FROM DISK
2379786.562	Test_Phase.SEQUENCE.Word	LOADING RESOURCE SURFACE FROM DISK
2387722.859	Test_Phase.SEQUENCE.Word	LOADING RESOURCE SURFACE FROM DISK
2395767.35	Test_Phase.SEQUENCE.Word	LOADING RESOURCE SURFACE FROM DISK
2406578.904	Test_Phase.SEQUENCE.Word	LOADING RESOURCE SURFACE FROM DISK
2415653.197	Test_Phase.SEQUENCE.Word	LOADING RESOURCE SURFACE FROM DISK
2424986.657	Test_Phase.SEQUENCE.Word	LOADING RESOURCE SURFACE FROM DISK
2433336.453	Test_Phase.SEQUENCE.Word	LOADING RESOURCE SURFACE FROM DISK
2442288.165	Test_Phase.SEQUENCE.Word	LOADING RESOURCE SURFACE FROM DISK
2451136.712	Test_Phase.SEQUENCE.Word	LOADING RESOURCE SURFACE FROM DISK
2459292.66	Test_Phase.SEQUENCE.Word	LOADING RESOURCE SURFACE FROM DISK
2467503.316	Test_Phase.SEQUENCE.Word	LOADING RESOURCE SURFACE FROM DISK
2475903.28	Test_Phase.SEQUENCE.Word	LOADING RESOURCE SURFACE FROM DISK
2485303.134	Test_Phase.SEQUENCE.Word	LOADING RESOURCE SURFACE FROM DISK
2494163.164	Test_Phase.SEQUENCE.Word	LOADING RESOURCE SURFACE FROM DISK
2502903.404	Test_Phase.SEQUENCE.Word	LOADING RESOURCE SURFACE FROM DISK
2510860.24	Test_Phase.SEQUENCE.Word	LOADING RESOURCE SURFACE FROM DISK
2519757.351	Test_Phase.SEQUENCE.Word	LOADING RESOURCE SURFACE FROM DISK
2527637.191	Test_Phase.SEQUENCE.Word	LOADING RESOURCE SURFACE FROM DISK
2535473.32	Test_Phase.SEQUENCE.Word	LOADING RESOURCE SURFACE FROM DISK
2544148.761	Test_Phase.SEQUENCE.Word	LOADING RESOURCE SURFACE FROM DISK
2552895.969	Test_Phase.SEQUENCE.Word	LOADING RESOURCE SURFACE FROM DISK
2561228.813	Test_Phase.SEQUENCE.Word	LOADING RESOURCE SURFACE FROM DISK
2569203.573	Test_Phase.SEQUENCE.Word	LOADING RESOURCE SURFACE FROM DISK
2578071.094	Test_Phase.SEQUENCE.Word	LOADING RESOURCE SURFACE FROM DISK
2586120.637	Test_Phase.SEQUENCE.Word	LOADING RESOURCE SURFACE FROM DISK
2594328.167	Test_Phase.SEQUENCE.Word	LOADING RESOURCE SURFACE FROM DISK
2602136.722	Test_Phase.SEQUENCE.Word	LOADING RESOURCE SURFACE FROM DISK
2610554.62	Test_Phase.SEQUENCE.Word	LOADING RESOURCE SURFACE FROM DISK
2618653.681	Test_Phase.SEQUENCE.Word	LOADING RESOURCE SURFACE FROM DISK
2626403.18	Test_Phase.SEQUENCE.Word	LOADING RESOURCE SURFACE FROM DISK
2634693.653	Test_Phase.SEQUENCE.Word	LOADING RESOURCE SURFACE FROM DISK
2642989.977	Test_Phase.SEQUENCE.Word	LOADING RESOURCE SURFACE FROM DISK
2650823.847	Test_Phase.SEQUENCE.Word	LOADING RESOURCE SURFACE FROM DISK
2658758.282	Test_Phase.SEQUENCE.Word	LOADING RESOURCE SURFACE FROM DISK
2666722.206	Test_Phase.SEQUENCE.Word	LOADING RESOURCE SURFACE FROM DISK
2674675.525	Test_Phase.SEQUENCE.Word	LOADING RESOURCE SURFACE FROM DISK
2682836.635	Test_Phase.SEQUENCE.Word	LOADING RESOURCE SURFACE FROM DISK
2691157.618	Test_Phase.SEQUENCE.Word	LOADING RESOURCE SURFACE FROM DISK
2699053.193	Test_Phase.SEQUENCE.Word	LOADING RESOURCE SURFACE FROM DISK
2707072.416	Test_Phase.SEQUENCE.Word	LOADING RESOURCE SURFACE FROM DISK
2716420.105	Test_Phase.SEQUENCE.Word	LOADING RESOURCE SURFACE FROM DISK
2724303.442	Test_Phase.SEQUENCE.Word	LOADING RESOURCE SURFACE FROM DISK
2733289.957	Test_Phase.SEQUENCE.Word	LOADING RESOURCE SURFACE FROM DISK
2741103.544	Test_Phase.SEQUENCE.Word	LOADING RESOURCE SURFACE FROM DISK
2749307.475	Test_Phase.SEQUENCE.Word	LOADING RESOURCE SURFACE FROM DISK
2758177.593	Test_Phase.SEQUENCE.Word	LOADING RESOURCE SURFACE FROM DISK
2766386.486	Test_Phase.SEQUENCE.Word	LOADING RESOURCE SURFACE FROM DISK
2774341.112	Test_Phase.SEQUENCE.Word	LOADING RESOURCE SURFACE FROM DISK
2783086.361	Test_Phase.SEQUENCE.Word	LOADING RESOURCE SURFACE FROM DISK
2791619.74	Test_Phase.SEQUENCE.Word	LOADING RESOURCE SURFACE FROM DISK
2799494.059	Test_Phase.SEQUENCE.Word	LOADING RESOURCE SURFACE FROM DISK
2807353.557	Test_Phase.SEQUENCE.Word	LOADING RESOURCE SURFACE FROM DISK
2815828.912	Test_Phase.SEQUENCE.Word	LOADING RESOURCE SURFACE FROM DISK
2823719.691	Test_Phase.SEQUENCE.Word	LOADING RESOURCE SURFACE FROM DISK
2831820.281	Test_Phase.SEQUENCE.Word	LOADING RESOURCE SURFACE FROM DISK
2840041.272	Test_Phase.SEQUENCE.Word	LOADING RESOURCE SURFACE FROM DISK
2849537.674	Test_Phase.SEQUENCE.Word	LOADING RESOURCE SURFACE FROM DISK
2858829.361	Test_Phase.SEQUENCE.Word	LOADING RESOURCE SURFACE FROM DISK
2866805.014	Test_Phase.SEQUENCE.Word	LOADING RESOURCE SURFACE FROM DISK
2875729.408	Test_Phase.SEQUENCE.Word	LOADING RESOURCE SURFACE FROM DISK
2884087.063	Test_Phase.SEQUENCE.Word	LOADING RESOURCE SURFACE FROM DISK
2892219.761	Test_Phase.SEQUENCE.Word	LOADING RESOURCE SURFACE FROM DISK
2900273.791	Test_Phase.SEQUENCE.Word	LOADING RESOURCE SURFACE FROM DISK
2908103.388	Test_Phase.SEQUENCE.Word	LOADING RESOURCE SURFACE FROM DISK
2916089.298	Test_Phase.SEQUENCE.Word	LOADING RESOURCE SURFACE FROM DISK
2923871.141	Test_Phase.SEQUENCE.Word	LOADING RESOURCE SURFACE FROM DISK
2931706.09	Test_Phase.SEQUENCE.Word	LOADING RESOURCE SURFACE FROM DISK
2940703.833	Test_Phase.SEQUENCE.Word	LOADING RESOURCE SURFACE FROM DISK
2948771.972	Test_Phase.SEQUENCE.Word	LOADING RESOURCE SURFACE FROM DISK
2956986.985	Test_Phase.SEQUENCE.Word	LOADING RESOURCE SURFACE FROM DISK
2965069.113	Test_Phase.SEQUENCE.Word	LOADING RESOURCE SURFACE FROM DISK
2973153.339	Test_Phase.SEQUENCE.Word	LOADING RESOURCE SURFACE FROM DISK
2981237.065	Test_Phase.SEQUENCE.Word	LOADING RESOURCE SURFACE FROM DISK
2989687.056	Test_Phase.SEQUENCE.Word	LOADING RESOURCE SURFACE FROM DISK
2997806.841	Test_Phase.SEQUENCE.Word	LOADING RESOURCE SURFACE FROM DISK
3006269.83	Test_Phase.SEQUENCE.Word	LOADING RESOURCE SURFACE FROM DISK
3016270.136	Test_Phase.SEQUENCE.Word	LOADING RESOURCE SURFACE FROM DISK
3024693.009	Test_Phase.SEQUENCE.Word	LOADING RESOURCE SURFACE FROM DISK
3033311.567	Test_Phase.SEQUENCE.Word	LOADING RESOURCE SURFACE FROM DISK
3042524.884	Test_Phase.SEQUENCE.Word	LOADING RESOURCE SURFACE FROM DISK
3051253.719	Test_Phase.SEQUENCE.Word	LOADING RESOURCE SURFACE FROM DISK
3059045.697	Test_Phase.SEQUENCE.Word	LOADING RESOURCE SURFACE FROM DISK
3067441.954	Test_Phase.SEQUENCE.Word	LOADING RESOURCE SURFACE FROM DISK
3075722.15	Test_Phase.SEQUENCE.Word	LOADING RESOURCE SURFACE FROM DISK
3085090.837	Test_Phase.SEQUENCE.Word	LOADING RESOURCE SURFACE FROM DISK
3092786.883	Test_Phase.SEQUENCE.Word	LOADING RESOURCE SURFACE FROM DISK
3101510.716	Test_Phase.SEQUENCE.Word	LOADING RESOURCE SURFACE FROM DISK
3110073.966	Test_Phase.SEQUENCE.Word	LOADING RESOURCE SURFACE FROM DISK
3118756.367	Test_Phase.SEQUENCE.Word	LOADING RESOURCE SURFACE FROM DISK
3127320.257	Test_Phase.SEQUENCE.Word	LOADING RESOURCE SURFACE FROM DISK
3135986.675	Test_Phase.SEQUENCE.Word	LOADING RESOURCE SURFACE FROM DISK
3143786.968	Test_Phase.SEQUENCE.Word	LOADING RESOURCE SURFACE FROM DISK
3152008.335	Test_Phase.SEQUENCE.Word	LOADING RESOURCE SURFACE FROM DISK
3160452.718	Test_Phase.SEQUENCE.Word	LOADING RESOURCE SURFACE FROM DISK
3169376.638	Test_Phase.SEQUENCE.Word	LOADING RESOURCE SURFACE FROM DISK
3177795.618	Test_Phase.SEQUENCE.Word	LOADING RESOURCE SURFACE FROM DISK
3186094.081	Test_Phase.SEQUENCE.Word	LOADING RESOURCE SURFACE FROM DISK
3194074.206	Test_Phase.SEQUENCE.Word	LOADING RESOURCE SURFACE FROM DISK
3202175.168	Test_Phase.SEQUENCE.Word	LOADING RESOURCE SURFACE FROM DISK
3210251.966	Test_Phase.SEQUENCE.Word	LOADING RESOURCE SURFACE FROM DISK
3218620.057	Test_Phase.SEQUENCE.Word	LOADING RESOURCE SURFACE FROM DISK
3226393.887	Test_Phase.SEQUENCE.Word	LOADING RESOURCE SURFACE FROM DISK
3234425.748	Test_Phase.SEQUENCE.Word	LOADING RESOURCE SURFACE FROM DISK
3242263.761	Test_Phase.SEQUENCE.Word	LOADING RESOURCE SURFACE FROM DISK
3250353.415	Test_Phase.SEQUENCE.Word	LOADING RESOURCE SURFACE FROM DISK
3258786.873	Test_Phase.SEQUENCE.Word	LOADING RESOURCE SURFACE FROM DISK
3267325.348	Test_Phase.SEQUENCE.Word	LOADING RESOURCE SURFACE FROM DISK
3275561.499	Test_Phase.SEQUENCE.Word	LOADING RESOURCE SURFACE FROM DISK
3283571.488	Test_Phase.SEQUENCE.Word	LOADING RESOURCE SURFACE FROM DISK
3291186.108	Test_Phase.SEQUENCE.Word	LOADING RESOURCE SURFACE FROM DISK
3299072.539	Test_Phase.SEQUENCE.Word	LOADING RESOURCE SURFACE FROM DISK
3307005.552	Test_Phase.SEQUENCE.Word	LOADING RESOURCE SURFACE FROM DISK
3315491.087	Test_Phase.SEQUENCE.Word	LOADING RESOURCE SURFACE FROM DISK
3325104.159	Test_Phase.SEQUENCE.Word	LOADING RESOURCE SURFACE FROM DISK
3334037.291	Test_Phase.SEQUENCE.Word	LOADING RESOURCE SURFACE FROM DISK
3342111.85	Test_Phase.SEQUENCE.Word	LOADING RESOURCE SURFACE FROM DISK
3350536.411	Test_Phase.SEQUENCE.Word	LOADING RESOURCE SURFACE FROM DISK
3358613.407	Test_Phase.SEQUENCE.Word	LOADING RESOURCE SURFACE FROM DISK
3366421.624	Test_Phase.SEQUENCE.Word	LOADING RESOURCE SURFACE FROM DISK
3374691.874	Test_Phase.SEQUENCE.Word	LOADING RESOURCE SURFACE FROM DISK
3383253.443	Test_Phase.SEQUENCE.Word	LOADING RESOURCE SURFACE FROM DISK
3391525.657	Test_Phase.SEQUENCE.Word	LOADING RESOURCE SURFACE FROM DISK
3399903.698	Test_Phase.SEQUENCE.Word	LOADING RESOURCE SURFACE FROM DISK
3408086.845	Test_Phase.SEQUENCE.Word	LOADING RESOURCE SURFACE FROM DISK
3415937.383	Test_Phase.SEQUENCE.Word	LOADING RESOURCE SURFACE FROM DISK
3424290.772	Test_Phase.SEQUENCE.Word	LOADING RESOURCE SURFACE FROM DISK
3432190.872	Test_Phase.SEQUENCE.Word	LOADING RESOURCE SURFACE FROM DISK
3440003.498	Test_Phase.SEQUENCE.Word	LOADING RESOURCE SURFACE FROM DISK
3448410.26	Test_Phase.SEQUENCE.Word	LOADING RESOURCE SURFACE FROM DISK
3456222.331	Test_Phase.SEQUENCE.Word	LOADING RESOURCE SURFACE FROM DISK
3464609.032	Test_Phase.SEQUENCE.Word	LOADING RESOURCE SURFACE FROM DISK
3473020.155	Test_Phase.SEQUENCE.Word	LOADING RESOURCE SURFACE FROM DISK
3481089.268	Test_Phase.SEQUENCE.Word	LOADING RESOURCE SURFACE FROM DISK
3489086.015	Test_Phase.SEQUENCE.Word	LOADING RESOURCE SURFACE FROM DISK
3493299.852	DISPLAY_SCREEN	LOADING RESOURCE SURFACE FROM DISK
