4789.139	DISPLAY_SCREEN[1]	LOADING RESOURCE SURFACE FROM DISK
2135035.1	Familiarization_Phase.SEQUENCE.Cue_and_Instruction	LOADING RESOURCE SURFACE FROM DISK
2135045.12	Familiarization_Phase.SEQUENCE.Cue_and_Instruction	LOADING RESOURCE SURFACE FROM DISK
2141130.134	Familiarization_Phase.SEQUENCE.Cue_and_Instruction	LOADING RESOURCE SURFACE FROM DISK
2141134.742	Familiarization_Phase.SEQUENCE.Cue_and_Instruction	LOADING RESOURCE SURFACE FROM DISK
2147176.252	Familiarization_Phase.SEQUENCE.Cue_and_Instruction	LOADING RESOURCE SURFACE FROM DISK
2147215.718	Familiarization_Phase.SEQUENCE.Cue_and_Instruction	LOADING RESOURCE SURFACE FROM DISK
2189609.796	DISPLAY_SCREEN[3]	LOADING RESOURCE SURFACE FROM DISK
2262256.164	DISPLAY_SCREEN[5]	LOADING RESOURCE SURFACE FROM DISK
2500299.996	Practice_Phase.SEQUENCE.Blink_Screen	LOADING RESOURCE SURFACE FROM DISK
2501504.143	Practice_Phase.SEQUENCE.Practice_Luminance_Cue	LOADING RESOURCE SURFACE FROM DISK
2501785.916	Practice_Phase.SEQUENCE.Practice_Luminance_Cue	LOADING RESOURCE SURFACE FROM DISK
2501787.506	Practice_Phase.SEQUENCE.Practice_Luminance_Cue	flip time is later than desired time. Desired Time=2501522 Flip Time=2501806 Retrace Rate=16.639, prepareTime=288 flip request time 2501787
2502287.327	Practice_Phase.SEQUENCE.DISPLAY_SCREEN	LOADING RESOURCE SURFACE FROM DISK
2503823.58	Practice_Phase.SEQUENCE.Practice_Instruction	LOADING RESOURCE SURFACE FROM DISK
2503825.004	Practice_Phase.SEQUENCE.Practice_Instruction	flip time is later than desired time. Desired Time=2503806 Flip Time=2503839 Retrace Rate=16.639, prepareTime=43 flip request time 2503824
2510387.086	Practice_Phase.SEQUENCE.DISPLAY_SCREEN	LOADING RESOURCE SURFACE FROM DISK
2511923.328	Practice_Phase.SEQUENCE.Practice_Instruction	LOADING RESOURCE SURFACE FROM DISK
2511924.817	Practice_Phase.SEQUENCE.Practice_Instruction	flip time is later than desired time. Desired Time=2511906 Flip Time=2511939 Retrace Rate=16.639, prepareTime=43 flip request time 2511924
2518487.01	Practice_Phase.SEQUENCE.DISPLAY_SCREEN	LOADING RESOURCE SURFACE FROM DISK
2519984.166	Practice_Phase.SEQUENCE.Practice_Instruction	LOADING RESOURCE SURFACE FROM DISK
2526554.065	Practice_Phase.SEQUENCE.DISPLAY_SCREEN	LOADING RESOURCE SURFACE FROM DISK
2528050.689	Practice_Phase.SEQUENCE.Practice_Instruction	LOADING RESOURCE SURFACE FROM DISK
2534620.493	Practice_Phase.SEQUENCE.DISPLAY_SCREEN	LOADING RESOURCE SURFACE FROM DISK
2536161.36	Practice_Phase.SEQUENCE.Practice_Instruction	LOADING RESOURCE SURFACE FROM DISK
2536162.845	Practice_Phase.SEQUENCE.Practice_Instruction	flip time is later than desired time. Desired Time=2536139 Flip Time=2536172 Retrace Rate=16.639, prepareTime=47 flip request time 2536162
2542720.41	Practice_Phase.SEQUENCE.DISPLAY_SCREEN	LOADING RESOURCE SURFACE FROM DISK
2544255.668	Practice_Phase.SEQUENCE.Practice_Instruction	LOADING RESOURCE SURFACE FROM DISK
2544257.109	Practice_Phase.SEQUENCE.Practice_Instruction	flip time is later than desired time. Desired Time=2544239 Flip Time=2544272 Retrace Rate=16.639, prepareTime=41 flip request time 2544256
2550820.607	Practice_Phase.SEQUENCE.DISPLAY_SCREEN	LOADING RESOURCE SURFACE FROM DISK
2552352.686	Practice_Phase.SEQUENCE.Practice_Instruction	LOADING RESOURCE SURFACE FROM DISK
2552354.234	Practice_Phase.SEQUENCE.Practice_Instruction	flip time is later than desired time. Desired Time=2552339 Flip Time=2552372 Retrace Rate=16.639, prepareTime=39 flip request time 2552354
2558920.543	Practice_Phase.SEQUENCE.DISPLAY_SCREEN	LOADING RESOURCE SURFACE FROM DISK
2560417.501	Practice_Phase.SEQUENCE.Practice_Instruction	LOADING RESOURCE SURFACE FROM DISK
2566987.126	Practice_Phase.SEQUENCE.DISPLAY_SCREEN	LOADING RESOURCE SURFACE FROM DISK
2568510.617	Practice_Phase.SEQUENCE.Practice_Instruction	LOADING RESOURCE SURFACE FROM DISK
2568512.159	Practice_Phase.SEQUENCE.Practice_Instruction	flip time is later than desired time. Desired Time=2568506 Flip Time=2568522 Retrace Rate=16.639, prepareTime=30 flip request time 2568511
2573175.331	DISPLAY_SCREEN[2]	LOADING RESOURCE SURFACE FROM DISK
2717578.67	Study_Phase.SEQUENCE.DISPLAY_SCREEN	LOADING RESOURCE SURFACE FROM DISK
2719112.03	Study_Phase.SEQUENCE.Study_Instruction	LOADING RESOURCE SURFACE FROM DISK
2725862.117	Study_Phase.SEQUENCE.DISPLAY_SCREEN	LOADING RESOURCE SURFACE FROM DISK
2727410.366	Study_Phase.SEQUENCE.Study_Instruction	LOADING RESOURCE SURFACE FROM DISK
2735712.711	Study_Phase.SEQUENCE.Study_Instruction	LOADING RESOURCE SURFACE FROM DISK
2744012.449	Study_Phase.SEQUENCE.Study_Instruction	LOADING RESOURCE SURFACE FROM DISK
2750762.069	Study_Phase.SEQUENCE.DISPLAY_SCREEN	LOADING RESOURCE SURFACE FROM DISK
2752310.339	Study_Phase.SEQUENCE.Study_Instruction	LOADING RESOURCE SURFACE FROM DISK
2760576.012	Study_Phase.SEQUENCE.Study_Instruction	LOADING RESOURCE SURFACE FROM DISK
2767328.55	Study_Phase.SEQUENCE.DISPLAY_SCREEN	LOADING RESOURCE SURFACE FROM DISK
2768875.904	Study_Phase.SEQUENCE.Study_Instruction	LOADING RESOURCE SURFACE FROM DISK
2777178.135	Study_Phase.SEQUENCE.Study_Instruction	LOADING RESOURCE SURFACE FROM DISK
2783928.696	Study_Phase.SEQUENCE.DISPLAY_SCREEN	LOADING RESOURCE SURFACE FROM DISK
2785475.796	Study_Phase.SEQUENCE.Study_Instruction	LOADING RESOURCE SURFACE FROM DISK
2793785.629	Study_Phase.SEQUENCE.Study_Instruction	LOADING RESOURCE SURFACE FROM DISK
2800545.349	Study_Phase.SEQUENCE.DISPLAY_SCREEN	LOADING RESOURCE SURFACE FROM DISK
2802101.145	Study_Phase.SEQUENCE.Study_Instruction	LOADING RESOURCE SURFACE FROM DISK
2810418.644	Study_Phase.SEQUENCE.Study_Instruction	LOADING RESOURCE SURFACE FROM DISK
2817178.942	Study_Phase.SEQUENCE.DISPLAY_SCREEN	LOADING RESOURCE SURFACE FROM DISK
2818732.096	Study_Phase.SEQUENCE.Study_Instruction	LOADING RESOURCE SURFACE FROM DISK
2825478.839	Study_Phase.SEQUENCE.DISPLAY_SCREEN	LOADING RESOURCE SURFACE FROM DISK
2827029.359	Study_Phase.SEQUENCE.Study_Instruction	LOADING RESOURCE SURFACE FROM DISK
2835327.768	Study_Phase.SEQUENCE.Study_Instruction	LOADING RESOURCE SURFACE FROM DISK
2843628.609	Study_Phase.SEQUENCE.Study_Instruction	LOADING RESOURCE SURFACE FROM DISK
2851892.059	Study_Phase.SEQUENCE.Study_Instruction	LOADING RESOURCE SURFACE FROM DISK
2858645.435	Study_Phase.SEQUENCE.DISPLAY_SCREEN	LOADING RESOURCE SURFACE FROM DISK
2860194.119	Study_Phase.SEQUENCE.Study_Instruction	LOADING RESOURCE SURFACE FROM DISK
2868498.042	Study_Phase.SEQUENCE.Study_Instruction	LOADING RESOURCE SURFACE FROM DISK
2876758.799	Study_Phase.SEQUENCE.Study_Instruction	LOADING RESOURCE SURFACE FROM DISK
2883512.042	Study_Phase.SEQUENCE.DISPLAY_SCREEN	LOADING RESOURCE SURFACE FROM DISK
2885058.585	Study_Phase.SEQUENCE.Study_Instruction	LOADING RESOURCE SURFACE FROM DISK
2893325.457	Study_Phase.SEQUENCE.Study_Instruction	LOADING RESOURCE SURFACE FROM DISK
2901628.421	Study_Phase.SEQUENCE.Study_Instruction	LOADING RESOURCE SURFACE FROM DISK
2909892.704	Study_Phase.SEQUENCE.Study_Instruction	LOADING RESOURCE SURFACE FROM DISK
2916645.354	Study_Phase.SEQUENCE.DISPLAY_SCREEN	LOADING RESOURCE SURFACE FROM DISK
2918194.201	Study_Phase.SEQUENCE.Study_Instruction	LOADING RESOURCE SURFACE FROM DISK
2926459.381	Study_Phase.SEQUENCE.Study_Instruction	LOADING RESOURCE SURFACE FROM DISK
2933212.124	Study_Phase.SEQUENCE.DISPLAY_SCREEN	LOADING RESOURCE SURFACE FROM DISK
2934768.565	Study_Phase.SEQUENCE.Study_Instruction	LOADING RESOURCE SURFACE FROM DISK
2943081.116	Study_Phase.SEQUENCE.Study_Instruction	LOADING RESOURCE SURFACE FROM DISK
2949828.744	Study_Phase.SEQUENCE.DISPLAY_SCREEN	LOADING RESOURCE SURFACE FROM DISK
2951379.047	Study_Phase.SEQUENCE.Study_Instruction	LOADING RESOURCE SURFACE FROM DISK
2959678.998	Study_Phase.SEQUENCE.Study_Instruction	LOADING RESOURCE SURFACE FROM DISK
2966428.845	Study_Phase.SEQUENCE.DISPLAY_SCREEN	LOADING RESOURCE SURFACE FROM DISK
2967983.345	Study_Phase.SEQUENCE.Study_Instruction	LOADING RESOURCE SURFACE FROM DISK
2974745.587	Study_Phase.SEQUENCE.DISPLAY_SCREEN	LOADING RESOURCE SURFACE FROM DISK
2976300.205	Study_Phase.SEQUENCE.Study_Instruction	LOADING RESOURCE SURFACE FROM DISK
2984636.119	Study_Phase.SEQUENCE.Study_Instruction	LOADING RESOURCE SURFACE FROM DISK
2991395.229	Study_Phase.SEQUENCE.DISPLAY_SCREEN	LOADING RESOURCE SURFACE FROM DISK
2992946.205	Study_Phase.SEQUENCE.Study_Instruction	LOADING RESOURCE SURFACE FROM DISK
2999678.86	Study_Phase.SEQUENCE.DISPLAY_SCREEN	LOADING RESOURCE SURFACE FROM DISK
3001192.609	Study_Phase.SEQUENCE.Study_Instruction	LOADING RESOURCE SURFACE FROM DISK
3009491.411	Study_Phase.SEQUENCE.Study_Instruction	LOADING RESOURCE SURFACE FROM DISK
3017759.266	Study_Phase.SEQUENCE.Study_Instruction	LOADING RESOURCE SURFACE FROM DISK
3024512.118	Study_Phase.SEQUENCE.DISPLAY_SCREEN	LOADING RESOURCE SURFACE FROM DISK
3026058.991	Study_Phase.SEQUENCE.Study_Instruction	LOADING RESOURCE SURFACE FROM DISK
3032811.976	Study_Phase.SEQUENCE.DISPLAY_SCREEN	LOADING RESOURCE SURFACE FROM DISK
3034367.538	Study_Phase.SEQUENCE.Study_Instruction	LOADING RESOURCE SURFACE FROM DISK
3042681.003	Study_Phase.SEQUENCE.Study_Instruction	LOADING RESOURCE SURFACE FROM DISK
3050997.383	Study_Phase.SEQUENCE.Study_Instruction	LOADING RESOURCE SURFACE FROM DISK
3057745.561	Study_Phase.SEQUENCE.DISPLAY_SCREEN	LOADING RESOURCE SURFACE FROM DISK
3059294.468	Study_Phase.SEQUENCE.Study_Instruction	LOADING RESOURCE SURFACE FROM DISK
3066028.7	Study_Phase.SEQUENCE.DISPLAY_SCREEN	LOADING RESOURCE SURFACE FROM DISK
3067578.062	Study_Phase.SEQUENCE.Study_Instruction	LOADING RESOURCE SURFACE FROM DISK
3075825.961	Study_Phase.SEQUENCE.Study_Instruction	LOADING RESOURCE SURFACE FROM DISK
3082578.791	Study_Phase.SEQUENCE.DISPLAY_SCREEN	LOADING RESOURCE SURFACE FROM DISK
3084135.104	Study_Phase.SEQUENCE.Study_Instruction	LOADING RESOURCE SURFACE FROM DISK
3090895.469	Study_Phase.SEQUENCE.DISPLAY_SCREEN	LOADING RESOURCE SURFACE FROM DISK
3092409.311	Study_Phase.SEQUENCE.Study_Instruction	LOADING RESOURCE SURFACE FROM DISK
3100695.943	Study_Phase.SEQUENCE.Study_Instruction	LOADING RESOURCE SURFACE FROM DISK
3107445.331	Study_Phase.SEQUENCE.DISPLAY_SCREEN	LOADING RESOURCE SURFACE FROM DISK
3108975.748	Study_Phase.SEQUENCE.Study_Instruction	LOADING RESOURCE SURFACE FROM DISK
3117262.91	Study_Phase.SEQUENCE.Study_Instruction	LOADING RESOURCE SURFACE FROM DISK
3125562.535	Study_Phase.SEQUENCE.Study_Instruction	LOADING RESOURCE SURFACE FROM DISK
3132311.839	Study_Phase.SEQUENCE.DISPLAY_SCREEN	LOADING RESOURCE SURFACE FROM DISK
3133826.039	Study_Phase.SEQUENCE.Study_Instruction	LOADING RESOURCE SURFACE FROM DISK
3142128.206	Study_Phase.SEQUENCE.Study_Instruction	LOADING RESOURCE SURFACE FROM DISK
3148878.845	Study_Phase.SEQUENCE.DISPLAY_SCREEN	LOADING RESOURCE SURFACE FROM DISK
3150430.693	Study_Phase.SEQUENCE.Study_Instruction	LOADING RESOURCE SURFACE FROM DISK
3158741.486	Study_Phase.SEQUENCE.Study_Instruction	LOADING RESOURCE SURFACE FROM DISK
3167051.69	Study_Phase.SEQUENCE.Study_Instruction	LOADING RESOURCE SURFACE FROM DISK
3175365.443	Study_Phase.SEQUENCE.Study_Instruction	LOADING RESOURCE SURFACE FROM DISK
3182128.878	Study_Phase.SEQUENCE.DISPLAY_SCREEN	LOADING RESOURCE SURFACE FROM DISK
3183679.217	Study_Phase.SEQUENCE.Study_Instruction	LOADING RESOURCE SURFACE FROM DISK
3191942.182	Study_Phase.SEQUENCE.Study_Instruction	LOADING RESOURCE SURFACE FROM DISK
3198695.567	Study_Phase.SEQUENCE.DISPLAY_SCREEN	LOADING RESOURCE SURFACE FROM DISK
3200251.497	Study_Phase.SEQUENCE.Study_Instruction	LOADING RESOURCE SURFACE FROM DISK
3208561.0	Study_Phase.SEQUENCE.Study_Instruction	LOADING RESOURCE SURFACE FROM DISK
3216825.433	Study_Phase.SEQUENCE.Study_Instruction	LOADING RESOURCE SURFACE FROM DISK
3225075.415	Study_Phase.SEQUENCE.Study_Instruction	LOADING RESOURCE SURFACE FROM DISK
3233382.051	Study_Phase.SEQUENCE.Study_Instruction	LOADING RESOURCE SURFACE FROM DISK
3240145.484	Study_Phase.SEQUENCE.DISPLAY_SCREEN	LOADING RESOURCE SURFACE FROM DISK
3241697.115	Study_Phase.SEQUENCE.Study_Instruction	LOADING RESOURCE SURFACE FROM DISK
3248462.098	Study_Phase.SEQUENCE.DISPLAY_SCREEN	LOADING RESOURCE SURFACE FROM DISK
3250016.847	Study_Phase.SEQUENCE.Study_Instruction	LOADING RESOURCE SURFACE FROM DISK
3258326.386	Study_Phase.SEQUENCE.Study_Instruction	LOADING RESOURCE SURFACE FROM DISK
3266630.142	Study_Phase.SEQUENCE.Study_Instruction	LOADING RESOURCE SURFACE FROM DISK
3273395.361	Study_Phase.SEQUENCE.DISPLAY_SCREEN	LOADING RESOURCE SURFACE FROM DISK
3274949.506	Study_Phase.SEQUENCE.Study_Instruction	LOADING RESOURCE SURFACE FROM DISK
3283225.476	Study_Phase.SEQUENCE.Study_Instruction	LOADING RESOURCE SURFACE FROM DISK
3291475.805	Study_Phase.SEQUENCE.Study_Instruction	LOADING RESOURCE SURFACE FROM DISK
3298212.122	Study_Phase.SEQUENCE.DISPLAY_SCREEN	LOADING RESOURCE SURFACE FROM DISK
3299764.585	Study_Phase.SEQUENCE.Study_Instruction	LOADING RESOURCE SURFACE FROM DISK
3308083.694	Study_Phase.SEQUENCE.Study_Instruction	LOADING RESOURCE SURFACE FROM DISK
3314828.823	Study_Phase.SEQUENCE.DISPLAY_SCREEN	LOADING RESOURCE SURFACE FROM DISK
3316342.483	Study_Phase.SEQUENCE.Study_Instruction	LOADING RESOURCE SURFACE FROM DISK
3324645.9	Study_Phase.SEQUENCE.Study_Instruction	LOADING RESOURCE SURFACE FROM DISK
3332942.087	Study_Phase.SEQUENCE.Study_Instruction	LOADING RESOURCE SURFACE FROM DISK
3341191.987	Study_Phase.SEQUENCE.Study_Instruction	LOADING RESOURCE SURFACE FROM DISK
3347945.247	Study_Phase.SEQUENCE.DISPLAY_SCREEN	LOADING RESOURCE SURFACE FROM DISK
3349499.324	Study_Phase.SEQUENCE.Study_Instruction	LOADING RESOURCE SURFACE FROM DISK
3356262.139	Study_Phase.SEQUENCE.DISPLAY_SCREEN	LOADING RESOURCE SURFACE FROM DISK
3357776.009	Study_Phase.SEQUENCE.Study_Instruction	LOADING RESOURCE SURFACE FROM DISK
3366082.049	Study_Phase.SEQUENCE.Study_Instruction	LOADING RESOURCE SURFACE FROM DISK
3374398.659	Study_Phase.SEQUENCE.Study_Instruction	LOADING RESOURCE SURFACE FROM DISK
3381145.311	Study_Phase.SEQUENCE.DISPLAY_SCREEN	LOADING RESOURCE SURFACE FROM DISK
3382700.808	Study_Phase.SEQUENCE.Study_Instruction	LOADING RESOURCE SURFACE FROM DISK
3390975.864	Study_Phase.SEQUENCE.Study_Instruction	LOADING RESOURCE SURFACE FROM DISK
3397728.82	Study_Phase.SEQUENCE.DISPLAY_SCREEN	LOADING RESOURCE SURFACE FROM DISK
3399242.67	Study_Phase.SEQUENCE.Study_Instruction	LOADING RESOURCE SURFACE FROM DISK
3405995.319	Study_Phase.SEQUENCE.DISPLAY_SCREEN	LOADING RESOURCE SURFACE FROM DISK
3407551.929	Study_Phase.SEQUENCE.Study_Instruction	LOADING RESOURCE SURFACE FROM DISK
3415864.413	Study_Phase.SEQUENCE.Study_Instruction	LOADING RESOURCE SURFACE FROM DISK
3424142.239	Study_Phase.SEQUENCE.Study_Instruction	LOADING RESOURCE SURFACE FROM DISK
3432408.737	Study_Phase.SEQUENCE.Study_Instruction	LOADING RESOURCE SURFACE FROM DISK
3440699.452	Study_Phase.SEQUENCE.Study_Instruction	LOADING RESOURCE SURFACE FROM DISK
3447462.318	Study_Phase.SEQUENCE.DISPLAY_SCREEN	LOADING RESOURCE SURFACE FROM DISK
3449012.461	Study_Phase.SEQUENCE.Study_Instruction	LOADING RESOURCE SURFACE FROM DISK
3457310.96	Study_Phase.SEQUENCE.Study_Instruction	LOADING RESOURCE SURFACE FROM DISK
3464062.119	Study_Phase.SEQUENCE.DISPLAY_SCREEN	LOADING RESOURCE SURFACE FROM DISK
3465618.464	Study_Phase.SEQUENCE.Study_Instruction	LOADING RESOURCE SURFACE FROM DISK
3472378.822	Study_Phase.SEQUENCE.DISPLAY_SCREEN	LOADING RESOURCE SURFACE FROM DISK
3473931.925	Study_Phase.SEQUENCE.Study_Instruction	LOADING RESOURCE SURFACE FROM DISK
3482192.175	Study_Phase.SEQUENCE.Study_Instruction	LOADING RESOURCE SURFACE FROM DISK
3490475.745	Study_Phase.SEQUENCE.Study_Instruction	LOADING RESOURCE SURFACE FROM DISK
3497228.661	Study_Phase.SEQUENCE.DISPLAY_SCREEN	LOADING RESOURCE SURFACE FROM DISK
3498760.203	Study_Phase.SEQUENCE.Study_Instruction	LOADING RESOURCE SURFACE FROM DISK
3505512.225	Study_Phase.SEQUENCE.DISPLAY_SCREEN	LOADING RESOURCE SURFACE FROM DISK
3507067.997	Study_Phase.SEQUENCE.Study_Instruction	LOADING RESOURCE SURFACE FROM DISK
3515342.216	Study_Phase.SEQUENCE.Study_Instruction	LOADING RESOURCE SURFACE FROM DISK
3522095.491	Study_Phase.SEQUENCE.DISPLAY_SCREEN	LOADING RESOURCE SURFACE FROM DISK
3523651.876	Study_Phase.SEQUENCE.Study_Instruction	LOADING RESOURCE SURFACE FROM DISK
3531946.038	Study_Phase.SEQUENCE.Study_Instruction	LOADING RESOURCE SURFACE FROM DISK
3540251.297	Study_Phase.SEQUENCE.Study_Instruction	LOADING RESOURCE SURFACE FROM DISK
3547062.1	Study_Phase.SEQUENCE.DISPLAY_SCREEN	LOADING RESOURCE SURFACE FROM DISK
3548614.031	Study_Phase.SEQUENCE.Study_Instruction	LOADING RESOURCE SURFACE FROM DISK
3555378.762	Study_Phase.SEQUENCE.DISPLAY_SCREEN	LOADING RESOURCE SURFACE FROM DISK
3556892.743	Study_Phase.SEQUENCE.Study_Instruction	LOADING RESOURCE SURFACE FROM DISK
3563645.56	Study_Phase.SEQUENCE.DISPLAY_SCREEN	LOADING RESOURCE SURFACE FROM DISK
3565198.28	Study_Phase.SEQUENCE.Study_Instruction	LOADING RESOURCE SURFACE FROM DISK
3571962.095	Study_Phase.SEQUENCE.DISPLAY_SCREEN	LOADING RESOURCE SURFACE FROM DISK
3573518.33	Study_Phase.SEQUENCE.Study_Instruction	LOADING RESOURCE SURFACE FROM DISK
3580262.182	Study_Phase.SEQUENCE.DISPLAY_SCREEN	LOADING RESOURCE SURFACE FROM DISK
3581776.021	Study_Phase.SEQUENCE.Study_Instruction	LOADING RESOURCE SURFACE FROM DISK
3590077.695	Study_Phase.SEQUENCE.Study_Instruction	LOADING RESOURCE SURFACE FROM DISK
3596828.9	Study_Phase.SEQUENCE.DISPLAY_SCREEN	LOADING RESOURCE SURFACE FROM DISK
3598342.733	Study_Phase.SEQUENCE.Study_Instruction	LOADING RESOURCE SURFACE FROM DISK
3606609.425	Study_Phase.SEQUENCE.Study_Instruction	LOADING RESOURCE SURFACE FROM DISK
3613362.036	Study_Phase.SEQUENCE.DISPLAY_SCREEN	LOADING RESOURCE SURFACE FROM DISK
3614917.022	Study_Phase.SEQUENCE.Study_Instruction	LOADING RESOURCE SURFACE FROM DISK
3621678.91	Study_Phase.SEQUENCE.DISPLAY_SCREEN	LOADING RESOURCE SURFACE FROM DISK
3623192.59	Study_Phase.SEQUENCE.Study_Instruction	LOADING RESOURCE SURFACE FROM DISK
3631459.334	Study_Phase.SEQUENCE.Study_Instruction	LOADING RESOURCE SURFACE FROM DISK
3638212.173	Study_Phase.SEQUENCE.DISPLAY_SCREEN	LOADING RESOURCE SURFACE FROM DISK
3639725.845	Study_Phase.SEQUENCE.Study_Instruction	LOADING RESOURCE SURFACE FROM DISK
3647992.034	Study_Phase.SEQUENCE.Study_Instruction	LOADING RESOURCE SURFACE FROM DISK
3654745.547	Study_Phase.SEQUENCE.DISPLAY_SCREEN	LOADING RESOURCE SURFACE FROM DISK
3656292.707	Study_Phase.SEQUENCE.Study_Instruction	LOADING RESOURCE SURFACE FROM DISK
3663045.561	Study_Phase.SEQUENCE.DISPLAY_SCREEN	LOADING RESOURCE SURFACE FROM DISK
3664593.006	Study_Phase.SEQUENCE.Study_Instruction	LOADING RESOURCE SURFACE FROM DISK
3671328.652	Study_Phase.SEQUENCE.DISPLAY_SCREEN	LOADING RESOURCE SURFACE FROM DISK
3672878.803	Study_Phase.SEQUENCE.Study_Instruction	LOADING RESOURCE SURFACE FROM DISK
3679628.672	Study_Phase.SEQUENCE.DISPLAY_SCREEN	LOADING RESOURCE SURFACE FROM DISK
3681178.221	Study_Phase.SEQUENCE.Study_Instruction	LOADING RESOURCE SURFACE FROM DISK
3689442.496	Study_Phase.SEQUENCE.Study_Instruction	LOADING RESOURCE SURFACE FROM DISK
3696178.918	Study_Phase.SEQUENCE.DISPLAY_SCREEN	LOADING RESOURCE SURFACE FROM DISK
3697735.84	Study_Phase.SEQUENCE.Study_Instruction	LOADING RESOURCE SURFACE FROM DISK
3706049.442	Study_Phase.SEQUENCE.Study_Instruction	LOADING RESOURCE SURFACE FROM DISK
3710777.546	DISPLAY_SCREEN[7]	LOADING RESOURCE SURFACE FROM DISK
3934393.557	Test_Phase.SEQUENCE.Target_Cue	LOADING RESOURCE SURFACE FROM DISK
3934395.416	Test_Phase.SEQUENCE.Target_Cue	LOADING RESOURCE SURFACE FROM DISK
3936444.707	Test_Phase.SEQUENCE.Word	LOADING RESOURCE SURFACE FROM DISK
3939458.246	Test_Phase.SEQUENCE.Test_Question	LOADING RESOURCE SURFACE FROM DISK
3939499.936	Test_Phase.SEQUENCE.Test_Question	LOADING RESOURCE SURFACE FROM DISK
3939510.067	Test_Phase.SEQUENCE.Test_Question	LOADING RESOURCE SURFACE FROM DISK
3939524.775	Test_Phase.SEQUENCE.Test_Question	LOADING RESOURCE SURFACE FROM DISK
3939526.541	Test_Phase.SEQUENCE.Test_Question	LOADING RESOURCE SURFACE FROM DISK
3939528.336	Test_Phase.SEQUENCE.Test_Question	LOADING RESOURCE SURFACE FROM DISK
3939530.16	Test_Phase.SEQUENCE.Test_Question	LOADING RESOURCE SURFACE FROM DISK
3939531.804	Test_Phase.SEQUENCE.Test_Question	LOADING RESOURCE SURFACE FROM DISK
3939533.343	Test_Phase.SEQUENCE.Test_Question	LOADING RESOURCE SURFACE FROM DISK
3939535.023	Test_Phase.SEQUENCE.Test_Question	LOADING RESOURCE SURFACE FROM DISK
3939536.567	Test_Phase.SEQUENCE.Test_Question	LOADING RESOURCE SURFACE FROM DISK
3939538.155	Test_Phase.SEQUENCE.Test_Question	LOADING RESOURCE SURFACE FROM DISK
3945692.114	Test_Phase.SEQUENCE.Word	LOADING RESOURCE SURFACE FROM DISK
3955425.575	Test_Phase.SEQUENCE.Word	LOADING RESOURCE SURFACE FROM DISK
3964308.649	Test_Phase.SEQUENCE.Word	LOADING RESOURCE SURFACE FROM DISK
3971558.631	Test_Phase.SEQUENCE.Word	LOADING RESOURCE SURFACE FROM DISK
3978966.467	Test_Phase.SEQUENCE.Word	LOADING RESOURCE SURFACE FROM DISK
3990992.136	Test_Phase.SEQUENCE.Word	LOADING RESOURCE SURFACE FROM DISK
3998181.473	Test_Phase.SEQUENCE.Word	LOADING RESOURCE SURFACE FROM DISK
4007775.801	Test_Phase.SEQUENCE.Word	LOADING RESOURCE SURFACE FROM DISK
4015925.536	Test_Phase.SEQUENCE.Word	LOADING RESOURCE SURFACE FROM DISK
4024492.103	Test_Phase.SEQUENCE.Word	LOADING RESOURCE SURFACE FROM DISK
4031608.695	Test_Phase.SEQUENCE.Word	LOADING RESOURCE SURFACE FROM DISK
4038825.441	Test_Phase.SEQUENCE.Word	LOADING RESOURCE SURFACE FROM DISK
4052292.169	Test_Phase.SEQUENCE.Word	LOADING RESOURCE SURFACE FROM DISK
4061192.049	Test_Phase.SEQUENCE.Word	LOADING RESOURCE SURFACE FROM DISK
4068360.531	Test_Phase.SEQUENCE.Word	LOADING RESOURCE SURFACE FROM DISK
4076246.983	Test_Phase.SEQUENCE.Word	LOADING RESOURCE SURFACE FROM DISK
4084164.537	Test_Phase.SEQUENCE.Word	LOADING RESOURCE SURFACE FROM DISK
4094000.37	Test_Phase.SEQUENCE.Word	LOADING RESOURCE SURFACE FROM DISK
4103726.405	Test_Phase.SEQUENCE.Word	LOADING RESOURCE SURFACE FROM DISK
4110775.341	Test_Phase.SEQUENCE.Word	LOADING RESOURCE SURFACE FROM DISK
4117825.378	Test_Phase.SEQUENCE.Word	LOADING RESOURCE SURFACE FROM DISK
4124792.229	Test_Phase.SEQUENCE.Word	LOADING RESOURCE SURFACE FROM DISK
4131842.104	Test_Phase.SEQUENCE.Word	LOADING RESOURCE SURFACE FROM DISK
4140791.358	Test_Phase.SEQUENCE.Word	LOADING RESOURCE SURFACE FROM DISK
4151324.657	Test_Phase.SEQUENCE.Word	LOADING RESOURCE SURFACE FROM DISK
4158442.116	Test_Phase.SEQUENCE.Word	LOADING RESOURCE SURFACE FROM DISK
4165575.542	Test_Phase.SEQUENCE.Word	LOADING RESOURCE SURFACE FROM DISK
4172731.482	Test_Phase.SEQUENCE.Word	LOADING RESOURCE SURFACE FROM DISK
4179942.132	Test_Phase.SEQUENCE.Word	LOADING RESOURCE SURFACE FROM DISK
4187875.593	Test_Phase.SEQUENCE.Word	LOADING RESOURCE SURFACE FROM DISK
4198296.484	Test_Phase.SEQUENCE.Word	LOADING RESOURCE SURFACE FROM DISK
4207642.199	Test_Phase.SEQUENCE.Word	LOADING RESOURCE SURFACE FROM DISK
4217825.348	Test_Phase.SEQUENCE.Word	LOADING RESOURCE SURFACE FROM DISK
4224908.817	Test_Phase.SEQUENCE.Word	LOADING RESOURCE SURFACE FROM DISK
4232292.207	Test_Phase.SEQUENCE.Word	LOADING RESOURCE SURFACE FROM DISK
4240058.849	Test_Phase.SEQUENCE.Word	LOADING RESOURCE SURFACE FROM DISK
4248275.397	Test_Phase.SEQUENCE.Word	LOADING RESOURCE SURFACE FROM DISK
4255308.805	Test_Phase.SEQUENCE.Word	LOADING RESOURCE SURFACE FROM DISK
4262694.002	Test_Phase.SEQUENCE.Word	LOADING RESOURCE SURFACE FROM DISK
4269975.505	Test_Phase.SEQUENCE.Word	LOADING RESOURCE SURFACE FROM DISK
4277776.414	Test_Phase.SEQUENCE.Word	LOADING RESOURCE SURFACE FROM DISK
4286592.014	Test_Phase.SEQUENCE.Word	LOADING RESOURCE SURFACE FROM DISK
4293625.667	Test_Phase.SEQUENCE.Word	LOADING RESOURCE SURFACE FROM DISK
4301818.125	Test_Phase.SEQUENCE.Word	LOADING RESOURCE SURFACE FROM DISK
4309808.777	Test_Phase.SEQUENCE.Word	LOADING RESOURCE SURFACE FROM DISK
4317026.185	Test_Phase.SEQUENCE.Word	LOADING RESOURCE SURFACE FROM DISK
4324332.39	Test_Phase.SEQUENCE.Word	LOADING RESOURCE SURFACE FROM DISK
4331642.262	Test_Phase.SEQUENCE.Word	LOADING RESOURCE SURFACE FROM DISK
4339092.0	Test_Phase.SEQUENCE.Word	LOADING RESOURCE SURFACE FROM DISK
4346508.756	Test_Phase.SEQUENCE.Word	LOADING RESOURCE SURFACE FROM DISK
4353612.901	Test_Phase.SEQUENCE.Word	LOADING RESOURCE SURFACE FROM DISK
4361215.483	Test_Phase.SEQUENCE.Word	LOADING RESOURCE SURFACE FROM DISK
4368742.287	Test_Phase.SEQUENCE.Word	LOADING RESOURCE SURFACE FROM DISK
4375925.409	Test_Phase.SEQUENCE.Word	LOADING RESOURCE SURFACE FROM DISK
4383075.61	Test_Phase.SEQUENCE.Word	LOADING RESOURCE SURFACE FROM DISK
4391359.077	Test_Phase.SEQUENCE.Word	LOADING RESOURCE SURFACE FROM DISK
4400242.042	Test_Phase.SEQUENCE.Word	LOADING RESOURCE SURFACE FROM DISK
4407675.434	Test_Phase.SEQUENCE.Word	LOADING RESOURCE SURFACE FROM DISK
4414962.735	Test_Phase.SEQUENCE.Word	LOADING RESOURCE SURFACE FROM DISK
4421879.629	Test_Phase.SEQUENCE.Word	LOADING RESOURCE SURFACE FROM DISK
4429825.517	Test_Phase.SEQUENCE.Word	LOADING RESOURCE SURFACE FROM DISK
4437042.148	Test_Phase.SEQUENCE.Word	LOADING RESOURCE SURFACE FROM DISK
4444092.029	Test_Phase.SEQUENCE.Word	LOADING RESOURCE SURFACE FROM DISK
4451242.016	Test_Phase.SEQUENCE.Word	LOADING RESOURCE SURFACE FROM DISK
4458404.964	Test_Phase.SEQUENCE.Word	LOADING RESOURCE SURFACE FROM DISK
4465742.093	Test_Phase.SEQUENCE.Word	LOADING RESOURCE SURFACE FROM DISK
4472958.639	Test_Phase.SEQUENCE.Word	LOADING RESOURCE SURFACE FROM DISK
4480030.743	Test_Phase.SEQUENCE.Word	LOADING RESOURCE SURFACE FROM DISK
4487558.7	Test_Phase.SEQUENCE.Word	LOADING RESOURCE SURFACE FROM DISK
4494850.588	Test_Phase.SEQUENCE.Word	LOADING RESOURCE SURFACE FROM DISK
4502025.435	Test_Phase.SEQUENCE.Word	LOADING RESOURCE SURFACE FROM DISK
4509266.134	Test_Phase.SEQUENCE.Word	LOADING RESOURCE SURFACE FROM DISK
4516475.378	Test_Phase.SEQUENCE.Word	LOADING RESOURCE SURFACE FROM DISK
4523692.085	Test_Phase.SEQUENCE.Word	LOADING RESOURCE SURFACE FROM DISK
4530865.654	Test_Phase.SEQUENCE.Word	LOADING RESOURCE SURFACE FROM DISK
4537708.746	Test_Phase.SEQUENCE.Word	LOADING RESOURCE SURFACE FROM DISK
4545067.9	Test_Phase.SEQUENCE.Word	LOADING RESOURCE SURFACE FROM DISK
4552375.387	Test_Phase.SEQUENCE.Word	LOADING RESOURCE SURFACE FROM DISK
4560763.658	Test_Phase.SEQUENCE.Word	LOADING RESOURCE SURFACE FROM DISK
4568325.462	Test_Phase.SEQUENCE.Word	LOADING RESOURCE SURFACE FROM DISK
4575451.632	Test_Phase.SEQUENCE.Word	LOADING RESOURCE SURFACE FROM DISK
4582792.124	Test_Phase.SEQUENCE.Word	LOADING RESOURCE SURFACE FROM DISK
4590042.073	Test_Phase.SEQUENCE.Word	LOADING RESOURCE SURFACE FROM DISK
4597375.49	Test_Phase.SEQUENCE.Word	LOADING RESOURCE SURFACE FROM DISK
4604575.392	Test_Phase.SEQUENCE.Word	LOADING RESOURCE SURFACE FROM DISK
4611908.825	Test_Phase.SEQUENCE.Word	LOADING RESOURCE SURFACE FROM DISK
4619425.43	Test_Phase.SEQUENCE.Word	LOADING RESOURCE SURFACE FROM DISK
4627297.53	Test_Phase.SEQUENCE.Word	LOADING RESOURCE SURFACE FROM DISK
4634561.318	Test_Phase.SEQUENCE.Word	LOADING RESOURCE SURFACE FROM DISK
4643808.766	Test_Phase.SEQUENCE.Word	LOADING RESOURCE SURFACE FROM DISK
4651262.359	Test_Phase.SEQUENCE.Word	LOADING RESOURCE SURFACE FROM DISK
4658458.917	Test_Phase.SEQUENCE.Word	LOADING RESOURCE SURFACE FROM DISK
4665642.077	Test_Phase.SEQUENCE.Word	LOADING RESOURCE SURFACE FROM DISK
4672825.435	Test_Phase.SEQUENCE.Word	LOADING RESOURCE SURFACE FROM DISK
4680125.441	Test_Phase.SEQUENCE.Word	LOADING RESOURCE SURFACE FROM DISK
4688258.307	Test_Phase.SEQUENCE.Word	LOADING RESOURCE SURFACE FROM DISK
4696626.76	Test_Phase.SEQUENCE.Word	LOADING RESOURCE SURFACE FROM DISK
4703826.97	Test_Phase.SEQUENCE.Word	LOADING RESOURCE SURFACE FROM DISK
4711280.348	Test_Phase.SEQUENCE.Word	LOADING RESOURCE SURFACE FROM DISK
4719392.302	Test_Phase.SEQUENCE.Word	LOADING RESOURCE SURFACE FROM DISK
4726575.584	Test_Phase.SEQUENCE.Word	LOADING RESOURCE SURFACE FROM DISK
4733658.953	Test_Phase.SEQUENCE.Word	LOADING RESOURCE SURFACE FROM DISK
4740825.597	Test_Phase.SEQUENCE.Word	LOADING RESOURCE SURFACE FROM DISK
4748208.705	Test_Phase.SEQUENCE.Word	LOADING RESOURCE SURFACE FROM DISK
4755408.981	Test_Phase.SEQUENCE.Word	LOADING RESOURCE SURFACE FROM DISK
4762975.495	Test_Phase.SEQUENCE.Word	LOADING RESOURCE SURFACE FROM DISK
4770264.006	Test_Phase.SEQUENCE.Word	LOADING RESOURCE SURFACE FROM DISK
4777342.058	Test_Phase.SEQUENCE.Word	LOADING RESOURCE SURFACE FROM DISK
4784842.102	Test_Phase.SEQUENCE.Word	LOADING RESOURCE SURFACE FROM DISK
4791892.08	Test_Phase.SEQUENCE.Word	LOADING RESOURCE SURFACE FROM DISK
4798992.304	Test_Phase.SEQUENCE.Word	LOADING RESOURCE SURFACE FROM DISK
4806325.407	Test_Phase.SEQUENCE.Word	LOADING RESOURCE SURFACE FROM DISK
4813444.964	Test_Phase.SEQUENCE.Word	LOADING RESOURCE SURFACE FROM DISK
4827842.12	Test_Phase.SEQUENCE.Word	LOADING RESOURCE SURFACE FROM DISK
4835125.499	Test_Phase.SEQUENCE.Word	LOADING RESOURCE SURFACE FROM DISK
4845413.937	Test_Phase.SEQUENCE.Word	LOADING RESOURCE SURFACE FROM DISK
4852948.994	Test_Phase.SEQUENCE.Word	LOADING RESOURCE SURFACE FROM DISK
4860158.568	Test_Phase.SEQUENCE.Word	LOADING RESOURCE SURFACE FROM DISK
4867308.749	Test_Phase.SEQUENCE.Word	LOADING RESOURCE SURFACE FROM DISK
4874908.705	Test_Phase.SEQUENCE.Word	LOADING RESOURCE SURFACE FROM DISK
4882033.114	Test_Phase.SEQUENCE.Word	LOADING RESOURCE SURFACE FROM DISK
4889398.056	Test_Phase.SEQUENCE.Word	LOADING RESOURCE SURFACE FROM DISK
4896558.988	Test_Phase.SEQUENCE.Word	LOADING RESOURCE SURFACE FROM DISK
4906245.383	Test_Phase.SEQUENCE.Word	LOADING RESOURCE SURFACE FROM DISK
4913942.109	Test_Phase.SEQUENCE.Word	LOADING RESOURCE SURFACE FROM DISK
4922425.591	Test_Phase.SEQUENCE.Word	LOADING RESOURCE SURFACE FROM DISK
4930998.8	Test_Phase.SEQUENCE.Word	LOADING RESOURCE SURFACE FROM DISK
4938342.071	Test_Phase.SEQUENCE.Word	LOADING RESOURCE SURFACE FROM DISK
4945595.927	Test_Phase.SEQUENCE.Word	LOADING RESOURCE SURFACE FROM DISK
4953566.395	Test_Phase.SEQUENCE.Word	LOADING RESOURCE SURFACE FROM DISK
4961142.091	Test_Phase.SEQUENCE.Word	LOADING RESOURCE SURFACE FROM DISK
4969396.915	Test_Phase.SEQUENCE.Word	LOADING RESOURCE SURFACE FROM DISK
4976792.069	Test_Phase.SEQUENCE.Word	LOADING RESOURCE SURFACE FROM DISK
4984592.227	Test_Phase.SEQUENCE.Word	LOADING RESOURCE SURFACE FROM DISK
4991775.49	Test_Phase.SEQUENCE.Word	LOADING RESOURCE SURFACE FROM DISK
4998942.193	Test_Phase.SEQUENCE.Word	LOADING RESOURCE SURFACE FROM DISK
5006179.914	Test_Phase.SEQUENCE.Word	LOADING RESOURCE SURFACE FROM DISK
5013458.622	Test_Phase.SEQUENCE.Word	LOADING RESOURCE SURFACE FROM DISK
5020608.632	Test_Phase.SEQUENCE.Word	LOADING RESOURCE SURFACE FROM DISK
5027802.306	Test_Phase.SEQUENCE.Word	LOADING RESOURCE SURFACE FROM DISK
5035075.438	Test_Phase.SEQUENCE.Word	LOADING RESOURCE SURFACE FROM DISK
5042399.155	Test_Phase.SEQUENCE.Word	LOADING RESOURCE SURFACE FROM DISK
5049708.697	Test_Phase.SEQUENCE.Word	LOADING RESOURCE SURFACE FROM DISK
5057025.864	Test_Phase.SEQUENCE.Word	LOADING RESOURCE SURFACE FROM DISK
5064275.427	Test_Phase.SEQUENCE.Word	LOADING RESOURCE SURFACE FROM DISK
5071442.057	Test_Phase.SEQUENCE.Word	LOADING RESOURCE SURFACE FROM DISK
5078775.424	Test_Phase.SEQUENCE.Word	LOADING RESOURCE SURFACE FROM DISK
5086058.027	Test_Phase.SEQUENCE.Word	LOADING RESOURCE SURFACE FROM DISK
5093458.312	Test_Phase.SEQUENCE.Word	LOADING RESOURCE SURFACE FROM DISK
5101908.644	Test_Phase.SEQUENCE.Word	LOADING RESOURCE SURFACE FROM DISK
5109147.143	Test_Phase.SEQUENCE.Word	LOADING RESOURCE SURFACE FROM DISK
5116325.962	Test_Phase.SEQUENCE.Word	LOADING RESOURCE SURFACE FROM DISK
5124375.416	Test_Phase.SEQUENCE.Word	LOADING RESOURCE SURFACE FROM DISK
5131742.078	Test_Phase.SEQUENCE.Word	LOADING RESOURCE SURFACE FROM DISK
5139042.302	Test_Phase.SEQUENCE.Word	LOADING RESOURCE SURFACE FROM DISK
5146142.022	Test_Phase.SEQUENCE.Word	LOADING RESOURCE SURFACE FROM DISK
5154162.233	Test_Phase.SEQUENCE.Word	LOADING RESOURCE SURFACE FROM DISK
5161425.563	Test_Phase.SEQUENCE.Word	LOADING RESOURCE SURFACE FROM DISK
5168667.727	Test_Phase.SEQUENCE.Word	LOADING RESOURCE SURFACE FROM DISK
5176908.852	Test_Phase.SEQUENCE.Word	LOADING RESOURCE SURFACE FROM DISK
5185011.29	Test_Phase.SEQUENCE.Word	LOADING RESOURCE SURFACE FROM DISK
5193491.447	Test_Phase.SEQUENCE.Word	LOADING RESOURCE SURFACE FROM DISK
5201141.942	Test_Phase.SEQUENCE.Word	LOADING RESOURCE SURFACE FROM DISK
5208342.032	Test_Phase.SEQUENCE.Word	LOADING RESOURCE SURFACE FROM DISK
5215925.448	Test_Phase.SEQUENCE.Word	LOADING RESOURCE SURFACE FROM DISK
5224067.258	Test_Phase.SEQUENCE.Word	LOADING RESOURCE SURFACE FROM DISK
5231292.123	Test_Phase.SEQUENCE.Word	LOADING RESOURCE SURFACE FROM DISK
5239529.965	Test_Phase.SEQUENCE.Word	LOADING RESOURCE SURFACE FROM DISK
5246675.531	Test_Phase.SEQUENCE.Word	LOADING RESOURCE SURFACE FROM DISK
5254425.642	Test_Phase.SEQUENCE.Word	LOADING RESOURCE SURFACE FROM DISK
5262675.444	Test_Phase.SEQUENCE.Word	LOADING RESOURCE SURFACE FROM DISK
5269831.451	Test_Phase.SEQUENCE.Word	LOADING RESOURCE SURFACE FROM DISK
5277092.023	Test_Phase.SEQUENCE.Word	LOADING RESOURCE SURFACE FROM DISK
5285842.148	Test_Phase.SEQUENCE.Word	LOADING RESOURCE SURFACE FROM DISK
5293008.854	Test_Phase.SEQUENCE.Word	LOADING RESOURCE SURFACE FROM DISK
5300975.564	Test_Phase.SEQUENCE.Word	LOADING RESOURCE SURFACE FROM DISK
5309592.04	Test_Phase.SEQUENCE.Word	LOADING RESOURCE SURFACE FROM DISK
5318509.982	Test_Phase.SEQUENCE.Word	LOADING RESOURCE SURFACE FROM DISK
5325594.762	Test_Phase.SEQUENCE.Word	LOADING RESOURCE SURFACE FROM DISK
5333009.079	Test_Phase.SEQUENCE.Word	LOADING RESOURCE SURFACE FROM DISK
5340208.761	Test_Phase.SEQUENCE.Word	LOADING RESOURCE SURFACE FROM DISK
5348108.726	Test_Phase.SEQUENCE.Word	LOADING RESOURCE SURFACE FROM DISK
5355361.729	Test_Phase.SEQUENCE.Word	LOADING RESOURCE SURFACE FROM DISK
5363342.132	Test_Phase.SEQUENCE.Word	LOADING RESOURCE SURFACE FROM DISK
5370475.535	Test_Phase.SEQUENCE.Word	LOADING RESOURCE SURFACE FROM DISK
5378551.02	Test_Phase.SEQUENCE.Word	LOADING RESOURCE SURFACE FROM DISK
5386142.32	Test_Phase.SEQUENCE.Word	LOADING RESOURCE SURFACE FROM DISK
5393275.62	Test_Phase.SEQUENCE.Word	LOADING RESOURCE SURFACE FROM DISK
5400583.737	Test_Phase.SEQUENCE.Word	LOADING RESOURCE SURFACE FROM DISK
5407692.182	Test_Phase.SEQUENCE.Word	LOADING RESOURCE SURFACE FROM DISK
5415259.209	Test_Phase.SEQUENCE.Word	LOADING RESOURCE SURFACE FROM DISK
5422725.437	Test_Phase.SEQUENCE.Word	LOADING RESOURCE SURFACE FROM DISK
5430145.782	Test_Phase.SEQUENCE.Word	LOADING RESOURCE SURFACE FROM DISK
5438575.53	Test_Phase.SEQUENCE.Word	LOADING RESOURCE SURFACE FROM DISK
5445846.667	Test_Phase.SEQUENCE.Word	LOADING RESOURCE SURFACE FROM DISK
5453842.147	Test_Phase.SEQUENCE.Word	LOADING RESOURCE SURFACE FROM DISK
5461027.745	Test_Phase.SEQUENCE.Word	LOADING RESOURCE SURFACE FROM DISK
5468192.102	Test_Phase.SEQUENCE.Word	LOADING RESOURCE SURFACE FROM DISK
5471789.821	DISPLAY_SCREEN	LOADING RESOURCE SURFACE FROM DISK
