4882.429	DISPLAY_SCREEN[1]	LOADING RESOURCE SURFACE FROM DISK
46431.547	Familiarization_Phase.SEQUENCE.Cue_and_Instruction	LOADING RESOURCE SURFACE FROM DISK
46445.783	Familiarization_Phase.SEQUENCE.Cue_and_Instruction	LOADING RESOURCE SURFACE FROM DISK
52530.2	Familiarization_Phase.SEQUENCE.Cue_and_Instruction	LOADING RESOURCE SURFACE FROM DISK
52546.098	Familiarization_Phase.SEQUENCE.Cue_and_Instruction	LOADING RESOURCE SURFACE FROM DISK
58609.305	Familiarization_Phase.SEQUENCE.Cue_and_Instruction	LOADING RESOURCE SURFACE FROM DISK
58623.196	Familiarization_Phase.SEQUENCE.Cue_and_Instruction	LOADING RESOURCE SURFACE FROM DISK
101022.122	DISPLAY_SCREEN[3]	LOADING RESOURCE SURFACE FROM DISK
253002.781	DISPLAY_SCREEN[5]	LOADING RESOURCE SURFACE FROM DISK
390498.128	Practice_Phase.SEQUENCE.Blink_Screen	LOADING RESOURCE SURFACE FROM DISK
390499.391	Practice_Phase.SEQUENCE.Blink_Screen	flip time is later than desired time. Desired Time=390438 Flip Time=390521 Retrace Rate=16.641, prepareTime=85 flip request time 390499
391739.034	Practice_Phase.SEQUENCE.Practice_Luminance_Cue	LOADING RESOURCE SURFACE FROM DISK
391742.18	Practice_Phase.SEQUENCE.Practice_Luminance_Cue	LOADING RESOURCE SURFACE FROM DISK
391743.713	Practice_Phase.SEQUENCE.Practice_Luminance_Cue	flip time is later than desired time. Desired Time=391721 Flip Time=391754 Retrace Rate=16.641, prepareTime=46 flip request time 391743
392236.335	Practice_Phase.SEQUENCE.DISPLAY_SCREEN	LOADING RESOURCE SURFACE FROM DISK
393733.341	Practice_Phase.SEQUENCE.Practice_Instruction	LOADING RESOURCE SURFACE FROM DISK
400302.852	Practice_Phase.SEQUENCE.DISPLAY_SCREEN	LOADING RESOURCE SURFACE FROM DISK
401799.618	Practice_Phase.SEQUENCE.Practice_Instruction	LOADING RESOURCE SURFACE FROM DISK
408369.864	Practice_Phase.SEQUENCE.DISPLAY_SCREEN	LOADING RESOURCE SURFACE FROM DISK
409866.494	Practice_Phase.SEQUENCE.Practice_Instruction	LOADING RESOURCE SURFACE FROM DISK
416435.987	Practice_Phase.SEQUENCE.DISPLAY_SCREEN	LOADING RESOURCE SURFACE FROM DISK
417932.903	Practice_Phase.SEQUENCE.Practice_Instruction	LOADING RESOURCE SURFACE FROM DISK
424502.602	Practice_Phase.SEQUENCE.DISPLAY_SCREEN	LOADING RESOURCE SURFACE FROM DISK
425999.894	Practice_Phase.SEQUENCE.Practice_Instruction	LOADING RESOURCE SURFACE FROM DISK
432569.529	Practice_Phase.SEQUENCE.DISPLAY_SCREEN	LOADING RESOURCE SURFACE FROM DISK
434066.014	Practice_Phase.SEQUENCE.Practice_Instruction	LOADING RESOURCE SURFACE FROM DISK
440636.194	Practice_Phase.SEQUENCE.DISPLAY_SCREEN	LOADING RESOURCE SURFACE FROM DISK
442132.601	Practice_Phase.SEQUENCE.Practice_Instruction	LOADING RESOURCE SURFACE FROM DISK
448702.522	Practice_Phase.SEQUENCE.DISPLAY_SCREEN	LOADING RESOURCE SURFACE FROM DISK
450199.465	Practice_Phase.SEQUENCE.Practice_Instruction	LOADING RESOURCE SURFACE FROM DISK
456769.438	Practice_Phase.SEQUENCE.DISPLAY_SCREEN	LOADING RESOURCE SURFACE FROM DISK
458266.144	Practice_Phase.SEQUENCE.Practice_Instruction	LOADING RESOURCE SURFACE FROM DISK
462932.605	DISPLAY_SCREEN[2]	LOADING RESOURCE SURFACE FROM DISK
595974.128	Study_Phase.SEQUENCE.Study_Instruction	LOADING RESOURCE SURFACE FROM DISK
604279.363	Study_Phase.SEQUENCE.Study_Instruction	LOADING RESOURCE SURFACE FROM DISK
611044.24	Study_Phase.SEQUENCE.DISPLAY_SCREEN	LOADING RESOURCE SURFACE FROM DISK
612596.428	Study_Phase.SEQUENCE.Study_Instruction	LOADING RESOURCE SURFACE FROM DISK
620915.507	Study_Phase.SEQUENCE.Study_Instruction	LOADING RESOURCE SURFACE FROM DISK
627677.76	Study_Phase.SEQUENCE.DISPLAY_SCREEN	LOADING RESOURCE SURFACE FROM DISK
629228.004	Study_Phase.SEQUENCE.Study_Instruction	LOADING RESOURCE SURFACE FROM DISK
635977.542	Study_Phase.SEQUENCE.DISPLAY_SCREEN	LOADING RESOURCE SURFACE FROM DISK
637529.104	Study_Phase.SEQUENCE.Study_Instruction	LOADING RESOURCE SURFACE FROM DISK
644277.664	Study_Phase.SEQUENCE.DISPLAY_SCREEN	LOADING RESOURCE SURFACE FROM DISK
645791.551	Study_Phase.SEQUENCE.Study_Instruction	LOADING RESOURCE SURFACE FROM DISK
652544.209	Study_Phase.SEQUENCE.DISPLAY_SCREEN	LOADING RESOURCE SURFACE FROM DISK
654094.304	Study_Phase.SEQUENCE.Study_Instruction	LOADING RESOURCE SURFACE FROM DISK
662357.635	Study_Phase.SEQUENCE.Study_Instruction	LOADING RESOURCE SURFACE FROM DISK
670656.794	Study_Phase.SEQUENCE.Study_Instruction	LOADING RESOURCE SURFACE FROM DISK
677411.066	Study_Phase.SEQUENCE.DISPLAY_SCREEN	LOADING RESOURCE SURFACE FROM DISK
678959.808	Study_Phase.SEQUENCE.Study_Instruction	LOADING RESOURCE SURFACE FROM DISK
687224.172	Study_Phase.SEQUENCE.Study_Instruction	LOADING RESOURCE SURFACE FROM DISK
693960.897	Study_Phase.SEQUENCE.DISPLAY_SCREEN	LOADING RESOURCE SURFACE FROM DISK
695512.589	Study_Phase.SEQUENCE.Study_Instruction	LOADING RESOURCE SURFACE FROM DISK
702244.376	Study_Phase.SEQUENCE.DISPLAY_SCREEN	LOADING RESOURCE SURFACE FROM DISK
703800.323	Study_Phase.SEQUENCE.Study_Instruction	LOADING RESOURCE SURFACE FROM DISK
710560.981	Study_Phase.SEQUENCE.DISPLAY_SCREEN	LOADING RESOURCE SURFACE FROM DISK
712082.533	Study_Phase.SEQUENCE.Study_Instruction	LOADING RESOURCE SURFACE FROM DISK
718844.348	Study_Phase.SEQUENCE.DISPLAY_SCREEN	LOADING RESOURCE SURFACE FROM DISK
720379.167	Study_Phase.SEQUENCE.Study_Instruction	LOADING RESOURCE SURFACE FROM DISK
727127.533	Study_Phase.SEQUENCE.DISPLAY_SCREEN	LOADING RESOURCE SURFACE FROM DISK
728677.299	Study_Phase.SEQUENCE.Study_Instruction	LOADING RESOURCE SURFACE FROM DISK
736980.989	Study_Phase.SEQUENCE.Study_Instruction	LOADING RESOURCE SURFACE FROM DISK
743744.389	Study_Phase.SEQUENCE.DISPLAY_SCREEN	LOADING RESOURCE SURFACE FROM DISK
745258.312	Study_Phase.SEQUENCE.Study_Instruction	LOADING RESOURCE SURFACE FROM DISK
753568.443	Study_Phase.SEQUENCE.Study_Instruction	LOADING RESOURCE SURFACE FROM DISK
760294.204	Study_Phase.SEQUENCE.DISPLAY_SCREEN	LOADING RESOURCE SURFACE FROM DISK
761843.196	Study_Phase.SEQUENCE.Study_Instruction	LOADING RESOURCE SURFACE FROM DISK
768594.438	Study_Phase.SEQUENCE.DISPLAY_SCREEN	LOADING RESOURCE SURFACE FROM DISK
770145.13	Study_Phase.SEQUENCE.Study_Instruction	LOADING RESOURCE SURFACE FROM DISK
776894.291	Study_Phase.SEQUENCE.DISPLAY_SCREEN	LOADING RESOURCE SURFACE FROM DISK
778443.724	Study_Phase.SEQUENCE.Study_Instruction	LOADING RESOURCE SURFACE FROM DISK
785194.377	Study_Phase.SEQUENCE.DISPLAY_SCREEN	LOADING RESOURCE SURFACE FROM DISK
786756.611	Study_Phase.SEQUENCE.Study_Instruction	LOADING RESOURCE SURFACE FROM DISK
793510.904	Study_Phase.SEQUENCE.DISPLAY_SCREEN	LOADING RESOURCE SURFACE FROM DISK
795024.909	Study_Phase.SEQUENCE.Study_Instruction	LOADING RESOURCE SURFACE FROM DISK
801761.014	Study_Phase.SEQUENCE.DISPLAY_SCREEN	LOADING RESOURCE SURFACE FROM DISK
803274.875	Study_Phase.SEQUENCE.Study_Instruction	LOADING RESOURCE SURFACE FROM DISK
810027.507	Study_Phase.SEQUENCE.DISPLAY_SCREEN	LOADING RESOURCE SURFACE FROM DISK
811576.729	Study_Phase.SEQUENCE.Study_Instruction	LOADING RESOURCE SURFACE FROM DISK
819881.185	Study_Phase.SEQUENCE.Study_Instruction	LOADING RESOURCE SURFACE FROM DISK
826644.204	Study_Phase.SEQUENCE.DISPLAY_SCREEN	LOADING RESOURCE SURFACE FROM DISK
828158.287	Study_Phase.SEQUENCE.Study_Instruction	LOADING RESOURCE SURFACE FROM DISK
836424.383	Study_Phase.SEQUENCE.Study_Instruction	LOADING RESOURCE SURFACE FROM DISK
844731.228	Study_Phase.SEQUENCE.Study_Instruction	LOADING RESOURCE SURFACE FROM DISK
853023.798	Study_Phase.SEQUENCE.Study_Instruction	LOADING RESOURCE SURFACE FROM DISK
861331.659	Study_Phase.SEQUENCE.Study_Instruction	LOADING RESOURCE SURFACE FROM DISK
869653.596	Study_Phase.SEQUENCE.Study_Instruction	LOADING RESOURCE SURFACE FROM DISK
876411.036	Study_Phase.SEQUENCE.DISPLAY_SCREEN	LOADING RESOURCE SURFACE FROM DISK
877962.691	Study_Phase.SEQUENCE.Study_Instruction	LOADING RESOURCE SURFACE FROM DISK
886278.179	Study_Phase.SEQUENCE.Study_Instruction	LOADING RESOURCE SURFACE FROM DISK
893027.818	Study_Phase.SEQUENCE.DISPLAY_SCREEN	LOADING RESOURCE SURFACE FROM DISK
894584.412	Study_Phase.SEQUENCE.Study_Instruction	LOADING RESOURCE SURFACE FROM DISK
902892.718	Study_Phase.SEQUENCE.Study_Instruction	LOADING RESOURCE SURFACE FROM DISK
911195.119	Study_Phase.SEQUENCE.Study_Instruction	LOADING RESOURCE SURFACE FROM DISK
917944.194	Study_Phase.SEQUENCE.DISPLAY_SCREEN	LOADING RESOURCE SURFACE FROM DISK
919458.223	Study_Phase.SEQUENCE.Study_Instruction	LOADING RESOURCE SURFACE FROM DISK
926210.977	Study_Phase.SEQUENCE.DISPLAY_SCREEN	LOADING RESOURCE SURFACE FROM DISK
927724.95	Study_Phase.SEQUENCE.Study_Instruction	LOADING RESOURCE SURFACE FROM DISK
936095.671	Study_Phase.SEQUENCE.Study_Instruction	LOADING RESOURCE SURFACE FROM DISK
944398.522	Study_Phase.SEQUENCE.Study_Instruction	LOADING RESOURCE SURFACE FROM DISK
951161.008	Study_Phase.SEQUENCE.DISPLAY_SCREEN	LOADING RESOURCE SURFACE FROM DISK
952714.51	Study_Phase.SEQUENCE.Study_Instruction	LOADING RESOURCE SURFACE FROM DISK
961084.517	Study_Phase.SEQUENCE.Study_Instruction	LOADING RESOURCE SURFACE FROM DISK
969395.0	Study_Phase.SEQUENCE.Study_Instruction	LOADING RESOURCE SURFACE FROM DISK
976144.355	Study_Phase.SEQUENCE.DISPLAY_SCREEN	LOADING RESOURCE SURFACE FROM DISK
977698.959	Study_Phase.SEQUENCE.Study_Instruction	LOADING RESOURCE SURFACE FROM DISK
984461.01	Study_Phase.SEQUENCE.DISPLAY_SCREEN	LOADING RESOURCE SURFACE FROM DISK
986017.76	Study_Phase.SEQUENCE.Study_Instruction	LOADING RESOURCE SURFACE FROM DISK
994349.469	Study_Phase.SEQUENCE.Study_Instruction	LOADING RESOURCE SURFACE FROM DISK
1002661.32	Study_Phase.SEQUENCE.Study_Instruction	LOADING RESOURCE SURFACE FROM DISK
1010957.3	Study_Phase.SEQUENCE.Study_Instruction	LOADING RESOURCE SURFACE FROM DISK
1017711.045	Study_Phase.SEQUENCE.DISPLAY_SCREEN	LOADING RESOURCE SURFACE FROM DISK
1019260.99	Study_Phase.SEQUENCE.Study_Instruction	LOADING RESOURCE SURFACE FROM DISK
1027567.341	Study_Phase.SEQUENCE.Study_Instruction	LOADING RESOURCE SURFACE FROM DISK
1035879.216	Study_Phase.SEQUENCE.Study_Instruction	LOADING RESOURCE SURFACE FROM DISK
1044201.335	Study_Phase.SEQUENCE.Study_Instruction	LOADING RESOURCE SURFACE FROM DISK
1052524.352	Study_Phase.SEQUENCE.Study_Instruction	LOADING RESOURCE SURFACE FROM DISK
1060826.21	Study_Phase.SEQUENCE.Study_Instruction	LOADING RESOURCE SURFACE FROM DISK
1069091.103	Study_Phase.SEQUENCE.Study_Instruction	LOADING RESOURCE SURFACE FROM DISK
1075827.727	Study_Phase.SEQUENCE.DISPLAY_SCREEN	LOADING RESOURCE SURFACE FROM DISK
1077341.613	Study_Phase.SEQUENCE.Study_Instruction	LOADING RESOURCE SURFACE FROM DISK
1085644.286	Study_Phase.SEQUENCE.Study_Instruction	LOADING RESOURCE SURFACE FROM DISK
1092394.349	Study_Phase.SEQUENCE.DISPLAY_SCREEN	LOADING RESOURCE SURFACE FROM DISK
1093908.302	Study_Phase.SEQUENCE.Study_Instruction	LOADING RESOURCE SURFACE FROM DISK
1102213.547	Study_Phase.SEQUENCE.Study_Instruction	LOADING RESOURCE SURFACE FROM DISK
1110491.695	Study_Phase.SEQUENCE.Study_Instruction	LOADING RESOURCE SURFACE FROM DISK
1117244.316	Study_Phase.SEQUENCE.DISPLAY_SCREEN	LOADING RESOURCE SURFACE FROM DISK
1118800.619	Study_Phase.SEQUENCE.Study_Instruction	LOADING RESOURCE SURFACE FROM DISK
1125544.227	Study_Phase.SEQUENCE.DISPLAY_SCREEN	LOADING RESOURCE SURFACE FROM DISK
1127101.298	Study_Phase.SEQUENCE.Study_Instruction	LOADING RESOURCE SURFACE FROM DISK
1133861.112	Study_Phase.SEQUENCE.DISPLAY_SCREEN	LOADING RESOURCE SURFACE FROM DISK
1135409.816	Study_Phase.SEQUENCE.Study_Instruction	LOADING RESOURCE SURFACE FROM DISK
1142161.028	Study_Phase.SEQUENCE.DISPLAY_SCREEN	LOADING RESOURCE SURFACE FROM DISK
1143712.395	Study_Phase.SEQUENCE.Study_Instruction	LOADING RESOURCE SURFACE FROM DISK
1151974.44	Study_Phase.SEQUENCE.Study_Instruction	LOADING RESOURCE SURFACE FROM DISK
1158727.84	Study_Phase.SEQUENCE.DISPLAY_SCREEN	LOADING RESOURCE SURFACE FROM DISK
1160275.623	Study_Phase.SEQUENCE.Study_Instruction	LOADING RESOURCE SURFACE FROM DISK
1167027.632	Study_Phase.SEQUENCE.DISPLAY_SCREEN	LOADING RESOURCE SURFACE FROM DISK
1168541.624	Study_Phase.SEQUENCE.Study_Instruction	LOADING RESOURCE SURFACE FROM DISK
1176851.162	Study_Phase.SEQUENCE.Study_Instruction	LOADING RESOURCE SURFACE FROM DISK
1183611.133	Study_Phase.SEQUENCE.DISPLAY_SCREEN	LOADING RESOURCE SURFACE FROM DISK
1185163.408	Study_Phase.SEQUENCE.Study_Instruction	LOADING RESOURCE SURFACE FROM DISK
1193440.96	Study_Phase.SEQUENCE.Study_Instruction	LOADING RESOURCE SURFACE FROM DISK
1201742.518	Study_Phase.SEQUENCE.Study_Instruction	LOADING RESOURCE SURFACE FROM DISK
1210050.105	Study_Phase.SEQUENCE.Study_Instruction	LOADING RESOURCE SURFACE FROM DISK
1216810.93	Study_Phase.SEQUENCE.DISPLAY_SCREEN	LOADING RESOURCE SURFACE FROM DISK
1218359.843	Study_Phase.SEQUENCE.Study_Instruction	LOADING RESOURCE SURFACE FROM DISK
1226624.384	Study_Phase.SEQUENCE.Study_Instruction	LOADING RESOURCE SURFACE FROM DISK
1234929.453	Study_Phase.SEQUENCE.Study_Instruction	LOADING RESOURCE SURFACE FROM DISK
1243241.227	Study_Phase.SEQUENCE.Study_Instruction	LOADING RESOURCE SURFACE FROM DISK
1251507.722	Study_Phase.SEQUENCE.Study_Instruction	LOADING RESOURCE SURFACE FROM DISK
1258260.886	Study_Phase.SEQUENCE.DISPLAY_SCREEN	LOADING RESOURCE SURFACE FROM DISK
1259807.849	Study_Phase.SEQUENCE.Study_Instruction	LOADING RESOURCE SURFACE FROM DISK
1268107.857	Study_Phase.SEQUENCE.Study_Instruction	LOADING RESOURCE SURFACE FROM DISK
1276406.512	Study_Phase.SEQUENCE.Study_Instruction	LOADING RESOURCE SURFACE FROM DISK
1283161.073	Study_Phase.SEQUENCE.DISPLAY_SCREEN	LOADING RESOURCE SURFACE FROM DISK
1284675.164	Study_Phase.SEQUENCE.Study_Instruction	LOADING RESOURCE SURFACE FROM DISK
1292978.852	Study_Phase.SEQUENCE.Study_Instruction	LOADING RESOURCE SURFACE FROM DISK
1301241.776	Study_Phase.SEQUENCE.Study_Instruction	LOADING RESOURCE SURFACE FROM DISK
1307994.481	Study_Phase.SEQUENCE.DISPLAY_SCREEN	LOADING RESOURCE SURFACE FROM DISK
1309548.592	Study_Phase.SEQUENCE.Study_Instruction	LOADING RESOURCE SURFACE FROM DISK
1317857.878	Study_Phase.SEQUENCE.Study_Instruction	LOADING RESOURCE SURFACE FROM DISK
1324610.949	Study_Phase.SEQUENCE.DISPLAY_SCREEN	LOADING RESOURCE SURFACE FROM DISK
1326162.272	Study_Phase.SEQUENCE.Study_Instruction	LOADING RESOURCE SURFACE FROM DISK
1334425.115	Study_Phase.SEQUENCE.Study_Instruction	LOADING RESOURCE SURFACE FROM DISK
1341161.002	Study_Phase.SEQUENCE.DISPLAY_SCREEN	LOADING RESOURCE SURFACE FROM DISK
1342712.863	Study_Phase.SEQUENCE.Study_Instruction	LOADING RESOURCE SURFACE FROM DISK
1351002.019	Study_Phase.SEQUENCE.Study_Instruction	LOADING RESOURCE SURFACE FROM DISK
1357760.992	Study_Phase.SEQUENCE.DISPLAY_SCREEN	LOADING RESOURCE SURFACE FROM DISK
1359313.02	Study_Phase.SEQUENCE.Study_Instruction	LOADING RESOURCE SURFACE FROM DISK
1367626.14	Study_Phase.SEQUENCE.Study_Instruction	LOADING RESOURCE SURFACE FROM DISK
1374377.55	Study_Phase.SEQUENCE.DISPLAY_SCREEN	LOADING RESOURCE SURFACE FROM DISK
1375891.67	Study_Phase.SEQUENCE.Study_Instruction	LOADING RESOURCE SURFACE FROM DISK
1384182.711	Study_Phase.SEQUENCE.Study_Instruction	LOADING RESOURCE SURFACE FROM DISK
1392492.039	Study_Phase.SEQUENCE.Study_Instruction	LOADING RESOURCE SURFACE FROM DISK
1399244.219	Study_Phase.SEQUENCE.DISPLAY_SCREEN	LOADING RESOURCE SURFACE FROM DISK
1400758.146	Study_Phase.SEQUENCE.Study_Instruction	LOADING RESOURCE SURFACE FROM DISK
1409024.301	Study_Phase.SEQUENCE.Study_Instruction	LOADING RESOURCE SURFACE FROM DISK
1417332.9	Study_Phase.SEQUENCE.Study_Instruction	LOADING RESOURCE SURFACE FROM DISK
1424094.153	Study_Phase.SEQUENCE.DISPLAY_SCREEN	LOADING RESOURCE SURFACE FROM DISK
1425644.346	Study_Phase.SEQUENCE.Study_Instruction	LOADING RESOURCE SURFACE FROM DISK
1433908.254	Study_Phase.SEQUENCE.Study_Instruction	LOADING RESOURCE SURFACE FROM DISK
1442213.351	Study_Phase.SEQUENCE.Study_Instruction	LOADING RESOURCE SURFACE FROM DISK
1450491.078	Study_Phase.SEQUENCE.Study_Instruction	LOADING RESOURCE SURFACE FROM DISK
1457227.586	Study_Phase.SEQUENCE.DISPLAY_SCREEN	LOADING RESOURCE SURFACE FROM DISK
1458741.488	Study_Phase.SEQUENCE.Study_Instruction	LOADING RESOURCE SURFACE FROM DISK
1467008.253	Study_Phase.SEQUENCE.Study_Instruction	LOADING RESOURCE SURFACE FROM DISK
1475312.019	Study_Phase.SEQUENCE.Study_Instruction	LOADING RESOURCE SURFACE FROM DISK
1482060.995	Study_Phase.SEQUENCE.DISPLAY_SCREEN	LOADING RESOURCE SURFACE FROM DISK
1483574.979	Study_Phase.SEQUENCE.Study_Instruction	LOADING RESOURCE SURFACE FROM DISK
1491840.983	Study_Phase.SEQUENCE.Study_Instruction	LOADING RESOURCE SURFACE FROM DISK
1498594.173	Study_Phase.SEQUENCE.DISPLAY_SCREEN	LOADING RESOURCE SURFACE FROM DISK
1500108.196	Study_Phase.SEQUENCE.Study_Instruction	LOADING RESOURCE SURFACE FROM DISK
1506860.926	Study_Phase.SEQUENCE.DISPLAY_SCREEN	LOADING RESOURCE SURFACE FROM DISK
1508409.281	Study_Phase.SEQUENCE.Study_Instruction	LOADING RESOURCE SURFACE FROM DISK
1516674.95	Study_Phase.SEQUENCE.Study_Instruction	LOADING RESOURCE SURFACE FROM DISK
1523427.665	Study_Phase.SEQUENCE.DISPLAY_SCREEN	LOADING RESOURCE SURFACE FROM DISK
1524975.632	Study_Phase.SEQUENCE.Study_Instruction	LOADING RESOURCE SURFACE FROM DISK
1531727.661	Study_Phase.SEQUENCE.DISPLAY_SCREEN	LOADING RESOURCE SURFACE FROM DISK
1533276.679	Study_Phase.SEQUENCE.Study_Instruction	LOADING RESOURCE SURFACE FROM DISK
1541577.6	Study_Phase.SEQUENCE.Study_Instruction	LOADING RESOURCE SURFACE FROM DISK
1548294.312	Study_Phase.SEQUENCE.DISPLAY_SCREEN	LOADING RESOURCE SURFACE FROM DISK
1549808.62	Study_Phase.SEQUENCE.Study_Instruction	LOADING RESOURCE SURFACE FROM DISK
1558074.594	Study_Phase.SEQUENCE.Study_Instruction	LOADING RESOURCE SURFACE FROM DISK
1564827.651	Study_Phase.SEQUENCE.DISPLAY_SCREEN	LOADING RESOURCE SURFACE FROM DISK
1566408.355	Study_Phase.SEQUENCE.Study_Instruction	LOADING RESOURCE SURFACE FROM DISK
1574674.948	Study_Phase.SEQUENCE.Study_Instruction	LOADING RESOURCE SURFACE FROM DISK
1582941.096	Study_Phase.SEQUENCE.Study_Instruction	LOADING RESOURCE SURFACE FROM DISK
1587647.83	DISPLAY_SCREEN[7]	LOADING RESOURCE SURFACE FROM DISK
1729556.451	Test_Phase.SEQUENCE.Target_Cue	LOADING RESOURCE SURFACE FROM DISK
1729566.826	Test_Phase.SEQUENCE.Target_Cue	LOADING RESOURCE SURFACE FROM DISK
1731591.0	Test_Phase.SEQUENCE.Word	LOADING RESOURCE SURFACE FROM DISK
1734642.423	Test_Phase.SEQUENCE.Test_Question	LOADING RESOURCE SURFACE FROM DISK
1734656.666	Test_Phase.SEQUENCE.Test_Question	LOADING RESOURCE SURFACE FROM DISK
1734667.116	Test_Phase.SEQUENCE.Test_Question	LOADING RESOURCE SURFACE FROM DISK
1734677.917	Test_Phase.SEQUENCE.Test_Question	LOADING RESOURCE SURFACE FROM DISK
1734679.824	Test_Phase.SEQUENCE.Test_Question	LOADING RESOURCE SURFACE FROM DISK
1734681.73	Test_Phase.SEQUENCE.Test_Question	LOADING RESOURCE SURFACE FROM DISK
1734683.567	Test_Phase.SEQUENCE.Test_Question	LOADING RESOURCE SURFACE FROM DISK
1734685.307	Test_Phase.SEQUENCE.Test_Question	LOADING RESOURCE SURFACE FROM DISK
1734686.981	Test_Phase.SEQUENCE.Test_Question	LOADING RESOURCE SURFACE FROM DISK
1734688.73	Test_Phase.SEQUENCE.Test_Question	LOADING RESOURCE SURFACE FROM DISK
1734690.523	Test_Phase.SEQUENCE.Test_Question	LOADING RESOURCE SURFACE FROM DISK
1734692.457	Test_Phase.SEQUENCE.Test_Question	LOADING RESOURCE SURFACE FROM DISK
1749490.995	Test_Phase.SEQUENCE.Word	LOADING RESOURCE SURFACE FROM DISK
1758274.783	Test_Phase.SEQUENCE.Word	LOADING RESOURCE SURFACE FROM DISK
1766591.01	Test_Phase.SEQUENCE.Word	LOADING RESOURCE SURFACE FROM DISK
1774291.098	Test_Phase.SEQUENCE.Word	LOADING RESOURCE SURFACE FROM DISK
1783624.285	Test_Phase.SEQUENCE.Word	LOADING RESOURCE SURFACE FROM DISK
1793957.723	Test_Phase.SEQUENCE.Word	LOADING RESOURCE SURFACE FROM DISK
1801907.8	Test_Phase.SEQUENCE.Word	LOADING RESOURCE SURFACE FROM DISK
1810657.68	Test_Phase.SEQUENCE.Word	LOADING RESOURCE SURFACE FROM DISK
1819191.164	Test_Phase.SEQUENCE.Word	LOADING RESOURCE SURFACE FROM DISK
1827924.406	Test_Phase.SEQUENCE.Word	LOADING RESOURCE SURFACE FROM DISK
1836278.912	Test_Phase.SEQUENCE.Word	LOADING RESOURCE SURFACE FROM DISK
1844457.914	Test_Phase.SEQUENCE.Word	LOADING RESOURCE SURFACE FROM DISK
1853224.744	Test_Phase.SEQUENCE.Word	LOADING RESOURCE SURFACE FROM DISK
1861557.642	Test_Phase.SEQUENCE.Word	LOADING RESOURCE SURFACE FROM DISK
1870024.268	Test_Phase.SEQUENCE.Word	LOADING RESOURCE SURFACE FROM DISK
1878717.02	Test_Phase.SEQUENCE.Word	LOADING RESOURCE SURFACE FROM DISK
1887427.023	Test_Phase.SEQUENCE.Word	LOADING RESOURCE SURFACE FROM DISK
1895031.254	Test_Phase.SEQUENCE.Word	LOADING RESOURCE SURFACE FROM DISK
1902957.796	Test_Phase.SEQUENCE.Word	LOADING RESOURCE SURFACE FROM DISK
1910265.314	Test_Phase.SEQUENCE.Word	LOADING RESOURCE SURFACE FROM DISK
1918401.666	Test_Phase.SEQUENCE.Word	LOADING RESOURCE SURFACE FROM DISK
1926174.287	Test_Phase.SEQUENCE.Word	LOADING RESOURCE SURFACE FROM DISK
1933510.757	Test_Phase.SEQUENCE.Word	LOADING RESOURCE SURFACE FROM DISK
1940757.953	Test_Phase.SEQUENCE.Word	LOADING RESOURCE SURFACE FROM DISK
1948091.221	Test_Phase.SEQUENCE.Word	LOADING RESOURCE SURFACE FROM DISK
1955994.92	Test_Phase.SEQUENCE.Word	LOADING RESOURCE SURFACE FROM DISK
1964391.055	Test_Phase.SEQUENCE.Word	LOADING RESOURCE SURFACE FROM DISK
1971707.743	Test_Phase.SEQUENCE.Word	LOADING RESOURCE SURFACE FROM DISK
1978874.556	Test_Phase.SEQUENCE.Word	LOADING RESOURCE SURFACE FROM DISK
1986658.489	Test_Phase.SEQUENCE.Word	LOADING RESOURCE SURFACE FROM DISK
1994026.645	Test_Phase.SEQUENCE.Word	LOADING RESOURCE SURFACE FROM DISK
2003107.91	Test_Phase.SEQUENCE.Word	LOADING RESOURCE SURFACE FROM DISK
2010274.38	Test_Phase.SEQUENCE.Word	LOADING RESOURCE SURFACE FROM DISK
2018257.705	Test_Phase.SEQUENCE.Word	LOADING RESOURCE SURFACE FROM DISK
2025760.444	Test_Phase.SEQUENCE.Word	LOADING RESOURCE SURFACE FROM DISK
2033224.34	Test_Phase.SEQUENCE.Word	LOADING RESOURCE SURFACE FROM DISK
2040991.122	Test_Phase.SEQUENCE.Word	LOADING RESOURCE SURFACE FROM DISK
2048276.43	Test_Phase.SEQUENCE.Word	LOADING RESOURCE SURFACE FROM DISK
2055541.345	Test_Phase.SEQUENCE.Word	LOADING RESOURCE SURFACE FROM DISK
2062760.889	Test_Phase.SEQUENCE.Word	LOADING RESOURCE SURFACE FROM DISK
2070007.852	Test_Phase.SEQUENCE.Word	LOADING RESOURCE SURFACE FROM DISK
2077107.747	Test_Phase.SEQUENCE.Word	LOADING RESOURCE SURFACE FROM DISK
2085258.78	Test_Phase.SEQUENCE.Word	LOADING RESOURCE SURFACE FROM DISK
2094874.717	Test_Phase.SEQUENCE.Word	LOADING RESOURCE SURFACE FROM DISK
2102041.236	Test_Phase.SEQUENCE.Word	LOADING RESOURCE SURFACE FROM DISK
2109646.917	Test_Phase.SEQUENCE.Word	LOADING RESOURCE SURFACE FROM DISK
2117141.003	Test_Phase.SEQUENCE.Word	LOADING RESOURCE SURFACE FROM DISK
2126207.732	Test_Phase.SEQUENCE.Word	LOADING RESOURCE SURFACE FROM DISK
2133974.276	Test_Phase.SEQUENCE.Word	LOADING RESOURCE SURFACE FROM DISK
2141391.263	Test_Phase.SEQUENCE.Word	LOADING RESOURCE SURFACE FROM DISK
2148841.046	Test_Phase.SEQUENCE.Word	LOADING RESOURCE SURFACE FROM DISK
2156107.901	Test_Phase.SEQUENCE.Word	LOADING RESOURCE SURFACE FROM DISK
2163376.415	Test_Phase.SEQUENCE.Word	LOADING RESOURCE SURFACE FROM DISK
2170644.243	Test_Phase.SEQUENCE.Word	LOADING RESOURCE SURFACE FROM DISK
2177857.747	Test_Phase.SEQUENCE.Word	LOADING RESOURCE SURFACE FROM DISK
2185027.6	Test_Phase.SEQUENCE.Word	LOADING RESOURCE SURFACE FROM DISK
2192524.437	Test_Phase.SEQUENCE.Word	LOADING RESOURCE SURFACE FROM DISK
2200174.528	Test_Phase.SEQUENCE.Word	LOADING RESOURCE SURFACE FROM DISK
2207574.373	Test_Phase.SEQUENCE.Word	LOADING RESOURCE SURFACE FROM DISK
2215207.694	Test_Phase.SEQUENCE.Word	LOADING RESOURCE SURFACE FROM DISK
2222742.897	Test_Phase.SEQUENCE.Word	LOADING RESOURCE SURFACE FROM DISK
2230116.918	Test_Phase.SEQUENCE.Word	LOADING RESOURCE SURFACE FROM DISK
2237957.678	Test_Phase.SEQUENCE.Word	LOADING RESOURCE SURFACE FROM DISK
2245541.105	Test_Phase.SEQUENCE.Word	LOADING RESOURCE SURFACE FROM DISK
2253916.709	Test_Phase.SEQUENCE.Word	LOADING RESOURCE SURFACE FROM DISK
2261124.431	Test_Phase.SEQUENCE.Word	LOADING RESOURCE SURFACE FROM DISK
2268390.989	Test_Phase.SEQUENCE.Word	LOADING RESOURCE SURFACE FROM DISK
2283009.039	Test_Phase.SEQUENCE.Word	LOADING RESOURCE SURFACE FROM DISK
2290207.758	Test_Phase.SEQUENCE.Word	LOADING RESOURCE SURFACE FROM DISK
2297857.755	Test_Phase.SEQUENCE.Word	LOADING RESOURCE SURFACE FROM DISK
2306348.911	Test_Phase.SEQUENCE.Word	LOADING RESOURCE SURFACE FROM DISK
2313840.944	Test_Phase.SEQUENCE.Word	LOADING RESOURCE SURFACE FROM DISK
2321617.115	Test_Phase.SEQUENCE.Word	LOADING RESOURCE SURFACE FROM DISK
2328907.137	Test_Phase.SEQUENCE.Word	LOADING RESOURCE SURFACE FROM DISK
2338048.294	Test_Phase.SEQUENCE.Word	LOADING RESOURCE SURFACE FROM DISK
2345691.224	Test_Phase.SEQUENCE.Word	LOADING RESOURCE SURFACE FROM DISK
2352957.684	Test_Phase.SEQUENCE.Word	LOADING RESOURCE SURFACE FROM DISK
2360074.262	Test_Phase.SEQUENCE.Word	LOADING RESOURCE SURFACE FROM DISK
2367527.699	Test_Phase.SEQUENCE.Word	LOADING RESOURCE SURFACE FROM DISK
2375774.38	Test_Phase.SEQUENCE.Word	LOADING RESOURCE SURFACE FROM DISK
2383948.06	Test_Phase.SEQUENCE.Word	LOADING RESOURCE SURFACE FROM DISK
2391291.023	Test_Phase.SEQUENCE.Word	LOADING RESOURCE SURFACE FROM DISK
2398424.705	Test_Phase.SEQUENCE.Word	LOADING RESOURCE SURFACE FROM DISK
2405790.986	Test_Phase.SEQUENCE.Word	LOADING RESOURCE SURFACE FROM DISK
2412903.275	Test_Phase.SEQUENCE.Word	LOADING RESOURCE SURFACE FROM DISK
2419974.279	Test_Phase.SEQUENCE.Word	LOADING RESOURCE SURFACE FROM DISK
2428941.269	Test_Phase.SEQUENCE.Word	LOADING RESOURCE SURFACE FROM DISK
2436307.588	Test_Phase.SEQUENCE.Word	LOADING RESOURCE SURFACE FROM DISK
2444957.829	Test_Phase.SEQUENCE.Word	LOADING RESOURCE SURFACE FROM DISK
2452024.687	Test_Phase.SEQUENCE.Word	LOADING RESOURCE SURFACE FROM DISK
2459401.355	Test_Phase.SEQUENCE.Word	LOADING RESOURCE SURFACE FROM DISK
2466774.376	Test_Phase.SEQUENCE.Word	LOADING RESOURCE SURFACE FROM DISK
2474133.859	Test_Phase.SEQUENCE.Word	LOADING RESOURCE SURFACE FROM DISK
2481474.4	Test_Phase.SEQUENCE.Word	LOADING RESOURCE SURFACE FROM DISK
2488579.503	Test_Phase.SEQUENCE.Word	LOADING RESOURCE SURFACE FROM DISK
2496709.095	Test_Phase.SEQUENCE.Word	LOADING RESOURCE SURFACE FROM DISK
2503945.701	Test_Phase.SEQUENCE.Word	LOADING RESOURCE SURFACE FROM DISK
2510974.35	Test_Phase.SEQUENCE.Word	LOADING RESOURCE SURFACE FROM DISK
2518541.228	Test_Phase.SEQUENCE.Word	LOADING RESOURCE SURFACE FROM DISK
2525641.898	Test_Phase.SEQUENCE.Word	LOADING RESOURCE SURFACE FROM DISK
2532678.189	Test_Phase.SEQUENCE.Word	LOADING RESOURCE SURFACE FROM DISK
2540574.539	Test_Phase.SEQUENCE.Word	LOADING RESOURCE SURFACE FROM DISK
2547590.982	Test_Phase.SEQUENCE.Word	LOADING RESOURCE SURFACE FROM DISK
2554807.66	Test_Phase.SEQUENCE.Word	LOADING RESOURCE SURFACE FROM DISK
2561857.773	Test_Phase.SEQUENCE.Word	LOADING RESOURCE SURFACE FROM DISK
2569107.73	Test_Phase.SEQUENCE.Word	LOADING RESOURCE SURFACE FROM DISK
2576299.836	Test_Phase.SEQUENCE.Word	LOADING RESOURCE SURFACE FROM DISK
2583440.306	Test_Phase.SEQUENCE.Word	LOADING RESOURCE SURFACE FROM DISK
2590924.423	Test_Phase.SEQUENCE.Word	LOADING RESOURCE SURFACE FROM DISK
2598024.429	Test_Phase.SEQUENCE.Word	LOADING RESOURCE SURFACE FROM DISK
2605057.729	Test_Phase.SEQUENCE.Word	LOADING RESOURCE SURFACE FROM DISK
2612124.288	Test_Phase.SEQUENCE.Word	LOADING RESOURCE SURFACE FROM DISK
2619757.781	Test_Phase.SEQUENCE.Word	LOADING RESOURCE SURFACE FROM DISK
2626924.281	Test_Phase.SEQUENCE.Word	LOADING RESOURCE SURFACE FROM DISK
2634115.117	Test_Phase.SEQUENCE.Word	LOADING RESOURCE SURFACE FROM DISK
2641198.879	Test_Phase.SEQUENCE.Word	LOADING RESOURCE SURFACE FROM DISK
2649040.508	Test_Phase.SEQUENCE.Word	LOADING RESOURCE SURFACE FROM DISK
2656126.07	Test_Phase.SEQUENCE.Word	LOADING RESOURCE SURFACE FROM DISK
2663407.734	Test_Phase.SEQUENCE.Word	LOADING RESOURCE SURFACE FROM DISK
2670591.179	Test_Phase.SEQUENCE.Word	LOADING RESOURCE SURFACE FROM DISK
2677827.586	Test_Phase.SEQUENCE.Word	LOADING RESOURCE SURFACE FROM DISK
2684957.773	Test_Phase.SEQUENCE.Word	LOADING RESOURCE SURFACE FROM DISK
2692441.172	Test_Phase.SEQUENCE.Word	LOADING RESOURCE SURFACE FROM DISK
2699574.841	Test_Phase.SEQUENCE.Word	LOADING RESOURCE SURFACE FROM DISK
2706671.2	Test_Phase.SEQUENCE.Word	LOADING RESOURCE SURFACE FROM DISK
2713791.05	Test_Phase.SEQUENCE.Word	LOADING RESOURCE SURFACE FROM DISK
2720916.232	Test_Phase.SEQUENCE.Word	LOADING RESOURCE SURFACE FROM DISK
2728074.341	Test_Phase.SEQUENCE.Word	LOADING RESOURCE SURFACE FROM DISK
2735207.769	Test_Phase.SEQUENCE.Word	LOADING RESOURCE SURFACE FROM DISK
2742557.699	Test_Phase.SEQUENCE.Word	LOADING RESOURCE SURFACE FROM DISK
2750264.88	Test_Phase.SEQUENCE.Word	LOADING RESOURCE SURFACE FROM DISK
2757491.03	Test_Phase.SEQUENCE.Word	LOADING RESOURCE SURFACE FROM DISK
2764591.35	Test_Phase.SEQUENCE.Word	LOADING RESOURCE SURFACE FROM DISK
2771912.407	Test_Phase.SEQUENCE.Word	LOADING RESOURCE SURFACE FROM DISK
2779301.031	Test_Phase.SEQUENCE.Word	LOADING RESOURCE SURFACE FROM DISK
2787474.378	Test_Phase.SEQUENCE.Word	LOADING RESOURCE SURFACE FROM DISK
2794512.493	Test_Phase.SEQUENCE.Word	LOADING RESOURCE SURFACE FROM DISK
2801623.886	Test_Phase.SEQUENCE.Word	LOADING RESOURCE SURFACE FROM DISK
2808641.327	Test_Phase.SEQUENCE.Word	LOADING RESOURCE SURFACE FROM DISK
2815708.01	Test_Phase.SEQUENCE.Word	LOADING RESOURCE SURFACE FROM DISK
2823425.909	Test_Phase.SEQUENCE.Word	LOADING RESOURCE SURFACE FROM DISK
2830707.75	Test_Phase.SEQUENCE.Word	LOADING RESOURCE SURFACE FROM DISK
2837798.146	Test_Phase.SEQUENCE.Word	LOADING RESOURCE SURFACE FROM DISK
2845067.257	Test_Phase.SEQUENCE.Word	LOADING RESOURCE SURFACE FROM DISK
2852224.054	Test_Phase.SEQUENCE.Word	LOADING RESOURCE SURFACE FROM DISK
2859241.108	Test_Phase.SEQUENCE.Word	LOADING RESOURCE SURFACE FROM DISK
2866829.728	Test_Phase.SEQUENCE.Word	LOADING RESOURCE SURFACE FROM DISK
2874624.303	Test_Phase.SEQUENCE.Word	LOADING RESOURCE SURFACE FROM DISK
2881931.145	Test_Phase.SEQUENCE.Word	LOADING RESOURCE SURFACE FROM DISK
2888974.737	Test_Phase.SEQUENCE.Word	LOADING RESOURCE SURFACE FROM DISK
2896076.416	Test_Phase.SEQUENCE.Word	LOADING RESOURCE SURFACE FROM DISK
2903262.564	Test_Phase.SEQUENCE.Word	LOADING RESOURCE SURFACE FROM DISK
2910324.54	Test_Phase.SEQUENCE.Word	LOADING RESOURCE SURFACE FROM DISK
2918042.807	Test_Phase.SEQUENCE.Word	LOADING RESOURCE SURFACE FROM DISK
2925074.283	Test_Phase.SEQUENCE.Word	LOADING RESOURCE SURFACE FROM DISK
2932128.885	Test_Phase.SEQUENCE.Word	LOADING RESOURCE SURFACE FROM DISK
2939541.0	Test_Phase.SEQUENCE.Word	LOADING RESOURCE SURFACE FROM DISK
2947650.439	Test_Phase.SEQUENCE.Word	LOADING RESOURCE SURFACE FROM DISK
2954807.993	Test_Phase.SEQUENCE.Word	LOADING RESOURCE SURFACE FROM DISK
2961992.309	Test_Phase.SEQUENCE.Word	LOADING RESOURCE SURFACE FROM DISK
2969163.458	Test_Phase.SEQUENCE.Word	LOADING RESOURCE SURFACE FROM DISK
2976384.647	Test_Phase.SEQUENCE.Word	LOADING RESOURCE SURFACE FROM DISK
2983907.88	Test_Phase.SEQUENCE.Word	LOADING RESOURCE SURFACE FROM DISK
2991091.195	Test_Phase.SEQUENCE.Word	LOADING RESOURCE SURFACE FROM DISK
2999182.806	Test_Phase.SEQUENCE.Word	LOADING RESOURCE SURFACE FROM DISK
3007124.427	Test_Phase.SEQUENCE.Word	LOADING RESOURCE SURFACE FROM DISK
3014241.263	Test_Phase.SEQUENCE.Word	LOADING RESOURCE SURFACE FROM DISK
3021494.536	Test_Phase.SEQUENCE.Word	LOADING RESOURCE SURFACE FROM DISK
3028641.074	Test_Phase.SEQUENCE.Word	LOADING RESOURCE SURFACE FROM DISK
3036207.837	Test_Phase.SEQUENCE.Word	LOADING RESOURCE SURFACE FROM DISK
3043391.008	Test_Phase.SEQUENCE.Word	LOADING RESOURCE SURFACE FROM DISK
3050507.571	Test_Phase.SEQUENCE.Word	LOADING RESOURCE SURFACE FROM DISK
3057657.862	Test_Phase.SEQUENCE.Word	LOADING RESOURCE SURFACE FROM DISK
3065091.698	Test_Phase.SEQUENCE.Word	LOADING RESOURCE SURFACE FROM DISK
3072381.188	Test_Phase.SEQUENCE.Word	LOADING RESOURCE SURFACE FROM DISK
3079549.193	Test_Phase.SEQUENCE.Word	LOADING RESOURCE SURFACE FROM DISK
3086624.267	Test_Phase.SEQUENCE.Word	LOADING RESOURCE SURFACE FROM DISK
3093894.616	Test_Phase.SEQUENCE.Word	LOADING RESOURCE SURFACE FROM DISK
3102344.906	Test_Phase.SEQUENCE.Word	LOADING RESOURCE SURFACE FROM DISK
3109660.226	Test_Phase.SEQUENCE.Word	LOADING RESOURCE SURFACE FROM DISK
3116881.78	Test_Phase.SEQUENCE.Word	LOADING RESOURCE SURFACE FROM DISK
3124557.812	Test_Phase.SEQUENCE.Word	LOADING RESOURCE SURFACE FROM DISK
3132507.844	Test_Phase.SEQUENCE.Word	LOADING RESOURCE SURFACE FROM DISK
3140644.889	Test_Phase.SEQUENCE.Word	LOADING RESOURCE SURFACE FROM DISK
3148291.42	Test_Phase.SEQUENCE.Word	LOADING RESOURCE SURFACE FROM DISK
3155990.524	Test_Phase.SEQUENCE.Word	LOADING RESOURCE SURFACE FROM DISK
3163677.711	Test_Phase.SEQUENCE.Word	LOADING RESOURCE SURFACE FROM DISK
3170779.356	Test_Phase.SEQUENCE.Word	LOADING RESOURCE SURFACE FROM DISK
3178007.685	Test_Phase.SEQUENCE.Word	LOADING RESOURCE SURFACE FROM DISK
3185178.194	Test_Phase.SEQUENCE.Word	LOADING RESOURCE SURFACE FROM DISK
3192940.977	Test_Phase.SEQUENCE.Word	LOADING RESOURCE SURFACE FROM DISK
3200991.306	Test_Phase.SEQUENCE.Word	LOADING RESOURCE SURFACE FROM DISK
3209007.776	Test_Phase.SEQUENCE.Word	LOADING RESOURCE SURFACE FROM DISK
3216180.886	Test_Phase.SEQUENCE.Word	LOADING RESOURCE SURFACE FROM DISK
3224191.111	Test_Phase.SEQUENCE.Word	LOADING RESOURCE SURFACE FROM DISK
3231090.993	Test_Phase.SEQUENCE.Word	LOADING RESOURCE SURFACE FROM DISK
3238874.416	Test_Phase.SEQUENCE.Word	LOADING RESOURCE SURFACE FROM DISK
3246676.952	Test_Phase.SEQUENCE.Word	LOADING RESOURCE SURFACE FROM DISK
3250199.87	DISPLAY_SCREEN	LOADING RESOURCE SURFACE FROM DISK
