4711.078	DISPLAY_SCREEN[1]	LOADING RESOURCE SURFACE FROM DISK
1419872.02	Familiarization_Phase.SEQUENCE.Cue_and_Instruction	LOADING RESOURCE SURFACE FROM DISK
1419884.153	Familiarization_Phase.SEQUENCE.Cue_and_Instruction	LOADING RESOURCE SURFACE FROM DISK
1425959.284	Familiarization_Phase.SEQUENCE.Cue_and_Instruction	LOADING RESOURCE SURFACE FROM DISK
1425963.507	Familiarization_Phase.SEQUENCE.Cue_and_Instruction	LOADING RESOURCE SURFACE FROM DISK
1432044.034	Familiarization_Phase.SEQUENCE.Cue_and_Instruction	LOADING RESOURCE SURFACE FROM DISK
1432048.165	Familiarization_Phase.SEQUENCE.Cue_and_Instruction	LOADING RESOURCE SURFACE FROM DISK
1474171.233	DISPLAY_SCREEN[3]	LOADING RESOURCE SURFACE FROM DISK
1488415.318	DISPLAY_SCREEN[5]	LOADING RESOURCE SURFACE FROM DISK
1588979.346	Practice_Phase.SEQUENCE.Blink_Screen	LOADING RESOURCE SURFACE FROM DISK
1590183.44	Practice_Phase.SEQUENCE.Practice_Luminance_Cue	LOADING RESOURCE SURFACE FROM DISK
1590185.735	Practice_Phase.SEQUENCE.Practice_Luminance_Cue	LOADING RESOURCE SURFACE FROM DISK
1590683.19	Practice_Phase.SEQUENCE.DISPLAY_SCREEN	LOADING RESOURCE SURFACE FROM DISK
1592180.121	Practice_Phase.SEQUENCE.Practice_Instruction	LOADING RESOURCE SURFACE FROM DISK
1598863.525	Practice_Phase.SEQUENCE.DISPLAY_SCREEN	LOADING RESOURCE SURFACE FROM DISK
1598865.178	Practice_Phase.SEQUENCE.DISPLAY_SCREEN	flip time is later than desired time. Desired Time=1598785 Flip Time=1598885 Retrace Rate=16.644, prepareTime=104 flip request time 1598865
1600363.28	Practice_Phase.SEQUENCE.Practice_Instruction	LOADING RESOURCE SURFACE FROM DISK
1606933.331	Practice_Phase.SEQUENCE.DISPLAY_SCREEN	LOADING RESOURCE SURFACE FROM DISK
1608429.722	Practice_Phase.SEQUENCE.Practice_Instruction	LOADING RESOURCE SURFACE FROM DISK
1614999.961	Practice_Phase.SEQUENCE.DISPLAY_SCREEN	LOADING RESOURCE SURFACE FROM DISK
1616496.605	Practice_Phase.SEQUENCE.Practice_Instruction	LOADING RESOURCE SURFACE FROM DISK
1623066.282	Practice_Phase.SEQUENCE.DISPLAY_SCREEN	LOADING RESOURCE SURFACE FROM DISK
1624563.414	Practice_Phase.SEQUENCE.Practice_Instruction	LOADING RESOURCE SURFACE FROM DISK
1631133.254	Practice_Phase.SEQUENCE.DISPLAY_SCREEN	LOADING RESOURCE SURFACE FROM DISK
1632629.943	Practice_Phase.SEQUENCE.Practice_Instruction	LOADING RESOURCE SURFACE FROM DISK
1639199.963	Practice_Phase.SEQUENCE.DISPLAY_SCREEN	LOADING RESOURCE SURFACE FROM DISK
1640696.378	Practice_Phase.SEQUENCE.Practice_Instruction	LOADING RESOURCE SURFACE FROM DISK
1647266.319	Practice_Phase.SEQUENCE.DISPLAY_SCREEN	LOADING RESOURCE SURFACE FROM DISK
1648763.217	Practice_Phase.SEQUENCE.Practice_Instruction	LOADING RESOURCE SURFACE FROM DISK
1655333.08	Practice_Phase.SEQUENCE.DISPLAY_SCREEN	LOADING RESOURCE SURFACE FROM DISK
1656830.016	Practice_Phase.SEQUENCE.Practice_Instruction	LOADING RESOURCE SURFACE FROM DISK
1661496.616	DISPLAY_SCREEN[2]	LOADING RESOURCE SURFACE FROM DISK
1831674.702	Study_Phase.SEQUENCE.DISPLAY_SCREEN	LOADING RESOURCE SURFACE FROM DISK
1833466.165	Study_Phase.SEQUENCE.Study_Instruction	LOADING RESOURCE SURFACE FROM DISK
1840224.795	Study_Phase.SEQUENCE.DISPLAY_SCREEN	LOADING RESOURCE SURFACE FROM DISK
1841738.463	Study_Phase.SEQUENCE.Study_Instruction	LOADING RESOURCE SURFACE FROM DISK
1850005.155	Study_Phase.SEQUENCE.Study_Instruction	LOADING RESOURCE SURFACE FROM DISK
1856758.299	Study_Phase.SEQUENCE.DISPLAY_SCREEN	LOADING RESOURCE SURFACE FROM DISK
1858271.786	Study_Phase.SEQUENCE.Study_Instruction	LOADING RESOURCE SURFACE FROM DISK
1866538.665	Study_Phase.SEQUENCE.Study_Instruction	LOADING RESOURCE SURFACE FROM DISK
1873291.701	Study_Phase.SEQUENCE.DISPLAY_SCREEN	LOADING RESOURCE SURFACE FROM DISK
1874805.101	Study_Phase.SEQUENCE.Study_Instruction	LOADING RESOURCE SURFACE FROM DISK
1883054.666	Study_Phase.SEQUENCE.Study_Instruction	LOADING RESOURCE SURFACE FROM DISK
1889808.135	Study_Phase.SEQUENCE.DISPLAY_SCREEN	LOADING RESOURCE SURFACE FROM DISK
1891321.68	Study_Phase.SEQUENCE.Study_Instruction	LOADING RESOURCE SURFACE FROM DISK
1899587.952	Study_Phase.SEQUENCE.Study_Instruction	LOADING RESOURCE SURFACE FROM DISK
1907838.08	Study_Phase.SEQUENCE.Study_Instruction	LOADING RESOURCE SURFACE FROM DISK
1916105.173	Study_Phase.SEQUENCE.Study_Instruction	LOADING RESOURCE SURFACE FROM DISK
1922858.094	Study_Phase.SEQUENCE.DISPLAY_SCREEN	LOADING RESOURCE SURFACE FROM DISK
1924371.952	Study_Phase.SEQUENCE.Study_Instruction	LOADING RESOURCE SURFACE FROM DISK
1932638.692	Study_Phase.SEQUENCE.Study_Instruction	LOADING RESOURCE SURFACE FROM DISK
1939391.511	Study_Phase.SEQUENCE.DISPLAY_SCREEN	LOADING RESOURCE SURFACE FROM DISK
1940905.157	Study_Phase.SEQUENCE.Study_Instruction	LOADING RESOURCE SURFACE FROM DISK
1949171.531	Study_Phase.SEQUENCE.Study_Instruction	LOADING RESOURCE SURFACE FROM DISK
1957505.231	Study_Phase.SEQUENCE.Study_Instruction	LOADING RESOURCE SURFACE FROM DISK
1964258.016	Study_Phase.SEQUENCE.DISPLAY_SCREEN	LOADING RESOURCE SURFACE FROM DISK
1965771.655	Study_Phase.SEQUENCE.Study_Instruction	LOADING RESOURCE SURFACE FROM DISK
1974037.883	Study_Phase.SEQUENCE.Study_Instruction	LOADING RESOURCE SURFACE FROM DISK
1982288.473	Study_Phase.SEQUENCE.Study_Instruction	LOADING RESOURCE SURFACE FROM DISK
1989024.873	Study_Phase.SEQUENCE.DISPLAY_SCREEN	LOADING RESOURCE SURFACE FROM DISK
1990538.565	Study_Phase.SEQUENCE.Study_Instruction	LOADING RESOURCE SURFACE FROM DISK
1998805.233	Study_Phase.SEQUENCE.Study_Instruction	LOADING RESOURCE SURFACE FROM DISK
2005558.178	Study_Phase.SEQUENCE.DISPLAY_SCREEN	LOADING RESOURCE SURFACE FROM DISK
2007125.856	Study_Phase.SEQUENCE.Study_Instruction	LOADING RESOURCE SURFACE FROM DISK
2013891.306	Study_Phase.SEQUENCE.DISPLAY_SCREEN	LOADING RESOURCE SURFACE FROM DISK
2015404.986	Study_Phase.SEQUENCE.Study_Instruction	LOADING RESOURCE SURFACE FROM DISK
2022158.03	Study_Phase.SEQUENCE.DISPLAY_SCREEN	LOADING RESOURCE SURFACE FROM DISK
2023671.808	Study_Phase.SEQUENCE.Study_Instruction	LOADING RESOURCE SURFACE FROM DISK
2031937.893	Study_Phase.SEQUENCE.Study_Instruction	LOADING RESOURCE SURFACE FROM DISK
2040204.637	Study_Phase.SEQUENCE.Study_Instruction	LOADING RESOURCE SURFACE FROM DISK
2048471.28	Study_Phase.SEQUENCE.Study_Instruction	LOADING RESOURCE SURFACE FROM DISK
2055224.821	Study_Phase.SEQUENCE.DISPLAY_SCREEN	LOADING RESOURCE SURFACE FROM DISK
2056738.392	Study_Phase.SEQUENCE.Study_Instruction	LOADING RESOURCE SURFACE FROM DISK
2065005.203	Study_Phase.SEQUENCE.Study_Instruction	LOADING RESOURCE SURFACE FROM DISK
2071758.167	Study_Phase.SEQUENCE.DISPLAY_SCREEN	LOADING RESOURCE SURFACE FROM DISK
2073311.729	Study_Phase.SEQUENCE.Study_Instruction	LOADING RESOURCE SURFACE FROM DISK
2081571.237	Study_Phase.SEQUENCE.Study_Instruction	LOADING RESOURCE SURFACE FROM DISK
2089875.607	Study_Phase.SEQUENCE.Study_Instruction	LOADING RESOURCE SURFACE FROM DISK
2096624.672	Study_Phase.SEQUENCE.DISPLAY_SCREEN	LOADING RESOURCE SURFACE FROM DISK
2098172.291	Study_Phase.SEQUENCE.Study_Instruction	LOADING RESOURCE SURFACE FROM DISK
2106438.359	Study_Phase.SEQUENCE.Study_Instruction	LOADING RESOURCE SURFACE FROM DISK
2114704.637	Study_Phase.SEQUENCE.Study_Instruction	LOADING RESOURCE SURFACE FROM DISK
2121458.245	Study_Phase.SEQUENCE.DISPLAY_SCREEN	LOADING RESOURCE SURFACE FROM DISK
2122971.773	Study_Phase.SEQUENCE.Study_Instruction	LOADING RESOURCE SURFACE FROM DISK
2131237.946	Study_Phase.SEQUENCE.Study_Instruction	LOADING RESOURCE SURFACE FROM DISK
2137991.439	Study_Phase.SEQUENCE.DISPLAY_SCREEN	LOADING RESOURCE SURFACE FROM DISK
2139505.155	Study_Phase.SEQUENCE.Study_Instruction	LOADING RESOURCE SURFACE FROM DISK
2147771.725	Study_Phase.SEQUENCE.Study_Instruction	LOADING RESOURCE SURFACE FROM DISK
2154524.984	Study_Phase.SEQUENCE.DISPLAY_SCREEN	LOADING RESOURCE SURFACE FROM DISK
2156038.434	Study_Phase.SEQUENCE.Study_Instruction	LOADING RESOURCE SURFACE FROM DISK
2164304.53	Study_Phase.SEQUENCE.Study_Instruction	LOADING RESOURCE SURFACE FROM DISK
2171058.025	Study_Phase.SEQUENCE.DISPLAY_SCREEN	LOADING RESOURCE SURFACE FROM DISK
2172571.784	Study_Phase.SEQUENCE.Study_Instruction	LOADING RESOURCE SURFACE FROM DISK
2180838.468	Study_Phase.SEQUENCE.Study_Instruction	LOADING RESOURCE SURFACE FROM DISK
2189104.574	Study_Phase.SEQUENCE.Study_Instruction	LOADING RESOURCE SURFACE FROM DISK
2195858.144	Study_Phase.SEQUENCE.DISPLAY_SCREEN	LOADING RESOURCE SURFACE FROM DISK
2197371.794	Study_Phase.SEQUENCE.Study_Instruction	LOADING RESOURCE SURFACE FROM DISK
2205621.775	Study_Phase.SEQUENCE.Study_Instruction	LOADING RESOURCE SURFACE FROM DISK
2213887.964	Study_Phase.SEQUENCE.Study_Instruction	LOADING RESOURCE SURFACE FROM DISK
2222137.912	Study_Phase.SEQUENCE.Study_Instruction	LOADING RESOURCE SURFACE FROM DISK
2230404.539	Study_Phase.SEQUENCE.Study_Instruction	LOADING RESOURCE SURFACE FROM DISK
2237141.416	Study_Phase.SEQUENCE.DISPLAY_SCREEN	LOADING RESOURCE SURFACE FROM DISK
2238655.197	Study_Phase.SEQUENCE.Study_Instruction	LOADING RESOURCE SURFACE FROM DISK
2246921.336	Study_Phase.SEQUENCE.Study_Instruction	LOADING RESOURCE SURFACE FROM DISK
2255229.464	Study_Phase.SEQUENCE.Study_Instruction	LOADING RESOURCE SURFACE FROM DISK
2261991.306	Study_Phase.SEQUENCE.DISPLAY_SCREEN	LOADING RESOURCE SURFACE FROM DISK
2263505.098	Study_Phase.SEQUENCE.Study_Instruction	LOADING RESOURCE SURFACE FROM DISK
2271771.791	Study_Phase.SEQUENCE.Study_Instruction	LOADING RESOURCE SURFACE FROM DISK
2278524.682	Study_Phase.SEQUENCE.DISPLAY_SCREEN	LOADING RESOURCE SURFACE FROM DISK
2280038.488	Study_Phase.SEQUENCE.Study_Instruction	LOADING RESOURCE SURFACE FROM DISK
2286791.588	Study_Phase.SEQUENCE.DISPLAY_SCREEN	LOADING RESOURCE SURFACE FROM DISK
2288339.685	Study_Phase.SEQUENCE.Study_Instruction	LOADING RESOURCE SURFACE FROM DISK
2296605.357	Study_Phase.SEQUENCE.Study_Instruction	LOADING RESOURCE SURFACE FROM DISK
2303358.26	Study_Phase.SEQUENCE.DISPLAY_SCREEN	LOADING RESOURCE SURFACE FROM DISK
2304871.945	Study_Phase.SEQUENCE.Study_Instruction	LOADING RESOURCE SURFACE FROM DISK
2313137.997	Study_Phase.SEQUENCE.Study_Instruction	LOADING RESOURCE SURFACE FROM DISK
2321405.209	Study_Phase.SEQUENCE.Study_Instruction	LOADING RESOURCE SURFACE FROM DISK
2329671.245	Study_Phase.SEQUENCE.Study_Instruction	LOADING RESOURCE SURFACE FROM DISK
2336424.933	Study_Phase.SEQUENCE.DISPLAY_SCREEN	LOADING RESOURCE SURFACE FROM DISK
2337938.5	Study_Phase.SEQUENCE.Study_Instruction	LOADING RESOURCE SURFACE FROM DISK
2344691.623	Study_Phase.SEQUENCE.DISPLAY_SCREEN	LOADING RESOURCE SURFACE FROM DISK
2346242.493	Study_Phase.SEQUENCE.Study_Instruction	LOADING RESOURCE SURFACE FROM DISK
2354487.824	Study_Phase.SEQUENCE.Study_Instruction	LOADING RESOURCE SURFACE FROM DISK
2362738.504	Study_Phase.SEQUENCE.Study_Instruction	LOADING RESOURCE SURFACE FROM DISK
2371054.6	Study_Phase.SEQUENCE.Study_Instruction	LOADING RESOURCE SURFACE FROM DISK
2379321.235	Study_Phase.SEQUENCE.Study_Instruction	LOADING RESOURCE SURFACE FROM DISK
2386074.626	Study_Phase.SEQUENCE.DISPLAY_SCREEN	LOADING RESOURCE SURFACE FROM DISK
2387588.494	Study_Phase.SEQUENCE.Study_Instruction	LOADING RESOURCE SURFACE FROM DISK
2395855.123	Study_Phase.SEQUENCE.Study_Instruction	LOADING RESOURCE SURFACE FROM DISK
2402591.533	Study_Phase.SEQUENCE.DISPLAY_SCREEN	LOADING RESOURCE SURFACE FROM DISK
2404105.293	Study_Phase.SEQUENCE.Study_Instruction	LOADING RESOURCE SURFACE FROM DISK
2410858.177	Study_Phase.SEQUENCE.DISPLAY_SCREEN	LOADING RESOURCE SURFACE FROM DISK
2412371.814	Study_Phase.SEQUENCE.Study_Instruction	LOADING RESOURCE SURFACE FROM DISK
2420638.774	Study_Phase.SEQUENCE.Study_Instruction	LOADING RESOURCE SURFACE FROM DISK
2427374.737	Study_Phase.SEQUENCE.DISPLAY_SCREEN	LOADING RESOURCE SURFACE FROM DISK
2428888.419	Study_Phase.SEQUENCE.Study_Instruction	LOADING RESOURCE SURFACE FROM DISK
2435641.344	Study_Phase.SEQUENCE.DISPLAY_SCREEN	LOADING RESOURCE SURFACE FROM DISK
2437155.214	Study_Phase.SEQUENCE.Study_Instruction	LOADING RESOURCE SURFACE FROM DISK
2445421.261	Study_Phase.SEQUENCE.Study_Instruction	LOADING RESOURCE SURFACE FROM DISK
2453687.881	Study_Phase.SEQUENCE.Study_Instruction	LOADING RESOURCE SURFACE FROM DISK
2460441.411	Study_Phase.SEQUENCE.DISPLAY_SCREEN	LOADING RESOURCE SURFACE FROM DISK
2461955.219	Study_Phase.SEQUENCE.Study_Instruction	LOADING RESOURCE SURFACE FROM DISK
2468708.175	Study_Phase.SEQUENCE.DISPLAY_SCREEN	LOADING RESOURCE SURFACE FROM DISK
2470259.13	Study_Phase.SEQUENCE.Study_Instruction	LOADING RESOURCE SURFACE FROM DISK
2477007.991	Study_Phase.SEQUENCE.DISPLAY_SCREEN	LOADING RESOURCE SURFACE FROM DISK
2478521.716	Study_Phase.SEQUENCE.Study_Instruction	LOADING RESOURCE SURFACE FROM DISK
2485274.853	Study_Phase.SEQUENCE.DISPLAY_SCREEN	LOADING RESOURCE SURFACE FROM DISK
2486788.384	Study_Phase.SEQUENCE.Study_Instruction	LOADING RESOURCE SURFACE FROM DISK
2493524.84	Study_Phase.SEQUENCE.DISPLAY_SCREEN	LOADING RESOURCE SURFACE FROM DISK
2495038.442	Study_Phase.SEQUENCE.Study_Instruction	LOADING RESOURCE SURFACE FROM DISK
2503305.177	Study_Phase.SEQUENCE.Study_Instruction	LOADING RESOURCE SURFACE FROM DISK
2510058.272	Study_Phase.SEQUENCE.DISPLAY_SCREEN	LOADING RESOURCE SURFACE FROM DISK
2511571.863	Study_Phase.SEQUENCE.Study_Instruction	LOADING RESOURCE SURFACE FROM DISK
2518307.932	Study_Phase.SEQUENCE.DISPLAY_SCREEN	LOADING RESOURCE SURFACE FROM DISK
2519821.79	Study_Phase.SEQUENCE.Study_Instruction	LOADING RESOURCE SURFACE FROM DISK
2528088.497	Study_Phase.SEQUENCE.Study_Instruction	LOADING RESOURCE SURFACE FROM DISK
2534841.203	Study_Phase.SEQUENCE.DISPLAY_SCREEN	LOADING RESOURCE SURFACE FROM DISK
2536355.177	Study_Phase.SEQUENCE.Study_Instruction	LOADING RESOURCE SURFACE FROM DISK
2543108.075	Study_Phase.SEQUENCE.DISPLAY_SCREEN	LOADING RESOURCE SURFACE FROM DISK
2544621.827	Study_Phase.SEQUENCE.Study_Instruction	LOADING RESOURCE SURFACE FROM DISK
2552927.217	Study_Phase.SEQUENCE.Study_Instruction	LOADING RESOURCE SURFACE FROM DISK
2559691.516	Study_Phase.SEQUENCE.DISPLAY_SCREEN	LOADING RESOURCE SURFACE FROM DISK
2561205.085	Study_Phase.SEQUENCE.Study_Instruction	LOADING RESOURCE SURFACE FROM DISK
2567958.238	Study_Phase.SEQUENCE.DISPLAY_SCREEN	LOADING RESOURCE SURFACE FROM DISK
2569471.816	Study_Phase.SEQUENCE.Study_Instruction	LOADING RESOURCE SURFACE FROM DISK
2577737.954	Study_Phase.SEQUENCE.Study_Instruction	LOADING RESOURCE SURFACE FROM DISK
2584491.464	Study_Phase.SEQUENCE.DISPLAY_SCREEN	LOADING RESOURCE SURFACE FROM DISK
2586005.067	Study_Phase.SEQUENCE.Study_Instruction	LOADING RESOURCE SURFACE FROM DISK
2592758.321	Study_Phase.SEQUENCE.DISPLAY_SCREEN	LOADING RESOURCE SURFACE FROM DISK
2594271.771	Study_Phase.SEQUENCE.Study_Instruction	LOADING RESOURCE SURFACE FROM DISK
2601024.805	Study_Phase.SEQUENCE.DISPLAY_SCREEN	LOADING RESOURCE SURFACE FROM DISK
2602538.339	Study_Phase.SEQUENCE.Study_Instruction	LOADING RESOURCE SURFACE FROM DISK
2610846.989	Study_Phase.SEQUENCE.Study_Instruction	LOADING RESOURCE SURFACE FROM DISK
2617608.287	Study_Phase.SEQUENCE.DISPLAY_SCREEN	LOADING RESOURCE SURFACE FROM DISK
2619121.913	Study_Phase.SEQUENCE.Study_Instruction	LOADING RESOURCE SURFACE FROM DISK
2625874.861	Study_Phase.SEQUENCE.DISPLAY_SCREEN	LOADING RESOURCE SURFACE FROM DISK
2627388.49	Study_Phase.SEQUENCE.Study_Instruction	LOADING RESOURCE SURFACE FROM DISK
2635654.537	Study_Phase.SEQUENCE.Study_Instruction	LOADING RESOURCE SURFACE FROM DISK
2643921.893	Study_Phase.SEQUENCE.Study_Instruction	LOADING RESOURCE SURFACE FROM DISK
2650674.901	Study_Phase.SEQUENCE.DISPLAY_SCREEN	LOADING RESOURCE SURFACE FROM DISK
2652188.384	Study_Phase.SEQUENCE.Study_Instruction	LOADING RESOURCE SURFACE FROM DISK
2660455.087	Study_Phase.SEQUENCE.Study_Instruction	LOADING RESOURCE SURFACE FROM DISK
2667208.057	Study_Phase.SEQUENCE.DISPLAY_SCREEN	LOADING RESOURCE SURFACE FROM DISK
2668763.106	Study_Phase.SEQUENCE.Study_Instruction	LOADING RESOURCE SURFACE FROM DISK
2677038.419	Study_Phase.SEQUENCE.Study_Instruction	LOADING RESOURCE SURFACE FROM DISK
2685287.894	Study_Phase.SEQUENCE.Study_Instruction	LOADING RESOURCE SURFACE FROM DISK
2693554.763	Study_Phase.SEQUENCE.Study_Instruction	LOADING RESOURCE SURFACE FROM DISK
2700308.105	Study_Phase.SEQUENCE.DISPLAY_SCREEN	LOADING RESOURCE SURFACE FROM DISK
2701821.923	Study_Phase.SEQUENCE.Study_Instruction	LOADING RESOURCE SURFACE FROM DISK
2710088.658	Study_Phase.SEQUENCE.Study_Instruction	LOADING RESOURCE SURFACE FROM DISK
2718354.685	Study_Phase.SEQUENCE.Study_Instruction	LOADING RESOURCE SURFACE FROM DISK
2726621.268	Study_Phase.SEQUENCE.Study_Instruction	LOADING RESOURCE SURFACE FROM DISK
2734888.042	Study_Phase.SEQUENCE.Study_Instruction	LOADING RESOURCE SURFACE FROM DISK
2741641.562	Study_Phase.SEQUENCE.DISPLAY_SCREEN	LOADING RESOURCE SURFACE FROM DISK
2743155.118	Study_Phase.SEQUENCE.Study_Instruction	LOADING RESOURCE SURFACE FROM DISK
2749908.236	Study_Phase.SEQUENCE.DISPLAY_SCREEN	LOADING RESOURCE SURFACE FROM DISK
2751421.921	Study_Phase.SEQUENCE.Study_Instruction	LOADING RESOURCE SURFACE FROM DISK
2759671.313	Study_Phase.SEQUENCE.Study_Instruction	LOADING RESOURCE SURFACE FROM DISK
2767971.986	Study_Phase.SEQUENCE.Study_Instruction	LOADING RESOURCE SURFACE FROM DISK
2776237.928	Study_Phase.SEQUENCE.Study_Instruction	LOADING RESOURCE SURFACE FROM DISK
2782991.434	Study_Phase.SEQUENCE.DISPLAY_SCREEN	LOADING RESOURCE SURFACE FROM DISK
2784505.151	Study_Phase.SEQUENCE.Study_Instruction	LOADING RESOURCE SURFACE FROM DISK
2792771.227	Study_Phase.SEQUENCE.Study_Instruction	LOADING RESOURCE SURFACE FROM DISK
2799524.903	Study_Phase.SEQUENCE.DISPLAY_SCREEN	LOADING RESOURCE SURFACE FROM DISK
2801038.561	Study_Phase.SEQUENCE.Study_Instruction	LOADING RESOURCE SURFACE FROM DISK
2809304.613	Study_Phase.SEQUENCE.Study_Instruction	LOADING RESOURCE SURFACE FROM DISK
2817571.715	Study_Phase.SEQUENCE.Study_Instruction	LOADING RESOURCE SURFACE FROM DISK
2822295.333	DISPLAY_SCREEN[7]	LOADING RESOURCE SURFACE FROM DISK
3072387.827	Test_Phase.SEQUENCE.Target_Cue	LOADING RESOURCE SURFACE FROM DISK
3072389.404	Test_Phase.SEQUENCE.Target_Cue	LOADING RESOURCE SURFACE FROM DISK
3074404.909	Test_Phase.SEQUENCE.Word	LOADING RESOURCE SURFACE FROM DISK
3077420.973	Test_Phase.SEQUENCE.Test_Question	LOADING RESOURCE SURFACE FROM DISK
3077422.578	Test_Phase.SEQUENCE.Test_Question	LOADING RESOURCE SURFACE FROM DISK
3077424.242	Test_Phase.SEQUENCE.Test_Question	LOADING RESOURCE SURFACE FROM DISK
3077425.978	Test_Phase.SEQUENCE.Test_Question	LOADING RESOURCE SURFACE FROM DISK
3077427.653	Test_Phase.SEQUENCE.Test_Question	LOADING RESOURCE SURFACE FROM DISK
3077429.313	Test_Phase.SEQUENCE.Test_Question	LOADING RESOURCE SURFACE FROM DISK
3077430.939	Test_Phase.SEQUENCE.Test_Question	LOADING RESOURCE SURFACE FROM DISK
3077432.584	Test_Phase.SEQUENCE.Test_Question	LOADING RESOURCE SURFACE FROM DISK
3077434.155	Test_Phase.SEQUENCE.Test_Question	LOADING RESOURCE SURFACE FROM DISK
3077435.755	Test_Phase.SEQUENCE.Test_Question	LOADING RESOURCE SURFACE FROM DISK
3077437.544	Test_Phase.SEQUENCE.Test_Question	LOADING RESOURCE SURFACE FROM DISK
3077439.221	Test_Phase.SEQUENCE.Test_Question	LOADING RESOURCE SURFACE FROM DISK
3087155.061	Test_Phase.SEQUENCE.Word	LOADING RESOURCE SURFACE FROM DISK
3095654.93	Test_Phase.SEQUENCE.Word	LOADING RESOURCE SURFACE FROM DISK
3103571.941	Test_Phase.SEQUENCE.Word	LOADING RESOURCE SURFACE FROM DISK
3111571.589	Test_Phase.SEQUENCE.Word	LOADING RESOURCE SURFACE FROM DISK
3119771.603	Test_Phase.SEQUENCE.Word	LOADING RESOURCE SURFACE FROM DISK
3127621.559	Test_Phase.SEQUENCE.Word	LOADING RESOURCE SURFACE FROM DISK
3134871.501	Test_Phase.SEQUENCE.Word	LOADING RESOURCE SURFACE FROM DISK
3142021.62	Test_Phase.SEQUENCE.Word	LOADING RESOURCE SURFACE FROM DISK
3149854.912	Test_Phase.SEQUENCE.Word	LOADING RESOURCE SURFACE FROM DISK
3157071.485	Test_Phase.SEQUENCE.Word	LOADING RESOURCE SURFACE FROM DISK
3164438.311	Test_Phase.SEQUENCE.Word	LOADING RESOURCE SURFACE FROM DISK
3171721.457	Test_Phase.SEQUENCE.Word	LOADING RESOURCE SURFACE FROM DISK
3179504.774	Test_Phase.SEQUENCE.Word	LOADING RESOURCE SURFACE FROM DISK
3186643.284	Test_Phase.SEQUENCE.Word	LOADING RESOURCE SURFACE FROM DISK
3193771.606	Test_Phase.SEQUENCE.Word	LOADING RESOURCE SURFACE FROM DISK
3201321.587	Test_Phase.SEQUENCE.Word	LOADING RESOURCE SURFACE FROM DISK
3208454.99	Test_Phase.SEQUENCE.Word	LOADING RESOURCE SURFACE FROM DISK
3215554.828	Test_Phase.SEQUENCE.Word	LOADING RESOURCE SURFACE FROM DISK
3222688.205	Test_Phase.SEQUENCE.Word	LOADING RESOURCE SURFACE FROM DISK
3230154.82	Test_Phase.SEQUENCE.Word	LOADING RESOURCE SURFACE FROM DISK
3237304.88	Test_Phase.SEQUENCE.Word	LOADING RESOURCE SURFACE FROM DISK
3244388.178	Test_Phase.SEQUENCE.Word	LOADING RESOURCE SURFACE FROM DISK
3251388.105	Test_Phase.SEQUENCE.Word	LOADING RESOURCE SURFACE FROM DISK
3258571.63	Test_Phase.SEQUENCE.Word	LOADING RESOURCE SURFACE FROM DISK
3265738.147	Test_Phase.SEQUENCE.Word	LOADING RESOURCE SURFACE FROM DISK
3272838.243	Test_Phase.SEQUENCE.Word	LOADING RESOURCE SURFACE FROM DISK
3280021.455	Test_Phase.SEQUENCE.Word	LOADING RESOURCE SURFACE FROM DISK
3287121.433	Test_Phase.SEQUENCE.Word	LOADING RESOURCE SURFACE FROM DISK
3294204.992	Test_Phase.SEQUENCE.Word	LOADING RESOURCE SURFACE FROM DISK
3301338.2	Test_Phase.SEQUENCE.Word	LOADING RESOURCE SURFACE FROM DISK
3308454.917	Test_Phase.SEQUENCE.Word	LOADING RESOURCE SURFACE FROM DISK
3315621.638	Test_Phase.SEQUENCE.Word	LOADING RESOURCE SURFACE FROM DISK
3323071.516	Test_Phase.SEQUENCE.Word	LOADING RESOURCE SURFACE FROM DISK
3330221.388	Test_Phase.SEQUENCE.Word	LOADING RESOURCE SURFACE FROM DISK
3337338.313	Test_Phase.SEQUENCE.Word	LOADING RESOURCE SURFACE FROM DISK
3344471.569	Test_Phase.SEQUENCE.Word	LOADING RESOURCE SURFACE FROM DISK
3351588.149	Test_Phase.SEQUENCE.Word	LOADING RESOURCE SURFACE FROM DISK
3358654.765	Test_Phase.SEQUENCE.Word	LOADING RESOURCE SURFACE FROM DISK
3365671.745	Test_Phase.SEQUENCE.Word	LOADING RESOURCE SURFACE FROM DISK
3372771.553	Test_Phase.SEQUENCE.Word	LOADING RESOURCE SURFACE FROM DISK
3379838.251	Test_Phase.SEQUENCE.Word	LOADING RESOURCE SURFACE FROM DISK
3387021.519	Test_Phase.SEQUENCE.Word	LOADING RESOURCE SURFACE FROM DISK
3394121.527	Test_Phase.SEQUENCE.Word	LOADING RESOURCE SURFACE FROM DISK
3401221.508	Test_Phase.SEQUENCE.Word	LOADING RESOURCE SURFACE FROM DISK
3408254.863	Test_Phase.SEQUENCE.Word	LOADING RESOURCE SURFACE FROM DISK
3415393.836	Test_Phase.SEQUENCE.Word	LOADING RESOURCE SURFACE FROM DISK
3422854.843	Test_Phase.SEQUENCE.Word	LOADING RESOURCE SURFACE FROM DISK
3429971.616	Test_Phase.SEQUENCE.Word	LOADING RESOURCE SURFACE FROM DISK
3438088.257	Test_Phase.SEQUENCE.Word	LOADING RESOURCE SURFACE FROM DISK
3445154.903	Test_Phase.SEQUENCE.Word	LOADING RESOURCE SURFACE FROM DISK
3452254.957	Test_Phase.SEQUENCE.Word	LOADING RESOURCE SURFACE FROM DISK
3459305.047	Test_Phase.SEQUENCE.Word	LOADING RESOURCE SURFACE FROM DISK
3466371.587	Test_Phase.SEQUENCE.Word	LOADING RESOURCE SURFACE FROM DISK
3473521.599	Test_Phase.SEQUENCE.Word	LOADING RESOURCE SURFACE FROM DISK
3480615.172	Test_Phase.SEQUENCE.Word	LOADING RESOURCE SURFACE FROM DISK
3488121.547	Test_Phase.SEQUENCE.Word	LOADING RESOURCE SURFACE FROM DISK
3495288.244	Test_Phase.SEQUENCE.Word	LOADING RESOURCE SURFACE FROM DISK
3502438.096	Test_Phase.SEQUENCE.Word	LOADING RESOURCE SURFACE FROM DISK
3510988.144	Test_Phase.SEQUENCE.Word	LOADING RESOURCE SURFACE FROM DISK
3518204.995	Test_Phase.SEQUENCE.Word	LOADING RESOURCE SURFACE FROM DISK
3525321.61	Test_Phase.SEQUENCE.Word	LOADING RESOURCE SURFACE FROM DISK
3532438.109	Test_Phase.SEQUENCE.Word	LOADING RESOURCE SURFACE FROM DISK
3539688.309	Test_Phase.SEQUENCE.Word	LOADING RESOURCE SURFACE FROM DISK
3546754.77	Test_Phase.SEQUENCE.Word	LOADING RESOURCE SURFACE FROM DISK
3553904.839	Test_Phase.SEQUENCE.Word	LOADING RESOURCE SURFACE FROM DISK
3561004.874	Test_Phase.SEQUENCE.Word	LOADING RESOURCE SURFACE FROM DISK
3568121.482	Test_Phase.SEQUENCE.Word	LOADING RESOURCE SURFACE FROM DISK
3575538.336	Test_Phase.SEQUENCE.Word	LOADING RESOURCE SURFACE FROM DISK
3583204.785	Test_Phase.SEQUENCE.Word	LOADING RESOURCE SURFACE FROM DISK
3590438.249	Test_Phase.SEQUENCE.Word	LOADING RESOURCE SURFACE FROM DISK
3597988.222	Test_Phase.SEQUENCE.Word	LOADING RESOURCE SURFACE FROM DISK
3606904.89	Test_Phase.SEQUENCE.Word	LOADING RESOURCE SURFACE FROM DISK
3614104.85	Test_Phase.SEQUENCE.Word	LOADING RESOURCE SURFACE FROM DISK
3621188.216	Test_Phase.SEQUENCE.Word	LOADING RESOURCE SURFACE FROM DISK
3628288.037	Test_Phase.SEQUENCE.Word	LOADING RESOURCE SURFACE FROM DISK
3635204.867	Test_Phase.SEQUENCE.Word	LOADING RESOURCE SURFACE FROM DISK
3642354.976	Test_Phase.SEQUENCE.Word	LOADING RESOURCE SURFACE FROM DISK
3649438.47	Test_Phase.SEQUENCE.Word	LOADING RESOURCE SURFACE FROM DISK
3656571.496	Test_Phase.SEQUENCE.Word	LOADING RESOURCE SURFACE FROM DISK
3663771.549	Test_Phase.SEQUENCE.Word	LOADING RESOURCE SURFACE FROM DISK
3671004.944	Test_Phase.SEQUENCE.Word	LOADING RESOURCE SURFACE FROM DISK
3678054.851	Test_Phase.SEQUENCE.Word	LOADING RESOURCE SURFACE FROM DISK
3685438.664	Test_Phase.SEQUENCE.Word	LOADING RESOURCE SURFACE FROM DISK
3693154.804	Test_Phase.SEQUENCE.Word	LOADING RESOURCE SURFACE FROM DISK
3700205.033	Test_Phase.SEQUENCE.Word	LOADING RESOURCE SURFACE FROM DISK
3708905.028	Test_Phase.SEQUENCE.Word	LOADING RESOURCE SURFACE FROM DISK
3716171.354	Test_Phase.SEQUENCE.Word	LOADING RESOURCE SURFACE FROM DISK
3724538.204	Test_Phase.SEQUENCE.Word	LOADING RESOURCE SURFACE FROM DISK
3731638.063	Test_Phase.SEQUENCE.Word	LOADING RESOURCE SURFACE FROM DISK
3738704.777	Test_Phase.SEQUENCE.Word	LOADING RESOURCE SURFACE FROM DISK
3747054.863	Test_Phase.SEQUENCE.Word	LOADING RESOURCE SURFACE FROM DISK
3756321.591	Test_Phase.SEQUENCE.Word	LOADING RESOURCE SURFACE FROM DISK
3763513.251	Test_Phase.SEQUENCE.Word	LOADING RESOURCE SURFACE FROM DISK
3770571.447	Test_Phase.SEQUENCE.Word	LOADING RESOURCE SURFACE FROM DISK
3777771.51	Test_Phase.SEQUENCE.Word	LOADING RESOURCE SURFACE FROM DISK
3784904.942	Test_Phase.SEQUENCE.Word	LOADING RESOURCE SURFACE FROM DISK
3792038.089	Test_Phase.SEQUENCE.Word	LOADING RESOURCE SURFACE FROM DISK
3799188.22	Test_Phase.SEQUENCE.Word	LOADING RESOURCE SURFACE FROM DISK
3806271.547	Test_Phase.SEQUENCE.Word	LOADING RESOURCE SURFACE FROM DISK
3813304.921	Test_Phase.SEQUENCE.Word	LOADING RESOURCE SURFACE FROM DISK
3820371.848	Test_Phase.SEQUENCE.Word	LOADING RESOURCE SURFACE FROM DISK
3827471.467	Test_Phase.SEQUENCE.Word	LOADING RESOURCE SURFACE FROM DISK
3834521.709	Test_Phase.SEQUENCE.Word	LOADING RESOURCE SURFACE FROM DISK
3842771.673	Test_Phase.SEQUENCE.Word	LOADING RESOURCE SURFACE FROM DISK
3849788.183	Test_Phase.SEQUENCE.Word	LOADING RESOURCE SURFACE FROM DISK
3857321.608	Test_Phase.SEQUENCE.Word	LOADING RESOURCE SURFACE FROM DISK
3864438.005	Test_Phase.SEQUENCE.Word	LOADING RESOURCE SURFACE FROM DISK
3871588.13	Test_Phase.SEQUENCE.Word	LOADING RESOURCE SURFACE FROM DISK
3878392.1	Test_Phase.SEQUENCE.Word	LOADING RESOURCE SURFACE FROM DISK
3885838.196	Test_Phase.SEQUENCE.Word	LOADING RESOURCE SURFACE FROM DISK
3893104.831	Test_Phase.SEQUENCE.Word	LOADING RESOURCE SURFACE FROM DISK
3900504.796	Test_Phase.SEQUENCE.Word	LOADING RESOURCE SURFACE FROM DISK
3907992.765	Test_Phase.SEQUENCE.Word	LOADING RESOURCE SURFACE FROM DISK
3915071.922	Test_Phase.SEQUENCE.Word	LOADING RESOURCE SURFACE FROM DISK
3923844.51	Test_Phase.SEQUENCE.Word	LOADING RESOURCE SURFACE FROM DISK
3931138.261	Test_Phase.SEQUENCE.Word	LOADING RESOURCE SURFACE FROM DISK
3938838.085	Test_Phase.SEQUENCE.Word	LOADING RESOURCE SURFACE FROM DISK
3946588.217	Test_Phase.SEQUENCE.Word	LOADING RESOURCE SURFACE FROM DISK
3953654.77	Test_Phase.SEQUENCE.Word	LOADING RESOURCE SURFACE FROM DISK
3960654.664	Test_Phase.SEQUENCE.Word	LOADING RESOURCE SURFACE FROM DISK
3969754.714	Test_Phase.SEQUENCE.Word	LOADING RESOURCE SURFACE FROM DISK
3976771.638	Test_Phase.SEQUENCE.Word	LOADING RESOURCE SURFACE FROM DISK
3983854.958	Test_Phase.SEQUENCE.Word	LOADING RESOURCE SURFACE FROM DISK
3990938.219	Test_Phase.SEQUENCE.Word	LOADING RESOURCE SURFACE FROM DISK
3998004.828	Test_Phase.SEQUENCE.Word	LOADING RESOURCE SURFACE FROM DISK
4005338.45	Test_Phase.SEQUENCE.Word	LOADING RESOURCE SURFACE FROM DISK
4012438.108	Test_Phase.SEQUENCE.Word	LOADING RESOURCE SURFACE FROM DISK
4019504.935	Test_Phase.SEQUENCE.Word	LOADING RESOURCE SURFACE FROM DISK
4026588.171	Test_Phase.SEQUENCE.Word	LOADING RESOURCE SURFACE FROM DISK
4033604.804	Test_Phase.SEQUENCE.Word	LOADING RESOURCE SURFACE FROM DISK
4040588.085	Test_Phase.SEQUENCE.Word	LOADING RESOURCE SURFACE FROM DISK
4047621.521	Test_Phase.SEQUENCE.Word	LOADING RESOURCE SURFACE FROM DISK
4054654.872	Test_Phase.SEQUENCE.Word	LOADING RESOURCE SURFACE FROM DISK
4061638.181	Test_Phase.SEQUENCE.Word	LOADING RESOURCE SURFACE FROM DISK
4068704.877	Test_Phase.SEQUENCE.Word	LOADING RESOURCE SURFACE FROM DISK
4076888.055	Test_Phase.SEQUENCE.Word	LOADING RESOURCE SURFACE FROM DISK
4083888.305	Test_Phase.SEQUENCE.Word	LOADING RESOURCE SURFACE FROM DISK
4091721.581	Test_Phase.SEQUENCE.Word	LOADING RESOURCE SURFACE FROM DISK
4098788.153	Test_Phase.SEQUENCE.Word	LOADING RESOURCE SURFACE FROM DISK
4105821.582	Test_Phase.SEQUENCE.Word	LOADING RESOURCE SURFACE FROM DISK
4113021.726	Test_Phase.SEQUENCE.Word	LOADING RESOURCE SURFACE FROM DISK
4120943.312	Test_Phase.SEQUENCE.Word	LOADING RESOURCE SURFACE FROM DISK
4128088.157	Test_Phase.SEQUENCE.Word	LOADING RESOURCE SURFACE FROM DISK
4135188.34	Test_Phase.SEQUENCE.Word	LOADING RESOURCE SURFACE FROM DISK
4142388.977	Test_Phase.SEQUENCE.Word	LOADING RESOURCE SURFACE FROM DISK
4149604.907	Test_Phase.SEQUENCE.Word	LOADING RESOURCE SURFACE FROM DISK
4156654.919	Test_Phase.SEQUENCE.Word	LOADING RESOURCE SURFACE FROM DISK
4164838.308	Test_Phase.SEQUENCE.Word	LOADING RESOURCE SURFACE FROM DISK
4172571.672	Test_Phase.SEQUENCE.Word	LOADING RESOURCE SURFACE FROM DISK
4179671.512	Test_Phase.SEQUENCE.Word	LOADING RESOURCE SURFACE FROM DISK
4186738.382	Test_Phase.SEQUENCE.Word	LOADING RESOURCE SURFACE FROM DISK
4194588.131	Test_Phase.SEQUENCE.Word	LOADING RESOURCE SURFACE FROM DISK
4202938.094	Test_Phase.SEQUENCE.Word	LOADING RESOURCE SURFACE FROM DISK
4210029.397	Test_Phase.SEQUENCE.Word	LOADING RESOURCE SURFACE FROM DISK
4217504.785	Test_Phase.SEQUENCE.Word	LOADING RESOURCE SURFACE FROM DISK
4224594.397	Test_Phase.SEQUENCE.Word	LOADING RESOURCE SURFACE FROM DISK
4231638.204	Test_Phase.SEQUENCE.Word	LOADING RESOURCE SURFACE FROM DISK
4240321.523	Test_Phase.SEQUENCE.Word	LOADING RESOURCE SURFACE FROM DISK
4247438.261	Test_Phase.SEQUENCE.Word	LOADING RESOURCE SURFACE FROM DISK
4254421.613	Test_Phase.SEQUENCE.Word	LOADING RESOURCE SURFACE FROM DISK
4261504.871	Test_Phase.SEQUENCE.Word	LOADING RESOURCE SURFACE FROM DISK
4268721.521	Test_Phase.SEQUENCE.Word	LOADING RESOURCE SURFACE FROM DISK
4275771.519	Test_Phase.SEQUENCE.Word	LOADING RESOURCE SURFACE FROM DISK
4283138.067	Test_Phase.SEQUENCE.Word	LOADING RESOURCE SURFACE FROM DISK
4290206.649	Test_Phase.SEQUENCE.Word	LOADING RESOURCE SURFACE FROM DISK
4297238.249	Test_Phase.SEQUENCE.Word	LOADING RESOURCE SURFACE FROM DISK
4305004.76	Test_Phase.SEQUENCE.Word	LOADING RESOURCE SURFACE FROM DISK
4312554.883	Test_Phase.SEQUENCE.Word	LOADING RESOURCE SURFACE FROM DISK
4319671.395	Test_Phase.SEQUENCE.Word	LOADING RESOURCE SURFACE FROM DISK
4326804.814	Test_Phase.SEQUENCE.Word	LOADING RESOURCE SURFACE FROM DISK
4334238.346	Test_Phase.SEQUENCE.Word	LOADING RESOURCE SURFACE FROM DISK
4341671.586	Test_Phase.SEQUENCE.Word	LOADING RESOURCE SURFACE FROM DISK
4348821.504	Test_Phase.SEQUENCE.Word	LOADING RESOURCE SURFACE FROM DISK
4355871.441	Test_Phase.SEQUENCE.Word	LOADING RESOURCE SURFACE FROM DISK
4363421.718	Test_Phase.SEQUENCE.Word	LOADING RESOURCE SURFACE FROM DISK
4370538.136	Test_Phase.SEQUENCE.Word	LOADING RESOURCE SURFACE FROM DISK
4377638.179	Test_Phase.SEQUENCE.Word	LOADING RESOURCE SURFACE FROM DISK
4384954.949	Test_Phase.SEQUENCE.Word	LOADING RESOURCE SURFACE FROM DISK
4392271.561	Test_Phase.SEQUENCE.Word	LOADING RESOURCE SURFACE FROM DISK
4399345.134	Test_Phase.SEQUENCE.Word	LOADING RESOURCE SURFACE FROM DISK
4406454.809	Test_Phase.SEQUENCE.Word	LOADING RESOURCE SURFACE FROM DISK
4413588.248	Test_Phase.SEQUENCE.Word	LOADING RESOURCE SURFACE FROM DISK
4420605.013	Test_Phase.SEQUENCE.Word	LOADING RESOURCE SURFACE FROM DISK
4427704.916	Test_Phase.SEQUENCE.Word	LOADING RESOURCE SURFACE FROM DISK
4434804.791	Test_Phase.SEQUENCE.Word	LOADING RESOURCE SURFACE FROM DISK
4441921.442	Test_Phase.SEQUENCE.Word	LOADING RESOURCE SURFACE FROM DISK
4449338.376	Test_Phase.SEQUENCE.Word	LOADING RESOURCE SURFACE FROM DISK
4456488.78	Test_Phase.SEQUENCE.Word	LOADING RESOURCE SURFACE FROM DISK
4463971.571	Test_Phase.SEQUENCE.Word	LOADING RESOURCE SURFACE FROM DISK
4471154.937	Test_Phase.SEQUENCE.Word	LOADING RESOURCE SURFACE FROM DISK
4478254.87	Test_Phase.SEQUENCE.Word	LOADING RESOURCE SURFACE FROM DISK
4485454.859	Test_Phase.SEQUENCE.Word	LOADING RESOURCE SURFACE FROM DISK
4492688.081	Test_Phase.SEQUENCE.Word	LOADING RESOURCE SURFACE FROM DISK
4507271.683	Test_Phase.SEQUENCE.Word	LOADING RESOURCE SURFACE FROM DISK
4514371.635	Test_Phase.SEQUENCE.Word	LOADING RESOURCE SURFACE FROM DISK
4521471.444	Test_Phase.SEQUENCE.Word	LOADING RESOURCE SURFACE FROM DISK
4528704.824	Test_Phase.SEQUENCE.Word	LOADING RESOURCE SURFACE FROM DISK
4535738.28	Test_Phase.SEQUENCE.Word	LOADING RESOURCE SURFACE FROM DISK
4540918.426	DISPLAY_SCREEN	LOADING RESOURCE SURFACE FROM DISK
