4678.183	DISPLAY_SCREEN[1]	LOADING RESOURCE SURFACE FROM DISK
1186544.71	Familiarization_Phase.SEQUENCE.Cue_and_Instruction	LOADING RESOURCE SURFACE FROM DISK
1186565.687	Familiarization_Phase.SEQUENCE.Cue_and_Instruction	LOADING RESOURCE SURFACE FROM DISK
1192608.44	Familiarization_Phase.SEQUENCE.Cue_and_Instruction	LOADING RESOURCE SURFACE FROM DISK
1192613.19	Familiarization_Phase.SEQUENCE.Cue_and_Instruction	LOADING RESOURCE SURFACE FROM DISK
1198658.534	Familiarization_Phase.SEQUENCE.Cue_and_Instruction	LOADING RESOURCE SURFACE FROM DISK
1198936.218	Familiarization_Phase.SEQUENCE.Cue_and_Instruction	LOADING RESOURCE SURFACE FROM DISK
1241057.782	DISPLAY_SCREEN[3]	LOADING RESOURCE SURFACE FROM DISK
1242529.389	DISPLAY_SCREEN[5]	LOADING RESOURCE SURFACE FROM DISK
1383732.466	Practice_Phase.SEQUENCE.Blink_Screen	LOADING RESOURCE SURFACE FROM DISK
1384936.767	Practice_Phase.SEQUENCE.Practice_Luminance_Cue	LOADING RESOURCE SURFACE FROM DISK
1384939.04	Practice_Phase.SEQUENCE.Practice_Luminance_Cue	LOADING RESOURCE SURFACE FROM DISK
1385436.56	Practice_Phase.SEQUENCE.DISPLAY_SCREEN	LOADING RESOURCE SURFACE FROM DISK
1386933.269	Practice_Phase.SEQUENCE.Practice_Instruction	LOADING RESOURCE SURFACE FROM DISK
1393503.108	Practice_Phase.SEQUENCE.DISPLAY_SCREEN	LOADING RESOURCE SURFACE FROM DISK
1394999.841	Practice_Phase.SEQUENCE.Practice_Instruction	LOADING RESOURCE SURFACE FROM DISK
1401569.902	Practice_Phase.SEQUENCE.DISPLAY_SCREEN	LOADING RESOURCE SURFACE FROM DISK
1403066.444	Practice_Phase.SEQUENCE.Practice_Instruction	LOADING RESOURCE SURFACE FROM DISK
1409636.248	Practice_Phase.SEQUENCE.DISPLAY_SCREEN	LOADING RESOURCE SURFACE FROM DISK
1411133.266	Practice_Phase.SEQUENCE.Practice_Instruction	LOADING RESOURCE SURFACE FROM DISK
1417703.021	Practice_Phase.SEQUENCE.DISPLAY_SCREEN	LOADING RESOURCE SURFACE FROM DISK
1419199.745	Practice_Phase.SEQUENCE.Practice_Instruction	LOADING RESOURCE SURFACE FROM DISK
1425769.807	Practice_Phase.SEQUENCE.DISPLAY_SCREEN	LOADING RESOURCE SURFACE FROM DISK
1427266.534	Practice_Phase.SEQUENCE.Practice_Instruction	LOADING RESOURCE SURFACE FROM DISK
1433836.513	Practice_Phase.SEQUENCE.DISPLAY_SCREEN	LOADING RESOURCE SURFACE FROM DISK
1435333.238	Practice_Phase.SEQUENCE.Practice_Instruction	LOADING RESOURCE SURFACE FROM DISK
1441902.977	Practice_Phase.SEQUENCE.DISPLAY_SCREEN	LOADING RESOURCE SURFACE FROM DISK
1443399.845	Practice_Phase.SEQUENCE.Practice_Instruction	LOADING RESOURCE SURFACE FROM DISK
1449969.974	Practice_Phase.SEQUENCE.DISPLAY_SCREEN	LOADING RESOURCE SURFACE FROM DISK
1451466.517	Practice_Phase.SEQUENCE.Practice_Instruction	LOADING RESOURCE SURFACE FROM DISK
1456133.758	DISPLAY_SCREEN[2]	LOADING RESOURCE SURFACE FROM DISK
1530411.433	Study_Phase.SEQUENCE.DISPLAY_SCREEN	LOADING RESOURCE SURFACE FROM DISK
1531925.106	Study_Phase.SEQUENCE.Study_Instruction	LOADING RESOURCE SURFACE FROM DISK
1540191.778	Study_Phase.SEQUENCE.Study_Instruction	LOADING RESOURCE SURFACE FROM DISK
1546911.44	Study_Phase.SEQUENCE.DISPLAY_SCREEN	LOADING RESOURCE SURFACE FROM DISK
1548424.945	Study_Phase.SEQUENCE.Study_Instruction	LOADING RESOURCE SURFACE FROM DISK
1556675.023	Study_Phase.SEQUENCE.Study_Instruction	LOADING RESOURCE SURFACE FROM DISK
1564941.105	Study_Phase.SEQUENCE.Study_Instruction	LOADING RESOURCE SURFACE FROM DISK
1573207.841	Study_Phase.SEQUENCE.Study_Instruction	LOADING RESOURCE SURFACE FROM DISK
1579961.165	Study_Phase.SEQUENCE.DISPLAY_SCREEN	LOADING RESOURCE SURFACE FROM DISK
1581474.876	Study_Phase.SEQUENCE.Study_Instruction	LOADING RESOURCE SURFACE FROM DISK
1589741.466	Study_Phase.SEQUENCE.Study_Instruction	LOADING RESOURCE SURFACE FROM DISK
1598008.496	Study_Phase.SEQUENCE.Study_Instruction	LOADING RESOURCE SURFACE FROM DISK
1604761.263	Study_Phase.SEQUENCE.DISPLAY_SCREEN	LOADING RESOURCE SURFACE FROM DISK
1606275.069	Study_Phase.SEQUENCE.Study_Instruction	LOADING RESOURCE SURFACE FROM DISK
1614578.533	Study_Phase.SEQUENCE.Study_Instruction	LOADING RESOURCE SURFACE FROM DISK
1621327.997	Study_Phase.SEQUENCE.DISPLAY_SCREEN	LOADING RESOURCE SURFACE FROM DISK
1622841.729	Study_Phase.SEQUENCE.Study_Instruction	LOADING RESOURCE SURFACE FROM DISK
1631108.394	Study_Phase.SEQUENCE.Study_Instruction	LOADING RESOURCE SURFACE FROM DISK
1637861.396	Study_Phase.SEQUENCE.DISPLAY_SCREEN	LOADING RESOURCE SURFACE FROM DISK
1639375.051	Study_Phase.SEQUENCE.Study_Instruction	LOADING RESOURCE SURFACE FROM DISK
1647641.789	Study_Phase.SEQUENCE.Study_Instruction	LOADING RESOURCE SURFACE FROM DISK
1654394.844	Study_Phase.SEQUENCE.DISPLAY_SCREEN	LOADING RESOURCE SURFACE FROM DISK
1655908.337	Study_Phase.SEQUENCE.Study_Instruction	LOADING RESOURCE SURFACE FROM DISK
1664141.209	Study_Phase.SEQUENCE.Study_Instruction	LOADING RESOURCE SURFACE FROM DISK
1670894.574	Study_Phase.SEQUENCE.DISPLAY_SCREEN	LOADING RESOURCE SURFACE FROM DISK
1672408.372	Study_Phase.SEQUENCE.Study_Instruction	LOADING RESOURCE SURFACE FROM DISK
1680674.445	Study_Phase.SEQUENCE.Study_Instruction	LOADING RESOURCE SURFACE FROM DISK
1688941.744	Study_Phase.SEQUENCE.Study_Instruction	LOADING RESOURCE SURFACE FROM DISK
1697191.12	Study_Phase.SEQUENCE.Study_Instruction	LOADING RESOURCE SURFACE FROM DISK
1703944.755	Study_Phase.SEQUENCE.DISPLAY_SCREEN	LOADING RESOURCE SURFACE FROM DISK
1705458.449	Study_Phase.SEQUENCE.Study_Instruction	LOADING RESOURCE SURFACE FROM DISK
1713765.231	Study_Phase.SEQUENCE.Study_Instruction	LOADING RESOURCE SURFACE FROM DISK
1722091.173	Study_Phase.SEQUENCE.Study_Instruction	LOADING RESOURCE SURFACE FROM DISK
1730341.901	Study_Phase.SEQUENCE.Study_Instruction	LOADING RESOURCE SURFACE FROM DISK
1738607.991	Study_Phase.SEQUENCE.Study_Instruction	LOADING RESOURCE SURFACE FROM DISK
1746874.499	Study_Phase.SEQUENCE.Study_Instruction	LOADING RESOURCE SURFACE FROM DISK
1753628.034	Study_Phase.SEQUENCE.DISPLAY_SCREEN	LOADING RESOURCE SURFACE FROM DISK
1755141.807	Study_Phase.SEQUENCE.Study_Instruction	LOADING RESOURCE SURFACE FROM DISK
1763407.747	Study_Phase.SEQUENCE.Study_Instruction	LOADING RESOURCE SURFACE FROM DISK
1770161.542	Study_Phase.SEQUENCE.DISPLAY_SCREEN	LOADING RESOURCE SURFACE FROM DISK
1771675.193	Study_Phase.SEQUENCE.Study_Instruction	LOADING RESOURCE SURFACE FROM DISK
1779924.527	Study_Phase.SEQUENCE.Study_Instruction	LOADING RESOURCE SURFACE FROM DISK
1786677.975	Study_Phase.SEQUENCE.DISPLAY_SCREEN	LOADING RESOURCE SURFACE FROM DISK
1788191.622	Study_Phase.SEQUENCE.Study_Instruction	LOADING RESOURCE SURFACE FROM DISK
1794944.661	Study_Phase.SEQUENCE.DISPLAY_SCREEN	LOADING RESOURCE SURFACE FROM DISK
1796458.314	Study_Phase.SEQUENCE.Study_Instruction	LOADING RESOURCE SURFACE FROM DISK
1804724.47	Study_Phase.SEQUENCE.Study_Instruction	LOADING RESOURCE SURFACE FROM DISK
1812991.64	Study_Phase.SEQUENCE.Study_Instruction	LOADING RESOURCE SURFACE FROM DISK
1819744.702	Study_Phase.SEQUENCE.DISPLAY_SCREEN	LOADING RESOURCE SURFACE FROM DISK
1821258.394	Study_Phase.SEQUENCE.Study_Instruction	LOADING RESOURCE SURFACE FROM DISK
1829524.975	Study_Phase.SEQUENCE.Study_Instruction	LOADING RESOURCE SURFACE FROM DISK
1837828.305	Study_Phase.SEQUENCE.Study_Instruction	LOADING RESOURCE SURFACE FROM DISK
1846074.48	Study_Phase.SEQUENCE.Study_Instruction	LOADING RESOURCE SURFACE FROM DISK
1852828.217	Study_Phase.SEQUENCE.DISPLAY_SCREEN	LOADING RESOURCE SURFACE FROM DISK
1854341.812	Study_Phase.SEQUENCE.Study_Instruction	LOADING RESOURCE SURFACE FROM DISK
1861078.067	Study_Phase.SEQUENCE.DISPLAY_SCREEN	LOADING RESOURCE SURFACE FROM DISK
1862591.792	Study_Phase.SEQUENCE.Study_Instruction	LOADING RESOURCE SURFACE FROM DISK
1870857.808	Study_Phase.SEQUENCE.Study_Instruction	LOADING RESOURCE SURFACE FROM DISK
1877594.702	Study_Phase.SEQUENCE.DISPLAY_SCREEN	LOADING RESOURCE SURFACE FROM DISK
1879108.29	Study_Phase.SEQUENCE.Study_Instruction	LOADING RESOURCE SURFACE FROM DISK
1885861.465	Study_Phase.SEQUENCE.DISPLAY_SCREEN	LOADING RESOURCE SURFACE FROM DISK
1887375.054	Study_Phase.SEQUENCE.Study_Instruction	LOADING RESOURCE SURFACE FROM DISK
1895675.752	Study_Phase.SEQUENCE.Study_Instruction	LOADING RESOURCE SURFACE FROM DISK
1902428.128	Study_Phase.SEQUENCE.DISPLAY_SCREEN	LOADING RESOURCE SURFACE FROM DISK
1903941.833	Study_Phase.SEQUENCE.Study_Instruction	LOADING RESOURCE SURFACE FROM DISK
1912207.941	Study_Phase.SEQUENCE.Study_Instruction	LOADING RESOURCE SURFACE FROM DISK
1920475.04	Study_Phase.SEQUENCE.Study_Instruction	LOADING RESOURCE SURFACE FROM DISK
1927211.333	Study_Phase.SEQUENCE.DISPLAY_SCREEN	LOADING RESOURCE SURFACE FROM DISK
1928736.913	Study_Phase.SEQUENCE.Study_Instruction	LOADING RESOURCE SURFACE FROM DISK
1935494.77	Study_Phase.SEQUENCE.DISPLAY_SCREEN	LOADING RESOURCE SURFACE FROM DISK
1937008.488	Study_Phase.SEQUENCE.Study_Instruction	LOADING RESOURCE SURFACE FROM DISK
1943761.299	Study_Phase.SEQUENCE.DISPLAY_SCREEN	LOADING RESOURCE SURFACE FROM DISK
1945275.464	Study_Phase.SEQUENCE.Study_Instruction	LOADING RESOURCE SURFACE FROM DISK
1953584.064	Study_Phase.SEQUENCE.Study_Instruction	LOADING RESOURCE SURFACE FROM DISK
1961858.454	Study_Phase.SEQUENCE.Study_Instruction	LOADING RESOURCE SURFACE FROM DISK
1970124.554	Study_Phase.SEQUENCE.Study_Instruction	LOADING RESOURCE SURFACE FROM DISK
1976877.962	Study_Phase.SEQUENCE.DISPLAY_SCREEN	LOADING RESOURCE SURFACE FROM DISK
1978391.732	Study_Phase.SEQUENCE.Study_Instruction	LOADING RESOURCE SURFACE FROM DISK
1986657.776	Study_Phase.SEQUENCE.Study_Instruction	LOADING RESOURCE SURFACE FROM DISK
1993411.301	Study_Phase.SEQUENCE.DISPLAY_SCREEN	LOADING RESOURCE SURFACE FROM DISK
1994924.973	Study_Phase.SEQUENCE.Study_Instruction	LOADING RESOURCE SURFACE FROM DISK
2003191.231	Study_Phase.SEQUENCE.Study_Instruction	LOADING RESOURCE SURFACE FROM DISK
2011457.814	Study_Phase.SEQUENCE.Study_Instruction	LOADING RESOURCE SURFACE FROM DISK
2019724.967	Study_Phase.SEQUENCE.Study_Instruction	LOADING RESOURCE SURFACE FROM DISK
2026478.1	Study_Phase.SEQUENCE.DISPLAY_SCREEN	LOADING RESOURCE SURFACE FROM DISK
2028034.775	Study_Phase.SEQUENCE.Study_Instruction	LOADING RESOURCE SURFACE FROM DISK
2036308.36	Study_Phase.SEQUENCE.Study_Instruction	LOADING RESOURCE SURFACE FROM DISK
2044574.533	Study_Phase.SEQUENCE.Study_Instruction	LOADING RESOURCE SURFACE FROM DISK
2051327.948	Study_Phase.SEQUENCE.DISPLAY_SCREEN	LOADING RESOURCE SURFACE FROM DISK
2052841.701	Study_Phase.SEQUENCE.Study_Instruction	LOADING RESOURCE SURFACE FROM DISK
2061107.875	Study_Phase.SEQUENCE.Study_Instruction	LOADING RESOURCE SURFACE FROM DISK
2067861.512	Study_Phase.SEQUENCE.DISPLAY_SCREEN	LOADING RESOURCE SURFACE FROM DISK
2069375.112	Study_Phase.SEQUENCE.Study_Instruction	LOADING RESOURCE SURFACE FROM DISK
2077641.056	Study_Phase.SEQUENCE.Study_Instruction	LOADING RESOURCE SURFACE FROM DISK
2085942.655	Study_Phase.SEQUENCE.Study_Instruction	LOADING RESOURCE SURFACE FROM DISK
2092694.569	Study_Phase.SEQUENCE.DISPLAY_SCREEN	LOADING RESOURCE SURFACE FROM DISK
2094208.397	Study_Phase.SEQUENCE.Study_Instruction	LOADING RESOURCE SURFACE FROM DISK
2102508.683	Study_Phase.SEQUENCE.Study_Instruction	LOADING RESOURCE SURFACE FROM DISK
2109261.433	Study_Phase.SEQUENCE.DISPLAY_SCREEN	LOADING RESOURCE SURFACE FROM DISK
2110775.009	Study_Phase.SEQUENCE.Study_Instruction	LOADING RESOURCE SURFACE FROM DISK
2119041.877	Study_Phase.SEQUENCE.Study_Instruction	LOADING RESOURCE SURFACE FROM DISK
2125794.726	Study_Phase.SEQUENCE.DISPLAY_SCREEN	LOADING RESOURCE SURFACE FROM DISK
2127308.456	Study_Phase.SEQUENCE.Study_Instruction	LOADING RESOURCE SURFACE FROM DISK
2135558.067	Study_Phase.SEQUENCE.Study_Instruction	LOADING RESOURCE SURFACE FROM DISK
2143850.067	Study_Phase.SEQUENCE.Study_Instruction	LOADING RESOURCE SURFACE FROM DISK
2152125.104	Study_Phase.SEQUENCE.Study_Instruction	LOADING RESOURCE SURFACE FROM DISK
2160391.313	Study_Phase.SEQUENCE.Study_Instruction	LOADING RESOURCE SURFACE FROM DISK
2168657.939	Study_Phase.SEQUENCE.Study_Instruction	LOADING RESOURCE SURFACE FROM DISK
2175411.488	Study_Phase.SEQUENCE.DISPLAY_SCREEN	LOADING RESOURCE SURFACE FROM DISK
2176925.058	Study_Phase.SEQUENCE.Study_Instruction	LOADING RESOURCE SURFACE FROM DISK
2185257.833	Study_Phase.SEQUENCE.Study_Instruction	LOADING RESOURCE SURFACE FROM DISK
2193508.407	Study_Phase.SEQUENCE.Study_Instruction	LOADING RESOURCE SURFACE FROM DISK
2200244.735	Study_Phase.SEQUENCE.DISPLAY_SCREEN	LOADING RESOURCE SURFACE FROM DISK
2201758.33	Study_Phase.SEQUENCE.Study_Instruction	LOADING RESOURCE SURFACE FROM DISK
2208511.482	Study_Phase.SEQUENCE.DISPLAY_SCREEN	LOADING RESOURCE SURFACE FROM DISK
2210024.997	Study_Phase.SEQUENCE.Study_Instruction	LOADING RESOURCE SURFACE FROM DISK
2218291.692	Study_Phase.SEQUENCE.Study_Instruction	LOADING RESOURCE SURFACE FROM DISK
2226557.767	Study_Phase.SEQUENCE.Study_Instruction	LOADING RESOURCE SURFACE FROM DISK
2233294.694	Study_Phase.SEQUENCE.DISPLAY_SCREEN	LOADING RESOURCE SURFACE FROM DISK
2234808.343	Study_Phase.SEQUENCE.Study_Instruction	LOADING RESOURCE SURFACE FROM DISK
2241561.292	Study_Phase.SEQUENCE.DISPLAY_SCREEN	LOADING RESOURCE SURFACE FROM DISK
2243075.017	Study_Phase.SEQUENCE.Study_Instruction	LOADING RESOURCE SURFACE FROM DISK
2251341.124	Study_Phase.SEQUENCE.Study_Instruction	LOADING RESOURCE SURFACE FROM DISK
2259608.284	Study_Phase.SEQUENCE.Study_Instruction	LOADING RESOURCE SURFACE FROM DISK
2267874.475	Study_Phase.SEQUENCE.Study_Instruction	LOADING RESOURCE SURFACE FROM DISK
2274628.092	Study_Phase.SEQUENCE.DISPLAY_SCREEN	LOADING RESOURCE SURFACE FROM DISK
2276177.109	Study_Phase.SEQUENCE.Study_Instruction	LOADING RESOURCE SURFACE FROM DISK
2284441.824	Study_Phase.SEQUENCE.Study_Instruction	LOADING RESOURCE SURFACE FROM DISK
2291194.813	Study_Phase.SEQUENCE.DISPLAY_SCREEN	LOADING RESOURCE SURFACE FROM DISK
2292747.821	Study_Phase.SEQUENCE.Study_Instruction	LOADING RESOURCE SURFACE FROM DISK
2301025.002	Study_Phase.SEQUENCE.Study_Instruction	LOADING RESOURCE SURFACE FROM DISK
2307777.867	Study_Phase.SEQUENCE.DISPLAY_SCREEN	LOADING RESOURCE SURFACE FROM DISK
2309301.583	Study_Phase.SEQUENCE.Study_Instruction	LOADING RESOURCE SURFACE FROM DISK
2317574.665	Study_Phase.SEQUENCE.Study_Instruction	LOADING RESOURCE SURFACE FROM DISK
2325841.962	Study_Phase.SEQUENCE.Study_Instruction	LOADING RESOURCE SURFACE FROM DISK
2332594.865	Study_Phase.SEQUENCE.DISPLAY_SCREEN	LOADING RESOURCE SURFACE FROM DISK
2334108.421	Study_Phase.SEQUENCE.Study_Instruction	LOADING RESOURCE SURFACE FROM DISK
2342415.185	Study_Phase.SEQUENCE.Study_Instruction	LOADING RESOURCE SURFACE FROM DISK
2350691.282	Study_Phase.SEQUENCE.Study_Instruction	LOADING RESOURCE SURFACE FROM DISK
2357444.715	Study_Phase.SEQUENCE.DISPLAY_SCREEN	LOADING RESOURCE SURFACE FROM DISK
2358958.34	Study_Phase.SEQUENCE.Study_Instruction	LOADING RESOURCE SURFACE FROM DISK
2367225.228	Study_Phase.SEQUENCE.Study_Instruction	LOADING RESOURCE SURFACE FROM DISK
2373978.0	Study_Phase.SEQUENCE.DISPLAY_SCREEN	LOADING RESOURCE SURFACE FROM DISK
2375491.719	Study_Phase.SEQUENCE.Study_Instruction	LOADING RESOURCE SURFACE FROM DISK
2383741.236	Study_Phase.SEQUENCE.Study_Instruction	LOADING RESOURCE SURFACE FROM DISK
2392008.502	Study_Phase.SEQUENCE.Study_Instruction	LOADING RESOURCE SURFACE FROM DISK
2398761.458	Study_Phase.SEQUENCE.DISPLAY_SCREEN	LOADING RESOURCE SURFACE FROM DISK
2400274.974	Study_Phase.SEQUENCE.Study_Instruction	LOADING RESOURCE SURFACE FROM DISK
2407028.017	Study_Phase.SEQUENCE.DISPLAY_SCREEN	LOADING RESOURCE SURFACE FROM DISK
2408541.712	Study_Phase.SEQUENCE.Study_Instruction	LOADING RESOURCE SURFACE FROM DISK
2416791.158	Study_Phase.SEQUENCE.Study_Instruction	LOADING RESOURCE SURFACE FROM DISK
2423544.715	Study_Phase.SEQUENCE.DISPLAY_SCREEN	LOADING RESOURCE SURFACE FROM DISK
2425058.304	Study_Phase.SEQUENCE.Study_Instruction	LOADING RESOURCE SURFACE FROM DISK
2433342.807	Study_Phase.SEQUENCE.Study_Instruction	LOADING RESOURCE SURFACE FROM DISK
2441607.879	Study_Phase.SEQUENCE.Study_Instruction	LOADING RESOURCE SURFACE FROM DISK
2448361.43	Study_Phase.SEQUENCE.DISPLAY_SCREEN	LOADING RESOURCE SURFACE FROM DISK
2449875.101	Study_Phase.SEQUENCE.Study_Instruction	LOADING RESOURCE SURFACE FROM DISK
2456628.17	Study_Phase.SEQUENCE.DISPLAY_SCREEN	LOADING RESOURCE SURFACE FROM DISK
2458141.735	Study_Phase.SEQUENCE.Study_Instruction	LOADING RESOURCE SURFACE FROM DISK
2466447.916	Study_Phase.SEQUENCE.Study_Instruction	LOADING RESOURCE SURFACE FROM DISK
2473211.501	Study_Phase.SEQUENCE.DISPLAY_SCREEN	LOADING RESOURCE SURFACE FROM DISK
2474725.104	Study_Phase.SEQUENCE.Study_Instruction	LOADING RESOURCE SURFACE FROM DISK
2481461.341	Study_Phase.SEQUENCE.DISPLAY_SCREEN	LOADING RESOURCE SURFACE FROM DISK
2482975.032	Study_Phase.SEQUENCE.Study_Instruction	LOADING RESOURCE SURFACE FROM DISK
2491224.501	Study_Phase.SEQUENCE.Study_Instruction	LOADING RESOURCE SURFACE FROM DISK
2499491.105	Study_Phase.SEQUENCE.Study_Instruction	LOADING RESOURCE SURFACE FROM DISK
2507741.219	Study_Phase.SEQUENCE.Study_Instruction	LOADING RESOURCE SURFACE FROM DISK
2514494.897	Study_Phase.SEQUENCE.DISPLAY_SCREEN	LOADING RESOURCE SURFACE FROM DISK
2516008.391	Study_Phase.SEQUENCE.Study_Instruction	LOADING RESOURCE SURFACE FROM DISK
2520715.549	DISPLAY_SCREEN[7]	LOADING RESOURCE SURFACE FROM DISK
2652640.896	Test_Phase.SEQUENCE.Target_Cue	LOADING RESOURCE SURFACE FROM DISK
2652642.419	Test_Phase.SEQUENCE.Target_Cue	LOADING RESOURCE SURFACE FROM DISK
2654658.009	Test_Phase.SEQUENCE.Word	LOADING RESOURCE SURFACE FROM DISK
2657674.294	Test_Phase.SEQUENCE.Test_Question	LOADING RESOURCE SURFACE FROM DISK
2657675.958	Test_Phase.SEQUENCE.Test_Question	LOADING RESOURCE SURFACE FROM DISK
2657677.58	Test_Phase.SEQUENCE.Test_Question	LOADING RESOURCE SURFACE FROM DISK
2657679.15	Test_Phase.SEQUENCE.Test_Question	LOADING RESOURCE SURFACE FROM DISK
2657680.905	Test_Phase.SEQUENCE.Test_Question	LOADING RESOURCE SURFACE FROM DISK
2657682.482	Test_Phase.SEQUENCE.Test_Question	LOADING RESOURCE SURFACE FROM DISK
2657684.056	Test_Phase.SEQUENCE.Test_Question	LOADING RESOURCE SURFACE FROM DISK
2657685.687	Test_Phase.SEQUENCE.Test_Question	LOADING RESOURCE SURFACE FROM DISK
2657687.306	Test_Phase.SEQUENCE.Test_Question	LOADING RESOURCE SURFACE FROM DISK
2657688.881	Test_Phase.SEQUENCE.Test_Question	LOADING RESOURCE SURFACE FROM DISK
2657690.514	Test_Phase.SEQUENCE.Test_Question	LOADING RESOURCE SURFACE FROM DISK
2657692.127	Test_Phase.SEQUENCE.Test_Question	LOADING RESOURCE SURFACE FROM DISK
2663600.78	Test_Phase.SEQUENCE.Word	LOADING RESOURCE SURFACE FROM DISK
2671441.599	Test_Phase.SEQUENCE.Word	LOADING RESOURCE SURFACE FROM DISK
2679541.614	Test_Phase.SEQUENCE.Word	LOADING RESOURCE SURFACE FROM DISK
2688508.191	Test_Phase.SEQUENCE.Word	LOADING RESOURCE SURFACE FROM DISK
2696524.682	Test_Phase.SEQUENCE.Word	LOADING RESOURCE SURFACE FROM DISK
2705291.095	Test_Phase.SEQUENCE.Word	LOADING RESOURCE SURFACE FROM DISK
2713191.6	Test_Phase.SEQUENCE.Word	LOADING RESOURCE SURFACE FROM DISK
2722008.139	Test_Phase.SEQUENCE.Word	LOADING RESOURCE SURFACE FROM DISK
2729875.043	Test_Phase.SEQUENCE.Word	LOADING RESOURCE SURFACE FROM DISK
2737958.213	Test_Phase.SEQUENCE.Word	LOADING RESOURCE SURFACE FROM DISK
2745791.442	Test_Phase.SEQUENCE.Word	LOADING RESOURCE SURFACE FROM DISK
2753541.601	Test_Phase.SEQUENCE.Word	LOADING RESOURCE SURFACE FROM DISK
2761191.547	Test_Phase.SEQUENCE.Word	LOADING RESOURCE SURFACE FROM DISK
2768974.756	Test_Phase.SEQUENCE.Word	LOADING RESOURCE SURFACE FROM DISK
2777774.812	Test_Phase.SEQUENCE.Word	LOADING RESOURCE SURFACE FROM DISK
2786458.109	Test_Phase.SEQUENCE.Word	LOADING RESOURCE SURFACE FROM DISK
2794774.699	Test_Phase.SEQUENCE.Word	LOADING RESOURCE SURFACE FROM DISK
2803674.81	Test_Phase.SEQUENCE.Word	LOADING RESOURCE SURFACE FROM DISK
2811624.737	Test_Phase.SEQUENCE.Word	LOADING RESOURCE SURFACE FROM DISK
2819241.394	Test_Phase.SEQUENCE.Word	LOADING RESOURCE SURFACE FROM DISK
2826641.609	Test_Phase.SEQUENCE.Word	LOADING RESOURCE SURFACE FROM DISK
2834141.395	Test_Phase.SEQUENCE.Word	LOADING RESOURCE SURFACE FROM DISK
2841458.02	Test_Phase.SEQUENCE.Word	LOADING RESOURCE SURFACE FROM DISK
2850574.753	Test_Phase.SEQUENCE.Word	LOADING RESOURCE SURFACE FROM DISK
2858557.996	Test_Phase.SEQUENCE.Word	LOADING RESOURCE SURFACE FROM DISK
2866124.972	Test_Phase.SEQUENCE.Word	LOADING RESOURCE SURFACE FROM DISK
2873874.769	Test_Phase.SEQUENCE.Word	LOADING RESOURCE SURFACE FROM DISK
2882824.828	Test_Phase.SEQUENCE.Word	LOADING RESOURCE SURFACE FROM DISK
2890724.906	Test_Phase.SEQUENCE.Word	LOADING RESOURCE SURFACE FROM DISK
2900957.94	Test_Phase.SEQUENCE.Word	LOADING RESOURCE SURFACE FROM DISK
2910508.046	Test_Phase.SEQUENCE.Word	LOADING RESOURCE SURFACE FROM DISK
2918191.342	Test_Phase.SEQUENCE.Word	LOADING RESOURCE SURFACE FROM DISK
2925991.59	Test_Phase.SEQUENCE.Word	LOADING RESOURCE SURFACE FROM DISK
2935374.776	Test_Phase.SEQUENCE.Word	LOADING RESOURCE SURFACE FROM DISK
2943158.155	Test_Phase.SEQUENCE.Word	LOADING RESOURCE SURFACE FROM DISK
2950758.26	Test_Phase.SEQUENCE.Word	LOADING RESOURCE SURFACE FROM DISK
2958391.541	Test_Phase.SEQUENCE.Word	LOADING RESOURCE SURFACE FROM DISK
2966558.015	Test_Phase.SEQUENCE.Word	LOADING RESOURCE SURFACE FROM DISK
2974478.641	Test_Phase.SEQUENCE.Word	LOADING RESOURCE SURFACE FROM DISK
2981908.065	Test_Phase.SEQUENCE.Word	LOADING RESOURCE SURFACE FROM DISK
2990075.049	Test_Phase.SEQUENCE.Word	LOADING RESOURCE SURFACE FROM DISK
2997724.66	Test_Phase.SEQUENCE.Word	LOADING RESOURCE SURFACE FROM DISK
3005474.646	Test_Phase.SEQUENCE.Word	LOADING RESOURCE SURFACE FROM DISK
3013108.026	Test_Phase.SEQUENCE.Word	LOADING RESOURCE SURFACE FROM DISK
3021641.563	Test_Phase.SEQUENCE.Word	LOADING RESOURCE SURFACE FROM DISK
3030075.003	Test_Phase.SEQUENCE.Word	LOADING RESOURCE SURFACE FROM DISK
3037691.617	Test_Phase.SEQUENCE.Word	LOADING RESOURCE SURFACE FROM DISK
3045741.444	Test_Phase.SEQUENCE.Word	LOADING RESOURCE SURFACE FROM DISK
3053791.413	Test_Phase.SEQUENCE.Word	LOADING RESOURCE SURFACE FROM DISK
3061424.904	Test_Phase.SEQUENCE.Word	LOADING RESOURCE SURFACE FROM DISK
3069041.539	Test_Phase.SEQUENCE.Word	LOADING RESOURCE SURFACE FROM DISK
3077091.61	Test_Phase.SEQUENCE.Word	LOADING RESOURCE SURFACE FROM DISK
3084608.067	Test_Phase.SEQUENCE.Word	LOADING RESOURCE SURFACE FROM DISK
3092541.339	Test_Phase.SEQUENCE.Word	LOADING RESOURCE SURFACE FROM DISK
3103074.803	Test_Phase.SEQUENCE.Word	LOADING RESOURCE SURFACE FROM DISK
3110708.111	Test_Phase.SEQUENCE.Word	LOADING RESOURCE SURFACE FROM DISK
3119424.742	Test_Phase.SEQUENCE.Word	LOADING RESOURCE SURFACE FROM DISK
3127191.35	Test_Phase.SEQUENCE.Word	LOADING RESOURCE SURFACE FROM DISK
3135191.484	Test_Phase.SEQUENCE.Word	LOADING RESOURCE SURFACE FROM DISK
3143541.311	Test_Phase.SEQUENCE.Word	LOADING RESOURCE SURFACE FROM DISK
3151341.534	Test_Phase.SEQUENCE.Word	LOADING RESOURCE SURFACE FROM DISK
3158908.141	Test_Phase.SEQUENCE.Word	LOADING RESOURCE SURFACE FROM DISK
3167041.361	Test_Phase.SEQUENCE.Word	LOADING RESOURCE SURFACE FROM DISK
3174941.489	Test_Phase.SEQUENCE.Word	LOADING RESOURCE SURFACE FROM DISK
3182508.002	Test_Phase.SEQUENCE.Word	LOADING RESOURCE SURFACE FROM DISK
3190124.842	Test_Phase.SEQUENCE.Word	LOADING RESOURCE SURFACE FROM DISK
3197641.422	Test_Phase.SEQUENCE.Word	LOADING RESOURCE SURFACE FROM DISK
3205141.344	Test_Phase.SEQUENCE.Word	LOADING RESOURCE SURFACE FROM DISK
3212841.487	Test_Phase.SEQUENCE.Word	LOADING RESOURCE SURFACE FROM DISK
3220474.72	Test_Phase.SEQUENCE.Word	LOADING RESOURCE SURFACE FROM DISK
3228058.153	Test_Phase.SEQUENCE.Word	LOADING RESOURCE SURFACE FROM DISK
3235631.059	Test_Phase.SEQUENCE.Word	LOADING RESOURCE SURFACE FROM DISK
3243408.025	Test_Phase.SEQUENCE.Word	LOADING RESOURCE SURFACE FROM DISK
3251075.514	Test_Phase.SEQUENCE.Word	LOADING RESOURCE SURFACE FROM DISK
3258541.429	Test_Phase.SEQUENCE.Word	LOADING RESOURCE SURFACE FROM DISK
3267408.104	Test_Phase.SEQUENCE.Word	LOADING RESOURCE SURFACE FROM DISK
3275141.668	Test_Phase.SEQUENCE.Word	LOADING RESOURCE SURFACE FROM DISK
3283391.604	Test_Phase.SEQUENCE.Word	LOADING RESOURCE SURFACE FROM DISK
3292458.09	Test_Phase.SEQUENCE.Word	LOADING RESOURCE SURFACE FROM DISK
3300291.51	Test_Phase.SEQUENCE.Word	LOADING RESOURCE SURFACE FROM DISK
3309074.618	Test_Phase.SEQUENCE.Word	LOADING RESOURCE SURFACE FROM DISK
3317408.182	Test_Phase.SEQUENCE.Word	LOADING RESOURCE SURFACE FROM DISK
3325124.723	Test_Phase.SEQUENCE.Word	LOADING RESOURCE SURFACE FROM DISK
3332774.93	Test_Phase.SEQUENCE.Word	LOADING RESOURCE SURFACE FROM DISK
3340391.44	Test_Phase.SEQUENCE.Word	LOADING RESOURCE SURFACE FROM DISK
3347941.733	Test_Phase.SEQUENCE.Word	LOADING RESOURCE SURFACE FROM DISK
3357958.096	Test_Phase.SEQUENCE.Word	LOADING RESOURCE SURFACE FROM DISK
3365708.014	Test_Phase.SEQUENCE.Word	LOADING RESOURCE SURFACE FROM DISK
3373791.256	Test_Phase.SEQUENCE.Word	LOADING RESOURCE SURFACE FROM DISK
3381524.887	Test_Phase.SEQUENCE.Word	LOADING RESOURCE SURFACE FROM DISK
3389391.417	Test_Phase.SEQUENCE.Word	LOADING RESOURCE SURFACE FROM DISK
3397841.647	Test_Phase.SEQUENCE.Word	LOADING RESOURCE SURFACE FROM DISK
3405458.125	Test_Phase.SEQUENCE.Word	LOADING RESOURCE SURFACE FROM DISK
3413224.84	Test_Phase.SEQUENCE.Word	LOADING RESOURCE SURFACE FROM DISK
3420808.214	Test_Phase.SEQUENCE.Word	LOADING RESOURCE SURFACE FROM DISK
3428424.895	Test_Phase.SEQUENCE.Word	LOADING RESOURCE SURFACE FROM DISK
3435991.405	Test_Phase.SEQUENCE.Word	LOADING RESOURCE SURFACE FROM DISK
3443641.511	Test_Phase.SEQUENCE.Word	LOADING RESOURCE SURFACE FROM DISK
3451191.489	Test_Phase.SEQUENCE.Word	LOADING RESOURCE SURFACE FROM DISK
3459591.495	Test_Phase.SEQUENCE.Word	LOADING RESOURCE SURFACE FROM DISK
3468091.56	Test_Phase.SEQUENCE.Word	LOADING RESOURCE SURFACE FROM DISK
3476841.495	Test_Phase.SEQUENCE.Word	LOADING RESOURCE SURFACE FROM DISK
3484941.598	Test_Phase.SEQUENCE.Word	LOADING RESOURCE SURFACE FROM DISK
3492441.414	Test_Phase.SEQUENCE.Word	LOADING RESOURCE SURFACE FROM DISK
3500024.753	Test_Phase.SEQUENCE.Word	LOADING RESOURCE SURFACE FROM DISK
3507641.284	Test_Phase.SEQUENCE.Word	LOADING RESOURCE SURFACE FROM DISK
3516024.572	Test_Phase.SEQUENCE.Word	LOADING RESOURCE SURFACE FROM DISK
3523774.798	Test_Phase.SEQUENCE.Word	LOADING RESOURCE SURFACE FROM DISK
3531374.876	Test_Phase.SEQUENCE.Word	LOADING RESOURCE SURFACE FROM DISK
3539208.06	Test_Phase.SEQUENCE.Word	LOADING RESOURCE SURFACE FROM DISK
3547124.728	Test_Phase.SEQUENCE.Word	LOADING RESOURCE SURFACE FROM DISK
3554741.404	Test_Phase.SEQUENCE.Word	LOADING RESOURCE SURFACE FROM DISK
3562341.665	Test_Phase.SEQUENCE.Word	LOADING RESOURCE SURFACE FROM DISK
3570508.058	Test_Phase.SEQUENCE.Word	LOADING RESOURCE SURFACE FROM DISK
3578141.446	Test_Phase.SEQUENCE.Word	LOADING RESOURCE SURFACE FROM DISK
3585691.565	Test_Phase.SEQUENCE.Word	LOADING RESOURCE SURFACE FROM DISK
3594024.621	Test_Phase.SEQUENCE.Word	LOADING RESOURCE SURFACE FROM DISK
3603074.633	Test_Phase.SEQUENCE.Word	LOADING RESOURCE SURFACE FROM DISK
3610574.79	Test_Phase.SEQUENCE.Word	LOADING RESOURCE SURFACE FROM DISK
3618328.318	Test_Phase.SEQUENCE.Word	LOADING RESOURCE SURFACE FROM DISK
3625924.857	Test_Phase.SEQUENCE.Word	LOADING RESOURCE SURFACE FROM DISK
3633374.697	Test_Phase.SEQUENCE.Word	LOADING RESOURCE SURFACE FROM DISK
3641124.774	Test_Phase.SEQUENCE.Word	LOADING RESOURCE SURFACE FROM DISK
3648641.343	Test_Phase.SEQUENCE.Word	LOADING RESOURCE SURFACE FROM DISK
3656508.163	Test_Phase.SEQUENCE.Word	LOADING RESOURCE SURFACE FROM DISK
3664307.922	Test_Phase.SEQUENCE.Word	LOADING RESOURCE SURFACE FROM DISK
3672091.603	Test_Phase.SEQUENCE.Word	LOADING RESOURCE SURFACE FROM DISK
3679608.045	Test_Phase.SEQUENCE.Word	LOADING RESOURCE SURFACE FROM DISK
3687341.558	Test_Phase.SEQUENCE.Word	LOADING RESOURCE SURFACE FROM DISK
3695274.853	Test_Phase.SEQUENCE.Word	LOADING RESOURCE SURFACE FROM DISK
3702991.459	Test_Phase.SEQUENCE.Word	LOADING RESOURCE SURFACE FROM DISK
3710441.31	Test_Phase.SEQUENCE.Word	LOADING RESOURCE SURFACE FROM DISK
3718174.666	Test_Phase.SEQUENCE.Word	LOADING RESOURCE SURFACE FROM DISK
3726158.006	Test_Phase.SEQUENCE.Word	LOADING RESOURCE SURFACE FROM DISK
3733808.222	Test_Phase.SEQUENCE.Word	LOADING RESOURCE SURFACE FROM DISK
3742041.47	Test_Phase.SEQUENCE.Word	LOADING RESOURCE SURFACE FROM DISK
3749808.103	Test_Phase.SEQUENCE.Word	LOADING RESOURCE SURFACE FROM DISK
3757491.509	Test_Phase.SEQUENCE.Word	LOADING RESOURCE SURFACE FROM DISK
3765158.307	Test_Phase.SEQUENCE.Word	LOADING RESOURCE SURFACE FROM DISK
3772841.461	Test_Phase.SEQUENCE.Word	LOADING RESOURCE SURFACE FROM DISK
3780741.539	Test_Phase.SEQUENCE.Word	LOADING RESOURCE SURFACE FROM DISK
3788374.813	Test_Phase.SEQUENCE.Word	LOADING RESOURCE SURFACE FROM DISK
3797208.015	Test_Phase.SEQUENCE.Word	LOADING RESOURCE SURFACE FROM DISK
3804808.109	Test_Phase.SEQUENCE.Word	LOADING RESOURCE SURFACE FROM DISK
3812408.026	Test_Phase.SEQUENCE.Word	LOADING RESOURCE SURFACE FROM DISK
3819931.734	Test_Phase.SEQUENCE.Word	LOADING RESOURCE SURFACE FROM DISK
3827408.121	Test_Phase.SEQUENCE.Word	LOADING RESOURCE SURFACE FROM DISK
3835107.913	Test_Phase.SEQUENCE.Word	LOADING RESOURCE SURFACE FROM DISK
3850591.476	Test_Phase.SEQUENCE.Word	LOADING RESOURCE SURFACE FROM DISK
3858891.526	Test_Phase.SEQUENCE.Word	LOADING RESOURCE SURFACE FROM DISK
3866445.755	Test_Phase.SEQUENCE.Word	LOADING RESOURCE SURFACE FROM DISK
3873858.158	Test_Phase.SEQUENCE.Word	LOADING RESOURCE SURFACE FROM DISK
3881658.116	Test_Phase.SEQUENCE.Word	LOADING RESOURCE SURFACE FROM DISK
3889544.297	Test_Phase.SEQUENCE.Word	LOADING RESOURCE SURFACE FROM DISK
3897474.847	Test_Phase.SEQUENCE.Word	LOADING RESOURCE SURFACE FROM DISK
3904941.587	Test_Phase.SEQUENCE.Word	LOADING RESOURCE SURFACE FROM DISK
3912924.77	Test_Phase.SEQUENCE.Word	LOADING RESOURCE SURFACE FROM DISK
3920724.766	Test_Phase.SEQUENCE.Word	LOADING RESOURCE SURFACE FROM DISK
3928424.753	Test_Phase.SEQUENCE.Word	LOADING RESOURCE SURFACE FROM DISK
3936324.816	Test_Phase.SEQUENCE.Word	LOADING RESOURCE SURFACE FROM DISK
3943858.132	Test_Phase.SEQUENCE.Word	LOADING RESOURCE SURFACE FROM DISK
3951474.681	Test_Phase.SEQUENCE.Word	LOADING RESOURCE SURFACE FROM DISK
3959058.067	Test_Phase.SEQUENCE.Word	LOADING RESOURCE SURFACE FROM DISK
3967374.762	Test_Phase.SEQUENCE.Word	LOADING RESOURCE SURFACE FROM DISK
3975091.266	Test_Phase.SEQUENCE.Word	LOADING RESOURCE SURFACE FROM DISK
3982774.873	Test_Phase.SEQUENCE.Word	LOADING RESOURCE SURFACE FROM DISK
4005208.045	Test_Phase.SEQUENCE.Word	LOADING RESOURCE SURFACE FROM DISK
4013324.559	Test_Phase.SEQUENCE.Word	LOADING RESOURCE SURFACE FROM DISK
4021308.211	Test_Phase.SEQUENCE.Word	LOADING RESOURCE SURFACE FROM DISK
4029074.72	Test_Phase.SEQUENCE.Word	LOADING RESOURCE SURFACE FROM DISK
4038141.565	Test_Phase.SEQUENCE.Word	LOADING RESOURCE SURFACE FROM DISK
4046074.898	Test_Phase.SEQUENCE.Word	LOADING RESOURCE SURFACE FROM DISK
4056108.136	Test_Phase.SEQUENCE.Word	LOADING RESOURCE SURFACE FROM DISK
4065174.808	Test_Phase.SEQUENCE.Word	LOADING RESOURCE SURFACE FROM DISK
4072924.8	Test_Phase.SEQUENCE.Word	LOADING RESOURCE SURFACE FROM DISK
4085308.266	Test_Phase.SEQUENCE.Word	LOADING RESOURCE SURFACE FROM DISK
4092991.413	Test_Phase.SEQUENCE.Word	LOADING RESOURCE SURFACE FROM DISK
4100707.925	Test_Phase.SEQUENCE.Word	LOADING RESOURCE SURFACE FROM DISK
4108374.884	Test_Phase.SEQUENCE.Word	LOADING RESOURCE SURFACE FROM DISK
4116158.09	Test_Phase.SEQUENCE.Word	LOADING RESOURCE SURFACE FROM DISK
4123841.31	Test_Phase.SEQUENCE.Word	LOADING RESOURCE SURFACE FROM DISK
4131441.482	Test_Phase.SEQUENCE.Word	LOADING RESOURCE SURFACE FROM DISK
4139441.533	Test_Phase.SEQUENCE.Word	LOADING RESOURCE SURFACE FROM DISK
4147374.924	Test_Phase.SEQUENCE.Word	LOADING RESOURCE SURFACE FROM DISK
4155608.124	Test_Phase.SEQUENCE.Word	LOADING RESOURCE SURFACE FROM DISK
4163341.492	Test_Phase.SEQUENCE.Word	LOADING RESOURCE SURFACE FROM DISK
4171241.474	Test_Phase.SEQUENCE.Word	LOADING RESOURCE SURFACE FROM DISK
4180258.075	Test_Phase.SEQUENCE.Word	LOADING RESOURCE SURFACE FROM DISK
4187758.157	Test_Phase.SEQUENCE.Word	LOADING RESOURCE SURFACE FROM DISK
4195307.941	Test_Phase.SEQUENCE.Word	LOADING RESOURCE SURFACE FROM DISK
4202924.852	Test_Phase.SEQUENCE.Word	LOADING RESOURCE SURFACE FROM DISK
4210424.775	Test_Phase.SEQUENCE.Word	LOADING RESOURCE SURFACE FROM DISK
4218058.057	Test_Phase.SEQUENCE.Word	LOADING RESOURCE SURFACE FROM DISK
4226591.375	Test_Phase.SEQUENCE.Word	LOADING RESOURCE SURFACE FROM DISK
4234291.514	Test_Phase.SEQUENCE.Word	LOADING RESOURCE SURFACE FROM DISK
4242241.433	Test_Phase.SEQUENCE.Word	LOADING RESOURCE SURFACE FROM DISK
4250024.58	Test_Phase.SEQUENCE.Word	LOADING RESOURCE SURFACE FROM DISK
4257691.579	Test_Phase.SEQUENCE.Word	LOADING RESOURCE SURFACE FROM DISK
4261737.509	DISPLAY_SCREEN	LOADING RESOURCE SURFACE FROM DISK
