5300.018	DISPLAY_SCREEN[1]	LOADING RESOURCE SURFACE FROM DISK
134466.543	Familiarization_Phase.SEQUENCE.Cue_and_Instruction	LOADING RESOURCE SURFACE FROM DISK
134484.204	Familiarization_Phase.SEQUENCE.Cue_and_Instruction	LOADING RESOURCE SURFACE FROM DISK
140581.959	Familiarization_Phase.SEQUENCE.Cue_and_Instruction	LOADING RESOURCE SURFACE FROM DISK
140600.224	Familiarization_Phase.SEQUENCE.Cue_and_Instruction	LOADING RESOURCE SURFACE FROM DISK
146702.711	Familiarization_Phase.SEQUENCE.Cue_and_Instruction	LOADING RESOURCE SURFACE FROM DISK
146705.819	Familiarization_Phase.SEQUENCE.Cue_and_Instruction	LOADING RESOURCE SURFACE FROM DISK
188998.618	DISPLAY_SCREEN[3]	LOADING RESOURCE SURFACE FROM DISK
303432.38	DISPLAY_SCREEN[5]	LOADING RESOURCE SURFACE FROM DISK
478204.306	Practice_Phase.SEQUENCE.Blink_Screen	LOADING RESOURCE SURFACE FROM DISK
478205.202	Practice_Phase.SEQUENCE.Blink_Screen	flip time is later than desired time. Desired Time=477942 Flip Time=478226 Retrace Rate=16.643, prepareTime=286 flip request time 478205
479430.203	Practice_Phase.SEQUENCE.Practice_Luminance_Cue	LOADING RESOURCE SURFACE FROM DISK
479432.457	Practice_Phase.SEQUENCE.Practice_Luminance_Cue	LOADING RESOURCE SURFACE FROM DISK
479433.989	Practice_Phase.SEQUENCE.Practice_Luminance_Cue	flip time is later than desired time. Desired Time=479426 Flip Time=479442 Retrace Rate=16.643, prepareTime=32 flip request time 479433
481426.561	Practice_Phase.SEQUENCE.Practice_Instruction	LOADING RESOURCE SURFACE FROM DISK
481428.826	Practice_Phase.SEQUENCE.Practice_Instruction	LOADING RESOURCE SURFACE FROM DISK
489582.975	Practice_Phase.SEQUENCE.Practice_Instruction	LOADING RESOURCE SURFACE FROM DISK
489585.439	Practice_Phase.SEQUENCE.Practice_Instruction	LOADING RESOURCE SURFACE FROM DISK
489587.031	Practice_Phase.SEQUENCE.Practice_Instruction	flip time is later than desired time. Desired Time=489559 Flip Time=489609 Retrace Rate=16.643, prepareTime=52 flip request time 489586
497672.568	Practice_Phase.SEQUENCE.Practice_Instruction	LOADING RESOURCE SURFACE FROM DISK
497674.936	Practice_Phase.SEQUENCE.Practice_Instruction	LOADING RESOURCE SURFACE FROM DISK
497676.519	Practice_Phase.SEQUENCE.Practice_Instruction	flip time is later than desired time. Desired Time=497676 Flip Time=497692 Retrace Rate=16.643, prepareTime=25 flip request time 497676
505743.061	Practice_Phase.SEQUENCE.Practice_Instruction	LOADING RESOURCE SURFACE FROM DISK
505781.479	Practice_Phase.SEQUENCE.Practice_Instruction	LOADING RESOURCE SURFACE FROM DISK
505782.976	Practice_Phase.SEQUENCE.Practice_Instruction	flip time is later than desired time. Desired Time=505759 Flip Time=505792 Retrace Rate=16.643, prepareTime=48 flip request time 505782
513843.218	Practice_Phase.SEQUENCE.Practice_Instruction	LOADING RESOURCE SURFACE FROM DISK
513845.677	Practice_Phase.SEQUENCE.Practice_Instruction	LOADING RESOURCE SURFACE FROM DISK
521909.782	Practice_Phase.SEQUENCE.Practice_Instruction	LOADING RESOURCE SURFACE FROM DISK
521925.257	Practice_Phase.SEQUENCE.Practice_Instruction	LOADING RESOURCE SURFACE FROM DISK
521926.843	Practice_Phase.SEQUENCE.Practice_Instruction	flip time is later than desired time. Desired Time=521926 Flip Time=521942 Retrace Rate=16.643, prepareTime=25 flip request time 521926
529992.926	Practice_Phase.SEQUENCE.Practice_Instruction	LOADING RESOURCE SURFACE FROM DISK
530036.112	Practice_Phase.SEQUENCE.Practice_Instruction	LOADING RESOURCE SURFACE FROM DISK
530037.649	Practice_Phase.SEQUENCE.Practice_Instruction	flip time is later than desired time. Desired Time=530009 Flip Time=530059 Retrace Rate=16.643, prepareTime=53 flip request time 530037
538109.9	Practice_Phase.SEQUENCE.Practice_Instruction	LOADING RESOURCE SURFACE FROM DISK
538112.341	Practice_Phase.SEQUENCE.Practice_Instruction	LOADING RESOURCE SURFACE FROM DISK
546176.737	Practice_Phase.SEQUENCE.Practice_Instruction	LOADING RESOURCE SURFACE FROM DISK
546179.139	Practice_Phase.SEQUENCE.Practice_Instruction	LOADING RESOURCE SURFACE FROM DISK
550844.878	DISPLAY_SCREEN[2]	LOADING RESOURCE SURFACE FROM DISK
650465.965	Study_Phase.SEQUENCE.Study_Instruction	LOADING RESOURCE SURFACE FROM DISK
658752.162	Study_Phase.SEQUENCE.Study_Instruction	LOADING RESOURCE SURFACE FROM DISK
658787.58	Study_Phase.SEQUENCE.Study_Instruction	LOADING RESOURCE SURFACE FROM DISK
667115.538	Study_Phase.SEQUENCE.Study_Instruction	LOADING RESOURCE SURFACE FROM DISK
675401.896	Study_Phase.SEQUENCE.Study_Instruction	LOADING RESOURCE SURFACE FROM DISK
675441.533	Study_Phase.SEQUENCE.Study_Instruction	LOADING RESOURCE SURFACE FROM DISK
683735.579	Study_Phase.SEQUENCE.Study_Instruction	LOADING RESOURCE SURFACE FROM DISK
683772.469	Study_Phase.SEQUENCE.Study_Instruction	LOADING RESOURCE SURFACE FROM DISK
692063.248	Study_Phase.SEQUENCE.Study_Instruction	LOADING RESOURCE SURFACE FROM DISK
700368.87	Study_Phase.SEQUENCE.Study_Instruction	LOADING RESOURCE SURFACE FROM DISK
700371.386	Study_Phase.SEQUENCE.Study_Instruction	LOADING RESOURCE SURFACE FROM DISK
708702.455	Study_Phase.SEQUENCE.Study_Instruction	LOADING RESOURCE SURFACE FROM DISK
716995.905	Study_Phase.SEQUENCE.Study_Instruction	LOADING RESOURCE SURFACE FROM DISK
725295.948	Study_Phase.SEQUENCE.Study_Instruction	LOADING RESOURCE SURFACE FROM DISK
733602.181	Study_Phase.SEQUENCE.Study_Instruction	LOADING RESOURCE SURFACE FROM DISK
733641.631	Study_Phase.SEQUENCE.Study_Instruction	LOADING RESOURCE SURFACE FROM DISK
741935.51	Study_Phase.SEQUENCE.Study_Instruction	LOADING RESOURCE SURFACE FROM DISK
741980.036	Study_Phase.SEQUENCE.Study_Instruction	LOADING RESOURCE SURFACE FROM DISK
750301.985	Study_Phase.SEQUENCE.Study_Instruction	LOADING RESOURCE SURFACE FROM DISK
758596.7	Study_Phase.SEQUENCE.Study_Instruction	LOADING RESOURCE SURFACE FROM DISK
766902.221	Study_Phase.SEQUENCE.Study_Instruction	LOADING RESOURCE SURFACE FROM DISK
766947.316	Study_Phase.SEQUENCE.Study_Instruction	LOADING RESOURCE SURFACE FROM DISK
775264.114	Study_Phase.SEQUENCE.Study_Instruction	LOADING RESOURCE SURFACE FROM DISK
783552.452	Study_Phase.SEQUENCE.Study_Instruction	LOADING RESOURCE SURFACE FROM DISK
783589.392	Study_Phase.SEQUENCE.Study_Instruction	LOADING RESOURCE SURFACE FROM DISK
791913.136	Study_Phase.SEQUENCE.Study_Instruction	LOADING RESOURCE SURFACE FROM DISK
800202.367	Study_Phase.SEQUENCE.Study_Instruction	LOADING RESOURCE SURFACE FROM DISK
800244.3	Study_Phase.SEQUENCE.Study_Instruction	LOADING RESOURCE SURFACE FROM DISK
808572.253	Study_Phase.SEQUENCE.Study_Instruction	LOADING RESOURCE SURFACE FROM DISK
816868.718	Study_Phase.SEQUENCE.Study_Instruction	LOADING RESOURCE SURFACE FROM DISK
816907.202	Study_Phase.SEQUENCE.Study_Instruction	LOADING RESOURCE SURFACE FROM DISK
825222.18	Study_Phase.SEQUENCE.Study_Instruction	LOADING RESOURCE SURFACE FROM DISK
833513.128	Study_Phase.SEQUENCE.Study_Instruction	LOADING RESOURCE SURFACE FROM DISK
841852.082	Study_Phase.SEQUENCE.Study_Instruction	LOADING RESOURCE SURFACE FROM DISK
841893.167	Study_Phase.SEQUENCE.Study_Instruction	LOADING RESOURCE SURFACE FROM DISK
850238.436	Study_Phase.SEQUENCE.Study_Instruction	LOADING RESOURCE SURFACE FROM DISK
858555.918	Study_Phase.SEQUENCE.Study_Instruction	LOADING RESOURCE SURFACE FROM DISK
866851.914	Study_Phase.SEQUENCE.Study_Instruction	LOADING RESOURCE SURFACE FROM DISK
866892.313	Study_Phase.SEQUENCE.Study_Instruction	LOADING RESOURCE SURFACE FROM DISK
875217.821	Study_Phase.SEQUENCE.Study_Instruction	LOADING RESOURCE SURFACE FROM DISK
883554.277	Study_Phase.SEQUENCE.Study_Instruction	LOADING RESOURCE SURFACE FROM DISK
891846.576	Study_Phase.SEQUENCE.Study_Instruction	LOADING RESOURCE SURFACE FROM DISK
900152.078	Study_Phase.SEQUENCE.Study_Instruction	LOADING RESOURCE SURFACE FROM DISK
900154.587	Study_Phase.SEQUENCE.Study_Instruction	LOADING RESOURCE SURFACE FROM DISK
908465.029	Study_Phase.SEQUENCE.Study_Instruction	LOADING RESOURCE SURFACE FROM DISK
916763.361	Study_Phase.SEQUENCE.Study_Instruction	LOADING RESOURCE SURFACE FROM DISK
925082.109	Study_Phase.SEQUENCE.Study_Instruction	LOADING RESOURCE SURFACE FROM DISK
933368.769	Study_Phase.SEQUENCE.Study_Instruction	LOADING RESOURCE SURFACE FROM DISK
933371.308	Study_Phase.SEQUENCE.Study_Instruction	LOADING RESOURCE SURFACE FROM DISK
941662.973	Study_Phase.SEQUENCE.Study_Instruction	LOADING RESOURCE SURFACE FROM DISK
949968.662	Study_Phase.SEQUENCE.Study_Instruction	LOADING RESOURCE SURFACE FROM DISK
950011.562	Study_Phase.SEQUENCE.Study_Instruction	LOADING RESOURCE SURFACE FROM DISK
958296.42	Study_Phase.SEQUENCE.Study_Instruction	LOADING RESOURCE SURFACE FROM DISK
966596.064	Study_Phase.SEQUENCE.Study_Instruction	LOADING RESOURCE SURFACE FROM DISK
974901.982	Study_Phase.SEQUENCE.Study_Instruction	LOADING RESOURCE SURFACE FROM DISK
974904.502	Study_Phase.SEQUENCE.Study_Instruction	LOADING RESOURCE SURFACE FROM DISK
983233.973	Study_Phase.SEQUENCE.Study_Instruction	LOADING RESOURCE SURFACE FROM DISK
991529.382	Study_Phase.SEQUENCE.Study_Instruction	LOADING RESOURCE SURFACE FROM DISK
999835.709	Study_Phase.SEQUENCE.Study_Instruction	LOADING RESOURCE SURFACE FROM DISK
999838.066	Study_Phase.SEQUENCE.Study_Instruction	LOADING RESOURCE SURFACE FROM DISK
1008170.165	Study_Phase.SEQUENCE.Study_Instruction	LOADING RESOURCE SURFACE FROM DISK
1016468.85	Study_Phase.SEQUENCE.Study_Instruction	LOADING RESOURCE SURFACE FROM DISK
1016471.193	Study_Phase.SEQUENCE.Study_Instruction	LOADING RESOURCE SURFACE FROM DISK
1024768.845	Study_Phase.SEQUENCE.Study_Instruction	LOADING RESOURCE SURFACE FROM DISK
1024809.298	Study_Phase.SEQUENCE.Study_Instruction	LOADING RESOURCE SURFACE FROM DISK
1033102.154	Study_Phase.SEQUENCE.Study_Instruction	LOADING RESOURCE SURFACE FROM DISK
1033142.649	Study_Phase.SEQUENCE.Study_Instruction	LOADING RESOURCE SURFACE FROM DISK
1041471.298	Study_Phase.SEQUENCE.Study_Instruction	LOADING RESOURCE SURFACE FROM DISK
1049763.018	Study_Phase.SEQUENCE.Study_Instruction	LOADING RESOURCE SURFACE FROM DISK
1058069.195	Study_Phase.SEQUENCE.Study_Instruction	LOADING RESOURCE SURFACE FROM DISK
1058103.861	Study_Phase.SEQUENCE.Study_Instruction	LOADING RESOURCE SURFACE FROM DISK
1066402.195	Study_Phase.SEQUENCE.Study_Instruction	LOADING RESOURCE SURFACE FROM DISK
1066442.375	Study_Phase.SEQUENCE.Study_Instruction	LOADING RESOURCE SURFACE FROM DISK
1074766.055	Study_Phase.SEQUENCE.Study_Instruction	LOADING RESOURCE SURFACE FROM DISK
1083052.078	Study_Phase.SEQUENCE.Study_Instruction	LOADING RESOURCE SURFACE FROM DISK
1083091.703	Study_Phase.SEQUENCE.Study_Instruction	LOADING RESOURCE SURFACE FROM DISK
1091424.164	Study_Phase.SEQUENCE.Study_Instruction	LOADING RESOURCE SURFACE FROM DISK
1099718.92	Study_Phase.SEQUENCE.Study_Instruction	LOADING RESOURCE SURFACE FROM DISK
1099755.328	Study_Phase.SEQUENCE.Study_Instruction	LOADING RESOURCE SURFACE FROM DISK
1108085.992	Study_Phase.SEQUENCE.Study_Instruction	LOADING RESOURCE SURFACE FROM DISK
1116411.629	Study_Phase.SEQUENCE.Study_Instruction	LOADING RESOURCE SURFACE FROM DISK
1124738.031	Study_Phase.SEQUENCE.Study_Instruction	LOADING RESOURCE SURFACE FROM DISK
1133045.834	Study_Phase.SEQUENCE.Study_Instruction	LOADING RESOURCE SURFACE FROM DISK
1141335.696	Study_Phase.SEQUENCE.Study_Instruction	LOADING RESOURCE SURFACE FROM DISK
1141371.751	Study_Phase.SEQUENCE.Study_Instruction	LOADING RESOURCE SURFACE FROM DISK
1149701.538	Study_Phase.SEQUENCE.Study_Instruction	LOADING RESOURCE SURFACE FROM DISK
1158038.183	Study_Phase.SEQUENCE.Study_Instruction	LOADING RESOURCE SURFACE FROM DISK
1166335.374	Study_Phase.SEQUENCE.Study_Instruction	LOADING RESOURCE SURFACE FROM DISK
1166345.518	Study_Phase.SEQUENCE.Study_Instruction	LOADING RESOURCE SURFACE FROM DISK
1174635.306	Study_Phase.SEQUENCE.Study_Instruction	LOADING RESOURCE SURFACE FROM DISK
1174677.256	Study_Phase.SEQUENCE.Study_Instruction	LOADING RESOURCE SURFACE FROM DISK
1183004.052	Study_Phase.SEQUENCE.Study_Instruction	LOADING RESOURCE SURFACE FROM DISK
1191302.163	Study_Phase.SEQUENCE.Study_Instruction	LOADING RESOURCE SURFACE FROM DISK
1191340.887	Study_Phase.SEQUENCE.Study_Instruction	LOADING RESOURCE SURFACE FROM DISK
1199664.655	Study_Phase.SEQUENCE.Study_Instruction	LOADING RESOURCE SURFACE FROM DISK
1207946.396	Study_Phase.SEQUENCE.Study_Instruction	LOADING RESOURCE SURFACE FROM DISK
1216252.132	Study_Phase.SEQUENCE.Study_Instruction	LOADING RESOURCE SURFACE FROM DISK
1216287.566	Study_Phase.SEQUENCE.Study_Instruction	LOADING RESOURCE SURFACE FROM DISK
1224585.573	Study_Phase.SEQUENCE.Study_Instruction	LOADING RESOURCE SURFACE FROM DISK
1224587.761	Study_Phase.SEQUENCE.Study_Instruction	LOADING RESOURCE SURFACE FROM DISK
1232863.107	Study_Phase.SEQUENCE.Study_Instruction	LOADING RESOURCE SURFACE FROM DISK
1241168.948	Study_Phase.SEQUENCE.Study_Instruction	LOADING RESOURCE SURFACE FROM DISK
1241209.331	Study_Phase.SEQUENCE.Study_Instruction	LOADING RESOURCE SURFACE FROM DISK
1249479.643	Study_Phase.SEQUENCE.Study_Instruction	LOADING RESOURCE SURFACE FROM DISK
1257779.751	Study_Phase.SEQUENCE.Study_Instruction	LOADING RESOURCE SURFACE FROM DISK
1266085.345	Study_Phase.SEQUENCE.Study_Instruction	LOADING RESOURCE SURFACE FROM DISK
1266087.761	Study_Phase.SEQUENCE.Study_Instruction	LOADING RESOURCE SURFACE FROM DISK
1274419.266	Study_Phase.SEQUENCE.Study_Instruction	LOADING RESOURCE SURFACE FROM DISK
1282755.636	Study_Phase.SEQUENCE.Study_Instruction	LOADING RESOURCE SURFACE FROM DISK
1291051.968	Study_Phase.SEQUENCE.Study_Instruction	LOADING RESOURCE SURFACE FROM DISK
1291093.209	Study_Phase.SEQUENCE.Study_Instruction	LOADING RESOURCE SURFACE FROM DISK
1299417.424	Study_Phase.SEQUENCE.Study_Instruction	LOADING RESOURCE SURFACE FROM DISK
1307718.948	Study_Phase.SEQUENCE.Study_Instruction	LOADING RESOURCE SURFACE FROM DISK
1307757.134	Study_Phase.SEQUENCE.Study_Instruction	LOADING RESOURCE SURFACE FROM DISK
1316062.776	Study_Phase.SEQUENCE.Study_Instruction	LOADING RESOURCE SURFACE FROM DISK
1324345.996	Study_Phase.SEQUENCE.Study_Instruction	LOADING RESOURCE SURFACE FROM DISK
1332652.271	Study_Phase.SEQUENCE.Study_Instruction	LOADING RESOURCE SURFACE FROM DISK
1332695.717	Study_Phase.SEQUENCE.Study_Instruction	LOADING RESOURCE SURFACE FROM DISK
1340985.253	Study_Phase.SEQUENCE.Study_Instruction	LOADING RESOURCE SURFACE FROM DISK
1341022.474	Study_Phase.SEQUENCE.Study_Instruction	LOADING RESOURCE SURFACE FROM DISK
1349302.115	Study_Phase.SEQUENCE.Study_Instruction	LOADING RESOURCE SURFACE FROM DISK
1349338.295	Study_Phase.SEQUENCE.Study_Instruction	LOADING RESOURCE SURFACE FROM DISK
1357667.824	Study_Phase.SEQUENCE.Study_Instruction	LOADING RESOURCE SURFACE FROM DISK
1365968.98	Study_Phase.SEQUENCE.Study_Instruction	LOADING RESOURCE SURFACE FROM DISK
1366012.99	Study_Phase.SEQUENCE.Study_Instruction	LOADING RESOURCE SURFACE FROM DISK
1374315.026	Study_Phase.SEQUENCE.Study_Instruction	LOADING RESOURCE SURFACE FROM DISK
1382602.317	Study_Phase.SEQUENCE.Study_Instruction	LOADING RESOURCE SURFACE FROM DISK
1382604.802	Study_Phase.SEQUENCE.Study_Instruction	LOADING RESOURCE SURFACE FROM DISK
1390902.142	Study_Phase.SEQUENCE.Study_Instruction	LOADING RESOURCE SURFACE FROM DISK
1390962.508	Study_Phase.SEQUENCE.Study_Instruction	LOADING RESOURCE SURFACE FROM DISK
1399285.105	Study_Phase.SEQUENCE.Study_Instruction	LOADING RESOURCE SURFACE FROM DISK
1407618.978	Study_Phase.SEQUENCE.Study_Instruction	LOADING RESOURCE SURFACE FROM DISK
1415953.836	Study_Phase.SEQUENCE.Study_Instruction	LOADING RESOURCE SURFACE FROM DISK
1424252.009	Study_Phase.SEQUENCE.Study_Instruction	LOADING RESOURCE SURFACE FROM DISK
1424291.393	Study_Phase.SEQUENCE.Study_Instruction	LOADING RESOURCE SURFACE FROM DISK
1432585.35	Study_Phase.SEQUENCE.Study_Instruction	LOADING RESOURCE SURFACE FROM DISK
1432630.046	Study_Phase.SEQUENCE.Study_Instruction	LOADING RESOURCE SURFACE FROM DISK
1440912.852	Study_Phase.SEQUENCE.Study_Instruction	LOADING RESOURCE SURFACE FROM DISK
1449218.91	Study_Phase.SEQUENCE.Study_Instruction	LOADING RESOURCE SURFACE FROM DISK
1449257.849	Study_Phase.SEQUENCE.Study_Instruction	LOADING RESOURCE SURFACE FROM DISK
1457579.95	Study_Phase.SEQUENCE.Study_Instruction	LOADING RESOURCE SURFACE FROM DISK
1465913.076	Study_Phase.SEQUENCE.Study_Instruction	LOADING RESOURCE SURFACE FROM DISK
1474202.209	Study_Phase.SEQUENCE.Study_Instruction	LOADING RESOURCE SURFACE FROM DISK
1474239.928	Study_Phase.SEQUENCE.Study_Instruction	LOADING RESOURCE SURFACE FROM DISK
1482564.862	Study_Phase.SEQUENCE.Study_Instruction	LOADING RESOURCE SURFACE FROM DISK
1490882.043	Study_Phase.SEQUENCE.Study_Instruction	LOADING RESOURCE SURFACE FROM DISK
1499168.549	Study_Phase.SEQUENCE.Study_Instruction	LOADING RESOURCE SURFACE FROM DISK
1499170.8	Study_Phase.SEQUENCE.Study_Instruction	LOADING RESOURCE SURFACE FROM DISK
1507499.671	Study_Phase.SEQUENCE.Study_Instruction	LOADING RESOURCE SURFACE FROM DISK
1515821.325	Study_Phase.SEQUENCE.Study_Instruction	LOADING RESOURCE SURFACE FROM DISK
1524118.786	Study_Phase.SEQUENCE.Study_Instruction	LOADING RESOURCE SURFACE FROM DISK
1524160.901	Study_Phase.SEQUENCE.Study_Instruction	LOADING RESOURCE SURFACE FROM DISK
1532451.946	Study_Phase.SEQUENCE.Study_Instruction	LOADING RESOURCE SURFACE FROM DISK
1532454.391	Study_Phase.SEQUENCE.Study_Instruction	LOADING RESOURCE SURFACE FROM DISK
1540752.583	Study_Phase.SEQUENCE.Study_Instruction	LOADING RESOURCE SURFACE FROM DISK
1540771.931	Study_Phase.SEQUENCE.Study_Instruction	LOADING RESOURCE SURFACE FROM DISK
1549068.732	Study_Phase.SEQUENCE.Study_Instruction	LOADING RESOURCE SURFACE FROM DISK
1549110.472	Study_Phase.SEQUENCE.Study_Instruction	LOADING RESOURCE SURFACE FROM DISK
1557402.099	Study_Phase.SEQUENCE.Study_Instruction	LOADING RESOURCE SURFACE FROM DISK
1557441.956	Study_Phase.SEQUENCE.Study_Instruction	LOADING RESOURCE SURFACE FROM DISK
1565735.737	Study_Phase.SEQUENCE.Study_Instruction	LOADING RESOURCE SURFACE FROM DISK
1565780.45	Study_Phase.SEQUENCE.Study_Instruction	LOADING RESOURCE SURFACE FROM DISK
1574098.017	Study_Phase.SEQUENCE.Study_Instruction	LOADING RESOURCE SURFACE FROM DISK
1582413.893	Study_Phase.SEQUENCE.Study_Instruction	LOADING RESOURCE SURFACE FROM DISK
1590702.038	Study_Phase.SEQUENCE.Study_Instruction	LOADING RESOURCE SURFACE FROM DISK
1590704.298	Study_Phase.SEQUENCE.Study_Instruction	LOADING RESOURCE SURFACE FROM DISK
1598996.041	Study_Phase.SEQUENCE.Study_Instruction	LOADING RESOURCE SURFACE FROM DISK
1607330.057	Study_Phase.SEQUENCE.Study_Instruction	LOADING RESOURCE SURFACE FROM DISK
1615618.88	Study_Phase.SEQUENCE.Study_Instruction	LOADING RESOURCE SURFACE FROM DISK
1615661.102	Study_Phase.SEQUENCE.Study_Instruction	LOADING RESOURCE SURFACE FROM DISK
1623952.558	Study_Phase.SEQUENCE.Study_Instruction	LOADING RESOURCE SURFACE FROM DISK
1623994.347	Study_Phase.SEQUENCE.Study_Instruction	LOADING RESOURCE SURFACE FROM DISK
1632319.18	Study_Phase.SEQUENCE.Study_Instruction	LOADING RESOURCE SURFACE FROM DISK
1640648.041	Study_Phase.SEQUENCE.Study_Instruction	LOADING RESOURCE SURFACE FROM DISK
1645378.91	DISPLAY_SCREEN[7]	LOADING RESOURCE SURFACE FROM DISK
1847370.781	Test_Phase.SEQUENCE.Target_Cue	LOADING RESOURCE SURFACE FROM DISK
1847383.245	Test_Phase.SEQUENCE.Target_Cue	LOADING RESOURCE SURFACE FROM DISK
1849412.467	Test_Phase.SEQUENCE.Word	LOADING RESOURCE SURFACE FROM DISK
1852480.727	Test_Phase.SEQUENCE.Test_Question	LOADING RESOURCE SURFACE FROM DISK
1852486.785	Test_Phase.SEQUENCE.Test_Question	LOADING RESOURCE SURFACE FROM DISK
1852492.86	Test_Phase.SEQUENCE.Test_Question	LOADING RESOURCE SURFACE FROM DISK
1852495.093	Test_Phase.SEQUENCE.Test_Question	LOADING RESOURCE SURFACE FROM DISK
1852497.366	Test_Phase.SEQUENCE.Test_Question	LOADING RESOURCE SURFACE FROM DISK
1852499.589	Test_Phase.SEQUENCE.Test_Question	LOADING RESOURCE SURFACE FROM DISK
1852501.779	Test_Phase.SEQUENCE.Test_Question	LOADING RESOURCE SURFACE FROM DISK
1852503.722	Test_Phase.SEQUENCE.Test_Question	LOADING RESOURCE SURFACE FROM DISK
1852505.662	Test_Phase.SEQUENCE.Test_Question	LOADING RESOURCE SURFACE FROM DISK
1852507.723	Test_Phase.SEQUENCE.Test_Question	LOADING RESOURCE SURFACE FROM DISK
1852509.666	Test_Phase.SEQUENCE.Test_Question	LOADING RESOURCE SURFACE FROM DISK
1852511.639	Test_Phase.SEQUENCE.Test_Question	LOADING RESOURCE SURFACE FROM DISK
1863762.688	Test_Phase.SEQUENCE.Word	LOADING RESOURCE SURFACE FROM DISK
1873645.849	Test_Phase.SEQUENCE.Word	LOADING RESOURCE SURFACE FROM DISK
1882532.256	Test_Phase.SEQUENCE.Word	LOADING RESOURCE SURFACE FROM DISK
1889880.757	Test_Phase.SEQUENCE.Word	LOADING RESOURCE SURFACE FROM DISK
1897579.048	Test_Phase.SEQUENCE.Word	LOADING RESOURCE SURFACE FROM DISK
1906462.811	Test_Phase.SEQUENCE.Word	LOADING RESOURCE SURFACE FROM DISK
1914129.264	Test_Phase.SEQUENCE.Word	LOADING RESOURCE SURFACE FROM DISK
1923902.151	Test_Phase.SEQUENCE.Word	LOADING RESOURCE SURFACE FROM DISK
1933212.514	Test_Phase.SEQUENCE.Word	LOADING RESOURCE SURFACE FROM DISK
1940629.068	Test_Phase.SEQUENCE.Word	LOADING RESOURCE SURFACE FROM DISK
1949783.011	Test_Phase.SEQUENCE.Word	LOADING RESOURCE SURFACE FROM DISK
1959762.865	Test_Phase.SEQUENCE.Word	LOADING RESOURCE SURFACE FROM DISK
1967562.472	Test_Phase.SEQUENCE.Word	LOADING RESOURCE SURFACE FROM DISK
1977038.282	Test_Phase.SEQUENCE.Word	LOADING RESOURCE SURFACE FROM DISK
1985145.795	Test_Phase.SEQUENCE.Word	LOADING RESOURCE SURFACE FROM DISK
1995495.944	Test_Phase.SEQUENCE.Word	LOADING RESOURCE SURFACE FROM DISK
2003429.298	Test_Phase.SEQUENCE.Word	LOADING RESOURCE SURFACE FROM DISK
2012645.825	Test_Phase.SEQUENCE.Word	LOADING RESOURCE SURFACE FROM DISK
2022295.672	Test_Phase.SEQUENCE.Word	LOADING RESOURCE SURFACE FROM DISK
2031729.237	Test_Phase.SEQUENCE.Word	LOADING RESOURCE SURFACE FROM DISK
2040562.408	Test_Phase.SEQUENCE.Word	LOADING RESOURCE SURFACE FROM DISK
2049029.157	Test_Phase.SEQUENCE.Word	LOADING RESOURCE SURFACE FROM DISK
2056962.323	Test_Phase.SEQUENCE.Word	LOADING RESOURCE SURFACE FROM DISK
2064914.321	Test_Phase.SEQUENCE.Word	LOADING RESOURCE SURFACE FROM DISK
2072629.131	Test_Phase.SEQUENCE.Word	LOADING RESOURCE SURFACE FROM DISK
2081028.961	Test_Phase.SEQUENCE.Word	LOADING RESOURCE SURFACE FROM DISK
2090145.62	Test_Phase.SEQUENCE.Word	LOADING RESOURCE SURFACE FROM DISK
2097929.179	Test_Phase.SEQUENCE.Word	LOADING RESOURCE SURFACE FROM DISK
2106595.795	Test_Phase.SEQUENCE.Word	LOADING RESOURCE SURFACE FROM DISK
2114012.597	Test_Phase.SEQUENCE.Word	LOADING RESOURCE SURFACE FROM DISK
2122612.364	Test_Phase.SEQUENCE.Word	LOADING RESOURCE SURFACE FROM DISK
2130449.095	Test_Phase.SEQUENCE.Word	LOADING RESOURCE SURFACE FROM DISK
2138612.932	Test_Phase.SEQUENCE.Word	LOADING RESOURCE SURFACE FROM DISK
2146779.241	Test_Phase.SEQUENCE.Word	LOADING RESOURCE SURFACE FROM DISK
2155876.806	Test_Phase.SEQUENCE.Word	LOADING RESOURCE SURFACE FROM DISK
2163633.099	Test_Phase.SEQUENCE.Word	LOADING RESOURCE SURFACE FROM DISK
2173795.589	Test_Phase.SEQUENCE.Word	LOADING RESOURCE SURFACE FROM DISK
2182717.476	Test_Phase.SEQUENCE.Word	LOADING RESOURCE SURFACE FROM DISK
2190896.57	Test_Phase.SEQUENCE.Word	LOADING RESOURCE SURFACE FROM DISK
2198745.699	Test_Phase.SEQUENCE.Word	LOADING RESOURCE SURFACE FROM DISK
2206246.881	Test_Phase.SEQUENCE.Word	LOADING RESOURCE SURFACE FROM DISK
2214462.585	Test_Phase.SEQUENCE.Word	LOADING RESOURCE SURFACE FROM DISK
2221895.869	Test_Phase.SEQUENCE.Word	LOADING RESOURCE SURFACE FROM DISK
2229246.847	Test_Phase.SEQUENCE.Word	LOADING RESOURCE SURFACE FROM DISK
2236963.262	Test_Phase.SEQUENCE.Word	LOADING RESOURCE SURFACE FROM DISK
2244498.021	Test_Phase.SEQUENCE.Word	LOADING RESOURCE SURFACE FROM DISK
2252095.686	Test_Phase.SEQUENCE.Word	LOADING RESOURCE SURFACE FROM DISK
2259562.459	Test_Phase.SEQUENCE.Word	LOADING RESOURCE SURFACE FROM DISK
2266845.766	Test_Phase.SEQUENCE.Word	LOADING RESOURCE SURFACE FROM DISK
2275295.816	Test_Phase.SEQUENCE.Word	LOADING RESOURCE SURFACE FROM DISK
2283330.824	Test_Phase.SEQUENCE.Word	LOADING RESOURCE SURFACE FROM DISK
2290745.78	Test_Phase.SEQUENCE.Word	LOADING RESOURCE SURFACE FROM DISK
2298082.149	Test_Phase.SEQUENCE.Word	LOADING RESOURCE SURFACE FROM DISK
2306895.912	Test_Phase.SEQUENCE.Word	LOADING RESOURCE SURFACE FROM DISK
2314984.657	Test_Phase.SEQUENCE.Word	LOADING RESOURCE SURFACE FROM DISK
2323529.022	Test_Phase.SEQUENCE.Word	LOADING RESOURCE SURFACE FROM DISK
2331045.87	Test_Phase.SEQUENCE.Word	LOADING RESOURCE SURFACE FROM DISK
2347045.804	Test_Phase.SEQUENCE.Word	LOADING RESOURCE SURFACE FROM DISK
2355204.179	Test_Phase.SEQUENCE.Word	LOADING RESOURCE SURFACE FROM DISK
2362529.087	Test_Phase.SEQUENCE.Word	LOADING RESOURCE SURFACE FROM DISK
2370829.157	Test_Phase.SEQUENCE.Word	LOADING RESOURCE SURFACE FROM DISK
2379212.492	Test_Phase.SEQUENCE.Word	LOADING RESOURCE SURFACE FROM DISK
2387247.843	Test_Phase.SEQUENCE.Word	LOADING RESOURCE SURFACE FROM DISK
2396102.224	Test_Phase.SEQUENCE.Word	LOADING RESOURCE SURFACE FROM DISK
2403849.081	Test_Phase.SEQUENCE.Word	LOADING RESOURCE SURFACE FROM DISK
2411953.401	Test_Phase.SEQUENCE.Word	LOADING RESOURCE SURFACE FROM DISK
2419313.002	Test_Phase.SEQUENCE.Word	LOADING RESOURCE SURFACE FROM DISK
2426713.131	Test_Phase.SEQUENCE.Word	LOADING RESOURCE SURFACE FROM DISK
2434045.823	Test_Phase.SEQUENCE.Word	LOADING RESOURCE SURFACE FROM DISK
2440945.801	Test_Phase.SEQUENCE.Word	LOADING RESOURCE SURFACE FROM DISK
2450562.293	Test_Phase.SEQUENCE.Word	LOADING RESOURCE SURFACE FROM DISK
2458067.021	Test_Phase.SEQUENCE.Word	LOADING RESOURCE SURFACE FROM DISK
2465329.478	Test_Phase.SEQUENCE.Word	LOADING RESOURCE SURFACE FROM DISK
2472519.639	Test_Phase.SEQUENCE.Word	LOADING RESOURCE SURFACE FROM DISK
2479679.022	Test_Phase.SEQUENCE.Word	LOADING RESOURCE SURFACE FROM DISK
2487055.323	Test_Phase.SEQUENCE.Word	LOADING RESOURCE SURFACE FROM DISK
2494445.885	Test_Phase.SEQUENCE.Word	LOADING RESOURCE SURFACE FROM DISK
2501679.11	Test_Phase.SEQUENCE.Word	LOADING RESOURCE SURFACE FROM DISK
2509895.862	Test_Phase.SEQUENCE.Word	LOADING RESOURCE SURFACE FROM DISK
2517101.164	Test_Phase.SEQUENCE.Word	LOADING RESOURCE SURFACE FROM DISK
2524883.99	Test_Phase.SEQUENCE.Word	LOADING RESOURCE SURFACE FROM DISK
2533329.256	Test_Phase.SEQUENCE.Word	LOADING RESOURCE SURFACE FROM DISK
2540595.797	Test_Phase.SEQUENCE.Word	LOADING RESOURCE SURFACE FROM DISK
2547853.398	Test_Phase.SEQUENCE.Word	LOADING RESOURCE SURFACE FROM DISK
2555479.752	Test_Phase.SEQUENCE.Word	LOADING RESOURCE SURFACE FROM DISK
2562979.165	Test_Phase.SEQUENCE.Word	LOADING RESOURCE SURFACE FROM DISK
2570895.988	Test_Phase.SEQUENCE.Word	LOADING RESOURCE SURFACE FROM DISK
2578485.507	Test_Phase.SEQUENCE.Word	LOADING RESOURCE SURFACE FROM DISK
2586464.559	Test_Phase.SEQUENCE.Word	LOADING RESOURCE SURFACE FROM DISK
2593679.057	Test_Phase.SEQUENCE.Word	LOADING RESOURCE SURFACE FROM DISK
2602386.02	Test_Phase.SEQUENCE.Word	LOADING RESOURCE SURFACE FROM DISK
2610445.613	Test_Phase.SEQUENCE.Word	LOADING RESOURCE SURFACE FROM DISK
2617729.09	Test_Phase.SEQUENCE.Word	LOADING RESOURCE SURFACE FROM DISK
2626230.132	Test_Phase.SEQUENCE.Word	LOADING RESOURCE SURFACE FROM DISK
2633712.524	Test_Phase.SEQUENCE.Word	LOADING RESOURCE SURFACE FROM DISK
2640812.468	Test_Phase.SEQUENCE.Word	LOADING RESOURCE SURFACE FROM DISK
2648195.987	Test_Phase.SEQUENCE.Word	LOADING RESOURCE SURFACE FROM DISK
2655601.843	Test_Phase.SEQUENCE.Word	LOADING RESOURCE SURFACE FROM DISK
2664845.894	Test_Phase.SEQUENCE.Word	LOADING RESOURCE SURFACE FROM DISK
2672571.036	Test_Phase.SEQUENCE.Word	LOADING RESOURCE SURFACE FROM DISK
2680178.134	Test_Phase.SEQUENCE.Word	LOADING RESOURCE SURFACE FROM DISK
2688869.712	Test_Phase.SEQUENCE.Word	LOADING RESOURCE SURFACE FROM DISK
2699362.363	Test_Phase.SEQUENCE.Word	LOADING RESOURCE SURFACE FROM DISK
2706531.069	Test_Phase.SEQUENCE.Word	LOADING RESOURCE SURFACE FROM DISK
2716829.14	Test_Phase.SEQUENCE.Word	LOADING RESOURCE SURFACE FROM DISK
2726219.804	Test_Phase.SEQUENCE.Word	LOADING RESOURCE SURFACE FROM DISK
2733638.321	Test_Phase.SEQUENCE.Word	LOADING RESOURCE SURFACE FROM DISK
2741662.386	Test_Phase.SEQUENCE.Word	LOADING RESOURCE SURFACE FROM DISK
2748965.392	Test_Phase.SEQUENCE.Word	LOADING RESOURCE SURFACE FROM DISK
2756379.015	Test_Phase.SEQUENCE.Word	LOADING RESOURCE SURFACE FROM DISK
2767246.109	Test_Phase.SEQUENCE.Word	LOADING RESOURCE SURFACE FROM DISK
2775536.092	Test_Phase.SEQUENCE.Word	LOADING RESOURCE SURFACE FROM DISK
2782779.115	Test_Phase.SEQUENCE.Word	LOADING RESOURCE SURFACE FROM DISK
2790495.818	Test_Phase.SEQUENCE.Word	LOADING RESOURCE SURFACE FROM DISK
2797790.493	Test_Phase.SEQUENCE.Word	LOADING RESOURCE SURFACE FROM DISK
2805529.112	Test_Phase.SEQUENCE.Word	LOADING RESOURCE SURFACE FROM DISK
2813829.447	Test_Phase.SEQUENCE.Word	LOADING RESOURCE SURFACE FROM DISK
2822445.921	Test_Phase.SEQUENCE.Word	LOADING RESOURCE SURFACE FROM DISK
2829712.606	Test_Phase.SEQUENCE.Word	LOADING RESOURCE SURFACE FROM DISK
2839945.826	Test_Phase.SEQUENCE.Word	LOADING RESOURCE SURFACE FROM DISK
2847512.457	Test_Phase.SEQUENCE.Word	LOADING RESOURCE SURFACE FROM DISK
2856062.38	Test_Phase.SEQUENCE.Word	LOADING RESOURCE SURFACE FROM DISK
2867550.718	Test_Phase.SEQUENCE.Word	LOADING RESOURCE SURFACE FROM DISK
2875895.83	Test_Phase.SEQUENCE.Word	LOADING RESOURCE SURFACE FROM DISK
2883328.208	Test_Phase.SEQUENCE.Word	LOADING RESOURCE SURFACE FROM DISK
2890738.295	Test_Phase.SEQUENCE.Word	LOADING RESOURCE SURFACE FROM DISK
2898454.204	Test_Phase.SEQUENCE.Word	LOADING RESOURCE SURFACE FROM DISK
2907627.255	Test_Phase.SEQUENCE.Word	LOADING RESOURCE SURFACE FROM DISK
2916062.3	Test_Phase.SEQUENCE.Word	LOADING RESOURCE SURFACE FROM DISK
2923395.783	Test_Phase.SEQUENCE.Word	LOADING RESOURCE SURFACE FROM DISK
2931409.811	Test_Phase.SEQUENCE.Word	LOADING RESOURCE SURFACE FROM DISK
2940654.305	Test_Phase.SEQUENCE.Word	LOADING RESOURCE SURFACE FROM DISK
2947859.817	Test_Phase.SEQUENCE.Word	LOADING RESOURCE SURFACE FROM DISK
2955179.116	Test_Phase.SEQUENCE.Word	LOADING RESOURCE SURFACE FROM DISK
2963045.915	Test_Phase.SEQUENCE.Word	LOADING RESOURCE SURFACE FROM DISK
2970662.749	Test_Phase.SEQUENCE.Word	LOADING RESOURCE SURFACE FROM DISK
2978328.982	Test_Phase.SEQUENCE.Word	LOADING RESOURCE SURFACE FROM DISK
2985552.08	Test_Phase.SEQUENCE.Word	LOADING RESOURCE SURFACE FROM DISK
2992979.104	Test_Phase.SEQUENCE.Word	LOADING RESOURCE SURFACE FROM DISK
3000226.137	Test_Phase.SEQUENCE.Word	LOADING RESOURCE SURFACE FROM DISK
3008429.121	Test_Phase.SEQUENCE.Word	LOADING RESOURCE SURFACE FROM DISK
3016279.106	Test_Phase.SEQUENCE.Word	LOADING RESOURCE SURFACE FROM DISK
3024512.446	Test_Phase.SEQUENCE.Word	LOADING RESOURCE SURFACE FROM DISK
3031995.857	Test_Phase.SEQUENCE.Word	LOADING RESOURCE SURFACE FROM DISK
3039995.92	Test_Phase.SEQUENCE.Word	LOADING RESOURCE SURFACE FROM DISK
3047345.801	Test_Phase.SEQUENCE.Word	LOADING RESOURCE SURFACE FROM DISK
3056628.911	Test_Phase.SEQUENCE.Word	LOADING RESOURCE SURFACE FROM DISK
3066279.303	Test_Phase.SEQUENCE.Word	LOADING RESOURCE SURFACE FROM DISK
3074459.015	Test_Phase.SEQUENCE.Word	LOADING RESOURCE SURFACE FROM DISK
3082795.65	Test_Phase.SEQUENCE.Word	LOADING RESOURCE SURFACE FROM DISK
3090859.423	Test_Phase.SEQUENCE.Word	LOADING RESOURCE SURFACE FROM DISK
3098795.296	Test_Phase.SEQUENCE.Word	LOADING RESOURCE SURFACE FROM DISK
3106124.989	Test_Phase.SEQUENCE.Word	LOADING RESOURCE SURFACE FROM DISK
3113779.041	Test_Phase.SEQUENCE.Word	LOADING RESOURCE SURFACE FROM DISK
3125678.71	Test_Phase.SEQUENCE.Word	LOADING RESOURCE SURFACE FROM DISK
3133775.59	Test_Phase.SEQUENCE.Word	LOADING RESOURCE SURFACE FROM DISK
3141054.996	Test_Phase.SEQUENCE.Word	LOADING RESOURCE SURFACE FROM DISK
3149086.629	Test_Phase.SEQUENCE.Word	LOADING RESOURCE SURFACE FROM DISK
3156852.105	Test_Phase.SEQUENCE.Word	LOADING RESOURCE SURFACE FROM DISK
3165377.881	Test_Phase.SEQUENCE.Word	LOADING RESOURCE SURFACE FROM DISK
3174562.477	Test_Phase.SEQUENCE.Word	LOADING RESOURCE SURFACE FROM DISK
3182762.367	Test_Phase.SEQUENCE.Word	LOADING RESOURCE SURFACE FROM DISK
3190242.088	Test_Phase.SEQUENCE.Word	LOADING RESOURCE SURFACE FROM DISK
3197879.22	Test_Phase.SEQUENCE.Word	LOADING RESOURCE SURFACE FROM DISK
3206512.551	Test_Phase.SEQUENCE.Word	LOADING RESOURCE SURFACE FROM DISK
3215095.686	Test_Phase.SEQUENCE.Word	LOADING RESOURCE SURFACE FROM DISK
3224245.724	Test_Phase.SEQUENCE.Word	LOADING RESOURCE SURFACE FROM DISK
3232142.016	Test_Phase.SEQUENCE.Word	LOADING RESOURCE SURFACE FROM DISK
3241512.479	Test_Phase.SEQUENCE.Word	LOADING RESOURCE SURFACE FROM DISK
3250112.422	Test_Phase.SEQUENCE.Word	LOADING RESOURCE SURFACE FROM DISK
3258295.638	Test_Phase.SEQUENCE.Word	LOADING RESOURCE SURFACE FROM DISK
3266308.976	Test_Phase.SEQUENCE.Word	LOADING RESOURCE SURFACE FROM DISK
3274495.65	Test_Phase.SEQUENCE.Word	LOADING RESOURCE SURFACE FROM DISK
3282262.538	Test_Phase.SEQUENCE.Word	LOADING RESOURCE SURFACE FROM DISK
3290079.069	Test_Phase.SEQUENCE.Word	LOADING RESOURCE SURFACE FROM DISK
3297289.062	Test_Phase.SEQUENCE.Word	LOADING RESOURCE SURFACE FROM DISK
3304471.99	Test_Phase.SEQUENCE.Word	LOADING RESOURCE SURFACE FROM DISK
3312695.769	Test_Phase.SEQUENCE.Word	LOADING RESOURCE SURFACE FROM DISK
3320495.928	Test_Phase.SEQUENCE.Word	LOADING RESOURCE SURFACE FROM DISK
3327923.088	Test_Phase.SEQUENCE.Word	LOADING RESOURCE SURFACE FROM DISK
3336512.413	Test_Phase.SEQUENCE.Word	LOADING RESOURCE SURFACE FROM DISK
3344612.473	Test_Phase.SEQUENCE.Word	LOADING RESOURCE SURFACE FROM DISK
3353794.7	Test_Phase.SEQUENCE.Word	LOADING RESOURCE SURFACE FROM DISK
3361912.035	Test_Phase.SEQUENCE.Word	LOADING RESOURCE SURFACE FROM DISK
3370028.159	Test_Phase.SEQUENCE.Word	LOADING RESOURCE SURFACE FROM DISK
3377257.522	Test_Phase.SEQUENCE.Word	LOADING RESOURCE SURFACE FROM DISK
3385262.569	Test_Phase.SEQUENCE.Word	LOADING RESOURCE SURFACE FROM DISK
3394362.504	Test_Phase.SEQUENCE.Word	LOADING RESOURCE SURFACE FROM DISK
3402503.856	Test_Phase.SEQUENCE.Word	LOADING RESOURCE SURFACE FROM DISK
3411105.065	Test_Phase.SEQUENCE.Word	LOADING RESOURCE SURFACE FROM DISK
3418358.162	Test_Phase.SEQUENCE.Word	LOADING RESOURCE SURFACE FROM DISK
3427070.481	Test_Phase.SEQUENCE.Word	LOADING RESOURCE SURFACE FROM DISK
3435345.819	Test_Phase.SEQUENCE.Word	LOADING RESOURCE SURFACE FROM DISK
3444079.08	Test_Phase.SEQUENCE.Word	LOADING RESOURCE SURFACE FROM DISK
3452053.115	Test_Phase.SEQUENCE.Word	LOADING RESOURCE SURFACE FROM DISK
3461663.23	Test_Phase.SEQUENCE.Word	LOADING RESOURCE SURFACE FROM DISK
3469145.742	Test_Phase.SEQUENCE.Word	LOADING RESOURCE SURFACE FROM DISK
3476435.865	Test_Phase.SEQUENCE.Word	LOADING RESOURCE SURFACE FROM DISK
3480248.144	DISPLAY_SCREEN	LOADING RESOURCE SURFACE FROM DISK
