5313.782	DISPLAY_SCREEN[1]	LOADING RESOURCE SURFACE FROM DISK
119068.913	Familiarization_Phase.SEQUENCE.Cue_and_Instruction	LOADING RESOURCE SURFACE FROM DISK
119073.063	Familiarization_Phase.SEQUENCE.Cue_and_Instruction	LOADING RESOURCE SURFACE FROM DISK
125109.864	Familiarization_Phase.SEQUENCE.Cue_and_Instruction	LOADING RESOURCE SURFACE FROM DISK
125119.193	Familiarization_Phase.SEQUENCE.Cue_and_Instruction	LOADING RESOURCE SURFACE FROM DISK
131160.125	Familiarization_Phase.SEQUENCE.Cue_and_Instruction	LOADING RESOURCE SURFACE FROM DISK
131164.771	Familiarization_Phase.SEQUENCE.Cue_and_Instruction	LOADING RESOURCE SURFACE FROM DISK
173319.448	DISPLAY_SCREEN[3]	LOADING RESOURCE SURFACE FROM DISK
266139.426	DISPLAY_SCREEN[5]	LOADING RESOURCE SURFACE FROM DISK
335203.857	Practice_Phase.SEQUENCE.Blink_Screen	LOADING RESOURCE SURFACE FROM DISK
335204.933	Practice_Phase.SEQUENCE.Blink_Screen	flip time is later than desired time. Desired Time=334939 Flip Time=335223 Retrace Rate=16.646, prepareTime=289 flip request time 335204
336448.149	Practice_Phase.SEQUENCE.Luminance_Cue[1]	LOADING RESOURCE SURFACE FROM DISK
336450.703	Practice_Phase.SEQUENCE.Luminance_Cue[1]	LOADING RESOURCE SURFACE FROM DISK
336452.132	Practice_Phase.SEQUENCE.Luminance_Cue[1]	flip time is later than desired time. Desired Time=336423 Flip Time=336473 Retrace Rate=16.646, prepareTime=53 flip request time 336451
336954.472	Practice_Phase.SEQUENCE.Practice_Instruction	LOADING RESOURCE SURFACE FROM DISK
336957.043	Practice_Phase.SEQUENCE.Practice_Instruction	LOADING RESOURCE SURFACE FROM DISK
340454.714	Practice_Phase.SEQUENCE.Action_cue[1]	LOADING RESOURCE SURFACE FROM DISK
345105.885	Practice_Phase.SEQUENCE.Practice_Instruction	LOADING RESOURCE SURFACE FROM DISK
345135.335	Practice_Phase.SEQUENCE.Practice_Instruction	LOADING RESOURCE SURFACE FROM DISK
345136.925	Practice_Phase.SEQUENCE.Practice_Instruction	flip time is later than desired time. Desired Time=345039 Flip Time=345156 Retrace Rate=16.646, prepareTime=121 flip request time 345136
353308.474	Practice_Phase.SEQUENCE.Practice_Instruction	LOADING RESOURCE SURFACE FROM DISK
353311.233	Practice_Phase.SEQUENCE.Practice_Instruction	LOADING RESOURCE SURFACE FROM DISK
353312.848	Practice_Phase.SEQUENCE.Practice_Instruction	flip time is later than desired time. Desired Time=353223 Flip Time=353323 Retrace Rate=16.646, prepareTime=114 flip request time 353312
361370.913	Practice_Phase.SEQUENCE.Practice_Instruction	LOADING RESOURCE SURFACE FROM DISK
361414.301	Practice_Phase.SEQUENCE.Practice_Instruction	LOADING RESOURCE SURFACE FROM DISK
361415.791	Practice_Phase.SEQUENCE.Practice_Instruction	flip time is later than desired time. Desired Time=361389 Flip Time=361439 Retrace Rate=16.646, prepareTime=50 flip request time 361415
369487.508	Practice_Phase.SEQUENCE.Practice_Instruction	LOADING RESOURCE SURFACE FROM DISK
369490.217	Practice_Phase.SEQUENCE.Practice_Instruction	LOADING RESOURCE SURFACE FROM DISK
377554.259	Practice_Phase.SEQUENCE.Practice_Instruction	LOADING RESOURCE SURFACE FROM DISK
377556.8	Practice_Phase.SEQUENCE.Practice_Instruction	LOADING RESOURCE SURFACE FROM DISK
385620.907	Practice_Phase.SEQUENCE.Practice_Instruction	LOADING RESOURCE SURFACE FROM DISK
385657.903	Practice_Phase.SEQUENCE.Practice_Instruction	LOADING RESOURCE SURFACE FROM DISK
385659.449	Practice_Phase.SEQUENCE.Practice_Instruction	flip time is later than desired time. Desired Time=385639 Flip Time=385673 Retrace Rate=16.646, prepareTime=44 flip request time 385659
393720.668	Practice_Phase.SEQUENCE.Practice_Instruction	LOADING RESOURCE SURFACE FROM DISK
393723.437	Practice_Phase.SEQUENCE.Practice_Instruction	LOADING RESOURCE SURFACE FROM DISK
401787.624	Practice_Phase.SEQUENCE.Practice_Instruction	LOADING RESOURCE SURFACE FROM DISK
401790.291	Practice_Phase.SEQUENCE.Practice_Instruction	LOADING RESOURCE SURFACE FROM DISK
407952.825	DISPLAY_SCREEN[2]	LOADING RESOURCE SURFACE FROM DISK
508912.821	Study_Phase.SEQUENCE.Study_Instruction	LOADING RESOURCE SURFACE FROM DISK
508951.095	Study_Phase.SEQUENCE.Study_Instruction	LOADING RESOURCE SURFACE FROM DISK
517226.161	Study_Phase.SEQUENCE.Study_Instruction	LOADING RESOURCE SURFACE FROM DISK
525493.941	Study_Phase.SEQUENCE.Study_Instruction	LOADING RESOURCE SURFACE FROM DISK
533762.849	Study_Phase.SEQUENCE.Study_Instruction	LOADING RESOURCE SURFACE FROM DISK
533804.904	Study_Phase.SEQUENCE.Study_Instruction	LOADING RESOURCE SURFACE FROM DISK
542077.331	Study_Phase.SEQUENCE.Study_Instruction	LOADING RESOURCE SURFACE FROM DISK
550346.519	Study_Phase.SEQUENCE.Study_Instruction	LOADING RESOURCE SURFACE FROM DISK
550387.687	Study_Phase.SEQUENCE.Study_Instruction	LOADING RESOURCE SURFACE FROM DISK
558662.804	Study_Phase.SEQUENCE.Study_Instruction	LOADING RESOURCE SURFACE FROM DISK
558702.965	Study_Phase.SEQUENCE.Study_Instruction	LOADING RESOURCE SURFACE FROM DISK
567010.34	Study_Phase.SEQUENCE.Study_Instruction	LOADING RESOURCE SURFACE FROM DISK
575279.656	Study_Phase.SEQUENCE.Study_Instruction	LOADING RESOURCE SURFACE FROM DISK
575282.21	Study_Phase.SEQUENCE.Study_Instruction	LOADING RESOURCE SURFACE FROM DISK
583603.1	Study_Phase.SEQUENCE.Study_Instruction	LOADING RESOURCE SURFACE FROM DISK
591896.252	Study_Phase.SEQUENCE.Study_Instruction	LOADING RESOURCE SURFACE FROM DISK
600162.828	Study_Phase.SEQUENCE.Study_Instruction	LOADING RESOURCE SURFACE FROM DISK
600206.423	Study_Phase.SEQUENCE.Study_Instruction	LOADING RESOURCE SURFACE FROM DISK
608514.497	Study_Phase.SEQUENCE.Study_Instruction	LOADING RESOURCE SURFACE FROM DISK
616796.55	Study_Phase.SEQUENCE.Study_Instruction	LOADING RESOURCE SURFACE FROM DISK
616799.112	Study_Phase.SEQUENCE.Study_Instruction	LOADING RESOURCE SURFACE FROM DISK
625118.386	Study_Phase.SEQUENCE.Study_Instruction	LOADING RESOURCE SURFACE FROM DISK
633396.129	Study_Phase.SEQUENCE.Study_Instruction	LOADING RESOURCE SURFACE FROM DISK
633398.732	Study_Phase.SEQUENCE.Study_Instruction	LOADING RESOURCE SURFACE FROM DISK
641701.961	Study_Phase.SEQUENCE.Study_Instruction	LOADING RESOURCE SURFACE FROM DISK
650016.416	Study_Phase.SEQUENCE.Study_Instruction	LOADING RESOURCE SURFACE FROM DISK
658292.816	Study_Phase.SEQUENCE.Study_Instruction	LOADING RESOURCE SURFACE FROM DISK
666599.312	Study_Phase.SEQUENCE.Study_Instruction	LOADING RESOURCE SURFACE FROM DISK
674879.526	Study_Phase.SEQUENCE.Study_Instruction	LOADING RESOURCE SURFACE FROM DISK
674881.976	Study_Phase.SEQUENCE.Study_Instruction	LOADING RESOURCE SURFACE FROM DISK
683159.395	Study_Phase.SEQUENCE.Study_Instruction	LOADING RESOURCE SURFACE FROM DISK
691426.107	Study_Phase.SEQUENCE.Study_Instruction	LOADING RESOURCE SURFACE FROM DISK
699694.092	Study_Phase.SEQUENCE.Study_Instruction	LOADING RESOURCE SURFACE FROM DISK
707959.766	Study_Phase.SEQUENCE.Study_Instruction	LOADING RESOURCE SURFACE FROM DISK
716258.17	Study_Phase.SEQUENCE.Study_Instruction	LOADING RESOURCE SURFACE FROM DISK
724542.287	Study_Phase.SEQUENCE.Study_Instruction	LOADING RESOURCE SURFACE FROM DISK
732809.738	Study_Phase.SEQUENCE.Study_Instruction	LOADING RESOURCE SURFACE FROM DISK
741076.011	Study_Phase.SEQUENCE.Study_Instruction	LOADING RESOURCE SURFACE FROM DISK
749346.101	Study_Phase.SEQUENCE.Study_Instruction	LOADING RESOURCE SURFACE FROM DISK
749386.665	Study_Phase.SEQUENCE.Study_Instruction	LOADING RESOURCE SURFACE FROM DISK
757659.463	Study_Phase.SEQUENCE.Study_Instruction	LOADING RESOURCE SURFACE FROM DISK
765929.732	Study_Phase.SEQUENCE.Study_Instruction	LOADING RESOURCE SURFACE FROM DISK
765932.331	Study_Phase.SEQUENCE.Study_Instruction	LOADING RESOURCE SURFACE FROM DISK
774209.441	Study_Phase.SEQUENCE.Study_Instruction	LOADING RESOURCE SURFACE FROM DISK
782476.106	Study_Phase.SEQUENCE.Study_Instruction	LOADING RESOURCE SURFACE FROM DISK
790779.681	Study_Phase.SEQUENCE.Study_Instruction	LOADING RESOURCE SURFACE FROM DISK
790782.275	Study_Phase.SEQUENCE.Study_Instruction	LOADING RESOURCE SURFACE FROM DISK
799098.012	Study_Phase.SEQUENCE.Study_Instruction	LOADING RESOURCE SURFACE FROM DISK
807396.185	Study_Phase.SEQUENCE.Study_Instruction	LOADING RESOURCE SURFACE FROM DISK
807398.737	Study_Phase.SEQUENCE.Study_Instruction	LOADING RESOURCE SURFACE FROM DISK
815716.811	Study_Phase.SEQUENCE.Study_Instruction	LOADING RESOURCE SURFACE FROM DISK
823993.96	Study_Phase.SEQUENCE.Study_Instruction	LOADING RESOURCE SURFACE FROM DISK
832259.564	Study_Phase.SEQUENCE.Study_Instruction	LOADING RESOURCE SURFACE FROM DISK
840529.819	Study_Phase.SEQUENCE.Study_Instruction	LOADING RESOURCE SURFACE FROM DISK
840582.769	Study_Phase.SEQUENCE.Study_Instruction	LOADING RESOURCE SURFACE FROM DISK
848863.039	Study_Phase.SEQUENCE.Study_Instruction	LOADING RESOURCE SURFACE FROM DISK
848865.618	Study_Phase.SEQUENCE.Study_Instruction	LOADING RESOURCE SURFACE FROM DISK
857184.03	Study_Phase.SEQUENCE.Study_Instruction	LOADING RESOURCE SURFACE FROM DISK
865492.62	Study_Phase.SEQUENCE.Study_Instruction	LOADING RESOURCE SURFACE FROM DISK
873760.588	Study_Phase.SEQUENCE.Study_Instruction	LOADING RESOURCE SURFACE FROM DISK
882029.404	Study_Phase.SEQUENCE.Study_Instruction	LOADING RESOURCE SURFACE FROM DISK
882067.065	Study_Phase.SEQUENCE.Study_Instruction	LOADING RESOURCE SURFACE FROM DISK
890384.277	Study_Phase.SEQUENCE.Study_Instruction	LOADING RESOURCE SURFACE FROM DISK
898662.915	Study_Phase.SEQUENCE.Study_Instruction	LOADING RESOURCE SURFACE FROM DISK
898704.259	Study_Phase.SEQUENCE.Study_Instruction	LOADING RESOURCE SURFACE FROM DISK
906977.284	Study_Phase.SEQUENCE.Study_Instruction	LOADING RESOURCE SURFACE FROM DISK
915229.601	Study_Phase.SEQUENCE.Study_Instruction	LOADING RESOURCE SURFACE FROM DISK
915232.068	Study_Phase.SEQUENCE.Study_Instruction	LOADING RESOURCE SURFACE FROM DISK
923536.821	Study_Phase.SEQUENCE.Study_Instruction	LOADING RESOURCE SURFACE FROM DISK
931848.581	Study_Phase.SEQUENCE.Study_Instruction	LOADING RESOURCE SURFACE FROM DISK
940126.131	Study_Phase.SEQUENCE.Study_Instruction	LOADING RESOURCE SURFACE FROM DISK
948396.486	Study_Phase.SEQUENCE.Study_Instruction	LOADING RESOURCE SURFACE FROM DISK
948434.341	Study_Phase.SEQUENCE.Study_Instruction	LOADING RESOURCE SURFACE FROM DISK
956712.984	Study_Phase.SEQUENCE.Study_Instruction	LOADING RESOURCE SURFACE FROM DISK
956775.451	Study_Phase.SEQUENCE.Study_Instruction	LOADING RESOURCE SURFACE FROM DISK
965069.214	Study_Phase.SEQUENCE.Study_Instruction	LOADING RESOURCE SURFACE FROM DISK
973342.922	Study_Phase.SEQUENCE.Study_Instruction	LOADING RESOURCE SURFACE FROM DISK
981612.885	Study_Phase.SEQUENCE.Study_Instruction	LOADING RESOURCE SURFACE FROM DISK
981615.372	Study_Phase.SEQUENCE.Study_Instruction	LOADING RESOURCE SURFACE FROM DISK
989892.89	Study_Phase.SEQUENCE.Study_Instruction	LOADING RESOURCE SURFACE FROM DISK
998162.961	Study_Phase.SEQUENCE.Study_Instruction	LOADING RESOURCE SURFACE FROM DISK
998200.726	Study_Phase.SEQUENCE.Study_Instruction	LOADING RESOURCE SURFACE FROM DISK
1006479.486	Study_Phase.SEQUENCE.Study_Instruction	LOADING RESOURCE SURFACE FROM DISK
1006482.155	Study_Phase.SEQUENCE.Study_Instruction	LOADING RESOURCE SURFACE FROM DISK
1014763.059	Study_Phase.SEQUENCE.Study_Instruction	LOADING RESOURCE SURFACE FROM DISK
1014799.604	Study_Phase.SEQUENCE.Study_Instruction	LOADING RESOURCE SURFACE FROM DISK
1023092.909	Study_Phase.SEQUENCE.Study_Instruction	LOADING RESOURCE SURFACE FROM DISK
1031362.927	Study_Phase.SEQUENCE.Study_Instruction	LOADING RESOURCE SURFACE FROM DISK
1031405.584	Study_Phase.SEQUENCE.Study_Instruction	LOADING RESOURCE SURFACE FROM DISK
1039679.617	Study_Phase.SEQUENCE.Study_Instruction	LOADING RESOURCE SURFACE FROM DISK
1039682.239	Study_Phase.SEQUENCE.Study_Instruction	LOADING RESOURCE SURFACE FROM DISK
1048000.651	Study_Phase.SEQUENCE.Study_Instruction	LOADING RESOURCE SURFACE FROM DISK
1056279.425	Study_Phase.SEQUENCE.Study_Instruction	LOADING RESOURCE SURFACE FROM DISK
1056316.734	Study_Phase.SEQUENCE.Study_Instruction	LOADING RESOURCE SURFACE FROM DISK
1064626.727	Study_Phase.SEQUENCE.Study_Instruction	LOADING RESOURCE SURFACE FROM DISK
1072896.107	Study_Phase.SEQUENCE.Study_Instruction	LOADING RESOURCE SURFACE FROM DISK
1072948.837	Study_Phase.SEQUENCE.Study_Instruction	LOADING RESOURCE SURFACE FROM DISK
1081264.998	Study_Phase.SEQUENCE.Study_Instruction	LOADING RESOURCE SURFACE FROM DISK
1089529.512	Study_Phase.SEQUENCE.Study_Instruction	LOADING RESOURCE SURFACE FROM DISK
1089532.14	Study_Phase.SEQUENCE.Study_Instruction	LOADING RESOURCE SURFACE FROM DISK
1097809.54	Study_Phase.SEQUENCE.Study_Instruction	LOADING RESOURCE SURFACE FROM DISK
1106112.387	Study_Phase.SEQUENCE.Study_Instruction	LOADING RESOURCE SURFACE FROM DISK
1114379.459	Study_Phase.SEQUENCE.Study_Instruction	LOADING RESOURCE SURFACE FROM DISK
1114381.909	Study_Phase.SEQUENCE.Study_Instruction	LOADING RESOURCE SURFACE FROM DISK
1122698.201	Study_Phase.SEQUENCE.Study_Instruction	LOADING RESOURCE SURFACE FROM DISK
1130959.594	Study_Phase.SEQUENCE.Study_Instruction	LOADING RESOURCE SURFACE FROM DISK
1139264.335	Study_Phase.SEQUENCE.Study_Instruction	LOADING RESOURCE SURFACE FROM DISK
1147542.787	Study_Phase.SEQUENCE.Study_Instruction	LOADING RESOURCE SURFACE FROM DISK
1155812.971	Study_Phase.SEQUENCE.Study_Instruction	LOADING RESOURCE SURFACE FROM DISK
1155815.545	Study_Phase.SEQUENCE.Study_Instruction	LOADING RESOURCE SURFACE FROM DISK
1164096.378	Study_Phase.SEQUENCE.Study_Instruction	LOADING RESOURCE SURFACE FROM DISK
1164157.169	Study_Phase.SEQUENCE.Study_Instruction	LOADING RESOURCE SURFACE FROM DISK
1172426.109	Study_Phase.SEQUENCE.Study_Instruction	LOADING RESOURCE SURFACE FROM DISK
1180734.004	Study_Phase.SEQUENCE.Study_Instruction	LOADING RESOURCE SURFACE FROM DISK
1189048.907	Study_Phase.SEQUENCE.Study_Instruction	LOADING RESOURCE SURFACE FROM DISK
1197353.329	Study_Phase.SEQUENCE.Study_Instruction	LOADING RESOURCE SURFACE FROM DISK
1205629.773	Study_Phase.SEQUENCE.Study_Instruction	LOADING RESOURCE SURFACE FROM DISK
1205670.577	Study_Phase.SEQUENCE.Study_Instruction	LOADING RESOURCE SURFACE FROM DISK
1213943.924	Study_Phase.SEQUENCE.Study_Instruction	LOADING RESOURCE SURFACE FROM DISK
1222209.488	Study_Phase.SEQUENCE.Study_Instruction	LOADING RESOURCE SURFACE FROM DISK
1230509.093	Study_Phase.SEQUENCE.Study_Instruction	LOADING RESOURCE SURFACE FROM DISK
1238814.176	Study_Phase.SEQUENCE.Study_Instruction	LOADING RESOURCE SURFACE FROM DISK
1247095.955	Study_Phase.SEQUENCE.Study_Instruction	LOADING RESOURCE SURFACE FROM DISK
1247098.406	Study_Phase.SEQUENCE.Study_Instruction	LOADING RESOURCE SURFACE FROM DISK
1255479.543	Study_Phase.SEQUENCE.Study_Instruction	LOADING RESOURCE SURFACE FROM DISK
1255514.962	Study_Phase.SEQUENCE.Study_Instruction	LOADING RESOURCE SURFACE FROM DISK
1263792.978	Study_Phase.SEQUENCE.Study_Instruction	LOADING RESOURCE SURFACE FROM DISK
1272060.894	Study_Phase.SEQUENCE.Study_Instruction	LOADING RESOURCE SURFACE FROM DISK
1280329.694	Study_Phase.SEQUENCE.Study_Instruction	LOADING RESOURCE SURFACE FROM DISK
1280369.319	Study_Phase.SEQUENCE.Study_Instruction	LOADING RESOURCE SURFACE FROM DISK
1288680.314	Study_Phase.SEQUENCE.Study_Instruction	LOADING RESOURCE SURFACE FROM DISK
1296944.205	Study_Phase.SEQUENCE.Study_Instruction	LOADING RESOURCE SURFACE FROM DISK
1305245.73	Study_Phase.SEQUENCE.Study_Instruction	LOADING RESOURCE SURFACE FROM DISK
1313513.111	Study_Phase.SEQUENCE.Study_Instruction	LOADING RESOURCE SURFACE FROM DISK
1313550.124	Study_Phase.SEQUENCE.Study_Instruction	LOADING RESOURCE SURFACE FROM DISK
1321826.154	Study_Phase.SEQUENCE.Study_Instruction	LOADING RESOURCE SURFACE FROM DISK
1330092.819	Study_Phase.SEQUENCE.Study_Instruction	LOADING RESOURCE SURFACE FROM DISK
1338342.843	Study_Phase.SEQUENCE.Study_Instruction	LOADING RESOURCE SURFACE FROM DISK
1346596.232	Study_Phase.SEQUENCE.Study_Instruction	LOADING RESOURCE SURFACE FROM DISK
1346640.098	Study_Phase.SEQUENCE.Study_Instruction	LOADING RESOURCE SURFACE FROM DISK
1354944.002	Study_Phase.SEQUENCE.Study_Instruction	LOADING RESOURCE SURFACE FROM DISK
1363212.813	Study_Phase.SEQUENCE.Study_Instruction	LOADING RESOURCE SURFACE FROM DISK
1363215.283	Study_Phase.SEQUENCE.Study_Instruction	LOADING RESOURCE SURFACE FROM DISK
1371496.361	Study_Phase.SEQUENCE.Study_Instruction	LOADING RESOURCE SURFACE FROM DISK
1371499.019	Study_Phase.SEQUENCE.Study_Instruction	LOADING RESOURCE SURFACE FROM DISK
1379779.675	Study_Phase.SEQUENCE.Study_Instruction	LOADING RESOURCE SURFACE FROM DISK
1379817.374	Study_Phase.SEQUENCE.Study_Instruction	LOADING RESOURCE SURFACE FROM DISK
1388110.641	Study_Phase.SEQUENCE.Study_Instruction	LOADING RESOURCE SURFACE FROM DISK
1396377.456	Study_Phase.SEQUENCE.Study_Instruction	LOADING RESOURCE SURFACE FROM DISK
1404682.25	Study_Phase.SEQUENCE.Study_Instruction	LOADING RESOURCE SURFACE FROM DISK
1412962.758	Study_Phase.SEQUENCE.Study_Instruction	LOADING RESOURCE SURFACE FROM DISK
1412965.25	Study_Phase.SEQUENCE.Study_Instruction	LOADING RESOURCE SURFACE FROM DISK
1421278.279	Study_Phase.SEQUENCE.Study_Instruction	LOADING RESOURCE SURFACE FROM DISK
1429585.949	Study_Phase.SEQUENCE.Study_Instruction	LOADING RESOURCE SURFACE FROM DISK
1437846.156	Study_Phase.SEQUENCE.Study_Instruction	LOADING RESOURCE SURFACE FROM DISK
1437886.029	Study_Phase.SEQUENCE.Study_Instruction	LOADING RESOURCE SURFACE FROM DISK
1446163.025	Study_Phase.SEQUENCE.Study_Instruction	LOADING RESOURCE SURFACE FROM DISK
1446165.627	Study_Phase.SEQUENCE.Study_Instruction	LOADING RESOURCE SURFACE FROM DISK
1454443.086	Study_Phase.SEQUENCE.Study_Instruction	LOADING RESOURCE SURFACE FROM DISK
1462731.471	Study_Phase.SEQUENCE.Study_Instruction	LOADING RESOURCE SURFACE FROM DISK
1471012.791	Study_Phase.SEQUENCE.Study_Instruction	LOADING RESOURCE SURFACE FROM DISK
1471015.352	Study_Phase.SEQUENCE.Study_Instruction	LOADING RESOURCE SURFACE FROM DISK
1479296.495	Study_Phase.SEQUENCE.Study_Instruction	LOADING RESOURCE SURFACE FROM DISK
1479299.105	Study_Phase.SEQUENCE.Study_Instruction	LOADING RESOURCE SURFACE FROM DISK
1487696.296	Study_Phase.SEQUENCE.Study_Instruction	LOADING RESOURCE SURFACE FROM DISK
1487698.961	Study_Phase.SEQUENCE.Study_Instruction	LOADING RESOURCE SURFACE FROM DISK
1495979.574	Study_Phase.SEQUENCE.Study_Instruction	LOADING RESOURCE SURFACE FROM DISK
1496019.032	Study_Phase.SEQUENCE.Study_Instruction	LOADING RESOURCE SURFACE FROM DISK
1502251.111	DISPLAY_SCREEN[7]	LOADING RESOURCE SURFACE FROM DISK
1741513.419	Test_Phase.SEQUENCE.Target_Cue	LOADING RESOURCE SURFACE FROM DISK
1741516.561	Test_Phase.SEQUENCE.Target_Cue	LOADING RESOURCE SURFACE FROM DISK
1743576.746	Test_Phase.SEQUENCE.Word	LOADING RESOURCE SURFACE FROM DISK
1746592.445	Test_Phase.SEQUENCE.Test_Question	LOADING RESOURCE SURFACE FROM DISK
1746630.232	Test_Phase.SEQUENCE.Test_Question	LOADING RESOURCE SURFACE FROM DISK
1746635.287	Test_Phase.SEQUENCE.Test_Question	LOADING RESOURCE SURFACE FROM DISK
1746640.42	Test_Phase.SEQUENCE.Test_Question	LOADING RESOURCE SURFACE FROM DISK
1746642.117	Test_Phase.SEQUENCE.Test_Question	LOADING RESOURCE SURFACE FROM DISK
1746643.854	Test_Phase.SEQUENCE.Test_Question	LOADING RESOURCE SURFACE FROM DISK
1746645.624	Test_Phase.SEQUENCE.Test_Question	LOADING RESOURCE SURFACE FROM DISK
1746647.351	Test_Phase.SEQUENCE.Test_Question	LOADING RESOURCE SURFACE FROM DISK
1746649.047	Test_Phase.SEQUENCE.Test_Question	LOADING RESOURCE SURFACE FROM DISK
1746650.898	Test_Phase.SEQUENCE.Test_Question	LOADING RESOURCE SURFACE FROM DISK
1746652.607	Test_Phase.SEQUENCE.Test_Question	LOADING RESOURCE SURFACE FROM DISK
1746654.281	Test_Phase.SEQUENCE.Test_Question	LOADING RESOURCE SURFACE FROM DISK
1755759.351	Test_Phase.SEQUENCE.Word	LOADING RESOURCE SURFACE FROM DISK
1767925.854	Test_Phase.SEQUENCE.Word	LOADING RESOURCE SURFACE FROM DISK
1775575.755	Test_Phase.SEQUENCE.Word	LOADING RESOURCE SURFACE FROM DISK
1784318.843	Test_Phase.SEQUENCE.Word	LOADING RESOURCE SURFACE FROM DISK
1803159.059	Test_Phase.SEQUENCE.Word	LOADING RESOURCE SURFACE FROM DISK
1812875.948	Test_Phase.SEQUENCE.Word	LOADING RESOURCE SURFACE FROM DISK
1822975.926	Test_Phase.SEQUENCE.Word	LOADING RESOURCE SURFACE FROM DISK
1830144.086	Test_Phase.SEQUENCE.Word	LOADING RESOURCE SURFACE FROM DISK
1838942.665	Test_Phase.SEQUENCE.Word	LOADING RESOURCE SURFACE FROM DISK
1847675.929	Test_Phase.SEQUENCE.Word	LOADING RESOURCE SURFACE FROM DISK
1855251.123	Test_Phase.SEQUENCE.Word	LOADING RESOURCE SURFACE FROM DISK
1862936.707	Test_Phase.SEQUENCE.Word	LOADING RESOURCE SURFACE FROM DISK
1872159.191	Test_Phase.SEQUENCE.Word	LOADING RESOURCE SURFACE FROM DISK
1880242.697	Test_Phase.SEQUENCE.Word	LOADING RESOURCE SURFACE FROM DISK
1888761.832	Test_Phase.SEQUENCE.Word	LOADING RESOURCE SURFACE FROM DISK
1895759.656	Test_Phase.SEQUENCE.Word	LOADING RESOURCE SURFACE FROM DISK
1902780.74	Test_Phase.SEQUENCE.Word	LOADING RESOURCE SURFACE FROM DISK
1910309.363	Test_Phase.SEQUENCE.Word	LOADING RESOURCE SURFACE FROM DISK
1917593.973	Test_Phase.SEQUENCE.Word	LOADING RESOURCE SURFACE FROM DISK
1926976.209	Test_Phase.SEQUENCE.Word	LOADING RESOURCE SURFACE FROM DISK
1937376.008	Test_Phase.SEQUENCE.Word	LOADING RESOURCE SURFACE FROM DISK
1945262.216	Test_Phase.SEQUENCE.Word	LOADING RESOURCE SURFACE FROM DISK
1952376.154	Test_Phase.SEQUENCE.Word	LOADING RESOURCE SURFACE FROM DISK
1959459.324	Test_Phase.SEQUENCE.Word	LOADING RESOURCE SURFACE FROM DISK
1967942.565	Test_Phase.SEQUENCE.Word	LOADING RESOURCE SURFACE FROM DISK
1975692.573	Test_Phase.SEQUENCE.Word	LOADING RESOURCE SURFACE FROM DISK
1982761.031	Test_Phase.SEQUENCE.Word	LOADING RESOURCE SURFACE FROM DISK
1991433.86	Test_Phase.SEQUENCE.Word	LOADING RESOURCE SURFACE FROM DISK
2000025.716	Test_Phase.SEQUENCE.Word	LOADING RESOURCE SURFACE FROM DISK
2007092.626	Test_Phase.SEQUENCE.Word	LOADING RESOURCE SURFACE FROM DISK
2018109.218	Test_Phase.SEQUENCE.Word	LOADING RESOURCE SURFACE FROM DISK
2025233.343	Test_Phase.SEQUENCE.Word	LOADING RESOURCE SURFACE FROM DISK
2032442.683	Test_Phase.SEQUENCE.Word	LOADING RESOURCE SURFACE FROM DISK
2041144.122	Test_Phase.SEQUENCE.Word	LOADING RESOURCE SURFACE FROM DISK
2048376.095	Test_Phase.SEQUENCE.Word	LOADING RESOURCE SURFACE FROM DISK
2055309.438	Test_Phase.SEQUENCE.Word	LOADING RESOURCE SURFACE FROM DISK
2062959.163	Test_Phase.SEQUENCE.Word	LOADING RESOURCE SURFACE FROM DISK
2070010.735	Test_Phase.SEQUENCE.Word	LOADING RESOURCE SURFACE FROM DISK
2077125.942	Test_Phase.SEQUENCE.Word	LOADING RESOURCE SURFACE FROM DISK
2084200.914	Test_Phase.SEQUENCE.Word	LOADING RESOURCE SURFACE FROM DISK
2091275.885	Test_Phase.SEQUENCE.Word	LOADING RESOURCE SURFACE FROM DISK
2098309.13	Test_Phase.SEQUENCE.Word	LOADING RESOURCE SURFACE FROM DISK
2108514.059	Test_Phase.SEQUENCE.Word	LOADING RESOURCE SURFACE FROM DISK
2116825.681	Test_Phase.SEQUENCE.Word	LOADING RESOURCE SURFACE FROM DISK
2124929.573	Test_Phase.SEQUENCE.Word	LOADING RESOURCE SURFACE FROM DISK
2131859.183	Test_Phase.SEQUENCE.Word	LOADING RESOURCE SURFACE FROM DISK
2138975.848	Test_Phase.SEQUENCE.Word	LOADING RESOURCE SURFACE FROM DISK
2146042.622	Test_Phase.SEQUENCE.Word	LOADING RESOURCE SURFACE FROM DISK
2156009.229	Test_Phase.SEQUENCE.Word	LOADING RESOURCE SURFACE FROM DISK
2163142.744	Test_Phase.SEQUENCE.Word	LOADING RESOURCE SURFACE FROM DISK
2170059.163	Test_Phase.SEQUENCE.Word	LOADING RESOURCE SURFACE FROM DISK
2177592.527	Test_Phase.SEQUENCE.Word	LOADING RESOURCE SURFACE FROM DISK
2184951.03	Test_Phase.SEQUENCE.Word	LOADING RESOURCE SURFACE FROM DISK
2191942.721	Test_Phase.SEQUENCE.Word	LOADING RESOURCE SURFACE FROM DISK
2199009.093	Test_Phase.SEQUENCE.Word	LOADING RESOURCE SURFACE FROM DISK
2206042.78	Test_Phase.SEQUENCE.Word	LOADING RESOURCE SURFACE FROM DISK
2216617.198	Test_Phase.SEQUENCE.Word	LOADING RESOURCE SURFACE FROM DISK
2223643.017	Test_Phase.SEQUENCE.Word	LOADING RESOURCE SURFACE FROM DISK
2235092.889	Test_Phase.SEQUENCE.Word	LOADING RESOURCE SURFACE FROM DISK
2242326.1	Test_Phase.SEQUENCE.Word	LOADING RESOURCE SURFACE FROM DISK
2250063.148	Test_Phase.SEQUENCE.Word	LOADING RESOURCE SURFACE FROM DISK
2257059.275	Test_Phase.SEQUENCE.Word	LOADING RESOURCE SURFACE FROM DISK
2265909.207	Test_Phase.SEQUENCE.Word	LOADING RESOURCE SURFACE FROM DISK
2276298.222	Test_Phase.SEQUENCE.Word	LOADING RESOURCE SURFACE FROM DISK
2283375.973	Test_Phase.SEQUENCE.Word	LOADING RESOURCE SURFACE FROM DISK
2292025.705	Test_Phase.SEQUENCE.Word	LOADING RESOURCE SURFACE FROM DISK
2300742.655	Test_Phase.SEQUENCE.Word	LOADING RESOURCE SURFACE FROM DISK
2307779.132	Test_Phase.SEQUENCE.Word	LOADING RESOURCE SURFACE FROM DISK
2314776.048	Test_Phase.SEQUENCE.Word	LOADING RESOURCE SURFACE FROM DISK
2322109.428	Test_Phase.SEQUENCE.Word	LOADING RESOURCE SURFACE FROM DISK
2329776.006	Test_Phase.SEQUENCE.Word	LOADING RESOURCE SURFACE FROM DISK
2338449.532	Test_Phase.SEQUENCE.Word	LOADING RESOURCE SURFACE FROM DISK
2346533.267	Test_Phase.SEQUENCE.Word	LOADING RESOURCE SURFACE FROM DISK
2353693.045	Test_Phase.SEQUENCE.Word	LOADING RESOURCE SURFACE FROM DISK
2360759.405	Test_Phase.SEQUENCE.Word	LOADING RESOURCE SURFACE FROM DISK
2367992.572	Test_Phase.SEQUENCE.Word	LOADING RESOURCE SURFACE FROM DISK
2375145.37	Test_Phase.SEQUENCE.Word	LOADING RESOURCE SURFACE FROM DISK
2382142.649	Test_Phase.SEQUENCE.Word	LOADING RESOURCE SURFACE FROM DISK
2389192.509	Test_Phase.SEQUENCE.Word	LOADING RESOURCE SURFACE FROM DISK
2399992.483	Test_Phase.SEQUENCE.Word	LOADING RESOURCE SURFACE FROM DISK
2407292.624	Test_Phase.SEQUENCE.Word	LOADING RESOURCE SURFACE FROM DISK
2414325.852	Test_Phase.SEQUENCE.Word	LOADING RESOURCE SURFACE FROM DISK
2424442.583	Test_Phase.SEQUENCE.Word	LOADING RESOURCE SURFACE FROM DISK
2433842.743	Test_Phase.SEQUENCE.Word	LOADING RESOURCE SURFACE FROM DISK
2444259.277	Test_Phase.SEQUENCE.Word	LOADING RESOURCE SURFACE FROM DISK
2451342.712	Test_Phase.SEQUENCE.Word	LOADING RESOURCE SURFACE FROM DISK
2459709.177	Test_Phase.SEQUENCE.Word	LOADING RESOURCE SURFACE FROM DISK
2466766.216	Test_Phase.SEQUENCE.Word	LOADING RESOURCE SURFACE FROM DISK
2474309.332	Test_Phase.SEQUENCE.Word	LOADING RESOURCE SURFACE FROM DISK
2481926.001	Test_Phase.SEQUENCE.Word	LOADING RESOURCE SURFACE FROM DISK
2489092.703	Test_Phase.SEQUENCE.Word	LOADING RESOURCE SURFACE FROM DISK
2495925.738	Test_Phase.SEQUENCE.Word	LOADING RESOURCE SURFACE FROM DISK
2503080.246	Test_Phase.SEQUENCE.Word	LOADING RESOURCE SURFACE FROM DISK
2509876.008	Test_Phase.SEQUENCE.Word	LOADING RESOURCE SURFACE FROM DISK
2516928.176	Test_Phase.SEQUENCE.Word	LOADING RESOURCE SURFACE FROM DISK
2524959.311	Test_Phase.SEQUENCE.Word	LOADING RESOURCE SURFACE FROM DISK
2531959.232	Test_Phase.SEQUENCE.Word	LOADING RESOURCE SURFACE FROM DISK
2538792.395	Test_Phase.SEQUENCE.Word	LOADING RESOURCE SURFACE FROM DISK
2545659.285	Test_Phase.SEQUENCE.Word	LOADING RESOURCE SURFACE FROM DISK
2553075.92	Test_Phase.SEQUENCE.Word	LOADING RESOURCE SURFACE FROM DISK
2560875.782	Test_Phase.SEQUENCE.Word	LOADING RESOURCE SURFACE FROM DISK
2572209.368	Test_Phase.SEQUENCE.Word	LOADING RESOURCE SURFACE FROM DISK
2580031.815	Test_Phase.SEQUENCE.Word	LOADING RESOURCE SURFACE FROM DISK
2587209.56	Test_Phase.SEQUENCE.Word	LOADING RESOURCE SURFACE FROM DISK
2594309.386	Test_Phase.SEQUENCE.Word	LOADING RESOURCE SURFACE FROM DISK
2603276.029	Test_Phase.SEQUENCE.Word	LOADING RESOURCE SURFACE FROM DISK
2613264.351	Test_Phase.SEQUENCE.Word	LOADING RESOURCE SURFACE FROM DISK
2621175.834	Test_Phase.SEQUENCE.Word	LOADING RESOURCE SURFACE FROM DISK
2628442.642	Test_Phase.SEQUENCE.Word	LOADING RESOURCE SURFACE FROM DISK
2636551.441	Test_Phase.SEQUENCE.Word	LOADING RESOURCE SURFACE FROM DISK
2643409.259	Test_Phase.SEQUENCE.Word	LOADING RESOURCE SURFACE FROM DISK
2650476.033	Test_Phase.SEQUENCE.Word	LOADING RESOURCE SURFACE FROM DISK
2657342.952	Test_Phase.SEQUENCE.Word	LOADING RESOURCE SURFACE FROM DISK
2664092.712	Test_Phase.SEQUENCE.Word	LOADING RESOURCE SURFACE FROM DISK
2671184.735	Test_Phase.SEQUENCE.Word	LOADING RESOURCE SURFACE FROM DISK
2678092.667	Test_Phase.SEQUENCE.Word	LOADING RESOURCE SURFACE FROM DISK
2685863.887	Test_Phase.SEQUENCE.Word	LOADING RESOURCE SURFACE FROM DISK
2695812.164	Test_Phase.SEQUENCE.Word	LOADING RESOURCE SURFACE FROM DISK
2702792.754	Test_Phase.SEQUENCE.Word	LOADING RESOURCE SURFACE FROM DISK
2710042.582	Test_Phase.SEQUENCE.Word	LOADING RESOURCE SURFACE FROM DISK
2719292.68	Test_Phase.SEQUENCE.Word	LOADING RESOURCE SURFACE FROM DISK
2726935.083	Test_Phase.SEQUENCE.Word	LOADING RESOURCE SURFACE FROM DISK
2733959.391	Test_Phase.SEQUENCE.Word	LOADING RESOURCE SURFACE FROM DISK
2741159.372	Test_Phase.SEQUENCE.Word	LOADING RESOURCE SURFACE FROM DISK
2748744.665	Test_Phase.SEQUENCE.Word	LOADING RESOURCE SURFACE FROM DISK
2755759.303	Test_Phase.SEQUENCE.Word	LOADING RESOURCE SURFACE FROM DISK
2762846.64	Test_Phase.SEQUENCE.Word	LOADING RESOURCE SURFACE FROM DISK
2769825.816	Test_Phase.SEQUENCE.Word	LOADING RESOURCE SURFACE FROM DISK
2776942.588	Test_Phase.SEQUENCE.Word	LOADING RESOURCE SURFACE FROM DISK
2785792.607	Test_Phase.SEQUENCE.Word	LOADING RESOURCE SURFACE FROM DISK
2792959.192	Test_Phase.SEQUENCE.Word	LOADING RESOURCE SURFACE FROM DISK
2799909.476	Test_Phase.SEQUENCE.Word	LOADING RESOURCE SURFACE FROM DISK
2807192.767	Test_Phase.SEQUENCE.Word	LOADING RESOURCE SURFACE FROM DISK
2814242.569	Test_Phase.SEQUENCE.Word	LOADING RESOURCE SURFACE FROM DISK
2821313.511	Test_Phase.SEQUENCE.Word	LOADING RESOURCE SURFACE FROM DISK
2828280.65	Test_Phase.SEQUENCE.Word	LOADING RESOURCE SURFACE FROM DISK
2836092.72	Test_Phase.SEQUENCE.Word	LOADING RESOURCE SURFACE FROM DISK
2845025.844	Test_Phase.SEQUENCE.Word	LOADING RESOURCE SURFACE FROM DISK
2855142.755	Test_Phase.SEQUENCE.Word	LOADING RESOURCE SURFACE FROM DISK
2862567.105	Test_Phase.SEQUENCE.Word	LOADING RESOURCE SURFACE FROM DISK
2872410.612	Test_Phase.SEQUENCE.Word	LOADING RESOURCE SURFACE FROM DISK
2879885.19	Test_Phase.SEQUENCE.Word	LOADING RESOURCE SURFACE FROM DISK
2886959.201	Test_Phase.SEQUENCE.Word	LOADING RESOURCE SURFACE FROM DISK
2893817.259	Test_Phase.SEQUENCE.Word	LOADING RESOURCE SURFACE FROM DISK
2900592.683	Test_Phase.SEQUENCE.Word	LOADING RESOURCE SURFACE FROM DISK
2907492.642	Test_Phase.SEQUENCE.Word	LOADING RESOURCE SURFACE FROM DISK
2914259.149	Test_Phase.SEQUENCE.Word	LOADING RESOURCE SURFACE FROM DISK
2921410.649	Test_Phase.SEQUENCE.Word	LOADING RESOURCE SURFACE FROM DISK
2928459.206	Test_Phase.SEQUENCE.Word	LOADING RESOURCE SURFACE FROM DISK
2935399.482	Test_Phase.SEQUENCE.Word	LOADING RESOURCE SURFACE FROM DISK
2943692.499	Test_Phase.SEQUENCE.Word	LOADING RESOURCE SURFACE FROM DISK
2952225.804	Test_Phase.SEQUENCE.Word	LOADING RESOURCE SURFACE FROM DISK
2962525.832	Test_Phase.SEQUENCE.Word	LOADING RESOURCE SURFACE FROM DISK
2974375.779	Test_Phase.SEQUENCE.Word	LOADING RESOURCE SURFACE FROM DISK
2982292.675	Test_Phase.SEQUENCE.Word	LOADING RESOURCE SURFACE FROM DISK
2989335.048	Test_Phase.SEQUENCE.Word	LOADING RESOURCE SURFACE FROM DISK
2996417.431	Test_Phase.SEQUENCE.Word	LOADING RESOURCE SURFACE FROM DISK
3003425.881	Test_Phase.SEQUENCE.Word	LOADING RESOURCE SURFACE FROM DISK
3010675.968	Test_Phase.SEQUENCE.Word	LOADING RESOURCE SURFACE FROM DISK
3017868.135	Test_Phase.SEQUENCE.Word	LOADING RESOURCE SURFACE FROM DISK
3025568.782	Test_Phase.SEQUENCE.Word	LOADING RESOURCE SURFACE FROM DISK
3033659.892	Test_Phase.SEQUENCE.Word	LOADING RESOURCE SURFACE FROM DISK
3040959.616	Test_Phase.SEQUENCE.Word	LOADING RESOURCE SURFACE FROM DISK
3048109.331	Test_Phase.SEQUENCE.Word	LOADING RESOURCE SURFACE FROM DISK
3056359.439	Test_Phase.SEQUENCE.Word	LOADING RESOURCE SURFACE FROM DISK
3063784.171	Test_Phase.SEQUENCE.Word	LOADING RESOURCE SURFACE FROM DISK
3071325.898	Test_Phase.SEQUENCE.Word	LOADING RESOURCE SURFACE FROM DISK
3078309.294	Test_Phase.SEQUENCE.Word	LOADING RESOURCE SURFACE FROM DISK
3085375.788	Test_Phase.SEQUENCE.Word	LOADING RESOURCE SURFACE FROM DISK
3092892.713	Test_Phase.SEQUENCE.Word	LOADING RESOURCE SURFACE FROM DISK
3099792.79	Test_Phase.SEQUENCE.Word	LOADING RESOURCE SURFACE FROM DISK
3106792.596	Test_Phase.SEQUENCE.Word	LOADING RESOURCE SURFACE FROM DISK
3113826.047	Test_Phase.SEQUENCE.Word	LOADING RESOURCE SURFACE FROM DISK
3120726.005	Test_Phase.SEQUENCE.Word	LOADING RESOURCE SURFACE FROM DISK
3127911.155	Test_Phase.SEQUENCE.Word	LOADING RESOURCE SURFACE FROM DISK
3139309.172	Test_Phase.SEQUENCE.Word	LOADING RESOURCE SURFACE FROM DISK
3147125.883	Test_Phase.SEQUENCE.Word	LOADING RESOURCE SURFACE FROM DISK
3154764.955	Test_Phase.SEQUENCE.Word	LOADING RESOURCE SURFACE FROM DISK
3162675.892	Test_Phase.SEQUENCE.Word	LOADING RESOURCE SURFACE FROM DISK
3169925.929	Test_Phase.SEQUENCE.Word	LOADING RESOURCE SURFACE FROM DISK
3176897.714	Test_Phase.SEQUENCE.Word	LOADING RESOURCE SURFACE FROM DISK
3183742.925	Test_Phase.SEQUENCE.Word	LOADING RESOURCE SURFACE FROM DISK
3192475.901	Test_Phase.SEQUENCE.Word	LOADING RESOURCE SURFACE FROM DISK
3199526.583	Test_Phase.SEQUENCE.Word	LOADING RESOURCE SURFACE FROM DISK
3210728.423	Test_Phase.SEQUENCE.Word	LOADING RESOURCE SURFACE FROM DISK
3217659.727	Test_Phase.SEQUENCE.Word	LOADING RESOURCE SURFACE FROM DISK
3225042.786	Test_Phase.SEQUENCE.Word	LOADING RESOURCE SURFACE FROM DISK
3234183.213	Test_Phase.SEQUENCE.Word	LOADING RESOURCE SURFACE FROM DISK
3241026.295	Test_Phase.SEQUENCE.Word	LOADING RESOURCE SURFACE FROM DISK
3248792.638	Test_Phase.SEQUENCE.Word	LOADING RESOURCE SURFACE FROM DISK
3255959.146	Test_Phase.SEQUENCE.Word	LOADING RESOURCE SURFACE FROM DISK
3262977.707	Test_Phase.SEQUENCE.Word	LOADING RESOURCE SURFACE FROM DISK
3270625.915	Test_Phase.SEQUENCE.Word	LOADING RESOURCE SURFACE FROM DISK
3277426.995	Test_Phase.SEQUENCE.Word	LOADING RESOURCE SURFACE FROM DISK
3285292.637	Test_Phase.SEQUENCE.Word	LOADING RESOURCE SURFACE FROM DISK
3293423.8	Test_Phase.SEQUENCE.Word	LOADING RESOURCE SURFACE FROM DISK
3300292.692	Test_Phase.SEQUENCE.Word	LOADING RESOURCE SURFACE FROM DISK
3307735.596	Test_Phase.SEQUENCE.Word	LOADING RESOURCE SURFACE FROM DISK
3314245.889	DISPLAY_SCREEN	LOADING RESOURCE SURFACE FROM DISK
