5298.755	DISPLAY_SCREEN[1]	LOADING RESOURCE SURFACE FROM DISK
566041.814	Familiarization_Phase.SEQUENCE.Cue_and_Instruction	LOADING RESOURCE SURFACE FROM DISK
566052.049	Familiarization_Phase.SEQUENCE.Cue_and_Instruction	LOADING RESOURCE SURFACE FROM DISK
572129.639	Familiarization_Phase.SEQUENCE.Cue_and_Instruction	LOADING RESOURCE SURFACE FROM DISK
572145.666	Familiarization_Phase.SEQUENCE.Cue_and_Instruction	LOADING RESOURCE SURFACE FROM DISK
578204.505	Familiarization_Phase.SEQUENCE.Cue_and_Instruction	LOADING RESOURCE SURFACE FROM DISK
578211.63	Familiarization_Phase.SEQUENCE.Cue_and_Instruction	LOADING RESOURCE SURFACE FROM DISK
620372.237	DISPLAY_SCREEN[3]	LOADING RESOURCE SURFACE FROM DISK
733125.754	DISPLAY_SCREEN[5]	LOADING RESOURCE SURFACE FROM DISK
790955.126	Practice_Phase.SEQUENCE.Blink_Screen	LOADING RESOURCE SURFACE FROM DISK
790956.23	Practice_Phase.SEQUENCE.Blink_Screen	flip time is later than desired time. Desired Time=790700 Flip Time=790966 Retrace Rate=16.641, prepareTime=280 flip request time 790955
792181.706	Practice_Phase.SEQUENCE.Practice_Luminance_Cue	LOADING RESOURCE SURFACE FROM DISK
792184.21	Practice_Phase.SEQUENCE.Practice_Luminance_Cue	LOADING RESOURCE SURFACE FROM DISK
792185.747	Practice_Phase.SEQUENCE.Practice_Luminance_Cue	flip time is later than desired time. Desired Time=792166 Flip Time=792200 Retrace Rate=16.641, prepareTime=43 flip request time 792185
792723.188	Practice_Phase.SEQUENCE.DISPLAY_SCREEN	LOADING RESOURCE SURFACE FROM DISK
792725.353	Practice_Phase.SEQUENCE.DISPLAY_SCREEN	flip time is later than desired time. Desired Time=792700 Flip Time=792750 Retrace Rate=16.641, prepareTime=49 flip request time 792725
794268.269	Practice_Phase.SEQUENCE.Practice_Instruction	LOADING RESOURCE SURFACE FROM DISK
794269.811	Practice_Phase.SEQUENCE.Practice_Instruction	flip time is later than desired time. Desired Time=794250 Flip Time=794283 Retrace Rate=16.641, prepareTime=44 flip request time 794269
800941.125	Practice_Phase.SEQUENCE.DISPLAY_SCREEN	LOADING RESOURCE SURFACE FROM DISK
800942.964	Practice_Phase.SEQUENCE.DISPLAY_SCREEN	flip time is later than desired time. Desired Time=800850 Flip Time=800966 Retrace Rate=16.641, prepareTime=117 flip request time 800942
802479.071	Practice_Phase.SEQUENCE.Practice_Instruction	LOADING RESOURCE SURFACE FROM DISK
802480.579	Practice_Phase.SEQUENCE.Practice_Instruction	flip time is later than desired time. Desired Time=802466 Flip Time=802500 Retrace Rate=16.641, prepareTime=38 flip request time 802480
809076.245	Practice_Phase.SEQUENCE.DISPLAY_SCREEN	LOADING RESOURCE SURFACE FROM DISK
809078.045	Practice_Phase.SEQUENCE.DISPLAY_SCREEN	flip time is later than desired time. Desired Time=809066 Flip Time=809100 Retrace Rate=16.641, prepareTime=35 flip request time 809077
810612.09	Practice_Phase.SEQUENCE.Practice_Instruction	LOADING RESOURCE SURFACE FROM DISK
810613.545	Practice_Phase.SEQUENCE.Practice_Instruction	flip time is later than desired time. Desired Time=810600 Flip Time=810633 Retrace Rate=16.641, prepareTime=37 flip request time 810613
817181.269	Practice_Phase.SEQUENCE.DISPLAY_SCREEN	LOADING RESOURCE SURFACE FROM DISK
818678.111	Practice_Phase.SEQUENCE.Practice_Instruction	LOADING RESOURCE SURFACE FROM DISK
825247.967	Practice_Phase.SEQUENCE.DISPLAY_SCREEN	LOADING RESOURCE SURFACE FROM DISK
826761.537	Practice_Phase.SEQUENCE.Practice_Instruction	LOADING RESOURCE SURFACE FROM DISK
826763.004	Practice_Phase.SEQUENCE.Practice_Instruction	flip time is later than desired time. Desired Time=826766 Flip Time=826783 Retrace Rate=16.641, prepareTime=20 flip request time 826762
833331.393	Practice_Phase.SEQUENCE.DISPLAY_SCREEN	LOADING RESOURCE SURFACE FROM DISK
834828.081	Practice_Phase.SEQUENCE.Practice_Instruction	LOADING RESOURCE SURFACE FROM DISK
841397.785	Practice_Phase.SEQUENCE.DISPLAY_SCREEN	LOADING RESOURCE SURFACE FROM DISK
842894.656	Practice_Phase.SEQUENCE.Practice_Instruction	LOADING RESOURCE SURFACE FROM DISK
849464.341	Practice_Phase.SEQUENCE.DISPLAY_SCREEN	LOADING RESOURCE SURFACE FROM DISK
850961.505	Practice_Phase.SEQUENCE.Practice_Instruction	LOADING RESOURCE SURFACE FROM DISK
857531.015	Practice_Phase.SEQUENCE.DISPLAY_SCREEN	LOADING RESOURCE SURFACE FROM DISK
859066.349	Practice_Phase.SEQUENCE.Practice_Instruction	LOADING RESOURCE SURFACE FROM DISK
859067.81	Practice_Phase.SEQUENCE.Practice_Instruction	flip time is later than desired time. Desired Time=859050 Flip Time=859083 Retrace Rate=16.641, prepareTime=42 flip request time 859067
863742.308	DISPLAY_SCREEN[2]	LOADING RESOURCE SURFACE FROM DISK
980655.985	Study_Phase.SEQUENCE.DISPLAY_SCREEN	LOADING RESOURCE SURFACE FROM DISK
982445.029	Study_Phase.SEQUENCE.Study_Instruction	LOADING RESOURCE SURFACE FROM DISK
990720.139	Study_Phase.SEQUENCE.Study_Instruction	LOADING RESOURCE SURFACE FROM DISK
998986.273	Study_Phase.SEQUENCE.Study_Instruction	LOADING RESOURCE SURFACE FROM DISK
1005739.652	Study_Phase.SEQUENCE.DISPLAY_SCREEN	LOADING RESOURCE SURFACE FROM DISK
1007288.866	Study_Phase.SEQUENCE.Study_Instruction	LOADING RESOURCE SURFACE FROM DISK
1014039.504	Study_Phase.SEQUENCE.DISPLAY_SCREEN	LOADING RESOURCE SURFACE FROM DISK
1015553.488	Study_Phase.SEQUENCE.Study_Instruction	LOADING RESOURCE SURFACE FROM DISK
1023854.991	Study_Phase.SEQUENCE.Study_Instruction	LOADING RESOURCE SURFACE FROM DISK
1032119.465	Study_Phase.SEQUENCE.Study_Instruction	LOADING RESOURCE SURFACE FROM DISK
1040427.534	Study_Phase.SEQUENCE.Study_Instruction	LOADING RESOURCE SURFACE FROM DISK
1047189.626	Study_Phase.SEQUENCE.DISPLAY_SCREEN	LOADING RESOURCE SURFACE FROM DISK
1048745.839	Study_Phase.SEQUENCE.Study_Instruction	LOADING RESOURCE SURFACE FROM DISK
1057003.479	Study_Phase.SEQUENCE.Study_Instruction	LOADING RESOURCE SURFACE FROM DISK
1065321.353	Study_Phase.SEQUENCE.Study_Instruction	LOADING RESOURCE SURFACE FROM DISK
1072072.892	Study_Phase.SEQUENCE.DISPLAY_SCREEN	LOADING RESOURCE SURFACE FROM DISK
1073619.48	Study_Phase.SEQUENCE.Study_Instruction	LOADING RESOURCE SURFACE FROM DISK
1080339.509	Study_Phase.SEQUENCE.DISPLAY_SCREEN	LOADING RESOURCE SURFACE FROM DISK
1081886.117	Study_Phase.SEQUENCE.Study_Instruction	LOADING RESOURCE SURFACE FROM DISK
1090152.837	Study_Phase.SEQUENCE.Study_Instruction	LOADING RESOURCE SURFACE FROM DISK
1096906.146	Study_Phase.SEQUENCE.DISPLAY_SCREEN	LOADING RESOURCE SURFACE FROM DISK
1098462.51	Study_Phase.SEQUENCE.Study_Instruction	LOADING RESOURCE SURFACE FROM DISK
1106778.509	Study_Phase.SEQUENCE.Study_Instruction	LOADING RESOURCE SURFACE FROM DISK
1115052.802	Study_Phase.SEQUENCE.Study_Instruction	LOADING RESOURCE SURFACE FROM DISK
1121805.957	Study_Phase.SEQUENCE.DISPLAY_SCREEN	LOADING RESOURCE SURFACE FROM DISK
1123362.134	Study_Phase.SEQUENCE.Study_Instruction	LOADING RESOURCE SURFACE FROM DISK
1131679.775	Study_Phase.SEQUENCE.Study_Instruction	LOADING RESOURCE SURFACE FROM DISK
1138439.439	Study_Phase.SEQUENCE.DISPLAY_SCREEN	LOADING RESOURCE SURFACE FROM DISK
1139953.421	Study_Phase.SEQUENCE.Study_Instruction	LOADING RESOURCE SURFACE FROM DISK
1148219.503	Study_Phase.SEQUENCE.Study_Instruction	LOADING RESOURCE SURFACE FROM DISK
1156514.842	Study_Phase.SEQUENCE.Study_Instruction	LOADING RESOURCE SURFACE FROM DISK
1163272.825	Study_Phase.SEQUENCE.DISPLAY_SCREEN	LOADING RESOURCE SURFACE FROM DISK
1164827.829	Study_Phase.SEQUENCE.Study_Instruction	LOADING RESOURCE SURFACE FROM DISK
1171589.219	Study_Phase.SEQUENCE.DISPLAY_SCREEN	LOADING RESOURCE SURFACE FROM DISK
1173143.348	Study_Phase.SEQUENCE.Study_Instruction	LOADING RESOURCE SURFACE FROM DISK
1179906.211	Study_Phase.SEQUENCE.DISPLAY_SCREEN	LOADING RESOURCE SURFACE FROM DISK
1181419.993	Study_Phase.SEQUENCE.Study_Instruction	LOADING RESOURCE SURFACE FROM DISK
1189716.056	Study_Phase.SEQUENCE.Study_Instruction	LOADING RESOURCE SURFACE FROM DISK
1198027.753	Study_Phase.SEQUENCE.Study_Instruction	LOADING RESOURCE SURFACE FROM DISK
1206303.008	Study_Phase.SEQUENCE.Study_Instruction	LOADING RESOURCE SURFACE FROM DISK
1213056.212	Study_Phase.SEQUENCE.DISPLAY_SCREEN	LOADING RESOURCE SURFACE FROM DISK
1214606.807	Study_Phase.SEQUENCE.Study_Instruction	LOADING RESOURCE SURFACE FROM DISK
1222903.988	Study_Phase.SEQUENCE.Study_Instruction	LOADING RESOURCE SURFACE FROM DISK
1231201.455	Study_Phase.SEQUENCE.Study_Instruction	LOADING RESOURCE SURFACE FROM DISK
1239510.673	Study_Phase.SEQUENCE.Study_Instruction	LOADING RESOURCE SURFACE FROM DISK
1247826.452	Study_Phase.SEQUENCE.Study_Instruction	LOADING RESOURCE SURFACE FROM DISK
1256102.675	Study_Phase.SEQUENCE.Study_Instruction	LOADING RESOURCE SURFACE FROM DISK
1264369.559	Study_Phase.SEQUENCE.Study_Instruction	LOADING RESOURCE SURFACE FROM DISK
1272668.988	Study_Phase.SEQUENCE.Study_Instruction	LOADING RESOURCE SURFACE FROM DISK
1279505.971	Study_Phase.SEQUENCE.DISPLAY_SCREEN	LOADING RESOURCE SURFACE FROM DISK
1281057.779	Study_Phase.SEQUENCE.Study_Instruction	LOADING RESOURCE SURFACE FROM DISK
1289379.467	Study_Phase.SEQUENCE.Study_Instruction	LOADING RESOURCE SURFACE FROM DISK
1297661.288	Study_Phase.SEQUENCE.Study_Instruction	LOADING RESOURCE SURFACE FROM DISK
1305975.695	Study_Phase.SEQUENCE.Study_Instruction	LOADING RESOURCE SURFACE FROM DISK
1312739.542	Study_Phase.SEQUENCE.DISPLAY_SCREEN	LOADING RESOURCE SURFACE FROM DISK
1314290.419	Study_Phase.SEQUENCE.Study_Instruction	LOADING RESOURCE SURFACE FROM DISK
1321056.027	Study_Phase.SEQUENCE.DISPLAY_SCREEN	LOADING RESOURCE SURFACE FROM DISK
1322612.505	Study_Phase.SEQUENCE.Study_Instruction	LOADING RESOURCE SURFACE FROM DISK
1329372.675	Study_Phase.SEQUENCE.DISPLAY_SCREEN	LOADING RESOURCE SURFACE FROM DISK
1330886.725	Study_Phase.SEQUENCE.Study_Instruction	LOADING RESOURCE SURFACE FROM DISK
1339186.088	Study_Phase.SEQUENCE.Study_Instruction	LOADING RESOURCE SURFACE FROM DISK
1345939.39	Study_Phase.SEQUENCE.DISPLAY_SCREEN	LOADING RESOURCE SURFACE FROM DISK
1347453.552	Study_Phase.SEQUENCE.Study_Instruction	LOADING RESOURCE SURFACE FROM DISK
1355752.773	Study_Phase.SEQUENCE.Study_Instruction	LOADING RESOURCE SURFACE FROM DISK
1362506.131	Study_Phase.SEQUENCE.DISPLAY_SCREEN	LOADING RESOURCE SURFACE FROM DISK
1364054.691	Study_Phase.SEQUENCE.Study_Instruction	LOADING RESOURCE SURFACE FROM DISK
1372365.347	Study_Phase.SEQUENCE.Study_Instruction	LOADING RESOURCE SURFACE FROM DISK
1379106.156	Study_Phase.SEQUENCE.DISPLAY_SCREEN	LOADING RESOURCE SURFACE FROM DISK
1380620.181	Study_Phase.SEQUENCE.Study_Instruction	LOADING RESOURCE SURFACE FROM DISK
1387372.854	Study_Phase.SEQUENCE.DISPLAY_SCREEN	LOADING RESOURCE SURFACE FROM DISK
1388921.066	Study_Phase.SEQUENCE.Study_Instruction	LOADING RESOURCE SURFACE FROM DISK
1397221.238	Study_Phase.SEQUENCE.Study_Instruction	LOADING RESOURCE SURFACE FROM DISK
1403972.526	Study_Phase.SEQUENCE.DISPLAY_SCREEN	LOADING RESOURCE SURFACE FROM DISK
1405521.197	Study_Phase.SEQUENCE.Study_Instruction	LOADING RESOURCE SURFACE FROM DISK
1413786.39	Study_Phase.SEQUENCE.Study_Instruction	LOADING RESOURCE SURFACE FROM DISK
1420539.417	Study_Phase.SEQUENCE.DISPLAY_SCREEN	LOADING RESOURCE SURFACE FROM DISK
1422053.347	Study_Phase.SEQUENCE.Study_Instruction	LOADING RESOURCE SURFACE FROM DISK
1430353.457	Study_Phase.SEQUENCE.Study_Instruction	LOADING RESOURCE SURFACE FROM DISK
1438641.557	Study_Phase.SEQUENCE.Study_Instruction	LOADING RESOURCE SURFACE FROM DISK
1445406.14	Study_Phase.SEQUENCE.DISPLAY_SCREEN	LOADING RESOURCE SURFACE FROM DISK
1446963.31	Study_Phase.SEQUENCE.Study_Instruction	LOADING RESOURCE SURFACE FROM DISK
1455236.094	Study_Phase.SEQUENCE.Study_Instruction	LOADING RESOURCE SURFACE FROM DISK
1463503.456	Study_Phase.SEQUENCE.Study_Instruction	LOADING RESOURCE SURFACE FROM DISK
1471769.474	Study_Phase.SEQUENCE.Study_Instruction	LOADING RESOURCE SURFACE FROM DISK
1480036.168	Study_Phase.SEQUENCE.Study_Instruction	LOADING RESOURCE SURFACE FROM DISK
1488338.389	Study_Phase.SEQUENCE.Study_Instruction	LOADING RESOURCE SURFACE FROM DISK
1496635.783	Study_Phase.SEQUENCE.Study_Instruction	LOADING RESOURCE SURFACE FROM DISK
1503389.485	Study_Phase.SEQUENCE.DISPLAY_SCREEN	LOADING RESOURCE SURFACE FROM DISK
1504937.295	Study_Phase.SEQUENCE.Study_Instruction	LOADING RESOURCE SURFACE FROM DISK
1511689.579	Study_Phase.SEQUENCE.DISPLAY_SCREEN	LOADING RESOURCE SURFACE FROM DISK
1513238.572	Study_Phase.SEQUENCE.Study_Instruction	LOADING RESOURCE SURFACE FROM DISK
1521538.079	Study_Phase.SEQUENCE.Study_Instruction	LOADING RESOURCE SURFACE FROM DISK
1528289.476	Study_Phase.SEQUENCE.DISPLAY_SCREEN	LOADING RESOURCE SURFACE FROM DISK
1529803.35	Study_Phase.SEQUENCE.Study_Instruction	LOADING RESOURCE SURFACE FROM DISK
1536556.113	Study_Phase.SEQUENCE.DISPLAY_SCREEN	LOADING RESOURCE SURFACE FROM DISK
1538070.078	Study_Phase.SEQUENCE.Study_Instruction	LOADING RESOURCE SURFACE FROM DISK
1544822.958	Study_Phase.SEQUENCE.DISPLAY_SCREEN	LOADING RESOURCE SURFACE FROM DISK
1546375.552	Study_Phase.SEQUENCE.Study_Instruction	LOADING RESOURCE SURFACE FROM DISK
1554692.189	Study_Phase.SEQUENCE.Study_Instruction	LOADING RESOURCE SURFACE FROM DISK
1561456.098	Study_Phase.SEQUENCE.DISPLAY_SCREEN	LOADING RESOURCE SURFACE FROM DISK
1562969.919	Study_Phase.SEQUENCE.Study_Instruction	LOADING RESOURCE SURFACE FROM DISK
1569722.499	Study_Phase.SEQUENCE.DISPLAY_SCREEN	LOADING RESOURCE SURFACE FROM DISK
1571279.549	Study_Phase.SEQUENCE.Study_Instruction	LOADING RESOURCE SURFACE FROM DISK
1579592.726	Study_Phase.SEQUENCE.Study_Instruction	LOADING RESOURCE SURFACE FROM DISK
1586356.089	Study_Phase.SEQUENCE.DISPLAY_SCREEN	LOADING RESOURCE SURFACE FROM DISK
1587903.235	Study_Phase.SEQUENCE.Study_Instruction	LOADING RESOURCE SURFACE FROM DISK
1594655.981	Study_Phase.SEQUENCE.DISPLAY_SCREEN	LOADING RESOURCE SURFACE FROM DISK
1596212.354	Study_Phase.SEQUENCE.Study_Instruction	LOADING RESOURCE SURFACE FROM DISK
1604486.233	Study_Phase.SEQUENCE.Study_Instruction	LOADING RESOURCE SURFACE FROM DISK
1612758.558	Study_Phase.SEQUENCE.Study_Instruction	LOADING RESOURCE SURFACE FROM DISK
1619522.694	Study_Phase.SEQUENCE.DISPLAY_SCREEN	LOADING RESOURCE SURFACE FROM DISK
1621068.898	Study_Phase.SEQUENCE.Study_Instruction	LOADING RESOURCE SURFACE FROM DISK
1627822.7	Study_Phase.SEQUENCE.DISPLAY_SCREEN	LOADING RESOURCE SURFACE FROM DISK
1629336.649	Study_Phase.SEQUENCE.Study_Instruction	LOADING RESOURCE SURFACE FROM DISK
1636089.302	Study_Phase.SEQUENCE.DISPLAY_SCREEN	LOADING RESOURCE SURFACE FROM DISK
1637637.581	Study_Phase.SEQUENCE.Study_Instruction	LOADING RESOURCE SURFACE FROM DISK
1645944.809	Study_Phase.SEQUENCE.Study_Instruction	LOADING RESOURCE SURFACE FROM DISK
1652706.115	Study_Phase.SEQUENCE.DISPLAY_SCREEN	LOADING RESOURCE SURFACE FROM DISK
1654219.952	Study_Phase.SEQUENCE.Study_Instruction	LOADING RESOURCE SURFACE FROM DISK
1662521.156	Study_Phase.SEQUENCE.Study_Instruction	LOADING RESOURCE SURFACE FROM DISK
1670822.968	Study_Phase.SEQUENCE.Study_Instruction	LOADING RESOURCE SURFACE FROM DISK
1677556.17	Study_Phase.SEQUENCE.DISPLAY_SCREEN	LOADING RESOURCE SURFACE FROM DISK
1679069.982	Study_Phase.SEQUENCE.Study_Instruction	LOADING RESOURCE SURFACE FROM DISK
1685822.922	Study_Phase.SEQUENCE.DISPLAY_SCREEN	LOADING RESOURCE SURFACE FROM DISK
1687336.778	Study_Phase.SEQUENCE.Study_Instruction	LOADING RESOURCE SURFACE FROM DISK
1695677.242	Study_Phase.SEQUENCE.Study_Instruction	LOADING RESOURCE SURFACE FROM DISK
1702472.702	Study_Phase.SEQUENCE.DISPLAY_SCREEN	LOADING RESOURCE SURFACE FROM DISK
1704019.718	Study_Phase.SEQUENCE.Study_Instruction	LOADING RESOURCE SURFACE FROM DISK
1712253.582	Study_Phase.SEQUENCE.Study_Instruction	LOADING RESOURCE SURFACE FROM DISK
1719006.219	Study_Phase.SEQUENCE.DISPLAY_SCREEN	LOADING RESOURCE SURFACE FROM DISK
1720519.992	Study_Phase.SEQUENCE.Study_Instruction	LOADING RESOURCE SURFACE FROM DISK
1727272.68	Study_Phase.SEQUENCE.DISPLAY_SCREEN	LOADING RESOURCE SURFACE FROM DISK
1728828.117	Study_Phase.SEQUENCE.Study_Instruction	LOADING RESOURCE SURFACE FROM DISK
1735589.455	Study_Phase.SEQUENCE.DISPLAY_SCREEN	LOADING RESOURCE SURFACE FROM DISK
1737142.439	Study_Phase.SEQUENCE.Study_Instruction	LOADING RESOURCE SURFACE FROM DISK
1745453.625	Study_Phase.SEQUENCE.Study_Instruction	LOADING RESOURCE SURFACE FROM DISK
1753719.595	Study_Phase.SEQUENCE.Study_Instruction	LOADING RESOURCE SURFACE FROM DISK
1762019.41	Study_Phase.SEQUENCE.Study_Instruction	LOADING RESOURCE SURFACE FROM DISK
1768756.15	Study_Phase.SEQUENCE.DISPLAY_SCREEN	LOADING RESOURCE SURFACE FROM DISK
1770309.068	Study_Phase.SEQUENCE.Study_Instruction	LOADING RESOURCE SURFACE FROM DISK
1778586.727	Study_Phase.SEQUENCE.Study_Instruction	LOADING RESOURCE SURFACE FROM DISK
1786852.699	Study_Phase.SEQUENCE.Study_Instruction	LOADING RESOURCE SURFACE FROM DISK
1793606.107	Study_Phase.SEQUENCE.DISPLAY_SCREEN	LOADING RESOURCE SURFACE FROM DISK
1795161.541	Study_Phase.SEQUENCE.Study_Instruction	LOADING RESOURCE SURFACE FROM DISK
1801922.767	Study_Phase.SEQUENCE.DISPLAY_SCREEN	LOADING RESOURCE SURFACE FROM DISK
1803472.148	Study_Phase.SEQUENCE.Study_Instruction	LOADING RESOURCE SURFACE FROM DISK
1810222.791	Study_Phase.SEQUENCE.DISPLAY_SCREEN	LOADING RESOURCE SURFACE FROM DISK
1811771.31	Study_Phase.SEQUENCE.Study_Instruction	LOADING RESOURCE SURFACE FROM DISK
1820050.164	Study_Phase.SEQUENCE.Study_Instruction	LOADING RESOURCE SURFACE FROM DISK
1826806.128	Study_Phase.SEQUENCE.DISPLAY_SCREEN	LOADING RESOURCE SURFACE FROM DISK
1828356.751	Study_Phase.SEQUENCE.Study_Instruction	LOADING RESOURCE SURFACE FROM DISK
1836651.525	Study_Phase.SEQUENCE.Study_Instruction	LOADING RESOURCE SURFACE FROM DISK
1845026.053	Study_Phase.SEQUENCE.Study_Instruction	LOADING RESOURCE SURFACE FROM DISK
1853339.514	Study_Phase.SEQUENCE.Study_Instruction	LOADING RESOURCE SURFACE FROM DISK
1860089.421	Study_Phase.SEQUENCE.DISPLAY_SCREEN	LOADING RESOURCE SURFACE FROM DISK
1861639.253	Study_Phase.SEQUENCE.Study_Instruction	LOADING RESOURCE SURFACE FROM DISK
1868389.194	Study_Phase.SEQUENCE.DISPLAY_SCREEN	LOADING RESOURCE SURFACE FROM DISK
1869903.494	Study_Phase.SEQUENCE.Study_Instruction	LOADING RESOURCE SURFACE FROM DISK
1878205.593	Study_Phase.SEQUENCE.Study_Instruction	LOADING RESOURCE SURFACE FROM DISK
1884956.013	Study_Phase.SEQUENCE.DISPLAY_SCREEN	LOADING RESOURCE SURFACE FROM DISK
1886507.377	Study_Phase.SEQUENCE.Study_Instruction	LOADING RESOURCE SURFACE FROM DISK
1893272.698	Study_Phase.SEQUENCE.DISPLAY_SCREEN	LOADING RESOURCE SURFACE FROM DISK
1894826.591	Study_Phase.SEQUENCE.Study_Instruction	LOADING RESOURCE SURFACE FROM DISK
1903103.531	Study_Phase.SEQUENCE.Study_Instruction	LOADING RESOURCE SURFACE FROM DISK
1911412.536	Study_Phase.SEQUENCE.Study_Instruction	LOADING RESOURCE SURFACE FROM DISK
1918172.746	Study_Phase.SEQUENCE.DISPLAY_SCREEN	LOADING RESOURCE SURFACE FROM DISK
1919686.612	Study_Phase.SEQUENCE.Study_Instruction	LOADING RESOURCE SURFACE FROM DISK
1926439.366	Study_Phase.SEQUENCE.DISPLAY_SCREEN	LOADING RESOURCE SURFACE FROM DISK
1927986.632	Study_Phase.SEQUENCE.Study_Instruction	LOADING RESOURCE SURFACE FROM DISK
1934739.386	Study_Phase.SEQUENCE.DISPLAY_SCREEN	LOADING RESOURCE SURFACE FROM DISK
1936291.046	Study_Phase.SEQUENCE.Study_Instruction	LOADING RESOURCE SURFACE FROM DISK
1943056.013	Study_Phase.SEQUENCE.DISPLAY_SCREEN	LOADING RESOURCE SURFACE FROM DISK
1944603.385	Study_Phase.SEQUENCE.Study_Instruction	LOADING RESOURCE SURFACE FROM DISK
1952903.832	Study_Phase.SEQUENCE.Study_Instruction	LOADING RESOURCE SURFACE FROM DISK
1961169.558	Study_Phase.SEQUENCE.Study_Instruction	LOADING RESOURCE SURFACE FROM DISK
1969469.473	Study_Phase.SEQUENCE.Study_Instruction	LOADING RESOURCE SURFACE FROM DISK
1974184.152	DISPLAY_SCREEN[7]	LOADING RESOURCE SURFACE FROM DISK
2113765.591	Test_Phase.SEQUENCE.Target_Cue	LOADING RESOURCE SURFACE FROM DISK
2113767.613	Test_Phase.SEQUENCE.Target_Cue	LOADING RESOURCE SURFACE FROM DISK
2115786.292	Test_Phase.SEQUENCE.Word	LOADING RESOURCE SURFACE FROM DISK
2118845.754	Test_Phase.SEQUENCE.Test_Question	LOADING RESOURCE SURFACE FROM DISK
2118861.803	Test_Phase.SEQUENCE.Test_Question	LOADING RESOURCE SURFACE FROM DISK
2118879.506	Test_Phase.SEQUENCE.Test_Question	LOADING RESOURCE SURFACE FROM DISK
2118894.195	Test_Phase.SEQUENCE.Test_Question	LOADING RESOURCE SURFACE FROM DISK
2118896.026	Test_Phase.SEQUENCE.Test_Question	LOADING RESOURCE SURFACE FROM DISK
2118897.868	Test_Phase.SEQUENCE.Test_Question	LOADING RESOURCE SURFACE FROM DISK
2118899.832	Test_Phase.SEQUENCE.Test_Question	LOADING RESOURCE SURFACE FROM DISK
2118907.716	Test_Phase.SEQUENCE.Test_Question	LOADING RESOURCE SURFACE FROM DISK
2118917.423	Test_Phase.SEQUENCE.Test_Question	LOADING RESOURCE SURFACE FROM DISK
2118929.348	Test_Phase.SEQUENCE.Test_Question	LOADING RESOURCE SURFACE FROM DISK
2118940.941	Test_Phase.SEQUENCE.Test_Question	LOADING RESOURCE SURFACE FROM DISK
2118942.982	Test_Phase.SEQUENCE.Test_Question	LOADING RESOURCE SURFACE FROM DISK
2125586.25	Test_Phase.SEQUENCE.Word	LOADING RESOURCE SURFACE FROM DISK
2134408.875	Test_Phase.SEQUENCE.Word	LOADING RESOURCE SURFACE FROM DISK
2143302.745	Test_Phase.SEQUENCE.Word	LOADING RESOURCE SURFACE FROM DISK
2151369.71	Test_Phase.SEQUENCE.Word	LOADING RESOURCE SURFACE FROM DISK
2158669.323	Test_Phase.SEQUENCE.Word	LOADING RESOURCE SURFACE FROM DISK
2166403.161	Test_Phase.SEQUENCE.Word	LOADING RESOURCE SURFACE FROM DISK
2174536.276	Test_Phase.SEQUENCE.Word	LOADING RESOURCE SURFACE FROM DISK
2182352.742	Test_Phase.SEQUENCE.Word	LOADING RESOURCE SURFACE FROM DISK
2190826.58	Test_Phase.SEQUENCE.Word	LOADING RESOURCE SURFACE FROM DISK
2198736.344	Test_Phase.SEQUENCE.Word	LOADING RESOURCE SURFACE FROM DISK
2208469.536	Test_Phase.SEQUENCE.Word	LOADING RESOURCE SURFACE FROM DISK
2216811.955	Test_Phase.SEQUENCE.Word	LOADING RESOURCE SURFACE FROM DISK
2226036.259	Test_Phase.SEQUENCE.Word	LOADING RESOURCE SURFACE FROM DISK
2233236.112	Test_Phase.SEQUENCE.Word	LOADING RESOURCE SURFACE FROM DISK
2241269.583	Test_Phase.SEQUENCE.Word	LOADING RESOURCE SURFACE FROM DISK
2249386.209	Test_Phase.SEQUENCE.Word	LOADING RESOURCE SURFACE FROM DISK
2257224.878	Test_Phase.SEQUENCE.Word	LOADING RESOURCE SURFACE FROM DISK
2266236.305	Test_Phase.SEQUENCE.Word	LOADING RESOURCE SURFACE FROM DISK
2274359.35	Test_Phase.SEQUENCE.Word	LOADING RESOURCE SURFACE FROM DISK
2282353.031	Test_Phase.SEQUENCE.Word	LOADING RESOURCE SURFACE FROM DISK
2290802.971	Test_Phase.SEQUENCE.Word	LOADING RESOURCE SURFACE FROM DISK
2299379.422	Test_Phase.SEQUENCE.Word	LOADING RESOURCE SURFACE FROM DISK
2307636.272	Test_Phase.SEQUENCE.Word	LOADING RESOURCE SURFACE FROM DISK
2316612.848	Test_Phase.SEQUENCE.Word	LOADING RESOURCE SURFACE FROM DISK
2324886.158	Test_Phase.SEQUENCE.Word	LOADING RESOURCE SURFACE FROM DISK
2332686.16	Test_Phase.SEQUENCE.Word	LOADING RESOURCE SURFACE FROM DISK
2340952.809	Test_Phase.SEQUENCE.Word	LOADING RESOURCE SURFACE FROM DISK
2348679.224	Test_Phase.SEQUENCE.Word	LOADING RESOURCE SURFACE FROM DISK
2357169.597	Test_Phase.SEQUENCE.Word	LOADING RESOURCE SURFACE FROM DISK
2373002.745	Test_Phase.SEQUENCE.Word	LOADING RESOURCE SURFACE FROM DISK
2380872.327	Test_Phase.SEQUENCE.Word	LOADING RESOURCE SURFACE FROM DISK
2388778.085	Test_Phase.SEQUENCE.Word	LOADING RESOURCE SURFACE FROM DISK
2396652.754	Test_Phase.SEQUENCE.Word	LOADING RESOURCE SURFACE FROM DISK
2404719.435	Test_Phase.SEQUENCE.Word	LOADING RESOURCE SURFACE FROM DISK
2413036.285	Test_Phase.SEQUENCE.Word	LOADING RESOURCE SURFACE FROM DISK
2420869.506	Test_Phase.SEQUENCE.Word	LOADING RESOURCE SURFACE FROM DISK
2428767.46	Test_Phase.SEQUENCE.Word	LOADING RESOURCE SURFACE FROM DISK
2436769.555	Test_Phase.SEQUENCE.Word	LOADING RESOURCE SURFACE FROM DISK
2444639.582	Test_Phase.SEQUENCE.Word	LOADING RESOURCE SURFACE FROM DISK
2452902.774	Test_Phase.SEQUENCE.Word	LOADING RESOURCE SURFACE FROM DISK
2460752.791	Test_Phase.SEQUENCE.Word	LOADING RESOURCE SURFACE FROM DISK
2468608.65	Test_Phase.SEQUENCE.Word	LOADING RESOURCE SURFACE FROM DISK
2476286.339	Test_Phase.SEQUENCE.Word	LOADING RESOURCE SURFACE FROM DISK
2484136.24	Test_Phase.SEQUENCE.Word	LOADING RESOURCE SURFACE FROM DISK
2492052.855	Test_Phase.SEQUENCE.Word	LOADING RESOURCE SURFACE FROM DISK
2500193.844	Test_Phase.SEQUENCE.Word	LOADING RESOURCE SURFACE FROM DISK
2508102.875	Test_Phase.SEQUENCE.Word	LOADING RESOURCE SURFACE FROM DISK
2516119.07	Test_Phase.SEQUENCE.Word	LOADING RESOURCE SURFACE FROM DISK
2524045.475	Test_Phase.SEQUENCE.Word	LOADING RESOURCE SURFACE FROM DISK
2532636.267	Test_Phase.SEQUENCE.Word	LOADING RESOURCE SURFACE FROM DISK
2540569.538	Test_Phase.SEQUENCE.Word	LOADING RESOURCE SURFACE FROM DISK
2548604.259	Test_Phase.SEQUENCE.Word	LOADING RESOURCE SURFACE FROM DISK
2556552.921	Test_Phase.SEQUENCE.Word	LOADING RESOURCE SURFACE FROM DISK
2564406.216	Test_Phase.SEQUENCE.Word	LOADING RESOURCE SURFACE FROM DISK
2572319.563	Test_Phase.SEQUENCE.Word	LOADING RESOURCE SURFACE FROM DISK
2580393.684	Test_Phase.SEQUENCE.Word	LOADING RESOURCE SURFACE FROM DISK
2588252.808	Test_Phase.SEQUENCE.Word	LOADING RESOURCE SURFACE FROM DISK
2596279.521	Test_Phase.SEQUENCE.Word	LOADING RESOURCE SURFACE FROM DISK
2604253.049	Test_Phase.SEQUENCE.Word	LOADING RESOURCE SURFACE FROM DISK
2612519.675	Test_Phase.SEQUENCE.Word	LOADING RESOURCE SURFACE FROM DISK
2620404.821	Test_Phase.SEQUENCE.Word	LOADING RESOURCE SURFACE FROM DISK
2628287.549	Test_Phase.SEQUENCE.Word	LOADING RESOURCE SURFACE FROM DISK
2636202.834	Test_Phase.SEQUENCE.Word	LOADING RESOURCE SURFACE FROM DISK
2643969.589	Test_Phase.SEQUENCE.Word	LOADING RESOURCE SURFACE FROM DISK
2651802.891	Test_Phase.SEQUENCE.Word	LOADING RESOURCE SURFACE FROM DISK
2659679.214	Test_Phase.SEQUENCE.Word	LOADING RESOURCE SURFACE FROM DISK
2667819.48	Test_Phase.SEQUENCE.Word	LOADING RESOURCE SURFACE FROM DISK
2675702.901	Test_Phase.SEQUENCE.Word	LOADING RESOURCE SURFACE FROM DISK
2683719.621	Test_Phase.SEQUENCE.Word	LOADING RESOURCE SURFACE FROM DISK
2691569.491	Test_Phase.SEQUENCE.Word	LOADING RESOURCE SURFACE FROM DISK
2699470.398	Test_Phase.SEQUENCE.Word	LOADING RESOURCE SURFACE FROM DISK
2707386.325	Test_Phase.SEQUENCE.Word	LOADING RESOURCE SURFACE FROM DISK
2715477.03	Test_Phase.SEQUENCE.Word	LOADING RESOURCE SURFACE FROM DISK
2723453.126	Test_Phase.SEQUENCE.Word	LOADING RESOURCE SURFACE FROM DISK
2731486.277	Test_Phase.SEQUENCE.Word	LOADING RESOURCE SURFACE FROM DISK
2739336.263	Test_Phase.SEQUENCE.Word	LOADING RESOURCE SURFACE FROM DISK
2747211.632	Test_Phase.SEQUENCE.Word	LOADING RESOURCE SURFACE FROM DISK
2755119.325	Test_Phase.SEQUENCE.Word	LOADING RESOURCE SURFACE FROM DISK
2763076.724	Test_Phase.SEQUENCE.Word	LOADING RESOURCE SURFACE FROM DISK
2771269.521	Test_Phase.SEQUENCE.Word	LOADING RESOURCE SURFACE FROM DISK
2779120.858	Test_Phase.SEQUENCE.Word	LOADING RESOURCE SURFACE FROM DISK
2786769.708	Test_Phase.SEQUENCE.Word	LOADING RESOURCE SURFACE FROM DISK
2794552.726	Test_Phase.SEQUENCE.Word	LOADING RESOURCE SURFACE FROM DISK
2802562.387	Test_Phase.SEQUENCE.Word	LOADING RESOURCE SURFACE FROM DISK
2810323.997	Test_Phase.SEQUENCE.Word	LOADING RESOURCE SURFACE FROM DISK
2818142.404	Test_Phase.SEQUENCE.Word	LOADING RESOURCE SURFACE FROM DISK
2825786.195	Test_Phase.SEQUENCE.Word	LOADING RESOURCE SURFACE FROM DISK
2833736.226	Test_Phase.SEQUENCE.Word	LOADING RESOURCE SURFACE FROM DISK
2841686.276	Test_Phase.SEQUENCE.Word	LOADING RESOURCE SURFACE FROM DISK
2849373.644	Test_Phase.SEQUENCE.Word	LOADING RESOURCE SURFACE FROM DISK
2857219.439	Test_Phase.SEQUENCE.Word	LOADING RESOURCE SURFACE FROM DISK
2865002.759	Test_Phase.SEQUENCE.Word	LOADING RESOURCE SURFACE FROM DISK
2872952.747	Test_Phase.SEQUENCE.Word	LOADING RESOURCE SURFACE FROM DISK
2880669.722	Test_Phase.SEQUENCE.Word	LOADING RESOURCE SURFACE FROM DISK
2888452.862	Test_Phase.SEQUENCE.Word	LOADING RESOURCE SURFACE FROM DISK
2896546.71	Test_Phase.SEQUENCE.Word	LOADING RESOURCE SURFACE FROM DISK
2904538.231	Test_Phase.SEQUENCE.Word	LOADING RESOURCE SURFACE FROM DISK
2912578.516	Test_Phase.SEQUENCE.Word	LOADING RESOURCE SURFACE FROM DISK
2920519.512	Test_Phase.SEQUENCE.Word	LOADING RESOURCE SURFACE FROM DISK
2928231.396	Test_Phase.SEQUENCE.Word	LOADING RESOURCE SURFACE FROM DISK
2936239.304	Test_Phase.SEQUENCE.Word	LOADING RESOURCE SURFACE FROM DISK
2944236.42	Test_Phase.SEQUENCE.Word	LOADING RESOURCE SURFACE FROM DISK
2952402.829	Test_Phase.SEQUENCE.Word	LOADING RESOURCE SURFACE FROM DISK
2960386.055	Test_Phase.SEQUENCE.Word	LOADING RESOURCE SURFACE FROM DISK
2968323.456	Test_Phase.SEQUENCE.Word	LOADING RESOURCE SURFACE FROM DISK
2976293.401	Test_Phase.SEQUENCE.Word	LOADING RESOURCE SURFACE FROM DISK
2984303.186	Test_Phase.SEQUENCE.Word	LOADING RESOURCE SURFACE FROM DISK
2991902.577	Test_Phase.SEQUENCE.Word	LOADING RESOURCE SURFACE FROM DISK
2999674.874	Test_Phase.SEQUENCE.Word	LOADING RESOURCE SURFACE FROM DISK
3007553.166	Test_Phase.SEQUENCE.Word	LOADING RESOURCE SURFACE FROM DISK
3015170.35	Test_Phase.SEQUENCE.Word	LOADING RESOURCE SURFACE FROM DISK
3022755.469	Test_Phase.SEQUENCE.Word	LOADING RESOURCE SURFACE FROM DISK
3030336.493	Test_Phase.SEQUENCE.Word	LOADING RESOURCE SURFACE FROM DISK
3038220.344	Test_Phase.SEQUENCE.Word	LOADING RESOURCE SURFACE FROM DISK
3045903.279	Test_Phase.SEQUENCE.Word	LOADING RESOURCE SURFACE FROM DISK
3053578.545	Test_Phase.SEQUENCE.Word	LOADING RESOURCE SURFACE FROM DISK
3061536.217	Test_Phase.SEQUENCE.Word	LOADING RESOURCE SURFACE FROM DISK
3069202.947	Test_Phase.SEQUENCE.Word	LOADING RESOURCE SURFACE FROM DISK
3077136.287	Test_Phase.SEQUENCE.Word	LOADING RESOURCE SURFACE FROM DISK
3085186.27	Test_Phase.SEQUENCE.Word	LOADING RESOURCE SURFACE FROM DISK
3092186.119	Test_Phase.SEQUENCE.Word	LOADING RESOURCE SURFACE FROM DISK
3099236.072	Test_Phase.SEQUENCE.Word	LOADING RESOURCE SURFACE FROM DISK
3106936.112	Test_Phase.SEQUENCE.Word	LOADING RESOURCE SURFACE FROM DISK
3114754.328	Test_Phase.SEQUENCE.Word	LOADING RESOURCE SURFACE FROM DISK
3122720.731	Test_Phase.SEQUENCE.Word	LOADING RESOURCE SURFACE FROM DISK
3130507.72	Test_Phase.SEQUENCE.Word	LOADING RESOURCE SURFACE FROM DISK
3138273.357	Test_Phase.SEQUENCE.Word	LOADING RESOURCE SURFACE FROM DISK
3146108.886	Test_Phase.SEQUENCE.Word	LOADING RESOURCE SURFACE FROM DISK
3154036.523	Test_Phase.SEQUENCE.Word	LOADING RESOURCE SURFACE FROM DISK
3161969.727	Test_Phase.SEQUENCE.Word	LOADING RESOURCE SURFACE FROM DISK
3170007.093	Test_Phase.SEQUENCE.Word	LOADING RESOURCE SURFACE FROM DISK
3177986.514	Test_Phase.SEQUENCE.Word	LOADING RESOURCE SURFACE FROM DISK
3187819.705	Test_Phase.SEQUENCE.Word	LOADING RESOURCE SURFACE FROM DISK
3195902.932	Test_Phase.SEQUENCE.Word	LOADING RESOURCE SURFACE FROM DISK
3204074.065	Test_Phase.SEQUENCE.Word	LOADING RESOURCE SURFACE FROM DISK
3211939.835	Test_Phase.SEQUENCE.Word	LOADING RESOURCE SURFACE FROM DISK
3219553.151	Test_Phase.SEQUENCE.Word	LOADING RESOURCE SURFACE FROM DISK
3227219.521	Test_Phase.SEQUENCE.Word	LOADING RESOURCE SURFACE FROM DISK
3234886.2	Test_Phase.SEQUENCE.Word	LOADING RESOURCE SURFACE FROM DISK
3241986.151	Test_Phase.SEQUENCE.Word	LOADING RESOURCE SURFACE FROM DISK
3249869.414	Test_Phase.SEQUENCE.Word	LOADING RESOURCE SURFACE FROM DISK
3257669.563	Test_Phase.SEQUENCE.Word	LOADING RESOURCE SURFACE FROM DISK
3265469.648	Test_Phase.SEQUENCE.Word	LOADING RESOURCE SURFACE FROM DISK
3273610.574	Test_Phase.SEQUENCE.Word	LOADING RESOURCE SURFACE FROM DISK
3281702.484	Test_Phase.SEQUENCE.Word	LOADING RESOURCE SURFACE FROM DISK
3289759.73	Test_Phase.SEQUENCE.Word	LOADING RESOURCE SURFACE FROM DISK
3297986.495	Test_Phase.SEQUENCE.Word	LOADING RESOURCE SURFACE FROM DISK
3305958.717	Test_Phase.SEQUENCE.Word	LOADING RESOURCE SURFACE FROM DISK
3313888.227	Test_Phase.SEQUENCE.Word	LOADING RESOURCE SURFACE FROM DISK
3321786.203	Test_Phase.SEQUENCE.Word	LOADING RESOURCE SURFACE FROM DISK
3329873.384	Test_Phase.SEQUENCE.Word	LOADING RESOURCE SURFACE FROM DISK
3337719.521	Test_Phase.SEQUENCE.Word	LOADING RESOURCE SURFACE FROM DISK
3345602.859	Test_Phase.SEQUENCE.Word	LOADING RESOURCE SURFACE FROM DISK
3353519.446	Test_Phase.SEQUENCE.Word	LOADING RESOURCE SURFACE FROM DISK
3361357.188	Test_Phase.SEQUENCE.Word	LOADING RESOURCE SURFACE FROM DISK
3369119.693	Test_Phase.SEQUENCE.Word	LOADING RESOURCE SURFACE FROM DISK
3377203.036	Test_Phase.SEQUENCE.Word	LOADING RESOURCE SURFACE FROM DISK
3385186.19	Test_Phase.SEQUENCE.Word	LOADING RESOURCE SURFACE FROM DISK
3393052.797	Test_Phase.SEQUENCE.Word	LOADING RESOURCE SURFACE FROM DISK
3401019.401	Test_Phase.SEQUENCE.Word	LOADING RESOURCE SURFACE FROM DISK
3408891.186	Test_Phase.SEQUENCE.Word	LOADING RESOURCE SURFACE FROM DISK
3416886.108	Test_Phase.SEQUENCE.Word	LOADING RESOURCE SURFACE FROM DISK
3424819.705	Test_Phase.SEQUENCE.Word	LOADING RESOURCE SURFACE FROM DISK
3432553.366	Test_Phase.SEQUENCE.Word	LOADING RESOURCE SURFACE FROM DISK
3440486.128	Test_Phase.SEQUENCE.Word	LOADING RESOURCE SURFACE FROM DISK
3448310.584	Test_Phase.SEQUENCE.Word	LOADING RESOURCE SURFACE FROM DISK
3455969.443	Test_Phase.SEQUENCE.Word	LOADING RESOURCE SURFACE FROM DISK
3463736.083	Test_Phase.SEQUENCE.Word	LOADING RESOURCE SURFACE FROM DISK
3471642.191	Test_Phase.SEQUENCE.Word	LOADING RESOURCE SURFACE FROM DISK
3479702.913	Test_Phase.SEQUENCE.Word	LOADING RESOURCE SURFACE FROM DISK
3487587.396	Test_Phase.SEQUENCE.Word	LOADING RESOURCE SURFACE FROM DISK
3495686.171	Test_Phase.SEQUENCE.Word	LOADING RESOURCE SURFACE FROM DISK
3503869.63	Test_Phase.SEQUENCE.Word	LOADING RESOURCE SURFACE FROM DISK
3511920.992	Test_Phase.SEQUENCE.Word	LOADING RESOURCE SURFACE FROM DISK
3519852.897	Test_Phase.SEQUENCE.Word	LOADING RESOURCE SURFACE FROM DISK
3527510.827	Test_Phase.SEQUENCE.Word	LOADING RESOURCE SURFACE FROM DISK
3535238.348	Test_Phase.SEQUENCE.Word	LOADING RESOURCE SURFACE FROM DISK
3543068.608	Test_Phase.SEQUENCE.Word	LOADING RESOURCE SURFACE FROM DISK
3550776.67	Test_Phase.SEQUENCE.Word	LOADING RESOURCE SURFACE FROM DISK
3558529.117	Test_Phase.SEQUENCE.Word	LOADING RESOURCE SURFACE FROM DISK
3566803.477	Test_Phase.SEQUENCE.Word	LOADING RESOURCE SURFACE FROM DISK
3574719.504	Test_Phase.SEQUENCE.Word	LOADING RESOURCE SURFACE FROM DISK
3582452.817	Test_Phase.SEQUENCE.Word	LOADING RESOURCE SURFACE FROM DISK
3590338.241	Test_Phase.SEQUENCE.Word	LOADING RESOURCE SURFACE FROM DISK
3598036.505	Test_Phase.SEQUENCE.Word	LOADING RESOURCE SURFACE FROM DISK
3605786.165	Test_Phase.SEQUENCE.Word	LOADING RESOURCE SURFACE FROM DISK
3613503.039	Test_Phase.SEQUENCE.Word	LOADING RESOURCE SURFACE FROM DISK
3621319.58	Test_Phase.SEQUENCE.Word	LOADING RESOURCE SURFACE FROM DISK
3629252.736	Test_Phase.SEQUENCE.Word	LOADING RESOURCE SURFACE FROM DISK
3637093.211	Test_Phase.SEQUENCE.Word	LOADING RESOURCE SURFACE FROM DISK
3644986.133	Test_Phase.SEQUENCE.Word	LOADING RESOURCE SURFACE FROM DISK
3652819.67	Test_Phase.SEQUENCE.Word	LOADING RESOURCE SURFACE FROM DISK
3660569.431	Test_Phase.SEQUENCE.Word	LOADING RESOURCE SURFACE FROM DISK
3668558.707	Test_Phase.SEQUENCE.Word	LOADING RESOURCE SURFACE FROM DISK
3676978.802	Test_Phase.SEQUENCE.Word	LOADING RESOURCE SURFACE FROM DISK
3685102.818	Test_Phase.SEQUENCE.Word	LOADING RESOURCE SURFACE FROM DISK
3692919.492	Test_Phase.SEQUENCE.Word	LOADING RESOURCE SURFACE FROM DISK
3700602.077	Test_Phase.SEQUENCE.Word	LOADING RESOURCE SURFACE FROM DISK
3704847.991	DISPLAY_SCREEN	LOADING RESOURCE SURFACE FROM DISK
