4953.259	DISPLAY_SCREEN[1]	LOADING RESOURCE SURFACE FROM DISK
2136366.758	Familiarization_Phase.SEQUENCE.Cue_and_Instruction	LOADING RESOURCE SURFACE FROM DISK
2136375.98	Familiarization_Phase.SEQUENCE.Cue_and_Instruction	LOADING RESOURCE SURFACE FROM DISK
2142457.489	Familiarization_Phase.SEQUENCE.Cue_and_Instruction	LOADING RESOURCE SURFACE FROM DISK
2142469.563	Familiarization_Phase.SEQUENCE.Cue_and_Instruction	LOADING RESOURCE SURFACE FROM DISK
2148551.837	Familiarization_Phase.SEQUENCE.Cue_and_Instruction	LOADING RESOURCE SURFACE FROM DISK
2148556.308	Familiarization_Phase.SEQUENCE.Cue_and_Instruction	LOADING RESOURCE SURFACE FROM DISK
2190967.802	DISPLAY_SCREEN[3]	LOADING RESOURCE SURFACE FROM DISK
2211980.287	DISPLAY_SCREEN[5]	LOADING RESOURCE SURFACE FROM DISK
2375897.078	Practice_Phase.SEQUENCE.Blink_Screen	LOADING RESOURCE SURFACE FROM DISK
2375898.201	Practice_Phase.SEQUENCE.Blink_Screen	flip time is later than desired time. Desired Time=2375646 Flip Time=2375913 Retrace Rate=16.647, prepareTime=276 flip request time 2375897
2377121.185	Practice_Phase.SEQUENCE.Practice_Luminance_Cue	LOADING RESOURCE SURFACE FROM DISK
2377127.89	Practice_Phase.SEQUENCE.Practice_Luminance_Cue	LOADING RESOURCE SURFACE FROM DISK
2377129.336	Practice_Phase.SEQUENCE.Practice_Luminance_Cue	flip time is later than desired time. Desired Time=2377113 Flip Time=2377146 Retrace Rate=16.647, prepareTime=40 flip request time 2377129
2379164.897	Practice_Phase.SEQUENCE.Practice_Instruction	LOADING RESOURCE SURFACE FROM DISK
2379167.288	Practice_Phase.SEQUENCE.Practice_Instruction	LOADING RESOURCE SURFACE FROM DISK
2379168.877	Practice_Phase.SEQUENCE.Practice_Instruction	flip time is later than desired time. Desired Time=2379146 Flip Time=2379179 Retrace Rate=16.647, prepareTime=46 flip request time 2379168
2387267.023	Practice_Phase.SEQUENCE.Practice_Instruction	LOADING RESOURCE SURFACE FROM DISK
2387274.465	Practice_Phase.SEQUENCE.Practice_Instruction	LOADING RESOURCE SURFACE FROM DISK
2387276.096	Practice_Phase.SEQUENCE.Practice_Instruction	flip time is later than desired time. Desired Time=2387263 Flip Time=2387296 Retrace Rate=16.647, prepareTime=37 flip request time 2387275
2395344.41	Practice_Phase.SEQUENCE.Practice_Instruction	LOADING RESOURCE SURFACE FROM DISK
2395346.74	Practice_Phase.SEQUENCE.Practice_Instruction	LOADING RESOURCE SURFACE FROM DISK
2403410.514	Practice_Phase.SEQUENCE.Practice_Instruction	LOADING RESOURCE SURFACE FROM DISK
2403412.802	Practice_Phase.SEQUENCE.Practice_Instruction	LOADING RESOURCE SURFACE FROM DISK
2411477.212	Practice_Phase.SEQUENCE.Practice_Instruction	LOADING RESOURCE SURFACE FROM DISK
2411518.24	Practice_Phase.SEQUENCE.Practice_Instruction	LOADING RESOURCE SURFACE FROM DISK
2411519.856	Practice_Phase.SEQUENCE.Practice_Instruction	flip time is later than desired time. Desired Time=2411496 Flip Time=2411529 Retrace Rate=16.647, prepareTime=47 flip request time 2411519
2419577.321	Practice_Phase.SEQUENCE.Practice_Instruction	LOADING RESOURCE SURFACE FROM DISK
2419579.689	Practice_Phase.SEQUENCE.Practice_Instruction	LOADING RESOURCE SURFACE FROM DISK
2427644.104	Practice_Phase.SEQUENCE.Practice_Instruction	LOADING RESOURCE SURFACE FROM DISK
2427646.424	Practice_Phase.SEQUENCE.Practice_Instruction	LOADING RESOURCE SURFACE FROM DISK
2435710.649	Practice_Phase.SEQUENCE.Practice_Instruction	LOADING RESOURCE SURFACE FROM DISK
2435713.103	Practice_Phase.SEQUENCE.Practice_Instruction	LOADING RESOURCE SURFACE FROM DISK
2443777.461	Practice_Phase.SEQUENCE.Practice_Instruction	LOADING RESOURCE SURFACE FROM DISK
2443817.256	Practice_Phase.SEQUENCE.Practice_Instruction	LOADING RESOURCE SURFACE FROM DISK
2443818.802	Practice_Phase.SEQUENCE.Practice_Instruction	flip time is later than desired time. Desired Time=2443796 Flip Time=2443829 Retrace Rate=16.647, prepareTime=46 flip request time 2443818
2448486.236	DISPLAY_SCREEN[2]	LOADING RESOURCE SURFACE FROM DISK
2522802.663	Study_Phase.SEQUENCE.Study_Instruction	LOADING RESOURCE SURFACE FROM DISK
2523087.672	Study_Phase.SEQUENCE.Study_Instruction	LOADING RESOURCE SURFACE FROM DISK
2531390.313	Study_Phase.SEQUENCE.Study_Instruction	LOADING RESOURCE SURFACE FROM DISK
2539689.479	Study_Phase.SEQUENCE.Study_Instruction	LOADING RESOURCE SURFACE FROM DISK
2544920.022	Study_Phase.SEQUENCE.START	TRIAL_ERROR received: retrying pylink.getEYELINK().startRecording
2548952.857	Study_Phase.SEQUENCE.Study_Instruction	LOADING RESOURCE SURFACE FROM DISK
2548955.261	Study_Phase.SEQUENCE.Study_Instruction	LOADING RESOURCE SURFACE FROM DISK
2557250.844	Study_Phase.SEQUENCE.Study_Instruction	LOADING RESOURCE SURFACE FROM DISK
2565539.402	Study_Phase.SEQUENCE.Study_Instruction	LOADING RESOURCE SURFACE FROM DISK
2573786.119	Study_Phase.SEQUENCE.Study_Instruction	LOADING RESOURCE SURFACE FROM DISK
2573788.453	Study_Phase.SEQUENCE.Study_Instruction	LOADING RESOURCE SURFACE FROM DISK
2582050.384	Study_Phase.SEQUENCE.Study_Instruction	LOADING RESOURCE SURFACE FROM DISK
2590302.488	Study_Phase.SEQUENCE.Study_Instruction	LOADING RESOURCE SURFACE FROM DISK
2590310.74	Study_Phase.SEQUENCE.Study_Instruction	LOADING RESOURCE SURFACE FROM DISK
2598569.347	Study_Phase.SEQUENCE.Study_Instruction	LOADING RESOURCE SURFACE FROM DISK
2598629.79	Study_Phase.SEQUENCE.Study_Instruction	LOADING RESOURCE SURFACE FROM DISK
2606923.515	Study_Phase.SEQUENCE.Study_Instruction	LOADING RESOURCE SURFACE FROM DISK
2615220.601	Study_Phase.SEQUENCE.Study_Instruction	LOADING RESOURCE SURFACE FROM DISK
2623508.692	Study_Phase.SEQUENCE.Study_Instruction	LOADING RESOURCE SURFACE FROM DISK
2631769.508	Study_Phase.SEQUENCE.Study_Instruction	LOADING RESOURCE SURFACE FROM DISK
2631810.728	Study_Phase.SEQUENCE.Study_Instruction	LOADING RESOURCE SURFACE FROM DISK
2640119.43	Study_Phase.SEQUENCE.Study_Instruction	LOADING RESOURCE SURFACE FROM DISK
2648352.734	Study_Phase.SEQUENCE.Study_Instruction	LOADING RESOURCE SURFACE FROM DISK
2648388.697	Study_Phase.SEQUENCE.Study_Instruction	LOADING RESOURCE SURFACE FROM DISK
2656652.732	Study_Phase.SEQUENCE.Study_Instruction	LOADING RESOURCE SURFACE FROM DISK
2656691.829	Study_Phase.SEQUENCE.Study_Instruction	LOADING RESOURCE SURFACE FROM DISK
2664983.073	Study_Phase.SEQUENCE.Study_Instruction	LOADING RESOURCE SURFACE FROM DISK
2673235.887	Study_Phase.SEQUENCE.Study_Instruction	LOADING RESOURCE SURFACE FROM DISK
2673274.02	Study_Phase.SEQUENCE.Study_Instruction	LOADING RESOURCE SURFACE FROM DISK
2681585.028	Study_Phase.SEQUENCE.Study_Instruction	LOADING RESOURCE SURFACE FROM DISK
2689835.899	Study_Phase.SEQUENCE.Study_Instruction	LOADING RESOURCE SURFACE FROM DISK
2689843.421	Study_Phase.SEQUENCE.Study_Instruction	LOADING RESOURCE SURFACE FROM DISK
2698102.757	Study_Phase.SEQUENCE.Study_Instruction	LOADING RESOURCE SURFACE FROM DISK
2698143.032	Study_Phase.SEQUENCE.Study_Instruction	LOADING RESOURCE SURFACE FROM DISK
2706442.287	Study_Phase.SEQUENCE.Study_Instruction	LOADING RESOURCE SURFACE FROM DISK
2714685.813	Study_Phase.SEQUENCE.Study_Instruction	LOADING RESOURCE SURFACE FROM DISK
2714725.262	Study_Phase.SEQUENCE.Study_Instruction	LOADING RESOURCE SURFACE FROM DISK
2723019.674	Study_Phase.SEQUENCE.Study_Instruction	LOADING RESOURCE SURFACE FROM DISK
2731324.686	Study_Phase.SEQUENCE.Study_Instruction	LOADING RESOURCE SURFACE FROM DISK
2739625.441	Study_Phase.SEQUENCE.Study_Instruction	LOADING RESOURCE SURFACE FROM DISK
2747885.987	Study_Phase.SEQUENCE.Study_Instruction	LOADING RESOURCE SURFACE FROM DISK
2747930.69	Study_Phase.SEQUENCE.Study_Instruction	LOADING RESOURCE SURFACE FROM DISK
2756185.765	Study_Phase.SEQUENCE.Study_Instruction	LOADING RESOURCE SURFACE FROM DISK
2764435.945	Study_Phase.SEQUENCE.Study_Instruction	LOADING RESOURCE SURFACE FROM DISK
2764473.906	Study_Phase.SEQUENCE.Study_Instruction	LOADING RESOURCE SURFACE FROM DISK
2772768.612	Study_Phase.SEQUENCE.Study_Instruction	LOADING RESOURCE SURFACE FROM DISK
2781019.616	Study_Phase.SEQUENCE.Study_Instruction	LOADING RESOURCE SURFACE FROM DISK
2781061.338	Study_Phase.SEQUENCE.Study_Instruction	LOADING RESOURCE SURFACE FROM DISK
2789319.325	Study_Phase.SEQUENCE.Study_Instruction	LOADING RESOURCE SURFACE FROM DISK
2789361.13	Study_Phase.SEQUENCE.Study_Instruction	LOADING RESOURCE SURFACE FROM DISK
2797658.721	Study_Phase.SEQUENCE.Study_Instruction	LOADING RESOURCE SURFACE FROM DISK
2805919.202	Study_Phase.SEQUENCE.Study_Instruction	LOADING RESOURCE SURFACE FROM DISK
2805956.262	Study_Phase.SEQUENCE.Study_Instruction	LOADING RESOURCE SURFACE FROM DISK
2814248.365	Study_Phase.SEQUENCE.Study_Instruction	LOADING RESOURCE SURFACE FROM DISK
2822502.88	Study_Phase.SEQUENCE.Study_Instruction	LOADING RESOURCE SURFACE FROM DISK
2822538.445	Study_Phase.SEQUENCE.Study_Instruction	LOADING RESOURCE SURFACE FROM DISK
2830835.167	Study_Phase.SEQUENCE.Study_Instruction	LOADING RESOURCE SURFACE FROM DISK
2839098.931	Study_Phase.SEQUENCE.Study_Instruction	LOADING RESOURCE SURFACE FROM DISK
2847385.845	Study_Phase.SEQUENCE.Study_Instruction	LOADING RESOURCE SURFACE FROM DISK
2855667.97	Study_Phase.SEQUENCE.Study_Instruction	LOADING RESOURCE SURFACE FROM DISK
2863932.677	Study_Phase.SEQUENCE.Study_Instruction	LOADING RESOURCE SURFACE FROM DISK
2872222.928	Study_Phase.SEQUENCE.Study_Instruction	LOADING RESOURCE SURFACE FROM DISK
2880486.16	Study_Phase.SEQUENCE.Study_Instruction	LOADING RESOURCE SURFACE FROM DISK
2880528.871	Study_Phase.SEQUENCE.Study_Instruction	LOADING RESOURCE SURFACE FROM DISK
2888783.567	Study_Phase.SEQUENCE.Study_Instruction	LOADING RESOURCE SURFACE FROM DISK
2897075.841	Study_Phase.SEQUENCE.Study_Instruction	LOADING RESOURCE SURFACE FROM DISK
2905336.094	Study_Phase.SEQUENCE.Study_Instruction	LOADING RESOURCE SURFACE FROM DISK
2905377.703	Study_Phase.SEQUENCE.Study_Instruction	LOADING RESOURCE SURFACE FROM DISK
2913636.326	Study_Phase.SEQUENCE.Study_Instruction	LOADING RESOURCE SURFACE FROM DISK
2913672.006	Study_Phase.SEQUENCE.Study_Instruction	LOADING RESOURCE SURFACE FROM DISK
2921958.055	Study_Phase.SEQUENCE.Study_Instruction	LOADING RESOURCE SURFACE FROM DISK
2930219.371	Study_Phase.SEQUENCE.Study_Instruction	LOADING RESOURCE SURFACE FROM DISK
2930254.656	Study_Phase.SEQUENCE.Study_Instruction	LOADING RESOURCE SURFACE FROM DISK
2938554.461	Study_Phase.SEQUENCE.Study_Instruction	LOADING RESOURCE SURFACE FROM DISK
2946851.107	Study_Phase.SEQUENCE.Study_Instruction	LOADING RESOURCE SURFACE FROM DISK
2955140.057	Study_Phase.SEQUENCE.Study_Instruction	LOADING RESOURCE SURFACE FROM DISK
2963402.603	Study_Phase.SEQUENCE.Study_Instruction	LOADING RESOURCE SURFACE FROM DISK
2963444.933	Study_Phase.SEQUENCE.Study_Instruction	LOADING RESOURCE SURFACE FROM DISK
2971740.164	Study_Phase.SEQUENCE.Study_Instruction	LOADING RESOURCE SURFACE FROM DISK
2980002.834	Study_Phase.SEQUENCE.Study_Instruction	LOADING RESOURCE SURFACE FROM DISK
2980047.616	Study_Phase.SEQUENCE.Study_Instruction	LOADING RESOURCE SURFACE FROM DISK
2988337.468	Study_Phase.SEQUENCE.Study_Instruction	LOADING RESOURCE SURFACE FROM DISK
2996602.827	Study_Phase.SEQUENCE.Study_Instruction	LOADING RESOURCE SURFACE FROM DISK
2996640.951	Study_Phase.SEQUENCE.Study_Instruction	LOADING RESOURCE SURFACE FROM DISK
3004932.873	Study_Phase.SEQUENCE.Study_Instruction	LOADING RESOURCE SURFACE FROM DISK
3013186.216	Study_Phase.SEQUENCE.Study_Instruction	LOADING RESOURCE SURFACE FROM DISK
3013227.553	Study_Phase.SEQUENCE.Study_Instruction	LOADING RESOURCE SURFACE FROM DISK
3021507.341	Study_Phase.SEQUENCE.Study_Instruction	LOADING RESOURCE SURFACE FROM DISK
3029807.622	Study_Phase.SEQUENCE.Study_Instruction	LOADING RESOURCE SURFACE FROM DISK
3038069.314	Study_Phase.SEQUENCE.Study_Instruction	LOADING RESOURCE SURFACE FROM DISK
3038106.669	Study_Phase.SEQUENCE.Study_Instruction	LOADING RESOURCE SURFACE FROM DISK
3046406.56	Study_Phase.SEQUENCE.Study_Instruction	LOADING RESOURCE SURFACE FROM DISK
3054669.238	Study_Phase.SEQUENCE.Study_Instruction	LOADING RESOURCE SURFACE FROM DISK
3054713.073	Study_Phase.SEQUENCE.Study_Instruction	LOADING RESOURCE SURFACE FROM DISK
3062969.526	Study_Phase.SEQUENCE.Study_Instruction	LOADING RESOURCE SURFACE FROM DISK
3063004.82	Study_Phase.SEQUENCE.Study_Instruction	LOADING RESOURCE SURFACE FROM DISK
3071252.625	Study_Phase.SEQUENCE.Study_Instruction	LOADING RESOURCE SURFACE FROM DISK
3071291.183	Study_Phase.SEQUENCE.Study_Instruction	LOADING RESOURCE SURFACE FROM DISK
3079586.202	Study_Phase.SEQUENCE.Study_Instruction	LOADING RESOURCE SURFACE FROM DISK
3087836.018	Study_Phase.SEQUENCE.Study_Instruction	LOADING RESOURCE SURFACE FROM DISK
3087871.703	Study_Phase.SEQUENCE.Study_Instruction	LOADING RESOURCE SURFACE FROM DISK
3096132.551	Study_Phase.SEQUENCE.Study_Instruction	LOADING RESOURCE SURFACE FROM DISK
3104416.409	Study_Phase.SEQUENCE.Study_Instruction	LOADING RESOURCE SURFACE FROM DISK
3112706.699	Study_Phase.SEQUENCE.Study_Instruction	LOADING RESOURCE SURFACE FROM DISK
3120965.797	Study_Phase.SEQUENCE.Study_Instruction	LOADING RESOURCE SURFACE FROM DISK
3129248.462	Study_Phase.SEQUENCE.Study_Instruction	LOADING RESOURCE SURFACE FROM DISK
3137502.501	Study_Phase.SEQUENCE.Study_Instruction	LOADING RESOURCE SURFACE FROM DISK
3137536.873	Study_Phase.SEQUENCE.Study_Instruction	LOADING RESOURCE SURFACE FROM DISK
3145836.021	Study_Phase.SEQUENCE.Study_Instruction	LOADING RESOURCE SURFACE FROM DISK
3154086.061	Study_Phase.SEQUENCE.Study_Instruction	LOADING RESOURCE SURFACE FROM DISK
3154125.131	Study_Phase.SEQUENCE.Study_Instruction	LOADING RESOURCE SURFACE FROM DISK
3162385.894	Study_Phase.SEQUENCE.Study_Instruction	LOADING RESOURCE SURFACE FROM DISK
3162427.846	Study_Phase.SEQUENCE.Study_Instruction	LOADING RESOURCE SURFACE FROM DISK
3170724.95	Study_Phase.SEQUENCE.Study_Instruction	LOADING RESOURCE SURFACE FROM DISK
3179021.669	Study_Phase.SEQUENCE.Study_Instruction	LOADING RESOURCE SURFACE FROM DISK
3187324.295	Study_Phase.SEQUENCE.Study_Instruction	LOADING RESOURCE SURFACE FROM DISK
3195624.408	Study_Phase.SEQUENCE.Study_Instruction	LOADING RESOURCE SURFACE FROM DISK
3203886.127	Study_Phase.SEQUENCE.Study_Instruction	LOADING RESOURCE SURFACE FROM DISK
3203923.752	Study_Phase.SEQUENCE.Study_Instruction	LOADING RESOURCE SURFACE FROM DISK
3212186.175	Study_Phase.SEQUENCE.Study_Instruction	LOADING RESOURCE SURFACE FROM DISK
3212188.549	Study_Phase.SEQUENCE.Study_Instruction	LOADING RESOURCE SURFACE FROM DISK
3220435.957	Study_Phase.SEQUENCE.Study_Instruction	LOADING RESOURCE SURFACE FROM DISK
3220438.343	Study_Phase.SEQUENCE.Study_Instruction	LOADING RESOURCE SURFACE FROM DISK
3228742.437	Study_Phase.SEQUENCE.Study_Instruction	LOADING RESOURCE SURFACE FROM DISK
3237002.764	Study_Phase.SEQUENCE.Study_Instruction	LOADING RESOURCE SURFACE FROM DISK
3237045.021	Study_Phase.SEQUENCE.Study_Instruction	LOADING RESOURCE SURFACE FROM DISK
3245336.409	Study_Phase.SEQUENCE.Study_Instruction	LOADING RESOURCE SURFACE FROM DISK
3253625.309	Study_Phase.SEQUENCE.Study_Instruction	LOADING RESOURCE SURFACE FROM DISK
3261919.391	Study_Phase.SEQUENCE.Study_Instruction	LOADING RESOURCE SURFACE FROM DISK
3270201.507	Study_Phase.SEQUENCE.Study_Instruction	LOADING RESOURCE SURFACE FROM DISK
3278487.589	Study_Phase.SEQUENCE.Study_Instruction	LOADING RESOURCE SURFACE FROM DISK
3286752.721	Study_Phase.SEQUENCE.Study_Instruction	LOADING RESOURCE SURFACE FROM DISK
3286787.574	Study_Phase.SEQUENCE.Study_Instruction	LOADING RESOURCE SURFACE FROM DISK
3295049.192	Study_Phase.SEQUENCE.Study_Instruction	LOADING RESOURCE SURFACE FROM DISK
3303326.383	Study_Phase.SEQUENCE.Study_Instruction	LOADING RESOURCE SURFACE FROM DISK
3311586.473	Study_Phase.SEQUENCE.Study_Instruction	LOADING RESOURCE SURFACE FROM DISK
3311633.528	Study_Phase.SEQUENCE.Study_Instruction	LOADING RESOURCE SURFACE FROM DISK
3319916.353	Study_Phase.SEQUENCE.Study_Instruction	LOADING RESOURCE SURFACE FROM DISK
3328165.727	Study_Phase.SEQUENCE.Study_Instruction	LOADING RESOURCE SURFACE FROM DISK
3336419.315	Study_Phase.SEQUENCE.Study_Instruction	LOADING RESOURCE SURFACE FROM DISK
3336457.587	Study_Phase.SEQUENCE.Study_Instruction	LOADING RESOURCE SURFACE FROM DISK
3344758.601	Study_Phase.SEQUENCE.Study_Instruction	LOADING RESOURCE SURFACE FROM DISK
3353019.534	Study_Phase.SEQUENCE.Study_Instruction	LOADING RESOURCE SURFACE FROM DISK
3353059.756	Study_Phase.SEQUENCE.Study_Instruction	LOADING RESOURCE SURFACE FROM DISK
3361355.18	Study_Phase.SEQUENCE.Study_Instruction	LOADING RESOURCE SURFACE FROM DISK
3369619.215	Study_Phase.SEQUENCE.Study_Instruction	LOADING RESOURCE SURFACE FROM DISK
3369621.514	Study_Phase.SEQUENCE.Study_Instruction	LOADING RESOURCE SURFACE FROM DISK
3377917.628	Study_Phase.SEQUENCE.Study_Instruction	LOADING RESOURCE SURFACE FROM DISK
3386169.352	Study_Phase.SEQUENCE.Study_Instruction	LOADING RESOURCE SURFACE FROM DISK
3386207.357	Study_Phase.SEQUENCE.Study_Instruction	LOADING RESOURCE SURFACE FROM DISK
3394465.982	Study_Phase.SEQUENCE.Study_Instruction	LOADING RESOURCE SURFACE FROM DISK
3402737.005	Study_Phase.SEQUENCE.Study_Instruction	LOADING RESOURCE SURFACE FROM DISK
3411034.14	Study_Phase.SEQUENCE.Study_Instruction	LOADING RESOURCE SURFACE FROM DISK
3419285.905	Study_Phase.SEQUENCE.Study_Instruction	LOADING RESOURCE SURFACE FROM DISK
3419322.225	Study_Phase.SEQUENCE.Study_Instruction	LOADING RESOURCE SURFACE FROM DISK
3427619.246	Study_Phase.SEQUENCE.Study_Instruction	LOADING RESOURCE SURFACE FROM DISK
3435902.558	Study_Phase.SEQUENCE.Study_Instruction	LOADING RESOURCE SURFACE FROM DISK
3444185.9	Study_Phase.SEQUENCE.Study_Instruction	LOADING RESOURCE SURFACE FROM DISK
3452467.719	Study_Phase.SEQUENCE.Study_Instruction	LOADING RESOURCE SURFACE FROM DISK
3460719.412	Study_Phase.SEQUENCE.Study_Instruction	LOADING RESOURCE SURFACE FROM DISK
3460721.763	Study_Phase.SEQUENCE.Study_Instruction	LOADING RESOURCE SURFACE FROM DISK
3468986.067	Study_Phase.SEQUENCE.Study_Instruction	LOADING RESOURCE SURFACE FROM DISK
3469023.266	Study_Phase.SEQUENCE.Study_Instruction	LOADING RESOURCE SURFACE FROM DISK
3477285.881	Study_Phase.SEQUENCE.Study_Instruction	LOADING RESOURCE SURFACE FROM DISK
3477323.218	Study_Phase.SEQUENCE.Study_Instruction	LOADING RESOURCE SURFACE FROM DISK
3485621.992	Study_Phase.SEQUENCE.Study_Instruction	LOADING RESOURCE SURFACE FROM DISK
3493922.481	Study_Phase.SEQUENCE.Study_Instruction	LOADING RESOURCE SURFACE FROM DISK
3502185.822	Study_Phase.SEQUENCE.Study_Instruction	LOADING RESOURCE SURFACE FROM DISK
3502224.89	Study_Phase.SEQUENCE.Study_Instruction	LOADING RESOURCE SURFACE FROM DISK
3510483.615	Study_Phase.SEQUENCE.Study_Instruction	LOADING RESOURCE SURFACE FROM DISK
3515197.446	DISPLAY_SCREEN[7]	LOADING RESOURCE SURFACE FROM DISK
3676558.643	Test_Phase.SEQUENCE.Target_Cue	LOADING RESOURCE SURFACE FROM DISK
3676572.128	Test_Phase.SEQUENCE.Target_Cue	LOADING RESOURCE SURFACE FROM DISK
3678598.911	Test_Phase.SEQUENCE.Word	LOADING RESOURCE SURFACE FROM DISK
3681652.198	Test_Phase.SEQUENCE.Test_Question	LOADING RESOURCE SURFACE FROM DISK
3681663.184	Test_Phase.SEQUENCE.Test_Question	LOADING RESOURCE SURFACE FROM DISK
3681665.026	Test_Phase.SEQUENCE.Test_Question	LOADING RESOURCE SURFACE FROM DISK
3681667.024	Test_Phase.SEQUENCE.Test_Question	LOADING RESOURCE SURFACE FROM DISK
3681668.724	Test_Phase.SEQUENCE.Test_Question	LOADING RESOURCE SURFACE FROM DISK
3681670.4	Test_Phase.SEQUENCE.Test_Question	LOADING RESOURCE SURFACE FROM DISK
3681672.095	Test_Phase.SEQUENCE.Test_Question	LOADING RESOURCE SURFACE FROM DISK
3681673.699	Test_Phase.SEQUENCE.Test_Question	LOADING RESOURCE SURFACE FROM DISK
3681675.349	Test_Phase.SEQUENCE.Test_Question	LOADING RESOURCE SURFACE FROM DISK
3681677.152	Test_Phase.SEQUENCE.Test_Question	LOADING RESOURCE SURFACE FROM DISK
3681678.846	Test_Phase.SEQUENCE.Test_Question	LOADING RESOURCE SURFACE FROM DISK
3681680.442	Test_Phase.SEQUENCE.Test_Question	LOADING RESOURCE SURFACE FROM DISK
3688206.736	Test_Phase.SEQUENCE.Word	LOADING RESOURCE SURFACE FROM DISK
3696654.971	Test_Phase.SEQUENCE.Word	LOADING RESOURCE SURFACE FROM DISK
3704915.514	Test_Phase.SEQUENCE.Word	LOADING RESOURCE SURFACE FROM DISK
3712748.971	Test_Phase.SEQUENCE.Word	LOADING RESOURCE SURFACE FROM DISK
3720539.123	Test_Phase.SEQUENCE.Word	LOADING RESOURCE SURFACE FROM DISK
3727890.545	Test_Phase.SEQUENCE.Word	LOADING RESOURCE SURFACE FROM DISK
3734815.848	Test_Phase.SEQUENCE.Word	LOADING RESOURCE SURFACE FROM DISK
3742148.991	Test_Phase.SEQUENCE.Word	LOADING RESOURCE SURFACE FROM DISK
3749665.883	Test_Phase.SEQUENCE.Word	LOADING RESOURCE SURFACE FROM DISK
3756552.842	Test_Phase.SEQUENCE.Word	LOADING RESOURCE SURFACE FROM DISK
3763668.913	Test_Phase.SEQUENCE.Word	LOADING RESOURCE SURFACE FROM DISK
3770765.88	Test_Phase.SEQUENCE.Word	LOADING RESOURCE SURFACE FROM DISK
3777948.932	Test_Phase.SEQUENCE.Word	LOADING RESOURCE SURFACE FROM DISK
3785165.778	Test_Phase.SEQUENCE.Word	LOADING RESOURCE SURFACE FROM DISK
3792282.268	Test_Phase.SEQUENCE.Word	LOADING RESOURCE SURFACE FROM DISK
3799449.028	Test_Phase.SEQUENCE.Word	LOADING RESOURCE SURFACE FROM DISK
3806948.986	Test_Phase.SEQUENCE.Word	LOADING RESOURCE SURFACE FROM DISK
3814515.589	Test_Phase.SEQUENCE.Word	LOADING RESOURCE SURFACE FROM DISK
3821828.638	Test_Phase.SEQUENCE.Word	LOADING RESOURCE SURFACE FROM DISK
3829398.329	Test_Phase.SEQUENCE.Word	LOADING RESOURCE SURFACE FROM DISK
3836367.129	Test_Phase.SEQUENCE.Word	LOADING RESOURCE SURFACE FROM DISK
3843532.481	Test_Phase.SEQUENCE.Word	LOADING RESOURCE SURFACE FROM DISK
3850832.96	Test_Phase.SEQUENCE.Word	LOADING RESOURCE SURFACE FROM DISK
3858182.207	Test_Phase.SEQUENCE.Word	LOADING RESOURCE SURFACE FROM DISK
3865148.851	Test_Phase.SEQUENCE.Word	LOADING RESOURCE SURFACE FROM DISK
3872299.342	Test_Phase.SEQUENCE.Word	LOADING RESOURCE SURFACE FROM DISK
3879332.474	Test_Phase.SEQUENCE.Word	LOADING RESOURCE SURFACE FROM DISK
3886448.947	Test_Phase.SEQUENCE.Word	LOADING RESOURCE SURFACE FROM DISK
3893582.36	Test_Phase.SEQUENCE.Word	LOADING RESOURCE SURFACE FROM DISK
3900765.669	Test_Phase.SEQUENCE.Word	LOADING RESOURCE SURFACE FROM DISK
3908025.914	Test_Phase.SEQUENCE.Word	LOADING RESOURCE SURFACE FROM DISK
3915248.892	Test_Phase.SEQUENCE.Word	LOADING RESOURCE SURFACE FROM DISK
3922499.109	Test_Phase.SEQUENCE.Word	LOADING RESOURCE SURFACE FROM DISK
3929703.551	Test_Phase.SEQUENCE.Word	LOADING RESOURCE SURFACE FROM DISK
3936599.181	Test_Phase.SEQUENCE.Word	LOADING RESOURCE SURFACE FROM DISK
3943749.898	Test_Phase.SEQUENCE.Word	LOADING RESOURCE SURFACE FROM DISK
3951048.983	Test_Phase.SEQUENCE.Word	LOADING RESOURCE SURFACE FROM DISK
3958657.47	Test_Phase.SEQUENCE.Word	LOADING RESOURCE SURFACE FROM DISK
3968848.988	Test_Phase.SEQUENCE.Word	LOADING RESOURCE SURFACE FROM DISK
3975965.597	Test_Phase.SEQUENCE.Word	LOADING RESOURCE SURFACE FROM DISK
3983207.21	Test_Phase.SEQUENCE.Word	LOADING RESOURCE SURFACE FROM DISK
3990549.073	Test_Phase.SEQUENCE.Word	LOADING RESOURCE SURFACE FROM DISK
3997781.816	Test_Phase.SEQUENCE.Word	LOADING RESOURCE SURFACE FROM DISK
4005167.553	Test_Phase.SEQUENCE.Word	LOADING RESOURCE SURFACE FROM DISK
4012348.984	Test_Phase.SEQUENCE.Word	LOADING RESOURCE SURFACE FROM DISK
4019499.019	Test_Phase.SEQUENCE.Word	LOADING RESOURCE SURFACE FROM DISK
4026658.624	Test_Phase.SEQUENCE.Word	LOADING RESOURCE SURFACE FROM DISK
4033866.174	Test_Phase.SEQUENCE.Word	LOADING RESOURCE SURFACE FROM DISK
4041048.951	Test_Phase.SEQUENCE.Word	LOADING RESOURCE SURFACE FROM DISK
4047882.65	Test_Phase.SEQUENCE.Word	LOADING RESOURCE SURFACE FROM DISK
4054832.24	Test_Phase.SEQUENCE.Word	LOADING RESOURCE SURFACE FROM DISK
4062087.366	Test_Phase.SEQUENCE.Word	LOADING RESOURCE SURFACE FROM DISK
4069254.446	Test_Phase.SEQUENCE.Word	LOADING RESOURCE SURFACE FROM DISK
4076599.104	Test_Phase.SEQUENCE.Word	LOADING RESOURCE SURFACE FROM DISK
4083801.833	Test_Phase.SEQUENCE.Word	LOADING RESOURCE SURFACE FROM DISK
4091079.456	Test_Phase.SEQUENCE.Word	LOADING RESOURCE SURFACE FROM DISK
4098241.932	Test_Phase.SEQUENCE.Word	LOADING RESOURCE SURFACE FROM DISK
4105016.124	Test_Phase.SEQUENCE.Word	LOADING RESOURCE SURFACE FROM DISK
4112115.973	Test_Phase.SEQUENCE.Word	LOADING RESOURCE SURFACE FROM DISK
4119299.125	Test_Phase.SEQUENCE.Word	LOADING RESOURCE SURFACE FROM DISK
4126549.135	Test_Phase.SEQUENCE.Word	LOADING RESOURCE SURFACE FROM DISK
4133782.344	Test_Phase.SEQUENCE.Word	LOADING RESOURCE SURFACE FROM DISK
4140932.284	Test_Phase.SEQUENCE.Word	LOADING RESOURCE SURFACE FROM DISK
4148039.763	Test_Phase.SEQUENCE.Word	LOADING RESOURCE SURFACE FROM DISK
4155137.263	Test_Phase.SEQUENCE.Word	LOADING RESOURCE SURFACE FROM DISK
4162315.34	Test_Phase.SEQUENCE.Word	LOADING RESOURCE SURFACE FROM DISK
4169515.724	Test_Phase.SEQUENCE.Word	LOADING RESOURCE SURFACE FROM DISK
4176532.815	Test_Phase.SEQUENCE.Word	LOADING RESOURCE SURFACE FROM DISK
4183649.08	Test_Phase.SEQUENCE.Word	LOADING RESOURCE SURFACE FROM DISK
4190515.596	Test_Phase.SEQUENCE.Word	LOADING RESOURCE SURFACE FROM DISK
4197685.315	Test_Phase.SEQUENCE.Word	LOADING RESOURCE SURFACE FROM DISK
4204869.315	Test_Phase.SEQUENCE.Word	LOADING RESOURCE SURFACE FROM DISK
4212015.56	Test_Phase.SEQUENCE.Word	LOADING RESOURCE SURFACE FROM DISK
4219132.393	Test_Phase.SEQUENCE.Word	LOADING RESOURCE SURFACE FROM DISK
4226332.257	Test_Phase.SEQUENCE.Word	LOADING RESOURCE SURFACE FROM DISK
4233482.406	Test_Phase.SEQUENCE.Word	LOADING RESOURCE SURFACE FROM DISK
4240765.749	Test_Phase.SEQUENCE.Word	LOADING RESOURCE SURFACE FROM DISK
4247874.515	Test_Phase.SEQUENCE.Word	LOADING RESOURCE SURFACE FROM DISK
4255073.166	Test_Phase.SEQUENCE.Word	LOADING RESOURCE SURFACE FROM DISK
4262282.538	Test_Phase.SEQUENCE.Word	LOADING RESOURCE SURFACE FROM DISK
4269432.581	Test_Phase.SEQUENCE.Word	LOADING RESOURCE SURFACE FROM DISK
4276649.035	Test_Phase.SEQUENCE.Word	LOADING RESOURCE SURFACE FROM DISK
4283832.583	Test_Phase.SEQUENCE.Word	LOADING RESOURCE SURFACE FROM DISK
4291015.56	Test_Phase.SEQUENCE.Word	LOADING RESOURCE SURFACE FROM DISK
4298265.881	Test_Phase.SEQUENCE.Word	LOADING RESOURCE SURFACE FROM DISK
4305408.161	Test_Phase.SEQUENCE.Word	LOADING RESOURCE SURFACE FROM DISK
4312599.178	Test_Phase.SEQUENCE.Word	LOADING RESOURCE SURFACE FROM DISK
4319848.917	Test_Phase.SEQUENCE.Word	LOADING RESOURCE SURFACE FROM DISK
4326882.471	Test_Phase.SEQUENCE.Word	LOADING RESOURCE SURFACE FROM DISK
4334015.554	Test_Phase.SEQUENCE.Word	LOADING RESOURCE SURFACE FROM DISK
4341208.83	Test_Phase.SEQUENCE.Word	LOADING RESOURCE SURFACE FROM DISK
4348289.288	Test_Phase.SEQUENCE.Word	LOADING RESOURCE SURFACE FROM DISK
4355482.521	Test_Phase.SEQUENCE.Word	LOADING RESOURCE SURFACE FROM DISK
4362648.966	Test_Phase.SEQUENCE.Word	LOADING RESOURCE SURFACE FROM DISK
4369792.0	Test_Phase.SEQUENCE.Word	LOADING RESOURCE SURFACE FROM DISK
4376915.543	Test_Phase.SEQUENCE.Word	LOADING RESOURCE SURFACE FROM DISK
4383982.349	Test_Phase.SEQUENCE.Word	LOADING RESOURCE SURFACE FROM DISK
4390865.619	Test_Phase.SEQUENCE.Word	LOADING RESOURCE SURFACE FROM DISK
4398382.383	Test_Phase.SEQUENCE.Word	LOADING RESOURCE SURFACE FROM DISK
4405571.546	Test_Phase.SEQUENCE.Word	LOADING RESOURCE SURFACE FROM DISK
4412804.531	Test_Phase.SEQUENCE.Word	LOADING RESOURCE SURFACE FROM DISK
4420860.872	Test_Phase.SEQUENCE.Word	LOADING RESOURCE SURFACE FROM DISK
4428036.554	Test_Phase.SEQUENCE.Word	LOADING RESOURCE SURFACE FROM DISK
4435152.817	Test_Phase.SEQUENCE.Word	LOADING RESOURCE SURFACE FROM DISK
4442482.269	Test_Phase.SEQUENCE.Word	LOADING RESOURCE SURFACE FROM DISK
4449700.178	Test_Phase.SEQUENCE.Word	LOADING RESOURCE SURFACE FROM DISK
4456815.648	Test_Phase.SEQUENCE.Word	LOADING RESOURCE SURFACE FROM DISK
4463998.93	Test_Phase.SEQUENCE.Word	LOADING RESOURCE SURFACE FROM DISK
4471232.275	Test_Phase.SEQUENCE.Word	LOADING RESOURCE SURFACE FROM DISK
4478382.935	Test_Phase.SEQUENCE.Word	LOADING RESOURCE SURFACE FROM DISK
4485605.09	Test_Phase.SEQUENCE.Word	LOADING RESOURCE SURFACE FROM DISK
4492749.049	Test_Phase.SEQUENCE.Word	LOADING RESOURCE SURFACE FROM DISK
4500099.112	Test_Phase.SEQUENCE.Word	LOADING RESOURCE SURFACE FROM DISK
4507265.855	Test_Phase.SEQUENCE.Word	LOADING RESOURCE SURFACE FROM DISK
4514499.075	Test_Phase.SEQUENCE.Word	LOADING RESOURCE SURFACE FROM DISK
4521615.602	Test_Phase.SEQUENCE.Word	LOADING RESOURCE SURFACE FROM DISK
4528469.555	Test_Phase.SEQUENCE.Word	LOADING RESOURCE SURFACE FROM DISK
4535299.104	Test_Phase.SEQUENCE.Word	LOADING RESOURCE SURFACE FROM DISK
4542365.627	Test_Phase.SEQUENCE.Word	LOADING RESOURCE SURFACE FROM DISK
4549571.467	Test_Phase.SEQUENCE.Word	LOADING RESOURCE SURFACE FROM DISK
4556632.326	Test_Phase.SEQUENCE.Word	LOADING RESOURCE SURFACE FROM DISK
4571624.452	Test_Phase.SEQUENCE.Word	LOADING RESOURCE SURFACE FROM DISK
4578570.111	Test_Phase.SEQUENCE.Word	LOADING RESOURCE SURFACE FROM DISK
4585532.492	Test_Phase.SEQUENCE.Word	LOADING RESOURCE SURFACE FROM DISK
4592615.551	Test_Phase.SEQUENCE.Word	LOADING RESOURCE SURFACE FROM DISK
4599799.099	Test_Phase.SEQUENCE.Word	LOADING RESOURCE SURFACE FROM DISK
4607134.201	Test_Phase.SEQUENCE.Word	LOADING RESOURCE SURFACE FROM DISK
4614248.767	Test_Phase.SEQUENCE.Word	LOADING RESOURCE SURFACE FROM DISK
4621408.15	Test_Phase.SEQUENCE.Word	LOADING RESOURCE SURFACE FROM DISK
4629899.002	Test_Phase.SEQUENCE.Word	LOADING RESOURCE SURFACE FROM DISK
4637115.745	Test_Phase.SEQUENCE.Word	LOADING RESOURCE SURFACE FROM DISK
4644015.478	Test_Phase.SEQUENCE.Word	LOADING RESOURCE SURFACE FROM DISK
4651049.01	Test_Phase.SEQUENCE.Word	LOADING RESOURCE SURFACE FROM DISK
4657857.346	Test_Phase.SEQUENCE.Word	LOADING RESOURCE SURFACE FROM DISK
4665049.093	Test_Phase.SEQUENCE.Word	LOADING RESOURCE SURFACE FROM DISK
4672232.364	Test_Phase.SEQUENCE.Word	LOADING RESOURCE SURFACE FROM DISK
4679589.175	Test_Phase.SEQUENCE.Word	LOADING RESOURCE SURFACE FROM DISK
4686986.41	Test_Phase.SEQUENCE.Word	LOADING RESOURCE SURFACE FROM DISK
4694165.737	Test_Phase.SEQUENCE.Word	LOADING RESOURCE SURFACE FROM DISK
4701298.913	Test_Phase.SEQUENCE.Word	LOADING RESOURCE SURFACE FROM DISK
4708616.737	Test_Phase.SEQUENCE.Word	LOADING RESOURCE SURFACE FROM DISK
4715865.785	Test_Phase.SEQUENCE.Word	LOADING RESOURCE SURFACE FROM DISK
4722982.351	Test_Phase.SEQUENCE.Word	LOADING RESOURCE SURFACE FROM DISK
4730015.594	Test_Phase.SEQUENCE.Word	LOADING RESOURCE SURFACE FROM DISK
4737188.429	Test_Phase.SEQUENCE.Word	LOADING RESOURCE SURFACE FROM DISK
4744015.534	Test_Phase.SEQUENCE.Word	LOADING RESOURCE SURFACE FROM DISK
4751242.384	Test_Phase.SEQUENCE.Word	LOADING RESOURCE SURFACE FROM DISK
4758982.176	Test_Phase.SEQUENCE.Word	LOADING RESOURCE SURFACE FROM DISK
4766098.874	Test_Phase.SEQUENCE.Word	LOADING RESOURCE SURFACE FROM DISK
4773798.829	Test_Phase.SEQUENCE.Word	LOADING RESOURCE SURFACE FROM DISK
4780999.735	Test_Phase.SEQUENCE.Word	LOADING RESOURCE SURFACE FROM DISK
4788399.011	Test_Phase.SEQUENCE.Word	LOADING RESOURCE SURFACE FROM DISK
4796065.737	Test_Phase.SEQUENCE.Word	LOADING RESOURCE SURFACE FROM DISK
4803249.134	Test_Phase.SEQUENCE.Word	LOADING RESOURCE SURFACE FROM DISK
4810315.618	Test_Phase.SEQUENCE.Word	LOADING RESOURCE SURFACE FROM DISK
4817465.508	Test_Phase.SEQUENCE.Word	LOADING RESOURCE SURFACE FROM DISK
4825321.312	Test_Phase.SEQUENCE.Word	LOADING RESOURCE SURFACE FROM DISK
4832482.619	Test_Phase.SEQUENCE.Word	LOADING RESOURCE SURFACE FROM DISK
4839617.541	Test_Phase.SEQUENCE.Word	LOADING RESOURCE SURFACE FROM DISK
4846495.699	Test_Phase.SEQUENCE.Word	LOADING RESOURCE SURFACE FROM DISK
4853549.036	Test_Phase.SEQUENCE.Word	LOADING RESOURCE SURFACE FROM DISK
4860682.365	Test_Phase.SEQUENCE.Word	LOADING RESOURCE SURFACE FROM DISK
4867916.895	Test_Phase.SEQUENCE.Word	LOADING RESOURCE SURFACE FROM DISK
4875083.002	Test_Phase.SEQUENCE.Word	LOADING RESOURCE SURFACE FROM DISK
4882299.004	Test_Phase.SEQUENCE.Word	LOADING RESOURCE SURFACE FROM DISK
4889748.983	Test_Phase.SEQUENCE.Word	LOADING RESOURCE SURFACE FROM DISK
4897015.779	Test_Phase.SEQUENCE.Word	LOADING RESOURCE SURFACE FROM DISK
4904398.982	Test_Phase.SEQUENCE.Word	LOADING RESOURCE SURFACE FROM DISK
4911756.705	Test_Phase.SEQUENCE.Word	LOADING RESOURCE SURFACE FROM DISK
4918999.078	Test_Phase.SEQUENCE.Word	LOADING RESOURCE SURFACE FROM DISK
4928199.145	Test_Phase.SEQUENCE.Word	LOADING RESOURCE SURFACE FROM DISK
4935156.371	Test_Phase.SEQUENCE.Word	LOADING RESOURCE SURFACE FROM DISK
4942548.971	Test_Phase.SEQUENCE.Word	LOADING RESOURCE SURFACE FROM DISK
4949599.079	Test_Phase.SEQUENCE.Word	LOADING RESOURCE SURFACE FROM DISK
4956724.791	Test_Phase.SEQUENCE.Word	LOADING RESOURCE SURFACE FROM DISK
4963982.365	Test_Phase.SEQUENCE.Word	LOADING RESOURCE SURFACE FROM DISK
4971198.931	Test_Phase.SEQUENCE.Word	LOADING RESOURCE SURFACE FROM DISK
4978289.336	Test_Phase.SEQUENCE.Word	LOADING RESOURCE SURFACE FROM DISK
4985532.338	Test_Phase.SEQUENCE.Word	LOADING RESOURCE SURFACE FROM DISK
4992638.4	Test_Phase.SEQUENCE.Word	LOADING RESOURCE SURFACE FROM DISK
5000239.937	Test_Phase.SEQUENCE.Word	LOADING RESOURCE SURFACE FROM DISK
5007332.048	Test_Phase.SEQUENCE.Word	LOADING RESOURCE SURFACE FROM DISK
5014432.463	Test_Phase.SEQUENCE.Word	LOADING RESOURCE SURFACE FROM DISK
5021304.432	Test_Phase.SEQUENCE.Word	LOADING RESOURCE SURFACE FROM DISK
5028120.458	Test_Phase.SEQUENCE.Word	LOADING RESOURCE SURFACE FROM DISK
5035315.608	Test_Phase.SEQUENCE.Word	LOADING RESOURCE SURFACE FROM DISK
5042432.284	Test_Phase.SEQUENCE.Word	LOADING RESOURCE SURFACE FROM DISK
5049815.931	Test_Phase.SEQUENCE.Word	LOADING RESOURCE SURFACE FROM DISK
5058732.375	Test_Phase.SEQUENCE.Word	LOADING RESOURCE SURFACE FROM DISK
5065922.195	Test_Phase.SEQUENCE.Word	LOADING RESOURCE SURFACE FROM DISK
5073207.102	Test_Phase.SEQUENCE.Word	LOADING RESOURCE SURFACE FROM DISK
5080324.152	Test_Phase.SEQUENCE.Word	LOADING RESOURCE SURFACE FROM DISK
5087549.002	Test_Phase.SEQUENCE.Word	LOADING RESOURCE SURFACE FROM DISK
5094632.352	Test_Phase.SEQUENCE.Word	LOADING RESOURCE SURFACE FROM DISK
5101799.036	Test_Phase.SEQUENCE.Word	LOADING RESOURCE SURFACE FROM DISK
5108882.31	Test_Phase.SEQUENCE.Word	LOADING RESOURCE SURFACE FROM DISK
5115772.979	Test_Phase.SEQUENCE.Word	LOADING RESOURCE SURFACE FROM DISK
5122933.859	Test_Phase.SEQUENCE.Word	LOADING RESOURCE SURFACE FROM DISK
5126574.612	DISPLAY_SCREEN	LOADING RESOURCE SURFACE FROM DISK
