5402.51	DISPLAY_SCREEN[1]	LOADING RESOURCE SURFACE FROM DISK
328584.905	Familiarization_Phase.SEQUENCE.Cue_and_Instruction	LOADING RESOURCE SURFACE FROM DISK
328589.097	Familiarization_Phase.SEQUENCE.Cue_and_Instruction	LOADING RESOURCE SURFACE FROM DISK
334636.666	Familiarization_Phase.SEQUENCE.Cue_and_Instruction	LOADING RESOURCE SURFACE FROM DISK
334641.477	Familiarization_Phase.SEQUENCE.Cue_and_Instruction	LOADING RESOURCE SURFACE FROM DISK
340686.88	Familiarization_Phase.SEQUENCE.Cue_and_Instruction	LOADING RESOURCE SURFACE FROM DISK
340691.43	Familiarization_Phase.SEQUENCE.Cue_and_Instruction	LOADING RESOURCE SURFACE FROM DISK
382818.751	DISPLAY_SCREEN[3]	LOADING RESOURCE SURFACE FROM DISK
736446.725	DISPLAY_SCREEN[5]	LOADING RESOURCE SURFACE FROM DISK
969372.846	Practice_Phase.SEQUENCE.Blink_Screen	LOADING RESOURCE SURFACE FROM DISK
969373.887	Practice_Phase.SEQUENCE.Blink_Screen	flip time is later than desired time. Desired Time=969116 Flip Time=969382 Retrace Rate=16.648, prepareTime=282 flip request time 969373
970605.979	Practice_Phase.SEQUENCE.Luminance_Cue[1]	LOADING RESOURCE SURFACE FROM DISK
970619.752	Practice_Phase.SEQUENCE.Luminance_Cue[1]	LOADING RESOURCE SURFACE FROM DISK
970621.237	Practice_Phase.SEQUENCE.Luminance_Cue[1]	flip time is later than desired time. Desired Time=970582 Flip Time=970632 Retrace Rate=16.648, prepareTime=62 flip request time 970621
971151.656	Practice_Phase.SEQUENCE.Practice_Instruction	LOADING RESOURCE SURFACE FROM DISK
971154.253	Practice_Phase.SEQUENCE.Practice_Instruction	LOADING RESOURCE SURFACE FROM DISK
971156.071	Practice_Phase.SEQUENCE.Practice_Instruction	flip time is later than desired time. Desired Time=971132 Flip Time=971166 Retrace Rate=16.648, prepareTime=47 flip request time 971155
974647.6	Practice_Phase.SEQUENCE.Action_cue[1]	LOADING RESOURCE SURFACE FROM DISK
979220.335	Practice_Phase.SEQUENCE.Practice_Instruction	LOADING RESOURCE SURFACE FROM DISK
979222.892	Practice_Phase.SEQUENCE.Practice_Instruction	LOADING RESOURCE SURFACE FROM DISK
987299.47	Practice_Phase.SEQUENCE.Practice_Instruction	LOADING RESOURCE SURFACE FROM DISK
987302.095	Practice_Phase.SEQUENCE.Practice_Instruction	LOADING RESOURCE SURFACE FROM DISK
987303.514	Practice_Phase.SEQUENCE.Practice_Instruction	flip time is later than desired time. Desired Time=987299 Flip Time=987316 Retrace Rate=16.648, prepareTime=28 flip request time 987303
995364.001	Practice_Phase.SEQUENCE.Practice_Instruction	LOADING RESOURCE SURFACE FROM DISK
995405.352	Practice_Phase.SEQUENCE.Practice_Instruction	LOADING RESOURCE SURFACE FROM DISK
995406.856	Practice_Phase.SEQUENCE.Practice_Instruction	flip time is later than desired time. Desired Time=995382 Flip Time=995416 Retrace Rate=16.648, prepareTime=48 flip request time 995406
1003463.816	Practice_Phase.SEQUENCE.Practice_Instruction	LOADING RESOURCE SURFACE FROM DISK
1003504.943	Practice_Phase.SEQUENCE.Practice_Instruction	LOADING RESOURCE SURFACE FROM DISK
1003506.356	Practice_Phase.SEQUENCE.Practice_Instruction	flip time is later than desired time. Desired Time=1003482 Flip Time=1003516 Retrace Rate=16.648, prepareTime=48 flip request time 1003506
1011563.885	Practice_Phase.SEQUENCE.Practice_Instruction	LOADING RESOURCE SURFACE FROM DISK
1011566.622	Practice_Phase.SEQUENCE.Practice_Instruction	LOADING RESOURCE SURFACE FROM DISK
1019630.627	Practice_Phase.SEQUENCE.Practice_Instruction	LOADING RESOURCE SURFACE FROM DISK
1019671.17	Practice_Phase.SEQUENCE.Practice_Instruction	LOADING RESOURCE SURFACE FROM DISK
1019672.647	Practice_Phase.SEQUENCE.Practice_Instruction	flip time is later than desired time. Desired Time=1019649 Flip Time=1019682 Retrace Rate=16.648, prepareTime=47 flip request time 1019672
1027730.537	Practice_Phase.SEQUENCE.Practice_Instruction	LOADING RESOURCE SURFACE FROM DISK
1027733.207	Practice_Phase.SEQUENCE.Practice_Instruction	LOADING RESOURCE SURFACE FROM DISK
1035797.116	Practice_Phase.SEQUENCE.Practice_Instruction	LOADING RESOURCE SURFACE FROM DISK
1035799.761	Practice_Phase.SEQUENCE.Practice_Instruction	LOADING RESOURCE SURFACE FROM DISK
1041960.601	DISPLAY_SCREEN[2]	LOADING RESOURCE SURFACE FROM DISK
1919856.066	Study_Phase.SEQUENCE.Study_Instruction	LOADING RESOURCE SURFACE FROM DISK
1919900.741	Study_Phase.SEQUENCE.Study_Instruction	LOADING RESOURCE SURFACE FROM DISK
1928172.653	Study_Phase.SEQUENCE.Study_Instruction	LOADING RESOURCE SURFACE FROM DISK
1928175.386	Study_Phase.SEQUENCE.Study_Instruction	LOADING RESOURCE SURFACE FROM DISK
1936455.914	Study_Phase.SEQUENCE.Study_Instruction	LOADING RESOURCE SURFACE FROM DISK
1936494.221	Study_Phase.SEQUENCE.Study_Instruction	LOADING RESOURCE SURFACE FROM DISK
1944772.636	Study_Phase.SEQUENCE.Study_Instruction	LOADING RESOURCE SURFACE FROM DISK
1944810.286	Study_Phase.SEQUENCE.Study_Instruction	LOADING RESOURCE SURFACE FROM DISK
1953126.388	Study_Phase.SEQUENCE.Study_Instruction	LOADING RESOURCE SURFACE FROM DISK
1961402.47	Study_Phase.SEQUENCE.Study_Instruction	LOADING RESOURCE SURFACE FROM DISK
1969669.239	Study_Phase.SEQUENCE.Study_Instruction	LOADING RESOURCE SURFACE FROM DISK
1977939.316	Study_Phase.SEQUENCE.Study_Instruction	LOADING RESOURCE SURFACE FROM DISK
1977974.738	Study_Phase.SEQUENCE.Study_Instruction	LOADING RESOURCE SURFACE FROM DISK
1986253.585	Study_Phase.SEQUENCE.Study_Instruction	LOADING RESOURCE SURFACE FROM DISK
1994522.834	Study_Phase.SEQUENCE.Study_Instruction	LOADING RESOURCE SURFACE FROM DISK
1994567.536	Study_Phase.SEQUENCE.Study_Instruction	LOADING RESOURCE SURFACE FROM DISK
2002870.323	Study_Phase.SEQUENCE.Study_Instruction	LOADING RESOURCE SURFACE FROM DISK
2011139.472	Study_Phase.SEQUENCE.Study_Instruction	LOADING RESOURCE SURFACE FROM DISK
2011182.401	Study_Phase.SEQUENCE.Study_Instruction	LOADING RESOURCE SURFACE FROM DISK
2019485.854	Study_Phase.SEQUENCE.Study_Instruction	LOADING RESOURCE SURFACE FROM DISK
2027755.903	Study_Phase.SEQUENCE.Study_Instruction	LOADING RESOURCE SURFACE FROM DISK
2027795.609	Study_Phase.SEQUENCE.Study_Instruction	LOADING RESOURCE SURFACE FROM DISK
2036094.57	Study_Phase.SEQUENCE.Study_Instruction	LOADING RESOURCE SURFACE FROM DISK
2044372.611	Study_Phase.SEQUENCE.Study_Instruction	LOADING RESOURCE SURFACE FROM DISK
2044407.371	Study_Phase.SEQUENCE.Study_Instruction	LOADING RESOURCE SURFACE FROM DISK
2052725.479	Study_Phase.SEQUENCE.Study_Instruction	LOADING RESOURCE SURFACE FROM DISK
2061005.803	Study_Phase.SEQUENCE.Study_Instruction	LOADING RESOURCE SURFACE FROM DISK
2061008.374	Study_Phase.SEQUENCE.Study_Instruction	LOADING RESOURCE SURFACE FROM DISK
2069323.177	Study_Phase.SEQUENCE.Study_Instruction	LOADING RESOURCE SURFACE FROM DISK
2077569.182	Study_Phase.SEQUENCE.Study_Instruction	LOADING RESOURCE SURFACE FROM DISK
2085839.588	Study_Phase.SEQUENCE.Study_Instruction	LOADING RESOURCE SURFACE FROM DISK
2085893.549	Study_Phase.SEQUENCE.Study_Instruction	LOADING RESOURCE SURFACE FROM DISK
2094210.762	Study_Phase.SEQUENCE.Study_Instruction	LOADING RESOURCE SURFACE FROM DISK
2102489.366	Study_Phase.SEQUENCE.Study_Instruction	LOADING RESOURCE SURFACE FROM DISK
2102532.347	Study_Phase.SEQUENCE.Study_Instruction	LOADING RESOURCE SURFACE FROM DISK
2110803.462	Study_Phase.SEQUENCE.Study_Instruction	LOADING RESOURCE SURFACE FROM DISK
2119106.045	Study_Phase.SEQUENCE.Study_Instruction	LOADING RESOURCE SURFACE FROM DISK
2127404.765	Study_Phase.SEQUENCE.Study_Instruction	LOADING RESOURCE SURFACE FROM DISK
2135672.657	Study_Phase.SEQUENCE.Study_Instruction	LOADING RESOURCE SURFACE FROM DISK
2135712.997	Study_Phase.SEQUENCE.Study_Instruction	LOADING RESOURCE SURFACE FROM DISK
2143985.735	Study_Phase.SEQUENCE.Study_Instruction	LOADING RESOURCE SURFACE FROM DISK
2152252.534	Study_Phase.SEQUENCE.Study_Instruction	LOADING RESOURCE SURFACE FROM DISK
2160587.379	Study_Phase.SEQUENCE.Study_Instruction	LOADING RESOURCE SURFACE FROM DISK
2168855.961	Study_Phase.SEQUENCE.Study_Instruction	LOADING RESOURCE SURFACE FROM DISK
2168895.844	Study_Phase.SEQUENCE.Study_Instruction	LOADING RESOURCE SURFACE FROM DISK
2177170.353	Study_Phase.SEQUENCE.Study_Instruction	LOADING RESOURCE SURFACE FROM DISK
2185439.481	Study_Phase.SEQUENCE.Study_Instruction	LOADING RESOURCE SURFACE FROM DISK
2185442.089	Study_Phase.SEQUENCE.Study_Instruction	LOADING RESOURCE SURFACE FROM DISK
2193762.57	Study_Phase.SEQUENCE.Study_Instruction	LOADING RESOURCE SURFACE FROM DISK
2202035.971	Study_Phase.SEQUENCE.Study_Instruction	LOADING RESOURCE SURFACE FROM DISK
2210305.78	Study_Phase.SEQUENCE.Study_Instruction	LOADING RESOURCE SURFACE FROM DISK
2210308.374	Study_Phase.SEQUENCE.Study_Instruction	LOADING RESOURCE SURFACE FROM DISK
2218618.838	Study_Phase.SEQUENCE.Study_Instruction	LOADING RESOURCE SURFACE FROM DISK
2226927.457	Study_Phase.SEQUENCE.Study_Instruction	LOADING RESOURCE SURFACE FROM DISK
2235202.529	Study_Phase.SEQUENCE.Study_Instruction	LOADING RESOURCE SURFACE FROM DISK
2243472.681	Study_Phase.SEQUENCE.Study_Instruction	LOADING RESOURCE SURFACE FROM DISK
2243517.828	Study_Phase.SEQUENCE.Study_Instruction	LOADING RESOURCE SURFACE FROM DISK
2251829.141	Study_Phase.SEQUENCE.Study_Instruction	LOADING RESOURCE SURFACE FROM DISK
2260106.06	Study_Phase.SEQUENCE.Study_Instruction	LOADING RESOURCE SURFACE FROM DISK
2260148.074	Study_Phase.SEQUENCE.Study_Instruction	LOADING RESOURCE SURFACE FROM DISK
2268455.944	Study_Phase.SEQUENCE.Study_Instruction	LOADING RESOURCE SURFACE FROM DISK
2276751.076	Study_Phase.SEQUENCE.Study_Instruction	LOADING RESOURCE SURFACE FROM DISK
2285022.423	Study_Phase.SEQUENCE.Study_Instruction	LOADING RESOURCE SURFACE FROM DISK
2285068.141	Study_Phase.SEQUENCE.Study_Instruction	LOADING RESOURCE SURFACE FROM DISK
2293339.516	Study_Phase.SEQUENCE.Study_Instruction	LOADING RESOURCE SURFACE FROM DISK
2293342.122	Study_Phase.SEQUENCE.Study_Instruction	LOADING RESOURCE SURFACE FROM DISK
2301653.374	Study_Phase.SEQUENCE.Study_Instruction	LOADING RESOURCE SURFACE FROM DISK
2309922.699	Study_Phase.SEQUENCE.Study_Instruction	LOADING RESOURCE SURFACE FROM DISK
2309977.196	Study_Phase.SEQUENCE.Study_Instruction	LOADING RESOURCE SURFACE FROM DISK
2318256.168	Study_Phase.SEQUENCE.Study_Instruction	LOADING RESOURCE SURFACE FROM DISK
2318293.465	Study_Phase.SEQUENCE.Study_Instruction	LOADING RESOURCE SURFACE FROM DISK
2326572.632	Study_Phase.SEQUENCE.Study_Instruction	LOADING RESOURCE SURFACE FROM DISK
2326610.521	Study_Phase.SEQUENCE.Study_Instruction	LOADING RESOURCE SURFACE FROM DISK
2334886.892	Study_Phase.SEQUENCE.Study_Instruction	LOADING RESOURCE SURFACE FROM DISK
2343155.844	Study_Phase.SEQUENCE.Study_Instruction	LOADING RESOURCE SURFACE FROM DISK
2343192.052	Study_Phase.SEQUENCE.Study_Instruction	LOADING RESOURCE SURFACE FROM DISK
2351470.351	Study_Phase.SEQUENCE.Study_Instruction	LOADING RESOURCE SURFACE FROM DISK
2359735.763	Study_Phase.SEQUENCE.Study_Instruction	LOADING RESOURCE SURFACE FROM DISK
2368006.139	Study_Phase.SEQUENCE.Study_Instruction	LOADING RESOURCE SURFACE FROM DISK
2368051.085	Study_Phase.SEQUENCE.Study_Instruction	LOADING RESOURCE SURFACE FROM DISK
2376322.687	Study_Phase.SEQUENCE.Study_Instruction	LOADING RESOURCE SURFACE FROM DISK
2376360.381	Study_Phase.SEQUENCE.Study_Instruction	LOADING RESOURCE SURFACE FROM DISK
2384639.452	Study_Phase.SEQUENCE.Study_Instruction	LOADING RESOURCE SURFACE FROM DISK
2384642.099	Study_Phase.SEQUENCE.Study_Instruction	LOADING RESOURCE SURFACE FROM DISK
2392957.228	Study_Phase.SEQUENCE.Study_Instruction	LOADING RESOURCE SURFACE FROM DISK
2401239.029	Study_Phase.SEQUENCE.Study_Instruction	LOADING RESOURCE SURFACE FROM DISK
2401284.877	Study_Phase.SEQUENCE.Study_Instruction	LOADING RESOURCE SURFACE FROM DISK
2409593.223	Study_Phase.SEQUENCE.Study_Instruction	LOADING RESOURCE SURFACE FROM DISK
2417872.603	Study_Phase.SEQUENCE.Study_Instruction	LOADING RESOURCE SURFACE FROM DISK
2417912.328	Study_Phase.SEQUENCE.Study_Instruction	LOADING RESOURCE SURFACE FROM DISK
2426185.759	Study_Phase.SEQUENCE.Study_Instruction	LOADING RESOURCE SURFACE FROM DISK
2434479.196	Study_Phase.SEQUENCE.Study_Instruction	LOADING RESOURCE SURFACE FROM DISK
2442786.902	Study_Phase.SEQUENCE.Study_Instruction	LOADING RESOURCE SURFACE FROM DISK
2451053.68	Study_Phase.SEQUENCE.Study_Instruction	LOADING RESOURCE SURFACE FROM DISK
2459322.567	Study_Phase.SEQUENCE.Study_Instruction	LOADING RESOURCE SURFACE FROM DISK
2459367.045	Study_Phase.SEQUENCE.Study_Instruction	LOADING RESOURCE SURFACE FROM DISK
2467671.796	Study_Phase.SEQUENCE.Study_Instruction	LOADING RESOURCE SURFACE FROM DISK
2475979.455	Study_Phase.SEQUENCE.Study_Instruction	LOADING RESOURCE SURFACE FROM DISK
2484255.812	Study_Phase.SEQUENCE.Study_Instruction	LOADING RESOURCE SURFACE FROM DISK
2484298.569	Study_Phase.SEQUENCE.Study_Instruction	LOADING RESOURCE SURFACE FROM DISK
2492605.728	Study_Phase.SEQUENCE.Study_Instruction	LOADING RESOURCE SURFACE FROM DISK
2500872.896	Study_Phase.SEQUENCE.Study_Instruction	LOADING RESOURCE SURFACE FROM DISK
2500910.076	Study_Phase.SEQUENCE.Study_Instruction	LOADING RESOURCE SURFACE FROM DISK
2509172.61	Study_Phase.SEQUENCE.Study_Instruction	LOADING RESOURCE SURFACE FROM DISK
2509175.411	Study_Phase.SEQUENCE.Study_Instruction	LOADING RESOURCE SURFACE FROM DISK
2517456.011	Study_Phase.SEQUENCE.Study_Instruction	LOADING RESOURCE SURFACE FROM DISK
2517519.838	Study_Phase.SEQUENCE.Study_Instruction	LOADING RESOURCE SURFACE FROM DISK
2525825.229	Study_Phase.SEQUENCE.Study_Instruction	LOADING RESOURCE SURFACE FROM DISK
2534105.836	Study_Phase.SEQUENCE.Study_Instruction	LOADING RESOURCE SURFACE FROM DISK
2534143.666	Study_Phase.SEQUENCE.Study_Instruction	LOADING RESOURCE SURFACE FROM DISK
2542457.667	Study_Phase.SEQUENCE.Study_Instruction	LOADING RESOURCE SURFACE FROM DISK
2550739.456	Study_Phase.SEQUENCE.Study_Instruction	LOADING RESOURCE SURFACE FROM DISK
2550779.474	Study_Phase.SEQUENCE.Study_Instruction	LOADING RESOURCE SURFACE FROM DISK
2559086.854	Study_Phase.SEQUENCE.Study_Instruction	LOADING RESOURCE SURFACE FROM DISK
2567339.164	Study_Phase.SEQUENCE.Study_Instruction	LOADING RESOURCE SURFACE FROM DISK
2567341.642	Study_Phase.SEQUENCE.Study_Instruction	LOADING RESOURCE SURFACE FROM DISK
2575620.494	Study_Phase.SEQUENCE.Study_Instruction	LOADING RESOURCE SURFACE FROM DISK
2583889.37	Study_Phase.SEQUENCE.Study_Instruction	LOADING RESOURCE SURFACE FROM DISK
2583928.517	Study_Phase.SEQUENCE.Study_Instruction	LOADING RESOURCE SURFACE FROM DISK
2592202.613	Study_Phase.SEQUENCE.Study_Instruction	LOADING RESOURCE SURFACE FROM DISK
2600472.923	Study_Phase.SEQUENCE.Study_Instruction	LOADING RESOURCE SURFACE FROM DISK
2600511.975	Study_Phase.SEQUENCE.Study_Instruction	LOADING RESOURCE SURFACE FROM DISK
2608839.752	Study_Phase.SEQUENCE.Study_Instruction	LOADING RESOURCE SURFACE FROM DISK
2617106.034	Study_Phase.SEQUENCE.Study_Instruction	LOADING RESOURCE SURFACE FROM DISK
2617108.529	Study_Phase.SEQUENCE.Study_Instruction	LOADING RESOURCE SURFACE FROM DISK
2625429.449	Study_Phase.SEQUENCE.Study_Instruction	LOADING RESOURCE SURFACE FROM DISK
2633705.993	Study_Phase.SEQUENCE.Study_Instruction	LOADING RESOURCE SURFACE FROM DISK
2633708.487	Study_Phase.SEQUENCE.Study_Instruction	LOADING RESOURCE SURFACE FROM DISK
2642030.037	Study_Phase.SEQUENCE.Study_Instruction	LOADING RESOURCE SURFACE FROM DISK
2650338.013	Study_Phase.SEQUENCE.Study_Instruction	LOADING RESOURCE SURFACE FROM DISK
2658602.431	Study_Phase.SEQUENCE.Study_Instruction	LOADING RESOURCE SURFACE FROM DISK
2666880.181	Study_Phase.SEQUENCE.Study_Instruction	LOADING RESOURCE SURFACE FROM DISK
2675155.778	Study_Phase.SEQUENCE.Study_Instruction	LOADING RESOURCE SURFACE FROM DISK
2675191.379	Study_Phase.SEQUENCE.Study_Instruction	LOADING RESOURCE SURFACE FROM DISK
2683508.087	Study_Phase.SEQUENCE.Study_Instruction	LOADING RESOURCE SURFACE FROM DISK
2691827.401	Study_Phase.SEQUENCE.Study_Instruction	LOADING RESOURCE SURFACE FROM DISK
2700089.281	Study_Phase.SEQUENCE.Study_Instruction	LOADING RESOURCE SURFACE FROM DISK
2700142.889	Study_Phase.SEQUENCE.Study_Instruction	LOADING RESOURCE SURFACE FROM DISK
2708458.014	Study_Phase.SEQUENCE.Study_Instruction	LOADING RESOURCE SURFACE FROM DISK
2716739.379	Study_Phase.SEQUENCE.Study_Instruction	LOADING RESOURCE SURFACE FROM DISK
2716741.998	Study_Phase.SEQUENCE.Study_Instruction	LOADING RESOURCE SURFACE FROM DISK
2725057.369	Study_Phase.SEQUENCE.Study_Instruction	LOADING RESOURCE SURFACE FROM DISK
2733322.74	Study_Phase.SEQUENCE.Study_Instruction	LOADING RESOURCE SURFACE FROM DISK
2733359.107	Study_Phase.SEQUENCE.Study_Instruction	LOADING RESOURCE SURFACE FROM DISK
2741639.266	Study_Phase.SEQUENCE.Study_Instruction	LOADING RESOURCE SURFACE FROM DISK
2741677.049	Study_Phase.SEQUENCE.Study_Instruction	LOADING RESOURCE SURFACE FROM DISK
2749953.602	Study_Phase.SEQUENCE.Study_Instruction	LOADING RESOURCE SURFACE FROM DISK
2758206.107	Study_Phase.SEQUENCE.Study_Instruction	LOADING RESOURCE SURFACE FROM DISK
2758252.222	Study_Phase.SEQUENCE.Study_Instruction	LOADING RESOURCE SURFACE FROM DISK
2766551.75	Study_Phase.SEQUENCE.Study_Instruction	LOADING RESOURCE SURFACE FROM DISK
2774822.695	Study_Phase.SEQUENCE.Study_Instruction	LOADING RESOURCE SURFACE FROM DISK
2774861.302	Study_Phase.SEQUENCE.Study_Instruction	LOADING RESOURCE SURFACE FROM DISK
2783139.54	Study_Phase.SEQUENCE.Study_Instruction	LOADING RESOURCE SURFACE FROM DISK
2783142.225	Study_Phase.SEQUENCE.Study_Instruction	LOADING RESOURCE SURFACE FROM DISK
2791422.717	Study_Phase.SEQUENCE.Study_Instruction	LOADING RESOURCE SURFACE FROM DISK
2791461.47	Study_Phase.SEQUENCE.Study_Instruction	LOADING RESOURCE SURFACE FROM DISK
2799754.755	Study_Phase.SEQUENCE.Study_Instruction	LOADING RESOURCE SURFACE FROM DISK
2808022.586	Study_Phase.SEQUENCE.Study_Instruction	LOADING RESOURCE SURFACE FROM DISK
2808025.109	Study_Phase.SEQUENCE.Study_Instruction	LOADING RESOURCE SURFACE FROM DISK
2816302.453	Study_Phase.SEQUENCE.Study_Instruction	LOADING RESOURCE SURFACE FROM DISK
2824587.723	Study_Phase.SEQUENCE.Study_Instruction	LOADING RESOURCE SURFACE FROM DISK
2832855.846	Study_Phase.SEQUENCE.Study_Instruction	LOADING RESOURCE SURFACE FROM DISK
2832895.281	Study_Phase.SEQUENCE.Study_Instruction	LOADING RESOURCE SURFACE FROM DISK
2841211.252	Study_Phase.SEQUENCE.Study_Instruction	LOADING RESOURCE SURFACE FROM DISK
2849489.477	Study_Phase.SEQUENCE.Study_Instruction	LOADING RESOURCE SURFACE FROM DISK
2849500.641	Study_Phase.SEQUENCE.Study_Instruction	LOADING RESOURCE SURFACE FROM DISK
2857809.47	Study_Phase.SEQUENCE.Study_Instruction	LOADING RESOURCE SURFACE FROM DISK
2866132.393	Study_Phase.SEQUENCE.Study_Instruction	LOADING RESOURCE SURFACE FROM DISK
2874402.498	Study_Phase.SEQUENCE.Study_Instruction	LOADING RESOURCE SURFACE FROM DISK
2882713.3	Study_Phase.SEQUENCE.Study_Instruction	LOADING RESOURCE SURFACE FROM DISK
2890989.335	Study_Phase.SEQUENCE.Study_Instruction	LOADING RESOURCE SURFACE FROM DISK
2891019.063	Study_Phase.SEQUENCE.Study_Instruction	LOADING RESOURCE SURFACE FROM DISK
2899328.578	Study_Phase.SEQUENCE.Study_Instruction	LOADING RESOURCE SURFACE FROM DISK
2907618.429	Study_Phase.SEQUENCE.Study_Instruction	LOADING RESOURCE SURFACE FROM DISK
2913849.374	DISPLAY_SCREEN[7]	LOADING RESOURCE SURFACE FROM DISK
3281687.281	Test_Phase.SEQUENCE.Target_Cue	LOADING RESOURCE SURFACE FROM DISK
3281729.451	Test_Phase.SEQUENCE.Target_Cue	LOADING RESOURCE SURFACE FROM DISK
3283752.252	Test_Phase.SEQUENCE.Word	LOADING RESOURCE SURFACE FROM DISK
3286811.747	Test_Phase.SEQUENCE.Test_Question	LOADING RESOURCE SURFACE FROM DISK
3286828.8	Test_Phase.SEQUENCE.Test_Question	LOADING RESOURCE SURFACE FROM DISK
3286833.898	Test_Phase.SEQUENCE.Test_Question	LOADING RESOURCE SURFACE FROM DISK
3286839.076	Test_Phase.SEQUENCE.Test_Question	LOADING RESOURCE SURFACE FROM DISK
3286841.086	Test_Phase.SEQUENCE.Test_Question	LOADING RESOURCE SURFACE FROM DISK
3286842.957	Test_Phase.SEQUENCE.Test_Question	LOADING RESOURCE SURFACE FROM DISK
3286844.827	Test_Phase.SEQUENCE.Test_Question	LOADING RESOURCE SURFACE FROM DISK
3286861.849	Test_Phase.SEQUENCE.Test_Question	LOADING RESOURCE SURFACE FROM DISK
3286876.104	Test_Phase.SEQUENCE.Test_Question	LOADING RESOURCE SURFACE FROM DISK
3286877.89	Test_Phase.SEQUENCE.Test_Question	LOADING RESOURCE SURFACE FROM DISK
3286879.583	Test_Phase.SEQUENCE.Test_Question	LOADING RESOURCE SURFACE FROM DISK
3286881.318	Test_Phase.SEQUENCE.Test_Question	LOADING RESOURCE SURFACE FROM DISK
3295028.457	Test_Phase.SEQUENCE.Word	LOADING RESOURCE SURFACE FROM DISK
3303018.858	Test_Phase.SEQUENCE.Word	LOADING RESOURCE SURFACE FROM DISK
3312069.148	Test_Phase.SEQUENCE.Word	LOADING RESOURCE SURFACE FROM DISK
3320956.985	Test_Phase.SEQUENCE.Word	LOADING RESOURCE SURFACE FROM DISK
3328235.634	Test_Phase.SEQUENCE.Word	LOADING RESOURCE SURFACE FROM DISK
3337352.19	Test_Phase.SEQUENCE.Word	LOADING RESOURCE SURFACE FROM DISK
3345060.893	Test_Phase.SEQUENCE.Word	LOADING RESOURCE SURFACE FROM DISK
3353118.852	Test_Phase.SEQUENCE.Word	LOADING RESOURCE SURFACE FROM DISK
3361375.907	Test_Phase.SEQUENCE.Word	LOADING RESOURCE SURFACE FROM DISK
3369669.368	Test_Phase.SEQUENCE.Word	LOADING RESOURCE SURFACE FROM DISK
3377768.785	Test_Phase.SEQUENCE.Word	LOADING RESOURCE SURFACE FROM DISK
3386502.417	Test_Phase.SEQUENCE.Word	LOADING RESOURCE SURFACE FROM DISK
3396285.635	Test_Phase.SEQUENCE.Word	LOADING RESOURCE SURFACE FROM DISK
3404018.965	Test_Phase.SEQUENCE.Word	LOADING RESOURCE SURFACE FROM DISK
3411868.9	Test_Phase.SEQUENCE.Word	LOADING RESOURCE SURFACE FROM DISK
3419569.6	Test_Phase.SEQUENCE.Word	LOADING RESOURCE SURFACE FROM DISK
3427535.709	Test_Phase.SEQUENCE.Word	LOADING RESOURCE SURFACE FROM DISK
3436253.421	Test_Phase.SEQUENCE.Word	LOADING RESOURCE SURFACE FROM DISK
3444352.282	Test_Phase.SEQUENCE.Word	LOADING RESOURCE SURFACE FROM DISK
3452027.222	Test_Phase.SEQUENCE.Word	LOADING RESOURCE SURFACE FROM DISK
3467625.138	Test_Phase.SEQUENCE.Word	LOADING RESOURCE SURFACE FROM DISK
3475768.957	Test_Phase.SEQUENCE.Word	LOADING RESOURCE SURFACE FROM DISK
3483735.599	Test_Phase.SEQUENCE.Word	LOADING RESOURCE SURFACE FROM DISK
3492925.522	Test_Phase.SEQUENCE.Word	LOADING RESOURCE SURFACE FROM DISK
3500735.525	Test_Phase.SEQUENCE.Word	LOADING RESOURCE SURFACE FROM DISK
3508518.111	Test_Phase.SEQUENCE.Word	LOADING RESOURCE SURFACE FROM DISK
3517302.312	Test_Phase.SEQUENCE.Word	LOADING RESOURCE SURFACE FROM DISK
3524702.336	Test_Phase.SEQUENCE.Word	LOADING RESOURCE SURFACE FROM DISK
3532403.143	Test_Phase.SEQUENCE.Word	LOADING RESOURCE SURFACE FROM DISK
3539769.067	Test_Phase.SEQUENCE.Word	LOADING RESOURCE SURFACE FROM DISK
3547635.472	Test_Phase.SEQUENCE.Word	LOADING RESOURCE SURFACE FROM DISK
3555408.609	Test_Phase.SEQUENCE.Word	LOADING RESOURCE SURFACE FROM DISK
3562585.808	Test_Phase.SEQUENCE.Word	LOADING RESOURCE SURFACE FROM DISK
3572002.352	Test_Phase.SEQUENCE.Word	LOADING RESOURCE SURFACE FROM DISK
3579368.874	Test_Phase.SEQUENCE.Word	LOADING RESOURCE SURFACE FROM DISK
3586822.026	Test_Phase.SEQUENCE.Word	LOADING RESOURCE SURFACE FROM DISK
3594968.957	Test_Phase.SEQUENCE.Word	LOADING RESOURCE SURFACE FROM DISK
3602185.582	Test_Phase.SEQUENCE.Word	LOADING RESOURCE SURFACE FROM DISK
3609418.958	Test_Phase.SEQUENCE.Word	LOADING RESOURCE SURFACE FROM DISK
3616752.436	Test_Phase.SEQUENCE.Word	LOADING RESOURCE SURFACE FROM DISK
3624241.308	Test_Phase.SEQUENCE.Word	LOADING RESOURCE SURFACE FROM DISK
3631468.955	Test_Phase.SEQUENCE.Word	LOADING RESOURCE SURFACE FROM DISK
3638668.794	Test_Phase.SEQUENCE.Word	LOADING RESOURCE SURFACE FROM DISK
3646052.46	Test_Phase.SEQUENCE.Word	LOADING RESOURCE SURFACE FROM DISK
3653502.279	Test_Phase.SEQUENCE.Word	LOADING RESOURCE SURFACE FROM DISK
3661022.605	Test_Phase.SEQUENCE.Word	LOADING RESOURCE SURFACE FROM DISK
3668335.687	Test_Phase.SEQUENCE.Word	LOADING RESOURCE SURFACE FROM DISK
3676352.352	Test_Phase.SEQUENCE.Word	LOADING RESOURCE SURFACE FROM DISK
3683585.504	Test_Phase.SEQUENCE.Word	LOADING RESOURCE SURFACE FROM DISK
3691285.422	Test_Phase.SEQUENCE.Word	LOADING RESOURCE SURFACE FROM DISK
3699692.908	Test_Phase.SEQUENCE.Word	LOADING RESOURCE SURFACE FROM DISK
3706985.632	Test_Phase.SEQUENCE.Word	LOADING RESOURCE SURFACE FROM DISK
3714268.964	Test_Phase.SEQUENCE.Word	LOADING RESOURCE SURFACE FROM DISK
3722320.89	Test_Phase.SEQUENCE.Word	LOADING RESOURCE SURFACE FROM DISK
3729627.247	Test_Phase.SEQUENCE.Word	LOADING RESOURCE SURFACE FROM DISK
3737521.495	Test_Phase.SEQUENCE.Word	LOADING RESOURCE SURFACE FROM DISK
3745302.548	Test_Phase.SEQUENCE.Word	LOADING RESOURCE SURFACE FROM DISK
3753021.963	Test_Phase.SEQUENCE.Word	LOADING RESOURCE SURFACE FROM DISK
3760526.28	Test_Phase.SEQUENCE.Word	LOADING RESOURCE SURFACE FROM DISK
3768635.638	Test_Phase.SEQUENCE.Word	LOADING RESOURCE SURFACE FROM DISK
3777235.821	Test_Phase.SEQUENCE.Word	LOADING RESOURCE SURFACE FROM DISK
3784735.489	Test_Phase.SEQUENCE.Word	LOADING RESOURCE SURFACE FROM DISK
3792574.748	Test_Phase.SEQUENCE.Word	LOADING RESOURCE SURFACE FROM DISK
3802235.496	Test_Phase.SEQUENCE.Word	LOADING RESOURCE SURFACE FROM DISK
3809835.545	Test_Phase.SEQUENCE.Word	LOADING RESOURCE SURFACE FROM DISK
3818694.306	Test_Phase.SEQUENCE.Word	LOADING RESOURCE SURFACE FROM DISK
3825923.545	Test_Phase.SEQUENCE.Word	LOADING RESOURCE SURFACE FROM DISK
3833602.394	Test_Phase.SEQUENCE.Word	LOADING RESOURCE SURFACE FROM DISK
3841985.613	Test_Phase.SEQUENCE.Word	LOADING RESOURCE SURFACE FROM DISK
3849602.349	Test_Phase.SEQUENCE.Word	LOADING RESOURCE SURFACE FROM DISK
3857027.557	Test_Phase.SEQUENCE.Word	LOADING RESOURCE SURFACE FROM DISK
3864530.265	Test_Phase.SEQUENCE.Word	LOADING RESOURCE SURFACE FROM DISK
3873257.117	Test_Phase.SEQUENCE.Word	LOADING RESOURCE SURFACE FROM DISK
3883068.963	Test_Phase.SEQUENCE.Word	LOADING RESOURCE SURFACE FROM DISK
3890269.195	Test_Phase.SEQUENCE.Word	LOADING RESOURCE SURFACE FROM DISK
3898543.602	Test_Phase.SEQUENCE.Word	LOADING RESOURCE SURFACE FROM DISK
3906036.899	Test_Phase.SEQUENCE.Word	LOADING RESOURCE SURFACE FROM DISK
3913268.981	Test_Phase.SEQUENCE.Word	LOADING RESOURCE SURFACE FROM DISK
3920502.161	Test_Phase.SEQUENCE.Word	LOADING RESOURCE SURFACE FROM DISK
3927718.744	Test_Phase.SEQUENCE.Word	LOADING RESOURCE SURFACE FROM DISK
3934989.461	Test_Phase.SEQUENCE.Word	LOADING RESOURCE SURFACE FROM DISK
3942811.619	Test_Phase.SEQUENCE.Word	LOADING RESOURCE SURFACE FROM DISK
3950285.548	Test_Phase.SEQUENCE.Word	LOADING RESOURCE SURFACE FROM DISK
3958036.046	Test_Phase.SEQUENCE.Word	LOADING RESOURCE SURFACE FROM DISK
3966569.188	Test_Phase.SEQUENCE.Word	LOADING RESOURCE SURFACE FROM DISK
3973852.441	Test_Phase.SEQUENCE.Word	LOADING RESOURCE SURFACE FROM DISK
3981352.442	Test_Phase.SEQUENCE.Word	LOADING RESOURCE SURFACE FROM DISK
3989202.652	Test_Phase.SEQUENCE.Word	LOADING RESOURCE SURFACE FROM DISK
3996658.671	Test_Phase.SEQUENCE.Word	LOADING RESOURCE SURFACE FROM DISK
4004051.594	Test_Phase.SEQUENCE.Word	LOADING RESOURCE SURFACE FROM DISK
4011985.661	Test_Phase.SEQUENCE.Word	LOADING RESOURCE SURFACE FROM DISK
4021135.92	Test_Phase.SEQUENCE.Word	LOADING RESOURCE SURFACE FROM DISK
4028618.778	Test_Phase.SEQUENCE.Word	LOADING RESOURCE SURFACE FROM DISK
4036885.752	Test_Phase.SEQUENCE.Word	LOADING RESOURCE SURFACE FROM DISK
4044818.991	Test_Phase.SEQUENCE.Word	LOADING RESOURCE SURFACE FROM DISK
4052385.475	Test_Phase.SEQUENCE.Word	LOADING RESOURCE SURFACE FROM DISK
4061218.905	Test_Phase.SEQUENCE.Word	LOADING RESOURCE SURFACE FROM DISK
4068355.738	Test_Phase.SEQUENCE.Word	LOADING RESOURCE SURFACE FROM DISK
4080038.075	Test_Phase.SEQUENCE.Word	LOADING RESOURCE SURFACE FROM DISK
4087502.526	Test_Phase.SEQUENCE.Word	LOADING RESOURCE SURFACE FROM DISK
4094753.524	Test_Phase.SEQUENCE.Word	LOADING RESOURCE SURFACE FROM DISK
4102152.107	Test_Phase.SEQUENCE.Word	LOADING RESOURCE SURFACE FROM DISK
4109052.324	Test_Phase.SEQUENCE.Word	LOADING RESOURCE SURFACE FROM DISK
4116689.034	Test_Phase.SEQUENCE.Word	LOADING RESOURCE SURFACE FROM DISK
4124052.179	Test_Phase.SEQUENCE.Word	LOADING RESOURCE SURFACE FROM DISK
4131435.53	Test_Phase.SEQUENCE.Word	LOADING RESOURCE SURFACE FROM DISK
4139929.879	Test_Phase.SEQUENCE.Word	LOADING RESOURCE SURFACE FROM DISK
4147402.271	Test_Phase.SEQUENCE.Word	LOADING RESOURCE SURFACE FROM DISK
4154969.138	Test_Phase.SEQUENCE.Word	LOADING RESOURCE SURFACE FROM DISK
4162085.65	Test_Phase.SEQUENCE.Word	LOADING RESOURCE SURFACE FROM DISK
4169675.76	Test_Phase.SEQUENCE.Word	LOADING RESOURCE SURFACE FROM DISK
4177969.026	Test_Phase.SEQUENCE.Word	LOADING RESOURCE SURFACE FROM DISK
4185585.631	Test_Phase.SEQUENCE.Word	LOADING RESOURCE SURFACE FROM DISK
4193685.832	Test_Phase.SEQUENCE.Word	LOADING RESOURCE SURFACE FROM DISK
4201246.112	Test_Phase.SEQUENCE.Word	LOADING RESOURCE SURFACE FROM DISK
4208302.429	Test_Phase.SEQUENCE.Word	LOADING RESOURCE SURFACE FROM DISK
4215385.702	Test_Phase.SEQUENCE.Word	LOADING RESOURCE SURFACE FROM DISK
4222418.929	Test_Phase.SEQUENCE.Word	LOADING RESOURCE SURFACE FROM DISK
4229644.77	Test_Phase.SEQUENCE.Word	LOADING RESOURCE SURFACE FROM DISK
4239702.271	Test_Phase.SEQUENCE.Word	LOADING RESOURCE SURFACE FROM DISK
4247540.111	Test_Phase.SEQUENCE.Word	LOADING RESOURCE SURFACE FROM DISK
4254818.923	Test_Phase.SEQUENCE.Word	LOADING RESOURCE SURFACE FROM DISK
4262101.82	Test_Phase.SEQUENCE.Word	LOADING RESOURCE SURFACE FROM DISK
4269285.909	Test_Phase.SEQUENCE.Word	LOADING RESOURCE SURFACE FROM DISK
4276822.788	Test_Phase.SEQUENCE.Word	LOADING RESOURCE SURFACE FROM DISK
4284035.724	Test_Phase.SEQUENCE.Word	LOADING RESOURCE SURFACE FROM DISK
4291436.472	Test_Phase.SEQUENCE.Word	LOADING RESOURCE SURFACE FROM DISK
4298718.738	Test_Phase.SEQUENCE.Word	LOADING RESOURCE SURFACE FROM DISK
4306544.379	Test_Phase.SEQUENCE.Word	LOADING RESOURCE SURFACE FROM DISK
4313585.698	Test_Phase.SEQUENCE.Word	LOADING RESOURCE SURFACE FROM DISK
4321720.822	Test_Phase.SEQUENCE.Word	LOADING RESOURCE SURFACE FROM DISK
4329135.718	Test_Phase.SEQUENCE.Word	LOADING RESOURCE SURFACE FROM DISK
4336452.629	Test_Phase.SEQUENCE.Word	LOADING RESOURCE SURFACE FROM DISK
4343485.423	Test_Phase.SEQUENCE.Word	LOADING RESOURCE SURFACE FROM DISK
4350901.579	Test_Phase.SEQUENCE.Word	LOADING RESOURCE SURFACE FROM DISK
4358253.47	Test_Phase.SEQUENCE.Word	LOADING RESOURCE SURFACE FROM DISK
4366536.117	Test_Phase.SEQUENCE.Word	LOADING RESOURCE SURFACE FROM DISK
4374638.212	Test_Phase.SEQUENCE.Word	LOADING RESOURCE SURFACE FROM DISK
4381925.264	Test_Phase.SEQUENCE.Word	LOADING RESOURCE SURFACE FROM DISK
4389551.196	Test_Phase.SEQUENCE.Word	LOADING RESOURCE SURFACE FROM DISK
4396952.601	Test_Phase.SEQUENCE.Word	LOADING RESOURCE SURFACE FROM DISK
4404336.329	Test_Phase.SEQUENCE.Word	LOADING RESOURCE SURFACE FROM DISK
4411474.24	Test_Phase.SEQUENCE.Word	LOADING RESOURCE SURFACE FROM DISK
4418644.341	Test_Phase.SEQUENCE.Word	LOADING RESOURCE SURFACE FROM DISK
4426925.755	Test_Phase.SEQUENCE.Word	LOADING RESOURCE SURFACE FROM DISK
4435185.742	Test_Phase.SEQUENCE.Word	LOADING RESOURCE SURFACE FROM DISK
4442617.95	Test_Phase.SEQUENCE.Word	LOADING RESOURCE SURFACE FROM DISK
4449795.507	Test_Phase.SEQUENCE.Word	LOADING RESOURCE SURFACE FROM DISK
4457052.197	Test_Phase.SEQUENCE.Word	LOADING RESOURCE SURFACE FROM DISK
4464295.433	Test_Phase.SEQUENCE.Word	LOADING RESOURCE SURFACE FROM DISK
4471743.981	Test_Phase.SEQUENCE.Word	LOADING RESOURCE SURFACE FROM DISK
4478938.799	Test_Phase.SEQUENCE.Word	LOADING RESOURCE SURFACE FROM DISK
4486375.895	Test_Phase.SEQUENCE.Word	LOADING RESOURCE SURFACE FROM DISK
4493627.749	Test_Phase.SEQUENCE.Word	LOADING RESOURCE SURFACE FROM DISK
4500760.86	Test_Phase.SEQUENCE.Word	LOADING RESOURCE SURFACE FROM DISK
4508002.605	Test_Phase.SEQUENCE.Word	LOADING RESOURCE SURFACE FROM DISK
4515359.632	Test_Phase.SEQUENCE.Word	LOADING RESOURCE SURFACE FROM DISK
4522818.996	Test_Phase.SEQUENCE.Word	LOADING RESOURCE SURFACE FROM DISK
4530028.193	Test_Phase.SEQUENCE.Word	LOADING RESOURCE SURFACE FROM DISK
4538035.48	Test_Phase.SEQUENCE.Word	LOADING RESOURCE SURFACE FROM DISK
4545435.999	Test_Phase.SEQUENCE.Word	LOADING RESOURCE SURFACE FROM DISK
4552892.878	Test_Phase.SEQUENCE.Word	LOADING RESOURCE SURFACE FROM DISK
4560408.037	Test_Phase.SEQUENCE.Word	LOADING RESOURCE SURFACE FROM DISK
4567619.341	Test_Phase.SEQUENCE.Word	LOADING RESOURCE SURFACE FROM DISK
4575068.808	Test_Phase.SEQUENCE.Word	LOADING RESOURCE SURFACE FROM DISK
4582535.724	Test_Phase.SEQUENCE.Word	LOADING RESOURCE SURFACE FROM DISK
4590152.358	Test_Phase.SEQUENCE.Word	LOADING RESOURCE SURFACE FROM DISK
4597468.836	Test_Phase.SEQUENCE.Word	LOADING RESOURCE SURFACE FROM DISK
4605178.759	Test_Phase.SEQUENCE.Word	LOADING RESOURCE SURFACE FROM DISK
4613075.947	Test_Phase.SEQUENCE.Word	LOADING RESOURCE SURFACE FROM DISK
4620252.221	Test_Phase.SEQUENCE.Word	LOADING RESOURCE SURFACE FROM DISK
4627318.854	Test_Phase.SEQUENCE.Word	LOADING RESOURCE SURFACE FROM DISK
4634577.698	Test_Phase.SEQUENCE.Word	LOADING RESOURCE SURFACE FROM DISK
4641685.543	Test_Phase.SEQUENCE.Word	LOADING RESOURCE SURFACE FROM DISK
4649068.886	Test_Phase.SEQUENCE.Word	LOADING RESOURCE SURFACE FROM DISK
4656618.814	Test_Phase.SEQUENCE.Word	LOADING RESOURCE SURFACE FROM DISK
4665026.641	Test_Phase.SEQUENCE.Word	LOADING RESOURCE SURFACE FROM DISK
4672220.979	Test_Phase.SEQUENCE.Word	LOADING RESOURCE SURFACE FROM DISK
4679609.045	Test_Phase.SEQUENCE.Word	LOADING RESOURCE SURFACE FROM DISK
4687752.321	Test_Phase.SEQUENCE.Word	LOADING RESOURCE SURFACE FROM DISK
4695119.365	Test_Phase.SEQUENCE.Word	LOADING RESOURCE SURFACE FROM DISK
4702352.233	Test_Phase.SEQUENCE.Word	LOADING RESOURCE SURFACE FROM DISK
4709708.252	Test_Phase.SEQUENCE.Word	LOADING RESOURCE SURFACE FROM DISK
4716918.818	Test_Phase.SEQUENCE.Word	LOADING RESOURCE SURFACE FROM DISK
4724041.782	Test_Phase.SEQUENCE.Word	LOADING RESOURCE SURFACE FROM DISK
4731935.546	Test_Phase.SEQUENCE.Word	LOADING RESOURCE SURFACE FROM DISK
4739135.489	Test_Phase.SEQUENCE.Word	LOADING RESOURCE SURFACE FROM DISK
4746319.022	Test_Phase.SEQUENCE.Word	LOADING RESOURCE SURFACE FROM DISK
4753974.7	Test_Phase.SEQUENCE.Word	LOADING RESOURCE SURFACE FROM DISK
4761418.885	Test_Phase.SEQUENCE.Word	LOADING RESOURCE SURFACE FROM DISK
4770537.952	Test_Phase.SEQUENCE.Word	LOADING RESOURCE SURFACE FROM DISK
4777995.785	Test_Phase.SEQUENCE.Word	LOADING RESOURCE SURFACE FROM DISK
4785172.222	Test_Phase.SEQUENCE.Word	LOADING RESOURCE SURFACE FROM DISK
4792402.272	Test_Phase.SEQUENCE.Word	LOADING RESOURCE SURFACE FROM DISK
4799418.834	Test_Phase.SEQUENCE.Word	LOADING RESOURCE SURFACE FROM DISK
4806685.521	Test_Phase.SEQUENCE.Word	LOADING RESOURCE SURFACE FROM DISK
4814425.468	Test_Phase.SEQUENCE.Word	LOADING RESOURCE SURFACE FROM DISK
4821985.662	Test_Phase.SEQUENCE.Word	LOADING RESOURCE SURFACE FROM DISK
4826329.203	DISPLAY_SCREEN	LOADING RESOURCE SURFACE FROM DISK
