4636.629	DISPLAY_SCREEN[1]	LOADING RESOURCE SURFACE FROM DISK
2164756.189	Familiarization_Phase.SEQUENCE.Cue_and_Instruction	LOADING RESOURCE SURFACE FROM DISK
2164760.324	Familiarization_Phase.SEQUENCE.Cue_and_Instruction	LOADING RESOURCE SURFACE FROM DISK
2170803.721	Familiarization_Phase.SEQUENCE.Cue_and_Instruction	LOADING RESOURCE SURFACE FROM DISK
2171088.028	Familiarization_Phase.SEQUENCE.Cue_and_Instruction	LOADING RESOURCE SURFACE FROM DISK
2177193.689	Familiarization_Phase.SEQUENCE.Cue_and_Instruction	LOADING RESOURCE SURFACE FROM DISK
2177198.566	Familiarization_Phase.SEQUENCE.Cue_and_Instruction	LOADING RESOURCE SURFACE FROM DISK
2219319.826	DISPLAY_SCREEN[3]	LOADING RESOURCE SURFACE FROM DISK
2221896.25	DISPLAY_SCREEN[5]	LOADING RESOURCE SURFACE FROM DISK
2387644.736	Practice_Phase.SEQUENCE.Blink_Screen	LOADING RESOURCE SURFACE FROM DISK
2388848.589	Practice_Phase.SEQUENCE.Practice_Luminance_Cue	LOADING RESOURCE SURFACE FROM DISK
2388850.915	Practice_Phase.SEQUENCE.Practice_Luminance_Cue	LOADING RESOURCE SURFACE FROM DISK
2389348.339	Practice_Phase.SEQUENCE.DISPLAY_SCREEN	LOADING RESOURCE SURFACE FROM DISK
2391122.033	Practice_Phase.SEQUENCE.Practice_Instruction	LOADING RESOURCE SURFACE FROM DISK
2391123.449	Practice_Phase.SEQUENCE.Practice_Instruction	flip time is later than desired time. Desired Time=2390867 Flip Time=2391134 Retrace Rate=16.641, prepareTime=280 flip request time 2391123
2397681.803	Practice_Phase.SEQUENCE.DISPLAY_SCREEN	LOADING RESOURCE SURFACE FROM DISK
2399178.421	Practice_Phase.SEQUENCE.Practice_Instruction	LOADING RESOURCE SURFACE FROM DISK
2405785.444	Practice_Phase.SEQUENCE.DISPLAY_SCREEN	LOADING RESOURCE SURFACE FROM DISK
2405787.247	Practice_Phase.SEQUENCE.DISPLAY_SCREEN	flip time is later than desired time. Desired Time=2405767 Flip Time=2405800 Retrace Rate=16.641, prepareTime=44 flip request time 2405787
2407278.398	Practice_Phase.SEQUENCE.Practice_Instruction	LOADING RESOURCE SURFACE FROM DISK
2413848.467	Practice_Phase.SEQUENCE.DISPLAY_SCREEN	LOADING RESOURCE SURFACE FROM DISK
2415387.994	Practice_Phase.SEQUENCE.Practice_Instruction	LOADING RESOURCE SURFACE FROM DISK
2415389.33	Practice_Phase.SEQUENCE.Practice_Instruction	flip time is later than desired time. Desired Time=2415367 Flip Time=2415400 Retrace Rate=16.641, prepareTime=46 flip request time 2415389
2421948.378	Practice_Phase.SEQUENCE.DISPLAY_SCREEN	LOADING RESOURCE SURFACE FROM DISK
2423445.318	Practice_Phase.SEQUENCE.Practice_Instruction	LOADING RESOURCE SURFACE FROM DISK
2430016.903	Practice_Phase.SEQUENCE.DISPLAY_SCREEN	LOADING RESOURCE SURFACE FROM DISK
2431511.788	Practice_Phase.SEQUENCE.Practice_Instruction	LOADING RESOURCE SURFACE FROM DISK
2438081.788	Practice_Phase.SEQUENCE.DISPLAY_SCREEN	LOADING RESOURCE SURFACE FROM DISK
2439578.586	Practice_Phase.SEQUENCE.Practice_Instruction	LOADING RESOURCE SURFACE FROM DISK
2446148.327	Practice_Phase.SEQUENCE.DISPLAY_SCREEN	LOADING RESOURCE SURFACE FROM DISK
2447645.372	Practice_Phase.SEQUENCE.Practice_Instruction	LOADING RESOURCE SURFACE FROM DISK
2454215.343	Practice_Phase.SEQUENCE.DISPLAY_SCREEN	LOADING RESOURCE SURFACE FROM DISK
2455711.866	Practice_Phase.SEQUENCE.Practice_Instruction	LOADING RESOURCE SURFACE FROM DISK
2460378.56	DISPLAY_SCREEN[2]	LOADING RESOURCE SURFACE FROM DISK
2599020.294	Study_Phase.SEQUENCE.Study_Instruction	LOADING RESOURCE SURFACE FROM DISK
2605773.252	Study_Phase.SEQUENCE.DISPLAY_SCREEN	LOADING RESOURCE SURFACE FROM DISK
2607287.068	Study_Phase.SEQUENCE.Study_Instruction	LOADING RESOURCE SURFACE FROM DISK
2615536.712	Study_Phase.SEQUENCE.Study_Instruction	LOADING RESOURCE SURFACE FROM DISK
2623830.092	Study_Phase.SEQUENCE.Study_Instruction	LOADING RESOURCE SURFACE FROM DISK
2632103.87	Study_Phase.SEQUENCE.Study_Instruction	LOADING RESOURCE SURFACE FROM DISK
2638856.69	Study_Phase.SEQUENCE.DISPLAY_SCREEN	LOADING RESOURCE SURFACE FROM DISK
2640370.57	Study_Phase.SEQUENCE.Study_Instruction	LOADING RESOURCE SURFACE FROM DISK
2648636.695	Study_Phase.SEQUENCE.Study_Instruction	LOADING RESOURCE SURFACE FROM DISK
2656904.239	Study_Phase.SEQUENCE.Study_Instruction	LOADING RESOURCE SURFACE FROM DISK
2665170.025	Study_Phase.SEQUENCE.Study_Instruction	LOADING RESOURCE SURFACE FROM DISK
2671923.706	Study_Phase.SEQUENCE.DISPLAY_SCREEN	LOADING RESOURCE SURFACE FROM DISK
2673437.186	Study_Phase.SEQUENCE.Study_Instruction	LOADING RESOURCE SURFACE FROM DISK
2680190.136	Study_Phase.SEQUENCE.DISPLAY_SCREEN	LOADING RESOURCE SURFACE FROM DISK
2681703.905	Study_Phase.SEQUENCE.Study_Instruction	LOADING RESOURCE SURFACE FROM DISK
2689970.51	Study_Phase.SEQUENCE.Study_Instruction	LOADING RESOURCE SURFACE FROM DISK
2696723.38	Study_Phase.SEQUENCE.DISPLAY_SCREEN	LOADING RESOURCE SURFACE FROM DISK
2698237.273	Study_Phase.SEQUENCE.Study_Instruction	LOADING RESOURCE SURFACE FROM DISK
2706503.884	Study_Phase.SEQUENCE.Study_Instruction	LOADING RESOURCE SURFACE FROM DISK
2713256.979	Study_Phase.SEQUENCE.DISPLAY_SCREEN	LOADING RESOURCE SURFACE FROM DISK
2714770.546	Study_Phase.SEQUENCE.Study_Instruction	LOADING RESOURCE SURFACE FROM DISK
2723036.591	Study_Phase.SEQUENCE.Study_Instruction	LOADING RESOURCE SURFACE FROM DISK
2729790.14	Study_Phase.SEQUENCE.DISPLAY_SCREEN	LOADING RESOURCE SURFACE FROM DISK
2731303.751	Study_Phase.SEQUENCE.Study_Instruction	LOADING RESOURCE SURFACE FROM DISK
2739600.099	Study_Phase.SEQUENCE.Study_Instruction	LOADING RESOURCE SURFACE FROM DISK
2746323.553	Study_Phase.SEQUENCE.DISPLAY_SCREEN	LOADING RESOURCE SURFACE FROM DISK
2747837.165	Study_Phase.SEQUENCE.Study_Instruction	LOADING RESOURCE SURFACE FROM DISK
2754590.3	Study_Phase.SEQUENCE.DISPLAY_SCREEN	LOADING RESOURCE SURFACE FROM DISK
2756104.0	Study_Phase.SEQUENCE.Study_Instruction	LOADING RESOURCE SURFACE FROM DISK
2764404.361	Study_Phase.SEQUENCE.Study_Instruction	LOADING RESOURCE SURFACE FROM DISK
2772670.571	Study_Phase.SEQUENCE.Study_Instruction	LOADING RESOURCE SURFACE FROM DISK
2779423.521	Study_Phase.SEQUENCE.DISPLAY_SCREEN	LOADING RESOURCE SURFACE FROM DISK
2780937.423	Study_Phase.SEQUENCE.Study_Instruction	LOADING RESOURCE SURFACE FROM DISK
2789203.333	Study_Phase.SEQUENCE.Study_Instruction	LOADING RESOURCE SURFACE FROM DISK
2797470.502	Study_Phase.SEQUENCE.Study_Instruction	LOADING RESOURCE SURFACE FROM DISK
2804223.397	Study_Phase.SEQUENCE.DISPLAY_SCREEN	LOADING RESOURCE SURFACE FROM DISK
2805737.114	Study_Phase.SEQUENCE.Study_Instruction	LOADING RESOURCE SURFACE FROM DISK
2814003.517	Study_Phase.SEQUENCE.Study_Instruction	LOADING RESOURCE SURFACE FROM DISK
2822236.681	Study_Phase.SEQUENCE.Study_Instruction	LOADING RESOURCE SURFACE FROM DISK
2830503.28	Study_Phase.SEQUENCE.Study_Instruction	LOADING RESOURCE SURFACE FROM DISK
2838770.012	Study_Phase.SEQUENCE.Study_Instruction	LOADING RESOURCE SURFACE FROM DISK
2845523.558	Study_Phase.SEQUENCE.DISPLAY_SCREEN	LOADING RESOURCE SURFACE FROM DISK
2847037.111	Study_Phase.SEQUENCE.Study_Instruction	LOADING RESOURCE SURFACE FROM DISK
2855303.898	Study_Phase.SEQUENCE.Study_Instruction	LOADING RESOURCE SURFACE FROM DISK
2862056.832	Study_Phase.SEQUENCE.DISPLAY_SCREEN	LOADING RESOURCE SURFACE FROM DISK
2863570.616	Study_Phase.SEQUENCE.Study_Instruction	LOADING RESOURCE SURFACE FROM DISK
2870323.502	Study_Phase.SEQUENCE.DISPLAY_SCREEN	LOADING RESOURCE SURFACE FROM DISK
2871837.257	Study_Phase.SEQUENCE.Study_Instruction	LOADING RESOURCE SURFACE FROM DISK
2880087.194	Study_Phase.SEQUENCE.Study_Instruction	LOADING RESOURCE SURFACE FROM DISK
2886839.985	Study_Phase.SEQUENCE.DISPLAY_SCREEN	LOADING RESOURCE SURFACE FROM DISK
2888353.727	Study_Phase.SEQUENCE.Study_Instruction	LOADING RESOURCE SURFACE FROM DISK
2896620.489	Study_Phase.SEQUENCE.Study_Instruction	LOADING RESOURCE SURFACE FROM DISK
2903373.321	Study_Phase.SEQUENCE.DISPLAY_SCREEN	LOADING RESOURCE SURFACE FROM DISK
2904887.018	Study_Phase.SEQUENCE.Study_Instruction	LOADING RESOURCE SURFACE FROM DISK
2913153.193	Study_Phase.SEQUENCE.Study_Instruction	LOADING RESOURCE SURFACE FROM DISK
2921420.482	Study_Phase.SEQUENCE.Study_Instruction	LOADING RESOURCE SURFACE FROM DISK
2929686.581	Study_Phase.SEQUENCE.Study_Instruction	LOADING RESOURCE SURFACE FROM DISK
2936439.994	Study_Phase.SEQUENCE.DISPLAY_SCREEN	LOADING RESOURCE SURFACE FROM DISK
2937953.786	Study_Phase.SEQUENCE.Study_Instruction	LOADING RESOURCE SURFACE FROM DISK
2944706.848	Study_Phase.SEQUENCE.DISPLAY_SCREEN	LOADING RESOURCE SURFACE FROM DISK
2946264.005	Study_Phase.SEQUENCE.Study_Instruction	LOADING RESOURCE SURFACE FROM DISK
2953023.477	Study_Phase.SEQUENCE.DISPLAY_SCREEN	LOADING RESOURCE SURFACE FROM DISK
2954537.173	Study_Phase.SEQUENCE.Study_Instruction	LOADING RESOURCE SURFACE FROM DISK
2962803.248	Study_Phase.SEQUENCE.Study_Instruction	LOADING RESOURCE SURFACE FROM DISK
2971070.6	Study_Phase.SEQUENCE.Study_Instruction	LOADING RESOURCE SURFACE FROM DISK
2979336.682	Study_Phase.SEQUENCE.Study_Instruction	LOADING RESOURCE SURFACE FROM DISK
2986090.146	Study_Phase.SEQUENCE.DISPLAY_SCREEN	LOADING RESOURCE SURFACE FROM DISK
2987603.949	Study_Phase.SEQUENCE.Study_Instruction	LOADING RESOURCE SURFACE FROM DISK
2995869.934	Study_Phase.SEQUENCE.Study_Instruction	LOADING RESOURCE SURFACE FROM DISK
3004136.627	Study_Phase.SEQUENCE.Study_Instruction	LOADING RESOURCE SURFACE FROM DISK
3012404.14	Study_Phase.SEQUENCE.Study_Instruction	LOADING RESOURCE SURFACE FROM DISK
3019156.811	Study_Phase.SEQUENCE.DISPLAY_SCREEN	LOADING RESOURCE SURFACE FROM DISK
3020706.472	Study_Phase.SEQUENCE.Study_Instruction	LOADING RESOURCE SURFACE FROM DISK
3027456.96	Study_Phase.SEQUENCE.DISPLAY_SCREEN	LOADING RESOURCE SURFACE FROM DISK
3028970.423	Study_Phase.SEQUENCE.Study_Instruction	LOADING RESOURCE SURFACE FROM DISK
3037237.116	Study_Phase.SEQUENCE.Study_Instruction	LOADING RESOURCE SURFACE FROM DISK
3043973.486	Study_Phase.SEQUENCE.DISPLAY_SCREEN	LOADING RESOURCE SURFACE FROM DISK
3045486.995	Study_Phase.SEQUENCE.Study_Instruction	LOADING RESOURCE SURFACE FROM DISK
3053753.987	Study_Phase.SEQUENCE.Study_Instruction	LOADING RESOURCE SURFACE FROM DISK
3060506.777	Study_Phase.SEQUENCE.DISPLAY_SCREEN	LOADING RESOURCE SURFACE FROM DISK
3062061.239	Study_Phase.SEQUENCE.Study_Instruction	LOADING RESOURCE SURFACE FROM DISK
3070336.619	Study_Phase.SEQUENCE.Study_Instruction	LOADING RESOURCE SURFACE FROM DISK
3078603.201	Study_Phase.SEQUENCE.Study_Instruction	LOADING RESOURCE SURFACE FROM DISK
3086903.707	Study_Phase.SEQUENCE.Study_Instruction	LOADING RESOURCE SURFACE FROM DISK
3095169.988	Study_Phase.SEQUENCE.Study_Instruction	LOADING RESOURCE SURFACE FROM DISK
3101906.924	Study_Phase.SEQUENCE.DISPLAY_SCREEN	LOADING RESOURCE SURFACE FROM DISK
3103458.084	Study_Phase.SEQUENCE.Study_Instruction	LOADING RESOURCE SURFACE FROM DISK
3110206.67	Study_Phase.SEQUENCE.DISPLAY_SCREEN	LOADING RESOURCE SURFACE FROM DISK
3111720.433	Study_Phase.SEQUENCE.Study_Instruction	LOADING RESOURCE SURFACE FROM DISK
3119987.215	Study_Phase.SEQUENCE.Study_Instruction	LOADING RESOURCE SURFACE FROM DISK
3128236.734	Study_Phase.SEQUENCE.Study_Instruction	LOADING RESOURCE SURFACE FROM DISK
3134989.909	Study_Phase.SEQUENCE.DISPLAY_SCREEN	LOADING RESOURCE SURFACE FROM DISK
3136503.749	Study_Phase.SEQUENCE.Study_Instruction	LOADING RESOURCE SURFACE FROM DISK
3144770.548	Study_Phase.SEQUENCE.Study_Instruction	LOADING RESOURCE SURFACE FROM DISK
3153072.247	Study_Phase.SEQUENCE.Study_Instruction	LOADING RESOURCE SURFACE FROM DISK
3159823.431	Study_Phase.SEQUENCE.DISPLAY_SCREEN	LOADING RESOURCE SURFACE FROM DISK
3161337.159	Study_Phase.SEQUENCE.Study_Instruction	LOADING RESOURCE SURFACE FROM DISK
3169603.807	Study_Phase.SEQUENCE.Study_Instruction	LOADING RESOURCE SURFACE FROM DISK
3176323.57	Study_Phase.SEQUENCE.DISPLAY_SCREEN	LOADING RESOURCE SURFACE FROM DISK
3177837.128	Study_Phase.SEQUENCE.Study_Instruction	LOADING RESOURCE SURFACE FROM DISK
3186103.154	Study_Phase.SEQUENCE.Study_Instruction	LOADING RESOURCE SURFACE FROM DISK
3194370.415	Study_Phase.SEQUENCE.Study_Instruction	LOADING RESOURCE SURFACE FROM DISK
3202689.626	Study_Phase.SEQUENCE.Study_Instruction	LOADING RESOURCE SURFACE FROM DISK
3210953.212	Study_Phase.SEQUENCE.Study_Instruction	LOADING RESOURCE SURFACE FROM DISK
3217689.903	Study_Phase.SEQUENCE.DISPLAY_SCREEN	LOADING RESOURCE SURFACE FROM DISK
3219203.878	Study_Phase.SEQUENCE.Study_Instruction	LOADING RESOURCE SURFACE FROM DISK
3225956.807	Study_Phase.SEQUENCE.DISPLAY_SCREEN	LOADING RESOURCE SURFACE FROM DISK
3227470.301	Study_Phase.SEQUENCE.Study_Instruction	LOADING RESOURCE SURFACE FROM DISK
3235736.597	Study_Phase.SEQUENCE.Study_Instruction	LOADING RESOURCE SURFACE FROM DISK
3244003.148	Study_Phase.SEQUENCE.Study_Instruction	LOADING RESOURCE SURFACE FROM DISK
3252253.929	Study_Phase.SEQUENCE.Study_Instruction	LOADING RESOURCE SURFACE FROM DISK
3259006.856	Study_Phase.SEQUENCE.DISPLAY_SCREEN	LOADING RESOURCE SURFACE FROM DISK
3260520.627	Study_Phase.SEQUENCE.Study_Instruction	LOADING RESOURCE SURFACE FROM DISK
3268786.787	Study_Phase.SEQUENCE.Study_Instruction	LOADING RESOURCE SURFACE FROM DISK
3277086.152	Study_Phase.SEQUENCE.Study_Instruction	LOADING RESOURCE SURFACE FROM DISK
3283840.166	Study_Phase.SEQUENCE.DISPLAY_SCREEN	LOADING RESOURCE SURFACE FROM DISK
3285353.81	Study_Phase.SEQUENCE.Study_Instruction	LOADING RESOURCE SURFACE FROM DISK
3293619.792	Study_Phase.SEQUENCE.Study_Instruction	LOADING RESOURCE SURFACE FROM DISK
3301887.206	Study_Phase.SEQUENCE.Study_Instruction	LOADING RESOURCE SURFACE FROM DISK
3308640.258	Study_Phase.SEQUENCE.DISPLAY_SCREEN	LOADING RESOURCE SURFACE FROM DISK
3310153.844	Study_Phase.SEQUENCE.Study_Instruction	LOADING RESOURCE SURFACE FROM DISK
3316906.838	Study_Phase.SEQUENCE.DISPLAY_SCREEN	LOADING RESOURCE SURFACE FROM DISK
3318420.675	Study_Phase.SEQUENCE.Study_Instruction	LOADING RESOURCE SURFACE FROM DISK
3325173.579	Study_Phase.SEQUENCE.DISPLAY_SCREEN	LOADING RESOURCE SURFACE FROM DISK
3326687.177	Study_Phase.SEQUENCE.Study_Instruction	LOADING RESOURCE SURFACE FROM DISK
3334986.432	Study_Phase.SEQUENCE.Study_Instruction	LOADING RESOURCE SURFACE FROM DISK
3343253.267	Study_Phase.SEQUENCE.Study_Instruction	LOADING RESOURCE SURFACE FROM DISK
3350006.747	Study_Phase.SEQUENCE.DISPLAY_SCREEN	LOADING RESOURCE SURFACE FROM DISK
3351520.379	Study_Phase.SEQUENCE.Study_Instruction	LOADING RESOURCE SURFACE FROM DISK
3359787.168	Study_Phase.SEQUENCE.Study_Instruction	LOADING RESOURCE SURFACE FROM DISK
3368053.229	Study_Phase.SEQUENCE.Study_Instruction	LOADING RESOURCE SURFACE FROM DISK
3374806.923	Study_Phase.SEQUENCE.DISPLAY_SCREEN	LOADING RESOURCE SURFACE FROM DISK
3376320.433	Study_Phase.SEQUENCE.Study_Instruction	LOADING RESOURCE SURFACE FROM DISK
3383073.325	Study_Phase.SEQUENCE.DISPLAY_SCREEN	LOADING RESOURCE SURFACE FROM DISK
3384587.092	Study_Phase.SEQUENCE.Study_Instruction	LOADING RESOURCE SURFACE FROM DISK
3391323.525	Study_Phase.SEQUENCE.DISPLAY_SCREEN	LOADING RESOURCE SURFACE FROM DISK
3392837.05	Study_Phase.SEQUENCE.Study_Instruction	LOADING RESOURCE SURFACE FROM DISK
3399590.1	Study_Phase.SEQUENCE.DISPLAY_SCREEN	LOADING RESOURCE SURFACE FROM DISK
3401103.706	Study_Phase.SEQUENCE.Study_Instruction	LOADING RESOURCE SURFACE FROM DISK
3407856.707	Study_Phase.SEQUENCE.DISPLAY_SCREEN	LOADING RESOURCE SURFACE FROM DISK
3409370.393	Study_Phase.SEQUENCE.Study_Instruction	LOADING RESOURCE SURFACE FROM DISK
3416123.28	Study_Phase.SEQUENCE.DISPLAY_SCREEN	LOADING RESOURCE SURFACE FROM DISK
3417637.109	Study_Phase.SEQUENCE.Study_Instruction	LOADING RESOURCE SURFACE FROM DISK
3425903.828	Study_Phase.SEQUENCE.Study_Instruction	LOADING RESOURCE SURFACE FROM DISK
3432640.079	Study_Phase.SEQUENCE.DISPLAY_SCREEN	LOADING RESOURCE SURFACE FROM DISK
3434153.799	Study_Phase.SEQUENCE.Study_Instruction	LOADING RESOURCE SURFACE FROM DISK
3440906.728	Study_Phase.SEQUENCE.DISPLAY_SCREEN	LOADING RESOURCE SURFACE FROM DISK
3442420.512	Study_Phase.SEQUENCE.Study_Instruction	LOADING RESOURCE SURFACE FROM DISK
3450687.069	Study_Phase.SEQUENCE.Study_Instruction	LOADING RESOURCE SURFACE FROM DISK
3457440.134	Study_Phase.SEQUENCE.DISPLAY_SCREEN	LOADING RESOURCE SURFACE FROM DISK
3458953.754	Study_Phase.SEQUENCE.Study_Instruction	LOADING RESOURCE SURFACE FROM DISK
3467220.537	Study_Phase.SEQUENCE.Study_Instruction	LOADING RESOURCE SURFACE FROM DISK
3475486.506	Study_Phase.SEQUENCE.Study_Instruction	LOADING RESOURCE SURFACE FROM DISK
3482240.259	Study_Phase.SEQUENCE.DISPLAY_SCREEN	LOADING RESOURCE SURFACE FROM DISK
3483753.865	Study_Phase.SEQUENCE.Study_Instruction	LOADING RESOURCE SURFACE FROM DISK
3492019.911	Study_Phase.SEQUENCE.Study_Instruction	LOADING RESOURCE SURFACE FROM DISK
3500287.105	Study_Phase.SEQUENCE.Study_Instruction	LOADING RESOURCE SURFACE FROM DISK
3507040.08	Study_Phase.SEQUENCE.DISPLAY_SCREEN	LOADING RESOURCE SURFACE FROM DISK
3508553.766	Study_Phase.SEQUENCE.Study_Instruction	LOADING RESOURCE SURFACE FROM DISK
3516820.401	Study_Phase.SEQUENCE.Study_Instruction	LOADING RESOURCE SURFACE FROM DISK
3523573.528	Study_Phase.SEQUENCE.DISPLAY_SCREEN	LOADING RESOURCE SURFACE FROM DISK
3525087.086	Study_Phase.SEQUENCE.Study_Instruction	LOADING RESOURCE SURFACE FROM DISK
3531839.987	Study_Phase.SEQUENCE.DISPLAY_SCREEN	LOADING RESOURCE SURFACE FROM DISK
3533353.669	Study_Phase.SEQUENCE.Study_Instruction	LOADING RESOURCE SURFACE FROM DISK
3541619.784	Study_Phase.SEQUENCE.Study_Instruction	LOADING RESOURCE SURFACE FROM DISK
3549886.589	Study_Phase.SEQUENCE.Study_Instruction	LOADING RESOURCE SURFACE FROM DISK
3558153.214	Study_Phase.SEQUENCE.Study_Instruction	LOADING RESOURCE SURFACE FROM DISK
3564906.841	Study_Phase.SEQUENCE.DISPLAY_SCREEN	LOADING RESOURCE SURFACE FROM DISK
3566420.374	Study_Phase.SEQUENCE.Study_Instruction	LOADING RESOURCE SURFACE FROM DISK
3573173.504	Study_Phase.SEQUENCE.DISPLAY_SCREEN	LOADING RESOURCE SURFACE FROM DISK
3574687.121	Study_Phase.SEQUENCE.Study_Instruction	LOADING RESOURCE SURFACE FROM DISK
3582953.978	Study_Phase.SEQUENCE.Study_Instruction	LOADING RESOURCE SURFACE FROM DISK
3587659.525	DISPLAY_SCREEN[7]	LOADING RESOURCE SURFACE FROM DISK
3885836.316	Test_Phase.SEQUENCE.Target_Cue	LOADING RESOURCE SURFACE FROM DISK
3885837.99	Test_Phase.SEQUENCE.Target_Cue	LOADING RESOURCE SURFACE FROM DISK
3887853.522	Test_Phase.SEQUENCE.Word	LOADING RESOURCE SURFACE FROM DISK
3890869.682	Test_Phase.SEQUENCE.Test_Question	LOADING RESOURCE SURFACE FROM DISK
3890871.357	Test_Phase.SEQUENCE.Test_Question	LOADING RESOURCE SURFACE FROM DISK
3890872.969	Test_Phase.SEQUENCE.Test_Question	LOADING RESOURCE SURFACE FROM DISK
3890874.537	Test_Phase.SEQUENCE.Test_Question	LOADING RESOURCE SURFACE FROM DISK
3890876.357	Test_Phase.SEQUENCE.Test_Question	LOADING RESOURCE SURFACE FROM DISK
3890877.991	Test_Phase.SEQUENCE.Test_Question	LOADING RESOURCE SURFACE FROM DISK
3890879.58	Test_Phase.SEQUENCE.Test_Question	LOADING RESOURCE SURFACE FROM DISK
3890881.205	Test_Phase.SEQUENCE.Test_Question	LOADING RESOURCE SURFACE FROM DISK
3890882.801	Test_Phase.SEQUENCE.Test_Question	LOADING RESOURCE SURFACE FROM DISK
3890884.357	Test_Phase.SEQUENCE.Test_Question	LOADING RESOURCE SURFACE FROM DISK
3890886.047	Test_Phase.SEQUENCE.Test_Question	LOADING RESOURCE SURFACE FROM DISK
3890887.685	Test_Phase.SEQUENCE.Test_Question	LOADING RESOURCE SURFACE FROM DISK
3903920.173	Test_Phase.SEQUENCE.Word	LOADING RESOURCE SURFACE FROM DISK
3913303.659	Test_Phase.SEQUENCE.Word	LOADING RESOURCE SURFACE FROM DISK
3921919.997	Test_Phase.SEQUENCE.Word	LOADING RESOURCE SURFACE FROM DISK
3929920.144	Test_Phase.SEQUENCE.Word	LOADING RESOURCE SURFACE FROM DISK
3940786.904	Test_Phase.SEQUENCE.Word	LOADING RESOURCE SURFACE FROM DISK
3950020.086	Test_Phase.SEQUENCE.Word	LOADING RESOURCE SURFACE FROM DISK
3960203.557	Test_Phase.SEQUENCE.Word	LOADING RESOURCE SURFACE FROM DISK
3970220.216	Test_Phase.SEQUENCE.Word	LOADING RESOURCE SURFACE FROM DISK
3982470.286	Test_Phase.SEQUENCE.Word	LOADING RESOURCE SURFACE FROM DISK
3992303.489	Test_Phase.SEQUENCE.Word	LOADING RESOURCE SURFACE FROM DISK
4000470.298	Test_Phase.SEQUENCE.Word	LOADING RESOURCE SURFACE FROM DISK
4008686.927	Test_Phase.SEQUENCE.Word	LOADING RESOURCE SURFACE FROM DISK
4017042.261	Test_Phase.SEQUENCE.Word	LOADING RESOURCE SURFACE FROM DISK
4026887.041	Test_Phase.SEQUENCE.Word	LOADING RESOURCE SURFACE FROM DISK
4036223.968	Test_Phase.SEQUENCE.Word	LOADING RESOURCE SURFACE FROM DISK
4045620.153	Test_Phase.SEQUENCE.Word	LOADING RESOURCE SURFACE FROM DISK
4055853.476	Test_Phase.SEQUENCE.Word	LOADING RESOURCE SURFACE FROM DISK
4065520.115	Test_Phase.SEQUENCE.Word	LOADING RESOURCE SURFACE FROM DISK
4074236.94	Test_Phase.SEQUENCE.Word	LOADING RESOURCE SURFACE FROM DISK
4086536.881	Test_Phase.SEQUENCE.Word	LOADING RESOURCE SURFACE FROM DISK
4095753.48	Test_Phase.SEQUENCE.Word	LOADING RESOURCE SURFACE FROM DISK
4104836.701	Test_Phase.SEQUENCE.Word	LOADING RESOURCE SURFACE FROM DISK
4112986.973	Test_Phase.SEQUENCE.Word	LOADING RESOURCE SURFACE FROM DISK
4120703.491	Test_Phase.SEQUENCE.Word	LOADING RESOURCE SURFACE FROM DISK
4129220.141	Test_Phase.SEQUENCE.Word	LOADING RESOURCE SURFACE FROM DISK
4139170.159	Test_Phase.SEQUENCE.Word	LOADING RESOURCE SURFACE FROM DISK
4147236.782	Test_Phase.SEQUENCE.Word	LOADING RESOURCE SURFACE FROM DISK
4155403.498	Test_Phase.SEQUENCE.Word	LOADING RESOURCE SURFACE FROM DISK
4163386.788	Test_Phase.SEQUENCE.Word	LOADING RESOURCE SURFACE FROM DISK
4172203.575	Test_Phase.SEQUENCE.Word	LOADING RESOURCE SURFACE FROM DISK
4181119.998	Test_Phase.SEQUENCE.Word	LOADING RESOURCE SURFACE FROM DISK
4189553.482	Test_Phase.SEQUENCE.Word	LOADING RESOURCE SURFACE FROM DISK
4199103.557	Test_Phase.SEQUENCE.Word	LOADING RESOURCE SURFACE FROM DISK
4208420.001	Test_Phase.SEQUENCE.Word	LOADING RESOURCE SURFACE FROM DISK
4218286.868	Test_Phase.SEQUENCE.Word	LOADING RESOURCE SURFACE FROM DISK
4230636.716	Test_Phase.SEQUENCE.Word	LOADING RESOURCE SURFACE FROM DISK
4238603.585	Test_Phase.SEQUENCE.Word	LOADING RESOURCE SURFACE FROM DISK
4247187.052	Test_Phase.SEQUENCE.Word	LOADING RESOURCE SURFACE FROM DISK
4255070.437	Test_Phase.SEQUENCE.Word	LOADING RESOURCE SURFACE FROM DISK
4263220.071	Test_Phase.SEQUENCE.Word	LOADING RESOURCE SURFACE FROM DISK
4272137.007	Test_Phase.SEQUENCE.Word	LOADING RESOURCE SURFACE FROM DISK
4281053.578	Test_Phase.SEQUENCE.Word	LOADING RESOURCE SURFACE FROM DISK
4290237.029	Test_Phase.SEQUENCE.Word	LOADING RESOURCE SURFACE FROM DISK
4298503.577	Test_Phase.SEQUENCE.Word	LOADING RESOURCE SURFACE FROM DISK
4306753.577	Test_Phase.SEQUENCE.Word	LOADING RESOURCE SURFACE FROM DISK
4314753.45	Test_Phase.SEQUENCE.Word	LOADING RESOURCE SURFACE FROM DISK
4324653.551	Test_Phase.SEQUENCE.Word	LOADING RESOURCE SURFACE FROM DISK
4333336.633	Test_Phase.SEQUENCE.Word	LOADING RESOURCE SURFACE FROM DISK
4341470.402	Test_Phase.SEQUENCE.Word	LOADING RESOURCE SURFACE FROM DISK
4349486.808	Test_Phase.SEQUENCE.Word	LOADING RESOURCE SURFACE FROM DISK
4357703.556	Test_Phase.SEQUENCE.Word	LOADING RESOURCE SURFACE FROM DISK
4365936.814	Test_Phase.SEQUENCE.Word	LOADING RESOURCE SURFACE FROM DISK
4374853.433	Test_Phase.SEQUENCE.Word	LOADING RESOURCE SURFACE FROM DISK
4382786.935	Test_Phase.SEQUENCE.Word	LOADING RESOURCE SURFACE FROM DISK
4392036.816	Test_Phase.SEQUENCE.Word	LOADING RESOURCE SURFACE FROM DISK
4401736.867	Test_Phase.SEQUENCE.Word	LOADING RESOURCE SURFACE FROM DISK
4409920.249	Test_Phase.SEQUENCE.Word	LOADING RESOURCE SURFACE FROM DISK
4417470.163	Test_Phase.SEQUENCE.Word	LOADING RESOURCE SURFACE FROM DISK
4426653.698	Test_Phase.SEQUENCE.Word	LOADING RESOURCE SURFACE FROM DISK
4434903.587	Test_Phase.SEQUENCE.Word	LOADING RESOURCE SURFACE FROM DISK
4442770.336	Test_Phase.SEQUENCE.Word	LOADING RESOURCE SURFACE FROM DISK
4450570.164	Test_Phase.SEQUENCE.Word	LOADING RESOURCE SURFACE FROM DISK
4458753.525	Test_Phase.SEQUENCE.Word	LOADING RESOURCE SURFACE FROM DISK
4466653.808	Test_Phase.SEQUENCE.Word	LOADING RESOURCE SURFACE FROM DISK
4476286.836	Test_Phase.SEQUENCE.Word	LOADING RESOURCE SURFACE FROM DISK
4484336.693	Test_Phase.SEQUENCE.Word	LOADING RESOURCE SURFACE FROM DISK
4492386.86	Test_Phase.SEQUENCE.Word	LOADING RESOURCE SURFACE FROM DISK
4506586.93	Test_Phase.SEQUENCE.Word	LOADING RESOURCE SURFACE FROM DISK
4514953.503	Test_Phase.SEQUENCE.Word	LOADING RESOURCE SURFACE FROM DISK
4522136.649	Test_Phase.SEQUENCE.Word	LOADING RESOURCE SURFACE FROM DISK
4536236.91	Test_Phase.SEQUENCE.Word	LOADING RESOURCE SURFACE FROM DISK
4566036.794	Test_Phase.SEQUENCE.Word	LOADING RESOURCE SURFACE FROM DISK
4574053.454	Test_Phase.SEQUENCE.Word	LOADING RESOURCE SURFACE FROM DISK
4583053.561	Test_Phase.SEQUENCE.Word	LOADING RESOURCE SURFACE FROM DISK
4591436.684	Test_Phase.SEQUENCE.Word	LOADING RESOURCE SURFACE FROM DISK
4599686.953	Test_Phase.SEQUENCE.Word	LOADING RESOURCE SURFACE FROM DISK
4616136.796	Test_Phase.SEQUENCE.Word	LOADING RESOURCE SURFACE FROM DISK
4624436.774	Test_Phase.SEQUENCE.Word	LOADING RESOURCE SURFACE FROM DISK
4632403.55	Test_Phase.SEQUENCE.Word	LOADING RESOURCE SURFACE FROM DISK
4643170.239	Test_Phase.SEQUENCE.Word	LOADING RESOURCE SURFACE FROM DISK
4651136.847	Test_Phase.SEQUENCE.Word	LOADING RESOURCE SURFACE FROM DISK
4658953.543	Test_Phase.SEQUENCE.Word	LOADING RESOURCE SURFACE FROM DISK
4667287.15	Test_Phase.SEQUENCE.Word	LOADING RESOURCE SURFACE FROM DISK
4677370.032	Test_Phase.SEQUENCE.Word	LOADING RESOURCE SURFACE FROM DISK
4689770.171	Test_Phase.SEQUENCE.Word	LOADING RESOURCE SURFACE FROM DISK
4697820.391	Test_Phase.SEQUENCE.Word	LOADING RESOURCE SURFACE FROM DISK
4707220.22	Test_Phase.SEQUENCE.Word	LOADING RESOURCE SURFACE FROM DISK
4715186.95	Test_Phase.SEQUENCE.Word	LOADING RESOURCE SURFACE FROM DISK
4723753.546	Test_Phase.SEQUENCE.Word	LOADING RESOURCE SURFACE FROM DISK
4731720.276	Test_Phase.SEQUENCE.Word	LOADING RESOURCE SURFACE FROM DISK
4740936.893	Test_Phase.SEQUENCE.Word	LOADING RESOURCE SURFACE FROM DISK
4749520.082	Test_Phase.SEQUENCE.Word	LOADING RESOURCE SURFACE FROM DISK
4757453.536	Test_Phase.SEQUENCE.Word	LOADING RESOURCE SURFACE FROM DISK
4766437.005	Test_Phase.SEQUENCE.Word	LOADING RESOURCE SURFACE FROM DISK
4776075.33	Test_Phase.SEQUENCE.Word	LOADING RESOURCE SURFACE FROM DISK
4785520.169	Test_Phase.SEQUENCE.Word	LOADING RESOURCE SURFACE FROM DISK
4794503.667	Test_Phase.SEQUENCE.Word	LOADING RESOURCE SURFACE FROM DISK
4802420.07	Test_Phase.SEQUENCE.Word	LOADING RESOURCE SURFACE FROM DISK
4810887.03	Test_Phase.SEQUENCE.Word	LOADING RESOURCE SURFACE FROM DISK
4821253.789	Test_Phase.SEQUENCE.Word	LOADING RESOURCE SURFACE FROM DISK
4833437.099	Test_Phase.SEQUENCE.Word	LOADING RESOURCE SURFACE FROM DISK
4841570.335	Test_Phase.SEQUENCE.Word	LOADING RESOURCE SURFACE FROM DISK
4849803.496	Test_Phase.SEQUENCE.Word	LOADING RESOURCE SURFACE FROM DISK
4859736.808	Test_Phase.SEQUENCE.Word	LOADING RESOURCE SURFACE FROM DISK
4867886.985	Test_Phase.SEQUENCE.Word	LOADING RESOURCE SURFACE FROM DISK
4875870.311	Test_Phase.SEQUENCE.Word	LOADING RESOURCE SURFACE FROM DISK
4884536.887	Test_Phase.SEQUENCE.Word	LOADING RESOURCE SURFACE FROM DISK
4892919.997	Test_Phase.SEQUENCE.Word	LOADING RESOURCE SURFACE FROM DISK
4901353.671	Test_Phase.SEQUENCE.Word	LOADING RESOURCE SURFACE FROM DISK
4909470.26	Test_Phase.SEQUENCE.Word	LOADING RESOURCE SURFACE FROM DISK
4918336.918	Test_Phase.SEQUENCE.Word	LOADING RESOURCE SURFACE FROM DISK
4926353.572	Test_Phase.SEQUENCE.Word	LOADING RESOURCE SURFACE FROM DISK
4935687.016	Test_Phase.SEQUENCE.Word	LOADING RESOURCE SURFACE FROM DISK
4944453.592	Test_Phase.SEQUENCE.Word	LOADING RESOURCE SURFACE FROM DISK
4956770.127	Test_Phase.SEQUENCE.Word	LOADING RESOURCE SURFACE FROM DISK
4964736.864	Test_Phase.SEQUENCE.Word	LOADING RESOURCE SURFACE FROM DISK
4973470.299	Test_Phase.SEQUENCE.Word	LOADING RESOURCE SURFACE FROM DISK
4983220.118	Test_Phase.SEQUENCE.Word	LOADING RESOURCE SURFACE FROM DISK
4991203.372	Test_Phase.SEQUENCE.Word	LOADING RESOURCE SURFACE FROM DISK
4999391.106	Test_Phase.SEQUENCE.Word	LOADING RESOURCE SURFACE FROM DISK
5010620.251	Test_Phase.SEQUENCE.Word	LOADING RESOURCE SURFACE FROM DISK
5019670.066	Test_Phase.SEQUENCE.Word	LOADING RESOURCE SURFACE FROM DISK
5027703.418	Test_Phase.SEQUENCE.Word	LOADING RESOURCE SURFACE FROM DISK
5035820.123	Test_Phase.SEQUENCE.Word	LOADING RESOURCE SURFACE FROM DISK
5043853.512	Test_Phase.SEQUENCE.Word	LOADING RESOURCE SURFACE FROM DISK
5051903.54	Test_Phase.SEQUENCE.Word	LOADING RESOURCE SURFACE FROM DISK
5059836.751	Test_Phase.SEQUENCE.Word	LOADING RESOURCE SURFACE FROM DISK
5070136.712	Test_Phase.SEQUENCE.Word	LOADING RESOURCE SURFACE FROM DISK
5080936.872	Test_Phase.SEQUENCE.Word	LOADING RESOURCE SURFACE FROM DISK
5091953.672	Test_Phase.SEQUENCE.Word	LOADING RESOURCE SURFACE FROM DISK
5100436.693	Test_Phase.SEQUENCE.Word	LOADING RESOURCE SURFACE FROM DISK
5109020.371	Test_Phase.SEQUENCE.Word	LOADING RESOURCE SURFACE FROM DISK
5117270.314	Test_Phase.SEQUENCE.Word	LOADING RESOURCE SURFACE FROM DISK
5125170.228	Test_Phase.SEQUENCE.Word	LOADING RESOURCE SURFACE FROM DISK
5135970.247	Test_Phase.SEQUENCE.Word	LOADING RESOURCE SURFACE FROM DISK
5144074.307	Test_Phase.SEQUENCE.Word	LOADING RESOURCE SURFACE FROM DISK
5155770.099	Test_Phase.SEQUENCE.Word	LOADING RESOURCE SURFACE FROM DISK
5164620.106	Test_Phase.SEQUENCE.Word	LOADING RESOURCE SURFACE FROM DISK
5175373.05	Test_Phase.SEQUENCE.Word	LOADING RESOURCE SURFACE FROM DISK
5183320.124	Test_Phase.SEQUENCE.Word	LOADING RESOURCE SURFACE FROM DISK
5192286.834	Test_Phase.SEQUENCE.Word	LOADING RESOURCE SURFACE FROM DISK
5209136.834	Test_Phase.SEQUENCE.Word	LOADING RESOURCE SURFACE FROM DISK
5218036.865	Test_Phase.SEQUENCE.Word	LOADING RESOURCE SURFACE FROM DISK
5226153.669	Test_Phase.SEQUENCE.Word	LOADING RESOURCE SURFACE FROM DISK
5234170.114	Test_Phase.SEQUENCE.Word	LOADING RESOURCE SURFACE FROM DISK
5243136.924	Test_Phase.SEQUENCE.Word	LOADING RESOURCE SURFACE FROM DISK
5252720.172	Test_Phase.SEQUENCE.Word	LOADING RESOURCE SURFACE FROM DISK
5261270.046	Test_Phase.SEQUENCE.Word	LOADING RESOURCE SURFACE FROM DISK
5270653.782	Test_Phase.SEQUENCE.Word	LOADING RESOURCE SURFACE FROM DISK
5278820.048	Test_Phase.SEQUENCE.Word	LOADING RESOURCE SURFACE FROM DISK
5289453.364	Test_Phase.SEQUENCE.Word	LOADING RESOURCE SURFACE FROM DISK
5300453.52	Test_Phase.SEQUENCE.Word	LOADING RESOURCE SURFACE FROM DISK
5309270.188	Test_Phase.SEQUENCE.Word	LOADING RESOURCE SURFACE FROM DISK
5324803.486	Test_Phase.SEQUENCE.Word	LOADING RESOURCE SURFACE FROM DISK
5333403.804	Test_Phase.SEQUENCE.Word	LOADING RESOURCE SURFACE FROM DISK
5343970.138	Test_Phase.SEQUENCE.Word	LOADING RESOURCE SURFACE FROM DISK
5351920.104	Test_Phase.SEQUENCE.Word	LOADING RESOURCE SURFACE FROM DISK
5361536.851	Test_Phase.SEQUENCE.Word	LOADING RESOURCE SURFACE FROM DISK
5369453.533	Test_Phase.SEQUENCE.Word	LOADING RESOURCE SURFACE FROM DISK
5378586.886	Test_Phase.SEQUENCE.Word	LOADING RESOURCE SURFACE FROM DISK
5390070.102	Test_Phase.SEQUENCE.Word	LOADING RESOURCE SURFACE FROM DISK
5398053.421	Test_Phase.SEQUENCE.Word	LOADING RESOURCE SURFACE FROM DISK
5407236.855	Test_Phase.SEQUENCE.Word	LOADING RESOURCE SURFACE FROM DISK
5415170.316	Test_Phase.SEQUENCE.Word	LOADING RESOURCE SURFACE FROM DISK
5424586.705	Test_Phase.SEQUENCE.Word	LOADING RESOURCE SURFACE FROM DISK
5432870.348	Test_Phase.SEQUENCE.Word	LOADING RESOURCE SURFACE FROM DISK
5440903.599	Test_Phase.SEQUENCE.Word	LOADING RESOURCE SURFACE FROM DISK
5451098.008	Test_Phase.SEQUENCE.Word	LOADING RESOURCE SURFACE FROM DISK
5461020.228	Test_Phase.SEQUENCE.Word	LOADING RESOURCE SURFACE FROM DISK
5473320.358	Test_Phase.SEQUENCE.Word	LOADING RESOURCE SURFACE FROM DISK
5481874.572	Test_Phase.SEQUENCE.Word	LOADING RESOURCE SURFACE FROM DISK
5490120.112	Test_Phase.SEQUENCE.Word	LOADING RESOURCE SURFACE FROM DISK
5498253.413	Test_Phase.SEQUENCE.Word	LOADING RESOURCE SURFACE FROM DISK
5506970.284	Test_Phase.SEQUENCE.Word	LOADING RESOURCE SURFACE FROM DISK
5515103.624	Test_Phase.SEQUENCE.Word	LOADING RESOURCE SURFACE FROM DISK
5528186.782	Test_Phase.SEQUENCE.Word	LOADING RESOURCE SURFACE FROM DISK
5536086.878	Test_Phase.SEQUENCE.Word	LOADING RESOURCE SURFACE FROM DISK
5544486.962	Test_Phase.SEQUENCE.Word	LOADING RESOURCE SURFACE FROM DISK
5562803.627	Test_Phase.SEQUENCE.Word	LOADING RESOURCE SURFACE FROM DISK
5571436.745	Test_Phase.SEQUENCE.Word	LOADING RESOURCE SURFACE FROM DISK
5579537.028	Test_Phase.SEQUENCE.Word	LOADING RESOURCE SURFACE FROM DISK
5587653.579	Test_Phase.SEQUENCE.Word	LOADING RESOURCE SURFACE FROM DISK
5596286.848	Test_Phase.SEQUENCE.Word	LOADING RESOURCE SURFACE FROM DISK
5604686.796	Test_Phase.SEQUENCE.Word	LOADING RESOURCE SURFACE FROM DISK
5613570.236	Test_Phase.SEQUENCE.Word	LOADING RESOURCE SURFACE FROM DISK
5622870.064	Test_Phase.SEQUENCE.Word	LOADING RESOURCE SURFACE FROM DISK
5632836.92	Test_Phase.SEQUENCE.Word	LOADING RESOURCE SURFACE FROM DISK
5640636.886	Test_Phase.SEQUENCE.Word	LOADING RESOURCE SURFACE FROM DISK
5648436.859	Test_Phase.SEQUENCE.Word	LOADING RESOURCE SURFACE FROM DISK
5657720.045	Test_Phase.SEQUENCE.Word	LOADING RESOURCE SURFACE FROM DISK
5666087.008	Test_Phase.SEQUENCE.Word	LOADING RESOURCE SURFACE FROM DISK
5674825.401	Test_Phase.SEQUENCE.Word	LOADING RESOURCE SURFACE FROM DISK
5685520.27	Test_Phase.SEQUENCE.Word	LOADING RESOURCE SURFACE FROM DISK
5694703.595	Test_Phase.SEQUENCE.Word	LOADING RESOURCE SURFACE FROM DISK
5705653.485	Test_Phase.SEQUENCE.Word	LOADING RESOURCE SURFACE FROM DISK
5713620.339	Test_Phase.SEQUENCE.Word	LOADING RESOURCE SURFACE FROM DISK
5722103.576	Test_Phase.SEQUENCE.Word	LOADING RESOURCE SURFACE FROM DISK
5730353.722	Test_Phase.SEQUENCE.Word	LOADING RESOURCE SURFACE FROM DISK
5735966.479	DISPLAY_SCREEN	LOADING RESOURCE SURFACE FROM DISK
5788968.131	DISPLAY_SCREEN	CONNECTION TO EYELINK TRACKER LOST
