4966.661	DISPLAY_SCREEN[1]	LOADING RESOURCE SURFACE FROM DISK
14294.142	Familiarization_Phase.SEQUENCE.Cue_and_Instruction	LOADING RESOURCE SURFACE FROM DISK
14310.196	Familiarization_Phase.SEQUENCE.Cue_and_Instruction	LOADING RESOURCE SURFACE FROM DISK
20385.226	Familiarization_Phase.SEQUENCE.Cue_and_Instruction	LOADING RESOURCE SURFACE FROM DISK
20404.108	Familiarization_Phase.SEQUENCE.Cue_and_Instruction	LOADING RESOURCE SURFACE FROM DISK
26622.864	Familiarization_Phase.SEQUENCE.Cue_and_Instruction	LOADING RESOURCE SURFACE FROM DISK
26659.205	Familiarization_Phase.SEQUENCE.Cue_and_Instruction	LOADING RESOURCE SURFACE FROM DISK
68935.735	DISPLAY_SCREEN[3]	LOADING RESOURCE SURFACE FROM DISK
146504.239	DISPLAY_SCREEN[5]	LOADING RESOURCE SURFACE FROM DISK
193258.213	Practice_Phase.SEQUENCE.Blink_Screen	LOADING RESOURCE SURFACE FROM DISK
193259.208	Practice_Phase.SEQUENCE.Blink_Screen	flip time is later than desired time. Desired Time=193258 Flip Time=193275 Retrace Rate=16.638, prepareTime=24 flip request time 193259
194472.869	Practice_Phase.SEQUENCE.Practice_Luminance_Cue	LOADING RESOURCE SURFACE FROM DISK
194475.161	Practice_Phase.SEQUENCE.Practice_Luminance_Cue	LOADING RESOURCE SURFACE FROM DISK
194476.81	Practice_Phase.SEQUENCE.Practice_Luminance_Cue	flip time is later than desired time. Desired Time=194475 Flip Time=194492 Retrace Rate=16.638, prepareTime=25 flip request time 194476
196486.522	Practice_Phase.SEQUENCE.Practice_Instruction	LOADING RESOURCE SURFACE FROM DISK
196488.799	Practice_Phase.SEQUENCE.Practice_Instruction	LOADING RESOURCE SURFACE FROM DISK
196490.417	Practice_Phase.SEQUENCE.Practice_Instruction	flip time is later than desired time. Desired Time=196492 Flip Time=196508 Retrace Rate=16.638, prepareTime=22 flip request time 196490
204592.191	Practice_Phase.SEQUENCE.Practice_Instruction	LOADING RESOURCE SURFACE FROM DISK
204594.545	Practice_Phase.SEQUENCE.Practice_Instruction	LOADING RESOURCE SURFACE FROM DISK
204596.107	Practice_Phase.SEQUENCE.Practice_Instruction	flip time is later than desired time. Desired Time=204592 Flip Time=204608 Retrace Rate=16.638, prepareTime=28 flip request time 204595
212681.754	Practice_Phase.SEQUENCE.Practice_Instruction	LOADING RESOURCE SURFACE FROM DISK
212684.145	Practice_Phase.SEQUENCE.Practice_Instruction	LOADING RESOURCE SURFACE FROM DISK
212685.665	Practice_Phase.SEQUENCE.Practice_Instruction	flip time is later than desired time. Desired Time=212675 Flip Time=212708 Retrace Rate=16.638, prepareTime=34 flip request time 212685
220759.379	Practice_Phase.SEQUENCE.Practice_Instruction	LOADING RESOURCE SURFACE FROM DISK
220779.699	Practice_Phase.SEQUENCE.Practice_Instruction	LOADING RESOURCE SURFACE FROM DISK
220781.321	Practice_Phase.SEQUENCE.Practice_Instruction	flip time is later than desired time. Desired Time=220775 Flip Time=220792 Retrace Rate=16.638, prepareTime=30 flip request time 220781
228842.826	Practice_Phase.SEQUENCE.Practice_Instruction	LOADING RESOURCE SURFACE FROM DISK
228868.353	Practice_Phase.SEQUENCE.Practice_Instruction	LOADING RESOURCE SURFACE FROM DISK
228869.845	Practice_Phase.SEQUENCE.Practice_Instruction	flip time is later than desired time. Desired Time=228858 Flip Time=228892 Retrace Rate=16.638, prepareTime=35 flip request time 228869
236943.092	Practice_Phase.SEQUENCE.Practice_Instruction	LOADING RESOURCE SURFACE FROM DISK
236968.045	Practice_Phase.SEQUENCE.Practice_Instruction	LOADING RESOURCE SURFACE FROM DISK
236969.58	Practice_Phase.SEQUENCE.Practice_Instruction	flip time is later than desired time. Desired Time=236958 Flip Time=236992 Retrace Rate=16.638, prepareTime=35 flip request time 236969
245042.902	Practice_Phase.SEQUENCE.Practice_Instruction	LOADING RESOURCE SURFACE FROM DISK
245056.649	Practice_Phase.SEQUENCE.Practice_Instruction	LOADING RESOURCE SURFACE FROM DISK
245058.306	Practice_Phase.SEQUENCE.Practice_Instruction	flip time is later than desired time. Desired Time=245058 Flip Time=245075 Retrace Rate=16.638, prepareTime=24 flip request time 245058
253126.271	Practice_Phase.SEQUENCE.Practice_Instruction	LOADING RESOURCE SURFACE FROM DISK
253134.323	Practice_Phase.SEQUENCE.Practice_Instruction	LOADING RESOURCE SURFACE FROM DISK
253135.807	Practice_Phase.SEQUENCE.Practice_Instruction	flip time is later than desired time. Desired Time=253142 Flip Time=253158 Retrace Rate=16.638, prepareTime=18 flip request time 253135
261209.441	Practice_Phase.SEQUENCE.Practice_Instruction	LOADING RESOURCE SURFACE FROM DISK
261234.043	Practice_Phase.SEQUENCE.Practice_Instruction	LOADING RESOURCE SURFACE FROM DISK
261235.548	Practice_Phase.SEQUENCE.Practice_Instruction	flip time is later than desired time. Desired Time=261225 Flip Time=261258 Retrace Rate=16.638, prepareTime=34 flip request time 261235
265920.857	DISPLAY_SCREEN[2]	LOADING RESOURCE SURFACE FROM DISK
341401.648	Study_Phase.SEQUENCE.Study_Instruction	LOADING RESOURCE SURFACE FROM DISK
341427.72	Study_Phase.SEQUENCE.Study_Instruction	LOADING RESOURCE SURFACE FROM DISK
349732.878	Study_Phase.SEQUENCE.Study_Instruction	LOADING RESOURCE SURFACE FROM DISK
358053.468	Study_Phase.SEQUENCE.Study_Instruction	LOADING RESOURCE SURFACE FROM DISK
366351.203	Study_Phase.SEQUENCE.Study_Instruction	LOADING RESOURCE SURFACE FROM DISK
366377.615	Study_Phase.SEQUENCE.Study_Instruction	LOADING RESOURCE SURFACE FROM DISK
371615.023	Study_Phase.SEQUENCE.START	TRIAL_ERROR received: retrying pylink.getEYELINK().startRecording
375684.721	Study_Phase.SEQUENCE.Study_Instruction	LOADING RESOURCE SURFACE FROM DISK
375703.649	Study_Phase.SEQUENCE.Study_Instruction	LOADING RESOURCE SURFACE FROM DISK
384018.02	Study_Phase.SEQUENCE.Study_Instruction	LOADING RESOURCE SURFACE FROM DISK
392317.826	Study_Phase.SEQUENCE.Study_Instruction	LOADING RESOURCE SURFACE FROM DISK
392342.999	Study_Phase.SEQUENCE.Study_Instruction	LOADING RESOURCE SURFACE FROM DISK
400651.862	Study_Phase.SEQUENCE.Study_Instruction	LOADING RESOURCE SURFACE FROM DISK
408951.322	Study_Phase.SEQUENCE.Study_Instruction	LOADING RESOURCE SURFACE FROM DISK
408976.189	Study_Phase.SEQUENCE.Study_Instruction	LOADING RESOURCE SURFACE FROM DISK
417278.92	Study_Phase.SEQUENCE.Study_Instruction	LOADING RESOURCE SURFACE FROM DISK
425568.091	Study_Phase.SEQUENCE.Study_Instruction	LOADING RESOURCE SURFACE FROM DISK
425590.558	Study_Phase.SEQUENCE.Study_Instruction	LOADING RESOURCE SURFACE FROM DISK
433903.109	Study_Phase.SEQUENCE.Study_Instruction	LOADING RESOURCE SURFACE FROM DISK
442201.438	Study_Phase.SEQUENCE.Study_Instruction	LOADING RESOURCE SURFACE FROM DISK
442221.503	Study_Phase.SEQUENCE.Study_Instruction	LOADING RESOURCE SURFACE FROM DISK
450517.851	Study_Phase.SEQUENCE.Study_Instruction	LOADING RESOURCE SURFACE FROM DISK
450543.664	Study_Phase.SEQUENCE.Study_Instruction	LOADING RESOURCE SURFACE FROM DISK
458834.567	Study_Phase.SEQUENCE.Study_Instruction	LOADING RESOURCE SURFACE FROM DISK
458850.545	Study_Phase.SEQUENCE.Study_Instruction	LOADING RESOURCE SURFACE FROM DISK
467166.457	Study_Phase.SEQUENCE.Study_Instruction	LOADING RESOURCE SURFACE FROM DISK
475482.809	Study_Phase.SEQUENCE.Study_Instruction	LOADING RESOURCE SURFACE FROM DISK
483768.313	Study_Phase.SEQUENCE.Study_Instruction	LOADING RESOURCE SURFACE FROM DISK
483795.161	Study_Phase.SEQUENCE.Study_Instruction	LOADING RESOURCE SURFACE FROM DISK
492098.607	Study_Phase.SEQUENCE.Study_Instruction	LOADING RESOURCE SURFACE FROM DISK
500403.389	Study_Phase.SEQUENCE.Study_Instruction	LOADING RESOURCE SURFACE FROM DISK
508701.494	Study_Phase.SEQUENCE.Study_Instruction	LOADING RESOURCE SURFACE FROM DISK
508721.366	Study_Phase.SEQUENCE.Study_Instruction	LOADING RESOURCE SURFACE FROM DISK
517030.255	Study_Phase.SEQUENCE.Study_Instruction	LOADING RESOURCE SURFACE FROM DISK
525317.984	Study_Phase.SEQUENCE.Study_Instruction	LOADING RESOURCE SURFACE FROM DISK
525340.736	Study_Phase.SEQUENCE.Study_Instruction	LOADING RESOURCE SURFACE FROM DISK
533644.016	Study_Phase.SEQUENCE.Study_Instruction	LOADING RESOURCE SURFACE FROM DISK
541953.462	Study_Phase.SEQUENCE.Study_Instruction	LOADING RESOURCE SURFACE FROM DISK
550251.145	Study_Phase.SEQUENCE.Study_Instruction	LOADING RESOURCE SURFACE FROM DISK
550273.729	Study_Phase.SEQUENCE.Study_Instruction	LOADING RESOURCE SURFACE FROM DISK
558569.414	Study_Phase.SEQUENCE.Study_Instruction	LOADING RESOURCE SURFACE FROM DISK
566884.895	Study_Phase.SEQUENCE.Study_Instruction	LOADING RESOURCE SURFACE FROM DISK
575184.509	Study_Phase.SEQUENCE.Study_Instruction	LOADING RESOURCE SURFACE FROM DISK
575207.208	Study_Phase.SEQUENCE.Study_Instruction	LOADING RESOURCE SURFACE FROM DISK
583517.712	Study_Phase.SEQUENCE.Study_Instruction	LOADING RESOURCE SURFACE FROM DISK
591814.385	Study_Phase.SEQUENCE.Study_Instruction	LOADING RESOURCE SURFACE FROM DISK
600149.766	Study_Phase.SEQUENCE.Study_Instruction	LOADING RESOURCE SURFACE FROM DISK
608464.116	Study_Phase.SEQUENCE.Study_Instruction	LOADING RESOURCE SURFACE FROM DISK
616769.214	Study_Phase.SEQUENCE.Study_Instruction	LOADING RESOURCE SURFACE FROM DISK
625068.067	Study_Phase.SEQUENCE.Study_Instruction	LOADING RESOURCE SURFACE FROM DISK
625085.526	Study_Phase.SEQUENCE.Study_Instruction	LOADING RESOURCE SURFACE FROM DISK
633384.698	Study_Phase.SEQUENCE.Study_Instruction	LOADING RESOURCE SURFACE FROM DISK
633406.521	Study_Phase.SEQUENCE.Study_Instruction	LOADING RESOURCE SURFACE FROM DISK
641701.318	Study_Phase.SEQUENCE.Study_Instruction	LOADING RESOURCE SURFACE FROM DISK
641718.027	Study_Phase.SEQUENCE.Study_Instruction	LOADING RESOURCE SURFACE FROM DISK
650017.775	Study_Phase.SEQUENCE.Study_Instruction	LOADING RESOURCE SURFACE FROM DISK
650045.373	Study_Phase.SEQUENCE.Study_Instruction	LOADING RESOURCE SURFACE FROM DISK
658344.175	Study_Phase.SEQUENCE.Study_Instruction	LOADING RESOURCE SURFACE FROM DISK
666634.993	Study_Phase.SEQUENCE.Study_Instruction	LOADING RESOURCE SURFACE FROM DISK
666661.405	Study_Phase.SEQUENCE.Study_Instruction	LOADING RESOURCE SURFACE FROM DISK
674962.415	Study_Phase.SEQUENCE.Study_Instruction	LOADING RESOURCE SURFACE FROM DISK
683251.311	Study_Phase.SEQUENCE.Study_Instruction	LOADING RESOURCE SURFACE FROM DISK
683276.826	Study_Phase.SEQUENCE.Study_Instruction	LOADING RESOURCE SURFACE FROM DISK
691580.243	Study_Phase.SEQUENCE.Study_Instruction	LOADING RESOURCE SURFACE FROM DISK
699882.333	Study_Phase.SEQUENCE.Study_Instruction	LOADING RESOURCE SURFACE FROM DISK
708167.87	Study_Phase.SEQUENCE.Study_Instruction	LOADING RESOURCE SURFACE FROM DISK
708185.431	Study_Phase.SEQUENCE.Study_Instruction	LOADING RESOURCE SURFACE FROM DISK
716502.73	Study_Phase.SEQUENCE.Study_Instruction	LOADING RESOURCE SURFACE FROM DISK
724816.288	Study_Phase.SEQUENCE.Study_Instruction	LOADING RESOURCE SURFACE FROM DISK
733101.557	Study_Phase.SEQUENCE.Study_Instruction	LOADING RESOURCE SURFACE FROM DISK
733121.536	Study_Phase.SEQUENCE.Study_Instruction	LOADING RESOURCE SURFACE FROM DISK
741418.007	Study_Phase.SEQUENCE.Study_Instruction	LOADING RESOURCE SURFACE FROM DISK
741445.384	Study_Phase.SEQUENCE.Study_Instruction	LOADING RESOURCE SURFACE FROM DISK
749734.756	Study_Phase.SEQUENCE.Study_Instruction	LOADING RESOURCE SURFACE FROM DISK
749748.146	Study_Phase.SEQUENCE.Study_Instruction	LOADING RESOURCE SURFACE FROM DISK
758047.208	Study_Phase.SEQUENCE.Study_Instruction	LOADING RESOURCE SURFACE FROM DISK
766350.159	Study_Phase.SEQUENCE.Study_Instruction	LOADING RESOURCE SURFACE FROM DISK
774669.273	Study_Phase.SEQUENCE.Study_Instruction	LOADING RESOURCE SURFACE FROM DISK
782984.38	Study_Phase.SEQUENCE.Study_Instruction	LOADING RESOURCE SURFACE FROM DISK
791284.624	Study_Phase.SEQUENCE.Study_Instruction	LOADING RESOURCE SURFACE FROM DISK
791306.198	Study_Phase.SEQUENCE.Study_Instruction	LOADING RESOURCE SURFACE FROM DISK
799601.387	Study_Phase.SEQUENCE.Study_Instruction	LOADING RESOURCE SURFACE FROM DISK
799623.81	Study_Phase.SEQUENCE.Study_Instruction	LOADING RESOURCE SURFACE FROM DISK
807934.896	Study_Phase.SEQUENCE.Study_Instruction	LOADING RESOURCE SURFACE FROM DISK
816246.446	Study_Phase.SEQUENCE.Study_Instruction	LOADING RESOURCE SURFACE FROM DISK
824543.595	Study_Phase.SEQUENCE.Study_Instruction	LOADING RESOURCE SURFACE FROM DISK
832853.179	Study_Phase.SEQUENCE.Study_Instruction	LOADING RESOURCE SURFACE FROM DISK
841151.302	Study_Phase.SEQUENCE.Study_Instruction	LOADING RESOURCE SURFACE FROM DISK
841171.39	Study_Phase.SEQUENCE.Study_Instruction	LOADING RESOURCE SURFACE FROM DISK
849487.022	Study_Phase.SEQUENCE.Study_Instruction	LOADING RESOURCE SURFACE FROM DISK
857804.248	Study_Phase.SEQUENCE.Study_Instruction	LOADING RESOURCE SURFACE FROM DISK
866116.524	Study_Phase.SEQUENCE.Study_Instruction	LOADING RESOURCE SURFACE FROM DISK
874418.985	Study_Phase.SEQUENCE.Study_Instruction	LOADING RESOURCE SURFACE FROM DISK
882701.384	Study_Phase.SEQUENCE.Study_Instruction	LOADING RESOURCE SURFACE FROM DISK
882726.547	Study_Phase.SEQUENCE.Study_Instruction	LOADING RESOURCE SURFACE FROM DISK
891027.706	Study_Phase.SEQUENCE.Study_Instruction	LOADING RESOURCE SURFACE FROM DISK
899351.61	Study_Phase.SEQUENCE.Study_Instruction	LOADING RESOURCE SURFACE FROM DISK
907651.265	Study_Phase.SEQUENCE.Study_Instruction	LOADING RESOURCE SURFACE FROM DISK
907668.581	Study_Phase.SEQUENCE.Study_Instruction	LOADING RESOURCE SURFACE FROM DISK
915982.256	Study_Phase.SEQUENCE.Study_Instruction	LOADING RESOURCE SURFACE FROM DISK
924267.89	Study_Phase.SEQUENCE.Study_Instruction	LOADING RESOURCE SURFACE FROM DISK
924291.774	Study_Phase.SEQUENCE.Study_Instruction	LOADING RESOURCE SURFACE FROM DISK
932584.814	Study_Phase.SEQUENCE.Study_Instruction	LOADING RESOURCE SURFACE FROM DISK
932606.697	Study_Phase.SEQUENCE.Study_Instruction	LOADING RESOURCE SURFACE FROM DISK
940918.251	Study_Phase.SEQUENCE.Study_Instruction	LOADING RESOURCE SURFACE FROM DISK
949231.313	Study_Phase.SEQUENCE.Study_Instruction	LOADING RESOURCE SURFACE FROM DISK
957517.991	Study_Phase.SEQUENCE.Study_Instruction	LOADING RESOURCE SURFACE FROM DISK
957544.028	Study_Phase.SEQUENCE.Study_Instruction	LOADING RESOURCE SURFACE FROM DISK
965851.583	Study_Phase.SEQUENCE.Study_Instruction	LOADING RESOURCE SURFACE FROM DISK
974168.239	Study_Phase.SEQUENCE.Study_Instruction	LOADING RESOURCE SURFACE FROM DISK
982484.805	Study_Phase.SEQUENCE.Study_Instruction	LOADING RESOURCE SURFACE FROM DISK
990816.291	Study_Phase.SEQUENCE.Study_Instruction	LOADING RESOURCE SURFACE FROM DISK
999101.316	Study_Phase.SEQUENCE.Study_Instruction	LOADING RESOURCE SURFACE FROM DISK
999123.596	Study_Phase.SEQUENCE.Study_Instruction	LOADING RESOURCE SURFACE FROM DISK
1007427.483	Study_Phase.SEQUENCE.Study_Instruction	LOADING RESOURCE SURFACE FROM DISK
1015721.007	Study_Phase.SEQUENCE.Study_Instruction	LOADING RESOURCE SURFACE FROM DISK
1024018.024	Study_Phase.SEQUENCE.Study_Instruction	LOADING RESOURCE SURFACE FROM DISK
1024039.338	Study_Phase.SEQUENCE.Study_Instruction	LOADING RESOURCE SURFACE FROM DISK
1032334.999	Study_Phase.SEQUENCE.Study_Instruction	LOADING RESOURCE SURFACE FROM DISK
1032361.476	Study_Phase.SEQUENCE.Study_Instruction	LOADING RESOURCE SURFACE FROM DISK
1040651.46	Study_Phase.SEQUENCE.Study_Instruction	LOADING RESOURCE SURFACE FROM DISK
1040670.499	Study_Phase.SEQUENCE.Study_Instruction	LOADING RESOURCE SURFACE FROM DISK
1048967.951	Study_Phase.SEQUENCE.Study_Instruction	LOADING RESOURCE SURFACE FROM DISK
1048993.72	Study_Phase.SEQUENCE.Study_Instruction	LOADING RESOURCE SURFACE FROM DISK
1057293.425	Study_Phase.SEQUENCE.Study_Instruction	LOADING RESOURCE SURFACE FROM DISK
1065584.52	Study_Phase.SEQUENCE.Study_Instruction	LOADING RESOURCE SURFACE FROM DISK
1065611.191	Study_Phase.SEQUENCE.Study_Instruction	LOADING RESOURCE SURFACE FROM DISK
1073913.674	Study_Phase.SEQUENCE.Study_Instruction	LOADING RESOURCE SURFACE FROM DISK
1082201.157	Study_Phase.SEQUENCE.Study_Instruction	LOADING RESOURCE SURFACE FROM DISK
1082222.838	Study_Phase.SEQUENCE.Study_Instruction	LOADING RESOURCE SURFACE FROM DISK
1090534.935	Study_Phase.SEQUENCE.Study_Instruction	LOADING RESOURCE SURFACE FROM DISK
1098834.634	Study_Phase.SEQUENCE.Study_Instruction	LOADING RESOURCE SURFACE FROM DISK
1098859.299	Study_Phase.SEQUENCE.Study_Instruction	LOADING RESOURCE SURFACE FROM DISK
1107151.223	Study_Phase.SEQUENCE.Study_Instruction	LOADING RESOURCE SURFACE FROM DISK
1107169.072	Study_Phase.SEQUENCE.Study_Instruction	LOADING RESOURCE SURFACE FROM DISK
1115468.249	Study_Phase.SEQUENCE.Study_Instruction	LOADING RESOURCE SURFACE FROM DISK
1115491.43	Study_Phase.SEQUENCE.Study_Instruction	LOADING RESOURCE SURFACE FROM DISK
1123784.594	Study_Phase.SEQUENCE.Study_Instruction	LOADING RESOURCE SURFACE FROM DISK
1123802.411	Study_Phase.SEQUENCE.Study_Instruction	LOADING RESOURCE SURFACE FROM DISK
1132113.488	Study_Phase.SEQUENCE.Study_Instruction	LOADING RESOURCE SURFACE FROM DISK
1140438.469	Study_Phase.SEQUENCE.Study_Instruction	LOADING RESOURCE SURFACE FROM DISK
1148745.549	Study_Phase.SEQUENCE.Study_Instruction	LOADING RESOURCE SURFACE FROM DISK
1157034.656	Study_Phase.SEQUENCE.Study_Instruction	LOADING RESOURCE SURFACE FROM DISK
1157062.993	Study_Phase.SEQUENCE.Study_Instruction	LOADING RESOURCE SURFACE FROM DISK
1165366.479	Study_Phase.SEQUENCE.Study_Instruction	LOADING RESOURCE SURFACE FROM DISK
1173662.494	Study_Phase.SEQUENCE.Study_Instruction	LOADING RESOURCE SURFACE FROM DISK
1181951.27	Study_Phase.SEQUENCE.Study_Instruction	LOADING RESOURCE SURFACE FROM DISK
1181977.456	Study_Phase.SEQUENCE.Study_Instruction	LOADING RESOURCE SURFACE FROM DISK
1190287.287	Study_Phase.SEQUENCE.Study_Instruction	LOADING RESOURCE SURFACE FROM DISK
1198588.912	Study_Phase.SEQUENCE.Study_Instruction	LOADING RESOURCE SURFACE FROM DISK
1206884.79	Study_Phase.SEQUENCE.Study_Instruction	LOADING RESOURCE SURFACE FROM DISK
1206908.163	Study_Phase.SEQUENCE.Study_Instruction	LOADING RESOURCE SURFACE FROM DISK
1215197.657	Study_Phase.SEQUENCE.Study_Instruction	LOADING RESOURCE SURFACE FROM DISK
1223499.054	Study_Phase.SEQUENCE.Study_Instruction	LOADING RESOURCE SURFACE FROM DISK
1231798.102	Study_Phase.SEQUENCE.Study_Instruction	LOADING RESOURCE SURFACE FROM DISK
1240097.929	Study_Phase.SEQUENCE.Study_Instruction	LOADING RESOURCE SURFACE FROM DISK
1248397.526	Study_Phase.SEQUENCE.Study_Instruction	LOADING RESOURCE SURFACE FROM DISK
1256684.992	Study_Phase.SEQUENCE.Study_Instruction	LOADING RESOURCE SURFACE FROM DISK
1256703.016	Study_Phase.SEQUENCE.Study_Instruction	LOADING RESOURCE SURFACE FROM DISK
1265001.254	Study_Phase.SEQUENCE.Study_Instruction	LOADING RESOURCE SURFACE FROM DISK
1265029.31	Study_Phase.SEQUENCE.Study_Instruction	LOADING RESOURCE SURFACE FROM DISK
1273318.021	Study_Phase.SEQUENCE.Study_Instruction	LOADING RESOURCE SURFACE FROM DISK
1273335.568	Study_Phase.SEQUENCE.Study_Instruction	LOADING RESOURCE SURFACE FROM DISK
1281645.452	Study_Phase.SEQUENCE.Study_Instruction	LOADING RESOURCE SURFACE FROM DISK
1289934.598	Study_Phase.SEQUENCE.Study_Instruction	LOADING RESOURCE SURFACE FROM DISK
1289975.397	Study_Phase.SEQUENCE.Study_Instruction	LOADING RESOURCE SURFACE FROM DISK
1298286.695	Study_Phase.SEQUENCE.Study_Instruction	LOADING RESOURCE SURFACE FROM DISK
1306596.208	Study_Phase.SEQUENCE.Study_Instruction	LOADING RESOURCE SURFACE FROM DISK
1314902.169	Study_Phase.SEQUENCE.Study_Instruction	LOADING RESOURCE SURFACE FROM DISK
1323196.849	Study_Phase.SEQUENCE.Study_Instruction	LOADING RESOURCE SURFACE FROM DISK
1331501.118	Study_Phase.SEQUENCE.Study_Instruction	LOADING RESOURCE SURFACE FROM DISK
1336245.651	DISPLAY_SCREEN[7]	LOADING RESOURCE SURFACE FROM DISK
1493328.151	Test_Phase.SEQUENCE.Target_Cue	LOADING RESOURCE SURFACE FROM DISK
1493340.526	Test_Phase.SEQUENCE.Target_Cue	LOADING RESOURCE SURFACE FROM DISK
1495386.528	Test_Phase.SEQUENCE.Word	LOADING RESOURCE SURFACE FROM DISK
1498438.112	Test_Phase.SEQUENCE.Test_Question	LOADING RESOURCE SURFACE FROM DISK
1498444.309	Test_Phase.SEQUENCE.Test_Question	LOADING RESOURCE SURFACE FROM DISK
1498450.243	Test_Phase.SEQUENCE.Test_Question	LOADING RESOURCE SURFACE FROM DISK
1498463.933	Test_Phase.SEQUENCE.Test_Question	LOADING RESOURCE SURFACE FROM DISK
1498466.292	Test_Phase.SEQUENCE.Test_Question	LOADING RESOURCE SURFACE FROM DISK
1498468.571	Test_Phase.SEQUENCE.Test_Question	LOADING RESOURCE SURFACE FROM DISK
1498470.821	Test_Phase.SEQUENCE.Test_Question	LOADING RESOURCE SURFACE FROM DISK
1498472.835	Test_Phase.SEQUENCE.Test_Question	LOADING RESOURCE SURFACE FROM DISK
1498474.787	Test_Phase.SEQUENCE.Test_Question	LOADING RESOURCE SURFACE FROM DISK
1498476.932	Test_Phase.SEQUENCE.Test_Question	LOADING RESOURCE SURFACE FROM DISK
1498478.945	Test_Phase.SEQUENCE.Test_Question	LOADING RESOURCE SURFACE FROM DISK
1498480.963	Test_Phase.SEQUENCE.Test_Question	LOADING RESOURCE SURFACE FROM DISK
1508132.199	Test_Phase.SEQUENCE.Word	LOADING RESOURCE SURFACE FROM DISK
1518677.66	Test_Phase.SEQUENCE.Word	LOADING RESOURCE SURFACE FROM DISK
1525995.013	Test_Phase.SEQUENCE.Word	LOADING RESOURCE SURFACE FROM DISK
1533266.166	Test_Phase.SEQUENCE.Word	LOADING RESOURCE SURFACE FROM DISK
1541295.091	Test_Phase.SEQUENCE.Word	LOADING RESOURCE SURFACE FROM DISK
1549445.066	Test_Phase.SEQUENCE.Word	LOADING RESOURCE SURFACE FROM DISK
1557344.993	Test_Phase.SEQUENCE.Word	LOADING RESOURCE SURFACE FROM DISK
1566311.666	Test_Phase.SEQUENCE.Word	LOADING RESOURCE SURFACE FROM DISK
1574561.911	Test_Phase.SEQUENCE.Word	LOADING RESOURCE SURFACE FROM DISK
1582461.717	Test_Phase.SEQUENCE.Word	LOADING RESOURCE SURFACE FROM DISK
1590658.491	Test_Phase.SEQUENCE.Word	LOADING RESOURCE SURFACE FROM DISK
1598620.635	Test_Phase.SEQUENCE.Word	LOADING RESOURCE SURFACE FROM DISK
1606361.915	Test_Phase.SEQUENCE.Word	LOADING RESOURCE SURFACE FROM DISK
1614095.178	Test_Phase.SEQUENCE.Word	LOADING RESOURCE SURFACE FROM DISK
1621846.405	Test_Phase.SEQUENCE.Word	LOADING RESOURCE SURFACE FROM DISK
1629730.887	Test_Phase.SEQUENCE.Word	LOADING RESOURCE SURFACE FROM DISK
1637860.543	Test_Phase.SEQUENCE.Word	LOADING RESOURCE SURFACE FROM DISK
1646128.31	Test_Phase.SEQUENCE.Word	LOADING RESOURCE SURFACE FROM DISK
1654184.337	Test_Phase.SEQUENCE.Word	LOADING RESOURCE SURFACE FROM DISK
1662200.326	Test_Phase.SEQUENCE.Word	LOADING RESOURCE SURFACE FROM DISK
1670949.78	Test_Phase.SEQUENCE.Word	LOADING RESOURCE SURFACE FROM DISK
1679028.039	Test_Phase.SEQUENCE.Word	LOADING RESOURCE SURFACE FROM DISK
1687428.453	Test_Phase.SEQUENCE.Word	LOADING RESOURCE SURFACE FROM DISK
1695379.475	Test_Phase.SEQUENCE.Word	LOADING RESOURCE SURFACE FROM DISK
1703628.585	Test_Phase.SEQUENCE.Word	LOADING RESOURCE SURFACE FROM DISK
1713178.294	Test_Phase.SEQUENCE.Word	LOADING RESOURCE SURFACE FROM DISK
1721211.659	Test_Phase.SEQUENCE.Word	LOADING RESOURCE SURFACE FROM DISK
1729661.658	Test_Phase.SEQUENCE.Word	LOADING RESOURCE SURFACE FROM DISK
1737828.505	Test_Phase.SEQUENCE.Word	LOADING RESOURCE SURFACE FROM DISK
1746111.611	Test_Phase.SEQUENCE.Word	LOADING RESOURCE SURFACE FROM DISK
1753914.459	Test_Phase.SEQUENCE.Word	LOADING RESOURCE SURFACE FROM DISK
1761861.724	Test_Phase.SEQUENCE.Word	LOADING RESOURCE SURFACE FROM DISK
1770011.611	Test_Phase.SEQUENCE.Word	LOADING RESOURCE SURFACE FROM DISK
1777811.612	Test_Phase.SEQUENCE.Word	LOADING RESOURCE SURFACE FROM DISK
1786779.888	Test_Phase.SEQUENCE.Word	LOADING RESOURCE SURFACE FROM DISK
1795045.0	Test_Phase.SEQUENCE.Word	LOADING RESOURCE SURFACE FROM DISK
1803211.607	Test_Phase.SEQUENCE.Word	LOADING RESOURCE SURFACE FROM DISK
1811078.288	Test_Phase.SEQUENCE.Word	LOADING RESOURCE SURFACE FROM DISK
1818978.434	Test_Phase.SEQUENCE.Word	LOADING RESOURCE SURFACE FROM DISK
1826761.707	Test_Phase.SEQUENCE.Word	LOADING RESOURCE SURFACE FROM DISK
1835028.388	Test_Phase.SEQUENCE.Word	LOADING RESOURCE SURFACE FROM DISK
1842911.539	Test_Phase.SEQUENCE.Word	LOADING RESOURCE SURFACE FROM DISK
1850645.028	Test_Phase.SEQUENCE.Word	LOADING RESOURCE SURFACE FROM DISK
1858595.202	Test_Phase.SEQUENCE.Word	LOADING RESOURCE SURFACE FROM DISK
1866778.244	Test_Phase.SEQUENCE.Word	LOADING RESOURCE SURFACE FROM DISK
1874930.135	Test_Phase.SEQUENCE.Word	LOADING RESOURCE SURFACE FROM DISK
1883361.8	Test_Phase.SEQUENCE.Word	LOADING RESOURCE SURFACE FROM DISK
1891652.824	Test_Phase.SEQUENCE.Word	LOADING RESOURCE SURFACE FROM DISK
1901345.058	Test_Phase.SEQUENCE.Word	LOADING RESOURCE SURFACE FROM DISK
1909828.386	Test_Phase.SEQUENCE.Word	LOADING RESOURCE SURFACE FROM DISK
1917711.673	Test_Phase.SEQUENCE.Word	LOADING RESOURCE SURFACE FROM DISK
1925445.022	Test_Phase.SEQUENCE.Word	LOADING RESOURCE SURFACE FROM DISK
1933488.555	Test_Phase.SEQUENCE.Word	LOADING RESOURCE SURFACE FROM DISK
1941931.214	Test_Phase.SEQUENCE.Word	LOADING RESOURCE SURFACE FROM DISK
1957532.147	Test_Phase.SEQUENCE.Word	LOADING RESOURCE SURFACE FROM DISK
1965528.45	Test_Phase.SEQUENCE.Word	LOADING RESOURCE SURFACE FROM DISK
1973745.029	Test_Phase.SEQUENCE.Word	LOADING RESOURCE SURFACE FROM DISK
1981580.435	Test_Phase.SEQUENCE.Word	LOADING RESOURCE SURFACE FROM DISK
1990097.427	Test_Phase.SEQUENCE.Word	LOADING RESOURCE SURFACE FROM DISK
1997711.658	Test_Phase.SEQUENCE.Word	LOADING RESOURCE SURFACE FROM DISK
2005483.467	Test_Phase.SEQUENCE.Word	LOADING RESOURCE SURFACE FROM DISK
2013947.58	Test_Phase.SEQUENCE.Word	LOADING RESOURCE SURFACE FROM DISK
2021778.405	Test_Phase.SEQUENCE.Word	LOADING RESOURCE SURFACE FROM DISK
2029900.387	Test_Phase.SEQUENCE.Word	LOADING RESOURCE SURFACE FROM DISK
2038728.525	Test_Phase.SEQUENCE.Word	LOADING RESOURCE SURFACE FROM DISK
2046432.423	Test_Phase.SEQUENCE.Word	LOADING RESOURCE SURFACE FROM DISK
2054128.383	Test_Phase.SEQUENCE.Word	LOADING RESOURCE SURFACE FROM DISK
2062062.457	Test_Phase.SEQUENCE.Word	LOADING RESOURCE SURFACE FROM DISK
2069828.328	Test_Phase.SEQUENCE.Word	LOADING RESOURCE SURFACE FROM DISK
2077871.938	Test_Phase.SEQUENCE.Word	LOADING RESOURCE SURFACE FROM DISK
2086030.295	Test_Phase.SEQUENCE.Word	LOADING RESOURCE SURFACE FROM DISK
2093955.369	Test_Phase.SEQUENCE.Word	LOADING RESOURCE SURFACE FROM DISK
2102853.394	Test_Phase.SEQUENCE.Word	LOADING RESOURCE SURFACE FROM DISK
2111395.206	Test_Phase.SEQUENCE.Word	LOADING RESOURCE SURFACE FROM DISK
2119795.004	Test_Phase.SEQUENCE.Word	LOADING RESOURCE SURFACE FROM DISK
2127711.539	Test_Phase.SEQUENCE.Word	LOADING RESOURCE SURFACE FROM DISK
2136786.919	Test_Phase.SEQUENCE.Word	LOADING RESOURCE SURFACE FROM DISK
2144428.357	Test_Phase.SEQUENCE.Word	LOADING RESOURCE SURFACE FROM DISK
2153694.866	Test_Phase.SEQUENCE.Word	LOADING RESOURCE SURFACE FROM DISK
2161745.178	Test_Phase.SEQUENCE.Word	LOADING RESOURCE SURFACE FROM DISK
2169894.983	Test_Phase.SEQUENCE.Word	LOADING RESOURCE SURFACE FROM DISK
2179194.962	Test_Phase.SEQUENCE.Word	LOADING RESOURCE SURFACE FROM DISK
2187278.385	Test_Phase.SEQUENCE.Word	LOADING RESOURCE SURFACE FROM DISK
2195178.392	Test_Phase.SEQUENCE.Word	LOADING RESOURCE SURFACE FROM DISK
2203195.075	Test_Phase.SEQUENCE.Word	LOADING RESOURCE SURFACE FROM DISK
2211128.467	Test_Phase.SEQUENCE.Word	LOADING RESOURCE SURFACE FROM DISK
2218961.646	Test_Phase.SEQUENCE.Word	LOADING RESOURCE SURFACE FROM DISK
2226778.262	Test_Phase.SEQUENCE.Word	LOADING RESOURCE SURFACE FROM DISK
2234700.471	Test_Phase.SEQUENCE.Word	LOADING RESOURCE SURFACE FROM DISK
2242963.452	Test_Phase.SEQUENCE.Word	LOADING RESOURCE SURFACE FROM DISK
2251378.533	Test_Phase.SEQUENCE.Word	LOADING RESOURCE SURFACE FROM DISK
2259195.103	Test_Phase.SEQUENCE.Word	LOADING RESOURCE SURFACE FROM DISK
2266978.295	Test_Phase.SEQUENCE.Word	LOADING RESOURCE SURFACE FROM DISK
2274828.437	Test_Phase.SEQUENCE.Word	LOADING RESOURCE SURFACE FROM DISK
2283098.827	Test_Phase.SEQUENCE.Word	LOADING RESOURCE SURFACE FROM DISK
2290831.446	Test_Phase.SEQUENCE.Word	LOADING RESOURCE SURFACE FROM DISK
2298595.112	Test_Phase.SEQUENCE.Word	LOADING RESOURCE SURFACE FROM DISK
2306452.744	Test_Phase.SEQUENCE.Word	LOADING RESOURCE SURFACE FROM DISK
2314494.944	Test_Phase.SEQUENCE.Word	LOADING RESOURCE SURFACE FROM DISK
2322422.711	Test_Phase.SEQUENCE.Word	LOADING RESOURCE SURFACE FROM DISK
2330661.654	Test_Phase.SEQUENCE.Word	LOADING RESOURCE SURFACE FROM DISK
2338578.411	Test_Phase.SEQUENCE.Word	LOADING RESOURCE SURFACE FROM DISK
2346694.909	Test_Phase.SEQUENCE.Word	LOADING RESOURCE SURFACE FROM DISK
2354511.626	Test_Phase.SEQUENCE.Word	LOADING RESOURCE SURFACE FROM DISK
2362281.042	Test_Phase.SEQUENCE.Word	LOADING RESOURCE SURFACE FROM DISK
2370269.011	Test_Phase.SEQUENCE.Word	LOADING RESOURCE SURFACE FROM DISK
2378794.957	Test_Phase.SEQUENCE.Word	LOADING RESOURCE SURFACE FROM DISK
2386911.863	Test_Phase.SEQUENCE.Word	LOADING RESOURCE SURFACE FROM DISK
2394938.39	Test_Phase.SEQUENCE.Word	LOADING RESOURCE SURFACE FROM DISK
2403346.422	Test_Phase.SEQUENCE.Word	LOADING RESOURCE SURFACE FROM DISK
2411728.346	Test_Phase.SEQUENCE.Word	LOADING RESOURCE SURFACE FROM DISK
2419761.696	Test_Phase.SEQUENCE.Word	LOADING RESOURCE SURFACE FROM DISK
2427548.995	Test_Phase.SEQUENCE.Word	LOADING RESOURCE SURFACE FROM DISK
2435461.739	Test_Phase.SEQUENCE.Word	LOADING RESOURCE SURFACE FROM DISK
2443418.877	Test_Phase.SEQUENCE.Word	LOADING RESOURCE SURFACE FROM DISK
2451178.199	Test_Phase.SEQUENCE.Word	LOADING RESOURCE SURFACE FROM DISK
2459094.988	Test_Phase.SEQUENCE.Word	LOADING RESOURCE SURFACE FROM DISK
2467211.431	Test_Phase.SEQUENCE.Word	LOADING RESOURCE SURFACE FROM DISK
2475322.203	Test_Phase.SEQUENCE.Word	LOADING RESOURCE SURFACE FROM DISK
2484211.672	Test_Phase.SEQUENCE.Word	LOADING RESOURCE SURFACE FROM DISK
2492219.757	Test_Phase.SEQUENCE.Word	LOADING RESOURCE SURFACE FROM DISK
2499928.537	Test_Phase.SEQUENCE.Word	LOADING RESOURCE SURFACE FROM DISK
2508136.434	Test_Phase.SEQUENCE.Word	LOADING RESOURCE SURFACE FROM DISK
2515936.408	Test_Phase.SEQUENCE.Word	LOADING RESOURCE SURFACE FROM DISK
2523878.252	Test_Phase.SEQUENCE.Word	LOADING RESOURCE SURFACE FROM DISK
2532055.921	Test_Phase.SEQUENCE.Word	LOADING RESOURCE SURFACE FROM DISK
2539978.473	Test_Phase.SEQUENCE.Word	LOADING RESOURCE SURFACE FROM DISK
2547728.374	Test_Phase.SEQUENCE.Word	LOADING RESOURCE SURFACE FROM DISK
2555496.488	Test_Phase.SEQUENCE.Word	LOADING RESOURCE SURFACE FROM DISK
2563944.972	Test_Phase.SEQUENCE.Word	LOADING RESOURCE SURFACE FROM DISK
2571411.728	Test_Phase.SEQUENCE.Word	LOADING RESOURCE SURFACE FROM DISK
2579195.131	Test_Phase.SEQUENCE.Word	LOADING RESOURCE SURFACE FROM DISK
2587914.44	Test_Phase.SEQUENCE.Word	LOADING RESOURCE SURFACE FROM DISK
2595911.725	Test_Phase.SEQUENCE.Word	LOADING RESOURCE SURFACE FROM DISK
2603981.542	Test_Phase.SEQUENCE.Word	LOADING RESOURCE SURFACE FROM DISK
2611567.229	Test_Phase.SEQUENCE.Word	LOADING RESOURCE SURFACE FROM DISK
2619795.101	Test_Phase.SEQUENCE.Word	LOADING RESOURCE SURFACE FROM DISK
2627754.673	Test_Phase.SEQUENCE.Word	LOADING RESOURCE SURFACE FROM DISK
2635464.994	Test_Phase.SEQUENCE.Word	LOADING RESOURCE SURFACE FROM DISK
2644061.423	Test_Phase.SEQUENCE.Word	LOADING RESOURCE SURFACE FROM DISK
2651932.113	Test_Phase.SEQUENCE.Word	LOADING RESOURCE SURFACE FROM DISK
2660186.442	Test_Phase.SEQUENCE.Word	LOADING RESOURCE SURFACE FROM DISK
2668230.459	Test_Phase.SEQUENCE.Word	LOADING RESOURCE SURFACE FROM DISK
2676261.919	Test_Phase.SEQUENCE.Word	LOADING RESOURCE SURFACE FROM DISK
2684161.63	Test_Phase.SEQUENCE.Word	LOADING RESOURCE SURFACE FROM DISK
2692096.471	Test_Phase.SEQUENCE.Word	LOADING RESOURCE SURFACE FROM DISK
2700011.633	Test_Phase.SEQUENCE.Word	LOADING RESOURCE SURFACE FROM DISK
2707295.889	Test_Phase.SEQUENCE.Word	LOADING RESOURCE SURFACE FROM DISK
2715211.752	Test_Phase.SEQUENCE.Word	LOADING RESOURCE SURFACE FROM DISK
2723211.653	Test_Phase.SEQUENCE.Word	LOADING RESOURCE SURFACE FROM DISK
2731045.092	Test_Phase.SEQUENCE.Word	LOADING RESOURCE SURFACE FROM DISK
2738911.735	Test_Phase.SEQUENCE.Word	LOADING RESOURCE SURFACE FROM DISK
2747016.689	Test_Phase.SEQUENCE.Word	LOADING RESOURCE SURFACE FROM DISK
2754828.681	Test_Phase.SEQUENCE.Word	LOADING RESOURCE SURFACE FROM DISK
2762611.792	Test_Phase.SEQUENCE.Word	LOADING RESOURCE SURFACE FROM DISK
2770495.125	Test_Phase.SEQUENCE.Word	LOADING RESOURCE SURFACE FROM DISK
2777987.675	Test_Phase.SEQUENCE.Word	LOADING RESOURCE SURFACE FROM DISK
2785828.525	Test_Phase.SEQUENCE.Word	LOADING RESOURCE SURFACE FROM DISK
2793550.122	Test_Phase.SEQUENCE.Word	LOADING RESOURCE SURFACE FROM DISK
2801461.675	Test_Phase.SEQUENCE.Word	LOADING RESOURCE SURFACE FROM DISK
2809228.402	Test_Phase.SEQUENCE.Word	LOADING RESOURCE SURFACE FROM DISK
2817035.42	Test_Phase.SEQUENCE.Word	LOADING RESOURCE SURFACE FROM DISK
2824982.138	Test_Phase.SEQUENCE.Word	LOADING RESOURCE SURFACE FROM DISK
2832945.017	Test_Phase.SEQUENCE.Word	LOADING RESOURCE SURFACE FROM DISK
2840803.376	Test_Phase.SEQUENCE.Word	LOADING RESOURCE SURFACE FROM DISK
2849428.299	Test_Phase.SEQUENCE.Word	LOADING RESOURCE SURFACE FROM DISK
2858206.548	Test_Phase.SEQUENCE.Word	LOADING RESOURCE SURFACE FROM DISK
2865828.647	Test_Phase.SEQUENCE.Word	LOADING RESOURCE SURFACE FROM DISK
2873728.321	Test_Phase.SEQUENCE.Word	LOADING RESOURCE SURFACE FROM DISK
2881535.849	Test_Phase.SEQUENCE.Word	LOADING RESOURCE SURFACE FROM DISK
2889928.397	Test_Phase.SEQUENCE.Word	LOADING RESOURCE SURFACE FROM DISK
2898228.422	Test_Phase.SEQUENCE.Word	LOADING RESOURCE SURFACE FROM DISK
2906296.675	Test_Phase.SEQUENCE.Word	LOADING RESOURCE SURFACE FROM DISK
2914135.126	Test_Phase.SEQUENCE.Word	LOADING RESOURCE SURFACE FROM DISK
2921783.971	Test_Phase.SEQUENCE.Word	LOADING RESOURCE SURFACE FROM DISK
2929622.982	Test_Phase.SEQUENCE.Word	LOADING RESOURCE SURFACE FROM DISK
2937534.522	Test_Phase.SEQUENCE.Word	LOADING RESOURCE SURFACE FROM DISK
2945499.953	Test_Phase.SEQUENCE.Word	LOADING RESOURCE SURFACE FROM DISK
2953420.476	Test_Phase.SEQUENCE.Word	LOADING RESOURCE SURFACE FROM DISK
2961721.777	Test_Phase.SEQUENCE.Word	LOADING RESOURCE SURFACE FROM DISK
2969824.514	Test_Phase.SEQUENCE.Word	LOADING RESOURCE SURFACE FROM DISK
2979278.469	Test_Phase.SEQUENCE.Word	LOADING RESOURCE SURFACE FROM DISK
2987195.063	Test_Phase.SEQUENCE.Word	LOADING RESOURCE SURFACE FROM DISK
2995182.834	Test_Phase.SEQUENCE.Word	LOADING RESOURCE SURFACE FROM DISK
3002972.161	Test_Phase.SEQUENCE.Word	LOADING RESOURCE SURFACE FROM DISK
3010995.057	Test_Phase.SEQUENCE.Word	LOADING RESOURCE SURFACE FROM DISK
3018928.315	Test_Phase.SEQUENCE.Word	LOADING RESOURCE SURFACE FROM DISK
3027302.057	Test_Phase.SEQUENCE.Word	LOADING RESOURCE SURFACE FROM DISK
3035586.068	Test_Phase.SEQUENCE.Word	LOADING RESOURCE SURFACE FROM DISK
3043361.784	Test_Phase.SEQUENCE.Word	LOADING RESOURCE SURFACE FROM DISK
3051245.256	Test_Phase.SEQUENCE.Word	LOADING RESOURCE SURFACE FROM DISK
3059211.772	Test_Phase.SEQUENCE.Word	LOADING RESOURCE SURFACE FROM DISK
3067185.577	Test_Phase.SEQUENCE.Word	LOADING RESOURCE SURFACE FROM DISK
3074812.47	Test_Phase.SEQUENCE.Word	LOADING RESOURCE SURFACE FROM DISK
3082813.955	Test_Phase.SEQUENCE.Word	LOADING RESOURCE SURFACE FROM DISK
3090756.524	Test_Phase.SEQUENCE.Word	LOADING RESOURCE SURFACE FROM DISK
3098611.613	Test_Phase.SEQUENCE.Word	LOADING RESOURCE SURFACE FROM DISK
3106739.889	Test_Phase.SEQUENCE.Word	LOADING RESOURCE SURFACE FROM DISK
3110862.553	DISPLAY_SCREEN	LOADING RESOURCE SURFACE FROM DISK
