4446.62	DISPLAY_SCREEN[1]	LOADING RESOURCE SURFACE FROM DISK
257467.271	Familiarization_Phase.SEQUENCE.Cue_and_Instruction	LOADING RESOURCE SURFACE FROM DISK
257471.203	Familiarization_Phase.SEQUENCE.Cue_and_Instruction	LOADING RESOURCE SURFACE FROM DISK
263511.838	Familiarization_Phase.SEQUENCE.Cue_and_Instruction	LOADING RESOURCE SURFACE FROM DISK
263516.036	Familiarization_Phase.SEQUENCE.Cue_and_Instruction	LOADING RESOURCE SURFACE FROM DISK
269562.309	Familiarization_Phase.SEQUENCE.Cue_and_Instruction	LOADING RESOURCE SURFACE FROM DISK
269566.573	Familiarization_Phase.SEQUENCE.Cue_and_Instruction	LOADING RESOURCE SURFACE FROM DISK
311695.037	DISPLAY_SCREEN[3]	LOADING RESOURCE SURFACE FROM DISK
314736.386	DISPLAY_SCREEN[5]	LOADING RESOURCE SURFACE FROM DISK
464153.079	Practice_Phase.SEQUENCE.Blink_Screen	LOADING RESOURCE SURFACE FROM DISK
465357.238	Practice_Phase.SEQUENCE.Practice_Luminance_Cue	LOADING RESOURCE SURFACE FROM DISK
465359.527	Practice_Phase.SEQUENCE.Practice_Luminance_Cue	LOADING RESOURCE SURFACE FROM DISK
465856.929	Practice_Phase.SEQUENCE.DISPLAY_SCREEN	LOADING RESOURCE SURFACE FROM DISK
467353.81	Practice_Phase.SEQUENCE.Practice_Instruction	LOADING RESOURCE SURFACE FROM DISK
473940.4	Practice_Phase.SEQUENCE.DISPLAY_SCREEN	LOADING RESOURCE SURFACE FROM DISK
475437.295	Practice_Phase.SEQUENCE.Practice_Instruction	LOADING RESOURCE SURFACE FROM DISK
482007.153	Practice_Phase.SEQUENCE.DISPLAY_SCREEN	LOADING RESOURCE SURFACE FROM DISK
483503.684	Practice_Phase.SEQUENCE.Practice_Instruction	LOADING RESOURCE SURFACE FROM DISK
490073.722	Practice_Phase.SEQUENCE.DISPLAY_SCREEN	LOADING RESOURCE SURFACE FROM DISK
491570.33	Practice_Phase.SEQUENCE.Practice_Instruction	LOADING RESOURCE SURFACE FROM DISK
498140.195	Practice_Phase.SEQUENCE.DISPLAY_SCREEN	LOADING RESOURCE SURFACE FROM DISK
499637.037	Practice_Phase.SEQUENCE.Practice_Instruction	LOADING RESOURCE SURFACE FROM DISK
506206.977	Practice_Phase.SEQUENCE.DISPLAY_SCREEN	LOADING RESOURCE SURFACE FROM DISK
507703.748	Practice_Phase.SEQUENCE.Practice_Instruction	LOADING RESOURCE SURFACE FROM DISK
514273.731	Practice_Phase.SEQUENCE.DISPLAY_SCREEN	LOADING RESOURCE SURFACE FROM DISK
515770.347	Practice_Phase.SEQUENCE.Practice_Instruction	LOADING RESOURCE SURFACE FROM DISK
522340.195	Practice_Phase.SEQUENCE.DISPLAY_SCREEN	LOADING RESOURCE SURFACE FROM DISK
523837.145	Practice_Phase.SEQUENCE.Practice_Instruction	LOADING RESOURCE SURFACE FROM DISK
530406.939	Practice_Phase.SEQUENCE.DISPLAY_SCREEN	LOADING RESOURCE SURFACE FROM DISK
531903.706	Practice_Phase.SEQUENCE.Practice_Instruction	LOADING RESOURCE SURFACE FROM DISK
536570.598	DISPLAY_SCREEN[2]	LOADING RESOURCE SURFACE FROM DISK
721812.276	Study_Phase.SEQUENCE.Study_Instruction	LOADING RESOURCE SURFACE FROM DISK
728565.144	Study_Phase.SEQUENCE.DISPLAY_SCREEN	LOADING RESOURCE SURFACE FROM DISK
730078.882	Study_Phase.SEQUENCE.Study_Instruction	LOADING RESOURCE SURFACE FROM DISK
738345.653	Study_Phase.SEQUENCE.Study_Instruction	LOADING RESOURCE SURFACE FROM DISK
745081.873	Study_Phase.SEQUENCE.DISPLAY_SCREEN	LOADING RESOURCE SURFACE FROM DISK
746595.79	Study_Phase.SEQUENCE.Study_Instruction	LOADING RESOURCE SURFACE FROM DISK
754962.196	Study_Phase.SEQUENCE.Study_Instruction	LOADING RESOURCE SURFACE FROM DISK
761715.162	Study_Phase.SEQUENCE.DISPLAY_SCREEN	LOADING RESOURCE SURFACE FROM DISK
763228.84	Study_Phase.SEQUENCE.Study_Instruction	LOADING RESOURCE SURFACE FROM DISK
771495.264	Study_Phase.SEQUENCE.Study_Instruction	LOADING RESOURCE SURFACE FROM DISK
778248.585	Study_Phase.SEQUENCE.DISPLAY_SCREEN	LOADING RESOURCE SURFACE FROM DISK
779762.235	Study_Phase.SEQUENCE.Study_Instruction	LOADING RESOURCE SURFACE FROM DISK
788028.993	Study_Phase.SEQUENCE.Study_Instruction	LOADING RESOURCE SURFACE FROM DISK
796295.043	Study_Phase.SEQUENCE.Study_Instruction	LOADING RESOURCE SURFACE FROM DISK
803048.493	Study_Phase.SEQUENCE.DISPLAY_SCREEN	LOADING RESOURCE SURFACE FROM DISK
804562.203	Study_Phase.SEQUENCE.Study_Instruction	LOADING RESOURCE SURFACE FROM DISK
812828.898	Study_Phase.SEQUENCE.Study_Instruction	LOADING RESOURCE SURFACE FROM DISK
821095.053	Study_Phase.SEQUENCE.Study_Instruction	LOADING RESOURCE SURFACE FROM DISK
827832.09	Study_Phase.SEQUENCE.DISPLAY_SCREEN	LOADING RESOURCE SURFACE FROM DISK
829345.651	Study_Phase.SEQUENCE.Study_Instruction	LOADING RESOURCE SURFACE FROM DISK
836081.712	Study_Phase.SEQUENCE.DISPLAY_SCREEN	LOADING RESOURCE SURFACE FROM DISK
837595.67	Study_Phase.SEQUENCE.Study_Instruction	LOADING RESOURCE SURFACE FROM DISK
845962.222	Study_Phase.SEQUENCE.Study_Instruction	LOADING RESOURCE SURFACE FROM DISK
854228.482	Study_Phase.SEQUENCE.Study_Instruction	LOADING RESOURCE SURFACE FROM DISK
860981.938	Study_Phase.SEQUENCE.DISPLAY_SCREEN	LOADING RESOURCE SURFACE FROM DISK
862495.485	Study_Phase.SEQUENCE.Study_Instruction	LOADING RESOURCE SURFACE FROM DISK
869248.561	Study_Phase.SEQUENCE.DISPLAY_SCREEN	LOADING RESOURCE SURFACE FROM DISK
870762.159	Study_Phase.SEQUENCE.Study_Instruction	LOADING RESOURCE SURFACE FROM DISK
879028.899	Study_Phase.SEQUENCE.Study_Instruction	LOADING RESOURCE SURFACE FROM DISK
885781.899	Study_Phase.SEQUENCE.DISPLAY_SCREEN	LOADING RESOURCE SURFACE FROM DISK
887295.553	Study_Phase.SEQUENCE.Study_Instruction	LOADING RESOURCE SURFACE FROM DISK
895561.699	Study_Phase.SEQUENCE.Study_Instruction	LOADING RESOURCE SURFACE FROM DISK
903828.322	Study_Phase.SEQUENCE.Study_Instruction	LOADING RESOURCE SURFACE FROM DISK
910581.854	Study_Phase.SEQUENCE.DISPLAY_SCREEN	LOADING RESOURCE SURFACE FROM DISK
912095.588	Study_Phase.SEQUENCE.Study_Instruction	LOADING RESOURCE SURFACE FROM DISK
918848.633	Study_Phase.SEQUENCE.DISPLAY_SCREEN	LOADING RESOURCE SURFACE FROM DISK
920362.243	Study_Phase.SEQUENCE.Study_Instruction	LOADING RESOURCE SURFACE FROM DISK
928629.235	Study_Phase.SEQUENCE.Study_Instruction	LOADING RESOURCE SURFACE FROM DISK
935431.889	Study_Phase.SEQUENCE.DISPLAY_SCREEN	LOADING RESOURCE SURFACE FROM DISK
936945.598	Study_Phase.SEQUENCE.Study_Instruction	LOADING RESOURCE SURFACE FROM DISK
945211.728	Study_Phase.SEQUENCE.Study_Instruction	LOADING RESOURCE SURFACE FROM DISK
951965.013	Study_Phase.SEQUENCE.DISPLAY_SCREEN	LOADING RESOURCE SURFACE FROM DISK
953478.85	Study_Phase.SEQUENCE.Study_Instruction	LOADING RESOURCE SURFACE FROM DISK
960231.751	Study_Phase.SEQUENCE.DISPLAY_SCREEN	LOADING RESOURCE SURFACE FROM DISK
961745.576	Study_Phase.SEQUENCE.Study_Instruction	LOADING RESOURCE SURFACE FROM DISK
968498.367	Study_Phase.SEQUENCE.DISPLAY_SCREEN	LOADING RESOURCE SURFACE FROM DISK
970012.239	Study_Phase.SEQUENCE.Study_Instruction	LOADING RESOURCE SURFACE FROM DISK
976765.221	Study_Phase.SEQUENCE.DISPLAY_SCREEN	LOADING RESOURCE SURFACE FROM DISK
978278.829	Study_Phase.SEQUENCE.Study_Instruction	LOADING RESOURCE SURFACE FROM DISK
986511.72	Study_Phase.SEQUENCE.Study_Instruction	LOADING RESOURCE SURFACE FROM DISK
994778.352	Study_Phase.SEQUENCE.Study_Instruction	LOADING RESOURCE SURFACE FROM DISK
1001531.833	Study_Phase.SEQUENCE.DISPLAY_SCREEN	LOADING RESOURCE SURFACE FROM DISK
1003045.496	Study_Phase.SEQUENCE.Study_Instruction	LOADING RESOURCE SURFACE FROM DISK
1011311.676	Study_Phase.SEQUENCE.Study_Instruction	LOADING RESOURCE SURFACE FROM DISK
1018065.368	Study_Phase.SEQUENCE.DISPLAY_SCREEN	LOADING RESOURCE SURFACE FROM DISK
1019578.917	Study_Phase.SEQUENCE.Study_Instruction	LOADING RESOURCE SURFACE FROM DISK
1027845.53	Study_Phase.SEQUENCE.Study_Instruction	LOADING RESOURCE SURFACE FROM DISK
1034598.553	Study_Phase.SEQUENCE.DISPLAY_SCREEN	LOADING RESOURCE SURFACE FROM DISK
1036112.349	Study_Phase.SEQUENCE.Study_Instruction	LOADING RESOURCE SURFACE FROM DISK
1044379.002	Study_Phase.SEQUENCE.Study_Instruction	LOADING RESOURCE SURFACE FROM DISK
1051132.031	Study_Phase.SEQUENCE.DISPLAY_SCREEN	LOADING RESOURCE SURFACE FROM DISK
1052645.558	Study_Phase.SEQUENCE.Study_Instruction	LOADING RESOURCE SURFACE FROM DISK
1060912.222	Study_Phase.SEQUENCE.Study_Instruction	LOADING RESOURCE SURFACE FROM DISK
1069178.407	Study_Phase.SEQUENCE.Study_Instruction	LOADING RESOURCE SURFACE FROM DISK
1077428.397	Study_Phase.SEQUENCE.Study_Instruction	LOADING RESOURCE SURFACE FROM DISK
1085678.402	Study_Phase.SEQUENCE.Study_Instruction	LOADING RESOURCE SURFACE FROM DISK
1092398.688	Study_Phase.SEQUENCE.DISPLAY_SCREEN	LOADING RESOURCE SURFACE FROM DISK
1093912.313	Study_Phase.SEQUENCE.Study_Instruction	LOADING RESOURCE SURFACE FROM DISK
1100665.366	Study_Phase.SEQUENCE.DISPLAY_SCREEN	LOADING RESOURCE SURFACE FROM DISK
1102179.085	Study_Phase.SEQUENCE.Study_Instruction	LOADING RESOURCE SURFACE FROM DISK
1110445.603	Study_Phase.SEQUENCE.Study_Instruction	LOADING RESOURCE SURFACE FROM DISK
1117298.511	Study_Phase.SEQUENCE.DISPLAY_SCREEN	LOADING RESOURCE SURFACE FROM DISK
1118812.148	Study_Phase.SEQUENCE.Study_Instruction	LOADING RESOURCE SURFACE FROM DISK
1127078.946	Study_Phase.SEQUENCE.Study_Instruction	LOADING RESOURCE SURFACE FROM DISK
1135328.363	Study_Phase.SEQUENCE.Study_Instruction	LOADING RESOURCE SURFACE FROM DISK
1142082.055	Study_Phase.SEQUENCE.DISPLAY_SCREEN	LOADING RESOURCE SURFACE FROM DISK
1143595.493	Study_Phase.SEQUENCE.Study_Instruction	LOADING RESOURCE SURFACE FROM DISK
1150348.714	Study_Phase.SEQUENCE.DISPLAY_SCREEN	LOADING RESOURCE SURFACE FROM DISK
1151862.211	Study_Phase.SEQUENCE.Study_Instruction	LOADING RESOURCE SURFACE FROM DISK
1160128.97	Study_Phase.SEQUENCE.Study_Instruction	LOADING RESOURCE SURFACE FROM DISK
1168395.103	Study_Phase.SEQUENCE.Study_Instruction	LOADING RESOURCE SURFACE FROM DISK
1175148.529	Study_Phase.SEQUENCE.DISPLAY_SCREEN	LOADING RESOURCE SURFACE FROM DISK
1176662.392	Study_Phase.SEQUENCE.Study_Instruction	LOADING RESOURCE SURFACE FROM DISK
1183415.426	Study_Phase.SEQUENCE.DISPLAY_SCREEN	LOADING RESOURCE SURFACE FROM DISK
1184928.942	Study_Phase.SEQUENCE.Study_Instruction	LOADING RESOURCE SURFACE FROM DISK
1193195.739	Study_Phase.SEQUENCE.Study_Instruction	LOADING RESOURCE SURFACE FROM DISK
1199948.837	Study_Phase.SEQUENCE.DISPLAY_SCREEN	LOADING RESOURCE SURFACE FROM DISK
1201462.273	Study_Phase.SEQUENCE.Study_Instruction	LOADING RESOURCE SURFACE FROM DISK
1208231.751	Study_Phase.SEQUENCE.DISPLAY_SCREEN	LOADING RESOURCE SURFACE FROM DISK
1209745.664	Study_Phase.SEQUENCE.Study_Instruction	LOADING RESOURCE SURFACE FROM DISK
1216498.608	Study_Phase.SEQUENCE.DISPLAY_SCREEN	LOADING RESOURCE SURFACE FROM DISK
1218012.36	Study_Phase.SEQUENCE.Study_Instruction	LOADING RESOURCE SURFACE FROM DISK
1224765.218	Study_Phase.SEQUENCE.DISPLAY_SCREEN	LOADING RESOURCE SURFACE FROM DISK
1226279.018	Study_Phase.SEQUENCE.Study_Instruction	LOADING RESOURCE SURFACE FROM DISK
1233031.953	Study_Phase.SEQUENCE.DISPLAY_SCREEN	LOADING RESOURCE SURFACE FROM DISK
1234545.619	Study_Phase.SEQUENCE.Study_Instruction	LOADING RESOURCE SURFACE FROM DISK
1241281.89	Study_Phase.SEQUENCE.DISPLAY_SCREEN	LOADING RESOURCE SURFACE FROM DISK
1242795.648	Study_Phase.SEQUENCE.Study_Instruction	LOADING RESOURCE SURFACE FROM DISK
1249532.02	Study_Phase.SEQUENCE.DISPLAY_SCREEN	LOADING RESOURCE SURFACE FROM DISK
1251045.53	Study_Phase.SEQUENCE.Study_Instruction	LOADING RESOURCE SURFACE FROM DISK
1259311.68	Study_Phase.SEQUENCE.Study_Instruction	LOADING RESOURCE SURFACE FROM DISK
1266065.248	Study_Phase.SEQUENCE.DISPLAY_SCREEN	LOADING RESOURCE SURFACE FROM DISK
1267578.962	Study_Phase.SEQUENCE.Study_Instruction	LOADING RESOURCE SURFACE FROM DISK
1275811.703	Study_Phase.SEQUENCE.Study_Instruction	LOADING RESOURCE SURFACE FROM DISK
1284078.332	Study_Phase.SEQUENCE.Study_Instruction	LOADING RESOURCE SURFACE FROM DISK
1292344.979	Study_Phase.SEQUENCE.Study_Instruction	LOADING RESOURCE SURFACE FROM DISK
1300711.632	Study_Phase.SEQUENCE.Study_Instruction	LOADING RESOURCE SURFACE FROM DISK
1308978.885	Study_Phase.SEQUENCE.Study_Instruction	LOADING RESOURCE SURFACE FROM DISK
1315731.89	Study_Phase.SEQUENCE.DISPLAY_SCREEN	LOADING RESOURCE SURFACE FROM DISK
1317245.486	Study_Phase.SEQUENCE.Study_Instruction	LOADING RESOURCE SURFACE FROM DISK
1325511.579	Study_Phase.SEQUENCE.Study_Instruction	LOADING RESOURCE SURFACE FROM DISK
1333778.245	Study_Phase.SEQUENCE.Study_Instruction	LOADING RESOURCE SURFACE FROM DISK
1340531.946	Study_Phase.SEQUENCE.DISPLAY_SCREEN	LOADING RESOURCE SURFACE FROM DISK
1342045.521	Study_Phase.SEQUENCE.Study_Instruction	LOADING RESOURCE SURFACE FROM DISK
1348798.459	Study_Phase.SEQUENCE.DISPLAY_SCREEN	LOADING RESOURCE SURFACE FROM DISK
1350312.176	Study_Phase.SEQUENCE.Study_Instruction	LOADING RESOURCE SURFACE FROM DISK
1358578.404	Study_Phase.SEQUENCE.Study_Instruction	LOADING RESOURCE SURFACE FROM DISK
1365331.865	Study_Phase.SEQUENCE.DISPLAY_SCREEN	LOADING RESOURCE SURFACE FROM DISK
1366845.614	Study_Phase.SEQUENCE.Study_Instruction	LOADING RESOURCE SURFACE FROM DISK
1373598.435	Study_Phase.SEQUENCE.DISPLAY_SCREEN	LOADING RESOURCE SURFACE FROM DISK
1375112.277	Study_Phase.SEQUENCE.Study_Instruction	LOADING RESOURCE SURFACE FROM DISK
1383379.001	Study_Phase.SEQUENCE.Study_Instruction	LOADING RESOURCE SURFACE FROM DISK
1390198.585	Study_Phase.SEQUENCE.DISPLAY_SCREEN	LOADING RESOURCE SURFACE FROM DISK
1391712.363	Study_Phase.SEQUENCE.Study_Instruction	LOADING RESOURCE SURFACE FROM DISK
1398465.358	Study_Phase.SEQUENCE.DISPLAY_SCREEN	LOADING RESOURCE SURFACE FROM DISK
1399978.945	Study_Phase.SEQUENCE.Study_Instruction	LOADING RESOURCE SURFACE FROM DISK
1408245.717	Study_Phase.SEQUENCE.Study_Instruction	LOADING RESOURCE SURFACE FROM DISK
1416511.72	Study_Phase.SEQUENCE.Study_Instruction	LOADING RESOURCE SURFACE FROM DISK
1424778.47	Study_Phase.SEQUENCE.Study_Instruction	LOADING RESOURCE SURFACE FROM DISK
1431532.071	Study_Phase.SEQUENCE.DISPLAY_SCREEN	LOADING RESOURCE SURFACE FROM DISK
1433045.572	Study_Phase.SEQUENCE.Study_Instruction	LOADING RESOURCE SURFACE FROM DISK
1439798.634	Study_Phase.SEQUENCE.DISPLAY_SCREEN	LOADING RESOURCE SURFACE FROM DISK
1441312.242	Study_Phase.SEQUENCE.Study_Instruction	LOADING RESOURCE SURFACE FROM DISK
1449578.338	Study_Phase.SEQUENCE.Study_Instruction	LOADING RESOURCE SURFACE FROM DISK
1456331.999	Study_Phase.SEQUENCE.DISPLAY_SCREEN	LOADING RESOURCE SURFACE FROM DISK
1457845.602	Study_Phase.SEQUENCE.Study_Instruction	LOADING RESOURCE SURFACE FROM DISK
1466111.662	Study_Phase.SEQUENCE.Study_Instruction	LOADING RESOURCE SURFACE FROM DISK
1474379.059	Study_Phase.SEQUENCE.Study_Instruction	LOADING RESOURCE SURFACE FROM DISK
1482644.999	Study_Phase.SEQUENCE.Study_Instruction	LOADING RESOURCE SURFACE FROM DISK
1489398.77	Study_Phase.SEQUENCE.DISPLAY_SCREEN	LOADING RESOURCE SURFACE FROM DISK
1490912.28	Study_Phase.SEQUENCE.Study_Instruction	LOADING RESOURCE SURFACE FROM DISK
1497665.272	Study_Phase.SEQUENCE.DISPLAY_SCREEN	LOADING RESOURCE SURFACE FROM DISK
1499178.963	Study_Phase.SEQUENCE.Study_Instruction	LOADING RESOURCE SURFACE FROM DISK
1505931.985	Study_Phase.SEQUENCE.DISPLAY_SCREEN	LOADING RESOURCE SURFACE FROM DISK
1507445.75	Study_Phase.SEQUENCE.Study_Instruction	LOADING RESOURCE SURFACE FROM DISK
1515712.376	Study_Phase.SEQUENCE.Study_Instruction	LOADING RESOURCE SURFACE FROM DISK
1522465.456	Study_Phase.SEQUENCE.DISPLAY_SCREEN	LOADING RESOURCE SURFACE FROM DISK
1523978.897	Study_Phase.SEQUENCE.Study_Instruction	LOADING RESOURCE SURFACE FROM DISK
1532395.222	Study_Phase.SEQUENCE.Study_Instruction	LOADING RESOURCE SURFACE FROM DISK
1540662.271	Study_Phase.SEQUENCE.Study_Instruction	LOADING RESOURCE SURFACE FROM DISK
1547398.795	Study_Phase.SEQUENCE.DISPLAY_SCREEN	LOADING RESOURCE SURFACE FROM DISK
1548912.442	Study_Phase.SEQUENCE.Study_Instruction	LOADING RESOURCE SURFACE FROM DISK
1557178.305	Study_Phase.SEQUENCE.Study_Instruction	LOADING RESOURCE SURFACE FROM DISK
1565445.032	Study_Phase.SEQUENCE.Study_Instruction	LOADING RESOURCE SURFACE FROM DISK
1572215.26	Study_Phase.SEQUENCE.DISPLAY_SCREEN	LOADING RESOURCE SURFACE FROM DISK
1573729.131	Study_Phase.SEQUENCE.Study_Instruction	LOADING RESOURCE SURFACE FROM DISK
1581995.575	Study_Phase.SEQUENCE.Study_Instruction	LOADING RESOURCE SURFACE FROM DISK
1588748.776	Study_Phase.SEQUENCE.DISPLAY_SCREEN	LOADING RESOURCE SURFACE FROM DISK
1590262.244	Study_Phase.SEQUENCE.Study_Instruction	LOADING RESOURCE SURFACE FROM DISK
1598495.567	Study_Phase.SEQUENCE.Study_Instruction	LOADING RESOURCE SURFACE FROM DISK
1605248.449	Study_Phase.SEQUENCE.DISPLAY_SCREEN	LOADING RESOURCE SURFACE FROM DISK
1606762.194	Study_Phase.SEQUENCE.Study_Instruction	LOADING RESOURCE SURFACE FROM DISK
1615028.468	Study_Phase.SEQUENCE.Study_Instruction	LOADING RESOURCE SURFACE FROM DISK
1623295.011	Study_Phase.SEQUENCE.Study_Instruction	LOADING RESOURCE SURFACE FROM DISK
1630048.687	Study_Phase.SEQUENCE.DISPLAY_SCREEN	LOADING RESOURCE SURFACE FROM DISK
1631562.232	Study_Phase.SEQUENCE.Study_Instruction	LOADING RESOURCE SURFACE FROM DISK
1639829.014	Study_Phase.SEQUENCE.Study_Instruction	LOADING RESOURCE SURFACE FROM DISK
1648095.06	Study_Phase.SEQUENCE.Study_Instruction	LOADING RESOURCE SURFACE FROM DISK
1656361.697	Study_Phase.SEQUENCE.Study_Instruction	LOADING RESOURCE SURFACE FROM DISK
1663165.303	Study_Phase.SEQUENCE.DISPLAY_SCREEN	LOADING RESOURCE SURFACE FROM DISK
1664678.997	Study_Phase.SEQUENCE.Study_Instruction	LOADING RESOURCE SURFACE FROM DISK
1672945.516	Study_Phase.SEQUENCE.Study_Instruction	LOADING RESOURCE SURFACE FROM DISK
1679698.554	Study_Phase.SEQUENCE.DISPLAY_SCREEN	LOADING RESOURCE SURFACE FROM DISK
1681212.229	Study_Phase.SEQUENCE.Study_Instruction	LOADING RESOURCE SURFACE FROM DISK
1689479.036	Study_Phase.SEQUENCE.Study_Instruction	LOADING RESOURCE SURFACE FROM DISK
1696231.875	Study_Phase.SEQUENCE.DISPLAY_SCREEN	LOADING RESOURCE SURFACE FROM DISK
1697745.615	Study_Phase.SEQUENCE.Study_Instruction	LOADING RESOURCE SURFACE FROM DISK
1706012.421	Study_Phase.SEQUENCE.Study_Instruction	LOADING RESOURCE SURFACE FROM DISK
1710719.556	DISPLAY_SCREEN[7]	LOADING RESOURCE SURFACE FROM DISK
1917894.936	Test_Phase.SEQUENCE.Target_Cue	LOADING RESOURCE SURFACE FROM DISK
1917896.605	Test_Phase.SEQUENCE.Target_Cue	LOADING RESOURCE SURFACE FROM DISK
1919911.985	Test_Phase.SEQUENCE.Word	LOADING RESOURCE SURFACE FROM DISK
1922928.28	Test_Phase.SEQUENCE.Test_Question	LOADING RESOURCE SURFACE FROM DISK
1922929.969	Test_Phase.SEQUENCE.Test_Question	LOADING RESOURCE SURFACE FROM DISK
1922931.663	Test_Phase.SEQUENCE.Test_Question	LOADING RESOURCE SURFACE FROM DISK
1922933.251	Test_Phase.SEQUENCE.Test_Question	LOADING RESOURCE SURFACE FROM DISK
1922934.993	Test_Phase.SEQUENCE.Test_Question	LOADING RESOURCE SURFACE FROM DISK
1922936.622	Test_Phase.SEQUENCE.Test_Question	LOADING RESOURCE SURFACE FROM DISK
1922938.27	Test_Phase.SEQUENCE.Test_Question	LOADING RESOURCE SURFACE FROM DISK
1922939.793	Test_Phase.SEQUENCE.Test_Question	LOADING RESOURCE SURFACE FROM DISK
1922941.38	Test_Phase.SEQUENCE.Test_Question	LOADING RESOURCE SURFACE FROM DISK
1922942.937	Test_Phase.SEQUENCE.Test_Question	LOADING RESOURCE SURFACE FROM DISK
1922944.626	Test_Phase.SEQUENCE.Test_Question	LOADING RESOURCE SURFACE FROM DISK
1922946.351	Test_Phase.SEQUENCE.Test_Question	LOADING RESOURCE SURFACE FROM DISK
1931528.602	Test_Phase.SEQUENCE.Word	LOADING RESOURCE SURFACE FROM DISK
1942111.972	Test_Phase.SEQUENCE.Word	LOADING RESOURCE SURFACE FROM DISK
1951328.673	Test_Phase.SEQUENCE.Word	LOADING RESOURCE SURFACE FROM DISK
1958662.01	Test_Phase.SEQUENCE.Word	LOADING RESOURCE SURFACE FROM DISK
1967778.658	Test_Phase.SEQUENCE.Word	LOADING RESOURCE SURFACE FROM DISK
1975778.724	Test_Phase.SEQUENCE.Word	LOADING RESOURCE SURFACE FROM DISK
1984578.686	Test_Phase.SEQUENCE.Word	LOADING RESOURCE SURFACE FROM DISK
1995378.54	Test_Phase.SEQUENCE.Word	LOADING RESOURCE SURFACE FROM DISK
2004312.046	Test_Phase.SEQUENCE.Word	LOADING RESOURCE SURFACE FROM DISK
2012078.783	Test_Phase.SEQUENCE.Word	LOADING RESOURCE SURFACE FROM DISK
2020845.374	Test_Phase.SEQUENCE.Word	LOADING RESOURCE SURFACE FROM DISK
2030611.855	Test_Phase.SEQUENCE.Word	LOADING RESOURCE SURFACE FROM DISK
2038662.059	Test_Phase.SEQUENCE.Word	LOADING RESOURCE SURFACE FROM DISK
2048778.706	Test_Phase.SEQUENCE.Word	LOADING RESOURCE SURFACE FROM DISK
2057428.856	Test_Phase.SEQUENCE.Word	LOADING RESOURCE SURFACE FROM DISK
2066178.844	Test_Phase.SEQUENCE.Word	LOADING RESOURCE SURFACE FROM DISK
2074012.055	Test_Phase.SEQUENCE.Word	LOADING RESOURCE SURFACE FROM DISK
2085961.86	Test_Phase.SEQUENCE.Word	LOADING RESOURCE SURFACE FROM DISK
2093695.399	Test_Phase.SEQUENCE.Word	LOADING RESOURCE SURFACE FROM DISK
2100795.241	Test_Phase.SEQUENCE.Word	LOADING RESOURCE SURFACE FROM DISK
2109011.907	Test_Phase.SEQUENCE.Word	LOADING RESOURCE SURFACE FROM DISK
2116145.326	Test_Phase.SEQUENCE.Word	LOADING RESOURCE SURFACE FROM DISK
2123478.894	Test_Phase.SEQUENCE.Word	LOADING RESOURCE SURFACE FROM DISK
2131961.86	Test_Phase.SEQUENCE.Word	LOADING RESOURCE SURFACE FROM DISK
2140478.59	Test_Phase.SEQUENCE.Word	LOADING RESOURCE SURFACE FROM DISK
2147695.194	Test_Phase.SEQUENCE.Word	LOADING RESOURCE SURFACE FROM DISK
2154928.673	Test_Phase.SEQUENCE.Word	LOADING RESOURCE SURFACE FROM DISK
2162095.266	Test_Phase.SEQUENCE.Word	LOADING RESOURCE SURFACE FROM DISK
2169278.675	Test_Phase.SEQUENCE.Word	LOADING RESOURCE SURFACE FROM DISK
2177295.186	Test_Phase.SEQUENCE.Word	LOADING RESOURCE SURFACE FROM DISK
2185528.811	Test_Phase.SEQUENCE.Word	LOADING RESOURCE SURFACE FROM DISK
2192828.61	Test_Phase.SEQUENCE.Word	LOADING RESOURCE SURFACE FROM DISK
2200345.372	Test_Phase.SEQUENCE.Word	LOADING RESOURCE SURFACE FROM DISK
2208095.454	Test_Phase.SEQUENCE.Word	LOADING RESOURCE SURFACE FROM DISK
2218062.043	Test_Phase.SEQUENCE.Word	LOADING RESOURCE SURFACE FROM DISK
2225445.412	Test_Phase.SEQUENCE.Word	LOADING RESOURCE SURFACE FROM DISK
2232612.034	Test_Phase.SEQUENCE.Word	LOADING RESOURCE SURFACE FROM DISK
2241145.344	Test_Phase.SEQUENCE.Word	LOADING RESOURCE SURFACE FROM DISK
2248478.654	Test_Phase.SEQUENCE.Word	LOADING RESOURCE SURFACE FROM DISK
2256645.376	Test_Phase.SEQUENCE.Word	LOADING RESOURCE SURFACE FROM DISK
2264145.416	Test_Phase.SEQUENCE.Word	LOADING RESOURCE SURFACE FROM DISK
2271345.178	Test_Phase.SEQUENCE.Word	LOADING RESOURCE SURFACE FROM DISK
2280645.376	Test_Phase.SEQUENCE.Word	LOADING RESOURCE SURFACE FROM DISK
2287778.916	Test_Phase.SEQUENCE.Word	LOADING RESOURCE SURFACE FROM DISK
2295078.643	Test_Phase.SEQUENCE.Word	LOADING RESOURCE SURFACE FROM DISK
2306712.052	Test_Phase.SEQUENCE.Word	LOADING RESOURCE SURFACE FROM DISK
2314395.314	Test_Phase.SEQUENCE.Word	LOADING RESOURCE SURFACE FROM DISK
2321478.653	Test_Phase.SEQUENCE.Word	LOADING RESOURCE SURFACE FROM DISK
2329095.319	Test_Phase.SEQUENCE.Word	LOADING RESOURCE SURFACE FROM DISK
2336245.434	Test_Phase.SEQUENCE.Word	LOADING RESOURCE SURFACE FROM DISK
2343295.339	Test_Phase.SEQUENCE.Word	LOADING RESOURCE SURFACE FROM DISK
2350645.455	Test_Phase.SEQUENCE.Word	LOADING RESOURCE SURFACE FROM DISK
2358745.317	Test_Phase.SEQUENCE.Word	LOADING RESOURCE SURFACE FROM DISK
2366928.655	Test_Phase.SEQUENCE.Word	LOADING RESOURCE SURFACE FROM DISK
2375228.62	Test_Phase.SEQUENCE.Word	LOADING RESOURCE SURFACE FROM DISK
2382378.654	Test_Phase.SEQUENCE.Word	LOADING RESOURCE SURFACE FROM DISK
2389678.643	Test_Phase.SEQUENCE.Word	LOADING RESOURCE SURFACE FROM DISK
2397145.275	Test_Phase.SEQUENCE.Word	LOADING RESOURCE SURFACE FROM DISK
2404261.987	Test_Phase.SEQUENCE.Word	LOADING RESOURCE SURFACE FROM DISK
2411378.734	Test_Phase.SEQUENCE.Word	LOADING RESOURCE SURFACE FROM DISK
2419328.768	Test_Phase.SEQUENCE.Word	LOADING RESOURCE SURFACE FROM DISK
2426911.973	Test_Phase.SEQUENCE.Word	LOADING RESOURCE SURFACE FROM DISK
2434211.952	Test_Phase.SEQUENCE.Word	LOADING RESOURCE SURFACE FROM DISK
2442228.702	Test_Phase.SEQUENCE.Word	LOADING RESOURCE SURFACE FROM DISK
2449928.621	Test_Phase.SEQUENCE.Word	LOADING RESOURCE SURFACE FROM DISK
2457295.346	Test_Phase.SEQUENCE.Word	LOADING RESOURCE SURFACE FROM DISK
2465895.382	Test_Phase.SEQUENCE.Word	LOADING RESOURCE SURFACE FROM DISK
2474978.867	Test_Phase.SEQUENCE.Word	LOADING RESOURCE SURFACE FROM DISK
2482546.452	Test_Phase.SEQUENCE.Word	LOADING RESOURCE SURFACE FROM DISK
2489728.804	Test_Phase.SEQUENCE.Word	LOADING RESOURCE SURFACE FROM DISK
2497811.905	Test_Phase.SEQUENCE.Word	LOADING RESOURCE SURFACE FROM DISK
2505395.337	Test_Phase.SEQUENCE.Word	LOADING RESOURCE SURFACE FROM DISK
2513412.004	Test_Phase.SEQUENCE.Word	LOADING RESOURCE SURFACE FROM DISK
2529545.352	Test_Phase.SEQUENCE.Word	LOADING RESOURCE SURFACE FROM DISK
2536678.713	Test_Phase.SEQUENCE.Word	LOADING RESOURCE SURFACE FROM DISK
2543762.012	Test_Phase.SEQUENCE.Word	LOADING RESOURCE SURFACE FROM DISK
2550911.963	Test_Phase.SEQUENCE.Word	LOADING RESOURCE SURFACE FROM DISK
2558295.445	Test_Phase.SEQUENCE.Word	LOADING RESOURCE SURFACE FROM DISK
2565912.2	Test_Phase.SEQUENCE.Word	LOADING RESOURCE SURFACE FROM DISK
2573262.077	Test_Phase.SEQUENCE.Word	LOADING RESOURCE SURFACE FROM DISK
2580462.191	Test_Phase.SEQUENCE.Word	LOADING RESOURCE SURFACE FROM DISK
2587528.671	Test_Phase.SEQUENCE.Word	LOADING RESOURCE SURFACE FROM DISK
2595328.866	Test_Phase.SEQUENCE.Word	LOADING RESOURCE SURFACE FROM DISK
2602645.206	Test_Phase.SEQUENCE.Word	LOADING RESOURCE SURFACE FROM DISK
2611811.912	Test_Phase.SEQUENCE.Word	LOADING RESOURCE SURFACE FROM DISK
2618945.486	Test_Phase.SEQUENCE.Word	LOADING RESOURCE SURFACE FROM DISK
2627228.761	Test_Phase.SEQUENCE.Word	LOADING RESOURCE SURFACE FROM DISK
2634395.305	Test_Phase.SEQUENCE.Word	LOADING RESOURCE SURFACE FROM DISK
2643228.579	Test_Phase.SEQUENCE.Word	LOADING RESOURCE SURFACE FROM DISK
2650245.294	Test_Phase.SEQUENCE.Word	LOADING RESOURCE SURFACE FROM DISK
2657295.308	Test_Phase.SEQUENCE.Word	LOADING RESOURCE SURFACE FROM DISK
2666345.35	Test_Phase.SEQUENCE.Word	LOADING RESOURCE SURFACE FROM DISK
2675645.387	Test_Phase.SEQUENCE.Word	LOADING RESOURCE SURFACE FROM DISK
2682911.92	Test_Phase.SEQUENCE.Word	LOADING RESOURCE SURFACE FROM DISK
2690095.357	Test_Phase.SEQUENCE.Word	LOADING RESOURCE SURFACE FROM DISK
2697645.449	Test_Phase.SEQUENCE.Word	LOADING RESOURCE SURFACE FROM DISK
2704745.198	Test_Phase.SEQUENCE.Word	LOADING RESOURCE SURFACE FROM DISK
2711862.088	Test_Phase.SEQUENCE.Word	LOADING RESOURCE SURFACE FROM DISK
2723345.285	Test_Phase.SEQUENCE.Word	LOADING RESOURCE SURFACE FROM DISK
2730978.789	Test_Phase.SEQUENCE.Word	LOADING RESOURCE SURFACE FROM DISK
2738562.229	Test_Phase.SEQUENCE.Word	LOADING RESOURCE SURFACE FROM DISK
2745928.661	Test_Phase.SEQUENCE.Word	LOADING RESOURCE SURFACE FROM DISK
2753628.686	Test_Phase.SEQUENCE.Word	LOADING RESOURCE SURFACE FROM DISK
2760962.12	Test_Phase.SEQUENCE.Word	LOADING RESOURCE SURFACE FROM DISK
2768628.755	Test_Phase.SEQUENCE.Word	LOADING RESOURCE SURFACE FROM DISK
2775911.977	Test_Phase.SEQUENCE.Word	LOADING RESOURCE SURFACE FROM DISK
2785128.662	Test_Phase.SEQUENCE.Word	LOADING RESOURCE SURFACE FROM DISK
2792195.495	Test_Phase.SEQUENCE.Word	LOADING RESOURCE SURFACE FROM DISK
2802661.984	Test_Phase.SEQUENCE.Word	LOADING RESOURCE SURFACE FROM DISK
2810161.928	Test_Phase.SEQUENCE.Word	LOADING RESOURCE SURFACE FROM DISK
2817378.691	Test_Phase.SEQUENCE.Word	LOADING RESOURCE SURFACE FROM DISK
2824628.687	Test_Phase.SEQUENCE.Word	LOADING RESOURCE SURFACE FROM DISK
2831678.732	Test_Phase.SEQUENCE.Word	LOADING RESOURCE SURFACE FROM DISK
2838795.399	Test_Phase.SEQUENCE.Word	LOADING RESOURCE SURFACE FROM DISK
2846795.428	Test_Phase.SEQUENCE.Word	LOADING RESOURCE SURFACE FROM DISK
2854028.811	Test_Phase.SEQUENCE.Word	LOADING RESOURCE SURFACE FROM DISK
2863862.32	Test_Phase.SEQUENCE.Word	LOADING RESOURCE SURFACE FROM DISK
2871961.997	Test_Phase.SEQUENCE.Word	LOADING RESOURCE SURFACE FROM DISK
2879745.438	Test_Phase.SEQUENCE.Word	LOADING RESOURCE SURFACE FROM DISK
2888695.36	Test_Phase.SEQUENCE.Word	LOADING RESOURCE SURFACE FROM DISK
2896612.121	Test_Phase.SEQUENCE.Word	LOADING RESOURCE SURFACE FROM DISK
2903645.38	Test_Phase.SEQUENCE.Word	LOADING RESOURCE SURFACE FROM DISK
2911911.828	Test_Phase.SEQUENCE.Word	LOADING RESOURCE SURFACE FROM DISK
2919095.357	Test_Phase.SEQUENCE.Word	LOADING RESOURCE SURFACE FROM DISK
2926278.626	Test_Phase.SEQUENCE.Word	LOADING RESOURCE SURFACE FROM DISK
2933661.874	Test_Phase.SEQUENCE.Word	LOADING RESOURCE SURFACE FROM DISK
2947595.47	Test_Phase.SEQUENCE.Word	LOADING RESOURCE SURFACE FROM DISK
2957528.718	Test_Phase.SEQUENCE.Word	LOADING RESOURCE SURFACE FROM DISK
2966011.947	Test_Phase.SEQUENCE.Word	LOADING RESOURCE SURFACE FROM DISK
2974995.257	Test_Phase.SEQUENCE.Word	LOADING RESOURCE SURFACE FROM DISK
2982462.066	Test_Phase.SEQUENCE.Word	LOADING RESOURCE SURFACE FROM DISK
2993711.912	Test_Phase.SEQUENCE.Word	LOADING RESOURCE SURFACE FROM DISK
3001311.987	Test_Phase.SEQUENCE.Word	LOADING RESOURCE SURFACE FROM DISK
3009445.275	Test_Phase.SEQUENCE.Word	LOADING RESOURCE SURFACE FROM DISK
3016595.261	Test_Phase.SEQUENCE.Word	LOADING RESOURCE SURFACE FROM DISK
3023745.466	Test_Phase.SEQUENCE.Word	LOADING RESOURCE SURFACE FROM DISK
3031012.029	Test_Phase.SEQUENCE.Word	LOADING RESOURCE SURFACE FROM DISK
3039962.059	Test_Phase.SEQUENCE.Word	LOADING RESOURCE SURFACE FROM DISK
3047495.222	Test_Phase.SEQUENCE.Word	LOADING RESOURCE SURFACE FROM DISK
3054662.155	Test_Phase.SEQUENCE.Word	LOADING RESOURCE SURFACE FROM DISK
3061945.371	Test_Phase.SEQUENCE.Word	LOADING RESOURCE SURFACE FROM DISK
3069112.112	Test_Phase.SEQUENCE.Word	LOADING RESOURCE SURFACE FROM DISK
3076178.497	Test_Phase.SEQUENCE.Word	LOADING RESOURCE SURFACE FROM DISK
3083245.442	Test_Phase.SEQUENCE.Word	LOADING RESOURCE SURFACE FROM DISK
3091345.335	Test_Phase.SEQUENCE.Word	LOADING RESOURCE SURFACE FROM DISK
3101061.815	Test_Phase.SEQUENCE.Word	LOADING RESOURCE SURFACE FROM DISK
3108162.086	Test_Phase.SEQUENCE.Word	LOADING RESOURCE SURFACE FROM DISK
3115245.522	Test_Phase.SEQUENCE.Word	LOADING RESOURCE SURFACE FROM DISK
3124295.295	Test_Phase.SEQUENCE.Word	LOADING RESOURCE SURFACE FROM DISK
3131678.668	Test_Phase.SEQUENCE.Word	LOADING RESOURCE SURFACE FROM DISK
3138728.585	Test_Phase.SEQUENCE.Word	LOADING RESOURCE SURFACE FROM DISK
3145729.064	Test_Phase.SEQUENCE.Word	LOADING RESOURCE SURFACE FROM DISK
3153262.153	Test_Phase.SEQUENCE.Word	LOADING RESOURCE SURFACE FROM DISK
3160361.912	Test_Phase.SEQUENCE.Word	LOADING RESOURCE SURFACE FROM DISK
3167561.97	Test_Phase.SEQUENCE.Word	LOADING RESOURCE SURFACE FROM DISK
3174628.75	Test_Phase.SEQUENCE.Word	LOADING RESOURCE SURFACE FROM DISK
3181695.306	Test_Phase.SEQUENCE.Word	LOADING RESOURCE SURFACE FROM DISK
3188828.632	Test_Phase.SEQUENCE.Word	LOADING RESOURCE SURFACE FROM DISK
3196111.957	Test_Phase.SEQUENCE.Word	LOADING RESOURCE SURFACE FROM DISK
3203328.679	Test_Phase.SEQUENCE.Word	LOADING RESOURCE SURFACE FROM DISK
3210395.352	Test_Phase.SEQUENCE.Word	LOADING RESOURCE SURFACE FROM DISK
3220378.728	Test_Phase.SEQUENCE.Word	LOADING RESOURCE SURFACE FROM DISK
3227712.031	Test_Phase.SEQUENCE.Word	LOADING RESOURCE SURFACE FROM DISK
3236295.199	Test_Phase.SEQUENCE.Word	LOADING RESOURCE SURFACE FROM DISK
3243395.398	Test_Phase.SEQUENCE.Word	LOADING RESOURCE SURFACE FROM DISK
3253695.23	Test_Phase.SEQUENCE.Word	LOADING RESOURCE SURFACE FROM DISK
3264428.761	Test_Phase.SEQUENCE.Word	LOADING RESOURCE SURFACE FROM DISK
3271995.247	Test_Phase.SEQUENCE.Word	LOADING RESOURCE SURFACE FROM DISK
3279412.262	Test_Phase.SEQUENCE.Word	LOADING RESOURCE SURFACE FROM DISK
3286511.886	Test_Phase.SEQUENCE.Word	LOADING RESOURCE SURFACE FROM DISK
3293561.818	Test_Phase.SEQUENCE.Word	LOADING RESOURCE SURFACE FROM DISK
3300662.285	Test_Phase.SEQUENCE.Word	LOADING RESOURCE SURFACE FROM DISK
3311395.326	Test_Phase.SEQUENCE.Word	LOADING RESOURCE SURFACE FROM DISK
3318778.714	Test_Phase.SEQUENCE.Word	LOADING RESOURCE SURFACE FROM DISK
3326012.199	Test_Phase.SEQUENCE.Word	LOADING RESOURCE SURFACE FROM DISK
3334595.501	Test_Phase.SEQUENCE.Word	LOADING RESOURCE SURFACE FROM DISK
3344312.07	Test_Phase.SEQUENCE.Word	LOADING RESOURCE SURFACE FROM DISK
3351512.163	Test_Phase.SEQUENCE.Word	LOADING RESOURCE SURFACE FROM DISK
3358612.025	Test_Phase.SEQUENCE.Word	LOADING RESOURCE SURFACE FROM DISK
3365895.258	Test_Phase.SEQUENCE.Word	LOADING RESOURCE SURFACE FROM DISK
3375761.901	Test_Phase.SEQUENCE.Word	LOADING RESOURCE SURFACE FROM DISK
3382795.369	Test_Phase.SEQUENCE.Word	LOADING RESOURCE SURFACE FROM DISK
3389895.42	Test_Phase.SEQUENCE.Word	LOADING RESOURCE SURFACE FROM DISK
3397012.046	Test_Phase.SEQUENCE.Word	LOADING RESOURCE SURFACE FROM DISK
3406628.938	Test_Phase.SEQUENCE.Word	LOADING RESOURCE SURFACE FROM DISK
3414361.874	Test_Phase.SEQUENCE.Word	LOADING RESOURCE SURFACE FROM DISK
3423395.459	Test_Phase.SEQUENCE.Word	LOADING RESOURCE SURFACE FROM DISK
3430745.315	Test_Phase.SEQUENCE.Word	LOADING RESOURCE SURFACE FROM DISK
3437945.41	Test_Phase.SEQUENCE.Word	LOADING RESOURCE SURFACE FROM DISK
3448695.626	Test_Phase.SEQUENCE.Word	LOADING RESOURCE SURFACE FROM DISK
3455878.585	Test_Phase.SEQUENCE.Word	LOADING RESOURCE SURFACE FROM DISK
3463412.025	Test_Phase.SEQUENCE.Word	LOADING RESOURCE SURFACE FROM DISK
3470578.64	Test_Phase.SEQUENCE.Word	LOADING RESOURCE SURFACE FROM DISK
3477662.18	Test_Phase.SEQUENCE.Word	LOADING RESOURCE SURFACE FROM DISK
3486145.537	Test_Phase.SEQUENCE.Word	LOADING RESOURCE SURFACE FROM DISK
3496711.894	Test_Phase.SEQUENCE.Word	LOADING RESOURCE SURFACE FROM DISK
3503978.679	Test_Phase.SEQUENCE.Word	LOADING RESOURCE SURFACE FROM DISK
3511111.959	Test_Phase.SEQUENCE.Word	LOADING RESOURCE SURFACE FROM DISK
3514658.611	DISPLAY_SCREEN	LOADING RESOURCE SURFACE FROM DISK
