5088.776	DISPLAY_SCREEN[1]	LOADING RESOURCE SURFACE FROM DISK
999993.136	Familiarization_Phase.SEQUENCE.Cue_and_Instruction	LOADING RESOURCE SURFACE FROM DISK
1000010.726	Familiarization_Phase.SEQUENCE.Cue_and_Instruction	LOADING RESOURCE SURFACE FROM DISK
1006107.735	Familiarization_Phase.SEQUENCE.Cue_and_Instruction	LOADING RESOURCE SURFACE FROM DISK
1006115.512	Familiarization_Phase.SEQUENCE.Cue_and_Instruction	LOADING RESOURCE SURFACE FROM DISK
1012169.294	Familiarization_Phase.SEQUENCE.Cue_and_Instruction	LOADING RESOURCE SURFACE FROM DISK
1012214.711	Familiarization_Phase.SEQUENCE.Cue_and_Instruction	LOADING RESOURCE SURFACE FROM DISK
1054438.937	DISPLAY_SCREEN[3]	LOADING RESOURCE SURFACE FROM DISK
1090739.101	DISPLAY_SCREEN[5]	LOADING RESOURCE SURFACE FROM DISK
1180113.858	Practice_Phase.SEQUENCE.Blink_Screen	LOADING RESOURCE SURFACE FROM DISK
1180114.933	Practice_Phase.SEQUENCE.Blink_Screen	flip time is later than desired time. Desired Time=1179851 Flip Time=1180135 Retrace Rate=16.645, prepareTime=287 flip request time 1180114
1181361.672	Practice_Phase.SEQUENCE.Practice_Luminance_Cue	LOADING RESOURCE SURFACE FROM DISK
1181364.047	Practice_Phase.SEQUENCE.Practice_Luminance_Cue	LOADING RESOURCE SURFACE FROM DISK
1181365.69	Practice_Phase.SEQUENCE.Practice_Luminance_Cue	flip time is later than desired time. Desired Time=1181335 Flip Time=1181385 Retrace Rate=16.645, prepareTime=55 flip request time 1181365
1183368.606	Practice_Phase.SEQUENCE.Practice_Instruction	LOADING RESOURCE SURFACE FROM DISK
1183370.902	Practice_Phase.SEQUENCE.Practice_Instruction	LOADING RESOURCE SURFACE FROM DISK
1191492.401	Practice_Phase.SEQUENCE.Practice_Instruction	LOADING RESOURCE SURFACE FROM DISK
1191494.645	Practice_Phase.SEQUENCE.Practice_Instruction	LOADING RESOURCE SURFACE FROM DISK
1191496.313	Practice_Phase.SEQUENCE.Practice_Instruction	flip time is later than desired time. Desired Time=1191468 Flip Time=1191518 Retrace Rate=16.645, prepareTime=52 flip request time 1191496
1199569.671	Practice_Phase.SEQUENCE.Practice_Instruction	LOADING RESOURCE SURFACE FROM DISK
1199572.052	Practice_Phase.SEQUENCE.Practice_Instruction	LOADING RESOURCE SURFACE FROM DISK
1207635.083	Practice_Phase.SEQUENCE.Practice_Instruction	LOADING RESOURCE SURFACE FROM DISK
1207679.845	Practice_Phase.SEQUENCE.Practice_Instruction	LOADING RESOURCE SURFACE FROM DISK
1207681.484	Practice_Phase.SEQUENCE.Practice_Instruction	flip time is later than desired time. Desired Time=1207651 Flip Time=1207701 Retrace Rate=16.645, prepareTime=54 flip request time 1207681
1215751.684	Practice_Phase.SEQUENCE.Practice_Instruction	LOADING RESOURCE SURFACE FROM DISK
1215754.056	Practice_Phase.SEQUENCE.Practice_Instruction	LOADING RESOURCE SURFACE FROM DISK
1223818.524	Practice_Phase.SEQUENCE.Practice_Instruction	LOADING RESOURCE SURFACE FROM DISK
1223856.96	Practice_Phase.SEQUENCE.Practice_Instruction	LOADING RESOURCE SURFACE FROM DISK
1223858.577	Practice_Phase.SEQUENCE.Practice_Instruction	flip time is later than desired time. Desired Time=1223835 Flip Time=1223868 Retrace Rate=16.645, prepareTime=48 flip request time 1223858
1231918.313	Practice_Phase.SEQUENCE.Practice_Instruction	LOADING RESOURCE SURFACE FROM DISK
1231920.665	Practice_Phase.SEQUENCE.Practice_Instruction	LOADING RESOURCE SURFACE FROM DISK
1239985.177	Practice_Phase.SEQUENCE.Practice_Instruction	LOADING RESOURCE SURFACE FROM DISK
1239987.748	Practice_Phase.SEQUENCE.Practice_Instruction	LOADING RESOURCE SURFACE FROM DISK
1248051.832	Practice_Phase.SEQUENCE.Practice_Instruction	LOADING RESOURCE SURFACE FROM DISK
1248054.085	Practice_Phase.SEQUENCE.Practice_Instruction	LOADING RESOURCE SURFACE FROM DISK
1252720.879	DISPLAY_SCREEN[2]	LOADING RESOURCE SURFACE FROM DISK
1326337.468	Study_Phase.SEQUENCE.Study_Instruction	LOADING RESOURCE SURFACE FROM DISK
1334627.765	Study_Phase.SEQUENCE.Study_Instruction	LOADING RESOURCE SURFACE FROM DISK
1334667.221	Study_Phase.SEQUENCE.Study_Instruction	LOADING RESOURCE SURFACE FROM DISK
1343044.291	Study_Phase.SEQUENCE.Study_Instruction	LOADING RESOURCE SURFACE FROM DISK
1343079.854	Study_Phase.SEQUENCE.Study_Instruction	LOADING RESOURCE SURFACE FROM DISK
1351411.112	Study_Phase.SEQUENCE.Study_Instruction	LOADING RESOURCE SURFACE FROM DISK
1359742.133	Study_Phase.SEQUENCE.Study_Instruction	LOADING RESOURCE SURFACE FROM DISK
1368055.733	Study_Phase.SEQUENCE.Study_Instruction	LOADING RESOURCE SURFACE FROM DISK
1376344.499	Study_Phase.SEQUENCE.Study_Instruction	LOADING RESOURCE SURFACE FROM DISK
1376382.283	Study_Phase.SEQUENCE.Study_Instruction	LOADING RESOURCE SURFACE FROM DISK
1384703.929	Study_Phase.SEQUENCE.Study_Instruction	LOADING RESOURCE SURFACE FROM DISK
1392994.993	Study_Phase.SEQUENCE.Study_Instruction	LOADING RESOURCE SURFACE FROM DISK
1393046.735	Study_Phase.SEQUENCE.Study_Instruction	LOADING RESOURCE SURFACE FROM DISK
1401358.007	Study_Phase.SEQUENCE.Study_Instruction	LOADING RESOURCE SURFACE FROM DISK
1409644.569	Study_Phase.SEQUENCE.Study_Instruction	LOADING RESOURCE SURFACE FROM DISK
1409680.94	Study_Phase.SEQUENCE.Study_Instruction	LOADING RESOURCE SURFACE FROM DISK
1418013.569	Study_Phase.SEQUENCE.Study_Instruction	LOADING RESOURCE SURFACE FROM DISK
1426310.97	Study_Phase.SEQUENCE.Study_Instruction	LOADING RESOURCE SURFACE FROM DISK
1426350.718	Study_Phase.SEQUENCE.Study_Instruction	LOADING RESOURCE SURFACE FROM DISK
1434672.969	Study_Phase.SEQUENCE.Study_Instruction	LOADING RESOURCE SURFACE FROM DISK
1442960.857	Study_Phase.SEQUENCE.Study_Instruction	LOADING RESOURCE SURFACE FROM DISK
1443013.228	Study_Phase.SEQUENCE.Study_Instruction	LOADING RESOURCE SURFACE FROM DISK
1451311.313	Study_Phase.SEQUENCE.Study_Instruction	LOADING RESOURCE SURFACE FROM DISK
1451345.993	Study_Phase.SEQUENCE.Study_Instruction	LOADING RESOURCE SURFACE FROM DISK
1459662.086	Study_Phase.SEQUENCE.Study_Instruction	LOADING RESOURCE SURFACE FROM DISK
1467961.601	Study_Phase.SEQUENCE.Study_Instruction	LOADING RESOURCE SURFACE FROM DISK
1467996.19	Study_Phase.SEQUENCE.Study_Instruction	LOADING RESOURCE SURFACE FROM DISK
1476294.56	Study_Phase.SEQUENCE.Study_Instruction	LOADING RESOURCE SURFACE FROM DISK
1476337.894	Study_Phase.SEQUENCE.Study_Instruction	LOADING RESOURCE SURFACE FROM DISK
1484658.918	Study_Phase.SEQUENCE.Study_Instruction	LOADING RESOURCE SURFACE FROM DISK
1492944.109	Study_Phase.SEQUENCE.Study_Instruction	LOADING RESOURCE SURFACE FROM DISK
1492987.571	Study_Phase.SEQUENCE.Study_Instruction	LOADING RESOURCE SURFACE FROM DISK
1501307.768	Study_Phase.SEQUENCE.Study_Instruction	LOADING RESOURCE SURFACE FROM DISK
1509621.766	Study_Phase.SEQUENCE.Study_Instruction	LOADING RESOURCE SURFACE FROM DISK
1517911.429	Study_Phase.SEQUENCE.Study_Instruction	LOADING RESOURCE SURFACE FROM DISK
1517953.815	Study_Phase.SEQUENCE.Study_Instruction	LOADING RESOURCE SURFACE FROM DISK
1526244.58	Study_Phase.SEQUENCE.Study_Instruction	LOADING RESOURCE SURFACE FROM DISK
1526288.363	Study_Phase.SEQUENCE.Study_Instruction	LOADING RESOURCE SURFACE FROM DISK
1534578.292	Study_Phase.SEQUENCE.Study_Instruction	LOADING RESOURCE SURFACE FROM DISK
1534621.039	Study_Phase.SEQUENCE.Study_Instruction	LOADING RESOURCE SURFACE FROM DISK
1542911.153	Study_Phase.SEQUENCE.Study_Instruction	LOADING RESOURCE SURFACE FROM DISK
1542954.035	Study_Phase.SEQUENCE.Study_Instruction	LOADING RESOURCE SURFACE FROM DISK
1551271.787	Study_Phase.SEQUENCE.Study_Instruction	LOADING RESOURCE SURFACE FROM DISK
1559560.756	Study_Phase.SEQUENCE.Study_Instruction	LOADING RESOURCE SURFACE FROM DISK
1559602.335	Study_Phase.SEQUENCE.Study_Instruction	LOADING RESOURCE SURFACE FROM DISK
1567931.666	Study_Phase.SEQUENCE.Study_Instruction	LOADING RESOURCE SURFACE FROM DISK
1576227.721	Study_Phase.SEQUENCE.Study_Instruction	LOADING RESOURCE SURFACE FROM DISK
1576268.34	Study_Phase.SEQUENCE.Study_Instruction	LOADING RESOURCE SURFACE FROM DISK
1584623.104	Study_Phase.SEQUENCE.Study_Instruction	LOADING RESOURCE SURFACE FROM DISK
1592911.131	Study_Phase.SEQUENCE.Study_Instruction	LOADING RESOURCE SURFACE FROM DISK
1592950.201	Study_Phase.SEQUENCE.Study_Instruction	LOADING RESOURCE SURFACE FROM DISK
1601273.538	Study_Phase.SEQUENCE.Study_Instruction	LOADING RESOURCE SURFACE FROM DISK
1609589.491	Study_Phase.SEQUENCE.Study_Instruction	LOADING RESOURCE SURFACE FROM DISK
1617878.021	Study_Phase.SEQUENCE.Study_Instruction	LOADING RESOURCE SURFACE FROM DISK
1617916.728	Study_Phase.SEQUENCE.Study_Instruction	LOADING RESOURCE SURFACE FROM DISK
1626240.205	Study_Phase.SEQUENCE.Study_Instruction	LOADING RESOURCE SURFACE FROM DISK
1634527.721	Study_Phase.SEQUENCE.Study_Instruction	LOADING RESOURCE SURFACE FROM DISK
1634568.051	Study_Phase.SEQUENCE.Study_Instruction	LOADING RESOURCE SURFACE FROM DISK
1642889.927	Study_Phase.SEQUENCE.Study_Instruction	LOADING RESOURCE SURFACE FROM DISK
1651204.14	Study_Phase.SEQUENCE.Study_Instruction	LOADING RESOURCE SURFACE FROM DISK
1659528.229	Study_Phase.SEQUENCE.Study_Instruction	LOADING RESOURCE SURFACE FROM DISK
1667827.416	Study_Phase.SEQUENCE.Study_Instruction	LOADING RESOURCE SURFACE FROM DISK
1667864.516	Study_Phase.SEQUENCE.Study_Instruction	LOADING RESOURCE SURFACE FROM DISK
1676196.626	Study_Phase.SEQUENCE.Study_Instruction	LOADING RESOURCE SURFACE FROM DISK
1684494.616	Study_Phase.SEQUENCE.Study_Instruction	LOADING RESOURCE SURFACE FROM DISK
1684533.258	Study_Phase.SEQUENCE.Study_Instruction	LOADING RESOURCE SURFACE FROM DISK
1692827.799	Study_Phase.SEQUENCE.Study_Instruction	LOADING RESOURCE SURFACE FROM DISK
1692864.511	Study_Phase.SEQUENCE.Study_Instruction	LOADING RESOURCE SURFACE FROM DISK
1701170.452	Study_Phase.SEQUENCE.Study_Instruction	LOADING RESOURCE SURFACE FROM DISK
1709461.303	Study_Phase.SEQUENCE.Study_Instruction	LOADING RESOURCE SURFACE FROM DISK
1709498.324	Study_Phase.SEQUENCE.Study_Instruction	LOADING RESOURCE SURFACE FROM DISK
1717794.458	Study_Phase.SEQUENCE.Study_Instruction	LOADING RESOURCE SURFACE FROM DISK
1717831.305	Study_Phase.SEQUENCE.Study_Instruction	LOADING RESOURCE SURFACE FROM DISK
1726163.355	Study_Phase.SEQUENCE.Study_Instruction	LOADING RESOURCE SURFACE FROM DISK
1734461.092	Study_Phase.SEQUENCE.Study_Instruction	LOADING RESOURCE SURFACE FROM DISK
1734504.114	Study_Phase.SEQUENCE.Study_Instruction	LOADING RESOURCE SURFACE FROM DISK
1742825.62	Study_Phase.SEQUENCE.Study_Instruction	LOADING RESOURCE SURFACE FROM DISK
1751111.236	Study_Phase.SEQUENCE.Study_Instruction	LOADING RESOURCE SURFACE FROM DISK
1751146.506	Study_Phase.SEQUENCE.Study_Instruction	LOADING RESOURCE SURFACE FROM DISK
1759444.433	Study_Phase.SEQUENCE.Study_Instruction	LOADING RESOURCE SURFACE FROM DISK
1759479.066	Study_Phase.SEQUENCE.Study_Instruction	LOADING RESOURCE SURFACE FROM DISK
1767813.217	Study_Phase.SEQUENCE.Study_Instruction	LOADING RESOURCE SURFACE FROM DISK
1776146.615	Study_Phase.SEQUENCE.Study_Instruction	LOADING RESOURCE SURFACE FROM DISK
1784444.142	Study_Phase.SEQUENCE.Study_Instruction	LOADING RESOURCE SURFACE FROM DISK
1784481.924	Study_Phase.SEQUENCE.Study_Instruction	LOADING RESOURCE SURFACE FROM DISK
1792823.768	Study_Phase.SEQUENCE.Study_Instruction	LOADING RESOURCE SURFACE FROM DISK
1801111.286	Study_Phase.SEQUENCE.Study_Instruction	LOADING RESOURCE SURFACE FROM DISK
1801156.069	Study_Phase.SEQUENCE.Study_Instruction	LOADING RESOURCE SURFACE FROM DISK
1809444.149	Study_Phase.SEQUENCE.Study_Instruction	LOADING RESOURCE SURFACE FROM DISK
1809488.679	Study_Phase.SEQUENCE.Study_Instruction	LOADING RESOURCE SURFACE FROM DISK
1817778.048	Study_Phase.SEQUENCE.Study_Instruction	LOADING RESOURCE SURFACE FROM DISK
1817815.325	Study_Phase.SEQUENCE.Study_Instruction	LOADING RESOURCE SURFACE FROM DISK
1826144.064	Study_Phase.SEQUENCE.Study_Instruction	LOADING RESOURCE SURFACE FROM DISK
1834444.569	Study_Phase.SEQUENCE.Study_Instruction	LOADING RESOURCE SURFACE FROM DISK
1834482.449	Study_Phase.SEQUENCE.Study_Instruction	LOADING RESOURCE SURFACE FROM DISK
1842810.202	Study_Phase.SEQUENCE.Study_Instruction	LOADING RESOURCE SURFACE FROM DISK
1851121.98	Study_Phase.SEQUENCE.Study_Instruction	LOADING RESOURCE SURFACE FROM DISK
1859444.089	Study_Phase.SEQUENCE.Study_Instruction	LOADING RESOURCE SURFACE FROM DISK
1867744.273	Study_Phase.SEQUENCE.Study_Instruction	LOADING RESOURCE SURFACE FROM DISK
1867787.413	Study_Phase.SEQUENCE.Study_Instruction	LOADING RESOURCE SURFACE FROM DISK
1876105.503	Study_Phase.SEQUENCE.Study_Instruction	LOADING RESOURCE SURFACE FROM DISK
1884423.178	Study_Phase.SEQUENCE.Study_Instruction	LOADING RESOURCE SURFACE FROM DISK
1892710.915	Study_Phase.SEQUENCE.Study_Instruction	LOADING RESOURCE SURFACE FROM DISK
1892750.703	Study_Phase.SEQUENCE.Study_Instruction	LOADING RESOURCE SURFACE FROM DISK
1901073.566	Study_Phase.SEQUENCE.Study_Instruction	LOADING RESOURCE SURFACE FROM DISK
1909396.43	Study_Phase.SEQUENCE.Study_Instruction	LOADING RESOURCE SURFACE FROM DISK
1917720.346	Study_Phase.SEQUENCE.Study_Instruction	LOADING RESOURCE SURFACE FROM DISK
1926038.364	Study_Phase.SEQUENCE.Study_Instruction	LOADING RESOURCE SURFACE FROM DISK
1934362.288	Study_Phase.SEQUENCE.Study_Instruction	LOADING RESOURCE SURFACE FROM DISK
1942695.327	Study_Phase.SEQUENCE.Study_Instruction	LOADING RESOURCE SURFACE FROM DISK
1950994.034	Study_Phase.SEQUENCE.Study_Instruction	LOADING RESOURCE SURFACE FROM DISK
1951029.36	Study_Phase.SEQUENCE.Study_Instruction	LOADING RESOURCE SURFACE FROM DISK
1959360.962	Study_Phase.SEQUENCE.Study_Instruction	LOADING RESOURCE SURFACE FROM DISK
1967661.24	Study_Phase.SEQUENCE.Study_Instruction	LOADING RESOURCE SURFACE FROM DISK
1967706.409	Study_Phase.SEQUENCE.Study_Instruction	LOADING RESOURCE SURFACE FROM DISK
1976025.314	Study_Phase.SEQUENCE.Study_Instruction	LOADING RESOURCE SURFACE FROM DISK
1984311.546	Study_Phase.SEQUENCE.Study_Instruction	LOADING RESOURCE SURFACE FROM DISK
1984353.471	Study_Phase.SEQUENCE.Study_Instruction	LOADING RESOURCE SURFACE FROM DISK
1992672.285	Study_Phase.SEQUENCE.Study_Instruction	LOADING RESOURCE SURFACE FROM DISK
2000972.476	Study_Phase.SEQUENCE.Study_Instruction	LOADING RESOURCE SURFACE FROM DISK
2009288.376	Study_Phase.SEQUENCE.Study_Instruction	LOADING RESOURCE SURFACE FROM DISK
2017577.598	Study_Phase.SEQUENCE.Study_Instruction	LOADING RESOURCE SURFACE FROM DISK
2017619.772	Study_Phase.SEQUENCE.Study_Instruction	LOADING RESOURCE SURFACE FROM DISK
2025947.838	Study_Phase.SEQUENCE.Study_Instruction	LOADING RESOURCE SURFACE FROM DISK
2034275.362	Study_Phase.SEQUENCE.Study_Instruction	LOADING RESOURCE SURFACE FROM DISK
2042561.069	Study_Phase.SEQUENCE.Study_Instruction	LOADING RESOURCE SURFACE FROM DISK
2042603.556	Study_Phase.SEQUENCE.Study_Instruction	LOADING RESOURCE SURFACE FROM DISK
2050914.738	Study_Phase.SEQUENCE.Study_Instruction	LOADING RESOURCE SURFACE FROM DISK
2059240.063	Study_Phase.SEQUENCE.Study_Instruction	LOADING RESOURCE SURFACE FROM DISK
2067594.549	Study_Phase.SEQUENCE.Study_Instruction	LOADING RESOURCE SURFACE FROM DISK
2067639.588	Study_Phase.SEQUENCE.Study_Instruction	LOADING RESOURCE SURFACE FROM DISK
2075963.945	Study_Phase.SEQUENCE.Study_Instruction	LOADING RESOURCE SURFACE FROM DISK
2084261.164	Study_Phase.SEQUENCE.Study_Instruction	LOADING RESOURCE SURFACE FROM DISK
2084300.858	Study_Phase.SEQUENCE.Study_Instruction	LOADING RESOURCE SURFACE FROM DISK
2092608.075	Study_Phase.SEQUENCE.Study_Instruction	LOADING RESOURCE SURFACE FROM DISK
2100894.28	Study_Phase.SEQUENCE.Study_Instruction	LOADING RESOURCE SURFACE FROM DISK
2100936.756	Study_Phase.SEQUENCE.Study_Instruction	LOADING RESOURCE SURFACE FROM DISK
2109258.05	Study_Phase.SEQUENCE.Study_Instruction	LOADING RESOURCE SURFACE FROM DISK
2117544.694	Study_Phase.SEQUENCE.Study_Instruction	LOADING RESOURCE SURFACE FROM DISK
2117595.983	Study_Phase.SEQUENCE.Study_Instruction	LOADING RESOURCE SURFACE FROM DISK
2125927.482	Study_Phase.SEQUENCE.Study_Instruction	LOADING RESOURCE SURFACE FROM DISK
2134211.089	Study_Phase.SEQUENCE.Study_Instruction	LOADING RESOURCE SURFACE FROM DISK
2134252.318	Study_Phase.SEQUENCE.Study_Instruction	LOADING RESOURCE SURFACE FROM DISK
2142544.564	Study_Phase.SEQUENCE.Study_Instruction	LOADING RESOURCE SURFACE FROM DISK
2142580.018	Study_Phase.SEQUENCE.Study_Instruction	LOADING RESOURCE SURFACE FROM DISK
2150910.309	Study_Phase.SEQUENCE.Study_Instruction	LOADING RESOURCE SURFACE FROM DISK
2159210.977	Study_Phase.SEQUENCE.Study_Instruction	LOADING RESOURCE SURFACE FROM DISK
2159253.177	Study_Phase.SEQUENCE.Study_Instruction	LOADING RESOURCE SURFACE FROM DISK
2167578.766	Study_Phase.SEQUENCE.Study_Instruction	LOADING RESOURCE SURFACE FROM DISK
2175911.044	Study_Phase.SEQUENCE.Study_Instruction	LOADING RESOURCE SURFACE FROM DISK
2184237.112	Study_Phase.SEQUENCE.Study_Instruction	LOADING RESOURCE SURFACE FROM DISK
2192586.371	Study_Phase.SEQUENCE.Study_Instruction	LOADING RESOURCE SURFACE FROM DISK
2200877.869	Study_Phase.SEQUENCE.Study_Instruction	LOADING RESOURCE SURFACE FROM DISK
2200916.265	Study_Phase.SEQUENCE.Study_Instruction	LOADING RESOURCE SURFACE FROM DISK
2209240.139	Study_Phase.SEQUENCE.Study_Instruction	LOADING RESOURCE SURFACE FROM DISK
2217528.054	Study_Phase.SEQUENCE.Study_Instruction	LOADING RESOURCE SURFACE FROM DISK
2217565.011	Study_Phase.SEQUENCE.Study_Instruction	LOADING RESOURCE SURFACE FROM DISK
2225861.295	Study_Phase.SEQUENCE.Study_Instruction	LOADING RESOURCE SURFACE FROM DISK
2225897.991	Study_Phase.SEQUENCE.Study_Instruction	LOADING RESOURCE SURFACE FROM DISK
2234224.149	Study_Phase.SEQUENCE.Study_Instruction	LOADING RESOURCE SURFACE FROM DISK
2242511.194	Study_Phase.SEQUENCE.Study_Instruction	LOADING RESOURCE SURFACE FROM DISK
2242550.645	Study_Phase.SEQUENCE.Study_Instruction	LOADING RESOURCE SURFACE FROM DISK
2250828.011	Study_Phase.SEQUENCE.Study_Instruction	LOADING RESOURCE SURFACE FROM DISK
2250873.129	Study_Phase.SEQUENCE.Study_Instruction	LOADING RESOURCE SURFACE FROM DISK
2259161.092	Study_Phase.SEQUENCE.Study_Instruction	LOADING RESOURCE SURFACE FROM DISK
2259163.414	Study_Phase.SEQUENCE.Study_Instruction	LOADING RESOURCE SURFACE FROM DISK
2267497.59	Study_Phase.SEQUENCE.Study_Instruction	LOADING RESOURCE SURFACE FROM DISK
2275794.099	Study_Phase.SEQUENCE.Study_Instruction	LOADING RESOURCE SURFACE FROM DISK
2275834.479	Study_Phase.SEQUENCE.Study_Instruction	LOADING RESOURCE SURFACE FROM DISK
2284163.142	Study_Phase.SEQUENCE.Study_Instruction	LOADING RESOURCE SURFACE FROM DISK
2292438.258	Study_Phase.SEQUENCE.Study_Instruction	LOADING RESOURCE SURFACE FROM DISK
2300744.507	Study_Phase.SEQUENCE.Study_Instruction	LOADING RESOURCE SURFACE FROM DISK
2300790.648	Study_Phase.SEQUENCE.Study_Instruction	LOADING RESOURCE SURFACE FROM DISK
2309077.959	Study_Phase.SEQUENCE.Study_Instruction	LOADING RESOURCE SURFACE FROM DISK
2309117.975	Study_Phase.SEQUENCE.Study_Instruction	LOADING RESOURCE SURFACE FROM DISK
2317410.905	Study_Phase.SEQUENCE.Study_Instruction	LOADING RESOURCE SURFACE FROM DISK
2317449.131	Study_Phase.SEQUENCE.Study_Instruction	LOADING RESOURCE SURFACE FROM DISK
2322178.933	DISPLAY_SCREEN[7]	LOADING RESOURCE SURFACE FROM DISK
2440939.751	Test_Phase.SEQUENCE.Target_Cue	LOADING RESOURCE SURFACE FROM DISK
2440952.183	Test_Phase.SEQUENCE.Target_Cue	LOADING RESOURCE SURFACE FROM DISK
2442971.55	Test_Phase.SEQUENCE.Word	LOADING RESOURCE SURFACE FROM DISK
2446038.513	Test_Phase.SEQUENCE.Test_Question	LOADING RESOURCE SURFACE FROM DISK
2446044.534	Test_Phase.SEQUENCE.Test_Question	LOADING RESOURCE SURFACE FROM DISK
2446050.644	Test_Phase.SEQUENCE.Test_Question	LOADING RESOURCE SURFACE FROM DISK
2446064.252	Test_Phase.SEQUENCE.Test_Question	LOADING RESOURCE SURFACE FROM DISK
2446066.352	Test_Phase.SEQUENCE.Test_Question	LOADING RESOURCE SURFACE FROM DISK
2446068.661	Test_Phase.SEQUENCE.Test_Question	LOADING RESOURCE SURFACE FROM DISK
2446070.813	Test_Phase.SEQUENCE.Test_Question	LOADING RESOURCE SURFACE FROM DISK
2446072.79	Test_Phase.SEQUENCE.Test_Question	LOADING RESOURCE SURFACE FROM DISK
2446074.782	Test_Phase.SEQUENCE.Test_Question	LOADING RESOURCE SURFACE FROM DISK
2446076.761	Test_Phase.SEQUENCE.Test_Question	LOADING RESOURCE SURFACE FROM DISK
2446078.915	Test_Phase.SEQUENCE.Test_Question	LOADING RESOURCE SURFACE FROM DISK
2446080.907	Test_Phase.SEQUENCE.Test_Question	LOADING RESOURCE SURFACE FROM DISK
2454938.043	Test_Phase.SEQUENCE.Word	LOADING RESOURCE SURFACE FROM DISK
2465271.253	Test_Phase.SEQUENCE.Word	LOADING RESOURCE SURFACE FROM DISK
2473554.721	Test_Phase.SEQUENCE.Word	LOADING RESOURCE SURFACE FROM DISK
2481421.282	Test_Phase.SEQUENCE.Word	LOADING RESOURCE SURFACE FROM DISK
2490787.973	Test_Phase.SEQUENCE.Word	LOADING RESOURCE SURFACE FROM DISK
2498621.156	Test_Phase.SEQUENCE.Word	LOADING RESOURCE SURFACE FROM DISK
2507738.009	Test_Phase.SEQUENCE.Word	LOADING RESOURCE SURFACE FROM DISK
2515604.811	Test_Phase.SEQUENCE.Word	LOADING RESOURCE SURFACE FROM DISK
2523654.748	Test_Phase.SEQUENCE.Word	LOADING RESOURCE SURFACE FROM DISK
2531575.296	Test_Phase.SEQUENCE.Word	LOADING RESOURCE SURFACE FROM DISK
2539121.336	Test_Phase.SEQUENCE.Word	LOADING RESOURCE SURFACE FROM DISK
2546788.006	Test_Phase.SEQUENCE.Word	LOADING RESOURCE SURFACE FROM DISK
2554721.359	Test_Phase.SEQUENCE.Word	LOADING RESOURCE SURFACE FROM DISK
2563388.012	Test_Phase.SEQUENCE.Word	LOADING RESOURCE SURFACE FROM DISK
2570971.341	Test_Phase.SEQUENCE.Word	LOADING RESOURCE SURFACE FROM DISK
2578629.957	Test_Phase.SEQUENCE.Word	LOADING RESOURCE SURFACE FROM DISK
2586371.257	Test_Phase.SEQUENCE.Word	LOADING RESOURCE SURFACE FROM DISK
2595171.205	Test_Phase.SEQUENCE.Word	LOADING RESOURCE SURFACE FROM DISK
2603174.746	Test_Phase.SEQUENCE.Word	LOADING RESOURCE SURFACE FROM DISK
2611203.859	Test_Phase.SEQUENCE.Word	LOADING RESOURCE SURFACE FROM DISK
2618504.618	Test_Phase.SEQUENCE.Word	LOADING RESOURCE SURFACE FROM DISK
2627980.779	Test_Phase.SEQUENCE.Word	LOADING RESOURCE SURFACE FROM DISK
2636271.36	Test_Phase.SEQUENCE.Word	LOADING RESOURCE SURFACE FROM DISK
2644095.531	Test_Phase.SEQUENCE.Word	LOADING RESOURCE SURFACE FROM DISK
2651238.201	Test_Phase.SEQUENCE.Word	LOADING RESOURCE SURFACE FROM DISK
2658409.152	Test_Phase.SEQUENCE.Word	LOADING RESOURCE SURFACE FROM DISK
2665915.3	Test_Phase.SEQUENCE.Word	LOADING RESOURCE SURFACE FROM DISK
2673012.725	Test_Phase.SEQUENCE.Word	LOADING RESOURCE SURFACE FROM DISK
2681654.833	Test_Phase.SEQUENCE.Word	LOADING RESOURCE SURFACE FROM DISK
2689021.336	Test_Phase.SEQUENCE.Word	LOADING RESOURCE SURFACE FROM DISK
2696121.428	Test_Phase.SEQUENCE.Word	LOADING RESOURCE SURFACE FROM DISK
2703204.772	Test_Phase.SEQUENCE.Word	LOADING RESOURCE SURFACE FROM DISK
2710254.619	Test_Phase.SEQUENCE.Word	LOADING RESOURCE SURFACE FROM DISK
2717404.676	Test_Phase.SEQUENCE.Word	LOADING RESOURCE SURFACE FROM DISK
2724554.741	Test_Phase.SEQUENCE.Word	LOADING RESOURCE SURFACE FROM DISK
2731712.21	Test_Phase.SEQUENCE.Word	LOADING RESOURCE SURFACE FROM DISK
2740012.996	Test_Phase.SEQUENCE.Word	LOADING RESOURCE SURFACE FROM DISK
2748654.609	Test_Phase.SEQUENCE.Word	LOADING RESOURCE SURFACE FROM DISK
2756014.259	Test_Phase.SEQUENCE.Word	LOADING RESOURCE SURFACE FROM DISK
2763071.498	Test_Phase.SEQUENCE.Word	LOADING RESOURCE SURFACE FROM DISK
2770245.869	Test_Phase.SEQUENCE.Word	LOADING RESOURCE SURFACE FROM DISK
2777721.641	Test_Phase.SEQUENCE.Word	LOADING RESOURCE SURFACE FROM DISK
2786597.099	Test_Phase.SEQUENCE.Word	LOADING RESOURCE SURFACE FROM DISK
2793637.943	Test_Phase.SEQUENCE.Word	LOADING RESOURCE SURFACE FROM DISK
2800671.713	Test_Phase.SEQUENCE.Word	LOADING RESOURCE SURFACE FROM DISK
2808121.356	Test_Phase.SEQUENCE.Word	LOADING RESOURCE SURFACE FROM DISK
2815137.917	Test_Phase.SEQUENCE.Word	LOADING RESOURCE SURFACE FROM DISK
2822404.66	Test_Phase.SEQUENCE.Word	LOADING RESOURCE SURFACE FROM DISK
2831421.233	Test_Phase.SEQUENCE.Word	LOADING RESOURCE SURFACE FROM DISK
2838530.703	Test_Phase.SEQUENCE.Word	LOADING RESOURCE SURFACE FROM DISK
2846121.509	Test_Phase.SEQUENCE.Word	LOADING RESOURCE SURFACE FROM DISK
2853221.402	Test_Phase.SEQUENCE.Word	LOADING RESOURCE SURFACE FROM DISK
2860344.16	Test_Phase.SEQUENCE.Word	LOADING RESOURCE SURFACE FROM DISK
2867937.928	Test_Phase.SEQUENCE.Word	LOADING RESOURCE SURFACE FROM DISK
2874988.062	Test_Phase.SEQUENCE.Word	LOADING RESOURCE SURFACE FROM DISK
2882421.682	Test_Phase.SEQUENCE.Word	LOADING RESOURCE SURFACE FROM DISK
2893514.177	Test_Phase.SEQUENCE.Word	LOADING RESOURCE SURFACE FROM DISK
2902071.227	Test_Phase.SEQUENCE.Word	LOADING RESOURCE SURFACE FROM DISK
2912958.878	Test_Phase.SEQUENCE.Word	LOADING RESOURCE SURFACE FROM DISK
2920437.931	Test_Phase.SEQUENCE.Word	LOADING RESOURCE SURFACE FROM DISK
2927504.679	Test_Phase.SEQUENCE.Word	LOADING RESOURCE SURFACE FROM DISK
2934587.936	Test_Phase.SEQUENCE.Word	LOADING RESOURCE SURFACE FROM DISK
2942392.98	Test_Phase.SEQUENCE.Word	LOADING RESOURCE SURFACE FROM DISK
2949604.634	Test_Phase.SEQUENCE.Word	LOADING RESOURCE SURFACE FROM DISK
2957004.681	Test_Phase.SEQUENCE.Word	LOADING RESOURCE SURFACE FROM DISK
2964121.49	Test_Phase.SEQUENCE.Word	LOADING RESOURCE SURFACE FROM DISK
2971341.37	Test_Phase.SEQUENCE.Word	LOADING RESOURCE SURFACE FROM DISK
2978490.978	Test_Phase.SEQUENCE.Word	LOADING RESOURCE SURFACE FROM DISK
2985638.162	Test_Phase.SEQUENCE.Word	LOADING RESOURCE SURFACE FROM DISK
2992904.779	Test_Phase.SEQUENCE.Word	LOADING RESOURCE SURFACE FROM DISK
3000087.907	Test_Phase.SEQUENCE.Word	LOADING RESOURCE SURFACE FROM DISK
3007488.017	Test_Phase.SEQUENCE.Word	LOADING RESOURCE SURFACE FROM DISK
3015992.733	Test_Phase.SEQUENCE.Word	LOADING RESOURCE SURFACE FROM DISK
3023147.036	Test_Phase.SEQUENCE.Word	LOADING RESOURCE SURFACE FROM DISK
3030338.018	Test_Phase.SEQUENCE.Word	LOADING RESOURCE SURFACE FROM DISK
3037771.23	Test_Phase.SEQUENCE.Word	LOADING RESOURCE SURFACE FROM DISK
3045788.029	Test_Phase.SEQUENCE.Word	LOADING RESOURCE SURFACE FROM DISK
3053079.359	Test_Phase.SEQUENCE.Word	LOADING RESOURCE SURFACE FROM DISK
3060471.633	Test_Phase.SEQUENCE.Word	LOADING RESOURCE SURFACE FROM DISK
3067708.147	Test_Phase.SEQUENCE.Word	LOADING RESOURCE SURFACE FROM DISK
3078937.979	Test_Phase.SEQUENCE.Word	LOADING RESOURCE SURFACE FROM DISK
3086388.271	Test_Phase.SEQUENCE.Word	LOADING RESOURCE SURFACE FROM DISK
3093538.071	Test_Phase.SEQUENCE.Word	LOADING RESOURCE SURFACE FROM DISK
3100740.877	Test_Phase.SEQUENCE.Word	LOADING RESOURCE SURFACE FROM DISK
3109321.395	Test_Phase.SEQUENCE.Word	LOADING RESOURCE SURFACE FROM DISK
3117821.227	Test_Phase.SEQUENCE.Word	LOADING RESOURCE SURFACE FROM DISK
3126423.683	Test_Phase.SEQUENCE.Word	LOADING RESOURCE SURFACE FROM DISK
3134171.353	Test_Phase.SEQUENCE.Word	LOADING RESOURCE SURFACE FROM DISK
3141846.158	Test_Phase.SEQUENCE.Word	LOADING RESOURCE SURFACE FROM DISK
3149054.909	Test_Phase.SEQUENCE.Word	LOADING RESOURCE SURFACE FROM DISK
3156421.278	Test_Phase.SEQUENCE.Word	LOADING RESOURCE SURFACE FROM DISK
3164088.926	Test_Phase.SEQUENCE.Word	LOADING RESOURCE SURFACE FROM DISK
3172521.323	Test_Phase.SEQUENCE.Word	LOADING RESOURCE SURFACE FROM DISK
3179688.963	Test_Phase.SEQUENCE.Word	LOADING RESOURCE SURFACE FROM DISK
3187726.83	Test_Phase.SEQUENCE.Word	LOADING RESOURCE SURFACE FROM DISK
3196171.396	Test_Phase.SEQUENCE.Word	LOADING RESOURCE SURFACE FROM DISK
3203387.981	Test_Phase.SEQUENCE.Word	LOADING RESOURCE SURFACE FROM DISK
3213154.795	Test_Phase.SEQUENCE.Word	LOADING RESOURCE SURFACE FROM DISK
3221422.227	Test_Phase.SEQUENCE.Word	LOADING RESOURCE SURFACE FROM DISK
3228528.038	Test_Phase.SEQUENCE.Word	LOADING RESOURCE SURFACE FROM DISK
3235704.519	Test_Phase.SEQUENCE.Word	LOADING RESOURCE SURFACE FROM DISK
3242854.864	Test_Phase.SEQUENCE.Word	LOADING RESOURCE SURFACE FROM DISK
3250205.121	Test_Phase.SEQUENCE.Word	LOADING RESOURCE SURFACE FROM DISK
3257430.987	Test_Phase.SEQUENCE.Word	LOADING RESOURCE SURFACE FROM DISK
3264537.389	Test_Phase.SEQUENCE.Word	LOADING RESOURCE SURFACE FROM DISK
3271692.229	Test_Phase.SEQUENCE.Word	LOADING RESOURCE SURFACE FROM DISK
3278908.239	Test_Phase.SEQUENCE.Word	LOADING RESOURCE SURFACE FROM DISK
3286055.065	Test_Phase.SEQUENCE.Word	LOADING RESOURCE SURFACE FROM DISK
3293071.297	Test_Phase.SEQUENCE.Word	LOADING RESOURCE SURFACE FROM DISK
3300304.76	Test_Phase.SEQUENCE.Word	LOADING RESOURCE SURFACE FROM DISK
3307421.367	Test_Phase.SEQUENCE.Word	LOADING RESOURCE SURFACE FROM DISK
3314521.263	Test_Phase.SEQUENCE.Word	LOADING RESOURCE SURFACE FROM DISK
3321654.71	Test_Phase.SEQUENCE.Word	LOADING RESOURCE SURFACE FROM DISK
3329654.785	Test_Phase.SEQUENCE.Word	LOADING RESOURCE SURFACE FROM DISK
3336990.8	Test_Phase.SEQUENCE.Word	LOADING RESOURCE SURFACE FROM DISK
3348188.009	Test_Phase.SEQUENCE.Word	LOADING RESOURCE SURFACE FROM DISK
3366313.311	Test_Phase.SEQUENCE.Word	LOADING RESOURCE SURFACE FROM DISK
3375671.334	Test_Phase.SEQUENCE.Word	LOADING RESOURCE SURFACE FROM DISK
3382755.103	Test_Phase.SEQUENCE.Word	LOADING RESOURCE SURFACE FROM DISK
3389988.521	Test_Phase.SEQUENCE.Word	LOADING RESOURCE SURFACE FROM DISK
3397814.398	Test_Phase.SEQUENCE.Word	LOADING RESOURCE SURFACE FROM DISK
3404938.173	Test_Phase.SEQUENCE.Word	LOADING RESOURCE SURFACE FROM DISK
3412237.988	Test_Phase.SEQUENCE.Word	LOADING RESOURCE SURFACE FROM DISK
3420671.447	Test_Phase.SEQUENCE.Word	LOADING RESOURCE SURFACE FROM DISK
3427787.952	Test_Phase.SEQUENCE.Word	LOADING RESOURCE SURFACE FROM DISK
3434688.192	Test_Phase.SEQUENCE.Word	LOADING RESOURCE SURFACE FROM DISK
3445607.274	Test_Phase.SEQUENCE.Word	LOADING RESOURCE SURFACE FROM DISK
3452767.34	Test_Phase.SEQUENCE.Word	LOADING RESOURCE SURFACE FROM DISK
3460237.989	Test_Phase.SEQUENCE.Word	LOADING RESOURCE SURFACE FROM DISK
3469357.988	Test_Phase.SEQUENCE.Word	LOADING RESOURCE SURFACE FROM DISK
3476754.834	Test_Phase.SEQUENCE.Word	LOADING RESOURCE SURFACE FROM DISK
3483856.627	Test_Phase.SEQUENCE.Word	LOADING RESOURCE SURFACE FROM DISK
3492138.268	Test_Phase.SEQUENCE.Word	LOADING RESOURCE SURFACE FROM DISK
3499854.686	Test_Phase.SEQUENCE.Word	LOADING RESOURCE SURFACE FROM DISK
3507479.203	Test_Phase.SEQUENCE.Word	LOADING RESOURCE SURFACE FROM DISK
3515021.353	Test_Phase.SEQUENCE.Word	LOADING RESOURCE SURFACE FROM DISK
3523222.147	Test_Phase.SEQUENCE.Word	LOADING RESOURCE SURFACE FROM DISK
3530555.935	Test_Phase.SEQUENCE.Word	LOADING RESOURCE SURFACE FROM DISK
3537797.369	Test_Phase.SEQUENCE.Word	LOADING RESOURCE SURFACE FROM DISK
3544888.474	Test_Phase.SEQUENCE.Word	LOADING RESOURCE SURFACE FROM DISK
3552108.937	Test_Phase.SEQUENCE.Word	LOADING RESOURCE SURFACE FROM DISK
3559698.228	Test_Phase.SEQUENCE.Word	LOADING RESOURCE SURFACE FROM DISK
3567187.168	Test_Phase.SEQUENCE.Word	LOADING RESOURCE SURFACE FROM DISK
3574704.642	Test_Phase.SEQUENCE.Word	LOADING RESOURCE SURFACE FROM DISK
3582427.057	Test_Phase.SEQUENCE.Word	LOADING RESOURCE SURFACE FROM DISK
3589607.731	Test_Phase.SEQUENCE.Word	LOADING RESOURCE SURFACE FROM DISK
3596842.288	Test_Phase.SEQUENCE.Word	LOADING RESOURCE SURFACE FROM DISK
3605971.435	Test_Phase.SEQUENCE.Word	LOADING RESOURCE SURFACE FROM DISK
3613071.358	Test_Phase.SEQUENCE.Word	LOADING RESOURCE SURFACE FROM DISK
3620297.535	Test_Phase.SEQUENCE.Word	LOADING RESOURCE SURFACE FROM DISK
3627474.719	Test_Phase.SEQUENCE.Word	LOADING RESOURCE SURFACE FROM DISK
3634728.376	Test_Phase.SEQUENCE.Word	LOADING RESOURCE SURFACE FROM DISK
3642329.914	Test_Phase.SEQUENCE.Word	LOADING RESOURCE SURFACE FROM DISK
3649471.526	Test_Phase.SEQUENCE.Word	LOADING RESOURCE SURFACE FROM DISK
3658071.331	Test_Phase.SEQUENCE.Word	LOADING RESOURCE SURFACE FROM DISK
3665271.422	Test_Phase.SEQUENCE.Word	LOADING RESOURCE SURFACE FROM DISK
3673971.316	Test_Phase.SEQUENCE.Word	LOADING RESOURCE SURFACE FROM DISK
3681244.321	Test_Phase.SEQUENCE.Word	LOADING RESOURCE SURFACE FROM DISK
3688904.873	Test_Phase.SEQUENCE.Word	LOADING RESOURCE SURFACE FROM DISK
3696188.091	Test_Phase.SEQUENCE.Word	LOADING RESOURCE SURFACE FROM DISK
3704037.943	Test_Phase.SEQUENCE.Word	LOADING RESOURCE SURFACE FROM DISK
3711504.622	Test_Phase.SEQUENCE.Word	LOADING RESOURCE SURFACE FROM DISK
3718888.042	Test_Phase.SEQUENCE.Word	LOADING RESOURCE SURFACE FROM DISK
3725927.919	Test_Phase.SEQUENCE.Word	LOADING RESOURCE SURFACE FROM DISK
3733271.428	Test_Phase.SEQUENCE.Word	LOADING RESOURCE SURFACE FROM DISK
3740479.368	Test_Phase.SEQUENCE.Word	LOADING RESOURCE SURFACE FROM DISK
3747805.33	Test_Phase.SEQUENCE.Word	LOADING RESOURCE SURFACE FROM DISK
3754854.683	Test_Phase.SEQUENCE.Word	LOADING RESOURCE SURFACE FROM DISK
3762621.321	Test_Phase.SEQUENCE.Word	LOADING RESOURCE SURFACE FROM DISK
3769721.348	Test_Phase.SEQUENCE.Word	LOADING RESOURCE SURFACE FROM DISK
3777465.462	Test_Phase.SEQUENCE.Word	LOADING RESOURCE SURFACE FROM DISK
3784857.366	Test_Phase.SEQUENCE.Word	LOADING RESOURCE SURFACE FROM DISK
3793692.04	Test_Phase.SEQUENCE.Word	LOADING RESOURCE SURFACE FROM DISK
3800772.198	Test_Phase.SEQUENCE.Word	LOADING RESOURCE SURFACE FROM DISK
3808807.819	Test_Phase.SEQUENCE.Word	LOADING RESOURCE SURFACE FROM DISK
3819121.332	Test_Phase.SEQUENCE.Word	LOADING RESOURCE SURFACE FROM DISK
3826271.493	Test_Phase.SEQUENCE.Word	LOADING RESOURCE SURFACE FROM DISK
3835430.547	Test_Phase.SEQUENCE.Word	LOADING RESOURCE SURFACE FROM DISK
3842571.434	Test_Phase.SEQUENCE.Word	LOADING RESOURCE SURFACE FROM DISK
3849923.032	Test_Phase.SEQUENCE.Word	LOADING RESOURCE SURFACE FROM DISK
3857140.262	Test_Phase.SEQUENCE.Word	LOADING RESOURCE SURFACE FROM DISK
3864654.574	Test_Phase.SEQUENCE.Word	LOADING RESOURCE SURFACE FROM DISK
3872092.027	Test_Phase.SEQUENCE.Word	LOADING RESOURCE SURFACE FROM DISK
3879955.122	Test_Phase.SEQUENCE.Word	LOADING RESOURCE SURFACE FROM DISK
3887104.741	Test_Phase.SEQUENCE.Word	LOADING RESOURCE SURFACE FROM DISK
3894820.875	Test_Phase.SEQUENCE.Word	LOADING RESOURCE SURFACE FROM DISK
3903355.133	Test_Phase.SEQUENCE.Word	LOADING RESOURCE SURFACE FROM DISK
3910504.59	Test_Phase.SEQUENCE.Word	LOADING RESOURCE SURFACE FROM DISK
3917337.825	Test_Phase.SEQUENCE.Word	LOADING RESOURCE SURFACE FROM DISK
3924521.677	Test_Phase.SEQUENCE.Word	LOADING RESOURCE SURFACE FROM DISK
3935654.759	Test_Phase.SEQUENCE.Word	LOADING RESOURCE SURFACE FROM DISK
3943571.455	Test_Phase.SEQUENCE.Word	LOADING RESOURCE SURFACE FROM DISK
3950654.808	Test_Phase.SEQUENCE.Word	LOADING RESOURCE SURFACE FROM DISK
3957745.77	Test_Phase.SEQUENCE.Word	LOADING RESOURCE SURFACE FROM DISK
3965613.54	Test_Phase.SEQUENCE.Word	LOADING RESOURCE SURFACE FROM DISK
3972706.978	Test_Phase.SEQUENCE.Word	LOADING RESOURCE SURFACE FROM DISK
3979693.5	Test_Phase.SEQUENCE.Word	LOADING RESOURCE SURFACE FROM DISK
3986521.24	Test_Phase.SEQUENCE.Word	LOADING RESOURCE SURFACE FROM DISK
3993541.828	DISPLAY_SCREEN	LOADING RESOURCE SURFACE FROM DISK
