4884.294	DISPLAY_SCREEN[1]	LOADING RESOURCE SURFACE FROM DISK
909011.007	Familiarization_Phase.SEQUENCE.Cue_and_Instruction	LOADING RESOURCE SURFACE FROM DISK
909014.925	Familiarization_Phase.SEQUENCE.Cue_and_Instruction	LOADING RESOURCE SURFACE FROM DISK
915052.519	Familiarization_Phase.SEQUENCE.Cue_and_Instruction	LOADING RESOURCE SURFACE FROM DISK
915056.916	Familiarization_Phase.SEQUENCE.Cue_and_Instruction	LOADING RESOURCE SURFACE FROM DISK
921383.34	Familiarization_Phase.SEQUENCE.Cue_and_Instruction	LOADING RESOURCE SURFACE FROM DISK
921387.452	Familiarization_Phase.SEQUENCE.Cue_and_Instruction	LOADING RESOURCE SURFACE FROM DISK
963542.302	DISPLAY_SCREEN[3]	LOADING RESOURCE SURFACE FROM DISK
1059375.065	DISPLAY_SCREEN[5]	LOADING RESOURCE SURFACE FROM DISK
1108460.423	Practice_Phase.SEQUENCE.Blink_Screen	LOADING RESOURCE SURFACE FROM DISK
1109664.416	Practice_Phase.SEQUENCE.Luminance_Cue[1]	LOADING RESOURCE SURFACE FROM DISK
1109666.744	Practice_Phase.SEQUENCE.Luminance_Cue[1]	LOADING RESOURCE SURFACE FROM DISK
1110164.344	Practice_Phase.SEQUENCE.Practice_Instruction	LOADING RESOURCE SURFACE FROM DISK
1110166.603	Practice_Phase.SEQUENCE.Practice_Instruction	LOADING RESOURCE SURFACE FROM DISK
1113664.307	Practice_Phase.SEQUENCE.Action_cue[1]	LOADING RESOURCE SURFACE FROM DISK
1118247.564	Practice_Phase.SEQUENCE.Practice_Instruction	LOADING RESOURCE SURFACE FROM DISK
1118249.947	Practice_Phase.SEQUENCE.Practice_Instruction	LOADING RESOURCE SURFACE FROM DISK
1126314.378	Practice_Phase.SEQUENCE.Practice_Instruction	LOADING RESOURCE SURFACE FROM DISK
1126360.185	Practice_Phase.SEQUENCE.Practice_Instruction	LOADING RESOURCE SURFACE FROM DISK
1126361.767	Practice_Phase.SEQUENCE.Practice_Instruction	flip time is later than desired time. Desired Time=1126333 Flip Time=1126383 Retrace Rate=16.643, prepareTime=53 flip request time 1126361
1134430.895	Practice_Phase.SEQUENCE.Practice_Instruction	LOADING RESOURCE SURFACE FROM DISK
1134433.547	Practice_Phase.SEQUENCE.Practice_Instruction	LOADING RESOURCE SURFACE FROM DISK
1142497.295	Practice_Phase.SEQUENCE.Practice_Instruction	LOADING RESOURCE SURFACE FROM DISK
1142537.545	Practice_Phase.SEQUENCE.Practice_Instruction	LOADING RESOURCE SURFACE FROM DISK
1142539.105	Practice_Phase.SEQUENCE.Practice_Instruction	flip time is later than desired time. Desired Time=1142516 Flip Time=1142549 Retrace Rate=16.643, prepareTime=47 flip request time 1142538
1150597.624	Practice_Phase.SEQUENCE.Practice_Instruction	LOADING RESOURCE SURFACE FROM DISK
1150600.064	Practice_Phase.SEQUENCE.Practice_Instruction	LOADING RESOURCE SURFACE FROM DISK
1158664.291	Practice_Phase.SEQUENCE.Practice_Instruction	LOADING RESOURCE SURFACE FROM DISK
1158666.665	Practice_Phase.SEQUENCE.Practice_Instruction	LOADING RESOURCE SURFACE FROM DISK
1166730.731	Practice_Phase.SEQUENCE.Practice_Instruction	LOADING RESOURCE SURFACE FROM DISK
1166770.197	Practice_Phase.SEQUENCE.Practice_Instruction	LOADING RESOURCE SURFACE FROM DISK
1166771.646	Practice_Phase.SEQUENCE.Practice_Instruction	flip time is later than desired time. Desired Time=1166749 Flip Time=1166783 Retrace Rate=16.643, prepareTime=46 flip request time 1166771
1174830.736	Practice_Phase.SEQUENCE.Practice_Instruction	LOADING RESOURCE SURFACE FROM DISK
1174833.565	Practice_Phase.SEQUENCE.Practice_Instruction	LOADING RESOURCE SURFACE FROM DISK
1180995.742	DISPLAY_SCREEN[2]	LOADING RESOURCE SURFACE FROM DISK
1340956.228	Study_Phase.SEQUENCE.Study_Instruction	LOADING RESOURCE SURFACE FROM DISK
1340958.414	Study_Phase.SEQUENCE.Study_Instruction	LOADING RESOURCE SURFACE FROM DISK
1349239.616	Study_Phase.SEQUENCE.Study_Instruction	LOADING RESOURCE SURFACE FROM DISK
1349241.917	Study_Phase.SEQUENCE.Study_Instruction	LOADING RESOURCE SURFACE FROM DISK
1357520.235	Study_Phase.SEQUENCE.Study_Instruction	LOADING RESOURCE SURFACE FROM DISK
1365789.57	Study_Phase.SEQUENCE.Study_Instruction	LOADING RESOURCE SURFACE FROM DISK
1365791.756	Study_Phase.SEQUENCE.Study_Instruction	LOADING RESOURCE SURFACE FROM DISK
1374070.551	Study_Phase.SEQUENCE.Study_Instruction	LOADING RESOURCE SURFACE FROM DISK
1382339.317	Study_Phase.SEQUENCE.Study_Instruction	LOADING RESOURCE SURFACE FROM DISK
1382383.337	Study_Phase.SEQUENCE.Study_Instruction	LOADING RESOURCE SURFACE FROM DISK
1390670.793	Study_Phase.SEQUENCE.Study_Instruction	LOADING RESOURCE SURFACE FROM DISK
1398923.023	Study_Phase.SEQUENCE.Study_Instruction	LOADING RESOURCE SURFACE FROM DISK
1398925.168	Study_Phase.SEQUENCE.Study_Instruction	LOADING RESOURCE SURFACE FROM DISK
1407206.126	Study_Phase.SEQUENCE.Study_Instruction	LOADING RESOURCE SURFACE FROM DISK
1407208.449	Study_Phase.SEQUENCE.Study_Instruction	LOADING RESOURCE SURFACE FROM DISK
1415469.063	Study_Phase.SEQUENCE.Study_Instruction	LOADING RESOURCE SURFACE FROM DISK
1423736.961	Study_Phase.SEQUENCE.Study_Instruction	LOADING RESOURCE SURFACE FROM DISK
1432006.124	Study_Phase.SEQUENCE.Study_Instruction	LOADING RESOURCE SURFACE FROM DISK
1432008.274	Study_Phase.SEQUENCE.Study_Instruction	LOADING RESOURCE SURFACE FROM DISK
1440289.472	Study_Phase.SEQUENCE.Study_Instruction	LOADING RESOURCE SURFACE FROM DISK
1440325.082	Study_Phase.SEQUENCE.Study_Instruction	LOADING RESOURCE SURFACE FROM DISK
1448602.379	Study_Phase.SEQUENCE.Study_Instruction	LOADING RESOURCE SURFACE FROM DISK
1456856.381	Study_Phase.SEQUENCE.Study_Instruction	LOADING RESOURCE SURFACE FROM DISK
1456858.704	Study_Phase.SEQUENCE.Study_Instruction	LOADING RESOURCE SURFACE FROM DISK
1465139.391	Study_Phase.SEQUENCE.Study_Instruction	LOADING RESOURCE SURFACE FROM DISK
1465158.079	Study_Phase.SEQUENCE.Study_Instruction	LOADING RESOURCE SURFACE FROM DISK
1473435.833	Study_Phase.SEQUENCE.Study_Instruction	LOADING RESOURCE SURFACE FROM DISK
1481706.132	Study_Phase.SEQUENCE.Study_Instruction	LOADING RESOURCE SURFACE FROM DISK
1481708.38	Study_Phase.SEQUENCE.Study_Instruction	LOADING RESOURCE SURFACE FROM DISK
1489989.395	Study_Phase.SEQUENCE.Study_Instruction	LOADING RESOURCE SURFACE FROM DISK
1489991.756	Study_Phase.SEQUENCE.Study_Instruction	LOADING RESOURCE SURFACE FROM DISK
1498256.201	Study_Phase.SEQUENCE.Study_Instruction	LOADING RESOURCE SURFACE FROM DISK
1498258.595	Study_Phase.SEQUENCE.Study_Instruction	LOADING RESOURCE SURFACE FROM DISK
1506536.051	Study_Phase.SEQUENCE.Study_Instruction	LOADING RESOURCE SURFACE FROM DISK
1514806.147	Study_Phase.SEQUENCE.Study_Instruction	LOADING RESOURCE SURFACE FROM DISK
1514808.425	Study_Phase.SEQUENCE.Study_Instruction	LOADING RESOURCE SURFACE FROM DISK
1523089.651	Study_Phase.SEQUENCE.Study_Instruction	LOADING RESOURCE SURFACE FROM DISK
1523091.969	Study_Phase.SEQUENCE.Study_Instruction	LOADING RESOURCE SURFACE FROM DISK
1531370.19	Study_Phase.SEQUENCE.Study_Instruction	LOADING RESOURCE SURFACE FROM DISK
1539622.995	Study_Phase.SEQUENCE.Study_Instruction	LOADING RESOURCE SURFACE FROM DISK
1539661.062	Study_Phase.SEQUENCE.Study_Instruction	LOADING RESOURCE SURFACE FROM DISK
1547936.903	Study_Phase.SEQUENCE.Study_Instruction	LOADING RESOURCE SURFACE FROM DISK
1556206.063	Study_Phase.SEQUENCE.Study_Instruction	LOADING RESOURCE SURFACE FROM DISK
1556208.209	Study_Phase.SEQUENCE.Study_Instruction	LOADING RESOURCE SURFACE FROM DISK
1564486.989	Study_Phase.SEQUENCE.Study_Instruction	LOADING RESOURCE SURFACE FROM DISK
1572752.438	Study_Phase.SEQUENCE.Study_Instruction	LOADING RESOURCE SURFACE FROM DISK
1581022.958	Study_Phase.SEQUENCE.Study_Instruction	LOADING RESOURCE SURFACE FROM DISK
1581069.055	Study_Phase.SEQUENCE.Study_Instruction	LOADING RESOURCE SURFACE FROM DISK
1589336.84	Study_Phase.SEQUENCE.Study_Instruction	LOADING RESOURCE SURFACE FROM DISK
1597606.184	Study_Phase.SEQUENCE.Study_Instruction	LOADING RESOURCE SURFACE FROM DISK
1597608.321	Study_Phase.SEQUENCE.Study_Instruction	LOADING RESOURCE SURFACE FROM DISK
1605885.739	Study_Phase.SEQUENCE.Study_Instruction	LOADING RESOURCE SURFACE FROM DISK
1614185.748	Study_Phase.SEQUENCE.Study_Instruction	LOADING RESOURCE SURFACE FROM DISK
1622453.515	Study_Phase.SEQUENCE.Study_Instruction	LOADING RESOURCE SURFACE FROM DISK
1630722.867	Study_Phase.SEQUENCE.Study_Instruction	LOADING RESOURCE SURFACE FROM DISK
1630725.024	Study_Phase.SEQUENCE.Study_Instruction	LOADING RESOURCE SURFACE FROM DISK
1639002.427	Study_Phase.SEQUENCE.Study_Instruction	LOADING RESOURCE SURFACE FROM DISK
1647272.789	Study_Phase.SEQUENCE.Study_Instruction	LOADING RESOURCE SURFACE FROM DISK
1647275.06	Study_Phase.SEQUENCE.Study_Instruction	LOADING RESOURCE SURFACE FROM DISK
1655539.57	Study_Phase.SEQUENCE.Study_Instruction	LOADING RESOURCE SURFACE FROM DISK
1655541.844	Study_Phase.SEQUENCE.Study_Instruction	LOADING RESOURCE SURFACE FROM DISK
1663819.131	Study_Phase.SEQUENCE.Study_Instruction	LOADING RESOURCE SURFACE FROM DISK
1672072.859	Study_Phase.SEQUENCE.Study_Instruction	LOADING RESOURCE SURFACE FROM DISK
1672075.141	Study_Phase.SEQUENCE.Study_Instruction	LOADING RESOURCE SURFACE FROM DISK
1680356.112	Study_Phase.SEQUENCE.Study_Instruction	LOADING RESOURCE SURFACE FROM DISK
1680358.52	Study_Phase.SEQUENCE.Study_Instruction	LOADING RESOURCE SURFACE FROM DISK
1688635.84	Study_Phase.SEQUENCE.Study_Instruction	LOADING RESOURCE SURFACE FROM DISK
1696903.607	Study_Phase.SEQUENCE.Study_Instruction	LOADING RESOURCE SURFACE FROM DISK
1705169.262	Study_Phase.SEQUENCE.Study_Instruction	LOADING RESOURCE SURFACE FROM DISK
1713435.926	Study_Phase.SEQUENCE.Study_Instruction	LOADING RESOURCE SURFACE FROM DISK
1721689.397	Study_Phase.SEQUENCE.Study_Instruction	LOADING RESOURCE SURFACE FROM DISK
1721691.674	Study_Phase.SEQUENCE.Study_Instruction	LOADING RESOURCE SURFACE FROM DISK
1729972.987	Study_Phase.SEQUENCE.Study_Instruction	LOADING RESOURCE SURFACE FROM DISK
1729975.278	Study_Phase.SEQUENCE.Study_Instruction	LOADING RESOURCE SURFACE FROM DISK
1738252.383	Study_Phase.SEQUENCE.Study_Instruction	LOADING RESOURCE SURFACE FROM DISK
1746522.827	Study_Phase.SEQUENCE.Study_Instruction	LOADING RESOURCE SURFACE FROM DISK
1746525.23	Study_Phase.SEQUENCE.Study_Instruction	LOADING RESOURCE SURFACE FROM DISK
1754838.122	Study_Phase.SEQUENCE.Study_Instruction	LOADING RESOURCE SURFACE FROM DISK
1763103.646	Study_Phase.SEQUENCE.Study_Instruction	LOADING RESOURCE SURFACE FROM DISK
1771372.604	Study_Phase.SEQUENCE.Study_Instruction	LOADING RESOURCE SURFACE FROM DISK
1771374.715	Study_Phase.SEQUENCE.Study_Instruction	LOADING RESOURCE SURFACE FROM DISK
1779653.53	Study_Phase.SEQUENCE.Study_Instruction	LOADING RESOURCE SURFACE FROM DISK
1787922.951	Study_Phase.SEQUENCE.Study_Instruction	LOADING RESOURCE SURFACE FROM DISK
1787925.125	Study_Phase.SEQUENCE.Study_Instruction	LOADING RESOURCE SURFACE FROM DISK
1796185.763	Study_Phase.SEQUENCE.Study_Instruction	LOADING RESOURCE SURFACE FROM DISK
1804456.266	Study_Phase.SEQUENCE.Study_Instruction	LOADING RESOURCE SURFACE FROM DISK
1804458.587	Study_Phase.SEQUENCE.Study_Instruction	LOADING RESOURCE SURFACE FROM DISK
1812739.419	Study_Phase.SEQUENCE.Study_Instruction	LOADING RESOURCE SURFACE FROM DISK
1812741.787	Study_Phase.SEQUENCE.Study_Instruction	LOADING RESOURCE SURFACE FROM DISK
1821020.34	Study_Phase.SEQUENCE.Study_Instruction	LOADING RESOURCE SURFACE FROM DISK
1829285.812	Study_Phase.SEQUENCE.Study_Instruction	LOADING RESOURCE SURFACE FROM DISK
1837589.321	Study_Phase.SEQUENCE.Study_Instruction	LOADING RESOURCE SURFACE FROM DISK
1845856.209	Study_Phase.SEQUENCE.Study_Instruction	LOADING RESOURCE SURFACE FROM DISK
1845858.337	Study_Phase.SEQUENCE.Study_Instruction	LOADING RESOURCE SURFACE FROM DISK
1854135.867	Study_Phase.SEQUENCE.Study_Instruction	LOADING RESOURCE SURFACE FROM DISK
1862403.458	Study_Phase.SEQUENCE.Study_Instruction	LOADING RESOURCE SURFACE FROM DISK
1870672.959	Study_Phase.SEQUENCE.Study_Instruction	LOADING RESOURCE SURFACE FROM DISK
1870675.13	Study_Phase.SEQUENCE.Study_Instruction	LOADING RESOURCE SURFACE FROM DISK
1878953.532	Study_Phase.SEQUENCE.Study_Instruction	LOADING RESOURCE SURFACE FROM DISK
1887222.848	Study_Phase.SEQUENCE.Study_Instruction	LOADING RESOURCE SURFACE FROM DISK
1887225.011	Study_Phase.SEQUENCE.Study_Instruction	LOADING RESOURCE SURFACE FROM DISK
1895502.355	Study_Phase.SEQUENCE.Study_Instruction	LOADING RESOURCE SURFACE FROM DISK
1903770.188	Study_Phase.SEQUENCE.Study_Instruction	LOADING RESOURCE SURFACE FROM DISK
1912039.51	Study_Phase.SEQUENCE.Study_Instruction	LOADING RESOURCE SURFACE FROM DISK
1912041.624	Study_Phase.SEQUENCE.Study_Instruction	LOADING RESOURCE SURFACE FROM DISK
1920322.85	Study_Phase.SEQUENCE.Study_Instruction	LOADING RESOURCE SURFACE FROM DISK
1920325.211	Study_Phase.SEQUENCE.Study_Instruction	LOADING RESOURCE SURFACE FROM DISK
1928602.424	Study_Phase.SEQUENCE.Study_Instruction	LOADING RESOURCE SURFACE FROM DISK
1936872.956	Study_Phase.SEQUENCE.Study_Instruction	LOADING RESOURCE SURFACE FROM DISK
1936875.246	Study_Phase.SEQUENCE.Study_Instruction	LOADING RESOURCE SURFACE FROM DISK
1945156.129	Study_Phase.SEQUENCE.Study_Instruction	LOADING RESOURCE SURFACE FROM DISK
1945158.541	Study_Phase.SEQUENCE.Study_Instruction	LOADING RESOURCE SURFACE FROM DISK
1953436.934	Study_Phase.SEQUENCE.Study_Instruction	LOADING RESOURCE SURFACE FROM DISK
1961706.257	Study_Phase.SEQUENCE.Study_Instruction	LOADING RESOURCE SURFACE FROM DISK
1961731.766	Study_Phase.SEQUENCE.Study_Instruction	LOADING RESOURCE SURFACE FROM DISK
1970003.603	Study_Phase.SEQUENCE.Study_Instruction	LOADING RESOURCE SURFACE FROM DISK
1978269.198	Study_Phase.SEQUENCE.Study_Instruction	LOADING RESOURCE SURFACE FROM DISK
1986535.904	Study_Phase.SEQUENCE.Study_Instruction	LOADING RESOURCE SURFACE FROM DISK
1994802.552	Study_Phase.SEQUENCE.Study_Instruction	LOADING RESOURCE SURFACE FROM DISK
2003069.244	Study_Phase.SEQUENCE.Study_Instruction	LOADING RESOURCE SURFACE FROM DISK
2011339.528	Study_Phase.SEQUENCE.Study_Instruction	LOADING RESOURCE SURFACE FROM DISK
2011341.686	Study_Phase.SEQUENCE.Study_Instruction	LOADING RESOURCE SURFACE FROM DISK
2019651.994	Study_Phase.SEQUENCE.Study_Instruction	LOADING RESOURCE SURFACE FROM DISK
2027922.926	Study_Phase.SEQUENCE.Study_Instruction	LOADING RESOURCE SURFACE FROM DISK
2027925.211	Study_Phase.SEQUENCE.Study_Instruction	LOADING RESOURCE SURFACE FROM DISK
2036203.546	Study_Phase.SEQUENCE.Study_Instruction	LOADING RESOURCE SURFACE FROM DISK
2044504.718	Study_Phase.SEQUENCE.Study_Instruction	LOADING RESOURCE SURFACE FROM DISK
2052772.749	Study_Phase.SEQUENCE.Study_Instruction	LOADING RESOURCE SURFACE FROM DISK
2052774.988	Study_Phase.SEQUENCE.Study_Instruction	LOADING RESOURCE SURFACE FROM DISK
2061052.674	Study_Phase.SEQUENCE.Study_Instruction	LOADING RESOURCE SURFACE FROM DISK
2069320.355	Study_Phase.SEQUENCE.Study_Instruction	LOADING RESOURCE SURFACE FROM DISK
2077585.818	Study_Phase.SEQUENCE.Study_Instruction	LOADING RESOURCE SURFACE FROM DISK
2085852.534	Study_Phase.SEQUENCE.Study_Instruction	LOADING RESOURCE SURFACE FROM DISK
2094119.234	Study_Phase.SEQUENCE.Study_Instruction	LOADING RESOURCE SURFACE FROM DISK
2102389.51	Study_Phase.SEQUENCE.Study_Instruction	LOADING RESOURCE SURFACE FROM DISK
2102391.656	Study_Phase.SEQUENCE.Study_Instruction	LOADING RESOURCE SURFACE FROM DISK
2110672.867	Study_Phase.SEQUENCE.Study_Instruction	LOADING RESOURCE SURFACE FROM DISK
2110675.144	Study_Phase.SEQUENCE.Study_Instruction	LOADING RESOURCE SURFACE FROM DISK
2118956.236	Study_Phase.SEQUENCE.Study_Instruction	LOADING RESOURCE SURFACE FROM DISK
2118958.52	Study_Phase.SEQUENCE.Study_Instruction	LOADING RESOURCE SURFACE FROM DISK
2127235.671	Study_Phase.SEQUENCE.Study_Instruction	LOADING RESOURCE SURFACE FROM DISK
2135502.337	Study_Phase.SEQUENCE.Study_Instruction	LOADING RESOURCE SURFACE FROM DISK
2143773.006	Study_Phase.SEQUENCE.Study_Instruction	LOADING RESOURCE SURFACE FROM DISK
2143775.305	Study_Phase.SEQUENCE.Study_Instruction	LOADING RESOURCE SURFACE FROM DISK
2152055.926	Study_Phase.SEQUENCE.Study_Instruction	LOADING RESOURCE SURFACE FROM DISK
2152058.18	Study_Phase.SEQUENCE.Study_Instruction	LOADING RESOURCE SURFACE FROM DISK
2160339.531	Study_Phase.SEQUENCE.Study_Instruction	LOADING RESOURCE SURFACE FROM DISK
2160341.807	Study_Phase.SEQUENCE.Study_Instruction	LOADING RESOURCE SURFACE FROM DISK
2168620.263	Study_Phase.SEQUENCE.Study_Instruction	LOADING RESOURCE SURFACE FROM DISK
2176889.339	Study_Phase.SEQUENCE.Study_Instruction	LOADING RESOURCE SURFACE FROM DISK
2176891.602	Study_Phase.SEQUENCE.Study_Instruction	LOADING RESOURCE SURFACE FROM DISK
2185152.432	Study_Phase.SEQUENCE.Study_Instruction	LOADING RESOURCE SURFACE FROM DISK
2193420.281	Study_Phase.SEQUENCE.Study_Instruction	LOADING RESOURCE SURFACE FROM DISK
2201689.329	Study_Phase.SEQUENCE.Study_Instruction	LOADING RESOURCE SURFACE FROM DISK
2201691.561	Study_Phase.SEQUENCE.Study_Instruction	LOADING RESOURCE SURFACE FROM DISK
2209972.815	Study_Phase.SEQUENCE.Study_Instruction	LOADING RESOURCE SURFACE FROM DISK
2209975.058	Study_Phase.SEQUENCE.Study_Instruction	LOADING RESOURCE SURFACE FROM DISK
2218219.017	Study_Phase.SEQUENCE.Study_Instruction	LOADING RESOURCE SURFACE FROM DISK
2226489.454	Study_Phase.SEQUENCE.Study_Instruction	LOADING RESOURCE SURFACE FROM DISK
2226491.903	Study_Phase.SEQUENCE.Study_Instruction	LOADING RESOURCE SURFACE FROM DISK
2234769.157	Study_Phase.SEQUENCE.Study_Instruction	LOADING RESOURCE SURFACE FROM DISK
2243037.006	Study_Phase.SEQUENCE.Study_Instruction	LOADING RESOURCE SURFACE FROM DISK
2251344.671	Study_Phase.SEQUENCE.Study_Instruction	LOADING RESOURCE SURFACE FROM DISK
2259622.822	Study_Phase.SEQUENCE.Study_Instruction	LOADING RESOURCE SURFACE FROM DISK
2259624.926	Study_Phase.SEQUENCE.Study_Instruction	LOADING RESOURCE SURFACE FROM DISK
2267903.513	Study_Phase.SEQUENCE.Study_Instruction	LOADING RESOURCE SURFACE FROM DISK
2276169.02	Study_Phase.SEQUENCE.Study_Instruction	LOADING RESOURCE SURFACE FROM DISK
2284435.813	Study_Phase.SEQUENCE.Study_Instruction	LOADING RESOURCE SURFACE FROM DISK
2292706.13	Study_Phase.SEQUENCE.Study_Instruction	LOADING RESOURCE SURFACE FROM DISK
2292708.273	Study_Phase.SEQUENCE.Study_Instruction	LOADING RESOURCE SURFACE FROM DISK
2300985.895	Study_Phase.SEQUENCE.Study_Instruction	LOADING RESOURCE SURFACE FROM DISK
2309256.364	Study_Phase.SEQUENCE.Study_Instruction	LOADING RESOURCE SURFACE FROM DISK
2309258.702	Study_Phase.SEQUENCE.Study_Instruction	LOADING RESOURCE SURFACE FROM DISK
2317535.749	Study_Phase.SEQUENCE.Study_Instruction	LOADING RESOURCE SURFACE FROM DISK
2325845.023	Study_Phase.SEQUENCE.Study_Instruction	LOADING RESOURCE SURFACE FROM DISK
2332078.118	DISPLAY_SCREEN[7]	LOADING RESOURCE SURFACE FROM DISK
2554868.749	Test_Phase.SEQUENCE.Target_Cue	LOADING RESOURCE SURFACE FROM DISK
2554870.344	Test_Phase.SEQUENCE.Target_Cue	LOADING RESOURCE SURFACE FROM DISK
2556885.773	Test_Phase.SEQUENCE.Word	LOADING RESOURCE SURFACE FROM DISK
2559902.057	Test_Phase.SEQUENCE.Test_Question	LOADING RESOURCE SURFACE FROM DISK
2559903.669	Test_Phase.SEQUENCE.Test_Question	LOADING RESOURCE SURFACE FROM DISK
2559905.316	Test_Phase.SEQUENCE.Test_Question	LOADING RESOURCE SURFACE FROM DISK
2559906.936	Test_Phase.SEQUENCE.Test_Question	LOADING RESOURCE SURFACE FROM DISK
2559908.534	Test_Phase.SEQUENCE.Test_Question	LOADING RESOURCE SURFACE FROM DISK
2559910.368	Test_Phase.SEQUENCE.Test_Question	LOADING RESOURCE SURFACE FROM DISK
2559911.958	Test_Phase.SEQUENCE.Test_Question	LOADING RESOURCE SURFACE FROM DISK
2559913.478	Test_Phase.SEQUENCE.Test_Question	LOADING RESOURCE SURFACE FROM DISK
2559915.125	Test_Phase.SEQUENCE.Test_Question	LOADING RESOURCE SURFACE FROM DISK
2559916.635	Test_Phase.SEQUENCE.Test_Question	LOADING RESOURCE SURFACE FROM DISK
2559918.183	Test_Phase.SEQUENCE.Test_Question	LOADING RESOURCE SURFACE FROM DISK
2559919.748	Test_Phase.SEQUENCE.Test_Question	LOADING RESOURCE SURFACE FROM DISK
2564619.207	Test_Phase.SEQUENCE.Word	LOADING RESOURCE SURFACE FROM DISK
2573302.548	Test_Phase.SEQUENCE.Word	LOADING RESOURCE SURFACE FROM DISK
2581652.519	Test_Phase.SEQUENCE.Word	LOADING RESOURCE SURFACE FROM DISK
2589035.813	Test_Phase.SEQUENCE.Word	LOADING RESOURCE SURFACE FROM DISK
2598702.472	Test_Phase.SEQUENCE.Word	LOADING RESOURCE SURFACE FROM DISK
2605902.705	Test_Phase.SEQUENCE.Word	LOADING RESOURCE SURFACE FROM DISK
2613419.344	Test_Phase.SEQUENCE.Word	LOADING RESOURCE SURFACE FROM DISK
2620652.648	Test_Phase.SEQUENCE.Word	LOADING RESOURCE SURFACE FROM DISK
2628369.211	Test_Phase.SEQUENCE.Word	LOADING RESOURCE SURFACE FROM DISK
2635852.576	Test_Phase.SEQUENCE.Word	LOADING RESOURCE SURFACE FROM DISK
2643335.988	Test_Phase.SEQUENCE.Word	LOADING RESOURCE SURFACE FROM DISK
2650685.861	Test_Phase.SEQUENCE.Word	LOADING RESOURCE SURFACE FROM DISK
2658669.073	Test_Phase.SEQUENCE.Word	LOADING RESOURCE SURFACE FROM DISK
2665935.868	Test_Phase.SEQUENCE.Word	LOADING RESOURCE SURFACE FROM DISK
2673536.015	Test_Phase.SEQUENCE.Word	LOADING RESOURCE SURFACE FROM DISK
2680636.169	Test_Phase.SEQUENCE.Word	LOADING RESOURCE SURFACE FROM DISK
2687719.236	Test_Phase.SEQUENCE.Word	LOADING RESOURCE SURFACE FROM DISK
2695185.874	Test_Phase.SEQUENCE.Word	LOADING RESOURCE SURFACE FROM DISK
2702369.184	Test_Phase.SEQUENCE.Word	LOADING RESOURCE SURFACE FROM DISK
2710135.893	Test_Phase.SEQUENCE.Word	LOADING RESOURCE SURFACE FROM DISK
2717402.764	Test_Phase.SEQUENCE.Word	LOADING RESOURCE SURFACE FROM DISK
2724602.596	Test_Phase.SEQUENCE.Word	LOADING RESOURCE SURFACE FROM DISK
2731986.083	Test_Phase.SEQUENCE.Word	LOADING RESOURCE SURFACE FROM DISK
2739519.176	Test_Phase.SEQUENCE.Word	LOADING RESOURCE SURFACE FROM DISK
2746635.727	Test_Phase.SEQUENCE.Word	LOADING RESOURCE SURFACE FROM DISK
2754536.094	Test_Phase.SEQUENCE.Word	LOADING RESOURCE SURFACE FROM DISK
2761852.511	Test_Phase.SEQUENCE.Word	LOADING RESOURCE SURFACE FROM DISK
2776535.798	Test_Phase.SEQUENCE.Word	LOADING RESOURCE SURFACE FROM DISK
2783652.603	Test_Phase.SEQUENCE.Word	LOADING RESOURCE SURFACE FROM DISK
2790835.879	Test_Phase.SEQUENCE.Word	LOADING RESOURCE SURFACE FROM DISK
2797985.826	Test_Phase.SEQUENCE.Word	LOADING RESOURCE SURFACE FROM DISK
2805119.212	Test_Phase.SEQUENCE.Word	LOADING RESOURCE SURFACE FROM DISK
2812319.25	Test_Phase.SEQUENCE.Word	LOADING RESOURCE SURFACE FROM DISK
2819452.618	Test_Phase.SEQUENCE.Word	LOADING RESOURCE SURFACE FROM DISK
2826869.277	Test_Phase.SEQUENCE.Word	LOADING RESOURCE SURFACE FROM DISK
2834052.648	Test_Phase.SEQUENCE.Word	LOADING RESOURCE SURFACE FROM DISK
2841485.881	Test_Phase.SEQUENCE.Word	LOADING RESOURCE SURFACE FROM DISK
2848769.13	Test_Phase.SEQUENCE.Word	LOADING RESOURCE SURFACE FROM DISK
2856369.235	Test_Phase.SEQUENCE.Word	LOADING RESOURCE SURFACE FROM DISK
2863839.969	Test_Phase.SEQUENCE.Word	LOADING RESOURCE SURFACE FROM DISK
2871038.622	Test_Phase.SEQUENCE.Word	LOADING RESOURCE SURFACE FROM DISK
2878169.246	Test_Phase.SEQUENCE.Word	LOADING RESOURCE SURFACE FROM DISK
2885402.55	Test_Phase.SEQUENCE.Word	LOADING RESOURCE SURFACE FROM DISK
2892552.544	Test_Phase.SEQUENCE.Word	LOADING RESOURCE SURFACE FROM DISK
2899669.123	Test_Phase.SEQUENCE.Word	LOADING RESOURCE SURFACE FROM DISK
2906952.661	Test_Phase.SEQUENCE.Word	LOADING RESOURCE SURFACE FROM DISK
2914002.743	Test_Phase.SEQUENCE.Word	LOADING RESOURCE SURFACE FROM DISK
2921202.871	Test_Phase.SEQUENCE.Word	LOADING RESOURCE SURFACE FROM DISK
2928936.03	Test_Phase.SEQUENCE.Word	LOADING RESOURCE SURFACE FROM DISK
2936402.559	Test_Phase.SEQUENCE.Word	LOADING RESOURCE SURFACE FROM DISK
2943585.846	Test_Phase.SEQUENCE.Word	LOADING RESOURCE SURFACE FROM DISK
2950702.467	Test_Phase.SEQUENCE.Word	LOADING RESOURCE SURFACE FROM DISK
2957919.373	Test_Phase.SEQUENCE.Word	LOADING RESOURCE SURFACE FROM DISK
2965052.773	Test_Phase.SEQUENCE.Word	LOADING RESOURCE SURFACE FROM DISK
2972235.763	Test_Phase.SEQUENCE.Word	LOADING RESOURCE SURFACE FROM DISK
2979552.534	Test_Phase.SEQUENCE.Word	LOADING RESOURCE SURFACE FROM DISK
2986602.565	Test_Phase.SEQUENCE.Word	LOADING RESOURCE SURFACE FROM DISK
2993802.655	Test_Phase.SEQUENCE.Word	LOADING RESOURCE SURFACE FROM DISK
3000936.028	Test_Phase.SEQUENCE.Word	LOADING RESOURCE SURFACE FROM DISK
3008069.258	Test_Phase.SEQUENCE.Word	LOADING RESOURCE SURFACE FROM DISK
3015152.718	Test_Phase.SEQUENCE.Word	LOADING RESOURCE SURFACE FROM DISK
3022302.549	Test_Phase.SEQUENCE.Word	LOADING RESOURCE SURFACE FROM DISK
3030202.421	Test_Phase.SEQUENCE.Word	LOADING RESOURCE SURFACE FROM DISK
3038019.404	Test_Phase.SEQUENCE.Word	LOADING RESOURCE SURFACE FROM DISK
3047269.334	Test_Phase.SEQUENCE.Word	LOADING RESOURCE SURFACE FROM DISK
3054535.896	Test_Phase.SEQUENCE.Word	LOADING RESOURCE SURFACE FROM DISK
3061719.109	Test_Phase.SEQUENCE.Word	LOADING RESOURCE SURFACE FROM DISK
3068819.245	Test_Phase.SEQUENCE.Word	LOADING RESOURCE SURFACE FROM DISK
3076102.78	Test_Phase.SEQUENCE.Word	LOADING RESOURCE SURFACE FROM DISK
3083285.956	Test_Phase.SEQUENCE.Word	LOADING RESOURCE SURFACE FROM DISK
3090352.548	Test_Phase.SEQUENCE.Word	LOADING RESOURCE SURFACE FROM DISK
3097702.671	Test_Phase.SEQUENCE.Word	LOADING RESOURCE SURFACE FROM DISK
3104869.25	Test_Phase.SEQUENCE.Word	LOADING RESOURCE SURFACE FROM DISK
3112702.378	Test_Phase.SEQUENCE.Word	LOADING RESOURCE SURFACE FROM DISK
3119802.603	Test_Phase.SEQUENCE.Word	LOADING RESOURCE SURFACE FROM DISK
3127019.151	Test_Phase.SEQUENCE.Word	LOADING RESOURCE SURFACE FROM DISK
3135152.529	Test_Phase.SEQUENCE.Word	LOADING RESOURCE SURFACE FROM DISK
3142185.933	Test_Phase.SEQUENCE.Word	LOADING RESOURCE SURFACE FROM DISK
3149235.875	Test_Phase.SEQUENCE.Word	LOADING RESOURCE SURFACE FROM DISK
3156335.777	Test_Phase.SEQUENCE.Word	LOADING RESOURCE SURFACE FROM DISK
3164669.35	Test_Phase.SEQUENCE.Word	LOADING RESOURCE SURFACE FROM DISK
3173219.238	Test_Phase.SEQUENCE.Word	LOADING RESOURCE SURFACE FROM DISK
3180485.964	Test_Phase.SEQUENCE.Word	LOADING RESOURCE SURFACE FROM DISK
3188319.088	Test_Phase.SEQUENCE.Word	LOADING RESOURCE SURFACE FROM DISK
3196285.737	Test_Phase.SEQUENCE.Word	LOADING RESOURCE SURFACE FROM DISK
3203452.703	Test_Phase.SEQUENCE.Word	LOADING RESOURCE SURFACE FROM DISK
3210619.365	Test_Phase.SEQUENCE.Word	LOADING RESOURCE SURFACE FROM DISK
3217852.746	Test_Phase.SEQUENCE.Word	LOADING RESOURCE SURFACE FROM DISK
3224935.975	Test_Phase.SEQUENCE.Word	LOADING RESOURCE SURFACE FROM DISK
3232102.694	Test_Phase.SEQUENCE.Word	LOADING RESOURCE SURFACE FROM DISK
3239252.655	Test_Phase.SEQUENCE.Word	LOADING RESOURCE SURFACE FROM DISK
3246435.846	Test_Phase.SEQUENCE.Word	LOADING RESOURCE SURFACE FROM DISK
3253502.579	Test_Phase.SEQUENCE.Word	LOADING RESOURCE SURFACE FROM DISK
3260619.143	Test_Phase.SEQUENCE.Word	LOADING RESOURCE SURFACE FROM DISK
3267652.502	Test_Phase.SEQUENCE.Word	LOADING RESOURCE SURFACE FROM DISK
3275302.611	Test_Phase.SEQUENCE.Word	LOADING RESOURCE SURFACE FROM DISK
3282702.65	Test_Phase.SEQUENCE.Word	LOADING RESOURCE SURFACE FROM DISK
3290285.756	Test_Phase.SEQUENCE.Word	LOADING RESOURCE SURFACE FROM DISK
3297486.759	Test_Phase.SEQUENCE.Word	LOADING RESOURCE SURFACE FROM DISK
3304569.174	Test_Phase.SEQUENCE.Word	LOADING RESOURCE SURFACE FROM DISK
3312202.563	Test_Phase.SEQUENCE.Word	LOADING RESOURCE SURFACE FROM DISK
3319719.252	Test_Phase.SEQUENCE.Word	LOADING RESOURCE SURFACE FROM DISK
3328490.883	Test_Phase.SEQUENCE.Word	LOADING RESOURCE SURFACE FROM DISK
3336085.754	Test_Phase.SEQUENCE.Word	LOADING RESOURCE SURFACE FROM DISK
3343436.225	Test_Phase.SEQUENCE.Word	LOADING RESOURCE SURFACE FROM DISK
3350752.379	Test_Phase.SEQUENCE.Word	LOADING RESOURCE SURFACE FROM DISK
3357852.617	Test_Phase.SEQUENCE.Word	LOADING RESOURCE SURFACE FROM DISK
3365086.115	Test_Phase.SEQUENCE.Word	LOADING RESOURCE SURFACE FROM DISK
3372219.231	Test_Phase.SEQUENCE.Word	LOADING RESOURCE SURFACE FROM DISK
3379702.572	Test_Phase.SEQUENCE.Word	LOADING RESOURCE SURFACE FROM DISK
3387384.505	Test_Phase.SEQUENCE.Word	LOADING RESOURCE SURFACE FROM DISK
3394469.193	Test_Phase.SEQUENCE.Word	LOADING RESOURCE SURFACE FROM DISK
3401719.324	Test_Phase.SEQUENCE.Word	LOADING RESOURCE SURFACE FROM DISK
3408819.407	Test_Phase.SEQUENCE.Word	LOADING RESOURCE SURFACE FROM DISK
3415952.572	Test_Phase.SEQUENCE.Word	LOADING RESOURCE SURFACE FROM DISK
3423085.805	Test_Phase.SEQUENCE.Word	LOADING RESOURCE SURFACE FROM DISK
3430169.182	Test_Phase.SEQUENCE.Word	LOADING RESOURCE SURFACE FROM DISK
3437385.918	Test_Phase.SEQUENCE.Word	LOADING RESOURCE SURFACE FROM DISK
3444536.074	Test_Phase.SEQUENCE.Word	LOADING RESOURCE SURFACE FROM DISK
3451769.206	Test_Phase.SEQUENCE.Word	LOADING RESOURCE SURFACE FROM DISK
3458902.548	Test_Phase.SEQUENCE.Word	LOADING RESOURCE SURFACE FROM DISK
3466669.229	Test_Phase.SEQUENCE.Word	LOADING RESOURCE SURFACE FROM DISK
3473819.161	Test_Phase.SEQUENCE.Word	LOADING RESOURCE SURFACE FROM DISK
3481252.625	Test_Phase.SEQUENCE.Word	LOADING RESOURCE SURFACE FROM DISK
3488419.261	Test_Phase.SEQUENCE.Word	LOADING RESOURCE SURFACE FROM DISK
3495619.212	Test_Phase.SEQUENCE.Word	LOADING RESOURCE SURFACE FROM DISK
3502685.925	Test_Phase.SEQUENCE.Word	LOADING RESOURCE SURFACE FROM DISK
3509752.541	Test_Phase.SEQUENCE.Word	LOADING RESOURCE SURFACE FROM DISK
3517402.499	Test_Phase.SEQUENCE.Word	LOADING RESOURCE SURFACE FROM DISK
3525102.716	Test_Phase.SEQUENCE.Word	LOADING RESOURCE SURFACE FROM DISK
3532185.859	Test_Phase.SEQUENCE.Word	LOADING RESOURCE SURFACE FROM DISK
3539202.657	Test_Phase.SEQUENCE.Word	LOADING RESOURCE SURFACE FROM DISK
3546485.753	Test_Phase.SEQUENCE.Word	LOADING RESOURCE SURFACE FROM DISK
3553585.996	Test_Phase.SEQUENCE.Word	LOADING RESOURCE SURFACE FROM DISK
3560735.869	Test_Phase.SEQUENCE.Word	LOADING RESOURCE SURFACE FROM DISK
3568235.967	Test_Phase.SEQUENCE.Word	LOADING RESOURCE SURFACE FROM DISK
3576219.195	Test_Phase.SEQUENCE.Word	LOADING RESOURCE SURFACE FROM DISK
3583419.263	Test_Phase.SEQUENCE.Word	LOADING RESOURCE SURFACE FROM DISK
3590469.138	Test_Phase.SEQUENCE.Word	LOADING RESOURCE SURFACE FROM DISK
3597602.558	Test_Phase.SEQUENCE.Word	LOADING RESOURCE SURFACE FROM DISK
3605019.314	Test_Phase.SEQUENCE.Word	LOADING RESOURCE SURFACE FROM DISK
3612479.156	Test_Phase.SEQUENCE.Word	LOADING RESOURCE SURFACE FROM DISK
3619619.324	Test_Phase.SEQUENCE.Word	LOADING RESOURCE SURFACE FROM DISK
3626852.558	Test_Phase.SEQUENCE.Word	LOADING RESOURCE SURFACE FROM DISK
3633902.544	Test_Phase.SEQUENCE.Word	LOADING RESOURCE SURFACE FROM DISK
3641002.389	Test_Phase.SEQUENCE.Word	LOADING RESOURCE SURFACE FROM DISK
3648285.86	Test_Phase.SEQUENCE.Word	LOADING RESOURCE SURFACE FROM DISK
3655352.459	Test_Phase.SEQUENCE.Word	LOADING RESOURCE SURFACE FROM DISK
3663036.08	Test_Phase.SEQUENCE.Word	LOADING RESOURCE SURFACE FROM DISK
3670219.323	Test_Phase.SEQUENCE.Word	LOADING RESOURCE SURFACE FROM DISK
3677436.133	Test_Phase.SEQUENCE.Word	LOADING RESOURCE SURFACE FROM DISK
3685202.781	Test_Phase.SEQUENCE.Word	LOADING RESOURCE SURFACE FROM DISK
3692335.929	Test_Phase.SEQUENCE.Word	LOADING RESOURCE SURFACE FROM DISK
3699569.443	Test_Phase.SEQUENCE.Word	LOADING RESOURCE SURFACE FROM DISK
3706752.452	Test_Phase.SEQUENCE.Word	LOADING RESOURCE SURFACE FROM DISK
3713974.896	Test_Phase.SEQUENCE.Word	LOADING RESOURCE SURFACE FROM DISK
3721685.645	Test_Phase.SEQUENCE.Word	LOADING RESOURCE SURFACE FROM DISK
3729352.683	Test_Phase.SEQUENCE.Word	LOADING RESOURCE SURFACE FROM DISK
3736885.771	Test_Phase.SEQUENCE.Word	LOADING RESOURCE SURFACE FROM DISK
3744885.85	Test_Phase.SEQUENCE.Word	LOADING RESOURCE SURFACE FROM DISK
3752052.492	Test_Phase.SEQUENCE.Word	LOADING RESOURCE SURFACE FROM DISK
3759135.845	Test_Phase.SEQUENCE.Word	LOADING RESOURCE SURFACE FROM DISK
3766175.337	Test_Phase.SEQUENCE.Word	LOADING RESOURCE SURFACE FROM DISK
3773469.346	Test_Phase.SEQUENCE.Word	LOADING RESOURCE SURFACE FROM DISK
3780606.529	Test_Phase.SEQUENCE.Word	LOADING RESOURCE SURFACE FROM DISK
3787719.498	Test_Phase.SEQUENCE.Word	LOADING RESOURCE SURFACE FROM DISK
3794786.02	Test_Phase.SEQUENCE.Word	LOADING RESOURCE SURFACE FROM DISK
3801852.591	Test_Phase.SEQUENCE.Word	LOADING RESOURCE SURFACE FROM DISK
3808952.44	Test_Phase.SEQUENCE.Word	LOADING RESOURCE SURFACE FROM DISK
3816002.518	Test_Phase.SEQUENCE.Word	LOADING RESOURCE SURFACE FROM DISK
3823219.201	Test_Phase.SEQUENCE.Word	LOADING RESOURCE SURFACE FROM DISK
3830952.61	Test_Phase.SEQUENCE.Word	LOADING RESOURCE SURFACE FROM DISK
3838019.127	Test_Phase.SEQUENCE.Word	LOADING RESOURCE SURFACE FROM DISK
3845202.81	Test_Phase.SEQUENCE.Word	LOADING RESOURCE SURFACE FROM DISK
3852302.679	Test_Phase.SEQUENCE.Word	LOADING RESOURCE SURFACE FROM DISK
3859835.872	Test_Phase.SEQUENCE.Word	LOADING RESOURCE SURFACE FROM DISK
3866852.56	Test_Phase.SEQUENCE.Word	LOADING RESOURCE SURFACE FROM DISK
3873919.23	Test_Phase.SEQUENCE.Word	LOADING RESOURCE SURFACE FROM DISK
3880936.035	Test_Phase.SEQUENCE.Word	LOADING RESOURCE SURFACE FROM DISK
3888085.84	Test_Phase.SEQUENCE.Word	LOADING RESOURCE SURFACE FROM DISK
3895219.094	Test_Phase.SEQUENCE.Word	LOADING RESOURCE SURFACE FROM DISK
3902419.308	Test_Phase.SEQUENCE.Word	LOADING RESOURCE SURFACE FROM DISK
3909769.185	Test_Phase.SEQUENCE.Word	LOADING RESOURCE SURFACE FROM DISK
3916902.749	Test_Phase.SEQUENCE.Word	LOADING RESOURCE SURFACE FROM DISK
3923958.38	Test_Phase.SEQUENCE.Word	LOADING RESOURCE SURFACE FROM DISK
3931085.933	Test_Phase.SEQUENCE.Word	LOADING RESOURCE SURFACE FROM DISK
3938402.617	Test_Phase.SEQUENCE.Word	LOADING RESOURCE SURFACE FROM DISK
3945485.878	Test_Phase.SEQUENCE.Word	LOADING RESOURCE SURFACE FROM DISK
3952535.891	Test_Phase.SEQUENCE.Word	LOADING RESOURCE SURFACE FROM DISK
3959669.202	Test_Phase.SEQUENCE.Word	LOADING RESOURCE SURFACE FROM DISK
3966719.205	Test_Phase.SEQUENCE.Word	LOADING RESOURCE SURFACE FROM DISK
3973969.498	Test_Phase.SEQUENCE.Word	LOADING RESOURCE SURFACE FROM DISK
3981052.753	Test_Phase.SEQUENCE.Word	LOADING RESOURCE SURFACE FROM DISK
3988119.211	Test_Phase.SEQUENCE.Word	LOADING RESOURCE SURFACE FROM DISK
3995486.006	Test_Phase.SEQUENCE.Word	LOADING RESOURCE SURFACE FROM DISK
4002502.665	Test_Phase.SEQUENCE.Word	LOADING RESOURCE SURFACE FROM DISK
4009736.19	Test_Phase.SEQUENCE.Word	LOADING RESOURCE SURFACE FROM DISK
4017252.646	Test_Phase.SEQUENCE.Word	LOADING RESOURCE SURFACE FROM DISK
4020807.685	DISPLAY_SCREEN	LOADING RESOURCE SURFACE FROM DISK
