5308.792	DISPLAY_SCREEN[1]	LOADING RESOURCE SURFACE FROM DISK
1157544.281	Familiarization_Phase.SEQUENCE.Cue_and_Instruction	LOADING RESOURCE SURFACE FROM DISK
1157559.017	Familiarization_Phase.SEQUENCE.Cue_and_Instruction	LOADING RESOURCE SURFACE FROM DISK
1163635.041	Familiarization_Phase.SEQUENCE.Cue_and_Instruction	LOADING RESOURCE SURFACE FROM DISK
1163650.158	Familiarization_Phase.SEQUENCE.Cue_and_Instruction	LOADING RESOURCE SURFACE FROM DISK
1169729.833	Familiarization_Phase.SEQUENCE.Cue_and_Instruction	LOADING RESOURCE SURFACE FROM DISK
1169746.558	Familiarization_Phase.SEQUENCE.Cue_and_Instruction	LOADING RESOURCE SURFACE FROM DISK
1211877.037	DISPLAY_SCREEN[3]	LOADING RESOURCE SURFACE FROM DISK
1215522.379	DISPLAY_SCREEN[5]	LOADING RESOURCE SURFACE FROM DISK
1387191.248	Practice_Phase.SEQUENCE.Blink_Screen	LOADING RESOURCE SURFACE FROM DISK
1387192.243	Practice_Phase.SEQUENCE.Blink_Screen	flip time is later than desired time. Desired Time=1387174 Flip Time=1387207 Retrace Rate=16.640, prepareTime=42 flip request time 1387192
1388432.332	Practice_Phase.SEQUENCE.Practice_Luminance_Cue	LOADING RESOURCE SURFACE FROM DISK
1388434.881	Practice_Phase.SEQUENCE.Practice_Luminance_Cue	LOADING RESOURCE SURFACE FROM DISK
1388436.364	Practice_Phase.SEQUENCE.Practice_Luminance_Cue	flip time is later than desired time. Desired Time=1388407 Flip Time=1388457 Retrace Rate=16.640, prepareTime=53 flip request time 1388436
1390478.643	Practice_Phase.SEQUENCE.Practice_Instruction	LOADING RESOURCE SURFACE FROM DISK
1390485.969	Practice_Phase.SEQUENCE.Practice_Instruction	LOADING RESOURCE SURFACE FROM DISK
1390487.51	Practice_Phase.SEQUENCE.Practice_Instruction	flip time is later than desired time. Desired Time=1390457 Flip Time=1390507 Retrace Rate=16.640, prepareTime=54 flip request time 1390487
1398567.548	Practice_Phase.SEQUENCE.Practice_Instruction	LOADING RESOURCE SURFACE FROM DISK
1398574.557	Practice_Phase.SEQUENCE.Practice_Instruction	LOADING RESOURCE SURFACE FROM DISK
1398576.115	Practice_Phase.SEQUENCE.Practice_Instruction	flip time is later than desired time. Desired Time=1398574 Flip Time=1398591 Retrace Rate=16.640, prepareTime=26 flip request time 1398575
1406677.498	Practice_Phase.SEQUENCE.Practice_Instruction	LOADING RESOURCE SURFACE FROM DISK
1406685.355	Practice_Phase.SEQUENCE.Practice_Instruction	LOADING RESOURCE SURFACE FROM DISK
1406686.949	Practice_Phase.SEQUENCE.Practice_Instruction	flip time is later than desired time. Desired Time=1406657 Flip Time=1406707 Retrace Rate=16.640, prepareTime=53 flip request time 1406686
1414755.441	Practice_Phase.SEQUENCE.Practice_Instruction	LOADING RESOURCE SURFACE FROM DISK
1414757.91	Practice_Phase.SEQUENCE.Practice_Instruction	LOADING RESOURCE SURFACE FROM DISK
1422821.877	Practice_Phase.SEQUENCE.Practice_Instruction	LOADING RESOURCE SURFACE FROM DISK
1422860.503	Practice_Phase.SEQUENCE.Practice_Instruction	LOADING RESOURCE SURFACE FROM DISK
1422861.941	Practice_Phase.SEQUENCE.Practice_Instruction	flip time is later than desired time. Desired Time=1422841 Flip Time=1422874 Retrace Rate=16.640, prepareTime=45 flip request time 1422861
1430922.165	Practice_Phase.SEQUENCE.Practice_Instruction	LOADING RESOURCE SURFACE FROM DISK
1430962.422	Practice_Phase.SEQUENCE.Practice_Instruction	LOADING RESOURCE SURFACE FROM DISK
1430964.022	Practice_Phase.SEQUENCE.Practice_Instruction	flip time is later than desired time. Desired Time=1430941 Flip Time=1430974 Retrace Rate=16.640, prepareTime=47 flip request time 1430963
1439022.121	Practice_Phase.SEQUENCE.Practice_Instruction	LOADING RESOURCE SURFACE FROM DISK
1439024.455	Practice_Phase.SEQUENCE.Practice_Instruction	LOADING RESOURCE SURFACE FROM DISK
1447088.511	Practice_Phase.SEQUENCE.Practice_Instruction	LOADING RESOURCE SURFACE FROM DISK
1447128.701	Practice_Phase.SEQUENCE.Practice_Instruction	LOADING RESOURCE SURFACE FROM DISK
1447130.197	Practice_Phase.SEQUENCE.Practice_Instruction	flip time is later than desired time. Desired Time=1447107 Flip Time=1447141 Retrace Rate=16.640, prepareTime=46 flip request time 1447130
1455188.744	Practice_Phase.SEQUENCE.Practice_Instruction	LOADING RESOURCE SURFACE FROM DISK
1455191.2	Practice_Phase.SEQUENCE.Practice_Instruction	LOADING RESOURCE SURFACE FROM DISK
1459859.536	DISPLAY_SCREEN[2]	LOADING RESOURCE SURFACE FROM DISK
1554513.933	Study_Phase.SEQUENCE.Study_Instruction	LOADING RESOURCE SURFACE FROM DISK
1554793.09	Study_Phase.SEQUENCE.Study_Instruction	LOADING RESOURCE SURFACE FROM DISK
1563077.631	Study_Phase.SEQUENCE.Study_Instruction	LOADING RESOURCE SURFACE FROM DISK
1571330.582	Study_Phase.SEQUENCE.Study_Instruction	LOADING RESOURCE SURFACE FROM DISK
1571366.76	Study_Phase.SEQUENCE.Study_Instruction	LOADING RESOURCE SURFACE FROM DISK
1579628.38	Study_Phase.SEQUENCE.Study_Instruction	LOADING RESOURCE SURFACE FROM DISK
1587864.071	Study_Phase.SEQUENCE.Study_Instruction	LOADING RESOURCE SURFACE FROM DISK
1587901.648	Study_Phase.SEQUENCE.Study_Instruction	LOADING RESOURCE SURFACE FROM DISK
1596164.242	Study_Phase.SEQUENCE.Study_Instruction	LOADING RESOURCE SURFACE FROM DISK
1596202.249	Study_Phase.SEQUENCE.Study_Instruction	LOADING RESOURCE SURFACE FROM DISK
1604460.64	Study_Phase.SEQUENCE.Study_Instruction	LOADING RESOURCE SURFACE FROM DISK
1612697.46	Study_Phase.SEQUENCE.Study_Instruction	LOADING RESOURCE SURFACE FROM DISK
1612732.772	Study_Phase.SEQUENCE.Study_Instruction	LOADING RESOURCE SURFACE FROM DISK
1621021.052	Study_Phase.SEQUENCE.Study_Instruction	LOADING RESOURCE SURFACE FROM DISK
1629315.376	Study_Phase.SEQUENCE.Study_Instruction	LOADING RESOURCE SURFACE FROM DISK
1637598.837	Study_Phase.SEQUENCE.Study_Instruction	LOADING RESOURCE SURFACE FROM DISK
1645895.562	Study_Phase.SEQUENCE.Study_Instruction	LOADING RESOURCE SURFACE FROM DISK
1654182.727	Study_Phase.SEQUENCE.Study_Instruction	LOADING RESOURCE SURFACE FROM DISK
1662486.235	Study_Phase.SEQUENCE.Study_Instruction	LOADING RESOURCE SURFACE FROM DISK
1670747.385	Study_Phase.SEQUENCE.Study_Instruction	LOADING RESOURCE SURFACE FROM DISK
1670785.042	Study_Phase.SEQUENCE.Study_Instruction	LOADING RESOURCE SURFACE FROM DISK
1679083.898	Study_Phase.SEQUENCE.Study_Instruction	LOADING RESOURCE SURFACE FROM DISK
1687347.184	Study_Phase.SEQUENCE.Study_Instruction	LOADING RESOURCE SURFACE FROM DISK
1687383.085	Study_Phase.SEQUENCE.Study_Instruction	LOADING RESOURCE SURFACE FROM DISK
1695665.633	Study_Phase.SEQUENCE.Study_Instruction	LOADING RESOURCE SURFACE FROM DISK
1703914.217	Study_Phase.SEQUENCE.Study_Instruction	LOADING RESOURCE SURFACE FROM DISK
1703950.726	Study_Phase.SEQUENCE.Study_Instruction	LOADING RESOURCE SURFACE FROM DISK
1712250.933	Study_Phase.SEQUENCE.Study_Instruction	LOADING RESOURCE SURFACE FROM DISK
1720548.09	Study_Phase.SEQUENCE.Study_Instruction	LOADING RESOURCE SURFACE FROM DISK
1728797.176	Study_Phase.SEQUENCE.Study_Instruction	LOADING RESOURCE SURFACE FROM DISK
1728840.212	Study_Phase.SEQUENCE.Study_Instruction	LOADING RESOURCE SURFACE FROM DISK
1737129.729	Study_Phase.SEQUENCE.Study_Instruction	LOADING RESOURCE SURFACE FROM DISK
1745364.081	Study_Phase.SEQUENCE.Study_Instruction	LOADING RESOURCE SURFACE FROM DISK
1745374.28	Study_Phase.SEQUENCE.Study_Instruction	LOADING RESOURCE SURFACE FROM DISK
1753660.606	Study_Phase.SEQUENCE.Study_Instruction	LOADING RESOURCE SURFACE FROM DISK
1761895.0	Study_Phase.SEQUENCE.Study_Instruction	LOADING RESOURCE SURFACE FROM DISK
1770177.406	Study_Phase.SEQUENCE.Study_Instruction	LOADING RESOURCE SURFACE FROM DISK
1778430.751	Study_Phase.SEQUENCE.Study_Instruction	LOADING RESOURCE SURFACE FROM DISK
1778465.453	Study_Phase.SEQUENCE.Study_Instruction	LOADING RESOURCE SURFACE FROM DISK
1786762.104	Study_Phase.SEQUENCE.Study_Instruction	LOADING RESOURCE SURFACE FROM DISK
1795048.194	Study_Phase.SEQUENCE.Study_Instruction	LOADING RESOURCE SURFACE FROM DISK
1803293.921	Study_Phase.SEQUENCE.Study_Instruction	LOADING RESOURCE SURFACE FROM DISK
1811547.23	Study_Phase.SEQUENCE.Study_Instruction	LOADING RESOURCE SURFACE FROM DISK
1811586.735	Study_Phase.SEQUENCE.Study_Instruction	LOADING RESOURCE SURFACE FROM DISK
1819847.347	Study_Phase.SEQUENCE.Study_Instruction	LOADING RESOURCE SURFACE FROM DISK
1819892.611	Study_Phase.SEQUENCE.Study_Instruction	LOADING RESOURCE SURFACE FROM DISK
1828147.398	Study_Phase.SEQUENCE.Study_Instruction	LOADING RESOURCE SURFACE FROM DISK
1828194.835	Study_Phase.SEQUENCE.Study_Instruction	LOADING RESOURCE SURFACE FROM DISK
1836478.284	Study_Phase.SEQUENCE.Study_Instruction	LOADING RESOURCE SURFACE FROM DISK
1844789.184	Study_Phase.SEQUENCE.Study_Instruction	LOADING RESOURCE SURFACE FROM DISK
1853082.449	Study_Phase.SEQUENCE.Study_Instruction	LOADING RESOURCE SURFACE FROM DISK
1861343.945	Study_Phase.SEQUENCE.Study_Instruction	LOADING RESOURCE SURFACE FROM DISK
1869597.129	Study_Phase.SEQUENCE.Study_Instruction	LOADING RESOURCE SURFACE FROM DISK
1869637.437	Study_Phase.SEQUENCE.Study_Instruction	LOADING RESOURCE SURFACE FROM DISK
1877929.913	Study_Phase.SEQUENCE.Study_Instruction	LOADING RESOURCE SURFACE FROM DISK
1886180.736	Study_Phase.SEQUENCE.Study_Instruction	LOADING RESOURCE SURFACE FROM DISK
1886223.471	Study_Phase.SEQUENCE.Study_Instruction	LOADING RESOURCE SURFACE FROM DISK
1894503.802	Study_Phase.SEQUENCE.Study_Instruction	LOADING RESOURCE SURFACE FROM DISK
1902763.94	Study_Phase.SEQUENCE.Study_Instruction	LOADING RESOURCE SURFACE FROM DISK
1902807.148	Study_Phase.SEQUENCE.Study_Instruction	LOADING RESOURCE SURFACE FROM DISK
1911095.149	Study_Phase.SEQUENCE.Study_Instruction	LOADING RESOURCE SURFACE FROM DISK
1919366.834	Study_Phase.SEQUENCE.Study_Instruction	LOADING RESOURCE SURFACE FROM DISK
1927687.163	Study_Phase.SEQUENCE.Study_Instruction	LOADING RESOURCE SURFACE FROM DISK
1935947.457	Study_Phase.SEQUENCE.Study_Instruction	LOADING RESOURCE SURFACE FROM DISK
1935990.294	Study_Phase.SEQUENCE.Study_Instruction	LOADING RESOURCE SURFACE FROM DISK
1944244.133	Study_Phase.SEQUENCE.Study_Instruction	LOADING RESOURCE SURFACE FROM DISK
1952533.166	Study_Phase.SEQUENCE.Study_Instruction	LOADING RESOURCE SURFACE FROM DISK
1960797.317	Study_Phase.SEQUENCE.Study_Instruction	LOADING RESOURCE SURFACE FROM DISK
1960836.574	Study_Phase.SEQUENCE.Study_Instruction	LOADING RESOURCE SURFACE FROM DISK
1969097.752	Study_Phase.SEQUENCE.Study_Instruction	LOADING RESOURCE SURFACE FROM DISK
1969136.72	Study_Phase.SEQUENCE.Study_Instruction	LOADING RESOURCE SURFACE FROM DISK
1977434.309	Study_Phase.SEQUENCE.Study_Instruction	LOADING RESOURCE SURFACE FROM DISK
1985697.27	Study_Phase.SEQUENCE.Study_Instruction	LOADING RESOURCE SURFACE FROM DISK
1985737.679	Study_Phase.SEQUENCE.Study_Instruction	LOADING RESOURCE SURFACE FROM DISK
1994030.528	Study_Phase.SEQUENCE.Study_Instruction	LOADING RESOURCE SURFACE FROM DISK
2002310.088	Study_Phase.SEQUENCE.Study_Instruction	LOADING RESOURCE SURFACE FROM DISK
2010603.448	Study_Phase.SEQUENCE.Study_Instruction	LOADING RESOURCE SURFACE FROM DISK
2018847.47	Study_Phase.SEQUENCE.Study_Instruction	LOADING RESOURCE SURFACE FROM DISK
2018885.736	Study_Phase.SEQUENCE.Study_Instruction	LOADING RESOURCE SURFACE FROM DISK
2027143.895	Study_Phase.SEQUENCE.Study_Instruction	LOADING RESOURCE SURFACE FROM DISK
2035436.801	Study_Phase.SEQUENCE.Study_Instruction	LOADING RESOURCE SURFACE FROM DISK
2043697.299	Study_Phase.SEQUENCE.Study_Instruction	LOADING RESOURCE SURFACE FROM DISK
2043739.783	Study_Phase.SEQUENCE.Study_Instruction	LOADING RESOURCE SURFACE FROM DISK
2051997.447	Study_Phase.SEQUENCE.Study_Instruction	LOADING RESOURCE SURFACE FROM DISK
2052041.976	Study_Phase.SEQUENCE.Study_Instruction	LOADING RESOURCE SURFACE FROM DISK
2060293.838	Study_Phase.SEQUENCE.Study_Instruction	LOADING RESOURCE SURFACE FROM DISK
2068527.251	Study_Phase.SEQUENCE.Study_Instruction	LOADING RESOURCE SURFACE FROM DISK
2076816.146	Study_Phase.SEQUENCE.Study_Instruction	LOADING RESOURCE SURFACE FROM DISK
2085080.593	Study_Phase.SEQUENCE.Study_Instruction	LOADING RESOURCE SURFACE FROM DISK
2085122.081	Study_Phase.SEQUENCE.Study_Instruction	LOADING RESOURCE SURFACE FROM DISK
2093402.813	Study_Phase.SEQUENCE.Study_Instruction	LOADING RESOURCE SURFACE FROM DISK
2101663.992	Study_Phase.SEQUENCE.Study_Instruction	LOADING RESOURCE SURFACE FROM DISK
2101703.207	Study_Phase.SEQUENCE.Study_Instruction	LOADING RESOURCE SURFACE FROM DISK
2109964.109	Study_Phase.SEQUENCE.Study_Instruction	LOADING RESOURCE SURFACE FROM DISK
2110005.69	Study_Phase.SEQUENCE.Study_Instruction	LOADING RESOURCE SURFACE FROM DISK
2118247.295	Study_Phase.SEQUENCE.Study_Instruction	LOADING RESOURCE SURFACE FROM DISK
2118284.675	Study_Phase.SEQUENCE.Study_Instruction	LOADING RESOURCE SURFACE FROM DISK
2126583.438	Study_Phase.SEQUENCE.Study_Instruction	LOADING RESOURCE SURFACE FROM DISK
2134847.526	Study_Phase.SEQUENCE.Study_Instruction	LOADING RESOURCE SURFACE FROM DISK
2134858.812	Study_Phase.SEQUENCE.Study_Instruction	LOADING RESOURCE SURFACE FROM DISK
2143153.471	Study_Phase.SEQUENCE.Study_Instruction	LOADING RESOURCE SURFACE FROM DISK
2151414.202	Study_Phase.SEQUENCE.Study_Instruction	LOADING RESOURCE SURFACE FROM DISK
2151458.346	Study_Phase.SEQUENCE.Study_Instruction	LOADING RESOURCE SURFACE FROM DISK
2159710.595	Study_Phase.SEQUENCE.Study_Instruction	LOADING RESOURCE SURFACE FROM DISK
2168003.381	Study_Phase.SEQUENCE.Study_Instruction	LOADING RESOURCE SURFACE FROM DISK
2176263.944	Study_Phase.SEQUENCE.Study_Instruction	LOADING RESOURCE SURFACE FROM DISK
2176301.098	Study_Phase.SEQUENCE.Study_Instruction	LOADING RESOURCE SURFACE FROM DISK
2184602.347	Study_Phase.SEQUENCE.Study_Instruction	LOADING RESOURCE SURFACE FROM DISK
2192902.817	Study_Phase.SEQUENCE.Study_Instruction	LOADING RESOURCE SURFACE FROM DISK
2201192.643	Study_Phase.SEQUENCE.Study_Instruction	LOADING RESOURCE SURFACE FROM DISK
2209443.95	Study_Phase.SEQUENCE.Study_Instruction	LOADING RESOURCE SURFACE FROM DISK
2217697.434	Study_Phase.SEQUENCE.Study_Instruction	LOADING RESOURCE SURFACE FROM DISK
2217740.318	Study_Phase.SEQUENCE.Study_Instruction	LOADING RESOURCE SURFACE FROM DISK
2226059.448	Study_Phase.SEQUENCE.Study_Instruction	LOADING RESOURCE SURFACE FROM DISK
2234342.852	Study_Phase.SEQUENCE.Study_Instruction	LOADING RESOURCE SURFACE FROM DISK
2242636.89	Study_Phase.SEQUENCE.Study_Instruction	LOADING RESOURCE SURFACE FROM DISK
2250960.938	Study_Phase.SEQUENCE.Study_Instruction	LOADING RESOURCE SURFACE FROM DISK
2259214.0	Study_Phase.SEQUENCE.Study_Instruction	LOADING RESOURCE SURFACE FROM DISK
2259255.325	Study_Phase.SEQUENCE.Study_Instruction	LOADING RESOURCE SURFACE FROM DISK
2267544.096	Study_Phase.SEQUENCE.Study_Instruction	LOADING RESOURCE SURFACE FROM DISK
2275827.055	Study_Phase.SEQUENCE.Study_Instruction	LOADING RESOURCE SURFACE FROM DISK
2284119.822	Study_Phase.SEQUENCE.Study_Instruction	LOADING RESOURCE SURFACE FROM DISK
2292380.632	Study_Phase.SEQUENCE.Study_Instruction	LOADING RESOURCE SURFACE FROM DISK
2292423.277	Study_Phase.SEQUENCE.Study_Instruction	LOADING RESOURCE SURFACE FROM DISK
2300678.227	Study_Phase.SEQUENCE.Study_Instruction	LOADING RESOURCE SURFACE FROM DISK
2308930.597	Study_Phase.SEQUENCE.Study_Instruction	LOADING RESOURCE SURFACE FROM DISK
2308974.627	Study_Phase.SEQUENCE.Study_Instruction	LOADING RESOURCE SURFACE FROM DISK
2317230.873	Study_Phase.SEQUENCE.Study_Instruction	LOADING RESOURCE SURFACE FROM DISK
2317273.532	Study_Phase.SEQUENCE.Study_Instruction	LOADING RESOURCE SURFACE FROM DISK
2325527.289	Study_Phase.SEQUENCE.Study_Instruction	LOADING RESOURCE SURFACE FROM DISK
2333820.153	Study_Phase.SEQUENCE.Study_Instruction	LOADING RESOURCE SURFACE FROM DISK
2342111.365	Study_Phase.SEQUENCE.Study_Instruction	LOADING RESOURCE SURFACE FROM DISK
2350394.308	Study_Phase.SEQUENCE.Study_Instruction	LOADING RESOURCE SURFACE FROM DISK
2358614.332	Study_Phase.SEQUENCE.Study_Instruction	LOADING RESOURCE SURFACE FROM DISK
2358655.172	Study_Phase.SEQUENCE.Study_Instruction	LOADING RESOURCE SURFACE FROM DISK
2366913.89	Study_Phase.SEQUENCE.Study_Instruction	LOADING RESOURCE SURFACE FROM DISK
2366954.797	Study_Phase.SEQUENCE.Study_Instruction	LOADING RESOURCE SURFACE FROM DISK
2375252.285	Study_Phase.SEQUENCE.Study_Instruction	LOADING RESOURCE SURFACE FROM DISK
2383554.485	Study_Phase.SEQUENCE.Study_Instruction	LOADING RESOURCE SURFACE FROM DISK
2391852.621	Study_Phase.SEQUENCE.Study_Instruction	LOADING RESOURCE SURFACE FROM DISK
2400114.024	Study_Phase.SEQUENCE.Study_Instruction	LOADING RESOURCE SURFACE FROM DISK
2400155.379	Study_Phase.SEQUENCE.Study_Instruction	LOADING RESOURCE SURFACE FROM DISK
2408397.443	Study_Phase.SEQUENCE.Study_Instruction	LOADING RESOURCE SURFACE FROM DISK
2408438.497	Study_Phase.SEQUENCE.Study_Instruction	LOADING RESOURCE SURFACE FROM DISK
2416693.993	Study_Phase.SEQUENCE.Study_Instruction	LOADING RESOURCE SURFACE FROM DISK
2424986.435	Study_Phase.SEQUENCE.Study_Instruction	LOADING RESOURCE SURFACE FROM DISK
2433247.421	Study_Phase.SEQUENCE.Study_Instruction	LOADING RESOURCE SURFACE FROM DISK
2433249.814	Study_Phase.SEQUENCE.Study_Instruction	LOADING RESOURCE SURFACE FROM DISK
2441552.009	Study_Phase.SEQUENCE.Study_Instruction	LOADING RESOURCE SURFACE FROM DISK
2449814.168	Study_Phase.SEQUENCE.Study_Instruction	LOADING RESOURCE SURFACE FROM DISK
2449855.551	Study_Phase.SEQUENCE.Study_Instruction	LOADING RESOURCE SURFACE FROM DISK
2458145.184	Study_Phase.SEQUENCE.Study_Instruction	LOADING RESOURCE SURFACE FROM DISK
2466432.021	Study_Phase.SEQUENCE.Study_Instruction	LOADING RESOURCE SURFACE FROM DISK
2474697.194	Study_Phase.SEQUENCE.Study_Instruction	LOADING RESOURCE SURFACE FROM DISK
2474739.284	Study_Phase.SEQUENCE.Study_Instruction	LOADING RESOURCE SURFACE FROM DISK
2482995.41	Study_Phase.SEQUENCE.Study_Instruction	LOADING RESOURCE SURFACE FROM DISK
2491247.547	Study_Phase.SEQUENCE.Study_Instruction	LOADING RESOURCE SURFACE FROM DISK
2491249.851	Study_Phase.SEQUENCE.Study_Instruction	LOADING RESOURCE SURFACE FROM DISK
2499550.407	Study_Phase.SEQUENCE.Study_Instruction	LOADING RESOURCE SURFACE FROM DISK
2507849.265	Study_Phase.SEQUENCE.Study_Instruction	LOADING RESOURCE SURFACE FROM DISK
2516110.559	Study_Phase.SEQUENCE.Study_Instruction	LOADING RESOURCE SURFACE FROM DISK
2524360.575	Study_Phase.SEQUENCE.Study_Instruction	LOADING RESOURCE SURFACE FROM DISK
2532646.109	Study_Phase.SEQUENCE.Study_Instruction	LOADING RESOURCE SURFACE FROM DISK
2540934.78	Study_Phase.SEQUENCE.Study_Instruction	LOADING RESOURCE SURFACE FROM DISK
2545656.644	DISPLAY_SCREEN[7]	LOADING RESOURCE SURFACE FROM DISK
2648622.367	Test_Phase.SEQUENCE.Target_Cue	LOADING RESOURCE SURFACE FROM DISK
2648624.053	Test_Phase.SEQUENCE.Target_Cue	LOADING RESOURCE SURFACE FROM DISK
2650684.499	Test_Phase.SEQUENCE.Word	LOADING RESOURCE SURFACE FROM DISK
2653710.133	Test_Phase.SEQUENCE.Test_Question	LOADING RESOURCE SURFACE FROM DISK
2653752.864	Test_Phase.SEQUENCE.Test_Question	LOADING RESOURCE SURFACE FROM DISK
2653764.695	Test_Phase.SEQUENCE.Test_Question	LOADING RESOURCE SURFACE FROM DISK
2653782.515	Test_Phase.SEQUENCE.Test_Question	LOADING RESOURCE SURFACE FROM DISK
2653787.657	Test_Phase.SEQUENCE.Test_Question	LOADING RESOURCE SURFACE FROM DISK
2653789.348	Test_Phase.SEQUENCE.Test_Question	LOADING RESOURCE SURFACE FROM DISK
2653804.1	Test_Phase.SEQUENCE.Test_Question	LOADING RESOURCE SURFACE FROM DISK
2653805.749	Test_Phase.SEQUENCE.Test_Question	LOADING RESOURCE SURFACE FROM DISK
2653807.361	Test_Phase.SEQUENCE.Test_Question	LOADING RESOURCE SURFACE FROM DISK
2653808.978	Test_Phase.SEQUENCE.Test_Question	LOADING RESOURCE SURFACE FROM DISK
2653810.693	Test_Phase.SEQUENCE.Test_Question	LOADING RESOURCE SURFACE FROM DISK
2653812.534	Test_Phase.SEQUENCE.Test_Question	LOADING RESOURCE SURFACE FROM DISK
2662128.915	Test_Phase.SEQUENCE.Word	LOADING RESOURCE SURFACE FROM DISK
2670643.697	Test_Phase.SEQUENCE.Word	LOADING RESOURCE SURFACE FROM DISK
2679943.695	Test_Phase.SEQUENCE.Word	LOADING RESOURCE SURFACE FROM DISK
2687693.838	Test_Phase.SEQUENCE.Word	LOADING RESOURCE SURFACE FROM DISK
2695011.955	Test_Phase.SEQUENCE.Word	LOADING RESOURCE SURFACE FROM DISK
2703893.94	Test_Phase.SEQUENCE.Word	LOADING RESOURCE SURFACE FROM DISK
2712543.727	Test_Phase.SEQUENCE.Word	LOADING RESOURCE SURFACE FROM DISK
2720965.292	Test_Phase.SEQUENCE.Word	LOADING RESOURCE SURFACE FROM DISK
2729681.597	Test_Phase.SEQUENCE.Word	LOADING RESOURCE SURFACE FROM DISK
2737143.691	Test_Phase.SEQUENCE.Word	LOADING RESOURCE SURFACE FROM DISK
2744410.28	Test_Phase.SEQUENCE.Word	LOADING RESOURCE SURFACE FROM DISK
2751710.553	Test_Phase.SEQUENCE.Word	LOADING RESOURCE SURFACE FROM DISK
2759033.707	Test_Phase.SEQUENCE.Word	LOADING RESOURCE SURFACE FROM DISK
2767360.663	Test_Phase.SEQUENCE.Word	LOADING RESOURCE SURFACE FROM DISK
2775647.362	Test_Phase.SEQUENCE.Word	LOADING RESOURCE SURFACE FROM DISK
2783016.304	Test_Phase.SEQUENCE.Word	LOADING RESOURCE SURFACE FROM DISK
2791601.055	Test_Phase.SEQUENCE.Word	LOADING RESOURCE SURFACE FROM DISK
2799937.658	Test_Phase.SEQUENCE.Word	LOADING RESOURCE SURFACE FROM DISK
2807576.968	Test_Phase.SEQUENCE.Word	LOADING RESOURCE SURFACE FROM DISK
2814879.562	Test_Phase.SEQUENCE.Word	LOADING RESOURCE SURFACE FROM DISK
2822182.151	Test_Phase.SEQUENCE.Word	LOADING RESOURCE SURFACE FROM DISK
2829410.268	Test_Phase.SEQUENCE.Word	LOADING RESOURCE SURFACE FROM DISK
2836793.643	Test_Phase.SEQUENCE.Word	LOADING RESOURCE SURFACE FROM DISK
2843993.881	Test_Phase.SEQUENCE.Word	LOADING RESOURCE SURFACE FROM DISK
2851860.589	Test_Phase.SEQUENCE.Word	LOADING RESOURCE SURFACE FROM DISK
2859576.939	Test_Phase.SEQUENCE.Word	LOADING RESOURCE SURFACE FROM DISK
2867263.839	Test_Phase.SEQUENCE.Word	LOADING RESOURCE SURFACE FROM DISK
2874427.022	Test_Phase.SEQUENCE.Word	LOADING RESOURCE SURFACE FROM DISK
2881860.42	Test_Phase.SEQUENCE.Word	LOADING RESOURCE SURFACE FROM DISK
2889110.475	Test_Phase.SEQUENCE.Word	LOADING RESOURCE SURFACE FROM DISK
2896358.881	Test_Phase.SEQUENCE.Word	LOADING RESOURCE SURFACE FROM DISK
2903543.717	Test_Phase.SEQUENCE.Word	LOADING RESOURCE SURFACE FROM DISK
2911128.666	Test_Phase.SEQUENCE.Word	LOADING RESOURCE SURFACE FROM DISK
2918366.793	Test_Phase.SEQUENCE.Word	LOADING RESOURCE SURFACE FROM DISK
2926726.921	Test_Phase.SEQUENCE.Word	LOADING RESOURCE SURFACE FROM DISK
2934010.514	Test_Phase.SEQUENCE.Word	LOADING RESOURCE SURFACE FROM DISK
2941413.158	Test_Phase.SEQUENCE.Word	LOADING RESOURCE SURFACE FROM DISK
2948727.087	Test_Phase.SEQUENCE.Word	LOADING RESOURCE SURFACE FROM DISK
2957793.779	Test_Phase.SEQUENCE.Word	LOADING RESOURCE SURFACE FROM DISK
2965185.411	Test_Phase.SEQUENCE.Word	LOADING RESOURCE SURFACE FROM DISK
2974960.434	Test_Phase.SEQUENCE.Word	LOADING RESOURCE SURFACE FROM DISK
2989317.682	Test_Phase.SEQUENCE.Word	LOADING RESOURCE SURFACE FROM DISK
2996733.68	Test_Phase.SEQUENCE.Word	LOADING RESOURCE SURFACE FROM DISK
3004260.389	Test_Phase.SEQUENCE.Word	LOADING RESOURCE SURFACE FROM DISK
3011328.819	Test_Phase.SEQUENCE.Word	LOADING RESOURCE SURFACE FROM DISK
3018876.91	Test_Phase.SEQUENCE.Word	LOADING RESOURCE SURFACE FROM DISK
3026293.979	Test_Phase.SEQUENCE.Word	LOADING RESOURCE SURFACE FROM DISK
3033683.451	Test_Phase.SEQUENCE.Word	LOADING RESOURCE SURFACE FROM DISK
3041066.303	Test_Phase.SEQUENCE.Word	LOADING RESOURCE SURFACE FROM DISK
3048293.776	Test_Phase.SEQUENCE.Word	LOADING RESOURCE SURFACE FROM DISK
3055494.034	Test_Phase.SEQUENCE.Word	LOADING RESOURCE SURFACE FROM DISK
3062961.989	Test_Phase.SEQUENCE.Word	LOADING RESOURCE SURFACE FROM DISK
3070893.683	Test_Phase.SEQUENCE.Word	LOADING RESOURCE SURFACE FROM DISK
3078027.13	Test_Phase.SEQUENCE.Word	LOADING RESOURCE SURFACE FROM DISK
3085177.021	Test_Phase.SEQUENCE.Word	LOADING RESOURCE SURFACE FROM DISK
3092448.276	Test_Phase.SEQUENCE.Word	LOADING RESOURCE SURFACE FROM DISK
3101460.489	Test_Phase.SEQUENCE.Word	LOADING RESOURCE SURFACE FROM DISK
3110043.961	Test_Phase.SEQUENCE.Word	LOADING RESOURCE SURFACE FROM DISK
3117252.289	Test_Phase.SEQUENCE.Word	LOADING RESOURCE SURFACE FROM DISK
3125210.979	Test_Phase.SEQUENCE.Word	LOADING RESOURCE SURFACE FROM DISK
3132793.922	Test_Phase.SEQUENCE.Word	LOADING RESOURCE SURFACE FROM DISK
3140176.897	Test_Phase.SEQUENCE.Word	LOADING RESOURCE SURFACE FROM DISK
3147545.918	Test_Phase.SEQUENCE.Word	LOADING RESOURCE SURFACE FROM DISK
3154826.505	Test_Phase.SEQUENCE.Word	LOADING RESOURCE SURFACE FROM DISK
3162143.959	Test_Phase.SEQUENCE.Word	LOADING RESOURCE SURFACE FROM DISK
3169543.727	Test_Phase.SEQUENCE.Word	LOADING RESOURCE SURFACE FROM DISK
3176927.173	Test_Phase.SEQUENCE.Word	LOADING RESOURCE SURFACE FROM DISK
3184026.936	Test_Phase.SEQUENCE.Word	LOADING RESOURCE SURFACE FROM DISK
3191230.555	Test_Phase.SEQUENCE.Word	LOADING RESOURCE SURFACE FROM DISK
3198346.7	Test_Phase.SEQUENCE.Word	LOADING RESOURCE SURFACE FROM DISK
3205777.692	Test_Phase.SEQUENCE.Word	LOADING RESOURCE SURFACE FROM DISK
3213060.259	Test_Phase.SEQUENCE.Word	LOADING RESOURCE SURFACE FROM DISK
3221460.386	Test_Phase.SEQUENCE.Word	LOADING RESOURCE SURFACE FROM DISK
3228793.641	Test_Phase.SEQUENCE.Word	LOADING RESOURCE SURFACE FROM DISK
3235965.371	Test_Phase.SEQUENCE.Word	LOADING RESOURCE SURFACE FROM DISK
3244360.339	Test_Phase.SEQUENCE.Word	LOADING RESOURCE SURFACE FROM DISK
3252033.678	Test_Phase.SEQUENCE.Word	LOADING RESOURCE SURFACE FROM DISK
3259210.6	Test_Phase.SEQUENCE.Word	LOADING RESOURCE SURFACE FROM DISK
3266436.624	Test_Phase.SEQUENCE.Word	LOADING RESOURCE SURFACE FROM DISK
3273764.029	Test_Phase.SEQUENCE.Word	LOADING RESOURCE SURFACE FROM DISK
3282360.334	Test_Phase.SEQUENCE.Word	LOADING RESOURCE SURFACE FROM DISK
3289493.898	Test_Phase.SEQUENCE.Word	LOADING RESOURCE SURFACE FROM DISK
3296585.305	Test_Phase.SEQUENCE.Word	LOADING RESOURCE SURFACE FROM DISK
3303843.722	Test_Phase.SEQUENCE.Word	LOADING RESOURCE SURFACE FROM DISK
3311126.927	Test_Phase.SEQUENCE.Word	LOADING RESOURCE SURFACE FROM DISK
3318227.013	Test_Phase.SEQUENCE.Word	LOADING RESOURCE SURFACE FROM DISK
3325310.522	Test_Phase.SEQUENCE.Word	LOADING RESOURCE SURFACE FROM DISK
3332700.263	Test_Phase.SEQUENCE.Word	LOADING RESOURCE SURFACE FROM DISK
3340643.617	Test_Phase.SEQUENCE.Word	LOADING RESOURCE SURFACE FROM DISK
3347986.122	Test_Phase.SEQUENCE.Word	LOADING RESOURCE SURFACE FROM DISK
3355226.916	Test_Phase.SEQUENCE.Word	LOADING RESOURCE SURFACE FROM DISK
3362616.707	Test_Phase.SEQUENCE.Word	LOADING RESOURCE SURFACE FROM DISK
3372743.495	Test_Phase.SEQUENCE.Word	LOADING RESOURCE SURFACE FROM DISK
3379943.755	Test_Phase.SEQUENCE.Word	LOADING RESOURCE SURFACE FROM DISK
3387110.29	Test_Phase.SEQUENCE.Word	LOADING RESOURCE SURFACE FROM DISK
3393977.393	Test_Phase.SEQUENCE.Word	LOADING RESOURCE SURFACE FROM DISK
3401282.702	Test_Phase.SEQUENCE.Word	LOADING RESOURCE SURFACE FROM DISK
3408449.092	Test_Phase.SEQUENCE.Word	LOADING RESOURCE SURFACE FROM DISK
3415543.859	Test_Phase.SEQUENCE.Word	LOADING RESOURCE SURFACE FROM DISK
3423393.704	Test_Phase.SEQUENCE.Word	LOADING RESOURCE SURFACE FROM DISK
3432460.407	Test_Phase.SEQUENCE.Word	LOADING RESOURCE SURFACE FROM DISK
3439816.166	Test_Phase.SEQUENCE.Word	LOADING RESOURCE SURFACE FROM DISK
3447147.201	Test_Phase.SEQUENCE.Word	LOADING RESOURCE SURFACE FROM DISK
3455611.094	Test_Phase.SEQUENCE.Word	LOADING RESOURCE SURFACE FROM DISK
3462869.009	Test_Phase.SEQUENCE.Word	LOADING RESOURCE SURFACE FROM DISK
3470060.32	Test_Phase.SEQUENCE.Word	LOADING RESOURCE SURFACE FROM DISK
3477227.163	Test_Phase.SEQUENCE.Word	LOADING RESOURCE SURFACE FROM DISK
3484448.151	Test_Phase.SEQUENCE.Word	LOADING RESOURCE SURFACE FROM DISK
3492760.347	Test_Phase.SEQUENCE.Word	LOADING RESOURCE SURFACE FROM DISK
3500052.375	Test_Phase.SEQUENCE.Word	LOADING RESOURCE SURFACE FROM DISK
3507443.831	Test_Phase.SEQUENCE.Word	LOADING RESOURCE SURFACE FROM DISK
3514626.985	Test_Phase.SEQUENCE.Word	LOADING RESOURCE SURFACE FROM DISK
3521843.65	Test_Phase.SEQUENCE.Word	LOADING RESOURCE SURFACE FROM DISK
3529043.875	Test_Phase.SEQUENCE.Word	LOADING RESOURCE SURFACE FROM DISK
3536127.151	Test_Phase.SEQUENCE.Word	LOADING RESOURCE SURFACE FROM DISK
3543494.67	Test_Phase.SEQUENCE.Word	LOADING RESOURCE SURFACE FROM DISK
3551000.982	Test_Phase.SEQUENCE.Word	LOADING RESOURCE SURFACE FROM DISK
3559210.084	Test_Phase.SEQUENCE.Word	LOADING RESOURCE SURFACE FROM DISK
3566252.159	Test_Phase.SEQUENCE.Word	LOADING RESOURCE SURFACE FROM DISK
3573629.775	Test_Phase.SEQUENCE.Word	LOADING RESOURCE SURFACE FROM DISK
3581177.129	Test_Phase.SEQUENCE.Word	LOADING RESOURCE SURFACE FROM DISK
3588243.845	Test_Phase.SEQUENCE.Word	LOADING RESOURCE SURFACE FROM DISK
3595444.772	Test_Phase.SEQUENCE.Word	LOADING RESOURCE SURFACE FROM DISK
3602593.766	Test_Phase.SEQUENCE.Word	LOADING RESOURCE SURFACE FROM DISK
3609799.551	Test_Phase.SEQUENCE.Word	LOADING RESOURCE SURFACE FROM DISK
3617393.564	Test_Phase.SEQUENCE.Word	LOADING RESOURCE SURFACE FROM DISK
3624694.146	Test_Phase.SEQUENCE.Word	LOADING RESOURCE SURFACE FROM DISK
3631913.792	Test_Phase.SEQUENCE.Word	LOADING RESOURCE SURFACE FROM DISK
3638960.448	Test_Phase.SEQUENCE.Word	LOADING RESOURCE SURFACE FROM DISK
3646027.294	Test_Phase.SEQUENCE.Word	LOADING RESOURCE SURFACE FROM DISK
3653760.692	Test_Phase.SEQUENCE.Word	LOADING RESOURCE SURFACE FROM DISK
3661277.005	Test_Phase.SEQUENCE.Word	LOADING RESOURCE SURFACE FROM DISK
3668577.006	Test_Phase.SEQUENCE.Word	LOADING RESOURCE SURFACE FROM DISK
3676510.529	Test_Phase.SEQUENCE.Word	LOADING RESOURCE SURFACE FROM DISK
3683610.448	Test_Phase.SEQUENCE.Word	LOADING RESOURCE SURFACE FROM DISK
3690727.32	Test_Phase.SEQUENCE.Word	LOADING RESOURCE SURFACE FROM DISK
3698060.345	Test_Phase.SEQUENCE.Word	LOADING RESOURCE SURFACE FROM DISK
3705193.784	Test_Phase.SEQUENCE.Word	LOADING RESOURCE SURFACE FROM DISK
3714319.126	Test_Phase.SEQUENCE.Word	LOADING RESOURCE SURFACE FROM DISK
3723077.317	Test_Phase.SEQUENCE.Word	LOADING RESOURCE SURFACE FROM DISK
3730527.164	Test_Phase.SEQUENCE.Word	LOADING RESOURCE SURFACE FROM DISK
3737626.944	Test_Phase.SEQUENCE.Word	LOADING RESOURCE SURFACE FROM DISK
3744696.094	Test_Phase.SEQUENCE.Word	LOADING RESOURCE SURFACE FROM DISK
3752026.314	Test_Phase.SEQUENCE.Word	LOADING RESOURCE SURFACE FROM DISK
3759237.524	Test_Phase.SEQUENCE.Word	LOADING RESOURCE SURFACE FROM DISK
3766443.765	Test_Phase.SEQUENCE.Word	LOADING RESOURCE SURFACE FROM DISK
3773648.183	Test_Phase.SEQUENCE.Word	LOADING RESOURCE SURFACE FROM DISK
3780764.246	Test_Phase.SEQUENCE.Word	LOADING RESOURCE SURFACE FROM DISK
3788027.809	Test_Phase.SEQUENCE.Word	LOADING RESOURCE SURFACE FROM DISK
3795594.576	Test_Phase.SEQUENCE.Word	LOADING RESOURCE SURFACE FROM DISK
3802680.376	Test_Phase.SEQUENCE.Word	LOADING RESOURCE SURFACE FROM DISK
3809894.034	Test_Phase.SEQUENCE.Word	LOADING RESOURCE SURFACE FROM DISK
3817010.478	Test_Phase.SEQUENCE.Word	LOADING RESOURCE SURFACE FROM DISK
3824628.103	Test_Phase.SEQUENCE.Word	LOADING RESOURCE SURFACE FROM DISK
3832060.499	Test_Phase.SEQUENCE.Word	LOADING RESOURCE SURFACE FROM DISK
3839160.364	Test_Phase.SEQUENCE.Word	LOADING RESOURCE SURFACE FROM DISK
3846234.59	Test_Phase.SEQUENCE.Word	LOADING RESOURCE SURFACE FROM DISK
3853580.872	Test_Phase.SEQUENCE.Word	LOADING RESOURCE SURFACE FROM DISK
3860761.955	Test_Phase.SEQUENCE.Word	LOADING RESOURCE SURFACE FROM DISK
3867877.088	Test_Phase.SEQUENCE.Word	LOADING RESOURCE SURFACE FROM DISK
3875610.407	Test_Phase.SEQUENCE.Word	LOADING RESOURCE SURFACE FROM DISK
3882677.178	Test_Phase.SEQUENCE.Word	LOADING RESOURCE SURFACE FROM DISK
3889810.329	Test_Phase.SEQUENCE.Word	LOADING RESOURCE SURFACE FROM DISK
3896977.735	Test_Phase.SEQUENCE.Word	LOADING RESOURCE SURFACE FROM DISK
3904560.325	Test_Phase.SEQUENCE.Word	LOADING RESOURCE SURFACE FROM DISK
3911632.792	Test_Phase.SEQUENCE.Word	LOADING RESOURCE SURFACE FROM DISK
3918760.456	Test_Phase.SEQUENCE.Word	LOADING RESOURCE SURFACE FROM DISK
3925810.334	Test_Phase.SEQUENCE.Word	LOADING RESOURCE SURFACE FROM DISK
3932760.411	Test_Phase.SEQUENCE.Word	LOADING RESOURCE SURFACE FROM DISK
3942292.854	Test_Phase.SEQUENCE.Word	LOADING RESOURCE SURFACE FROM DISK
3949427.052	Test_Phase.SEQUENCE.Word	LOADING RESOURCE SURFACE FROM DISK
3956893.799	Test_Phase.SEQUENCE.Word	LOADING RESOURCE SURFACE FROM DISK
3964093.702	Test_Phase.SEQUENCE.Word	LOADING RESOURCE SURFACE FROM DISK
3971383.598	Test_Phase.SEQUENCE.Word	LOADING RESOURCE SURFACE FROM DISK
3978843.675	Test_Phase.SEQUENCE.Word	LOADING RESOURCE SURFACE FROM DISK
3986460.352	Test_Phase.SEQUENCE.Word	LOADING RESOURCE SURFACE FROM DISK
3993701.811	Test_Phase.SEQUENCE.Word	LOADING RESOURCE SURFACE FROM DISK
4002898.821	Test_Phase.SEQUENCE.Word	LOADING RESOURCE SURFACE FROM DISK
4011177.131	Test_Phase.SEQUENCE.Word	LOADING RESOURCE SURFACE FROM DISK
4018650.384	Test_Phase.SEQUENCE.Word	LOADING RESOURCE SURFACE FROM DISK
4025950.043	Test_Phase.SEQUENCE.Word	LOADING RESOURCE SURFACE FROM DISK
4033693.678	Test_Phase.SEQUENCE.Word	LOADING RESOURCE SURFACE FROM DISK
4040880.162	Test_Phase.SEQUENCE.Word	LOADING RESOURCE SURFACE FROM DISK
4047977.653	Test_Phase.SEQUENCE.Word	LOADING RESOURCE SURFACE FROM DISK
4055210.404	Test_Phase.SEQUENCE.Word	LOADING RESOURCE SURFACE FROM DISK
4063193.695	Test_Phase.SEQUENCE.Word	LOADING RESOURCE SURFACE FROM DISK
4070696.74	Test_Phase.SEQUENCE.Word	LOADING RESOURCE SURFACE FROM DISK
4077777.067	Test_Phase.SEQUENCE.Word	LOADING RESOURCE SURFACE FROM DISK
4084860.395	Test_Phase.SEQUENCE.Word	LOADING RESOURCE SURFACE FROM DISK
4093527.071	Test_Phase.SEQUENCE.Word	LOADING RESOURCE SURFACE FROM DISK
4100716.555	Test_Phase.SEQUENCE.Word	LOADING RESOURCE SURFACE FROM DISK
4107960.468	Test_Phase.SEQUENCE.Word	LOADING RESOURCE SURFACE FROM DISK
4115300.578	Test_Phase.SEQUENCE.Word	LOADING RESOURCE SURFACE FROM DISK
4122543.722	Test_Phase.SEQUENCE.Word	LOADING RESOURCE SURFACE FROM DISK
4129594.234	Test_Phase.SEQUENCE.Word	LOADING RESOURCE SURFACE FROM DISK
4136643.72	Test_Phase.SEQUENCE.Word	LOADING RESOURCE SURFACE FROM DISK
4143844.357	Test_Phase.SEQUENCE.Word	LOADING RESOURCE SURFACE FROM DISK
4151013.616	Test_Phase.SEQUENCE.Word	LOADING RESOURCE SURFACE FROM DISK
4154562.375	DISPLAY_SCREEN	LOADING RESOURCE SURFACE FROM DISK
