5189.742	DISPLAY_SCREEN[1]	LOADING RESOURCE SURFACE FROM DISK
1509210.949	Familiarization_Phase.SEQUENCE.Cue_and_Instruction	LOADING RESOURCE SURFACE FROM DISK
1509223.289	Familiarization_Phase.SEQUENCE.Cue_and_Instruction	LOADING RESOURCE SURFACE FROM DISK
1515298.136	Familiarization_Phase.SEQUENCE.Cue_and_Instruction	LOADING RESOURCE SURFACE FROM DISK
1515312.005	Familiarization_Phase.SEQUENCE.Cue_and_Instruction	LOADING RESOURCE SURFACE FROM DISK
1521383.168	Familiarization_Phase.SEQUENCE.Cue_and_Instruction	LOADING RESOURCE SURFACE FROM DISK
1521400.704	Familiarization_Phase.SEQUENCE.Cue_and_Instruction	LOADING RESOURCE SURFACE FROM DISK
1563809.939	DISPLAY_SCREEN[3]	LOADING RESOURCE SURFACE FROM DISK
1702552.753	DISPLAY_SCREEN[5]	LOADING RESOURCE SURFACE FROM DISK
1779492.286	Practice_Phase.SEQUENCE.Blink_Screen	LOADING RESOURCE SURFACE FROM DISK
1779493.301	Practice_Phase.SEQUENCE.Blink_Screen	flip time is later than desired time. Desired Time=1779477 Flip Time=1779511 Retrace Rate=16.641, prepareTime=39 flip request time 1779493
1780735.413	Practice_Phase.SEQUENCE.Practice_Luminance_Cue	LOADING RESOURCE SURFACE FROM DISK
1780751.675	Practice_Phase.SEQUENCE.Practice_Luminance_Cue	LOADING RESOURCE SURFACE FROM DISK
1780753.126	Practice_Phase.SEQUENCE.Practice_Luminance_Cue	flip time is later than desired time. Desired Time=1780711 Flip Time=1780761 Retrace Rate=16.641, prepareTime=66 flip request time 1780752
1781279.935	Practice_Phase.SEQUENCE.DISPLAY_SCREEN	LOADING RESOURCE SURFACE FROM DISK
1781281.869	Practice_Phase.SEQUENCE.DISPLAY_SCREEN	flip time is later than desired time. Desired Time=1781261 Flip Time=1781294 Retrace Rate=16.641, prepareTime=44 flip request time 1781281
1782811.003	Practice_Phase.SEQUENCE.Practice_Instruction	LOADING RESOURCE SURFACE FROM DISK
1782812.261	Practice_Phase.SEQUENCE.Practice_Instruction	flip time is later than desired time. Desired Time=1782794 Flip Time=1782827 Retrace Rate=16.641, prepareTime=42 flip request time 1782812
1789421.153	Practice_Phase.SEQUENCE.DISPLAY_SCREEN	LOADING RESOURCE SURFACE FROM DISK
1789422.98	Practice_Phase.SEQUENCE.DISPLAY_SCREEN	flip time is later than desired time. Desired Time=1789394 Flip Time=1789444 Retrace Rate=16.641, prepareTime=52 flip request time 1789422
1790968.764	Practice_Phase.SEQUENCE.Practice_Instruction	LOADING RESOURCE SURFACE FROM DISK
1790970.135	Practice_Phase.SEQUENCE.Practice_Instruction	flip time is later than desired time. Desired Time=1790944 Flip Time=1790994 Retrace Rate=16.641, prepareTime=49 flip request time 1790969
1797567.919	Practice_Phase.SEQUENCE.DISPLAY_SCREEN	LOADING RESOURCE SURFACE FROM DISK
1797569.646	Practice_Phase.SEQUENCE.DISPLAY_SCREEN	flip time is later than desired time. Desired Time=1797561 Flip Time=1797577 Retrace Rate=16.641, prepareTime=32 flip request time 1797569
1799090.681	Practice_Phase.SEQUENCE.Practice_Instruction	LOADING RESOURCE SURFACE FROM DISK
1799092.086	Practice_Phase.SEQUENCE.Practice_Instruction	flip time is later than desired time. Desired Time=1799077 Flip Time=1799111 Retrace Rate=16.641, prepareTime=38 flip request time 1799091
1805659.304	Practice_Phase.SEQUENCE.DISPLAY_SCREEN	LOADING RESOURCE SURFACE FROM DISK
1807197.107	Practice_Phase.SEQUENCE.Practice_Instruction	LOADING RESOURCE SURFACE FROM DISK
1807198.516	Practice_Phase.SEQUENCE.Practice_Instruction	flip time is later than desired time. Desired Time=1807177 Flip Time=1807211 Retrace Rate=16.641, prepareTime=44 flip request time 1807198
1813759.007	Practice_Phase.SEQUENCE.DISPLAY_SCREEN	LOADING RESOURCE SURFACE FROM DISK
1815295.614	Practice_Phase.SEQUENCE.Practice_Instruction	LOADING RESOURCE SURFACE FROM DISK
1815296.904	Practice_Phase.SEQUENCE.Practice_Instruction	flip time is later than desired time. Desired Time=1815277 Flip Time=1815311 Retrace Rate=16.641, prepareTime=43 flip request time 1815296
1821859.079	Practice_Phase.SEQUENCE.DISPLAY_SCREEN	LOADING RESOURCE SURFACE FROM DISK
1823391.752	Practice_Phase.SEQUENCE.Practice_Instruction	LOADING RESOURCE SURFACE FROM DISK
1823393.137	Practice_Phase.SEQUENCE.Practice_Instruction	flip time is later than desired time. Desired Time=1823377 Flip Time=1823411 Retrace Rate=16.641, prepareTime=39 flip request time 1823392
1829959.218	Practice_Phase.SEQUENCE.DISPLAY_SCREEN	LOADING RESOURCE SURFACE FROM DISK
1831496.244	Practice_Phase.SEQUENCE.Practice_Instruction	LOADING RESOURCE SURFACE FROM DISK
1831497.567	Practice_Phase.SEQUENCE.Practice_Instruction	flip time is later than desired time. Desired Time=1831477 Flip Time=1831511 Retrace Rate=16.641, prepareTime=43 flip request time 1831497
1838058.838	Practice_Phase.SEQUENCE.DISPLAY_SCREEN	LOADING RESOURCE SURFACE FROM DISK
1839578.479	Practice_Phase.SEQUENCE.Practice_Instruction	LOADING RESOURCE SURFACE FROM DISK
1839579.794	Practice_Phase.SEQUENCE.Practice_Instruction	flip time is later than desired time. Desired Time=1839577 Flip Time=1839594 Retrace Rate=16.641, prepareTime=26 flip request time 1839579
1846142.493	Practice_Phase.SEQUENCE.DISPLAY_SCREEN	LOADING RESOURCE SURFACE FROM DISK
1847678.205	Practice_Phase.SEQUENCE.Practice_Instruction	LOADING RESOURCE SURFACE FROM DISK
1847679.579	Practice_Phase.SEQUENCE.Practice_Instruction	flip time is later than desired time. Desired Time=1847661 Flip Time=1847694 Retrace Rate=16.641, prepareTime=42 flip request time 1847679
1852356.43	DISPLAY_SCREEN[2]	LOADING RESOURCE SURFACE FROM DISK
2071609.265	Study_Phase.SEQUENCE.Study_Instruction	LOADING RESOURCE SURFACE FROM DISK
2078367.426	Study_Phase.SEQUENCE.DISPLAY_SCREEN	LOADING RESOURCE SURFACE FROM DISK
2079909.179	Study_Phase.SEQUENCE.Study_Instruction	LOADING RESOURCE SURFACE FROM DISK
2086650.769	Study_Phase.SEQUENCE.DISPLAY_SCREEN	LOADING RESOURCE SURFACE FROM DISK
2088197.884	Study_Phase.SEQUENCE.Study_Instruction	LOADING RESOURCE SURFACE FROM DISK
2096506.535	Study_Phase.SEQUENCE.Study_Instruction	LOADING RESOURCE SURFACE FROM DISK
2103267.363	Study_Phase.SEQUENCE.DISPLAY_SCREEN	LOADING RESOURCE SURFACE FROM DISK
2104781.322	Study_Phase.SEQUENCE.Study_Instruction	LOADING RESOURCE SURFACE FROM DISK
2111534.063	Study_Phase.SEQUENCE.DISPLAY_SCREEN	LOADING RESOURCE SURFACE FROM DISK
2113083.563	Study_Phase.SEQUENCE.Study_Instruction	LOADING RESOURCE SURFACE FROM DISK
2119834.048	Study_Phase.SEQUENCE.DISPLAY_SCREEN	LOADING RESOURCE SURFACE FROM DISK
2121347.949	Study_Phase.SEQUENCE.Study_Instruction	LOADING RESOURCE SURFACE FROM DISK
2128100.864	Study_Phase.SEQUENCE.DISPLAY_SCREEN	LOADING RESOURCE SURFACE FROM DISK
2129614.816	Study_Phase.SEQUENCE.Study_Instruction	LOADING RESOURCE SURFACE FROM DISK
2136350.729	Study_Phase.SEQUENCE.DISPLAY_SCREEN	LOADING RESOURCE SURFACE FROM DISK
2137906.599	Study_Phase.SEQUENCE.Study_Instruction	LOADING RESOURCE SURFACE FROM DISK
2144667.634	Study_Phase.SEQUENCE.DISPLAY_SCREEN	LOADING RESOURCE SURFACE FROM DISK
2146217.377	Study_Phase.SEQUENCE.Study_Instruction	LOADING RESOURCE SURFACE FROM DISK
2154517.344	Study_Phase.SEQUENCE.Study_Instruction	LOADING RESOURCE SURFACE FROM DISK
2162781.282	Study_Phase.SEQUENCE.Study_Instruction	LOADING RESOURCE SURFACE FROM DISK
2171082.436	Study_Phase.SEQUENCE.Study_Instruction	LOADING RESOURCE SURFACE FROM DISK
2177834.073	Study_Phase.SEQUENCE.DISPLAY_SCREEN	LOADING RESOURCE SURFACE FROM DISK
2179473.52	Study_Phase.SEQUENCE.Study_Instruction	LOADING RESOURCE SURFACE FROM DISK
2187769.249	Study_Phase.SEQUENCE.Study_Instruction	LOADING RESOURCE SURFACE FROM DISK
2196081.908	Study_Phase.SEQUENCE.Study_Instruction	LOADING RESOURCE SURFACE FROM DISK
2202834.01	Study_Phase.SEQUENCE.DISPLAY_SCREEN	LOADING RESOURCE SURFACE FROM DISK
2204381.687	Study_Phase.SEQUENCE.Study_Instruction	LOADING RESOURCE SURFACE FROM DISK
2212682.226	Study_Phase.SEQUENCE.Study_Instruction	LOADING RESOURCE SURFACE FROM DISK
2219434.093	Study_Phase.SEQUENCE.DISPLAY_SCREEN	LOADING RESOURCE SURFACE FROM DISK
2220983.877	Study_Phase.SEQUENCE.Study_Instruction	LOADING RESOURCE SURFACE FROM DISK
2227733.96	Study_Phase.SEQUENCE.DISPLAY_SCREEN	LOADING RESOURCE SURFACE FROM DISK
2229292.398	Study_Phase.SEQUENCE.Study_Instruction	LOADING RESOURCE SURFACE FROM DISK
2236050.828	Study_Phase.SEQUENCE.DISPLAY_SCREEN	LOADING RESOURCE SURFACE FROM DISK
2237606.189	Study_Phase.SEQUENCE.Study_Instruction	LOADING RESOURCE SURFACE FROM DISK
2245924.001	Study_Phase.SEQUENCE.Study_Instruction	LOADING RESOURCE SURFACE FROM DISK
2252684.052	Study_Phase.SEQUENCE.DISPLAY_SCREEN	LOADING RESOURCE SURFACE FROM DISK
2254238.194	Study_Phase.SEQUENCE.Study_Instruction	LOADING RESOURCE SURFACE FROM DISK
2262535.345	Study_Phase.SEQUENCE.Study_Instruction	LOADING RESOURCE SURFACE FROM DISK
2270848.352	Study_Phase.SEQUENCE.Study_Instruction	LOADING RESOURCE SURFACE FROM DISK
2277600.595	Study_Phase.SEQUENCE.DISPLAY_SCREEN	LOADING RESOURCE SURFACE FROM DISK
2279114.669	Study_Phase.SEQUENCE.Study_Instruction	LOADING RESOURCE SURFACE FROM DISK
2287416.057	Study_Phase.SEQUENCE.Study_Instruction	LOADING RESOURCE SURFACE FROM DISK
2294167.408	Study_Phase.SEQUENCE.DISPLAY_SCREEN	LOADING RESOURCE SURFACE FROM DISK
2295724.258	Study_Phase.SEQUENCE.Study_Instruction	LOADING RESOURCE SURFACE FROM DISK
2304020.524	Study_Phase.SEQUENCE.Study_Instruction	LOADING RESOURCE SURFACE FROM DISK
2310783.976	Study_Phase.SEQUENCE.DISPLAY_SCREEN	LOADING RESOURCE SURFACE FROM DISK
2312334.429	Study_Phase.SEQUENCE.Study_Instruction	LOADING RESOURCE SURFACE FROM DISK
2320639.012	Study_Phase.SEQUENCE.Study_Instruction	LOADING RESOURCE SURFACE FROM DISK
2328955.572	Study_Phase.SEQUENCE.Study_Instruction	LOADING RESOURCE SURFACE FROM DISK
2337269.095	Study_Phase.SEQUENCE.Study_Instruction	LOADING RESOURCE SURFACE FROM DISK
2345570.266	Study_Phase.SEQUENCE.Study_Instruction	LOADING RESOURCE SURFACE FROM DISK
2352317.494	Study_Phase.SEQUENCE.DISPLAY_SCREEN	LOADING RESOURCE SURFACE FROM DISK
2353873.189	Study_Phase.SEQUENCE.Study_Instruction	LOADING RESOURCE SURFACE FROM DISK
2362188.459	Study_Phase.SEQUENCE.Study_Instruction	LOADING RESOURCE SURFACE FROM DISK
2368950.744	Study_Phase.SEQUENCE.DISPLAY_SCREEN	LOADING RESOURCE SURFACE FROM DISK
2370464.595	Study_Phase.SEQUENCE.Study_Instruction	LOADING RESOURCE SURFACE FROM DISK
2378744.479	Study_Phase.SEQUENCE.Study_Instruction	LOADING RESOURCE SURFACE FROM DISK
2387056.308	Study_Phase.SEQUENCE.Study_Instruction	LOADING RESOURCE SURFACE FROM DISK
2395371.235	Study_Phase.SEQUENCE.Study_Instruction	LOADING RESOURCE SURFACE FROM DISK
2403683.709	Study_Phase.SEQUENCE.Study_Instruction	LOADING RESOURCE SURFACE FROM DISK
2411988.958	Study_Phase.SEQUENCE.Study_Instruction	LOADING RESOURCE SURFACE FROM DISK
2418750.884	Study_Phase.SEQUENCE.DISPLAY_SCREEN	LOADING RESOURCE SURFACE FROM DISK
2420299.429	Study_Phase.SEQUENCE.Study_Instruction	LOADING RESOURCE SURFACE FROM DISK
2427050.548	Study_Phase.SEQUENCE.DISPLAY_SCREEN	LOADING RESOURCE SURFACE FROM DISK
2428605.444	Study_Phase.SEQUENCE.Study_Instruction	LOADING RESOURCE SURFACE FROM DISK
2436923.002	Study_Phase.SEQUENCE.Study_Instruction	LOADING RESOURCE SURFACE FROM DISK
2443684.214	Study_Phase.SEQUENCE.DISPLAY_SCREEN	LOADING RESOURCE SURFACE FROM DISK
2445211.146	Study_Phase.SEQUENCE.Study_Instruction	LOADING RESOURCE SURFACE FROM DISK
2451967.337	Study_Phase.SEQUENCE.DISPLAY_SCREEN	LOADING RESOURCE SURFACE FROM DISK
2453515.588	Study_Phase.SEQUENCE.Study_Instruction	LOADING RESOURCE SURFACE FROM DISK
2461821.283	Study_Phase.SEQUENCE.Study_Instruction	LOADING RESOURCE SURFACE FROM DISK
2470141.725	Study_Phase.SEQUENCE.Study_Instruction	LOADING RESOURCE SURFACE FROM DISK
2476900.72	Study_Phase.SEQUENCE.DISPLAY_SCREEN	LOADING RESOURCE SURFACE FROM DISK
2478448.729	Study_Phase.SEQUENCE.Study_Instruction	LOADING RESOURCE SURFACE FROM DISK
2485200.831	Study_Phase.SEQUENCE.DISPLAY_SCREEN	LOADING RESOURCE SURFACE FROM DISK
2486752.746	Study_Phase.SEQUENCE.Study_Instruction	LOADING RESOURCE SURFACE FROM DISK
2495056.865	Study_Phase.SEQUENCE.Study_Instruction	LOADING RESOURCE SURFACE FROM DISK
2503367.532	Study_Phase.SEQUENCE.Study_Instruction	LOADING RESOURCE SURFACE FROM DISK
2510100.759	Study_Phase.SEQUENCE.DISPLAY_SCREEN	LOADING RESOURCE SURFACE FROM DISK
2511647.999	Study_Phase.SEQUENCE.Study_Instruction	LOADING RESOURCE SURFACE FROM DISK
2518400.773	Study_Phase.SEQUENCE.DISPLAY_SCREEN	LOADING RESOURCE SURFACE FROM DISK
2519954.846	Study_Phase.SEQUENCE.Study_Instruction	LOADING RESOURCE SURFACE FROM DISK
2528272.803	Study_Phase.SEQUENCE.Study_Instruction	LOADING RESOURCE SURFACE FROM DISK
2535034.135	Study_Phase.SEQUENCE.DISPLAY_SCREEN	LOADING RESOURCE SURFACE FROM DISK
2536584.123	Study_Phase.SEQUENCE.Study_Instruction	LOADING RESOURCE SURFACE FROM DISK
2544847.603	Study_Phase.SEQUENCE.Study_Instruction	LOADING RESOURCE SURFACE FROM DISK
2551600.85	Study_Phase.SEQUENCE.DISPLAY_SCREEN	LOADING RESOURCE SURFACE FROM DISK
2553157.242	Study_Phase.SEQUENCE.Study_Instruction	LOADING RESOURCE SURFACE FROM DISK
2561474.015	Study_Phase.SEQUENCE.Study_Instruction	LOADING RESOURCE SURFACE FROM DISK
2568233.997	Study_Phase.SEQUENCE.DISPLAY_SCREEN	LOADING RESOURCE SURFACE FROM DISK
2569781.821	Study_Phase.SEQUENCE.Study_Instruction	LOADING RESOURCE SURFACE FROM DISK
2578083.475	Study_Phase.SEQUENCE.Study_Instruction	LOADING RESOURCE SURFACE FROM DISK
2584817.621	Study_Phase.SEQUENCE.DISPLAY_SCREEN	LOADING RESOURCE SURFACE FROM DISK
2586368.675	Study_Phase.SEQUENCE.Study_Instruction	LOADING RESOURCE SURFACE FROM DISK
2594670.495	Study_Phase.SEQUENCE.Study_Instruction	LOADING RESOURCE SURFACE FROM DISK
2601434.126	Study_Phase.SEQUENCE.DISPLAY_SCREEN	LOADING RESOURCE SURFACE FROM DISK
2602980.507	Study_Phase.SEQUENCE.Study_Instruction	LOADING RESOURCE SURFACE FROM DISK
2611290.045	Study_Phase.SEQUENCE.Study_Instruction	LOADING RESOURCE SURFACE FROM DISK
2618050.802	Study_Phase.SEQUENCE.DISPLAY_SCREEN	LOADING RESOURCE SURFACE FROM DISK
2619590.297	Study_Phase.SEQUENCE.Study_Instruction	LOADING RESOURCE SURFACE FROM DISK
2626350.757	Study_Phase.SEQUENCE.DISPLAY_SCREEN	LOADING RESOURCE SURFACE FROM DISK
2627902.246	Study_Phase.SEQUENCE.Study_Instruction	LOADING RESOURCE SURFACE FROM DISK
2634667.352	Study_Phase.SEQUENCE.DISPLAY_SCREEN	LOADING RESOURCE SURFACE FROM DISK
2636214.877	Study_Phase.SEQUENCE.Study_Instruction	LOADING RESOURCE SURFACE FROM DISK
2642950.78	Study_Phase.SEQUENCE.DISPLAY_SCREEN	LOADING RESOURCE SURFACE FROM DISK
2644501.899	Study_Phase.SEQUENCE.Study_Instruction	LOADING RESOURCE SURFACE FROM DISK
2652814.962	Study_Phase.SEQUENCE.Study_Instruction	LOADING RESOURCE SURFACE FROM DISK
2659567.573	Study_Phase.SEQUENCE.DISPLAY_SCREEN	LOADING RESOURCE SURFACE FROM DISK
2661113.968	Study_Phase.SEQUENCE.Study_Instruction	LOADING RESOURCE SURFACE FROM DISK
2669422.621	Study_Phase.SEQUENCE.Study_Instruction	LOADING RESOURCE SURFACE FROM DISK
2676183.919	Study_Phase.SEQUENCE.DISPLAY_SCREEN	LOADING RESOURCE SURFACE FROM DISK
2677697.95	Study_Phase.SEQUENCE.Study_Instruction	LOADING RESOURCE SURFACE FROM DISK
2685980.471	Study_Phase.SEQUENCE.Study_Instruction	LOADING RESOURCE SURFACE FROM DISK
2694247.494	Study_Phase.SEQUENCE.Study_Instruction	LOADING RESOURCE SURFACE FROM DISK
2702556.487	Study_Phase.SEQUENCE.Study_Instruction	LOADING RESOURCE SURFACE FROM DISK
2710867.015	Study_Phase.SEQUENCE.Study_Instruction	LOADING RESOURCE SURFACE FROM DISK
2719168.425	Study_Phase.SEQUENCE.Study_Instruction	LOADING RESOURCE SURFACE FROM DISK
2725917.401	Study_Phase.SEQUENCE.DISPLAY_SCREEN	LOADING RESOURCE SURFACE FROM DISK
2727470.809	Study_Phase.SEQUENCE.Study_Instruction	LOADING RESOURCE SURFACE FROM DISK
2734234.064	Study_Phase.SEQUENCE.DISPLAY_SCREEN	LOADING RESOURCE SURFACE FROM DISK
2735791.01	Study_Phase.SEQUENCE.Study_Instruction	LOADING RESOURCE SURFACE FROM DISK
2742550.834	Study_Phase.SEQUENCE.DISPLAY_SCREEN	LOADING RESOURCE SURFACE FROM DISK
2744097.024	Study_Phase.SEQUENCE.Study_Instruction	LOADING RESOURCE SURFACE FROM DISK
2752390.34	Study_Phase.SEQUENCE.Study_Instruction	LOADING RESOURCE SURFACE FROM DISK
2759150.801	Study_Phase.SEQUENCE.DISPLAY_SCREEN	LOADING RESOURCE SURFACE FROM DISK
2760677.381	Study_Phase.SEQUENCE.Study_Instruction	LOADING RESOURCE SURFACE FROM DISK
2768947.943	Study_Phase.SEQUENCE.Study_Instruction	LOADING RESOURCE SURFACE FROM DISK
2777230.395	Study_Phase.SEQUENCE.Study_Instruction	LOADING RESOURCE SURFACE FROM DISK
2783967.439	Study_Phase.SEQUENCE.DISPLAY_SCREEN	LOADING RESOURCE SURFACE FROM DISK
2785519.151	Study_Phase.SEQUENCE.Study_Instruction	LOADING RESOURCE SURFACE FROM DISK
2792284.059	Study_Phase.SEQUENCE.DISPLAY_SCREEN	LOADING RESOURCE SURFACE FROM DISK
2793840.833	Study_Phase.SEQUENCE.Study_Instruction	LOADING RESOURCE SURFACE FROM DISK
2802129.785	Study_Phase.SEQUENCE.Study_Instruction	LOADING RESOURCE SURFACE FROM DISK
2810485.333	Study_Phase.SEQUENCE.Study_Instruction	LOADING RESOURCE SURFACE FROM DISK
2817234.018	Study_Phase.SEQUENCE.DISPLAY_SCREEN	LOADING RESOURCE SURFACE FROM DISK
2818787.491	Study_Phase.SEQUENCE.Study_Instruction	LOADING RESOURCE SURFACE FROM DISK
2827104.107	Study_Phase.SEQUENCE.Study_Instruction	LOADING RESOURCE SURFACE FROM DISK
2835416.536	Study_Phase.SEQUENCE.Study_Instruction	LOADING RESOURCE SURFACE FROM DISK
2842167.255	Study_Phase.SEQUENCE.DISPLAY_SCREEN	LOADING RESOURCE SURFACE FROM DISK
2843717.9	Study_Phase.SEQUENCE.Study_Instruction	LOADING RESOURCE SURFACE FROM DISK
2851998.035	Study_Phase.SEQUENCE.Study_Instruction	LOADING RESOURCE SURFACE FROM DISK
2860306.686	Study_Phase.SEQUENCE.Study_Instruction	LOADING RESOURCE SURFACE FROM DISK
2868619.996	Study_Phase.SEQUENCE.Study_Instruction	LOADING RESOURCE SURFACE FROM DISK
2875383.891	Study_Phase.SEQUENCE.DISPLAY_SCREEN	LOADING RESOURCE SURFACE FROM DISK
2876938.607	Study_Phase.SEQUENCE.Study_Instruction	LOADING RESOURCE SURFACE FROM DISK
2883700.769	Study_Phase.SEQUENCE.DISPLAY_SCREEN	LOADING RESOURCE SURFACE FROM DISK
2885254.786	Study_Phase.SEQUENCE.Study_Instruction	LOADING RESOURCE SURFACE FROM DISK
2892017.415	Study_Phase.SEQUENCE.DISPLAY_SCREEN	LOADING RESOURCE SURFACE FROM DISK
2893570.149	Study_Phase.SEQUENCE.Study_Instruction	LOADING RESOURCE SURFACE FROM DISK
2901881.153	Study_Phase.SEQUENCE.Study_Instruction	LOADING RESOURCE SURFACE FROM DISK
2908617.39	Study_Phase.SEQUENCE.DISPLAY_SCREEN	LOADING RESOURCE SURFACE FROM DISK
2910171.321	Study_Phase.SEQUENCE.Study_Instruction	LOADING RESOURCE SURFACE FROM DISK
2918486.895	Study_Phase.SEQUENCE.Study_Instruction	LOADING RESOURCE SURFACE FROM DISK
2926806.898	Study_Phase.SEQUENCE.Study_Instruction	LOADING RESOURCE SURFACE FROM DISK
2933567.267	Study_Phase.SEQUENCE.DISPLAY_SCREEN	LOADING RESOURCE SURFACE FROM DISK
2935114.822	Study_Phase.SEQUENCE.Study_Instruction	LOADING RESOURCE SURFACE FROM DISK
2943416.982	Study_Phase.SEQUENCE.Study_Instruction	LOADING RESOURCE SURFACE FROM DISK
2950167.399	Study_Phase.SEQUENCE.DISPLAY_SCREEN	LOADING RESOURCE SURFACE FROM DISK
2951721.556	Study_Phase.SEQUENCE.Study_Instruction	LOADING RESOURCE SURFACE FROM DISK
2960033.738	Study_Phase.SEQUENCE.Study_Instruction	LOADING RESOURCE SURFACE FROM DISK
2968334.748	Study_Phase.SEQUENCE.Study_Instruction	LOADING RESOURCE SURFACE FROM DISK
2975083.99	Study_Phase.SEQUENCE.DISPLAY_SCREEN	LOADING RESOURCE SURFACE FROM DISK
2976633.061	Study_Phase.SEQUENCE.Study_Instruction	LOADING RESOURCE SURFACE FROM DISK
2984935.385	Study_Phase.SEQUENCE.Study_Instruction	LOADING RESOURCE SURFACE FROM DISK
2993254.13	Study_Phase.SEQUENCE.Study_Instruction	LOADING RESOURCE SURFACE FROM DISK
3000017.381	Study_Phase.SEQUENCE.DISPLAY_SCREEN	LOADING RESOURCE SURFACE FROM DISK
3001565.669	Study_Phase.SEQUENCE.Study_Instruction	LOADING RESOURCE SURFACE FROM DISK
3009868.135	Study_Phase.SEQUENCE.Study_Instruction	LOADING RESOURCE SURFACE FROM DISK
3018172.741	Study_Phase.SEQUENCE.Study_Instruction	LOADING RESOURCE SURFACE FROM DISK
3024934.054	Study_Phase.SEQUENCE.DISPLAY_SCREEN	LOADING RESOURCE SURFACE FROM DISK
3026481.86	Study_Phase.SEQUENCE.Study_Instruction	LOADING RESOURCE SURFACE FROM DISK
3033234.159	Study_Phase.SEQUENCE.DISPLAY_SCREEN	LOADING RESOURCE SURFACE FROM DISK
3034790.793	Study_Phase.SEQUENCE.Study_Instruction	LOADING RESOURCE SURFACE FROM DISK
3043098.927	Study_Phase.SEQUENCE.Study_Instruction	LOADING RESOURCE SURFACE FROM DISK
3051364.35	Study_Phase.SEQUENCE.Study_Instruction	LOADING RESOURCE SURFACE FROM DISK
3058117.541	Study_Phase.SEQUENCE.DISPLAY_SCREEN	LOADING RESOURCE SURFACE FROM DISK
3059668.818	Study_Phase.SEQUENCE.Study_Instruction	LOADING RESOURCE SURFACE FROM DISK
3064404.977	DISPLAY_SCREEN[7]	LOADING RESOURCE SURFACE FROM DISK
3310138.505	Test_Phase.SEQUENCE.Target_Cue	LOADING RESOURCE SURFACE FROM DISK
3310150.764	Test_Phase.SEQUENCE.Target_Cue	LOADING RESOURCE SURFACE FROM DISK
3312206.038	Test_Phase.SEQUENCE.Word	LOADING RESOURCE SURFACE FROM DISK
3315265.65	Test_Phase.SEQUENCE.Test_Question	LOADING RESOURCE SURFACE FROM DISK
3315282.565	Test_Phase.SEQUENCE.Test_Question	LOADING RESOURCE SURFACE FROM DISK
3315296.851	Test_Phase.SEQUENCE.Test_Question	LOADING RESOURCE SURFACE FROM DISK
3315307.946	Test_Phase.SEQUENCE.Test_Question	LOADING RESOURCE SURFACE FROM DISK
3315309.711	Test_Phase.SEQUENCE.Test_Question	LOADING RESOURCE SURFACE FROM DISK
3315311.726	Test_Phase.SEQUENCE.Test_Question	LOADING RESOURCE SURFACE FROM DISK
3315319.004	Test_Phase.SEQUENCE.Test_Question	LOADING RESOURCE SURFACE FROM DISK
3315330.389	Test_Phase.SEQUENCE.Test_Question	LOADING RESOURCE SURFACE FROM DISK
3315340.755	Test_Phase.SEQUENCE.Test_Question	LOADING RESOURCE SURFACE FROM DISK
3315355.99	Test_Phase.SEQUENCE.Test_Question	LOADING RESOURCE SURFACE FROM DISK
3315369.692	Test_Phase.SEQUENCE.Test_Question	LOADING RESOURCE SURFACE FROM DISK
3315371.5	Test_Phase.SEQUENCE.Test_Question	LOADING RESOURCE SURFACE FROM DISK
3328130.911	Test_Phase.SEQUENCE.Word	LOADING RESOURCE SURFACE FROM DISK
3336947.421	Test_Phase.SEQUENCE.Word	LOADING RESOURCE SURFACE FROM DISK
3345697.428	Test_Phase.SEQUENCE.Word	LOADING RESOURCE SURFACE FROM DISK
3354497.321	Test_Phase.SEQUENCE.Word	LOADING RESOURCE SURFACE FROM DISK
3363471.476	Test_Phase.SEQUENCE.Word	LOADING RESOURCE SURFACE FROM DISK
3373114.284	Test_Phase.SEQUENCE.Word	LOADING RESOURCE SURFACE FROM DISK
3382064.305	Test_Phase.SEQUENCE.Word	LOADING RESOURCE SURFACE FROM DISK
3391122.801	Test_Phase.SEQUENCE.Word	LOADING RESOURCE SURFACE FROM DISK
3399697.766	Test_Phase.SEQUENCE.Word	LOADING RESOURCE SURFACE FROM DISK
3408730.869	Test_Phase.SEQUENCE.Word	LOADING RESOURCE SURFACE FROM DISK
3416897.454	Test_Phase.SEQUENCE.Word	LOADING RESOURCE SURFACE FROM DISK
3424772.411	Test_Phase.SEQUENCE.Word	LOADING RESOURCE SURFACE FROM DISK
3433980.638	Test_Phase.SEQUENCE.Word	LOADING RESOURCE SURFACE FROM DISK
3442197.358	Test_Phase.SEQUENCE.Word	LOADING RESOURCE SURFACE FROM DISK
3453347.358	Test_Phase.SEQUENCE.Word	LOADING RESOURCE SURFACE FROM DISK
3463071.145	Test_Phase.SEQUENCE.Word	LOADING RESOURCE SURFACE FROM DISK
3471380.598	Test_Phase.SEQUENCE.Word	LOADING RESOURCE SURFACE FROM DISK
3479614.147	Test_Phase.SEQUENCE.Word	LOADING RESOURCE SURFACE FROM DISK
3488995.941	Test_Phase.SEQUENCE.Word	LOADING RESOURCE SURFACE FROM DISK
3497097.521	Test_Phase.SEQUENCE.Word	LOADING RESOURCE SURFACE FROM DISK
3505130.809	Test_Phase.SEQUENCE.Word	LOADING RESOURCE SURFACE FROM DISK
3513197.397	Test_Phase.SEQUENCE.Word	LOADING RESOURCE SURFACE FROM DISK
3521197.5	Test_Phase.SEQUENCE.Word	LOADING RESOURCE SURFACE FROM DISK
3529364.002	Test_Phase.SEQUENCE.Word	LOADING RESOURCE SURFACE FROM DISK
3538630.818	Test_Phase.SEQUENCE.Word	LOADING RESOURCE SURFACE FROM DISK
3547104.088	Test_Phase.SEQUENCE.Word	LOADING RESOURCE SURFACE FROM DISK
3555264.111	Test_Phase.SEQUENCE.Word	LOADING RESOURCE SURFACE FROM DISK
3563107.547	Test_Phase.SEQUENCE.Word	LOADING RESOURCE SURFACE FROM DISK
3574064.228	Test_Phase.SEQUENCE.Word	LOADING RESOURCE SURFACE FROM DISK
3581819.506	Test_Phase.SEQUENCE.Word	LOADING RESOURCE SURFACE FROM DISK
3590072.774	Test_Phase.SEQUENCE.Word	LOADING RESOURCE SURFACE FROM DISK
3597170.47	Test_Phase.SEQUENCE.Word	LOADING RESOURCE SURFACE FROM DISK
3604454.538	Test_Phase.SEQUENCE.Word	LOADING RESOURCE SURFACE FROM DISK
3614514.148	Test_Phase.SEQUENCE.Word	LOADING RESOURCE SURFACE FROM DISK
3621747.398	Test_Phase.SEQUENCE.Word	LOADING RESOURCE SURFACE FROM DISK
3632671.154	Test_Phase.SEQUENCE.Word	LOADING RESOURCE SURFACE FROM DISK
3641230.99	Test_Phase.SEQUENCE.Word	LOADING RESOURCE SURFACE FROM DISK
3648730.927	Test_Phase.SEQUENCE.Word	LOADING RESOURCE SURFACE FROM DISK
3656824.069	Test_Phase.SEQUENCE.Word	LOADING RESOURCE SURFACE FROM DISK
3664330.654	Test_Phase.SEQUENCE.Word	LOADING RESOURCE SURFACE FROM DISK
3672214.092	Test_Phase.SEQUENCE.Word	LOADING RESOURCE SURFACE FROM DISK
3680114.024	Test_Phase.SEQUENCE.Word	LOADING RESOURCE SURFACE FROM DISK
3687980.778	Test_Phase.SEQUENCE.Word	LOADING RESOURCE SURFACE FROM DISK
3696399.852	Test_Phase.SEQUENCE.Word	LOADING RESOURCE SURFACE FROM DISK
3703668.105	Test_Phase.SEQUENCE.Word	LOADING RESOURCE SURFACE FROM DISK
3711834.053	Test_Phase.SEQUENCE.Word	LOADING RESOURCE SURFACE FROM DISK
3719368.688	Test_Phase.SEQUENCE.Word	LOADING RESOURCE SURFACE FROM DISK
3726997.492	Test_Phase.SEQUENCE.Word	LOADING RESOURCE SURFACE FROM DISK
3735414.932	Test_Phase.SEQUENCE.Word	LOADING RESOURCE SURFACE FROM DISK
3743530.68	Test_Phase.SEQUENCE.Word	LOADING RESOURCE SURFACE FROM DISK
3751197.344	Test_Phase.SEQUENCE.Word	LOADING RESOURCE SURFACE FROM DISK
3758530.849	Test_Phase.SEQUENCE.Word	LOADING RESOURCE SURFACE FROM DISK
3766014.064	Test_Phase.SEQUENCE.Word	LOADING RESOURCE SURFACE FROM DISK
3776330.829	Test_Phase.SEQUENCE.Word	LOADING RESOURCE SURFACE FROM DISK
3784423.462	Test_Phase.SEQUENCE.Word	LOADING RESOURCE SURFACE FROM DISK
3792039.693	Test_Phase.SEQUENCE.Word	LOADING RESOURCE SURFACE FROM DISK
3803085.063	Test_Phase.SEQUENCE.Word	LOADING RESOURCE SURFACE FROM DISK
3810754.675	Test_Phase.SEQUENCE.Word	LOADING RESOURCE SURFACE FROM DISK
3820714.203	Test_Phase.SEQUENCE.Word	LOADING RESOURCE SURFACE FROM DISK
3829999.049	Test_Phase.SEQUENCE.Word	LOADING RESOURCE SURFACE FROM DISK
3838014.017	Test_Phase.SEQUENCE.Word	LOADING RESOURCE SURFACE FROM DISK
3845447.425	Test_Phase.SEQUENCE.Word	LOADING RESOURCE SURFACE FROM DISK
3853447.42	Test_Phase.SEQUENCE.Word	LOADING RESOURCE SURFACE FROM DISK
3861165.767	Test_Phase.SEQUENCE.Word	LOADING RESOURCE SURFACE FROM DISK
3868564.338	Test_Phase.SEQUENCE.Word	LOADING RESOURCE SURFACE FROM DISK
3876247.875	Test_Phase.SEQUENCE.Word	LOADING RESOURCE SURFACE FROM DISK
3884664.179	Test_Phase.SEQUENCE.Word	LOADING RESOURCE SURFACE FROM DISK
3892554.568	Test_Phase.SEQUENCE.Word	LOADING RESOURCE SURFACE FROM DISK
3900330.694	Test_Phase.SEQUENCE.Word	LOADING RESOURCE SURFACE FROM DISK
3908829.168	Test_Phase.SEQUENCE.Word	LOADING RESOURCE SURFACE FROM DISK
3917614.021	Test_Phase.SEQUENCE.Word	LOADING RESOURCE SURFACE FROM DISK
3924831.204	Test_Phase.SEQUENCE.Word	LOADING RESOURCE SURFACE FROM DISK
3932665.87	Test_Phase.SEQUENCE.Word	LOADING RESOURCE SURFACE FROM DISK
3941264.191	Test_Phase.SEQUENCE.Word	LOADING RESOURCE SURFACE FROM DISK
3949647.507	Test_Phase.SEQUENCE.Word	LOADING RESOURCE SURFACE FROM DISK
3956947.331	Test_Phase.SEQUENCE.Word	LOADING RESOURCE SURFACE FROM DISK
3965517.412	Test_Phase.SEQUENCE.Word	LOADING RESOURCE SURFACE FROM DISK
3973147.528	Test_Phase.SEQUENCE.Word	LOADING RESOURCE SURFACE FROM DISK
3980339.224	Test_Phase.SEQUENCE.Word	LOADING RESOURCE SURFACE FROM DISK
3987512.925	Test_Phase.SEQUENCE.Word	LOADING RESOURCE SURFACE FROM DISK
3995172.429	Test_Phase.SEQUENCE.Word	LOADING RESOURCE SURFACE FROM DISK
4003497.463	Test_Phase.SEQUENCE.Word	LOADING RESOURCE SURFACE FROM DISK
4012006.539	Test_Phase.SEQUENCE.Word	LOADING RESOURCE SURFACE FROM DISK
4021756.153	Test_Phase.SEQUENCE.Word	LOADING RESOURCE SURFACE FROM DISK
4030430.869	Test_Phase.SEQUENCE.Word	LOADING RESOURCE SURFACE FROM DISK
4038684.573	Test_Phase.SEQUENCE.Word	LOADING RESOURCE SURFACE FROM DISK
4046447.459	Test_Phase.SEQUENCE.Word	LOADING RESOURCE SURFACE FROM DISK
4054783.444	Test_Phase.SEQUENCE.Word	LOADING RESOURCE SURFACE FROM DISK
4062247.56	Test_Phase.SEQUENCE.Word	LOADING RESOURCE SURFACE FROM DISK
4069680.993	Test_Phase.SEQUENCE.Word	LOADING RESOURCE SURFACE FROM DISK
4077147.659	Test_Phase.SEQUENCE.Word	LOADING RESOURCE SURFACE FROM DISK
4084480.818	Test_Phase.SEQUENCE.Word	LOADING RESOURCE SURFACE FROM DISK
4091930.942	Test_Phase.SEQUENCE.Word	LOADING RESOURCE SURFACE FROM DISK
4099280.85	Test_Phase.SEQUENCE.Word	LOADING RESOURCE SURFACE FROM DISK
4107065.017	Test_Phase.SEQUENCE.Word	LOADING RESOURCE SURFACE FROM DISK
4114422.428	Test_Phase.SEQUENCE.Word	LOADING RESOURCE SURFACE FROM DISK
4121712.029	Test_Phase.SEQUENCE.Word	LOADING RESOURCE SURFACE FROM DISK
4128930.989	Test_Phase.SEQUENCE.Word	LOADING RESOURCE SURFACE FROM DISK
4136197.834	Test_Phase.SEQUENCE.Word	LOADING RESOURCE SURFACE FROM DISK
4143765.852	Test_Phase.SEQUENCE.Word	LOADING RESOURCE SURFACE FROM DISK
4151336.601	Test_Phase.SEQUENCE.Word	LOADING RESOURCE SURFACE FROM DISK
4158814.0	Test_Phase.SEQUENCE.Word	LOADING RESOURCE SURFACE FROM DISK
4166064.243	Test_Phase.SEQUENCE.Word	LOADING RESOURCE SURFACE FROM DISK
4173331.668	Test_Phase.SEQUENCE.Word	LOADING RESOURCE SURFACE FROM DISK
4180610.514	Test_Phase.SEQUENCE.Word	LOADING RESOURCE SURFACE FROM DISK
4188939.636	Test_Phase.SEQUENCE.Word	LOADING RESOURCE SURFACE FROM DISK
4197097.47	Test_Phase.SEQUENCE.Word	LOADING RESOURCE SURFACE FROM DISK
4205681.16	Test_Phase.SEQUENCE.Word	LOADING RESOURCE SURFACE FROM DISK
4213480.93	Test_Phase.SEQUENCE.Word	LOADING RESOURCE SURFACE FROM DISK
4221464.167	Test_Phase.SEQUENCE.Word	LOADING RESOURCE SURFACE FROM DISK
4229264.158	Test_Phase.SEQUENCE.Word	LOADING RESOURCE SURFACE FROM DISK
4237219.169	Test_Phase.SEQUENCE.Word	LOADING RESOURCE SURFACE FROM DISK
4244330.716	Test_Phase.SEQUENCE.Word	LOADING RESOURCE SURFACE FROM DISK
4251380.816	Test_Phase.SEQUENCE.Word	LOADING RESOURCE SURFACE FROM DISK
4258447.569	Test_Phase.SEQUENCE.Word	LOADING RESOURCE SURFACE FROM DISK
4266547.391	Test_Phase.SEQUENCE.Word	LOADING RESOURCE SURFACE FROM DISK
4274380.783	Test_Phase.SEQUENCE.Word	LOADING RESOURCE SURFACE FROM DISK
4283651.227	Test_Phase.SEQUENCE.Word	LOADING RESOURCE SURFACE FROM DISK
4291100.332	Test_Phase.SEQUENCE.Word	LOADING RESOURCE SURFACE FROM DISK
4300998.243	Test_Phase.SEQUENCE.Word	LOADING RESOURCE SURFACE FROM DISK
4308174.449	Test_Phase.SEQUENCE.Word	LOADING RESOURCE SURFACE FROM DISK
4323214.12	Test_Phase.SEQUENCE.Word	LOADING RESOURCE SURFACE FROM DISK
4330616.632	Test_Phase.SEQUENCE.Word	LOADING RESOURCE SURFACE FROM DISK
4338130.772	Test_Phase.SEQUENCE.Word	LOADING RESOURCE SURFACE FROM DISK
4346214.195	Test_Phase.SEQUENCE.Word	LOADING RESOURCE SURFACE FROM DISK
4353430.756	Test_Phase.SEQUENCE.Word	LOADING RESOURCE SURFACE FROM DISK
4360617.312	Test_Phase.SEQUENCE.Word	LOADING RESOURCE SURFACE FROM DISK
4368564.419	Test_Phase.SEQUENCE.Word	LOADING RESOURCE SURFACE FROM DISK
4377430.803	Test_Phase.SEQUENCE.Word	LOADING RESOURCE SURFACE FROM DISK
4385397.376	Test_Phase.SEQUENCE.Word	LOADING RESOURCE SURFACE FROM DISK
4392464.151	Test_Phase.SEQUENCE.Word	LOADING RESOURCE SURFACE FROM DISK
4399530.79	Test_Phase.SEQUENCE.Word	LOADING RESOURCE SURFACE FROM DISK
4406671.009	Test_Phase.SEQUENCE.Word	LOADING RESOURCE SURFACE FROM DISK
4413747.451	Test_Phase.SEQUENCE.Word	LOADING RESOURCE SURFACE FROM DISK
4420835.142	Test_Phase.SEQUENCE.Word	LOADING RESOURCE SURFACE FROM DISK
4428697.565	Test_Phase.SEQUENCE.Word	LOADING RESOURCE SURFACE FROM DISK
4436535.405	Test_Phase.SEQUENCE.Word	LOADING RESOURCE SURFACE FROM DISK
4443730.63	Test_Phase.SEQUENCE.Word	LOADING RESOURCE SURFACE FROM DISK
4451047.519	Test_Phase.SEQUENCE.Word	LOADING RESOURCE SURFACE FROM DISK
4458630.808	Test_Phase.SEQUENCE.Word	LOADING RESOURCE SURFACE FROM DISK
4466014.144	Test_Phase.SEQUENCE.Word	LOADING RESOURCE SURFACE FROM DISK
4473037.078	Test_Phase.SEQUENCE.Word	LOADING RESOURCE SURFACE FROM DISK
4480130.723	Test_Phase.SEQUENCE.Word	LOADING RESOURCE SURFACE FROM DISK
4487387.753	Test_Phase.SEQUENCE.Word	LOADING RESOURCE SURFACE FROM DISK
4494499.375	Test_Phase.SEQUENCE.Word	LOADING RESOURCE SURFACE FROM DISK
4501597.449	Test_Phase.SEQUENCE.Word	LOADING RESOURCE SURFACE FROM DISK
4509014.063	Test_Phase.SEQUENCE.Word	LOADING RESOURCE SURFACE FROM DISK
4516180.538	Test_Phase.SEQUENCE.Word	LOADING RESOURCE SURFACE FROM DISK
4523397.648	Test_Phase.SEQUENCE.Word	LOADING RESOURCE SURFACE FROM DISK
4531632.161	Test_Phase.SEQUENCE.Word	LOADING RESOURCE SURFACE FROM DISK
4539654.668	Test_Phase.SEQUENCE.Word	LOADING RESOURCE SURFACE FROM DISK
4547864.101	Test_Phase.SEQUENCE.Word	LOADING RESOURCE SURFACE FROM DISK
4556007.497	Test_Phase.SEQUENCE.Word	LOADING RESOURCE SURFACE FROM DISK
4564180.781	Test_Phase.SEQUENCE.Word	LOADING RESOURCE SURFACE FROM DISK
4572564.086	Test_Phase.SEQUENCE.Word	LOADING RESOURCE SURFACE FROM DISK
4580980.867	Test_Phase.SEQUENCE.Word	LOADING RESOURCE SURFACE FROM DISK
4588868.766	Test_Phase.SEQUENCE.Word	LOADING RESOURCE SURFACE FROM DISK
4597347.411	Test_Phase.SEQUENCE.Word	LOADING RESOURCE SURFACE FROM DISK
4604697.444	Test_Phase.SEQUENCE.Word	LOADING RESOURCE SURFACE FROM DISK
4612514.014	Test_Phase.SEQUENCE.Word	LOADING RESOURCE SURFACE FROM DISK
4621397.32	Test_Phase.SEQUENCE.Word	LOADING RESOURCE SURFACE FROM DISK
4629451.299	Test_Phase.SEQUENCE.Word	LOADING RESOURCE SURFACE FROM DISK
4638987.014	Test_Phase.SEQUENCE.Word	LOADING RESOURCE SURFACE FROM DISK
4647307.239	Test_Phase.SEQUENCE.Word	LOADING RESOURCE SURFACE FROM DISK
4655430.783	Test_Phase.SEQUENCE.Word	LOADING RESOURCE SURFACE FROM DISK
4671530.681	Test_Phase.SEQUENCE.Word	LOADING RESOURCE SURFACE FROM DISK
4678797.391	Test_Phase.SEQUENCE.Word	LOADING RESOURCE SURFACE FROM DISK
4685949.624	Test_Phase.SEQUENCE.Word	LOADING RESOURCE SURFACE FROM DISK
4693551.252	Test_Phase.SEQUENCE.Word	LOADING RESOURCE SURFACE FROM DISK
4700652.454	Test_Phase.SEQUENCE.Word	LOADING RESOURCE SURFACE FROM DISK
4708814.102	Test_Phase.SEQUENCE.Word	LOADING RESOURCE SURFACE FROM DISK
4717047.388	Test_Phase.SEQUENCE.Word	LOADING RESOURCE SURFACE FROM DISK
4724701.374	Test_Phase.SEQUENCE.Word	LOADING RESOURCE SURFACE FROM DISK
4735614.076	Test_Phase.SEQUENCE.Word	LOADING RESOURCE SURFACE FROM DISK
4743736.749	Test_Phase.SEQUENCE.Word	LOADING RESOURCE SURFACE FROM DISK
4752580.843	Test_Phase.SEQUENCE.Word	LOADING RESOURCE SURFACE FROM DISK
4761097.354	Test_Phase.SEQUENCE.Word	LOADING RESOURCE SURFACE FROM DISK
4769438.107	Test_Phase.SEQUENCE.Word	LOADING RESOURCE SURFACE FROM DISK
4776705.489	Test_Phase.SEQUENCE.Word	LOADING RESOURCE SURFACE FROM DISK
4783947.353	Test_Phase.SEQUENCE.Word	LOADING RESOURCE SURFACE FROM DISK
4791653.57	Test_Phase.SEQUENCE.Word	LOADING RESOURCE SURFACE FROM DISK
4799014.269	Test_Phase.SEQUENCE.Word	LOADING RESOURCE SURFACE FROM DISK
4806201.491	Test_Phase.SEQUENCE.Word	LOADING RESOURCE SURFACE FROM DISK
4814697.527	Test_Phase.SEQUENCE.Word	LOADING RESOURCE SURFACE FROM DISK
4822980.972	Test_Phase.SEQUENCE.Word	LOADING RESOURCE SURFACE FROM DISK
4830966.089	Test_Phase.SEQUENCE.Word	LOADING RESOURCE SURFACE FROM DISK
4838230.808	Test_Phase.SEQUENCE.Word	LOADING RESOURCE SURFACE FROM DISK
4845332.515	Test_Phase.SEQUENCE.Word	LOADING RESOURCE SURFACE FROM DISK
4852380.7	Test_Phase.SEQUENCE.Word	LOADING RESOURCE SURFACE FROM DISK
4859797.446	Test_Phase.SEQUENCE.Word	LOADING RESOURCE SURFACE FROM DISK
4866972.712	Test_Phase.SEQUENCE.Word	LOADING RESOURCE SURFACE FROM DISK
4875169.482	Test_Phase.SEQUENCE.Word	LOADING RESOURCE SURFACE FROM DISK
4882389.794	Test_Phase.SEQUENCE.Word	LOADING RESOURCE SURFACE FROM DISK
4890085.736	Test_Phase.SEQUENCE.Word	LOADING RESOURCE SURFACE FROM DISK
4898714.414	Test_Phase.SEQUENCE.Word	LOADING RESOURCE SURFACE FROM DISK
4906964.033	Test_Phase.SEQUENCE.Word	LOADING RESOURCE SURFACE FROM DISK
4917199.369	Test_Phase.SEQUENCE.Word	LOADING RESOURCE SURFACE FROM DISK
4925540.474	Test_Phase.SEQUENCE.Word	LOADING RESOURCE SURFACE FROM DISK
4931556.795	DISPLAY_SCREEN	LOADING RESOURCE SURFACE FROM DISK
