5391.304	DISPLAY_SCREEN[1]	LOADING RESOURCE SURFACE FROM DISK
550921.112	Familiarization_Phase.SEQUENCE.Cue_and_Instruction	LOADING RESOURCE SURFACE FROM DISK
550931.137	Familiarization_Phase.SEQUENCE.Cue_and_Instruction	LOADING RESOURCE SURFACE FROM DISK
557003.979	Familiarization_Phase.SEQUENCE.Cue_and_Instruction	LOADING RESOURCE SURFACE FROM DISK
557014.744	Familiarization_Phase.SEQUENCE.Cue_and_Instruction	LOADING RESOURCE SURFACE FROM DISK
563062.619	Familiarization_Phase.SEQUENCE.Cue_and_Instruction	LOADING RESOURCE SURFACE FROM DISK
563071.261	Familiarization_Phase.SEQUENCE.Cue_and_Instruction	LOADING RESOURCE SURFACE FROM DISK
605471.764	DISPLAY_SCREEN[3]	LOADING RESOURCE SURFACE FROM DISK
741956.972	DISPLAY_SCREEN[5]	LOADING RESOURCE SURFACE FROM DISK
793689.96	Practice_Phase.SEQUENCE.Blink_Screen	LOADING RESOURCE SURFACE FROM DISK
793691.087	Practice_Phase.SEQUENCE.Blink_Screen	flip time is later than desired time. Desired Time=793675 Flip Time=793708 Retrace Rate=16.641, prepareTime=39 flip request time 793690
794932.951	Practice_Phase.SEQUENCE.Luminance_Cue[1]	LOADING RESOURCE SURFACE FROM DISK
794935.459	Practice_Phase.SEQUENCE.Luminance_Cue[1]	LOADING RESOURCE SURFACE FROM DISK
794936.926	Practice_Phase.SEQUENCE.Luminance_Cue[1]	flip time is later than desired time. Desired Time=794908 Flip Time=794958 Retrace Rate=16.641, prepareTime=52 flip request time 794936
795506.831	Practice_Phase.SEQUENCE.Practice_Instruction	LOADING RESOURCE SURFACE FROM DISK
795509.326	Practice_Phase.SEQUENCE.Practice_Instruction	LOADING RESOURCE SURFACE FROM DISK
795511.0	Practice_Phase.SEQUENCE.Practice_Instruction	flip time is later than desired time. Desired Time=795458 Flip Time=795525 Retrace Rate=16.641, prepareTime=76 flip request time 795510
799043.328	Practice_Phase.SEQUENCE.Action_cue[1]	LOADING RESOURCE SURFACE FROM DISK
799045.607	Practice_Phase.SEQUENCE.Action_cue[1]	flip time is later than desired time. Desired Time=799025 Flip Time=799058 Retrace Rate=16.641, prepareTime=44 flip request time 799045
803620.786	Practice_Phase.SEQUENCE.Practice_Instruction	LOADING RESOURCE SURFACE FROM DISK
803632.754	Practice_Phase.SEQUENCE.Practice_Instruction	LOADING RESOURCE SURFACE FROM DISK
803634.324	Practice_Phase.SEQUENCE.Practice_Instruction	flip time is later than desired time. Desired Time=803625 Flip Time=803658 Retrace Rate=16.641, prepareTime=33 flip request time 803634
811748.612	Practice_Phase.SEQUENCE.Practice_Instruction	LOADING RESOURCE SURFACE FROM DISK
811751.25	Practice_Phase.SEQUENCE.Practice_Instruction	LOADING RESOURCE SURFACE FROM DISK
811752.81	Practice_Phase.SEQUENCE.Practice_Instruction	flip time is later than desired time. Desired Time=811725 Flip Time=811775 Retrace Rate=16.641, prepareTime=51 flip request time 811752
819823.265	Practice_Phase.SEQUENCE.Practice_Instruction	LOADING RESOURCE SURFACE FROM DISK
819826.015	Practice_Phase.SEQUENCE.Practice_Instruction	LOADING RESOURCE SURFACE FROM DISK
827889.879	Practice_Phase.SEQUENCE.Practice_Instruction	LOADING RESOURCE SURFACE FROM DISK
827892.626	Practice_Phase.SEQUENCE.Practice_Instruction	LOADING RESOURCE SURFACE FROM DISK
835956.684	Practice_Phase.SEQUENCE.Practice_Instruction	LOADING RESOURCE SURFACE FROM DISK
835959.367	Practice_Phase.SEQUENCE.Practice_Instruction	LOADING RESOURCE SURFACE FROM DISK
844023.348	Practice_Phase.SEQUENCE.Practice_Instruction	LOADING RESOURCE SURFACE FROM DISK
844026.051	Practice_Phase.SEQUENCE.Practice_Instruction	LOADING RESOURCE SURFACE FROM DISK
852089.745	Practice_Phase.SEQUENCE.Practice_Instruction	LOADING RESOURCE SURFACE FROM DISK
852092.488	Practice_Phase.SEQUENCE.Practice_Instruction	LOADING RESOURCE SURFACE FROM DISK
860156.751	Practice_Phase.SEQUENCE.Practice_Instruction	LOADING RESOURCE SURFACE FROM DISK
860159.378	Practice_Phase.SEQUENCE.Practice_Instruction	LOADING RESOURCE SURFACE FROM DISK
866319.546	DISPLAY_SCREEN[2]	LOADING RESOURCE SURFACE FROM DISK
1086465.406	Study_Phase.SEQUENCE.Study_Instruction	LOADING RESOURCE SURFACE FROM DISK
1086737.136	Study_Phase.SEQUENCE.Study_Instruction	LOADING RESOURCE SURFACE FROM DISK
1095052.467	Study_Phase.SEQUENCE.Study_Instruction	LOADING RESOURCE SURFACE FROM DISK
1103332.235	Study_Phase.SEQUENCE.Study_Instruction	LOADING RESOURCE SURFACE FROM DISK
1103369.561	Study_Phase.SEQUENCE.Study_Instruction	LOADING RESOURCE SURFACE FROM DISK
1111648.579	Study_Phase.SEQUENCE.Study_Instruction	LOADING RESOURCE SURFACE FROM DISK
1111690.205	Study_Phase.SEQUENCE.Study_Instruction	LOADING RESOURCE SURFACE FROM DISK
1119961.853	Study_Phase.SEQUENCE.Study_Instruction	LOADING RESOURCE SURFACE FROM DISK
1128232.066	Study_Phase.SEQUENCE.Study_Instruction	LOADING RESOURCE SURFACE FROM DISK
1128275.444	Study_Phase.SEQUENCE.Study_Instruction	LOADING RESOURCE SURFACE FROM DISK
1136529.755	Study_Phase.SEQUENCE.Study_Instruction	LOADING RESOURCE SURFACE FROM DISK
1144841.344	Study_Phase.SEQUENCE.Study_Instruction	LOADING RESOURCE SURFACE FROM DISK
1153115.261	Study_Phase.SEQUENCE.Study_Instruction	LOADING RESOURCE SURFACE FROM DISK
1153150.626	Study_Phase.SEQUENCE.Study_Instruction	LOADING RESOURCE SURFACE FROM DISK
1161432.046	Study_Phase.SEQUENCE.Study_Instruction	LOADING RESOURCE SURFACE FROM DISK
1161467.21	Study_Phase.SEQUENCE.Study_Instruction	LOADING RESOURCE SURFACE FROM DISK
1169807.365	Study_Phase.SEQUENCE.Study_Instruction	LOADING RESOURCE SURFACE FROM DISK
1178080.143	Study_Phase.SEQUENCE.Study_Instruction	LOADING RESOURCE SURFACE FROM DISK
1186332.254	Study_Phase.SEQUENCE.Study_Instruction	LOADING RESOURCE SURFACE FROM DISK
1186334.839	Study_Phase.SEQUENCE.Study_Instruction	LOADING RESOURCE SURFACE FROM DISK
1194653.723	Study_Phase.SEQUENCE.Study_Instruction	LOADING RESOURCE SURFACE FROM DISK
1202932.051	Study_Phase.SEQUENCE.Study_Instruction	LOADING RESOURCE SURFACE FROM DISK
1202972.72	Study_Phase.SEQUENCE.Study_Instruction	LOADING RESOURCE SURFACE FROM DISK
1211246.412	Study_Phase.SEQUENCE.Study_Instruction	LOADING RESOURCE SURFACE FROM DISK
1219515.328	Study_Phase.SEQUENCE.Study_Instruction	LOADING RESOURCE SURFACE FROM DISK
1219555.723	Study_Phase.SEQUENCE.Study_Instruction	LOADING RESOURCE SURFACE FROM DISK
1227832.077	Study_Phase.SEQUENCE.Study_Instruction	LOADING RESOURCE SURFACE FROM DISK
1227870.743	Study_Phase.SEQUENCE.Study_Instruction	LOADING RESOURCE SURFACE FROM DISK
1236146.297	Study_Phase.SEQUENCE.Study_Instruction	LOADING RESOURCE SURFACE FROM DISK
1244411.895	Study_Phase.SEQUENCE.Study_Instruction	LOADING RESOURCE SURFACE FROM DISK
1252682.076	Study_Phase.SEQUENCE.Study_Instruction	LOADING RESOURCE SURFACE FROM DISK
1252720.784	Study_Phase.SEQUENCE.Study_Instruction	LOADING RESOURCE SURFACE FROM DISK
1261037.656	Study_Phase.SEQUENCE.Study_Instruction	LOADING RESOURCE SURFACE FROM DISK
1269315.396	Study_Phase.SEQUENCE.Study_Instruction	LOADING RESOURCE SURFACE FROM DISK
1269317.918	Study_Phase.SEQUENCE.Study_Instruction	LOADING RESOURCE SURFACE FROM DISK
1277637.385	Study_Phase.SEQUENCE.Study_Instruction	LOADING RESOURCE SURFACE FROM DISK
1285911.794	Study_Phase.SEQUENCE.Study_Instruction	LOADING RESOURCE SURFACE FROM DISK
1294269.292	Study_Phase.SEQUENCE.Study_Instruction	LOADING RESOURCE SURFACE FROM DISK
1302581.145	Study_Phase.SEQUENCE.Study_Instruction	LOADING RESOURCE SURFACE FROM DISK
1310848.783	Study_Phase.SEQUENCE.Study_Instruction	LOADING RESOURCE SURFACE FROM DISK
1310892.381	Study_Phase.SEQUENCE.Study_Instruction	LOADING RESOURCE SURFACE FROM DISK
1319165.39	Study_Phase.SEQUENCE.Study_Instruction	LOADING RESOURCE SURFACE FROM DISK
1319211.174	Study_Phase.SEQUENCE.Study_Instruction	LOADING RESOURCE SURFACE FROM DISK
1327515.066	Study_Phase.SEQUENCE.Study_Instruction	LOADING RESOURCE SURFACE FROM DISK
1335782.034	Study_Phase.SEQUENCE.Study_Instruction	LOADING RESOURCE SURFACE FROM DISK
1335834.527	Study_Phase.SEQUENCE.Study_Instruction	LOADING RESOURCE SURFACE FROM DISK
1344148.695	Study_Phase.SEQUENCE.Study_Instruction	LOADING RESOURCE SURFACE FROM DISK
1352415.311	Study_Phase.SEQUENCE.Study_Instruction	LOADING RESOURCE SURFACE FROM DISK
1352417.867	Study_Phase.SEQUENCE.Study_Instruction	LOADING RESOURCE SURFACE FROM DISK
1360733.383	Study_Phase.SEQUENCE.Study_Instruction	LOADING RESOURCE SURFACE FROM DISK
1369015.565	Study_Phase.SEQUENCE.Study_Instruction	LOADING RESOURCE SURFACE FROM DISK
1369054.139	Study_Phase.SEQUENCE.Study_Instruction	LOADING RESOURCE SURFACE FROM DISK
1377331.98	Study_Phase.SEQUENCE.Study_Instruction	LOADING RESOURCE SURFACE FROM DISK
1377334.574	Study_Phase.SEQUENCE.Study_Instruction	LOADING RESOURCE SURFACE FROM DISK
1385615.492	Study_Phase.SEQUENCE.Study_Instruction	LOADING RESOURCE SURFACE FROM DISK
1385618.278	Study_Phase.SEQUENCE.Study_Instruction	LOADING RESOURCE SURFACE FROM DISK
1393895.193	Study_Phase.SEQUENCE.Study_Instruction	LOADING RESOURCE SURFACE FROM DISK
1402187.728	Study_Phase.SEQUENCE.Study_Instruction	LOADING RESOURCE SURFACE FROM DISK
1410461.979	Study_Phase.SEQUENCE.Study_Instruction	LOADING RESOURCE SURFACE FROM DISK
1418728.713	Study_Phase.SEQUENCE.Study_Instruction	LOADING RESOURCE SURFACE FROM DISK
1427032.125	Study_Phase.SEQUENCE.Study_Instruction	LOADING RESOURCE SURFACE FROM DISK
1435330.819	Study_Phase.SEQUENCE.Study_Instruction	LOADING RESOURCE SURFACE FROM DISK
1443579.702	Study_Phase.SEQUENCE.Study_Instruction	LOADING RESOURCE SURFACE FROM DISK
1451849.071	Study_Phase.SEQUENCE.Study_Instruction	LOADING RESOURCE SURFACE FROM DISK
1451851.565	Study_Phase.SEQUENCE.Study_Instruction	LOADING RESOURCE SURFACE FROM DISK
1460131.814	Study_Phase.SEQUENCE.Study_Instruction	LOADING RESOURCE SURFACE FROM DISK
1460176.282	Study_Phase.SEQUENCE.Study_Instruction	LOADING RESOURCE SURFACE FROM DISK
1468446.454	Study_Phase.SEQUENCE.Study_Instruction	LOADING RESOURCE SURFACE FROM DISK
1476698.725	Study_Phase.SEQUENCE.Study_Instruction	LOADING RESOURCE SURFACE FROM DISK
1476734.039	Study_Phase.SEQUENCE.Study_Instruction	LOADING RESOURCE SURFACE FROM DISK
1485033.034	Study_Phase.SEQUENCE.Study_Instruction	LOADING RESOURCE SURFACE FROM DISK
1493352.179	Study_Phase.SEQUENCE.Study_Instruction	LOADING RESOURCE SURFACE FROM DISK
1501632.154	Study_Phase.SEQUENCE.Study_Instruction	LOADING RESOURCE SURFACE FROM DISK
1501634.744	Study_Phase.SEQUENCE.Study_Instruction	LOADING RESOURCE SURFACE FROM DISK
1509915.271	Study_Phase.SEQUENCE.Study_Instruction	LOADING RESOURCE SURFACE FROM DISK
1509917.992	Study_Phase.SEQUENCE.Study_Instruction	LOADING RESOURCE SURFACE FROM DISK
1518220.109	Study_Phase.SEQUENCE.Study_Instruction	LOADING RESOURCE SURFACE FROM DISK
1526498.646	Study_Phase.SEQUENCE.Study_Instruction	LOADING RESOURCE SURFACE FROM DISK
1526538.883	Study_Phase.SEQUENCE.Study_Instruction	LOADING RESOURCE SURFACE FROM DISK
1534795.246	Study_Phase.SEQUENCE.Study_Instruction	LOADING RESOURCE SURFACE FROM DISK
1543063.129	Study_Phase.SEQUENCE.Study_Instruction	LOADING RESOURCE SURFACE FROM DISK
1551332.118	Study_Phase.SEQUENCE.Study_Instruction	LOADING RESOURCE SURFACE FROM DISK
1551367.438	Study_Phase.SEQUENCE.Study_Instruction	LOADING RESOURCE SURFACE FROM DISK
1559648.669	Study_Phase.SEQUENCE.Study_Instruction	LOADING RESOURCE SURFACE FROM DISK
1559692.356	Study_Phase.SEQUENCE.Study_Instruction	LOADING RESOURCE SURFACE FROM DISK
1567965.41	Study_Phase.SEQUENCE.Study_Instruction	LOADING RESOURCE SURFACE FROM DISK
1567967.992	Study_Phase.SEQUENCE.Study_Instruction	LOADING RESOURCE SURFACE FROM DISK
1576246.597	Study_Phase.SEQUENCE.Study_Instruction	LOADING RESOURCE SURFACE FROM DISK
1584549.599	Study_Phase.SEQUENCE.Study_Instruction	LOADING RESOURCE SURFACE FROM DISK
1592815.301	Study_Phase.SEQUENCE.Study_Instruction	LOADING RESOURCE SURFACE FROM DISK
1592817.782	Study_Phase.SEQUENCE.Study_Instruction	LOADING RESOURCE SURFACE FROM DISK
1601098.839	Study_Phase.SEQUENCE.Study_Instruction	LOADING RESOURCE SURFACE FROM DISK
1601101.458	Study_Phase.SEQUENCE.Study_Instruction	LOADING RESOURCE SURFACE FROM DISK
1609417.149	Study_Phase.SEQUENCE.Study_Instruction	LOADING RESOURCE SURFACE FROM DISK
1617695.847	Study_Phase.SEQUENCE.Study_Instruction	LOADING RESOURCE SURFACE FROM DISK
1625965.346	Study_Phase.SEQUENCE.Study_Instruction	LOADING RESOURCE SURFACE FROM DISK
1626002.722	Study_Phase.SEQUENCE.Study_Instruction	LOADING RESOURCE SURFACE FROM DISK
1634282.159	Study_Phase.SEQUENCE.Study_Instruction	LOADING RESOURCE SURFACE FROM DISK
1634326.843	Study_Phase.SEQUENCE.Study_Instruction	LOADING RESOURCE SURFACE FROM DISK
1642732.027	Study_Phase.SEQUENCE.Study_Instruction	LOADING RESOURCE SURFACE FROM DISK
1642770.601	Study_Phase.SEQUENCE.Study_Instruction	LOADING RESOURCE SURFACE FROM DISK
1651048.826	Study_Phase.SEQUENCE.Study_Instruction	LOADING RESOURCE SURFACE FROM DISK
1651051.476	Study_Phase.SEQUENCE.Study_Instruction	LOADING RESOURCE SURFACE FROM DISK
1659332.051	Study_Phase.SEQUENCE.Study_Instruction	LOADING RESOURCE SURFACE FROM DISK
1659334.609	Study_Phase.SEQUENCE.Study_Instruction	LOADING RESOURCE SURFACE FROM DISK
1667611.735	Study_Phase.SEQUENCE.Study_Instruction	LOADING RESOURCE SURFACE FROM DISK
1675912.594	Study_Phase.SEQUENCE.Study_Instruction	LOADING RESOURCE SURFACE FROM DISK
1684163.206	Study_Phase.SEQUENCE.Study_Instruction	LOADING RESOURCE SURFACE FROM DISK
1692471.923	Study_Phase.SEQUENCE.Study_Instruction	LOADING RESOURCE SURFACE FROM DISK
1700778.225	Study_Phase.SEQUENCE.Study_Instruction	LOADING RESOURCE SURFACE FROM DISK
1709048.68	Study_Phase.SEQUENCE.Study_Instruction	LOADING RESOURCE SURFACE FROM DISK
1709087.879	Study_Phase.SEQUENCE.Study_Instruction	LOADING RESOURCE SURFACE FROM DISK
1717361.871	Study_Phase.SEQUENCE.Study_Instruction	LOADING RESOURCE SURFACE FROM DISK
1725631.985	Study_Phase.SEQUENCE.Study_Instruction	LOADING RESOURCE SURFACE FROM DISK
1725671.78	Study_Phase.SEQUENCE.Study_Instruction	LOADING RESOURCE SURFACE FROM DISK
1733987.368	Study_Phase.SEQUENCE.Study_Instruction	LOADING RESOURCE SURFACE FROM DISK
1742265.265	Study_Phase.SEQUENCE.Study_Instruction	LOADING RESOURCE SURFACE FROM DISK
1742267.669	Study_Phase.SEQUENCE.Study_Instruction	LOADING RESOURCE SURFACE FROM DISK
1750545.197	Study_Phase.SEQUENCE.Study_Instruction	LOADING RESOURCE SURFACE FROM DISK
1758831.782	Study_Phase.SEQUENCE.Study_Instruction	LOADING RESOURCE SURFACE FROM DISK
1767133.047	Study_Phase.SEQUENCE.Study_Instruction	LOADING RESOURCE SURFACE FROM DISK
1775382.126	Study_Phase.SEQUENCE.Study_Instruction	LOADING RESOURCE SURFACE FROM DISK
1775419.976	Study_Phase.SEQUENCE.Study_Instruction	LOADING RESOURCE SURFACE FROM DISK
1783731.012	Study_Phase.SEQUENCE.Study_Instruction	LOADING RESOURCE SURFACE FROM DISK
1791998.786	Study_Phase.SEQUENCE.Study_Instruction	LOADING RESOURCE SURFACE FROM DISK
1792041.93	Study_Phase.SEQUENCE.Study_Instruction	LOADING RESOURCE SURFACE FROM DISK
1800368.883	Study_Phase.SEQUENCE.Study_Instruction	LOADING RESOURCE SURFACE FROM DISK
1808678.321	Study_Phase.SEQUENCE.Study_Instruction	LOADING RESOURCE SURFACE FROM DISK
1816982.68	Study_Phase.SEQUENCE.Study_Instruction	LOADING RESOURCE SURFACE FROM DISK
1825289.856	Study_Phase.SEQUENCE.Study_Instruction	LOADING RESOURCE SURFACE FROM DISK
1833601.872	Study_Phase.SEQUENCE.Study_Instruction	LOADING RESOURCE SURFACE FROM DISK
1841878.693	Study_Phase.SEQUENCE.Study_Instruction	LOADING RESOURCE SURFACE FROM DISK
1850148.39	Study_Phase.SEQUENCE.Study_Instruction	LOADING RESOURCE SURFACE FROM DISK
1850188.484	Study_Phase.SEQUENCE.Study_Instruction	LOADING RESOURCE SURFACE FROM DISK
1858494.5	Study_Phase.SEQUENCE.Study_Instruction	LOADING RESOURCE SURFACE FROM DISK
1866765.444	Study_Phase.SEQUENCE.Study_Instruction	LOADING RESOURCE SURFACE FROM DISK
1866800.526	Study_Phase.SEQUENCE.Study_Instruction	LOADING RESOURCE SURFACE FROM DISK
1875221.301	Study_Phase.SEQUENCE.Study_Instruction	LOADING RESOURCE SURFACE FROM DISK
1883533.439	Study_Phase.SEQUENCE.Study_Instruction	LOADING RESOURCE SURFACE FROM DISK
1891815.27	Study_Phase.SEQUENCE.Study_Instruction	LOADING RESOURCE SURFACE FROM DISK
1891851.644	Study_Phase.SEQUENCE.Study_Instruction	LOADING RESOURCE SURFACE FROM DISK
1900132.189	Study_Phase.SEQUENCE.Study_Instruction	LOADING RESOURCE SURFACE FROM DISK
1900171.418	Study_Phase.SEQUENCE.Study_Instruction	LOADING RESOURCE SURFACE FROM DISK
1908483.473	Study_Phase.SEQUENCE.Study_Instruction	LOADING RESOURCE SURFACE FROM DISK
1916765.408	Study_Phase.SEQUENCE.Study_Instruction	LOADING RESOURCE SURFACE FROM DISK
1916768.032	Study_Phase.SEQUENCE.Study_Instruction	LOADING RESOURCE SURFACE FROM DISK
1925046.428	Study_Phase.SEQUENCE.Study_Instruction	LOADING RESOURCE SURFACE FROM DISK
1933315.178	Study_Phase.SEQUENCE.Study_Instruction	LOADING RESOURCE SURFACE FROM DISK
1933354.467	Study_Phase.SEQUENCE.Study_Instruction	LOADING RESOURCE SURFACE FROM DISK
1941682.15	Study_Phase.SEQUENCE.Study_Instruction	LOADING RESOURCE SURFACE FROM DISK
1949980.275	Study_Phase.SEQUENCE.Study_Instruction	LOADING RESOURCE SURFACE FROM DISK
1958232.071	Study_Phase.SEQUENCE.Study_Instruction	LOADING RESOURCE SURFACE FROM DISK
1958271.594	Study_Phase.SEQUENCE.Study_Instruction	LOADING RESOURCE SURFACE FROM DISK
1966549.191	Study_Phase.SEQUENCE.Study_Instruction	LOADING RESOURCE SURFACE FROM DISK
1966614.105	Study_Phase.SEQUENCE.Study_Instruction	LOADING RESOURCE SURFACE FROM DISK
1974914.997	Study_Phase.SEQUENCE.Study_Instruction	LOADING RESOURCE SURFACE FROM DISK
1983161.898	Study_Phase.SEQUENCE.Study_Instruction	LOADING RESOURCE SURFACE FROM DISK
1991428.533	Study_Phase.SEQUENCE.Study_Instruction	LOADING RESOURCE SURFACE FROM DISK
1999698.797	Study_Phase.SEQUENCE.Study_Instruction	LOADING RESOURCE SURFACE FROM DISK
1999740.472	Study_Phase.SEQUENCE.Study_Instruction	LOADING RESOURCE SURFACE FROM DISK
2008054.147	Study_Phase.SEQUENCE.Study_Instruction	LOADING RESOURCE SURFACE FROM DISK
2016328.749	Study_Phase.SEQUENCE.Study_Instruction	LOADING RESOURCE SURFACE FROM DISK
2024598.774	Study_Phase.SEQUENCE.Study_Instruction	LOADING RESOURCE SURFACE FROM DISK
2024639.996	Study_Phase.SEQUENCE.Study_Instruction	LOADING RESOURCE SURFACE FROM DISK
2032955.818	Study_Phase.SEQUENCE.Study_Instruction	LOADING RESOURCE SURFACE FROM DISK
2041228.602	Study_Phase.SEQUENCE.Study_Instruction	LOADING RESOURCE SURFACE FROM DISK
2049498.577	Study_Phase.SEQUENCE.Study_Instruction	LOADING RESOURCE SURFACE FROM DISK
2049501.088	Study_Phase.SEQUENCE.Study_Instruction	LOADING RESOURCE SURFACE FROM DISK
2057813.927	Study_Phase.SEQUENCE.Study_Instruction	LOADING RESOURCE SURFACE FROM DISK
2066078.649	Study_Phase.SEQUENCE.Study_Instruction	LOADING RESOURCE SURFACE FROM DISK
2074345.349	Study_Phase.SEQUENCE.Study_Instruction	LOADING RESOURCE SURFACE FROM DISK
2080568.084	DISPLAY_SCREEN[7]	LOADING RESOURCE SURFACE FROM DISK
2269237.026	Test_Phase.SEQUENCE.Target_Cue	LOADING RESOURCE SURFACE FROM DISK
2269239.117	Test_Phase.SEQUENCE.Target_Cue	LOADING RESOURCE SURFACE FROM DISK
2271297.78	Test_Phase.SEQUENCE.Word	LOADING RESOURCE SURFACE FROM DISK
2274311.71	Test_Phase.SEQUENCE.Test_Question	LOADING RESOURCE SURFACE FROM DISK
2274347.659	Test_Phase.SEQUENCE.Test_Question	LOADING RESOURCE SURFACE FROM DISK
2274352.685	Test_Phase.SEQUENCE.Test_Question	LOADING RESOURCE SURFACE FROM DISK
2274357.841	Test_Phase.SEQUENCE.Test_Question	LOADING RESOURCE SURFACE FROM DISK
2274359.585	Test_Phase.SEQUENCE.Test_Question	LOADING RESOURCE SURFACE FROM DISK
2274361.37	Test_Phase.SEQUENCE.Test_Question	LOADING RESOURCE SURFACE FROM DISK
2274363.169	Test_Phase.SEQUENCE.Test_Question	LOADING RESOURCE SURFACE FROM DISK
2274379.55	Test_Phase.SEQUENCE.Test_Question	LOADING RESOURCE SURFACE FROM DISK
2274381.361	Test_Phase.SEQUENCE.Test_Question	LOADING RESOURCE SURFACE FROM DISK
2274383.07	Test_Phase.SEQUENCE.Test_Question	LOADING RESOURCE SURFACE FROM DISK
2274384.85	Test_Phase.SEQUENCE.Test_Question	LOADING RESOURCE SURFACE FROM DISK
2274386.784	Test_Phase.SEQUENCE.Test_Question	LOADING RESOURCE SURFACE FROM DISK
2279945.152	Test_Phase.SEQUENCE.Word	LOADING RESOURCE SURFACE FROM DISK
2288553.982	Test_Phase.SEQUENCE.Word	LOADING RESOURCE SURFACE FROM DISK
2296161.725	Test_Phase.SEQUENCE.Word	LOADING RESOURCE SURFACE FROM DISK
2303487.407	Test_Phase.SEQUENCE.Word	LOADING RESOURCE SURFACE FROM DISK
2312395.025	Test_Phase.SEQUENCE.Word	LOADING RESOURCE SURFACE FROM DISK
2322910.854	Test_Phase.SEQUENCE.Word	LOADING RESOURCE SURFACE FROM DISK
2330544.941	Test_Phase.SEQUENCE.Word	LOADING RESOURCE SURFACE FROM DISK
2338204.125	Test_Phase.SEQUENCE.Word	LOADING RESOURCE SURFACE FROM DISK
2347628.366	Test_Phase.SEQUENCE.Word	LOADING RESOURCE SURFACE FROM DISK
2363645.198	Test_Phase.SEQUENCE.Word	LOADING RESOURCE SURFACE FROM DISK
2371978.709	Test_Phase.SEQUENCE.Word	LOADING RESOURCE SURFACE FROM DISK
2381469.155	Test_Phase.SEQUENCE.Word	LOADING RESOURCE SURFACE FROM DISK
2389295.048	Test_Phase.SEQUENCE.Word	LOADING RESOURCE SURFACE FROM DISK
2398645.081	Test_Phase.SEQUENCE.Word	LOADING RESOURCE SURFACE FROM DISK
2405928.459	Test_Phase.SEQUENCE.Word	LOADING RESOURCE SURFACE FROM DISK
2413349.972	Test_Phase.SEQUENCE.Word	LOADING RESOURCE SURFACE FROM DISK
2421270.968	Test_Phase.SEQUENCE.Word	LOADING RESOURCE SURFACE FROM DISK
2428565.256	Test_Phase.SEQUENCE.Word	LOADING RESOURCE SURFACE FROM DISK
2437645.104	Test_Phase.SEQUENCE.Word	LOADING RESOURCE SURFACE FROM DISK
2445628.481	Test_Phase.SEQUENCE.Word	LOADING RESOURCE SURFACE FROM DISK
2452915.491	Test_Phase.SEQUENCE.Word	LOADING RESOURCE SURFACE FROM DISK
2465495.375	Test_Phase.SEQUENCE.Word	LOADING RESOURCE SURFACE FROM DISK
2473894.3	Test_Phase.SEQUENCE.Word	LOADING RESOURCE SURFACE FROM DISK
2481366.123	Test_Phase.SEQUENCE.Word	LOADING RESOURCE SURFACE FROM DISK
2488694.9	Test_Phase.SEQUENCE.Word	LOADING RESOURCE SURFACE FROM DISK
2495961.567	Test_Phase.SEQUENCE.Word	LOADING RESOURCE SURFACE FROM DISK
2503195.018	Test_Phase.SEQUENCE.Word	LOADING RESOURCE SURFACE FROM DISK
2510630.261	Test_Phase.SEQUENCE.Word	LOADING RESOURCE SURFACE FROM DISK
2519728.295	Test_Phase.SEQUENCE.Word	LOADING RESOURCE SURFACE FROM DISK
2526912.013	Test_Phase.SEQUENCE.Word	LOADING RESOURCE SURFACE FROM DISK
2535861.871	Test_Phase.SEQUENCE.Word	LOADING RESOURCE SURFACE FROM DISK
2544011.675	Test_Phase.SEQUENCE.Word	LOADING RESOURCE SURFACE FROM DISK
2551237.601	Test_Phase.SEQUENCE.Word	LOADING RESOURCE SURFACE FROM DISK
2561283.693	Test_Phase.SEQUENCE.Word	LOADING RESOURCE SURFACE FROM DISK
2568594.939	Test_Phase.SEQUENCE.Word	LOADING RESOURCE SURFACE FROM DISK
2575907.79	Test_Phase.SEQUENCE.Word	LOADING RESOURCE SURFACE FROM DISK
2583138.049	Test_Phase.SEQUENCE.Word	LOADING RESOURCE SURFACE FROM DISK
2590795.004	Test_Phase.SEQUENCE.Word	LOADING RESOURCE SURFACE FROM DISK
2600449.15	Test_Phase.SEQUENCE.Word	LOADING RESOURCE SURFACE FROM DISK
2608798.019	Test_Phase.SEQUENCE.Word	LOADING RESOURCE SURFACE FROM DISK
2616011.599	Test_Phase.SEQUENCE.Word	LOADING RESOURCE SURFACE FROM DISK
2624304.64	Test_Phase.SEQUENCE.Word	LOADING RESOURCE SURFACE FROM DISK
2633036.587	Test_Phase.SEQUENCE.Word	LOADING RESOURCE SURFACE FROM DISK
2640232.267	Test_Phase.SEQUENCE.Word	LOADING RESOURCE SURFACE FROM DISK
2647561.964	Test_Phase.SEQUENCE.Word	LOADING RESOURCE SURFACE FROM DISK
2654928.325	Test_Phase.SEQUENCE.Word	LOADING RESOURCE SURFACE FROM DISK
2663661.656	Test_Phase.SEQUENCE.Word	LOADING RESOURCE SURFACE FROM DISK
2671020.19	Test_Phase.SEQUENCE.Word	LOADING RESOURCE SURFACE FROM DISK
2678162.15	Test_Phase.SEQUENCE.Word	LOADING RESOURCE SURFACE FROM DISK
2685311.81	Test_Phase.SEQUENCE.Word	LOADING RESOURCE SURFACE FROM DISK
2692729.267	Test_Phase.SEQUENCE.Word	LOADING RESOURCE SURFACE FROM DISK
2699912.785	Test_Phase.SEQUENCE.Word	LOADING RESOURCE SURFACE FROM DISK
2707078.465	Test_Phase.SEQUENCE.Word	LOADING RESOURCE SURFACE FROM DISK
2714995.364	Test_Phase.SEQUENCE.Word	LOADING RESOURCE SURFACE FROM DISK
2724129.991	Test_Phase.SEQUENCE.Word	LOADING RESOURCE SURFACE FROM DISK
2731928.225	Test_Phase.SEQUENCE.Word	LOADING RESOURCE SURFACE FROM DISK
2739261.918	Test_Phase.SEQUENCE.Word	LOADING RESOURCE SURFACE FROM DISK
2748978.496	Test_Phase.SEQUENCE.Word	LOADING RESOURCE SURFACE FROM DISK
2757178.416	Test_Phase.SEQUENCE.Word	LOADING RESOURCE SURFACE FROM DISK
2764595.124	Test_Phase.SEQUENCE.Word	LOADING RESOURCE SURFACE FROM DISK
2772098.574	Test_Phase.SEQUENCE.Word	LOADING RESOURCE SURFACE FROM DISK
2779400.822	Test_Phase.SEQUENCE.Word	LOADING RESOURCE SURFACE FROM DISK
2787278.246	Test_Phase.SEQUENCE.Word	LOADING RESOURCE SURFACE FROM DISK
2794544.941	Test_Phase.SEQUENCE.Word	LOADING RESOURCE SURFACE FROM DISK
2802287.774	Test_Phase.SEQUENCE.Word	LOADING RESOURCE SURFACE FROM DISK
2809578.259	Test_Phase.SEQUENCE.Word	LOADING RESOURCE SURFACE FROM DISK
2816794.947	Test_Phase.SEQUENCE.Word	LOADING RESOURCE SURFACE FROM DISK
2823928.421	Test_Phase.SEQUENCE.Word	LOADING RESOURCE SURFACE FROM DISK
2832578.185	Test_Phase.SEQUENCE.Word	LOADING RESOURCE SURFACE FROM DISK
2840586.836	Test_Phase.SEQUENCE.Word	LOADING RESOURCE SURFACE FROM DISK
2848934.72	Test_Phase.SEQUENCE.Word	LOADING RESOURCE SURFACE FROM DISK
2856311.74	Test_Phase.SEQUENCE.Word	LOADING RESOURCE SURFACE FROM DISK
2864353.111	Test_Phase.SEQUENCE.Word	LOADING RESOURCE SURFACE FROM DISK
2871745.065	Test_Phase.SEQUENCE.Word	LOADING RESOURCE SURFACE FROM DISK
2880695.014	Test_Phase.SEQUENCE.Word	LOADING RESOURCE SURFACE FROM DISK
2888595.125	Test_Phase.SEQUENCE.Word	LOADING RESOURCE SURFACE FROM DISK
2896062.161	Test_Phase.SEQUENCE.Word	LOADING RESOURCE SURFACE FROM DISK
2903683.741	Test_Phase.SEQUENCE.Word	LOADING RESOURCE SURFACE FROM DISK
2910978.357	Test_Phase.SEQUENCE.Word	LOADING RESOURCE SURFACE FROM DISK
2920661.604	Test_Phase.SEQUENCE.Word	LOADING RESOURCE SURFACE FROM DISK
2928011.556	Test_Phase.SEQUENCE.Word	LOADING RESOURCE SURFACE FROM DISK
2935244.847	Test_Phase.SEQUENCE.Word	LOADING RESOURCE SURFACE FROM DISK
2942595.155	Test_Phase.SEQUENCE.Word	LOADING RESOURCE SURFACE FROM DISK
2951098.528	Test_Phase.SEQUENCE.Word	LOADING RESOURCE SURFACE FROM DISK
2958428.446	Test_Phase.SEQUENCE.Word	LOADING RESOURCE SURFACE FROM DISK
2965889.911	Test_Phase.SEQUENCE.Word	LOADING RESOURCE SURFACE FROM DISK
2973311.726	Test_Phase.SEQUENCE.Word	LOADING RESOURCE SURFACE FROM DISK
2981511.871	Test_Phase.SEQUENCE.Word	LOADING RESOURCE SURFACE FROM DISK
2989720.44	Test_Phase.SEQUENCE.Word	LOADING RESOURCE SURFACE FROM DISK
2997328.562	Test_Phase.SEQUENCE.Word	LOADING RESOURCE SURFACE FROM DISK
3004445.422	Test_Phase.SEQUENCE.Word	LOADING RESOURCE SURFACE FROM DISK
3014353.189	Test_Phase.SEQUENCE.Word	LOADING RESOURCE SURFACE FROM DISK
3021778.321	Test_Phase.SEQUENCE.Word	LOADING RESOURCE SURFACE FROM DISK
3028995.048	Test_Phase.SEQUENCE.Word	LOADING RESOURCE SURFACE FROM DISK
3036328.512	Test_Phase.SEQUENCE.Word	LOADING RESOURCE SURFACE FROM DISK
3045128.46	Test_Phase.SEQUENCE.Word	LOADING RESOURCE SURFACE FROM DISK
3052244.99	Test_Phase.SEQUENCE.Word	LOADING RESOURCE SURFACE FROM DISK
3059496.855	Test_Phase.SEQUENCE.Word	LOADING RESOURCE SURFACE FROM DISK
3067161.645	Test_Phase.SEQUENCE.Word	LOADING RESOURCE SURFACE FROM DISK
3074995.191	Test_Phase.SEQUENCE.Word	LOADING RESOURCE SURFACE FROM DISK
3082161.755	Test_Phase.SEQUENCE.Word	LOADING RESOURCE SURFACE FROM DISK
3090195.155	Test_Phase.SEQUENCE.Word	LOADING RESOURCE SURFACE FROM DISK
3097428.416	Test_Phase.SEQUENCE.Word	LOADING RESOURCE SURFACE FROM DISK
3105048.801	Test_Phase.SEQUENCE.Word	LOADING RESOURCE SURFACE FROM DISK
3112344.916	Test_Phase.SEQUENCE.Word	LOADING RESOURCE SURFACE FROM DISK
3120111.717	Test_Phase.SEQUENCE.Word	LOADING RESOURCE SURFACE FROM DISK
3127244.951	Test_Phase.SEQUENCE.Word	LOADING RESOURCE SURFACE FROM DISK
3134495.089	Test_Phase.SEQUENCE.Word	LOADING RESOURCE SURFACE FROM DISK
3144778.294	Test_Phase.SEQUENCE.Word	LOADING RESOURCE SURFACE FROM DISK
3152888.177	Test_Phase.SEQUENCE.Word	LOADING RESOURCE SURFACE FROM DISK
3160044.933	Test_Phase.SEQUENCE.Word	LOADING RESOURCE SURFACE FROM DISK
3167295.483	Test_Phase.SEQUENCE.Word	LOADING RESOURCE SURFACE FROM DISK
3175261.833	Test_Phase.SEQUENCE.Word	LOADING RESOURCE SURFACE FROM DISK
3182697.342	Test_Phase.SEQUENCE.Word	LOADING RESOURCE SURFACE FROM DISK
3189811.84	Test_Phase.SEQUENCE.Word	LOADING RESOURCE SURFACE FROM DISK
3197194.996	Test_Phase.SEQUENCE.Word	LOADING RESOURCE SURFACE FROM DISK
3204361.712	Test_Phase.SEQUENCE.Word	LOADING RESOURCE SURFACE FROM DISK
3211478.349	Test_Phase.SEQUENCE.Word	LOADING RESOURCE SURFACE FROM DISK
3218886.744	Test_Phase.SEQUENCE.Word	LOADING RESOURCE SURFACE FROM DISK
3226011.643	Test_Phase.SEQUENCE.Word	LOADING RESOURCE SURFACE FROM DISK
3233528.305	Test_Phase.SEQUENCE.Word	LOADING RESOURCE SURFACE FROM DISK
3243078.174	Test_Phase.SEQUENCE.Word	LOADING RESOURCE SURFACE FROM DISK
3250450.672	Test_Phase.SEQUENCE.Word	LOADING RESOURCE SURFACE FROM DISK
3258611.77	Test_Phase.SEQUENCE.Word	LOADING RESOURCE SURFACE FROM DISK
3266361.521	Test_Phase.SEQUENCE.Word	LOADING RESOURCE SURFACE FROM DISK
3275578.24	Test_Phase.SEQUENCE.Word	LOADING RESOURCE SURFACE FROM DISK
3282811.626	Test_Phase.SEQUENCE.Word	LOADING RESOURCE SURFACE FROM DISK
3290851.064	Test_Phase.SEQUENCE.Word	LOADING RESOURCE SURFACE FROM DISK
3298544.939	Test_Phase.SEQUENCE.Word	LOADING RESOURCE SURFACE FROM DISK
3306604.899	Test_Phase.SEQUENCE.Word	LOADING RESOURCE SURFACE FROM DISK
3313845.104	Test_Phase.SEQUENCE.Word	LOADING RESOURCE SURFACE FROM DISK
3321245.246	Test_Phase.SEQUENCE.Word	LOADING RESOURCE SURFACE FROM DISK
3328644.952	Test_Phase.SEQUENCE.Word	LOADING RESOURCE SURFACE FROM DISK
3336061.866	Test_Phase.SEQUENCE.Word	LOADING RESOURCE SURFACE FROM DISK
3346482.349	Test_Phase.SEQUENCE.Word	LOADING RESOURCE SURFACE FROM DISK
3353731.364	Test_Phase.SEQUENCE.Word	LOADING RESOURCE SURFACE FROM DISK
3361361.737	Test_Phase.SEQUENCE.Word	LOADING RESOURCE SURFACE FROM DISK
3368597.77	Test_Phase.SEQUENCE.Word	LOADING RESOURCE SURFACE FROM DISK
3376445.204	Test_Phase.SEQUENCE.Word	LOADING RESOURCE SURFACE FROM DISK
3383648.015	Test_Phase.SEQUENCE.Word	LOADING RESOURCE SURFACE FROM DISK
3394144.929	Test_Phase.SEQUENCE.Word	LOADING RESOURCE SURFACE FROM DISK
3401479.431	Test_Phase.SEQUENCE.Word	LOADING RESOURCE SURFACE FROM DISK
3408759.497	Test_Phase.SEQUENCE.Word	LOADING RESOURCE SURFACE FROM DISK
3416029.789	Test_Phase.SEQUENCE.Word	LOADING RESOURCE SURFACE FROM DISK
3423328.267	Test_Phase.SEQUENCE.Word	LOADING RESOURCE SURFACE FROM DISK
3430611.807	Test_Phase.SEQUENCE.Word	LOADING RESOURCE SURFACE FROM DISK
3438000.471	Test_Phase.SEQUENCE.Word	LOADING RESOURCE SURFACE FROM DISK
3445278.832	Test_Phase.SEQUENCE.Word	LOADING RESOURCE SURFACE FROM DISK
3453428.687	Test_Phase.SEQUENCE.Word	LOADING RESOURCE SURFACE FROM DISK
3462328.329	Test_Phase.SEQUENCE.Word	LOADING RESOURCE SURFACE FROM DISK
3469461.754	Test_Phase.SEQUENCE.Word	LOADING RESOURCE SURFACE FROM DISK
3476665.013	Test_Phase.SEQUENCE.Word	LOADING RESOURCE SURFACE FROM DISK
3483934.33	Test_Phase.SEQUENCE.Word	LOADING RESOURCE SURFACE FROM DISK
3491611.656	Test_Phase.SEQUENCE.Word	LOADING RESOURCE SURFACE FROM DISK
3499011.917	Test_Phase.SEQUENCE.Word	LOADING RESOURCE SURFACE FROM DISK
3506550.231	Test_Phase.SEQUENCE.Word	LOADING RESOURCE SURFACE FROM DISK
3513781.251	Test_Phase.SEQUENCE.Word	LOADING RESOURCE SURFACE FROM DISK
3521944.92	Test_Phase.SEQUENCE.Word	LOADING RESOURCE SURFACE FROM DISK
3529455.299	Test_Phase.SEQUENCE.Word	LOADING RESOURCE SURFACE FROM DISK
3538561.72	Test_Phase.SEQUENCE.Word	LOADING RESOURCE SURFACE FROM DISK
3546028.349	Test_Phase.SEQUENCE.Word	LOADING RESOURCE SURFACE FROM DISK
3554628.416	Test_Phase.SEQUENCE.Word	LOADING RESOURCE SURFACE FROM DISK
3562097.373	Test_Phase.SEQUENCE.Word	LOADING RESOURCE SURFACE FROM DISK
3571194.952	Test_Phase.SEQUENCE.Word	LOADING RESOURCE SURFACE FROM DISK
3578761.728	Test_Phase.SEQUENCE.Word	LOADING RESOURCE SURFACE FROM DISK
3586128.471	Test_Phase.SEQUENCE.Word	LOADING RESOURCE SURFACE FROM DISK
3593635.85	Test_Phase.SEQUENCE.Word	LOADING RESOURCE SURFACE FROM DISK
3600861.724	Test_Phase.SEQUENCE.Word	LOADING RESOURCE SURFACE FROM DISK
3609078.346	Test_Phase.SEQUENCE.Word	LOADING RESOURCE SURFACE FROM DISK
3616984.62	Test_Phase.SEQUENCE.Word	LOADING RESOURCE SURFACE FROM DISK
3624278.695	Test_Phase.SEQUENCE.Word	LOADING RESOURCE SURFACE FROM DISK
3631595.367	Test_Phase.SEQUENCE.Word	LOADING RESOURCE SURFACE FROM DISK
3640178.479	Test_Phase.SEQUENCE.Word	LOADING RESOURCE SURFACE FROM DISK
3647767.395	Test_Phase.SEQUENCE.Word	LOADING RESOURCE SURFACE FROM DISK
3654928.401	Test_Phase.SEQUENCE.Word	LOADING RESOURCE SURFACE FROM DISK
3662378.281	Test_Phase.SEQUENCE.Word	LOADING RESOURCE SURFACE FROM DISK
3669678.239	Test_Phase.SEQUENCE.Word	LOADING RESOURCE SURFACE FROM DISK
3676778.396	Test_Phase.SEQUENCE.Word	LOADING RESOURCE SURFACE FROM DISK
3684065.247	Test_Phase.SEQUENCE.Word	LOADING RESOURCE SURFACE FROM DISK
3691344.003	Test_Phase.SEQUENCE.Word	LOADING RESOURCE SURFACE FROM DISK
3698894.927	Test_Phase.SEQUENCE.Word	LOADING RESOURCE SURFACE FROM DISK
3706170.524	Test_Phase.SEQUENCE.Word	LOADING RESOURCE SURFACE FROM DISK
3713328.326	Test_Phase.SEQUENCE.Word	LOADING RESOURCE SURFACE FROM DISK
3720538.208	Test_Phase.SEQUENCE.Word	LOADING RESOURCE SURFACE FROM DISK
3727762.196	Test_Phase.SEQUENCE.Word	LOADING RESOURCE SURFACE FROM DISK
3734934.3	Test_Phase.SEQUENCE.Word	LOADING RESOURCE SURFACE FROM DISK
3742211.698	Test_Phase.SEQUENCE.Word	LOADING RESOURCE SURFACE FROM DISK
3752269.205	Test_Phase.SEQUENCE.Word	LOADING RESOURCE SURFACE FROM DISK
3760345.302	Test_Phase.SEQUENCE.Word	LOADING RESOURCE SURFACE FROM DISK
3767703.12	Test_Phase.SEQUENCE.Word	LOADING RESOURCE SURFACE FROM DISK
3774761.696	Test_Phase.SEQUENCE.Word	LOADING RESOURCE SURFACE FROM DISK
3781928.709	Test_Phase.SEQUENCE.Word	LOADING RESOURCE SURFACE FROM DISK
3789961.729	Test_Phase.SEQUENCE.Word	LOADING RESOURCE SURFACE FROM DISK
3797111.727	Test_Phase.SEQUENCE.Word	LOADING RESOURCE SURFACE FROM DISK
3804428.332	Test_Phase.SEQUENCE.Word	LOADING RESOURCE SURFACE FROM DISK
3811751.499	Test_Phase.SEQUENCE.Word	LOADING RESOURCE SURFACE FROM DISK
3820028.508	Test_Phase.SEQUENCE.Word	LOADING RESOURCE SURFACE FROM DISK
3827406.005	Test_Phase.SEQUENCE.Word	LOADING RESOURCE SURFACE FROM DISK
3832190.961	DISPLAY_SCREEN	LOADING RESOURCE SURFACE FROM DISK
