5046.907	DISPLAY_SCREEN[1]	LOADING RESOURCE SURFACE FROM DISK
450291.172	Familiarization_Phase.SEQUENCE.Cue_and_Instruction	LOADING RESOURCE SURFACE FROM DISK
450295.588	Familiarization_Phase.SEQUENCE.Cue_and_Instruction	LOADING RESOURCE SURFACE FROM DISK
456372.117	Familiarization_Phase.SEQUENCE.Cue_and_Instruction	LOADING RESOURCE SURFACE FROM DISK
456407.161	Familiarization_Phase.SEQUENCE.Cue_and_Instruction	LOADING RESOURCE SURFACE FROM DISK
462446.386	Familiarization_Phase.SEQUENCE.Cue_and_Instruction	LOADING RESOURCE SURFACE FROM DISK
462450.827	Familiarization_Phase.SEQUENCE.Cue_and_Instruction	LOADING RESOURCE SURFACE FROM DISK
504853.077	DISPLAY_SCREEN[3]	LOADING RESOURCE SURFACE FROM DISK
691503.377	DISPLAY_SCREEN[5]	LOADING RESOURCE SURFACE FROM DISK
735569.906	Practice_Phase.SEQUENCE.Blink_Screen	LOADING RESOURCE SURFACE FROM DISK
735570.939	Practice_Phase.SEQUENCE.Blink_Screen	flip time is later than desired time. Desired Time=735575 Flip Time=735592 Retrace Rate=16.643, prepareTime=19 flip request time 735570
736812.979	Practice_Phase.SEQUENCE.Luminance_Cue[1]	LOADING RESOURCE SURFACE FROM DISK
736823.68	Practice_Phase.SEQUENCE.Luminance_Cue[1]	LOADING RESOURCE SURFACE FROM DISK
736825.248	Practice_Phase.SEQUENCE.Luminance_Cue[1]	flip time is later than desired time. Desired Time=736792 Flip Time=736842 Retrace Rate=16.643, prepareTime=56 flip request time 736825
737364.55	Practice_Phase.SEQUENCE.Practice_Instruction	LOADING RESOURCE SURFACE FROM DISK
737367.201	Practice_Phase.SEQUENCE.Practice_Instruction	LOADING RESOURCE SURFACE FROM DISK
737368.713	Practice_Phase.SEQUENCE.Practice_Instruction	flip time is later than desired time. Desired Time=737342 Flip Time=737392 Retrace Rate=16.643, prepareTime=50 flip request time 737368
740912.22	Practice_Phase.SEQUENCE.Action_cue[1]	LOADING RESOURCE SURFACE FROM DISK
740914.233	Practice_Phase.SEQUENCE.Action_cue[1]	flip time is later than desired time. Desired Time=740892 Flip Time=740925 Retrace Rate=16.643, prepareTime=45 flip request time 740913
745523.079	Practice_Phase.SEQUENCE.Practice_Instruction	LOADING RESOURCE SURFACE FROM DISK
745534.93	Practice_Phase.SEQUENCE.Practice_Instruction	LOADING RESOURCE SURFACE FROM DISK
745536.681	Practice_Phase.SEQUENCE.Practice_Instruction	flip time is later than desired time. Desired Time=745509 Flip Time=745559 Retrace Rate=16.643, prepareTime=51 flip request time 745536
753650.788	Practice_Phase.SEQUENCE.Practice_Instruction	LOADING RESOURCE SURFACE FROM DISK
753653.388	Practice_Phase.SEQUENCE.Practice_Instruction	LOADING RESOURCE SURFACE FROM DISK
753655.0	Practice_Phase.SEQUENCE.Practice_Instruction	flip time is later than desired time. Desired Time=753625 Flip Time=753675 Retrace Rate=16.643, prepareTime=53 flip request time 753654
761723.378	Practice_Phase.SEQUENCE.Practice_Instruction	LOADING RESOURCE SURFACE FROM DISK
761767.875	Practice_Phase.SEQUENCE.Practice_Instruction	LOADING RESOURCE SURFACE FROM DISK
761769.384	Practice_Phase.SEQUENCE.Practice_Instruction	flip time is later than desired time. Desired Time=761742 Flip Time=761792 Retrace Rate=16.643, prepareTime=51 flip request time 761769
769840.395	Practice_Phase.SEQUENCE.Practice_Instruction	LOADING RESOURCE SURFACE FROM DISK
769843.06	Practice_Phase.SEQUENCE.Practice_Instruction	LOADING RESOURCE SURFACE FROM DISK
777906.84	Practice_Phase.SEQUENCE.Practice_Instruction	LOADING RESOURCE SURFACE FROM DISK
777909.595	Practice_Phase.SEQUENCE.Practice_Instruction	LOADING RESOURCE SURFACE FROM DISK
785973.472	Practice_Phase.SEQUENCE.Practice_Instruction	LOADING RESOURCE SURFACE FROM DISK
785976.074	Practice_Phase.SEQUENCE.Practice_Instruction	LOADING RESOURCE SURFACE FROM DISK
794040.259	Practice_Phase.SEQUENCE.Practice_Instruction	LOADING RESOURCE SURFACE FROM DISK
794100.211	Practice_Phase.SEQUENCE.Practice_Instruction	LOADING RESOURCE SURFACE FROM DISK
794101.832	Practice_Phase.SEQUENCE.Practice_Instruction	flip time is later than desired time. Desired Time=794059 Flip Time=794125 Retrace Rate=16.643, prepareTime=66 flip request time 794101
802173.589	Practice_Phase.SEQUENCE.Practice_Instruction	LOADING RESOURCE SURFACE FROM DISK
802176.325	Practice_Phase.SEQUENCE.Practice_Instruction	LOADING RESOURCE SURFACE FROM DISK
808336.612	DISPLAY_SCREEN[2]	LOADING RESOURCE SURFACE FROM DISK
892736.256	Study_Phase.SEQUENCE.Study_Instruction	LOADING RESOURCE SURFACE FROM DISK
901015.752	Study_Phase.SEQUENCE.Study_Instruction	LOADING RESOURCE SURFACE FROM DISK
901059.076	Study_Phase.SEQUENCE.Study_Instruction	LOADING RESOURCE SURFACE FROM DISK
909328.733	Study_Phase.SEQUENCE.Study_Instruction	LOADING RESOURCE SURFACE FROM DISK
917631.73	Study_Phase.SEQUENCE.Study_Instruction	LOADING RESOURCE SURFACE FROM DISK
925937.941	Study_Phase.SEQUENCE.Study_Instruction	LOADING RESOURCE SURFACE FROM DISK
934195.414	Study_Phase.SEQUENCE.Study_Instruction	LOADING RESOURCE SURFACE FROM DISK
942465.5	Study_Phase.SEQUENCE.Study_Instruction	LOADING RESOURCE SURFACE FROM DISK
942502.398	Study_Phase.SEQUENCE.Study_Instruction	LOADING RESOURCE SURFACE FROM DISK
950779.896	Study_Phase.SEQUENCE.Study_Instruction	LOADING RESOURCE SURFACE FROM DISK
959075.889	Study_Phase.SEQUENCE.Study_Instruction	LOADING RESOURCE SURFACE FROM DISK
967348.869	Study_Phase.SEQUENCE.Study_Instruction	LOADING RESOURCE SURFACE FROM DISK
967374.908	Study_Phase.SEQUENCE.Study_Instruction	LOADING RESOURCE SURFACE FROM DISK
975685.721	Study_Phase.SEQUENCE.Study_Instruction	LOADING RESOURCE SURFACE FROM DISK
983965.802	Study_Phase.SEQUENCE.Study_Instruction	LOADING RESOURCE SURFACE FROM DISK
984002.984	Study_Phase.SEQUENCE.Study_Instruction	LOADING RESOURCE SURFACE FROM DISK
992312.297	Study_Phase.SEQUENCE.Study_Instruction	LOADING RESOURCE SURFACE FROM DISK
1000578.038	Study_Phase.SEQUENCE.Study_Instruction	LOADING RESOURCE SURFACE FROM DISK
1008880.062	Study_Phase.SEQUENCE.Study_Instruction	LOADING RESOURCE SURFACE FROM DISK
1017148.811	Study_Phase.SEQUENCE.Study_Instruction	LOADING RESOURCE SURFACE FROM DISK
1017151.442	Study_Phase.SEQUENCE.Study_Instruction	LOADING RESOURCE SURFACE FROM DISK
1025468.395	Study_Phase.SEQUENCE.Study_Instruction	LOADING RESOURCE SURFACE FROM DISK
1033784.479	Study_Phase.SEQUENCE.Study_Instruction	LOADING RESOURCE SURFACE FROM DISK
1042105.792	Study_Phase.SEQUENCE.Study_Instruction	LOADING RESOURCE SURFACE FROM DISK
1050382.297	Study_Phase.SEQUENCE.Study_Instruction	LOADING RESOURCE SURFACE FROM DISK
1050422.774	Study_Phase.SEQUENCE.Study_Instruction	LOADING RESOURCE SURFACE FROM DISK
1058716.169	Study_Phase.SEQUENCE.Study_Instruction	LOADING RESOURCE SURFACE FROM DISK
1066978.798	Study_Phase.SEQUENCE.Study_Instruction	LOADING RESOURCE SURFACE FROM DISK
1075248.963	Study_Phase.SEQUENCE.Study_Instruction	LOADING RESOURCE SURFACE FROM DISK
1075286.903	Study_Phase.SEQUENCE.Study_Instruction	LOADING RESOURCE SURFACE FROM DISK
1083562.123	Study_Phase.SEQUENCE.Study_Instruction	LOADING RESOURCE SURFACE FROM DISK
1091864.642	Study_Phase.SEQUENCE.Study_Instruction	LOADING RESOURCE SURFACE FROM DISK
1100169.885	Study_Phase.SEQUENCE.Study_Instruction	LOADING RESOURCE SURFACE FROM DISK
1108486.575	Study_Phase.SEQUENCE.Study_Instruction	LOADING RESOURCE SURFACE FROM DISK
1116765.499	Study_Phase.SEQUENCE.Study_Instruction	LOADING RESOURCE SURFACE FROM DISK
1116775.72	Study_Phase.SEQUENCE.Study_Instruction	LOADING RESOURCE SURFACE FROM DISK
1125049.036	Study_Phase.SEQUENCE.Study_Instruction	LOADING RESOURCE SURFACE FROM DISK
1125091.232	Study_Phase.SEQUENCE.Study_Instruction	LOADING RESOURCE SURFACE FROM DISK
1133363.192	Study_Phase.SEQUENCE.Study_Instruction	LOADING RESOURCE SURFACE FROM DISK
1141612.218	Study_Phase.SEQUENCE.Study_Instruction	LOADING RESOURCE SURFACE FROM DISK
1149882.198	Study_Phase.SEQUENCE.Study_Instruction	LOADING RESOURCE SURFACE FROM DISK
1149925.253	Study_Phase.SEQUENCE.Study_Instruction	LOADING RESOURCE SURFACE FROM DISK
1158229.485	Study_Phase.SEQUENCE.Study_Instruction	LOADING RESOURCE SURFACE FROM DISK
1166495.521	Study_Phase.SEQUENCE.Study_Instruction	LOADING RESOURCE SURFACE FROM DISK
1174797.687	Study_Phase.SEQUENCE.Study_Instruction	LOADING RESOURCE SURFACE FROM DISK
1183065.683	Study_Phase.SEQUENCE.Study_Instruction	LOADING RESOURCE SURFACE FROM DISK
1183109.078	Study_Phase.SEQUENCE.Study_Instruction	LOADING RESOURCE SURFACE FROM DISK
1191513.308	Study_Phase.SEQUENCE.Study_Instruction	LOADING RESOURCE SURFACE FROM DISK
1199778.793	Study_Phase.SEQUENCE.Study_Instruction	LOADING RESOURCE SURFACE FROM DISK
1208049.011	Study_Phase.SEQUENCE.Study_Instruction	LOADING RESOURCE SURFACE FROM DISK
1208051.474	Study_Phase.SEQUENCE.Study_Instruction	LOADING RESOURCE SURFACE FROM DISK
1216328.749	Study_Phase.SEQUENCE.Study_Instruction	LOADING RESOURCE SURFACE FROM DISK
1224596.496	Study_Phase.SEQUENCE.Study_Instruction	LOADING RESOURCE SURFACE FROM DISK
1232904.297	Study_Phase.SEQUENCE.Study_Instruction	LOADING RESOURCE SURFACE FROM DISK
1241214.999	Study_Phase.SEQUENCE.Study_Instruction	LOADING RESOURCE SURFACE FROM DISK
1249482.256	Study_Phase.SEQUENCE.Study_Instruction	LOADING RESOURCE SURFACE FROM DISK
1249509.311	Study_Phase.SEQUENCE.Study_Instruction	LOADING RESOURCE SURFACE FROM DISK
1257782.434	Study_Phase.SEQUENCE.Study_Instruction	LOADING RESOURCE SURFACE FROM DISK
1257826.078	Study_Phase.SEQUENCE.Study_Instruction	LOADING RESOURCE SURFACE FROM DISK
1266135.941	Study_Phase.SEQUENCE.Study_Instruction	LOADING RESOURCE SURFACE FROM DISK
1274415.948	Study_Phase.SEQUENCE.Study_Instruction	LOADING RESOURCE SURFACE FROM DISK
1274459.411	Study_Phase.SEQUENCE.Study_Instruction	LOADING RESOURCE SURFACE FROM DISK
1282728.817	Study_Phase.SEQUENCE.Study_Instruction	LOADING RESOURCE SURFACE FROM DISK
1290996.652	Study_Phase.SEQUENCE.Study_Instruction	LOADING RESOURCE SURFACE FROM DISK
1299265.819	Study_Phase.SEQUENCE.Study_Instruction	LOADING RESOURCE SURFACE FROM DISK
1299323.693	Study_Phase.SEQUENCE.Study_Instruction	LOADING RESOURCE SURFACE FROM DISK
1307582.194	Study_Phase.SEQUENCE.Study_Instruction	LOADING RESOURCE SURFACE FROM DISK
1307625.458	Study_Phase.SEQUENCE.Study_Instruction	LOADING RESOURCE SURFACE FROM DISK
1315878.746	Study_Phase.SEQUENCE.Study_Instruction	LOADING RESOURCE SURFACE FROM DISK
1324145.516	Study_Phase.SEQUENCE.Study_Instruction	LOADING RESOURCE SURFACE FROM DISK
1332446.757	Study_Phase.SEQUENCE.Study_Instruction	LOADING RESOURCE SURFACE FROM DISK
1340744.58	Study_Phase.SEQUENCE.Study_Instruction	LOADING RESOURCE SURFACE FROM DISK
1349012.118	Study_Phase.SEQUENCE.Study_Instruction	LOADING RESOURCE SURFACE FROM DISK
1357285.603	Study_Phase.SEQUENCE.Study_Instruction	LOADING RESOURCE SURFACE FROM DISK
1365601.914	Study_Phase.SEQUENCE.Study_Instruction	LOADING RESOURCE SURFACE FROM DISK
1373882.231	Study_Phase.SEQUENCE.Study_Instruction	LOADING RESOURCE SURFACE FROM DISK
1373927.877	Study_Phase.SEQUENCE.Study_Instruction	LOADING RESOURCE SURFACE FROM DISK
1382199.048	Study_Phase.SEQUENCE.Study_Instruction	LOADING RESOURCE SURFACE FROM DISK
1382238.805	Study_Phase.SEQUENCE.Study_Instruction	LOADING RESOURCE SURFACE FROM DISK
1390515.341	Study_Phase.SEQUENCE.Study_Instruction	LOADING RESOURCE SURFACE FROM DISK
1390532.827	Study_Phase.SEQUENCE.Study_Instruction	LOADING RESOURCE SURFACE FROM DISK
1398795.738	Study_Phase.SEQUENCE.Study_Instruction	LOADING RESOURCE SURFACE FROM DISK
1407045.438	Study_Phase.SEQUENCE.Study_Instruction	LOADING RESOURCE SURFACE FROM DISK
1415342.524	Study_Phase.SEQUENCE.Study_Instruction	LOADING RESOURCE SURFACE FROM DISK
1423615.612	Study_Phase.SEQUENCE.Study_Instruction	LOADING RESOURCE SURFACE FROM DISK
1423654.02	Study_Phase.SEQUENCE.Study_Instruction	LOADING RESOURCE SURFACE FROM DISK
1431932.207	Study_Phase.SEQUENCE.Study_Instruction	LOADING RESOURCE SURFACE FROM DISK
1431974.912	Study_Phase.SEQUENCE.Study_Instruction	LOADING RESOURCE SURFACE FROM DISK
1440229.881	Study_Phase.SEQUENCE.Study_Instruction	LOADING RESOURCE SURFACE FROM DISK
1448531.429	Study_Phase.SEQUENCE.Study_Instruction	LOADING RESOURCE SURFACE FROM DISK
1456798.878	Study_Phase.SEQUENCE.Study_Instruction	LOADING RESOURCE SURFACE FROM DISK
1456841.208	Study_Phase.SEQUENCE.Study_Instruction	LOADING RESOURCE SURFACE FROM DISK
1465135.74	Study_Phase.SEQUENCE.Study_Instruction	LOADING RESOURCE SURFACE FROM DISK
1473398.973	Study_Phase.SEQUENCE.Study_Instruction	LOADING RESOURCE SURFACE FROM DISK
1473401.45	Study_Phase.SEQUENCE.Study_Instruction	LOADING RESOURCE SURFACE FROM DISK
1481735.75	Study_Phase.SEQUENCE.Study_Instruction	LOADING RESOURCE SURFACE FROM DISK
1489979.902	Study_Phase.SEQUENCE.Study_Instruction	LOADING RESOURCE SURFACE FROM DISK
1498284.029	Study_Phase.SEQUENCE.Study_Instruction	LOADING RESOURCE SURFACE FROM DISK
1506565.699	Study_Phase.SEQUENCE.Study_Instruction	LOADING RESOURCE SURFACE FROM DISK
1506584.045	Study_Phase.SEQUENCE.Study_Instruction	LOADING RESOURCE SURFACE FROM DISK
1514899.933	Study_Phase.SEQUENCE.Study_Instruction	LOADING RESOURCE SURFACE FROM DISK
1523206.988	Study_Phase.SEQUENCE.Study_Instruction	LOADING RESOURCE SURFACE FROM DISK
1531465.475	Study_Phase.SEQUENCE.Study_Instruction	LOADING RESOURCE SURFACE FROM DISK
1531468.014	Study_Phase.SEQUENCE.Study_Instruction	LOADING RESOURCE SURFACE FROM DISK
1539748.987	Study_Phase.SEQUENCE.Study_Instruction	LOADING RESOURCE SURFACE FROM DISK
1539789.332	Study_Phase.SEQUENCE.Study_Instruction	LOADING RESOURCE SURFACE FROM DISK
1548062.129	Study_Phase.SEQUENCE.Study_Instruction	LOADING RESOURCE SURFACE FROM DISK
1556328.751	Study_Phase.SEQUENCE.Study_Instruction	LOADING RESOURCE SURFACE FROM DISK
1564598.86	Study_Phase.SEQUENCE.Study_Instruction	LOADING RESOURCE SURFACE FROM DISK
1564601.373	Study_Phase.SEQUENCE.Study_Instruction	LOADING RESOURCE SURFACE FROM DISK
1572898.76	Study_Phase.SEQUENCE.Study_Instruction	LOADING RESOURCE SURFACE FROM DISK
1581165.682	Study_Phase.SEQUENCE.Study_Instruction	LOADING RESOURCE SURFACE FROM DISK
1581201.469	Study_Phase.SEQUENCE.Study_Instruction	LOADING RESOURCE SURFACE FROM DISK
1589482.153	Study_Phase.SEQUENCE.Study_Instruction	LOADING RESOURCE SURFACE FROM DISK
1589484.856	Study_Phase.SEQUENCE.Study_Instruction	LOADING RESOURCE SURFACE FROM DISK
1597804.238	Study_Phase.SEQUENCE.Study_Instruction	LOADING RESOURCE SURFACE FROM DISK
1606178.815	Study_Phase.SEQUENCE.Study_Instruction	LOADING RESOURCE SURFACE FROM DISK
1614448.822	Study_Phase.SEQUENCE.Study_Instruction	LOADING RESOURCE SURFACE FROM DISK
1614486.788	Study_Phase.SEQUENCE.Study_Instruction	LOADING RESOURCE SURFACE FROM DISK
1622762.079	Study_Phase.SEQUENCE.Study_Instruction	LOADING RESOURCE SURFACE FROM DISK
1631068.526	Study_Phase.SEQUENCE.Study_Instruction	LOADING RESOURCE SURFACE FROM DISK
1639332.148	Study_Phase.SEQUENCE.Study_Instruction	LOADING RESOURCE SURFACE FROM DISK
1639370.965	Study_Phase.SEQUENCE.Study_Instruction	LOADING RESOURCE SURFACE FROM DISK
1647646.56	Study_Phase.SEQUENCE.Study_Instruction	LOADING RESOURCE SURFACE FROM DISK
1655915.763	Study_Phase.SEQUENCE.Study_Instruction	LOADING RESOURCE SURFACE FROM DISK
1655918.213	Study_Phase.SEQUENCE.Study_Instruction	LOADING RESOURCE SURFACE FROM DISK
1664198.963	Study_Phase.SEQUENCE.Study_Instruction	LOADING RESOURCE SURFACE FROM DISK
1664241.973	Study_Phase.SEQUENCE.Study_Instruction	LOADING RESOURCE SURFACE FROM DISK
1672495.478	Study_Phase.SEQUENCE.Study_Instruction	LOADING RESOURCE SURFACE FROM DISK
1680765.43	Study_Phase.SEQUENCE.Study_Instruction	LOADING RESOURCE SURFACE FROM DISK
1680805.001	Study_Phase.SEQUENCE.Study_Instruction	LOADING RESOURCE SURFACE FROM DISK
1689120.806	Study_Phase.SEQUENCE.Study_Instruction	LOADING RESOURCE SURFACE FROM DISK
1697430.339	Study_Phase.SEQUENCE.Study_Instruction	LOADING RESOURCE SURFACE FROM DISK
1705699.203	Study_Phase.SEQUENCE.Study_Instruction	LOADING RESOURCE SURFACE FROM DISK
1705738.555	Study_Phase.SEQUENCE.Study_Instruction	LOADING RESOURCE SURFACE FROM DISK
1714015.507	Study_Phase.SEQUENCE.Study_Instruction	LOADING RESOURCE SURFACE FROM DISK
1714061.145	Study_Phase.SEQUENCE.Study_Instruction	LOADING RESOURCE SURFACE FROM DISK
1722364.775	Study_Phase.SEQUENCE.Study_Instruction	LOADING RESOURCE SURFACE FROM DISK
1730632.256	Study_Phase.SEQUENCE.Study_Instruction	LOADING RESOURCE SURFACE FROM DISK
1730677.066	Study_Phase.SEQUENCE.Study_Instruction	LOADING RESOURCE SURFACE FROM DISK
1738948.975	Study_Phase.SEQUENCE.Study_Instruction	LOADING RESOURCE SURFACE FROM DISK
1738951.514	Study_Phase.SEQUENCE.Study_Instruction	LOADING RESOURCE SURFACE FROM DISK
1747268.692	Study_Phase.SEQUENCE.Study_Instruction	LOADING RESOURCE SURFACE FROM DISK
1755586.702	Study_Phase.SEQUENCE.Study_Instruction	LOADING RESOURCE SURFACE FROM DISK
1763832.3	Study_Phase.SEQUENCE.Study_Instruction	LOADING RESOURCE SURFACE FROM DISK
1763870.814	Study_Phase.SEQUENCE.Study_Instruction	LOADING RESOURCE SURFACE FROM DISK
1772188.517	Study_Phase.SEQUENCE.Study_Instruction	LOADING RESOURCE SURFACE FROM DISK
1780465.618	Study_Phase.SEQUENCE.Study_Instruction	LOADING RESOURCE SURFACE FROM DISK
1780500.881	Study_Phase.SEQUENCE.Study_Instruction	LOADING RESOURCE SURFACE FROM DISK
1788780.076	Study_Phase.SEQUENCE.Study_Instruction	LOADING RESOURCE SURFACE FROM DISK
1797048.817	Study_Phase.SEQUENCE.Study_Instruction	LOADING RESOURCE SURFACE FROM DISK
1797088.835	Study_Phase.SEQUENCE.Study_Instruction	LOADING RESOURCE SURFACE FROM DISK
1805362.029	Study_Phase.SEQUENCE.Study_Instruction	LOADING RESOURCE SURFACE FROM DISK
1813652.257	Study_Phase.SEQUENCE.Study_Instruction	LOADING RESOURCE SURFACE FROM DISK
1821929.891	Study_Phase.SEQUENCE.Study_Instruction	LOADING RESOURCE SURFACE FROM DISK
1830199.098	Study_Phase.SEQUENCE.Study_Instruction	LOADING RESOURCE SURFACE FROM DISK
1830241.116	Study_Phase.SEQUENCE.Study_Instruction	LOADING RESOURCE SURFACE FROM DISK
1838515.539	Study_Phase.SEQUENCE.Study_Instruction	LOADING RESOURCE SURFACE FROM DISK
1838557.565	Study_Phase.SEQUENCE.Study_Instruction	LOADING RESOURCE SURFACE FROM DISK
1846828.893	Study_Phase.SEQUENCE.Study_Instruction	LOADING RESOURCE SURFACE FROM DISK
1855140.124	Study_Phase.SEQUENCE.Study_Instruction	LOADING RESOURCE SURFACE FROM DISK
1863450.029	Study_Phase.SEQUENCE.Study_Instruction	LOADING RESOURCE SURFACE FROM DISK
1871715.943	Study_Phase.SEQUENCE.Study_Instruction	LOADING RESOURCE SURFACE FROM DISK
1871754.672	Study_Phase.SEQUENCE.Study_Instruction	LOADING RESOURCE SURFACE FROM DISK
1880067.239	Study_Phase.SEQUENCE.Study_Instruction	LOADING RESOURCE SURFACE FROM DISK
1886303.064	DISPLAY_SCREEN[7]	LOADING RESOURCE SURFACE FROM DISK
2063599.379	Test_Phase.SEQUENCE.Target_Cue	LOADING RESOURCE SURFACE FROM DISK
2063601.25	Test_Phase.SEQUENCE.Target_Cue	LOADING RESOURCE SURFACE FROM DISK
2065628.67	Test_Phase.SEQUENCE.Word	LOADING RESOURCE SURFACE FROM DISK
2068645.028	Test_Phase.SEQUENCE.Test_Question	LOADING RESOURCE SURFACE FROM DISK
2068687.715	Test_Phase.SEQUENCE.Test_Question	LOADING RESOURCE SURFACE FROM DISK
2068692.799	Test_Phase.SEQUENCE.Test_Question	LOADING RESOURCE SURFACE FROM DISK
2068697.972	Test_Phase.SEQUENCE.Test_Question	LOADING RESOURCE SURFACE FROM DISK
2068699.675	Test_Phase.SEQUENCE.Test_Question	LOADING RESOURCE SURFACE FROM DISK
2068701.419	Test_Phase.SEQUENCE.Test_Question	LOADING RESOURCE SURFACE FROM DISK
2068703.278	Test_Phase.SEQUENCE.Test_Question	LOADING RESOURCE SURFACE FROM DISK
2068719.655	Test_Phase.SEQUENCE.Test_Question	LOADING RESOURCE SURFACE FROM DISK
2068721.35	Test_Phase.SEQUENCE.Test_Question	LOADING RESOURCE SURFACE FROM DISK
2068723.095	Test_Phase.SEQUENCE.Test_Question	LOADING RESOURCE SURFACE FROM DISK
2068724.811	Test_Phase.SEQUENCE.Test_Question	LOADING RESOURCE SURFACE FROM DISK
2068726.698	Test_Phase.SEQUENCE.Test_Question	LOADING RESOURCE SURFACE FROM DISK
2084561.843	Test_Phase.SEQUENCE.Word	LOADING RESOURCE SURFACE FROM DISK
2093795.097	Test_Phase.SEQUENCE.Word	LOADING RESOURCE SURFACE FROM DISK
2101578.56	Test_Phase.SEQUENCE.Word	LOADING RESOURCE SURFACE FROM DISK
2109788.732	Test_Phase.SEQUENCE.Word	LOADING RESOURCE SURFACE FROM DISK
2118103.963	Test_Phase.SEQUENCE.Word	LOADING RESOURCE SURFACE FROM DISK
2134745.459	Test_Phase.SEQUENCE.Word	LOADING RESOURCE SURFACE FROM DISK
2143454.896	Test_Phase.SEQUENCE.Word	LOADING RESOURCE SURFACE FROM DISK
2151495.203	Test_Phase.SEQUENCE.Word	LOADING RESOURCE SURFACE FROM DISK
2159548.374	Test_Phase.SEQUENCE.Word	LOADING RESOURCE SURFACE FROM DISK
2167985.53	Test_Phase.SEQUENCE.Word	LOADING RESOURCE SURFACE FROM DISK
2175995.304	Test_Phase.SEQUENCE.Word	LOADING RESOURCE SURFACE FROM DISK
2183995.217	Test_Phase.SEQUENCE.Word	LOADING RESOURCE SURFACE FROM DISK
2191886.084	Test_Phase.SEQUENCE.Word	LOADING RESOURCE SURFACE FROM DISK
2199718.124	Test_Phase.SEQUENCE.Word	LOADING RESOURCE SURFACE FROM DISK
2207528.14	Test_Phase.SEQUENCE.Word	LOADING RESOURCE SURFACE FROM DISK
2215212.102	Test_Phase.SEQUENCE.Word	LOADING RESOURCE SURFACE FROM DISK
2224012.082	Test_Phase.SEQUENCE.Word	LOADING RESOURCE SURFACE FROM DISK
2231895.361	Test_Phase.SEQUENCE.Word	LOADING RESOURCE SURFACE FROM DISK
2239828.598	Test_Phase.SEQUENCE.Word	LOADING RESOURCE SURFACE FROM DISK
2247498.642	Test_Phase.SEQUENCE.Word	LOADING RESOURCE SURFACE FROM DISK
2255312.027	Test_Phase.SEQUENCE.Word	LOADING RESOURCE SURFACE FROM DISK
2263195.435	Test_Phase.SEQUENCE.Word	LOADING RESOURCE SURFACE FROM DISK
2271071.027	Test_Phase.SEQUENCE.Word	LOADING RESOURCE SURFACE FROM DISK
2278745.273	Test_Phase.SEQUENCE.Word	LOADING RESOURCE SURFACE FROM DISK
2286445.266	Test_Phase.SEQUENCE.Word	LOADING RESOURCE SURFACE FROM DISK
2294161.871	Test_Phase.SEQUENCE.Word	LOADING RESOURCE SURFACE FROM DISK
2301945.154	Test_Phase.SEQUENCE.Word	LOADING RESOURCE SURFACE FROM DISK
2309749.668	Test_Phase.SEQUENCE.Word	LOADING RESOURCE SURFACE FROM DISK
2317278.639	Test_Phase.SEQUENCE.Word	LOADING RESOURCE SURFACE FROM DISK
2325228.734	Test_Phase.SEQUENCE.Word	LOADING RESOURCE SURFACE FROM DISK
2332996.747	Test_Phase.SEQUENCE.Word	LOADING RESOURCE SURFACE FROM DISK
2340712.068	Test_Phase.SEQUENCE.Word	LOADING RESOURCE SURFACE FROM DISK
2348546.41	Test_Phase.SEQUENCE.Word	LOADING RESOURCE SURFACE FROM DISK
2356229.849	Test_Phase.SEQUENCE.Word	LOADING RESOURCE SURFACE FROM DISK
2363911.944	Test_Phase.SEQUENCE.Word	LOADING RESOURCE SURFACE FROM DISK
2371779.84	Test_Phase.SEQUENCE.Word	LOADING RESOURCE SURFACE FROM DISK
2379695.726	Test_Phase.SEQUENCE.Word	LOADING RESOURCE SURFACE FROM DISK
2387362.163	Test_Phase.SEQUENCE.Word	LOADING RESOURCE SURFACE FROM DISK
2395445.331	Test_Phase.SEQUENCE.Word	LOADING RESOURCE SURFACE FROM DISK
2403536.078	Test_Phase.SEQUENCE.Word	LOADING RESOURCE SURFACE FROM DISK
2411145.183	Test_Phase.SEQUENCE.Word	LOADING RESOURCE SURFACE FROM DISK
2419433.156	Test_Phase.SEQUENCE.Word	LOADING RESOURCE SURFACE FROM DISK
2427328.649	Test_Phase.SEQUENCE.Word	LOADING RESOURCE SURFACE FROM DISK
2436336.758	Test_Phase.SEQUENCE.Word	LOADING RESOURCE SURFACE FROM DISK
2444445.23	Test_Phase.SEQUENCE.Word	LOADING RESOURCE SURFACE FROM DISK
2451995.17	Test_Phase.SEQUENCE.Word	LOADING RESOURCE SURFACE FROM DISK
2460078.602	Test_Phase.SEQUENCE.Word	LOADING RESOURCE SURFACE FROM DISK
2468378.52	Test_Phase.SEQUENCE.Word	LOADING RESOURCE SURFACE FROM DISK
2476028.755	Test_Phase.SEQUENCE.Word	LOADING RESOURCE SURFACE FROM DISK
2483930.883	Test_Phase.SEQUENCE.Word	LOADING RESOURCE SURFACE FROM DISK
2491395.127	Test_Phase.SEQUENCE.Word	LOADING RESOURCE SURFACE FROM DISK
2499061.989	Test_Phase.SEQUENCE.Word	LOADING RESOURCE SURFACE FROM DISK
2507145.332	Test_Phase.SEQUENCE.Word	LOADING RESOURCE SURFACE FROM DISK
2515112.038	Test_Phase.SEQUENCE.Word	LOADING RESOURCE SURFACE FROM DISK
2524028.984	Test_Phase.SEQUENCE.Word	LOADING RESOURCE SURFACE FROM DISK
2531778.575	Test_Phase.SEQUENCE.Word	LOADING RESOURCE SURFACE FROM DISK
2539495.184	Test_Phase.SEQUENCE.Word	LOADING RESOURCE SURFACE FROM DISK
2547579.596	Test_Phase.SEQUENCE.Word	LOADING RESOURCE SURFACE FROM DISK
2555978.657	Test_Phase.SEQUENCE.Word	LOADING RESOURCE SURFACE FROM DISK
2563732.73	Test_Phase.SEQUENCE.Word	LOADING RESOURCE SURFACE FROM DISK
2571717.246	Test_Phase.SEQUENCE.Word	LOADING RESOURCE SURFACE FROM DISK
2580178.608	Test_Phase.SEQUENCE.Word	LOADING RESOURCE SURFACE FROM DISK
2588216.804	Test_Phase.SEQUENCE.Word	LOADING RESOURCE SURFACE FROM DISK
2596062.129	Test_Phase.SEQUENCE.Word	LOADING RESOURCE SURFACE FROM DISK
2603861.208	Test_Phase.SEQUENCE.Word	LOADING RESOURCE SURFACE FROM DISK
2611712.011	Test_Phase.SEQUENCE.Word	LOADING RESOURCE SURFACE FROM DISK
2619438.523	Test_Phase.SEQUENCE.Word	LOADING RESOURCE SURFACE FROM DISK
2627081.837	Test_Phase.SEQUENCE.Word	LOADING RESOURCE SURFACE FROM DISK
2634895.105	Test_Phase.SEQUENCE.Word	LOADING RESOURCE SURFACE FROM DISK
2642878.608	Test_Phase.SEQUENCE.Word	LOADING RESOURCE SURFACE FROM DISK
2650845.316	Test_Phase.SEQUENCE.Word	LOADING RESOURCE SURFACE FROM DISK
2658595.144	Test_Phase.SEQUENCE.Word	LOADING RESOURCE SURFACE FROM DISK
2666535.306	Test_Phase.SEQUENCE.Word	LOADING RESOURCE SURFACE FROM DISK
2674245.104	Test_Phase.SEQUENCE.Word	LOADING RESOURCE SURFACE FROM DISK
2682431.613	Test_Phase.SEQUENCE.Word	LOADING RESOURCE SURFACE FROM DISK
2690236.712	Test_Phase.SEQUENCE.Word	LOADING RESOURCE SURFACE FROM DISK
2698045.147	Test_Phase.SEQUENCE.Word	LOADING RESOURCE SURFACE FROM DISK
2705795.191	Test_Phase.SEQUENCE.Word	LOADING RESOURCE SURFACE FROM DISK
2713345.343	Test_Phase.SEQUENCE.Word	LOADING RESOURCE SURFACE FROM DISK
2720971.057	Test_Phase.SEQUENCE.Word	LOADING RESOURCE SURFACE FROM DISK
2728528.636	Test_Phase.SEQUENCE.Word	LOADING RESOURCE SURFACE FROM DISK
2736128.764	Test_Phase.SEQUENCE.Word	LOADING RESOURCE SURFACE FROM DISK
2744029.072	Test_Phase.SEQUENCE.Word	LOADING RESOURCE SURFACE FROM DISK
2751872.483	Test_Phase.SEQUENCE.Word	LOADING RESOURCE SURFACE FROM DISK
2759555.28	Test_Phase.SEQUENCE.Word	LOADING RESOURCE SURFACE FROM DISK
2767145.637	Test_Phase.SEQUENCE.Word	LOADING RESOURCE SURFACE FROM DISK
2774712.05	Test_Phase.SEQUENCE.Word	LOADING RESOURCE SURFACE FROM DISK
2782628.58	Test_Phase.SEQUENCE.Word	LOADING RESOURCE SURFACE FROM DISK
2790648.093	Test_Phase.SEQUENCE.Word	LOADING RESOURCE SURFACE FROM DISK
2798395.265	Test_Phase.SEQUENCE.Word	LOADING RESOURCE SURFACE FROM DISK
2805912.076	Test_Phase.SEQUENCE.Word	LOADING RESOURCE SURFACE FROM DISK
2813762.228	Test_Phase.SEQUENCE.Word	LOADING RESOURCE SURFACE FROM DISK
2822278.749	Test_Phase.SEQUENCE.Word	LOADING RESOURCE SURFACE FROM DISK
2829845.39	Test_Phase.SEQUENCE.Word	LOADING RESOURCE SURFACE FROM DISK
2837695.325	Test_Phase.SEQUENCE.Word	LOADING RESOURCE SURFACE FROM DISK
2845578.753	Test_Phase.SEQUENCE.Word	LOADING RESOURCE SURFACE FROM DISK
2853361.812	Test_Phase.SEQUENCE.Word	LOADING RESOURCE SURFACE FROM DISK
2860952.831	Test_Phase.SEQUENCE.Word	LOADING RESOURCE SURFACE FROM DISK
2868686.182	Test_Phase.SEQUENCE.Word	LOADING RESOURCE SURFACE FROM DISK
2876228.774	Test_Phase.SEQUENCE.Word	LOADING RESOURCE SURFACE FROM DISK
2884012.112	Test_Phase.SEQUENCE.Word	LOADING RESOURCE SURFACE FROM DISK
2891963.354	Test_Phase.SEQUENCE.Word	LOADING RESOURCE SURFACE FROM DISK
2899553.4	Test_Phase.SEQUENCE.Word	LOADING RESOURCE SURFACE FROM DISK
2907312.362	Test_Phase.SEQUENCE.Word	LOADING RESOURCE SURFACE FROM DISK
2915045.359	Test_Phase.SEQUENCE.Word	LOADING RESOURCE SURFACE FROM DISK
2922928.646	Test_Phase.SEQUENCE.Word	LOADING RESOURCE SURFACE FROM DISK
2931145.179	Test_Phase.SEQUENCE.Word	LOADING RESOURCE SURFACE FROM DISK
2939445.316	Test_Phase.SEQUENCE.Word	LOADING RESOURCE SURFACE FROM DISK
2947378.662	Test_Phase.SEQUENCE.Word	LOADING RESOURCE SURFACE FROM DISK
2955145.154	Test_Phase.SEQUENCE.Word	LOADING RESOURCE SURFACE FROM DISK
2963111.878	Test_Phase.SEQUENCE.Word	LOADING RESOURCE SURFACE FROM DISK
2970778.637	Test_Phase.SEQUENCE.Word	LOADING RESOURCE SURFACE FROM DISK
2978411.985	Test_Phase.SEQUENCE.Word	LOADING RESOURCE SURFACE FROM DISK
2986447.434	Test_Phase.SEQUENCE.Word	LOADING RESOURCE SURFACE FROM DISK
2994521.666	Test_Phase.SEQUENCE.Word	LOADING RESOURCE SURFACE FROM DISK
3002095.418	Test_Phase.SEQUENCE.Word	LOADING RESOURCE SURFACE FROM DISK
3009745.312	Test_Phase.SEQUENCE.Word	LOADING RESOURCE SURFACE FROM DISK
3017735.977	Test_Phase.SEQUENCE.Word	LOADING RESOURCE SURFACE FROM DISK
3025778.843	Test_Phase.SEQUENCE.Word	LOADING RESOURCE SURFACE FROM DISK
3033714.688	Test_Phase.SEQUENCE.Word	LOADING RESOURCE SURFACE FROM DISK
3041345.587	Test_Phase.SEQUENCE.Word	LOADING RESOURCE SURFACE FROM DISK
3049095.39	Test_Phase.SEQUENCE.Word	LOADING RESOURCE SURFACE FROM DISK
3057062.041	Test_Phase.SEQUENCE.Word	LOADING RESOURCE SURFACE FROM DISK
3064778.782	Test_Phase.SEQUENCE.Word	LOADING RESOURCE SURFACE FROM DISK
3072694.923	Test_Phase.SEQUENCE.Word	LOADING RESOURCE SURFACE FROM DISK
3080245.561	Test_Phase.SEQUENCE.Word	LOADING RESOURCE SURFACE FROM DISK
3088045.375	Test_Phase.SEQUENCE.Word	LOADING RESOURCE SURFACE FROM DISK
3095895.391	Test_Phase.SEQUENCE.Word	LOADING RESOURCE SURFACE FROM DISK
3103712.619	Test_Phase.SEQUENCE.Word	LOADING RESOURCE SURFACE FROM DISK
3111528.538	Test_Phase.SEQUENCE.Word	LOADING RESOURCE SURFACE FROM DISK
3119362.17	Test_Phase.SEQUENCE.Word	LOADING RESOURCE SURFACE FROM DISK
3127145.184	Test_Phase.SEQUENCE.Word	LOADING RESOURCE SURFACE FROM DISK
3134845.295	Test_Phase.SEQUENCE.Word	LOADING RESOURCE SURFACE FROM DISK
3142728.529	Test_Phase.SEQUENCE.Word	LOADING RESOURCE SURFACE FROM DISK
3150595.102	Test_Phase.SEQUENCE.Word	LOADING RESOURCE SURFACE FROM DISK
3158378.585	Test_Phase.SEQUENCE.Word	LOADING RESOURCE SURFACE FROM DISK
3166337.101	Test_Phase.SEQUENCE.Word	LOADING RESOURCE SURFACE FROM DISK
3174262.071	Test_Phase.SEQUENCE.Word	LOADING RESOURCE SURFACE FROM DISK
3181978.609	Test_Phase.SEQUENCE.Word	LOADING RESOURCE SURFACE FROM DISK
3190428.666	Test_Phase.SEQUENCE.Word	LOADING RESOURCE SURFACE FROM DISK
3197962.042	Test_Phase.SEQUENCE.Word	LOADING RESOURCE SURFACE FROM DISK
3205628.635	Test_Phase.SEQUENCE.Word	LOADING RESOURCE SURFACE FROM DISK
3213519.426	Test_Phase.SEQUENCE.Word	LOADING RESOURCE SURFACE FROM DISK
3221400.641	Test_Phase.SEQUENCE.Word	LOADING RESOURCE SURFACE FROM DISK
3229095.218	Test_Phase.SEQUENCE.Word	LOADING RESOURCE SURFACE FROM DISK
3236845.31	Test_Phase.SEQUENCE.Word	LOADING RESOURCE SURFACE FROM DISK
3244845.315	Test_Phase.SEQUENCE.Word	LOADING RESOURCE SURFACE FROM DISK
3252686.701	Test_Phase.SEQUENCE.Word	LOADING RESOURCE SURFACE FROM DISK
3260362.088	Test_Phase.SEQUENCE.Word	LOADING RESOURCE SURFACE FROM DISK
3268195.677	Test_Phase.SEQUENCE.Word	LOADING RESOURCE SURFACE FROM DISK
3275778.802	Test_Phase.SEQUENCE.Word	LOADING RESOURCE SURFACE FROM DISK
3283478.695	Test_Phase.SEQUENCE.Word	LOADING RESOURCE SURFACE FROM DISK
3291216.309	Test_Phase.SEQUENCE.Word	LOADING RESOURCE SURFACE FROM DISK
3299028.737	Test_Phase.SEQUENCE.Word	LOADING RESOURCE SURFACE FROM DISK
3306928.682	Test_Phase.SEQUENCE.Word	LOADING RESOURCE SURFACE FROM DISK
3314428.564	Test_Phase.SEQUENCE.Word	LOADING RESOURCE SURFACE FROM DISK
3322045.346	Test_Phase.SEQUENCE.Word	LOADING RESOURCE SURFACE FROM DISK
3330095.332	Test_Phase.SEQUENCE.Word	LOADING RESOURCE SURFACE FROM DISK
3338095.08	Test_Phase.SEQUENCE.Word	LOADING RESOURCE SURFACE FROM DISK
3345595.22	Test_Phase.SEQUENCE.Word	LOADING RESOURCE SURFACE FROM DISK
3354378.704	Test_Phase.SEQUENCE.Word	LOADING RESOURCE SURFACE FROM DISK
3362345.268	Test_Phase.SEQUENCE.Word	LOADING RESOURCE SURFACE FROM DISK
3370384.816	Test_Phase.SEQUENCE.Word	LOADING RESOURCE SURFACE FROM DISK
3377978.775	Test_Phase.SEQUENCE.Word	LOADING RESOURCE SURFACE FROM DISK
3385645.376	Test_Phase.SEQUENCE.Word	LOADING RESOURCE SURFACE FROM DISK
3393428.629	Test_Phase.SEQUENCE.Word	LOADING RESOURCE SURFACE FROM DISK
3401112.072	Test_Phase.SEQUENCE.Word	LOADING RESOURCE SURFACE FROM DISK
3408795.224	Test_Phase.SEQUENCE.Word	LOADING RESOURCE SURFACE FROM DISK
3416345.203	Test_Phase.SEQUENCE.Word	LOADING RESOURCE SURFACE FROM DISK
3424228.747	Test_Phase.SEQUENCE.Word	LOADING RESOURCE SURFACE FROM DISK
3432295.12	Test_Phase.SEQUENCE.Word	LOADING RESOURCE SURFACE FROM DISK
3439928.656	Test_Phase.SEQUENCE.Word	LOADING RESOURCE SURFACE FROM DISK
3447545.274	Test_Phase.SEQUENCE.Word	LOADING RESOURCE SURFACE FROM DISK
3455988.382	Test_Phase.SEQUENCE.Word	LOADING RESOURCE SURFACE FROM DISK
3463628.755	Test_Phase.SEQUENCE.Word	LOADING RESOURCE SURFACE FROM DISK
3471603.997	Test_Phase.SEQUENCE.Word	LOADING RESOURCE SURFACE FROM DISK
3479695.185	Test_Phase.SEQUENCE.Word	LOADING RESOURCE SURFACE FROM DISK
3487800.995	Test_Phase.SEQUENCE.Word	LOADING RESOURCE SURFACE FROM DISK
3495745.509	Test_Phase.SEQUENCE.Word	LOADING RESOURCE SURFACE FROM DISK
3503428.585	Test_Phase.SEQUENCE.Word	LOADING RESOURCE SURFACE FROM DISK
3511516.354	Test_Phase.SEQUENCE.Word	LOADING RESOURCE SURFACE FROM DISK
3519445.29	Test_Phase.SEQUENCE.Word	LOADING RESOURCE SURFACE FROM DISK
3527351.214	Test_Phase.SEQUENCE.Word	LOADING RESOURCE SURFACE FROM DISK
3535165.41	Test_Phase.SEQUENCE.Word	LOADING RESOURCE SURFACE FROM DISK
3542865.584	Test_Phase.SEQUENCE.Word	LOADING RESOURCE SURFACE FROM DISK
3550801.8	Test_Phase.SEQUENCE.Word	LOADING RESOURCE SURFACE FROM DISK
3558545.173	Test_Phase.SEQUENCE.Word	LOADING RESOURCE SURFACE FROM DISK
3566520.755	Test_Phase.SEQUENCE.Word	LOADING RESOURCE SURFACE FROM DISK
3574811.874	Test_Phase.SEQUENCE.Word	LOADING RESOURCE SURFACE FROM DISK
3582445.219	Test_Phase.SEQUENCE.Word	LOADING RESOURCE SURFACE FROM DISK
3590196.57	Test_Phase.SEQUENCE.Word	LOADING RESOURCE SURFACE FROM DISK
3597728.799	Test_Phase.SEQUENCE.Word	LOADING RESOURCE SURFACE FROM DISK
3605411.957	Test_Phase.SEQUENCE.Word	LOADING RESOURCE SURFACE FROM DISK
3613061.861	Test_Phase.SEQUENCE.Word	LOADING RESOURCE SURFACE FROM DISK
3620931.628	Test_Phase.SEQUENCE.Word	LOADING RESOURCE SURFACE FROM DISK
3628778.924	Test_Phase.SEQUENCE.Word	LOADING RESOURCE SURFACE FROM DISK
3636375.813	Test_Phase.SEQUENCE.Word	LOADING RESOURCE SURFACE FROM DISK
3644195.158	Test_Phase.SEQUENCE.Word	LOADING RESOURCE SURFACE FROM DISK
3648316.723	DISPLAY_SCREEN	LOADING RESOURCE SURFACE FROM DISK
