4706.055	DISPLAY_SCREEN[1]	LOADING RESOURCE SURFACE FROM DISK
276427.081	Familiarization_Phase.SEQUENCE.Cue_and_Instruction	LOADING RESOURCE SURFACE FROM DISK
276431.053	Familiarization_Phase.SEQUENCE.Cue_and_Instruction	LOADING RESOURCE SURFACE FROM DISK
282492.214	Familiarization_Phase.SEQUENCE.Cue_and_Instruction	LOADING RESOURCE SURFACE FROM DISK
282497.076	Familiarization_Phase.SEQUENCE.Cue_and_Instruction	LOADING RESOURCE SURFACE FROM DISK
288577.003	Familiarization_Phase.SEQUENCE.Cue_and_Instruction	LOADING RESOURCE SURFACE FROM DISK
288581.12	Familiarization_Phase.SEQUENCE.Cue_and_Instruction	LOADING RESOURCE SURFACE FROM DISK
330699.439	DISPLAY_SCREEN[3]	LOADING RESOURCE SURFACE FROM DISK
404603.924	DISPLAY_SCREEN[5]	LOADING RESOURCE SURFACE FROM DISK
497899.313	Practice_Phase.SEQUENCE.Blink_Screen	LOADING RESOURCE SURFACE FROM DISK
497900.369	Practice_Phase.SEQUENCE.Blink_Screen	flip time is later than desired time. Desired Time=497880 Flip Time=497913 Retrace Rate=16.643, prepareTime=44 flip request time 497900
499131.487	Practice_Phase.SEQUENCE.Practice_Luminance_Cue	LOADING RESOURCE SURFACE FROM DISK
499147.687	Practice_Phase.SEQUENCE.Practice_Luminance_Cue	LOADING RESOURCE SURFACE FROM DISK
499149.316	Practice_Phase.SEQUENCE.Practice_Luminance_Cue	flip time is later than desired time. Desired Time=499113 Flip Time=499163 Retrace Rate=16.643, prepareTime=60 flip request time 499149
499644.826	Practice_Phase.SEQUENCE.DISPLAY_SCREEN	LOADING RESOURCE SURFACE FROM DISK
501184.767	Practice_Phase.SEQUENCE.Practice_Instruction	LOADING RESOURCE SURFACE FROM DISK
501186.247	Practice_Phase.SEQUENCE.Practice_Instruction	flip time is later than desired time. Desired Time=501163 Flip Time=501196 Retrace Rate=16.643, prepareTime=46 flip request time 501185
507744.783	Practice_Phase.SEQUENCE.DISPLAY_SCREEN	LOADING RESOURCE SURFACE FROM DISK
509275.834	Practice_Phase.SEQUENCE.Practice_Instruction	LOADING RESOURCE SURFACE FROM DISK
509277.33	Practice_Phase.SEQUENCE.Practice_Instruction	flip time is later than desired time. Desired Time=509263 Flip Time=509296 Retrace Rate=16.643, prepareTime=37 flip request time 509277
515844.673	Practice_Phase.SEQUENCE.DISPLAY_SCREEN	LOADING RESOURCE SURFACE FROM DISK
517341.863	Practice_Phase.SEQUENCE.Practice_Instruction	LOADING RESOURCE SURFACE FROM DISK
523911.264	Practice_Phase.SEQUENCE.DISPLAY_SCREEN	LOADING RESOURCE SURFACE FROM DISK
525448.692	Practice_Phase.SEQUENCE.Practice_Instruction	LOADING RESOURCE SURFACE FROM DISK
525450.227	Practice_Phase.SEQUENCE.Practice_Instruction	flip time is later than desired time. Desired Time=525430 Flip Time=525463 Retrace Rate=16.643, prepareTime=44 flip request time 525449
532011.419	Practice_Phase.SEQUENCE.DISPLAY_SCREEN	LOADING RESOURCE SURFACE FROM DISK
533547.21	Practice_Phase.SEQUENCE.Practice_Instruction	LOADING RESOURCE SURFACE FROM DISK
533548.697	Practice_Phase.SEQUENCE.Practice_Instruction	flip time is later than desired time. Desired Time=533530 Flip Time=533563 Retrace Rate=16.643, prepareTime=42 flip request time 533548
540111.49	Practice_Phase.SEQUENCE.DISPLAY_SCREEN	LOADING RESOURCE SURFACE FROM DISK
541643.36	Practice_Phase.SEQUENCE.Practice_Instruction	LOADING RESOURCE SURFACE FROM DISK
541644.866	Practice_Phase.SEQUENCE.Practice_Instruction	flip time is later than desired time. Desired Time=541630 Flip Time=541663 Retrace Rate=16.643, prepareTime=38 flip request time 541644
548211.507	Practice_Phase.SEQUENCE.DISPLAY_SCREEN	LOADING RESOURCE SURFACE FROM DISK
549708.14	Practice_Phase.SEQUENCE.Practice_Instruction	LOADING RESOURCE SURFACE FROM DISK
556277.99	Practice_Phase.SEQUENCE.DISPLAY_SCREEN	LOADING RESOURCE SURFACE FROM DISK
557774.647	Practice_Phase.SEQUENCE.Practice_Instruction	LOADING RESOURCE SURFACE FROM DISK
564344.97	Practice_Phase.SEQUENCE.DISPLAY_SCREEN	LOADING RESOURCE SURFACE FROM DISK
565841.418	Practice_Phase.SEQUENCE.Practice_Instruction	LOADING RESOURCE SURFACE FROM DISK
570509.636	DISPLAY_SCREEN[2]	LOADING RESOURCE SURFACE FROM DISK
756069.612	Study_Phase.SEQUENCE.DISPLAY_SCREEN	LOADING RESOURCE SURFACE FROM DISK
757583.456	Study_Phase.SEQUENCE.Study_Instruction	LOADING RESOURCE SURFACE FROM DISK
764336.272	Study_Phase.SEQUENCE.DISPLAY_SCREEN	LOADING RESOURCE SURFACE FROM DISK
765849.879	Study_Phase.SEQUENCE.Study_Instruction	LOADING RESOURCE SURFACE FROM DISK
774116.643	Study_Phase.SEQUENCE.Study_Instruction	LOADING RESOURCE SURFACE FROM DISK
780869.627	Study_Phase.SEQUENCE.DISPLAY_SCREEN	LOADING RESOURCE SURFACE FROM DISK
782418.731	Study_Phase.SEQUENCE.Study_Instruction	LOADING RESOURCE SURFACE FROM DISK
790666.734	Study_Phase.SEQUENCE.Study_Instruction	LOADING RESOURCE SURFACE FROM DISK
798932.975	Study_Phase.SEQUENCE.Study_Instruction	LOADING RESOURCE SURFACE FROM DISK
805686.603	Study_Phase.SEQUENCE.DISPLAY_SCREEN	LOADING RESOURCE SURFACE FROM DISK
807236.477	Study_Phase.SEQUENCE.Study_Instruction	LOADING RESOURCE SURFACE FROM DISK
815499.52	Study_Phase.SEQUENCE.Study_Instruction	LOADING RESOURCE SURFACE FROM DISK
823766.704	Study_Phase.SEQUENCE.Study_Instruction	LOADING RESOURCE SURFACE FROM DISK
832032.849	Study_Phase.SEQUENCE.Study_Instruction	LOADING RESOURCE SURFACE FROM DISK
838786.351	Study_Phase.SEQUENCE.DISPLAY_SCREEN	LOADING RESOURCE SURFACE FROM DISK
840300.055	Study_Phase.SEQUENCE.Study_Instruction	LOADING RESOURCE SURFACE FROM DISK
847053.01	Study_Phase.SEQUENCE.DISPLAY_SCREEN	LOADING RESOURCE SURFACE FROM DISK
848566.726	Study_Phase.SEQUENCE.Study_Instruction	LOADING RESOURCE SURFACE FROM DISK
855319.796	Study_Phase.SEQUENCE.DISPLAY_SCREEN	LOADING RESOURCE SURFACE FROM DISK
856874.88	Study_Phase.SEQUENCE.Study_Instruction	LOADING RESOURCE SURFACE FROM DISK
865192.521	Study_Phase.SEQUENCE.Study_Instruction	LOADING RESOURCE SURFACE FROM DISK
873466.133	Study_Phase.SEQUENCE.Study_Instruction	LOADING RESOURCE SURFACE FROM DISK
881733.221	Study_Phase.SEQUENCE.Study_Instruction	LOADING RESOURCE SURFACE FROM DISK
888469.825	Study_Phase.SEQUENCE.DISPLAY_SCREEN	LOADING RESOURCE SURFACE FROM DISK
889983.319	Study_Phase.SEQUENCE.Study_Instruction	LOADING RESOURCE SURFACE FROM DISK
898249.519	Study_Phase.SEQUENCE.Study_Instruction	LOADING RESOURCE SURFACE FROM DISK
906499.992	Study_Phase.SEQUENCE.Study_Instruction	LOADING RESOURCE SURFACE FROM DISK
913252.87	Study_Phase.SEQUENCE.DISPLAY_SCREEN	LOADING RESOURCE SURFACE FROM DISK
914766.668	Study_Phase.SEQUENCE.Study_Instruction	LOADING RESOURCE SURFACE FROM DISK
923032.832	Study_Phase.SEQUENCE.Study_Instruction	LOADING RESOURCE SURFACE FROM DISK
929786.274	Study_Phase.SEQUENCE.DISPLAY_SCREEN	LOADING RESOURCE SURFACE FROM DISK
931299.884	Study_Phase.SEQUENCE.Study_Instruction	LOADING RESOURCE SURFACE FROM DISK
939600.96	Study_Phase.SEQUENCE.Study_Instruction	LOADING RESOURCE SURFACE FROM DISK
946352.851	Study_Phase.SEQUENCE.DISPLAY_SCREEN	LOADING RESOURCE SURFACE FROM DISK
947866.583	Study_Phase.SEQUENCE.Study_Instruction	LOADING RESOURCE SURFACE FROM DISK
956132.923	Study_Phase.SEQUENCE.Study_Instruction	LOADING RESOURCE SURFACE FROM DISK
964382.992	Study_Phase.SEQUENCE.Study_Instruction	LOADING RESOURCE SURFACE FROM DISK
971136.301	Study_Phase.SEQUENCE.DISPLAY_SCREEN	LOADING RESOURCE SURFACE FROM DISK
972650.068	Study_Phase.SEQUENCE.Study_Instruction	LOADING RESOURCE SURFACE FROM DISK
980916.194	Study_Phase.SEQUENCE.Study_Instruction	LOADING RESOURCE SURFACE FROM DISK
989182.847	Study_Phase.SEQUENCE.Study_Instruction	LOADING RESOURCE SURFACE FROM DISK
997450.146	Study_Phase.SEQUENCE.Study_Instruction	LOADING RESOURCE SURFACE FROM DISK
1004203.192	Study_Phase.SEQUENCE.DISPLAY_SCREEN	LOADING RESOURCE SURFACE FROM DISK
1005716.781	Study_Phase.SEQUENCE.Study_Instruction	LOADING RESOURCE SURFACE FROM DISK
1012469.748	Study_Phase.SEQUENCE.DISPLAY_SCREEN	LOADING RESOURCE SURFACE FROM DISK
1014023.08	Study_Phase.SEQUENCE.Study_Instruction	LOADING RESOURCE SURFACE FROM DISK
1022299.634	Study_Phase.SEQUENCE.Study_Instruction	LOADING RESOURCE SURFACE FROM DISK
1029036.501	Study_Phase.SEQUENCE.DISPLAY_SCREEN	LOADING RESOURCE SURFACE FROM DISK
1030550.02	Study_Phase.SEQUENCE.Study_Instruction	LOADING RESOURCE SURFACE FROM DISK
1037303.025	Study_Phase.SEQUENCE.DISPLAY_SCREEN	LOADING RESOURCE SURFACE FROM DISK
1038816.676	Study_Phase.SEQUENCE.Study_Instruction	LOADING RESOURCE SURFACE FROM DISK
1047082.818	Study_Phase.SEQUENCE.Study_Instruction	LOADING RESOURCE SURFACE FROM DISK
1055349.538	Study_Phase.SEQUENCE.Study_Instruction	LOADING RESOURCE SURFACE FROM DISK
1062103.113	Study_Phase.SEQUENCE.DISPLAY_SCREEN	LOADING RESOURCE SURFACE FROM DISK
1063616.655	Study_Phase.SEQUENCE.Study_Instruction	LOADING RESOURCE SURFACE FROM DISK
1071883.463	Study_Phase.SEQUENCE.Study_Instruction	LOADING RESOURCE SURFACE FROM DISK
1080149.475	Study_Phase.SEQUENCE.Study_Instruction	LOADING RESOURCE SURFACE FROM DISK
1088416.186	Study_Phase.SEQUENCE.Study_Instruction	LOADING RESOURCE SURFACE FROM DISK
1096720.713	Study_Phase.SEQUENCE.Study_Instruction	LOADING RESOURCE SURFACE FROM DISK
1103469.709	Study_Phase.SEQUENCE.DISPLAY_SCREEN	LOADING RESOURCE SURFACE FROM DISK
1104983.306	Study_Phase.SEQUENCE.Study_Instruction	LOADING RESOURCE SURFACE FROM DISK
1111736.328	Study_Phase.SEQUENCE.DISPLAY_SCREEN	LOADING RESOURCE SURFACE FROM DISK
1113249.966	Study_Phase.SEQUENCE.Study_Instruction	LOADING RESOURCE SURFACE FROM DISK
1121516.541	Study_Phase.SEQUENCE.Study_Instruction	LOADING RESOURCE SURFACE FROM DISK
1129782.872	Study_Phase.SEQUENCE.Study_Instruction	LOADING RESOURCE SURFACE FROM DISK
1136519.726	Study_Phase.SEQUENCE.DISPLAY_SCREEN	LOADING RESOURCE SURFACE FROM DISK
1138033.267	Study_Phase.SEQUENCE.Study_Instruction	LOADING RESOURCE SURFACE FROM DISK
1146299.954	Study_Phase.SEQUENCE.Study_Instruction	LOADING RESOURCE SURFACE FROM DISK
1153052.825	Study_Phase.SEQUENCE.DISPLAY_SCREEN	LOADING RESOURCE SURFACE FROM DISK
1154609.077	Study_Phase.SEQUENCE.Study_Instruction	LOADING RESOURCE SURFACE FROM DISK
1162882.721	Study_Phase.SEQUENCE.Study_Instruction	LOADING RESOURCE SURFACE FROM DISK
1171149.431	Study_Phase.SEQUENCE.Study_Instruction	LOADING RESOURCE SURFACE FROM DISK
1179416.664	Study_Phase.SEQUENCE.Study_Instruction	LOADING RESOURCE SURFACE FROM DISK
1187682.795	Study_Phase.SEQUENCE.Study_Instruction	LOADING RESOURCE SURFACE FROM DISK
1195949.472	Study_Phase.SEQUENCE.Study_Instruction	LOADING RESOURCE SURFACE FROM DISK
1202702.919	Study_Phase.SEQUENCE.DISPLAY_SCREEN	LOADING RESOURCE SURFACE FROM DISK
1204216.724	Study_Phase.SEQUENCE.Study_Instruction	LOADING RESOURCE SURFACE FROM DISK
1210969.592	Study_Phase.SEQUENCE.DISPLAY_SCREEN	LOADING RESOURCE SURFACE FROM DISK
1212506.016	Study_Phase.SEQUENCE.Study_Instruction	LOADING RESOURCE SURFACE FROM DISK
1220783.364	Study_Phase.SEQUENCE.Study_Instruction	LOADING RESOURCE SURFACE FROM DISK
1229049.609	Study_Phase.SEQUENCE.Study_Instruction	LOADING RESOURCE SURFACE FROM DISK
1235802.835	Study_Phase.SEQUENCE.DISPLAY_SCREEN	LOADING RESOURCE SURFACE FROM DISK
1237356.907	Study_Phase.SEQUENCE.Study_Instruction	LOADING RESOURCE SURFACE FROM DISK
1245632.749	Study_Phase.SEQUENCE.Study_Instruction	LOADING RESOURCE SURFACE FROM DISK
1253937.04	Study_Phase.SEQUENCE.Study_Instruction	LOADING RESOURCE SURFACE FROM DISK
1260686.352	Study_Phase.SEQUENCE.DISPLAY_SCREEN	LOADING RESOURCE SURFACE FROM DISK
1262199.923	Study_Phase.SEQUENCE.Study_Instruction	LOADING RESOURCE SURFACE FROM DISK
1270525.461	Study_Phase.SEQUENCE.Study_Instruction	LOADING RESOURCE SURFACE FROM DISK
1278800.069	Study_Phase.SEQUENCE.Study_Instruction	LOADING RESOURCE SURFACE FROM DISK
1285553.026	Study_Phase.SEQUENCE.DISPLAY_SCREEN	LOADING RESOURCE SURFACE FROM DISK
1287066.653	Study_Phase.SEQUENCE.Study_Instruction	LOADING RESOURCE SURFACE FROM DISK
1295316.844	Study_Phase.SEQUENCE.Study_Instruction	LOADING RESOURCE SURFACE FROM DISK
1302069.692	Study_Phase.SEQUENCE.DISPLAY_SCREEN	LOADING RESOURCE SURFACE FROM DISK
1303583.43	Study_Phase.SEQUENCE.Study_Instruction	LOADING RESOURCE SURFACE FROM DISK
1311850.17	Study_Phase.SEQUENCE.Study_Instruction	LOADING RESOURCE SURFACE FROM DISK
1318603.131	Study_Phase.SEQUENCE.DISPLAY_SCREEN	LOADING RESOURCE SURFACE FROM DISK
1320124.111	Study_Phase.SEQUENCE.Study_Instruction	LOADING RESOURCE SURFACE FROM DISK
1328399.425	Study_Phase.SEQUENCE.Study_Instruction	LOADING RESOURCE SURFACE FROM DISK
1336666.636	Study_Phase.SEQUENCE.Study_Instruction	LOADING RESOURCE SURFACE FROM DISK
1343419.499	Study_Phase.SEQUENCE.DISPLAY_SCREEN	LOADING RESOURCE SURFACE FROM DISK
1344933.501	Study_Phase.SEQUENCE.Study_Instruction	LOADING RESOURCE SURFACE FROM DISK
1353244.76	Study_Phase.SEQUENCE.Study_Instruction	LOADING RESOURCE SURFACE FROM DISK
1360003.048	Study_Phase.SEQUENCE.DISPLAY_SCREEN	LOADING RESOURCE SURFACE FROM DISK
1361516.595	Study_Phase.SEQUENCE.Study_Instruction	LOADING RESOURCE SURFACE FROM DISK
1368269.733	Study_Phase.SEQUENCE.DISPLAY_SCREEN	LOADING RESOURCE SURFACE FROM DISK
1369783.327	Study_Phase.SEQUENCE.Study_Instruction	LOADING RESOURCE SURFACE FROM DISK
1378049.421	Study_Phase.SEQUENCE.Study_Instruction	LOADING RESOURCE SURFACE FROM DISK
1384803.172	Study_Phase.SEQUENCE.DISPLAY_SCREEN	LOADING RESOURCE SURFACE FROM DISK
1386316.702	Study_Phase.SEQUENCE.Study_Instruction	LOADING RESOURCE SURFACE FROM DISK
1393069.664	Study_Phase.SEQUENCE.DISPLAY_SCREEN	LOADING RESOURCE SURFACE FROM DISK
1394583.283	Study_Phase.SEQUENCE.Study_Instruction	LOADING RESOURCE SURFACE FROM DISK
1402833.373	Study_Phase.SEQUENCE.Study_Instruction	LOADING RESOURCE SURFACE FROM DISK
1411099.414	Study_Phase.SEQUENCE.Study_Instruction	LOADING RESOURCE SURFACE FROM DISK
1419366.155	Study_Phase.SEQUENCE.Study_Instruction	LOADING RESOURCE SURFACE FROM DISK
1426119.641	Study_Phase.SEQUENCE.DISPLAY_SCREEN	LOADING RESOURCE SURFACE FROM DISK
1427633.301	Study_Phase.SEQUENCE.Study_Instruction	LOADING RESOURCE SURFACE FROM DISK
1434386.382	Study_Phase.SEQUENCE.DISPLAY_SCREEN	LOADING RESOURCE SURFACE FROM DISK
1435899.971	Study_Phase.SEQUENCE.Study_Instruction	LOADING RESOURCE SURFACE FROM DISK
1442652.931	Study_Phase.SEQUENCE.DISPLAY_SCREEN	LOADING RESOURCE SURFACE FROM DISK
1444211.25	Study_Phase.SEQUENCE.Study_Instruction	LOADING RESOURCE SURFACE FROM DISK
1452520.386	Study_Phase.SEQUENCE.Study_Instruction	LOADING RESOURCE SURFACE FROM DISK
1459269.67	Study_Phase.SEQUENCE.DISPLAY_SCREEN	LOADING RESOURCE SURFACE FROM DISK
1460783.306	Study_Phase.SEQUENCE.Study_Instruction	LOADING RESOURCE SURFACE FROM DISK
1467536.082	Study_Phase.SEQUENCE.DISPLAY_SCREEN	LOADING RESOURCE SURFACE FROM DISK
1469049.958	Study_Phase.SEQUENCE.Study_Instruction	LOADING RESOURCE SURFACE FROM DISK
1475803.035	Study_Phase.SEQUENCE.DISPLAY_SCREEN	LOADING RESOURCE SURFACE FROM DISK
1477316.609	Study_Phase.SEQUENCE.Study_Instruction	LOADING RESOURCE SURFACE FROM DISK
1484069.542	Study_Phase.SEQUENCE.DISPLAY_SCREEN	LOADING RESOURCE SURFACE FROM DISK
1485583.247	Study_Phase.SEQUENCE.Study_Instruction	LOADING RESOURCE SURFACE FROM DISK
1493849.94	Study_Phase.SEQUENCE.Study_Instruction	LOADING RESOURCE SURFACE FROM DISK
1502116.284	Study_Phase.SEQUENCE.Study_Instruction	LOADING RESOURCE SURFACE FROM DISK
1508869.649	Study_Phase.SEQUENCE.DISPLAY_SCREEN	LOADING RESOURCE SURFACE FROM DISK
1510417.593	Study_Phase.SEQUENCE.Study_Instruction	LOADING RESOURCE SURFACE FROM DISK
1517169.581	Study_Phase.SEQUENCE.DISPLAY_SCREEN	LOADING RESOURCE SURFACE FROM DISK
1518683.368	Study_Phase.SEQUENCE.Study_Instruction	LOADING RESOURCE SURFACE FROM DISK
1526950.028	Study_Phase.SEQUENCE.Study_Instruction	LOADING RESOURCE SURFACE FROM DISK
1533702.753	Study_Phase.SEQUENCE.DISPLAY_SCREEN	LOADING RESOURCE SURFACE FROM DISK
1535216.75	Study_Phase.SEQUENCE.Study_Instruction	LOADING RESOURCE SURFACE FROM DISK
1541969.692	Study_Phase.SEQUENCE.DISPLAY_SCREEN	LOADING RESOURCE SURFACE FROM DISK
1543483.427	Study_Phase.SEQUENCE.Study_Instruction	LOADING RESOURCE SURFACE FROM DISK
1551749.438	Study_Phase.SEQUENCE.Study_Instruction	LOADING RESOURCE SURFACE FROM DISK
1559999.487	Study_Phase.SEQUENCE.Study_Instruction	LOADING RESOURCE SURFACE FROM DISK
1566752.937	Study_Phase.SEQUENCE.DISPLAY_SCREEN	LOADING RESOURCE SURFACE FROM DISK
1568266.804	Study_Phase.SEQUENCE.Study_Instruction	LOADING RESOURCE SURFACE FROM DISK
1575019.809	Study_Phase.SEQUENCE.DISPLAY_SCREEN	LOADING RESOURCE SURFACE FROM DISK
1576533.363	Study_Phase.SEQUENCE.Study_Instruction	LOADING RESOURCE SURFACE FROM DISK
1583269.62	Study_Phase.SEQUENCE.DISPLAY_SCREEN	LOADING RESOURCE SURFACE FROM DISK
1584783.358	Study_Phase.SEQUENCE.Study_Instruction	LOADING RESOURCE SURFACE FROM DISK
1593033.566	Study_Phase.SEQUENCE.Study_Instruction	LOADING RESOURCE SURFACE FROM DISK
1599786.324	Study_Phase.SEQUENCE.DISPLAY_SCREEN	LOADING RESOURCE SURFACE FROM DISK
1601336.735	Study_Phase.SEQUENCE.Study_Instruction	LOADING RESOURCE SURFACE FROM DISK
1609634.963	Study_Phase.SEQUENCE.Study_Instruction	LOADING RESOURCE SURFACE FROM DISK
1616386.41	Study_Phase.SEQUENCE.DISPLAY_SCREEN	LOADING RESOURCE SURFACE FROM DISK
1617900.081	Study_Phase.SEQUENCE.Study_Instruction	LOADING RESOURCE SURFACE FROM DISK
1624653.008	Study_Phase.SEQUENCE.DISPLAY_SCREEN	LOADING RESOURCE SURFACE FROM DISK
1626166.783	Study_Phase.SEQUENCE.Study_Instruction	LOADING RESOURCE SURFACE FROM DISK
1634472.079	Study_Phase.SEQUENCE.Study_Instruction	LOADING RESOURCE SURFACE FROM DISK
1641236.451	Study_Phase.SEQUENCE.DISPLAY_SCREEN	LOADING RESOURCE SURFACE FROM DISK
1642791.83	Study_Phase.SEQUENCE.Study_Instruction	LOADING RESOURCE SURFACE FROM DISK
1651066.104	Study_Phase.SEQUENCE.Study_Instruction	LOADING RESOURCE SURFACE FROM DISK
1657819.629	Study_Phase.SEQUENCE.DISPLAY_SCREEN	LOADING RESOURCE SURFACE FROM DISK
1659333.844	Study_Phase.SEQUENCE.Study_Instruction	LOADING RESOURCE SURFACE FROM DISK
1667599.937	Study_Phase.SEQUENCE.Study_Instruction	LOADING RESOURCE SURFACE FROM DISK
1675866.193	Study_Phase.SEQUENCE.Study_Instruction	LOADING RESOURCE SURFACE FROM DISK
1682619.455	Study_Phase.SEQUENCE.DISPLAY_SCREEN	LOADING RESOURCE SURFACE FROM DISK
1684133.366	Study_Phase.SEQUENCE.Study_Instruction	LOADING RESOURCE SURFACE FROM DISK
1690886.34	Study_Phase.SEQUENCE.DISPLAY_SCREEN	LOADING RESOURCE SURFACE FROM DISK
1692399.901	Study_Phase.SEQUENCE.Study_Instruction	LOADING RESOURCE SURFACE FROM DISK
1700701.716	Study_Phase.SEQUENCE.Study_Instruction	LOADING RESOURCE SURFACE FROM DISK
1707452.933	Study_Phase.SEQUENCE.DISPLAY_SCREEN	LOADING RESOURCE SURFACE FROM DISK
1708966.601	Study_Phase.SEQUENCE.Study_Instruction	LOADING RESOURCE SURFACE FROM DISK
1717233.423	Study_Phase.SEQUENCE.Study_Instruction	LOADING RESOURCE SURFACE FROM DISK
1723986.406	Study_Phase.SEQUENCE.DISPLAY_SCREEN	LOADING RESOURCE SURFACE FROM DISK
1725500.007	Study_Phase.SEQUENCE.Study_Instruction	LOADING RESOURCE SURFACE FROM DISK
1733766.109	Study_Phase.SEQUENCE.Study_Instruction	LOADING RESOURCE SURFACE FROM DISK
1740519.568	Study_Phase.SEQUENCE.DISPLAY_SCREEN	LOADING RESOURCE SURFACE FROM DISK
1742076.424	Study_Phase.SEQUENCE.Study_Instruction	LOADING RESOURCE SURFACE FROM DISK
1746792.685	DISPLAY_SCREEN[7]	LOADING RESOURCE SURFACE FROM DISK
2044069.916	Test_Phase.SEQUENCE.Target_Cue	LOADING RESOURCE SURFACE FROM DISK
2044082.146	Test_Phase.SEQUENCE.Target_Cue	LOADING RESOURCE SURFACE FROM DISK
2046099.862	Test_Phase.SEQUENCE.Word	LOADING RESOURCE SURFACE FROM DISK
2049152.614	Test_Phase.SEQUENCE.Test_Question	LOADING RESOURCE SURFACE FROM DISK
2049169.572	Test_Phase.SEQUENCE.Test_Question	LOADING RESOURCE SURFACE FROM DISK
2049183.817	Test_Phase.SEQUENCE.Test_Question	LOADING RESOURCE SURFACE FROM DISK
2049194.914	Test_Phase.SEQUENCE.Test_Question	LOADING RESOURCE SURFACE FROM DISK
2049213.927	Test_Phase.SEQUENCE.Test_Question	LOADING RESOURCE SURFACE FROM DISK
2049216.308	Test_Phase.SEQUENCE.Test_Question	LOADING RESOURCE SURFACE FROM DISK
2049228.192	Test_Phase.SEQUENCE.Test_Question	LOADING RESOURCE SURFACE FROM DISK
2049239.634	Test_Phase.SEQUENCE.Test_Question	LOADING RESOURCE SURFACE FROM DISK
2049249.933	Test_Phase.SEQUENCE.Test_Question	LOADING RESOURCE SURFACE FROM DISK
2049265.202	Test_Phase.SEQUENCE.Test_Question	LOADING RESOURCE SURFACE FROM DISK
2049278.922	Test_Phase.SEQUENCE.Test_Question	LOADING RESOURCE SURFACE FROM DISK
2049280.755	Test_Phase.SEQUENCE.Test_Question	LOADING RESOURCE SURFACE FROM DISK
2062616.233	Test_Phase.SEQUENCE.Word	LOADING RESOURCE SURFACE FROM DISK
2069999.75	Test_Phase.SEQUENCE.Word	LOADING RESOURCE SURFACE FROM DISK
2077258.45	Test_Phase.SEQUENCE.Word	LOADING RESOURCE SURFACE FROM DISK
2084483.048	Test_Phase.SEQUENCE.Word	LOADING RESOURCE SURFACE FROM DISK
2091772.534	Test_Phase.SEQUENCE.Word	LOADING RESOURCE SURFACE FROM DISK
2099149.655	Test_Phase.SEQUENCE.Word	LOADING RESOURCE SURFACE FROM DISK
2106399.872	Test_Phase.SEQUENCE.Word	LOADING RESOURCE SURFACE FROM DISK
2113616.45	Test_Phase.SEQUENCE.Word	LOADING RESOURCE SURFACE FROM DISK
2120733.118	Test_Phase.SEQUENCE.Word	LOADING RESOURCE SURFACE FROM DISK
2127866.354	Test_Phase.SEQUENCE.Word	LOADING RESOURCE SURFACE FROM DISK
2135120.997	Test_Phase.SEQUENCE.Word	LOADING RESOURCE SURFACE FROM DISK
2142283.316	Test_Phase.SEQUENCE.Word	LOADING RESOURCE SURFACE FROM DISK
2149416.269	Test_Phase.SEQUENCE.Word	LOADING RESOURCE SURFACE FROM DISK
2156549.724	Test_Phase.SEQUENCE.Word	LOADING RESOURCE SURFACE FROM DISK
2163649.733	Test_Phase.SEQUENCE.Word	LOADING RESOURCE SURFACE FROM DISK
2170766.515	Test_Phase.SEQUENCE.Word	LOADING RESOURCE SURFACE FROM DISK
2177883.016	Test_Phase.SEQUENCE.Word	LOADING RESOURCE SURFACE FROM DISK
2186366.497	Test_Phase.SEQUENCE.Word	LOADING RESOURCE SURFACE FROM DISK
2193599.821	Test_Phase.SEQUENCE.Word	LOADING RESOURCE SURFACE FROM DISK
2200849.166	Test_Phase.SEQUENCE.Word	LOADING RESOURCE SURFACE FROM DISK
2207966.343	Test_Phase.SEQUENCE.Word	LOADING RESOURCE SURFACE FROM DISK
2215132.844	Test_Phase.SEQUENCE.Word	LOADING RESOURCE SURFACE FROM DISK
2222239.155	Test_Phase.SEQUENCE.Word	LOADING RESOURCE SURFACE FROM DISK
2229360.252	Test_Phase.SEQUENCE.Word	LOADING RESOURCE SURFACE FROM DISK
2236549.606	Test_Phase.SEQUENCE.Word	LOADING RESOURCE SURFACE FROM DISK
2243666.251	Test_Phase.SEQUENCE.Word	LOADING RESOURCE SURFACE FROM DISK
2251683.103	Test_Phase.SEQUENCE.Word	LOADING RESOURCE SURFACE FROM DISK
2258653.207	Test_Phase.SEQUENCE.Word	LOADING RESOURCE SURFACE FROM DISK
2265749.812	Test_Phase.SEQUENCE.Word	LOADING RESOURCE SURFACE FROM DISK
2272816.448	Test_Phase.SEQUENCE.Word	LOADING RESOURCE SURFACE FROM DISK
2279999.911	Test_Phase.SEQUENCE.Word	LOADING RESOURCE SURFACE FROM DISK
2287116.588	Test_Phase.SEQUENCE.Word	LOADING RESOURCE SURFACE FROM DISK
2294199.804	Test_Phase.SEQUENCE.Word	LOADING RESOURCE SURFACE FROM DISK
2301232.93	Test_Phase.SEQUENCE.Word	LOADING RESOURCE SURFACE FROM DISK
2308649.926	Test_Phase.SEQUENCE.Word	LOADING RESOURCE SURFACE FROM DISK
2315683.043	Test_Phase.SEQUENCE.Word	LOADING RESOURCE SURFACE FROM DISK
2322866.353	Test_Phase.SEQUENCE.Word	LOADING RESOURCE SURFACE FROM DISK
2329966.264	Test_Phase.SEQUENCE.Word	LOADING RESOURCE SURFACE FROM DISK
2337082.982	Test_Phase.SEQUENCE.Word	LOADING RESOURCE SURFACE FROM DISK
2344282.971	Test_Phase.SEQUENCE.Word	LOADING RESOURCE SURFACE FROM DISK
2351616.386	Test_Phase.SEQUENCE.Word	LOADING RESOURCE SURFACE FROM DISK
2358749.717	Test_Phase.SEQUENCE.Word	LOADING RESOURCE SURFACE FROM DISK
2365849.753	Test_Phase.SEQUENCE.Word	LOADING RESOURCE SURFACE FROM DISK
2373899.646	Test_Phase.SEQUENCE.Word	LOADING RESOURCE SURFACE FROM DISK
2381132.835	Test_Phase.SEQUENCE.Word	LOADING RESOURCE SURFACE FROM DISK
2388349.681	Test_Phase.SEQUENCE.Word	LOADING RESOURCE SURFACE FROM DISK
2395382.942	Test_Phase.SEQUENCE.Word	LOADING RESOURCE SURFACE FROM DISK
2402448.627	Test_Phase.SEQUENCE.Word	LOADING RESOURCE SURFACE FROM DISK
2409516.447	Test_Phase.SEQUENCE.Word	LOADING RESOURCE SURFACE FROM DISK
2416566.313	Test_Phase.SEQUENCE.Word	LOADING RESOURCE SURFACE FROM DISK
2423682.916	Test_Phase.SEQUENCE.Word	LOADING RESOURCE SURFACE FROM DISK
2432616.29	Test_Phase.SEQUENCE.Word	LOADING RESOURCE SURFACE FROM DISK
2440383.186	Test_Phase.SEQUENCE.Word	LOADING RESOURCE SURFACE FROM DISK
2447533.192	Test_Phase.SEQUENCE.Word	LOADING RESOURCE SURFACE FROM DISK
2456149.785	Test_Phase.SEQUENCE.Word	LOADING RESOURCE SURFACE FROM DISK
2463354.901	Test_Phase.SEQUENCE.Word	LOADING RESOURCE SURFACE FROM DISK
2470466.369	Test_Phase.SEQUENCE.Word	LOADING RESOURCE SURFACE FROM DISK
2477516.303	Test_Phase.SEQUENCE.Word	LOADING RESOURCE SURFACE FROM DISK
2484566.274	Test_Phase.SEQUENCE.Word	LOADING RESOURCE SURFACE FROM DISK
2491735.61	Test_Phase.SEQUENCE.Word	LOADING RESOURCE SURFACE FROM DISK
2498766.294	Test_Phase.SEQUENCE.Word	LOADING RESOURCE SURFACE FROM DISK
2506055.705	Test_Phase.SEQUENCE.Word	LOADING RESOURCE SURFACE FROM DISK
2513116.373	Test_Phase.SEQUENCE.Word	LOADING RESOURCE SURFACE FROM DISK
2520166.341	Test_Phase.SEQUENCE.Word	LOADING RESOURCE SURFACE FROM DISK
2527333.797	Test_Phase.SEQUENCE.Word	LOADING RESOURCE SURFACE FROM DISK
2534483.08	Test_Phase.SEQUENCE.Word	LOADING RESOURCE SURFACE FROM DISK
2541566.399	Test_Phase.SEQUENCE.Word	LOADING RESOURCE SURFACE FROM DISK
2552599.608	Test_Phase.SEQUENCE.Word	LOADING RESOURCE SURFACE FROM DISK
2560053.757	Test_Phase.SEQUENCE.Word	LOADING RESOURCE SURFACE FROM DISK
2567116.437	Test_Phase.SEQUENCE.Word	LOADING RESOURCE SURFACE FROM DISK
2574283.123	Test_Phase.SEQUENCE.Word	LOADING RESOURCE SURFACE FROM DISK
2581353.012	Test_Phase.SEQUENCE.Word	LOADING RESOURCE SURFACE FROM DISK
2588466.348	Test_Phase.SEQUENCE.Word	LOADING RESOURCE SURFACE FROM DISK
2595516.372	Test_Phase.SEQUENCE.Word	LOADING RESOURCE SURFACE FROM DISK
2602609.251	Test_Phase.SEQUENCE.Word	LOADING RESOURCE SURFACE FROM DISK
2609716.477	Test_Phase.SEQUENCE.Word	LOADING RESOURCE SURFACE FROM DISK
2616833.071	Test_Phase.SEQUENCE.Word	LOADING RESOURCE SURFACE FROM DISK
2624149.783	Test_Phase.SEQUENCE.Word	LOADING RESOURCE SURFACE FROM DISK
2631299.665	Test_Phase.SEQUENCE.Word	LOADING RESOURCE SURFACE FROM DISK
2638466.447	Test_Phase.SEQUENCE.Word	LOADING RESOURCE SURFACE FROM DISK
2645949.746	Test_Phase.SEQUENCE.Word	LOADING RESOURCE SURFACE FROM DISK
2653249.008	Test_Phase.SEQUENCE.Word	LOADING RESOURCE SURFACE FROM DISK
2660433.002	Test_Phase.SEQUENCE.Word	LOADING RESOURCE SURFACE FROM DISK
2667649.651	Test_Phase.SEQUENCE.Word	LOADING RESOURCE SURFACE FROM DISK
2674699.62	Test_Phase.SEQUENCE.Word	LOADING RESOURCE SURFACE FROM DISK
2681733.081	Test_Phase.SEQUENCE.Word	LOADING RESOURCE SURFACE FROM DISK
2688816.333	Test_Phase.SEQUENCE.Word	LOADING RESOURCE SURFACE FROM DISK
2695816.379	Test_Phase.SEQUENCE.Word	LOADING RESOURCE SURFACE FROM DISK
2702904.855	Test_Phase.SEQUENCE.Word	LOADING RESOURCE SURFACE FROM DISK
2710082.975	Test_Phase.SEQUENCE.Word	LOADING RESOURCE SURFACE FROM DISK
2717149.674	Test_Phase.SEQUENCE.Word	LOADING RESOURCE SURFACE FROM DISK
2724374.807	Test_Phase.SEQUENCE.Word	LOADING RESOURCE SURFACE FROM DISK
2731583.277	Test_Phase.SEQUENCE.Word	LOADING RESOURCE SURFACE FROM DISK
2738749.656	Test_Phase.SEQUENCE.Word	LOADING RESOURCE SURFACE FROM DISK
2746047.101	Test_Phase.SEQUENCE.Word	LOADING RESOURCE SURFACE FROM DISK
2753258.453	Test_Phase.SEQUENCE.Word	LOADING RESOURCE SURFACE FROM DISK
2760482.968	Test_Phase.SEQUENCE.Word	LOADING RESOURCE SURFACE FROM DISK
2767649.819	Test_Phase.SEQUENCE.Word	LOADING RESOURCE SURFACE FROM DISK
2774834.834	Test_Phase.SEQUENCE.Word	LOADING RESOURCE SURFACE FROM DISK
2782049.754	Test_Phase.SEQUENCE.Word	LOADING RESOURCE SURFACE FROM DISK
2789124.43	Test_Phase.SEQUENCE.Word	LOADING RESOURCE SURFACE FROM DISK
2796183.712	Test_Phase.SEQUENCE.Word	LOADING RESOURCE SURFACE FROM DISK
2803233.167	Test_Phase.SEQUENCE.Word	LOADING RESOURCE SURFACE FROM DISK
2810290.718	Test_Phase.SEQUENCE.Word	LOADING RESOURCE SURFACE FROM DISK
2817283.137	Test_Phase.SEQUENCE.Word	LOADING RESOURCE SURFACE FROM DISK
2824323.405	Test_Phase.SEQUENCE.Word	LOADING RESOURCE SURFACE FROM DISK
2831432.948	Test_Phase.SEQUENCE.Word	LOADING RESOURCE SURFACE FROM DISK
2838716.396	Test_Phase.SEQUENCE.Word	LOADING RESOURCE SURFACE FROM DISK
2845816.431	Test_Phase.SEQUENCE.Word	LOADING RESOURCE SURFACE FROM DISK
2853083.065	Test_Phase.SEQUENCE.Word	LOADING RESOURCE SURFACE FROM DISK
2862116.296	Test_Phase.SEQUENCE.Word	LOADING RESOURCE SURFACE FROM DISK
2874184.947	Test_Phase.SEQUENCE.Word	LOADING RESOURCE SURFACE FROM DISK
2881183.121	Test_Phase.SEQUENCE.Word	LOADING RESOURCE SURFACE FROM DISK
2888266.457	Test_Phase.SEQUENCE.Word	LOADING RESOURCE SURFACE FROM DISK
2895299.627	Test_Phase.SEQUENCE.Word	LOADING RESOURCE SURFACE FROM DISK
2902416.355	Test_Phase.SEQUENCE.Word	LOADING RESOURCE SURFACE FROM DISK
2909618.564	Test_Phase.SEQUENCE.Word	LOADING RESOURCE SURFACE FROM DISK
2916749.756	Test_Phase.SEQUENCE.Word	LOADING RESOURCE SURFACE FROM DISK
2923766.379	Test_Phase.SEQUENCE.Word	LOADING RESOURCE SURFACE FROM DISK
2930816.422	Test_Phase.SEQUENCE.Word	LOADING RESOURCE SURFACE FROM DISK
2937833.059	Test_Phase.SEQUENCE.Word	LOADING RESOURCE SURFACE FROM DISK
2946649.703	Test_Phase.SEQUENCE.Word	LOADING RESOURCE SURFACE FROM DISK
2953733.033	Test_Phase.SEQUENCE.Word	LOADING RESOURCE SURFACE FROM DISK
2961004.753	Test_Phase.SEQUENCE.Word	LOADING RESOURCE SURFACE FROM DISK
2967899.738	Test_Phase.SEQUENCE.Word	LOADING RESOURCE SURFACE FROM DISK
2974999.8	Test_Phase.SEQUENCE.Word	LOADING RESOURCE SURFACE FROM DISK
2985266.389	Test_Phase.SEQUENCE.Word	LOADING RESOURCE SURFACE FROM DISK
2992166.326	Test_Phase.SEQUENCE.Word	LOADING RESOURCE SURFACE FROM DISK
2999316.457	Test_Phase.SEQUENCE.Word	LOADING RESOURCE SURFACE FROM DISK
3006566.472	Test_Phase.SEQUENCE.Word	LOADING RESOURCE SURFACE FROM DISK
3013766.448	Test_Phase.SEQUENCE.Word	LOADING RESOURCE SURFACE FROM DISK
3020849.736	Test_Phase.SEQUENCE.Word	LOADING RESOURCE SURFACE FROM DISK
3027933.099	Test_Phase.SEQUENCE.Word	LOADING RESOURCE SURFACE FROM DISK
3034933.288	Test_Phase.SEQUENCE.Word	LOADING RESOURCE SURFACE FROM DISK
3042066.236	Test_Phase.SEQUENCE.Word	LOADING RESOURCE SURFACE FROM DISK
3049383.05	Test_Phase.SEQUENCE.Word	LOADING RESOURCE SURFACE FROM DISK
3056533.035	Test_Phase.SEQUENCE.Word	LOADING RESOURCE SURFACE FROM DISK
3063649.636	Test_Phase.SEQUENCE.Word	LOADING RESOURCE SURFACE FROM DISK
3070933.216	Test_Phase.SEQUENCE.Word	LOADING RESOURCE SURFACE FROM DISK
3078049.751	Test_Phase.SEQUENCE.Word	LOADING RESOURCE SURFACE FROM DISK
3086449.715	Test_Phase.SEQUENCE.Word	LOADING RESOURCE SURFACE FROM DISK
3093483.072	Test_Phase.SEQUENCE.Word	LOADING RESOURCE SURFACE FROM DISK
3100584.015	Test_Phase.SEQUENCE.Word	LOADING RESOURCE SURFACE FROM DISK
3107799.817	Test_Phase.SEQUENCE.Word	LOADING RESOURCE SURFACE FROM DISK
3114833.121	Test_Phase.SEQUENCE.Word	LOADING RESOURCE SURFACE FROM DISK
3121900.774	Test_Phase.SEQUENCE.Word	LOADING RESOURCE SURFACE FROM DISK
3129205.973	Test_Phase.SEQUENCE.Word	LOADING RESOURCE SURFACE FROM DISK
3136283.05	Test_Phase.SEQUENCE.Word	LOADING RESOURCE SURFACE FROM DISK
3143333.098	Test_Phase.SEQUENCE.Word	LOADING RESOURCE SURFACE FROM DISK
3150449.734	Test_Phase.SEQUENCE.Word	LOADING RESOURCE SURFACE FROM DISK
3157499.728	Test_Phase.SEQUENCE.Word	LOADING RESOURCE SURFACE FROM DISK
3164566.411	Test_Phase.SEQUENCE.Word	LOADING RESOURCE SURFACE FROM DISK
3171599.86	Test_Phase.SEQUENCE.Word	LOADING RESOURCE SURFACE FROM DISK
3178401.008	Test_Phase.SEQUENCE.Word	LOADING RESOURCE SURFACE FROM DISK
3185449.845	Test_Phase.SEQUENCE.Word	LOADING RESOURCE SURFACE FROM DISK
3192599.718	Test_Phase.SEQUENCE.Word	LOADING RESOURCE SURFACE FROM DISK
3199483.179	Test_Phase.SEQUENCE.Word	LOADING RESOURCE SURFACE FROM DISK
3206499.704	Test_Phase.SEQUENCE.Word	LOADING RESOURCE SURFACE FROM DISK
3213599.869	Test_Phase.SEQUENCE.Word	LOADING RESOURCE SURFACE FROM DISK
3220901.216	Test_Phase.SEQUENCE.Word	LOADING RESOURCE SURFACE FROM DISK
3228066.339	Test_Phase.SEQUENCE.Word	LOADING RESOURCE SURFACE FROM DISK
3235299.788	Test_Phase.SEQUENCE.Word	LOADING RESOURCE SURFACE FROM DISK
3249449.919	Test_Phase.SEQUENCE.Word	LOADING RESOURCE SURFACE FROM DISK
3256416.469	Test_Phase.SEQUENCE.Word	LOADING RESOURCE SURFACE FROM DISK
3263449.712	Test_Phase.SEQUENCE.Word	LOADING RESOURCE SURFACE FROM DISK
3270922.499	Test_Phase.SEQUENCE.Word	LOADING RESOURCE SURFACE FROM DISK
3278033.07	Test_Phase.SEQUENCE.Word	LOADING RESOURCE SURFACE FROM DISK
3284833.16	Test_Phase.SEQUENCE.Word	LOADING RESOURCE SURFACE FROM DISK
3291899.766	Test_Phase.SEQUENCE.Word	LOADING RESOURCE SURFACE FROM DISK
3298966.346	Test_Phase.SEQUENCE.Word	LOADING RESOURCE SURFACE FROM DISK
3306316.235	Test_Phase.SEQUENCE.Word	LOADING RESOURCE SURFACE FROM DISK
3313166.388	Test_Phase.SEQUENCE.Word	LOADING RESOURCE SURFACE FROM DISK
3320033.119	Test_Phase.SEQUENCE.Word	LOADING RESOURCE SURFACE FROM DISK
3327066.383	Test_Phase.SEQUENCE.Word	LOADING RESOURCE SURFACE FROM DISK
3334283.31	Test_Phase.SEQUENCE.Word	LOADING RESOURCE SURFACE FROM DISK
3341132.913	Test_Phase.SEQUENCE.Word	LOADING RESOURCE SURFACE FROM DISK
3348299.805	Test_Phase.SEQUENCE.Word	LOADING RESOURCE SURFACE FROM DISK
3355449.584	Test_Phase.SEQUENCE.Word	LOADING RESOURCE SURFACE FROM DISK
3362499.636	Test_Phase.SEQUENCE.Word	LOADING RESOURCE SURFACE FROM DISK
3369599.802	Test_Phase.SEQUENCE.Word	LOADING RESOURCE SURFACE FROM DISK
3376533.371	Test_Phase.SEQUENCE.Word	LOADING RESOURCE SURFACE FROM DISK
3383533.053	Test_Phase.SEQUENCE.Word	LOADING RESOURCE SURFACE FROM DISK
3390650.877	Test_Phase.SEQUENCE.Word	LOADING RESOURCE SURFACE FROM DISK
3397616.278	Test_Phase.SEQUENCE.Word	LOADING RESOURCE SURFACE FROM DISK
3404666.952	Test_Phase.SEQUENCE.Word	LOADING RESOURCE SURFACE FROM DISK
3411699.724	Test_Phase.SEQUENCE.Word	LOADING RESOURCE SURFACE FROM DISK
3418899.967	Test_Phase.SEQUENCE.Word	LOADING RESOURCE SURFACE FROM DISK
3425949.86	Test_Phase.SEQUENCE.Word	LOADING RESOURCE SURFACE FROM DISK
3432999.734	Test_Phase.SEQUENCE.Word	LOADING RESOURCE SURFACE FROM DISK
3440159.756	Test_Phase.SEQUENCE.Word	LOADING RESOURCE SURFACE FROM DISK
3447183.066	Test_Phase.SEQUENCE.Word	LOADING RESOURCE SURFACE FROM DISK
3454466.273	Test_Phase.SEQUENCE.Word	LOADING RESOURCE SURFACE FROM DISK
3461516.329	Test_Phase.SEQUENCE.Word	LOADING RESOURCE SURFACE FROM DISK
3468599.618	Test_Phase.SEQUENCE.Word	LOADING RESOURCE SURFACE FROM DISK
3475733.219	Test_Phase.SEQUENCE.Word	LOADING RESOURCE SURFACE FROM DISK
3482856.618	Test_Phase.SEQUENCE.Word	LOADING RESOURCE SURFACE FROM DISK
3490077.968	Test_Phase.SEQUENCE.Word	LOADING RESOURCE SURFACE FROM DISK
3497325.492	Test_Phase.SEQUENCE.Word	LOADING RESOURCE SURFACE FROM DISK
3501005.687	DISPLAY_SCREEN	LOADING RESOURCE SURFACE FROM DISK
