5165.402	DISPLAY_SCREEN[1]	LOADING RESOURCE SURFACE FROM DISK
613684.621	Familiarization_Phase.SEQUENCE.Cue_and_Instruction	LOADING RESOURCE SURFACE FROM DISK
613688.949	Familiarization_Phase.SEQUENCE.Cue_and_Instruction	LOADING RESOURCE SURFACE FROM DISK
619734.65	Familiarization_Phase.SEQUENCE.Cue_and_Instruction	LOADING RESOURCE SURFACE FROM DISK
619739.18	Familiarization_Phase.SEQUENCE.Cue_and_Instruction	LOADING RESOURCE SURFACE FROM DISK
625784.999	Familiarization_Phase.SEQUENCE.Cue_and_Instruction	LOADING RESOURCE SURFACE FROM DISK
625789.416	Familiarization_Phase.SEQUENCE.Cue_and_Instruction	LOADING RESOURCE SURFACE FROM DISK
667917.162	DISPLAY_SCREEN[3]	LOADING RESOURCE SURFACE FROM DISK
765757.586	DISPLAY_SCREEN[5]	LOADING RESOURCE SURFACE FROM DISK
804578.418	Practice_Phase.SEQUENCE.Blink_Screen	LOADING RESOURCE SURFACE FROM DISK
804579.366	Practice_Phase.SEQUENCE.Blink_Screen	flip time is later than desired time. Desired Time=804564 Flip Time=804597 Retrace Rate=16.641, prepareTime=39 flip request time 804579
805819.072	Practice_Phase.SEQUENCE.Practice_Luminance_Cue	LOADING RESOURCE SURFACE FROM DISK
805822.521	Practice_Phase.SEQUENCE.Practice_Luminance_Cue	LOADING RESOURCE SURFACE FROM DISK
805824.112	Practice_Phase.SEQUENCE.Practice_Luminance_Cue	flip time is later than desired time. Desired Time=805797 Flip Time=805847 Retrace Rate=16.641, prepareTime=50 flip request time 805823
806329.322	Practice_Phase.SEQUENCE.DISPLAY_SCREEN	LOADING RESOURCE SURFACE FROM DISK
807826.008	Practice_Phase.SEQUENCE.Practice_Instruction	LOADING RESOURCE SURFACE FROM DISK
814421.946	Practice_Phase.SEQUENCE.DISPLAY_SCREEN	LOADING RESOURCE SURFACE FROM DISK
814423.712	Practice_Phase.SEQUENCE.DISPLAY_SCREEN	flip time is later than desired time. Desired Time=814414 Flip Time=814431 Retrace Rate=16.641, prepareTime=33 flip request time 814423
815909.208	Practice_Phase.SEQUENCE.Practice_Instruction	LOADING RESOURCE SURFACE FROM DISK
822479.349	Practice_Phase.SEQUENCE.DISPLAY_SCREEN	LOADING RESOURCE SURFACE FROM DISK
823976.19	Practice_Phase.SEQUENCE.Practice_Instruction	LOADING RESOURCE SURFACE FROM DISK
830545.479	Practice_Phase.SEQUENCE.DISPLAY_SCREEN	LOADING RESOURCE SURFACE FROM DISK
832042.683	Practice_Phase.SEQUENCE.Practice_Instruction	LOADING RESOURCE SURFACE FROM DISK
838612.215	Practice_Phase.SEQUENCE.DISPLAY_SCREEN	LOADING RESOURCE SURFACE FROM DISK
840144.047	Practice_Phase.SEQUENCE.Practice_Instruction	LOADING RESOURCE SURFACE FROM DISK
840145.394	Practice_Phase.SEQUENCE.Practice_Instruction	flip time is later than desired time. Desired Time=840131 Flip Time=840164 Retrace Rate=16.641, prepareTime=38 flip request time 840145
846712.354	Practice_Phase.SEQUENCE.DISPLAY_SCREEN	LOADING RESOURCE SURFACE FROM DISK
848243.788	Practice_Phase.SEQUENCE.Practice_Instruction	LOADING RESOURCE SURFACE FROM DISK
848245.105	Practice_Phase.SEQUENCE.Practice_Instruction	flip time is later than desired time. Desired Time=848231 Flip Time=848264 Retrace Rate=16.641, prepareTime=38 flip request time 848244
854812.243	Practice_Phase.SEQUENCE.DISPLAY_SCREEN	LOADING RESOURCE SURFACE FROM DISK
856343.538	Practice_Phase.SEQUENCE.Practice_Instruction	LOADING RESOURCE SURFACE FROM DISK
856344.938	Practice_Phase.SEQUENCE.Practice_Instruction	flip time is later than desired time. Desired Time=856331 Flip Time=856364 Retrace Rate=16.641, prepareTime=38 flip request time 856344
862912.237	Practice_Phase.SEQUENCE.DISPLAY_SCREEN	LOADING RESOURCE SURFACE FROM DISK
864409.252	Practice_Phase.SEQUENCE.Practice_Instruction	LOADING RESOURCE SURFACE FROM DISK
870979.053	Practice_Phase.SEQUENCE.DISPLAY_SCREEN	LOADING RESOURCE SURFACE FROM DISK
872475.92	Practice_Phase.SEQUENCE.Practice_Instruction	LOADING RESOURCE SURFACE FROM DISK
877150.552	DISPLAY_SCREEN[2]	LOADING RESOURCE SURFACE FROM DISK
989107.843	Study_Phase.SEQUENCE.Study_Instruction	LOADING RESOURCE SURFACE FROM DISK
995870.446	Study_Phase.SEQUENCE.DISPLAY_SCREEN	LOADING RESOURCE SURFACE FROM DISK
997428.18	Study_Phase.SEQUENCE.Study_Instruction	LOADING RESOURCE SURFACE FROM DISK
1005742.226	Study_Phase.SEQUENCE.Study_Instruction	LOADING RESOURCE SURFACE FROM DISK
1012487.235	Study_Phase.SEQUENCE.DISPLAY_SCREEN	LOADING RESOURCE SURFACE FROM DISK
1014036.346	Study_Phase.SEQUENCE.Study_Instruction	LOADING RESOURCE SURFACE FROM DISK
1020787.189	Study_Phase.SEQUENCE.DISPLAY_SCREEN	LOADING RESOURCE SURFACE FROM DISK
1022344.31	Study_Phase.SEQUENCE.Study_Instruction	LOADING RESOURCE SURFACE FROM DISK
1030617.695	Study_Phase.SEQUENCE.Study_Instruction	LOADING RESOURCE SURFACE FROM DISK
1037370.492	Study_Phase.SEQUENCE.DISPLAY_SCREEN	LOADING RESOURCE SURFACE FROM DISK
1038884.508	Study_Phase.SEQUENCE.Study_Instruction	LOADING RESOURCE SURFACE FROM DISK
1047173.38	Study_Phase.SEQUENCE.Study_Instruction	LOADING RESOURCE SURFACE FROM DISK
1055450.66	Study_Phase.SEQUENCE.Study_Instruction	LOADING RESOURCE SURFACE FROM DISK
1063758.188	Study_Phase.SEQUENCE.Study_Instruction	LOADING RESOURCE SURFACE FROM DISK
1070520.775	Study_Phase.SEQUENCE.DISPLAY_SCREEN	LOADING RESOURCE SURFACE FROM DISK
1072034.468	Study_Phase.SEQUENCE.Study_Instruction	LOADING RESOURCE SURFACE FROM DISK
1078770.444	Study_Phase.SEQUENCE.DISPLAY_SCREEN	LOADING RESOURCE SURFACE FROM DISK
1080318.573	Study_Phase.SEQUENCE.Study_Instruction	LOADING RESOURCE SURFACE FROM DISK
1088584.044	Study_Phase.SEQUENCE.Study_Instruction	LOADING RESOURCE SURFACE FROM DISK
1096851.198	Study_Phase.SEQUENCE.Study_Instruction	LOADING RESOURCE SURFACE FROM DISK
1103603.996	Study_Phase.SEQUENCE.DISPLAY_SCREEN	LOADING RESOURCE SURFACE FROM DISK
1105152.482	Study_Phase.SEQUENCE.Study_Instruction	LOADING RESOURCE SURFACE FROM DISK
1113450.15	Study_Phase.SEQUENCE.Study_Instruction	LOADING RESOURCE SURFACE FROM DISK
1120204.13	Study_Phase.SEQUENCE.DISPLAY_SCREEN	LOADING RESOURCE SURFACE FROM DISK
1121761.036	Study_Phase.SEQUENCE.Study_Instruction	LOADING RESOURCE SURFACE FROM DISK
1130067.178	Study_Phase.SEQUENCE.Study_Instruction	LOADING RESOURCE SURFACE FROM DISK
1136820.574	Study_Phase.SEQUENCE.DISPLAY_SCREEN	LOADING RESOURCE SURFACE FROM DISK
1138370.65	Study_Phase.SEQUENCE.Study_Instruction	LOADING RESOURCE SURFACE FROM DISK
1146601.298	Study_Phase.SEQUENCE.Study_Instruction	LOADING RESOURCE SURFACE FROM DISK
1153337.154	Study_Phase.SEQUENCE.DISPLAY_SCREEN	LOADING RESOURCE SURFACE FROM DISK
1154851.12	Study_Phase.SEQUENCE.Study_Instruction	LOADING RESOURCE SURFACE FROM DISK
1163138.52	Study_Phase.SEQUENCE.Study_Instruction	LOADING RESOURCE SURFACE FROM DISK
1171439.13	Study_Phase.SEQUENCE.Study_Instruction	LOADING RESOURCE SURFACE FROM DISK
1178187.276	Study_Phase.SEQUENCE.DISPLAY_SCREEN	LOADING RESOURCE SURFACE FROM DISK
1179701.327	Study_Phase.SEQUENCE.Study_Instruction	LOADING RESOURCE SURFACE FROM DISK
1188000.665	Study_Phase.SEQUENCE.Study_Instruction	LOADING RESOURCE SURFACE FROM DISK
1196284.33	Study_Phase.SEQUENCE.Study_Instruction	LOADING RESOURCE SURFACE FROM DISK
1203037.23	Study_Phase.SEQUENCE.DISPLAY_SCREEN	LOADING RESOURCE SURFACE FROM DISK
1204588.86	Study_Phase.SEQUENCE.Study_Instruction	LOADING RESOURCE SURFACE FROM DISK
1212902.751	Study_Phase.SEQUENCE.Study_Instruction	LOADING RESOURCE SURFACE FROM DISK
1221192.913	Study_Phase.SEQUENCE.Study_Instruction	LOADING RESOURCE SURFACE FROM DISK
1229507.064	Study_Phase.SEQUENCE.Study_Instruction	LOADING RESOURCE SURFACE FROM DISK
1236270.657	Study_Phase.SEQUENCE.DISPLAY_SCREEN	LOADING RESOURCE SURFACE FROM DISK
1237825.457	Study_Phase.SEQUENCE.Study_Instruction	LOADING RESOURCE SURFACE FROM DISK
1246125.841	Study_Phase.SEQUENCE.Study_Instruction	LOADING RESOURCE SURFACE FROM DISK
1254435.261	Study_Phase.SEQUENCE.Study_Instruction	LOADING RESOURCE SURFACE FROM DISK
1262701.133	Study_Phase.SEQUENCE.Study_Instruction	LOADING RESOURCE SURFACE FROM DISK
1269453.805	Study_Phase.SEQUENCE.DISPLAY_SCREEN	LOADING RESOURCE SURFACE FROM DISK
1271001.034	Study_Phase.SEQUENCE.Study_Instruction	LOADING RESOURCE SURFACE FROM DISK
1279267.915	Study_Phase.SEQUENCE.Study_Instruction	LOADING RESOURCE SURFACE FROM DISK
1286020.507	Study_Phase.SEQUENCE.DISPLAY_SCREEN	LOADING RESOURCE SURFACE FROM DISK
1287576.053	Study_Phase.SEQUENCE.Study_Instruction	LOADING RESOURCE SURFACE FROM DISK
1295901.757	Study_Phase.SEQUENCE.Study_Instruction	LOADING RESOURCE SURFACE FROM DISK
1304167.358	Study_Phase.SEQUENCE.Study_Instruction	LOADING RESOURCE SURFACE FROM DISK
1310920.639	Study_Phase.SEQUENCE.DISPLAY_SCREEN	LOADING RESOURCE SURFACE FROM DISK
1312453.591	Study_Phase.SEQUENCE.Study_Instruction	LOADING RESOURCE SURFACE FROM DISK
1320752.108	Study_Phase.SEQUENCE.Study_Instruction	LOADING RESOURCE SURFACE FROM DISK
1329055.087	Study_Phase.SEQUENCE.Study_Instruction	LOADING RESOURCE SURFACE FROM DISK
1335803.745	Study_Phase.SEQUENCE.DISPLAY_SCREEN	LOADING RESOURCE SURFACE FROM DISK
1337317.888	Study_Phase.SEQUENCE.Study_Instruction	LOADING RESOURCE SURFACE FROM DISK
1345618.979	Study_Phase.SEQUENCE.Study_Instruction	LOADING RESOURCE SURFACE FROM DISK
1352370.637	Study_Phase.SEQUENCE.DISPLAY_SCREEN	LOADING RESOURCE SURFACE FROM DISK
1353884.404	Study_Phase.SEQUENCE.Study_Instruction	LOADING RESOURCE SURFACE FROM DISK
1360637.219	Study_Phase.SEQUENCE.DISPLAY_SCREEN	LOADING RESOURCE SURFACE FROM DISK
1362196.061	Study_Phase.SEQUENCE.Study_Instruction	LOADING RESOURCE SURFACE FROM DISK
1368953.812	Study_Phase.SEQUENCE.DISPLAY_SCREEN	LOADING RESOURCE SURFACE FROM DISK
1370467.728	Study_Phase.SEQUENCE.Study_Instruction	LOADING RESOURCE SURFACE FROM DISK
1378754.456	Study_Phase.SEQUENCE.Study_Instruction	LOADING RESOURCE SURFACE FROM DISK
1387017.956	Study_Phase.SEQUENCE.Study_Instruction	LOADING RESOURCE SURFACE FROM DISK
1393770.614	Study_Phase.SEQUENCE.DISPLAY_SCREEN	LOADING RESOURCE SURFACE FROM DISK
1395326.257	Study_Phase.SEQUENCE.Study_Instruction	LOADING RESOURCE SURFACE FROM DISK
1402087.224	Study_Phase.SEQUENCE.DISPLAY_SCREEN	LOADING RESOURCE SURFACE FROM DISK
1403638.112	Study_Phase.SEQUENCE.Study_Instruction	LOADING RESOURCE SURFACE FROM DISK
1411918.318	Study_Phase.SEQUENCE.Study_Instruction	LOADING RESOURCE SURFACE FROM DISK
1418670.521	Study_Phase.SEQUENCE.DISPLAY_SCREEN	LOADING RESOURCE SURFACE FROM DISK
1420219.317	Study_Phase.SEQUENCE.Study_Instruction	LOADING RESOURCE SURFACE FROM DISK
1428484.518	Study_Phase.SEQUENCE.Study_Instruction	LOADING RESOURCE SURFACE FROM DISK
1435220.731	Study_Phase.SEQUENCE.DISPLAY_SCREEN	LOADING RESOURCE SURFACE FROM DISK
1436773.616	Study_Phase.SEQUENCE.Study_Instruction	LOADING RESOURCE SURFACE FROM DISK
1445050.673	Study_Phase.SEQUENCE.Study_Instruction	LOADING RESOURCE SURFACE FROM DISK
1453350.529	Study_Phase.SEQUENCE.Study_Instruction	LOADING RESOURCE SURFACE FROM DISK
1461618.086	Study_Phase.SEQUENCE.Study_Instruction	LOADING RESOURCE SURFACE FROM DISK
1469906.888	Study_Phase.SEQUENCE.Study_Instruction	LOADING RESOURCE SURFACE FROM DISK
1476670.611	Study_Phase.SEQUENCE.DISPLAY_SCREEN	LOADING RESOURCE SURFACE FROM DISK
1478184.568	Study_Phase.SEQUENCE.Study_Instruction	LOADING RESOURCE SURFACE FROM DISK
1486484.852	Study_Phase.SEQUENCE.Study_Instruction	LOADING RESOURCE SURFACE FROM DISK
1494791.626	Study_Phase.SEQUENCE.Study_Instruction	LOADING RESOURCE SURFACE FROM DISK
1501537.138	Study_Phase.SEQUENCE.DISPLAY_SCREEN	LOADING RESOURCE SURFACE FROM DISK
1503085.505	Study_Phase.SEQUENCE.Study_Instruction	LOADING RESOURCE SURFACE FROM DISK
1509837.192	Study_Phase.SEQUENCE.DISPLAY_SCREEN	LOADING RESOURCE SURFACE FROM DISK
1511394.122	Study_Phase.SEQUENCE.Study_Instruction	LOADING RESOURCE SURFACE FROM DISK
1519667.412	Study_Phase.SEQUENCE.Study_Instruction	LOADING RESOURCE SURFACE FROM DISK
1526420.659	Study_Phase.SEQUENCE.DISPLAY_SCREEN	LOADING RESOURCE SURFACE FROM DISK
1527970.441	Study_Phase.SEQUENCE.Study_Instruction	LOADING RESOURCE SURFACE FROM DISK
1536270.294	Study_Phase.SEQUENCE.Study_Instruction	LOADING RESOURCE SURFACE FROM DISK
1544534.58	Study_Phase.SEQUENCE.Study_Instruction	LOADING RESOURCE SURFACE FROM DISK
1551270.707	Study_Phase.SEQUENCE.DISPLAY_SCREEN	LOADING RESOURCE SURFACE FROM DISK
1552804.384	Study_Phase.SEQUENCE.Study_Instruction	LOADING RESOURCE SURFACE FROM DISK
1559553.903	Study_Phase.SEQUENCE.DISPLAY_SCREEN	LOADING RESOURCE SURFACE FROM DISK
1561103.462	Study_Phase.SEQUENCE.Study_Instruction	LOADING RESOURCE SURFACE FROM DISK
1569367.879	Study_Phase.SEQUENCE.Study_Instruction	LOADING RESOURCE SURFACE FROM DISK
1576120.542	Study_Phase.SEQUENCE.DISPLAY_SCREEN	LOADING RESOURCE SURFACE FROM DISK
1577634.477	Study_Phase.SEQUENCE.Study_Instruction	LOADING RESOURCE SURFACE FROM DISK
1585936.522	Study_Phase.SEQUENCE.Study_Instruction	LOADING RESOURCE SURFACE FROM DISK
1594201.25	Study_Phase.SEQUENCE.Study_Instruction	LOADING RESOURCE SURFACE FROM DISK
1600953.922	Study_Phase.SEQUENCE.DISPLAY_SCREEN	LOADING RESOURCE SURFACE FROM DISK
1602510.729	Study_Phase.SEQUENCE.Study_Instruction	LOADING RESOURCE SURFACE FROM DISK
1610807.45	Study_Phase.SEQUENCE.Study_Instruction	LOADING RESOURCE SURFACE FROM DISK
1619107.655	Study_Phase.SEQUENCE.Study_Instruction	LOADING RESOURCE SURFACE FROM DISK
1625870.44	Study_Phase.SEQUENCE.DISPLAY_SCREEN	LOADING RESOURCE SURFACE FROM DISK
1627384.315	Study_Phase.SEQUENCE.Study_Instruction	LOADING RESOURCE SURFACE FROM DISK
1635689.731	Study_Phase.SEQUENCE.Study_Instruction	LOADING RESOURCE SURFACE FROM DISK
1642453.943	Study_Phase.SEQUENCE.DISPLAY_SCREEN	LOADING RESOURCE SURFACE FROM DISK
1644010.384	Study_Phase.SEQUENCE.Study_Instruction	LOADING RESOURCE SURFACE FROM DISK
1652324.618	Study_Phase.SEQUENCE.Study_Instruction	LOADING RESOURCE SURFACE FROM DISK
1660638.839	Study_Phase.SEQUENCE.Study_Instruction	LOADING RESOURCE SURFACE FROM DISK
1667387.076	Study_Phase.SEQUENCE.DISPLAY_SCREEN	LOADING RESOURCE SURFACE FROM DISK
1668935.7	Study_Phase.SEQUENCE.Study_Instruction	LOADING RESOURCE SURFACE FROM DISK
1675687.23	Study_Phase.SEQUENCE.DISPLAY_SCREEN	LOADING RESOURCE SURFACE FROM DISK
1677242.524	Study_Phase.SEQUENCE.Study_Instruction	LOADING RESOURCE SURFACE FROM DISK
1684003.648	Study_Phase.SEQUENCE.DISPLAY_SCREEN	LOADING RESOURCE SURFACE FROM DISK
1685555.256	Study_Phase.SEQUENCE.Study_Instruction	LOADING RESOURCE SURFACE FROM DISK
1693871.508	Study_Phase.SEQUENCE.Study_Instruction	LOADING RESOURCE SURFACE FROM DISK
1700620.59	Study_Phase.SEQUENCE.DISPLAY_SCREEN	LOADING RESOURCE SURFACE FROM DISK
1702134.454	Study_Phase.SEQUENCE.Study_Instruction	LOADING RESOURCE SURFACE FROM DISK
1710443.034	Study_Phase.SEQUENCE.Study_Instruction	LOADING RESOURCE SURFACE FROM DISK
1717204.043	Study_Phase.SEQUENCE.DISPLAY_SCREEN	LOADING RESOURCE SURFACE FROM DISK
1718717.974	Study_Phase.SEQUENCE.Study_Instruction	LOADING RESOURCE SURFACE FROM DISK
1725470.472	Study_Phase.SEQUENCE.DISPLAY_SCREEN	LOADING RESOURCE SURFACE FROM DISK
1726984.477	Study_Phase.SEQUENCE.Study_Instruction	LOADING RESOURCE SURFACE FROM DISK
1735292.862	Study_Phase.SEQUENCE.Study_Instruction	LOADING RESOURCE SURFACE FROM DISK
1743604.712	Study_Phase.SEQUENCE.Study_Instruction	LOADING RESOURCE SURFACE FROM DISK
1751873.714	Study_Phase.SEQUENCE.Study_Instruction	LOADING RESOURCE SURFACE FROM DISK
1758637.356	Study_Phase.SEQUENCE.DISPLAY_SCREEN	LOADING RESOURCE SURFACE FROM DISK
1760186.203	Study_Phase.SEQUENCE.Study_Instruction	LOADING RESOURCE SURFACE FROM DISK
1766937.011	Study_Phase.SEQUENCE.DISPLAY_SCREEN	LOADING RESOURCE SURFACE FROM DISK
1768493.012	Study_Phase.SEQUENCE.Study_Instruction	LOADING RESOURCE SURFACE FROM DISK
1776799.645	Study_Phase.SEQUENCE.Study_Instruction	LOADING RESOURCE SURFACE FROM DISK
1783520.618	Study_Phase.SEQUENCE.DISPLAY_SCREEN	LOADING RESOURCE SURFACE FROM DISK
1785073.802	Study_Phase.SEQUENCE.Study_Instruction	LOADING RESOURCE SURFACE FROM DISK
1793389.343	Study_Phase.SEQUENCE.Study_Instruction	LOADING RESOURCE SURFACE FROM DISK
1801707.755	Study_Phase.SEQUENCE.Study_Instruction	LOADING RESOURCE SURFACE FROM DISK
1808470.575	Study_Phase.SEQUENCE.DISPLAY_SCREEN	LOADING RESOURCE SURFACE FROM DISK
1809984.742	Study_Phase.SEQUENCE.Study_Instruction	LOADING RESOURCE SURFACE FROM DISK
1818250.676	Study_Phase.SEQUENCE.Study_Instruction	LOADING RESOURCE SURFACE FROM DISK
1826517.27	Study_Phase.SEQUENCE.Study_Instruction	LOADING RESOURCE SURFACE FROM DISK
1833270.701	Study_Phase.SEQUENCE.DISPLAY_SCREEN	LOADING RESOURCE SURFACE FROM DISK
1834824.523	Study_Phase.SEQUENCE.Study_Instruction	LOADING RESOURCE SURFACE FROM DISK
1843138.912	Study_Phase.SEQUENCE.Study_Instruction	LOADING RESOURCE SURFACE FROM DISK
1851383.847	Study_Phase.SEQUENCE.Study_Instruction	LOADING RESOURCE SURFACE FROM DISK
1858136.99	Study_Phase.SEQUENCE.DISPLAY_SCREEN	LOADING RESOURCE SURFACE FROM DISK
1859692.227	Study_Phase.SEQUENCE.Study_Instruction	LOADING RESOURCE SURFACE FROM DISK
1866420.658	Study_Phase.SEQUENCE.DISPLAY_SCREEN	LOADING RESOURCE SURFACE FROM DISK
1867968.254	Study_Phase.SEQUENCE.Study_Instruction	LOADING RESOURCE SURFACE FROM DISK
1874703.673	Study_Phase.SEQUENCE.DISPLAY_SCREEN	LOADING RESOURCE SURFACE FROM DISK
1876217.82	Study_Phase.SEQUENCE.Study_Instruction	LOADING RESOURCE SURFACE FROM DISK
1882970.576	Study_Phase.SEQUENCE.DISPLAY_SCREEN	LOADING RESOURCE SURFACE FROM DISK
1884516.302	Study_Phase.SEQUENCE.Study_Instruction	LOADING RESOURCE SURFACE FROM DISK
1891270.487	Study_Phase.SEQUENCE.DISPLAY_SCREEN	LOADING RESOURCE SURFACE FROM DISK
1892825.563	Study_Phase.SEQUENCE.Study_Instruction	LOADING RESOURCE SURFACE FROM DISK
1899587.285	Study_Phase.SEQUENCE.DISPLAY_SCREEN	LOADING RESOURCE SURFACE FROM DISK
1901144.04	Study_Phase.SEQUENCE.Study_Instruction	LOADING RESOURCE SURFACE FROM DISK
1909401.286	Study_Phase.SEQUENCE.Study_Instruction	LOADING RESOURCE SURFACE FROM DISK
1917689.784	Study_Phase.SEQUENCE.Study_Instruction	LOADING RESOURCE SURFACE FROM DISK
1924453.745	Study_Phase.SEQUENCE.DISPLAY_SCREEN	LOADING RESOURCE SURFACE FROM DISK
1926002.96	Study_Phase.SEQUENCE.Study_Instruction	LOADING RESOURCE SURFACE FROM DISK
1934250.771	Study_Phase.SEQUENCE.Study_Instruction	LOADING RESOURCE SURFACE FROM DISK
1942602.816	Study_Phase.SEQUENCE.Study_Instruction	LOADING RESOURCE SURFACE FROM DISK
1949353.985	Study_Phase.SEQUENCE.DISPLAY_SCREEN	LOADING RESOURCE SURFACE FROM DISK
1950910.449	Study_Phase.SEQUENCE.Study_Instruction	LOADING RESOURCE SURFACE FROM DISK
1957670.525	Study_Phase.SEQUENCE.DISPLAY_SCREEN	LOADING RESOURCE SURFACE FROM DISK
1959184.33	Study_Phase.SEQUENCE.Study_Instruction	LOADING RESOURCE SURFACE FROM DISK
1967450.66	Study_Phase.SEQUENCE.Study_Instruction	LOADING RESOURCE SURFACE FROM DISK
1975755.795	Study_Phase.SEQUENCE.Study_Instruction	LOADING RESOURCE SURFACE FROM DISK
1980474.869	DISPLAY_SCREEN[7]	LOADING RESOURCE SURFACE FROM DISK
2107027.372	Test_Phase.SEQUENCE.Target_Cue	LOADING RESOURCE SURFACE FROM DISK
2107037.783	Test_Phase.SEQUENCE.Target_Cue	LOADING RESOURCE SURFACE FROM DISK
2109050.658	Test_Phase.SEQUENCE.Word	LOADING RESOURCE SURFACE FROM DISK
2112102.265	Test_Phase.SEQUENCE.Test_Question	LOADING RESOURCE SURFACE FROM DISK
2112116.55	Test_Phase.SEQUENCE.Test_Question	LOADING RESOURCE SURFACE FROM DISK
2112126.982	Test_Phase.SEQUENCE.Test_Question	LOADING RESOURCE SURFACE FROM DISK
2112128.827	Test_Phase.SEQUENCE.Test_Question	LOADING RESOURCE SURFACE FROM DISK
2112130.636	Test_Phase.SEQUENCE.Test_Question	LOADING RESOURCE SURFACE FROM DISK
2112132.441	Test_Phase.SEQUENCE.Test_Question	LOADING RESOURCE SURFACE FROM DISK
2112134.278	Test_Phase.SEQUENCE.Test_Question	LOADING RESOURCE SURFACE FROM DISK
2112136.204	Test_Phase.SEQUENCE.Test_Question	LOADING RESOURCE SURFACE FROM DISK
2112138.024	Test_Phase.SEQUENCE.Test_Question	LOADING RESOURCE SURFACE FROM DISK
2112139.799	Test_Phase.SEQUENCE.Test_Question	LOADING RESOURCE SURFACE FROM DISK
2112141.566	Test_Phase.SEQUENCE.Test_Question	LOADING RESOURCE SURFACE FROM DISK
2112143.329	Test_Phase.SEQUENCE.Test_Question	LOADING RESOURCE SURFACE FROM DISK
2124084.144	Test_Phase.SEQUENCE.Word	LOADING RESOURCE SURFACE FROM DISK
2133567.412	Test_Phase.SEQUENCE.Word	LOADING RESOURCE SURFACE FROM DISK
2144384.352	Test_Phase.SEQUENCE.Word	LOADING RESOURCE SURFACE FROM DISK
2152959.302	Test_Phase.SEQUENCE.Word	LOADING RESOURCE SURFACE FROM DISK
2161717.216	Test_Phase.SEQUENCE.Word	LOADING RESOURCE SURFACE FROM DISK
2170124.973	Test_Phase.SEQUENCE.Word	LOADING RESOURCE SURFACE FROM DISK
2177617.248	Test_Phase.SEQUENCE.Word	LOADING RESOURCE SURFACE FROM DISK
2185434.986	Test_Phase.SEQUENCE.Word	LOADING RESOURCE SURFACE FROM DISK
2194450.794	Test_Phase.SEQUENCE.Word	LOADING RESOURCE SURFACE FROM DISK
2202034.042	Test_Phase.SEQUENCE.Word	LOADING RESOURCE SURFACE FROM DISK
2209737.614	Test_Phase.SEQUENCE.Word	LOADING RESOURCE SURFACE FROM DISK
2217592.692	Test_Phase.SEQUENCE.Word	LOADING RESOURCE SURFACE FROM DISK
2228150.589	Test_Phase.SEQUENCE.Word	LOADING RESOURCE SURFACE FROM DISK
2235934.99	Test_Phase.SEQUENCE.Word	LOADING RESOURCE SURFACE FROM DISK
2247450.476	Test_Phase.SEQUENCE.Word	LOADING RESOURCE SURFACE FROM DISK
2254717.38	Test_Phase.SEQUENCE.Word	LOADING RESOURCE SURFACE FROM DISK
2262200.56	Test_Phase.SEQUENCE.Word	LOADING RESOURCE SURFACE FROM DISK
2271784.095	Test_Phase.SEQUENCE.Word	LOADING RESOURCE SURFACE FROM DISK
2279117.168	Test_Phase.SEQUENCE.Word	LOADING RESOURCE SURFACE FROM DISK
2286500.684	Test_Phase.SEQUENCE.Word	LOADING RESOURCE SURFACE FROM DISK
2294133.713	Test_Phase.SEQUENCE.Word	LOADING RESOURCE SURFACE FROM DISK
2301550.621	Test_Phase.SEQUENCE.Word	LOADING RESOURCE SURFACE FROM DISK
2309233.997	Test_Phase.SEQUENCE.Word	LOADING RESOURCE SURFACE FROM DISK
2317156.63	Test_Phase.SEQUENCE.Word	LOADING RESOURCE SURFACE FROM DISK
2325734.027	Test_Phase.SEQUENCE.Word	LOADING RESOURCE SURFACE FROM DISK
2333050.544	Test_Phase.SEQUENCE.Word	LOADING RESOURCE SURFACE FROM DISK
2342184.122	Test_Phase.SEQUENCE.Word	LOADING RESOURCE SURFACE FROM DISK
2351200.586	Test_Phase.SEQUENCE.Word	LOADING RESOURCE SURFACE FROM DISK
2358967.124	Test_Phase.SEQUENCE.Word	LOADING RESOURCE SURFACE FROM DISK
2366300.709	Test_Phase.SEQUENCE.Word	LOADING RESOURCE SURFACE FROM DISK
2373633.787	Test_Phase.SEQUENCE.Word	LOADING RESOURCE SURFACE FROM DISK
2381058.835	Test_Phase.SEQUENCE.Word	LOADING RESOURCE SURFACE FROM DISK
2388617.607	Test_Phase.SEQUENCE.Word	LOADING RESOURCE SURFACE FROM DISK
2396450.478	Test_Phase.SEQUENCE.Word	LOADING RESOURCE SURFACE FROM DISK
2404307.106	Test_Phase.SEQUENCE.Word	LOADING RESOURCE SURFACE FROM DISK
2412750.824	Test_Phase.SEQUENCE.Word	LOADING RESOURCE SURFACE FROM DISK
2422517.416	Test_Phase.SEQUENCE.Word	LOADING RESOURCE SURFACE FROM DISK
2430940.769	Test_Phase.SEQUENCE.Word	LOADING RESOURCE SURFACE FROM DISK
2438851.116	Test_Phase.SEQUENCE.Word	LOADING RESOURCE SURFACE FROM DISK
2446384.143	Test_Phase.SEQUENCE.Word	LOADING RESOURCE SURFACE FROM DISK
2453924.533	Test_Phase.SEQUENCE.Word	LOADING RESOURCE SURFACE FROM DISK
2461250.599	Test_Phase.SEQUENCE.Word	LOADING RESOURCE SURFACE FROM DISK
2468567.189	Test_Phase.SEQUENCE.Word	LOADING RESOURCE SURFACE FROM DISK
2476202.329	Test_Phase.SEQUENCE.Word	LOADING RESOURCE SURFACE FROM DISK
2483627.14	Test_Phase.SEQUENCE.Word	LOADING RESOURCE SURFACE FROM DISK
2491355.915	Test_Phase.SEQUENCE.Word	LOADING RESOURCE SURFACE FROM DISK
2500400.462	Test_Phase.SEQUENCE.Word	LOADING RESOURCE SURFACE FROM DISK
2508434.113	Test_Phase.SEQUENCE.Word	LOADING RESOURCE SURFACE FROM DISK
2515900.611	Test_Phase.SEQUENCE.Word	LOADING RESOURCE SURFACE FROM DISK
2523050.535	Test_Phase.SEQUENCE.Word	LOADING RESOURCE SURFACE FROM DISK
2530452.37	Test_Phase.SEQUENCE.Word	LOADING RESOURCE SURFACE FROM DISK
2537837.186	Test_Phase.SEQUENCE.Word	LOADING RESOURCE SURFACE FROM DISK
2545726.483	Test_Phase.SEQUENCE.Word	LOADING RESOURCE SURFACE FROM DISK
2553217.335	Test_Phase.SEQUENCE.Word	LOADING RESOURCE SURFACE FROM DISK
2560634.084	Test_Phase.SEQUENCE.Word	LOADING RESOURCE SURFACE FROM DISK
2568283.86	Test_Phase.SEQUENCE.Word	LOADING RESOURCE SURFACE FROM DISK
2575650.628	Test_Phase.SEQUENCE.Word	LOADING RESOURCE SURFACE FROM DISK
2590617.292	Test_Phase.SEQUENCE.Word	LOADING RESOURCE SURFACE FROM DISK
2597891.453	Test_Phase.SEQUENCE.Word	LOADING RESOURCE SURFACE FROM DISK
2606900.619	Test_Phase.SEQUENCE.Word	LOADING RESOURCE SURFACE FROM DISK
2614550.749	Test_Phase.SEQUENCE.Word	LOADING RESOURCE SURFACE FROM DISK
2622000.605	Test_Phase.SEQUENCE.Word	LOADING RESOURCE SURFACE FROM DISK
2629323.959	Test_Phase.SEQUENCE.Word	LOADING RESOURCE SURFACE FROM DISK
2638266.38	Test_Phase.SEQUENCE.Word	LOADING RESOURCE SURFACE FROM DISK
2645936.709	Test_Phase.SEQUENCE.Word	LOADING RESOURCE SURFACE FROM DISK
2653288.485	Test_Phase.SEQUENCE.Word	LOADING RESOURCE SURFACE FROM DISK
2660589.218	Test_Phase.SEQUENCE.Word	LOADING RESOURCE SURFACE FROM DISK
2667756.117	Test_Phase.SEQUENCE.Word	LOADING RESOURCE SURFACE FROM DISK
2676867.294	Test_Phase.SEQUENCE.Word	LOADING RESOURCE SURFACE FROM DISK
2684450.573	Test_Phase.SEQUENCE.Word	LOADING RESOURCE SURFACE FROM DISK
2691900.487	Test_Phase.SEQUENCE.Word	LOADING RESOURCE SURFACE FROM DISK
2699186.895	Test_Phase.SEQUENCE.Word	LOADING RESOURCE SURFACE FROM DISK
2708084.183	Test_Phase.SEQUENCE.Word	LOADING RESOURCE SURFACE FROM DISK
2716076.319	Test_Phase.SEQUENCE.Word	LOADING RESOURCE SURFACE FROM DISK
2723517.391	Test_Phase.SEQUENCE.Word	LOADING RESOURCE SURFACE FROM DISK
2730833.892	Test_Phase.SEQUENCE.Word	LOADING RESOURCE SURFACE FROM DISK
2738350.607	Test_Phase.SEQUENCE.Word	LOADING RESOURCE SURFACE FROM DISK
2745717.377	Test_Phase.SEQUENCE.Word	LOADING RESOURCE SURFACE FROM DISK
2754933.918	Test_Phase.SEQUENCE.Word	LOADING RESOURCE SURFACE FROM DISK
2762267.308	Test_Phase.SEQUENCE.Word	LOADING RESOURCE SURFACE FROM DISK
2771274.38	Test_Phase.SEQUENCE.Word	LOADING RESOURCE SURFACE FROM DISK
2778567.244	Test_Phase.SEQUENCE.Word	LOADING RESOURCE SURFACE FROM DISK
2786000.567	Test_Phase.SEQUENCE.Word	LOADING RESOURCE SURFACE FROM DISK
2793274.207	Test_Phase.SEQUENCE.Word	LOADING RESOURCE SURFACE FROM DISK
2800450.89	Test_Phase.SEQUENCE.Word	LOADING RESOURCE SURFACE FROM DISK
2807800.603	Test_Phase.SEQUENCE.Word	LOADING RESOURCE SURFACE FROM DISK
2815234.273	Test_Phase.SEQUENCE.Word	LOADING RESOURCE SURFACE FROM DISK
2822982.936	Test_Phase.SEQUENCE.Word	LOADING RESOURCE SURFACE FROM DISK
2837317.511	Test_Phase.SEQUENCE.Word	LOADING RESOURCE SURFACE FROM DISK
2844483.872	Test_Phase.SEQUENCE.Word	LOADING RESOURCE SURFACE FROM DISK
2851867.469	Test_Phase.SEQUENCE.Word	LOADING RESOURCE SURFACE FROM DISK
2858933.885	Test_Phase.SEQUENCE.Word	LOADING RESOURCE SURFACE FROM DISK
2866567.928	Test_Phase.SEQUENCE.Word	LOADING RESOURCE SURFACE FROM DISK
2874072.184	Test_Phase.SEQUENCE.Word	LOADING RESOURCE SURFACE FROM DISK
2881167.214	Test_Phase.SEQUENCE.Word	LOADING RESOURCE SURFACE FROM DISK
2890584.021	Test_Phase.SEQUENCE.Word	LOADING RESOURCE SURFACE FROM DISK
2898667.52	Test_Phase.SEQUENCE.Word	LOADING RESOURCE SURFACE FROM DISK
2905969.955	Test_Phase.SEQUENCE.Word	LOADING RESOURCE SURFACE FROM DISK
2913384.289	Test_Phase.SEQUENCE.Word	LOADING RESOURCE SURFACE FROM DISK
2920957.487	Test_Phase.SEQUENCE.Word	LOADING RESOURCE SURFACE FROM DISK
2930000.412	Test_Phase.SEQUENCE.Word	LOADING RESOURCE SURFACE FROM DISK
2937369.803	Test_Phase.SEQUENCE.Word	LOADING RESOURCE SURFACE FROM DISK
2945334.038	Test_Phase.SEQUENCE.Word	LOADING RESOURCE SURFACE FROM DISK
2952950.527	Test_Phase.SEQUENCE.Word	LOADING RESOURCE SURFACE FROM DISK
2960117.367	Test_Phase.SEQUENCE.Word	LOADING RESOURCE SURFACE FROM DISK
2967599.992	Test_Phase.SEQUENCE.Word	LOADING RESOURCE SURFACE FROM DISK
2975404.82	Test_Phase.SEQUENCE.Word	LOADING RESOURCE SURFACE FROM DISK
2982867.442	Test_Phase.SEQUENCE.Word	LOADING RESOURCE SURFACE FROM DISK
2990333.949	Test_Phase.SEQUENCE.Word	LOADING RESOURCE SURFACE FROM DISK
2998017.192	Test_Phase.SEQUENCE.Word	LOADING RESOURCE SURFACE FROM DISK
3005440.881	Test_Phase.SEQUENCE.Word	LOADING RESOURCE SURFACE FROM DISK
3013135.176	Test_Phase.SEQUENCE.Word	LOADING RESOURCE SURFACE FROM DISK
3020134.061	Test_Phase.SEQUENCE.Word	LOADING RESOURCE SURFACE FROM DISK
3027217.261	Test_Phase.SEQUENCE.Word	LOADING RESOURCE SURFACE FROM DISK
3034534.082	Test_Phase.SEQUENCE.Word	LOADING RESOURCE SURFACE FROM DISK
3041684.073	Test_Phase.SEQUENCE.Word	LOADING RESOURCE SURFACE FROM DISK
3049252.232	Test_Phase.SEQUENCE.Word	LOADING RESOURCE SURFACE FROM DISK
3056700.447	Test_Phase.SEQUENCE.Word	LOADING RESOURCE SURFACE FROM DISK
3064050.81	Test_Phase.SEQUENCE.Word	LOADING RESOURCE SURFACE FROM DISK
3071984.032	Test_Phase.SEQUENCE.Word	LOADING RESOURCE SURFACE FROM DISK
3079417.297	Test_Phase.SEQUENCE.Word	LOADING RESOURCE SURFACE FROM DISK
3086750.649	Test_Phase.SEQUENCE.Word	LOADING RESOURCE SURFACE FROM DISK
3094397.578	Test_Phase.SEQUENCE.Word	LOADING RESOURCE SURFACE FROM DISK
3102567.458	Test_Phase.SEQUENCE.Word	LOADING RESOURCE SURFACE FROM DISK
3109852.64	Test_Phase.SEQUENCE.Word	LOADING RESOURCE SURFACE FROM DISK
3117374.141	Test_Phase.SEQUENCE.Word	LOADING RESOURCE SURFACE FROM DISK
3124675.928	Test_Phase.SEQUENCE.Word	LOADING RESOURCE SURFACE FROM DISK
3132051.642	Test_Phase.SEQUENCE.Word	LOADING RESOURCE SURFACE FROM DISK
3139433.993	Test_Phase.SEQUENCE.Word	LOADING RESOURCE SURFACE FROM DISK
3146767.243	Test_Phase.SEQUENCE.Word	LOADING RESOURCE SURFACE FROM DISK
3153988.532	Test_Phase.SEQUENCE.Word	LOADING RESOURCE SURFACE FROM DISK
3161900.618	Test_Phase.SEQUENCE.Word	LOADING RESOURCE SURFACE FROM DISK
3169059.76	Test_Phase.SEQUENCE.Word	LOADING RESOURCE SURFACE FROM DISK
3176250.587	Test_Phase.SEQUENCE.Word	LOADING RESOURCE SURFACE FROM DISK
3183533.907	Test_Phase.SEQUENCE.Word	LOADING RESOURCE SURFACE FROM DISK
3190917.172	Test_Phase.SEQUENCE.Word	LOADING RESOURCE SURFACE FROM DISK
3198217.524	Test_Phase.SEQUENCE.Word	LOADING RESOURCE SURFACE FROM DISK
3205407.353	Test_Phase.SEQUENCE.Word	LOADING RESOURCE SURFACE FROM DISK
3212700.568	Test_Phase.SEQUENCE.Word	LOADING RESOURCE SURFACE FROM DISK
3221467.331	Test_Phase.SEQUENCE.Word	LOADING RESOURCE SURFACE FROM DISK
3228700.575	Test_Phase.SEQUENCE.Word	LOADING RESOURCE SURFACE FROM DISK
3236000.471	Test_Phase.SEQUENCE.Word	LOADING RESOURCE SURFACE FROM DISK
3243317.372	Test_Phase.SEQUENCE.Word	LOADING RESOURCE SURFACE FROM DISK
3250467.118	Test_Phase.SEQUENCE.Word	LOADING RESOURCE SURFACE FROM DISK
3257834.164	Test_Phase.SEQUENCE.Word	LOADING RESOURCE SURFACE FROM DISK
3265667.18	Test_Phase.SEQUENCE.Word	LOADING RESOURCE SURFACE FROM DISK
3272917.351	Test_Phase.SEQUENCE.Word	LOADING RESOURCE SURFACE FROM DISK
3280084.332	Test_Phase.SEQUENCE.Word	LOADING RESOURCE SURFACE FROM DISK
3287192.381	Test_Phase.SEQUENCE.Word	LOADING RESOURCE SURFACE FROM DISK
3294467.319	Test_Phase.SEQUENCE.Word	LOADING RESOURCE SURFACE FROM DISK
3301592.685	Test_Phase.SEQUENCE.Word	LOADING RESOURCE SURFACE FROM DISK
3308718.155	Test_Phase.SEQUENCE.Word	LOADING RESOURCE SURFACE FROM DISK
3316024.992	Test_Phase.SEQUENCE.Word	LOADING RESOURCE SURFACE FROM DISK
3323383.815	Test_Phase.SEQUENCE.Word	LOADING RESOURCE SURFACE FROM DISK
3332189.001	Test_Phase.SEQUENCE.Word	LOADING RESOURCE SURFACE FROM DISK
3340600.801	Test_Phase.SEQUENCE.Word	LOADING RESOURCE SURFACE FROM DISK
3347734.172	Test_Phase.SEQUENCE.Word	LOADING RESOURCE SURFACE FROM DISK
3354809.376	Test_Phase.SEQUENCE.Word	LOADING RESOURCE SURFACE FROM DISK
3362221.993	Test_Phase.SEQUENCE.Word	LOADING RESOURCE SURFACE FROM DISK
3369417.359	Test_Phase.SEQUENCE.Word	LOADING RESOURCE SURFACE FROM DISK
3376533.895	Test_Phase.SEQUENCE.Word	LOADING RESOURCE SURFACE FROM DISK
3384500.684	Test_Phase.SEQUENCE.Word	LOADING RESOURCE SURFACE FROM DISK
3392299.531	Test_Phase.SEQUENCE.Word	LOADING RESOURCE SURFACE FROM DISK
3399417.199	Test_Phase.SEQUENCE.Word	LOADING RESOURCE SURFACE FROM DISK
3406500.529	Test_Phase.SEQUENCE.Word	LOADING RESOURCE SURFACE FROM DISK
3413783.989	Test_Phase.SEQUENCE.Word	LOADING RESOURCE SURFACE FROM DISK
3420983.955	Test_Phase.SEQUENCE.Word	LOADING RESOURCE SURFACE FROM DISK
3428284.038	Test_Phase.SEQUENCE.Word	LOADING RESOURCE SURFACE FROM DISK
3435500.579	Test_Phase.SEQUENCE.Word	LOADING RESOURCE SURFACE FROM DISK
3442800.636	Test_Phase.SEQUENCE.Word	LOADING RESOURCE SURFACE FROM DISK
3450050.625	Test_Phase.SEQUENCE.Word	LOADING RESOURCE SURFACE FROM DISK
3457342.89	Test_Phase.SEQUENCE.Word	LOADING RESOURCE SURFACE FROM DISK
3465400.651	Test_Phase.SEQUENCE.Word	LOADING RESOURCE SURFACE FROM DISK
3472833.928	Test_Phase.SEQUENCE.Word	LOADING RESOURCE SURFACE FROM DISK
3479983.938	Test_Phase.SEQUENCE.Word	LOADING RESOURCE SURFACE FROM DISK
3487117.374	Test_Phase.SEQUENCE.Word	LOADING RESOURCE SURFACE FROM DISK
3494407.616	Test_Phase.SEQUENCE.Word	LOADING RESOURCE SURFACE FROM DISK
3501550.685	Test_Phase.SEQUENCE.Word	LOADING RESOURCE SURFACE FROM DISK
3508667.234	Test_Phase.SEQUENCE.Word	LOADING RESOURCE SURFACE FROM DISK
3515759.313	Test_Phase.SEQUENCE.Word	LOADING RESOURCE SURFACE FROM DISK
3523734.84	Test_Phase.SEQUENCE.Word	LOADING RESOURCE SURFACE FROM DISK
3530900.692	Test_Phase.SEQUENCE.Word	LOADING RESOURCE SURFACE FROM DISK
3538106.654	Test_Phase.SEQUENCE.Word	LOADING RESOURCE SURFACE FROM DISK
3545236.558	Test_Phase.SEQUENCE.Word	LOADING RESOURCE SURFACE FROM DISK
3553340.212	Test_Phase.SEQUENCE.Word	LOADING RESOURCE SURFACE FROM DISK
3562638.463	Test_Phase.SEQUENCE.Word	LOADING RESOURCE SURFACE FROM DISK
3570517.243	Test_Phase.SEQUENCE.Word	LOADING RESOURCE SURFACE FROM DISK
3577817.3	Test_Phase.SEQUENCE.Word	LOADING RESOURCE SURFACE FROM DISK
3585015.756	Test_Phase.SEQUENCE.Word	LOADING RESOURCE SURFACE FROM DISK
3592094.851	Test_Phase.SEQUENCE.Word	LOADING RESOURCE SURFACE FROM DISK
3599269.021	Test_Phase.SEQUENCE.Word	LOADING RESOURCE SURFACE FROM DISK
3606338.155	Test_Phase.SEQUENCE.Word	LOADING RESOURCE SURFACE FROM DISK
3613550.674	Test_Phase.SEQUENCE.Word	LOADING RESOURCE SURFACE FROM DISK
3620917.203	Test_Phase.SEQUENCE.Word	LOADING RESOURCE SURFACE FROM DISK
3628000.264	Test_Phase.SEQUENCE.Word	LOADING RESOURCE SURFACE FROM DISK
3635317.115	Test_Phase.SEQUENCE.Word	LOADING RESOURCE SURFACE FROM DISK
3642417.239	Test_Phase.SEQUENCE.Word	LOADING RESOURCE SURFACE FROM DISK
3649536.966	Test_Phase.SEQUENCE.Word	LOADING RESOURCE SURFACE FROM DISK
3653083.381	DISPLAY_SCREEN	LOADING RESOURCE SURFACE FROM DISK
