5065.36	DISPLAY_SCREEN[1]	LOADING RESOURCE SURFACE FROM DISK
132333.843	Familiarization_Phase.SEQUENCE.Cue_and_Instruction	LOADING RESOURCE SURFACE FROM DISK
132338.057	Familiarization_Phase.SEQUENCE.Cue_and_Instruction	LOADING RESOURCE SURFACE FROM DISK
138382.175	Familiarization_Phase.SEQUENCE.Cue_and_Instruction	LOADING RESOURCE SURFACE FROM DISK
138386.807	Familiarization_Phase.SEQUENCE.Cue_and_Instruction	LOADING RESOURCE SURFACE FROM DISK
144461.583	Familiarization_Phase.SEQUENCE.Cue_and_Instruction	LOADING RESOURCE SURFACE FROM DISK
144470.091	Familiarization_Phase.SEQUENCE.Cue_and_Instruction	LOADING RESOURCE SURFACE FROM DISK
186880.084	DISPLAY_SCREEN[3]	LOADING RESOURCE SURFACE FROM DISK
297328.589	DISPLAY_SCREEN[5]	LOADING RESOURCE SURFACE FROM DISK
551932.529	Practice_Phase.SEQUENCE.Blink_Screen	LOADING RESOURCE SURFACE FROM DISK
551933.671	Practice_Phase.SEQUENCE.Blink_Screen	flip time is later than desired time. Desired Time=551678 Flip Time=551945 Retrace Rate=16.639, prepareTime=279 flip request time 551933
553149.507	Practice_Phase.SEQUENCE.Practice_Luminance_Cue	LOADING RESOURCE SURFACE FROM DISK
553164.387	Practice_Phase.SEQUENCE.Practice_Luminance_Cue	LOADING RESOURCE SURFACE FROM DISK
553165.894	Practice_Phase.SEQUENCE.Practice_Luminance_Cue	flip time is later than desired time. Desired Time=553145 Flip Time=553178 Retrace Rate=16.639, prepareTime=44 flip request time 553165
553709.287	Practice_Phase.SEQUENCE.DISPLAY_SCREEN	LOADING RESOURCE SURFACE FROM DISK
553711.35	Practice_Phase.SEQUENCE.DISPLAY_SCREEN	flip time is later than desired time. Desired Time=553678 Flip Time=553728 Retrace Rate=16.639, prepareTime=56 flip request time 553711
555242.163	Practice_Phase.SEQUENCE.Practice_Instruction	LOADING RESOURCE SURFACE FROM DISK
555243.706	Practice_Phase.SEQUENCE.Practice_Instruction	flip time is later than desired time. Desired Time=555228 Flip Time=555262 Retrace Rate=16.639, prepareTime=39 flip request time 555243
561809.987	Practice_Phase.SEQUENCE.DISPLAY_SCREEN	LOADING RESOURCE SURFACE FROM DISK
563352.975	Practice_Phase.SEQUENCE.Practice_Instruction	LOADING RESOURCE SURFACE FROM DISK
563354.401	Practice_Phase.SEQUENCE.Practice_Instruction	flip time is later than desired time. Desired Time=563328 Flip Time=563362 Retrace Rate=16.639, prepareTime=49 flip request time 563354
569948.614	Practice_Phase.SEQUENCE.DISPLAY_SCREEN	LOADING RESOURCE SURFACE FROM DISK
569950.714	Practice_Phase.SEQUENCE.DISPLAY_SCREEN	flip time is later than desired time. Desired Time=569928 Flip Time=569962 Retrace Rate=16.639, prepareTime=46 flip request time 569950
571474.872	Practice_Phase.SEQUENCE.Practice_Instruction	LOADING RESOURCE SURFACE FROM DISK
571476.323	Practice_Phase.SEQUENCE.Practice_Instruction	flip time is later than desired time. Desired Time=571462 Flip Time=571495 Retrace Rate=16.639, prepareTime=38 flip request time 571476
578043.116	Practice_Phase.SEQUENCE.DISPLAY_SCREEN	LOADING RESOURCE SURFACE FROM DISK
579540.316	Practice_Phase.SEQUENCE.Practice_Instruction	LOADING RESOURCE SURFACE FROM DISK
586110.146	Practice_Phase.SEQUENCE.DISPLAY_SCREEN	LOADING RESOURCE SURFACE FROM DISK
587606.808	Practice_Phase.SEQUENCE.Practice_Instruction	LOADING RESOURCE SURFACE FROM DISK
594176.761	Practice_Phase.SEQUENCE.DISPLAY_SCREEN	LOADING RESOURCE SURFACE FROM DISK
595707.449	Practice_Phase.SEQUENCE.Practice_Instruction	LOADING RESOURCE SURFACE FROM DISK
595709.065	Practice_Phase.SEQUENCE.Practice_Instruction	flip time is later than desired time. Desired Time=595695 Flip Time=595728 Retrace Rate=16.639, prepareTime=37 flip request time 595708
602276.509	Practice_Phase.SEQUENCE.DISPLAY_SCREEN	LOADING RESOURCE SURFACE FROM DISK
603773.794	Practice_Phase.SEQUENCE.Practice_Instruction	LOADING RESOURCE SURFACE FROM DISK
610343.211	Practice_Phase.SEQUENCE.DISPLAY_SCREEN	LOADING RESOURCE SURFACE FROM DISK
611840.235	Practice_Phase.SEQUENCE.Practice_Instruction	LOADING RESOURCE SURFACE FROM DISK
618409.997	Practice_Phase.SEQUENCE.DISPLAY_SCREEN	LOADING RESOURCE SURFACE FROM DISK
619906.782	Practice_Phase.SEQUENCE.Practice_Instruction	LOADING RESOURCE SURFACE FROM DISK
624580.916	DISPLAY_SCREEN[2]	LOADING RESOURCE SURFACE FROM DISK
718801.476	Study_Phase.SEQUENCE.DISPLAY_SCREEN	LOADING RESOURCE SURFACE FROM DISK
720350.186	Study_Phase.SEQUENCE.Study_Instruction	LOADING RESOURCE SURFACE FROM DISK
728649.717	Study_Phase.SEQUENCE.Study_Instruction	LOADING RESOURCE SURFACE FROM DISK
735401.565	Study_Phase.SEQUENCE.DISPLAY_SCREEN	LOADING RESOURCE SURFACE FROM DISK
736952.189	Study_Phase.SEQUENCE.Study_Instruction	LOADING RESOURCE SURFACE FROM DISK
745215.546	Study_Phase.SEQUENCE.Study_Instruction	LOADING RESOURCE SURFACE FROM DISK
751968.232	Study_Phase.SEQUENCE.DISPLAY_SCREEN	LOADING RESOURCE SURFACE FROM DISK
753482.235	Study_Phase.SEQUENCE.Study_Instruction	LOADING RESOURCE SURFACE FROM DISK
761784.819	Study_Phase.SEQUENCE.Study_Instruction	LOADING RESOURCE SURFACE FROM DISK
768768.258	Study_Phase.SEQUENCE.DISPLAY_SCREEN	LOADING RESOURCE SURFACE FROM DISK
770317.806	Study_Phase.SEQUENCE.Study_Instruction	LOADING RESOURCE SURFACE FROM DISK
777068.367	Study_Phase.SEQUENCE.DISPLAY_SCREEN	LOADING RESOURCE SURFACE FROM DISK
778615.494	Study_Phase.SEQUENCE.Study_Instruction	LOADING RESOURCE SURFACE FROM DISK
786881.453	Study_Phase.SEQUENCE.Study_Instruction	LOADING RESOURCE SURFACE FROM DISK
795191.46	Study_Phase.SEQUENCE.Study_Instruction	LOADING RESOURCE SURFACE FROM DISK
801951.421	Study_Phase.SEQUENCE.DISPLAY_SCREEN	LOADING RESOURCE SURFACE FROM DISK
803483.775	Study_Phase.SEQUENCE.Study_Instruction	LOADING RESOURCE SURFACE FROM DISK
811789.273	Study_Phase.SEQUENCE.Study_Instruction	LOADING RESOURCE SURFACE FROM DISK
818551.634	Study_Phase.SEQUENCE.DISPLAY_SCREEN	LOADING RESOURCE SURFACE FROM DISK
820104.515	Study_Phase.SEQUENCE.Study_Instruction	LOADING RESOURCE SURFACE FROM DISK
826868.235	Study_Phase.SEQUENCE.DISPLAY_SCREEN	LOADING RESOURCE SURFACE FROM DISK
828416.798	Study_Phase.SEQUENCE.Study_Instruction	LOADING RESOURCE SURFACE FROM DISK
836724.644	Study_Phase.SEQUENCE.Study_Instruction	LOADING RESOURCE SURFACE FROM DISK
845038.82	Study_Phase.SEQUENCE.Study_Instruction	LOADING RESOURCE SURFACE FROM DISK
853315.631	Study_Phase.SEQUENCE.Study_Instruction	LOADING RESOURCE SURFACE FROM DISK
860068.041	Study_Phase.SEQUENCE.DISPLAY_SCREEN	LOADING RESOURCE SURFACE FROM DISK
861620.823	Study_Phase.SEQUENCE.Study_Instruction	LOADING RESOURCE SURFACE FROM DISK
869937.182	Study_Phase.SEQUENCE.Study_Instruction	LOADING RESOURCE SURFACE FROM DISK
878214.819	Study_Phase.SEQUENCE.Study_Instruction	LOADING RESOURCE SURFACE FROM DISK
886524.571	Study_Phase.SEQUENCE.Study_Instruction	LOADING RESOURCE SURFACE FROM DISK
894887.279	Study_Phase.SEQUENCE.Study_Instruction	LOADING RESOURCE SURFACE FROM DISK
901651.628	Study_Phase.SEQUENCE.DISPLAY_SCREEN	LOADING RESOURCE SURFACE FROM DISK
903204.619	Study_Phase.SEQUENCE.Study_Instruction	LOADING RESOURCE SURFACE FROM DISK
911482.075	Study_Phase.SEQUENCE.Study_Instruction	LOADING RESOURCE SURFACE FROM DISK
919789.518	Study_Phase.SEQUENCE.Study_Instruction	LOADING RESOURCE SURFACE FROM DISK
926551.425	Study_Phase.SEQUENCE.DISPLAY_SCREEN	LOADING RESOURCE SURFACE FROM DISK
928099.206	Study_Phase.SEQUENCE.Study_Instruction	LOADING RESOURCE SURFACE FROM DISK
936401.926	Study_Phase.SEQUENCE.Study_Instruction	LOADING RESOURCE SURFACE FROM DISK
944665.446	Study_Phase.SEQUENCE.Study_Instruction	LOADING RESOURCE SURFACE FROM DISK
951418.151	Study_Phase.SEQUENCE.DISPLAY_SCREEN	LOADING RESOURCE SURFACE FROM DISK
952932.156	Study_Phase.SEQUENCE.Study_Instruction	LOADING RESOURCE SURFACE FROM DISK
961255.62	Study_Phase.SEQUENCE.Study_Instruction	LOADING RESOURCE SURFACE FROM DISK
968001.507	Study_Phase.SEQUENCE.DISPLAY_SCREEN	LOADING RESOURCE SURFACE FROM DISK
969515.425	Study_Phase.SEQUENCE.Study_Instruction	LOADING RESOURCE SURFACE FROM DISK
977821.571	Study_Phase.SEQUENCE.Study_Instruction	LOADING RESOURCE SURFACE FROM DISK
986131.685	Study_Phase.SEQUENCE.Study_Instruction	LOADING RESOURCE SURFACE FROM DISK
994441.148	Study_Phase.SEQUENCE.Study_Instruction	LOADING RESOURCE SURFACE FROM DISK
1002681.564	Study_Phase.SEQUENCE.Study_Instruction	LOADING RESOURCE SURFACE FROM DISK
1011017.148	Study_Phase.SEQUENCE.Study_Instruction	LOADING RESOURCE SURFACE FROM DISK
1019320.506	Study_Phase.SEQUENCE.Study_Instruction	LOADING RESOURCE SURFACE FROM DISK
1026084.848	Study_Phase.SEQUENCE.DISPLAY_SCREEN	LOADING RESOURCE SURFACE FROM DISK
1027598.812	Study_Phase.SEQUENCE.Study_Instruction	LOADING RESOURCE SURFACE FROM DISK
1034351.484	Study_Phase.SEQUENCE.DISPLAY_SCREEN	LOADING RESOURCE SURFACE FROM DISK
1035904.087	Study_Phase.SEQUENCE.Study_Instruction	LOADING RESOURCE SURFACE FROM DISK
1042668.353	Study_Phase.SEQUENCE.DISPLAY_SCREEN	LOADING RESOURCE SURFACE FROM DISK
1044247.973	Study_Phase.SEQUENCE.Study_Instruction	LOADING RESOURCE SURFACE FROM DISK
1052553.254	Study_Phase.SEQUENCE.Study_Instruction	LOADING RESOURCE SURFACE FROM DISK
1060832.248	Study_Phase.SEQUENCE.Study_Instruction	LOADING RESOURCE SURFACE FROM DISK
1069140.233	Study_Phase.SEQUENCE.Study_Instruction	LOADING RESOURCE SURFACE FROM DISK
1075901.511	Study_Phase.SEQUENCE.DISPLAY_SCREEN	LOADING RESOURCE SURFACE FROM DISK
1077452.613	Study_Phase.SEQUENCE.Study_Instruction	LOADING RESOURCE SURFACE FROM DISK
1085714.939	Study_Phase.SEQUENCE.Study_Instruction	LOADING RESOURCE SURFACE FROM DISK
1094015.099	Study_Phase.SEQUENCE.Study_Instruction	LOADING RESOURCE SURFACE FROM DISK
1102317.016	Study_Phase.SEQUENCE.Study_Instruction	LOADING RESOURCE SURFACE FROM DISK
1110622.471	Study_Phase.SEQUENCE.Study_Instruction	LOADING RESOURCE SURFACE FROM DISK
1117384.965	Study_Phase.SEQUENCE.DISPLAY_SCREEN	LOADING RESOURCE SURFACE FROM DISK
1118935.551	Study_Phase.SEQUENCE.Study_Instruction	LOADING RESOURCE SURFACE FROM DISK
1125684.862	Study_Phase.SEQUENCE.DISPLAY_SCREEN	LOADING RESOURCE SURFACE FROM DISK
1127198.759	Study_Phase.SEQUENCE.Study_Instruction	LOADING RESOURCE SURFACE FROM DISK
1133951.63	Study_Phase.SEQUENCE.DISPLAY_SCREEN	LOADING RESOURCE SURFACE FROM DISK
1135471.569	Study_Phase.SEQUENCE.Study_Instruction	LOADING RESOURCE SURFACE FROM DISK
1143755.915	Study_Phase.SEQUENCE.Study_Instruction	LOADING RESOURCE SURFACE FROM DISK
1150518.048	Study_Phase.SEQUENCE.DISPLAY_SCREEN	LOADING RESOURCE SURFACE FROM DISK
1152073.391	Study_Phase.SEQUENCE.Study_Instruction	LOADING RESOURCE SURFACE FROM DISK
1160348.12	Study_Phase.SEQUENCE.Study_Instruction	LOADING RESOURCE SURFACE FROM DISK
1167085.065	Study_Phase.SEQUENCE.DISPLAY_SCREEN	LOADING RESOURCE SURFACE FROM DISK
1168637.163	Study_Phase.SEQUENCE.Study_Instruction	LOADING RESOURCE SURFACE FROM DISK
1176915.61	Study_Phase.SEQUENCE.Study_Instruction	LOADING RESOURCE SURFACE FROM DISK
1183668.194	Study_Phase.SEQUENCE.DISPLAY_SCREEN	LOADING RESOURCE SURFACE FROM DISK
1185182.192	Study_Phase.SEQUENCE.Study_Instruction	LOADING RESOURCE SURFACE FROM DISK
1193498.477	Study_Phase.SEQUENCE.Study_Instruction	LOADING RESOURCE SURFACE FROM DISK
1201805.612	Study_Phase.SEQUENCE.Study_Instruction	LOADING RESOURCE SURFACE FROM DISK
1208568.422	Study_Phase.SEQUENCE.DISPLAY_SCREEN	LOADING RESOURCE SURFACE FROM DISK
1210124.174	Study_Phase.SEQUENCE.Study_Instruction	LOADING RESOURCE SURFACE FROM DISK
1218433.141	Study_Phase.SEQUENCE.Study_Instruction	LOADING RESOURCE SURFACE FROM DISK
1225184.798	Study_Phase.SEQUENCE.DISPLAY_SCREEN	LOADING RESOURCE SURFACE FROM DISK
1226731.696	Study_Phase.SEQUENCE.Study_Instruction	LOADING RESOURCE SURFACE FROM DISK
1233484.952	Study_Phase.SEQUENCE.DISPLAY_SCREEN	LOADING RESOURCE SURFACE FROM DISK
1235034.176	Study_Phase.SEQUENCE.Study_Instruction	LOADING RESOURCE SURFACE FROM DISK
1243298.785	Study_Phase.SEQUENCE.Study_Instruction	LOADING RESOURCE SURFACE FROM DISK
1251600.311	Study_Phase.SEQUENCE.Study_Instruction	LOADING RESOURCE SURFACE FROM DISK
1258351.505	Study_Phase.SEQUENCE.DISPLAY_SCREEN	LOADING RESOURCE SURFACE FROM DISK
1259902.222	Study_Phase.SEQUENCE.Study_Instruction	LOADING RESOURCE SURFACE FROM DISK
1268206.021	Study_Phase.SEQUENCE.Study_Instruction	LOADING RESOURCE SURFACE FROM DISK
1276519.359	Study_Phase.SEQUENCE.Study_Instruction	LOADING RESOURCE SURFACE FROM DISK
1284841.462	Study_Phase.SEQUENCE.Study_Instruction	LOADING RESOURCE SURFACE FROM DISK
1293156.641	Study_Phase.SEQUENCE.Study_Instruction	LOADING RESOURCE SURFACE FROM DISK
1299918.257	Study_Phase.SEQUENCE.DISPLAY_SCREEN	LOADING RESOURCE SURFACE FROM DISK
1301432.088	Study_Phase.SEQUENCE.Study_Instruction	LOADING RESOURCE SURFACE FROM DISK
1309681.578	Study_Phase.SEQUENCE.Study_Instruction	LOADING RESOURCE SURFACE FROM DISK
1316434.969	Study_Phase.SEQUENCE.DISPLAY_SCREEN	LOADING RESOURCE SURFACE FROM DISK
1317989.32	Study_Phase.SEQUENCE.Study_Instruction	LOADING RESOURCE SURFACE FROM DISK
1326265.463	Study_Phase.SEQUENCE.Study_Instruction	LOADING RESOURCE SURFACE FROM DISK
1333018.117	Study_Phase.SEQUENCE.DISPLAY_SCREEN	LOADING RESOURCE SURFACE FROM DISK
1334574.917	Study_Phase.SEQUENCE.Study_Instruction	LOADING RESOURCE SURFACE FROM DISK
1342855.45	Study_Phase.SEQUENCE.Study_Instruction	LOADING RESOURCE SURFACE FROM DISK
1351168.78	Study_Phase.SEQUENCE.Study_Instruction	LOADING RESOURCE SURFACE FROM DISK
1357918.321	Study_Phase.SEQUENCE.DISPLAY_SCREEN	LOADING RESOURCE SURFACE FROM DISK
1359464.716	Study_Phase.SEQUENCE.Study_Instruction	LOADING RESOURCE SURFACE FROM DISK
1367772.73	Study_Phase.SEQUENCE.Study_Instruction	LOADING RESOURCE SURFACE FROM DISK
1376085.63	Study_Phase.SEQUENCE.Study_Instruction	LOADING RESOURCE SURFACE FROM DISK
1384331.493	Study_Phase.SEQUENCE.Study_Instruction	LOADING RESOURCE SURFACE FROM DISK
1392640.519	Study_Phase.SEQUENCE.Study_Instruction	LOADING RESOURCE SURFACE FROM DISK
1400915.058	Study_Phase.SEQUENCE.Study_Instruction	LOADING RESOURCE SURFACE FROM DISK
1407668.159	Study_Phase.SEQUENCE.DISPLAY_SCREEN	LOADING RESOURCE SURFACE FROM DISK
1409217.925	Study_Phase.SEQUENCE.Study_Instruction	LOADING RESOURCE SURFACE FROM DISK
1417517.218	Study_Phase.SEQUENCE.Study_Instruction	LOADING RESOURCE SURFACE FROM DISK
1425782.151	Study_Phase.SEQUENCE.Study_Instruction	LOADING RESOURCE SURFACE FROM DISK
1432518.192	Study_Phase.SEQUENCE.DISPLAY_SCREEN	LOADING RESOURCE SURFACE FROM DISK
1434072.417	Study_Phase.SEQUENCE.Study_Instruction	LOADING RESOURCE SURFACE FROM DISK
1442387.077	Study_Phase.SEQUENCE.Study_Instruction	LOADING RESOURCE SURFACE FROM DISK
1450665.009	Study_Phase.SEQUENCE.Study_Instruction	LOADING RESOURCE SURFACE FROM DISK
1457418.245	Study_Phase.SEQUENCE.DISPLAY_SCREEN	LOADING RESOURCE SURFACE FROM DISK
1458932.174	Study_Phase.SEQUENCE.Study_Instruction	LOADING RESOURCE SURFACE FROM DISK
1467239.175	Study_Phase.SEQUENCE.Study_Instruction	LOADING RESOURCE SURFACE FROM DISK
1475514.959	Study_Phase.SEQUENCE.Study_Instruction	LOADING RESOURCE SURFACE FROM DISK
1482268.183	Study_Phase.SEQUENCE.DISPLAY_SCREEN	LOADING RESOURCE SURFACE FROM DISK
1483782.304	Study_Phase.SEQUENCE.Study_Instruction	LOADING RESOURCE SURFACE FROM DISK
1492048.861	Study_Phase.SEQUENCE.Study_Instruction	LOADING RESOURCE SURFACE FROM DISK
1500340.242	Study_Phase.SEQUENCE.Study_Instruction	LOADING RESOURCE SURFACE FROM DISK
1508615.09	Study_Phase.SEQUENCE.Study_Instruction	LOADING RESOURCE SURFACE FROM DISK
1515368.291	Study_Phase.SEQUENCE.DISPLAY_SCREEN	LOADING RESOURCE SURFACE FROM DISK
1516917.058	Study_Phase.SEQUENCE.Study_Instruction	LOADING RESOURCE SURFACE FROM DISK
1525213.879	Study_Phase.SEQUENCE.Study_Instruction	LOADING RESOURCE SURFACE FROM DISK
1533481.715	Study_Phase.SEQUENCE.Study_Instruction	LOADING RESOURCE SURFACE FROM DISK
1540234.738	Study_Phase.SEQUENCE.DISPLAY_SCREEN	LOADING RESOURCE SURFACE FROM DISK
1541787.446	Study_Phase.SEQUENCE.Study_Instruction	LOADING RESOURCE SURFACE FROM DISK
1550065.424	Study_Phase.SEQUENCE.Study_Instruction	LOADING RESOURCE SURFACE FROM DISK
1556818.136	Study_Phase.SEQUENCE.DISPLAY_SCREEN	LOADING RESOURCE SURFACE FROM DISK
1558369.276	Study_Phase.SEQUENCE.Study_Instruction	LOADING RESOURCE SURFACE FROM DISK
1566632.276	Study_Phase.SEQUENCE.Study_Instruction	LOADING RESOURCE SURFACE FROM DISK
1573384.814	Study_Phase.SEQUENCE.DISPLAY_SCREEN	LOADING RESOURCE SURFACE FROM DISK
1574898.829	Study_Phase.SEQUENCE.Study_Instruction	LOADING RESOURCE SURFACE FROM DISK
1583165.156	Study_Phase.SEQUENCE.Study_Instruction	LOADING RESOURCE SURFACE FROM DISK
1591465.528	Study_Phase.SEQUENCE.Study_Instruction	LOADING RESOURCE SURFACE FROM DISK
1598218.301	Study_Phase.SEQUENCE.DISPLAY_SCREEN	LOADING RESOURCE SURFACE FROM DISK
1599732.111	Study_Phase.SEQUENCE.Study_Instruction	LOADING RESOURCE SURFACE FROM DISK
1606484.913	Study_Phase.SEQUENCE.DISPLAY_SCREEN	LOADING RESOURCE SURFACE FROM DISK
1608032.269	Study_Phase.SEQUENCE.Study_Instruction	LOADING RESOURCE SURFACE FROM DISK
1614784.943	Study_Phase.SEQUENCE.DISPLAY_SCREEN	LOADING RESOURCE SURFACE FROM DISK
1616332.135	Study_Phase.SEQUENCE.Study_Instruction	LOADING RESOURCE SURFACE FROM DISK
1624598.22	Study_Phase.SEQUENCE.Study_Instruction	LOADING RESOURCE SURFACE FROM DISK
1632906.873	Study_Phase.SEQUENCE.Study_Instruction	LOADING RESOURCE SURFACE FROM DISK
1639668.217	Study_Phase.SEQUENCE.DISPLAY_SCREEN	LOADING RESOURCE SURFACE FROM DISK
1641215.824	Study_Phase.SEQUENCE.Study_Instruction	LOADING RESOURCE SURFACE FROM DISK
1647968.26	Study_Phase.SEQUENCE.DISPLAY_SCREEN	LOADING RESOURCE SURFACE FROM DISK
1649521.306	Study_Phase.SEQUENCE.Study_Instruction	LOADING RESOURCE SURFACE FROM DISK
1657798.854	Study_Phase.SEQUENCE.Study_Instruction	LOADING RESOURCE SURFACE FROM DISK
1666098.319	Study_Phase.SEQUENCE.Study_Instruction	LOADING RESOURCE SURFACE FROM DISK
1672851.526	Study_Phase.SEQUENCE.DISPLAY_SCREEN	LOADING RESOURCE SURFACE FROM DISK
1674384.463	Study_Phase.SEQUENCE.Study_Instruction	LOADING RESOURCE SURFACE FROM DISK
1681134.84	Study_Phase.SEQUENCE.DISPLAY_SCREEN	LOADING RESOURCE SURFACE FROM DISK
1682690.004	Study_Phase.SEQUENCE.Study_Instruction	LOADING RESOURCE SURFACE FROM DISK
1689451.469	Study_Phase.SEQUENCE.DISPLAY_SCREEN	LOADING RESOURCE SURFACE FROM DISK
1690997.518	Study_Phase.SEQUENCE.Study_Instruction	LOADING RESOURCE SURFACE FROM DISK
1697751.713	Study_Phase.SEQUENCE.DISPLAY_SCREEN	LOADING RESOURCE SURFACE FROM DISK
1699304.721	Study_Phase.SEQUENCE.Study_Instruction	LOADING RESOURCE SURFACE FROM DISK
1706068.229	Study_Phase.SEQUENCE.DISPLAY_SCREEN	LOADING RESOURCE SURFACE FROM DISK
1707617.454	Study_Phase.SEQUENCE.Study_Instruction	LOADING RESOURCE SURFACE FROM DISK
1712322.793	DISPLAY_SCREEN[7]	LOADING RESOURCE SURFACE FROM DISK
1929031.253	Test_Phase.SEQUENCE.Target_Cue	LOADING RESOURCE SURFACE FROM DISK
1929041.631	Test_Phase.SEQUENCE.Target_Cue	LOADING RESOURCE SURFACE FROM DISK
1931100.403	Test_Phase.SEQUENCE.Word	LOADING RESOURCE SURFACE FROM DISK
1934150.543	Test_Phase.SEQUENCE.Test_Question	LOADING RESOURCE SURFACE FROM DISK
1934164.787	Test_Phase.SEQUENCE.Test_Question	LOADING RESOURCE SURFACE FROM DISK
1934175.244	Test_Phase.SEQUENCE.Test_Question	LOADING RESOURCE SURFACE FROM DISK
1934186.046	Test_Phase.SEQUENCE.Test_Question	LOADING RESOURCE SURFACE FROM DISK
1934187.884	Test_Phase.SEQUENCE.Test_Question	LOADING RESOURCE SURFACE FROM DISK
1934189.61	Test_Phase.SEQUENCE.Test_Question	LOADING RESOURCE SURFACE FROM DISK
1934191.43	Test_Phase.SEQUENCE.Test_Question	LOADING RESOURCE SURFACE FROM DISK
1934193.198	Test_Phase.SEQUENCE.Test_Question	LOADING RESOURCE SURFACE FROM DISK
1934195.16	Test_Phase.SEQUENCE.Test_Question	LOADING RESOURCE SURFACE FROM DISK
1934196.907	Test_Phase.SEQUENCE.Test_Question	LOADING RESOURCE SURFACE FROM DISK
1934198.72	Test_Phase.SEQUENCE.Test_Question	LOADING RESOURCE SURFACE FROM DISK
1934200.415	Test_Phase.SEQUENCE.Test_Question	LOADING RESOURCE SURFACE FROM DISK
1947098.157	Test_Phase.SEQUENCE.Word	LOADING RESOURCE SURFACE FROM DISK
1955372.972	Test_Phase.SEQUENCE.Word	LOADING RESOURCE SURFACE FROM DISK
1963721.953	Test_Phase.SEQUENCE.Word	LOADING RESOURCE SURFACE FROM DISK
1973774.413	Test_Phase.SEQUENCE.Word	LOADING RESOURCE SURFACE FROM DISK
1982874.578	Test_Phase.SEQUENCE.Word	LOADING RESOURCE SURFACE FROM DISK
1992914.901	Test_Phase.SEQUENCE.Word	LOADING RESOURCE SURFACE FROM DISK
2004664.787	Test_Phase.SEQUENCE.Word	LOADING RESOURCE SURFACE FROM DISK
2012881.457	Test_Phase.SEQUENCE.Word	LOADING RESOURCE SURFACE FROM DISK
2021631.651	Test_Phase.SEQUENCE.Word	LOADING RESOURCE SURFACE FROM DISK
2029071.695	Test_Phase.SEQUENCE.Word	LOADING RESOURCE SURFACE FROM DISK
2036898.192	Test_Phase.SEQUENCE.Word	LOADING RESOURCE SURFACE FROM DISK
2045197.094	Test_Phase.SEQUENCE.Word	LOADING RESOURCE SURFACE FROM DISK
2053531.819	Test_Phase.SEQUENCE.Word	LOADING RESOURCE SURFACE FROM DISK
2061998.408	Test_Phase.SEQUENCE.Word	LOADING RESOURCE SURFACE FROM DISK
2074914.868	Test_Phase.SEQUENCE.Word	LOADING RESOURCE SURFACE FROM DISK
2085934.138	Test_Phase.SEQUENCE.Word	LOADING RESOURCE SURFACE FROM DISK
2094116.861	Test_Phase.SEQUENCE.Word	LOADING RESOURCE SURFACE FROM DISK
2102265.649	Test_Phase.SEQUENCE.Word	LOADING RESOURCE SURFACE FROM DISK
2110898.337	Test_Phase.SEQUENCE.Word	LOADING RESOURCE SURFACE FROM DISK
2124264.884	Test_Phase.SEQUENCE.Word	LOADING RESOURCE SURFACE FROM DISK
2132468.766	Test_Phase.SEQUENCE.Word	LOADING RESOURCE SURFACE FROM DISK
2140538.868	Test_Phase.SEQUENCE.Word	LOADING RESOURCE SURFACE FROM DISK
2148115.488	Test_Phase.SEQUENCE.Word	LOADING RESOURCE SURFACE FROM DISK
2159798.141	Test_Phase.SEQUENCE.Word	LOADING RESOURCE SURFACE FROM DISK
2167831.341	Test_Phase.SEQUENCE.Word	LOADING RESOURCE SURFACE FROM DISK
2175734.295	Test_Phase.SEQUENCE.Word	LOADING RESOURCE SURFACE FROM DISK
2184431.504	Test_Phase.SEQUENCE.Word	LOADING RESOURCE SURFACE FROM DISK
2192598.359	Test_Phase.SEQUENCE.Word	LOADING RESOURCE SURFACE FROM DISK
2203914.998	Test_Phase.SEQUENCE.Word	LOADING RESOURCE SURFACE FROM DISK
2212857.197	Test_Phase.SEQUENCE.Word	LOADING RESOURCE SURFACE FROM DISK
2220681.547	Test_Phase.SEQUENCE.Word	LOADING RESOURCE SURFACE FROM DISK
2228231.424	Test_Phase.SEQUENCE.Word	LOADING RESOURCE SURFACE FROM DISK
2235548.315	Test_Phase.SEQUENCE.Word	LOADING RESOURCE SURFACE FROM DISK
2244381.573	Test_Phase.SEQUENCE.Word	LOADING RESOURCE SURFACE FROM DISK
2251714.87	Test_Phase.SEQUENCE.Word	LOADING RESOURCE SURFACE FROM DISK
2259021.897	Test_Phase.SEQUENCE.Word	LOADING RESOURCE SURFACE FROM DISK
2266948.523	Test_Phase.SEQUENCE.Word	LOADING RESOURCE SURFACE FROM DISK
2274200.581	Test_Phase.SEQUENCE.Word	LOADING RESOURCE SURFACE FROM DISK
2281448.666	Test_Phase.SEQUENCE.Word	LOADING RESOURCE SURFACE FROM DISK
2288666.383	Test_Phase.SEQUENCE.Word	LOADING RESOURCE SURFACE FROM DISK
2295814.785	Test_Phase.SEQUENCE.Word	LOADING RESOURCE SURFACE FROM DISK
2304381.611	Test_Phase.SEQUENCE.Word	LOADING RESOURCE SURFACE FROM DISK
2311707.278	Test_Phase.SEQUENCE.Word	LOADING RESOURCE SURFACE FROM DISK
2318964.883	Test_Phase.SEQUENCE.Word	LOADING RESOURCE SURFACE FROM DISK
2326848.392	Test_Phase.SEQUENCE.Word	LOADING RESOURCE SURFACE FROM DISK
2335448.221	Test_Phase.SEQUENCE.Word	LOADING RESOURCE SURFACE FROM DISK
2342814.947	Test_Phase.SEQUENCE.Word	LOADING RESOURCE SURFACE FROM DISK
2350831.75	Test_Phase.SEQUENCE.Word	LOADING RESOURCE SURFACE FROM DISK
2359314.937	Test_Phase.SEQUENCE.Word	LOADING RESOURCE SURFACE FROM DISK
2366514.949	Test_Phase.SEQUENCE.Word	LOADING RESOURCE SURFACE FROM DISK
2373964.916	Test_Phase.SEQUENCE.Word	LOADING RESOURCE SURFACE FROM DISK
2381198.107	Test_Phase.SEQUENCE.Word	LOADING RESOURCE SURFACE FROM DISK
2391881.536	Test_Phase.SEQUENCE.Word	LOADING RESOURCE SURFACE FROM DISK
2399098.14	Test_Phase.SEQUENCE.Word	LOADING RESOURCE SURFACE FROM DISK
2408149.744	Test_Phase.SEQUENCE.Word	LOADING RESOURCE SURFACE FROM DISK
2416481.441	Test_Phase.SEQUENCE.Word	LOADING RESOURCE SURFACE FROM DISK
2423783.981	Test_Phase.SEQUENCE.Word	LOADING RESOURCE SURFACE FROM DISK
2431138.022	Test_Phase.SEQUENCE.Word	LOADING RESOURCE SURFACE FROM DISK
2438298.101	Test_Phase.SEQUENCE.Word	LOADING RESOURCE SURFACE FROM DISK
2445531.616	Test_Phase.SEQUENCE.Word	LOADING RESOURCE SURFACE FROM DISK
2452971.976	Test_Phase.SEQUENCE.Word	LOADING RESOURCE SURFACE FROM DISK
2461814.84	Test_Phase.SEQUENCE.Word	LOADING RESOURCE SURFACE FROM DISK
2469054.715	Test_Phase.SEQUENCE.Word	LOADING RESOURCE SURFACE FROM DISK
2476348.252	Test_Phase.SEQUENCE.Word	LOADING RESOURCE SURFACE FROM DISK
2483498.287	Test_Phase.SEQUENCE.Word	LOADING RESOURCE SURFACE FROM DISK
2493065.037	Test_Phase.SEQUENCE.Word	LOADING RESOURCE SURFACE FROM DISK
2500214.8	Test_Phase.SEQUENCE.Word	LOADING RESOURCE SURFACE FROM DISK
2507465.038	Test_Phase.SEQUENCE.Word	LOADING RESOURCE SURFACE FROM DISK
2514864.827	Test_Phase.SEQUENCE.Word	LOADING RESOURCE SURFACE FROM DISK
2522833.36	Test_Phase.SEQUENCE.Word	LOADING RESOURCE SURFACE FROM DISK
2530098.184	Test_Phase.SEQUENCE.Word	LOADING RESOURCE SURFACE FROM DISK
2537481.728	Test_Phase.SEQUENCE.Word	LOADING RESOURCE SURFACE FROM DISK
2546381.507	Test_Phase.SEQUENCE.Word	LOADING RESOURCE SURFACE FROM DISK
2553598.308	Test_Phase.SEQUENCE.Word	LOADING RESOURCE SURFACE FROM DISK
2560814.774	Test_Phase.SEQUENCE.Word	LOADING RESOURCE SURFACE FROM DISK
2568915.059	Test_Phase.SEQUENCE.Word	LOADING RESOURCE SURFACE FROM DISK
2576322.698	Test_Phase.SEQUENCE.Word	LOADING RESOURCE SURFACE FROM DISK
2583981.546	Test_Phase.SEQUENCE.Word	LOADING RESOURCE SURFACE FROM DISK
2592082.493	Test_Phase.SEQUENCE.Word	LOADING RESOURCE SURFACE FROM DISK
2599931.652	Test_Phase.SEQUENCE.Word	LOADING RESOURCE SURFACE FROM DISK
2607222.187	Test_Phase.SEQUENCE.Word	LOADING RESOURCE SURFACE FROM DISK
2615965.187	Test_Phase.SEQUENCE.Word	LOADING RESOURCE SURFACE FROM DISK
2623014.826	Test_Phase.SEQUENCE.Word	LOADING RESOURCE SURFACE FROM DISK
2630065.236	Test_Phase.SEQUENCE.Word	LOADING RESOURCE SURFACE FROM DISK
2637298.309	Test_Phase.SEQUENCE.Word	LOADING RESOURCE SURFACE FROM DISK
2644999.178	Test_Phase.SEQUENCE.Word	LOADING RESOURCE SURFACE FROM DISK
2652281.433	Test_Phase.SEQUENCE.Word	LOADING RESOURCE SURFACE FROM DISK
2659665.085	Test_Phase.SEQUENCE.Word	LOADING RESOURCE SURFACE FROM DISK
2666848.232	Test_Phase.SEQUENCE.Word	LOADING RESOURCE SURFACE FROM DISK
2674549.735	Test_Phase.SEQUENCE.Word	LOADING RESOURCE SURFACE FROM DISK
2681648.363	Test_Phase.SEQUENCE.Word	LOADING RESOURCE SURFACE FROM DISK
2691797.921	Test_Phase.SEQUENCE.Word	LOADING RESOURCE SURFACE FROM DISK
2699197.591	Test_Phase.SEQUENCE.Word	LOADING RESOURCE SURFACE FROM DISK
2707481.539	Test_Phase.SEQUENCE.Word	LOADING RESOURCE SURFACE FROM DISK
2716698.243	Test_Phase.SEQUENCE.Word	LOADING RESOURCE SURFACE FROM DISK
2724206.258	Test_Phase.SEQUENCE.Word	LOADING RESOURCE SURFACE FROM DISK
2733298.637	Test_Phase.SEQUENCE.Word	LOADING RESOURCE SURFACE FROM DISK
2740485.043	Test_Phase.SEQUENCE.Word	LOADING RESOURCE SURFACE FROM DISK
2747881.146	Test_Phase.SEQUENCE.Word	LOADING RESOURCE SURFACE FROM DISK
2755381.522	Test_Phase.SEQUENCE.Word	LOADING RESOURCE SURFACE FROM DISK
2762515.605	Test_Phase.SEQUENCE.Word	LOADING RESOURCE SURFACE FROM DISK
2770074.887	Test_Phase.SEQUENCE.Word	LOADING RESOURCE SURFACE FROM DISK
2778564.973	Test_Phase.SEQUENCE.Word	LOADING RESOURCE SURFACE FROM DISK
2785714.825	Test_Phase.SEQUENCE.Word	LOADING RESOURCE SURFACE FROM DISK
2796036.241	Test_Phase.SEQUENCE.Word	LOADING RESOURCE SURFACE FROM DISK
2803198.726	Test_Phase.SEQUENCE.Word	LOADING RESOURCE SURFACE FROM DISK
2810534.182	Test_Phase.SEQUENCE.Word	LOADING RESOURCE SURFACE FROM DISK
2817981.649	Test_Phase.SEQUENCE.Word	LOADING RESOURCE SURFACE FROM DISK
2826798.14	Test_Phase.SEQUENCE.Word	LOADING RESOURCE SURFACE FROM DISK
2835298.125	Test_Phase.SEQUENCE.Word	LOADING RESOURCE SURFACE FROM DISK
2842657.892	Test_Phase.SEQUENCE.Word	LOADING RESOURCE SURFACE FROM DISK
2851603.921	Test_Phase.SEQUENCE.Word	LOADING RESOURCE SURFACE FROM DISK
2858714.887	Test_Phase.SEQUENCE.Word	LOADING RESOURCE SURFACE FROM DISK
2866148.233	Test_Phase.SEQUENCE.Word	LOADING RESOURCE SURFACE FROM DISK
2873348.353	Test_Phase.SEQUENCE.Word	LOADING RESOURCE SURFACE FROM DISK
2880923.895	Test_Phase.SEQUENCE.Word	LOADING RESOURCE SURFACE FROM DISK
2888069.528	Test_Phase.SEQUENCE.Word	LOADING RESOURCE SURFACE FROM DISK
2895181.533	Test_Phase.SEQUENCE.Word	LOADING RESOURCE SURFACE FROM DISK
2902264.932	Test_Phase.SEQUENCE.Word	LOADING RESOURCE SURFACE FROM DISK
2909491.276	Test_Phase.SEQUENCE.Word	LOADING RESOURCE SURFACE FROM DISK
2918381.757	Test_Phase.SEQUENCE.Word	LOADING RESOURCE SURFACE FROM DISK
2925690.678	Test_Phase.SEQUENCE.Word	LOADING RESOURCE SURFACE FROM DISK
2932948.376	Test_Phase.SEQUENCE.Word	LOADING RESOURCE SURFACE FROM DISK
2940214.83	Test_Phase.SEQUENCE.Word	LOADING RESOURCE SURFACE FROM DISK
2947564.811	Test_Phase.SEQUENCE.Word	LOADING RESOURCE SURFACE FROM DISK
2954905.857	Test_Phase.SEQUENCE.Word	LOADING RESOURCE SURFACE FROM DISK
2962184.974	Test_Phase.SEQUENCE.Word	LOADING RESOURCE SURFACE FROM DISK
2970398.351	Test_Phase.SEQUENCE.Word	LOADING RESOURCE SURFACE FROM DISK
2979632.027	Test_Phase.SEQUENCE.Word	LOADING RESOURCE SURFACE FROM DISK
2988614.877	Test_Phase.SEQUENCE.Word	LOADING RESOURCE SURFACE FROM DISK
2996781.402	Test_Phase.SEQUENCE.Word	LOADING RESOURCE SURFACE FROM DISK
3004064.806	Test_Phase.SEQUENCE.Word	LOADING RESOURCE SURFACE FROM DISK
3011414.817	Test_Phase.SEQUENCE.Word	LOADING RESOURCE SURFACE FROM DISK
3018781.728	Test_Phase.SEQUENCE.Word	LOADING RESOURCE SURFACE FROM DISK
3026004.337	Test_Phase.SEQUENCE.Word	LOADING RESOURCE SURFACE FROM DISK
3034585.157	Test_Phase.SEQUENCE.Word	LOADING RESOURCE SURFACE FROM DISK
3042072.419	Test_Phase.SEQUENCE.Word	LOADING RESOURCE SURFACE FROM DISK
3049331.476	Test_Phase.SEQUENCE.Word	LOADING RESOURCE SURFACE FROM DISK
3056448.194	Test_Phase.SEQUENCE.Word	LOADING RESOURCE SURFACE FROM DISK
3063498.402	Test_Phase.SEQUENCE.Word	LOADING RESOURCE SURFACE FROM DISK
3070581.644	Test_Phase.SEQUENCE.Word	LOADING RESOURCE SURFACE FROM DISK
3079831.354	Test_Phase.SEQUENCE.Word	LOADING RESOURCE SURFACE FROM DISK
3086898.26	Test_Phase.SEQUENCE.Word	LOADING RESOURCE SURFACE FROM DISK
3094231.477	Test_Phase.SEQUENCE.Word	LOADING RESOURCE SURFACE FROM DISK
3101381.354	Test_Phase.SEQUENCE.Word	LOADING RESOURCE SURFACE FROM DISK
3108514.953	Test_Phase.SEQUENCE.Word	LOADING RESOURCE SURFACE FROM DISK
3122648.316	Test_Phase.SEQUENCE.Word	LOADING RESOURCE SURFACE FROM DISK
3129837.511	Test_Phase.SEQUENCE.Word	LOADING RESOURCE SURFACE FROM DISK
3137039.073	Test_Phase.SEQUENCE.Word	LOADING RESOURCE SURFACE FROM DISK
3144504.228	Test_Phase.SEQUENCE.Word	LOADING RESOURCE SURFACE FROM DISK
3152048.32	Test_Phase.SEQUENCE.Word	LOADING RESOURCE SURFACE FROM DISK
3159164.943	Test_Phase.SEQUENCE.Word	LOADING RESOURCE SURFACE FROM DISK
3166403.34	Test_Phase.SEQUENCE.Word	LOADING RESOURCE SURFACE FROM DISK
3173548.316	Test_Phase.SEQUENCE.Word	LOADING RESOURCE SURFACE FROM DISK
3180664.881	Test_Phase.SEQUENCE.Word	LOADING RESOURCE SURFACE FROM DISK
3189380.954	Test_Phase.SEQUENCE.Word	LOADING RESOURCE SURFACE FROM DISK
3196798.481	Test_Phase.SEQUENCE.Word	LOADING RESOURCE SURFACE FROM DISK
3204098.27	Test_Phase.SEQUENCE.Word	LOADING RESOURCE SURFACE FROM DISK
3211248.11	Test_Phase.SEQUENCE.Word	LOADING RESOURCE SURFACE FROM DISK
3218356.367	Test_Phase.SEQUENCE.Word	LOADING RESOURCE SURFACE FROM DISK
3226453.872	Test_Phase.SEQUENCE.Word	LOADING RESOURCE SURFACE FROM DISK
3233948.341	Test_Phase.SEQUENCE.Word	LOADING RESOURCE SURFACE FROM DISK
3242219.605	Test_Phase.SEQUENCE.Word	LOADING RESOURCE SURFACE FROM DISK
3249298.187	Test_Phase.SEQUENCE.Word	LOADING RESOURCE SURFACE FROM DISK
3256402.402	Test_Phase.SEQUENCE.Word	LOADING RESOURCE SURFACE FROM DISK
3263681.525	Test_Phase.SEQUENCE.Word	LOADING RESOURCE SURFACE FROM DISK
3270914.754	Test_Phase.SEQUENCE.Word	LOADING RESOURCE SURFACE FROM DISK
3278200.805	Test_Phase.SEQUENCE.Word	LOADING RESOURCE SURFACE FROM DISK
3285315.085	Test_Phase.SEQUENCE.Word	LOADING RESOURCE SURFACE FROM DISK
3292430.708	Test_Phase.SEQUENCE.Word	LOADING RESOURCE SURFACE FROM DISK
3299681.518	Test_Phase.SEQUENCE.Word	LOADING RESOURCE SURFACE FROM DISK
3306914.924	Test_Phase.SEQUENCE.Word	LOADING RESOURCE SURFACE FROM DISK
3313981.681	Test_Phase.SEQUENCE.Word	LOADING RESOURCE SURFACE FROM DISK
3321153.585	Test_Phase.SEQUENCE.Word	LOADING RESOURCE SURFACE FROM DISK
3328340.687	Test_Phase.SEQUENCE.Word	LOADING RESOURCE SURFACE FROM DISK
3335431.453	Test_Phase.SEQUENCE.Word	LOADING RESOURCE SURFACE FROM DISK
3343184.289	Test_Phase.SEQUENCE.Word	LOADING RESOURCE SURFACE FROM DISK
3350381.383	Test_Phase.SEQUENCE.Word	LOADING RESOURCE SURFACE FROM DISK
3357531.457	Test_Phase.SEQUENCE.Word	LOADING RESOURCE SURFACE FROM DISK
3364714.868	Test_Phase.SEQUENCE.Word	LOADING RESOURCE SURFACE FROM DISK
3373372.253	Test_Phase.SEQUENCE.Word	LOADING RESOURCE SURFACE FROM DISK
3380903.891	Test_Phase.SEQUENCE.Word	LOADING RESOURCE SURFACE FROM DISK
3388116.462	Test_Phase.SEQUENCE.Word	LOADING RESOURCE SURFACE FROM DISK
3395181.449	Test_Phase.SEQUENCE.Word	LOADING RESOURCE SURFACE FROM DISK
3402331.48	Test_Phase.SEQUENCE.Word	LOADING RESOURCE SURFACE FROM DISK
3409404.6	Test_Phase.SEQUENCE.Word	LOADING RESOURCE SURFACE FROM DISK
3416664.836	Test_Phase.SEQUENCE.Word	LOADING RESOURCE SURFACE FROM DISK
3424298.295	Test_Phase.SEQUENCE.Word	LOADING RESOURCE SURFACE FROM DISK
3431381.461	Test_Phase.SEQUENCE.Word	LOADING RESOURCE SURFACE FROM DISK
3438548.396	Test_Phase.SEQUENCE.Word	LOADING RESOURCE SURFACE FROM DISK
3445720.829	Test_Phase.SEQUENCE.Word	LOADING RESOURCE SURFACE FROM DISK
3453083.366	Test_Phase.SEQUENCE.Word	LOADING RESOURCE SURFACE FROM DISK
3460181.496	Test_Phase.SEQUENCE.Word	LOADING RESOURCE SURFACE FROM DISK
3467231.627	Test_Phase.SEQUENCE.Word	LOADING RESOURCE SURFACE FROM DISK
3474581.898	Test_Phase.SEQUENCE.Word	LOADING RESOURCE SURFACE FROM DISK
3481964.809	Test_Phase.SEQUENCE.Word	LOADING RESOURCE SURFACE FROM DISK
3489255.942	Test_Phase.SEQUENCE.Word	LOADING RESOURCE SURFACE FROM DISK
3496598.067	Test_Phase.SEQUENCE.Word	LOADING RESOURCE SURFACE FROM DISK
3500139.553	DISPLAY_SCREEN	LOADING RESOURCE SURFACE FROM DISK
