5309.827	DISPLAY_SCREEN[1]	LOADING RESOURCE SURFACE FROM DISK
70802.261	Familiarization_Phase.SEQUENCE.Cue_and_Instruction	LOADING RESOURCE SURFACE FROM DISK
70816.738	Familiarization_Phase.SEQUENCE.Cue_and_Instruction	LOADING RESOURCE SURFACE FROM DISK
76857.266	Familiarization_Phase.SEQUENCE.Cue_and_Instruction	LOADING RESOURCE SURFACE FROM DISK
76861.644	Familiarization_Phase.SEQUENCE.Cue_and_Instruction	LOADING RESOURCE SURFACE FROM DISK
82941.091	Familiarization_Phase.SEQUENCE.Cue_and_Instruction	LOADING RESOURCE SURFACE FROM DISK
82949.78	Familiarization_Phase.SEQUENCE.Cue_and_Instruction	LOADING RESOURCE SURFACE FROM DISK
125115.24	DISPLAY_SCREEN[3]	LOADING RESOURCE SURFACE FROM DISK
221175.413	DISPLAY_SCREEN[5]	LOADING RESOURCE SURFACE FROM DISK
311907.091	Practice_Phase.SEQUENCE.Blink_Screen	LOADING RESOURCE SURFACE FROM DISK
311908.141	Practice_Phase.SEQUENCE.Blink_Screen	flip time is later than desired time. Desired Time=311653 Flip Time=311920 Retrace Rate=16.641, prepareTime=278 flip request time 311907
313135.161	Practice_Phase.SEQUENCE.Practice_Luminance_Cue	LOADING RESOURCE SURFACE FROM DISK
313137.681	Practice_Phase.SEQUENCE.Practice_Luminance_Cue	LOADING RESOURCE SURFACE FROM DISK
313139.142	Practice_Phase.SEQUENCE.Practice_Luminance_Cue	flip time is later than desired time. Desired Time=313120 Flip Time=313153 Retrace Rate=16.641, prepareTime=42 flip request time 313138
313706.046	Practice_Phase.SEQUENCE.DISPLAY_SCREEN	LOADING RESOURCE SURFACE FROM DISK
313708.114	Practice_Phase.SEQUENCE.DISPLAY_SCREEN	flip time is later than desired time. Desired Time=313653 Flip Time=313720 Retrace Rate=16.641, prepareTime=78 flip request time 313707
315238.918	Practice_Phase.SEQUENCE.Practice_Instruction	LOADING RESOURCE SURFACE FROM DISK
315240.422	Practice_Phase.SEQUENCE.Practice_Instruction	flip time is later than desired time. Desired Time=315220 Flip Time=315253 Retrace Rate=16.641, prepareTime=44 flip request time 315240
321801.877	Practice_Phase.SEQUENCE.DISPLAY_SCREEN	LOADING RESOURCE SURFACE FROM DISK
323338.6	Practice_Phase.SEQUENCE.Practice_Instruction	LOADING RESOURCE SURFACE FROM DISK
323340.082	Practice_Phase.SEQUENCE.Practice_Instruction	flip time is later than desired time. Desired Time=323320 Flip Time=323353 Retrace Rate=16.641, prepareTime=43 flip request time 323339
329902.232	Practice_Phase.SEQUENCE.DISPLAY_SCREEN	LOADING RESOURCE SURFACE FROM DISK
331398.578	Practice_Phase.SEQUENCE.Practice_Instruction	LOADING RESOURCE SURFACE FROM DISK
337968.363	Practice_Phase.SEQUENCE.DISPLAY_SCREEN	LOADING RESOURCE SURFACE FROM DISK
339504.87	Practice_Phase.SEQUENCE.Practice_Instruction	LOADING RESOURCE SURFACE FROM DISK
339506.363	Practice_Phase.SEQUENCE.Practice_Instruction	flip time is later than desired time. Desired Time=339487 Flip Time=339520 Retrace Rate=16.641, prepareTime=43 flip request time 339506
346068.229	Practice_Phase.SEQUENCE.DISPLAY_SCREEN	LOADING RESOURCE SURFACE FROM DISK
347565.486	Practice_Phase.SEQUENCE.Practice_Instruction	LOADING RESOURCE SURFACE FROM DISK
354135.192	Practice_Phase.SEQUENCE.DISPLAY_SCREEN	LOADING RESOURCE SURFACE FROM DISK
355670.901	Practice_Phase.SEQUENCE.Practice_Instruction	LOADING RESOURCE SURFACE FROM DISK
355672.371	Practice_Phase.SEQUENCE.Practice_Instruction	flip time is later than desired time. Desired Time=355653 Flip Time=355687 Retrace Rate=16.641, prepareTime=42 flip request time 355672
362235.138	Practice_Phase.SEQUENCE.DISPLAY_SCREEN	LOADING RESOURCE SURFACE FROM DISK
363731.937	Practice_Phase.SEQUENCE.Practice_Instruction	LOADING RESOURCE SURFACE FROM DISK
370301.483	Practice_Phase.SEQUENCE.DISPLAY_SCREEN	LOADING RESOURCE SURFACE FROM DISK
371798.747	Practice_Phase.SEQUENCE.Practice_Instruction	LOADING RESOURCE SURFACE FROM DISK
378368.271	Practice_Phase.SEQUENCE.DISPLAY_SCREEN	LOADING RESOURCE SURFACE FROM DISK
379865.249	Practice_Phase.SEQUENCE.Practice_Instruction	LOADING RESOURCE SURFACE FROM DISK
384544.332	DISPLAY_SCREEN[2]	LOADING RESOURCE SURFACE FROM DISK
523843.188	Study_Phase.SEQUENCE.DISPLAY_SCREEN	LOADING RESOURCE SURFACE FROM DISK
525637.909	Study_Phase.SEQUENCE.Study_Instruction	LOADING RESOURCE SURFACE FROM DISK
533914.225	Study_Phase.SEQUENCE.Study_Instruction	LOADING RESOURCE SURFACE FROM DISK
540676.71	Study_Phase.SEQUENCE.DISPLAY_SCREEN	LOADING RESOURCE SURFACE FROM DISK
542190.697	Study_Phase.SEQUENCE.Study_Instruction	LOADING RESOURCE SURFACE FROM DISK
548943.318	Study_Phase.SEQUENCE.DISPLAY_SCREEN	LOADING RESOURCE SURFACE FROM DISK
550457.243	Study_Phase.SEQUENCE.Study_Instruction	LOADING RESOURCE SURFACE FROM DISK
558723.368	Study_Phase.SEQUENCE.Study_Instruction	LOADING RESOURCE SURFACE FROM DISK
567024.029	Study_Phase.SEQUENCE.Study_Instruction	LOADING RESOURCE SURFACE FROM DISK
575289.936	Study_Phase.SEQUENCE.Study_Instruction	LOADING RESOURCE SURFACE FROM DISK
582043.436	Study_Phase.SEQUENCE.DISPLAY_SCREEN	LOADING RESOURCE SURFACE FROM DISK
583557.178	Study_Phase.SEQUENCE.Study_Instruction	LOADING RESOURCE SURFACE FROM DISK
591823.843	Study_Phase.SEQUENCE.Study_Instruction	LOADING RESOURCE SURFACE FROM DISK
600122.569	Study_Phase.SEQUENCE.Study_Instruction	LOADING RESOURCE SURFACE FROM DISK
608389.89	Study_Phase.SEQUENCE.Study_Instruction	LOADING RESOURCE SURFACE FROM DISK
615143.319	Study_Phase.SEQUENCE.DISPLAY_SCREEN	LOADING RESOURCE SURFACE FROM DISK
616699.865	Study_Phase.SEQUENCE.Study_Instruction	LOADING RESOURCE SURFACE FROM DISK
623460.024	Study_Phase.SEQUENCE.DISPLAY_SCREEN	LOADING RESOURCE SURFACE FROM DISK
625012.47	Study_Phase.SEQUENCE.Study_Instruction	LOADING RESOURCE SURFACE FROM DISK
633289.912	Study_Phase.SEQUENCE.Study_Instruction	LOADING RESOURCE SURFACE FROM DISK
640043.195	Study_Phase.SEQUENCE.DISPLAY_SCREEN	LOADING RESOURCE SURFACE FROM DISK
641594.548	Study_Phase.SEQUENCE.Study_Instruction	LOADING RESOURCE SURFACE FROM DISK
649873.331	Study_Phase.SEQUENCE.Study_Instruction	LOADING RESOURCE SURFACE FROM DISK
656626.338	Study_Phase.SEQUENCE.DISPLAY_SCREEN	LOADING RESOURCE SURFACE FROM DISK
658180.726	Study_Phase.SEQUENCE.Study_Instruction	LOADING RESOURCE SURFACE FROM DISK
664959.866	Study_Phase.SEQUENCE.DISPLAY_SCREEN	LOADING RESOURCE SURFACE FROM DISK
666510.833	Study_Phase.SEQUENCE.Study_Instruction	LOADING RESOURCE SURFACE FROM DISK
674789.994	Study_Phase.SEQUENCE.Study_Instruction	LOADING RESOURCE SURFACE FROM DISK
683096.036	Study_Phase.SEQUENCE.Study_Instruction	LOADING RESOURCE SURFACE FROM DISK
691373.957	Study_Phase.SEQUENCE.Study_Instruction	LOADING RESOURCE SURFACE FROM DISK
699674.401	Study_Phase.SEQUENCE.Study_Instruction	LOADING RESOURCE SURFACE FROM DISK
706426.657	Study_Phase.SEQUENCE.DISPLAY_SCREEN	LOADING RESOURCE SURFACE FROM DISK
707980.317	Study_Phase.SEQUENCE.Study_Instruction	LOADING RESOURCE SURFACE FROM DISK
716297.986	Study_Phase.SEQUENCE.Study_Instruction	LOADING RESOURCE SURFACE FROM DISK
723059.858	Study_Phase.SEQUENCE.DISPLAY_SCREEN	LOADING RESOURCE SURFACE FROM DISK
724616.233	Study_Phase.SEQUENCE.Study_Instruction	LOADING RESOURCE SURFACE FROM DISK
732923.854	Study_Phase.SEQUENCE.Study_Instruction	LOADING RESOURCE SURFACE FROM DISK
741232.199	Study_Phase.SEQUENCE.Study_Instruction	LOADING RESOURCE SURFACE FROM DISK
747976.464	Study_Phase.SEQUENCE.DISPLAY_SCREEN	LOADING RESOURCE SURFACE FROM DISK
749531.063	Study_Phase.SEQUENCE.Study_Instruction	LOADING RESOURCE SURFACE FROM DISK
757847.763	Study_Phase.SEQUENCE.Study_Instruction	LOADING RESOURCE SURFACE FROM DISK
764609.835	Study_Phase.SEQUENCE.DISPLAY_SCREEN	LOADING RESOURCE SURFACE FROM DISK
766123.897	Study_Phase.SEQUENCE.Study_Instruction	LOADING RESOURCE SURFACE FROM DISK
774423.566	Study_Phase.SEQUENCE.Study_Instruction	LOADING RESOURCE SURFACE FROM DISK
782728.518	Study_Phase.SEQUENCE.Study_Instruction	LOADING RESOURCE SURFACE FROM DISK
789476.756	Study_Phase.SEQUENCE.DISPLAY_SCREEN	LOADING RESOURCE SURFACE FROM DISK
790990.639	Study_Phase.SEQUENCE.Study_Instruction	LOADING RESOURCE SURFACE FROM DISK
799256.661	Study_Phase.SEQUENCE.Study_Instruction	LOADING RESOURCE SURFACE FROM DISK
806009.873	Study_Phase.SEQUENCE.DISPLAY_SCREEN	LOADING RESOURCE SURFACE FROM DISK
807560.431	Study_Phase.SEQUENCE.Study_Instruction	LOADING RESOURCE SURFACE FROM DISK
815823.559	Study_Phase.SEQUENCE.Study_Instruction	LOADING RESOURCE SURFACE FROM DISK
822559.983	Study_Phase.SEQUENCE.DISPLAY_SCREEN	LOADING RESOURCE SURFACE FROM DISK
824073.819	Study_Phase.SEQUENCE.Study_Instruction	LOADING RESOURCE SURFACE FROM DISK
832356.651	Study_Phase.SEQUENCE.Study_Instruction	LOADING RESOURCE SURFACE FROM DISK
840658.232	Study_Phase.SEQUENCE.Study_Instruction	LOADING RESOURCE SURFACE FROM DISK
848957.539	Study_Phase.SEQUENCE.Study_Instruction	LOADING RESOURCE SURFACE FROM DISK
855709.838	Study_Phase.SEQUENCE.DISPLAY_SCREEN	LOADING RESOURCE SURFACE FROM DISK
857264.126	Study_Phase.SEQUENCE.Study_Instruction	LOADING RESOURCE SURFACE FROM DISK
865581.46	Study_Phase.SEQUENCE.Study_Instruction	LOADING RESOURCE SURFACE FROM DISK
873898.525	Study_Phase.SEQUENCE.Study_Instruction	LOADING RESOURCE SURFACE FROM DISK
880659.914	Study_Phase.SEQUENCE.DISPLAY_SCREEN	LOADING RESOURCE SURFACE FROM DISK
882173.91	Study_Phase.SEQUENCE.Study_Instruction	LOADING RESOURCE SURFACE FROM DISK
888926.617	Study_Phase.SEQUENCE.DISPLAY_SCREEN	LOADING RESOURCE SURFACE FROM DISK
890440.526	Study_Phase.SEQUENCE.Study_Instruction	LOADING RESOURCE SURFACE FROM DISK
898745.725	Study_Phase.SEQUENCE.Study_Instruction	LOADING RESOURCE SURFACE FROM DISK
905509.919	Study_Phase.SEQUENCE.DISPLAY_SCREEN	LOADING RESOURCE SURFACE FROM DISK
907023.894	Study_Phase.SEQUENCE.Study_Instruction	LOADING RESOURCE SURFACE FROM DISK
915289.853	Study_Phase.SEQUENCE.Study_Instruction	LOADING RESOURCE SURFACE FROM DISK
923575.213	Study_Phase.SEQUENCE.Study_Instruction	LOADING RESOURCE SURFACE FROM DISK
930326.429	Study_Phase.SEQUENCE.DISPLAY_SCREEN	LOADING RESOURCE SURFACE FROM DISK
931875.326	Study_Phase.SEQUENCE.Study_Instruction	LOADING RESOURCE SURFACE FROM DISK
940176.559	Study_Phase.SEQUENCE.Study_Instruction	LOADING RESOURCE SURFACE FROM DISK
948440.202	Study_Phase.SEQUENCE.Study_Instruction	LOADING RESOURCE SURFACE FROM DISK
956743.799	Study_Phase.SEQUENCE.Study_Instruction	LOADING RESOURCE SURFACE FROM DISK
965044.281	Study_Phase.SEQUENCE.Study_Instruction	LOADING RESOURCE SURFACE FROM DISK
971793.444	Study_Phase.SEQUENCE.DISPLAY_SCREEN	LOADING RESOURCE SURFACE FROM DISK
973348.757	Study_Phase.SEQUENCE.Study_Instruction	LOADING RESOURCE SURFACE FROM DISK
981630.645	Study_Phase.SEQUENCE.Study_Instruction	LOADING RESOURCE SURFACE FROM DISK
989941.901	Study_Phase.SEQUENCE.Study_Instruction	LOADING RESOURCE SURFACE FROM DISK
998207.209	Study_Phase.SEQUENCE.Study_Instruction	LOADING RESOURCE SURFACE FROM DISK
1004959.701	Study_Phase.SEQUENCE.DISPLAY_SCREEN	LOADING RESOURCE SURFACE FROM DISK
1006473.939	Study_Phase.SEQUENCE.Study_Instruction	LOADING RESOURCE SURFACE FROM DISK
1014781.72	Study_Phase.SEQUENCE.Study_Instruction	LOADING RESOURCE SURFACE FROM DISK
1023096.367	Study_Phase.SEQUENCE.Study_Instruction	LOADING RESOURCE SURFACE FROM DISK
1029859.947	Study_Phase.SEQUENCE.DISPLAY_SCREEN	LOADING RESOURCE SURFACE FROM DISK
1031409.542	Study_Phase.SEQUENCE.Study_Instruction	LOADING RESOURCE SURFACE FROM DISK
1039673.979	Study_Phase.SEQUENCE.Study_Instruction	LOADING RESOURCE SURFACE FROM DISK
1047974.211	Study_Phase.SEQUENCE.Study_Instruction	LOADING RESOURCE SURFACE FROM DISK
1054726.57	Study_Phase.SEQUENCE.DISPLAY_SCREEN	LOADING RESOURCE SURFACE FROM DISK
1056281.486	Study_Phase.SEQUENCE.Study_Instruction	LOADING RESOURCE SURFACE FROM DISK
1064595.448	Study_Phase.SEQUENCE.Study_Instruction	LOADING RESOURCE SURFACE FROM DISK
1072898.927	Study_Phase.SEQUENCE.Study_Instruction	LOADING RESOURCE SURFACE FROM DISK
1079643.315	Study_Phase.SEQUENCE.DISPLAY_SCREEN	LOADING RESOURCE SURFACE FROM DISK
1081194.159	Study_Phase.SEQUENCE.Study_Instruction	LOADING RESOURCE SURFACE FROM DISK
1087943.394	Study_Phase.SEQUENCE.DISPLAY_SCREEN	LOADING RESOURCE SURFACE FROM DISK
1089495.796	Study_Phase.SEQUENCE.Study_Instruction	LOADING RESOURCE SURFACE FROM DISK
1097808.386	Study_Phase.SEQUENCE.Study_Instruction	LOADING RESOURCE SURFACE FROM DISK
1104560.007	Study_Phase.SEQUENCE.DISPLAY_SCREEN	LOADING RESOURCE SURFACE FROM DISK
1106073.901	Study_Phase.SEQUENCE.Study_Instruction	LOADING RESOURCE SURFACE FROM DISK
1112809.839	Study_Phase.SEQUENCE.DISPLAY_SCREEN	LOADING RESOURCE SURFACE FROM DISK
1114360.499	Study_Phase.SEQUENCE.Study_Instruction	LOADING RESOURCE SURFACE FROM DISK
1122623.907	Study_Phase.SEQUENCE.Study_Instruction	LOADING RESOURCE SURFACE FROM DISK
1130890.042	Study_Phase.SEQUENCE.Study_Instruction	LOADING RESOURCE SURFACE FROM DISK
1139193.068	Study_Phase.SEQUENCE.Study_Instruction	LOADING RESOURCE SURFACE FROM DISK
1145943.288	Study_Phase.SEQUENCE.DISPLAY_SCREEN	LOADING RESOURCE SURFACE FROM DISK
1147498.435	Study_Phase.SEQUENCE.Study_Instruction	LOADING RESOURCE SURFACE FROM DISK
1155773.332	Study_Phase.SEQUENCE.Study_Instruction	LOADING RESOURCE SURFACE FROM DISK
1164077.641	Study_Phase.SEQUENCE.Study_Instruction	LOADING RESOURCE SURFACE FROM DISK
1170843.537	Study_Phase.SEQUENCE.DISPLAY_SCREEN	LOADING RESOURCE SURFACE FROM DISK
1172389.757	Study_Phase.SEQUENCE.Study_Instruction	LOADING RESOURCE SURFACE FROM DISK
1180691.318	Study_Phase.SEQUENCE.Study_Instruction	LOADING RESOURCE SURFACE FROM DISK
1187443.342	Study_Phase.SEQUENCE.DISPLAY_SCREEN	LOADING RESOURCE SURFACE FROM DISK
1188957.204	Study_Phase.SEQUENCE.Study_Instruction	LOADING RESOURCE SURFACE FROM DISK
1197257.69	Study_Phase.SEQUENCE.Study_Instruction	LOADING RESOURCE SURFACE FROM DISK
1204009.792	Study_Phase.SEQUENCE.DISPLAY_SCREEN	LOADING RESOURCE SURFACE FROM DISK
1205523.86	Study_Phase.SEQUENCE.Study_Instruction	LOADING RESOURCE SURFACE FROM DISK
1212276.673	Study_Phase.SEQUENCE.DISPLAY_SCREEN	LOADING RESOURCE SURFACE FROM DISK
1213831.626	Study_Phase.SEQUENCE.Study_Instruction	LOADING RESOURCE SURFACE FROM DISK
1220593.235	Study_Phase.SEQUENCE.DISPLAY_SCREEN	LOADING RESOURCE SURFACE FROM DISK
1222202.577	Study_Phase.SEQUENCE.Study_Instruction	LOADING RESOURCE SURFACE FROM DISK
1230514.119	Study_Phase.SEQUENCE.Study_Instruction	LOADING RESOURCE SURFACE FROM DISK
1238773.358	Study_Phase.SEQUENCE.Study_Instruction	LOADING RESOURCE SURFACE FROM DISK
1245526.592	Study_Phase.SEQUENCE.DISPLAY_SCREEN	LOADING RESOURCE SURFACE FROM DISK
1247078.552	Study_Phase.SEQUENCE.Study_Instruction	LOADING RESOURCE SURFACE FROM DISK
1255395.696	Study_Phase.SEQUENCE.Study_Instruction	LOADING RESOURCE SURFACE FROM DISK
1263709.554	Study_Phase.SEQUENCE.Study_Instruction	LOADING RESOURCE SURFACE FROM DISK
1272013.616	Study_Phase.SEQUENCE.Study_Instruction	LOADING RESOURCE SURFACE FROM DISK
1278776.638	Study_Phase.SEQUENCE.DISPLAY_SCREEN	LOADING RESOURCE SURFACE FROM DISK
1280333.101	Study_Phase.SEQUENCE.Study_Instruction	LOADING RESOURCE SURFACE FROM DISK
1287093.035	Study_Phase.SEQUENCE.DISPLAY_SCREEN	LOADING RESOURCE SURFACE FROM DISK
1288641.067	Study_Phase.SEQUENCE.Study_Instruction	LOADING RESOURCE SURFACE FROM DISK
1296943.231	Study_Phase.SEQUENCE.Study_Instruction	LOADING RESOURCE SURFACE FROM DISK
1305206.687	Study_Phase.SEQUENCE.Study_Instruction	LOADING RESOURCE SURFACE FROM DISK
1313497.638	Study_Phase.SEQUENCE.Study_Instruction	LOADING RESOURCE SURFACE FROM DISK
1321773.489	Study_Phase.SEQUENCE.Study_Instruction	LOADING RESOURCE SURFACE FROM DISK
1328526.662	Study_Phase.SEQUENCE.DISPLAY_SCREEN	LOADING RESOURCE SURFACE FROM DISK
1330083.05	Study_Phase.SEQUENCE.Study_Instruction	LOADING RESOURCE SURFACE FROM DISK
1336843.289	Study_Phase.SEQUENCE.DISPLAY_SCREEN	LOADING RESOURCE SURFACE FROM DISK
1338389.128	Study_Phase.SEQUENCE.Study_Instruction	LOADING RESOURCE SURFACE FROM DISK
1346657.286	Study_Phase.SEQUENCE.Study_Instruction	LOADING RESOURCE SURFACE FROM DISK
1353410.167	Study_Phase.SEQUENCE.DISPLAY_SCREEN	LOADING RESOURCE SURFACE FROM DISK
1354961.369	Study_Phase.SEQUENCE.Study_Instruction	LOADING RESOURCE SURFACE FROM DISK
1363240.533	Study_Phase.SEQUENCE.Study_Instruction	LOADING RESOURCE SURFACE FROM DISK
1371524.009	Study_Phase.SEQUENCE.Study_Instruction	LOADING RESOURCE SURFACE FROM DISK
1379828.963	Study_Phase.SEQUENCE.Study_Instruction	LOADING RESOURCE SURFACE FROM DISK
1388148.875	Study_Phase.SEQUENCE.Study_Instruction	LOADING RESOURCE SURFACE FROM DISK
1396462.574	Study_Phase.SEQUENCE.Study_Instruction	LOADING RESOURCE SURFACE FROM DISK
1404771.962	Study_Phase.SEQUENCE.Study_Instruction	LOADING RESOURCE SURFACE FROM DISK
1413061.995	Study_Phase.SEQUENCE.Study_Instruction	LOADING RESOURCE SURFACE FROM DISK
1419826.566	Study_Phase.SEQUENCE.DISPLAY_SCREEN	LOADING RESOURCE SURFACE FROM DISK
1421340.588	Study_Phase.SEQUENCE.Study_Instruction	LOADING RESOURCE SURFACE FROM DISK
1429606.544	Study_Phase.SEQUENCE.Study_Instruction	LOADING RESOURCE SURFACE FROM DISK
1437916.83	Study_Phase.SEQUENCE.Study_Instruction	LOADING RESOURCE SURFACE FROM DISK
1444659.825	Study_Phase.SEQUENCE.DISPLAY_SCREEN	LOADING RESOURCE SURFACE FROM DISK
1446173.873	Study_Phase.SEQUENCE.Study_Instruction	LOADING RESOURCE SURFACE FROM DISK
1452926.647	Study_Phase.SEQUENCE.DISPLAY_SCREEN	LOADING RESOURCE SURFACE FROM DISK
1454440.455	Study_Phase.SEQUENCE.Study_Instruction	LOADING RESOURCE SURFACE FROM DISK
1462725.511	Study_Phase.SEQUENCE.Study_Instruction	LOADING RESOURCE SURFACE FROM DISK
1469443.21	Study_Phase.SEQUENCE.DISPLAY_SCREEN	LOADING RESOURCE SURFACE FROM DISK
1471000.269	Study_Phase.SEQUENCE.Study_Instruction	LOADING RESOURCE SURFACE FROM DISK
1479308.222	Study_Phase.SEQUENCE.Study_Instruction	LOADING RESOURCE SURFACE FROM DISK
1486060.095	Study_Phase.SEQUENCE.DISPLAY_SCREEN	LOADING RESOURCE SURFACE FROM DISK
1487613.519	Study_Phase.SEQUENCE.Study_Instruction	LOADING RESOURCE SURFACE FROM DISK
1494360.069	Study_Phase.SEQUENCE.DISPLAY_SCREEN	LOADING RESOURCE SURFACE FROM DISK
1495915.332	Study_Phase.SEQUENCE.Study_Instruction	LOADING RESOURCE SURFACE FROM DISK
1504226.288	Study_Phase.SEQUENCE.Study_Instruction	LOADING RESOURCE SURFACE FROM DISK
1510976.495	Study_Phase.SEQUENCE.DISPLAY_SCREEN	LOADING RESOURCE SURFACE FROM DISK
1512490.612	Study_Phase.SEQUENCE.Study_Instruction	LOADING RESOURCE SURFACE FROM DISK
1517195.929	DISPLAY_SCREEN[7]	LOADING RESOURCE SURFACE FROM DISK
1649662.22	Test_Phase.SEQUENCE.Target_Cue	LOADING RESOURCE SURFACE FROM DISK
1649672.622	Test_Phase.SEQUENCE.Target_Cue	LOADING RESOURCE SURFACE FROM DISK
1651689.949	Test_Phase.SEQUENCE.Word	LOADING RESOURCE SURFACE FROM DISK
1654748.227	Test_Phase.SEQUENCE.Test_Question	LOADING RESOURCE SURFACE FROM DISK
1654762.433	Test_Phase.SEQUENCE.Test_Question	LOADING RESOURCE SURFACE FROM DISK
1654772.906	Test_Phase.SEQUENCE.Test_Question	LOADING RESOURCE SURFACE FROM DISK
1654774.746	Test_Phase.SEQUENCE.Test_Question	LOADING RESOURCE SURFACE FROM DISK
1654776.52	Test_Phase.SEQUENCE.Test_Question	LOADING RESOURCE SURFACE FROM DISK
1654778.297	Test_Phase.SEQUENCE.Test_Question	LOADING RESOURCE SURFACE FROM DISK
1654780.024	Test_Phase.SEQUENCE.Test_Question	LOADING RESOURCE SURFACE FROM DISK
1654781.701	Test_Phase.SEQUENCE.Test_Question	LOADING RESOURCE SURFACE FROM DISK
1654783.368	Test_Phase.SEQUENCE.Test_Question	LOADING RESOURCE SURFACE FROM DISK
1654785.154	Test_Phase.SEQUENCE.Test_Question	LOADING RESOURCE SURFACE FROM DISK
1654786.886	Test_Phase.SEQUENCE.Test_Question	LOADING RESOURCE SURFACE FROM DISK
1654788.604	Test_Phase.SEQUENCE.Test_Question	LOADING RESOURCE SURFACE FROM DISK
1662173.481	Test_Phase.SEQUENCE.Word	LOADING RESOURCE SURFACE FROM DISK
1674256.675	Test_Phase.SEQUENCE.Word	LOADING RESOURCE SURFACE FROM DISK
1682856.556	Test_Phase.SEQUENCE.Word	LOADING RESOURCE SURFACE FROM DISK
1692174.866	Test_Phase.SEQUENCE.Word	LOADING RESOURCE SURFACE FROM DISK
1700890.034	Test_Phase.SEQUENCE.Word	LOADING RESOURCE SURFACE FROM DISK
1709406.86	Test_Phase.SEQUENCE.Word	LOADING RESOURCE SURFACE FROM DISK
1718456.601	Test_Phase.SEQUENCE.Word	LOADING RESOURCE SURFACE FROM DISK
1726806.882	Test_Phase.SEQUENCE.Word	LOADING RESOURCE SURFACE FROM DISK
1735640.114	Test_Phase.SEQUENCE.Word	LOADING RESOURCE SURFACE FROM DISK
1743706.51	Test_Phase.SEQUENCE.Word	LOADING RESOURCE SURFACE FROM DISK
1752156.645	Test_Phase.SEQUENCE.Word	LOADING RESOURCE SURFACE FROM DISK
1760850.559	Test_Phase.SEQUENCE.Word	LOADING RESOURCE SURFACE FROM DISK
1768773.117	Test_Phase.SEQUENCE.Word	LOADING RESOURCE SURFACE FROM DISK
1776914.089	Test_Phase.SEQUENCE.Word	LOADING RESOURCE SURFACE FROM DISK
1785573.56	Test_Phase.SEQUENCE.Word	LOADING RESOURCE SURFACE FROM DISK
1793606.467	Test_Phase.SEQUENCE.Word	LOADING RESOURCE SURFACE FROM DISK
1802712.915	Test_Phase.SEQUENCE.Word	LOADING RESOURCE SURFACE FROM DISK
1810789.934	Test_Phase.SEQUENCE.Word	LOADING RESOURCE SURFACE FROM DISK
1819023.399	Test_Phase.SEQUENCE.Word	LOADING RESOURCE SURFACE FROM DISK
1827673.347	Test_Phase.SEQUENCE.Word	LOADING RESOURCE SURFACE FROM DISK
1836123.371	Test_Phase.SEQUENCE.Word	LOADING RESOURCE SURFACE FROM DISK
1844273.331	Test_Phase.SEQUENCE.Word	LOADING RESOURCE SURFACE FROM DISK
1853523.366	Test_Phase.SEQUENCE.Word	LOADING RESOURCE SURFACE FROM DISK
1861740.076	Test_Phase.SEQUENCE.Word	LOADING RESOURCE SURFACE FROM DISK
1870190.009	Test_Phase.SEQUENCE.Word	LOADING RESOURCE SURFACE FROM DISK
1878673.314	Test_Phase.SEQUENCE.Word	LOADING RESOURCE SURFACE FROM DISK
1886589.374	Test_Phase.SEQUENCE.Word	LOADING RESOURCE SURFACE FROM DISK
1894073.22	Test_Phase.SEQUENCE.Word	LOADING RESOURCE SURFACE FROM DISK
1902190.304	Test_Phase.SEQUENCE.Word	LOADING RESOURCE SURFACE FROM DISK
1910889.929	Test_Phase.SEQUENCE.Word	LOADING RESOURCE SURFACE FROM DISK
1919506.567	Test_Phase.SEQUENCE.Word	LOADING RESOURCE SURFACE FROM DISK
1926623.277	Test_Phase.SEQUENCE.Word	LOADING RESOURCE SURFACE FROM DISK
1944156.548	Test_Phase.SEQUENCE.Word	LOADING RESOURCE SURFACE FROM DISK
1952573.205	Test_Phase.SEQUENCE.Word	LOADING RESOURCE SURFACE FROM DISK
1960039.994	Test_Phase.SEQUENCE.Word	LOADING RESOURCE SURFACE FROM DISK
1970126.231	Test_Phase.SEQUENCE.Word	LOADING RESOURCE SURFACE FROM DISK
1977356.815	Test_Phase.SEQUENCE.Word	LOADING RESOURCE SURFACE FROM DISK
1984473.16	Test_Phase.SEQUENCE.Word	LOADING RESOURCE SURFACE FROM DISK
1991756.793	Test_Phase.SEQUENCE.Word	LOADING RESOURCE SURFACE FROM DISK
2000242.968	Test_Phase.SEQUENCE.Word	LOADING RESOURCE SURFACE FROM DISK
2007605.672	Test_Phase.SEQUENCE.Word	LOADING RESOURCE SURFACE FROM DISK
2015389.943	Test_Phase.SEQUENCE.Word	LOADING RESOURCE SURFACE FROM DISK
2023406.831	Test_Phase.SEQUENCE.Word	LOADING RESOURCE SURFACE FROM DISK
2031706.714	Test_Phase.SEQUENCE.Word	LOADING RESOURCE SURFACE FROM DISK
2040048.106	Test_Phase.SEQUENCE.Word	LOADING RESOURCE SURFACE FROM DISK
2050123.346	Test_Phase.SEQUENCE.Word	LOADING RESOURCE SURFACE FROM DISK
2058056.601	Test_Phase.SEQUENCE.Word	LOADING RESOURCE SURFACE FROM DISK
2066456.685	Test_Phase.SEQUENCE.Word	LOADING RESOURCE SURFACE FROM DISK
2075006.631	Test_Phase.SEQUENCE.Word	LOADING RESOURCE SURFACE FROM DISK
2083149.19	Test_Phase.SEQUENCE.Word	LOADING RESOURCE SURFACE FROM DISK
2090592.694	Test_Phase.SEQUENCE.Word	LOADING RESOURCE SURFACE FROM DISK
2099056.599	Test_Phase.SEQUENCE.Word	LOADING RESOURCE SURFACE FROM DISK
2106723.427	Test_Phase.SEQUENCE.Word	LOADING RESOURCE SURFACE FROM DISK
2114939.921	Test_Phase.SEQUENCE.Word	LOADING RESOURCE SURFACE FROM DISK
2122106.737	Test_Phase.SEQUENCE.Word	LOADING RESOURCE SURFACE FROM DISK
2130340.106	Test_Phase.SEQUENCE.Word	LOADING RESOURCE SURFACE FROM DISK
2138179.642	Test_Phase.SEQUENCE.Word	LOADING RESOURCE SURFACE FROM DISK
2145711.802	Test_Phase.SEQUENCE.Word	LOADING RESOURCE SURFACE FROM DISK
2153858.67	Test_Phase.SEQUENCE.Word	LOADING RESOURCE SURFACE FROM DISK
2161090.453	Test_Phase.SEQUENCE.Word	LOADING RESOURCE SURFACE FROM DISK
2171199.783	Test_Phase.SEQUENCE.Word	LOADING RESOURCE SURFACE FROM DISK
2178356.614	Test_Phase.SEQUENCE.Word	LOADING RESOURCE SURFACE FROM DISK
2186388.803	Test_Phase.SEQUENCE.Word	LOADING RESOURCE SURFACE FROM DISK
2194933.043	Test_Phase.SEQUENCE.Word	LOADING RESOURCE SURFACE FROM DISK
2202112.697	Test_Phase.SEQUENCE.Word	LOADING RESOURCE SURFACE FROM DISK
2209242.64	Test_Phase.SEQUENCE.Word	LOADING RESOURCE SURFACE FROM DISK
2216532.924	Test_Phase.SEQUENCE.Word	LOADING RESOURCE SURFACE FROM DISK
2223856.9	Test_Phase.SEQUENCE.Word	LOADING RESOURCE SURFACE FROM DISK
2231140.18	Test_Phase.SEQUENCE.Word	LOADING RESOURCE SURFACE FROM DISK
2238273.272	Test_Phase.SEQUENCE.Word	LOADING RESOURCE SURFACE FROM DISK
2245540.018	Test_Phase.SEQUENCE.Word	LOADING RESOURCE SURFACE FROM DISK
2253022.564	Test_Phase.SEQUENCE.Word	LOADING RESOURCE SURFACE FROM DISK
2260156.549	Test_Phase.SEQUENCE.Word	LOADING RESOURCE SURFACE FROM DISK
2268306.544	Test_Phase.SEQUENCE.Word	LOADING RESOURCE SURFACE FROM DISK
2275644.042	Test_Phase.SEQUENCE.Word	LOADING RESOURCE SURFACE FROM DISK
2282723.218	Test_Phase.SEQUENCE.Word	LOADING RESOURCE SURFACE FROM DISK
2290623.334	Test_Phase.SEQUENCE.Word	LOADING RESOURCE SURFACE FROM DISK
2297750.004	Test_Phase.SEQUENCE.Word	LOADING RESOURCE SURFACE FROM DISK
2305010.604	Test_Phase.SEQUENCE.Word	LOADING RESOURCE SURFACE FROM DISK
2312273.334	Test_Phase.SEQUENCE.Word	LOADING RESOURCE SURFACE FROM DISK
2320073.452	Test_Phase.SEQUENCE.Word	LOADING RESOURCE SURFACE FROM DISK
2327556.556	Test_Phase.SEQUENCE.Word	LOADING RESOURCE SURFACE FROM DISK
2334773.317	Test_Phase.SEQUENCE.Word	LOADING RESOURCE SURFACE FROM DISK
2341940.105	Test_Phase.SEQUENCE.Word	LOADING RESOURCE SURFACE FROM DISK
2349096.545	Test_Phase.SEQUENCE.Word	LOADING RESOURCE SURFACE FROM DISK
2356173.47	Test_Phase.SEQUENCE.Word	LOADING RESOURCE SURFACE FROM DISK
2363295.617	Test_Phase.SEQUENCE.Word	LOADING RESOURCE SURFACE FROM DISK
2370373.218	Test_Phase.SEQUENCE.Word	LOADING RESOURCE SURFACE FROM DISK
2377856.623	Test_Phase.SEQUENCE.Word	LOADING RESOURCE SURFACE FROM DISK
2384873.25	Test_Phase.SEQUENCE.Word	LOADING RESOURCE SURFACE FROM DISK
2391956.652	Test_Phase.SEQUENCE.Word	LOADING RESOURCE SURFACE FROM DISK
2399080.891	Test_Phase.SEQUENCE.Word	LOADING RESOURCE SURFACE FROM DISK
2406214.176	Test_Phase.SEQUENCE.Word	LOADING RESOURCE SURFACE FROM DISK
2413289.972	Test_Phase.SEQUENCE.Word	LOADING RESOURCE SURFACE FROM DISK
2421656.678	Test_Phase.SEQUENCE.Word	LOADING RESOURCE SURFACE FROM DISK
2428879.499	Test_Phase.SEQUENCE.Word	LOADING RESOURCE SURFACE FROM DISK
2436056.683	Test_Phase.SEQUENCE.Word	LOADING RESOURCE SURFACE FROM DISK
2443223.532	Test_Phase.SEQUENCE.Word	LOADING RESOURCE SURFACE FROM DISK
2450358.201	Test_Phase.SEQUENCE.Word	LOADING RESOURCE SURFACE FROM DISK
2457456.579	Test_Phase.SEQUENCE.Word	LOADING RESOURCE SURFACE FROM DISK
2464623.173	Test_Phase.SEQUENCE.Word	LOADING RESOURCE SURFACE FROM DISK
2471841.832	Test_Phase.SEQUENCE.Word	LOADING RESOURCE SURFACE FROM DISK
2479083.145	Test_Phase.SEQUENCE.Word	LOADING RESOURCE SURFACE FROM DISK
2486139.932	Test_Phase.SEQUENCE.Word	LOADING RESOURCE SURFACE FROM DISK
2493726.757	Test_Phase.SEQUENCE.Word	LOADING RESOURCE SURFACE FROM DISK
2500990.254	Test_Phase.SEQUENCE.Word	LOADING RESOURCE SURFACE FROM DISK
2508089.912	Test_Phase.SEQUENCE.Word	LOADING RESOURCE SURFACE FROM DISK
2515123.164	Test_Phase.SEQUENCE.Word	LOADING RESOURCE SURFACE FROM DISK
2522473.196	Test_Phase.SEQUENCE.Word	LOADING RESOURCE SURFACE FROM DISK
2529606.484	Test_Phase.SEQUENCE.Word	LOADING RESOURCE SURFACE FROM DISK
2536673.364	Test_Phase.SEQUENCE.Word	LOADING RESOURCE SURFACE FROM DISK
2544076.607	Test_Phase.SEQUENCE.Word	LOADING RESOURCE SURFACE FROM DISK
2551113.895	Test_Phase.SEQUENCE.Word	LOADING RESOURCE SURFACE FROM DISK
2558173.155	Test_Phase.SEQUENCE.Word	LOADING RESOURCE SURFACE FROM DISK
2565240.107	Test_Phase.SEQUENCE.Word	LOADING RESOURCE SURFACE FROM DISK
2572623.245	Test_Phase.SEQUENCE.Word	LOADING RESOURCE SURFACE FROM DISK
2580112.591	Test_Phase.SEQUENCE.Word	LOADING RESOURCE SURFACE FROM DISK
2589006.584	Test_Phase.SEQUENCE.Word	LOADING RESOURCE SURFACE FROM DISK
2596108.539	Test_Phase.SEQUENCE.Word	LOADING RESOURCE SURFACE FROM DISK
2603406.653	Test_Phase.SEQUENCE.Word	LOADING RESOURCE SURFACE FROM DISK
2610423.541	Test_Phase.SEQUENCE.Word	LOADING RESOURCE SURFACE FROM DISK
2617498.853	Test_Phase.SEQUENCE.Word	LOADING RESOURCE SURFACE FROM DISK
2624606.628	Test_Phase.SEQUENCE.Word	LOADING RESOURCE SURFACE FROM DISK
2632243.798	Test_Phase.SEQUENCE.Word	LOADING RESOURCE SURFACE FROM DISK
2639342.594	Test_Phase.SEQUENCE.Word	LOADING RESOURCE SURFACE FROM DISK
2646389.957	Test_Phase.SEQUENCE.Word	LOADING RESOURCE SURFACE FROM DISK
2653423.429	Test_Phase.SEQUENCE.Word	LOADING RESOURCE SURFACE FROM DISK
2660956.198	Test_Phase.SEQUENCE.Word	LOADING RESOURCE SURFACE FROM DISK
2668173.401	Test_Phase.SEQUENCE.Word	LOADING RESOURCE SURFACE FROM DISK
2675206.651	Test_Phase.SEQUENCE.Word	LOADING RESOURCE SURFACE FROM DISK
2682206.544	Test_Phase.SEQUENCE.Word	LOADING RESOURCE SURFACE FROM DISK
2689275.576	Test_Phase.SEQUENCE.Word	LOADING RESOURCE SURFACE FROM DISK
2696495.487	Test_Phase.SEQUENCE.Word	LOADING RESOURCE SURFACE FROM DISK
2704489.954	Test_Phase.SEQUENCE.Word	LOADING RESOURCE SURFACE FROM DISK
2711573.164	Test_Phase.SEQUENCE.Word	LOADING RESOURCE SURFACE FROM DISK
2718990.14	Test_Phase.SEQUENCE.Word	LOADING RESOURCE SURFACE FROM DISK
2726074.867	Test_Phase.SEQUENCE.Word	LOADING RESOURCE SURFACE FROM DISK
2733473.589	Test_Phase.SEQUENCE.Word	LOADING RESOURCE SURFACE FROM DISK
2740572.654	Test_Phase.SEQUENCE.Word	LOADING RESOURCE SURFACE FROM DISK
2747696.15	Test_Phase.SEQUENCE.Word	LOADING RESOURCE SURFACE FROM DISK
2754756.555	Test_Phase.SEQUENCE.Word	LOADING RESOURCE SURFACE FROM DISK
2761926.089	Test_Phase.SEQUENCE.Word	LOADING RESOURCE SURFACE FROM DISK
2769073.201	Test_Phase.SEQUENCE.Word	LOADING RESOURCE SURFACE FROM DISK
2776256.606	Test_Phase.SEQUENCE.Word	LOADING RESOURCE SURFACE FROM DISK
2786573.363	Test_Phase.SEQUENCE.Word	LOADING RESOURCE SURFACE FROM DISK
2793924.95	Test_Phase.SEQUENCE.Word	LOADING RESOURCE SURFACE FROM DISK
2800956.566	Test_Phase.SEQUENCE.Word	LOADING RESOURCE SURFACE FROM DISK
2808106.927	Test_Phase.SEQUENCE.Word	LOADING RESOURCE SURFACE FROM DISK
2815656.691	Test_Phase.SEQUENCE.Word	LOADING RESOURCE SURFACE FROM DISK
2824140.207	Test_Phase.SEQUENCE.Word	LOADING RESOURCE SURFACE FROM DISK
2831206.502	Test_Phase.SEQUENCE.Word	LOADING RESOURCE SURFACE FROM DISK
2838273.306	Test_Phase.SEQUENCE.Word	LOADING RESOURCE SURFACE FROM DISK
2845680.818	Test_Phase.SEQUENCE.Word	LOADING RESOURCE SURFACE FROM DISK
2852866.778	Test_Phase.SEQUENCE.Word	LOADING RESOURCE SURFACE FROM DISK
2859889.897	Test_Phase.SEQUENCE.Word	LOADING RESOURCE SURFACE FROM DISK
2867180.97	Test_Phase.SEQUENCE.Word	LOADING RESOURCE SURFACE FROM DISK
2874223.292	Test_Phase.SEQUENCE.Word	LOADING RESOURCE SURFACE FROM DISK
2881556.172	Test_Phase.SEQUENCE.Word	LOADING RESOURCE SURFACE FROM DISK
2888623.211	Test_Phase.SEQUENCE.Word	LOADING RESOURCE SURFACE FROM DISK
2895839.93	Test_Phase.SEQUENCE.Word	LOADING RESOURCE SURFACE FROM DISK
2902999.35	Test_Phase.SEQUENCE.Word	LOADING RESOURCE SURFACE FROM DISK
2910089.519	Test_Phase.SEQUENCE.Word	LOADING RESOURCE SURFACE FROM DISK
2917178.38	Test_Phase.SEQUENCE.Word	LOADING RESOURCE SURFACE FROM DISK
2924206.674	Test_Phase.SEQUENCE.Word	LOADING RESOURCE SURFACE FROM DISK
2931390.03	Test_Phase.SEQUENCE.Word	LOADING RESOURCE SURFACE FROM DISK
2938529.729	Test_Phase.SEQUENCE.Word	LOADING RESOURCE SURFACE FROM DISK
2945556.574	Test_Phase.SEQUENCE.Word	LOADING RESOURCE SURFACE FROM DISK
2952623.182	Test_Phase.SEQUENCE.Word	LOADING RESOURCE SURFACE FROM DISK
2959821.74	Test_Phase.SEQUENCE.Word	LOADING RESOURCE SURFACE FROM DISK
2967175.697	Test_Phase.SEQUENCE.Word	LOADING RESOURCE SURFACE FROM DISK
2974406.455	Test_Phase.SEQUENCE.Word	LOADING RESOURCE SURFACE FROM DISK
2981625.181	Test_Phase.SEQUENCE.Word	LOADING RESOURCE SURFACE FROM DISK
2988823.449	Test_Phase.SEQUENCE.Word	LOADING RESOURCE SURFACE FROM DISK
2995889.946	Test_Phase.SEQUENCE.Word	LOADING RESOURCE SURFACE FROM DISK
3002973.224	Test_Phase.SEQUENCE.Word	LOADING RESOURCE SURFACE FROM DISK
3009973.158	Test_Phase.SEQUENCE.Word	LOADING RESOURCE SURFACE FROM DISK
3017073.3	Test_Phase.SEQUENCE.Word	LOADING RESOURCE SURFACE FROM DISK
3024173.389	Test_Phase.SEQUENCE.Word	LOADING RESOURCE SURFACE FROM DISK
3031309.593	Test_Phase.SEQUENCE.Word	LOADING RESOURCE SURFACE FROM DISK
3038961.518	Test_Phase.SEQUENCE.Word	LOADING RESOURCE SURFACE FROM DISK
3045989.933	Test_Phase.SEQUENCE.Word	LOADING RESOURCE SURFACE FROM DISK
3053229.937	Test_Phase.SEQUENCE.Word	LOADING RESOURCE SURFACE FROM DISK
3060273.424	Test_Phase.SEQUENCE.Word	LOADING RESOURCE SURFACE FROM DISK
3067381.205	Test_Phase.SEQUENCE.Word	LOADING RESOURCE SURFACE FROM DISK
3075056.527	Test_Phase.SEQUENCE.Word	LOADING RESOURCE SURFACE FROM DISK
3082128.643	Test_Phase.SEQUENCE.Word	LOADING RESOURCE SURFACE FROM DISK
3089190.004	Test_Phase.SEQUENCE.Word	LOADING RESOURCE SURFACE FROM DISK
3096439.862	Test_Phase.SEQUENCE.Word	LOADING RESOURCE SURFACE FROM DISK
3103907.007	Test_Phase.SEQUENCE.Word	LOADING RESOURCE SURFACE FROM DISK
3110993.589	Test_Phase.SEQUENCE.Word	LOADING RESOURCE SURFACE FROM DISK
3118194.591	Test_Phase.SEQUENCE.Word	LOADING RESOURCE SURFACE FROM DISK
3125356.734	Test_Phase.SEQUENCE.Word	LOADING RESOURCE SURFACE FROM DISK
3132456.511	Test_Phase.SEQUENCE.Word	LOADING RESOURCE SURFACE FROM DISK
3139523.331	Test_Phase.SEQUENCE.Word	LOADING RESOURCE SURFACE FROM DISK
3147182.751	Test_Phase.SEQUENCE.Word	LOADING RESOURCE SURFACE FROM DISK
3154323.508	Test_Phase.SEQUENCE.Word	LOADING RESOURCE SURFACE FROM DISK
3161390.104	Test_Phase.SEQUENCE.Word	LOADING RESOURCE SURFACE FROM DISK
3169359.84	Test_Phase.SEQUENCE.Word	LOADING RESOURCE SURFACE FROM DISK
3172906.247	DISPLAY_SCREEN	LOADING RESOURCE SURFACE FROM DISK
