5135.739	DISPLAY_SCREEN[1]	LOADING RESOURCE SURFACE FROM DISK
5379.027	Familiarization_Phase.SEQUENCE.Cue_and_Instruction	LOADING RESOURCE SURFACE FROM DISK
5383.275	Familiarization_Phase.SEQUENCE.Cue_and_Instruction	LOADING RESOURCE SURFACE FROM DISK
11423.336	Familiarization_Phase.SEQUENCE.Cue_and_Instruction	LOADING RESOURCE SURFACE FROM DISK
11465.872	Familiarization_Phase.SEQUENCE.Cue_and_Instruction	LOADING RESOURCE SURFACE FROM DISK
17530.508	Familiarization_Phase.SEQUENCE.Cue_and_Instruction	LOADING RESOURCE SURFACE FROM DISK
17542.95	Familiarization_Phase.SEQUENCE.Cue_and_Instruction	LOADING RESOURCE SURFACE FROM DISK
59956.436	DISPLAY_SCREEN[3]	LOADING RESOURCE SURFACE FROM DISK
61329.281	DISPLAY_SCREEN[5]	LOADING RESOURCE SURFACE FROM DISK
63930.561	Practice_Phase.SEQUENCE.Blink_Screen	LOADING RESOURCE SURFACE FROM DISK
65168.047	Practice_Phase.SEQUENCE.Luminance_Cue[1]	LOADING RESOURCE SURFACE FROM DISK
65170.669	Practice_Phase.SEQUENCE.Luminance_Cue[1]	LOADING RESOURCE SURFACE FROM DISK
65172.17	Practice_Phase.SEQUENCE.Luminance_Cue[1]	flip time is later than desired time. Desired Time=65153 Flip Time=65186 Retrace Rate=16.642, prepareTime=43 flip request time 65171
65667.622	Practice_Phase.SEQUENCE.Practice_Instruction	LOADING RESOURCE SURFACE FROM DISK
65670.293	Practice_Phase.SEQUENCE.Practice_Instruction	LOADING RESOURCE SURFACE FROM DISK
69189.618	Practice_Phase.SEQUENCE.Action_cue[1]	LOADING RESOURCE SURFACE FROM DISK
69191.625	Practice_Phase.SEQUENCE.Action_cue[1]	flip time is later than desired time. Desired Time=69186 Flip Time=69203 Retrace Rate=16.642, prepareTime=29 flip request time 69191
73791.901	Practice_Phase.SEQUENCE.Practice_Instruction	LOADING RESOURCE SURFACE FROM DISK
73794.499	Practice_Phase.SEQUENCE.Practice_Instruction	LOADING RESOURCE SURFACE FROM DISK
73795.993	Practice_Phase.SEQUENCE.Practice_Instruction	flip time is later than desired time. Desired Time=73769 Flip Time=73819 Retrace Rate=16.642, prepareTime=50 flip request time 73795
81906.255	Practice_Phase.SEQUENCE.Practice_Instruction	LOADING RESOURCE SURFACE FROM DISK
81912.105	Practice_Phase.SEQUENCE.Practice_Instruction	LOADING RESOURCE SURFACE FROM DISK
81913.622	Practice_Phase.SEQUENCE.Practice_Instruction	flip time is later than desired time. Desired Time=81886 Flip Time=81936 Retrace Rate=16.642, prepareTime=51 flip request time 81913
89984.291	Practice_Phase.SEQUENCE.Practice_Instruction	LOADING RESOURCE SURFACE FROM DISK
89986.99	Practice_Phase.SEQUENCE.Practice_Instruction	LOADING RESOURCE SURFACE FROM DISK
98050.541	Practice_Phase.SEQUENCE.Practice_Instruction	LOADING RESOURCE SURFACE FROM DISK
98053.214	Practice_Phase.SEQUENCE.Practice_Instruction	LOADING RESOURCE SURFACE FROM DISK
106117.504	Practice_Phase.SEQUENCE.Practice_Instruction	LOADING RESOURCE SURFACE FROM DISK
106120.153	Practice_Phase.SEQUENCE.Practice_Instruction	LOADING RESOURCE SURFACE FROM DISK
114184.285	Practice_Phase.SEQUENCE.Practice_Instruction	LOADING RESOURCE SURFACE FROM DISK
114222.346	Practice_Phase.SEQUENCE.Practice_Instruction	LOADING RESOURCE SURFACE FROM DISK
114223.752	Practice_Phase.SEQUENCE.Practice_Instruction	flip time is later than desired time. Desired Time=114203 Flip Time=114236 Retrace Rate=16.642, prepareTime=45 flip request time 114223
122283.835	Practice_Phase.SEQUENCE.Practice_Instruction	LOADING RESOURCE SURFACE FROM DISK
122286.411	Practice_Phase.SEQUENCE.Practice_Instruction	LOADING RESOURCE SURFACE FROM DISK
130350.742	Practice_Phase.SEQUENCE.Practice_Instruction	LOADING RESOURCE SURFACE FROM DISK
130353.537	Practice_Phase.SEQUENCE.Practice_Instruction	LOADING RESOURCE SURFACE FROM DISK
136513.632	DISPLAY_SCREEN[2]	LOADING RESOURCE SURFACE FROM DISK
200511.446	Study_Phase.SEQUENCE.Study_Instruction	LOADING RESOURCE SURFACE FROM DISK
208829.777	Study_Phase.SEQUENCE.Study_Instruction	LOADING RESOURCE SURFACE FROM DISK
217109.541	Study_Phase.SEQUENCE.Study_Instruction	LOADING RESOURCE SURFACE FROM DISK
217111.996	Study_Phase.SEQUENCE.Study_Instruction	LOADING RESOURCE SURFACE FROM DISK
225403.025	Study_Phase.SEQUENCE.Study_Instruction	LOADING RESOURCE SURFACE FROM DISK
233676.118	Study_Phase.SEQUENCE.Study_Instruction	LOADING RESOURCE SURFACE FROM DISK
233720.958	Study_Phase.SEQUENCE.Study_Instruction	LOADING RESOURCE SURFACE FROM DISK
241992.825	Study_Phase.SEQUENCE.Study_Instruction	LOADING RESOURCE SURFACE FROM DISK
242037.766	Study_Phase.SEQUENCE.Study_Instruction	LOADING RESOURCE SURFACE FROM DISK
250309.429	Study_Phase.SEQUENCE.Study_Instruction	LOADING RESOURCE SURFACE FROM DISK
250312.042	Study_Phase.SEQUENCE.Study_Instruction	LOADING RESOURCE SURFACE FROM DISK
258592.721	Study_Phase.SEQUENCE.Study_Instruction	LOADING RESOURCE SURFACE FROM DISK
258636.29	Study_Phase.SEQUENCE.Study_Instruction	LOADING RESOURCE SURFACE FROM DISK
266947.284	Study_Phase.SEQUENCE.Study_Instruction	LOADING RESOURCE SURFACE FROM DISK
275222.57	Study_Phase.SEQUENCE.Study_Instruction	LOADING RESOURCE SURFACE FROM DISK
283476.44	Study_Phase.SEQUENCE.Study_Instruction	LOADING RESOURCE SURFACE FROM DISK
283479.043	Study_Phase.SEQUENCE.Study_Instruction	LOADING RESOURCE SURFACE FROM DISK
291792.571	Study_Phase.SEQUENCE.Study_Instruction	LOADING RESOURCE SURFACE FROM DISK
300059.508	Study_Phase.SEQUENCE.Study_Instruction	LOADING RESOURCE SURFACE FROM DISK
300062.182	Study_Phase.SEQUENCE.Study_Instruction	LOADING RESOURCE SURFACE FROM DISK
308342.751	Study_Phase.SEQUENCE.Study_Instruction	LOADING RESOURCE SURFACE FROM DISK
308345.224	Study_Phase.SEQUENCE.Study_Instruction	LOADING RESOURCE SURFACE FROM DISK
316626.197	Study_Phase.SEQUENCE.Study_Instruction	LOADING RESOURCE SURFACE FROM DISK
316646.76	Study_Phase.SEQUENCE.Study_Instruction	LOADING RESOURCE SURFACE FROM DISK
324926.186	Study_Phase.SEQUENCE.Study_Instruction	LOADING RESOURCE SURFACE FROM DISK
324966.753	Study_Phase.SEQUENCE.Study_Instruction	LOADING RESOURCE SURFACE FROM DISK
333242.636	Study_Phase.SEQUENCE.Study_Instruction	LOADING RESOURCE SURFACE FROM DISK
333245.333	Study_Phase.SEQUENCE.Study_Instruction	LOADING RESOURCE SURFACE FROM DISK
341522.774	Study_Phase.SEQUENCE.Study_Instruction	LOADING RESOURCE SURFACE FROM DISK
349792.907	Study_Phase.SEQUENCE.Study_Instruction	LOADING RESOURCE SURFACE FROM DISK
349828.917	Study_Phase.SEQUENCE.Study_Instruction	LOADING RESOURCE SURFACE FROM DISK
358105.902	Study_Phase.SEQUENCE.Study_Instruction	LOADING RESOURCE SURFACE FROM DISK
366376.232	Study_Phase.SEQUENCE.Study_Instruction	LOADING RESOURCE SURFACE FROM DISK
366378.846	Study_Phase.SEQUENCE.Study_Instruction	LOADING RESOURCE SURFACE FROM DISK
374659.468	Study_Phase.SEQUENCE.Study_Instruction	LOADING RESOURCE SURFACE FROM DISK
374662.038	Study_Phase.SEQUENCE.Study_Instruction	LOADING RESOURCE SURFACE FROM DISK
382942.64	Study_Phase.SEQUENCE.Study_Instruction	LOADING RESOURCE SURFACE FROM DISK
382986.918	Study_Phase.SEQUENCE.Study_Instruction	LOADING RESOURCE SURFACE FROM DISK
391259.532	Study_Phase.SEQUENCE.Study_Instruction	LOADING RESOURCE SURFACE FROM DISK
391262.163	Study_Phase.SEQUENCE.Study_Instruction	LOADING RESOURCE SURFACE FROM DISK
399542.765	Study_Phase.SEQUENCE.Study_Instruction	LOADING RESOURCE SURFACE FROM DISK
399545.364	Study_Phase.SEQUENCE.Study_Instruction	LOADING RESOURCE SURFACE FROM DISK
407826.226	Study_Phase.SEQUENCE.Study_Instruction	LOADING RESOURCE SURFACE FROM DISK
407934.573	Study_Phase.SEQUENCE.Study_Instruction	LOADING RESOURCE SURFACE FROM DISK
416209.465	Study_Phase.SEQUENCE.Study_Instruction	LOADING RESOURCE SURFACE FROM DISK
416247.556	Study_Phase.SEQUENCE.Study_Instruction	LOADING RESOURCE SURFACE FROM DISK
424566.233	Study_Phase.SEQUENCE.Study_Instruction	LOADING RESOURCE SURFACE FROM DISK
432842.832	Study_Phase.SEQUENCE.Study_Instruction	LOADING RESOURCE SURFACE FROM DISK
432845.287	Study_Phase.SEQUENCE.Study_Instruction	LOADING RESOURCE SURFACE FROM DISK
441256.742	Study_Phase.SEQUENCE.Study_Instruction	LOADING RESOURCE SURFACE FROM DISK
449557.716	Study_Phase.SEQUENCE.Study_Instruction	LOADING RESOURCE SURFACE FROM DISK
457865.026	Study_Phase.SEQUENCE.Study_Instruction	LOADING RESOURCE SURFACE FROM DISK
466139.41	Study_Phase.SEQUENCE.Study_Instruction	LOADING RESOURCE SURFACE FROM DISK
474424.552	Study_Phase.SEQUENCE.Study_Instruction	LOADING RESOURCE SURFACE FROM DISK
482692.748	Study_Phase.SEQUENCE.Study_Instruction	LOADING RESOURCE SURFACE FROM DISK
482728.166	Study_Phase.SEQUENCE.Study_Instruction	LOADING RESOURCE SURFACE FROM DISK
491007.239	Study_Phase.SEQUENCE.Study_Instruction	LOADING RESOURCE SURFACE FROM DISK
499276.263	Study_Phase.SEQUENCE.Study_Instruction	LOADING RESOURCE SURFACE FROM DISK
499316.553	Study_Phase.SEQUENCE.Study_Instruction	LOADING RESOURCE SURFACE FROM DISK
507590.586	Study_Phase.SEQUENCE.Study_Instruction	LOADING RESOURCE SURFACE FROM DISK
515855.929	Study_Phase.SEQUENCE.Study_Instruction	LOADING RESOURCE SURFACE FROM DISK
524126.157	Study_Phase.SEQUENCE.Study_Instruction	LOADING RESOURCE SURFACE FROM DISK
524167.701	Study_Phase.SEQUENCE.Study_Instruction	LOADING RESOURCE SURFACE FROM DISK
532442.678	Study_Phase.SEQUENCE.Study_Instruction	LOADING RESOURCE SURFACE FROM DISK
532477.872	Study_Phase.SEQUENCE.Study_Instruction	LOADING RESOURCE SURFACE FROM DISK
540757.083	Study_Phase.SEQUENCE.Study_Instruction	LOADING RESOURCE SURFACE FROM DISK
549062.049	Study_Phase.SEQUENCE.Study_Instruction	LOADING RESOURCE SURFACE FROM DISK
557342.924	Study_Phase.SEQUENCE.Study_Instruction	LOADING RESOURCE SURFACE FROM DISK
557367.26	Study_Phase.SEQUENCE.Study_Instruction	LOADING RESOURCE SURFACE FROM DISK
565682.309	Study_Phase.SEQUENCE.Study_Instruction	LOADING RESOURCE SURFACE FROM DISK
573999.31	Study_Phase.SEQUENCE.Study_Instruction	LOADING RESOURCE SURFACE FROM DISK
582276.103	Study_Phase.SEQUENCE.Study_Instruction	LOADING RESOURCE SURFACE FROM DISK
582317.057	Study_Phase.SEQUENCE.Study_Instruction	LOADING RESOURCE SURFACE FROM DISK
590592.943	Study_Phase.SEQUENCE.Study_Instruction	LOADING RESOURCE SURFACE FROM DISK
590637.71	Study_Phase.SEQUENCE.Study_Instruction	LOADING RESOURCE SURFACE FROM DISK
598906.175	Study_Phase.SEQUENCE.Study_Instruction	LOADING RESOURCE SURFACE FROM DISK
607172.525	Study_Phase.SEQUENCE.Study_Instruction	LOADING RESOURCE SURFACE FROM DISK
615454.639	Study_Phase.SEQUENCE.Study_Instruction	LOADING RESOURCE SURFACE FROM DISK
623725.971	Study_Phase.SEQUENCE.Study_Instruction	LOADING RESOURCE SURFACE FROM DISK
623769.906	Study_Phase.SEQUENCE.Study_Instruction	LOADING RESOURCE SURFACE FROM DISK
632040.475	Study_Phase.SEQUENCE.Study_Instruction	LOADING RESOURCE SURFACE FROM DISK
640305.995	Study_Phase.SEQUENCE.Study_Instruction	LOADING RESOURCE SURFACE FROM DISK
648611.329	Study_Phase.SEQUENCE.Study_Instruction	LOADING RESOURCE SURFACE FROM DISK
656889.368	Study_Phase.SEQUENCE.Study_Instruction	LOADING RESOURCE SURFACE FROM DISK
665155.948	Study_Phase.SEQUENCE.Study_Instruction	LOADING RESOURCE SURFACE FROM DISK
673406.202	Study_Phase.SEQUENCE.Study_Instruction	LOADING RESOURCE SURFACE FROM DISK
681676.217	Study_Phase.SEQUENCE.Study_Instruction	LOADING RESOURCE SURFACE FROM DISK
681715.908	Study_Phase.SEQUENCE.Study_Instruction	LOADING RESOURCE SURFACE FROM DISK
689990.492	Study_Phase.SEQUENCE.Study_Instruction	LOADING RESOURCE SURFACE FROM DISK
698259.504	Study_Phase.SEQUENCE.Study_Instruction	LOADING RESOURCE SURFACE FROM DISK
698305.048	Study_Phase.SEQUENCE.Study_Instruction	LOADING RESOURCE SURFACE FROM DISK
706589.153	Study_Phase.SEQUENCE.Study_Instruction	LOADING RESOURCE SURFACE FROM DISK
714891.872	Study_Phase.SEQUENCE.Study_Instruction	LOADING RESOURCE SURFACE FROM DISK
723159.464	Study_Phase.SEQUENCE.Study_Instruction	LOADING RESOURCE SURFACE FROM DISK
723198.463	Study_Phase.SEQUENCE.Study_Instruction	LOADING RESOURCE SURFACE FROM DISK
731476.012	Study_Phase.SEQUENCE.Study_Instruction	LOADING RESOURCE SURFACE FROM DISK
731478.54	Study_Phase.SEQUENCE.Study_Instruction	LOADING RESOURCE SURFACE FROM DISK
739759.296	Study_Phase.SEQUENCE.Study_Instruction	LOADING RESOURCE SURFACE FROM DISK
739797.581	Study_Phase.SEQUENCE.Study_Instruction	LOADING RESOURCE SURFACE FROM DISK
748076.109	Study_Phase.SEQUENCE.Study_Instruction	LOADING RESOURCE SURFACE FROM DISK
748078.717	Study_Phase.SEQUENCE.Study_Instruction	LOADING RESOURCE SURFACE FROM DISK
756339.465	Study_Phase.SEQUENCE.Study_Instruction	LOADING RESOURCE SURFACE FROM DISK
764609.62	Study_Phase.SEQUENCE.Study_Instruction	LOADING RESOURCE SURFACE FROM DISK
764612.312	Study_Phase.SEQUENCE.Study_Instruction	LOADING RESOURCE SURFACE FROM DISK
772892.781	Study_Phase.SEQUENCE.Study_Instruction	LOADING RESOURCE SURFACE FROM DISK
772895.374	Study_Phase.SEQUENCE.Study_Instruction	LOADING RESOURCE SURFACE FROM DISK
781172.746	Study_Phase.SEQUENCE.Study_Instruction	LOADING RESOURCE SURFACE FROM DISK
789442.799	Study_Phase.SEQUENCE.Study_Instruction	LOADING RESOURCE SURFACE FROM DISK
789445.453	Study_Phase.SEQUENCE.Study_Instruction	LOADING RESOURCE SURFACE FROM DISK
797763.422	Study_Phase.SEQUENCE.Study_Instruction	LOADING RESOURCE SURFACE FROM DISK
806039.245	Study_Phase.SEQUENCE.Study_Instruction	LOADING RESOURCE SURFACE FROM DISK
814306.044	Study_Phase.SEQUENCE.Study_Instruction	LOADING RESOURCE SURFACE FROM DISK
822575.986	Study_Phase.SEQUENCE.Study_Instruction	LOADING RESOURCE SURFACE FROM DISK
822621.694	Study_Phase.SEQUENCE.Study_Instruction	LOADING RESOURCE SURFACE FROM DISK
830924.013	Study_Phase.SEQUENCE.Study_Instruction	LOADING RESOURCE SURFACE FROM DISK
839189.198	Study_Phase.SEQUENCE.Study_Instruction	LOADING RESOURCE SURFACE FROM DISK
847494.631	Study_Phase.SEQUENCE.Study_Instruction	LOADING RESOURCE SURFACE FROM DISK
855772.666	Study_Phase.SEQUENCE.Study_Instruction	LOADING RESOURCE SURFACE FROM DISK
864042.664	Study_Phase.SEQUENCE.Study_Instruction	LOADING RESOURCE SURFACE FROM DISK
864045.122	Study_Phase.SEQUENCE.Study_Instruction	LOADING RESOURCE SURFACE FROM DISK
872323.765	Study_Phase.SEQUENCE.Study_Instruction	LOADING RESOURCE SURFACE FROM DISK
880589.402	Study_Phase.SEQUENCE.Study_Instruction	LOADING RESOURCE SURFACE FROM DISK
888859.321	Study_Phase.SEQUENCE.Study_Instruction	LOADING RESOURCE SURFACE FROM DISK
888894.178	Study_Phase.SEQUENCE.Study_Instruction	LOADING RESOURCE SURFACE FROM DISK
897156.994	Study_Phase.SEQUENCE.Study_Instruction	LOADING RESOURCE SURFACE FROM DISK
905407.114	Study_Phase.SEQUENCE.Study_Instruction	LOADING RESOURCE SURFACE FROM DISK
913676.284	Study_Phase.SEQUENCE.Study_Instruction	LOADING RESOURCE SURFACE FROM DISK
913714.221	Study_Phase.SEQUENCE.Study_Instruction	LOADING RESOURCE SURFACE FROM DISK
922032.96	Study_Phase.SEQUENCE.Study_Instruction	LOADING RESOURCE SURFACE FROM DISK
930309.234	Study_Phase.SEQUENCE.Study_Instruction	LOADING RESOURCE SURFACE FROM DISK
930348.966	Study_Phase.SEQUENCE.Study_Instruction	LOADING RESOURCE SURFACE FROM DISK
938623.781	Study_Phase.SEQUENCE.Study_Instruction	LOADING RESOURCE SURFACE FROM DISK
946892.666	Study_Phase.SEQUENCE.Study_Instruction	LOADING RESOURCE SURFACE FROM DISK
946910.19	Study_Phase.SEQUENCE.Study_Instruction	LOADING RESOURCE SURFACE FROM DISK
955206.664	Study_Phase.SEQUENCE.Study_Instruction	LOADING RESOURCE SURFACE FROM DISK
963476.309	Study_Phase.SEQUENCE.Study_Instruction	LOADING RESOURCE SURFACE FROM DISK
963478.774	Study_Phase.SEQUENCE.Study_Instruction	LOADING RESOURCE SURFACE FROM DISK
971790.647	Study_Phase.SEQUENCE.Study_Instruction	LOADING RESOURCE SURFACE FROM DISK
980059.426	Study_Phase.SEQUENCE.Study_Instruction	LOADING RESOURCE SURFACE FROM DISK
980118.771	Study_Phase.SEQUENCE.Study_Instruction	LOADING RESOURCE SURFACE FROM DISK
988413.87	Study_Phase.SEQUENCE.Study_Instruction	LOADING RESOURCE SURFACE FROM DISK
996723.324	Study_Phase.SEQUENCE.Study_Instruction	LOADING RESOURCE SURFACE FROM DISK
1004993.144	Study_Phase.SEQUENCE.Study_Instruction	LOADING RESOURCE SURFACE FROM DISK
1005028.691	Study_Phase.SEQUENCE.Study_Instruction	LOADING RESOURCE SURFACE FROM DISK
1013349.189	Study_Phase.SEQUENCE.Study_Instruction	LOADING RESOURCE SURFACE FROM DISK
1021623.854	Study_Phase.SEQUENCE.Study_Instruction	LOADING RESOURCE SURFACE FROM DISK
1029892.798	Study_Phase.SEQUENCE.Study_Instruction	LOADING RESOURCE SURFACE FROM DISK
1029932.166	Study_Phase.SEQUENCE.Study_Instruction	LOADING RESOURCE SURFACE FROM DISK
1038249.427	Study_Phase.SEQUENCE.Study_Instruction	LOADING RESOURCE SURFACE FROM DISK
1046555.686	Study_Phase.SEQUENCE.Study_Instruction	LOADING RESOURCE SURFACE FROM DISK
1054822.699	Study_Phase.SEQUENCE.Study_Instruction	LOADING RESOURCE SURFACE FROM DISK
1063092.67	Study_Phase.SEQUENCE.Study_Instruction	LOADING RESOURCE SURFACE FROM DISK
1063095.081	Study_Phase.SEQUENCE.Study_Instruction	LOADING RESOURCE SURFACE FROM DISK
1071449.775	Study_Phase.SEQUENCE.Study_Instruction	LOADING RESOURCE SURFACE FROM DISK
1079765.425	Study_Phase.SEQUENCE.Study_Instruction	LOADING RESOURCE SURFACE FROM DISK
1088042.944	Study_Phase.SEQUENCE.Study_Instruction	LOADING RESOURCE SURFACE FROM DISK
1088045.417	Study_Phase.SEQUENCE.Study_Instruction	LOADING RESOURCE SURFACE FROM DISK
1096355.925	Study_Phase.SEQUENCE.Study_Instruction	LOADING RESOURCE SURFACE FROM DISK
1104609.459	Study_Phase.SEQUENCE.Study_Instruction	LOADING RESOURCE SURFACE FROM DISK
1104646.407	Study_Phase.SEQUENCE.Study_Instruction	LOADING RESOURCE SURFACE FROM DISK
1112926.261	Study_Phase.SEQUENCE.Study_Instruction	LOADING RESOURCE SURFACE FROM DISK
1112928.875	Study_Phase.SEQUENCE.Study_Instruction	LOADING RESOURCE SURFACE FROM DISK
1121190.489	Study_Phase.SEQUENCE.Study_Instruction	LOADING RESOURCE SURFACE FROM DISK
1129459.661	Study_Phase.SEQUENCE.Study_Instruction	LOADING RESOURCE SURFACE FROM DISK
1129480.056	Study_Phase.SEQUENCE.Study_Instruction	LOADING RESOURCE SURFACE FROM DISK
1137759.376	Study_Phase.SEQUENCE.Study_Instruction	LOADING RESOURCE SURFACE FROM DISK
1137803.255	Study_Phase.SEQUENCE.Study_Instruction	LOADING RESOURCE SURFACE FROM DISK
1146097.707	Study_Phase.SEQUENCE.Study_Instruction	LOADING RESOURCE SURFACE FROM DISK
1154376.188	Study_Phase.SEQUENCE.Study_Instruction	LOADING RESOURCE SURFACE FROM DISK
1154378.762	Study_Phase.SEQUENCE.Study_Instruction	LOADING RESOURCE SURFACE FROM DISK
1162701.31	Study_Phase.SEQUENCE.Study_Instruction	LOADING RESOURCE SURFACE FROM DISK
1170976.205	Study_Phase.SEQUENCE.Study_Instruction	LOADING RESOURCE SURFACE FROM DISK
1171017.333	Study_Phase.SEQUENCE.Study_Instruction	LOADING RESOURCE SURFACE FROM DISK
1179290.338	Study_Phase.SEQUENCE.Study_Instruction	LOADING RESOURCE SURFACE FROM DISK
1187600.439	Study_Phase.SEQUENCE.Study_Instruction	LOADING RESOURCE SURFACE FROM DISK
1193830.238	DISPLAY_SCREEN[7]	LOADING RESOURCE SURFACE FROM DISK
1269940.929	Test_Phase.SEQUENCE.Target_Cue	LOADING RESOURCE SURFACE FROM DISK
1269944.038	Test_Phase.SEQUENCE.Target_Cue	LOADING RESOURCE SURFACE FROM DISK
1271972.506	Test_Phase.SEQUENCE.Word	LOADING RESOURCE SURFACE FROM DISK
1274988.96	Test_Phase.SEQUENCE.Test_Question	LOADING RESOURCE SURFACE FROM DISK
1275024.377	Test_Phase.SEQUENCE.Test_Question	LOADING RESOURCE SURFACE FROM DISK
1275029.485	Test_Phase.SEQUENCE.Test_Question	LOADING RESOURCE SURFACE FROM DISK
1275034.589	Test_Phase.SEQUENCE.Test_Question	LOADING RESOURCE SURFACE FROM DISK
1275036.637	Test_Phase.SEQUENCE.Test_Question	LOADING RESOURCE SURFACE FROM DISK
1275038.484	Test_Phase.SEQUENCE.Test_Question	LOADING RESOURCE SURFACE FROM DISK
1275040.257	Test_Phase.SEQUENCE.Test_Question	LOADING RESOURCE SURFACE FROM DISK
1275041.914	Test_Phase.SEQUENCE.Test_Question	LOADING RESOURCE SURFACE FROM DISK
1275043.715	Test_Phase.SEQUENCE.Test_Question	LOADING RESOURCE SURFACE FROM DISK
1275045.531	Test_Phase.SEQUENCE.Test_Question	LOADING RESOURCE SURFACE FROM DISK
1275047.486	Test_Phase.SEQUENCE.Test_Question	LOADING RESOURCE SURFACE FROM DISK
1275049.308	Test_Phase.SEQUENCE.Test_Question	LOADING RESOURCE SURFACE FROM DISK
1280339.184	Test_Phase.SEQUENCE.Word	LOADING RESOURCE SURFACE FROM DISK
1287506.025	Test_Phase.SEQUENCE.Word	LOADING RESOURCE SURFACE FROM DISK
1295705.784	Test_Phase.SEQUENCE.Word	LOADING RESOURCE SURFACE FROM DISK
1303022.422	Test_Phase.SEQUENCE.Word	LOADING RESOURCE SURFACE FROM DISK
1310322.726	Test_Phase.SEQUENCE.Word	LOADING RESOURCE SURFACE FROM DISK
1317422.527	Test_Phase.SEQUENCE.Word	LOADING RESOURCE SURFACE FROM DISK
1324672.456	Test_Phase.SEQUENCE.Word	LOADING RESOURCE SURFACE FROM DISK
1332055.744	Test_Phase.SEQUENCE.Word	LOADING RESOURCE SURFACE FROM DISK
1339139.035	Test_Phase.SEQUENCE.Word	LOADING RESOURCE SURFACE FROM DISK
1346689.266	Test_Phase.SEQUENCE.Word	LOADING RESOURCE SURFACE FROM DISK
1353957.411	Test_Phase.SEQUENCE.Word	LOADING RESOURCE SURFACE FROM DISK
1361456.108	Test_Phase.SEQUENCE.Word	LOADING RESOURCE SURFACE FROM DISK
1368779.074	Test_Phase.SEQUENCE.Word	LOADING RESOURCE SURFACE FROM DISK
1376372.444	Test_Phase.SEQUENCE.Word	LOADING RESOURCE SURFACE FROM DISK
1383789.156	Test_Phase.SEQUENCE.Word	LOADING RESOURCE SURFACE FROM DISK
1391272.895	Test_Phase.SEQUENCE.Word	LOADING RESOURCE SURFACE FROM DISK
1398747.57	Test_Phase.SEQUENCE.Word	LOADING RESOURCE SURFACE FROM DISK
1405889.416	Test_Phase.SEQUENCE.Word	LOADING RESOURCE SURFACE FROM DISK
1414239.18	Test_Phase.SEQUENCE.Word	LOADING RESOURCE SURFACE FROM DISK
1421543.991	Test_Phase.SEQUENCE.Word	LOADING RESOURCE SURFACE FROM DISK
1428678.529	Test_Phase.SEQUENCE.Word	LOADING RESOURCE SURFACE FROM DISK
1435739.176	Test_Phase.SEQUENCE.Word	LOADING RESOURCE SURFACE FROM DISK
1442899.622	Test_Phase.SEQUENCE.Word	LOADING RESOURCE SURFACE FROM DISK
1450078.369	Test_Phase.SEQUENCE.Word	LOADING RESOURCE SURFACE FROM DISK
1457489.265	Test_Phase.SEQUENCE.Word	LOADING RESOURCE SURFACE FROM DISK
1464835.825	Test_Phase.SEQUENCE.Word	LOADING RESOURCE SURFACE FROM DISK
1472205.822	Test_Phase.SEQUENCE.Word	LOADING RESOURCE SURFACE FROM DISK
1479289.142	Test_Phase.SEQUENCE.Word	LOADING RESOURCE SURFACE FROM DISK
1486705.872	Test_Phase.SEQUENCE.Word	LOADING RESOURCE SURFACE FROM DISK
1493892.323	Test_Phase.SEQUENCE.Word	LOADING RESOURCE SURFACE FROM DISK
1502061.941	Test_Phase.SEQUENCE.Word	LOADING RESOURCE SURFACE FROM DISK
1509239.069	Test_Phase.SEQUENCE.Word	LOADING RESOURCE SURFACE FROM DISK
1516889.116	Test_Phase.SEQUENCE.Word	LOADING RESOURCE SURFACE FROM DISK
1524372.65	Test_Phase.SEQUENCE.Word	LOADING RESOURCE SURFACE FROM DISK
1531756.976	Test_Phase.SEQUENCE.Word	LOADING RESOURCE SURFACE FROM DISK
1539172.541	Test_Phase.SEQUENCE.Word	LOADING RESOURCE SURFACE FROM DISK
1546372.455	Test_Phase.SEQUENCE.Word	LOADING RESOURCE SURFACE FROM DISK
1553855.775	Test_Phase.SEQUENCE.Word	LOADING RESOURCE SURFACE FROM DISK
1561455.831	Test_Phase.SEQUENCE.Word	LOADING RESOURCE SURFACE FROM DISK
1569006.396	Test_Phase.SEQUENCE.Word	LOADING RESOURCE SURFACE FROM DISK
1576239.419	Test_Phase.SEQUENCE.Word	LOADING RESOURCE SURFACE FROM DISK
1583355.883	Test_Phase.SEQUENCE.Word	LOADING RESOURCE SURFACE FROM DISK
1590548.766	Test_Phase.SEQUENCE.Word	LOADING RESOURCE SURFACE FROM DISK
1597639.48	Test_Phase.SEQUENCE.Word	LOADING RESOURCE SURFACE FROM DISK
1605289.148	Test_Phase.SEQUENCE.Word	LOADING RESOURCE SURFACE FROM DISK
1612614.807	Test_Phase.SEQUENCE.Word	LOADING RESOURCE SURFACE FROM DISK
1619838.99	Test_Phase.SEQUENCE.Word	LOADING RESOURCE SURFACE FROM DISK
1627005.772	Test_Phase.SEQUENCE.Word	LOADING RESOURCE SURFACE FROM DISK
1634289.283	Test_Phase.SEQUENCE.Word	LOADING RESOURCE SURFACE FROM DISK
1641392.555	Test_Phase.SEQUENCE.Word	LOADING RESOURCE SURFACE FROM DISK
1648539.334	Test_Phase.SEQUENCE.Word	LOADING RESOURCE SURFACE FROM DISK
1655856.099	Test_Phase.SEQUENCE.Word	LOADING RESOURCE SURFACE FROM DISK
1663189.486	Test_Phase.SEQUENCE.Word	LOADING RESOURCE SURFACE FROM DISK
1670323.414	Test_Phase.SEQUENCE.Word	LOADING RESOURCE SURFACE FROM DISK
1677605.774	Test_Phase.SEQUENCE.Word	LOADING RESOURCE SURFACE FROM DISK
1685139.585	Test_Phase.SEQUENCE.Word	LOADING RESOURCE SURFACE FROM DISK
1692322.445	Test_Phase.SEQUENCE.Word	LOADING RESOURCE SURFACE FROM DISK
1699722.432	Test_Phase.SEQUENCE.Word	LOADING RESOURCE SURFACE FROM DISK
1707822.54	Test_Phase.SEQUENCE.Word	LOADING RESOURCE SURFACE FROM DISK
1715589.186	Test_Phase.SEQUENCE.Word	LOADING RESOURCE SURFACE FROM DISK
1723077.576	Test_Phase.SEQUENCE.Word	LOADING RESOURCE SURFACE FROM DISK
1730273.269	Test_Phase.SEQUENCE.Word	LOADING RESOURCE SURFACE FROM DISK
1737439.076	Test_Phase.SEQUENCE.Word	LOADING RESOURCE SURFACE FROM DISK
1744589.086	Test_Phase.SEQUENCE.Word	LOADING RESOURCE SURFACE FROM DISK
1751689.472	Test_Phase.SEQUENCE.Word	LOADING RESOURCE SURFACE FROM DISK
1758772.495	Test_Phase.SEQUENCE.Word	LOADING RESOURCE SURFACE FROM DISK
1766005.791	Test_Phase.SEQUENCE.Word	LOADING RESOURCE SURFACE FROM DISK
1780710.469	Test_Phase.SEQUENCE.Word	LOADING RESOURCE SURFACE FROM DISK
1788072.48	Test_Phase.SEQUENCE.Word	LOADING RESOURCE SURFACE FROM DISK
1795455.833	Test_Phase.SEQUENCE.Word	LOADING RESOURCE SURFACE FROM DISK
1802912.607	Test_Phase.SEQUENCE.Word	LOADING RESOURCE SURFACE FROM DISK
1810039.027	Test_Phase.SEQUENCE.Word	LOADING RESOURCE SURFACE FROM DISK
1817422.481	Test_Phase.SEQUENCE.Word	LOADING RESOURCE SURFACE FROM DISK
1824730.914	Test_Phase.SEQUENCE.Word	LOADING RESOURCE SURFACE FROM DISK
1831823.155	Test_Phase.SEQUENCE.Word	LOADING RESOURCE SURFACE FROM DISK
1838876.327	Test_Phase.SEQUENCE.Word	LOADING RESOURCE SURFACE FROM DISK
1846622.442	Test_Phase.SEQUENCE.Word	LOADING RESOURCE SURFACE FROM DISK
1854005.72	Test_Phase.SEQUENCE.Word	LOADING RESOURCE SURFACE FROM DISK
1861124.412	Test_Phase.SEQUENCE.Word	LOADING RESOURCE SURFACE FROM DISK
1868189.284	Test_Phase.SEQUENCE.Word	LOADING RESOURCE SURFACE FROM DISK
1875278.459	Test_Phase.SEQUENCE.Word	LOADING RESOURCE SURFACE FROM DISK
1882355.784	Test_Phase.SEQUENCE.Word	LOADING RESOURCE SURFACE FROM DISK
1889711.518	Test_Phase.SEQUENCE.Word	LOADING RESOURCE SURFACE FROM DISK
1896905.675	Test_Phase.SEQUENCE.Word	LOADING RESOURCE SURFACE FROM DISK
1904127.151	Test_Phase.SEQUENCE.Word	LOADING RESOURCE SURFACE FROM DISK
1911355.946	Test_Phase.SEQUENCE.Word	LOADING RESOURCE SURFACE FROM DISK
1918789.19	Test_Phase.SEQUENCE.Word	LOADING RESOURCE SURFACE FROM DISK
1926172.624	Test_Phase.SEQUENCE.Word	LOADING RESOURCE SURFACE FROM DISK
1933505.882	Test_Phase.SEQUENCE.Word	LOADING RESOURCE SURFACE FROM DISK
1940789.174	Test_Phase.SEQUENCE.Word	LOADING RESOURCE SURFACE FROM DISK
1947876.311	Test_Phase.SEQUENCE.Word	LOADING RESOURCE SURFACE FROM DISK
1955255.713	Test_Phase.SEQUENCE.Word	LOADING RESOURCE SURFACE FROM DISK
1962389.492	Test_Phase.SEQUENCE.Word	LOADING RESOURCE SURFACE FROM DISK
1969689.144	Test_Phase.SEQUENCE.Word	LOADING RESOURCE SURFACE FROM DISK
1977872.601	Test_Phase.SEQUENCE.Word	LOADING RESOURCE SURFACE FROM DISK
1985128.787	Test_Phase.SEQUENCE.Word	LOADING RESOURCE SURFACE FROM DISK
1992447.463	Test_Phase.SEQUENCE.Word	LOADING RESOURCE SURFACE FROM DISK
1999605.718	Test_Phase.SEQUENCE.Word	LOADING RESOURCE SURFACE FROM DISK
2006856.081	Test_Phase.SEQUENCE.Word	LOADING RESOURCE SURFACE FROM DISK
2014261.516	Test_Phase.SEQUENCE.Word	LOADING RESOURCE SURFACE FROM DISK
2021657.665	Test_Phase.SEQUENCE.Word	LOADING RESOURCE SURFACE FROM DISK
2028838.364	Test_Phase.SEQUENCE.Word	LOADING RESOURCE SURFACE FROM DISK
2036089.105	Test_Phase.SEQUENCE.Word	LOADING RESOURCE SURFACE FROM DISK
2043205.886	Test_Phase.SEQUENCE.Word	LOADING RESOURCE SURFACE FROM DISK
2050289.228	Test_Phase.SEQUENCE.Word	LOADING RESOURCE SURFACE FROM DISK
2057389.138	Test_Phase.SEQUENCE.Word	LOADING RESOURCE SURFACE FROM DISK
2064657.187	Test_Phase.SEQUENCE.Word	LOADING RESOURCE SURFACE FROM DISK
2071955.785	Test_Phase.SEQUENCE.Word	LOADING RESOURCE SURFACE FROM DISK
2079272.505	Test_Phase.SEQUENCE.Word	LOADING RESOURCE SURFACE FROM DISK
2086639.077	Test_Phase.SEQUENCE.Word	LOADING RESOURCE SURFACE FROM DISK
2094189.047	Test_Phase.SEQUENCE.Word	LOADING RESOURCE SURFACE FROM DISK
2101472.466	Test_Phase.SEQUENCE.Word	LOADING RESOURCE SURFACE FROM DISK
2109805.665	Test_Phase.SEQUENCE.Word	LOADING RESOURCE SURFACE FROM DISK
2116856.069	Test_Phase.SEQUENCE.Word	LOADING RESOURCE SURFACE FROM DISK
2125438.428	Test_Phase.SEQUENCE.Word	LOADING RESOURCE SURFACE FROM DISK
2132799.59	Test_Phase.SEQUENCE.Word	LOADING RESOURCE SURFACE FROM DISK
2140156.238	Test_Phase.SEQUENCE.Word	LOADING RESOURCE SURFACE FROM DISK
2148306.663	Test_Phase.SEQUENCE.Word	LOADING RESOURCE SURFACE FROM DISK
2157672.768	Test_Phase.SEQUENCE.Word	LOADING RESOURCE SURFACE FROM DISK
2177639.203	Test_Phase.SEQUENCE.Word	LOADING RESOURCE SURFACE FROM DISK
2191890.637	Test_Phase.SEQUENCE.Word	LOADING RESOURCE SURFACE FROM DISK
2199039.285	Test_Phase.SEQUENCE.Word	LOADING RESOURCE SURFACE FROM DISK
2206505.722	Test_Phase.SEQUENCE.Word	LOADING RESOURCE SURFACE FROM DISK
2213539.172	Test_Phase.SEQUENCE.Word	LOADING RESOURCE SURFACE FROM DISK
2221878.616	Test_Phase.SEQUENCE.Word	LOADING RESOURCE SURFACE FROM DISK
2239205.896	Test_Phase.SEQUENCE.Word	LOADING RESOURCE SURFACE FROM DISK
2247572.344	Test_Phase.SEQUENCE.Word	LOADING RESOURCE SURFACE FROM DISK
2255222.624	Test_Phase.SEQUENCE.Word	LOADING RESOURCE SURFACE FROM DISK
2263205.826	Test_Phase.SEQUENCE.Word	LOADING RESOURCE SURFACE FROM DISK
2270355.776	Test_Phase.SEQUENCE.Word	LOADING RESOURCE SURFACE FROM DISK
2278540.547	Test_Phase.SEQUENCE.Word	LOADING RESOURCE SURFACE FROM DISK
2286222.387	Test_Phase.SEQUENCE.Word	LOADING RESOURCE SURFACE FROM DISK
2293355.777	Test_Phase.SEQUENCE.Word	LOADING RESOURCE SURFACE FROM DISK
2300530.568	Test_Phase.SEQUENCE.Word	LOADING RESOURCE SURFACE FROM DISK
2307589.189	Test_Phase.SEQUENCE.Word	LOADING RESOURCE SURFACE FROM DISK
2314672.574	Test_Phase.SEQUENCE.Word	LOADING RESOURCE SURFACE FROM DISK
2321797.383	Test_Phase.SEQUENCE.Word	LOADING RESOURCE SURFACE FROM DISK
2329046.684	Test_Phase.SEQUENCE.Word	LOADING RESOURCE SURFACE FROM DISK
2336146.489	Test_Phase.SEQUENCE.Word	LOADING RESOURCE SURFACE FROM DISK
2343307.855	Test_Phase.SEQUENCE.Word	LOADING RESOURCE SURFACE FROM DISK
2350225.932	Test_Phase.SEQUENCE.Word	LOADING RESOURCE SURFACE FROM DISK
2357322.369	Test_Phase.SEQUENCE.Word	LOADING RESOURCE SURFACE FROM DISK
2366478.109	Test_Phase.SEQUENCE.Test_Question	ERROR: EXPERIMENT TERMINATED BY HOST
