4802.294	DISPLAY_SCREEN[1]	LOADING RESOURCE SURFACE FROM DISK
2199155.277	Familiarization_Phase.SEQUENCE.Cue_and_Instruction	LOADING RESOURCE SURFACE FROM DISK
2199159.158	Familiarization_Phase.SEQUENCE.Cue_and_Instruction	LOADING RESOURCE SURFACE FROM DISK
2205207.559	Familiarization_Phase.SEQUENCE.Cue_and_Instruction	LOADING RESOURCE SURFACE FROM DISK
2205211.854	Familiarization_Phase.SEQUENCE.Cue_and_Instruction	LOADING RESOURCE SURFACE FROM DISK
2211257.601	Familiarization_Phase.SEQUENCE.Cue_and_Instruction	LOADING RESOURCE SURFACE FROM DISK
2211261.737	Familiarization_Phase.SEQUENCE.Cue_and_Instruction	LOADING RESOURCE SURFACE FROM DISK
2253390.122	DISPLAY_SCREEN[3]	LOADING RESOURCE SURFACE FROM DISK
2392781.371	DISPLAY_SCREEN[5]	LOADING RESOURCE SURFACE FROM DISK
2446398.316	Practice_Phase.SEQUENCE.Blink_Screen	LOADING RESOURCE SURFACE FROM DISK
2447602.529	Practice_Phase.SEQUENCE.Luminance_Cue[1]	LOADING RESOURCE SURFACE FROM DISK
2447604.778	Practice_Phase.SEQUENCE.Luminance_Cue[1]	LOADING RESOURCE SURFACE FROM DISK
2448102.309	Practice_Phase.SEQUENCE.Practice_Instruction	LOADING RESOURCE SURFACE FROM DISK
2448104.584	Practice_Phase.SEQUENCE.Practice_Instruction	LOADING RESOURCE SURFACE FROM DISK
2451602.194	Practice_Phase.SEQUENCE.Action_cue[1]	LOADING RESOURCE SURFACE FROM DISK
2456435.413	Practice_Phase.SEQUENCE.Practice_Instruction	LOADING RESOURCE SURFACE FROM DISK
2456437.833	Practice_Phase.SEQUENCE.Practice_Instruction	LOADING RESOURCE SURFACE FROM DISK
2464502.242	Practice_Phase.SEQUENCE.Practice_Instruction	LOADING RESOURCE SURFACE FROM DISK
2464504.774	Practice_Phase.SEQUENCE.Practice_Instruction	LOADING RESOURCE SURFACE FROM DISK
2472568.859	Practice_Phase.SEQUENCE.Practice_Instruction	LOADING RESOURCE SURFACE FROM DISK
2472571.19	Practice_Phase.SEQUENCE.Practice_Instruction	LOADING RESOURCE SURFACE FROM DISK
2480635.588	Practice_Phase.SEQUENCE.Practice_Instruction	LOADING RESOURCE SURFACE FROM DISK
2480637.947	Practice_Phase.SEQUENCE.Practice_Instruction	LOADING RESOURCE SURFACE FROM DISK
2488704.045	Practice_Phase.SEQUENCE.Practice_Instruction	LOADING RESOURCE SURFACE FROM DISK
2488706.532	Practice_Phase.SEQUENCE.Practice_Instruction	LOADING RESOURCE SURFACE FROM DISK
2496768.746	Practice_Phase.SEQUENCE.Practice_Instruction	LOADING RESOURCE SURFACE FROM DISK
2496771.234	Practice_Phase.SEQUENCE.Practice_Instruction	LOADING RESOURCE SURFACE FROM DISK
2504835.466	Practice_Phase.SEQUENCE.Practice_Instruction	LOADING RESOURCE SURFACE FROM DISK
2504837.841	Practice_Phase.SEQUENCE.Practice_Instruction	LOADING RESOURCE SURFACE FROM DISK
2512902.325	Practice_Phase.SEQUENCE.Practice_Instruction	LOADING RESOURCE SURFACE FROM DISK
2512904.79	Practice_Phase.SEQUENCE.Practice_Instruction	LOADING RESOURCE SURFACE FROM DISK
2519065.47	DISPLAY_SCREEN[2]	LOADING RESOURCE SURFACE FROM DISK
2678560.872	Study_Phase.SEQUENCE.Study_Instruction	LOADING RESOURCE SURFACE FROM DISK
2678563.166	Study_Phase.SEQUENCE.Study_Instruction	LOADING RESOURCE SURFACE FROM DISK
2686840.54	Study_Phase.SEQUENCE.Study_Instruction	LOADING RESOURCE SURFACE FROM DISK
2695108.356	Study_Phase.SEQUENCE.Study_Instruction	LOADING RESOURCE SURFACE FROM DISK
2703377.742	Study_Phase.SEQUENCE.Study_Instruction	LOADING RESOURCE SURFACE FROM DISK
2703379.931	Study_Phase.SEQUENCE.Study_Instruction	LOADING RESOURCE SURFACE FROM DISK
2711660.825	Study_Phase.SEQUENCE.Study_Instruction	LOADING RESOURCE SURFACE FROM DISK
2711663.19	Study_Phase.SEQUENCE.Study_Instruction	LOADING RESOURCE SURFACE FROM DISK
2719940.704	Study_Phase.SEQUENCE.Study_Instruction	LOADING RESOURCE SURFACE FROM DISK
2728207.195	Study_Phase.SEQUENCE.Study_Instruction	LOADING RESOURCE SURFACE FROM DISK
2736477.705	Study_Phase.SEQUENCE.Study_Instruction	LOADING RESOURCE SURFACE FROM DISK
2736480.029	Study_Phase.SEQUENCE.Study_Instruction	LOADING RESOURCE SURFACE FROM DISK
2744758.106	Study_Phase.SEQUENCE.Study_Instruction	LOADING RESOURCE SURFACE FROM DISK
2753027.596	Study_Phase.SEQUENCE.Study_Instruction	LOADING RESOURCE SURFACE FROM DISK
2753029.726	Study_Phase.SEQUENCE.Study_Instruction	LOADING RESOURCE SURFACE FROM DISK
2761311.055	Study_Phase.SEQUENCE.Study_Instruction	LOADING RESOURCE SURFACE FROM DISK
2761313.643	Study_Phase.SEQUENCE.Study_Instruction	LOADING RESOURCE SURFACE FROM DISK
2769590.438	Study_Phase.SEQUENCE.Study_Instruction	LOADING RESOURCE SURFACE FROM DISK
2777857.033	Study_Phase.SEQUENCE.Study_Instruction	LOADING RESOURCE SURFACE FROM DISK
2786123.698	Study_Phase.SEQUENCE.Study_Instruction	LOADING RESOURCE SURFACE FROM DISK
2794390.441	Study_Phase.SEQUENCE.Study_Instruction	LOADING RESOURCE SURFACE FROM DISK
2802661.003	Study_Phase.SEQUENCE.Study_Instruction	LOADING RESOURCE SURFACE FROM DISK
2802663.366	Study_Phase.SEQUENCE.Study_Instruction	LOADING RESOURCE SURFACE FROM DISK
2810940.421	Study_Phase.SEQUENCE.Study_Instruction	LOADING RESOURCE SURFACE FROM DISK
2819191.588	Study_Phase.SEQUENCE.Study_Instruction	LOADING RESOURCE SURFACE FROM DISK
2827457.088	Study_Phase.SEQUENCE.Study_Instruction	LOADING RESOURCE SURFACE FROM DISK
2835727.793	Study_Phase.SEQUENCE.Study_Instruction	LOADING RESOURCE SURFACE FROM DISK
2835730.119	Study_Phase.SEQUENCE.Study_Instruction	LOADING RESOURCE SURFACE FROM DISK
2843991.558	Study_Phase.SEQUENCE.Study_Instruction	LOADING RESOURCE SURFACE FROM DISK
2852261.019	Study_Phase.SEQUENCE.Study_Instruction	LOADING RESOURCE SURFACE FROM DISK
2852263.175	Study_Phase.SEQUENCE.Study_Instruction	LOADING RESOURCE SURFACE FROM DISK
2860527.598	Study_Phase.SEQUENCE.Study_Instruction	LOADING RESOURCE SURFACE FROM DISK
2860529.93	Study_Phase.SEQUENCE.Study_Instruction	LOADING RESOURCE SURFACE FROM DISK
2868808.177	Study_Phase.SEQUENCE.Study_Instruction	LOADING RESOURCE SURFACE FROM DISK
2877077.455	Study_Phase.SEQUENCE.Study_Instruction	LOADING RESOURCE SURFACE FROM DISK
2877079.68	Study_Phase.SEQUENCE.Study_Instruction	LOADING RESOURCE SURFACE FROM DISK
2885361.012	Study_Phase.SEQUENCE.Study_Instruction	LOADING RESOURCE SURFACE FROM DISK
2885363.316	Study_Phase.SEQUENCE.Study_Instruction	LOADING RESOURCE SURFACE FROM DISK
2893644.176	Study_Phase.SEQUENCE.Study_Instruction	LOADING RESOURCE SURFACE FROM DISK
2893646.719	Study_Phase.SEQUENCE.Study_Instruction	LOADING RESOURCE SURFACE FROM DISK
2901927.622	Study_Phase.SEQUENCE.Study_Instruction	LOADING RESOURCE SURFACE FROM DISK
2901929.996	Study_Phase.SEQUENCE.Study_Instruction	LOADING RESOURCE SURFACE FROM DISK
2910210.792	Study_Phase.SEQUENCE.Study_Instruction	LOADING RESOURCE SURFACE FROM DISK
2910213.135	Study_Phase.SEQUENCE.Study_Instruction	LOADING RESOURCE SURFACE FROM DISK
2918491.696	Study_Phase.SEQUENCE.Study_Instruction	LOADING RESOURCE SURFACE FROM DISK
2926757.118	Study_Phase.SEQUENCE.Study_Instruction	LOADING RESOURCE SURFACE FROM DISK
2935027.58	Study_Phase.SEQUENCE.Study_Instruction	LOADING RESOURCE SURFACE FROM DISK
2935029.762	Study_Phase.SEQUENCE.Study_Instruction	LOADING RESOURCE SURFACE FROM DISK
2943307.096	Study_Phase.SEQUENCE.Study_Instruction	LOADING RESOURCE SURFACE FROM DISK
2951574.898	Study_Phase.SEQUENCE.Study_Instruction	LOADING RESOURCE SURFACE FROM DISK
2959844.689	Study_Phase.SEQUENCE.Study_Instruction	LOADING RESOURCE SURFACE FROM DISK
2959846.956	Study_Phase.SEQUENCE.Study_Instruction	LOADING RESOURCE SURFACE FROM DISK
2968123.758	Study_Phase.SEQUENCE.Study_Instruction	LOADING RESOURCE SURFACE FROM DISK
2976390.385	Study_Phase.SEQUENCE.Study_Instruction	LOADING RESOURCE SURFACE FROM DISK
2984658.291	Study_Phase.SEQUENCE.Study_Instruction	LOADING RESOURCE SURFACE FROM DISK
2992923.999	Study_Phase.SEQUENCE.Study_Instruction	LOADING RESOURCE SURFACE FROM DISK
3001190.367	Study_Phase.SEQUENCE.Study_Instruction	LOADING RESOURCE SURFACE FROM DISK
3009457.134	Study_Phase.SEQUENCE.Study_Instruction	LOADING RESOURCE SURFACE FROM DISK
3017727.585	Study_Phase.SEQUENCE.Study_Instruction	LOADING RESOURCE SURFACE FROM DISK
3017729.753	Study_Phase.SEQUENCE.Study_Instruction	LOADING RESOURCE SURFACE FROM DISK
3026007.117	Study_Phase.SEQUENCE.Study_Instruction	LOADING RESOURCE SURFACE FROM DISK
3034275.073	Study_Phase.SEQUENCE.Study_Instruction	LOADING RESOURCE SURFACE FROM DISK
3042544.21	Study_Phase.SEQUENCE.Study_Instruction	LOADING RESOURCE SURFACE FROM DISK
3042546.346	Study_Phase.SEQUENCE.Study_Instruction	LOADING RESOURCE SURFACE FROM DISK
3050808.325	Study_Phase.SEQUENCE.Study_Instruction	LOADING RESOURCE SURFACE FROM DISK
3059073.761	Study_Phase.SEQUENCE.Study_Instruction	LOADING RESOURCE SURFACE FROM DISK
3067327.426	Study_Phase.SEQUENCE.Study_Instruction	LOADING RESOURCE SURFACE FROM DISK
3067329.525	Study_Phase.SEQUENCE.Study_Instruction	LOADING RESOURCE SURFACE FROM DISK
3075608.372	Study_Phase.SEQUENCE.Study_Instruction	LOADING RESOURCE SURFACE FROM DISK
3083860.64	Study_Phase.SEQUENCE.Study_Instruction	LOADING RESOURCE SURFACE FROM DISK
3083862.724	Study_Phase.SEQUENCE.Study_Instruction	LOADING RESOURCE SURFACE FROM DISK
3092144.257	Study_Phase.SEQUENCE.Study_Instruction	LOADING RESOURCE SURFACE FROM DISK
3092146.522	Study_Phase.SEQUENCE.Study_Instruction	LOADING RESOURCE SURFACE FROM DISK
3100425.098	Study_Phase.SEQUENCE.Study_Instruction	LOADING RESOURCE SURFACE FROM DISK
3108694.189	Study_Phase.SEQUENCE.Study_Instruction	LOADING RESOURCE SURFACE FROM DISK
3108696.459	Study_Phase.SEQUENCE.Study_Instruction	LOADING RESOURCE SURFACE FROM DISK
3116973.842	Study_Phase.SEQUENCE.Study_Instruction	LOADING RESOURCE SURFACE FROM DISK
3125240.531	Study_Phase.SEQUENCE.Study_Instruction	LOADING RESOURCE SURFACE FROM DISK
3133508.326	Study_Phase.SEQUENCE.Study_Instruction	LOADING RESOURCE SURFACE FROM DISK
3141773.882	Study_Phase.SEQUENCE.Study_Instruction	LOADING RESOURCE SURFACE FROM DISK
3150027.55	Study_Phase.SEQUENCE.Study_Instruction	LOADING RESOURCE SURFACE FROM DISK
3150029.799	Study_Phase.SEQUENCE.Study_Instruction	LOADING RESOURCE SURFACE FROM DISK
3158290.466	Study_Phase.SEQUENCE.Study_Instruction	LOADING RESOURCE SURFACE FROM DISK
3166558.153	Study_Phase.SEQUENCE.Study_Instruction	LOADING RESOURCE SURFACE FROM DISK
3174827.427	Study_Phase.SEQUENCE.Study_Instruction	LOADING RESOURCE SURFACE FROM DISK
3174829.695	Study_Phase.SEQUENCE.Study_Instruction	LOADING RESOURCE SURFACE FROM DISK
3183110.731	Study_Phase.SEQUENCE.Study_Instruction	LOADING RESOURCE SURFACE FROM DISK
3183112.964	Study_Phase.SEQUENCE.Study_Instruction	LOADING RESOURCE SURFACE FROM DISK
3191377.645	Study_Phase.SEQUENCE.Study_Instruction	LOADING RESOURCE SURFACE FROM DISK
3191380.024	Study_Phase.SEQUENCE.Study_Instruction	LOADING RESOURCE SURFACE FROM DISK
3199658.202	Study_Phase.SEQUENCE.Study_Instruction	LOADING RESOURCE SURFACE FROM DISK
3207927.423	Study_Phase.SEQUENCE.Study_Instruction	LOADING RESOURCE SURFACE FROM DISK
3207929.723	Study_Phase.SEQUENCE.Study_Instruction	LOADING RESOURCE SURFACE FROM DISK
3216208.384	Study_Phase.SEQUENCE.Study_Instruction	LOADING RESOURCE SURFACE FROM DISK
3224477.718	Study_Phase.SEQUENCE.Study_Instruction	LOADING RESOURCE SURFACE FROM DISK
3224479.853	Study_Phase.SEQUENCE.Study_Instruction	LOADING RESOURCE SURFACE FROM DISK
3232758.166	Study_Phase.SEQUENCE.Study_Instruction	LOADING RESOURCE SURFACE FROM DISK
3241027.572	Study_Phase.SEQUENCE.Study_Instruction	LOADING RESOURCE SURFACE FROM DISK
3241029.762	Study_Phase.SEQUENCE.Study_Instruction	LOADING RESOURCE SURFACE FROM DISK
3249308.219	Study_Phase.SEQUENCE.Study_Instruction	LOADING RESOURCE SURFACE FROM DISK
3257577.52	Study_Phase.SEQUENCE.Study_Instruction	LOADING RESOURCE SURFACE FROM DISK
3257579.669	Study_Phase.SEQUENCE.Study_Instruction	LOADING RESOURCE SURFACE FROM DISK
3265857.029	Study_Phase.SEQUENCE.Study_Instruction	LOADING RESOURCE SURFACE FROM DISK
3274127.44	Study_Phase.SEQUENCE.Study_Instruction	LOADING RESOURCE SURFACE FROM DISK
3274129.702	Study_Phase.SEQUENCE.Study_Instruction	LOADING RESOURCE SURFACE FROM DISK
3282408.103	Study_Phase.SEQUENCE.Study_Instruction	LOADING RESOURCE SURFACE FROM DISK
3290677.416	Study_Phase.SEQUENCE.Study_Instruction	LOADING RESOURCE SURFACE FROM DISK
3290679.777	Study_Phase.SEQUENCE.Study_Instruction	LOADING RESOURCE SURFACE FROM DISK
3298957.142	Study_Phase.SEQUENCE.Study_Instruction	LOADING RESOURCE SURFACE FROM DISK
3307224.949	Study_Phase.SEQUENCE.Study_Instruction	LOADING RESOURCE SURFACE FROM DISK
3315494.234	Study_Phase.SEQUENCE.Study_Instruction	LOADING RESOURCE SURFACE FROM DISK
3315496.541	Study_Phase.SEQUENCE.Study_Instruction	LOADING RESOURCE SURFACE FROM DISK
3323774.954	Study_Phase.SEQUENCE.Study_Instruction	LOADING RESOURCE SURFACE FROM DISK
3332027.473	Study_Phase.SEQUENCE.Study_Instruction	LOADING RESOURCE SURFACE FROM DISK
3332029.585	Study_Phase.SEQUENCE.Study_Instruction	LOADING RESOURCE SURFACE FROM DISK
3340308.216	Study_Phase.SEQUENCE.Study_Instruction	LOADING RESOURCE SURFACE FROM DISK
3348573.736	Study_Phase.SEQUENCE.Study_Instruction	LOADING RESOURCE SURFACE FROM DISK
3356840.452	Study_Phase.SEQUENCE.Study_Instruction	LOADING RESOURCE SURFACE FROM DISK
3365107.099	Study_Phase.SEQUENCE.Study_Instruction	LOADING RESOURCE SURFACE FROM DISK
3373377.451	Study_Phase.SEQUENCE.Study_Instruction	LOADING RESOURCE SURFACE FROM DISK
3373379.734	Study_Phase.SEQUENCE.Study_Instruction	LOADING RESOURCE SURFACE FROM DISK
3381660.93	Study_Phase.SEQUENCE.Study_Instruction	LOADING RESOURCE SURFACE FROM DISK
3381663.274	Study_Phase.SEQUENCE.Study_Instruction	LOADING RESOURCE SURFACE FROM DISK
3389941.481	Study_Phase.SEQUENCE.Study_Instruction	LOADING RESOURCE SURFACE FROM DISK
3398207.029	Study_Phase.SEQUENCE.Study_Instruction	LOADING RESOURCE SURFACE FROM DISK
3406477.525	Study_Phase.SEQUENCE.Study_Instruction	LOADING RESOURCE SURFACE FROM DISK
3406479.757	Study_Phase.SEQUENCE.Study_Instruction	LOADING RESOURCE SURFACE FROM DISK
3414761.099	Study_Phase.SEQUENCE.Study_Instruction	LOADING RESOURCE SURFACE FROM DISK
3414763.469	Study_Phase.SEQUENCE.Study_Instruction	LOADING RESOURCE SURFACE FROM DISK
3423041.564	Study_Phase.SEQUENCE.Study_Instruction	LOADING RESOURCE SURFACE FROM DISK
3431311.076	Study_Phase.SEQUENCE.Study_Instruction	LOADING RESOURCE SURFACE FROM DISK
3431313.303	Study_Phase.SEQUENCE.Study_Instruction	LOADING RESOURCE SURFACE FROM DISK
3439593.959	Study_Phase.SEQUENCE.Study_Instruction	LOADING RESOURCE SURFACE FROM DISK
3439596.28	Study_Phase.SEQUENCE.Study_Instruction	LOADING RESOURCE SURFACE FROM DISK
3447873.711	Study_Phase.SEQUENCE.Study_Instruction	LOADING RESOURCE SURFACE FROM DISK
3456144.18	Study_Phase.SEQUENCE.Study_Instruction	LOADING RESOURCE SURFACE FROM DISK
3456146.81	Study_Phase.SEQUENCE.Study_Instruction	LOADING RESOURCE SURFACE FROM DISK
3464423.837	Study_Phase.SEQUENCE.Study_Instruction	LOADING RESOURCE SURFACE FROM DISK
3472691.487	Study_Phase.SEQUENCE.Study_Instruction	LOADING RESOURCE SURFACE FROM DISK
3480944.288	Study_Phase.SEQUENCE.Study_Instruction	LOADING RESOURCE SURFACE FROM DISK
3480946.436	Study_Phase.SEQUENCE.Study_Instruction	LOADING RESOURCE SURFACE FROM DISK
3489223.745	Study_Phase.SEQUENCE.Study_Instruction	LOADING RESOURCE SURFACE FROM DISK
3497490.354	Study_Phase.SEQUENCE.Study_Instruction	LOADING RESOURCE SURFACE FROM DISK
3505758.168	Study_Phase.SEQUENCE.Study_Instruction	LOADING RESOURCE SURFACE FROM DISK
3514027.498	Study_Phase.SEQUENCE.Study_Instruction	LOADING RESOURCE SURFACE FROM DISK
3514029.816	Study_Phase.SEQUENCE.Study_Instruction	LOADING RESOURCE SURFACE FROM DISK
3522307.204	Study_Phase.SEQUENCE.Study_Instruction	LOADING RESOURCE SURFACE FROM DISK
3530544.275	Study_Phase.SEQUENCE.Study_Instruction	LOADING RESOURCE SURFACE FROM DISK
3530546.651	Study_Phase.SEQUENCE.Study_Instruction	LOADING RESOURCE SURFACE FROM DISK
3538824.909	Study_Phase.SEQUENCE.Study_Instruction	LOADING RESOURCE SURFACE FROM DISK
3547094.047	Study_Phase.SEQUENCE.Study_Instruction	LOADING RESOURCE SURFACE FROM DISK
3547096.324	Study_Phase.SEQUENCE.Study_Instruction	LOADING RESOURCE SURFACE FROM DISK
3555357.165	Study_Phase.SEQUENCE.Study_Instruction	LOADING RESOURCE SURFACE FROM DISK
3563623.957	Study_Phase.SEQUENCE.Study_Instruction	LOADING RESOURCE SURFACE FROM DISK
3571858.349	Study_Phase.SEQUENCE.Study_Instruction	LOADING RESOURCE SURFACE FROM DISK
3580127.372	Study_Phase.SEQUENCE.Study_Instruction	LOADING RESOURCE SURFACE FROM DISK
3580129.539	Study_Phase.SEQUENCE.Study_Instruction	LOADING RESOURCE SURFACE FROM DISK
3588408.278	Study_Phase.SEQUENCE.Study_Instruction	LOADING RESOURCE SURFACE FROM DISK
3596677.666	Study_Phase.SEQUENCE.Study_Instruction	LOADING RESOURCE SURFACE FROM DISK
3596679.832	Study_Phase.SEQUENCE.Study_Instruction	LOADING RESOURCE SURFACE FROM DISK
3604957.178	Study_Phase.SEQUENCE.Study_Instruction	LOADING RESOURCE SURFACE FROM DISK
3613223.855	Study_Phase.SEQUENCE.Study_Instruction	LOADING RESOURCE SURFACE FROM DISK
3621490.404	Study_Phase.SEQUENCE.Study_Instruction	LOADING RESOURCE SURFACE FROM DISK
3629760.625	Study_Phase.SEQUENCE.Study_Instruction	LOADING RESOURCE SURFACE FROM DISK
3629763.261	Study_Phase.SEQUENCE.Study_Instruction	LOADING RESOURCE SURFACE FROM DISK
3638040.608	Study_Phase.SEQUENCE.Study_Instruction	LOADING RESOURCE SURFACE FROM DISK
3646307.199	Study_Phase.SEQUENCE.Study_Instruction	LOADING RESOURCE SURFACE FROM DISK
3654573.803	Study_Phase.SEQUENCE.Study_Instruction	LOADING RESOURCE SURFACE FROM DISK
3662840.559	Study_Phase.SEQUENCE.Study_Instruction	LOADING RESOURCE SURFACE FROM DISK
3669063.694	DISPLAY_SCREEN[7]	LOADING RESOURCE SURFACE FROM DISK
4051756.679	Test_Phase.SEQUENCE.Target_Cue	LOADING RESOURCE SURFACE FROM DISK
4051758.401	Test_Phase.SEQUENCE.Target_Cue	LOADING RESOURCE SURFACE FROM DISK
4053773.989	Test_Phase.SEQUENCE.Word	LOADING RESOURCE SURFACE FROM DISK
4056789.994	Test_Phase.SEQUENCE.Test_Question	LOADING RESOURCE SURFACE FROM DISK
4056791.708	Test_Phase.SEQUENCE.Test_Question	LOADING RESOURCE SURFACE FROM DISK
4056793.398	Test_Phase.SEQUENCE.Test_Question	LOADING RESOURCE SURFACE FROM DISK
4056795.028	Test_Phase.SEQUENCE.Test_Question	LOADING RESOURCE SURFACE FROM DISK
4056796.678	Test_Phase.SEQUENCE.Test_Question	LOADING RESOURCE SURFACE FROM DISK
4056798.334	Test_Phase.SEQUENCE.Test_Question	LOADING RESOURCE SURFACE FROM DISK
4056799.966	Test_Phase.SEQUENCE.Test_Question	LOADING RESOURCE SURFACE FROM DISK
4056801.593	Test_Phase.SEQUENCE.Test_Question	LOADING RESOURCE SURFACE FROM DISK
4056803.323	Test_Phase.SEQUENCE.Test_Question	LOADING RESOURCE SURFACE FROM DISK
4056804.867	Test_Phase.SEQUENCE.Test_Question	LOADING RESOURCE SURFACE FROM DISK
4056806.48	Test_Phase.SEQUENCE.Test_Question	LOADING RESOURCE SURFACE FROM DISK
4056808.017	Test_Phase.SEQUENCE.Test_Question	LOADING RESOURCE SURFACE FROM DISK
4061890.666	Test_Phase.SEQUENCE.Word	LOADING RESOURCE SURFACE FROM DISK
4070773.858	Test_Phase.SEQUENCE.Word	LOADING RESOURCE SURFACE FROM DISK
4078257.192	Test_Phase.SEQUENCE.Word	LOADING RESOURCE SURFACE FROM DISK
4086074.052	Test_Phase.SEQUENCE.Word	LOADING RESOURCE SURFACE FROM DISK
4093257.328	Test_Phase.SEQUENCE.Word	LOADING RESOURCE SURFACE FROM DISK
4100640.637	Test_Phase.SEQUENCE.Word	LOADING RESOURCE SURFACE FROM DISK
4107790.723	Test_Phase.SEQUENCE.Word	LOADING RESOURCE SURFACE FROM DISK
4115257.274	Test_Phase.SEQUENCE.Word	LOADING RESOURCE SURFACE FROM DISK
4122857.238	Test_Phase.SEQUENCE.Word	LOADING RESOURCE SURFACE FROM DISK
4130090.66	Test_Phase.SEQUENCE.Word	LOADING RESOURCE SURFACE FROM DISK
4137257.204	Test_Phase.SEQUENCE.Word	LOADING RESOURCE SURFACE FROM DISK
4144857.541	Test_Phase.SEQUENCE.Word	LOADING RESOURCE SURFACE FROM DISK
4151990.65	Test_Phase.SEQUENCE.Word	LOADING RESOURCE SURFACE FROM DISK
4159090.474	Test_Phase.SEQUENCE.Word	LOADING RESOURCE SURFACE FROM DISK
4166257.222	Test_Phase.SEQUENCE.Word	LOADING RESOURCE SURFACE FROM DISK
4173357.241	Test_Phase.SEQUENCE.Word	LOADING RESOURCE SURFACE FROM DISK
4180690.575	Test_Phase.SEQUENCE.Word	LOADING RESOURCE SURFACE FROM DISK
4188174.023	Test_Phase.SEQUENCE.Word	LOADING RESOURCE SURFACE FROM DISK
4195573.89	Test_Phase.SEQUENCE.Word	LOADING RESOURCE SURFACE FROM DISK
4204090.582	Test_Phase.SEQUENCE.Word	LOADING RESOURCE SURFACE FROM DISK
4211557.262	Test_Phase.SEQUENCE.Word	LOADING RESOURCE SURFACE FROM DISK
4219273.901	Test_Phase.SEQUENCE.Word	LOADING RESOURCE SURFACE FROM DISK
4229507.355	Test_Phase.SEQUENCE.Word	LOADING RESOURCE SURFACE FROM DISK
4238490.471	Test_Phase.SEQUENCE.Word	LOADING RESOURCE SURFACE FROM DISK
4245823.923	Test_Phase.SEQUENCE.Word	LOADING RESOURCE SURFACE FROM DISK
4254140.412	Test_Phase.SEQUENCE.Word	LOADING RESOURCE SURFACE FROM DISK
4261273.903	Test_Phase.SEQUENCE.Word	LOADING RESOURCE SURFACE FROM DISK
4268857.354	Test_Phase.SEQUENCE.Word	LOADING RESOURCE SURFACE FROM DISK
4276190.579	Test_Phase.SEQUENCE.Word	LOADING RESOURCE SURFACE FROM DISK
4283390.633	Test_Phase.SEQUENCE.Word	LOADING RESOURCE SURFACE FROM DISK
4291573.803	Test_Phase.SEQUENCE.Word	LOADING RESOURCE SURFACE FROM DISK
4298690.577	Test_Phase.SEQUENCE.Word	LOADING RESOURCE SURFACE FROM DISK
4308240.677	Test_Phase.SEQUENCE.Word	LOADING RESOURCE SURFACE FROM DISK
4315457.207	Test_Phase.SEQUENCE.Word	LOADING RESOURCE SURFACE FROM DISK
4322557.059	Test_Phase.SEQUENCE.Word	LOADING RESOURCE SURFACE FROM DISK
4329707.269	Test_Phase.SEQUENCE.Word	LOADING RESOURCE SURFACE FROM DISK
4337107.178	Test_Phase.SEQUENCE.Word	LOADING RESOURCE SURFACE FROM DISK
4344340.553	Test_Phase.SEQUENCE.Word	LOADING RESOURCE SURFACE FROM DISK
4351740.468	Test_Phase.SEQUENCE.Word	LOADING RESOURCE SURFACE FROM DISK
4359607.16	Test_Phase.SEQUENCE.Word	LOADING RESOURCE SURFACE FROM DISK
4369707.112	Test_Phase.SEQUENCE.Word	LOADING RESOURCE SURFACE FROM DISK
4377007.396	Test_Phase.SEQUENCE.Word	LOADING RESOURCE SURFACE FROM DISK
4385657.267	Test_Phase.SEQUENCE.Word	LOADING RESOURCE SURFACE FROM DISK
4392790.586	Test_Phase.SEQUENCE.Word	LOADING RESOURCE SURFACE FROM DISK
4400390.515	Test_Phase.SEQUENCE.Word	LOADING RESOURCE SURFACE FROM DISK
4410140.473	Test_Phase.SEQUENCE.Word	LOADING RESOURCE SURFACE FROM DISK
4417723.775	Test_Phase.SEQUENCE.Word	LOADING RESOURCE SURFACE FROM DISK
4424823.982	Test_Phase.SEQUENCE.Word	LOADING RESOURCE SURFACE FROM DISK
4432757.099	Test_Phase.SEQUENCE.Word	LOADING RESOURCE SURFACE FROM DISK
4440107.181	Test_Phase.SEQUENCE.Word	LOADING RESOURCE SURFACE FROM DISK
4447790.633	Test_Phase.SEQUENCE.Word	LOADING RESOURCE SURFACE FROM DISK
4456957.095	Test_Phase.SEQUENCE.Word	LOADING RESOURCE SURFACE FROM DISK
4464207.121	Test_Phase.SEQUENCE.Word	LOADING RESOURCE SURFACE FROM DISK
4471690.6	Test_Phase.SEQUENCE.Word	LOADING RESOURCE SURFACE FROM DISK
4478973.804	Test_Phase.SEQUENCE.Word	LOADING RESOURCE SURFACE FROM DISK
4487607.114	Test_Phase.SEQUENCE.Word	LOADING RESOURCE SURFACE FROM DISK
4494773.868	Test_Phase.SEQUENCE.Word	LOADING RESOURCE SURFACE FROM DISK
4502057.246	Test_Phase.SEQUENCE.Word	LOADING RESOURCE SURFACE FROM DISK
4510140.437	Test_Phase.SEQUENCE.Word	LOADING RESOURCE SURFACE FROM DISK
4518657.134	Test_Phase.SEQUENCE.Word	LOADING RESOURCE SURFACE FROM DISK
4526757.345	Test_Phase.SEQUENCE.Word	LOADING RESOURCE SURFACE FROM DISK
4533973.859	Test_Phase.SEQUENCE.Word	LOADING RESOURCE SURFACE FROM DISK
4542157.355	Test_Phase.SEQUENCE.Word	LOADING RESOURCE SURFACE FROM DISK
4549206.997	Test_Phase.SEQUENCE.Word	LOADING RESOURCE SURFACE FROM DISK
4556407.157	Test_Phase.SEQUENCE.Word	LOADING RESOURCE SURFACE FROM DISK
4564357.236	Test_Phase.SEQUENCE.Word	LOADING RESOURCE SURFACE FROM DISK
4571823.98	Test_Phase.SEQUENCE.Word	LOADING RESOURCE SURFACE FROM DISK
4581807.438	Test_Phase.SEQUENCE.Word	LOADING RESOURCE SURFACE FROM DISK
4589857.4	Test_Phase.SEQUENCE.Word	LOADING RESOURCE SURFACE FROM DISK
4597223.821	Test_Phase.SEQUENCE.Word	LOADING RESOURCE SURFACE FROM DISK
4604357.175	Test_Phase.SEQUENCE.Word	LOADING RESOURCE SURFACE FROM DISK
4612240.553	Test_Phase.SEQUENCE.Word	LOADING RESOURCE SURFACE FROM DISK
4619457.243	Test_Phase.SEQUENCE.Word	LOADING RESOURCE SURFACE FROM DISK
4626907.202	Test_Phase.SEQUENCE.Word	LOADING RESOURCE SURFACE FROM DISK
4634040.697	Test_Phase.SEQUENCE.Word	LOADING RESOURCE SURFACE FROM DISK
4641523.806	Test_Phase.SEQUENCE.Word	LOADING RESOURCE SURFACE FROM DISK
4648690.556	Test_Phase.SEQUENCE.Word	LOADING RESOURCE SURFACE FROM DISK
4655890.524	Test_Phase.SEQUENCE.Word	LOADING RESOURCE SURFACE FROM DISK
4664157.188	Test_Phase.SEQUENCE.Word	LOADING RESOURCE SURFACE FROM DISK
4671257.314	Test_Phase.SEQUENCE.Word	LOADING RESOURCE SURFACE FROM DISK
4680373.806	Test_Phase.SEQUENCE.Word	LOADING RESOURCE SURFACE FROM DISK
4687490.679	Test_Phase.SEQUENCE.Word	LOADING RESOURCE SURFACE FROM DISK
4695140.681	Test_Phase.SEQUENCE.Word	LOADING RESOURCE SURFACE FROM DISK
4703407.377	Test_Phase.SEQUENCE.Word	LOADING RESOURCE SURFACE FROM DISK
4711573.841	Test_Phase.SEQUENCE.Word	LOADING RESOURCE SURFACE FROM DISK
4720923.926	Test_Phase.SEQUENCE.Word	LOADING RESOURCE SURFACE FROM DISK
4728790.514	Test_Phase.SEQUENCE.Word	LOADING RESOURCE SURFACE FROM DISK
4736840.424	Test_Phase.SEQUENCE.Word	LOADING RESOURCE SURFACE FROM DISK
4745607.163	Test_Phase.SEQUENCE.Word	LOADING RESOURCE SURFACE FROM DISK
4753057.248	Test_Phase.SEQUENCE.Word	LOADING RESOURCE SURFACE FROM DISK
4762273.906	Test_Phase.SEQUENCE.Word	LOADING RESOURCE SURFACE FROM DISK
4769723.788	Test_Phase.SEQUENCE.Word	LOADING RESOURCE SURFACE FROM DISK
4777290.631	Test_Phase.SEQUENCE.Word	LOADING RESOURCE SURFACE FROM DISK
4784757.072	Test_Phase.SEQUENCE.Word	LOADING RESOURCE SURFACE FROM DISK
4791924.039	Test_Phase.SEQUENCE.Word	LOADING RESOURCE SURFACE FROM DISK
4799040.566	Test_Phase.SEQUENCE.Word	LOADING RESOURCE SURFACE FROM DISK
4806173.823	Test_Phase.SEQUENCE.Word	LOADING RESOURCE SURFACE FROM DISK
4813940.413	Test_Phase.SEQUENCE.Word	LOADING RESOURCE SURFACE FROM DISK
4822790.586	Test_Phase.SEQUENCE.Word	LOADING RESOURCE SURFACE FROM DISK
4830157.049	Test_Phase.SEQUENCE.Word	LOADING RESOURCE SURFACE FROM DISK
4837424.042	Test_Phase.SEQUENCE.Word	LOADING RESOURCE SURFACE FROM DISK
4845140.511	Test_Phase.SEQUENCE.Word	LOADING RESOURCE SURFACE FROM DISK
4852740.59	Test_Phase.SEQUENCE.Word	LOADING RESOURCE SURFACE FROM DISK
4860173.918	Test_Phase.SEQUENCE.Word	LOADING RESOURCE SURFACE FROM DISK
4867557.409	Test_Phase.SEQUENCE.Word	LOADING RESOURCE SURFACE FROM DISK
4874907.302	Test_Phase.SEQUENCE.Word	LOADING RESOURCE SURFACE FROM DISK
4882374.0	Test_Phase.SEQUENCE.Word	LOADING RESOURCE SURFACE FROM DISK
4890157.258	Test_Phase.SEQUENCE.Word	LOADING RESOURCE SURFACE FROM DISK
4898957.343	Test_Phase.SEQUENCE.Word	LOADING RESOURCE SURFACE FROM DISK
4906107.051	Test_Phase.SEQUENCE.Word	LOADING RESOURCE SURFACE FROM DISK
4913640.467	Test_Phase.SEQUENCE.Word	LOADING RESOURCE SURFACE FROM DISK
4920890.53	Test_Phase.SEQUENCE.Word	LOADING RESOURCE SURFACE FROM DISK
4927990.473	Test_Phase.SEQUENCE.Word	LOADING RESOURCE SURFACE FROM DISK
4935524.055	Test_Phase.SEQUENCE.Word	LOADING RESOURCE SURFACE FROM DISK
4942807.29	Test_Phase.SEQUENCE.Word	LOADING RESOURCE SURFACE FROM DISK
4950190.706	Test_Phase.SEQUENCE.Word	LOADING RESOURCE SURFACE FROM DISK
4959173.919	Test_Phase.SEQUENCE.Word	LOADING RESOURCE SURFACE FROM DISK
4967257.227	Test_Phase.SEQUENCE.Word	LOADING RESOURCE SURFACE FROM DISK
4974907.233	Test_Phase.SEQUENCE.Word	LOADING RESOURCE SURFACE FROM DISK
4982090.592	Test_Phase.SEQUENCE.Word	LOADING RESOURCE SURFACE FROM DISK
4989073.869	Test_Phase.SEQUENCE.Word	LOADING RESOURCE SURFACE FROM DISK
4997957.285	Test_Phase.SEQUENCE.Word	LOADING RESOURCE SURFACE FROM DISK
5005023.885	Test_Phase.SEQUENCE.Word	LOADING RESOURCE SURFACE FROM DISK
5012323.905	Test_Phase.SEQUENCE.Word	LOADING RESOURCE SURFACE FROM DISK
5028273.846	Test_Phase.SEQUENCE.Word	LOADING RESOURCE SURFACE FROM DISK
5035507.136	Test_Phase.SEQUENCE.Word	LOADING RESOURCE SURFACE FROM DISK
5042940.414	Test_Phase.SEQUENCE.Word	LOADING RESOURCE SURFACE FROM DISK
5051507.112	Test_Phase.SEQUENCE.Word	LOADING RESOURCE SURFACE FROM DISK
5059440.62	Test_Phase.SEQUENCE.Word	LOADING RESOURCE SURFACE FROM DISK
5067207.181	Test_Phase.SEQUENCE.Word	LOADING RESOURCE SURFACE FROM DISK
5076940.646	Test_Phase.SEQUENCE.Word	LOADING RESOURCE SURFACE FROM DISK
5084407.336	Test_Phase.SEQUENCE.Word	LOADING RESOURCE SURFACE FROM DISK
5091523.985	Test_Phase.SEQUENCE.Word	LOADING RESOURCE SURFACE FROM DISK
5098607.301	Test_Phase.SEQUENCE.Word	LOADING RESOURCE SURFACE FROM DISK
5107923.956	Test_Phase.SEQUENCE.Word	LOADING RESOURCE SURFACE FROM DISK
5115490.712	Test_Phase.SEQUENCE.Word	LOADING RESOURCE SURFACE FROM DISK
5122657.488	Test_Phase.SEQUENCE.Word	LOADING RESOURCE SURFACE FROM DISK
5130007.096	Test_Phase.SEQUENCE.Word	LOADING RESOURCE SURFACE FROM DISK
5137040.583	Test_Phase.SEQUENCE.Word	LOADING RESOURCE SURFACE FROM DISK
5146307.485	Test_Phase.SEQUENCE.Word	LOADING RESOURCE SURFACE FROM DISK
5153873.876	Test_Phase.SEQUENCE.Word	LOADING RESOURCE SURFACE FROM DISK
5161157.29	Test_Phase.SEQUENCE.Word	LOADING RESOURCE SURFACE FROM DISK
5168873.967	Test_Phase.SEQUENCE.Word	LOADING RESOURCE SURFACE FROM DISK
5177940.516	Test_Phase.SEQUENCE.Word	LOADING RESOURCE SURFACE FROM DISK
5185023.91	Test_Phase.SEQUENCE.Word	LOADING RESOURCE SURFACE FROM DISK
5192173.929	Test_Phase.SEQUENCE.Word	LOADING RESOURCE SURFACE FROM DISK
5199524.19	Test_Phase.SEQUENCE.Word	LOADING RESOURCE SURFACE FROM DISK
5206874.044	Test_Phase.SEQUENCE.Word	LOADING RESOURCE SURFACE FROM DISK
5214240.568	Test_Phase.SEQUENCE.Word	LOADING RESOURCE SURFACE FROM DISK
5221473.999	Test_Phase.SEQUENCE.Word	LOADING RESOURCE SURFACE FROM DISK
5229173.912	Test_Phase.SEQUENCE.Word	LOADING RESOURCE SURFACE FROM DISK
5236523.871	Test_Phase.SEQUENCE.Word	LOADING RESOURCE SURFACE FROM DISK
5243723.88	Test_Phase.SEQUENCE.Word	LOADING RESOURCE SURFACE FROM DISK
5250907.322	Test_Phase.SEQUENCE.Word	LOADING RESOURCE SURFACE FROM DISK
5257923.991	Test_Phase.SEQUENCE.Word	LOADING RESOURCE SURFACE FROM DISK
5265023.9	Test_Phase.SEQUENCE.Word	LOADING RESOURCE SURFACE FROM DISK
5272240.414	Test_Phase.SEQUENCE.Word	LOADING RESOURCE SURFACE FROM DISK
5279790.74	Test_Phase.SEQUENCE.Word	LOADING RESOURCE SURFACE FROM DISK
5286957.323	Test_Phase.SEQUENCE.Word	LOADING RESOURCE SURFACE FROM DISK
5294107.092	Test_Phase.SEQUENCE.Word	LOADING RESOURCE SURFACE FROM DISK
5301207.102	Test_Phase.SEQUENCE.Word	LOADING RESOURCE SURFACE FROM DISK
5308273.849	Test_Phase.SEQUENCE.Word	LOADING RESOURCE SURFACE FROM DISK
5315473.846	Test_Phase.SEQUENCE.Word	LOADING RESOURCE SURFACE FROM DISK
5324540.445	Test_Phase.SEQUENCE.Word	LOADING RESOURCE SURFACE FROM DISK
5333123.974	Test_Phase.SEQUENCE.Word	LOADING RESOURCE SURFACE FROM DISK
5340390.575	Test_Phase.SEQUENCE.Word	LOADING RESOURCE SURFACE FROM DISK
5347790.56	Test_Phase.SEQUENCE.Word	LOADING RESOURCE SURFACE FROM DISK
5356073.832	Test_Phase.SEQUENCE.Word	LOADING RESOURCE SURFACE FROM DISK
5363290.656	Test_Phase.SEQUENCE.Word	LOADING RESOURCE SURFACE FROM DISK
5370807.275	Test_Phase.SEQUENCE.Word	LOADING RESOURCE SURFACE FROM DISK
5377940.615	Test_Phase.SEQUENCE.Word	LOADING RESOURCE SURFACE FROM DISK
5385057.116	Test_Phase.SEQUENCE.Word	LOADING RESOURCE SURFACE FROM DISK
5392173.932	Test_Phase.SEQUENCE.Word	LOADING RESOURCE SURFACE FROM DISK
5399573.816	Test_Phase.SEQUENCE.Word	LOADING RESOURCE SURFACE FROM DISK
5407207.168	Test_Phase.SEQUENCE.Word	LOADING RESOURCE SURFACE FROM DISK
5414573.882	Test_Phase.SEQUENCE.Word	LOADING RESOURCE SURFACE FROM DISK
5422540.54	Test_Phase.SEQUENCE.Word	LOADING RESOURCE SURFACE FROM DISK
5429823.972	Test_Phase.SEQUENCE.Word	LOADING RESOURCE SURFACE FROM DISK
5437007.239	Test_Phase.SEQUENCE.Word	LOADING RESOURCE SURFACE FROM DISK
5444140.696	Test_Phase.SEQUENCE.Word	LOADING RESOURCE SURFACE FROM DISK
5451557.334	Test_Phase.SEQUENCE.Word	LOADING RESOURCE SURFACE FROM DISK
5459407.38	Test_Phase.SEQUENCE.Word	LOADING RESOURCE SURFACE FROM DISK
5467823.918	Test_Phase.SEQUENCE.Word	LOADING RESOURCE SURFACE FROM DISK
5475307.12	Test_Phase.SEQUENCE.Word	LOADING RESOURCE SURFACE FROM DISK
5484740.679	Test_Phase.SEQUENCE.Word	LOADING RESOURCE SURFACE FROM DISK
5495490.573	Test_Phase.SEQUENCE.Word	LOADING RESOURCE SURFACE FROM DISK
5503640.672	Test_Phase.SEQUENCE.Word	LOADING RESOURCE SURFACE FROM DISK
5510673.775	Test_Phase.SEQUENCE.Word	LOADING RESOURCE SURFACE FROM DISK
5517740.578	Test_Phase.SEQUENCE.Word	LOADING RESOURCE SURFACE FROM DISK
5525107.195	Test_Phase.SEQUENCE.Word	LOADING RESOURCE SURFACE FROM DISK
5532874.024	Test_Phase.SEQUENCE.Word	LOADING RESOURCE SURFACE FROM DISK
5541557.104	Test_Phase.SEQUENCE.Word	LOADING RESOURCE SURFACE FROM DISK
5548607.077	Test_Phase.SEQUENCE.Word	LOADING RESOURCE SURFACE FROM DISK
5555990.729	Test_Phase.SEQUENCE.Word	LOADING RESOURCE SURFACE FROM DISK
5563223.735	Test_Phase.SEQUENCE.Word	LOADING RESOURCE SURFACE FROM DISK
5570540.449	Test_Phase.SEQUENCE.Word	LOADING RESOURCE SURFACE FROM DISK
5579823.982	Test_Phase.SEQUENCE.Word	LOADING RESOURCE SURFACE FROM DISK
5587023.939	Test_Phase.SEQUENCE.Word	LOADING RESOURCE SURFACE FROM DISK
5590573.548	DISPLAY_SCREEN	LOADING RESOURCE SURFACE FROM DISK
